<?xml version="1.0" encoding="UTF-8"?>
<testsuites name="PR-369_TestSuite" time="500.074" tests="1" failures="0" errors="0">
   <testsuite name="PR-369_TestSuite" tests="1" failures="0" errors="0" time="500.074" timestamp="2020-09-09 09:52:06" hostname="Aaron-PC - host.docker.internal" id="Test Suites/V2/Tests/PR-369 - EditMeetingAgenda/PR-369_TestSuite">
      <properties>
         <property name="deviceName" value=""/>
         <property name="devicePlatform" value=""/>
         <property name="logFolder" value="C:\\Users\\Aaron-PC\\git\\TractionTools\\Reports\\20200909_095205\\V2\\Tests\\PR-369 - EditMeetingAgenda\\PR-369_TestSuite\\20200909_095205"/>
         <property name="logFiles" value="C:\\Users\\Aaron-PC\\git\\TractionTools\\Reports\\20200909_095205\\V2\\Tests\\PR-369 - EditMeetingAgenda\\PR-369_TestSuite\\20200909_095205\\execution0.log"/>
         <property name="attachments" value=""/>
         <property name="hostName" value="Aaron-PC - host.docker.internal"/>
         <property name="os" value="Windows 10 64bit"/>
         <property name="katalonVersion" value="7.6.6.205"/>
         <property name="browser" value="Chrome 85.0.4183.83"/>
         <property name="hostAddress" value="192.168.1.48"/>
         <property name="sessionId" value="dca67e868c93dd74eccf08af1a30b926"/>
         <property name="seleniumVersion" value="3.141.59"/>
         <property name="proxyInformation" value="ProxyInformation { proxyOption=NO_PROXY, proxyServerType=HTTP, username=, password=********, proxyServerAddress=, proxyServerPort=0, executionList=&quot;&quot;, isApplyToDesiredCapabilities=true }"/>
         <property name="platform" value="Windows 10"/>
      </properties>
      <testcase name="Test Cases/V2/Test Case/Tests/PR-369 - EditMeetingAgenda/Test Cases/Positive/TT_369_6_EditScorecard_AllTestCase" time="499.507" classname="Test Cases/V2/Test Case/Tests/PR-369 - EditMeetingAgenda/Test Cases/Positive/TT_369_6_EditScorecard_AllTestCase" status="PASSED">
         <system-out><![CDATA[2020-09-09 09:52:07 - [TEST_CASE][PASSED] - Test Cases/V2/Test Case/Tests/PR-369 - EditMeetingAgenda/Test Cases/Positive/TT_369_6_EditScorecard_AllTestCase: Test Cases/V2/Test Case/Tests/PR-369 - EditMeetingAgenda/Test Cases/Positive/TT_369_6_EditScorecard_AllTestCase

2020-09-09 09:52:07 - [TEST_STEP][PASSED] - callTestCase(findTestCase("V2/Test Case/Pre-conditions/PRE_RegisterAndActivateTTUsers"), ["admin_fname":admin_fname, "lastname":lastname, "phonenumber":"9999999999", "company":"Traction Tools", "password":password, ... ], STOP_ON_FAILURE): Call Test Case 'Test Cases/V2/Test Case/Pre-conditions/PRE_RegisterAndActivateTTUsers' successfully

2020-09-09 09:52:07 - [TEST_CASE][PASSED] - Test Cases/V2/Test Case/Pre-conditions/PRE_RegisterAndActivateTTUsers: Test Cases/V2/Test Case/Pre-conditions/PRE_RegisterAndActivateTTUsers

2020-09-09 09:52:07 - [TEST_STEP][PASSED] - email = tt_CustomKeywords.CustomKeywords.GenerateRandomEmailAddress(admin_email_prefix, admin_email_domain, randomTextLength): Successfully generated a random email: tractiontools.user001+ta55i2gk@gmail.com

2020-09-09 09:52:07 - [MESSAGE][PASSED] - Successfully generated a random email: tractiontools.user001+ta55i2gk@gmail.com

2020-09-09 09:52:07 - [TEST_STEP][PASSED] - supervisor_email = tt_CustomKeywords.CustomKeywords.GenerateRandomEmailAddress(supervisor_email_prefix, supervisor_email_domain, randomTextLength): Successfully generated a random email: tractiontools.user001+ts5mfu44@gmail.com

2020-09-09 09:52:07 - [MESSAGE][PASSED] - Successfully generated a random email: tractiontools.user001+ts5mfu44@gmail.com

2020-09-09 09:52:07 - [TEST_STEP][PASSED] - employee_email = tt_CustomKeywords.CustomKeywords.GenerateRandomEmailAddress(employee_email_prefix, employee_email_domain, randomTextLength): Successfully generated a random email: tractiontools.user001+te5lrmge@gmail.com

2020-09-09 09:52:07 - [MESSAGE][PASSED] - Successfully generated a random email: tractiontools.user001+te5lrmge@gmail.com

2020-09-09 09:52:07 - [TEST_STEP][PASSED] - adminDetails = tt_CustomKeywords.CustomKeywords.RegisterUserViaAPIAndGenerateActivateURL(email, admin_fname, lastname, phonenumber, company, "__JSON__{\"howDidYouHearAboutUs\":\"Facebook\",\"implementer\":\"\",\"existingTractionToolsClient\":\"\",\"other\":\"\"}", "__JSON__{\"timeZone\":\"America/Guatemala\",\"brandColor\":\"#023047\",\"q1Start\":null,\"q1End\":null,\"q2Start\":null,\"q2End\":null,\"q3Start\":null,\"q3End\":null,\"q4Start\":null,\"q4End\":null,\"quarterDatesSetsRocks\":false,\"exportUsers\":false,\"exportRocks\":false,\"exportRocksIncludesMilestones\":false,\"exportScorecards\":false,\"exportTodos\":false,\"exportTodosIncludesNotes\":false,\"exportPeopleHeadlines\":false,\"exportPeopleHeadlinesIncludesNotes\":false,\"exportIssues\":false,\"exportIssuesIncludesNotes\":false,\"exportContextAwareTodos\":false,\"dateFormat\":\"MM/DD/YYYY\",\"timeFormat\":\"h:mma\",\"numberFormat\":\"-1,000.99\",\"supervisorsArchiveRestoreUsers\":false,\"supervisorsEditPositions\":false,\"milestonesAvailableToAll\":false,\"customMeetingTemplatesEnabled\":false,\"receiveTodoReminders\":false,\"todoReminderTime\":\"13:00\",\"todoReminderTimeZone\":\"America/Guatemala\",\"todoReminderFrequency\":\"DAILY\",\"vtoMeetingId\":\"\",\"vtoDisplayMode\":\"ALL\",\"coreValues\":[{\"id\":\"1\",\"text\":\"\"},{\"id\":\"2\",\"text\":\"\"},{\"id\":\"3\",\"text\":\"\"}]}", password, V2Url): SUCCESFFULLY registered a new user via API. 
 Generated Activation Link: 
https://v2dev.traction.tools/activate?activationKey=3db7f88a-851e-4cca-8466-5fb7741ea11c&userId=2430f542-66f6-46f2-b1fb-9c592c049243&orgId=5670e162-7490-4382-bd27-1ed35aa2f980&email=tractiontools.user001+ta55i2gk@gmail.com&teamsId=27fe7735-bee6-47d5-b7f5-bd1b89dc1879&meetingsId=61fb9230-77b2-43c2-9993-889d32dec5df&adminsId=5789fe58-4c8a-4f3e-984e-5fb6f37147c1&usersId=cb7a467c-f7cc-41b9-b224-de557631877d&supervisorsId=693d1041-4e9d-4120-903e-a32c56c608b4&accountabilityChartId=ed26758f-13b7-416c-807d-11572379b2c9&isCreator=1

2020-09-09 09:52:26 - [MESSAGE][PASSED] - SUCCESFFULLY registered a new user via API. 
 Generated Activation Link: 
https://v2dev.traction.tools/activate?activationKey=3db7f88a-851e-4cca-8466-5fb7741ea11c&userId=2430f542-66f6-46f2-b1fb-9c592c049243&orgId=5670e162-7490-4382-bd27-1ed35aa2f980&email=tractiontools.user001+ta55i2gk@gmail.com&teamsId=27fe7735-bee6-47d5-b7f5-bd1b89dc1879&meetingsId=61fb9230-77b2-43c2-9993-889d32dec5df&adminsId=5789fe58-4c8a-4f3e-984e-5fb6f37147c1&usersId=cb7a467c-f7cc-41b9-b224-de557631877d&supervisorsId=693d1041-4e9d-4120-903e-a32c56c608b4&accountabilityChartId=ed26758f-13b7-416c-807d-11572379b2c9&isCreator=1

2020-09-09 09:52:26 - [TEST_STEP][PASSED] - activationURL = adminDetails[0]: null

2020-09-09 09:52:26 - [TEST_STEP][PASSED] - orgID = adminDetails[1]: null

2020-09-09 09:52:26 - [TEST_STEP][PASSED] - out.println("URL: " + activationURL): null

2020-09-09 09:52:26 - [TEST_STEP][PASSED] - out.println("orgID: " + orgID): null

2020-09-09 09:52:26 - [TEST_STEP][PASSED] - supervisorUser_name = supervisor_fname + " " + lastname: null

2020-09-09 09:52:26 - [TEST_STEP][PASSED] - openBrowser(""): Browser is opened with url: ''

2020-09-09 09:52:26 - [MESSAGE][INFO] - Starting 'Chrome' driver

2020-09-09 09:52:26 - [MESSAGE][INFO] - Action delay is set to 0 milliseconds

2020-09-09 09:52:30 - [MESSAGE][PASSED] - Browser is opened with url: ''

2020-09-09 09:52:30 - [TEST_STEP][PASSED] - maximizeWindow(): Current window maximized

2020-09-09 09:52:32 - [MESSAGE][PASSED] - Current window maximized

2020-09-09 09:52:32 - [TEST_STEP][PASSED] - callTestCase(findTestCase("V2/Test Case/Pre-conditions/PRE_ActivateNewUser"), ["activationURL":activationURL, "email":email, "password":password], STOP_ON_FAILURE): Call Test Case 'Test Cases/V2/Test Case/Pre-conditions/PRE_ActivateNewUser' successfully

2020-09-09 09:52:32 - [TEST_CASE][PASSED] - Test Cases/V2/Test Case/Pre-conditions/PRE_ActivateNewUser: Test Cases/V2/Test Case/Pre-conditions/PRE_ActivateNewUser

2020-09-09 09:52:32 - [TEST_STEP][PASSED] - navigateToUrl(activationURL): Navigate to 'https://v2dev.traction.tools/activate?activationKey=3db7f88a-851e-4cca-8466-5fb7741ea11c&userId=2430f542-66f6-46f2-b1fb-9c592c049243&orgId=5670e162-7490-4382-bd27-1ed35aa2f980&email=tractiontools.user001+ta55i2gk@gmail.com&teamsId=27fe7735-bee6-47d5-b7f5-bd1b89dc1879&meetingsId=61fb9230-77b2-43c2-9993-889d32dec5df&adminsId=5789fe58-4c8a-4f3e-984e-5fb6f37147c1&usersId=cb7a467c-f7cc-41b9-b224-de557631877d&supervisorsId=693d1041-4e9d-4120-903e-a32c56c608b4&accountabilityChartId=ed26758f-13b7-416c-807d-11572379b2c9&isCreator=1' successfully

2020-09-09 09:52:33 - [MESSAGE][PASSED] - Navigate to 'https://v2dev.traction.tools/activate?activationKey=3db7f88a-851e-4cca-8466-5fb7741ea11c&userId=2430f542-66f6-46f2-b1fb-9c592c049243&orgId=5670e162-7490-4382-bd27-1ed35aa2f980&email=tractiontools.user001+ta55i2gk@gmail.com&teamsId=27fe7735-bee6-47d5-b7f5-bd1b89dc1879&meetingsId=61fb9230-77b2-43c2-9993-889d32dec5df&adminsId=5789fe58-4c8a-4f3e-984e-5fb6f37147c1&usersId=cb7a467c-f7cc-41b9-b224-de557631877d&supervisorsId=693d1041-4e9d-4120-903e-a32c56c608b4&accountabilityChartId=ed26758f-13b7-416c-807d-11572379b2c9&isCreator=1' successfully

2020-09-09 09:52:33 - [TEST_STEP][PASSED] - waitForElementVisible(findTestObject("V2/Commons/ActivationPage/input_Email_email"), DefaultTimeout): Object 'Object Repository/V2/Commons/ActivationPage/input_Email_email' is visible

2020-09-09 09:52:42 - [MESSAGE][PASSED] - Object 'Object Repository/V2/Commons/ActivationPage/input_Email_email' is visible

2020-09-09 09:52:42 - [TEST_STEP][PASSED] - actual_email = getAttribute(findTestObject("Object Repository/V2/Commons/ActivationPage/input_Email_email"), "value"): Attribute 'value' of object 'Object Repository/V2/Commons/ActivationPage/input_Email_email' is: 'tractiontools.user001+ta55i2gk@gmail.com'

2020-09-09 09:52:42 - [MESSAGE][PASSED] - Attribute 'value' of object 'Object Repository/V2/Commons/ActivationPage/input_Email_email' is: 'tractiontools.user001+ta55i2gk@gmail.com'

2020-09-09 09:52:42 - [TEST_STEP][PASSED] - verifyMatch(actual_email, email, false): Actual text 'tractiontools.user001+ta55i2gk@gmail.com' and expected text 'tractiontools.user001+ta55i2gk@gmail.com' are matched 

2020-09-09 09:52:42 - [MESSAGE][PASSED] - Actual text 'tractiontools.user001+ta55i2gk@gmail.com' and expected text 'tractiontools.user001+ta55i2gk@gmail.com' are matched 

2020-09-09 09:52:42 - [TEST_STEP][PASSED] - setText(findTestObject("V2/Commons/ActivationPage/input_password"), password): Text 'Qwer123!' is set on object 'Object Repository/V2/Commons/ActivationPage/input_password'

2020-09-09 09:52:42 - [MESSAGE][PASSED] - Text 'Qwer123!' is set on object 'Object Repository/V2/Commons/ActivationPage/input_password'

2020-09-09 09:52:42 - [TEST_STEP][PASSED] - setText(findTestObject("Object Repository/V2/Commons/ActivationPage/input__passwordRepeat"), password): Text 'Qwer123!' is set on object 'Object Repository/V2/Commons/ActivationPage/input__passwordRepeat'

2020-09-09 09:52:43 - [MESSAGE][PASSED] - Text 'Qwer123!' is set on object 'Object Repository/V2/Commons/ActivationPage/input__passwordRepeat'

2020-09-09 09:52:43 - [TEST_STEP][PASSED] - click(findTestObject("V2/Commons/ActivationPage/input_termsandconditions")): Object: 'Object Repository/V2/Commons/ActivationPage/input_termsandconditions' is clicked on

2020-09-09 09:52:44 - [MESSAGE][PASSED] - Object: 'Object Repository/V2/Commons/ActivationPage/input_termsandconditions' is clicked on

2020-09-09 09:52:44 - [TEST_STEP][PASSED] - click(findTestObject("Object Repository/V2/Commons/ActivationPage/div_Create account")): Object: 'Object Repository/V2/Commons/ActivationPage/div_Create account' is clicked on

2020-09-09 09:52:44 - [MESSAGE][PASSED] - Object: 'Object Repository/V2/Commons/ActivationPage/div_Create account' is clicked on

2020-09-09 09:52:44 - [TEST_STEP][PASSED] - waitForElementPresent(findTestObject("V2/Commons/DasboardPage_SidebarMenu/img_Home_logo-big"), DefaultTimeout): Object 'Object Repository/V2/Commons/DasboardPage_SidebarMenu/img_Home_logo-big' is present

2020-09-09 09:52:56 - [MESSAGE][PASSED] - Object 'Object Repository/V2/Commons/DasboardPage_SidebarMenu/img_Home_logo-big' is present

2020-09-09 09:52:56 - [TEST_STEP][PASSED] - verifyElementPresent(findTestObject("V2/Commons/DasboardPage_SidebarMenu/img_Home_logo-big"), 0): Object 'Object Repository/V2/Commons/DasboardPage_SidebarMenu/img_Home_logo-big' is present

2020-09-09 09:52:56 - [MESSAGE][WARNING] - Timeout '0' is invalid. Using default page load timeout: '30'

2020-09-09 09:52:57 - [MESSAGE][PASSED] - Object 'Object Repository/V2/Commons/DasboardPage_SidebarMenu/img_Home_logo-big' is present

2020-09-09 09:52:57 - [MESSAGE][PASSED] - Call Test Case 'Test Cases/V2/Test Case/Pre-conditions/PRE_ActivateNewUser' successfully

2020-09-09 09:52:57 - [TEST_STEP][PASSED] - callTestCase(findTestCase("V2/Test Case/Pre-conditions/PRE_SkipCompanyAndPersonalProfileSetup"), [:], STOP_ON_FAILURE): Call Test Case 'Test Cases/V2/Test Case/Pre-conditions/PRE_SkipCompanyAndPersonalProfileSetup' successfully

2020-09-09 09:52:57 - [TEST_CASE][PASSED] - Test Cases/V2/Test Case/Pre-conditions/PRE_SkipCompanyAndPersonalProfileSetup: Test Cases/V2/Test Case/Pre-conditions/PRE_SkipCompanyAndPersonalProfileSetup

2020-09-09 09:52:57 - [TEST_STEP][PASSED] - waitForElementVisible(findTestObject("V2/Commons/FirstUpdateCompanyAndPersonalInfoModal/confirmCompanyInfoHeader_h1"), DefaultTimeout): Object 'Object Repository/V2/Commons/FirstUpdateCompanyAndPersonalInfoModal/confirmCompanyInfoHeader_h1' is visible

2020-09-09 09:52:58 - [MESSAGE][PASSED] - Object 'Object Repository/V2/Commons/FirstUpdateCompanyAndPersonalInfoModal/confirmCompanyInfoHeader_h1' is visible

2020-09-09 09:52:58 - [TEST_STEP][PASSED] - click(findTestObject("V2/Commons/FirstUpdateCompanyAndPersonalInfoModal/confirmInfoSkip_button")): Object: 'Object Repository/V2/Commons/FirstUpdateCompanyAndPersonalInfoModal/confirmInfoSkip_button' is clicked on

2020-09-09 09:52:58 - [MESSAGE][PASSED] - Object: 'Object Repository/V2/Commons/FirstUpdateCompanyAndPersonalInfoModal/confirmInfoSkip_button' is clicked on

2020-09-09 09:52:58 - [TEST_STEP][PASSED] - waitForElementVisible(findTestObject("V2/Commons/FirstUpdateCompanyAndPersonalInfoModal/confirmPersonalInfoHeader_h1"), DefaultTimeout): Object 'Object Repository/V2/Commons/FirstUpdateCompanyAndPersonalInfoModal/confirmPersonalInfoHeader_h1' is visible

2020-09-09 09:52:59 - [MESSAGE][PASSED] - Object 'Object Repository/V2/Commons/FirstUpdateCompanyAndPersonalInfoModal/confirmPersonalInfoHeader_h1' is visible

2020-09-09 09:52:59 - [TEST_STEP][PASSED] - click(findTestObject("V2/Commons/FirstUpdateCompanyAndPersonalInfoModal/confirmInfoSkip_button")): Object: 'Object Repository/V2/Commons/FirstUpdateCompanyAndPersonalInfoModal/confirmInfoSkip_button' is clicked on

2020-09-09 09:52:59 - [MESSAGE][PASSED] - Object: 'Object Repository/V2/Commons/FirstUpdateCompanyAndPersonalInfoModal/confirmInfoSkip_button' is clicked on

2020-09-09 09:52:59 - [TEST_STEP][PASSED] - waitForElementVisible(findTestObject("V2/Commons/FirstUpdateCompanyAndPersonalInfoModal/letsGetStarted_button"), DefaultTimeout): Object 'Object Repository/V2/Commons/FirstUpdateCompanyAndPersonalInfoModal/letsGetStarted_button' is visible

2020-09-09 09:53:00 - [MESSAGE][PASSED] - Object 'Object Repository/V2/Commons/FirstUpdateCompanyAndPersonalInfoModal/letsGetStarted_button' is visible

2020-09-09 09:53:00 - [TEST_STEP][PASSED] - click(findTestObject("V2/Commons/FirstUpdateCompanyAndPersonalInfoModal/letsGetStarted_button")): Object: 'Object Repository/V2/Commons/FirstUpdateCompanyAndPersonalInfoModal/letsGetStarted_button' is clicked on

2020-09-09 09:53:00 - [MESSAGE][PASSED] - Object: 'Object Repository/V2/Commons/FirstUpdateCompanyAndPersonalInfoModal/letsGetStarted_button' is clicked on

2020-09-09 09:53:00 - [MESSAGE][PASSED] - Call Test Case 'Test Cases/V2/Test Case/Pre-conditions/PRE_SkipCompanyAndPersonalProfileSetup' successfully

2020-09-09 09:53:00 - [TEST_STEP][PASSED] - supervisor_activationURL = tt_CustomKeywords.CustomKeywords.RegisterAndActivateSupervisorUserViaAPI(V2Url, orgID, supervisor_email, password, email, password, supervisor_fname, lastname): SUCCESFFULLY registered a new user via API. 
 Generated Activation Link: 
https://v2dev.traction.tools/activate?activationKey=ea52e33e-914c-4b6e-941b-62dfb8e342cc&userId=e263e06c-bcec-468d-98ec-d4c2d6b5b345&orgId=5670e162-7490-4382-bd27-1ed35aa2f980&email=tractiontools.user001+ts5mfu44@gmail.com&isCreator=0

2020-09-09 09:53:06 - [MESSAGE][PASSED] - SUCCESFFULLY registered a new user via API. 
 Generated Activation Link: 
https://v2dev.traction.tools/activate?activationKey=ea52e33e-914c-4b6e-941b-62dfb8e342cc&userId=e263e06c-bcec-468d-98ec-d4c2d6b5b345&orgId=5670e162-7490-4382-bd27-1ed35aa2f980&email=tractiontools.user001+ts5mfu44@gmail.com&isCreator=0

2020-09-09 09:53:06 - [TEST_STEP][PASSED] - callTestCase(findTestCase("V2/Test Case/Pre-conditions/PRE_ChangeUserPermissionViaManageUser"), ["showMenuItemsPath":"//div[@class='usercard__detail_container']/div[text()='%s']/ancestor::div[contains(@class,'usercard__content')]//button[@aria-label='Show Menu Items']", "user_email":supervisor_email, ... ], STOP_ON_FAILURE): Call Test Case 'Test Cases/V2/Test Case/Pre-conditions/PRE_ChangeUserPermissionViaManageUser' successfully

2020-09-09 09:53:06 - [TEST_CASE][PASSED] - Test Cases/V2/Test Case/Pre-conditions/PRE_ChangeUserPermissionViaManageUser: Test Cases/V2/Test Case/Pre-conditions/PRE_ChangeUserPermissionViaManageUser

2020-09-09 09:53:06 - [TEST_STEP][PASSED] - click(findTestObject("Object Repository/V2/Commons/ManageUsersPage/span_Company Settings")): Object: 'Object Repository/V2/Commons/ManageUsersPage/span_Company Settings' is clicked on

2020-09-09 09:53:07 - [MESSAGE][PASSED] - Object: 'Object Repository/V2/Commons/ManageUsersPage/span_Company Settings' is clicked on

2020-09-09 09:53:07 - [TEST_STEP][PASSED] - click(findTestObject("V2/Commons/DasboardPage_SidebarMenu/a_Manage Users")): Object: 'Object Repository/V2/Commons/DasboardPage_SidebarMenu/a_Manage Users' is clicked on

2020-09-09 09:53:07 - [MESSAGE][PASSED] - Object: 'Object Repository/V2/Commons/DasboardPage_SidebarMenu/a_Manage Users' is clicked on

2020-09-09 09:53:07 - [TEST_STEP][PASSED] - showMenuItemsObj = tt_CustomKeywords.CustomKeywords.CreateDynamicElement(showMenuItemsPath, user_email, "xpath"): Successfully created new dynamic object: //div[@class='usercard__detail_container']/div[text()='tractiontools.user001+ts5mfu44@gmail.com']/ancestor::div[contains(@class,'usercard__content')]//button[@aria-label='Show Menu Items']

2020-09-09 09:53:07 - [MESSAGE][PASSED] - Successfully created new dynamic object: //div[@class='usercard__detail_container']/div[text()='tractiontools.user001+ts5mfu44@gmail.com']/ancestor::div[contains(@class,'usercard__content')]//button[@aria-label='Show Menu Items']

2020-09-09 09:53:07 - [TEST_STEP][PASSED] - click(showMenuItemsObj): Object: '' is clicked on

2020-09-09 09:53:08 - [MESSAGE][PASSED] - Object: '' is clicked on

2020-09-09 09:53:08 - [TEST_STEP][PASSED] - click(findTestObject("Object Repository/V2/Commons/ManageUsersPage/div_Edit user")): Object: 'Object Repository/V2/Commons/ManageUsersPage/div_Edit user' is clicked on

2020-09-09 09:53:09 - [MESSAGE][PASSED] - Object: 'Object Repository/V2/Commons/ManageUsersPage/div_Edit user' is clicked on

2020-09-09 09:53:09 - [TEST_STEP][PASSED] - verifyElementPresent(findTestObject("V2/Commons/ManageUsersPage/div_PositionTitle"), DefaultTimeout): Object 'Object Repository/V2/Commons/ManageUsersPage/div_PositionTitle' is present

2020-09-09 09:53:09 - [MESSAGE][PASSED] - Object 'Object Repository/V2/Commons/ManageUsersPage/div_PositionTitle' is present

2020-09-09 09:53:09 - [TEST_STEP][PASSED] - setText(findTestObject("V2/Commons/ManageUsersPage/position_title_input"), position_title): Text 'QA Manager' is set on object 'Object Repository/V2/Commons/ManageUsersPage/position_title_input'

2020-09-09 09:53:10 - [MESSAGE][PASSED] - Text 'QA Manager' is set on object 'Object Repository/V2/Commons/ManageUsersPage/position_title_input'

2020-09-09 09:53:10 - [TEST_STEP][PASSED] - sendKeys(findTestObject("V2/Commons/ManageUsersPage/position_title_input"), Keys.chord(ENTER)): Keys 'ENTER + ' sent to object: 'Object Repository/V2/Commons/ManageUsersPage/position_title_input'

2020-09-09 09:53:10 - [MESSAGE][PASSED] - Keys 'ENTER + ' sent to object: 'Object Repository/V2/Commons/ManageUsersPage/position_title_input'

2020-09-09 09:53:10 - [TEST_STEP][PASSED] - if (permissionValue == "Employee"): null

2020-09-09 09:53:10 - [TEST_STEP][PASSED] - verifyElementPresent(findTestObject("Object Repository/V2/Commons/ManageUsersPage/div_User type"), DefaultTimeout): Object 'Object Repository/V2/Commons/ManageUsersPage/div_User type' is present

2020-09-09 09:53:11 - [MESSAGE][PASSED] - Object 'Object Repository/V2/Commons/ManageUsersPage/div_User type' is present

2020-09-09 09:53:11 - [TEST_STEP][PASSED] - click(findTestObject("Object Repository/V2/Commons/ManageUsersPage/input__orgRole")): Object: 'Object Repository/V2/Commons/ManageUsersPage/input__orgRole' is clicked on

2020-09-09 09:53:11 - [MESSAGE][PASSED] - Object: 'Object Repository/V2/Commons/ManageUsersPage/input__orgRole' is clicked on

2020-09-09 09:53:11 - [TEST_STEP][PASSED] - roleOptionObj = tt_CustomKeywords.CustomKeywords.CreateDynamicElement(roleOption, permissionValue, "xpath"): Successfully created new dynamic object: //span[text()='Supervisor']/parent::div[@role='option']

2020-09-09 09:53:11 - [MESSAGE][PASSED] - Successfully created new dynamic object: //span[text()='Supervisor']/parent::div[@role='option']

2020-09-09 09:53:11 - [TEST_STEP][PASSED] - click(roleOptionObj): Object: '' is clicked on

2020-09-09 09:53:12 - [MESSAGE][PASSED] - Object: '' is clicked on

2020-09-09 09:53:12 - [TEST_STEP][PASSED] - click(findTestObject("Object Repository/V2/Commons/ManageUsersPage/div_Save")): Object: 'Object Repository/V2/Commons/ManageUsersPage/div_Save' is clicked on

2020-09-09 09:53:12 - [MESSAGE][PASSED] - Object: 'Object Repository/V2/Commons/ManageUsersPage/div_Save' is clicked on

2020-09-09 09:53:12 - [TEST_STEP][PASSED] - waitForElementVisible(findTestObject("V2/Commons/ManageUsersPage/h3_User Saved"), DefaultTimeout): Object 'Object Repository/V2/Commons/ManageUsersPage/h3_User Saved' is visible

2020-09-09 09:53:22 - [MESSAGE][PASSED] - Object 'Object Repository/V2/Commons/ManageUsersPage/h3_User Saved' is visible

2020-09-09 09:53:22 - [TEST_STEP][PASSED] - verifyElementVisible(findTestObject("Object Repository/V2/Commons/ManageUsersPage/h3_User Saved")): Object 'Object Repository/V2/Commons/ManageUsersPage/h3_User Saved' is visible

2020-09-09 09:53:23 - [MESSAGE][PASSED] - Object 'Object Repository/V2/Commons/ManageUsersPage/h3_User Saved' is visible

2020-09-09 09:53:23 - [MESSAGE][PASSED] - Call Test Case 'Test Cases/V2/Test Case/Pre-conditions/PRE_ChangeUserPermissionViaManageUser' successfully

2020-09-09 09:53:23 - [TEST_STEP][PASSED] - employee_activationURL = tt_CustomKeywords.CustomKeywords.RegisterAndActivateSupervisorUserViaAPI(V2Url, orgID, employee_email, password, email, password, employee_fname, lastname): SUCCESFFULLY registered a new user via API. 
 Generated Activation Link: 
https://v2dev.traction.tools/activate?activationKey=5f6b342a-da04-4328-9afa-9346f417e842&userId=f5564111-8071-486f-b0ff-a826fd2ec466&orgId=5670e162-7490-4382-bd27-1ed35aa2f980&email=tractiontools.user001+te5lrmge@gmail.com&isCreator=0

2020-09-09 09:53:28 - [MESSAGE][PASSED] - SUCCESFFULLY registered a new user via API. 
 Generated Activation Link: 
https://v2dev.traction.tools/activate?activationKey=5f6b342a-da04-4328-9afa-9346f417e842&userId=f5564111-8071-486f-b0ff-a826fd2ec466&orgId=5670e162-7490-4382-bd27-1ed35aa2f980&email=tractiontools.user001+te5lrmge@gmail.com&isCreator=0

2020-09-09 09:53:28 - [TEST_STEP][PASSED] - callTestCase(findTestCase("V2/Test Case/Pre-conditions/PRE_ChangeUserPermissionViaManageUser"), ["showMenuItemsPath":"//div[@class='usercard__detail_container']/div[text()='%s']/ancestor::div[contains(@class,'usercard__content')]//button[@aria-label='Show Menu Items']", "user_email":employee_email, ... ], STOP_ON_FAILURE): Call Test Case 'Test Cases/V2/Test Case/Pre-conditions/PRE_ChangeUserPermissionViaManageUser' successfully

2020-09-09 09:53:28 - [TEST_CASE][PASSED] - Test Cases/V2/Test Case/Pre-conditions/PRE_ChangeUserPermissionViaManageUser: Test Cases/V2/Test Case/Pre-conditions/PRE_ChangeUserPermissionViaManageUser

2020-09-09 09:53:28 - [TEST_STEP][PASSED] - click(findTestObject("Object Repository/V2/Commons/ManageUsersPage/span_Company Settings")): Object: 'Object Repository/V2/Commons/ManageUsersPage/span_Company Settings' is clicked on

2020-09-09 09:53:29 - [MESSAGE][PASSED] - Object: 'Object Repository/V2/Commons/ManageUsersPage/span_Company Settings' is clicked on

2020-09-09 09:53:29 - [TEST_STEP][PASSED] - click(findTestObject("V2/Commons/DasboardPage_SidebarMenu/a_Manage Users")): Object: 'Object Repository/V2/Commons/DasboardPage_SidebarMenu/a_Manage Users' is clicked on

2020-09-09 09:53:29 - [MESSAGE][PASSED] - Object: 'Object Repository/V2/Commons/DasboardPage_SidebarMenu/a_Manage Users' is clicked on

2020-09-09 09:53:29 - [TEST_STEP][PASSED] - showMenuItemsObj = tt_CustomKeywords.CustomKeywords.CreateDynamicElement(showMenuItemsPath, user_email, "xpath"): Successfully created new dynamic object: //div[@class='usercard__detail_container']/div[text()='tractiontools.user001+te5lrmge@gmail.com']/ancestor::div[contains(@class,'usercard__content')]//button[@aria-label='Show Menu Items']

2020-09-09 09:53:29 - [MESSAGE][PASSED] - Successfully created new dynamic object: //div[@class='usercard__detail_container']/div[text()='tractiontools.user001+te5lrmge@gmail.com']/ancestor::div[contains(@class,'usercard__content')]//button[@aria-label='Show Menu Items']

2020-09-09 09:53:29 - [TEST_STEP][PASSED] - click(showMenuItemsObj): Object: '' is clicked on

2020-09-09 09:53:30 - [MESSAGE][PASSED] - Object: '' is clicked on

2020-09-09 09:53:30 - [TEST_STEP][PASSED] - click(findTestObject("Object Repository/V2/Commons/ManageUsersPage/div_Edit user")): Object: 'Object Repository/V2/Commons/ManageUsersPage/div_Edit user' is clicked on

2020-09-09 09:53:30 - [MESSAGE][PASSED] - Object: 'Object Repository/V2/Commons/ManageUsersPage/div_Edit user' is clicked on

2020-09-09 09:53:30 - [TEST_STEP][PASSED] - verifyElementPresent(findTestObject("V2/Commons/ManageUsersPage/div_PositionTitle"), DefaultTimeout): Object 'Object Repository/V2/Commons/ManageUsersPage/div_PositionTitle' is present

2020-09-09 09:53:31 - [MESSAGE][PASSED] - Object 'Object Repository/V2/Commons/ManageUsersPage/div_PositionTitle' is present

2020-09-09 09:53:31 - [TEST_STEP][PASSED] - setText(findTestObject("V2/Commons/ManageUsersPage/position_title_input"), position_title): Text 'Quality Assurance' is set on object 'Object Repository/V2/Commons/ManageUsersPage/position_title_input'

2020-09-09 09:53:31 - [MESSAGE][PASSED] - Text 'Quality Assurance' is set on object 'Object Repository/V2/Commons/ManageUsersPage/position_title_input'

2020-09-09 09:53:31 - [TEST_STEP][PASSED] - sendKeys(findTestObject("V2/Commons/ManageUsersPage/position_title_input"), Keys.chord(ENTER)): Keys 'ENTER + ' sent to object: 'Object Repository/V2/Commons/ManageUsersPage/position_title_input'

2020-09-09 09:53:32 - [MESSAGE][PASSED] - Keys 'ENTER + ' sent to object: 'Object Repository/V2/Commons/ManageUsersPage/position_title_input'

2020-09-09 09:53:32 - [TEST_STEP][PASSED] - if (permissionValue == "Employee"): Keys 'ENTER + ' sent to object: 'Object Repository/V2/Commons/ManageUsersPage/supervisor_input'

2020-09-09 09:53:32 - [TEST_STEP][PASSED] - verifyElementPresent(findTestObject("V2/Commons/ManageUsersPage/supervisor_input"), DefaultTimeout): Object 'Object Repository/V2/Commons/ManageUsersPage/supervisor_input' is present

2020-09-09 09:53:32 - [MESSAGE][PASSED] - Object 'Object Repository/V2/Commons/ManageUsersPage/supervisor_input' is present

2020-09-09 09:53:32 - [TEST_STEP][PASSED] - setText(findTestObject("V2/Commons/ManageUsersPage/supervisor_input"), user_supervisorName): Text 'Supervisor User' is set on object 'Object Repository/V2/Commons/ManageUsersPage/supervisor_input'

2020-09-09 09:53:33 - [MESSAGE][PASSED] - Text 'Supervisor User' is set on object 'Object Repository/V2/Commons/ManageUsersPage/supervisor_input'

2020-09-09 09:53:33 - [TEST_STEP][PASSED] - sendKeys(findTestObject("V2/Commons/ManageUsersPage/supervisor_input"), Keys.chord(ENTER)): Keys 'ENTER + ' sent to object: 'Object Repository/V2/Commons/ManageUsersPage/supervisor_input'

2020-09-09 09:53:33 - [MESSAGE][PASSED] - Keys 'ENTER + ' sent to object: 'Object Repository/V2/Commons/ManageUsersPage/supervisor_input'

2020-09-09 09:53:33 - [TEST_STEP][PASSED] - verifyElementPresent(findTestObject("Object Repository/V2/Commons/ManageUsersPage/div_User type"), DefaultTimeout): Object 'Object Repository/V2/Commons/ManageUsersPage/div_User type' is present

2020-09-09 09:53:34 - [MESSAGE][PASSED] - Object 'Object Repository/V2/Commons/ManageUsersPage/div_User type' is present

2020-09-09 09:53:34 - [TEST_STEP][PASSED] - click(findTestObject("Object Repository/V2/Commons/ManageUsersPage/input__orgRole")): Object: 'Object Repository/V2/Commons/ManageUsersPage/input__orgRole' is clicked on

2020-09-09 09:53:34 - [MESSAGE][PASSED] - Object: 'Object Repository/V2/Commons/ManageUsersPage/input__orgRole' is clicked on

2020-09-09 09:53:34 - [TEST_STEP][PASSED] - roleOptionObj = tt_CustomKeywords.CustomKeywords.CreateDynamicElement(roleOption, permissionValue, "xpath"): Successfully created new dynamic object: //span[text()='Employee']/parent::div[@role='option']

2020-09-09 09:53:34 - [MESSAGE][PASSED] - Successfully created new dynamic object: //span[text()='Employee']/parent::div[@role='option']

2020-09-09 09:53:34 - [TEST_STEP][PASSED] - click(roleOptionObj): Object: '' is clicked on

2020-09-09 09:53:35 - [MESSAGE][PASSED] - Object: '' is clicked on

2020-09-09 09:53:35 - [TEST_STEP][PASSED] - click(findTestObject("Object Repository/V2/Commons/ManageUsersPage/div_Save")): Object: 'Object Repository/V2/Commons/ManageUsersPage/div_Save' is clicked on

2020-09-09 09:53:35 - [MESSAGE][PASSED] - Object: 'Object Repository/V2/Commons/ManageUsersPage/div_Save' is clicked on

2020-09-09 09:53:35 - [TEST_STEP][PASSED] - waitForElementVisible(findTestObject("V2/Commons/ManageUsersPage/h3_User Saved"), DefaultTimeout): Object 'Object Repository/V2/Commons/ManageUsersPage/h3_User Saved' is visible

2020-09-09 09:53:47 - [MESSAGE][PASSED] - Object 'Object Repository/V2/Commons/ManageUsersPage/h3_User Saved' is visible

2020-09-09 09:53:47 - [TEST_STEP][PASSED] - verifyElementVisible(findTestObject("Object Repository/V2/Commons/ManageUsersPage/h3_User Saved")): Object 'Object Repository/V2/Commons/ManageUsersPage/h3_User Saved' is visible

2020-09-09 09:53:47 - [MESSAGE][PASSED] - Object 'Object Repository/V2/Commons/ManageUsersPage/h3_User Saved' is visible

2020-09-09 09:53:47 - [MESSAGE][PASSED] - Call Test Case 'Test Cases/V2/Test Case/Pre-conditions/PRE_ChangeUserPermissionViaManageUser' successfully

2020-09-09 09:53:47 - [TEST_STEP][PASSED] - callTestCase(findTestCase("V2/Test Case/Pre-conditions/PRE_ActivateNewUser"), ["activationURL":supervisor_activationURL, "email":supervisor_email, "password":password], STOP_ON_FAILURE): Call Test Case 'Test Cases/V2/Test Case/Pre-conditions/PRE_ActivateNewUser' successfully

2020-09-09 09:53:47 - [TEST_CASE][PASSED] - Test Cases/V2/Test Case/Pre-conditions/PRE_ActivateNewUser: Test Cases/V2/Test Case/Pre-conditions/PRE_ActivateNewUser

2020-09-09 09:53:47 - [TEST_STEP][PASSED] - navigateToUrl(activationURL): Navigate to 'https://v2dev.traction.tools/activate?activationKey=ea52e33e-914c-4b6e-941b-62dfb8e342cc&userId=e263e06c-bcec-468d-98ec-d4c2d6b5b345&orgId=5670e162-7490-4382-bd27-1ed35aa2f980&email=tractiontools.user001+ts5mfu44@gmail.com&isCreator=0' successfully

2020-09-09 09:53:49 - [MESSAGE][PASSED] - Navigate to 'https://v2dev.traction.tools/activate?activationKey=ea52e33e-914c-4b6e-941b-62dfb8e342cc&userId=e263e06c-bcec-468d-98ec-d4c2d6b5b345&orgId=5670e162-7490-4382-bd27-1ed35aa2f980&email=tractiontools.user001+ts5mfu44@gmail.com&isCreator=0' successfully

2020-09-09 09:53:49 - [TEST_STEP][PASSED] - waitForElementVisible(findTestObject("V2/Commons/ActivationPage/input_Email_email"), DefaultTimeout): Object 'Object Repository/V2/Commons/ActivationPage/input_Email_email' is visible

2020-09-09 09:53:49 - [MESSAGE][PASSED] - Object 'Object Repository/V2/Commons/ActivationPage/input_Email_email' is visible

2020-09-09 09:53:49 - [TEST_STEP][PASSED] - actual_email = getAttribute(findTestObject("Object Repository/V2/Commons/ActivationPage/input_Email_email"), "value"): Attribute 'value' of object 'Object Repository/V2/Commons/ActivationPage/input_Email_email' is: 'tractiontools.user001+ts5mfu44@gmail.com'

2020-09-09 09:53:50 - [MESSAGE][PASSED] - Attribute 'value' of object 'Object Repository/V2/Commons/ActivationPage/input_Email_email' is: 'tractiontools.user001+ts5mfu44@gmail.com'

2020-09-09 09:53:50 - [TEST_STEP][PASSED] - verifyMatch(actual_email, email, false): Actual text 'tractiontools.user001+ts5mfu44@gmail.com' and expected text 'tractiontools.user001+ts5mfu44@gmail.com' are matched 

2020-09-09 09:53:50 - [MESSAGE][PASSED] - Actual text 'tractiontools.user001+ts5mfu44@gmail.com' and expected text 'tractiontools.user001+ts5mfu44@gmail.com' are matched 

2020-09-09 09:53:50 - [TEST_STEP][PASSED] - setText(findTestObject("V2/Commons/ActivationPage/input_password"), password): Text 'Qwer123!' is set on object 'Object Repository/V2/Commons/ActivationPage/input_password'

2020-09-09 09:53:50 - [MESSAGE][PASSED] - Text 'Qwer123!' is set on object 'Object Repository/V2/Commons/ActivationPage/input_password'

2020-09-09 09:53:50 - [TEST_STEP][PASSED] - setText(findTestObject("Object Repository/V2/Commons/ActivationPage/input__passwordRepeat"), password): Text 'Qwer123!' is set on object 'Object Repository/V2/Commons/ActivationPage/input__passwordRepeat'

2020-09-09 09:53:51 - [MESSAGE][PASSED] - Text 'Qwer123!' is set on object 'Object Repository/V2/Commons/ActivationPage/input__passwordRepeat'

2020-09-09 09:53:51 - [TEST_STEP][PASSED] - click(findTestObject("V2/Commons/ActivationPage/input_termsandconditions")): Object: 'Object Repository/V2/Commons/ActivationPage/input_termsandconditions' is clicked on

2020-09-09 09:53:52 - [MESSAGE][PASSED] - Object: 'Object Repository/V2/Commons/ActivationPage/input_termsandconditions' is clicked on

2020-09-09 09:53:52 - [TEST_STEP][PASSED] - click(findTestObject("Object Repository/V2/Commons/ActivationPage/div_Create account")): Object: 'Object Repository/V2/Commons/ActivationPage/div_Create account' is clicked on

2020-09-09 09:53:52 - [MESSAGE][PASSED] - Object: 'Object Repository/V2/Commons/ActivationPage/div_Create account' is clicked on

2020-09-09 09:53:52 - [TEST_STEP][PASSED] - waitForElementPresent(findTestObject("V2/Commons/DasboardPage_SidebarMenu/img_Home_logo-big"), DefaultTimeout): Object 'Object Repository/V2/Commons/DasboardPage_SidebarMenu/img_Home_logo-big' is present

2020-09-09 09:53:57 - [MESSAGE][PASSED] - Object 'Object Repository/V2/Commons/DasboardPage_SidebarMenu/img_Home_logo-big' is present

2020-09-09 09:53:57 - [TEST_STEP][PASSED] - verifyElementPresent(findTestObject("V2/Commons/DasboardPage_SidebarMenu/img_Home_logo-big"), 0): Object 'Object Repository/V2/Commons/DasboardPage_SidebarMenu/img_Home_logo-big' is present

2020-09-09 09:53:57 - [MESSAGE][WARNING] - Timeout '0' is invalid. Using default page load timeout: '30'

2020-09-09 09:53:58 - [MESSAGE][PASSED] - Object 'Object Repository/V2/Commons/DasboardPage_SidebarMenu/img_Home_logo-big' is present

2020-09-09 09:53:58 - [MESSAGE][PASSED] - Call Test Case 'Test Cases/V2/Test Case/Pre-conditions/PRE_ActivateNewUser' successfully

2020-09-09 09:53:58 - [TEST_STEP][PASSED] - callTestCase(findTestCase("V2/Test Case/Pre-conditions/PRE_SkipPersonalProfileSetup"), [:], STOP_ON_FAILURE): Call Test Case 'Test Cases/V2/Test Case/Pre-conditions/PRE_SkipPersonalProfileSetup' successfully

2020-09-09 09:53:58 - [TEST_CASE][PASSED] - Test Cases/V2/Test Case/Pre-conditions/PRE_SkipPersonalProfileSetup: Test Cases/V2/Test Case/Pre-conditions/PRE_SkipPersonalProfileSetup

2020-09-09 09:53:58 - [TEST_STEP][PASSED] - waitForElementVisible(findTestObject("V2/Commons/FirstUpdateCompanyAndPersonalInfoModal/confirmPersonalInfoHeader_h1"), DefaultTimeout): Object 'Object Repository/V2/Commons/FirstUpdateCompanyAndPersonalInfoModal/confirmPersonalInfoHeader_h1' is visible

2020-09-09 09:53:58 - [MESSAGE][PASSED] - Object 'Object Repository/V2/Commons/FirstUpdateCompanyAndPersonalInfoModal/confirmPersonalInfoHeader_h1' is visible

2020-09-09 09:53:58 - [TEST_STEP][PASSED] - click(findTestObject("V2/Commons/FirstUpdateCompanyAndPersonalInfoModal/confirmInfoSkip_button")): Object: 'Object Repository/V2/Commons/FirstUpdateCompanyAndPersonalInfoModal/confirmInfoSkip_button' is clicked on

2020-09-09 09:53:59 - [MESSAGE][PASSED] - Object: 'Object Repository/V2/Commons/FirstUpdateCompanyAndPersonalInfoModal/confirmInfoSkip_button' is clicked on

2020-09-09 09:53:59 - [TEST_STEP][PASSED] - waitForElementVisible(findTestObject("V2/Commons/FirstUpdateCompanyAndPersonalInfoModal/letsGetStarted_button"), DefaultTimeout): Object 'Object Repository/V2/Commons/FirstUpdateCompanyAndPersonalInfoModal/letsGetStarted_button' is visible

2020-09-09 09:54:00 - [MESSAGE][PASSED] - Object 'Object Repository/V2/Commons/FirstUpdateCompanyAndPersonalInfoModal/letsGetStarted_button' is visible

2020-09-09 09:54:00 - [TEST_STEP][PASSED] - click(findTestObject("V2/Commons/FirstUpdateCompanyAndPersonalInfoModal/letsGetStarted_button")): Object: 'Object Repository/V2/Commons/FirstUpdateCompanyAndPersonalInfoModal/letsGetStarted_button' is clicked on

2020-09-09 09:54:00 - [MESSAGE][PASSED] - Object: 'Object Repository/V2/Commons/FirstUpdateCompanyAndPersonalInfoModal/letsGetStarted_button' is clicked on

2020-09-09 09:54:00 - [MESSAGE][PASSED] - Call Test Case 'Test Cases/V2/Test Case/Pre-conditions/PRE_SkipPersonalProfileSetup' successfully

2020-09-09 09:54:00 - [TEST_STEP][PASSED] - callTestCase(findTestCase("V2/Test Case/Pre-conditions/PRE_ActivateNewUser"), ["activationURL":employee_activationURL, "email":employee_email, "password":password], STOP_ON_FAILURE): Call Test Case 'Test Cases/V2/Test Case/Pre-conditions/PRE_ActivateNewUser' successfully

2020-09-09 09:54:00 - [TEST_CASE][PASSED] - Test Cases/V2/Test Case/Pre-conditions/PRE_ActivateNewUser: Test Cases/V2/Test Case/Pre-conditions/PRE_ActivateNewUser

2020-09-09 09:54:00 - [TEST_STEP][PASSED] - navigateToUrl(activationURL): Navigate to 'https://v2dev.traction.tools/activate?activationKey=5f6b342a-da04-4328-9afa-9346f417e842&userId=f5564111-8071-486f-b0ff-a826fd2ec466&orgId=5670e162-7490-4382-bd27-1ed35aa2f980&email=tractiontools.user001+te5lrmge@gmail.com&isCreator=0' successfully

2020-09-09 09:54:02 - [MESSAGE][PASSED] - Navigate to 'https://v2dev.traction.tools/activate?activationKey=5f6b342a-da04-4328-9afa-9346f417e842&userId=f5564111-8071-486f-b0ff-a826fd2ec466&orgId=5670e162-7490-4382-bd27-1ed35aa2f980&email=tractiontools.user001+te5lrmge@gmail.com&isCreator=0' successfully

2020-09-09 09:54:02 - [TEST_STEP][PASSED] - waitForElementVisible(findTestObject("V2/Commons/ActivationPage/input_Email_email"), DefaultTimeout): Object 'Object Repository/V2/Commons/ActivationPage/input_Email_email' is visible

2020-09-09 09:54:03 - [MESSAGE][PASSED] - Object 'Object Repository/V2/Commons/ActivationPage/input_Email_email' is visible

2020-09-09 09:54:03 - [TEST_STEP][PASSED] - actual_email = getAttribute(findTestObject("Object Repository/V2/Commons/ActivationPage/input_Email_email"), "value"): Attribute 'value' of object 'Object Repository/V2/Commons/ActivationPage/input_Email_email' is: 'tractiontools.user001+te5lrmge@gmail.com'

2020-09-09 09:54:04 - [MESSAGE][PASSED] - Attribute 'value' of object 'Object Repository/V2/Commons/ActivationPage/input_Email_email' is: 'tractiontools.user001+te5lrmge@gmail.com'

2020-09-09 09:54:04 - [TEST_STEP][PASSED] - verifyMatch(actual_email, email, false): Actual text 'tractiontools.user001+te5lrmge@gmail.com' and expected text 'tractiontools.user001+te5lrmge@gmail.com' are matched 

2020-09-09 09:54:04 - [MESSAGE][PASSED] - Actual text 'tractiontools.user001+te5lrmge@gmail.com' and expected text 'tractiontools.user001+te5lrmge@gmail.com' are matched 

2020-09-09 09:54:04 - [TEST_STEP][PASSED] - setText(findTestObject("V2/Commons/ActivationPage/input_password"), password): Text 'Qwer123!' is set on object 'Object Repository/V2/Commons/ActivationPage/input_password'

2020-09-09 09:54:04 - [MESSAGE][PASSED] - Text 'Qwer123!' is set on object 'Object Repository/V2/Commons/ActivationPage/input_password'

2020-09-09 09:54:04 - [TEST_STEP][PASSED] - setText(findTestObject("Object Repository/V2/Commons/ActivationPage/input__passwordRepeat"), password): Text 'Qwer123!' is set on object 'Object Repository/V2/Commons/ActivationPage/input__passwordRepeat'

2020-09-09 09:54:05 - [MESSAGE][PASSED] - Text 'Qwer123!' is set on object 'Object Repository/V2/Commons/ActivationPage/input__passwordRepeat'

2020-09-09 09:54:05 - [TEST_STEP][PASSED] - click(findTestObject("V2/Commons/ActivationPage/input_termsandconditions")): Object: 'Object Repository/V2/Commons/ActivationPage/input_termsandconditions' is clicked on

2020-09-09 09:54:05 - [MESSAGE][PASSED] - Object: 'Object Repository/V2/Commons/ActivationPage/input_termsandconditions' is clicked on

2020-09-09 09:54:05 - [TEST_STEP][PASSED] - click(findTestObject("Object Repository/V2/Commons/ActivationPage/div_Create account")): Object: 'Object Repository/V2/Commons/ActivationPage/div_Create account' is clicked on

2020-09-09 09:54:06 - [MESSAGE][PASSED] - Object: 'Object Repository/V2/Commons/ActivationPage/div_Create account' is clicked on

2020-09-09 09:54:06 - [TEST_STEP][PASSED] - waitForElementPresent(findTestObject("V2/Commons/DasboardPage_SidebarMenu/img_Home_logo-big"), DefaultTimeout): Object 'Object Repository/V2/Commons/DasboardPage_SidebarMenu/img_Home_logo-big' is present

2020-09-09 09:54:11 - [MESSAGE][PASSED] - Object 'Object Repository/V2/Commons/DasboardPage_SidebarMenu/img_Home_logo-big' is present

2020-09-09 09:54:11 - [TEST_STEP][PASSED] - verifyElementPresent(findTestObject("V2/Commons/DasboardPage_SidebarMenu/img_Home_logo-big"), 0): Object 'Object Repository/V2/Commons/DasboardPage_SidebarMenu/img_Home_logo-big' is present

2020-09-09 09:54:11 - [MESSAGE][WARNING] - Timeout '0' is invalid. Using default page load timeout: '30'

2020-09-09 09:54:11 - [MESSAGE][PASSED] - Object 'Object Repository/V2/Commons/DasboardPage_SidebarMenu/img_Home_logo-big' is present

2020-09-09 09:54:11 - [MESSAGE][PASSED] - Call Test Case 'Test Cases/V2/Test Case/Pre-conditions/PRE_ActivateNewUser' successfully

2020-09-09 09:54:11 - [TEST_STEP][PASSED] - callTestCase(findTestCase("V2/Test Case/Pre-conditions/PRE_SkipPersonalProfileSetup"), [:], STOP_ON_FAILURE): Call Test Case 'Test Cases/V2/Test Case/Pre-conditions/PRE_SkipPersonalProfileSetup' successfully

2020-09-09 09:54:11 - [TEST_CASE][PASSED] - Test Cases/V2/Test Case/Pre-conditions/PRE_SkipPersonalProfileSetup: Test Cases/V2/Test Case/Pre-conditions/PRE_SkipPersonalProfileSetup

2020-09-09 09:54:11 - [TEST_STEP][PASSED] - waitForElementVisible(findTestObject("V2/Commons/FirstUpdateCompanyAndPersonalInfoModal/confirmPersonalInfoHeader_h1"), DefaultTimeout): Object 'Object Repository/V2/Commons/FirstUpdateCompanyAndPersonalInfoModal/confirmPersonalInfoHeader_h1' is visible

2020-09-09 09:54:12 - [MESSAGE][PASSED] - Object 'Object Repository/V2/Commons/FirstUpdateCompanyAndPersonalInfoModal/confirmPersonalInfoHeader_h1' is visible

2020-09-09 09:54:12 - [TEST_STEP][PASSED] - click(findTestObject("V2/Commons/FirstUpdateCompanyAndPersonalInfoModal/confirmInfoSkip_button")): Object: 'Object Repository/V2/Commons/FirstUpdateCompanyAndPersonalInfoModal/confirmInfoSkip_button' is clicked on

2020-09-09 09:54:13 - [MESSAGE][PASSED] - Object: 'Object Repository/V2/Commons/FirstUpdateCompanyAndPersonalInfoModal/confirmInfoSkip_button' is clicked on

2020-09-09 09:54:13 - [TEST_STEP][PASSED] - waitForElementVisible(findTestObject("V2/Commons/FirstUpdateCompanyAndPersonalInfoModal/letsGetStarted_button"), DefaultTimeout): Object 'Object Repository/V2/Commons/FirstUpdateCompanyAndPersonalInfoModal/letsGetStarted_button' is visible

2020-09-09 09:54:14 - [MESSAGE][PASSED] - Object 'Object Repository/V2/Commons/FirstUpdateCompanyAndPersonalInfoModal/letsGetStarted_button' is visible

2020-09-09 09:54:14 - [TEST_STEP][PASSED] - click(findTestObject("V2/Commons/FirstUpdateCompanyAndPersonalInfoModal/letsGetStarted_button")): Object: 'Object Repository/V2/Commons/FirstUpdateCompanyAndPersonalInfoModal/letsGetStarted_button' is clicked on

2020-09-09 09:54:14 - [MESSAGE][PASSED] - Object: 'Object Repository/V2/Commons/FirstUpdateCompanyAndPersonalInfoModal/letsGetStarted_button' is clicked on

2020-09-09 09:54:14 - [MESSAGE][PASSED] - Call Test Case 'Test Cases/V2/Test Case/Pre-conditions/PRE_SkipPersonalProfileSetup' successfully

2020-09-09 09:54:14 - [MESSAGE][PASSED] - Call Test Case 'Test Cases/V2/Test Case/Pre-conditions/PRE_RegisterAndActivateTTUsers' successfully

2020-09-09 09:54:14 - [TEST_STEP][PASSED] - closeBrowser(): Browser is closed

2020-09-09 09:54:15 - [MESSAGE][PASSED] - Browser is closed

2020-09-09 09:54:15 - [TEST_STEP][PASSED] - path = System.getProperty("user.dir"): null

2020-09-09 09:54:15 - [TEST_STEP][PASSED] - System.setProperty("webdriver.chrome.driver", "C:\Users\Aaron-PC\Documents\Traction Tools\Katalon\Katalon_Studio_Windows_64-7.6.2\Katalon_Studio_Windows_64-7.6.2\configuration\resources\drivers\chromedriver_win32\chromedriver.exe"): null

2020-09-09 09:54:15 - [TEST_STEP][PASSED] - driver1 = new org.openqa.selenium.chrome.ChromeDriver(): null

2020-09-09 09:54:18 - [TEST_STEP][PASSED] - changeWebDriver(driver1): null

2020-09-09 09:54:18 - [TEST_STEP][PASSED] - maximizeWindow(): Current window maximized

2020-09-09 09:54:20 - [MESSAGE][PASSED] - Current window maximized

2020-09-09 09:54:20 - [TEST_STEP][PASSED] - navigateToUrl(V2Url): Navigate to 'https://v2dev.traction.tools' successfully

2020-09-09 09:54:22 - [MESSAGE][PASSED] - Navigate to 'https://v2dev.traction.tools' successfully

2020-09-09 09:54:22 - [TEST_STEP][PASSED] - callTestCase(findTestCase("V2/Test Case/Pre-conditions/PRE_LoginToTractionToolsApplication"), ["username":email, "password":password], STOP_ON_FAILURE): Call Test Case 'Test Cases/V2/Test Case/Pre-conditions/PRE_LoginToTractionToolsApplication' successfully

2020-09-09 09:54:22 - [TEST_CASE][PASSED] - Test Cases/V2/Test Case/Pre-conditions/PRE_LoginToTractionToolsApplication: Test Cases/V2/Test Case/Pre-conditions/PRE_LoginToTractionToolsApplication

2020-09-09 09:54:22 - [TEST_STEP][PASSED] - setText(findTestObject("V2/Commons/LoginPage/input__username"), username): Text 'tractiontools.user001+ta55i2gk@gmail.com' is set on object 'Object Repository/V2/Commons/LoginPage/input__username'

2020-09-09 09:54:29 - [MESSAGE][PASSED] - Text 'tractiontools.user001+ta55i2gk@gmail.com' is set on object 'Object Repository/V2/Commons/LoginPage/input__username'

2020-09-09 09:54:29 - [TEST_STEP][PASSED] - setText(findTestObject("V2/Commons/LoginPage/input__password"), password): Text 'Qwer123!' is set on object 'Object Repository/V2/Commons/LoginPage/input__password'

2020-09-09 09:54:29 - [MESSAGE][PASSED] - Text 'Qwer123!' is set on object 'Object Repository/V2/Commons/LoginPage/input__password'

2020-09-09 09:54:29 - [TEST_STEP][PASSED] - click(findTestObject("V2/Commons/LoginPage/div_Login")): Object: 'Object Repository/V2/Commons/LoginPage/div_Login' is clicked on

2020-09-09 09:55:00 - [MESSAGE][INFO] - Unable to find the element located by 'By.xpath: //div[@id='root']/div/div/div[2]/div/form/button'. Please recheck the objects properties to make sure the desired element is located. 

2020-09-09 09:55:00 - [MESSAGE][WARNING] - [SELF-HEALING] Failed to find element with id 'Object Repository/V2/Commons/LoginPage/div_Login'. Try using Self-healing.

2020-09-09 09:55:00 - [MESSAGE][WARNING] - [SELF-HEALING] The current locator of test object 'Object Repository/V2/Commons/LoginPage/div_Login' was broken. Propose an alternative one: '(.//*[normalize-space(text()) and normalize-space(.)='*'])[2]/following::div[3]'.

2020-09-09 09:55:00 - [MESSAGE][PASSED] - Object: 'Object Repository/V2/Commons/LoginPage/div_Login' is clicked on

2020-09-09 09:55:00 - [TEST_STEP][PASSED] - waitForElementVisible(findTestObject("V2/Commons/DasboardPage_SidebarMenu/img_Home_logo-big"), DefaultTimeout): Object 'Object Repository/V2/Commons/DasboardPage_SidebarMenu/img_Home_logo-big' is visible

2020-09-09 09:55:05 - [MESSAGE][PASSED] - Object 'Object Repository/V2/Commons/DasboardPage_SidebarMenu/img_Home_logo-big' is visible

2020-09-09 09:55:05 - [TEST_STEP][PASSED] - verifyElementVisible(findTestObject("V2/Commons/DasboardPage_SidebarMenu/img_Home_logo-big"), STOP_ON_FAILURE): Object 'Object Repository/V2/Commons/DasboardPage_SidebarMenu/img_Home_logo-big' is visible

2020-09-09 09:55:05 - [MESSAGE][PASSED] - Object 'Object Repository/V2/Commons/DasboardPage_SidebarMenu/img_Home_logo-big' is visible

2020-09-09 09:55:05 - [MESSAGE][INFO] - 

2020-09-09 09:55:05 - [MESSAGE][INFO] - ===================== Self-healing Report ====================

2020-09-09 09:55:05 - [MESSAGE][INFO] - One of the failed test object locators has been recovered by Self-healing. Please refer to the Self-healing Insights tab for more details.

2020-09-09 09:55:05 - [MESSAGE][INFO] - To learn more about Self-healing, please read https://docs.katalon.com/katalon-studio/docs/self-healing.html

2020-09-09 09:55:05 - [MESSAGE][INFO] - ==============================================================

2020-09-09 09:55:05 - [MESSAGE][PASSED] - Call Test Case 'Test Cases/V2/Test Case/Pre-conditions/PRE_LoginToTractionToolsApplication' successfully

2020-09-09 09:55:05 - [TEST_STEP][PASSED] - driver2 = new org.openqa.selenium.chrome.ChromeDriver(): null

2020-09-09 09:55:08 - [TEST_STEP][PASSED] - changeWebDriver(driver2): null

2020-09-09 09:55:08 - [TEST_STEP][PASSED] - maximizeWindow(): Current window maximized

2020-09-09 09:55:10 - [MESSAGE][PASSED] - Current window maximized

2020-09-09 09:55:10 - [TEST_STEP][PASSED] - navigateToUrl(V2Url): Navigate to 'https://v2dev.traction.tools' successfully

2020-09-09 09:55:12 - [MESSAGE][PASSED] - Navigate to 'https://v2dev.traction.tools' successfully

2020-09-09 09:55:12 - [TEST_STEP][PASSED] - callTestCase(findTestCase("V2/Test Case/Pre-conditions/PRE_LoginToTractionToolsApplication"), ["username":supervisor_email, "password":password], STOP_ON_FAILURE): Call Test Case 'Test Cases/V2/Test Case/Pre-conditions/PRE_LoginToTractionToolsApplication' successfully

2020-09-09 09:55:12 - [TEST_CASE][PASSED] - Test Cases/V2/Test Case/Pre-conditions/PRE_LoginToTractionToolsApplication: Test Cases/V2/Test Case/Pre-conditions/PRE_LoginToTractionToolsApplication

2020-09-09 09:55:12 - [TEST_STEP][PASSED] - setText(findTestObject("V2/Commons/LoginPage/input__username"), username): Text 'tractiontools.user001+ts5mfu44@gmail.com' is set on object 'Object Repository/V2/Commons/LoginPage/input__username'

2020-09-09 09:55:22 - [MESSAGE][PASSED] - Text 'tractiontools.user001+ts5mfu44@gmail.com' is set on object 'Object Repository/V2/Commons/LoginPage/input__username'

2020-09-09 09:55:22 - [TEST_STEP][PASSED] - setText(findTestObject("V2/Commons/LoginPage/input__password"), password): Text 'Qwer123!' is set on object 'Object Repository/V2/Commons/LoginPage/input__password'

2020-09-09 09:55:22 - [MESSAGE][PASSED] - Text 'Qwer123!' is set on object 'Object Repository/V2/Commons/LoginPage/input__password'

2020-09-09 09:55:22 - [TEST_STEP][PASSED] - click(findTestObject("V2/Commons/LoginPage/div_Login")): Object: 'Object Repository/V2/Commons/LoginPage/div_Login' is clicked on

2020-09-09 09:55:53 - [MESSAGE][INFO] - Unable to find the element located by 'By.xpath: //div[@id='root']/div/div/div[2]/div/form/button'. Please recheck the objects properties to make sure the desired element is located. 

2020-09-09 09:55:53 - [MESSAGE][WARNING] - [SELF-HEALING] Failed to find element with id 'Object Repository/V2/Commons/LoginPage/div_Login'. Try using Self-healing.

2020-09-09 09:55:53 - [MESSAGE][WARNING] - [SELF-HEALING] The current locator of test object 'Object Repository/V2/Commons/LoginPage/div_Login' was broken. Propose an alternative one: '(.//*[normalize-space(text()) and normalize-space(.)='*'])[2]/following::div[3]'.

2020-09-09 09:55:54 - [MESSAGE][PASSED] - Object: 'Object Repository/V2/Commons/LoginPage/div_Login' is clicked on

2020-09-09 09:55:54 - [TEST_STEP][PASSED] - waitForElementVisible(findTestObject("V2/Commons/DasboardPage_SidebarMenu/img_Home_logo-big"), DefaultTimeout): Object 'Object Repository/V2/Commons/DasboardPage_SidebarMenu/img_Home_logo-big' is visible

2020-09-09 09:56:00 - [MESSAGE][PASSED] - Object 'Object Repository/V2/Commons/DasboardPage_SidebarMenu/img_Home_logo-big' is visible

2020-09-09 09:56:00 - [TEST_STEP][PASSED] - verifyElementVisible(findTestObject("V2/Commons/DasboardPage_SidebarMenu/img_Home_logo-big"), STOP_ON_FAILURE): Object 'Object Repository/V2/Commons/DasboardPage_SidebarMenu/img_Home_logo-big' is visible

2020-09-09 09:56:01 - [MESSAGE][PASSED] - Object 'Object Repository/V2/Commons/DasboardPage_SidebarMenu/img_Home_logo-big' is visible

2020-09-09 09:56:01 - [MESSAGE][INFO] - 

2020-09-09 09:56:01 - [MESSAGE][INFO] - ===================== Self-healing Report ====================

2020-09-09 09:56:01 - [MESSAGE][INFO] - One of the failed test object locators has been recovered by Self-healing. Please refer to the Self-healing Insights tab for more details.

2020-09-09 09:56:01 - [MESSAGE][INFO] - To learn more about Self-healing, please read https://docs.katalon.com/katalon-studio/docs/self-healing.html

2020-09-09 09:56:01 - [MESSAGE][INFO] - ==============================================================

2020-09-09 09:56:01 - [MESSAGE][PASSED] - Call Test Case 'Test Cases/V2/Test Case/Pre-conditions/PRE_LoginToTractionToolsApplication' successfully

2020-09-09 09:56:01 - [TEST_STEP][PASSED] - driver3 = new org.openqa.selenium.chrome.ChromeDriver(): null

2020-09-09 09:56:04 - [TEST_STEP][PASSED] - changeWebDriver(driver3): null

2020-09-09 09:56:04 - [TEST_STEP][PASSED] - maximizeWindow(): Current window maximized

2020-09-09 09:56:06 - [MESSAGE][PASSED] - Current window maximized

2020-09-09 09:56:06 - [TEST_STEP][PASSED] - navigateToUrl(V2Url): Navigate to 'https://v2dev.traction.tools' successfully

2020-09-09 09:56:08 - [MESSAGE][PASSED] - Navigate to 'https://v2dev.traction.tools' successfully

2020-09-09 09:56:08 - [TEST_STEP][PASSED] - callTestCase(findTestCase("V2/Test Case/Pre-conditions/PRE_LoginToTractionToolsApplication"), ["username":employee_email, "password":password], STOP_ON_FAILURE): Call Test Case 'Test Cases/V2/Test Case/Pre-conditions/PRE_LoginToTractionToolsApplication' successfully

2020-09-09 09:56:08 - [TEST_CASE][PASSED] - Test Cases/V2/Test Case/Pre-conditions/PRE_LoginToTractionToolsApplication: Test Cases/V2/Test Case/Pre-conditions/PRE_LoginToTractionToolsApplication

2020-09-09 09:56:08 - [TEST_STEP][PASSED] - setText(findTestObject("V2/Commons/LoginPage/input__username"), username): Text 'tractiontools.user001+te5lrmge@gmail.com' is set on object 'Object Repository/V2/Commons/LoginPage/input__username'

2020-09-09 09:56:21 - [MESSAGE][PASSED] - Text 'tractiontools.user001+te5lrmge@gmail.com' is set on object 'Object Repository/V2/Commons/LoginPage/input__username'

2020-09-09 09:56:21 - [TEST_STEP][PASSED] - setText(findTestObject("V2/Commons/LoginPage/input__password"), password): Text 'Qwer123!' is set on object 'Object Repository/V2/Commons/LoginPage/input__password'

2020-09-09 09:56:21 - [MESSAGE][PASSED] - Text 'Qwer123!' is set on object 'Object Repository/V2/Commons/LoginPage/input__password'

2020-09-09 09:56:21 - [TEST_STEP][PASSED] - click(findTestObject("V2/Commons/LoginPage/div_Login")): Object: 'Object Repository/V2/Commons/LoginPage/div_Login' is clicked on

2020-09-09 09:56:52 - [MESSAGE][INFO] - Unable to find the element located by 'By.xpath: //div[@id='root']/div/div/div[2]/div/form/button'. Please recheck the objects properties to make sure the desired element is located. 

2020-09-09 09:56:52 - [MESSAGE][WARNING] - [SELF-HEALING] Failed to find element with id 'Object Repository/V2/Commons/LoginPage/div_Login'. Try using Self-healing.

2020-09-09 09:56:52 - [MESSAGE][WARNING] - [SELF-HEALING] The current locator of test object 'Object Repository/V2/Commons/LoginPage/div_Login' was broken. Propose an alternative one: '(.//*[normalize-space(text()) and normalize-space(.)='*'])[2]/following::div[3]'.

2020-09-09 09:56:52 - [MESSAGE][PASSED] - Object: 'Object Repository/V2/Commons/LoginPage/div_Login' is clicked on

2020-09-09 09:56:52 - [TEST_STEP][PASSED] - waitForElementVisible(findTestObject("V2/Commons/DasboardPage_SidebarMenu/img_Home_logo-big"), DefaultTimeout): Object 'Object Repository/V2/Commons/DasboardPage_SidebarMenu/img_Home_logo-big' is visible

2020-09-09 09:56:56 - [MESSAGE][PASSED] - Object 'Object Repository/V2/Commons/DasboardPage_SidebarMenu/img_Home_logo-big' is visible

2020-09-09 09:56:56 - [TEST_STEP][PASSED] - verifyElementVisible(findTestObject("V2/Commons/DasboardPage_SidebarMenu/img_Home_logo-big"), STOP_ON_FAILURE): Object 'Object Repository/V2/Commons/DasboardPage_SidebarMenu/img_Home_logo-big' is visible

2020-09-09 09:56:56 - [MESSAGE][PASSED] - Object 'Object Repository/V2/Commons/DasboardPage_SidebarMenu/img_Home_logo-big' is visible

2020-09-09 09:56:56 - [MESSAGE][INFO] - 

2020-09-09 09:56:56 - [MESSAGE][INFO] - ===================== Self-healing Report ====================

2020-09-09 09:56:56 - [MESSAGE][INFO] - One of the failed test object locators has been recovered by Self-healing. Please refer to the Self-healing Insights tab for more details.

2020-09-09 09:56:56 - [MESSAGE][INFO] - To learn more about Self-healing, please read https://docs.katalon.com/katalon-studio/docs/self-healing.html

2020-09-09 09:56:56 - [MESSAGE][INFO] - ==============================================================

2020-09-09 09:56:56 - [MESSAGE][PASSED] - Call Test Case 'Test Cases/V2/Test Case/Pre-conditions/PRE_LoginToTractionToolsApplication' successfully

2020-09-09 09:56:56 - [TEST_STEP][PASSED] - changeWebDriver(driver1): null

2020-09-09 09:56:56 - [TEST_STEP][PASSED] - callTestCase(findTestCase("V2/Test Case/Pre-conditions/PRE_CreateL10Meeting"), ["meetingName":meetingName, "meetingAcronym":meetingAcronym, "meetingType":meetingType, "dropdownOptions_obj":"//div[@id='CREATE_MEETING_L10']//span[text()='%s']/parent::div[@role='option']", ... ], STOP_ON_FAILURE): Call Test Case 'Test Cases/V2/Test Case/Pre-conditions/PRE_CreateL10Meeting' successfully

2020-09-09 09:56:57 - [TEST_CASE][PASSED] - Test Cases/V2/Test Case/Pre-conditions/PRE_CreateL10Meeting: Test Cases/V2/Test Case/Pre-conditions/PRE_CreateL10Meeting

2020-09-09 09:56:57 - [TEST_STEP][PASSED] - click(findTestObject("V2/Commons/DasboardPage_SidebarMenu/MeetingsMenu")): Object: 'Object Repository/V2/Commons/DasboardPage_SidebarMenu/MeetingsMenu' is clicked on

2020-09-09 09:56:57 - [MESSAGE][PASSED] - Object: 'Object Repository/V2/Commons/DasboardPage_SidebarMenu/MeetingsMenu' is clicked on

2020-09-09 09:56:57 - [TEST_STEP][PASSED] - click(findTestObject("Object Repository/V2/Commons/MeetingListPage/div_Create a meeting")): Object: 'Object Repository/V2/Commons/MeetingListPage/div_Create a meeting' is clicked on

2020-09-09 09:56:57 - [MESSAGE][PASSED] - Object: 'Object Repository/V2/Commons/MeetingListPage/div_Create a meeting' is clicked on

2020-09-09 09:56:57 - [TEST_STEP][PASSED] - click(findTestObject("Object Repository/V2/Commons/MeetingListPage/button_Level 10")): Object: 'Object Repository/V2/Commons/MeetingListPage/button_Level 10' is clicked on

2020-09-09 09:56:57 - [MESSAGE][PASSED] - Object: 'Object Repository/V2/Commons/MeetingListPage/button_Level 10' is clicked on

2020-09-09 09:56:57 - [TEST_STEP][PASSED] - waitForElementVisible(findTestObject("V2/Commons/CreateL10MeetingDrawer/input__name"), DefaultTimeout): Object 'Object Repository/V2/Commons/CreateL10MeetingDrawer/input__name' is visible

2020-09-09 09:56:58 - [MESSAGE][PASSED] - Object 'Object Repository/V2/Commons/CreateL10MeetingDrawer/input__name' is visible

2020-09-09 09:56:58 - [TEST_STEP][PASSED] - setText(findTestObject("V2/Commons/CreateL10MeetingDrawer/input__name"), meetingName): Text 'Meeting Admin' is set on object 'Object Repository/V2/Commons/CreateL10MeetingDrawer/input__name'

2020-09-09 09:56:58 - [MESSAGE][PASSED] - Text 'Meeting Admin' is set on object 'Object Repository/V2/Commons/CreateL10MeetingDrawer/input__name'

2020-09-09 09:56:58 - [TEST_STEP][PASSED] - setText(findTestObject("V2/Commons/CreateL10MeetingDrawer/input__acronym"), meetingAcronym): Text 'CL10' is set on object 'Object Repository/V2/Commons/CreateL10MeetingDrawer/input__acronym'

2020-09-09 09:56:58 - [MESSAGE][PASSED] - Text 'CL10' is set on object 'Object Repository/V2/Commons/CreateL10MeetingDrawer/input__acronym'

2020-09-09 09:56:58 - [TEST_STEP][PASSED] - click(findTestObject("V2/Commons/CreateL10MeetingDrawer/input__typeOfMeeting")): Object: 'Object Repository/V2/Commons/CreateL10MeetingDrawer/input__typeOfMeeting' is clicked on

2020-09-09 09:56:58 - [MESSAGE][PASSED] - Object: 'Object Repository/V2/Commons/CreateL10MeetingDrawer/input__typeOfMeeting' is clicked on

2020-09-09 09:56:58 - [TEST_STEP][PASSED] - meetingTypeOption_Obj = tt_CustomKeywords.CustomKeywords.CreateDynamicElement(dropdownOptions_obj, meetingType, "xpath"): Successfully created new dynamic object: //div[@id='CREATE_MEETING_L10']//span[text()='Leadership']/parent::div[@role='option']

2020-09-09 09:56:58 - [MESSAGE][PASSED] - Successfully created new dynamic object: //div[@id='CREATE_MEETING_L10']//span[text()='Leadership']/parent::div[@role='option']

2020-09-09 09:56:58 - [TEST_STEP][PASSED] - click(meetingTypeOption_Obj): Object: '' is clicked on

2020-09-09 09:56:58 - [MESSAGE][PASSED] - Object: '' is clicked on

2020-09-09 09:56:58 - [TEST_STEP][PASSED] - click(findTestObject("V2/Commons/CreateL10MeetingDrawer/div_dayOfMeetingDropdownList")): Object: 'Object Repository/V2/Commons/CreateL10MeetingDrawer/div_dayOfMeetingDropdownList' is clicked on

2020-09-09 09:56:59 - [MESSAGE][PASSED] - Object: 'Object Repository/V2/Commons/CreateL10MeetingDrawer/div_dayOfMeetingDropdownList' is clicked on

2020-09-09 09:56:59 - [TEST_STEP][PASSED] - dayOfMeetingOption_Obj = tt_CustomKeywords.CustomKeywords.CreateDynamicElement(dropdownOptions_obj, dayOfMeeting, "xpath"): Successfully created new dynamic object: //div[@id='CREATE_MEETING_L10']//span[text()='Monday']/parent::div[@role='option']

2020-09-09 09:56:59 - [MESSAGE][PASSED] - Successfully created new dynamic object: //div[@id='CREATE_MEETING_L10']//span[text()='Monday']/parent::div[@role='option']

2020-09-09 09:56:59 - [TEST_STEP][PASSED] - click(dayOfMeetingOption_Obj): Object: '' is clicked on

2020-09-09 09:56:59 - [MESSAGE][PASSED] - Object: '' is clicked on

2020-09-09 09:56:59 - [TEST_STEP][PASSED] - click(findTestObject("V2/Commons/CreateL10MeetingDrawer/input_meetingTime")): Object: 'Object Repository/V2/Commons/CreateL10MeetingDrawer/input_meetingTime' is clicked on

2020-09-09 09:56:59 - [MESSAGE][PASSED] - Object: 'Object Repository/V2/Commons/CreateL10MeetingDrawer/input_meetingTime' is clicked on

2020-09-09 09:56:59 - [TEST_STEP][PASSED] - setText(findTestObject("V2/Commons/CreateL10MeetingDrawer/input_meetingTime"), meetingTime): Text '12:00' is set on object 'Object Repository/V2/Commons/CreateL10MeetingDrawer/input_meetingTime'

2020-09-09 09:56:59 - [MESSAGE][PASSED] - Text '12:00' is set on object 'Object Repository/V2/Commons/CreateL10MeetingDrawer/input_meetingTime'

2020-09-09 09:56:59 - [TEST_STEP][PASSED] - sendKeys(findTestObject("V2/Commons/CreateL10MeetingDrawer/input_meetingTime"), Keys.chord(TAB)): Keys 'TAB + ' sent to object: 'Object Repository/V2/Commons/CreateL10MeetingDrawer/input_meetingTime'

2020-09-09 09:56:59 - [MESSAGE][PASSED] - Keys 'TAB + ' sent to object: 'Object Repository/V2/Commons/CreateL10MeetingDrawer/input_meetingTime'

2020-09-09 09:56:59 - [TEST_STEP][PASSED] - click(findTestObject("V2/Commons/CreateL10MeetingDrawer/div_Create Meeting")): Object: 'Object Repository/V2/Commons/CreateL10MeetingDrawer/div_Create Meeting' is clicked on

2020-09-09 09:56:59 - [MESSAGE][PASSED] - Object: 'Object Repository/V2/Commons/CreateL10MeetingDrawer/div_Create Meeting' is clicked on

2020-09-09 09:56:59 - [TEST_STEP][PASSED] - waitForElementVisible(findTestObject("Object Repository/V2/Commons/MeetingListPage/div_Ill do this later"), DefaultTimeout): Object 'Object Repository/V2/Commons/MeetingListPage/div_Ill do this later' is visible

2020-09-09 09:57:33 - [MESSAGE][PASSED] - Object 'Object Repository/V2/Commons/MeetingListPage/div_Ill do this later' is visible

2020-09-09 09:57:33 - [TEST_STEP][PASSED] - verifyElementVisible(findTestObject("Object Repository/V2/Commons/MeetingListPage/div_Ill do this later"), STOP_ON_FAILURE): Object 'Object Repository/V2/Commons/MeetingListPage/div_Ill do this later' is visible

2020-09-09 09:57:33 - [MESSAGE][PASSED] - Object 'Object Repository/V2/Commons/MeetingListPage/div_Ill do this later' is visible

2020-09-09 09:57:33 - [TEST_STEP][PASSED] - click(findTestObject("Object Repository/V2/Commons/MeetingListPage/div_Ill do this later")): Object: 'Object Repository/V2/Commons/MeetingListPage/div_Ill do this later' is clicked on

2020-09-09 09:57:34 - [MESSAGE][PASSED] - Object: 'Object Repository/V2/Commons/MeetingListPage/div_Ill do this later' is clicked on

2020-09-09 09:57:34 - [TEST_STEP][PASSED] - meetingRecordObj = tt_CustomKeywords.CustomKeywords.CreateDynamicElement(meetingRecord_obj, meetingName, "xpath"): Successfully created new dynamic object: //div[@class='detailscontainer__block item']/h4[text()='Meeting Admin']

2020-09-09 09:57:34 - [MESSAGE][PASSED] - Successfully created new dynamic object: //div[@class='detailscontainer__block item']/h4[text()='Meeting Admin']

2020-09-09 09:57:34 - [TEST_STEP][PASSED] - verifyElementPresent(meetingRecordObj, DefaultTimeout): Object '' is present

2020-09-09 09:57:34 - [MESSAGE][PASSED] - Object '' is present

2020-09-09 09:57:34 - [MESSAGE][PASSED] - Call Test Case 'Test Cases/V2/Test Case/Pre-conditions/PRE_CreateL10Meeting' successfully

2020-09-09 09:57:34 - [TEST_STEP][PASSED] - callTestCase(findTestCase("V2/Test Case/Pre-conditions/PRE_AddAllAttendeesToMeeting"), ["meetingName":meetingName, "firstname":supervisor_fname, "lastname":lastname, "userOptionObj":"//span[text()='%s']/parent::div[@role='option']", ... ], STOP_ON_FAILURE): Call Test Case 'Test Cases/V2/Test Case/Pre-conditions/PRE_AddAllAttendeesToMeeting' successfully

2020-09-09 09:57:34 - [TEST_CASE][PASSED] - Test Cases/V2/Test Case/Pre-conditions/PRE_AddAllAttendeesToMeeting: Test Cases/V2/Test Case/Pre-conditions/PRE_AddAllAttendeesToMeeting

2020-09-09 09:57:34 - [TEST_STEP][PASSED] - click(findTestObject("V2/Commons/DasboardPage_SidebarMenu/MeetingsMenu")): Object: 'Object Repository/V2/Commons/DasboardPage_SidebarMenu/MeetingsMenu' is clicked on

2020-09-09 09:57:34 - [MESSAGE][PASSED] - Object: 'Object Repository/V2/Commons/DasboardPage_SidebarMenu/MeetingsMenu' is clicked on

2020-09-09 09:57:34 - [TEST_STEP][PASSED] - attendee_fullname = firstname + " " + lastname: null

2020-09-09 09:57:34 - [TEST_STEP][PASSED] - meetingOpt_Obj = tt_CustomKeywords.CustomKeywords.CreateDynamicElement(meetingOptions_obj, meetingName, "xpath"): Successfully created new dynamic object: //h4[text()='Meeting Admin']/ancestor::div[contains(@class,'ListContainer')]/div[@class='listcontainer__options']/button

2020-09-09 09:57:34 - [MESSAGE][PASSED] - Successfully created new dynamic object: //h4[text()='Meeting Admin']/ancestor::div[contains(@class,'ListContainer')]/div[@class='listcontainer__options']/button

2020-09-09 09:57:34 - [TEST_STEP][PASSED] - click(meetingOpt_Obj): Object: '' is clicked on

2020-09-09 09:57:34 - [MESSAGE][PASSED] - Object: '' is clicked on

2020-09-09 09:57:34 - [TEST_STEP][PASSED] - click(findTestObject("V2/Commons/MeetingListPage/a_Edit meeting")): Object: 'Object Repository/V2/Commons/MeetingListPage/a_Edit meeting' is clicked on

2020-09-09 09:57:34 - [MESSAGE][PASSED] - Object: 'Object Repository/V2/Commons/MeetingListPage/a_Edit meeting' is clicked on

2020-09-09 09:57:34 - [TEST_STEP][PASSED] - waitForElementPresent(findTestObject("V2/Commons/EditMeetingPage/div_Add users"), DefaultTimeout): Object 'Object Repository/V2/Commons/EditMeetingPage/div_Add users' is present

2020-09-09 09:57:35 - [MESSAGE][PASSED] - Object 'Object Repository/V2/Commons/EditMeetingPage/div_Add users' is present

2020-09-09 09:57:35 - [TEST_STEP][PASSED] - click(findTestObject("V2/Commons/EditMeetingPage/div_Add users")): Object: 'Object Repository/V2/Commons/EditMeetingPage/div_Add users' is clicked on

2020-09-09 09:57:35 - [MESSAGE][PASSED] - Object: 'Object Repository/V2/Commons/EditMeetingPage/div_Add users' is clicked on

2020-09-09 09:57:35 - [TEST_STEP][PASSED] - delay(15): Delayed 15 second(s)

2020-09-09 09:57:50 - [MESSAGE][PASSED] - Delayed 15 second(s)

2020-09-09 09:57:50 - [TEST_STEP][PASSED] - click(findTestObject("V2/Commons/EditMeetingPage/AddAttendeeUserDropdown")): Object: 'Object Repository/V2/Commons/EditMeetingPage/AddAttendeeUserDropdown' is clicked on

2020-09-09 09:57:50 - [MESSAGE][PASSED] - Object: 'Object Repository/V2/Commons/EditMeetingPage/AddAttendeeUserDropdown' is clicked on

2020-09-09 09:57:50 - [TEST_STEP][PASSED] - attendeeOpt_Obj = tt_CustomKeywords.CustomKeywords.CreateDynamicElement(userOptionObj, attendee_fullname, "xpath"): Successfully created new dynamic object: //span[text()='Supervisor User']/parent::div[@role='option']

2020-09-09 09:57:50 - [MESSAGE][PASSED] - Successfully created new dynamic object: //span[text()='Supervisor User']/parent::div[@role='option']

2020-09-09 09:57:50 - [TEST_STEP][PASSED] - attendeeObjCount = tt_CustomKeywords.CustomKeywords.CountElementInWebPageByDynamicElement(userOptionObj, attendee_fullname, "xpath"): Successfully get the element count. 
Element occurences in Webpage: 2

2020-09-09 09:57:50 - [MESSAGE][PASSED] - Successfully get the element count. 
Element occurences in Webpage: 2

2020-09-09 09:57:50 - [TEST_STEP][PASSED] - attendeeOptSCount = attendeeObjCount.toString(): null

2020-09-09 09:57:50 - [TEST_STEP][PASSED] - out.println(attendeeOptSCount): null

2020-09-09 09:57:50 - [TEST_STEP][PASSED] - attendeeObj_Xpath = attendeeOpt_Obj.findPropertyValue("xpath"): null

2020-09-09 09:57:50 - [TEST_STEP][PASSED] - newAttendeeOpt = "(" + attendeeObj_Xpath + ")[%s]": null

2020-09-09 09:57:50 - [TEST_STEP][PASSED] - out.println(newAttendeeOpt): null

2020-09-09 09:57:50 - [TEST_STEP][PASSED] - newAttendeeOpt_Obj = tt_CustomKeywords.CustomKeywords.CreateDynamicElement(newAttendeeOpt, attendeeOptSCount, "xpath"): Successfully created new dynamic object: (//span[text()='Supervisor User']/parent::div[@role='option'])[2]

2020-09-09 09:57:50 - [MESSAGE][PASSED] - Successfully created new dynamic object: (//span[text()='Supervisor User']/parent::div[@role='option'])[2]

2020-09-09 09:57:50 - [TEST_STEP][PASSED] - click(newAttendeeOpt_Obj): Object: '' is clicked on

2020-09-09 09:57:51 - [MESSAGE][PASSED] - Object: '' is clicked on

2020-09-09 09:57:51 - [TEST_STEP][PASSED] - waitForElementPresent(findTestObject("V2/Commons/EditMeetingPage/AddAttendeeSuccessNotif"), DefaultTimeout): Object 'Object Repository/V2/Commons/EditMeetingPage/AddAttendeeSuccessNotif' is present

2020-09-09 09:57:57 - [MESSAGE][PASSED] - Object 'Object Repository/V2/Commons/EditMeetingPage/AddAttendeeSuccessNotif' is present

2020-09-09 09:57:57 - [TEST_STEP][PASSED] - verifyElementPresent(findTestObject("V2/Commons/EditMeetingPage/AddAttendeeSuccessNotif"), DefaultTimeout): Object 'Object Repository/V2/Commons/EditMeetingPage/AddAttendeeSuccessNotif' is present

2020-09-09 09:57:57 - [MESSAGE][PASSED] - Object 'Object Repository/V2/Commons/EditMeetingPage/AddAttendeeSuccessNotif' is present

2020-09-09 09:57:57 - [TEST_STEP][PASSED] - permissionDrop_Obj = tt_CustomKeywords.CustomKeywords.CreateDynamicElement(permissionDropObj, attendee_fullname, "xpath"): Successfully created new dynamic object: //div[@role='alert' and text()='Supervisor User']/ancestor::div[@class='editAttendees__item']//button[contains(@aria-label,'assign')]/parent::div

2020-09-09 09:57:57 - [MESSAGE][PASSED] - Successfully created new dynamic object: //div[@role='alert' and text()='Supervisor User']/ancestor::div[@class='editAttendees__item']//button[contains(@aria-label,'assign')]/parent::div

2020-09-09 09:57:57 - [TEST_STEP][PASSED] - click(permissionDrop_Obj): Object: '' is clicked on

2020-09-09 09:57:57 - [MESSAGE][PASSED] - Object: '' is clicked on

2020-09-09 09:57:57 - [TEST_STEP][PASSED] - permissionDropOpt_Obj_MA = tt_CustomKeywords.CustomKeywords.CreateDynamicElement(permissionDropOptObj_MA, attendee_fullname, "xpath"): Successfully created new dynamic object: //div[@role='alert' and text()='Supervisor User']/ancestor::div[@class='editAttendees__item']//span[text()='Meeting Admin']/parent::div

2020-09-09 09:57:57 - [MESSAGE][PASSED] - Successfully created new dynamic object: //div[@role='alert' and text()='Supervisor User']/ancestor::div[@class='editAttendees__item']//span[text()='Meeting Admin']/parent::div

2020-09-09 09:57:57 - [TEST_STEP][PASSED] - permissionDropOpt_Obj_FE = tt_CustomKeywords.CustomKeywords.CreateDynamicElement(permissionDropOptObj_FE, attendee_fullname, "xpath"): Successfully created new dynamic object: //div[@role='alert' and text()='Supervisor User']/ancestor::div[@class='editAttendees__item']//span[text()='Full editor']/parent::div

2020-09-09 09:57:57 - [MESSAGE][PASSED] - Successfully created new dynamic object: //div[@role='alert' and text()='Supervisor User']/ancestor::div[@class='editAttendees__item']//span[text()='Full editor']/parent::div

2020-09-09 09:57:57 - [TEST_STEP][PASSED] - permissionDropOpt_Obj_BE = tt_CustomKeywords.CustomKeywords.CreateDynamicElement(permissionDropOptObj_BE, attendee_fullname, "xpath"): Successfully created new dynamic object: //div[@role='alert' and text()='Supervisor User']/ancestor::div[@class='editAttendees__item']//span[text()='Basic editor']/parent::div

2020-09-09 09:57:57 - [MESSAGE][PASSED] - Successfully created new dynamic object: //div[@role='alert' and text()='Supervisor User']/ancestor::div[@class='editAttendees__item']//span[text()='Basic editor']/parent::div

2020-09-09 09:57:57 - [TEST_STEP][PASSED] - if (permission == "Meeting Admin"): null

2020-09-09 09:57:57 - [TEST_STEP][PASSED] - if (permission == "Full editor"): null

2020-09-09 09:57:57 - [TEST_STEP][PASSED] - if (permission == "Basic editor"): null

2020-09-09 09:57:57 - [TEST_STEP][PASSED] - verifyElementPresent(findTestObject("V2/Commons/DasboardPage_SidebarMenu/MeetingsMenu"), DefaultTimeout): Object 'Object Repository/V2/Commons/DasboardPage_SidebarMenu/MeetingsMenu' is present

2020-09-09 09:57:57 - [MESSAGE][PASSED] - Object 'Object Repository/V2/Commons/DasboardPage_SidebarMenu/MeetingsMenu' is present

2020-09-09 09:57:57 - [TEST_STEP][PASSED] - click(findTestObject("V2/Commons/DasboardPage_SidebarMenu/MeetingsMenu")): Object: 'Object Repository/V2/Commons/DasboardPage_SidebarMenu/MeetingsMenu' is clicked on

2020-09-09 09:57:57 - [MESSAGE][PASSED] - Object: 'Object Repository/V2/Commons/DasboardPage_SidebarMenu/MeetingsMenu' is clicked on

2020-09-09 09:57:57 - [MESSAGE][PASSED] - Call Test Case 'Test Cases/V2/Test Case/Pre-conditions/PRE_AddAllAttendeesToMeeting' successfully

2020-09-09 09:57:57 - [TEST_STEP][PASSED] - callTestCase(findTestCase("V2/Test Case/Pre-conditions/PRE_AddAllAttendeesToMeeting"), ["meetingName":meetingName, "firstname":employee_fname, "lastname":lastname, "userOptionObj":"//span[text()='%s']/parent::div[@role='option']", ... ], STOP_ON_FAILURE): Call Test Case 'Test Cases/V2/Test Case/Pre-conditions/PRE_AddAllAttendeesToMeeting' successfully

2020-09-09 09:57:57 - [TEST_CASE][PASSED] - Test Cases/V2/Test Case/Pre-conditions/PRE_AddAllAttendeesToMeeting: Test Cases/V2/Test Case/Pre-conditions/PRE_AddAllAttendeesToMeeting

2020-09-09 09:57:57 - [TEST_STEP][PASSED] - click(findTestObject("V2/Commons/DasboardPage_SidebarMenu/MeetingsMenu")): Object: 'Object Repository/V2/Commons/DasboardPage_SidebarMenu/MeetingsMenu' is clicked on

2020-09-09 09:57:57 - [MESSAGE][PASSED] - Object: 'Object Repository/V2/Commons/DasboardPage_SidebarMenu/MeetingsMenu' is clicked on

2020-09-09 09:57:57 - [TEST_STEP][PASSED] - attendee_fullname = firstname + " " + lastname: null

2020-09-09 09:57:57 - [TEST_STEP][PASSED] - meetingOpt_Obj = tt_CustomKeywords.CustomKeywords.CreateDynamicElement(meetingOptions_obj, meetingName, "xpath"): Successfully created new dynamic object: //h4[text()='Meeting Admin']/ancestor::div[contains(@class,'ListContainer')]/div[@class='listcontainer__options']/button

2020-09-09 09:57:57 - [MESSAGE][PASSED] - Successfully created new dynamic object: //h4[text()='Meeting Admin']/ancestor::div[contains(@class,'ListContainer')]/div[@class='listcontainer__options']/button

2020-09-09 09:57:57 - [TEST_STEP][PASSED] - click(meetingOpt_Obj): Object: '' is clicked on

2020-09-09 09:57:57 - [MESSAGE][PASSED] - Object: '' is clicked on

2020-09-09 09:57:57 - [TEST_STEP][PASSED] - click(findTestObject("V2/Commons/MeetingListPage/a_Edit meeting")): Object: 'Object Repository/V2/Commons/MeetingListPage/a_Edit meeting' is clicked on

2020-09-09 09:57:58 - [MESSAGE][PASSED] - Object: 'Object Repository/V2/Commons/MeetingListPage/a_Edit meeting' is clicked on

2020-09-09 09:57:58 - [TEST_STEP][PASSED] - waitForElementPresent(findTestObject("V2/Commons/EditMeetingPage/div_Add users"), DefaultTimeout): Object 'Object Repository/V2/Commons/EditMeetingPage/div_Add users' is present

2020-09-09 09:57:58 - [MESSAGE][PASSED] - Object 'Object Repository/V2/Commons/EditMeetingPage/div_Add users' is present

2020-09-09 09:57:58 - [TEST_STEP][PASSED] - click(findTestObject("V2/Commons/EditMeetingPage/div_Add users")): Object: 'Object Repository/V2/Commons/EditMeetingPage/div_Add users' is clicked on

2020-09-09 09:57:58 - [MESSAGE][PASSED] - Object: 'Object Repository/V2/Commons/EditMeetingPage/div_Add users' is clicked on

2020-09-09 09:57:58 - [TEST_STEP][PASSED] - delay(15): Delayed 15 second(s)

2020-09-09 09:58:13 - [MESSAGE][PASSED] - Delayed 15 second(s)

2020-09-09 09:58:13 - [TEST_STEP][PASSED] - click(findTestObject("V2/Commons/EditMeetingPage/AddAttendeeUserDropdown")): Object: 'Object Repository/V2/Commons/EditMeetingPage/AddAttendeeUserDropdown' is clicked on

2020-09-09 09:58:13 - [MESSAGE][PASSED] - Object: 'Object Repository/V2/Commons/EditMeetingPage/AddAttendeeUserDropdown' is clicked on

2020-09-09 09:58:13 - [TEST_STEP][PASSED] - attendeeOpt_Obj = tt_CustomKeywords.CustomKeywords.CreateDynamicElement(userOptionObj, attendee_fullname, "xpath"): Successfully created new dynamic object: //span[text()='Employee User']/parent::div[@role='option']

2020-09-09 09:58:13 - [MESSAGE][PASSED] - Successfully created new dynamic object: //span[text()='Employee User']/parent::div[@role='option']

2020-09-09 09:58:13 - [TEST_STEP][PASSED] - attendeeObjCount = tt_CustomKeywords.CustomKeywords.CountElementInWebPageByDynamicElement(userOptionObj, attendee_fullname, "xpath"): Successfully get the element count. 
Element occurences in Webpage: 3

2020-09-09 09:58:13 - [MESSAGE][PASSED] - Successfully get the element count. 
Element occurences in Webpage: 3

2020-09-09 09:58:13 - [TEST_STEP][PASSED] - attendeeOptSCount = attendeeObjCount.toString(): null

2020-09-09 09:58:13 - [TEST_STEP][PASSED] - out.println(attendeeOptSCount): null

2020-09-09 09:58:13 - [TEST_STEP][PASSED] - attendeeObj_Xpath = attendeeOpt_Obj.findPropertyValue("xpath"): null

2020-09-09 09:58:13 - [TEST_STEP][PASSED] - newAttendeeOpt = "(" + attendeeObj_Xpath + ")[%s]": null

2020-09-09 09:58:13 - [TEST_STEP][PASSED] - out.println(newAttendeeOpt): null

2020-09-09 09:58:13 - [TEST_STEP][PASSED] - newAttendeeOpt_Obj = tt_CustomKeywords.CustomKeywords.CreateDynamicElement(newAttendeeOpt, attendeeOptSCount, "xpath"): Successfully created new dynamic object: (//span[text()='Employee User']/parent::div[@role='option'])[3]

2020-09-09 09:58:13 - [MESSAGE][PASSED] - Successfully created new dynamic object: (//span[text()='Employee User']/parent::div[@role='option'])[3]

2020-09-09 09:58:13 - [TEST_STEP][PASSED] - click(newAttendeeOpt_Obj): Object: '' is clicked on

2020-09-09 09:58:13 - [MESSAGE][PASSED] - Object: '' is clicked on

2020-09-09 09:58:13 - [TEST_STEP][PASSED] - waitForElementPresent(findTestObject("V2/Commons/EditMeetingPage/AddAttendeeSuccessNotif"), DefaultTimeout): Object 'Object Repository/V2/Commons/EditMeetingPage/AddAttendeeSuccessNotif' is present

2020-09-09 09:58:19 - [MESSAGE][PASSED] - Object 'Object Repository/V2/Commons/EditMeetingPage/AddAttendeeSuccessNotif' is present

2020-09-09 09:58:19 - [TEST_STEP][PASSED] - verifyElementPresent(findTestObject("V2/Commons/EditMeetingPage/AddAttendeeSuccessNotif"), DefaultTimeout): Object 'Object Repository/V2/Commons/EditMeetingPage/AddAttendeeSuccessNotif' is present

2020-09-09 09:58:19 - [MESSAGE][PASSED] - Object 'Object Repository/V2/Commons/EditMeetingPage/AddAttendeeSuccessNotif' is present

2020-09-09 09:58:19 - [TEST_STEP][PASSED] - permissionDrop_Obj = tt_CustomKeywords.CustomKeywords.CreateDynamicElement(permissionDropObj, attendee_fullname, "xpath"): Successfully created new dynamic object: //div[@role='alert' and text()='Employee User']/ancestor::div[@class='editAttendees__item']//button[contains(@aria-label,'assign')]/parent::div

2020-09-09 09:58:19 - [MESSAGE][PASSED] - Successfully created new dynamic object: //div[@role='alert' and text()='Employee User']/ancestor::div[@class='editAttendees__item']//button[contains(@aria-label,'assign')]/parent::div

2020-09-09 09:58:19 - [TEST_STEP][PASSED] - click(permissionDrop_Obj): Object: '' is clicked on

2020-09-09 09:58:19 - [MESSAGE][PASSED] - Object: '' is clicked on

2020-09-09 09:58:19 - [TEST_STEP][PASSED] - permissionDropOpt_Obj_MA = tt_CustomKeywords.CustomKeywords.CreateDynamicElement(permissionDropOptObj_MA, attendee_fullname, "xpath"): Successfully created new dynamic object: //div[@role='alert' and text()='Employee User']/ancestor::div[@class='editAttendees__item']//span[text()='Meeting Admin']/parent::div

2020-09-09 09:58:19 - [MESSAGE][PASSED] - Successfully created new dynamic object: //div[@role='alert' and text()='Employee User']/ancestor::div[@class='editAttendees__item']//span[text()='Meeting Admin']/parent::div

2020-09-09 09:58:19 - [TEST_STEP][PASSED] - permissionDropOpt_Obj_FE = tt_CustomKeywords.CustomKeywords.CreateDynamicElement(permissionDropOptObj_FE, attendee_fullname, "xpath"): Successfully created new dynamic object: //div[@role='alert' and text()='Employee User']/ancestor::div[@class='editAttendees__item']//span[text()='Full editor']/parent::div

2020-09-09 09:58:19 - [MESSAGE][PASSED] - Successfully created new dynamic object: //div[@role='alert' and text()='Employee User']/ancestor::div[@class='editAttendees__item']//span[text()='Full editor']/parent::div

2020-09-09 09:58:19 - [TEST_STEP][PASSED] - permissionDropOpt_Obj_BE = tt_CustomKeywords.CustomKeywords.CreateDynamicElement(permissionDropOptObj_BE, attendee_fullname, "xpath"): Successfully created new dynamic object: //div[@role='alert' and text()='Employee User']/ancestor::div[@class='editAttendees__item']//span[text()='Basic editor']/parent::div

2020-09-09 09:58:19 - [MESSAGE][PASSED] - Successfully created new dynamic object: //div[@role='alert' and text()='Employee User']/ancestor::div[@class='editAttendees__item']//span[text()='Basic editor']/parent::div

2020-09-09 09:58:19 - [TEST_STEP][PASSED] - if (permission == "Meeting Admin"): null

2020-09-09 09:58:19 - [TEST_STEP][PASSED] - if (permission == "Full editor"): null

2020-09-09 09:58:19 - [TEST_STEP][PASSED] - if (permission == "Basic editor"): null

2020-09-09 09:58:19 - [TEST_STEP][PASSED] - verifyElementPresent(findTestObject("V2/Commons/DasboardPage_SidebarMenu/MeetingsMenu"), DefaultTimeout): Object 'Object Repository/V2/Commons/DasboardPage_SidebarMenu/MeetingsMenu' is present

2020-09-09 09:58:19 - [MESSAGE][PASSED] - Object 'Object Repository/V2/Commons/DasboardPage_SidebarMenu/MeetingsMenu' is present

2020-09-09 09:58:19 - [TEST_STEP][PASSED] - click(findTestObject("V2/Commons/DasboardPage_SidebarMenu/MeetingsMenu")): Object: 'Object Repository/V2/Commons/DasboardPage_SidebarMenu/MeetingsMenu' is clicked on

2020-09-09 09:58:20 - [MESSAGE][PASSED] - Object: 'Object Repository/V2/Commons/DasboardPage_SidebarMenu/MeetingsMenu' is clicked on

2020-09-09 09:58:20 - [MESSAGE][PASSED] - Call Test Case 'Test Cases/V2/Test Case/Pre-conditions/PRE_AddAllAttendeesToMeeting' successfully

2020-09-09 09:58:20 - [TEST_STEP][PASSED] - callTestCase(findTestCase("V2/Test Case/Tests/PR-369 - EditMeetingAgenda/Test Cases/Positive/Admin/PR_369_11_EditMeetingEditScorecard_Admin"), ["userName":"jeff+075@mytractiontools.com", "passWord":"Skyline69A*", "meetingRowPosition":"3", "editMeetingMenu_Obj":"//div[@id='root']/div/div[2]/div/div/div/div[2]/div/div[%s]/div[3]/button/i", ... ], STOP_ON_FAILURE): Call Test Case 'Test Cases/V2/Test Case/Tests/PR-369 - EditMeetingAgenda/Test Cases/Positive/Admin/PR_369_11_EditMeetingEditScorecard_Admin' successfully

2020-09-09 09:58:20 - [TEST_CASE][PASSED] - Test Cases/V2/Test Case/Tests/PR-369 - EditMeetingAgenda/Test Cases/Positive/Admin/PR_369_11_EditMeetingEditScorecard_Admin: Test Cases/V2/Test Case/Tests/PR-369 - EditMeetingAgenda/Test Cases/Positive/Admin/PR_369_11_EditMeetingEditScorecard_Admin

2020-09-09 09:58:20 - [TEST_STEP][PASSED] - waitForElementVisible(findTestObject("V2/Commons/DasboardPage_SidebarMenu/MeetingsMenu"), DefaultTimeout): Object 'Object Repository/V2/Commons/DasboardPage_SidebarMenu/MeetingsMenu' is visible

2020-09-09 09:58:20 - [MESSAGE][PASSED] - Object 'Object Repository/V2/Commons/DasboardPage_SidebarMenu/MeetingsMenu' is visible

2020-09-09 09:58:20 - [TEST_STEP][PASSED] - click(findTestObject("V2/Commons/DasboardPage_SidebarMenu/MeetingsMenu")): Object: 'Object Repository/V2/Commons/DasboardPage_SidebarMenu/MeetingsMenu' is clicked on

2020-09-09 09:58:20 - [MESSAGE][PASSED] - Object: 'Object Repository/V2/Commons/DasboardPage_SidebarMenu/MeetingsMenu' is clicked on

2020-09-09 09:58:20 - [TEST_STEP][PASSED] - meetingOpt_Obj = tt_CustomKeywords.CustomKeywords.CreateDynamicElement(meetingOptions_obj, meetingName, "xpath"): Successfully created new dynamic object: //h4[text()='Meeting Admin']/ancestor::div[contains(@class,'ListContainer')]/div[@class='listcontainer__options']/button

2020-09-09 09:58:20 - [MESSAGE][PASSED] - Successfully created new dynamic object: //h4[text()='Meeting Admin']/ancestor::div[contains(@class,'ListContainer')]/div[@class='listcontainer__options']/button

2020-09-09 09:58:20 - [TEST_STEP][PASSED] - waitForElementVisible(meetingOpt_Obj, DefaultTimeout): Object '' is visible

2020-09-09 09:58:20 - [MESSAGE][PASSED] - Object '' is visible

2020-09-09 09:58:20 - [TEST_STEP][PASSED] - click(meetingOpt_Obj): Object: '' is clicked on

2020-09-09 09:58:20 - [MESSAGE][PASSED] - Object: '' is clicked on

2020-09-09 09:58:20 - [TEST_STEP][PASSED] - click(findTestObject("V2/Commons/MeetingListPage/a_Edit meeting")): Object: 'Object Repository/V2/Commons/MeetingListPage/a_Edit meeting' is clicked on

2020-09-09 09:58:20 - [MESSAGE][PASSED] - Object: 'Object Repository/V2/Commons/MeetingListPage/a_Edit meeting' is clicked on

2020-09-09 09:58:20 - [TEST_STEP][PASSED] - waitForElementVisible(findTestObject("V2/PR-369/Edit_Meeting_Scorecard/Scorecard_Menu"), DefaultTimeout): Object 'Object Repository/V2/PR-369/Edit_Meeting_Scorecard/Scorecard_Menu' is visible

2020-09-09 09:58:20 - [MESSAGE][PASSED] - Object 'Object Repository/V2/PR-369/Edit_Meeting_Scorecard/Scorecard_Menu' is visible

2020-09-09 09:58:20 - [TEST_STEP][PASSED] - click(findTestObject("V2/PR-369/Edit_Meeting_Scorecard/Scorecard_Menu")): Object: 'Object Repository/V2/PR-369/Edit_Meeting_Scorecard/Scorecard_Menu' is clicked on

2020-09-09 09:58:20 - [MESSAGE][PASSED] - Object: 'Object Repository/V2/PR-369/Edit_Meeting_Scorecard/Scorecard_Menu' is clicked on

2020-09-09 09:58:20 - [TEST_STEP][PASSED] - click(findTestObject("V2/PR-369/Edit_Meeting_Scorecard/CreateScoreCardButton")): Object: 'Object Repository/V2/PR-369/Edit_Meeting_Scorecard/CreateScoreCardButton' is clicked on

2020-09-09 09:58:20 - [MESSAGE][PASSED] - Object: 'Object Repository/V2/PR-369/Edit_Meeting_Scorecard/CreateScoreCardButton' is clicked on

2020-09-09 09:58:20 - [TEST_STEP][PASSED] - click(findTestObject("V2/PR-369/Edit_Meeting_Scorecard/Create_New_Measurable")): Object: 'Object Repository/V2/PR-369/Edit_Meeting_Scorecard/Create_New_Measurable' is clicked on

2020-09-09 09:58:21 - [MESSAGE][PASSED] - Object: 'Object Repository/V2/PR-369/Edit_Meeting_Scorecard/Create_New_Measurable' is clicked on

2020-09-09 09:58:21 - [TEST_STEP][PASSED] - waitForElementVisible(findTestObject("V2/PR-369/Edit_Meeting_Scorecard/Measurable_Title_Field"), DefaultTimeout): Object 'Object Repository/V2/PR-369/Edit_Meeting_Scorecard/Measurable_Title_Field' is visible

2020-09-09 09:58:21 - [MESSAGE][PASSED] - Object 'Object Repository/V2/PR-369/Edit_Meeting_Scorecard/Measurable_Title_Field' is visible

2020-09-09 09:58:21 - [TEST_STEP][PASSED] - setText(findTestObject("V2/PR-369/Edit_Meeting_Scorecard/Measurable_Title_Field"), measurableTitle): Text 'Admin QA Automation Edit Meeting Scorecard' is set on object 'Object Repository/V2/PR-369/Edit_Meeting_Scorecard/Measurable_Title_Field'

2020-09-09 09:58:21 - [MESSAGE][PASSED] - Text 'Admin QA Automation Edit Meeting Scorecard' is set on object 'Object Repository/V2/PR-369/Edit_Meeting_Scorecard/Measurable_Title_Field'

2020-09-09 09:58:21 - [TEST_STEP][PASSED] - click(findTestObject("V2/PR-369/Edit_Meeting_Scorecard/Goal_Type_Field_Workspace")): Object: 'Object Repository/V2/PR-369/Edit_Meeting_Scorecard/Goal_Type_Field_Workspace' is clicked on

2020-09-09 09:58:21 - [MESSAGE][PASSED] - Object: 'Object Repository/V2/PR-369/Edit_Meeting_Scorecard/Goal_Type_Field_Workspace' is clicked on

2020-09-09 09:58:21 - [TEST_STEP][PASSED] - click(findTestObject("V2/PR-369/Edit_Meeting_Scorecard/Goal_Type_Text_Workspace")): Object: 'Object Repository/V2/PR-369/Edit_Meeting_Scorecard/Goal_Type_Text_Workspace' is clicked on

2020-09-09 09:58:21 - [MESSAGE][PASSED] - Object: 'Object Repository/V2/PR-369/Edit_Meeting_Scorecard/Goal_Type_Text_Workspace' is clicked on

2020-09-09 09:58:21 - [TEST_STEP][PASSED] - click(findTestObject("V2/PR-369/Edit_Meeting_Scorecard/Goal_Direction_TextField")): Object: 'Object Repository/V2/PR-369/Edit_Meeting_Scorecard/Goal_Direction_TextField' is clicked on

2020-09-09 09:58:21 - [MESSAGE][PASSED] - Object: 'Object Repository/V2/PR-369/Edit_Meeting_Scorecard/Goal_Direction_TextField' is clicked on

2020-09-09 09:58:21 - [TEST_STEP][PASSED] - click(findTestObject("V2/PR-369/Edit_Meeting_Scorecard/Goal_Direction_Equal")): Object: 'Object Repository/V2/PR-369/Edit_Meeting_Scorecard/Goal_Direction_Equal' is clicked on

2020-09-09 09:58:21 - [MESSAGE][PASSED] - Object: 'Object Repository/V2/PR-369/Edit_Meeting_Scorecard/Goal_Direction_Equal' is clicked on

2020-09-09 09:58:21 - [TEST_STEP][PASSED] - setText(findTestObject("V2/PR-369/Edit_Meeting_Scorecard/Goal_Field"), goalValue): Text 'YES' is set on object 'Object Repository/V2/PR-369/Edit_Meeting_Scorecard/Goal_Field'

2020-09-09 09:58:22 - [MESSAGE][PASSED] - Text 'YES' is set on object 'Object Repository/V2/PR-369/Edit_Meeting_Scorecard/Goal_Field'

2020-09-09 09:58:22 - [TEST_STEP][PASSED] - click(findTestObject("V2/PR-369/Edit_Meeting_Scorecard/Whosaccountable_Field")): Object: 'Object Repository/V2/PR-369/Edit_Meeting_Scorecard/Whosaccountable_Field' is clicked on

2020-09-09 09:58:22 - [MESSAGE][PASSED] - Object: 'Object Repository/V2/PR-369/Edit_Meeting_Scorecard/Whosaccountable_Field' is clicked on

2020-09-09 09:58:22 - [TEST_STEP][PASSED] - whosAccountableName = tt_CustomKeywords.CustomKeywords.CreateDynamicElement(WhosAccountable_Obj, WhosAccountable, "xpath"): Successfully created new dynamic object: //div[contains(@id,'editMeetingCreateScorecard')]/div[@data-test-id='createMeasurable']//div[@role='listbox'][@class='visible menu transition']/div[contains(@class,'item')]/span[text()='Admin User']

2020-09-09 09:58:22 - [MESSAGE][PASSED] - Successfully created new dynamic object: //div[contains(@id,'editMeetingCreateScorecard')]/div[@data-test-id='createMeasurable']//div[@role='listbox'][@class='visible menu transition']/div[contains(@class,'item')]/span[text()='Admin User']

2020-09-09 09:58:22 - [TEST_STEP][PASSED] - click(whosAccountableName): Object: '' is clicked on

2020-09-09 09:58:22 - [MESSAGE][PASSED] - Object: '' is clicked on

2020-09-09 09:58:22 - [TEST_STEP][PASSED] - click(findTestObject("V2/PR-369/Edit_Meeting_Scorecard/Admin_Access_TextField")): Object: 'Object Repository/V2/PR-369/Edit_Meeting_Scorecard/Admin_Access_TextField' is clicked on

2020-09-09 09:58:22 - [MESSAGE][PASSED] - Object: 'Object Repository/V2/PR-369/Edit_Meeting_Scorecard/Admin_Access_TextField' is clicked on

2020-09-09 09:58:22 - [TEST_STEP][PASSED] - adminAccessName = tt_CustomKeywords.CustomKeywords.CreateDynamicElement(adminAccess_Obj, adminAccess, "xpath"): Successfully created new dynamic object: //div[contains(@id,'editMeetingCreateScorecard')]/div[@data-test-id='createMeasurable']//div[@class='visible menu transition']/div[contains(@class,'item')]/span[text()='Admin User']

2020-09-09 09:58:22 - [MESSAGE][PASSED] - Successfully created new dynamic object: //div[contains(@id,'editMeetingCreateScorecard')]/div[@data-test-id='createMeasurable']//div[@class='visible menu transition']/div[contains(@class,'item')]/span[text()='Admin User']

2020-09-09 09:58:22 - [TEST_STEP][PASSED] - click(adminAccessName): Object: '' is clicked on

2020-09-09 09:58:22 - [MESSAGE][PASSED] - Object: '' is clicked on

2020-09-09 09:58:22 - [TEST_STEP][PASSED] - click(findTestObject("V2/PR-369/Edit_Meeting_Scorecard/Save_Button")): Object: 'Object Repository/V2/PR-369/Edit_Meeting_Scorecard/Save_Button' is clicked on

2020-09-09 09:58:22 - [MESSAGE][PASSED] - Object: 'Object Repository/V2/PR-369/Edit_Meeting_Scorecard/Save_Button' is clicked on

2020-09-09 09:58:22 - [TEST_STEP][PASSED] - verifyMeasurable = tt_CustomKeywords.CustomKeywords.CreateDynamicElement(verifyScorecard, measurableTitle, "xpath"): Successfully created new dynamic object: //div[@data-test-id='measurables']//descendant::div[text()='Admin QA Automation Edit Meeting Scorecard']

2020-09-09 09:58:22 - [MESSAGE][PASSED] - Successfully created new dynamic object: //div[@data-test-id='measurables']//descendant::div[text()='Admin QA Automation Edit Meeting Scorecard']

2020-09-09 09:58:22 - [TEST_STEP][PASSED] - verifyElementPresent(verifyMeasurable, DefaultTimeout): Object '' is present

2020-09-09 09:58:23 - [MESSAGE][PASSED] - Object '' is present

2020-09-09 09:58:23 - [TEST_STEP][PASSED] - click(findTestObject("V2/PR-369/Edit_Meeting_Scorecard/Column1")): Object: 'Object Repository/V2/PR-369/Edit_Meeting_Scorecard/Column1' is clicked on

2020-09-09 09:58:25 - [MESSAGE][PASSED] - Object: 'Object Repository/V2/PR-369/Edit_Meeting_Scorecard/Column1' is clicked on

2020-09-09 09:58:25 - [TEST_STEP][PASSED] - setText(findTestObject("V2/PR-369/Edit_Meeting_Scorecard/Column1"), Column1): Text 'YES' is set on object 'Object Repository/V2/PR-369/Edit_Meeting_Scorecard/Column1'

2020-09-09 09:58:25 - [MESSAGE][PASSED] - Text 'YES' is set on object 'Object Repository/V2/PR-369/Edit_Meeting_Scorecard/Column1'

2020-09-09 09:58:25 - [TEST_STEP][PASSED] - click(findTestObject("V2/PR-369/Edit_Meeting_Scorecard/Column2")): Object: 'Object Repository/V2/PR-369/Edit_Meeting_Scorecard/Column2' is clicked on

2020-09-09 09:58:25 - [MESSAGE][PASSED] - Object: 'Object Repository/V2/PR-369/Edit_Meeting_Scorecard/Column2' is clicked on

2020-09-09 09:58:25 - [TEST_STEP][PASSED] - setText(findTestObject("V2/PR-369/Edit_Meeting_Scorecard/Column2"), Column2): Text 'NO' is set on object 'Object Repository/V2/PR-369/Edit_Meeting_Scorecard/Column2'

2020-09-09 09:58:26 - [MESSAGE][PASSED] - Text 'NO' is set on object 'Object Repository/V2/PR-369/Edit_Meeting_Scorecard/Column2'

2020-09-09 09:58:26 - [TEST_STEP][PASSED] - click(findTestObject("V2/PR-369/Edit_Meeting_Scorecard/Column3")): Object: 'Object Repository/V2/PR-369/Edit_Meeting_Scorecard/Column3' is clicked on

2020-09-09 09:58:26 - [MESSAGE][PASSED] - Object: 'Object Repository/V2/PR-369/Edit_Meeting_Scorecard/Column3' is clicked on

2020-09-09 09:58:26 - [TEST_STEP][PASSED] - setText(findTestObject("V2/PR-369/Edit_Meeting_Scorecard/Column3"), Column3): Text 'yes' is set on object 'Object Repository/V2/PR-369/Edit_Meeting_Scorecard/Column3'

2020-09-09 09:58:26 - [MESSAGE][PASSED] - Text 'yes' is set on object 'Object Repository/V2/PR-369/Edit_Meeting_Scorecard/Column3'

2020-09-09 09:58:26 - [TEST_STEP][PASSED] - click(findTestObject("V2/PR-369/Edit_Meeting_Scorecard/Column4")): Object: 'Object Repository/V2/PR-369/Edit_Meeting_Scorecard/Column4' is clicked on

2020-09-09 09:58:26 - [MESSAGE][PASSED] - Object: 'Object Repository/V2/PR-369/Edit_Meeting_Scorecard/Column4' is clicked on

2020-09-09 09:58:26 - [TEST_STEP][PASSED] - setText(findTestObject("V2/PR-369/Edit_Meeting_Scorecard/Column4"), Column4): Text 'YES' is set on object 'Object Repository/V2/PR-369/Edit_Meeting_Scorecard/Column4'

2020-09-09 09:58:26 - [MESSAGE][PASSED] - Text 'YES' is set on object 'Object Repository/V2/PR-369/Edit_Meeting_Scorecard/Column4'

2020-09-09 09:58:26 - [TEST_STEP][PASSED] - click(findTestObject("V2/PR-369/Edit_Meeting_Scorecard/Column5")): Object: 'Object Repository/V2/PR-369/Edit_Meeting_Scorecard/Column5' is clicked on

2020-09-09 09:58:26 - [MESSAGE][PASSED] - Object: 'Object Repository/V2/PR-369/Edit_Meeting_Scorecard/Column5' is clicked on

2020-09-09 09:58:26 - [TEST_STEP][PASSED] - setText(findTestObject("V2/PR-369/Edit_Meeting_Scorecard/Column5"), Column5): Text 'No' is set on object 'Object Repository/V2/PR-369/Edit_Meeting_Scorecard/Column5'

2020-09-09 09:58:26 - [MESSAGE][PASSED] - Text 'No' is set on object 'Object Repository/V2/PR-369/Edit_Meeting_Scorecard/Column5'

2020-09-09 09:58:26 - [TEST_STEP][PASSED] - click(findTestObject("V2/PR-369/Edit_Meeting_Scorecard/Column6")): Object: 'Object Repository/V2/PR-369/Edit_Meeting_Scorecard/Column6' is clicked on

2020-09-09 09:58:26 - [MESSAGE][PASSED] - Object: 'Object Repository/V2/PR-369/Edit_Meeting_Scorecard/Column6' is clicked on

2020-09-09 09:58:26 - [TEST_STEP][PASSED] - setText(findTestObject("V2/PR-369/Edit_Meeting_Scorecard/Column6"), Column6): Text 'YES' is set on object 'Object Repository/V2/PR-369/Edit_Meeting_Scorecard/Column6'

2020-09-09 09:58:26 - [MESSAGE][PASSED] - Text 'YES' is set on object 'Object Repository/V2/PR-369/Edit_Meeting_Scorecard/Column6'

2020-09-09 09:58:26 - [TEST_STEP][PASSED] - waitForElementVisible(verifyMeasurable, DefaultTimeout): Object '' is visible

2020-09-09 09:58:26 - [MESSAGE][PASSED] - Object '' is visible

2020-09-09 09:58:26 - [TEST_STEP][PASSED] - click(verifyMeasurable): Object: '' is clicked on

2020-09-09 09:58:26 - [MESSAGE][PASSED] - Object: '' is clicked on

2020-09-09 09:58:26 - [TEST_STEP][PASSED] - delay(10): Delayed 10 second(s)

2020-09-09 09:58:36 - [MESSAGE][PASSED] - Delayed 10 second(s)

2020-09-09 09:58:36 - [TEST_STEP][PASSED] - waitForElementVisible(findTestObject("V2/PR-369/UpdateEditMeetingScorecard/Edit_Measurable_Title_Field"), DefaultTimeout): Object 'Object Repository/V2/PR-369/UpdateEditMeetingScorecard/Edit_Measurable_Title_Field' is visible

2020-09-09 09:58:36 - [MESSAGE][PASSED] - Object 'Object Repository/V2/PR-369/UpdateEditMeetingScorecard/Edit_Measurable_Title_Field' is visible

2020-09-09 09:58:36 - [TEST_STEP][PASSED] - click(findTestObject("V2/PR-369/UpdateEditMeetingScorecard/Edit_Measurable_Title_Field")): Object: 'Object Repository/V2/PR-369/UpdateEditMeetingScorecard/Edit_Measurable_Title_Field' is clicked on

2020-09-09 09:58:37 - [MESSAGE][PASSED] - Object: 'Object Repository/V2/PR-369/UpdateEditMeetingScorecard/Edit_Measurable_Title_Field' is clicked on

2020-09-09 09:58:37 - [TEST_STEP][PASSED] - sendKeys(findTestObject("V2/PR-369/UpdateEditMeetingScorecard/Edit_Measurable_Title_Field"), Keys.chord(LEFT_CONTROL, "a", BACK_SPACE)): Keys 'CONTROL + BACK_SPACE + a' sent to object: 'Object Repository/V2/PR-369/UpdateEditMeetingScorecard/Edit_Measurable_Title_Field'

2020-09-09 09:58:37 - [MESSAGE][PASSED] - Keys 'CONTROL + BACK_SPACE + a' sent to object: 'Object Repository/V2/PR-369/UpdateEditMeetingScorecard/Edit_Measurable_Title_Field'

2020-09-09 09:58:37 - [TEST_STEP][PASSED] - setText(findTestObject("V2/PR-369/UpdateEditMeetingScorecard/Edit_Measurable_Title_Field"), editMeasurableName): Text 'Updated QA Automation Edit Meeting Scorecard' is set on object 'Object Repository/V2/PR-369/UpdateEditMeetingScorecard/Edit_Measurable_Title_Field'

2020-09-09 09:58:37 - [MESSAGE][PASSED] - Text 'Updated QA Automation Edit Meeting Scorecard' is set on object 'Object Repository/V2/PR-369/UpdateEditMeetingScorecard/Edit_Measurable_Title_Field'

2020-09-09 09:58:37 - [TEST_STEP][PASSED] - waitForElementVisible(findTestObject("V2/PR-369/UpdateEditMeetingScorecard/Edit_Goal_Type_Field"), DefaultTimeout): Object 'Object Repository/V2/PR-369/UpdateEditMeetingScorecard/Edit_Goal_Type_Field' is visible

2020-09-09 09:58:37 - [MESSAGE][PASSED] - Object 'Object Repository/V2/PR-369/UpdateEditMeetingScorecard/Edit_Goal_Type_Field' is visible

2020-09-09 09:58:37 - [TEST_STEP][PASSED] - click(findTestObject("V2/PR-369/UpdateEditMeetingScorecard/Edit_Goal_Type_Field")): Object: 'Object Repository/V2/PR-369/UpdateEditMeetingScorecard/Edit_Goal_Type_Field' is clicked on

2020-09-09 09:58:37 - [MESSAGE][PASSED] - Object: 'Object Repository/V2/PR-369/UpdateEditMeetingScorecard/Edit_Goal_Type_Field' is clicked on

2020-09-09 09:58:37 - [TEST_STEP][PASSED] - waitForElementVisible(findTestObject("V2/PR-369/UpdateEditMeetingScorecard/Edit_Goal_Type_Number"), DefaultTimeout): Object 'Object Repository/V2/PR-369/UpdateEditMeetingScorecard/Edit_Goal_Type_Number' is visible

2020-09-09 09:58:37 - [MESSAGE][PASSED] - Object 'Object Repository/V2/PR-369/UpdateEditMeetingScorecard/Edit_Goal_Type_Number' is visible

2020-09-09 09:58:37 - [TEST_STEP][PASSED] - click(findTestObject("V2/PR-369/UpdateEditMeetingScorecard/Edit_Goal_Type_Number")): Object: 'Object Repository/V2/PR-369/UpdateEditMeetingScorecard/Edit_Goal_Type_Number' is clicked on

2020-09-09 09:58:37 - [MESSAGE][PASSED] - Object: 'Object Repository/V2/PR-369/UpdateEditMeetingScorecard/Edit_Goal_Type_Number' is clicked on

2020-09-09 09:58:37 - [TEST_STEP][PASSED] - waitForElementVisible(findTestObject("V2/PR-369/UpdateEditMeetingScorecard/Edit_Unit_Field"), DefaultTimeout): Object 'Object Repository/V2/PR-369/UpdateEditMeetingScorecard/Edit_Unit_Field' is visible

2020-09-09 09:58:37 - [MESSAGE][PASSED] - Object 'Object Repository/V2/PR-369/UpdateEditMeetingScorecard/Edit_Unit_Field' is visible

2020-09-09 09:58:37 - [TEST_STEP][PASSED] - click(findTestObject("V2/PR-369/UpdateEditMeetingScorecard/Edit_Unit_Field")): Object: 'Object Repository/V2/PR-369/UpdateEditMeetingScorecard/Edit_Unit_Field' is clicked on

2020-09-09 09:58:37 - [MESSAGE][PASSED] - Object: 'Object Repository/V2/PR-369/UpdateEditMeetingScorecard/Edit_Unit_Field' is clicked on

2020-09-09 09:58:37 - [TEST_STEP][PASSED] - editUnit = tt_CustomKeywords.CustomKeywords.CreateDynamicElement(editUnit_Obj, editUnit, "xpath"): Successfully created new dynamic object: //div[contains(@id,'EDIT_MEASURABLE')]//div[@role='listbox'][@class='visible menu transition']/div/span[text()='Dollars ($)']

2020-09-09 09:58:37 - [MESSAGE][PASSED] - Successfully created new dynamic object: //div[contains(@id,'EDIT_MEASURABLE')]//div[@role='listbox'][@class='visible menu transition']/div/span[text()='Dollars ($)']

2020-09-09 09:58:37 - [TEST_STEP][PASSED] - waitForElementVisible(editUnit, DefaultTimeout): Object '' is visible

2020-09-09 09:58:38 - [MESSAGE][PASSED] - Object '' is visible

2020-09-09 09:58:38 - [TEST_STEP][PASSED] - click(editUnit): Object: '' is clicked on

2020-09-09 09:58:38 - [MESSAGE][PASSED] - Object: '' is clicked on

2020-09-09 09:58:38 - [TEST_STEP][PASSED] - waitForElementVisible(findTestObject("V2/PR-369/UpdateEditMeetingScorecard/Edit_Goal"), DefaultTimeout): Object 'Object Repository/V2/PR-369/UpdateEditMeetingScorecard/Edit_Goal' is visible

2020-09-09 09:58:38 - [MESSAGE][PASSED] - Object 'Object Repository/V2/PR-369/UpdateEditMeetingScorecard/Edit_Goal' is visible

2020-09-09 09:58:38 - [TEST_STEP][PASSED] - click(findTestObject("V2/PR-369/UpdateEditMeetingScorecard/Edit_Goal")): Object: 'Object Repository/V2/PR-369/UpdateEditMeetingScorecard/Edit_Goal' is clicked on

2020-09-09 09:58:38 - [MESSAGE][PASSED] - Object: 'Object Repository/V2/PR-369/UpdateEditMeetingScorecard/Edit_Goal' is clicked on

2020-09-09 09:58:38 - [TEST_STEP][PASSED] - clearText(findTestObject("V2/PR-369/UpdateEditMeetingScorecard/Edit_Goal")): Text of object 'Object Repository/V2/PR-369/UpdateEditMeetingScorecard/Edit_Goal' is cleared

2020-09-09 09:58:38 - [MESSAGE][PASSED] - Text of object 'Object Repository/V2/PR-369/UpdateEditMeetingScorecard/Edit_Goal' is cleared

2020-09-09 09:58:38 - [TEST_STEP][PASSED] - setText(findTestObject("V2/PR-369/UpdateEditMeetingScorecard/Edit_Goal"), editGoal): Text '1' is set on object 'Object Repository/V2/PR-369/UpdateEditMeetingScorecard/Edit_Goal'

2020-09-09 09:58:38 - [MESSAGE][PASSED] - Text '1' is set on object 'Object Repository/V2/PR-369/UpdateEditMeetingScorecard/Edit_Goal'

2020-09-09 09:58:38 - [TEST_STEP][PASSED] - waitForElementVisible(findTestObject("V2/PR-369/UpdateEditMeetingScorecard/Edit_Goal_Description"), DefaultTimeout): Object 'Object Repository/V2/PR-369/UpdateEditMeetingScorecard/Edit_Goal_Description' is visible

2020-09-09 09:58:38 - [MESSAGE][PASSED] - Object 'Object Repository/V2/PR-369/UpdateEditMeetingScorecard/Edit_Goal_Description' is visible

2020-09-09 09:58:38 - [TEST_STEP][PASSED] - setText(findTestObject("V2/PR-369/UpdateEditMeetingScorecard/Edit_Goal_Description"), editGoalDescription): Text 'USD' is set on object 'Object Repository/V2/PR-369/UpdateEditMeetingScorecard/Edit_Goal_Description'

2020-09-09 09:58:38 - [MESSAGE][PASSED] - Text 'USD' is set on object 'Object Repository/V2/PR-369/UpdateEditMeetingScorecard/Edit_Goal_Description'

2020-09-09 09:58:38 - [TEST_STEP][PASSED] - waitForElementVisible(findTestObject("V2/PR-369/UpdateEditMeetingScorecard/Edit_Accountable"), DefaultTimeout): Object 'Object Repository/V2/PR-369/UpdateEditMeetingScorecard/Edit_Accountable' is visible

2020-09-09 09:58:38 - [MESSAGE][PASSED] - Object 'Object Repository/V2/PR-369/UpdateEditMeetingScorecard/Edit_Accountable' is visible

2020-09-09 09:58:38 - [TEST_STEP][PASSED] - click(findTestObject("V2/PR-369/UpdateEditMeetingScorecard/Edit_Accountable")): Object: 'Object Repository/V2/PR-369/UpdateEditMeetingScorecard/Edit_Accountable' is clicked on

2020-09-09 09:58:38 - [MESSAGE][PASSED] - Object: 'Object Repository/V2/PR-369/UpdateEditMeetingScorecard/Edit_Accountable' is clicked on

2020-09-09 09:58:38 - [TEST_STEP][PASSED] - editAccountable = tt_CustomKeywords.CustomKeywords.CreateDynamicElement(editAccountable_Obj, editAccountable, "xpath"): Successfully created new dynamic object: //div[contains(@id,'EDIT_MEASURABLE')]//div[@role='listbox'][@class='visible menu transition']/div[contains(@class,'item')]/span[text()='Admin User']

2020-09-09 09:58:38 - [MESSAGE][PASSED] - Successfully created new dynamic object: //div[contains(@id,'EDIT_MEASURABLE')]//div[@role='listbox'][@class='visible menu transition']/div[contains(@class,'item')]/span[text()='Admin User']

2020-09-09 09:58:38 - [TEST_STEP][PASSED] - waitForElementVisible(editAccountable, DefaultTimeout): Object '' is visible

2020-09-09 09:58:38 - [MESSAGE][PASSED] - Object '' is visible

2020-09-09 09:58:38 - [TEST_STEP][PASSED] - click(editAccountable): Object: '' is clicked on

2020-09-09 09:58:38 - [MESSAGE][PASSED] - Object: '' is clicked on

2020-09-09 09:58:38 - [TEST_STEP][PASSED] - waitForElementVisible(findTestObject("V2/PR-369/UpdateEditMeetingScorecard/Edit_Admin_Access"), DefaultTimeout): Object 'Object Repository/V2/PR-369/UpdateEditMeetingScorecard/Edit_Admin_Access' is visible

2020-09-09 09:58:38 - [MESSAGE][PASSED] - Object 'Object Repository/V2/PR-369/UpdateEditMeetingScorecard/Edit_Admin_Access' is visible

2020-09-09 09:58:38 - [TEST_STEP][PASSED] - click(findTestObject("V2/PR-369/UpdateEditMeetingScorecard/Edit_Admin_Access")): Object: 'Object Repository/V2/PR-369/UpdateEditMeetingScorecard/Edit_Admin_Access' is clicked on

2020-09-09 09:58:38 - [MESSAGE][PASSED] - Object: 'Object Repository/V2/PR-369/UpdateEditMeetingScorecard/Edit_Admin_Access' is clicked on

2020-09-09 09:58:38 - [TEST_STEP][PASSED] - editAdminAccess = tt_CustomKeywords.CustomKeywords.CreateDynamicElement(editAdminAccess_Obj, editAdminAccess, "xpath"): Successfully created new dynamic object: //div[contains(@id,'EDIT_MEASURABLE')]//div[@class='visible menu transition']/div[contains(@class,'item')]/span[text()='Admin User']

2020-09-09 09:58:38 - [MESSAGE][PASSED] - Successfully created new dynamic object: //div[contains(@id,'EDIT_MEASURABLE')]//div[@class='visible menu transition']/div[contains(@class,'item')]/span[text()='Admin User']

2020-09-09 09:58:38 - [TEST_STEP][PASSED] - waitForElementVisible(editAdminAccess, DefaultTimeout): Object '' is visible

2020-09-09 09:58:38 - [MESSAGE][PASSED] - Object '' is visible

2020-09-09 09:58:38 - [TEST_STEP][PASSED] - click(editAdminAccess): Object: '' is clicked on

2020-09-09 09:58:38 - [MESSAGE][PASSED] - Object: '' is clicked on

2020-09-09 09:58:38 - [TEST_STEP][PASSED] - waitForElementVisible(findTestObject("V2/PR-369/UpdateEditMeetingScorecard/Edit_Show_Advanced_Fields_Button"), DefaultTimeout): Object 'Object Repository/V2/PR-369/UpdateEditMeetingScorecard/Edit_Show_Advanced_Fields_Button' is visible

2020-09-09 09:58:39 - [MESSAGE][PASSED] - Object 'Object Repository/V2/PR-369/UpdateEditMeetingScorecard/Edit_Show_Advanced_Fields_Button' is visible

2020-09-09 09:58:39 - [TEST_STEP][PASSED] - click(findTestObject("V2/PR-369/UpdateEditMeetingScorecard/Edit_Show_Advanced_Fields_Button")): Object: 'Object Repository/V2/PR-369/UpdateEditMeetingScorecard/Edit_Show_Advanced_Fields_Button' is clicked on

2020-09-09 09:58:39 - [MESSAGE][PASSED] - Object: 'Object Repository/V2/PR-369/UpdateEditMeetingScorecard/Edit_Show_Advanced_Fields_Button' is clicked on

2020-09-09 09:58:39 - [TEST_STEP][PASSED] - waitForElementVisible(findTestObject("V2/PR-369/UpdateEditMeetingScorecard/Edit_Average_DateField"), DefaultTimeout): Object 'Object Repository/V2/PR-369/UpdateEditMeetingScorecard/Edit_Average_DateField' is visible

2020-09-09 09:58:39 - [MESSAGE][PASSED] - Object 'Object Repository/V2/PR-369/UpdateEditMeetingScorecard/Edit_Average_DateField' is visible

2020-09-09 09:58:39 - [TEST_STEP][PASSED] - click(findTestObject("V2/PR-369/UpdateEditMeetingScorecard/Edit_Average_DateField")): Object: 'Object Repository/V2/PR-369/UpdateEditMeetingScorecard/Edit_Average_DateField' is clicked on

2020-09-09 09:58:39 - [MESSAGE][PASSED] - Object: 'Object Repository/V2/PR-369/UpdateEditMeetingScorecard/Edit_Average_DateField' is clicked on

2020-09-09 09:58:39 - [TEST_STEP][PASSED] - waitForElementVisible(findTestObject("V2/PR-369/Edit_Meeting_Scorecard/A_Date29"), DefaultTimeout): Object 'Object Repository/V2/PR-369/Edit_Meeting_Scorecard/A_Date29' is visible

2020-09-09 09:58:39 - [MESSAGE][PASSED] - Object 'Object Repository/V2/PR-369/Edit_Meeting_Scorecard/A_Date29' is visible

2020-09-09 09:58:39 - [TEST_STEP][PASSED] - click(findTestObject("V2/PR-369/Edit_Meeting_Scorecard/A_Date29")): Object: 'Object Repository/V2/PR-369/Edit_Meeting_Scorecard/A_Date29' is clicked on

2020-09-09 09:58:39 - [MESSAGE][PASSED] - Object: 'Object Repository/V2/PR-369/Edit_Meeting_Scorecard/A_Date29' is clicked on

2020-09-09 09:58:39 - [TEST_STEP][PASSED] - waitForElementVisible(findTestObject("V2/PR-369/Edit_Meeting_Scorecard/Average_Checkbox"), DefaultTimeout): Object 'Object Repository/V2/PR-369/Edit_Meeting_Scorecard/Average_Checkbox' is visible

2020-09-09 09:58:39 - [MESSAGE][PASSED] - Object 'Object Repository/V2/PR-369/Edit_Meeting_Scorecard/Average_Checkbox' is visible

2020-09-09 09:58:39 - [TEST_STEP][PASSED] - check(findTestObject("V2/PR-369/Edit_Meeting_Scorecard/Average_Checkbox")): Object 'Object Repository/V2/PR-369/Edit_Meeting_Scorecard/Average_Checkbox' is checked

2020-09-09 09:58:40 - [MESSAGE][PASSED] - Object 'Object Repository/V2/PR-369/Edit_Meeting_Scorecard/Average_Checkbox' is checked

2020-09-09 09:58:40 - [TEST_STEP][PASSED] - waitForElementVisible(findTestObject("V2/PR-369/UpdateEditMeetingScorecard/Edit_Cumulative_DateField"), DefaultTimeout): Object 'Object Repository/V2/PR-369/UpdateEditMeetingScorecard/Edit_Cumulative_DateField' is visible

2020-09-09 09:58:40 - [MESSAGE][PASSED] - Object 'Object Repository/V2/PR-369/UpdateEditMeetingScorecard/Edit_Cumulative_DateField' is visible

2020-09-09 09:58:40 - [TEST_STEP][PASSED] - click(findTestObject("V2/PR-369/UpdateEditMeetingScorecard/Edit_Cumulative_DateField")): Object: 'Object Repository/V2/PR-369/UpdateEditMeetingScorecard/Edit_Cumulative_DateField' is clicked on

2020-09-09 09:58:40 - [MESSAGE][PASSED] - Object: 'Object Repository/V2/PR-369/UpdateEditMeetingScorecard/Edit_Cumulative_DateField' is clicked on

2020-09-09 09:58:40 - [TEST_STEP][PASSED] - waitForElementVisible(findTestObject("V2/PR-369/Edit_Meeting_Scorecard/A_Date29"), DefaultTimeout): Object 'Object Repository/V2/PR-369/Edit_Meeting_Scorecard/A_Date29' is visible

2020-09-09 09:58:40 - [MESSAGE][PASSED] - Object 'Object Repository/V2/PR-369/Edit_Meeting_Scorecard/A_Date29' is visible

2020-09-09 09:58:40 - [TEST_STEP][PASSED] - click(findTestObject("V2/PR-369/Edit_Meeting_Scorecard/A_Date29")): Object: 'Object Repository/V2/PR-369/Edit_Meeting_Scorecard/A_Date29' is clicked on

2020-09-09 09:58:40 - [MESSAGE][PASSED] - Object: 'Object Repository/V2/PR-369/Edit_Meeting_Scorecard/A_Date29' is clicked on

2020-09-09 09:58:40 - [TEST_STEP][PASSED] - waitForElementVisible(findTestObject("V2/PR-369/Edit_Meeting_Scorecard/Cumulative_Checkbox"), DefaultTimeout): Object 'Object Repository/V2/PR-369/Edit_Meeting_Scorecard/Cumulative_Checkbox' is visible

2020-09-09 09:58:40 - [MESSAGE][PASSED] - Object 'Object Repository/V2/PR-369/Edit_Meeting_Scorecard/Cumulative_Checkbox' is visible

2020-09-09 09:58:40 - [TEST_STEP][PASSED] - check(findTestObject("V2/PR-369/Edit_Meeting_Scorecard/Cumulative_Checkbox")): Object 'Object Repository/V2/PR-369/Edit_Meeting_Scorecard/Cumulative_Checkbox' is checked

2020-09-09 09:58:40 - [MESSAGE][PASSED] - Object 'Object Repository/V2/PR-369/Edit_Meeting_Scorecard/Cumulative_Checkbox' is checked

2020-09-09 09:58:40 - [TEST_STEP][PASSED] - waitForElementVisible(findTestObject("V2/PR-369/UpdateEditMeetingScorecard/Edit_Update_Button"), DefaultTimeout): Object 'Object Repository/V2/PR-369/UpdateEditMeetingScorecard/Edit_Update_Button' is visible

2020-09-09 09:58:40 - [MESSAGE][PASSED] - Object 'Object Repository/V2/PR-369/UpdateEditMeetingScorecard/Edit_Update_Button' is visible

2020-09-09 09:58:40 - [TEST_STEP][PASSED] - click(findTestObject("V2/PR-369/UpdateEditMeetingScorecard/Edit_Update_Button")): Object: 'Object Repository/V2/PR-369/UpdateEditMeetingScorecard/Edit_Update_Button' is clicked on

2020-09-09 09:58:40 - [MESSAGE][PASSED] - Object: 'Object Repository/V2/PR-369/UpdateEditMeetingScorecard/Edit_Update_Button' is clicked on

2020-09-09 09:58:40 - [TEST_STEP][PASSED] - delay(10): Delayed 10 second(s)

2020-09-09 09:58:50 - [MESSAGE][PASSED] - Delayed 10 second(s)

2020-09-09 09:58:50 - [TEST_STEP][PASSED] - verifyUpdatedScorecard = tt_CustomKeywords.CustomKeywords.CreateDynamicElement(verifyScorecard, editMeasurableName, "xpath"): Successfully created new dynamic object: //div[@data-test-id='measurables']//descendant::div[text()='Updated QA Automation Edit Meeting Scorecard']

2020-09-09 09:58:50 - [MESSAGE][PASSED] - Successfully created new dynamic object: //div[@data-test-id='measurables']//descendant::div[text()='Updated QA Automation Edit Meeting Scorecard']

2020-09-09 09:58:50 - [TEST_STEP][PASSED] - verifyElementPresent(verifyUpdatedScorecard, DefaultTimeout): Object '' is present

2020-09-09 09:58:50 - [MESSAGE][PASSED] - Object '' is present

2020-09-09 09:58:50 - [TEST_STEP][PASSED] - click(findTestObject("V2/PR-369/UpdateEditMeetingScorecard/EditColumn2")): Object: 'Object Repository/V2/PR-369/UpdateEditMeetingScorecard/EditColumn2' is clicked on

2020-09-09 09:58:50 - [MESSAGE][PASSED] - Object: 'Object Repository/V2/PR-369/UpdateEditMeetingScorecard/EditColumn2' is clicked on

2020-09-09 09:58:50 - [TEST_STEP][PASSED] - clearText(findTestObject("V2/PR-369/UpdateEditMeetingScorecard/EditColumn2")): Text of object 'Object Repository/V2/PR-369/UpdateEditMeetingScorecard/EditColumn2' is cleared

2020-09-09 09:58:50 - [MESSAGE][PASSED] - Text of object 'Object Repository/V2/PR-369/UpdateEditMeetingScorecard/EditColumn2' is cleared

2020-09-09 09:58:50 - [TEST_STEP][PASSED] - setText(findTestObject("V2/PR-369/UpdateEditMeetingScorecard/EditColumn2"), editColumn2): Text '200' is set on object 'Object Repository/V2/PR-369/UpdateEditMeetingScorecard/EditColumn2'

2020-09-09 09:58:50 - [MESSAGE][PASSED] - Text '200' is set on object 'Object Repository/V2/PR-369/UpdateEditMeetingScorecard/EditColumn2'

2020-09-09 09:58:50 - [TEST_STEP][PASSED] - click(findTestObject("V2/PR-369/UpdateEditMeetingScorecard/EditColumn3")): Object: 'Object Repository/V2/PR-369/UpdateEditMeetingScorecard/EditColumn3' is clicked on

2020-09-09 09:58:50 - [MESSAGE][PASSED] - Object: 'Object Repository/V2/PR-369/UpdateEditMeetingScorecard/EditColumn3' is clicked on

2020-09-09 09:58:50 - [TEST_STEP][PASSED] - clearText(findTestObject("V2/PR-369/UpdateEditMeetingScorecard/EditColumn3")): Text of object 'Object Repository/V2/PR-369/UpdateEditMeetingScorecard/EditColumn3' is cleared

2020-09-09 09:58:51 - [MESSAGE][PASSED] - Text of object 'Object Repository/V2/PR-369/UpdateEditMeetingScorecard/EditColumn3' is cleared

2020-09-09 09:58:51 - [TEST_STEP][PASSED] - setText(findTestObject("V2/PR-369/UpdateEditMeetingScorecard/EditColumn3"), editColumn3): Text '200' is set on object 'Object Repository/V2/PR-369/UpdateEditMeetingScorecard/EditColumn3'

2020-09-09 09:58:51 - [MESSAGE][PASSED] - Text '200' is set on object 'Object Repository/V2/PR-369/UpdateEditMeetingScorecard/EditColumn3'

2020-09-09 09:58:51 - [TEST_STEP][PASSED] - click(findTestObject("V2/PR-369/UpdateEditMeetingScorecard/EditColumn4")): Object: 'Object Repository/V2/PR-369/UpdateEditMeetingScorecard/EditColumn4' is clicked on

2020-09-09 09:58:51 - [MESSAGE][PASSED] - Object: 'Object Repository/V2/PR-369/UpdateEditMeetingScorecard/EditColumn4' is clicked on

2020-09-09 09:58:51 - [TEST_STEP][PASSED] - clearText(findTestObject("V2/PR-369/UpdateEditMeetingScorecard/EditColumn4")): Text of object 'Object Repository/V2/PR-369/UpdateEditMeetingScorecard/EditColumn4' is cleared

2020-09-09 09:58:51 - [MESSAGE][PASSED] - Text of object 'Object Repository/V2/PR-369/UpdateEditMeetingScorecard/EditColumn4' is cleared

2020-09-09 09:58:51 - [TEST_STEP][PASSED] - setText(findTestObject("V2/PR-369/UpdateEditMeetingScorecard/EditColumn4"), editColumn4): Text '10' is set on object 'Object Repository/V2/PR-369/UpdateEditMeetingScorecard/EditColumn4'

2020-09-09 09:58:51 - [MESSAGE][PASSED] - Text '10' is set on object 'Object Repository/V2/PR-369/UpdateEditMeetingScorecard/EditColumn4'

2020-09-09 09:58:51 - [TEST_STEP][PASSED] - click(findTestObject("V2/PR-369/UpdateEditMeetingScorecard/EditColumn5")): Object: 'Object Repository/V2/PR-369/UpdateEditMeetingScorecard/EditColumn5' is clicked on

2020-09-09 09:58:51 - [MESSAGE][PASSED] - Object: 'Object Repository/V2/PR-369/UpdateEditMeetingScorecard/EditColumn5' is clicked on

2020-09-09 09:58:51 - [TEST_STEP][PASSED] - clearText(findTestObject("V2/PR-369/UpdateEditMeetingScorecard/EditColumn5")): Text of object 'Object Repository/V2/PR-369/UpdateEditMeetingScorecard/EditColumn5' is cleared

2020-09-09 09:58:51 - [MESSAGE][PASSED] - Text of object 'Object Repository/V2/PR-369/UpdateEditMeetingScorecard/EditColumn5' is cleared

2020-09-09 09:58:51 - [TEST_STEP][PASSED] - setText(findTestObject("V2/PR-369/UpdateEditMeetingScorecard/EditColumn5"), editColumn5): Text '30' is set on object 'Object Repository/V2/PR-369/UpdateEditMeetingScorecard/EditColumn5'

2020-09-09 09:58:51 - [MESSAGE][PASSED] - Text '30' is set on object 'Object Repository/V2/PR-369/UpdateEditMeetingScorecard/EditColumn5'

2020-09-09 09:58:51 - [TEST_STEP][PASSED] - click(findTestObject("V2/PR-369/UpdateEditMeetingScorecard/EditColumn6")): Object: 'Object Repository/V2/PR-369/UpdateEditMeetingScorecard/EditColumn6' is clicked on

2020-09-09 09:58:51 - [MESSAGE][PASSED] - Object: 'Object Repository/V2/PR-369/UpdateEditMeetingScorecard/EditColumn6' is clicked on

2020-09-09 09:58:51 - [TEST_STEP][PASSED] - clearText(findTestObject("V2/PR-369/UpdateEditMeetingScorecard/EditColumn6")): Text of object 'Object Repository/V2/PR-369/UpdateEditMeetingScorecard/EditColumn6' is cleared

2020-09-09 09:58:51 - [MESSAGE][PASSED] - Text of object 'Object Repository/V2/PR-369/UpdateEditMeetingScorecard/EditColumn6' is cleared

2020-09-09 09:58:51 - [TEST_STEP][PASSED] - setText(findTestObject("V2/PR-369/UpdateEditMeetingScorecard/EditColumn6"), editColumn6): Text '500' is set on object 'Object Repository/V2/PR-369/UpdateEditMeetingScorecard/EditColumn6'

2020-09-09 09:58:51 - [MESSAGE][PASSED] - Text '500' is set on object 'Object Repository/V2/PR-369/UpdateEditMeetingScorecard/EditColumn6'

2020-09-09 09:58:51 - [TEST_STEP][PASSED] - click(findTestObject("V2/PR-369/UpdateEditMeetingScorecard/EditColumn7")): Object: 'Object Repository/V2/PR-369/UpdateEditMeetingScorecard/EditColumn7' is clicked on

2020-09-09 09:58:51 - [MESSAGE][PASSED] - Object: 'Object Repository/V2/PR-369/UpdateEditMeetingScorecard/EditColumn7' is clicked on

2020-09-09 09:58:51 - [TEST_STEP][PASSED] - clearText(findTestObject("V2/PR-369/UpdateEditMeetingScorecard/EditColumn7")): Text of object 'Object Repository/V2/PR-369/UpdateEditMeetingScorecard/EditColumn7' is cleared

2020-09-09 09:58:51 - [MESSAGE][PASSED] - Text of object 'Object Repository/V2/PR-369/UpdateEditMeetingScorecard/EditColumn7' is cleared

2020-09-09 09:58:51 - [TEST_STEP][PASSED] - setText(findTestObject("V2/PR-369/UpdateEditMeetingScorecard/EditColumn7"), editColumn7): Text '200' is set on object 'Object Repository/V2/PR-369/UpdateEditMeetingScorecard/EditColumn7'

2020-09-09 09:58:52 - [MESSAGE][PASSED] - Text '200' is set on object 'Object Repository/V2/PR-369/UpdateEditMeetingScorecard/EditColumn7'

2020-09-09 09:58:52 - [MESSAGE][PASSED] - Call Test Case 'Test Cases/V2/Test Case/Tests/PR-369 - EditMeetingAgenda/Test Cases/Positive/Admin/PR_369_11_EditMeetingEditScorecard_Admin' successfully

2020-09-09 09:58:52 - [TEST_STEP][PASSED] - changeWebDriver(driver2): null

2020-09-09 09:58:52 - [TEST_STEP][PASSED] - callTestCase(findTestCase("V2/Test Case/Tests/PR-369 - EditMeetingAgenda/Test Cases/Positive/Supervisor/PR_369_11_EditMeetingEditScorecard_Supervisor"), ["userName":"jeff+075@mytractiontools.com", "passWord":"Skyline69A*", "meetingRowPosition":"3", "editMeetingMenu_Obj":"//div[@id='root']/div/div[2]/div/div/div/div[2]/div/div[%s]/div[3]/button/i", ... ], STOP_ON_FAILURE): Call Test Case 'Test Cases/V2/Test Case/Tests/PR-369 - EditMeetingAgenda/Test Cases/Positive/Supervisor/PR_369_11_EditMeetingEditScorecard_Supervisor' successfully

2020-09-09 09:58:52 - [TEST_CASE][PASSED] - Test Cases/V2/Test Case/Tests/PR-369 - EditMeetingAgenda/Test Cases/Positive/Supervisor/PR_369_11_EditMeetingEditScorecard_Supervisor: Test Cases/V2/Test Case/Tests/PR-369 - EditMeetingAgenda/Test Cases/Positive/Supervisor/PR_369_11_EditMeetingEditScorecard_Supervisor

2020-09-09 09:58:52 - [TEST_STEP][PASSED] - waitForElementVisible(findTestObject("V2/Commons/DasboardPage_SidebarMenu/MeetingsMenu"), DefaultTimeout): Object 'Object Repository/V2/Commons/DasboardPage_SidebarMenu/MeetingsMenu' is visible

2020-09-09 09:58:52 - [MESSAGE][PASSED] - Object 'Object Repository/V2/Commons/DasboardPage_SidebarMenu/MeetingsMenu' is visible

2020-09-09 09:58:52 - [TEST_STEP][PASSED] - click(findTestObject("V2/Commons/DasboardPage_SidebarMenu/MeetingsMenu")): Object: 'Object Repository/V2/Commons/DasboardPage_SidebarMenu/MeetingsMenu' is clicked on

2020-09-09 09:58:52 - [MESSAGE][PASSED] - Object: 'Object Repository/V2/Commons/DasboardPage_SidebarMenu/MeetingsMenu' is clicked on

2020-09-09 09:58:52 - [TEST_STEP][PASSED] - meetingOpt_Obj = tt_CustomKeywords.CustomKeywords.CreateDynamicElement(meetingOptions_obj, meetingName, "xpath"): Successfully created new dynamic object: //h4[text()='Meeting Admin']/ancestor::div[contains(@class,'ListContainer')]/div[@class='listcontainer__options']/button

2020-09-09 09:58:52 - [MESSAGE][PASSED] - Successfully created new dynamic object: //h4[text()='Meeting Admin']/ancestor::div[contains(@class,'ListContainer')]/div[@class='listcontainer__options']/button

2020-09-09 09:58:52 - [TEST_STEP][PASSED] - waitForElementVisible(meetingOpt_Obj, DefaultTimeout): Object '' is visible

2020-09-09 09:58:53 - [MESSAGE][PASSED] - Object '' is visible

2020-09-09 09:58:53 - [TEST_STEP][PASSED] - click(meetingOpt_Obj): Object: '' is clicked on

2020-09-09 09:58:54 - [MESSAGE][PASSED] - Object: '' is clicked on

2020-09-09 09:58:54 - [TEST_STEP][PASSED] - click(findTestObject("V2/Commons/MeetingListPage/a_Edit meeting")): Object: 'Object Repository/V2/Commons/MeetingListPage/a_Edit meeting' is clicked on

2020-09-09 09:58:54 - [MESSAGE][PASSED] - Object: 'Object Repository/V2/Commons/MeetingListPage/a_Edit meeting' is clicked on

2020-09-09 09:58:54 - [TEST_STEP][PASSED] - waitForElementVisible(findTestObject("V2/PR-369/Edit_Meeting_Scorecard/Scorecard_Menu"), DefaultTimeout): Object 'Object Repository/V2/PR-369/Edit_Meeting_Scorecard/Scorecard_Menu' is visible

2020-09-09 09:58:55 - [MESSAGE][PASSED] - Object 'Object Repository/V2/PR-369/Edit_Meeting_Scorecard/Scorecard_Menu' is visible

2020-09-09 09:58:55 - [TEST_STEP][PASSED] - click(findTestObject("V2/PR-369/Edit_Meeting_Scorecard/Scorecard_Menu")): Object: 'Object Repository/V2/PR-369/Edit_Meeting_Scorecard/Scorecard_Menu' is clicked on

2020-09-09 09:58:55 - [MESSAGE][PASSED] - Object: 'Object Repository/V2/PR-369/Edit_Meeting_Scorecard/Scorecard_Menu' is clicked on

2020-09-09 09:58:55 - [TEST_STEP][PASSED] - click(findTestObject("V2/PR-369/Edit_Meeting_Scorecard/CreateScoreCardButton")): Object: 'Object Repository/V2/PR-369/Edit_Meeting_Scorecard/CreateScoreCardButton' is clicked on

2020-09-09 09:58:55 - [MESSAGE][PASSED] - Object: 'Object Repository/V2/PR-369/Edit_Meeting_Scorecard/CreateScoreCardButton' is clicked on

2020-09-09 09:58:55 - [TEST_STEP][PASSED] - click(findTestObject("V2/PR-369/Edit_Meeting_Scorecard/Create_New_Measurable")): Object: 'Object Repository/V2/PR-369/Edit_Meeting_Scorecard/Create_New_Measurable' is clicked on

2020-09-09 09:58:55 - [MESSAGE][PASSED] - Object: 'Object Repository/V2/PR-369/Edit_Meeting_Scorecard/Create_New_Measurable' is clicked on

2020-09-09 09:58:55 - [TEST_STEP][PASSED] - waitForElementVisible(findTestObject("V2/PR-369/Edit_Meeting_Scorecard/Measurable_Title_Field"), DefaultTimeout): Object 'Object Repository/V2/PR-369/Edit_Meeting_Scorecard/Measurable_Title_Field' is visible

2020-09-09 09:58:56 - [MESSAGE][PASSED] - Object 'Object Repository/V2/PR-369/Edit_Meeting_Scorecard/Measurable_Title_Field' is visible

2020-09-09 09:58:56 - [TEST_STEP][PASSED] - setText(findTestObject("V2/PR-369/Edit_Meeting_Scorecard/Measurable_Title_Field"), measurableTitle): Text 'Supervisor QA Automation Edit Meeting Scorecard' is set on object 'Object Repository/V2/PR-369/Edit_Meeting_Scorecard/Measurable_Title_Field'

2020-09-09 09:58:56 - [MESSAGE][PASSED] - Text 'Supervisor QA Automation Edit Meeting Scorecard' is set on object 'Object Repository/V2/PR-369/Edit_Meeting_Scorecard/Measurable_Title_Field'

2020-09-09 09:58:56 - [TEST_STEP][PASSED] - click(findTestObject("V2/PR-369/Edit_Meeting_Scorecard/Goal_Type_Field_Workspace")): Object: 'Object Repository/V2/PR-369/Edit_Meeting_Scorecard/Goal_Type_Field_Workspace' is clicked on

2020-09-09 09:58:56 - [MESSAGE][PASSED] - Object: 'Object Repository/V2/PR-369/Edit_Meeting_Scorecard/Goal_Type_Field_Workspace' is clicked on

2020-09-09 09:58:56 - [TEST_STEP][PASSED] - click(findTestObject("V2/PR-369/Edit_Meeting_Scorecard/Goal_Type_Text_Workspace")): Object: 'Object Repository/V2/PR-369/Edit_Meeting_Scorecard/Goal_Type_Text_Workspace' is clicked on

2020-09-09 09:58:56 - [MESSAGE][PASSED] - Object: 'Object Repository/V2/PR-369/Edit_Meeting_Scorecard/Goal_Type_Text_Workspace' is clicked on

2020-09-09 09:58:56 - [TEST_STEP][PASSED] - click(findTestObject("V2/PR-369/Edit_Meeting_Scorecard/Goal_Direction_TextField")): Object: 'Object Repository/V2/PR-369/Edit_Meeting_Scorecard/Goal_Direction_TextField' is clicked on

2020-09-09 09:58:56 - [MESSAGE][PASSED] - Object: 'Object Repository/V2/PR-369/Edit_Meeting_Scorecard/Goal_Direction_TextField' is clicked on

2020-09-09 09:58:56 - [TEST_STEP][PASSED] - click(findTestObject("V2/PR-369/Edit_Meeting_Scorecard/Goal_Direction_Equal")): Object: 'Object Repository/V2/PR-369/Edit_Meeting_Scorecard/Goal_Direction_Equal' is clicked on

2020-09-09 09:58:57 - [MESSAGE][PASSED] - Object: 'Object Repository/V2/PR-369/Edit_Meeting_Scorecard/Goal_Direction_Equal' is clicked on

2020-09-09 09:58:57 - [TEST_STEP][PASSED] - setText(findTestObject("V2/PR-369/Edit_Meeting_Scorecard/Goal_Field"), goalValue): Text 'YES' is set on object 'Object Repository/V2/PR-369/Edit_Meeting_Scorecard/Goal_Field'

2020-09-09 09:58:57 - [MESSAGE][PASSED] - Text 'YES' is set on object 'Object Repository/V2/PR-369/Edit_Meeting_Scorecard/Goal_Field'

2020-09-09 09:58:57 - [TEST_STEP][PASSED] - click(findTestObject("V2/PR-369/Edit_Meeting_Scorecard/Whosaccountable_Field")): Object: 'Object Repository/V2/PR-369/Edit_Meeting_Scorecard/Whosaccountable_Field' is clicked on

2020-09-09 09:58:57 - [MESSAGE][PASSED] - Object: 'Object Repository/V2/PR-369/Edit_Meeting_Scorecard/Whosaccountable_Field' is clicked on

2020-09-09 09:58:57 - [TEST_STEP][PASSED] - whosAccountableName = tt_CustomKeywords.CustomKeywords.CreateDynamicElement(WhosAccountable_Obj, WhosAccountable, "xpath"): Successfully created new dynamic object: //div[contains(@id,'editMeetingCreateScorecard')]/div[@data-test-id='createMeasurable']//div[@role='listbox'][@class='visible menu transition']/div[contains(@class,'item')]/span[text()='Supervisor User']

2020-09-09 09:58:57 - [MESSAGE][PASSED] - Successfully created new dynamic object: //div[contains(@id,'editMeetingCreateScorecard')]/div[@data-test-id='createMeasurable']//div[@role='listbox'][@class='visible menu transition']/div[contains(@class,'item')]/span[text()='Supervisor User']

2020-09-09 09:58:57 - [TEST_STEP][PASSED] - click(whosAccountableName): Object: '' is clicked on

2020-09-09 09:58:57 - [MESSAGE][PASSED] - Object: '' is clicked on

2020-09-09 09:58:57 - [TEST_STEP][PASSED] - click(findTestObject("V2/PR-369/Edit_Meeting_Scorecard/Admin_Access_TextField")): Object: 'Object Repository/V2/PR-369/Edit_Meeting_Scorecard/Admin_Access_TextField' is clicked on

2020-09-09 09:58:57 - [MESSAGE][PASSED] - Object: 'Object Repository/V2/PR-369/Edit_Meeting_Scorecard/Admin_Access_TextField' is clicked on

2020-09-09 09:58:57 - [TEST_STEP][PASSED] - adminAccessName = tt_CustomKeywords.CustomKeywords.CreateDynamicElement(adminAccess_Obj, adminAccess, "xpath"): Successfully created new dynamic object: //div[contains(@id,'editMeetingCreateScorecard')]/div[@data-test-id='createMeasurable']//div[@class='visible menu transition']/div[contains(@class,'item')]/span[text()='Supervisor User']

2020-09-09 09:58:57 - [MESSAGE][PASSED] - Successfully created new dynamic object: //div[contains(@id,'editMeetingCreateScorecard')]/div[@data-test-id='createMeasurable']//div[@class='visible menu transition']/div[contains(@class,'item')]/span[text()='Supervisor User']

2020-09-09 09:58:57 - [TEST_STEP][PASSED] - click(adminAccessName): Object: '' is clicked on

2020-09-09 09:58:57 - [MESSAGE][PASSED] - Object: '' is clicked on

2020-09-09 09:58:57 - [TEST_STEP][PASSED] - click(findTestObject("V2/PR-369/Edit_Meeting_Scorecard/Save_Button")): Object: 'Object Repository/V2/PR-369/Edit_Meeting_Scorecard/Save_Button' is clicked on

2020-09-09 09:58:57 - [MESSAGE][PASSED] - Object: 'Object Repository/V2/PR-369/Edit_Meeting_Scorecard/Save_Button' is clicked on

2020-09-09 09:58:57 - [TEST_STEP][PASSED] - verifyMeasurable = tt_CustomKeywords.CustomKeywords.CreateDynamicElement(verifyScorecard, measurableTitle, "xpath"): Successfully created new dynamic object: //div[@data-test-id='measurables']//descendant::div[text()='Supervisor QA Automation Edit Meeting Scorecard']

2020-09-09 09:58:57 - [MESSAGE][PASSED] - Successfully created new dynamic object: //div[@data-test-id='measurables']//descendant::div[text()='Supervisor QA Automation Edit Meeting Scorecard']

2020-09-09 09:58:57 - [TEST_STEP][PASSED] - verifyElementPresent(verifyMeasurable, DefaultTimeout): Object '' is present

2020-09-09 09:58:58 - [MESSAGE][PASSED] - Object '' is present

2020-09-09 09:58:58 - [TEST_STEP][PASSED] - click(findTestObject("V2/PR-369/Edit_Meeting_Scorecard/Column1")): Object: 'Object Repository/V2/PR-369/Edit_Meeting_Scorecard/Column1' is clicked on

2020-09-09 09:59:00 - [MESSAGE][PASSED] - Object: 'Object Repository/V2/PR-369/Edit_Meeting_Scorecard/Column1' is clicked on

2020-09-09 09:59:00 - [TEST_STEP][PASSED] - setText(findTestObject("V2/PR-369/Edit_Meeting_Scorecard/Column1"), Column1): Text 'YES' is set on object 'Object Repository/V2/PR-369/Edit_Meeting_Scorecard/Column1'

2020-09-09 09:59:00 - [MESSAGE][PASSED] - Text 'YES' is set on object 'Object Repository/V2/PR-369/Edit_Meeting_Scorecard/Column1'

2020-09-09 09:59:00 - [TEST_STEP][PASSED] - click(findTestObject("V2/PR-369/Edit_Meeting_Scorecard/Column2")): Object: 'Object Repository/V2/PR-369/Edit_Meeting_Scorecard/Column2' is clicked on

2020-09-09 09:59:00 - [MESSAGE][PASSED] - Object: 'Object Repository/V2/PR-369/Edit_Meeting_Scorecard/Column2' is clicked on

2020-09-09 09:59:00 - [TEST_STEP][PASSED] - setText(findTestObject("V2/PR-369/Edit_Meeting_Scorecard/Column2"), Column2): Text 'NO' is set on object 'Object Repository/V2/PR-369/Edit_Meeting_Scorecard/Column2'

2020-09-09 09:59:00 - [MESSAGE][PASSED] - Text 'NO' is set on object 'Object Repository/V2/PR-369/Edit_Meeting_Scorecard/Column2'

2020-09-09 09:59:00 - [TEST_STEP][PASSED] - click(findTestObject("V2/PR-369/Edit_Meeting_Scorecard/Column3")): Object: 'Object Repository/V2/PR-369/Edit_Meeting_Scorecard/Column3' is clicked on

2020-09-09 09:59:00 - [MESSAGE][PASSED] - Object: 'Object Repository/V2/PR-369/Edit_Meeting_Scorecard/Column3' is clicked on

2020-09-09 09:59:00 - [TEST_STEP][PASSED] - setText(findTestObject("V2/PR-369/Edit_Meeting_Scorecard/Column3"), Column3): Text 'yes' is set on object 'Object Repository/V2/PR-369/Edit_Meeting_Scorecard/Column3'

2020-09-09 09:59:00 - [MESSAGE][PASSED] - Text 'yes' is set on object 'Object Repository/V2/PR-369/Edit_Meeting_Scorecard/Column3'

2020-09-09 09:59:00 - [TEST_STEP][PASSED] - click(findTestObject("V2/PR-369/Edit_Meeting_Scorecard/Column4")): Object: 'Object Repository/V2/PR-369/Edit_Meeting_Scorecard/Column4' is clicked on

2020-09-09 09:59:00 - [MESSAGE][PASSED] - Object: 'Object Repository/V2/PR-369/Edit_Meeting_Scorecard/Column4' is clicked on

2020-09-09 09:59:00 - [TEST_STEP][PASSED] - setText(findTestObject("V2/PR-369/Edit_Meeting_Scorecard/Column4"), Column4): Text 'YES' is set on object 'Object Repository/V2/PR-369/Edit_Meeting_Scorecard/Column4'

2020-09-09 09:59:00 - [MESSAGE][PASSED] - Text 'YES' is set on object 'Object Repository/V2/PR-369/Edit_Meeting_Scorecard/Column4'

2020-09-09 09:59:00 - [TEST_STEP][PASSED] - click(findTestObject("V2/PR-369/Edit_Meeting_Scorecard/Column5")): Object: 'Object Repository/V2/PR-369/Edit_Meeting_Scorecard/Column5' is clicked on

2020-09-09 09:59:00 - [MESSAGE][PASSED] - Object: 'Object Repository/V2/PR-369/Edit_Meeting_Scorecard/Column5' is clicked on

2020-09-09 09:59:00 - [TEST_STEP][PASSED] - setText(findTestObject("V2/PR-369/Edit_Meeting_Scorecard/Column5"), Column5): Text 'No' is set on object 'Object Repository/V2/PR-369/Edit_Meeting_Scorecard/Column5'

2020-09-09 09:59:01 - [MESSAGE][PASSED] - Text 'No' is set on object 'Object Repository/V2/PR-369/Edit_Meeting_Scorecard/Column5'

2020-09-09 09:59:01 - [TEST_STEP][PASSED] - click(findTestObject("V2/PR-369/Edit_Meeting_Scorecard/Column6")): Object: 'Object Repository/V2/PR-369/Edit_Meeting_Scorecard/Column6' is clicked on

2020-09-09 09:59:01 - [MESSAGE][PASSED] - Object: 'Object Repository/V2/PR-369/Edit_Meeting_Scorecard/Column6' is clicked on

2020-09-09 09:59:01 - [TEST_STEP][PASSED] - setText(findTestObject("V2/PR-369/Edit_Meeting_Scorecard/Column6"), Column6): Text 'YES' is set on object 'Object Repository/V2/PR-369/Edit_Meeting_Scorecard/Column6'

2020-09-09 09:59:01 - [MESSAGE][PASSED] - Text 'YES' is set on object 'Object Repository/V2/PR-369/Edit_Meeting_Scorecard/Column6'

2020-09-09 09:59:01 - [TEST_STEP][PASSED] - waitForElementVisible(verifyMeasurable, DefaultTimeout): Object '' is visible

2020-09-09 09:59:01 - [MESSAGE][PASSED] - Object '' is visible

2020-09-09 09:59:01 - [TEST_STEP][PASSED] - click(verifyMeasurable): Object: '' is clicked on

2020-09-09 09:59:01 - [MESSAGE][PASSED] - Object: '' is clicked on

2020-09-09 09:59:01 - [TEST_STEP][PASSED] - delay(10): Delayed 10 second(s)

2020-09-09 09:59:11 - [MESSAGE][PASSED] - Delayed 10 second(s)

2020-09-09 09:59:11 - [TEST_STEP][PASSED] - waitForElementVisible(findTestObject("V2/PR-369/UpdateEditMeetingScorecard/Edit_Measurable_Title_Field"), DefaultTimeout): Object 'Object Repository/V2/PR-369/UpdateEditMeetingScorecard/Edit_Measurable_Title_Field' is visible

2020-09-09 09:59:11 - [MESSAGE][PASSED] - Object 'Object Repository/V2/PR-369/UpdateEditMeetingScorecard/Edit_Measurable_Title_Field' is visible

2020-09-09 09:59:11 - [TEST_STEP][PASSED] - click(findTestObject("V2/PR-369/UpdateEditMeetingScorecard/Edit_Measurable_Title_Field")): Object: 'Object Repository/V2/PR-369/UpdateEditMeetingScorecard/Edit_Measurable_Title_Field' is clicked on

2020-09-09 09:59:11 - [MESSAGE][PASSED] - Object: 'Object Repository/V2/PR-369/UpdateEditMeetingScorecard/Edit_Measurable_Title_Field' is clicked on

2020-09-09 09:59:11 - [TEST_STEP][PASSED] - sendKeys(findTestObject("V2/PR-369/UpdateEditMeetingScorecard/Edit_Measurable_Title_Field"), Keys.chord(LEFT_CONTROL, "a", BACK_SPACE)): Keys 'CONTROL + BACK_SPACE + a' sent to object: 'Object Repository/V2/PR-369/UpdateEditMeetingScorecard/Edit_Measurable_Title_Field'

2020-09-09 09:59:11 - [MESSAGE][PASSED] - Keys 'CONTROL + BACK_SPACE + a' sent to object: 'Object Repository/V2/PR-369/UpdateEditMeetingScorecard/Edit_Measurable_Title_Field'

2020-09-09 09:59:11 - [TEST_STEP][PASSED] - setText(findTestObject("V2/PR-369/UpdateEditMeetingScorecard/Edit_Measurable_Title_Field"), editMeasurableName): Text 'Updated QA Automation Edit Meeting Scorecard' is set on object 'Object Repository/V2/PR-369/UpdateEditMeetingScorecard/Edit_Measurable_Title_Field'

2020-09-09 09:59:12 - [MESSAGE][PASSED] - Text 'Updated QA Automation Edit Meeting Scorecard' is set on object 'Object Repository/V2/PR-369/UpdateEditMeetingScorecard/Edit_Measurable_Title_Field'

2020-09-09 09:59:12 - [TEST_STEP][PASSED] - waitForElementVisible(findTestObject("V2/PR-369/UpdateEditMeetingScorecard/Edit_Goal_Type_Field"), DefaultTimeout): Object 'Object Repository/V2/PR-369/UpdateEditMeetingScorecard/Edit_Goal_Type_Field' is visible

2020-09-09 09:59:12 - [MESSAGE][PASSED] - Object 'Object Repository/V2/PR-369/UpdateEditMeetingScorecard/Edit_Goal_Type_Field' is visible

2020-09-09 09:59:12 - [TEST_STEP][PASSED] - click(findTestObject("V2/PR-369/UpdateEditMeetingScorecard/Edit_Goal_Type_Field")): Object: 'Object Repository/V2/PR-369/UpdateEditMeetingScorecard/Edit_Goal_Type_Field' is clicked on

2020-09-09 09:59:12 - [MESSAGE][PASSED] - Object: 'Object Repository/V2/PR-369/UpdateEditMeetingScorecard/Edit_Goal_Type_Field' is clicked on

2020-09-09 09:59:12 - [TEST_STEP][PASSED] - waitForElementVisible(findTestObject("V2/PR-369/UpdateEditMeetingScorecard/Edit_Goal_Type_Number"), DefaultTimeout): Object 'Object Repository/V2/PR-369/UpdateEditMeetingScorecard/Edit_Goal_Type_Number' is visible

2020-09-09 09:59:12 - [MESSAGE][PASSED] - Object 'Object Repository/V2/PR-369/UpdateEditMeetingScorecard/Edit_Goal_Type_Number' is visible

2020-09-09 09:59:12 - [TEST_STEP][PASSED] - click(findTestObject("V2/PR-369/UpdateEditMeetingScorecard/Edit_Goal_Type_Number")): Object: 'Object Repository/V2/PR-369/UpdateEditMeetingScorecard/Edit_Goal_Type_Number' is clicked on

2020-09-09 09:59:12 - [MESSAGE][PASSED] - Object: 'Object Repository/V2/PR-369/UpdateEditMeetingScorecard/Edit_Goal_Type_Number' is clicked on

2020-09-09 09:59:12 - [TEST_STEP][PASSED] - waitForElementVisible(findTestObject("V2/PR-369/UpdateEditMeetingScorecard/Edit_Unit_Field"), DefaultTimeout): Object 'Object Repository/V2/PR-369/UpdateEditMeetingScorecard/Edit_Unit_Field' is visible

2020-09-09 09:59:12 - [MESSAGE][PASSED] - Object 'Object Repository/V2/PR-369/UpdateEditMeetingScorecard/Edit_Unit_Field' is visible

2020-09-09 09:59:12 - [TEST_STEP][PASSED] - click(findTestObject("V2/PR-369/UpdateEditMeetingScorecard/Edit_Unit_Field")): Object: 'Object Repository/V2/PR-369/UpdateEditMeetingScorecard/Edit_Unit_Field' is clicked on

2020-09-09 09:59:12 - [MESSAGE][PASSED] - Object: 'Object Repository/V2/PR-369/UpdateEditMeetingScorecard/Edit_Unit_Field' is clicked on

2020-09-09 09:59:12 - [TEST_STEP][PASSED] - editUnit = tt_CustomKeywords.CustomKeywords.CreateDynamicElement(editUnit_Obj, editUnit, "xpath"): Successfully created new dynamic object: //div[contains(@id,'EDIT_MEASURABLE')]//div[@role='listbox'][@class='visible menu transition']/div/span[text()='Dollars ($)']

2020-09-09 09:59:12 - [MESSAGE][PASSED] - Successfully created new dynamic object: //div[contains(@id,'EDIT_MEASURABLE')]//div[@role='listbox'][@class='visible menu transition']/div/span[text()='Dollars ($)']

2020-09-09 09:59:12 - [TEST_STEP][PASSED] - waitForElementVisible(editUnit, DefaultTimeout): Object '' is visible

2020-09-09 09:59:12 - [MESSAGE][PASSED] - Object '' is visible

2020-09-09 09:59:12 - [TEST_STEP][PASSED] - click(editUnit): Object: '' is clicked on

2020-09-09 09:59:12 - [MESSAGE][PASSED] - Object: '' is clicked on

2020-09-09 09:59:12 - [TEST_STEP][PASSED] - waitForElementVisible(findTestObject("V2/PR-369/UpdateEditMeetingScorecard/Edit_Goal"), DefaultTimeout): Object 'Object Repository/V2/PR-369/UpdateEditMeetingScorecard/Edit_Goal' is visible

2020-09-09 09:59:12 - [MESSAGE][PASSED] - Object 'Object Repository/V2/PR-369/UpdateEditMeetingScorecard/Edit_Goal' is visible

2020-09-09 09:59:12 - [TEST_STEP][PASSED] - click(findTestObject("V2/PR-369/UpdateEditMeetingScorecard/Edit_Goal")): Object: 'Object Repository/V2/PR-369/UpdateEditMeetingScorecard/Edit_Goal' is clicked on

2020-09-09 09:59:12 - [MESSAGE][PASSED] - Object: 'Object Repository/V2/PR-369/UpdateEditMeetingScorecard/Edit_Goal' is clicked on

2020-09-09 09:59:12 - [TEST_STEP][PASSED] - clearText(findTestObject("V2/PR-369/UpdateEditMeetingScorecard/Edit_Goal")): Text of object 'Object Repository/V2/PR-369/UpdateEditMeetingScorecard/Edit_Goal' is cleared

2020-09-09 09:59:13 - [MESSAGE][PASSED] - Text of object 'Object Repository/V2/PR-369/UpdateEditMeetingScorecard/Edit_Goal' is cleared

2020-09-09 09:59:13 - [TEST_STEP][PASSED] - setText(findTestObject("V2/PR-369/UpdateEditMeetingScorecard/Edit_Goal"), editGoal): Text '1' is set on object 'Object Repository/V2/PR-369/UpdateEditMeetingScorecard/Edit_Goal'

2020-09-09 09:59:13 - [MESSAGE][PASSED] - Text '1' is set on object 'Object Repository/V2/PR-369/UpdateEditMeetingScorecard/Edit_Goal'

2020-09-09 09:59:13 - [TEST_STEP][PASSED] - waitForElementVisible(findTestObject("V2/PR-369/UpdateEditMeetingScorecard/Edit_Goal_Description"), DefaultTimeout): Object 'Object Repository/V2/PR-369/UpdateEditMeetingScorecard/Edit_Goal_Description' is visible

2020-09-09 09:59:13 - [MESSAGE][PASSED] - Object 'Object Repository/V2/PR-369/UpdateEditMeetingScorecard/Edit_Goal_Description' is visible

2020-09-09 09:59:13 - [TEST_STEP][PASSED] - setText(findTestObject("V2/PR-369/UpdateEditMeetingScorecard/Edit_Goal_Description"), editGoalDescription): Text 'USD' is set on object 'Object Repository/V2/PR-369/UpdateEditMeetingScorecard/Edit_Goal_Description'

2020-09-09 09:59:13 - [MESSAGE][PASSED] - Text 'USD' is set on object 'Object Repository/V2/PR-369/UpdateEditMeetingScorecard/Edit_Goal_Description'

2020-09-09 09:59:13 - [TEST_STEP][PASSED] - waitForElementVisible(findTestObject("V2/PR-369/UpdateEditMeetingScorecard/Edit_Accountable"), DefaultTimeout): Object 'Object Repository/V2/PR-369/UpdateEditMeetingScorecard/Edit_Accountable' is visible

2020-09-09 09:59:13 - [MESSAGE][PASSED] - Object 'Object Repository/V2/PR-369/UpdateEditMeetingScorecard/Edit_Accountable' is visible

2020-09-09 09:59:13 - [TEST_STEP][PASSED] - click(findTestObject("V2/PR-369/UpdateEditMeetingScorecard/Edit_Accountable")): Object: 'Object Repository/V2/PR-369/UpdateEditMeetingScorecard/Edit_Accountable' is clicked on

2020-09-09 09:59:13 - [MESSAGE][PASSED] - Object: 'Object Repository/V2/PR-369/UpdateEditMeetingScorecard/Edit_Accountable' is clicked on

2020-09-09 09:59:13 - [TEST_STEP][PASSED] - editAccountable = tt_CustomKeywords.CustomKeywords.CreateDynamicElement(editAccountable_Obj, editAccountable, "xpath"): Successfully created new dynamic object: //div[contains(@id,'EDIT_MEASURABLE')]//div[@role='listbox'][@class='visible menu transition']/div[contains(@class,'item')]/span[text()='Supervisor User']

2020-09-09 09:59:13 - [MESSAGE][PASSED] - Successfully created new dynamic object: //div[contains(@id,'EDIT_MEASURABLE')]//div[@role='listbox'][@class='visible menu transition']/div[contains(@class,'item')]/span[text()='Supervisor User']

2020-09-09 09:59:13 - [TEST_STEP][PASSED] - waitForElementVisible(editAccountable, DefaultTimeout): Object '' is visible

2020-09-09 09:59:13 - [MESSAGE][PASSED] - Object '' is visible

2020-09-09 09:59:13 - [TEST_STEP][PASSED] - click(editAccountable): Object: '' is clicked on

2020-09-09 09:59:13 - [MESSAGE][PASSED] - Object: '' is clicked on

2020-09-09 09:59:13 - [TEST_STEP][PASSED] - waitForElementVisible(findTestObject("V2/PR-369/UpdateEditMeetingScorecard/Edit_Admin_Access"), DefaultTimeout): Object 'Object Repository/V2/PR-369/UpdateEditMeetingScorecard/Edit_Admin_Access' is visible

2020-09-09 09:59:13 - [MESSAGE][PASSED] - Object 'Object Repository/V2/PR-369/UpdateEditMeetingScorecard/Edit_Admin_Access' is visible

2020-09-09 09:59:13 - [TEST_STEP][PASSED] - click(findTestObject("V2/PR-369/UpdateEditMeetingScorecard/Edit_Admin_Access")): Object: 'Object Repository/V2/PR-369/UpdateEditMeetingScorecard/Edit_Admin_Access' is clicked on

2020-09-09 09:59:13 - [MESSAGE][PASSED] - Object: 'Object Repository/V2/PR-369/UpdateEditMeetingScorecard/Edit_Admin_Access' is clicked on

2020-09-09 09:59:13 - [TEST_STEP][PASSED] - editAdminAccess = tt_CustomKeywords.CustomKeywords.CreateDynamicElement(editAdminAccess_Obj, editAdminAccess, "xpath"): Successfully created new dynamic object: //div[contains(@id,'EDIT_MEASURABLE')]//div[@class='visible menu transition']/div[contains(@class,'item')]/span[text()='Supervisor User']

2020-09-09 09:59:13 - [MESSAGE][PASSED] - Successfully created new dynamic object: //div[contains(@id,'EDIT_MEASURABLE')]//div[@class='visible menu transition']/div[contains(@class,'item')]/span[text()='Supervisor User']

2020-09-09 09:59:13 - [TEST_STEP][PASSED] - waitForElementVisible(editAdminAccess, DefaultTimeout): Object '' is visible

2020-09-09 09:59:13 - [MESSAGE][PASSED] - Object '' is visible

2020-09-09 09:59:13 - [TEST_STEP][PASSED] - click(editAdminAccess): Object: '' is clicked on

2020-09-09 09:59:13 - [MESSAGE][PASSED] - Object: '' is clicked on

2020-09-09 09:59:13 - [TEST_STEP][PASSED] - waitForElementVisible(findTestObject("V2/PR-369/UpdateEditMeetingScorecard/Edit_Show_Advanced_Fields_Button"), DefaultTimeout): Object 'Object Repository/V2/PR-369/UpdateEditMeetingScorecard/Edit_Show_Advanced_Fields_Button' is visible

2020-09-09 09:59:13 - [MESSAGE][PASSED] - Object 'Object Repository/V2/PR-369/UpdateEditMeetingScorecard/Edit_Show_Advanced_Fields_Button' is visible

2020-09-09 09:59:13 - [TEST_STEP][PASSED] - click(findTestObject("V2/PR-369/UpdateEditMeetingScorecard/Edit_Show_Advanced_Fields_Button")): Object: 'Object Repository/V2/PR-369/UpdateEditMeetingScorecard/Edit_Show_Advanced_Fields_Button' is clicked on

2020-09-09 09:59:14 - [MESSAGE][PASSED] - Object: 'Object Repository/V2/PR-369/UpdateEditMeetingScorecard/Edit_Show_Advanced_Fields_Button' is clicked on

2020-09-09 09:59:14 - [TEST_STEP][PASSED] - waitForElementVisible(findTestObject("V2/PR-369/UpdateEditMeetingScorecard/Edit_Average_DateField"), DefaultTimeout): Object 'Object Repository/V2/PR-369/UpdateEditMeetingScorecard/Edit_Average_DateField' is visible

2020-09-09 09:59:14 - [MESSAGE][PASSED] - Object 'Object Repository/V2/PR-369/UpdateEditMeetingScorecard/Edit_Average_DateField' is visible

2020-09-09 09:59:14 - [TEST_STEP][PASSED] - click(findTestObject("V2/PR-369/UpdateEditMeetingScorecard/Edit_Average_DateField")): Object: 'Object Repository/V2/PR-369/UpdateEditMeetingScorecard/Edit_Average_DateField' is clicked on

2020-09-09 09:59:14 - [MESSAGE][PASSED] - Object: 'Object Repository/V2/PR-369/UpdateEditMeetingScorecard/Edit_Average_DateField' is clicked on

2020-09-09 09:59:14 - [TEST_STEP][PASSED] - waitForElementVisible(findTestObject("V2/PR-369/Edit_Meeting_Scorecard/A_Date29"), DefaultTimeout): Object 'Object Repository/V2/PR-369/Edit_Meeting_Scorecard/A_Date29' is visible

2020-09-09 09:59:14 - [MESSAGE][PASSED] - Object 'Object Repository/V2/PR-369/Edit_Meeting_Scorecard/A_Date29' is visible

2020-09-09 09:59:14 - [TEST_STEP][PASSED] - click(findTestObject("V2/PR-369/Edit_Meeting_Scorecard/A_Date29")): Object: 'Object Repository/V2/PR-369/Edit_Meeting_Scorecard/A_Date29' is clicked on

2020-09-09 09:59:14 - [MESSAGE][PASSED] - Object: 'Object Repository/V2/PR-369/Edit_Meeting_Scorecard/A_Date29' is clicked on

2020-09-09 09:59:14 - [TEST_STEP][PASSED] - waitForElementVisible(findTestObject("V2/PR-369/Edit_Meeting_Scorecard/Average_Checkbox"), DefaultTimeout): Object 'Object Repository/V2/PR-369/Edit_Meeting_Scorecard/Average_Checkbox' is visible

2020-09-09 09:59:14 - [MESSAGE][PASSED] - Object 'Object Repository/V2/PR-369/Edit_Meeting_Scorecard/Average_Checkbox' is visible

2020-09-09 09:59:14 - [TEST_STEP][PASSED] - check(findTestObject("V2/PR-369/Edit_Meeting_Scorecard/Average_Checkbox")): Object 'Object Repository/V2/PR-369/Edit_Meeting_Scorecard/Average_Checkbox' is checked

2020-09-09 09:59:14 - [MESSAGE][PASSED] - Object 'Object Repository/V2/PR-369/Edit_Meeting_Scorecard/Average_Checkbox' is checked

2020-09-09 09:59:14 - [TEST_STEP][PASSED] - waitForElementVisible(findTestObject("V2/PR-369/UpdateEditMeetingScorecard/Edit_Cumulative_DateField"), DefaultTimeout): Object 'Object Repository/V2/PR-369/UpdateEditMeetingScorecard/Edit_Cumulative_DateField' is visible

2020-09-09 09:59:14 - [MESSAGE][PASSED] - Object 'Object Repository/V2/PR-369/UpdateEditMeetingScorecard/Edit_Cumulative_DateField' is visible

2020-09-09 09:59:14 - [TEST_STEP][PASSED] - click(findTestObject("V2/PR-369/UpdateEditMeetingScorecard/Edit_Cumulative_DateField")): Object: 'Object Repository/V2/PR-369/UpdateEditMeetingScorecard/Edit_Cumulative_DateField' is clicked on

2020-09-09 09:59:14 - [MESSAGE][PASSED] - Object: 'Object Repository/V2/PR-369/UpdateEditMeetingScorecard/Edit_Cumulative_DateField' is clicked on

2020-09-09 09:59:14 - [TEST_STEP][PASSED] - waitForElementVisible(findTestObject("V2/PR-369/Edit_Meeting_Scorecard/A_Date29"), DefaultTimeout): Object 'Object Repository/V2/PR-369/Edit_Meeting_Scorecard/A_Date29' is visible

2020-09-09 09:59:14 - [MESSAGE][PASSED] - Object 'Object Repository/V2/PR-369/Edit_Meeting_Scorecard/A_Date29' is visible

2020-09-09 09:59:14 - [TEST_STEP][PASSED] - click(findTestObject("V2/PR-369/Edit_Meeting_Scorecard/A_Date29")): Object: 'Object Repository/V2/PR-369/Edit_Meeting_Scorecard/A_Date29' is clicked on

2020-09-09 09:59:14 - [MESSAGE][PASSED] - Object: 'Object Repository/V2/PR-369/Edit_Meeting_Scorecard/A_Date29' is clicked on

2020-09-09 09:59:14 - [TEST_STEP][PASSED] - waitForElementVisible(findTestObject("V2/PR-369/Edit_Meeting_Scorecard/Cumulative_Checkbox"), DefaultTimeout): Object 'Object Repository/V2/PR-369/Edit_Meeting_Scorecard/Cumulative_Checkbox' is visible

2020-09-09 09:59:15 - [MESSAGE][PASSED] - Object 'Object Repository/V2/PR-369/Edit_Meeting_Scorecard/Cumulative_Checkbox' is visible

2020-09-09 09:59:15 - [TEST_STEP][PASSED] - check(findTestObject("V2/PR-369/Edit_Meeting_Scorecard/Cumulative_Checkbox")): Object 'Object Repository/V2/PR-369/Edit_Meeting_Scorecard/Cumulative_Checkbox' is checked

2020-09-09 09:59:15 - [MESSAGE][PASSED] - Object 'Object Repository/V2/PR-369/Edit_Meeting_Scorecard/Cumulative_Checkbox' is checked

2020-09-09 09:59:15 - [TEST_STEP][PASSED] - waitForElementVisible(findTestObject("V2/PR-369/UpdateEditMeetingScorecard/Edit_Update_Button"), DefaultTimeout): Object 'Object Repository/V2/PR-369/UpdateEditMeetingScorecard/Edit_Update_Button' is visible

2020-09-09 09:59:15 - [MESSAGE][PASSED] - Object 'Object Repository/V2/PR-369/UpdateEditMeetingScorecard/Edit_Update_Button' is visible

2020-09-09 09:59:15 - [TEST_STEP][PASSED] - click(findTestObject("V2/PR-369/UpdateEditMeetingScorecard/Edit_Update_Button")): Object: 'Object Repository/V2/PR-369/UpdateEditMeetingScorecard/Edit_Update_Button' is clicked on

2020-09-09 09:59:15 - [MESSAGE][PASSED] - Object: 'Object Repository/V2/PR-369/UpdateEditMeetingScorecard/Edit_Update_Button' is clicked on

2020-09-09 09:59:15 - [TEST_STEP][PASSED] - delay(10): Delayed 10 second(s)

2020-09-09 09:59:25 - [MESSAGE][PASSED] - Delayed 10 second(s)

2020-09-09 09:59:25 - [TEST_STEP][PASSED] - verifyUpdatedScorecard = tt_CustomKeywords.CustomKeywords.CreateDynamicElement(verifyScorecard, editMeasurableName, "xpath"): Successfully created new dynamic object: //div[@data-test-id='measurables']//descendant::div[text()='Updated QA Automation Edit Meeting Scorecard']

2020-09-09 09:59:25 - [MESSAGE][PASSED] - Successfully created new dynamic object: //div[@data-test-id='measurables']//descendant::div[text()='Updated QA Automation Edit Meeting Scorecard']

2020-09-09 09:59:25 - [TEST_STEP][PASSED] - verifyElementPresent(verifyUpdatedScorecard, DefaultTimeout): Object '' is present

2020-09-09 09:59:25 - [MESSAGE][PASSED] - Object '' is present

2020-09-09 09:59:25 - [TEST_STEP][PASSED] - click(findTestObject("V2/PR-369/UpdateEditMeetingScorecard/EditColumn2")): Object: 'Object Repository/V2/PR-369/UpdateEditMeetingScorecard/EditColumn2' is clicked on

2020-09-09 09:59:25 - [MESSAGE][PASSED] - Object: 'Object Repository/V2/PR-369/UpdateEditMeetingScorecard/EditColumn2' is clicked on

2020-09-09 09:59:25 - [TEST_STEP][PASSED] - clearText(findTestObject("V2/PR-369/UpdateEditMeetingScorecard/EditColumn2")): Text of object 'Object Repository/V2/PR-369/UpdateEditMeetingScorecard/EditColumn2' is cleared

2020-09-09 09:59:25 - [MESSAGE][PASSED] - Text of object 'Object Repository/V2/PR-369/UpdateEditMeetingScorecard/EditColumn2' is cleared

2020-09-09 09:59:25 - [TEST_STEP][PASSED] - setText(findTestObject("V2/PR-369/UpdateEditMeetingScorecard/EditColumn2"), editColumn2): Text '200' is set on object 'Object Repository/V2/PR-369/UpdateEditMeetingScorecard/EditColumn2'

2020-09-09 09:59:25 - [MESSAGE][PASSED] - Text '200' is set on object 'Object Repository/V2/PR-369/UpdateEditMeetingScorecard/EditColumn2'

2020-09-09 09:59:25 - [TEST_STEP][PASSED] - click(findTestObject("V2/PR-369/UpdateEditMeetingScorecard/EditColumn3")): Object: 'Object Repository/V2/PR-369/UpdateEditMeetingScorecard/EditColumn3' is clicked on

2020-09-09 09:59:25 - [MESSAGE][PASSED] - Object: 'Object Repository/V2/PR-369/UpdateEditMeetingScorecard/EditColumn3' is clicked on

2020-09-09 09:59:25 - [TEST_STEP][PASSED] - clearText(findTestObject("V2/PR-369/UpdateEditMeetingScorecard/EditColumn3")): Text of object 'Object Repository/V2/PR-369/UpdateEditMeetingScorecard/EditColumn3' is cleared

2020-09-09 09:59:25 - [MESSAGE][PASSED] - Text of object 'Object Repository/V2/PR-369/UpdateEditMeetingScorecard/EditColumn3' is cleared

2020-09-09 09:59:25 - [TEST_STEP][PASSED] - setText(findTestObject("V2/PR-369/UpdateEditMeetingScorecard/EditColumn3"), editColumn3): Text '200' is set on object 'Object Repository/V2/PR-369/UpdateEditMeetingScorecard/EditColumn3'

2020-09-09 09:59:25 - [MESSAGE][PASSED] - Text '200' is set on object 'Object Repository/V2/PR-369/UpdateEditMeetingScorecard/EditColumn3'

2020-09-09 09:59:25 - [TEST_STEP][PASSED] - click(findTestObject("V2/PR-369/UpdateEditMeetingScorecard/EditColumn4")): Object: 'Object Repository/V2/PR-369/UpdateEditMeetingScorecard/EditColumn4' is clicked on

2020-09-09 09:59:25 - [MESSAGE][PASSED] - Object: 'Object Repository/V2/PR-369/UpdateEditMeetingScorecard/EditColumn4' is clicked on

2020-09-09 09:59:25 - [TEST_STEP][PASSED] - clearText(findTestObject("V2/PR-369/UpdateEditMeetingScorecard/EditColumn4")): Text of object 'Object Repository/V2/PR-369/UpdateEditMeetingScorecard/EditColumn4' is cleared

2020-09-09 09:59:26 - [MESSAGE][PASSED] - Text of object 'Object Repository/V2/PR-369/UpdateEditMeetingScorecard/EditColumn4' is cleared

2020-09-09 09:59:26 - [TEST_STEP][PASSED] - setText(findTestObject("V2/PR-369/UpdateEditMeetingScorecard/EditColumn4"), editColumn4): Text '10' is set on object 'Object Repository/V2/PR-369/UpdateEditMeetingScorecard/EditColumn4'

2020-09-09 09:59:26 - [MESSAGE][PASSED] - Text '10' is set on object 'Object Repository/V2/PR-369/UpdateEditMeetingScorecard/EditColumn4'

2020-09-09 09:59:26 - [TEST_STEP][PASSED] - click(findTestObject("V2/PR-369/UpdateEditMeetingScorecard/EditColumn5")): Object: 'Object Repository/V2/PR-369/UpdateEditMeetingScorecard/EditColumn5' is clicked on

2020-09-09 09:59:26 - [MESSAGE][PASSED] - Object: 'Object Repository/V2/PR-369/UpdateEditMeetingScorecard/EditColumn5' is clicked on

2020-09-09 09:59:26 - [TEST_STEP][PASSED] - clearText(findTestObject("V2/PR-369/UpdateEditMeetingScorecard/EditColumn5")): Text of object 'Object Repository/V2/PR-369/UpdateEditMeetingScorecard/EditColumn5' is cleared

2020-09-09 09:59:26 - [MESSAGE][PASSED] - Text of object 'Object Repository/V2/PR-369/UpdateEditMeetingScorecard/EditColumn5' is cleared

2020-09-09 09:59:26 - [TEST_STEP][PASSED] - setText(findTestObject("V2/PR-369/UpdateEditMeetingScorecard/EditColumn5"), editColumn5): Text '30' is set on object 'Object Repository/V2/PR-369/UpdateEditMeetingScorecard/EditColumn5'

2020-09-09 09:59:26 - [MESSAGE][PASSED] - Text '30' is set on object 'Object Repository/V2/PR-369/UpdateEditMeetingScorecard/EditColumn5'

2020-09-09 09:59:26 - [TEST_STEP][PASSED] - click(findTestObject("V2/PR-369/UpdateEditMeetingScorecard/EditColumn6")): Object: 'Object Repository/V2/PR-369/UpdateEditMeetingScorecard/EditColumn6' is clicked on

2020-09-09 09:59:26 - [MESSAGE][PASSED] - Object: 'Object Repository/V2/PR-369/UpdateEditMeetingScorecard/EditColumn6' is clicked on

2020-09-09 09:59:26 - [TEST_STEP][PASSED] - clearText(findTestObject("V2/PR-369/UpdateEditMeetingScorecard/EditColumn6")): Text of object 'Object Repository/V2/PR-369/UpdateEditMeetingScorecard/EditColumn6' is cleared

2020-09-09 09:59:26 - [MESSAGE][PASSED] - Text of object 'Object Repository/V2/PR-369/UpdateEditMeetingScorecard/EditColumn6' is cleared

2020-09-09 09:59:26 - [TEST_STEP][PASSED] - setText(findTestObject("V2/PR-369/UpdateEditMeetingScorecard/EditColumn6"), editColumn6): Text '500' is set on object 'Object Repository/V2/PR-369/UpdateEditMeetingScorecard/EditColumn6'

2020-09-09 09:59:26 - [MESSAGE][PASSED] - Text '500' is set on object 'Object Repository/V2/PR-369/UpdateEditMeetingScorecard/EditColumn6'

2020-09-09 09:59:26 - [TEST_STEP][PASSED] - click(findTestObject("V2/PR-369/UpdateEditMeetingScorecard/EditColumn7")): Object: 'Object Repository/V2/PR-369/UpdateEditMeetingScorecard/EditColumn7' is clicked on

2020-09-09 09:59:26 - [MESSAGE][PASSED] - Object: 'Object Repository/V2/PR-369/UpdateEditMeetingScorecard/EditColumn7' is clicked on

2020-09-09 09:59:26 - [TEST_STEP][PASSED] - clearText(findTestObject("V2/PR-369/UpdateEditMeetingScorecard/EditColumn7")): Text of object 'Object Repository/V2/PR-369/UpdateEditMeetingScorecard/EditColumn7' is cleared

2020-09-09 09:59:26 - [MESSAGE][PASSED] - Text of object 'Object Repository/V2/PR-369/UpdateEditMeetingScorecard/EditColumn7' is cleared

2020-09-09 09:59:26 - [TEST_STEP][PASSED] - setText(findTestObject("V2/PR-369/UpdateEditMeetingScorecard/EditColumn7"), editColumn7): Text '200' is set on object 'Object Repository/V2/PR-369/UpdateEditMeetingScorecard/EditColumn7'

2020-09-09 09:59:26 - [MESSAGE][PASSED] - Text '200' is set on object 'Object Repository/V2/PR-369/UpdateEditMeetingScorecard/EditColumn7'

2020-09-09 09:59:26 - [MESSAGE][PASSED] - Call Test Case 'Test Cases/V2/Test Case/Tests/PR-369 - EditMeetingAgenda/Test Cases/Positive/Supervisor/PR_369_11_EditMeetingEditScorecard_Supervisor' successfully

2020-09-09 09:59:26 - [TEST_STEP][PASSED] - changeWebDriver(driver3): null

2020-09-09 09:59:26 - [TEST_STEP][PASSED] - callTestCase(findTestCase("V2/Test Case/Tests/PR-369 - EditMeetingAgenda/Test Cases/Positive/Employee/PR_369_11_EditMeetingEditScorecard_Employee"), ["userName":"jeff+075@mytractiontools.com", "passWord":"Skyline69A*", "meetingRowPosition":"3", "editMeetingMenu_Obj":"//div[@id='root']/div/div[2]/div/div/div/div[2]/div/div[%s]/div[3]/button/i", ... ], STOP_ON_FAILURE): Call Test Case 'Test Cases/V2/Test Case/Tests/PR-369 - EditMeetingAgenda/Test Cases/Positive/Employee/PR_369_11_EditMeetingEditScorecard_Employee' successfully

2020-09-09 09:59:26 - [TEST_CASE][PASSED] - Test Cases/V2/Test Case/Tests/PR-369 - EditMeetingAgenda/Test Cases/Positive/Employee/PR_369_11_EditMeetingEditScorecard_Employee: Test Cases/V2/Test Case/Tests/PR-369 - EditMeetingAgenda/Test Cases/Positive/Employee/PR_369_11_EditMeetingEditScorecard_Employee

2020-09-09 09:59:27 - [TEST_STEP][PASSED] - waitForElementVisible(findTestObject("V2/Commons/DasboardPage_SidebarMenu/MeetingsMenu"), DefaultTimeout): Object 'Object Repository/V2/Commons/DasboardPage_SidebarMenu/MeetingsMenu' is visible

2020-09-09 09:59:27 - [MESSAGE][PASSED] - Object 'Object Repository/V2/Commons/DasboardPage_SidebarMenu/MeetingsMenu' is visible

2020-09-09 09:59:27 - [TEST_STEP][PASSED] - click(findTestObject("V2/Commons/DasboardPage_SidebarMenu/MeetingsMenu")): Object: 'Object Repository/V2/Commons/DasboardPage_SidebarMenu/MeetingsMenu' is clicked on

2020-09-09 09:59:27 - [MESSAGE][PASSED] - Object: 'Object Repository/V2/Commons/DasboardPage_SidebarMenu/MeetingsMenu' is clicked on

2020-09-09 09:59:27 - [TEST_STEP][PASSED] - meetingOpt_Obj = tt_CustomKeywords.CustomKeywords.CreateDynamicElement(meetingOptions_obj, meetingName, "xpath"): Successfully created new dynamic object: //h4[text()='Meeting Admin']/ancestor::div[contains(@class,'ListContainer')]/div[@class='listcontainer__options']/button

2020-09-09 09:59:27 - [MESSAGE][PASSED] - Successfully created new dynamic object: //h4[text()='Meeting Admin']/ancestor::div[contains(@class,'ListContainer')]/div[@class='listcontainer__options']/button

2020-09-09 09:59:27 - [TEST_STEP][PASSED] - waitForElementVisible(meetingOpt_Obj, DefaultTimeout): Object '' is visible

2020-09-09 09:59:28 - [MESSAGE][PASSED] - Object '' is visible

2020-09-09 09:59:28 - [TEST_STEP][PASSED] - click(meetingOpt_Obj): Object: '' is clicked on

2020-09-09 09:59:28 - [MESSAGE][PASSED] - Object: '' is clicked on

2020-09-09 09:59:28 - [TEST_STEP][PASSED] - click(findTestObject("V2/Commons/MeetingListPage/a_Edit meeting")): Object: 'Object Repository/V2/Commons/MeetingListPage/a_Edit meeting' is clicked on

2020-09-09 09:59:28 - [MESSAGE][PASSED] - Object: 'Object Repository/V2/Commons/MeetingListPage/a_Edit meeting' is clicked on

2020-09-09 09:59:28 - [TEST_STEP][PASSED] - waitForElementVisible(findTestObject("V2/PR-369/Edit_Meeting_Scorecard/Scorecard_Menu"), DefaultTimeout): Object 'Object Repository/V2/PR-369/Edit_Meeting_Scorecard/Scorecard_Menu' is visible

2020-09-09 09:59:29 - [MESSAGE][PASSED] - Object 'Object Repository/V2/PR-369/Edit_Meeting_Scorecard/Scorecard_Menu' is visible

2020-09-09 09:59:29 - [TEST_STEP][PASSED] - click(findTestObject("V2/PR-369/Edit_Meeting_Scorecard/Scorecard_Menu")): Object: 'Object Repository/V2/PR-369/Edit_Meeting_Scorecard/Scorecard_Menu' is clicked on

2020-09-09 09:59:30 - [MESSAGE][PASSED] - Object: 'Object Repository/V2/PR-369/Edit_Meeting_Scorecard/Scorecard_Menu' is clicked on

2020-09-09 09:59:30 - [TEST_STEP][PASSED] - click(findTestObject("V2/PR-369/Edit_Meeting_Scorecard/CreateScoreCardButton")): Object: 'Object Repository/V2/PR-369/Edit_Meeting_Scorecard/CreateScoreCardButton' is clicked on

2020-09-09 09:59:30 - [MESSAGE][PASSED] - Object: 'Object Repository/V2/PR-369/Edit_Meeting_Scorecard/CreateScoreCardButton' is clicked on

2020-09-09 09:59:30 - [TEST_STEP][PASSED] - click(findTestObject("V2/PR-369/Edit_Meeting_Scorecard/Create_New_Measurable")): Object: 'Object Repository/V2/PR-369/Edit_Meeting_Scorecard/Create_New_Measurable' is clicked on

2020-09-09 09:59:30 - [MESSAGE][PASSED] - Object: 'Object Repository/V2/PR-369/Edit_Meeting_Scorecard/Create_New_Measurable' is clicked on

2020-09-09 09:59:30 - [TEST_STEP][PASSED] - waitForElementVisible(findTestObject("V2/PR-369/Edit_Meeting_Scorecard/Measurable_Title_Field"), DefaultTimeout): Object 'Object Repository/V2/PR-369/Edit_Meeting_Scorecard/Measurable_Title_Field' is visible

2020-09-09 09:59:30 - [MESSAGE][PASSED] - Object 'Object Repository/V2/PR-369/Edit_Meeting_Scorecard/Measurable_Title_Field' is visible

2020-09-09 09:59:30 - [TEST_STEP][PASSED] - setText(findTestObject("V2/PR-369/Edit_Meeting_Scorecard/Measurable_Title_Field"), measurableTitle): Text 'Employee QA Automation Edit Meeting Scorecard' is set on object 'Object Repository/V2/PR-369/Edit_Meeting_Scorecard/Measurable_Title_Field'

2020-09-09 09:59:31 - [MESSAGE][PASSED] - Text 'Employee QA Automation Edit Meeting Scorecard' is set on object 'Object Repository/V2/PR-369/Edit_Meeting_Scorecard/Measurable_Title_Field'

2020-09-09 09:59:31 - [TEST_STEP][PASSED] - click(findTestObject("V2/PR-369/Edit_Meeting_Scorecard/Goal_Type_Field_Workspace")): Object: 'Object Repository/V2/PR-369/Edit_Meeting_Scorecard/Goal_Type_Field_Workspace' is clicked on

2020-09-09 09:59:31 - [MESSAGE][PASSED] - Object: 'Object Repository/V2/PR-369/Edit_Meeting_Scorecard/Goal_Type_Field_Workspace' is clicked on

2020-09-09 09:59:31 - [TEST_STEP][PASSED] - click(findTestObject("V2/PR-369/Edit_Meeting_Scorecard/Goal_Type_Text_Workspace")): Object: 'Object Repository/V2/PR-369/Edit_Meeting_Scorecard/Goal_Type_Text_Workspace' is clicked on

2020-09-09 09:59:31 - [MESSAGE][PASSED] - Object: 'Object Repository/V2/PR-369/Edit_Meeting_Scorecard/Goal_Type_Text_Workspace' is clicked on

2020-09-09 09:59:31 - [TEST_STEP][PASSED] - click(findTestObject("V2/PR-369/Edit_Meeting_Scorecard/Goal_Direction_TextField")): Object: 'Object Repository/V2/PR-369/Edit_Meeting_Scorecard/Goal_Direction_TextField' is clicked on

2020-09-09 09:59:31 - [MESSAGE][PASSED] - Object: 'Object Repository/V2/PR-369/Edit_Meeting_Scorecard/Goal_Direction_TextField' is clicked on

2020-09-09 09:59:31 - [TEST_STEP][PASSED] - click(findTestObject("V2/PR-369/Edit_Meeting_Scorecard/Goal_Direction_Equal")): Object: 'Object Repository/V2/PR-369/Edit_Meeting_Scorecard/Goal_Direction_Equal' is clicked on

2020-09-09 09:59:31 - [MESSAGE][PASSED] - Object: 'Object Repository/V2/PR-369/Edit_Meeting_Scorecard/Goal_Direction_Equal' is clicked on

2020-09-09 09:59:31 - [TEST_STEP][PASSED] - setText(findTestObject("V2/PR-369/Edit_Meeting_Scorecard/Goal_Field"), goalValue): Text 'YES' is set on object 'Object Repository/V2/PR-369/Edit_Meeting_Scorecard/Goal_Field'

2020-09-09 09:59:31 - [MESSAGE][PASSED] - Text 'YES' is set on object 'Object Repository/V2/PR-369/Edit_Meeting_Scorecard/Goal_Field'

2020-09-09 09:59:31 - [TEST_STEP][PASSED] - click(findTestObject("V2/PR-369/Edit_Meeting_Scorecard/Whosaccountable_Field")): Object: 'Object Repository/V2/PR-369/Edit_Meeting_Scorecard/Whosaccountable_Field' is clicked on

2020-09-09 09:59:31 - [MESSAGE][PASSED] - Object: 'Object Repository/V2/PR-369/Edit_Meeting_Scorecard/Whosaccountable_Field' is clicked on

2020-09-09 09:59:31 - [TEST_STEP][PASSED] - whosAccountableName = tt_CustomKeywords.CustomKeywords.CreateDynamicElement(WhosAccountable_Obj, WhosAccountable, "xpath"): Successfully created new dynamic object: //div[contains(@id,'editMeetingCreateScorecard')]/div[@data-test-id='createMeasurable']//div[@role='listbox'][@class='visible menu transition']/div[contains(@class,'item')]/span[text()='Employee User']

2020-09-09 09:59:31 - [MESSAGE][PASSED] - Successfully created new dynamic object: //div[contains(@id,'editMeetingCreateScorecard')]/div[@data-test-id='createMeasurable']//div[@role='listbox'][@class='visible menu transition']/div[contains(@class,'item')]/span[text()='Employee User']

2020-09-09 09:59:31 - [TEST_STEP][PASSED] - click(whosAccountableName): Object: '' is clicked on

2020-09-09 09:59:31 - [MESSAGE][PASSED] - Object: '' is clicked on

2020-09-09 09:59:31 - [TEST_STEP][PASSED] - click(findTestObject("V2/PR-369/Edit_Meeting_Scorecard/Admin_Access_TextField")): Object: 'Object Repository/V2/PR-369/Edit_Meeting_Scorecard/Admin_Access_TextField' is clicked on

2020-09-09 09:59:32 - [MESSAGE][PASSED] - Object: 'Object Repository/V2/PR-369/Edit_Meeting_Scorecard/Admin_Access_TextField' is clicked on

2020-09-09 09:59:32 - [TEST_STEP][PASSED] - adminAccessName = tt_CustomKeywords.CustomKeywords.CreateDynamicElement(adminAccess_Obj, adminAccess, "xpath"): Successfully created new dynamic object: //div[contains(@id,'editMeetingCreateScorecard')]/div[@data-test-id='createMeasurable']//div[@class='visible menu transition']/div[contains(@class,'item')]/span[text()='Employee User']

2020-09-09 09:59:32 - [MESSAGE][PASSED] - Successfully created new dynamic object: //div[contains(@id,'editMeetingCreateScorecard')]/div[@data-test-id='createMeasurable']//div[@class='visible menu transition']/div[contains(@class,'item')]/span[text()='Employee User']

2020-09-09 09:59:32 - [TEST_STEP][PASSED] - click(adminAccessName): Object: '' is clicked on

2020-09-09 09:59:32 - [MESSAGE][PASSED] - Object: '' is clicked on

2020-09-09 09:59:32 - [TEST_STEP][PASSED] - click(findTestObject("V2/PR-369/Edit_Meeting_Scorecard/Save_Button")): Object: 'Object Repository/V2/PR-369/Edit_Meeting_Scorecard/Save_Button' is clicked on

2020-09-09 09:59:32 - [MESSAGE][PASSED] - Object: 'Object Repository/V2/PR-369/Edit_Meeting_Scorecard/Save_Button' is clicked on

2020-09-09 09:59:32 - [TEST_STEP][PASSED] - verifyMeasurable = tt_CustomKeywords.CustomKeywords.CreateDynamicElement(verifyScorecard, measurableTitle, "xpath"): Successfully created new dynamic object: //div[@data-test-id='measurables']//descendant::div[text()='Employee QA Automation Edit Meeting Scorecard']

2020-09-09 09:59:32 - [MESSAGE][PASSED] - Successfully created new dynamic object: //div[@data-test-id='measurables']//descendant::div[text()='Employee QA Automation Edit Meeting Scorecard']

2020-09-09 09:59:32 - [TEST_STEP][PASSED] - verifyElementPresent(verifyMeasurable, DefaultTimeout): Object '' is present

2020-09-09 09:59:32 - [MESSAGE][PASSED] - Object '' is present

2020-09-09 09:59:32 - [TEST_STEP][PASSED] - click(findTestObject("V2/PR-369/Edit_Meeting_Scorecard/Column1")): Object: 'Object Repository/V2/PR-369/Edit_Meeting_Scorecard/Column1' is clicked on

2020-09-09 09:59:34 - [MESSAGE][PASSED] - Object: 'Object Repository/V2/PR-369/Edit_Meeting_Scorecard/Column1' is clicked on

2020-09-09 09:59:34 - [TEST_STEP][PASSED] - setText(findTestObject("V2/PR-369/Edit_Meeting_Scorecard/Column1"), Column1): Text 'YES' is set on object 'Object Repository/V2/PR-369/Edit_Meeting_Scorecard/Column1'

2020-09-09 09:59:34 - [MESSAGE][PASSED] - Text 'YES' is set on object 'Object Repository/V2/PR-369/Edit_Meeting_Scorecard/Column1'

2020-09-09 09:59:34 - [TEST_STEP][PASSED] - click(findTestObject("V2/PR-369/Edit_Meeting_Scorecard/Column2")): Object: 'Object Repository/V2/PR-369/Edit_Meeting_Scorecard/Column2' is clicked on

2020-09-09 09:59:34 - [MESSAGE][PASSED] - Object: 'Object Repository/V2/PR-369/Edit_Meeting_Scorecard/Column2' is clicked on

2020-09-09 09:59:34 - [TEST_STEP][PASSED] - setText(findTestObject("V2/PR-369/Edit_Meeting_Scorecard/Column2"), Column2): Text 'NO' is set on object 'Object Repository/V2/PR-369/Edit_Meeting_Scorecard/Column2'

2020-09-09 09:59:35 - [MESSAGE][PASSED] - Text 'NO' is set on object 'Object Repository/V2/PR-369/Edit_Meeting_Scorecard/Column2'

2020-09-09 09:59:35 - [TEST_STEP][PASSED] - click(findTestObject("V2/PR-369/Edit_Meeting_Scorecard/Column3")): Object: 'Object Repository/V2/PR-369/Edit_Meeting_Scorecard/Column3' is clicked on

2020-09-09 09:59:35 - [MESSAGE][PASSED] - Object: 'Object Repository/V2/PR-369/Edit_Meeting_Scorecard/Column3' is clicked on

2020-09-09 09:59:35 - [TEST_STEP][PASSED] - setText(findTestObject("V2/PR-369/Edit_Meeting_Scorecard/Column3"), Column3): Text 'yes' is set on object 'Object Repository/V2/PR-369/Edit_Meeting_Scorecard/Column3'

2020-09-09 09:59:35 - [MESSAGE][PASSED] - Text 'yes' is set on object 'Object Repository/V2/PR-369/Edit_Meeting_Scorecard/Column3'

2020-09-09 09:59:35 - [TEST_STEP][PASSED] - click(findTestObject("V2/PR-369/Edit_Meeting_Scorecard/Column4")): Object: 'Object Repository/V2/PR-369/Edit_Meeting_Scorecard/Column4' is clicked on

2020-09-09 09:59:35 - [MESSAGE][PASSED] - Object: 'Object Repository/V2/PR-369/Edit_Meeting_Scorecard/Column4' is clicked on

2020-09-09 09:59:35 - [TEST_STEP][PASSED] - setText(findTestObject("V2/PR-369/Edit_Meeting_Scorecard/Column4"), Column4): Text 'YES' is set on object 'Object Repository/V2/PR-369/Edit_Meeting_Scorecard/Column4'

2020-09-09 09:59:35 - [MESSAGE][PASSED] - Text 'YES' is set on object 'Object Repository/V2/PR-369/Edit_Meeting_Scorecard/Column4'

2020-09-09 09:59:35 - [TEST_STEP][PASSED] - click(findTestObject("V2/PR-369/Edit_Meeting_Scorecard/Column5")): Object: 'Object Repository/V2/PR-369/Edit_Meeting_Scorecard/Column5' is clicked on

2020-09-09 09:59:35 - [MESSAGE][PASSED] - Object: 'Object Repository/V2/PR-369/Edit_Meeting_Scorecard/Column5' is clicked on

2020-09-09 09:59:35 - [TEST_STEP][PASSED] - setText(findTestObject("V2/PR-369/Edit_Meeting_Scorecard/Column5"), Column5): Text 'No' is set on object 'Object Repository/V2/PR-369/Edit_Meeting_Scorecard/Column5'

2020-09-09 09:59:35 - [MESSAGE][PASSED] - Text 'No' is set on object 'Object Repository/V2/PR-369/Edit_Meeting_Scorecard/Column5'

2020-09-09 09:59:35 - [TEST_STEP][PASSED] - click(findTestObject("V2/PR-369/Edit_Meeting_Scorecard/Column6")): Object: 'Object Repository/V2/PR-369/Edit_Meeting_Scorecard/Column6' is clicked on

2020-09-09 09:59:35 - [MESSAGE][PASSED] - Object: 'Object Repository/V2/PR-369/Edit_Meeting_Scorecard/Column6' is clicked on

2020-09-09 09:59:35 - [TEST_STEP][PASSED] - setText(findTestObject("V2/PR-369/Edit_Meeting_Scorecard/Column6"), Column6): Text 'YES' is set on object 'Object Repository/V2/PR-369/Edit_Meeting_Scorecard/Column6'

2020-09-09 09:59:36 - [MESSAGE][PASSED] - Text 'YES' is set on object 'Object Repository/V2/PR-369/Edit_Meeting_Scorecard/Column6'

2020-09-09 09:59:36 - [TEST_STEP][PASSED] - waitForElementVisible(verifyMeasurable, DefaultTimeout): Object '' is visible

2020-09-09 09:59:36 - [MESSAGE][PASSED] - Object '' is visible

2020-09-09 09:59:36 - [TEST_STEP][PASSED] - click(verifyMeasurable): Object: '' is clicked on

2020-09-09 09:59:36 - [MESSAGE][PASSED] - Object: '' is clicked on

2020-09-09 09:59:36 - [TEST_STEP][PASSED] - delay(10): Delayed 10 second(s)

2020-09-09 09:59:46 - [MESSAGE][PASSED] - Delayed 10 second(s)

2020-09-09 09:59:46 - [TEST_STEP][PASSED] - waitForElementVisible(findTestObject("V2/PR-369/UpdateEditMeetingScorecard/Edit_Measurable_Title_Field"), DefaultTimeout): Object 'Object Repository/V2/PR-369/UpdateEditMeetingScorecard/Edit_Measurable_Title_Field' is visible

2020-09-09 09:59:46 - [MESSAGE][PASSED] - Object 'Object Repository/V2/PR-369/UpdateEditMeetingScorecard/Edit_Measurable_Title_Field' is visible

2020-09-09 09:59:46 - [TEST_STEP][PASSED] - click(findTestObject("V2/PR-369/UpdateEditMeetingScorecard/Edit_Measurable_Title_Field")): Object: 'Object Repository/V2/PR-369/UpdateEditMeetingScorecard/Edit_Measurable_Title_Field' is clicked on

2020-09-09 09:59:46 - [MESSAGE][PASSED] - Object: 'Object Repository/V2/PR-369/UpdateEditMeetingScorecard/Edit_Measurable_Title_Field' is clicked on

2020-09-09 09:59:46 - [TEST_STEP][PASSED] - sendKeys(findTestObject("V2/PR-369/UpdateEditMeetingScorecard/Edit_Measurable_Title_Field"), Keys.chord(LEFT_CONTROL, "a", BACK_SPACE)): Keys 'CONTROL + BACK_SPACE + a' sent to object: 'Object Repository/V2/PR-369/UpdateEditMeetingScorecard/Edit_Measurable_Title_Field'

2020-09-09 09:59:46 - [MESSAGE][PASSED] - Keys 'CONTROL + BACK_SPACE + a' sent to object: 'Object Repository/V2/PR-369/UpdateEditMeetingScorecard/Edit_Measurable_Title_Field'

2020-09-09 09:59:46 - [TEST_STEP][PASSED] - setText(findTestObject("V2/PR-369/UpdateEditMeetingScorecard/Edit_Measurable_Title_Field"), editMeasurableName): Text 'Updated QA Automation Edit Meeting Scorecard' is set on object 'Object Repository/V2/PR-369/UpdateEditMeetingScorecard/Edit_Measurable_Title_Field'

2020-09-09 09:59:46 - [MESSAGE][PASSED] - Text 'Updated QA Automation Edit Meeting Scorecard' is set on object 'Object Repository/V2/PR-369/UpdateEditMeetingScorecard/Edit_Measurable_Title_Field'

2020-09-09 09:59:46 - [TEST_STEP][PASSED] - waitForElementVisible(findTestObject("V2/PR-369/UpdateEditMeetingScorecard/Edit_Goal_Type_Field"), DefaultTimeout): Object 'Object Repository/V2/PR-369/UpdateEditMeetingScorecard/Edit_Goal_Type_Field' is visible

2020-09-09 09:59:46 - [MESSAGE][PASSED] - Object 'Object Repository/V2/PR-369/UpdateEditMeetingScorecard/Edit_Goal_Type_Field' is visible

2020-09-09 09:59:46 - [TEST_STEP][PASSED] - click(findTestObject("V2/PR-369/UpdateEditMeetingScorecard/Edit_Goal_Type_Field")): Object: 'Object Repository/V2/PR-369/UpdateEditMeetingScorecard/Edit_Goal_Type_Field' is clicked on

2020-09-09 09:59:47 - [MESSAGE][PASSED] - Object: 'Object Repository/V2/PR-369/UpdateEditMeetingScorecard/Edit_Goal_Type_Field' is clicked on

2020-09-09 09:59:47 - [TEST_STEP][PASSED] - waitForElementVisible(findTestObject("V2/PR-369/UpdateEditMeetingScorecard/Edit_Goal_Type_Number"), DefaultTimeout): Object 'Object Repository/V2/PR-369/UpdateEditMeetingScorecard/Edit_Goal_Type_Number' is visible

2020-09-09 09:59:47 - [MESSAGE][PASSED] - Object 'Object Repository/V2/PR-369/UpdateEditMeetingScorecard/Edit_Goal_Type_Number' is visible

2020-09-09 09:59:47 - [TEST_STEP][PASSED] - click(findTestObject("V2/PR-369/UpdateEditMeetingScorecard/Edit_Goal_Type_Number")): Object: 'Object Repository/V2/PR-369/UpdateEditMeetingScorecard/Edit_Goal_Type_Number' is clicked on

2020-09-09 09:59:47 - [MESSAGE][PASSED] - Object: 'Object Repository/V2/PR-369/UpdateEditMeetingScorecard/Edit_Goal_Type_Number' is clicked on

2020-09-09 09:59:47 - [TEST_STEP][PASSED] - waitForElementVisible(findTestObject("V2/PR-369/UpdateEditMeetingScorecard/Edit_Unit_Field"), DefaultTimeout): Object 'Object Repository/V2/PR-369/UpdateEditMeetingScorecard/Edit_Unit_Field' is visible

2020-09-09 09:59:47 - [MESSAGE][PASSED] - Object 'Object Repository/V2/PR-369/UpdateEditMeetingScorecard/Edit_Unit_Field' is visible

2020-09-09 09:59:47 - [TEST_STEP][PASSED] - click(findTestObject("V2/PR-369/UpdateEditMeetingScorecard/Edit_Unit_Field")): Object: 'Object Repository/V2/PR-369/UpdateEditMeetingScorecard/Edit_Unit_Field' is clicked on

2020-09-09 09:59:47 - [MESSAGE][PASSED] - Object: 'Object Repository/V2/PR-369/UpdateEditMeetingScorecard/Edit_Unit_Field' is clicked on

2020-09-09 09:59:47 - [TEST_STEP][PASSED] - editUnit = tt_CustomKeywords.CustomKeywords.CreateDynamicElement(editUnit_Obj, editUnit, "xpath"): Successfully created new dynamic object: //div[contains(@id,'EDIT_MEASURABLE')]//div[@role='listbox'][@class='visible menu transition']/div/span[text()='Dollars ($)']

2020-09-09 09:59:47 - [MESSAGE][PASSED] - Successfully created new dynamic object: //div[contains(@id,'EDIT_MEASURABLE')]//div[@role='listbox'][@class='visible menu transition']/div/span[text()='Dollars ($)']

2020-09-09 09:59:47 - [TEST_STEP][PASSED] - waitForElementVisible(editUnit, DefaultTimeout): Object '' is visible

2020-09-09 09:59:47 - [MESSAGE][PASSED] - Object '' is visible

2020-09-09 09:59:47 - [TEST_STEP][PASSED] - click(editUnit): Object: '' is clicked on

2020-09-09 09:59:47 - [MESSAGE][PASSED] - Object: '' is clicked on

2020-09-09 09:59:47 - [TEST_STEP][PASSED] - waitForElementVisible(findTestObject("V2/PR-369/UpdateEditMeetingScorecard/Edit_Goal"), DefaultTimeout): Object 'Object Repository/V2/PR-369/UpdateEditMeetingScorecard/Edit_Goal' is visible

2020-09-09 09:59:47 - [MESSAGE][PASSED] - Object 'Object Repository/V2/PR-369/UpdateEditMeetingScorecard/Edit_Goal' is visible

2020-09-09 09:59:47 - [TEST_STEP][PASSED] - click(findTestObject("V2/PR-369/UpdateEditMeetingScorecard/Edit_Goal")): Object: 'Object Repository/V2/PR-369/UpdateEditMeetingScorecard/Edit_Goal' is clicked on

2020-09-09 09:59:47 - [MESSAGE][PASSED] - Object: 'Object Repository/V2/PR-369/UpdateEditMeetingScorecard/Edit_Goal' is clicked on

2020-09-09 09:59:47 - [TEST_STEP][PASSED] - clearText(findTestObject("V2/PR-369/UpdateEditMeetingScorecard/Edit_Goal")): Text of object 'Object Repository/V2/PR-369/UpdateEditMeetingScorecard/Edit_Goal' is cleared

2020-09-09 09:59:47 - [MESSAGE][PASSED] - Text of object 'Object Repository/V2/PR-369/UpdateEditMeetingScorecard/Edit_Goal' is cleared

2020-09-09 09:59:47 - [TEST_STEP][PASSED] - setText(findTestObject("V2/PR-369/UpdateEditMeetingScorecard/Edit_Goal"), editGoal): Text '1' is set on object 'Object Repository/V2/PR-369/UpdateEditMeetingScorecard/Edit_Goal'

2020-09-09 09:59:47 - [MESSAGE][PASSED] - Text '1' is set on object 'Object Repository/V2/PR-369/UpdateEditMeetingScorecard/Edit_Goal'

2020-09-09 09:59:47 - [TEST_STEP][PASSED] - waitForElementVisible(findTestObject("V2/PR-369/UpdateEditMeetingScorecard/Edit_Goal_Description"), DefaultTimeout): Object 'Object Repository/V2/PR-369/UpdateEditMeetingScorecard/Edit_Goal_Description' is visible

2020-09-09 09:59:47 - [MESSAGE][PASSED] - Object 'Object Repository/V2/PR-369/UpdateEditMeetingScorecard/Edit_Goal_Description' is visible

2020-09-09 09:59:47 - [TEST_STEP][PASSED] - setText(findTestObject("V2/PR-369/UpdateEditMeetingScorecard/Edit_Goal_Description"), editGoalDescription): Text 'USD' is set on object 'Object Repository/V2/PR-369/UpdateEditMeetingScorecard/Edit_Goal_Description'

2020-09-09 09:59:48 - [MESSAGE][PASSED] - Text 'USD' is set on object 'Object Repository/V2/PR-369/UpdateEditMeetingScorecard/Edit_Goal_Description'

2020-09-09 09:59:48 - [TEST_STEP][PASSED] - waitForElementVisible(findTestObject("V2/PR-369/UpdateEditMeetingScorecard/Edit_Accountable"), DefaultTimeout): Object 'Object Repository/V2/PR-369/UpdateEditMeetingScorecard/Edit_Accountable' is visible

2020-09-09 09:59:48 - [MESSAGE][PASSED] - Object 'Object Repository/V2/PR-369/UpdateEditMeetingScorecard/Edit_Accountable' is visible

2020-09-09 09:59:48 - [TEST_STEP][PASSED] - click(findTestObject("V2/PR-369/UpdateEditMeetingScorecard/Edit_Accountable")): Object: 'Object Repository/V2/PR-369/UpdateEditMeetingScorecard/Edit_Accountable' is clicked on

2020-09-09 09:59:48 - [MESSAGE][PASSED] - Object: 'Object Repository/V2/PR-369/UpdateEditMeetingScorecard/Edit_Accountable' is clicked on

2020-09-09 09:59:48 - [TEST_STEP][PASSED] - editAccountable = tt_CustomKeywords.CustomKeywords.CreateDynamicElement(editAccountable_Obj, editAccountable, "xpath"): Successfully created new dynamic object: //div[contains(@id,'EDIT_MEASURABLE')]//div[@role='listbox'][@class='visible menu transition']/div[contains(@class,'item')]/span[text()='Employee User']

2020-09-09 09:59:48 - [MESSAGE][PASSED] - Successfully created new dynamic object: //div[contains(@id,'EDIT_MEASURABLE')]//div[@role='listbox'][@class='visible menu transition']/div[contains(@class,'item')]/span[text()='Employee User']

2020-09-09 09:59:48 - [TEST_STEP][PASSED] - waitForElementVisible(editAccountable, DefaultTimeout): Object '' is visible

2020-09-09 09:59:48 - [MESSAGE][PASSED] - Object '' is visible

2020-09-09 09:59:48 - [TEST_STEP][PASSED] - click(editAccountable): Object: '' is clicked on

2020-09-09 09:59:48 - [MESSAGE][PASSED] - Object: '' is clicked on

2020-09-09 09:59:48 - [TEST_STEP][PASSED] - waitForElementVisible(findTestObject("V2/PR-369/UpdateEditMeetingScorecard/Edit_Admin_Access"), DefaultTimeout): Object 'Object Repository/V2/PR-369/UpdateEditMeetingScorecard/Edit_Admin_Access' is visible

2020-09-09 09:59:48 - [MESSAGE][PASSED] - Object 'Object Repository/V2/PR-369/UpdateEditMeetingScorecard/Edit_Admin_Access' is visible

2020-09-09 09:59:48 - [TEST_STEP][PASSED] - click(findTestObject("V2/PR-369/UpdateEditMeetingScorecard/Edit_Admin_Access")): Object: 'Object Repository/V2/PR-369/UpdateEditMeetingScorecard/Edit_Admin_Access' is clicked on

2020-09-09 09:59:48 - [MESSAGE][PASSED] - Object: 'Object Repository/V2/PR-369/UpdateEditMeetingScorecard/Edit_Admin_Access' is clicked on

2020-09-09 09:59:48 - [TEST_STEP][PASSED] - editAdminAccess = tt_CustomKeywords.CustomKeywords.CreateDynamicElement(editAdminAccess_Obj, editAdminAccess, "xpath"): Successfully created new dynamic object: //div[contains(@id,'EDIT_MEASURABLE')]//div[@class='visible menu transition']/div[contains(@class,'item')]/span[text()='Employee User']

2020-09-09 09:59:48 - [MESSAGE][PASSED] - Successfully created new dynamic object: //div[contains(@id,'EDIT_MEASURABLE')]//div[@class='visible menu transition']/div[contains(@class,'item')]/span[text()='Employee User']

2020-09-09 09:59:48 - [TEST_STEP][PASSED] - waitForElementVisible(editAdminAccess, DefaultTimeout): Object '' is visible

2020-09-09 09:59:48 - [MESSAGE][PASSED] - Object '' is visible

2020-09-09 09:59:48 - [TEST_STEP][PASSED] - click(editAdminAccess): Object: '' is clicked on

2020-09-09 09:59:48 - [MESSAGE][PASSED] - Object: '' is clicked on

2020-09-09 09:59:48 - [TEST_STEP][PASSED] - waitForElementVisible(findTestObject("V2/PR-369/UpdateEditMeetingScorecard/Edit_Show_Advanced_Fields_Button"), DefaultTimeout): Object 'Object Repository/V2/PR-369/UpdateEditMeetingScorecard/Edit_Show_Advanced_Fields_Button' is visible

2020-09-09 09:59:48 - [MESSAGE][PASSED] - Object 'Object Repository/V2/PR-369/UpdateEditMeetingScorecard/Edit_Show_Advanced_Fields_Button' is visible

2020-09-09 09:59:48 - [TEST_STEP][PASSED] - click(findTestObject("V2/PR-369/UpdateEditMeetingScorecard/Edit_Show_Advanced_Fields_Button")): Object: 'Object Repository/V2/PR-369/UpdateEditMeetingScorecard/Edit_Show_Advanced_Fields_Button' is clicked on

2020-09-09 09:59:48 - [MESSAGE][PASSED] - Object: 'Object Repository/V2/PR-369/UpdateEditMeetingScorecard/Edit_Show_Advanced_Fields_Button' is clicked on

2020-09-09 09:59:48 - [TEST_STEP][PASSED] - waitForElementVisible(findTestObject("V2/PR-369/UpdateEditMeetingScorecard/Edit_Average_DateField"), DefaultTimeout): Object 'Object Repository/V2/PR-369/UpdateEditMeetingScorecard/Edit_Average_DateField' is visible

2020-09-09 09:59:48 - [MESSAGE][PASSED] - Object 'Object Repository/V2/PR-369/UpdateEditMeetingScorecard/Edit_Average_DateField' is visible

2020-09-09 09:59:48 - [TEST_STEP][PASSED] - click(findTestObject("V2/PR-369/UpdateEditMeetingScorecard/Edit_Average_DateField")): Object: 'Object Repository/V2/PR-369/UpdateEditMeetingScorecard/Edit_Average_DateField' is clicked on

2020-09-09 09:59:48 - [MESSAGE][PASSED] - Object: 'Object Repository/V2/PR-369/UpdateEditMeetingScorecard/Edit_Average_DateField' is clicked on

2020-09-09 09:59:48 - [TEST_STEP][PASSED] - waitForElementVisible(findTestObject("V2/PR-369/Edit_Meeting_Scorecard/A_Date29"), DefaultTimeout): Object 'Object Repository/V2/PR-369/Edit_Meeting_Scorecard/A_Date29' is visible

2020-09-09 09:59:48 - [MESSAGE][PASSED] - Object 'Object Repository/V2/PR-369/Edit_Meeting_Scorecard/A_Date29' is visible

2020-09-09 09:59:48 - [TEST_STEP][PASSED] - click(findTestObject("V2/PR-369/Edit_Meeting_Scorecard/A_Date29")): Object: 'Object Repository/V2/PR-369/Edit_Meeting_Scorecard/A_Date29' is clicked on

2020-09-09 09:59:49 - [MESSAGE][PASSED] - Object: 'Object Repository/V2/PR-369/Edit_Meeting_Scorecard/A_Date29' is clicked on

2020-09-09 09:59:49 - [TEST_STEP][PASSED] - waitForElementVisible(findTestObject("V2/PR-369/Edit_Meeting_Scorecard/Average_Checkbox"), DefaultTimeout): Object 'Object Repository/V2/PR-369/Edit_Meeting_Scorecard/Average_Checkbox' is visible

2020-09-09 09:59:49 - [MESSAGE][PASSED] - Object 'Object Repository/V2/PR-369/Edit_Meeting_Scorecard/Average_Checkbox' is visible

2020-09-09 09:59:49 - [TEST_STEP][PASSED] - check(findTestObject("V2/PR-369/Edit_Meeting_Scorecard/Average_Checkbox")): Object 'Object Repository/V2/PR-369/Edit_Meeting_Scorecard/Average_Checkbox' is checked

2020-09-09 09:59:49 - [MESSAGE][PASSED] - Object 'Object Repository/V2/PR-369/Edit_Meeting_Scorecard/Average_Checkbox' is checked

2020-09-09 09:59:49 - [TEST_STEP][PASSED] - waitForElementVisible(findTestObject("V2/PR-369/UpdateEditMeetingScorecard/Edit_Cumulative_DateField"), DefaultTimeout): Object 'Object Repository/V2/PR-369/UpdateEditMeetingScorecard/Edit_Cumulative_DateField' is visible

2020-09-09 09:59:49 - [MESSAGE][PASSED] - Object 'Object Repository/V2/PR-369/UpdateEditMeetingScorecard/Edit_Cumulative_DateField' is visible

2020-09-09 09:59:49 - [TEST_STEP][PASSED] - click(findTestObject("V2/PR-369/UpdateEditMeetingScorecard/Edit_Cumulative_DateField")): Object: 'Object Repository/V2/PR-369/UpdateEditMeetingScorecard/Edit_Cumulative_DateField' is clicked on

2020-09-09 09:59:49 - [MESSAGE][PASSED] - Object: 'Object Repository/V2/PR-369/UpdateEditMeetingScorecard/Edit_Cumulative_DateField' is clicked on

2020-09-09 09:59:49 - [TEST_STEP][PASSED] - waitForElementVisible(findTestObject("V2/PR-369/Edit_Meeting_Scorecard/A_Date29"), DefaultTimeout): Object 'Object Repository/V2/PR-369/Edit_Meeting_Scorecard/A_Date29' is visible

2020-09-09 09:59:49 - [MESSAGE][PASSED] - Object 'Object Repository/V2/PR-369/Edit_Meeting_Scorecard/A_Date29' is visible

2020-09-09 09:59:49 - [TEST_STEP][PASSED] - click(findTestObject("V2/PR-369/Edit_Meeting_Scorecard/A_Date29")): Object: 'Object Repository/V2/PR-369/Edit_Meeting_Scorecard/A_Date29' is clicked on

2020-09-09 09:59:49 - [MESSAGE][PASSED] - Object: 'Object Repository/V2/PR-369/Edit_Meeting_Scorecard/A_Date29' is clicked on

2020-09-09 09:59:49 - [TEST_STEP][PASSED] - waitForElementVisible(findTestObject("V2/PR-369/Edit_Meeting_Scorecard/Cumulative_Checkbox"), DefaultTimeout): Object 'Object Repository/V2/PR-369/Edit_Meeting_Scorecard/Cumulative_Checkbox' is visible

2020-09-09 09:59:49 - [MESSAGE][PASSED] - Object 'Object Repository/V2/PR-369/Edit_Meeting_Scorecard/Cumulative_Checkbox' is visible

2020-09-09 09:59:49 - [TEST_STEP][PASSED] - check(findTestObject("V2/PR-369/Edit_Meeting_Scorecard/Cumulative_Checkbox")): Object 'Object Repository/V2/PR-369/Edit_Meeting_Scorecard/Cumulative_Checkbox' is checked

2020-09-09 09:59:49 - [MESSAGE][PASSED] - Object 'Object Repository/V2/PR-369/Edit_Meeting_Scorecard/Cumulative_Checkbox' is checked

2020-09-09 09:59:49 - [TEST_STEP][PASSED] - waitForElementVisible(findTestObject("V2/PR-369/UpdateEditMeetingScorecard/Edit_Update_Button"), DefaultTimeout): Object 'Object Repository/V2/PR-369/UpdateEditMeetingScorecard/Edit_Update_Button' is visible

2020-09-09 09:59:49 - [MESSAGE][PASSED] - Object 'Object Repository/V2/PR-369/UpdateEditMeetingScorecard/Edit_Update_Button' is visible

2020-09-09 09:59:49 - [TEST_STEP][PASSED] - click(findTestObject("V2/PR-369/UpdateEditMeetingScorecard/Edit_Update_Button")): Object: 'Object Repository/V2/PR-369/UpdateEditMeetingScorecard/Edit_Update_Button' is clicked on

2020-09-09 09:59:50 - [MESSAGE][PASSED] - Object: 'Object Repository/V2/PR-369/UpdateEditMeetingScorecard/Edit_Update_Button' is clicked on

2020-09-09 09:59:50 - [TEST_STEP][PASSED] - delay(10): Delayed 10 second(s)

2020-09-09 10:00:00 - [MESSAGE][PASSED] - Delayed 10 second(s)

2020-09-09 10:00:00 - [TEST_STEP][PASSED] - verifyUpdatedScorecard = tt_CustomKeywords.CustomKeywords.CreateDynamicElement(verifyScorecard, editMeasurableName, "xpath"): Successfully created new dynamic object: //div[@data-test-id='measurables']//descendant::div[text()='Updated QA Automation Edit Meeting Scorecard']

2020-09-09 10:00:00 - [MESSAGE][PASSED] - Successfully created new dynamic object: //div[@data-test-id='measurables']//descendant::div[text()='Updated QA Automation Edit Meeting Scorecard']

2020-09-09 10:00:00 - [TEST_STEP][PASSED] - verifyElementPresent(verifyUpdatedScorecard, DefaultTimeout): Object '' is present

2020-09-09 10:00:00 - [MESSAGE][PASSED] - Object '' is present

2020-09-09 10:00:00 - [TEST_STEP][PASSED] - click(findTestObject("V2/PR-369/UpdateEditMeetingScorecard/EditColumn2")): Object: 'Object Repository/V2/PR-369/UpdateEditMeetingScorecard/EditColumn2' is clicked on

2020-09-09 10:00:00 - [MESSAGE][PASSED] - Object: 'Object Repository/V2/PR-369/UpdateEditMeetingScorecard/EditColumn2' is clicked on

2020-09-09 10:00:00 - [TEST_STEP][PASSED] - clearText(findTestObject("V2/PR-369/UpdateEditMeetingScorecard/EditColumn2")): Text of object 'Object Repository/V2/PR-369/UpdateEditMeetingScorecard/EditColumn2' is cleared

2020-09-09 10:00:00 - [MESSAGE][PASSED] - Text of object 'Object Repository/V2/PR-369/UpdateEditMeetingScorecard/EditColumn2' is cleared

2020-09-09 10:00:00 - [TEST_STEP][PASSED] - setText(findTestObject("V2/PR-369/UpdateEditMeetingScorecard/EditColumn2"), editColumn2): Text '200' is set on object 'Object Repository/V2/PR-369/UpdateEditMeetingScorecard/EditColumn2'

2020-09-09 10:00:00 - [MESSAGE][PASSED] - Text '200' is set on object 'Object Repository/V2/PR-369/UpdateEditMeetingScorecard/EditColumn2'

2020-09-09 10:00:00 - [TEST_STEP][PASSED] - click(findTestObject("V2/PR-369/UpdateEditMeetingScorecard/EditColumn3")): Object: 'Object Repository/V2/PR-369/UpdateEditMeetingScorecard/EditColumn3' is clicked on

2020-09-09 10:00:00 - [MESSAGE][PASSED] - Object: 'Object Repository/V2/PR-369/UpdateEditMeetingScorecard/EditColumn3' is clicked on

2020-09-09 10:00:00 - [TEST_STEP][PASSED] - clearText(findTestObject("V2/PR-369/UpdateEditMeetingScorecard/EditColumn3")): Text of object 'Object Repository/V2/PR-369/UpdateEditMeetingScorecard/EditColumn3' is cleared

2020-09-09 10:00:00 - [MESSAGE][PASSED] - Text of object 'Object Repository/V2/PR-369/UpdateEditMeetingScorecard/EditColumn3' is cleared

2020-09-09 10:00:00 - [TEST_STEP][PASSED] - setText(findTestObject("V2/PR-369/UpdateEditMeetingScorecard/EditColumn3"), editColumn3): Text '200' is set on object 'Object Repository/V2/PR-369/UpdateEditMeetingScorecard/EditColumn3'

2020-09-09 10:00:00 - [MESSAGE][PASSED] - Text '200' is set on object 'Object Repository/V2/PR-369/UpdateEditMeetingScorecard/EditColumn3'

2020-09-09 10:00:00 - [TEST_STEP][PASSED] - click(findTestObject("V2/PR-369/UpdateEditMeetingScorecard/EditColumn4")): Object: 'Object Repository/V2/PR-369/UpdateEditMeetingScorecard/EditColumn4' is clicked on

2020-09-09 10:00:00 - [MESSAGE][PASSED] - Object: 'Object Repository/V2/PR-369/UpdateEditMeetingScorecard/EditColumn4' is clicked on

2020-09-09 10:00:00 - [TEST_STEP][PASSED] - clearText(findTestObject("V2/PR-369/UpdateEditMeetingScorecard/EditColumn4")): Text of object 'Object Repository/V2/PR-369/UpdateEditMeetingScorecard/EditColumn4' is cleared

2020-09-09 10:00:00 - [MESSAGE][PASSED] - Text of object 'Object Repository/V2/PR-369/UpdateEditMeetingScorecard/EditColumn4' is cleared

2020-09-09 10:00:00 - [TEST_STEP][PASSED] - setText(findTestObject("V2/PR-369/UpdateEditMeetingScorecard/EditColumn4"), editColumn4): Text '10' is set on object 'Object Repository/V2/PR-369/UpdateEditMeetingScorecard/EditColumn4'

2020-09-09 10:00:00 - [MESSAGE][PASSED] - Text '10' is set on object 'Object Repository/V2/PR-369/UpdateEditMeetingScorecard/EditColumn4'

2020-09-09 10:00:00 - [TEST_STEP][PASSED] - click(findTestObject("V2/PR-369/UpdateEditMeetingScorecard/EditColumn5")): Object: 'Object Repository/V2/PR-369/UpdateEditMeetingScorecard/EditColumn5' is clicked on

2020-09-09 10:00:00 - [MESSAGE][PASSED] - Object: 'Object Repository/V2/PR-369/UpdateEditMeetingScorecard/EditColumn5' is clicked on

2020-09-09 10:00:00 - [TEST_STEP][PASSED] - clearText(findTestObject("V2/PR-369/UpdateEditMeetingScorecard/EditColumn5")): Text of object 'Object Repository/V2/PR-369/UpdateEditMeetingScorecard/EditColumn5' is cleared

2020-09-09 10:00:01 - [MESSAGE][PASSED] - Text of object 'Object Repository/V2/PR-369/UpdateEditMeetingScorecard/EditColumn5' is cleared

2020-09-09 10:00:01 - [TEST_STEP][PASSED] - setText(findTestObject("V2/PR-369/UpdateEditMeetingScorecard/EditColumn5"), editColumn5): Text '30' is set on object 'Object Repository/V2/PR-369/UpdateEditMeetingScorecard/EditColumn5'

2020-09-09 10:00:01 - [MESSAGE][PASSED] - Text '30' is set on object 'Object Repository/V2/PR-369/UpdateEditMeetingScorecard/EditColumn5'

2020-09-09 10:00:01 - [TEST_STEP][PASSED] - click(findTestObject("V2/PR-369/UpdateEditMeetingScorecard/EditColumn6")): Object: 'Object Repository/V2/PR-369/UpdateEditMeetingScorecard/EditColumn6' is clicked on

2020-09-09 10:00:01 - [MESSAGE][PASSED] - Object: 'Object Repository/V2/PR-369/UpdateEditMeetingScorecard/EditColumn6' is clicked on

2020-09-09 10:00:01 - [TEST_STEP][PASSED] - clearText(findTestObject("V2/PR-369/UpdateEditMeetingScorecard/EditColumn6")): Text of object 'Object Repository/V2/PR-369/UpdateEditMeetingScorecard/EditColumn6' is cleared

2020-09-09 10:00:01 - [MESSAGE][PASSED] - Text of object 'Object Repository/V2/PR-369/UpdateEditMeetingScorecard/EditColumn6' is cleared

2020-09-09 10:00:01 - [TEST_STEP][PASSED] - setText(findTestObject("V2/PR-369/UpdateEditMeetingScorecard/EditColumn6"), editColumn6): Text '500' is set on object 'Object Repository/V2/PR-369/UpdateEditMeetingScorecard/EditColumn6'

2020-09-09 10:00:01 - [MESSAGE][PASSED] - Text '500' is set on object 'Object Repository/V2/PR-369/UpdateEditMeetingScorecard/EditColumn6'

2020-09-09 10:00:01 - [TEST_STEP][PASSED] - click(findTestObject("V2/PR-369/UpdateEditMeetingScorecard/EditColumn7")): Object: 'Object Repository/V2/PR-369/UpdateEditMeetingScorecard/EditColumn7' is clicked on

2020-09-09 10:00:01 - [MESSAGE][PASSED] - Object: 'Object Repository/V2/PR-369/UpdateEditMeetingScorecard/EditColumn7' is clicked on

2020-09-09 10:00:01 - [TEST_STEP][PASSED] - clearText(findTestObject("V2/PR-369/UpdateEditMeetingScorecard/EditColumn7")): Text of object 'Object Repository/V2/PR-369/UpdateEditMeetingScorecard/EditColumn7' is cleared

2020-09-09 10:00:01 - [MESSAGE][PASSED] - Text of object 'Object Repository/V2/PR-369/UpdateEditMeetingScorecard/EditColumn7' is cleared

2020-09-09 10:00:01 - [TEST_STEP][PASSED] - setText(findTestObject("V2/PR-369/UpdateEditMeetingScorecard/EditColumn7"), editColumn7): Text '200' is set on object 'Object Repository/V2/PR-369/UpdateEditMeetingScorecard/EditColumn7'

2020-09-09 10:00:01 - [MESSAGE][PASSED] - Text '200' is set on object 'Object Repository/V2/PR-369/UpdateEditMeetingScorecard/EditColumn7'

2020-09-09 10:00:01 - [MESSAGE][PASSED] - Call Test Case 'Test Cases/V2/Test Case/Tests/PR-369 - EditMeetingAgenda/Test Cases/Positive/Employee/PR_369_11_EditMeetingEditScorecard_Employee' successfully

2020-09-09 10:00:01 - [TEST_STEP][PASSED] - delay(10): Delayed 10 second(s)

2020-09-09 10:00:11 - [MESSAGE][PASSED] - Delayed 10 second(s)

2020-09-09 10:00:11 - [TEST_STEP][PASSED] - tt_CustomKeywords.CustomKeywords.CloseWebDriver(driver3): tt_CustomKeywords.CustomKeywords.CloseWebDriver is PASSED

2020-09-09 10:00:16 - [MESSAGE][PASSED] - tt_CustomKeywords.CustomKeywords.CloseWebDriver is PASSED

2020-09-09 10:00:16 - [TEST_STEP][PASSED] - tt_CustomKeywords.CustomKeywords.CloseWebDriver(driver2): tt_CustomKeywords.CustomKeywords.CloseWebDriver is PASSED

2020-09-09 10:00:21 - [MESSAGE][PASSED] - tt_CustomKeywords.CustomKeywords.CloseWebDriver is PASSED

2020-09-09 10:00:21 - [TEST_STEP][PASSED] - tt_CustomKeywords.CustomKeywords.CloseWebDriver(driver1): tt_CustomKeywords.CustomKeywords.CloseWebDriver is PASSED

2020-09-09 10:00:26 - [MESSAGE][PASSED] - tt_CustomKeywords.CustomKeywords.CloseWebDriver is PASSED]]></system-out>
         <system-err><![CDATA[]]></system-err>
      </testcase>
      <system-out><![CDATA[2020-09-09 09:52:06 - [TEST_SUITE][PASSED] - PR-369_TestSuite: Test Cases/V2/Test Case/Tests/PR-369 - EditMeetingAgenda/Test Cases/Positive/TT_369_6_EditScorecard_AllTestCase]]></system-out>
      <system-err><![CDATA[]]></system-err>
   </testsuite>
</testsuites>
