<?xml version="1.0" encoding="UTF-8"?>
<testsuites name="TT-363_TestSuite" time="571.534" tests="3" failures="2" errors="0">
   <testsuite name="TT-363_TestSuite" tests="3" failures="2" errors="0" time="571.534" timestamp="2020-09-24 00:06:04" hostname="Aaron-PC - host.docker.internal" id="Test Suites/V2/Tests/TT-363 - Meeting List/TT-363_TestSuite">
      <properties>
         <property name="deviceName" value=""/>
         <property name="devicePlatform" value=""/>
         <property name="logFolder" value="C:\\Users\\Aaron-PC\\git\\TractionTools\\Reports\\20200924_000603\\V2\\Tests\\TT-363 - Meeting List\\TT-363_TestSuite\\20200924_000603"/>
         <property name="logFiles" value="C:\\Users\\Aaron-PC\\git\\TractionTools\\Reports\\20200924_000603\\V2\\Tests\\TT-363 - Meeting List\\TT-363_TestSuite\\20200924_000603\\execution0.log"/>
         <property name="attachments" value="C:\\Users\\Aaron-PC\\git\\TractionTools\\Reports\\20200924_000603\\V2\\Tests\\TT-363 - Meeting List\\TT-363_TestSuite\\20200924_000603\\1600877451766.png, C:\\Users\\Aaron-PC\\git\\TractionTools\\Reports\\20200924_000603\\V2\\Tests\\TT-363 - Meeting List\\TT-363_TestSuite\\20200924_000603\\1600877735004.png"/>
         <property name="hostName" value="Aaron-PC - host.docker.internal"/>
         <property name="os" value="Windows 10 64bit"/>
         <property name="katalonVersion" value="7.6.6.205"/>
         <property name="browser" value="Chrome 85.0.4183.102"/>
         <property name="hostAddress" value="192.168.1.48"/>
         <property name="sessionId" value="01422af172734971770db0af84f928e8"/>
         <property name="seleniumVersion" value="3.141.59"/>
         <property name="proxyInformation" value="ProxyInformation { proxyOption=NO_PROXY, proxyServerType=HTTP, username=, password=********, proxyServerAddress=, proxyServerPort=0, executionList=&quot;&quot;, isApplyToDesiredCapabilities=true }"/>
         <property name="platform" value="Windows 10"/>
      </properties>
      <testcase name="Test Cases/V2/Test Case/Tests/TT-363 - Meeting List/Positive/TT_363_5_AddRole_AllTestCase" time="230.406" classname="Test Cases/V2/Test Case/Tests/TT-363 - Meeting List/Positive/TT_363_5_AddRole_AllTestCase" status="PASSED">
         <system-out><![CDATA[2020-09-24 00:06:05 - [TEST_CASE][PASSED] - Test Cases/V2/Test Case/Tests/TT-363 - Meeting List/Positive/TT_363_5_AddRole_AllTestCase: Test Cases/V2/Test Case/Tests/TT-363 - Meeting List/Positive/TT_363_5_AddRole_AllTestCase

2020-09-24 00:06:05 - [TEST_STEP][PASSED] - callTestCase(findTestCase("V2/Test Case/Pre-conditions/PRE_RegisterAndActivateTTUsers"), ["admin_fname":admin_fname, "lastname":lastname, "phonenumber":"9999999999", "company":"Traction Tools", "password":password, ... ], STOP_ON_FAILURE): Call Test Case 'Test Cases/V2/Test Case/Pre-conditions/PRE_RegisterAndActivateTTUsers' successfully

2020-09-24 00:06:05 - [TEST_CASE][PASSED] - Test Cases/V2/Test Case/Pre-conditions/PRE_RegisterAndActivateTTUsers: Test Cases/V2/Test Case/Pre-conditions/PRE_RegisterAndActivateTTUsers

2020-09-24 00:06:05 - [TEST_STEP][PASSED] - email = tt_CustomKeywords.CustomKeywords.GenerateRandomEmailAddress(admin_email_prefix, admin_email_domain, randomTextLength): Successfully generated a random email: tractiontools.user001+ta5u5mip@gmail.com

2020-09-24 00:06:05 - [MESSAGE][PASSED] - Successfully generated a random email: tractiontools.user001+ta5u5mip@gmail.com

2020-09-24 00:06:05 - [TEST_STEP][PASSED] - supervisor_email = tt_CustomKeywords.CustomKeywords.GenerateRandomEmailAddress(supervisor_email_prefix, supervisor_email_domain, randomTextLength): Successfully generated a random email: tractiontools.user001+ts59ylqt@gmail.com

2020-09-24 00:06:05 - [MESSAGE][PASSED] - Successfully generated a random email: tractiontools.user001+ts59ylqt@gmail.com

2020-09-24 00:06:05 - [TEST_STEP][PASSED] - employee_email = tt_CustomKeywords.CustomKeywords.GenerateRandomEmailAddress(employee_email_prefix, employee_email_domain, randomTextLength): Successfully generated a random email: tractiontools.user001+te5cg324@gmail.com

2020-09-24 00:06:05 - [MESSAGE][PASSED] - Successfully generated a random email: tractiontools.user001+te5cg324@gmail.com

2020-09-24 00:06:05 - [TEST_STEP][PASSED] - adminDetails = tt_CustomKeywords.CustomKeywords.RegisterUserViaAPIAndGenerateActivateURL(email, admin_fname, lastname, phonenumber, company, "__JSON__{\"howDidYouHearAboutUs\":\"Facebook\",\"implementer\":\"\",\"existingTractionToolsClient\":\"\",\"other\":\"\"}", "__JSON__{\"timeZone\":\"America/Guatemala\",\"brandColor\":\"#023047\",\"q1Start\":null,\"q1End\":null,\"q2Start\":null,\"q2End\":null,\"q3Start\":null,\"q3End\":null,\"q4Start\":null,\"q4End\":null,\"quarterDatesSetsRocks\":false,\"exportUsers\":false,\"exportRocks\":false,\"exportRocksIncludesMilestones\":false,\"exportScorecards\":false,\"exportTodos\":false,\"exportTodosIncludesNotes\":false,\"exportPeopleHeadlines\":false,\"exportPeopleHeadlinesIncludesNotes\":false,\"exportIssues\":false,\"exportIssuesIncludesNotes\":false,\"exportContextAwareTodos\":false,\"dateFormat\":\"MM/DD/YYYY\",\"timeFormat\":\"h:mma\",\"numberFormat\":\"-1,000.99\",\"supervisorsArchiveRestoreUsers\":false,\"supervisorsEditPositions\":false,\"milestonesAvailableToAll\":false,\"customMeetingTemplatesEnabled\":false,\"receiveTodoReminders\":false,\"todoReminderTime\":\"13:00\",\"todoReminderTimeZone\":\"America/Guatemala\",\"todoReminderFrequency\":\"DAILY\",\"vtoMeetingId\":\"\",\"vtoDisplayMode\":\"ALL\",\"coreValues\":[{\"id\":\"1\",\"text\":\"\"},{\"id\":\"2\",\"text\":\"\"},{\"id\":\"3\",\"text\":\"\"}]}", password, V2Url): SUCCESFFULLY registered a new user via API. 
 Generated Activation Link: 
http://local.traction.tools:5000/activate?activationKey=49d068df-cb94-4676-a861-2ff978e07976&userId=54ba5ddb-7fcd-37a6-7a4d-dd48f5b42378&orgId=7cba5ddb-7dec-0287-f450-de3d4d939ae7&email=tractiontools.user001+ta5u5mip@gmail.com&teamsId=10ba5ddb-7e4e-d8af-4904-7e79a2eb2996&meetingsId=f0ba5ddb-7e33-e1af-27ec-877ded01915b&adminsId=68ba5ddb-804f-b9db-ec82-75a8123b21e5&usersId=42ba5ddb-7e6b-2f86-534e-cc9fdc7746bb&supervisorsId=0aba5ddb-7e19-16f0-471e-5fa8d86e6898&accountabilityChartId=d6ba5ddb-7e7a-dae0-f008-d1ff44297dbf&isCreator=1

2020-09-24 00:06:08 - [MESSAGE][PASSED] - SUCCESFFULLY registered a new user via API. 
 Generated Activation Link: 
http://local.traction.tools:5000/activate?activationKey=49d068df-cb94-4676-a861-2ff978e07976&userId=54ba5ddb-7fcd-37a6-7a4d-dd48f5b42378&orgId=7cba5ddb-7dec-0287-f450-de3d4d939ae7&email=tractiontools.user001+ta5u5mip@gmail.com&teamsId=10ba5ddb-7e4e-d8af-4904-7e79a2eb2996&meetingsId=f0ba5ddb-7e33-e1af-27ec-877ded01915b&adminsId=68ba5ddb-804f-b9db-ec82-75a8123b21e5&usersId=42ba5ddb-7e6b-2f86-534e-cc9fdc7746bb&supervisorsId=0aba5ddb-7e19-16f0-471e-5fa8d86e6898&accountabilityChartId=d6ba5ddb-7e7a-dae0-f008-d1ff44297dbf&isCreator=1

2020-09-24 00:06:08 - [TEST_STEP][PASSED] - activationURL = adminDetails[0]: null

2020-09-24 00:06:08 - [TEST_STEP][PASSED] - orgID = adminDetails[1]: null

2020-09-24 00:06:08 - [TEST_STEP][PASSED] - out.println("URL: " + activationURL): null

2020-09-24 00:06:08 - [TEST_STEP][PASSED] - out.println("orgID: " + orgID): null

2020-09-24 00:06:08 - [TEST_STEP][PASSED] - supervisorUser_name = supervisor_fname + " " + lastname: null

2020-09-24 00:06:08 - [TEST_STEP][PASSED] - openBrowser(""): Browser is opened with url: ''

2020-09-24 00:06:08 - [MESSAGE][INFO] - Starting 'Chrome' driver

2020-09-24 00:06:08 - [MESSAGE][INFO] - Action delay is set to 0 milliseconds

2020-09-24 00:06:12 - [MESSAGE][PASSED] - Browser is opened with url: ''

2020-09-24 00:06:12 - [TEST_STEP][PASSED] - maximizeWindow(): Current window maximized

2020-09-24 00:06:14 - [MESSAGE][PASSED] - Current window maximized

2020-09-24 00:06:14 - [TEST_STEP][PASSED] - callTestCase(findTestCase("V2/Test Case/Pre-conditions/PRE_ActivateNewUser"), ["activationURL":activationURL, "email":email, "password":password], STOP_ON_FAILURE): Call Test Case 'Test Cases/V2/Test Case/Pre-conditions/PRE_ActivateNewUser' successfully

2020-09-24 00:06:14 - [TEST_CASE][PASSED] - Test Cases/V2/Test Case/Pre-conditions/PRE_ActivateNewUser: Test Cases/V2/Test Case/Pre-conditions/PRE_ActivateNewUser

2020-09-24 00:06:14 - [TEST_STEP][PASSED] - navigateToUrl(activationURL): Navigate to 'http://local.traction.tools:5000/activate?activationKey=49d068df-cb94-4676-a861-2ff978e07976&userId=54ba5ddb-7fcd-37a6-7a4d-dd48f5b42378&orgId=7cba5ddb-7dec-0287-f450-de3d4d939ae7&email=tractiontools.user001+ta5u5mip@gmail.com&teamsId=10ba5ddb-7e4e-d8af-4904-7e79a2eb2996&meetingsId=f0ba5ddb-7e33-e1af-27ec-877ded01915b&adminsId=68ba5ddb-804f-b9db-ec82-75a8123b21e5&usersId=42ba5ddb-7e6b-2f86-534e-cc9fdc7746bb&supervisorsId=0aba5ddb-7e19-16f0-471e-5fa8d86e6898&accountabilityChartId=d6ba5ddb-7e7a-dae0-f008-d1ff44297dbf&isCreator=1' successfully

2020-09-24 00:06:15 - [MESSAGE][PASSED] - Navigate to 'http://local.traction.tools:5000/activate?activationKey=49d068df-cb94-4676-a861-2ff978e07976&userId=54ba5ddb-7fcd-37a6-7a4d-dd48f5b42378&orgId=7cba5ddb-7dec-0287-f450-de3d4d939ae7&email=tractiontools.user001+ta5u5mip@gmail.com&teamsId=10ba5ddb-7e4e-d8af-4904-7e79a2eb2996&meetingsId=f0ba5ddb-7e33-e1af-27ec-877ded01915b&adminsId=68ba5ddb-804f-b9db-ec82-75a8123b21e5&usersId=42ba5ddb-7e6b-2f86-534e-cc9fdc7746bb&supervisorsId=0aba5ddb-7e19-16f0-471e-5fa8d86e6898&accountabilityChartId=d6ba5ddb-7e7a-dae0-f008-d1ff44297dbf&isCreator=1' successfully

2020-09-24 00:06:15 - [TEST_STEP][PASSED] - waitForElementVisible(findTestObject("V2/Commons/ActivationPage/input_Email_email"), DefaultTimeout): Object 'Object Repository/V2/Commons/ActivationPage/input_Email_email' is visible

2020-09-24 00:06:18 - [MESSAGE][PASSED] - Object 'Object Repository/V2/Commons/ActivationPage/input_Email_email' is visible

2020-09-24 00:06:18 - [TEST_STEP][PASSED] - actual_email = getAttribute(findTestObject("Object Repository/V2/Commons/ActivationPage/input_Email_email"), "value"): Attribute 'value' of object 'Object Repository/V2/Commons/ActivationPage/input_Email_email' is: 'tractiontools.user001+ta5u5mip@gmail.com'

2020-09-24 00:06:19 - [MESSAGE][PASSED] - Attribute 'value' of object 'Object Repository/V2/Commons/ActivationPage/input_Email_email' is: 'tractiontools.user001+ta5u5mip@gmail.com'

2020-09-24 00:06:19 - [TEST_STEP][PASSED] - verifyMatch(actual_email, email, false): Actual text 'tractiontools.user001+ta5u5mip@gmail.com' and expected text 'tractiontools.user001+ta5u5mip@gmail.com' are matched 

2020-09-24 00:06:19 - [MESSAGE][PASSED] - Actual text 'tractiontools.user001+ta5u5mip@gmail.com' and expected text 'tractiontools.user001+ta5u5mip@gmail.com' are matched 

2020-09-24 00:06:19 - [TEST_STEP][PASSED] - setText(findTestObject("V2/Commons/ActivationPage/input_password"), password): Text 'Qwer123!' is set on object 'Object Repository/V2/Commons/ActivationPage/input_password'

2020-09-24 00:06:19 - [MESSAGE][PASSED] - Text 'Qwer123!' is set on object 'Object Repository/V2/Commons/ActivationPage/input_password'

2020-09-24 00:06:19 - [TEST_STEP][PASSED] - setText(findTestObject("Object Repository/V2/Commons/ActivationPage/input__passwordRepeat"), password): Text 'Qwer123!' is set on object 'Object Repository/V2/Commons/ActivationPage/input__passwordRepeat'

2020-09-24 00:06:20 - [MESSAGE][PASSED] - Text 'Qwer123!' is set on object 'Object Repository/V2/Commons/ActivationPage/input__passwordRepeat'

2020-09-24 00:06:20 - [TEST_STEP][PASSED] - click(findTestObject("V2/Commons/ActivationPage/input_termsandconditions")): Object: 'Object Repository/V2/Commons/ActivationPage/input_termsandconditions' is clicked on

2020-09-24 00:06:20 - [MESSAGE][PASSED] - Object: 'Object Repository/V2/Commons/ActivationPage/input_termsandconditions' is clicked on

2020-09-24 00:06:20 - [TEST_STEP][PASSED] - click(findTestObject("Object Repository/V2/Commons/ActivationPage/div_Create account")): Object: 'Object Repository/V2/Commons/ActivationPage/div_Create account' is clicked on

2020-09-24 00:06:21 - [MESSAGE][PASSED] - Object: 'Object Repository/V2/Commons/ActivationPage/div_Create account' is clicked on

2020-09-24 00:06:21 - [TEST_STEP][PASSED] - waitForElementPresent(findTestObject("V2/Commons/DasboardPage_SidebarMenu/img_Home_logo-big"), DefaultTimeout): Object 'Object Repository/V2/Commons/DasboardPage_SidebarMenu/img_Home_logo-big' is present

2020-09-24 00:06:26 - [MESSAGE][PASSED] - Object 'Object Repository/V2/Commons/DasboardPage_SidebarMenu/img_Home_logo-big' is present

2020-09-24 00:06:26 - [TEST_STEP][PASSED] - verifyElementPresent(findTestObject("V2/Commons/DasboardPage_SidebarMenu/img_Home_logo-big"), 0): Object 'Object Repository/V2/Commons/DasboardPage_SidebarMenu/img_Home_logo-big' is present

2020-09-24 00:06:26 - [MESSAGE][WARNING] - Timeout '0' is invalid. Using default page load timeout: '30'

2020-09-24 00:06:26 - [MESSAGE][PASSED] - Object 'Object Repository/V2/Commons/DasboardPage_SidebarMenu/img_Home_logo-big' is present

2020-09-24 00:06:26 - [MESSAGE][PASSED] - Call Test Case 'Test Cases/V2/Test Case/Pre-conditions/PRE_ActivateNewUser' successfully

2020-09-24 00:06:26 - [TEST_STEP][PASSED] - callTestCase(findTestCase("V2/Test Case/Pre-conditions/PRE_SkipCompanyAndPersonalProfileSetup"), [:], STOP_ON_FAILURE): Call Test Case 'Test Cases/V2/Test Case/Pre-conditions/PRE_SkipCompanyAndPersonalProfileSetup' successfully

2020-09-24 00:06:26 - [TEST_CASE][PASSED] - Test Cases/V2/Test Case/Pre-conditions/PRE_SkipCompanyAndPersonalProfileSetup: Test Cases/V2/Test Case/Pre-conditions/PRE_SkipCompanyAndPersonalProfileSetup

2020-09-24 00:06:26 - [TEST_STEP][PASSED] - waitForElementVisible(findTestObject("V2/Commons/FirstUpdateCompanyAndPersonalInfoModal/confirmCompanyInfoHeader_h1"), DefaultTimeout): Object 'Object Repository/V2/Commons/FirstUpdateCompanyAndPersonalInfoModal/confirmCompanyInfoHeader_h1' is visible

2020-09-24 00:06:27 - [MESSAGE][PASSED] - Object 'Object Repository/V2/Commons/FirstUpdateCompanyAndPersonalInfoModal/confirmCompanyInfoHeader_h1' is visible

2020-09-24 00:06:27 - [TEST_STEP][PASSED] - click(findTestObject("V2/Commons/FirstUpdateCompanyAndPersonalInfoModal/confirmInfoSkip_button")): Object: 'Object Repository/V2/Commons/FirstUpdateCompanyAndPersonalInfoModal/confirmInfoSkip_button' is clicked on

2020-09-24 00:06:27 - [MESSAGE][PASSED] - Object: 'Object Repository/V2/Commons/FirstUpdateCompanyAndPersonalInfoModal/confirmInfoSkip_button' is clicked on

2020-09-24 00:06:27 - [TEST_STEP][PASSED] - waitForElementVisible(findTestObject("V2/Commons/FirstUpdateCompanyAndPersonalInfoModal/confirmPersonalInfoHeader_h1"), DefaultTimeout): Object 'Object Repository/V2/Commons/FirstUpdateCompanyAndPersonalInfoModal/confirmPersonalInfoHeader_h1' is visible

2020-09-24 00:06:28 - [MESSAGE][PASSED] - Object 'Object Repository/V2/Commons/FirstUpdateCompanyAndPersonalInfoModal/confirmPersonalInfoHeader_h1' is visible

2020-09-24 00:06:28 - [TEST_STEP][PASSED] - click(findTestObject("V2/Commons/FirstUpdateCompanyAndPersonalInfoModal/confirmInfoSkip_button")): Object: 'Object Repository/V2/Commons/FirstUpdateCompanyAndPersonalInfoModal/confirmInfoSkip_button' is clicked on

2020-09-24 00:06:28 - [MESSAGE][PASSED] - Object: 'Object Repository/V2/Commons/FirstUpdateCompanyAndPersonalInfoModal/confirmInfoSkip_button' is clicked on

2020-09-24 00:06:28 - [TEST_STEP][PASSED] - waitForElementVisible(findTestObject("V2/Commons/FirstUpdateCompanyAndPersonalInfoModal/letsGetStarted_button"), DefaultTimeout): Object 'Object Repository/V2/Commons/FirstUpdateCompanyAndPersonalInfoModal/letsGetStarted_button' is visible

2020-09-24 00:06:29 - [MESSAGE][PASSED] - Object 'Object Repository/V2/Commons/FirstUpdateCompanyAndPersonalInfoModal/letsGetStarted_button' is visible

2020-09-24 00:06:29 - [TEST_STEP][PASSED] - click(findTestObject("V2/Commons/FirstUpdateCompanyAndPersonalInfoModal/letsGetStarted_button")): Object: 'Object Repository/V2/Commons/FirstUpdateCompanyAndPersonalInfoModal/letsGetStarted_button' is clicked on

2020-09-24 00:06:29 - [MESSAGE][PASSED] - Object: 'Object Repository/V2/Commons/FirstUpdateCompanyAndPersonalInfoModal/letsGetStarted_button' is clicked on

2020-09-24 00:06:29 - [MESSAGE][PASSED] - Call Test Case 'Test Cases/V2/Test Case/Pre-conditions/PRE_SkipCompanyAndPersonalProfileSetup' successfully

2020-09-24 00:06:29 - [TEST_STEP][PASSED] - supervisor_activationURL = tt_CustomKeywords.CustomKeywords.RegisterAndActivateSupervisorUserViaAPI(V2Url, orgID, supervisor_email, password, email, password, supervisor_fname, lastname): SUCCESFFULLY registered a new user via API. 
 Generated Activation Link: 
http://local.traction.tools:5000/activate?activationKey=c55de1de-83b9-4325-9a4f-a26c886b4ab9&userId=7eba5ddb-abde-ef60-58a9-80da38e981ce&orgId=7cba5ddb-7dec-0287-f450-de3d4d939ae7&email=tractiontools.user001+ts59ylqt@gmail.com&isCreator=0

2020-09-24 00:06:31 - [MESSAGE][PASSED] - SUCCESFFULLY registered a new user via API. 
 Generated Activation Link: 
http://local.traction.tools:5000/activate?activationKey=c55de1de-83b9-4325-9a4f-a26c886b4ab9&userId=7eba5ddb-abde-ef60-58a9-80da38e981ce&orgId=7cba5ddb-7dec-0287-f450-de3d4d939ae7&email=tractiontools.user001+ts59ylqt@gmail.com&isCreator=0

2020-09-24 00:06:31 - [TEST_STEP][PASSED] - callTestCase(findTestCase("V2/Test Case/Pre-conditions/PRE_ChangeUserPermissionViaManageUser"), ["showMenuItemsPath":"//div[@class='usercard__detail_container']/div[text()='%s']/ancestor::div[contains(@class,'usercard__content')]//button[@aria-label='Show Menu Items']", "user_email":supervisor_email, ... ], STOP_ON_FAILURE): Call Test Case 'Test Cases/V2/Test Case/Pre-conditions/PRE_ChangeUserPermissionViaManageUser' successfully

2020-09-24 00:06:31 - [TEST_CASE][PASSED] - Test Cases/V2/Test Case/Pre-conditions/PRE_ChangeUserPermissionViaManageUser: Test Cases/V2/Test Case/Pre-conditions/PRE_ChangeUserPermissionViaManageUser

2020-09-24 00:06:31 - [TEST_STEP][PASSED] - click(findTestObject("Object Repository/V2/Commons/ManageUsersPage/span_Company Settings")): Object: 'Object Repository/V2/Commons/ManageUsersPage/span_Company Settings' is clicked on

2020-09-24 00:06:31 - [MESSAGE][PASSED] - Object: 'Object Repository/V2/Commons/ManageUsersPage/span_Company Settings' is clicked on

2020-09-24 00:06:31 - [TEST_STEP][PASSED] - click(findTestObject("V2/Commons/DasboardPage_SidebarMenu/a_Manage Users")): Object: 'Object Repository/V2/Commons/DasboardPage_SidebarMenu/a_Manage Users' is clicked on

2020-09-24 00:06:32 - [MESSAGE][PASSED] - Object: 'Object Repository/V2/Commons/DasboardPage_SidebarMenu/a_Manage Users' is clicked on

2020-09-24 00:06:32 - [TEST_STEP][PASSED] - showMenuItemsObj = tt_CustomKeywords.CustomKeywords.CreateDynamicElement(showMenuItemsPath, user_email, "xpath"): Successfully created new dynamic object: //div[@class='usercard__detail_container']/div[text()='tractiontools.user001+ts59ylqt@gmail.com']/ancestor::div[contains(@class,'usercard__content')]//button[@aria-label='Show Menu Items']

2020-09-24 00:06:32 - [MESSAGE][PASSED] - Successfully created new dynamic object: //div[@class='usercard__detail_container']/div[text()='tractiontools.user001+ts59ylqt@gmail.com']/ancestor::div[contains(@class,'usercard__content')]//button[@aria-label='Show Menu Items']

2020-09-24 00:06:32 - [TEST_STEP][PASSED] - click(showMenuItemsObj): Object: '' is clicked on

2020-09-24 00:06:33 - [MESSAGE][PASSED] - Object: '' is clicked on

2020-09-24 00:06:33 - [TEST_STEP][PASSED] - click(findTestObject("Object Repository/V2/Commons/ManageUsersPage/div_Edit user")): Object: 'Object Repository/V2/Commons/ManageUsersPage/div_Edit user' is clicked on

2020-09-24 00:06:33 - [MESSAGE][PASSED] - Object: 'Object Repository/V2/Commons/ManageUsersPage/div_Edit user' is clicked on

2020-09-24 00:06:33 - [TEST_STEP][PASSED] - verifyElementPresent(findTestObject("V2/Commons/ManageUsersPage/div_PositionTitle"), DefaultTimeout): Object 'Object Repository/V2/Commons/ManageUsersPage/div_PositionTitle' is present

2020-09-24 00:06:33 - [MESSAGE][PASSED] - Object 'Object Repository/V2/Commons/ManageUsersPage/div_PositionTitle' is present

2020-09-24 00:06:33 - [TEST_STEP][PASSED] - setText(findTestObject("V2/Commons/ManageUsersPage/position_title_input"), position_title): Text 'QA Manager' is set on object 'Object Repository/V2/Commons/ManageUsersPage/position_title_input'

2020-09-24 00:06:34 - [MESSAGE][PASSED] - Text 'QA Manager' is set on object 'Object Repository/V2/Commons/ManageUsersPage/position_title_input'

2020-09-24 00:06:34 - [TEST_STEP][PASSED] - sendKeys(findTestObject("V2/Commons/ManageUsersPage/position_title_input"), Keys.chord(ENTER)): Keys 'ENTER + ' sent to object: 'Object Repository/V2/Commons/ManageUsersPage/position_title_input'

2020-09-24 00:06:35 - [MESSAGE][PASSED] - Keys 'ENTER + ' sent to object: 'Object Repository/V2/Commons/ManageUsersPage/position_title_input'

2020-09-24 00:06:35 - [TEST_STEP][PASSED] - if (permissionValue == "Employee"): null

2020-09-24 00:06:35 - [TEST_STEP][PASSED] - verifyElementPresent(findTestObject("Object Repository/V2/Commons/ManageUsersPage/div_User type"), DefaultTimeout): Object 'Object Repository/V2/Commons/ManageUsersPage/div_User type' is present

2020-09-24 00:06:35 - [MESSAGE][PASSED] - Object 'Object Repository/V2/Commons/ManageUsersPage/div_User type' is present

2020-09-24 00:06:35 - [TEST_STEP][PASSED] - click(findTestObject("Object Repository/V2/Commons/ManageUsersPage/input__orgRole")): Object: 'Object Repository/V2/Commons/ManageUsersPage/input__orgRole' is clicked on

2020-09-24 00:06:35 - [MESSAGE][PASSED] - Object: 'Object Repository/V2/Commons/ManageUsersPage/input__orgRole' is clicked on

2020-09-24 00:06:35 - [TEST_STEP][PASSED] - roleOptionObj = tt_CustomKeywords.CustomKeywords.CreateDynamicElement(roleOption, permissionValue, "xpath"): Successfully created new dynamic object: //span[text()='Supervisor']/parent::div[@role='option']

2020-09-24 00:06:35 - [MESSAGE][PASSED] - Successfully created new dynamic object: //span[text()='Supervisor']/parent::div[@role='option']

2020-09-24 00:06:35 - [TEST_STEP][PASSED] - click(roleOptionObj): Object: '' is clicked on

2020-09-24 00:06:36 - [MESSAGE][PASSED] - Object: '' is clicked on

2020-09-24 00:06:36 - [TEST_STEP][PASSED] - click(findTestObject("Object Repository/V2/Commons/ManageUsersPage/div_Save")): Object: 'Object Repository/V2/Commons/ManageUsersPage/div_Save' is clicked on

2020-09-24 00:06:36 - [MESSAGE][PASSED] - Object: 'Object Repository/V2/Commons/ManageUsersPage/div_Save' is clicked on

2020-09-24 00:06:36 - [TEST_STEP][PASSED] - waitForElementVisible(findTestObject("V2/Commons/ManageUsersPage/h3_User Saved"), DefaultTimeout): Object 'Object Repository/V2/Commons/ManageUsersPage/h3_User Saved' is visible

2020-09-24 00:06:39 - [MESSAGE][PASSED] - Object 'Object Repository/V2/Commons/ManageUsersPage/h3_User Saved' is visible

2020-09-24 00:06:39 - [TEST_STEP][PASSED] - verifyElementVisible(findTestObject("Object Repository/V2/Commons/ManageUsersPage/h3_User Saved")): Object 'Object Repository/V2/Commons/ManageUsersPage/h3_User Saved' is visible

2020-09-24 00:06:40 - [MESSAGE][PASSED] - Object 'Object Repository/V2/Commons/ManageUsersPage/h3_User Saved' is visible

2020-09-24 00:06:40 - [MESSAGE][PASSED] - Call Test Case 'Test Cases/V2/Test Case/Pre-conditions/PRE_ChangeUserPermissionViaManageUser' successfully

2020-09-24 00:06:40 - [TEST_STEP][PASSED] - employee_activationURL = tt_CustomKeywords.CustomKeywords.RegisterAndActivateSupervisorUserViaAPI(V2Url, orgID, employee_email, password, email, password, employee_fname, lastname): SUCCESFFULLY registered a new user via API. 
 Generated Activation Link: 
http://local.traction.tools:5000/activate?activationKey=30757e5f-5b42-467b-8917-c18f11ff8eed&userId=8aba5ddb-bff0-f839-176d-9bbc0be2fc78&orgId=7cba5ddb-7dec-0287-f450-de3d4d939ae7&email=tractiontools.user001+te5cg324@gmail.com&isCreator=0

2020-09-24 00:06:41 - [MESSAGE][PASSED] - SUCCESFFULLY registered a new user via API. 
 Generated Activation Link: 
http://local.traction.tools:5000/activate?activationKey=30757e5f-5b42-467b-8917-c18f11ff8eed&userId=8aba5ddb-bff0-f839-176d-9bbc0be2fc78&orgId=7cba5ddb-7dec-0287-f450-de3d4d939ae7&email=tractiontools.user001+te5cg324@gmail.com&isCreator=0

2020-09-24 00:06:41 - [TEST_STEP][PASSED] - callTestCase(findTestCase("V2/Test Case/Pre-conditions/PRE_ChangeUserPermissionViaManageUser"), ["showMenuItemsPath":"//div[@class='usercard__detail_container']/div[text()='%s']/ancestor::div[contains(@class,'usercard__content')]//button[@aria-label='Show Menu Items']", "user_email":employee_email, ... ], STOP_ON_FAILURE): Call Test Case 'Test Cases/V2/Test Case/Pre-conditions/PRE_ChangeUserPermissionViaManageUser' successfully

2020-09-24 00:06:41 - [TEST_CASE][PASSED] - Test Cases/V2/Test Case/Pre-conditions/PRE_ChangeUserPermissionViaManageUser: Test Cases/V2/Test Case/Pre-conditions/PRE_ChangeUserPermissionViaManageUser

2020-09-24 00:06:41 - [TEST_STEP][PASSED] - click(findTestObject("Object Repository/V2/Commons/ManageUsersPage/span_Company Settings")): Object: 'Object Repository/V2/Commons/ManageUsersPage/span_Company Settings' is clicked on

2020-09-24 00:06:41 - [MESSAGE][PASSED] - Object: 'Object Repository/V2/Commons/ManageUsersPage/span_Company Settings' is clicked on

2020-09-24 00:06:41 - [TEST_STEP][PASSED] - click(findTestObject("V2/Commons/DasboardPage_SidebarMenu/a_Manage Users")): Object: 'Object Repository/V2/Commons/DasboardPage_SidebarMenu/a_Manage Users' is clicked on

2020-09-24 00:06:42 - [MESSAGE][PASSED] - Object: 'Object Repository/V2/Commons/DasboardPage_SidebarMenu/a_Manage Users' is clicked on

2020-09-24 00:06:42 - [TEST_STEP][PASSED] - showMenuItemsObj = tt_CustomKeywords.CustomKeywords.CreateDynamicElement(showMenuItemsPath, user_email, "xpath"): Successfully created new dynamic object: //div[@class='usercard__detail_container']/div[text()='tractiontools.user001+te5cg324@gmail.com']/ancestor::div[contains(@class,'usercard__content')]//button[@aria-label='Show Menu Items']

2020-09-24 00:06:42 - [MESSAGE][PASSED] - Successfully created new dynamic object: //div[@class='usercard__detail_container']/div[text()='tractiontools.user001+te5cg324@gmail.com']/ancestor::div[contains(@class,'usercard__content')]//button[@aria-label='Show Menu Items']

2020-09-24 00:06:42 - [TEST_STEP][PASSED] - click(showMenuItemsObj): Object: '' is clicked on

2020-09-24 00:06:42 - [MESSAGE][PASSED] - Object: '' is clicked on

2020-09-24 00:06:42 - [TEST_STEP][PASSED] - click(findTestObject("Object Repository/V2/Commons/ManageUsersPage/div_Edit user")): Object: 'Object Repository/V2/Commons/ManageUsersPage/div_Edit user' is clicked on

2020-09-24 00:06:43 - [MESSAGE][PASSED] - Object: 'Object Repository/V2/Commons/ManageUsersPage/div_Edit user' is clicked on

2020-09-24 00:06:43 - [TEST_STEP][PASSED] - verifyElementPresent(findTestObject("V2/Commons/ManageUsersPage/div_PositionTitle"), DefaultTimeout): Object 'Object Repository/V2/Commons/ManageUsersPage/div_PositionTitle' is present

2020-09-24 00:06:43 - [MESSAGE][PASSED] - Object 'Object Repository/V2/Commons/ManageUsersPage/div_PositionTitle' is present

2020-09-24 00:06:43 - [TEST_STEP][PASSED] - setText(findTestObject("V2/Commons/ManageUsersPage/position_title_input"), position_title): Text 'Quality Assurance' is set on object 'Object Repository/V2/Commons/ManageUsersPage/position_title_input'

2020-09-24 00:06:44 - [MESSAGE][PASSED] - Text 'Quality Assurance' is set on object 'Object Repository/V2/Commons/ManageUsersPage/position_title_input'

2020-09-24 00:06:44 - [TEST_STEP][PASSED] - sendKeys(findTestObject("V2/Commons/ManageUsersPage/position_title_input"), Keys.chord(ENTER)): Keys 'ENTER + ' sent to object: 'Object Repository/V2/Commons/ManageUsersPage/position_title_input'

2020-09-24 00:06:44 - [MESSAGE][PASSED] - Keys 'ENTER + ' sent to object: 'Object Repository/V2/Commons/ManageUsersPage/position_title_input'

2020-09-24 00:06:44 - [TEST_STEP][PASSED] - if (permissionValue == "Employee"): Keys 'ENTER + ' sent to object: 'Object Repository/V2/Commons/ManageUsersPage/supervisor_input'

2020-09-24 00:06:44 - [TEST_STEP][PASSED] - verifyElementPresent(findTestObject("V2/Commons/ManageUsersPage/supervisor_input"), DefaultTimeout): Object 'Object Repository/V2/Commons/ManageUsersPage/supervisor_input' is present

2020-09-24 00:06:45 - [MESSAGE][PASSED] - Object 'Object Repository/V2/Commons/ManageUsersPage/supervisor_input' is present

2020-09-24 00:06:45 - [TEST_STEP][PASSED] - setText(findTestObject("V2/Commons/ManageUsersPage/supervisor_input"), user_supervisorName): Text 'Supervisor User' is set on object 'Object Repository/V2/Commons/ManageUsersPage/supervisor_input'

2020-09-24 00:06:45 - [MESSAGE][PASSED] - Text 'Supervisor User' is set on object 'Object Repository/V2/Commons/ManageUsersPage/supervisor_input'

2020-09-24 00:06:45 - [TEST_STEP][PASSED] - sendKeys(findTestObject("V2/Commons/ManageUsersPage/supervisor_input"), Keys.chord(ENTER)): Keys 'ENTER + ' sent to object: 'Object Repository/V2/Commons/ManageUsersPage/supervisor_input'

2020-09-24 00:06:46 - [MESSAGE][PASSED] - Keys 'ENTER + ' sent to object: 'Object Repository/V2/Commons/ManageUsersPage/supervisor_input'

2020-09-24 00:06:46 - [TEST_STEP][PASSED] - verifyElementPresent(findTestObject("Object Repository/V2/Commons/ManageUsersPage/div_User type"), DefaultTimeout): Object 'Object Repository/V2/Commons/ManageUsersPage/div_User type' is present

2020-09-24 00:06:46 - [MESSAGE][PASSED] - Object 'Object Repository/V2/Commons/ManageUsersPage/div_User type' is present

2020-09-24 00:06:46 - [TEST_STEP][PASSED] - click(findTestObject("Object Repository/V2/Commons/ManageUsersPage/input__orgRole")): Object: 'Object Repository/V2/Commons/ManageUsersPage/input__orgRole' is clicked on

2020-09-24 00:06:47 - [MESSAGE][PASSED] - Object: 'Object Repository/V2/Commons/ManageUsersPage/input__orgRole' is clicked on

2020-09-24 00:06:47 - [TEST_STEP][PASSED] - roleOptionObj = tt_CustomKeywords.CustomKeywords.CreateDynamicElement(roleOption, permissionValue, "xpath"): Successfully created new dynamic object: //span[text()='Employee']/parent::div[@role='option']

2020-09-24 00:06:47 - [MESSAGE][PASSED] - Successfully created new dynamic object: //span[text()='Employee']/parent::div[@role='option']

2020-09-24 00:06:47 - [TEST_STEP][PASSED] - click(roleOptionObj): Object: '' is clicked on

2020-09-24 00:06:47 - [MESSAGE][PASSED] - Object: '' is clicked on

2020-09-24 00:06:47 - [TEST_STEP][PASSED] - click(findTestObject("Object Repository/V2/Commons/ManageUsersPage/div_Save")): Object: 'Object Repository/V2/Commons/ManageUsersPage/div_Save' is clicked on

2020-09-24 00:06:48 - [MESSAGE][PASSED] - Object: 'Object Repository/V2/Commons/ManageUsersPage/div_Save' is clicked on

2020-09-24 00:06:48 - [TEST_STEP][PASSED] - waitForElementVisible(findTestObject("V2/Commons/ManageUsersPage/h3_User Saved"), DefaultTimeout): Object 'Object Repository/V2/Commons/ManageUsersPage/h3_User Saved' is visible

2020-09-24 00:06:51 - [MESSAGE][PASSED] - Object 'Object Repository/V2/Commons/ManageUsersPage/h3_User Saved' is visible

2020-09-24 00:06:51 - [TEST_STEP][PASSED] - verifyElementVisible(findTestObject("Object Repository/V2/Commons/ManageUsersPage/h3_User Saved")): Object 'Object Repository/V2/Commons/ManageUsersPage/h3_User Saved' is visible

2020-09-24 00:06:51 - [MESSAGE][PASSED] - Object 'Object Repository/V2/Commons/ManageUsersPage/h3_User Saved' is visible

2020-09-24 00:06:51 - [MESSAGE][PASSED] - Call Test Case 'Test Cases/V2/Test Case/Pre-conditions/PRE_ChangeUserPermissionViaManageUser' successfully

2020-09-24 00:06:51 - [TEST_STEP][PASSED] - callTestCase(findTestCase("V2/Test Case/Pre-conditions/PRE_ActivateNewUser"), ["activationURL":supervisor_activationURL, "email":supervisor_email, "password":password], STOP_ON_FAILURE): Call Test Case 'Test Cases/V2/Test Case/Pre-conditions/PRE_ActivateNewUser' successfully

2020-09-24 00:06:51 - [TEST_CASE][PASSED] - Test Cases/V2/Test Case/Pre-conditions/PRE_ActivateNewUser: Test Cases/V2/Test Case/Pre-conditions/PRE_ActivateNewUser

2020-09-24 00:06:51 - [TEST_STEP][PASSED] - navigateToUrl(activationURL): Navigate to 'http://local.traction.tools:5000/activate?activationKey=c55de1de-83b9-4325-9a4f-a26c886b4ab9&userId=7eba5ddb-abde-ef60-58a9-80da38e981ce&orgId=7cba5ddb-7dec-0287-f450-de3d4d939ae7&email=tractiontools.user001+ts59ylqt@gmail.com&isCreator=0' successfully

2020-09-24 00:06:53 - [MESSAGE][PASSED] - Navigate to 'http://local.traction.tools:5000/activate?activationKey=c55de1de-83b9-4325-9a4f-a26c886b4ab9&userId=7eba5ddb-abde-ef60-58a9-80da38e981ce&orgId=7cba5ddb-7dec-0287-f450-de3d4d939ae7&email=tractiontools.user001+ts59ylqt@gmail.com&isCreator=0' successfully

2020-09-24 00:06:53 - [TEST_STEP][PASSED] - waitForElementVisible(findTestObject("V2/Commons/ActivationPage/input_Email_email"), DefaultTimeout): Object 'Object Repository/V2/Commons/ActivationPage/input_Email_email' is visible

2020-09-24 00:06:55 - [MESSAGE][PASSED] - Object 'Object Repository/V2/Commons/ActivationPage/input_Email_email' is visible

2020-09-24 00:06:55 - [TEST_STEP][PASSED] - actual_email = getAttribute(findTestObject("Object Repository/V2/Commons/ActivationPage/input_Email_email"), "value"): Attribute 'value' of object 'Object Repository/V2/Commons/ActivationPage/input_Email_email' is: 'tractiontools.user001+ts59ylqt@gmail.com'

2020-09-24 00:06:55 - [MESSAGE][PASSED] - Attribute 'value' of object 'Object Repository/V2/Commons/ActivationPage/input_Email_email' is: 'tractiontools.user001+ts59ylqt@gmail.com'

2020-09-24 00:06:55 - [TEST_STEP][PASSED] - verifyMatch(actual_email, email, false): Actual text 'tractiontools.user001+ts59ylqt@gmail.com' and expected text 'tractiontools.user001+ts59ylqt@gmail.com' are matched 

2020-09-24 00:06:55 - [MESSAGE][PASSED] - Actual text 'tractiontools.user001+ts59ylqt@gmail.com' and expected text 'tractiontools.user001+ts59ylqt@gmail.com' are matched 

2020-09-24 00:06:55 - [TEST_STEP][PASSED] - setText(findTestObject("V2/Commons/ActivationPage/input_password"), password): Text 'Qwer123!' is set on object 'Object Repository/V2/Commons/ActivationPage/input_password'

2020-09-24 00:06:55 - [MESSAGE][PASSED] - Text 'Qwer123!' is set on object 'Object Repository/V2/Commons/ActivationPage/input_password'

2020-09-24 00:06:55 - [TEST_STEP][PASSED] - setText(findTestObject("Object Repository/V2/Commons/ActivationPage/input__passwordRepeat"), password): Text 'Qwer123!' is set on object 'Object Repository/V2/Commons/ActivationPage/input__passwordRepeat'

2020-09-24 00:06:56 - [MESSAGE][PASSED] - Text 'Qwer123!' is set on object 'Object Repository/V2/Commons/ActivationPage/input__passwordRepeat'

2020-09-24 00:06:56 - [TEST_STEP][PASSED] - click(findTestObject("V2/Commons/ActivationPage/input_termsandconditions")): Object: 'Object Repository/V2/Commons/ActivationPage/input_termsandconditions' is clicked on

2020-09-24 00:06:57 - [MESSAGE][PASSED] - Object: 'Object Repository/V2/Commons/ActivationPage/input_termsandconditions' is clicked on

2020-09-24 00:06:57 - [TEST_STEP][PASSED] - click(findTestObject("Object Repository/V2/Commons/ActivationPage/div_Create account")): Object: 'Object Repository/V2/Commons/ActivationPage/div_Create account' is clicked on

2020-09-24 00:06:57 - [MESSAGE][PASSED] - Object: 'Object Repository/V2/Commons/ActivationPage/div_Create account' is clicked on

2020-09-24 00:06:57 - [TEST_STEP][PASSED] - waitForElementPresent(findTestObject("V2/Commons/DasboardPage_SidebarMenu/img_Home_logo-big"), DefaultTimeout): Object 'Object Repository/V2/Commons/DasboardPage_SidebarMenu/img_Home_logo-big' is present

2020-09-24 00:07:01 - [MESSAGE][PASSED] - Object 'Object Repository/V2/Commons/DasboardPage_SidebarMenu/img_Home_logo-big' is present

2020-09-24 00:07:01 - [TEST_STEP][PASSED] - verifyElementPresent(findTestObject("V2/Commons/DasboardPage_SidebarMenu/img_Home_logo-big"), 0): Object 'Object Repository/V2/Commons/DasboardPage_SidebarMenu/img_Home_logo-big' is present

2020-09-24 00:07:01 - [MESSAGE][WARNING] - Timeout '0' is invalid. Using default page load timeout: '30'

2020-09-24 00:07:02 - [MESSAGE][PASSED] - Object 'Object Repository/V2/Commons/DasboardPage_SidebarMenu/img_Home_logo-big' is present

2020-09-24 00:07:02 - [MESSAGE][PASSED] - Call Test Case 'Test Cases/V2/Test Case/Pre-conditions/PRE_ActivateNewUser' successfully

2020-09-24 00:07:02 - [TEST_STEP][PASSED] - callTestCase(findTestCase("V2/Test Case/Pre-conditions/PRE_SkipPersonalProfileSetup"), [:], STOP_ON_FAILURE): Call Test Case 'Test Cases/V2/Test Case/Pre-conditions/PRE_SkipPersonalProfileSetup' successfully

2020-09-24 00:07:02 - [TEST_CASE][PASSED] - Test Cases/V2/Test Case/Pre-conditions/PRE_SkipPersonalProfileSetup: Test Cases/V2/Test Case/Pre-conditions/PRE_SkipPersonalProfileSetup

2020-09-24 00:07:02 - [TEST_STEP][PASSED] - waitForElementVisible(findTestObject("V2/Commons/FirstUpdateCompanyAndPersonalInfoModal/confirmPersonalInfoHeader_h1"), DefaultTimeout): Object 'Object Repository/V2/Commons/FirstUpdateCompanyAndPersonalInfoModal/confirmPersonalInfoHeader_h1' is visible

2020-09-24 00:07:02 - [MESSAGE][PASSED] - Object 'Object Repository/V2/Commons/FirstUpdateCompanyAndPersonalInfoModal/confirmPersonalInfoHeader_h1' is visible

2020-09-24 00:07:02 - [TEST_STEP][PASSED] - click(findTestObject("V2/Commons/FirstUpdateCompanyAndPersonalInfoModal/confirmInfoSkip_button")): Object: 'Object Repository/V2/Commons/FirstUpdateCompanyAndPersonalInfoModal/confirmInfoSkip_button' is clicked on

2020-09-24 00:07:02 - [MESSAGE][PASSED] - Object: 'Object Repository/V2/Commons/FirstUpdateCompanyAndPersonalInfoModal/confirmInfoSkip_button' is clicked on

2020-09-24 00:07:02 - [TEST_STEP][PASSED] - waitForElementVisible(findTestObject("V2/Commons/FirstUpdateCompanyAndPersonalInfoModal/letsGetStarted_button"), DefaultTimeout): Object 'Object Repository/V2/Commons/FirstUpdateCompanyAndPersonalInfoModal/letsGetStarted_button' is visible

2020-09-24 00:07:03 - [MESSAGE][PASSED] - Object 'Object Repository/V2/Commons/FirstUpdateCompanyAndPersonalInfoModal/letsGetStarted_button' is visible

2020-09-24 00:07:03 - [TEST_STEP][PASSED] - click(findTestObject("V2/Commons/FirstUpdateCompanyAndPersonalInfoModal/letsGetStarted_button")): Object: 'Object Repository/V2/Commons/FirstUpdateCompanyAndPersonalInfoModal/letsGetStarted_button' is clicked on

2020-09-24 00:07:03 - [MESSAGE][PASSED] - Object: 'Object Repository/V2/Commons/FirstUpdateCompanyAndPersonalInfoModal/letsGetStarted_button' is clicked on

2020-09-24 00:07:03 - [MESSAGE][PASSED] - Call Test Case 'Test Cases/V2/Test Case/Pre-conditions/PRE_SkipPersonalProfileSetup' successfully

2020-09-24 00:07:03 - [TEST_STEP][PASSED] - callTestCase(findTestCase("V2/Test Case/Pre-conditions/PRE_ActivateNewUser"), ["activationURL":employee_activationURL, "email":employee_email, "password":password], STOP_ON_FAILURE): Call Test Case 'Test Cases/V2/Test Case/Pre-conditions/PRE_ActivateNewUser' successfully

2020-09-24 00:07:04 - [TEST_CASE][PASSED] - Test Cases/V2/Test Case/Pre-conditions/PRE_ActivateNewUser: Test Cases/V2/Test Case/Pre-conditions/PRE_ActivateNewUser

2020-09-24 00:07:04 - [TEST_STEP][PASSED] - navigateToUrl(activationURL): Navigate to 'http://local.traction.tools:5000/activate?activationKey=30757e5f-5b42-467b-8917-c18f11ff8eed&userId=8aba5ddb-bff0-f839-176d-9bbc0be2fc78&orgId=7cba5ddb-7dec-0287-f450-de3d4d939ae7&email=tractiontools.user001+te5cg324@gmail.com&isCreator=0' successfully

2020-09-24 00:07:05 - [MESSAGE][PASSED] - Navigate to 'http://local.traction.tools:5000/activate?activationKey=30757e5f-5b42-467b-8917-c18f11ff8eed&userId=8aba5ddb-bff0-f839-176d-9bbc0be2fc78&orgId=7cba5ddb-7dec-0287-f450-de3d4d939ae7&email=tractiontools.user001+te5cg324@gmail.com&isCreator=0' successfully

2020-09-24 00:07:05 - [TEST_STEP][PASSED] - waitForElementVisible(findTestObject("V2/Commons/ActivationPage/input_Email_email"), DefaultTimeout): Object 'Object Repository/V2/Commons/ActivationPage/input_Email_email' is visible

2020-09-24 00:07:06 - [MESSAGE][PASSED] - Object 'Object Repository/V2/Commons/ActivationPage/input_Email_email' is visible

2020-09-24 00:07:06 - [TEST_STEP][PASSED] - actual_email = getAttribute(findTestObject("Object Repository/V2/Commons/ActivationPage/input_Email_email"), "value"): Attribute 'value' of object 'Object Repository/V2/Commons/ActivationPage/input_Email_email' is: 'tractiontools.user001+te5cg324@gmail.com'

2020-09-24 00:07:06 - [MESSAGE][PASSED] - Attribute 'value' of object 'Object Repository/V2/Commons/ActivationPage/input_Email_email' is: 'tractiontools.user001+te5cg324@gmail.com'

2020-09-24 00:07:06 - [TEST_STEP][PASSED] - verifyMatch(actual_email, email, false): Actual text 'tractiontools.user001+te5cg324@gmail.com' and expected text 'tractiontools.user001+te5cg324@gmail.com' are matched 

2020-09-24 00:07:06 - [MESSAGE][PASSED] - Actual text 'tractiontools.user001+te5cg324@gmail.com' and expected text 'tractiontools.user001+te5cg324@gmail.com' are matched 

2020-09-24 00:07:06 - [TEST_STEP][PASSED] - setText(findTestObject("V2/Commons/ActivationPage/input_password"), password): Text 'Qwer123!' is set on object 'Object Repository/V2/Commons/ActivationPage/input_password'

2020-09-24 00:07:07 - [MESSAGE][PASSED] - Text 'Qwer123!' is set on object 'Object Repository/V2/Commons/ActivationPage/input_password'

2020-09-24 00:07:07 - [TEST_STEP][PASSED] - setText(findTestObject("Object Repository/V2/Commons/ActivationPage/input__passwordRepeat"), password): Text 'Qwer123!' is set on object 'Object Repository/V2/Commons/ActivationPage/input__passwordRepeat'

2020-09-24 00:07:08 - [MESSAGE][PASSED] - Text 'Qwer123!' is set on object 'Object Repository/V2/Commons/ActivationPage/input__passwordRepeat'

2020-09-24 00:07:08 - [TEST_STEP][PASSED] - click(findTestObject("V2/Commons/ActivationPage/input_termsandconditions")): Object: 'Object Repository/V2/Commons/ActivationPage/input_termsandconditions' is clicked on

2020-09-24 00:07:08 - [MESSAGE][PASSED] - Object: 'Object Repository/V2/Commons/ActivationPage/input_termsandconditions' is clicked on

2020-09-24 00:07:08 - [TEST_STEP][PASSED] - click(findTestObject("Object Repository/V2/Commons/ActivationPage/div_Create account")): Object: 'Object Repository/V2/Commons/ActivationPage/div_Create account' is clicked on

2020-09-24 00:07:09 - [MESSAGE][PASSED] - Object: 'Object Repository/V2/Commons/ActivationPage/div_Create account' is clicked on

2020-09-24 00:07:09 - [TEST_STEP][PASSED] - waitForElementPresent(findTestObject("V2/Commons/DasboardPage_SidebarMenu/img_Home_logo-big"), DefaultTimeout): Object 'Object Repository/V2/Commons/DasboardPage_SidebarMenu/img_Home_logo-big' is present

2020-09-24 00:07:13 - [MESSAGE][PASSED] - Object 'Object Repository/V2/Commons/DasboardPage_SidebarMenu/img_Home_logo-big' is present

2020-09-24 00:07:13 - [TEST_STEP][PASSED] - verifyElementPresent(findTestObject("V2/Commons/DasboardPage_SidebarMenu/img_Home_logo-big"), 0): Object 'Object Repository/V2/Commons/DasboardPage_SidebarMenu/img_Home_logo-big' is present

2020-09-24 00:07:13 - [MESSAGE][WARNING] - Timeout '0' is invalid. Using default page load timeout: '30'

2020-09-24 00:07:14 - [MESSAGE][PASSED] - Object 'Object Repository/V2/Commons/DasboardPage_SidebarMenu/img_Home_logo-big' is present

2020-09-24 00:07:14 - [MESSAGE][PASSED] - Call Test Case 'Test Cases/V2/Test Case/Pre-conditions/PRE_ActivateNewUser' successfully

2020-09-24 00:07:14 - [TEST_STEP][PASSED] - callTestCase(findTestCase("V2/Test Case/Pre-conditions/PRE_SkipPersonalProfileSetup"), [:], STOP_ON_FAILURE): Call Test Case 'Test Cases/V2/Test Case/Pre-conditions/PRE_SkipPersonalProfileSetup' successfully

2020-09-24 00:07:14 - [TEST_CASE][PASSED] - Test Cases/V2/Test Case/Pre-conditions/PRE_SkipPersonalProfileSetup: Test Cases/V2/Test Case/Pre-conditions/PRE_SkipPersonalProfileSetup

2020-09-24 00:07:14 - [TEST_STEP][PASSED] - waitForElementVisible(findTestObject("V2/Commons/FirstUpdateCompanyAndPersonalInfoModal/confirmPersonalInfoHeader_h1"), DefaultTimeout): Object 'Object Repository/V2/Commons/FirstUpdateCompanyAndPersonalInfoModal/confirmPersonalInfoHeader_h1' is visible

2020-09-24 00:07:14 - [MESSAGE][PASSED] - Object 'Object Repository/V2/Commons/FirstUpdateCompanyAndPersonalInfoModal/confirmPersonalInfoHeader_h1' is visible

2020-09-24 00:07:14 - [TEST_STEP][PASSED] - click(findTestObject("V2/Commons/FirstUpdateCompanyAndPersonalInfoModal/confirmInfoSkip_button")): Object: 'Object Repository/V2/Commons/FirstUpdateCompanyAndPersonalInfoModal/confirmInfoSkip_button' is clicked on

2020-09-24 00:07:14 - [MESSAGE][PASSED] - Object: 'Object Repository/V2/Commons/FirstUpdateCompanyAndPersonalInfoModal/confirmInfoSkip_button' is clicked on

2020-09-24 00:07:14 - [TEST_STEP][PASSED] - waitForElementVisible(findTestObject("V2/Commons/FirstUpdateCompanyAndPersonalInfoModal/letsGetStarted_button"), DefaultTimeout): Object 'Object Repository/V2/Commons/FirstUpdateCompanyAndPersonalInfoModal/letsGetStarted_button' is visible

2020-09-24 00:07:15 - [MESSAGE][PASSED] - Object 'Object Repository/V2/Commons/FirstUpdateCompanyAndPersonalInfoModal/letsGetStarted_button' is visible

2020-09-24 00:07:15 - [TEST_STEP][PASSED] - click(findTestObject("V2/Commons/FirstUpdateCompanyAndPersonalInfoModal/letsGetStarted_button")): Object: 'Object Repository/V2/Commons/FirstUpdateCompanyAndPersonalInfoModal/letsGetStarted_button' is clicked on

2020-09-24 00:07:15 - [MESSAGE][PASSED] - Object: 'Object Repository/V2/Commons/FirstUpdateCompanyAndPersonalInfoModal/letsGetStarted_button' is clicked on

2020-09-24 00:07:15 - [MESSAGE][PASSED] - Call Test Case 'Test Cases/V2/Test Case/Pre-conditions/PRE_SkipPersonalProfileSetup' successfully

2020-09-24 00:07:15 - [MESSAGE][PASSED] - Call Test Case 'Test Cases/V2/Test Case/Pre-conditions/PRE_RegisterAndActivateTTUsers' successfully

2020-09-24 00:07:15 - [TEST_STEP][PASSED] - closeBrowser(): Browser is closed

2020-09-24 00:07:16 - [MESSAGE][PASSED] - Browser is closed

2020-09-24 00:07:16 - [TEST_STEP][PASSED] - path = System.getProperty("user.dir"): null

2020-09-24 00:07:16 - [TEST_STEP][PASSED] - System.setProperty("webdriver.chrome.driver", getChromeDriverPath()): null

2020-09-24 00:07:16 - [TEST_STEP][PASSED] - driver1 = new org.openqa.selenium.chrome.ChromeDriver(): null

2020-09-24 00:07:19 - [TEST_STEP][PASSED] - changeWebDriver(driver1): null

2020-09-24 00:07:19 - [TEST_STEP][PASSED] - maximizeWindow(): Current window maximized

2020-09-24 00:07:22 - [MESSAGE][PASSED] - Current window maximized

2020-09-24 00:07:22 - [TEST_STEP][PASSED] - navigateToUrl(V2Url): Navigate to 'http://local.traction.tools:5000' successfully

2020-09-24 00:07:22 - [MESSAGE][PASSED] - Navigate to 'http://local.traction.tools:5000' successfully

2020-09-24 00:07:22 - [TEST_STEP][PASSED] - callTestCase(findTestCase("V2/Test Case/Pre-conditions/PRE_LoginToTractionToolsApplication"), ["username":email, "password":password], STOP_ON_FAILURE): Call Test Case 'Test Cases/V2/Test Case/Pre-conditions/PRE_LoginToTractionToolsApplication' successfully

2020-09-24 00:07:22 - [TEST_CASE][PASSED] - Test Cases/V2/Test Case/Pre-conditions/PRE_LoginToTractionToolsApplication: Test Cases/V2/Test Case/Pre-conditions/PRE_LoginToTractionToolsApplication

2020-09-24 00:07:23 - [TEST_STEP][PASSED] - waitForElementVisible(findTestObject("V2/Commons/LoginPage/input__username"), DefaultTimeout): Object 'Object Repository/V2/Commons/LoginPage/input__username' is visible

2020-09-24 00:07:25 - [MESSAGE][PASSED] - Object 'Object Repository/V2/Commons/LoginPage/input__username' is visible

2020-09-24 00:07:25 - [TEST_STEP][PASSED] - waitForElementVisible(findTestObject("V2/Commons/LoginPage/input__password"), DefaultTimeout): Object 'Object Repository/V2/Commons/LoginPage/input__password' is visible

2020-09-24 00:07:25 - [MESSAGE][PASSED] - Object 'Object Repository/V2/Commons/LoginPage/input__password' is visible

2020-09-24 00:07:25 - [TEST_STEP][PASSED] - setText(findTestObject("V2/Commons/LoginPage/input__username"), username): Text 'tractiontools.user001+ta5u5mip@gmail.com' is set on object 'Object Repository/V2/Commons/LoginPage/input__username'

2020-09-24 00:07:25 - [MESSAGE][PASSED] - Text 'tractiontools.user001+ta5u5mip@gmail.com' is set on object 'Object Repository/V2/Commons/LoginPage/input__username'

2020-09-24 00:07:25 - [TEST_STEP][PASSED] - setText(findTestObject("V2/Commons/LoginPage/input__password"), password): Text 'Qwer123!' is set on object 'Object Repository/V2/Commons/LoginPage/input__password'

2020-09-24 00:07:25 - [MESSAGE][PASSED] - Text 'Qwer123!' is set on object 'Object Repository/V2/Commons/LoginPage/input__password'

2020-09-24 00:07:25 - [TEST_STEP][PASSED] - click(findTestObject("V2/Commons/LoginPage/div_Login")): Object: 'Object Repository/V2/Commons/LoginPage/div_Login' is clicked on

2020-09-24 00:07:26 - [MESSAGE][PASSED] - Object: 'Object Repository/V2/Commons/LoginPage/div_Login' is clicked on

2020-09-24 00:07:26 - [TEST_STEP][PASSED] - waitForElementVisible(findTestObject("V2/Commons/DasboardPage_SidebarMenu/img_Home_logo-big"), DefaultTimeout): Object 'Object Repository/V2/Commons/DasboardPage_SidebarMenu/img_Home_logo-big' is visible

2020-09-24 00:07:28 - [MESSAGE][PASSED] - Object 'Object Repository/V2/Commons/DasboardPage_SidebarMenu/img_Home_logo-big' is visible

2020-09-24 00:07:28 - [TEST_STEP][PASSED] - verifyElementVisible(findTestObject("V2/Commons/DasboardPage_SidebarMenu/img_Home_logo-big"), STOP_ON_FAILURE): Object 'Object Repository/V2/Commons/DasboardPage_SidebarMenu/img_Home_logo-big' is visible

2020-09-24 00:07:28 - [MESSAGE][PASSED] - Object 'Object Repository/V2/Commons/DasboardPage_SidebarMenu/img_Home_logo-big' is visible

2020-09-24 00:07:28 - [MESSAGE][PASSED] - Call Test Case 'Test Cases/V2/Test Case/Pre-conditions/PRE_LoginToTractionToolsApplication' successfully

2020-09-24 00:07:28 - [TEST_STEP][PASSED] - driver2 = new org.openqa.selenium.chrome.ChromeDriver(): null

2020-09-24 00:07:32 - [TEST_STEP][PASSED] - changeWebDriver(driver2): null

2020-09-24 00:07:32 - [TEST_STEP][PASSED] - maximizeWindow(): Current window maximized

2020-09-24 00:07:34 - [MESSAGE][PASSED] - Current window maximized

2020-09-24 00:07:34 - [TEST_STEP][PASSED] - navigateToUrl(V2Url): Navigate to 'http://local.traction.tools:5000' successfully

2020-09-24 00:07:35 - [MESSAGE][PASSED] - Navigate to 'http://local.traction.tools:5000' successfully

2020-09-24 00:07:35 - [TEST_STEP][PASSED] - callTestCase(findTestCase("V2/Test Case/Pre-conditions/PRE_LoginToTractionToolsApplication"), ["username":supervisor_email, "password":password], STOP_ON_FAILURE): Call Test Case 'Test Cases/V2/Test Case/Pre-conditions/PRE_LoginToTractionToolsApplication' successfully

2020-09-24 00:07:35 - [TEST_CASE][PASSED] - Test Cases/V2/Test Case/Pre-conditions/PRE_LoginToTractionToolsApplication: Test Cases/V2/Test Case/Pre-conditions/PRE_LoginToTractionToolsApplication

2020-09-24 00:07:35 - [TEST_STEP][PASSED] - waitForElementVisible(findTestObject("V2/Commons/LoginPage/input__username"), DefaultTimeout): Object 'Object Repository/V2/Commons/LoginPage/input__username' is visible

2020-09-24 00:07:36 - [MESSAGE][PASSED] - Object 'Object Repository/V2/Commons/LoginPage/input__username' is visible

2020-09-24 00:07:36 - [TEST_STEP][PASSED] - waitForElementVisible(findTestObject("V2/Commons/LoginPage/input__password"), DefaultTimeout): Object 'Object Repository/V2/Commons/LoginPage/input__password' is visible

2020-09-24 00:07:36 - [MESSAGE][PASSED] - Object 'Object Repository/V2/Commons/LoginPage/input__password' is visible

2020-09-24 00:07:36 - [TEST_STEP][PASSED] - setText(findTestObject("V2/Commons/LoginPage/input__username"), username): Text 'tractiontools.user001+ts59ylqt@gmail.com' is set on object 'Object Repository/V2/Commons/LoginPage/input__username'

2020-09-24 00:07:37 - [MESSAGE][PASSED] - Text 'tractiontools.user001+ts59ylqt@gmail.com' is set on object 'Object Repository/V2/Commons/LoginPage/input__username'

2020-09-24 00:07:37 - [TEST_STEP][PASSED] - setText(findTestObject("V2/Commons/LoginPage/input__password"), password): Text 'Qwer123!' is set on object 'Object Repository/V2/Commons/LoginPage/input__password'

2020-09-24 00:07:37 - [MESSAGE][PASSED] - Text 'Qwer123!' is set on object 'Object Repository/V2/Commons/LoginPage/input__password'

2020-09-24 00:07:37 - [TEST_STEP][PASSED] - click(findTestObject("V2/Commons/LoginPage/div_Login")): Object: 'Object Repository/V2/Commons/LoginPage/div_Login' is clicked on

2020-09-24 00:07:37 - [MESSAGE][PASSED] - Object: 'Object Repository/V2/Commons/LoginPage/div_Login' is clicked on

2020-09-24 00:07:37 - [TEST_STEP][PASSED] - waitForElementVisible(findTestObject("V2/Commons/DasboardPage_SidebarMenu/img_Home_logo-big"), DefaultTimeout): Object 'Object Repository/V2/Commons/DasboardPage_SidebarMenu/img_Home_logo-big' is visible

2020-09-24 00:07:40 - [MESSAGE][PASSED] - Object 'Object Repository/V2/Commons/DasboardPage_SidebarMenu/img_Home_logo-big' is visible

2020-09-24 00:07:40 - [TEST_STEP][PASSED] - verifyElementVisible(findTestObject("V2/Commons/DasboardPage_SidebarMenu/img_Home_logo-big"), STOP_ON_FAILURE): Object 'Object Repository/V2/Commons/DasboardPage_SidebarMenu/img_Home_logo-big' is visible

2020-09-24 00:07:40 - [MESSAGE][PASSED] - Object 'Object Repository/V2/Commons/DasboardPage_SidebarMenu/img_Home_logo-big' is visible

2020-09-24 00:07:40 - [MESSAGE][PASSED] - Call Test Case 'Test Cases/V2/Test Case/Pre-conditions/PRE_LoginToTractionToolsApplication' successfully

2020-09-24 00:07:40 - [TEST_STEP][PASSED] - driver3 = new org.openqa.selenium.chrome.ChromeDriver(): null

2020-09-24 00:07:43 - [TEST_STEP][PASSED] - changeWebDriver(driver3): null

2020-09-24 00:07:44 - [TEST_STEP][PASSED] - maximizeWindow(): Current window maximized

2020-09-24 00:07:46 - [MESSAGE][PASSED] - Current window maximized

2020-09-24 00:07:46 - [TEST_STEP][PASSED] - navigateToUrl(V2Url): Navigate to 'http://local.traction.tools:5000' successfully

2020-09-24 00:07:47 - [MESSAGE][PASSED] - Navigate to 'http://local.traction.tools:5000' successfully

2020-09-24 00:07:47 - [TEST_STEP][PASSED] - callTestCase(findTestCase("V2/Test Case/Pre-conditions/PRE_LoginToTractionToolsApplication"), ["username":employee_email, "password":password], STOP_ON_FAILURE): Call Test Case 'Test Cases/V2/Test Case/Pre-conditions/PRE_LoginToTractionToolsApplication' successfully

2020-09-24 00:07:47 - [TEST_CASE][PASSED] - Test Cases/V2/Test Case/Pre-conditions/PRE_LoginToTractionToolsApplication: Test Cases/V2/Test Case/Pre-conditions/PRE_LoginToTractionToolsApplication

2020-09-24 00:07:47 - [TEST_STEP][PASSED] - waitForElementVisible(findTestObject("V2/Commons/LoginPage/input__username"), DefaultTimeout): Object 'Object Repository/V2/Commons/LoginPage/input__username' is visible

2020-09-24 00:07:48 - [MESSAGE][PASSED] - Object 'Object Repository/V2/Commons/LoginPage/input__username' is visible

2020-09-24 00:07:48 - [TEST_STEP][PASSED] - waitForElementVisible(findTestObject("V2/Commons/LoginPage/input__password"), DefaultTimeout): Object 'Object Repository/V2/Commons/LoginPage/input__password' is visible

2020-09-24 00:07:48 - [MESSAGE][PASSED] - Object 'Object Repository/V2/Commons/LoginPage/input__password' is visible

2020-09-24 00:07:48 - [TEST_STEP][PASSED] - setText(findTestObject("V2/Commons/LoginPage/input__username"), username): Text 'tractiontools.user001+te5cg324@gmail.com' is set on object 'Object Repository/V2/Commons/LoginPage/input__username'

2020-09-24 00:07:49 - [MESSAGE][PASSED] - Text 'tractiontools.user001+te5cg324@gmail.com' is set on object 'Object Repository/V2/Commons/LoginPage/input__username'

2020-09-24 00:07:49 - [TEST_STEP][PASSED] - setText(findTestObject("V2/Commons/LoginPage/input__password"), password): Text 'Qwer123!' is set on object 'Object Repository/V2/Commons/LoginPage/input__password'

2020-09-24 00:07:49 - [MESSAGE][PASSED] - Text 'Qwer123!' is set on object 'Object Repository/V2/Commons/LoginPage/input__password'

2020-09-24 00:07:49 - [TEST_STEP][PASSED] - click(findTestObject("V2/Commons/LoginPage/div_Login")): Object: 'Object Repository/V2/Commons/LoginPage/div_Login' is clicked on

2020-09-24 00:07:49 - [MESSAGE][PASSED] - Object: 'Object Repository/V2/Commons/LoginPage/div_Login' is clicked on

2020-09-24 00:07:49 - [TEST_STEP][PASSED] - waitForElementVisible(findTestObject("V2/Commons/DasboardPage_SidebarMenu/img_Home_logo-big"), DefaultTimeout): Object 'Object Repository/V2/Commons/DasboardPage_SidebarMenu/img_Home_logo-big' is visible

2020-09-24 00:07:52 - [MESSAGE][PASSED] - Object 'Object Repository/V2/Commons/DasboardPage_SidebarMenu/img_Home_logo-big' is visible

2020-09-24 00:07:52 - [TEST_STEP][PASSED] - verifyElementVisible(findTestObject("V2/Commons/DasboardPage_SidebarMenu/img_Home_logo-big"), STOP_ON_FAILURE): Object 'Object Repository/V2/Commons/DasboardPage_SidebarMenu/img_Home_logo-big' is visible

2020-09-24 00:07:52 - [MESSAGE][PASSED] - Object 'Object Repository/V2/Commons/DasboardPage_SidebarMenu/img_Home_logo-big' is visible

2020-09-24 00:07:52 - [MESSAGE][PASSED] - Call Test Case 'Test Cases/V2/Test Case/Pre-conditions/PRE_LoginToTractionToolsApplication' successfully

2020-09-24 00:07:52 - [TEST_STEP][PASSED] - changeWebDriver(driver1): null

2020-09-24 00:07:52 - [TEST_STEP][PASSED] - callTestCase(findTestCase("V2/Test Case/Tests/TT-363 - Meeting List/Positive/Admin/TT_363_1-1_CreateL10MeetingforMonday_Admin"), ["username":"", "password":"", "meetingName":meetingName, "meetingAcronym":meetingAcronym, "meetingDescription":meetingDescription, ... ], STOP_ON_FAILURE): Call Test Case 'Test Cases/V2/Test Case/Tests/TT-363 - Meeting List/Positive/Admin/TT_363_1-1_CreateL10MeetingforMonday_Admin' successfully

2020-09-24 00:07:52 - [TEST_CASE][PASSED] - Test Cases/V2/Test Case/Tests/TT-363 - Meeting List/Positive/Admin/TT_363_1-1_CreateL10MeetingforMonday_Admin: Test Cases/V2/Test Case/Tests/TT-363 - Meeting List/Positive/Admin/TT_363_1-1_CreateL10MeetingforMonday_Admin

2020-09-24 00:07:52 - [TEST_STEP][PASSED] - verifyElementPresent(findTestObject("V2/TT-363/Page_Dashboard/span_Meetings"), DefaultTimeout): Object 'Object Repository/V2/TT-363/Page_Dashboard/span_Meetings' is present

2020-09-24 00:07:52 - [MESSAGE][PASSED] - Object 'Object Repository/V2/TT-363/Page_Dashboard/span_Meetings' is present

2020-09-24 00:07:52 - [TEST_STEP][PASSED] - click(findTestObject("V2/TT-363/Page_Dashboard/span_Meetings")): Object: 'Object Repository/V2/TT-363/Page_Dashboard/span_Meetings' is clicked on

2020-09-24 00:07:52 - [MESSAGE][PASSED] - Object: 'Object Repository/V2/TT-363/Page_Dashboard/span_Meetings' is clicked on

2020-09-24 00:07:52 - [TEST_STEP][PASSED] - click(findTestObject("Object Repository/V2/TT-363/Page_Meeting/div_Create a meeting")): Object: 'Object Repository/V2/TT-363/Page_Meeting/div_Create a meeting' is clicked on

2020-09-24 00:07:52 - [MESSAGE][PASSED] - Object: 'Object Repository/V2/TT-363/Page_Meeting/div_Create a meeting' is clicked on

2020-09-24 00:07:52 - [TEST_STEP][PASSED] - click(findTestObject("Object Repository/V2/TT-363/Page_Meeting/button_Level 10")): Object: 'Object Repository/V2/TT-363/Page_Meeting/button_Level 10' is clicked on

2020-09-24 00:07:53 - [MESSAGE][PASSED] - Object: 'Object Repository/V2/TT-363/Page_Meeting/button_Level 10' is clicked on

2020-09-24 00:07:53 - [TEST_STEP][PASSED] - waitForElementVisible(findTestObject("Object Repository/V2/TT-363/Page_Meeting/input__name"), DefaultTimeout): Object 'Object Repository/V2/TT-363/Page_Meeting/input__name' is visible

2020-09-24 00:07:53 - [MESSAGE][PASSED] - Object 'Object Repository/V2/TT-363/Page_Meeting/input__name' is visible

2020-09-24 00:07:53 - [TEST_STEP][PASSED] - setText(findTestObject("Object Repository/V2/TT-363/Page_Meeting/input__name"), meetingName): Text 'SP Meeting Admin' is set on object 'Object Repository/V2/TT-363/Page_Meeting/input__name'

2020-09-24 00:07:53 - [MESSAGE][PASSED] - Text 'SP Meeting Admin' is set on object 'Object Repository/V2/TT-363/Page_Meeting/input__name'

2020-09-24 00:07:53 - [TEST_STEP][PASSED] - setText(findTestObject("Object Repository/V2/TT-363/Page_Meeting/input__acronym"), meetingAcronym): Text 'CSP' is set on object 'Object Repository/V2/TT-363/Page_Meeting/input__acronym'

2020-09-24 00:07:53 - [MESSAGE][PASSED] - Text 'CSP' is set on object 'Object Repository/V2/TT-363/Page_Meeting/input__acronym'

2020-09-24 00:07:53 - [TEST_STEP][PASSED] - setText(findTestObject("Object Repository/V2/TT-363/Page_Meeting/input_Meeting description (max 100 characte_8187fa"), meetingDescription): Text 'L10 Meeting' is set on object 'Object Repository/V2/TT-363/Page_Meeting/input_Meeting description (max 100 characte_8187fa'

2020-09-24 00:07:53 - [MESSAGE][PASSED] - Text 'L10 Meeting' is set on object 'Object Repository/V2/TT-363/Page_Meeting/input_Meeting description (max 100 characte_8187fa'

2020-09-24 00:07:53 - [TEST_STEP][PASSED] - click(findTestObject("Object Repository/V2/TT-363/Page_Meeting/input__typeOfMeeting")): Object: 'Object Repository/V2/TT-363/Page_Meeting/input__typeOfMeeting' is clicked on

2020-09-24 00:07:53 - [MESSAGE][PASSED] - Object: 'Object Repository/V2/TT-363/Page_Meeting/input__typeOfMeeting' is clicked on

2020-09-24 00:07:53 - [TEST_STEP][PASSED] - click(findTestObject("V2/TT-363/Page_Meeting/div_Leadership")): Object: 'Object Repository/V2/TT-363/Page_Meeting/div_Leadership' is clicked on

2020-09-24 00:07:54 - [MESSAGE][PASSED] - Object: 'Object Repository/V2/TT-363/Page_Meeting/div_Leadership' is clicked on

2020-09-24 00:07:54 - [TEST_STEP][PASSED] - click(findTestObject("Object Repository/V2/TT-363/Page_Meeting/div_Select a dayMondayTuesdayWednesdayThurs_fcb808")): Object: 'Object Repository/V2/TT-363/Page_Meeting/div_Select a dayMondayTuesdayWednesdayThurs_fcb808' is clicked on

2020-09-24 00:07:54 - [MESSAGE][PASSED] - Object: 'Object Repository/V2/TT-363/Page_Meeting/div_Select a dayMondayTuesdayWednesdayThurs_fcb808' is clicked on

2020-09-24 00:07:54 - [TEST_STEP][PASSED] - click(findTestObject("V2/TT-363/Page_Meeting/div_Monday")): Object: 'Object Repository/V2/TT-363/Page_Meeting/div_Monday' is clicked on

2020-09-24 00:07:54 - [MESSAGE][PASSED] - Object: 'Object Repository/V2/TT-363/Page_Meeting/div_Monday' is clicked on

2020-09-24 00:07:54 - [TEST_STEP][PASSED] - click(findTestObject("Object Repository/V2/TT-363/Page_Meeting/div_000")): Object: 'Object Repository/V2/TT-363/Page_Meeting/div_000' is clicked on

2020-09-24 00:07:54 - [MESSAGE][PASSED] - Object: 'Object Repository/V2/TT-363/Page_Meeting/div_000' is clicked on

2020-09-24 00:07:54 - [TEST_STEP][PASSED] - click(findTestObject("Object Repository/V2/TT-363/Page_Meeting/span_0800")): Object: 'Object Repository/V2/TT-363/Page_Meeting/span_0800' is clicked on

2020-09-24 00:07:54 - [MESSAGE][PASSED] - Object: 'Object Repository/V2/TT-363/Page_Meeting/span_0800' is clicked on

2020-09-24 00:07:54 - [TEST_STEP][PASSED] - setText(findTestObject("Object Repository/V2/TT-363/Page_Meeting/input_Video conference URL_meetingLink"), videoConference): Text 'https://yourvideoconference.com/sample' is set on object 'Object Repository/V2/TT-363/Page_Meeting/input_Video conference URL_meetingLink'

2020-09-24 00:07:54 - [MESSAGE][PASSED] - Text 'https://yourvideoconference.com/sample' is set on object 'Object Repository/V2/TT-363/Page_Meeting/input_Video conference URL_meetingLink'

2020-09-24 00:07:54 - [TEST_STEP][PASSED] - click(findTestObject("Object Repository/V2/TT-363/Page_Meeting/div_Create Meeting")): Object: 'Object Repository/V2/TT-363/Page_Meeting/div_Create Meeting' is clicked on

2020-09-24 00:07:54 - [MESSAGE][PASSED] - Object: 'Object Repository/V2/TT-363/Page_Meeting/div_Create Meeting' is clicked on

2020-09-24 00:07:54 - [TEST_STEP][PASSED] - waitForElementVisible(findTestObject("Object Repository/V2/TT-363/Page_Meeting/div_Ill do this later"), DefaultTimeout): Object 'Object Repository/V2/TT-363/Page_Meeting/div_Ill do this later' is visible

2020-09-24 00:08:00 - [MESSAGE][PASSED] - Object 'Object Repository/V2/TT-363/Page_Meeting/div_Ill do this later' is visible

2020-09-24 00:08:00 - [TEST_STEP][PASSED] - click(findTestObject("Object Repository/V2/TT-363/Page_Meeting/div_Ill do this later")): Object: 'Object Repository/V2/TT-363/Page_Meeting/div_Ill do this later' is clicked on

2020-09-24 00:08:01 - [MESSAGE][PASSED] - Object: 'Object Repository/V2/TT-363/Page_Meeting/div_Ill do this later' is clicked on

2020-09-24 00:08:01 - [TEST_STEP][PASSED] - createMeetingRecordObj = tt_CustomKeywords.CustomKeywords.CreateDynamicElement("//div[@class="container__col detailscontainer__block"]/h2/div[text()='%s']", meetingName, "xpath"): Successfully created new dynamic object: //div[@class="container__col detailscontainer__block"]/h2/div[text()='SP Meeting Admin']

2020-09-24 00:08:01 - [MESSAGE][PASSED] - Successfully created new dynamic object: //div[@class="container__col detailscontainer__block"]/h2/div[text()='SP Meeting Admin']

2020-09-24 00:08:01 - [TEST_STEP][PASSED] - verifyElementPresent(createMeetingRecordObj, DefaultTimeout): Object '' is present

2020-09-24 00:08:01 - [MESSAGE][PASSED] - Object '' is present

2020-09-24 00:08:01 - [TEST_STEP][PASSED] - delay(5): Delayed 5 second(s)

2020-09-24 00:08:06 - [MESSAGE][PASSED] - Delayed 5 second(s)

2020-09-24 00:08:06 - [MESSAGE][PASSED] - Call Test Case 'Test Cases/V2/Test Case/Tests/TT-363 - Meeting List/Positive/Admin/TT_363_1-1_CreateL10MeetingforMonday_Admin' successfully

2020-09-24 00:08:06 - [TEST_STEP][PASSED] - waitForElementVisible(findTestObject("Object Repository/V2/TT-363/Page_Meeting/Edit_Meeting/Page_Meeting/button_Go to meeting_BtnIconNakedStyles-sc-_e4abf2"), DefaultTimeout): Object 'Object Repository/V2/TT-363/Page_Meeting/Edit_Meeting/Page_Meeting/button_Go to meeting_BtnIconNakedStyles-sc-_e4abf2' is visible

2020-09-24 00:08:06 - [MESSAGE][PASSED] - Object 'Object Repository/V2/TT-363/Page_Meeting/Edit_Meeting/Page_Meeting/button_Go to meeting_BtnIconNakedStyles-sc-_e4abf2' is visible

2020-09-24 00:08:06 - [TEST_STEP][PASSED] - click(findTestObject("Object Repository/V2/TT-363/Page_Meeting/Edit_Meeting/Page_Meeting/button_Go to meeting_BtnIconNakedStyles-sc-_e4abf2")): Object: 'Object Repository/V2/TT-363/Page_Meeting/Edit_Meeting/Page_Meeting/button_Go to meeting_BtnIconNakedStyles-sc-_e4abf2' is clicked on

2020-09-24 00:08:06 - [MESSAGE][PASSED] - Object: 'Object Repository/V2/TT-363/Page_Meeting/Edit_Meeting/Page_Meeting/button_Go to meeting_BtnIconNakedStyles-sc-_e4abf2' is clicked on

2020-09-24 00:08:06 - [TEST_STEP][PASSED] - click(findTestObject("Object Repository/V2/TT-363/Page_Meeting/Edit_Meeting/Page_Meeting/a_Edit meeting")): Object: 'Object Repository/V2/TT-363/Page_Meeting/Edit_Meeting/Page_Meeting/a_Edit meeting' is clicked on

2020-09-24 00:08:06 - [MESSAGE][PASSED] - Object: 'Object Repository/V2/TT-363/Page_Meeting/Edit_Meeting/Page_Meeting/a_Edit meeting' is clicked on

2020-09-24 00:08:06 - [TEST_STEP][PASSED] - waitForElementPresent(findTestObject("Object Repository/V2/TT-363/Attendees/Page_Edit Meeting/div_Add users"), DefaultTimeout): Object 'Object Repository/V2/TT-363/Attendees/Page_Edit Meeting/div_Add users' is present

2020-09-24 00:08:07 - [MESSAGE][PASSED] - Object 'Object Repository/V2/TT-363/Attendees/Page_Edit Meeting/div_Add users' is present

2020-09-24 00:08:07 - [TEST_STEP][PASSED] - click(findTestObject("Object Repository/V2/TT-363/Attendees/Page_Edit Meeting/div_Add users")): Object: 'Object Repository/V2/TT-363/Attendees/Page_Edit Meeting/div_Add users' is clicked on

2020-09-24 00:08:07 - [MESSAGE][PASSED] - Object: 'Object Repository/V2/TT-363/Attendees/Page_Edit Meeting/div_Add users' is clicked on

2020-09-24 00:08:07 - [TEST_STEP][PASSED] - click(findTestObject("V2/TT-363/Attendees/Page_Edit Meeting/input_Basic editor_addUsers1")): Object: 'Object Repository/V2/TT-363/Attendees/Page_Edit Meeting/input_Basic editor_addUsers1' is clicked on

2020-09-24 00:08:07 - [MESSAGE][PASSED] - Object: 'Object Repository/V2/TT-363/Attendees/Page_Edit Meeting/input_Basic editor_addUsers1' is clicked on

2020-09-24 00:08:07 - [TEST_STEP][PASSED] - click(findTestObject("Object Repository/V2/TT-363/Attendees/Page_Edit Meeting/div_Aaron Nejal")): Object: 'Object Repository/V2/TT-363/Attendees/Page_Edit Meeting/div_Aaron Nejal' is clicked on

2020-09-24 00:08:38 - [MESSAGE][INFO] - Unable to find the element located by 'By.xpath: //*[@id="root"]/div/div[2]/div/div/div[2]/div[2]/div[3]/div[3]/div[2]/div[2]/div[2]/div[1]/div/div/div[2]/div[1]'. Please recheck the objects properties to make sure the desired element is located. 

2020-09-24 00:08:38 - [MESSAGE][WARNING] - [SELF-HEALING] Failed to find element with id 'Object Repository/V2/TT-363/Attendees/Page_Edit Meeting/div_Aaron Nejal'. Try using Self-healing.

2020-09-24 00:08:38 - [MESSAGE][WARNING] - [SELF-HEALING] The current locator of test object 'Object Repository/V2/TT-363/Attendees/Page_Edit Meeting/div_Aaron Nejal' was broken. Propose an alternative one: '(.//*[normalize-space(text()) and normalize-space(.)='Basic editor'])[2]/following::div[8]'.

2020-09-24 00:08:38 - [MESSAGE][PASSED] - Object: 'Object Repository/V2/TT-363/Attendees/Page_Edit Meeting/div_Aaron Nejal' is clicked on

2020-09-24 00:08:38 - [TEST_STEP][PASSED] - delay(10): Delayed 10 second(s)

2020-09-24 00:08:48 - [MESSAGE][PASSED] - Delayed 10 second(s)

2020-09-24 00:08:48 - [TEST_STEP][PASSED] - click(findTestObject("Object Repository/V2/TT-363/Attendees/Page_Edit Meeting/div_Add users")): Object: 'Object Repository/V2/TT-363/Attendees/Page_Edit Meeting/div_Add users' is clicked on

2020-09-24 00:08:48 - [MESSAGE][PASSED] - Object: 'Object Repository/V2/TT-363/Attendees/Page_Edit Meeting/div_Add users' is clicked on

2020-09-24 00:08:48 - [TEST_STEP][PASSED] - click(findTestObject("V2/TT-363/Attendees/Page_Edit Meeting/input_Basic editor_addUsers2")): Object: 'Object Repository/V2/TT-363/Attendees/Page_Edit Meeting/input_Basic editor_addUsers2' is clicked on

2020-09-24 00:08:48 - [MESSAGE][PASSED] - Object: 'Object Repository/V2/TT-363/Attendees/Page_Edit Meeting/input_Basic editor_addUsers2' is clicked on

2020-09-24 00:08:48 - [TEST_STEP][PASSED] - click(findTestObject("Object Repository/V2/TT-363/Attendees/Page_Edit Meeting/div_Employee 001")): Object: 'Object Repository/V2/TT-363/Attendees/Page_Edit Meeting/div_Employee 001' is clicked on

2020-09-24 00:09:19 - [MESSAGE][INFO] - Unable to find the element located by 'By.xpath: //*[@id="root"]/div/div[2]/div/div/div[2]/div[2]/div[3]/div[3]/div[2]/div[2]/div[3]/div[1]/div/div/div[2]/div[1]'. Please recheck the objects properties to make sure the desired element is located. 

2020-09-24 00:09:19 - [MESSAGE][WARNING] - [SELF-HEALING] Failed to find element with id 'Object Repository/V2/TT-363/Attendees/Page_Edit Meeting/div_Employee 001'. Try using Self-healing.

2020-09-24 00:09:19 - [MESSAGE][WARNING] - [SELF-HEALING] The current locator of test object 'Object Repository/V2/TT-363/Attendees/Page_Edit Meeting/div_Employee 001' was broken. Propose an alternative one: '(.//*[normalize-space(text()) and normalize-space(.)='Basic editor'])[3]/following::div[8]'.

2020-09-24 00:09:19 - [MESSAGE][PASSED] - Object: 'Object Repository/V2/TT-363/Attendees/Page_Edit Meeting/div_Employee 001' is clicked on

2020-09-24 00:09:19 - [TEST_STEP][PASSED] - delay(10): Delayed 10 second(s)

2020-09-24 00:09:29 - [MESSAGE][PASSED] - Delayed 10 second(s)

2020-09-24 00:09:29 - [TEST_STEP][PASSED] - click(findTestObject("V2/TT-363/Page_Meeting/Edit_Meeting/Page_Edit Meeting/FullEditor")): Object: 'Object Repository/V2/TT-363/Page_Meeting/Edit_Meeting/Page_Edit Meeting/FullEditor' is clicked on

2020-09-24 00:09:29 - [MESSAGE][PASSED] - Object: 'Object Repository/V2/TT-363/Page_Meeting/Edit_Meeting/Page_Edit Meeting/FullEditor' is clicked on

2020-09-24 00:09:29 - [TEST_STEP][PASSED] - click(findTestObject("V2/TT-363/Page_Meeting/Edit_Meeting/Page_Edit Meeting/BasicEditor")): Object: 'Object Repository/V2/TT-363/Page_Meeting/Edit_Meeting/Page_Edit Meeting/BasicEditor' is clicked on

2020-09-24 00:09:30 - [MESSAGE][PASSED] - Object: 'Object Repository/V2/TT-363/Page_Meeting/Edit_Meeting/Page_Edit Meeting/BasicEditor' is clicked on

2020-09-24 00:09:30 - [TEST_STEP][PASSED] - delay(10): Delayed 10 second(s)

2020-09-24 00:09:40 - [MESSAGE][PASSED] - Delayed 10 second(s)

2020-09-24 00:09:40 - [TEST_STEP][PASSED] - verifyElementPresent(findTestObject("V2/TT-363/Page_Dashboard/span_Meetings"), DefaultTimeout): Object 'Object Repository/V2/TT-363/Page_Dashboard/span_Meetings' is present

2020-09-24 00:09:40 - [MESSAGE][PASSED] - Object 'Object Repository/V2/TT-363/Page_Dashboard/span_Meetings' is present

2020-09-24 00:09:40 - [TEST_STEP][PASSED] - click(findTestObject("V2/TT-363/Page_Dashboard/span_Meetings")): Object: 'Object Repository/V2/TT-363/Page_Dashboard/span_Meetings' is clicked on

2020-09-24 00:09:40 - [MESSAGE][PASSED] - Object: 'Object Repository/V2/TT-363/Page_Dashboard/span_Meetings' is clicked on

2020-09-24 00:09:40 - [TEST_STEP][PASSED] - changeWebDriver(driver2): null

2020-09-24 00:09:40 - [TEST_STEP][PASSED] - verifyElementPresent(findTestObject("V2/TT-363/Page_Dashboard/span_Meetings"), DefaultTimeout): Object 'Object Repository/V2/TT-363/Page_Dashboard/span_Meetings' is present

2020-09-24 00:09:40 - [MESSAGE][PASSED] - Object 'Object Repository/V2/TT-363/Page_Dashboard/span_Meetings' is present

2020-09-24 00:09:40 - [TEST_STEP][PASSED] - click(findTestObject("V2/TT-363/Page_Dashboard/span_Meetings")): Object: 'Object Repository/V2/TT-363/Page_Dashboard/span_Meetings' is clicked on

2020-09-24 00:09:40 - [MESSAGE][PASSED] - Object: 'Object Repository/V2/TT-363/Page_Dashboard/span_Meetings' is clicked on

2020-09-24 00:09:40 - [TEST_STEP][PASSED] - changeWebDriver(driver3): null

2020-09-24 00:09:40 - [TEST_STEP][PASSED] - verifyElementPresent(findTestObject("V2/TT-363/Page_Dashboard/span_Meetings"), DefaultTimeout): Object 'Object Repository/V2/TT-363/Page_Dashboard/span_Meetings' is present

2020-09-24 00:09:40 - [MESSAGE][PASSED] - Object 'Object Repository/V2/TT-363/Page_Dashboard/span_Meetings' is present

2020-09-24 00:09:40 - [TEST_STEP][PASSED] - click(findTestObject("V2/TT-363/Page_Dashboard/span_Meetings")): Object: 'Object Repository/V2/TT-363/Page_Dashboard/span_Meetings' is clicked on

2020-09-24 00:09:40 - [MESSAGE][PASSED] - Object: 'Object Repository/V2/TT-363/Page_Dashboard/span_Meetings' is clicked on

2020-09-24 00:09:40 - [TEST_STEP][PASSED] - changeWebDriver(driver2): null

2020-09-24 00:09:40 - [TEST_STEP][PASSED] - createMeetingRecordObjAdminVerifySupervisor = tt_CustomKeywords.CustomKeywords.CreateDynamicElement("//div[@class="container__col detailscontainer__block"]/h2/div[text()='%s']", meetingName, "xpath"): Successfully created new dynamic object: //div[@class="container__col detailscontainer__block"]/h2/div[text()='SP Meeting Admin']

2020-09-24 00:09:40 - [MESSAGE][PASSED] - Successfully created new dynamic object: //div[@class="container__col detailscontainer__block"]/h2/div[text()='SP Meeting Admin']

2020-09-24 00:09:40 - [TEST_STEP][PASSED] - verifyElementPresent(createMeetingRecordObjAdminVerifySupervisor, DefaultTimeout): Object '' is present

2020-09-24 00:09:40 - [MESSAGE][PASSED] - Object '' is present

2020-09-24 00:09:40 - [TEST_STEP][PASSED] - changeWebDriver(driver3): null

2020-09-24 00:09:40 - [TEST_STEP][PASSED] - createMeetingRecordObjAdminVerifyEmployee = tt_CustomKeywords.CustomKeywords.CreateDynamicElement("//div[@class="container__col detailscontainer__block"]/h2/div[text()='%s']", meetingName, "xpath"): Successfully created new dynamic object: //div[@class="container__col detailscontainer__block"]/h2/div[text()='SP Meeting Admin']

2020-09-24 00:09:40 - [MESSAGE][PASSED] - Successfully created new dynamic object: //div[@class="container__col detailscontainer__block"]/h2/div[text()='SP Meeting Admin']

2020-09-24 00:09:40 - [TEST_STEP][PASSED] - verifyElementPresent(createMeetingRecordObjAdminVerifyEmployee, DefaultTimeout): Object '' is present

2020-09-24 00:09:40 - [MESSAGE][PASSED] - Object '' is present

2020-09-24 00:09:40 - [TEST_STEP][PASSED] - tt_CustomKeywords.CustomKeywords.CloseWebDriver(driver3): tt_CustomKeywords.CustomKeywords.CloseWebDriver is PASSED

2020-09-24 00:09:45 - [MESSAGE][PASSED] - tt_CustomKeywords.CustomKeywords.CloseWebDriver is PASSED

2020-09-24 00:09:45 - [TEST_STEP][PASSED] - tt_CustomKeywords.CustomKeywords.CloseWebDriver(driver2): tt_CustomKeywords.CustomKeywords.CloseWebDriver is PASSED

2020-09-24 00:09:50 - [MESSAGE][PASSED] - tt_CustomKeywords.CustomKeywords.CloseWebDriver is PASSED

2020-09-24 00:09:50 - [TEST_STEP][PASSED] - tt_CustomKeywords.CustomKeywords.CloseWebDriver(driver1): tt_CustomKeywords.CustomKeywords.CloseWebDriver is PASSED

2020-09-24 00:09:55 - [MESSAGE][PASSED] - tt_CustomKeywords.CustomKeywords.CloseWebDriver is PASSED]]></system-out>
         <system-err><![CDATA[]]></system-err>
      </testcase>
      <testcase name="Test Cases/V2/Test Case/Tests/TT-363 - Meeting List/Positive/TT_363_6_EditMeetingBasicInformation_AllTestCase" time="56.387" classname="Test Cases/V2/Test Case/Tests/TT-363 - Meeting List/Positive/TT_363_6_EditMeetingBasicInformation_AllTestCase" status="FAILED">
         <failure type="FAILED" message="Test Cases/V2/Test Case/Tests/TT-363 - Meeting List/Positive/TT_363_6_EditMeetingBasicInformation_AllTestCase FAILED.
Reason:
com.kms.katalon.core.exception.StepFailedException: Call Test Case 'Test Cases/V2/Test Case/Pre-conditions/PRE_RegisterAndActivateTTUsers' failed
	at com.kms.katalon.core.keyword.builtin.CallTestCaseKeyword$_callTestCase_closure1.doCall(CallTestCaseKeyword.groovy:63)
	at com.kms.katalon.core.keyword.builtin.CallTestCaseKeyword$_callTestCase_closure1.call(CallTestCaseKeyword.groovy)
	at com.kms.katalon.core.keyword.internal.KeywordMain.runKeyword(KeywordMain.groovy:68)
	at com.kms.katalon.core.keyword.builtin.CallTestCaseKeyword.callTestCase(CallTestCaseKeyword.groovy:81)
	at com.kms.katalon.core.keyword.builtin.CallTestCaseKeyword.execute(CallTestCaseKeyword.groovy:44)
	at com.kms.katalon.core.keyword.internal.KeywordExecutor.executeKeywordForPlatform(KeywordExecutor.groovy:73)
	at com.kms.katalon.core.keyword.BuiltinKeywords.callTestCase(BuiltinKeywords.groovy:334)
	at TT_363_6_EditMeetingBasicInformation_AllTestCase.run(TT_363_6_EditMeetingBasicInformation_AllTestCase:22)
	at com.kms.katalon.core.main.ScriptEngine.run(ScriptEngine.java:194)
	at com.kms.katalon.core.main.ScriptEngine.runScriptAsRawText(ScriptEngine.java:119)
	at com.kms.katalon.core.main.TestCaseExecutor.runScript(TestCaseExecutor.java:339)
	at com.kms.katalon.core.main.TestCaseExecutor.doExecute(TestCaseExecutor.java:330)
	at com.kms.katalon.core.main.TestCaseExecutor.processExecutionPhase(TestCaseExecutor.java:309)
	at com.kms.katalon.core.main.TestCaseExecutor.accessMainPhase(TestCaseExecutor.java:301)
	at com.kms.katalon.core.main.TestCaseExecutor.execute(TestCaseExecutor.java:235)
	at com.kms.katalon.core.main.TestSuiteExecutor.accessTestCaseMainPhase(TestSuiteExecutor.java:191)
	at com.kms.katalon.core.main.TestSuiteExecutor.accessTestSuiteMainPhase(TestSuiteExecutor.java:141)
	at com.kms.katalon.core.main.TestSuiteExecutor.execute(TestSuiteExecutor.java:90)
	at com.kms.katalon.core.main.TestCaseMain.startTestSuite(TestCaseMain.java:157)
	at com.kms.katalon.core.main.TestCaseMain$startTestSuite$0.call(Unknown Source)
	at TempTestSuite1600877163454.run(TempTestSuite1600877163454.groovy:39)
Caused by: com.kms.katalon.core.exception.StepFailedException: Call Test Case 'Test Cases/V2/Test Case/Pre-conditions/PRE_SkipCompanyAndPersonalProfileSetup' failed
	at com.kms.katalon.core.keyword.builtin.CallTestCaseKeyword$_callTestCase_closure1.doCall(CallTestCaseKeyword.groovy:63)
	at com.kms.katalon.core.keyword.builtin.CallTestCaseKeyword$_callTestCase_closure1.call(CallTestCaseKeyword.groovy)
	at com.kms.katalon.core.keyword.internal.KeywordMain.runKeyword(KeywordMain.groovy:68)
	at com.kms.katalon.core.keyword.builtin.CallTestCaseKeyword.callTestCase(CallTestCaseKeyword.groovy:81)
	at com.kms.katalon.core.keyword.builtin.CallTestCaseKeyword.execute(CallTestCaseKeyword.groovy:44)
	at com.kms.katalon.core.keyword.internal.KeywordExecutor.executeKeywordForPlatform(KeywordExecutor.groovy:73)
	at com.kms.katalon.core.keyword.BuiltinKeywords.callTestCase(BuiltinKeywords.groovy:334)
	at PRE_RegisterAndActivateTTUsers.run(PRE_RegisterAndActivateTTUsers:54)
	at com.kms.katalon.core.main.ScriptEngine.run(ScriptEngine.java:194)
	at com.kms.katalon.core.main.ScriptEngine.runScriptAsRawText(ScriptEngine.java:119)
	at com.kms.katalon.core.main.TestCaseExecutor.runScript(TestCaseExecutor.java:339)
	at com.kms.katalon.core.main.TestCaseExecutor.doExecute(TestCaseExecutor.java:330)
	at com.kms.katalon.core.main.TestCaseExecutor.processExecutionPhase(TestCaseExecutor.java:309)
	at com.kms.katalon.core.main.TestCaseExecutor.accessMainPhase(TestCaseExecutor.java:301)
	at com.kms.katalon.core.main.TestCaseExecutor.execute(TestCaseExecutor.java:235)
	at com.kms.katalon.core.main.TestCaseMain.runTestCase(TestCaseMain.java:114)
	at com.kms.katalon.core.keyword.builtin.CallTestCaseKeyword$_callTestCase_closure1.doCall(CallTestCaseKeyword.groovy:59)
	... 20 more
Caused by: com.kms.katalon.core.exception.StepFailedException: Unable to click on object 'Object Repository/V2/Commons/FirstUpdateCompanyAndPersonalInfoModal/confirmInfoSkip_button'
	at com.kms.katalon.core.webui.keyword.internal.WebUIKeywordMain.stepFailed(WebUIKeywordMain.groovy:64)
	at com.kms.katalon.core.webui.keyword.internal.WebUIKeywordMain.runKeyword(WebUIKeywordMain.groovy:26)
	at com.kms.katalon.core.webui.keyword.builtin.ClickKeyword.click(ClickKeyword.groovy:76)
	at com.kms.katalon.core.webui.keyword.builtin.ClickKeyword.execute(ClickKeyword.groovy:43)
	at com.kms.katalon.core.keyword.internal.KeywordExecutor.executeKeywordForPlatform(KeywordExecutor.groovy:73)
	at com.kms.katalon.core.webui.keyword.WebUiBuiltInKeywords.click(WebUiBuiltInKeywords.groovy:616)
	at com.kms.katalon.core.webui.keyword.WebUiBuiltInKeywords$click$5.call(Unknown Source)
	at PRE_SkipCompanyAndPersonalProfileSetup.run(PRE_SkipCompanyAndPersonalProfileSetup:27)
	at com.kms.katalon.core.main.ScriptEngine.run(ScriptEngine.java:194)
	at com.kms.katalon.core.main.ScriptEngine.runScriptAsRawText(ScriptEngine.java:119)
	at com.kms.katalon.core.main.TestCaseExecutor.runScript(TestCaseExecutor.java:339)
	at com.kms.katalon.core.main.TestCaseExecutor.doExecute(TestCaseExecutor.java:330)
	at com.kms.katalon.core.main.TestCaseExecutor.processExecutionPhase(TestCaseExecutor.java:309)
	at com.kms.katalon.core.main.TestCaseExecutor.accessMainPhase(TestCaseExecutor.java:301)
	at com.kms.katalon.core.main.TestCaseExecutor.execute(TestCaseExecutor.java:235)
	at com.kms.katalon.core.main.TestCaseMain.runTestCase(TestCaseMain.java:114)
	at com.kms.katalon.core.keyword.builtin.CallTestCaseKeyword$_callTestCase_closure1.doCall(CallTestCaseKeyword.groovy:59)
	... 36 more
Caused by: com.kms.katalon.core.webui.exception.WebElementNotFoundException: Web element with id: 'Object Repository/V2/Commons/FirstUpdateCompanyAndPersonalInfoModal/confirmInfoSkip_button' located by '//div[@id=&quot;FIRST_INFO_UPDATE_MODAL&quot; and contains(@class,'ModalStyles')]/descendant::button//div[text()='Skip']' not found
	at com.kms.katalon.core.webui.common.WebUiCommonHelper.findWebElement(WebUiCommonHelper.java:1368)
	at com.kms.katalon.core.webui.keyword.internal.WebUIAbstractKeyword.findWebElement(WebUIAbstractKeyword.groovy:27)
	at com.kms.katalon.core.webui.keyword.internal.WebUIAbstractKeyword.findWebElement(WebUIAbstractKeyword.groovy:26)
	at com.kms.katalon.core.webui.keyword.builtin.ClickKeyword$_click_closure1.doCall(ClickKeyword.groovy:67)
	at com.kms.katalon.core.webui.keyword.builtin.ClickKeyword$_click_closure1.call(ClickKeyword.groovy)
	at com.kms.katalon.core.webui.keyword.internal.WebUIKeywordMain.runKeyword(WebUIKeywordMain.groovy:20)
	... 51 more
"/>
         <system-out><![CDATA[2020-09-24 00:09:55 - [TEST_CASE][FAILED] - Test Cases/V2/Test Case/Tests/TT-363 - Meeting List/Positive/TT_363_6_EditMeetingBasicInformation_AllTestCase: Test Cases/V2/Test Case/Tests/TT-363 - Meeting List/Positive/TT_363_6_EditMeetingBasicInformation_AllTestCase FAILED.
Reason:
com.kms.katalon.core.exception.StepFailedException: Call Test Case 'Test Cases/V2/Test Case/Pre-conditions/PRE_RegisterAndActivateTTUsers' failed
	at com.kms.katalon.core.keyword.builtin.CallTestCaseKeyword$_callTestCase_closure1.doCall(CallTestCaseKeyword.groovy:63)
	at com.kms.katalon.core.keyword.builtin.CallTestCaseKeyword$_callTestCase_closure1.call(CallTestCaseKeyword.groovy)
	at com.kms.katalon.core.keyword.internal.KeywordMain.runKeyword(KeywordMain.groovy:68)
	at com.kms.katalon.core.keyword.builtin.CallTestCaseKeyword.callTestCase(CallTestCaseKeyword.groovy:81)
	at com.kms.katalon.core.keyword.builtin.CallTestCaseKeyword.execute(CallTestCaseKeyword.groovy:44)
	at com.kms.katalon.core.keyword.internal.KeywordExecutor.executeKeywordForPlatform(KeywordExecutor.groovy:73)
	at com.kms.katalon.core.keyword.BuiltinKeywords.callTestCase(BuiltinKeywords.groovy:334)
	at TT_363_6_EditMeetingBasicInformation_AllTestCase.run(TT_363_6_EditMeetingBasicInformation_AllTestCase:22)
	at com.kms.katalon.core.main.ScriptEngine.run(ScriptEngine.java:194)
	at com.kms.katalon.core.main.ScriptEngine.runScriptAsRawText(ScriptEngine.java:119)
	at com.kms.katalon.core.main.TestCaseExecutor.runScript(TestCaseExecutor.java:339)
	at com.kms.katalon.core.main.TestCaseExecutor.doExecute(TestCaseExecutor.java:330)
	at com.kms.katalon.core.main.TestCaseExecutor.processExecutionPhase(TestCaseExecutor.java:309)
	at com.kms.katalon.core.main.TestCaseExecutor.accessMainPhase(TestCaseExecutor.java:301)
	at com.kms.katalon.core.main.TestCaseExecutor.execute(TestCaseExecutor.java:235)
	at com.kms.katalon.core.main.TestSuiteExecutor.accessTestCaseMainPhase(TestSuiteExecutor.java:191)
	at com.kms.katalon.core.main.TestSuiteExecutor.accessTestSuiteMainPhase(TestSuiteExecutor.java:141)
	at com.kms.katalon.core.main.TestSuiteExecutor.execute(TestSuiteExecutor.java:90)
	at com.kms.katalon.core.main.TestCaseMain.startTestSuite(TestCaseMain.java:157)
	at com.kms.katalon.core.main.TestCaseMain$startTestSuite$0.call(Unknown Source)
	at TempTestSuite1600877163454.run(TempTestSuite1600877163454.groovy:39)
Caused by: com.kms.katalon.core.exception.StepFailedException: Call Test Case 'Test Cases/V2/Test Case/Pre-conditions/PRE_SkipCompanyAndPersonalProfileSetup' failed
	at com.kms.katalon.core.keyword.builtin.CallTestCaseKeyword$_callTestCase_closure1.doCall(CallTestCaseKeyword.groovy:63)
	at com.kms.katalon.core.keyword.builtin.CallTestCaseKeyword$_callTestCase_closure1.call(CallTestCaseKeyword.groovy)
	at com.kms.katalon.core.keyword.internal.KeywordMain.runKeyword(KeywordMain.groovy:68)
	at com.kms.katalon.core.keyword.builtin.CallTestCaseKeyword.callTestCase(CallTestCaseKeyword.groovy:81)
	at com.kms.katalon.core.keyword.builtin.CallTestCaseKeyword.execute(CallTestCaseKeyword.groovy:44)
	at com.kms.katalon.core.keyword.internal.KeywordExecutor.executeKeywordForPlatform(KeywordExecutor.groovy:73)
	at com.kms.katalon.core.keyword.BuiltinKeywords.callTestCase(BuiltinKeywords.groovy:334)
	at PRE_RegisterAndActivateTTUsers.run(PRE_RegisterAndActivateTTUsers:54)
	at com.kms.katalon.core.main.ScriptEngine.run(ScriptEngine.java:194)
	at com.kms.katalon.core.main.ScriptEngine.runScriptAsRawText(ScriptEngine.java:119)
	at com.kms.katalon.core.main.TestCaseExecutor.runScript(TestCaseExecutor.java:339)
	at com.kms.katalon.core.main.TestCaseExecutor.doExecute(TestCaseExecutor.java:330)
	at com.kms.katalon.core.main.TestCaseExecutor.processExecutionPhase(TestCaseExecutor.java:309)
	at com.kms.katalon.core.main.TestCaseExecutor.accessMainPhase(TestCaseExecutor.java:301)
	at com.kms.katalon.core.main.TestCaseExecutor.execute(TestCaseExecutor.java:235)
	at com.kms.katalon.core.main.TestCaseMain.runTestCase(TestCaseMain.java:114)
	at com.kms.katalon.core.keyword.builtin.CallTestCaseKeyword$_callTestCase_closure1.doCall(CallTestCaseKeyword.groovy:59)
	... 20 more
Caused by: com.kms.katalon.core.exception.StepFailedException: Unable to click on object 'Object Repository/V2/Commons/FirstUpdateCompanyAndPersonalInfoModal/confirmInfoSkip_button'
	at com.kms.katalon.core.webui.keyword.internal.WebUIKeywordMain.stepFailed(WebUIKeywordMain.groovy:64)
	at com.kms.katalon.core.webui.keyword.internal.WebUIKeywordMain.runKeyword(WebUIKeywordMain.groovy:26)
	at com.kms.katalon.core.webui.keyword.builtin.ClickKeyword.click(ClickKeyword.groovy:76)
	at com.kms.katalon.core.webui.keyword.builtin.ClickKeyword.execute(ClickKeyword.groovy:43)
	at com.kms.katalon.core.keyword.internal.KeywordExecutor.executeKeywordForPlatform(KeywordExecutor.groovy:73)
	at com.kms.katalon.core.webui.keyword.WebUiBuiltInKeywords.click(WebUiBuiltInKeywords.groovy:616)
	at com.kms.katalon.core.webui.keyword.WebUiBuiltInKeywords$click$5.call(Unknown Source)
	at PRE_SkipCompanyAndPersonalProfileSetup.run(PRE_SkipCompanyAndPersonalProfileSetup:27)
	at com.kms.katalon.core.main.ScriptEngine.run(ScriptEngine.java:194)
	at com.kms.katalon.core.main.ScriptEngine.runScriptAsRawText(ScriptEngine.java:119)
	at com.kms.katalon.core.main.TestCaseExecutor.runScript(TestCaseExecutor.java:339)
	at com.kms.katalon.core.main.TestCaseExecutor.doExecute(TestCaseExecutor.java:330)
	at com.kms.katalon.core.main.TestCaseExecutor.processExecutionPhase(TestCaseExecutor.java:309)
	at com.kms.katalon.core.main.TestCaseExecutor.accessMainPhase(TestCaseExecutor.java:301)
	at com.kms.katalon.core.main.TestCaseExecutor.execute(TestCaseExecutor.java:235)
	at com.kms.katalon.core.main.TestCaseMain.runTestCase(TestCaseMain.java:114)
	at com.kms.katalon.core.keyword.builtin.CallTestCaseKeyword$_callTestCase_closure1.doCall(CallTestCaseKeyword.groovy:59)
	... 36 more
Caused by: com.kms.katalon.core.webui.exception.WebElementNotFoundException: Web element with id: 'Object Repository/V2/Commons/FirstUpdateCompanyAndPersonalInfoModal/confirmInfoSkip_button' located by '//div[@id="FIRST_INFO_UPDATE_MODAL" and contains(@class,'ModalStyles')]/descendant::button//div[text()='Skip']' not found
	at com.kms.katalon.core.webui.common.WebUiCommonHelper.findWebElement(WebUiCommonHelper.java:1368)
	at com.kms.katalon.core.webui.keyword.internal.WebUIAbstractKeyword.findWebElement(WebUIAbstractKeyword.groovy:27)
	at com.kms.katalon.core.webui.keyword.internal.WebUIAbstractKeyword.findWebElement(WebUIAbstractKeyword.groovy:26)
	at com.kms.katalon.core.webui.keyword.builtin.ClickKeyword$_click_closure1.doCall(ClickKeyword.groovy:67)
	at com.kms.katalon.core.webui.keyword.builtin.ClickKeyword$_click_closure1.call(ClickKeyword.groovy)
	at com.kms.katalon.core.webui.keyword.internal.WebUIKeywordMain.runKeyword(WebUIKeywordMain.groovy:20)
	... 51 more


2020-09-24 00:09:55 - [TEST_STEP][FAILED] - callTestCase(findTestCase("V2/Test Case/Pre-conditions/PRE_RegisterAndActivateTTUsers"), ["admin_fname":admin_fname, "lastname":lastname, "phonenumber":"9999999999", "company":"Traction Tools", "password":password, ... ], STOP_ON_FAILURE): Unable to call Test Case 'Test Cases/V2/Test Case/Pre-conditions/PRE_RegisterAndActivateTTUsers' (Root cause: com.kms.katalon.core.exception.StepFailedException: Call Test Case 'Test Cases/V2/Test Case/Pre-conditions/PRE_RegisterAndActivateTTUsers' failed
	at com.kms.katalon.core.keyword.builtin.CallTestCaseKeyword$_callTestCase_closure1.doCall(CallTestCaseKeyword.groovy:63)
	at com.kms.katalon.core.keyword.builtin.CallTestCaseKeyword$_callTestCase_closure1.call(CallTestCaseKeyword.groovy)
	at com.kms.katalon.core.keyword.internal.KeywordMain.runKeyword(KeywordMain.groovy:68)
	at com.kms.katalon.core.keyword.builtin.CallTestCaseKeyword.callTestCase(CallTestCaseKeyword.groovy:81)
	at com.kms.katalon.core.keyword.builtin.CallTestCaseKeyword.execute(CallTestCaseKeyword.groovy:44)
	at com.kms.katalon.core.keyword.internal.KeywordExecutor.executeKeywordForPlatform(KeywordExecutor.groovy:73)
	at com.kms.katalon.core.keyword.BuiltinKeywords.callTestCase(BuiltinKeywords.groovy:334)
	at TT_363_6_EditMeetingBasicInformation_AllTestCase.run(TT_363_6_EditMeetingBasicInformation_AllTestCase:22)
	at com.kms.katalon.core.main.ScriptEngine.run(ScriptEngine.java:194)
	at com.kms.katalon.core.main.ScriptEngine.runScriptAsRawText(ScriptEngine.java:119)
	at com.kms.katalon.core.main.TestCaseExecutor.runScript(TestCaseExecutor.java:339)
	at com.kms.katalon.core.main.TestCaseExecutor.doExecute(TestCaseExecutor.java:330)
	at com.kms.katalon.core.main.TestCaseExecutor.processExecutionPhase(TestCaseExecutor.java:309)
	at com.kms.katalon.core.main.TestCaseExecutor.accessMainPhase(TestCaseExecutor.java:301)
	at com.kms.katalon.core.main.TestCaseExecutor.execute(TestCaseExecutor.java:235)
	at com.kms.katalon.core.main.TestSuiteExecutor.accessTestCaseMainPhase(TestSuiteExecutor.java:191)
	at com.kms.katalon.core.main.TestSuiteExecutor.accessTestSuiteMainPhase(TestSuiteExecutor.java:141)
	at com.kms.katalon.core.main.TestSuiteExecutor.execute(TestSuiteExecutor.java:90)
	at com.kms.katalon.core.main.TestCaseMain.startTestSuite(TestCaseMain.java:157)
	at com.kms.katalon.core.main.TestCaseMain$startTestSuite$0.call(Unknown Source)
	at TempTestSuite1600877163454.run(TempTestSuite1600877163454.groovy:39)
Caused by: com.kms.katalon.core.exception.StepFailedException: Call Test Case 'Test Cases/V2/Test Case/Pre-conditions/PRE_SkipCompanyAndPersonalProfileSetup' failed
	at com.kms.katalon.core.keyword.builtin.CallTestCaseKeyword$_callTestCase_closure1.doCall(CallTestCaseKeyword.groovy:63)
	at com.kms.katalon.core.keyword.builtin.CallTestCaseKeyword$_callTestCase_closure1.call(CallTestCaseKeyword.groovy)
	at com.kms.katalon.core.keyword.internal.KeywordMain.runKeyword(KeywordMain.groovy:68)
	at com.kms.katalon.core.keyword.builtin.CallTestCaseKeyword.callTestCase(CallTestCaseKeyword.groovy:81)
	at com.kms.katalon.core.keyword.builtin.CallTestCaseKeyword.execute(CallTestCaseKeyword.groovy:44)
	at com.kms.katalon.core.keyword.internal.KeywordExecutor.executeKeywordForPlatform(KeywordExecutor.groovy:73)
	at com.kms.katalon.core.keyword.BuiltinKeywords.callTestCase(BuiltinKeywords.groovy:334)
	at PRE_RegisterAndActivateTTUsers.run(PRE_RegisterAndActivateTTUsers:54)
	at com.kms.katalon.core.main.ScriptEngine.run(ScriptEngine.java:194)
	at com.kms.katalon.core.main.ScriptEngine.runScriptAsRawText(ScriptEngine.java:119)
	at com.kms.katalon.core.main.TestCaseExecutor.runScript(TestCaseExecutor.java:339)
	at com.kms.katalon.core.main.TestCaseExecutor.doExecute(TestCaseExecutor.java:330)
	at com.kms.katalon.core.main.TestCaseExecutor.processExecutionPhase(TestCaseExecutor.java:309)
	at com.kms.katalon.core.main.TestCaseExecutor.accessMainPhase(TestCaseExecutor.java:301)
	at com.kms.katalon.core.main.TestCaseExecutor.execute(TestCaseExecutor.java:235)
	at com.kms.katalon.core.main.TestCaseMain.runTestCase(TestCaseMain.java:114)
	at com.kms.katalon.core.keyword.builtin.CallTestCaseKeyword$_callTestCase_closure1.doCall(CallTestCaseKeyword.groovy:59)
	... 20 more
Caused by: com.kms.katalon.core.exception.StepFailedException: Unable to click on object 'Object Repository/V2/Commons/FirstUpdateCompanyAndPersonalInfoModal/confirmInfoSkip_button'
	at com.kms.katalon.core.webui.keyword.internal.WebUIKeywordMain.stepFailed(WebUIKeywordMain.groovy:64)
	at com.kms.katalon.core.webui.keyword.internal.WebUIKeywordMain.runKeyword(WebUIKeywordMain.groovy:26)
	at com.kms.katalon.core.webui.keyword.builtin.ClickKeyword.click(ClickKeyword.groovy:76)
	at com.kms.katalon.core.webui.keyword.builtin.ClickKeyword.execute(ClickKeyword.groovy:43)
	at com.kms.katalon.core.keyword.internal.KeywordExecutor.executeKeywordForPlatform(KeywordExecutor.groovy:73)
	at com.kms.katalon.core.webui.keyword.WebUiBuiltInKeywords.click(WebUiBuiltInKeywords.groovy:616)
	at com.kms.katalon.core.webui.keyword.WebUiBuiltInKeywords$click$5.call(Unknown Source)
	at PRE_SkipCompanyAndPersonalProfileSetup.run(PRE_SkipCompanyAndPersonalProfileSetup:27)
	at com.kms.katalon.core.main.ScriptEngine.run(ScriptEngine.java:194)
	at com.kms.katalon.core.main.ScriptEngine.runScriptAsRawText(ScriptEngine.java:119)
	at com.kms.katalon.core.main.TestCaseExecutor.runScript(TestCaseExecutor.java:339)
	at com.kms.katalon.core.main.TestCaseExecutor.doExecute(TestCaseExecutor.java:330)
	at com.kms.katalon.core.main.TestCaseExecutor.processExecutionPhase(TestCaseExecutor.java:309)
	at com.kms.katalon.core.main.TestCaseExecutor.accessMainPhase(TestCaseExecutor.java:301)
	at com.kms.katalon.core.main.TestCaseExecutor.execute(TestCaseExecutor.java:235)
	at com.kms.katalon.core.main.TestCaseMain.runTestCase(TestCaseMain.java:114)
	at com.kms.katalon.core.keyword.builtin.CallTestCaseKeyword$_callTestCase_closure1.doCall(CallTestCaseKeyword.groovy:59)
	... 36 more
Caused by: com.kms.katalon.core.webui.exception.WebElementNotFoundException: Web element with id: 'Object Repository/V2/Commons/FirstUpdateCompanyAndPersonalInfoModal/confirmInfoSkip_button' located by '//div[@id="FIRST_INFO_UPDATE_MODAL" and contains(@class,'ModalStyles')]/descendant::button//div[text()='Skip']' not found
	at com.kms.katalon.core.webui.common.WebUiCommonHelper.findWebElement(WebUiCommonHelper.java:1368)
	at com.kms.katalon.core.webui.keyword.internal.WebUIAbstractKeyword.findWebElement(WebUIAbstractKeyword.groovy:27)
	at com.kms.katalon.core.webui.keyword.internal.WebUIAbstractKeyword.findWebElement(WebUIAbstractKeyword.groovy:26)
	at com.kms.katalon.core.webui.keyword.builtin.ClickKeyword$_click_closure1.doCall(ClickKeyword.groovy:67)
	at com.kms.katalon.core.webui.keyword.builtin.ClickKeyword$_click_closure1.call(ClickKeyword.groovy)
	at com.kms.katalon.core.webui.keyword.internal.WebUIKeywordMain.runKeyword(WebUIKeywordMain.groovy:20)
	... 51 more
)

2020-09-24 00:09:55 - [TEST_CASE][FAILED] - Test Cases/V2/Test Case/Pre-conditions/PRE_RegisterAndActivateTTUsers: Test Cases/V2/Test Case/Pre-conditions/PRE_RegisterAndActivateTTUsers FAILED.
Reason:
com.kms.katalon.core.exception.StepFailedException: Call Test Case 'Test Cases/V2/Test Case/Pre-conditions/PRE_SkipCompanyAndPersonalProfileSetup' failed
	at com.kms.katalon.core.keyword.builtin.CallTestCaseKeyword$_callTestCase_closure1.doCall(CallTestCaseKeyword.groovy:63)
	at com.kms.katalon.core.keyword.builtin.CallTestCaseKeyword$_callTestCase_closure1.call(CallTestCaseKeyword.groovy)
	at com.kms.katalon.core.keyword.internal.KeywordMain.runKeyword(KeywordMain.groovy:68)
	at com.kms.katalon.core.keyword.builtin.CallTestCaseKeyword.callTestCase(CallTestCaseKeyword.groovy:81)
	at com.kms.katalon.core.keyword.builtin.CallTestCaseKeyword.execute(CallTestCaseKeyword.groovy:44)
	at com.kms.katalon.core.keyword.internal.KeywordExecutor.executeKeywordForPlatform(KeywordExecutor.groovy:73)
	at com.kms.katalon.core.keyword.BuiltinKeywords.callTestCase(BuiltinKeywords.groovy:334)
	at PRE_RegisterAndActivateTTUsers.run(PRE_RegisterAndActivateTTUsers:54)
	at com.kms.katalon.core.main.ScriptEngine.run(ScriptEngine.java:194)
	at com.kms.katalon.core.main.ScriptEngine.runScriptAsRawText(ScriptEngine.java:119)
	at com.kms.katalon.core.main.TestCaseExecutor.runScript(TestCaseExecutor.java:339)
	at com.kms.katalon.core.main.TestCaseExecutor.doExecute(TestCaseExecutor.java:330)
	at com.kms.katalon.core.main.TestCaseExecutor.processExecutionPhase(TestCaseExecutor.java:309)
	at com.kms.katalon.core.main.TestCaseExecutor.accessMainPhase(TestCaseExecutor.java:301)
	at com.kms.katalon.core.main.TestCaseExecutor.execute(TestCaseExecutor.java:235)
	at com.kms.katalon.core.main.TestCaseMain.runTestCase(TestCaseMain.java:114)
	at com.kms.katalon.core.keyword.builtin.CallTestCaseKeyword$_callTestCase_closure1.doCall(CallTestCaseKeyword.groovy:59)
	at com.kms.katalon.core.keyword.builtin.CallTestCaseKeyword$_callTestCase_closure1.call(CallTestCaseKeyword.groovy)
	at com.kms.katalon.core.keyword.internal.KeywordMain.runKeyword(KeywordMain.groovy:68)
	at com.kms.katalon.core.keyword.builtin.CallTestCaseKeyword.callTestCase(CallTestCaseKeyword.groovy:81)
	at com.kms.katalon.core.keyword.builtin.CallTestCaseKeyword.execute(CallTestCaseKeyword.groovy:44)
	at com.kms.katalon.core.keyword.internal.KeywordExecutor.executeKeywordForPlatform(KeywordExecutor.groovy:73)
	at com.kms.katalon.core.keyword.BuiltinKeywords.callTestCase(BuiltinKeywords.groovy:334)
	at TT_363_6_EditMeetingBasicInformation_AllTestCase.run(TT_363_6_EditMeetingBasicInformation_AllTestCase:22)
	at com.kms.katalon.core.main.ScriptEngine.run(ScriptEngine.java:194)
	at com.kms.katalon.core.main.ScriptEngine.runScriptAsRawText(ScriptEngine.java:119)
	at com.kms.katalon.core.main.TestCaseExecutor.runScript(TestCaseExecutor.java:339)
	at com.kms.katalon.core.main.TestCaseExecutor.doExecute(TestCaseExecutor.java:330)
	at com.kms.katalon.core.main.TestCaseExecutor.processExecutionPhase(TestCaseExecutor.java:309)
	at com.kms.katalon.core.main.TestCaseExecutor.accessMainPhase(TestCaseExecutor.java:301)
	at com.kms.katalon.core.main.TestCaseExecutor.execute(TestCaseExecutor.java:235)
	at com.kms.katalon.core.main.TestSuiteExecutor.accessTestCaseMainPhase(TestSuiteExecutor.java:191)
	at com.kms.katalon.core.main.TestSuiteExecutor.accessTestSuiteMainPhase(TestSuiteExecutor.java:141)
	at com.kms.katalon.core.main.TestSuiteExecutor.execute(TestSuiteExecutor.java:90)
	at com.kms.katalon.core.main.TestCaseMain.startTestSuite(TestCaseMain.java:157)
	at com.kms.katalon.core.main.TestCaseMain$startTestSuite$0.call(Unknown Source)
	at TempTestSuite1600877163454.run(TempTestSuite1600877163454.groovy:39)
Caused by: com.kms.katalon.core.exception.StepFailedException: Unable to click on object 'Object Repository/V2/Commons/FirstUpdateCompanyAndPersonalInfoModal/confirmInfoSkip_button'
	at com.kms.katalon.core.webui.keyword.internal.WebUIKeywordMain.stepFailed(WebUIKeywordMain.groovy:64)
	at com.kms.katalon.core.webui.keyword.internal.WebUIKeywordMain.runKeyword(WebUIKeywordMain.groovy:26)
	at com.kms.katalon.core.webui.keyword.builtin.ClickKeyword.click(ClickKeyword.groovy:76)
	at com.kms.katalon.core.webui.keyword.builtin.ClickKeyword.execute(ClickKeyword.groovy:43)
	at com.kms.katalon.core.keyword.internal.KeywordExecutor.executeKeywordForPlatform(KeywordExecutor.groovy:73)
	at com.kms.katalon.core.webui.keyword.WebUiBuiltInKeywords.click(WebUiBuiltInKeywords.groovy:616)
	at com.kms.katalon.core.webui.keyword.WebUiBuiltInKeywords$click$5.call(Unknown Source)
	at PRE_SkipCompanyAndPersonalProfileSetup.run(PRE_SkipCompanyAndPersonalProfileSetup:27)
	at com.kms.katalon.core.main.ScriptEngine.run(ScriptEngine.java:194)
	at com.kms.katalon.core.main.ScriptEngine.runScriptAsRawText(ScriptEngine.java:119)
	at com.kms.katalon.core.main.TestCaseExecutor.runScript(TestCaseExecutor.java:339)
	at com.kms.katalon.core.main.TestCaseExecutor.doExecute(TestCaseExecutor.java:330)
	at com.kms.katalon.core.main.TestCaseExecutor.processExecutionPhase(TestCaseExecutor.java:309)
	at com.kms.katalon.core.main.TestCaseExecutor.accessMainPhase(TestCaseExecutor.java:301)
	at com.kms.katalon.core.main.TestCaseExecutor.execute(TestCaseExecutor.java:235)
	at com.kms.katalon.core.main.TestCaseMain.runTestCase(TestCaseMain.java:114)
	at com.kms.katalon.core.keyword.builtin.CallTestCaseKeyword$_callTestCase_closure1.doCall(CallTestCaseKeyword.groovy:59)
	... 36 more
Caused by: com.kms.katalon.core.webui.exception.WebElementNotFoundException: Web element with id: 'Object Repository/V2/Commons/FirstUpdateCompanyAndPersonalInfoModal/confirmInfoSkip_button' located by '//div[@id="FIRST_INFO_UPDATE_MODAL" and contains(@class,'ModalStyles')]/descendant::button//div[text()='Skip']' not found
	at com.kms.katalon.core.webui.common.WebUiCommonHelper.findWebElement(WebUiCommonHelper.java:1368)
	at com.kms.katalon.core.webui.keyword.internal.WebUIAbstractKeyword.findWebElement(WebUIAbstractKeyword.groovy:27)
	at com.kms.katalon.core.webui.keyword.internal.WebUIAbstractKeyword.findWebElement(WebUIAbstractKeyword.groovy:26)
	at com.kms.katalon.core.webui.keyword.builtin.ClickKeyword$_click_closure1.doCall(ClickKeyword.groovy:67)
	at com.kms.katalon.core.webui.keyword.builtin.ClickKeyword$_click_closure1.call(ClickKeyword.groovy)
	at com.kms.katalon.core.webui.keyword.internal.WebUIKeywordMain.runKeyword(WebUIKeywordMain.groovy:20)
	... 51 more


2020-09-24 00:09:55 - [TEST_STEP][PASSED] - email = tt_CustomKeywords.CustomKeywords.GenerateRandomEmailAddress(admin_email_prefix, admin_email_domain, randomTextLength): Successfully generated a random email: tractiontools.user001+ta53j5t0@gmail.com

2020-09-24 00:09:55 - [MESSAGE][PASSED] - Successfully generated a random email: tractiontools.user001+ta53j5t0@gmail.com

2020-09-24 00:09:55 - [TEST_STEP][PASSED] - supervisor_email = tt_CustomKeywords.CustomKeywords.GenerateRandomEmailAddress(supervisor_email_prefix, supervisor_email_domain, randomTextLength): Successfully generated a random email: tractiontools.user001+ts5dquo8@gmail.com

2020-09-24 00:09:55 - [MESSAGE][PASSED] - Successfully generated a random email: tractiontools.user001+ts5dquo8@gmail.com

2020-09-24 00:09:55 - [TEST_STEP][PASSED] - employee_email = tt_CustomKeywords.CustomKeywords.GenerateRandomEmailAddress(employee_email_prefix, employee_email_domain, randomTextLength): Successfully generated a random email: tractiontools.user001+te5bx6ge@gmail.com

2020-09-24 00:09:55 - [MESSAGE][PASSED] - Successfully generated a random email: tractiontools.user001+te5bx6ge@gmail.com

2020-09-24 00:09:55 - [TEST_STEP][PASSED] - adminDetails = tt_CustomKeywords.CustomKeywords.RegisterUserViaAPIAndGenerateActivateURL(email, admin_fname, lastname, phonenumber, company, "__JSON__{\"howDidYouHearAboutUs\":\"Facebook\",\"implementer\":\"\",\"existingTractionToolsClient\":\"\",\"other\":\"\"}", "__JSON__{\"timeZone\":\"America/Guatemala\",\"brandColor\":\"#023047\",\"q1Start\":null,\"q1End\":null,\"q2Start\":null,\"q2End\":null,\"q3Start\":null,\"q3End\":null,\"q4Start\":null,\"q4End\":null,\"quarterDatesSetsRocks\":false,\"exportUsers\":false,\"exportRocks\":false,\"exportRocksIncludesMilestones\":false,\"exportScorecards\":false,\"exportTodos\":false,\"exportTodosIncludesNotes\":false,\"exportPeopleHeadlines\":false,\"exportPeopleHeadlinesIncludesNotes\":false,\"exportIssues\":false,\"exportIssuesIncludesNotes\":false,\"exportContextAwareTodos\":false,\"dateFormat\":\"MM/DD/YYYY\",\"timeFormat\":\"h:mma\",\"numberFormat\":\"-1,000.99\",\"supervisorsArchiveRestoreUsers\":false,\"supervisorsEditPositions\":false,\"milestonesAvailableToAll\":false,\"customMeetingTemplatesEnabled\":false,\"receiveTodoReminders\":false,\"todoReminderTime\":\"13:00\",\"todoReminderTimeZone\":\"America/Guatemala\",\"todoReminderFrequency\":\"DAILY\",\"vtoMeetingId\":\"\",\"vtoDisplayMode\":\"ALL\",\"coreValues\":[{\"id\":\"1\",\"text\":\"\"},{\"id\":\"2\",\"text\":\"\"},{\"id\":\"3\",\"text\":\"\"}]}", password, V2Url): SUCCESFFULLY registered a new user via API. 
 Generated Activation Link: 
http://local.traction.tools:5000/activate?activationKey=aa02fd00-9c19-48a5-85ef-031c0a72ff27&userId=44ba5ddd-43d0-3c31-0a30-5b71ddd98b73&orgId=acba5ddd-4241-86da-828d-33646b80ad55&email=tractiontools.user001+ta53j5t0@gmail.com&teamsId=14ba5ddd-4280-3439-cc44-f58f91e28e02&meetingsId=c8ba5ddd-4271-1c0b-7fc4-5fa17512a19c&adminsId=4cba5ddd-4476-e93c-f231-0eb3082dcdd9&usersId=56ba5ddd-428f-7817-d8cf-18ed898d52a3&supervisorsId=dcba5ddd-4261-d8bf-9330-d13ac076f93b&accountabilityChartId=72ba5ddd-429e-7e88-c0a9-191b50166565&isCreator=1

2020-09-24 00:10:00 - [MESSAGE][PASSED] - SUCCESFFULLY registered a new user via API. 
 Generated Activation Link: 
http://local.traction.tools:5000/activate?activationKey=aa02fd00-9c19-48a5-85ef-031c0a72ff27&userId=44ba5ddd-43d0-3c31-0a30-5b71ddd98b73&orgId=acba5ddd-4241-86da-828d-33646b80ad55&email=tractiontools.user001+ta53j5t0@gmail.com&teamsId=14ba5ddd-4280-3439-cc44-f58f91e28e02&meetingsId=c8ba5ddd-4271-1c0b-7fc4-5fa17512a19c&adminsId=4cba5ddd-4476-e93c-f231-0eb3082dcdd9&usersId=56ba5ddd-428f-7817-d8cf-18ed898d52a3&supervisorsId=dcba5ddd-4261-d8bf-9330-d13ac076f93b&accountabilityChartId=72ba5ddd-429e-7e88-c0a9-191b50166565&isCreator=1

2020-09-24 00:10:00 - [TEST_STEP][PASSED] - activationURL = adminDetails[0]: null

2020-09-24 00:10:00 - [TEST_STEP][PASSED] - orgID = adminDetails[1]: null

2020-09-24 00:10:00 - [TEST_STEP][PASSED] - out.println("URL: " + activationURL): null

2020-09-24 00:10:00 - [TEST_STEP][PASSED] - out.println("orgID: " + orgID): null

2020-09-24 00:10:00 - [TEST_STEP][PASSED] - supervisorUser_name = supervisor_fname + " " + lastname: null

2020-09-24 00:10:00 - [TEST_STEP][PASSED] - openBrowser(""): Browser is opened with url: ''

2020-09-24 00:10:00 - [MESSAGE][INFO] - Starting 'Chrome' driver

2020-09-24 00:10:00 - [MESSAGE][INFO] - Action delay is set to 0 milliseconds

2020-09-24 00:10:03 - [MESSAGE][PASSED] - Browser is opened with url: ''

2020-09-24 00:10:03 - [TEST_STEP][PASSED] - maximizeWindow(): Current window maximized

2020-09-24 00:10:05 - [MESSAGE][PASSED] - Current window maximized

2020-09-24 00:10:05 - [TEST_STEP][PASSED] - callTestCase(findTestCase("V2/Test Case/Pre-conditions/PRE_ActivateNewUser"), ["activationURL":activationURL, "email":email, "password":password], STOP_ON_FAILURE): Call Test Case 'Test Cases/V2/Test Case/Pre-conditions/PRE_ActivateNewUser' successfully

2020-09-24 00:10:05 - [TEST_CASE][PASSED] - Test Cases/V2/Test Case/Pre-conditions/PRE_ActivateNewUser: Test Cases/V2/Test Case/Pre-conditions/PRE_ActivateNewUser

2020-09-24 00:10:05 - [TEST_STEP][PASSED] - navigateToUrl(activationURL): Navigate to 'http://local.traction.tools:5000/activate?activationKey=aa02fd00-9c19-48a5-85ef-031c0a72ff27&userId=44ba5ddd-43d0-3c31-0a30-5b71ddd98b73&orgId=acba5ddd-4241-86da-828d-33646b80ad55&email=tractiontools.user001+ta53j5t0@gmail.com&teamsId=14ba5ddd-4280-3439-cc44-f58f91e28e02&meetingsId=c8ba5ddd-4271-1c0b-7fc4-5fa17512a19c&adminsId=4cba5ddd-4476-e93c-f231-0eb3082dcdd9&usersId=56ba5ddd-428f-7817-d8cf-18ed898d52a3&supervisorsId=dcba5ddd-4261-d8bf-9330-d13ac076f93b&accountabilityChartId=72ba5ddd-429e-7e88-c0a9-191b50166565&isCreator=1' successfully

2020-09-24 00:10:06 - [MESSAGE][PASSED] - Navigate to 'http://local.traction.tools:5000/activate?activationKey=aa02fd00-9c19-48a5-85ef-031c0a72ff27&userId=44ba5ddd-43d0-3c31-0a30-5b71ddd98b73&orgId=acba5ddd-4241-86da-828d-33646b80ad55&email=tractiontools.user001+ta53j5t0@gmail.com&teamsId=14ba5ddd-4280-3439-cc44-f58f91e28e02&meetingsId=c8ba5ddd-4271-1c0b-7fc4-5fa17512a19c&adminsId=4cba5ddd-4476-e93c-f231-0eb3082dcdd9&usersId=56ba5ddd-428f-7817-d8cf-18ed898d52a3&supervisorsId=dcba5ddd-4261-d8bf-9330-d13ac076f93b&accountabilityChartId=72ba5ddd-429e-7e88-c0a9-191b50166565&isCreator=1' successfully

2020-09-24 00:10:06 - [TEST_STEP][PASSED] - waitForElementVisible(findTestObject("V2/Commons/ActivationPage/input_Email_email"), DefaultTimeout): Object 'Object Repository/V2/Commons/ActivationPage/input_Email_email' is visible

2020-09-24 00:10:08 - [MESSAGE][PASSED] - Object 'Object Repository/V2/Commons/ActivationPage/input_Email_email' is visible

2020-09-24 00:10:08 - [TEST_STEP][PASSED] - actual_email = getAttribute(findTestObject("Object Repository/V2/Commons/ActivationPage/input_Email_email"), "value"): Attribute 'value' of object 'Object Repository/V2/Commons/ActivationPage/input_Email_email' is: 'tractiontools.user001+ta53j5t0@gmail.com'

2020-09-24 00:10:08 - [MESSAGE][PASSED] - Attribute 'value' of object 'Object Repository/V2/Commons/ActivationPage/input_Email_email' is: 'tractiontools.user001+ta53j5t0@gmail.com'

2020-09-24 00:10:08 - [TEST_STEP][PASSED] - verifyMatch(actual_email, email, false): Actual text 'tractiontools.user001+ta53j5t0@gmail.com' and expected text 'tractiontools.user001+ta53j5t0@gmail.com' are matched 

2020-09-24 00:10:08 - [MESSAGE][PASSED] - Actual text 'tractiontools.user001+ta53j5t0@gmail.com' and expected text 'tractiontools.user001+ta53j5t0@gmail.com' are matched 

2020-09-24 00:10:08 - [TEST_STEP][PASSED] - setText(findTestObject("V2/Commons/ActivationPage/input_password"), password): Text 'Qwer123!' is set on object 'Object Repository/V2/Commons/ActivationPage/input_password'

2020-09-24 00:10:09 - [MESSAGE][PASSED] - Text 'Qwer123!' is set on object 'Object Repository/V2/Commons/ActivationPage/input_password'

2020-09-24 00:10:09 - [TEST_STEP][PASSED] - setText(findTestObject("Object Repository/V2/Commons/ActivationPage/input__passwordRepeat"), password): Text 'Qwer123!' is set on object 'Object Repository/V2/Commons/ActivationPage/input__passwordRepeat'

2020-09-24 00:10:10 - [MESSAGE][PASSED] - Text 'Qwer123!' is set on object 'Object Repository/V2/Commons/ActivationPage/input__passwordRepeat'

2020-09-24 00:10:10 - [TEST_STEP][PASSED] - click(findTestObject("V2/Commons/ActivationPage/input_termsandconditions")): Object: 'Object Repository/V2/Commons/ActivationPage/input_termsandconditions' is clicked on

2020-09-24 00:10:10 - [MESSAGE][PASSED] - Object: 'Object Repository/V2/Commons/ActivationPage/input_termsandconditions' is clicked on

2020-09-24 00:10:10 - [TEST_STEP][PASSED] - click(findTestObject("Object Repository/V2/Commons/ActivationPage/div_Create account")): Object: 'Object Repository/V2/Commons/ActivationPage/div_Create account' is clicked on

2020-09-24 00:10:11 - [MESSAGE][PASSED] - Object: 'Object Repository/V2/Commons/ActivationPage/div_Create account' is clicked on

2020-09-24 00:10:11 - [TEST_STEP][PASSED] - waitForElementPresent(findTestObject("V2/Commons/DasboardPage_SidebarMenu/img_Home_logo-big"), DefaultTimeout): Object 'Object Repository/V2/Commons/DasboardPage_SidebarMenu/img_Home_logo-big' is present

2020-09-24 00:10:16 - [MESSAGE][PASSED] - Object 'Object Repository/V2/Commons/DasboardPage_SidebarMenu/img_Home_logo-big' is present

2020-09-24 00:10:16 - [TEST_STEP][PASSED] - verifyElementPresent(findTestObject("V2/Commons/DasboardPage_SidebarMenu/img_Home_logo-big"), 0): Object 'Object Repository/V2/Commons/DasboardPage_SidebarMenu/img_Home_logo-big' is present

2020-09-24 00:10:16 - [MESSAGE][WARNING] - Timeout '0' is invalid. Using default page load timeout: '30'

2020-09-24 00:10:17 - [MESSAGE][PASSED] - Object 'Object Repository/V2/Commons/DasboardPage_SidebarMenu/img_Home_logo-big' is present

2020-09-24 00:10:17 - [MESSAGE][PASSED] - Call Test Case 'Test Cases/V2/Test Case/Pre-conditions/PRE_ActivateNewUser' successfully

2020-09-24 00:10:17 - [TEST_STEP][FAILED] - callTestCase(findTestCase("V2/Test Case/Pre-conditions/PRE_SkipCompanyAndPersonalProfileSetup"), [:], STOP_ON_FAILURE): Unable to call Test Case 'Test Cases/V2/Test Case/Pre-conditions/PRE_SkipCompanyAndPersonalProfileSetup' (Root cause: com.kms.katalon.core.exception.StepFailedException: Call Test Case 'Test Cases/V2/Test Case/Pre-conditions/PRE_SkipCompanyAndPersonalProfileSetup' failed
	at com.kms.katalon.core.keyword.builtin.CallTestCaseKeyword$_callTestCase_closure1.doCall(CallTestCaseKeyword.groovy:63)
	at com.kms.katalon.core.keyword.builtin.CallTestCaseKeyword$_callTestCase_closure1.call(CallTestCaseKeyword.groovy)
	at com.kms.katalon.core.keyword.internal.KeywordMain.runKeyword(KeywordMain.groovy:68)
	at com.kms.katalon.core.keyword.builtin.CallTestCaseKeyword.callTestCase(CallTestCaseKeyword.groovy:81)
	at com.kms.katalon.core.keyword.builtin.CallTestCaseKeyword.execute(CallTestCaseKeyword.groovy:44)
	at com.kms.katalon.core.keyword.internal.KeywordExecutor.executeKeywordForPlatform(KeywordExecutor.groovy:73)
	at com.kms.katalon.core.keyword.BuiltinKeywords.callTestCase(BuiltinKeywords.groovy:334)
	at PRE_RegisterAndActivateTTUsers.run(PRE_RegisterAndActivateTTUsers:54)
	at com.kms.katalon.core.main.ScriptEngine.run(ScriptEngine.java:194)
	at com.kms.katalon.core.main.ScriptEngine.runScriptAsRawText(ScriptEngine.java:119)
	at com.kms.katalon.core.main.TestCaseExecutor.runScript(TestCaseExecutor.java:339)
	at com.kms.katalon.core.main.TestCaseExecutor.doExecute(TestCaseExecutor.java:330)
	at com.kms.katalon.core.main.TestCaseExecutor.processExecutionPhase(TestCaseExecutor.java:309)
	at com.kms.katalon.core.main.TestCaseExecutor.accessMainPhase(TestCaseExecutor.java:301)
	at com.kms.katalon.core.main.TestCaseExecutor.execute(TestCaseExecutor.java:235)
	at com.kms.katalon.core.main.TestCaseMain.runTestCase(TestCaseMain.java:114)
	at com.kms.katalon.core.keyword.builtin.CallTestCaseKeyword$_callTestCase_closure1.doCall(CallTestCaseKeyword.groovy:59)
	at com.kms.katalon.core.keyword.builtin.CallTestCaseKeyword$_callTestCase_closure1.call(CallTestCaseKeyword.groovy)
	at com.kms.katalon.core.keyword.internal.KeywordMain.runKeyword(KeywordMain.groovy:68)
	at com.kms.katalon.core.keyword.builtin.CallTestCaseKeyword.callTestCase(CallTestCaseKeyword.groovy:81)
	at com.kms.katalon.core.keyword.builtin.CallTestCaseKeyword.execute(CallTestCaseKeyword.groovy:44)
	at com.kms.katalon.core.keyword.internal.KeywordExecutor.executeKeywordForPlatform(KeywordExecutor.groovy:73)
	at com.kms.katalon.core.keyword.BuiltinKeywords.callTestCase(BuiltinKeywords.groovy:334)
	at TT_363_6_EditMeetingBasicInformation_AllTestCase.run(TT_363_6_EditMeetingBasicInformation_AllTestCase:22)
	at com.kms.katalon.core.main.ScriptEngine.run(ScriptEngine.java:194)
	at com.kms.katalon.core.main.ScriptEngine.runScriptAsRawText(ScriptEngine.java:119)
	at com.kms.katalon.core.main.TestCaseExecutor.runScript(TestCaseExecutor.java:339)
	at com.kms.katalon.core.main.TestCaseExecutor.doExecute(TestCaseExecutor.java:330)
	at com.kms.katalon.core.main.TestCaseExecutor.processExecutionPhase(TestCaseExecutor.java:309)
	at com.kms.katalon.core.main.TestCaseExecutor.accessMainPhase(TestCaseExecutor.java:301)
	at com.kms.katalon.core.main.TestCaseExecutor.execute(TestCaseExecutor.java:235)
	at com.kms.katalon.core.main.TestSuiteExecutor.accessTestCaseMainPhase(TestSuiteExecutor.java:191)
	at com.kms.katalon.core.main.TestSuiteExecutor.accessTestSuiteMainPhase(TestSuiteExecutor.java:141)
	at com.kms.katalon.core.main.TestSuiteExecutor.execute(TestSuiteExecutor.java:90)
	at com.kms.katalon.core.main.TestCaseMain.startTestSuite(TestCaseMain.java:157)
	at com.kms.katalon.core.main.TestCaseMain$startTestSuite$0.call(Unknown Source)
	at TempTestSuite1600877163454.run(TempTestSuite1600877163454.groovy:39)
Caused by: com.kms.katalon.core.exception.StepFailedException: Unable to click on object 'Object Repository/V2/Commons/FirstUpdateCompanyAndPersonalInfoModal/confirmInfoSkip_button'
	at com.kms.katalon.core.webui.keyword.internal.WebUIKeywordMain.stepFailed(WebUIKeywordMain.groovy:64)
	at com.kms.katalon.core.webui.keyword.internal.WebUIKeywordMain.runKeyword(WebUIKeywordMain.groovy:26)
	at com.kms.katalon.core.webui.keyword.builtin.ClickKeyword.click(ClickKeyword.groovy:76)
	at com.kms.katalon.core.webui.keyword.builtin.ClickKeyword.execute(ClickKeyword.groovy:43)
	at com.kms.katalon.core.keyword.internal.KeywordExecutor.executeKeywordForPlatform(KeywordExecutor.groovy:73)
	at com.kms.katalon.core.webui.keyword.WebUiBuiltInKeywords.click(WebUiBuiltInKeywords.groovy:616)
	at com.kms.katalon.core.webui.keyword.WebUiBuiltInKeywords$click$5.call(Unknown Source)
	at PRE_SkipCompanyAndPersonalProfileSetup.run(PRE_SkipCompanyAndPersonalProfileSetup:27)
	at com.kms.katalon.core.main.ScriptEngine.run(ScriptEngine.java:194)
	at com.kms.katalon.core.main.ScriptEngine.runScriptAsRawText(ScriptEngine.java:119)
	at com.kms.katalon.core.main.TestCaseExecutor.runScript(TestCaseExecutor.java:339)
	at com.kms.katalon.core.main.TestCaseExecutor.doExecute(TestCaseExecutor.java:330)
	at com.kms.katalon.core.main.TestCaseExecutor.processExecutionPhase(TestCaseExecutor.java:309)
	at com.kms.katalon.core.main.TestCaseExecutor.accessMainPhase(TestCaseExecutor.java:301)
	at com.kms.katalon.core.main.TestCaseExecutor.execute(TestCaseExecutor.java:235)
	at com.kms.katalon.core.main.TestCaseMain.runTestCase(TestCaseMain.java:114)
	at com.kms.katalon.core.keyword.builtin.CallTestCaseKeyword$_callTestCase_closure1.doCall(CallTestCaseKeyword.groovy:59)
	... 36 more
Caused by: com.kms.katalon.core.webui.exception.WebElementNotFoundException: Web element with id: 'Object Repository/V2/Commons/FirstUpdateCompanyAndPersonalInfoModal/confirmInfoSkip_button' located by '//div[@id="FIRST_INFO_UPDATE_MODAL" and contains(@class,'ModalStyles')]/descendant::button//div[text()='Skip']' not found
	at com.kms.katalon.core.webui.common.WebUiCommonHelper.findWebElement(WebUiCommonHelper.java:1368)
	at com.kms.katalon.core.webui.keyword.internal.WebUIAbstractKeyword.findWebElement(WebUIAbstractKeyword.groovy:27)
	at com.kms.katalon.core.webui.keyword.internal.WebUIAbstractKeyword.findWebElement(WebUIAbstractKeyword.groovy:26)
	at com.kms.katalon.core.webui.keyword.builtin.ClickKeyword$_click_closure1.doCall(ClickKeyword.groovy:67)
	at com.kms.katalon.core.webui.keyword.builtin.ClickKeyword$_click_closure1.call(ClickKeyword.groovy)
	at com.kms.katalon.core.webui.keyword.internal.WebUIKeywordMain.runKeyword(WebUIKeywordMain.groovy:20)
	... 51 more
)

2020-09-24 00:10:17 - [TEST_CASE][FAILED] - Test Cases/V2/Test Case/Pre-conditions/PRE_SkipCompanyAndPersonalProfileSetup: Test Cases/V2/Test Case/Pre-conditions/PRE_SkipCompanyAndPersonalProfileSetup FAILED.
Reason:
com.kms.katalon.core.exception.StepFailedException: Unable to click on object 'Object Repository/V2/Commons/FirstUpdateCompanyAndPersonalInfoModal/confirmInfoSkip_button'
	at com.kms.katalon.core.webui.keyword.internal.WebUIKeywordMain.stepFailed(WebUIKeywordMain.groovy:64)
	at com.kms.katalon.core.webui.keyword.internal.WebUIKeywordMain.runKeyword(WebUIKeywordMain.groovy:26)
	at com.kms.katalon.core.webui.keyword.builtin.ClickKeyword.click(ClickKeyword.groovy:76)
	at com.kms.katalon.core.webui.keyword.builtin.ClickKeyword.execute(ClickKeyword.groovy:43)
	at com.kms.katalon.core.keyword.internal.KeywordExecutor.executeKeywordForPlatform(KeywordExecutor.groovy:73)
	at com.kms.katalon.core.webui.keyword.WebUiBuiltInKeywords.click(WebUiBuiltInKeywords.groovy:616)
	at com.kms.katalon.core.webui.keyword.WebUiBuiltInKeywords$click$5.call(Unknown Source)
	at PRE_SkipCompanyAndPersonalProfileSetup.run(PRE_SkipCompanyAndPersonalProfileSetup:27)
	at com.kms.katalon.core.main.ScriptEngine.run(ScriptEngine.java:194)
	at com.kms.katalon.core.main.ScriptEngine.runScriptAsRawText(ScriptEngine.java:119)
	at com.kms.katalon.core.main.TestCaseExecutor.runScript(TestCaseExecutor.java:339)
	at com.kms.katalon.core.main.TestCaseExecutor.doExecute(TestCaseExecutor.java:330)
	at com.kms.katalon.core.main.TestCaseExecutor.processExecutionPhase(TestCaseExecutor.java:309)
	at com.kms.katalon.core.main.TestCaseExecutor.accessMainPhase(TestCaseExecutor.java:301)
	at com.kms.katalon.core.main.TestCaseExecutor.execute(TestCaseExecutor.java:235)
	at com.kms.katalon.core.main.TestCaseMain.runTestCase(TestCaseMain.java:114)
	at com.kms.katalon.core.keyword.builtin.CallTestCaseKeyword$_callTestCase_closure1.doCall(CallTestCaseKeyword.groovy:59)
	at com.kms.katalon.core.keyword.builtin.CallTestCaseKeyword$_callTestCase_closure1.call(CallTestCaseKeyword.groovy)
	at com.kms.katalon.core.keyword.internal.KeywordMain.runKeyword(KeywordMain.groovy:68)
	at com.kms.katalon.core.keyword.builtin.CallTestCaseKeyword.callTestCase(CallTestCaseKeyword.groovy:81)
	at com.kms.katalon.core.keyword.builtin.CallTestCaseKeyword.execute(CallTestCaseKeyword.groovy:44)
	at com.kms.katalon.core.keyword.internal.KeywordExecutor.executeKeywordForPlatform(KeywordExecutor.groovy:73)
	at com.kms.katalon.core.keyword.BuiltinKeywords.callTestCase(BuiltinKeywords.groovy:334)
	at PRE_RegisterAndActivateTTUsers.run(PRE_RegisterAndActivateTTUsers:54)
	at com.kms.katalon.core.main.ScriptEngine.run(ScriptEngine.java:194)
	at com.kms.katalon.core.main.ScriptEngine.runScriptAsRawText(ScriptEngine.java:119)
	at com.kms.katalon.core.main.TestCaseExecutor.runScript(TestCaseExecutor.java:339)
	at com.kms.katalon.core.main.TestCaseExecutor.doExecute(TestCaseExecutor.java:330)
	at com.kms.katalon.core.main.TestCaseExecutor.processExecutionPhase(TestCaseExecutor.java:309)
	at com.kms.katalon.core.main.TestCaseExecutor.accessMainPhase(TestCaseExecutor.java:301)
	at com.kms.katalon.core.main.TestCaseExecutor.execute(TestCaseExecutor.java:235)
	at com.kms.katalon.core.main.TestCaseMain.runTestCase(TestCaseMain.java:114)
	at com.kms.katalon.core.keyword.builtin.CallTestCaseKeyword$_callTestCase_closure1.doCall(CallTestCaseKeyword.groovy:59)
	at com.kms.katalon.core.keyword.builtin.CallTestCaseKeyword$_callTestCase_closure1.call(CallTestCaseKeyword.groovy)
	at com.kms.katalon.core.keyword.internal.KeywordMain.runKeyword(KeywordMain.groovy:68)
	at com.kms.katalon.core.keyword.builtin.CallTestCaseKeyword.callTestCase(CallTestCaseKeyword.groovy:81)
	at com.kms.katalon.core.keyword.builtin.CallTestCaseKeyword.execute(CallTestCaseKeyword.groovy:44)
	at com.kms.katalon.core.keyword.internal.KeywordExecutor.executeKeywordForPlatform(KeywordExecutor.groovy:73)
	at com.kms.katalon.core.keyword.BuiltinKeywords.callTestCase(BuiltinKeywords.groovy:334)
	at TT_363_6_EditMeetingBasicInformation_AllTestCase.run(TT_363_6_EditMeetingBasicInformation_AllTestCase:22)
	at com.kms.katalon.core.main.ScriptEngine.run(ScriptEngine.java:194)
	at com.kms.katalon.core.main.ScriptEngine.runScriptAsRawText(ScriptEngine.java:119)
	at com.kms.katalon.core.main.TestCaseExecutor.runScript(TestCaseExecutor.java:339)
	at com.kms.katalon.core.main.TestCaseExecutor.doExecute(TestCaseExecutor.java:330)
	at com.kms.katalon.core.main.TestCaseExecutor.processExecutionPhase(TestCaseExecutor.java:309)
	at com.kms.katalon.core.main.TestCaseExecutor.accessMainPhase(TestCaseExecutor.java:301)
	at com.kms.katalon.core.main.TestCaseExecutor.execute(TestCaseExecutor.java:235)
	at com.kms.katalon.core.main.TestSuiteExecutor.accessTestCaseMainPhase(TestSuiteExecutor.java:191)
	at com.kms.katalon.core.main.TestSuiteExecutor.accessTestSuiteMainPhase(TestSuiteExecutor.java:141)
	at com.kms.katalon.core.main.TestSuiteExecutor.execute(TestSuiteExecutor.java:90)
	at com.kms.katalon.core.main.TestCaseMain.startTestSuite(TestCaseMain.java:157)
	at com.kms.katalon.core.main.TestCaseMain$startTestSuite$0.call(Unknown Source)
	at TempTestSuite1600877163454.run(TempTestSuite1600877163454.groovy:39)
Caused by: com.kms.katalon.core.webui.exception.WebElementNotFoundException: Web element with id: 'Object Repository/V2/Commons/FirstUpdateCompanyAndPersonalInfoModal/confirmInfoSkip_button' located by '//div[@id="FIRST_INFO_UPDATE_MODAL" and contains(@class,'ModalStyles')]/descendant::button//div[text()='Skip']' not found
	at com.kms.katalon.core.webui.common.WebUiCommonHelper.findWebElement(WebUiCommonHelper.java:1368)
	at com.kms.katalon.core.webui.keyword.internal.WebUIAbstractKeyword.findWebElement(WebUIAbstractKeyword.groovy:27)
	at com.kms.katalon.core.webui.keyword.internal.WebUIAbstractKeyword.findWebElement(WebUIAbstractKeyword.groovy:26)
	at com.kms.katalon.core.webui.keyword.builtin.ClickKeyword$_click_closure1.doCall(ClickKeyword.groovy:67)
	at com.kms.katalon.core.webui.keyword.builtin.ClickKeyword$_click_closure1.call(ClickKeyword.groovy)
	at com.kms.katalon.core.webui.keyword.internal.WebUIKeywordMain.runKeyword(WebUIKeywordMain.groovy:20)
	... 51 more


2020-09-24 00:10:17 - [TEST_STEP][PASSED] - waitForElementVisible(findTestObject("V2/Commons/FirstUpdateCompanyAndPersonalInfoModal/confirmCompanyInfoHeader_h1"), DefaultTimeout): Object 'Object Repository/V2/Commons/FirstUpdateCompanyAndPersonalInfoModal/confirmCompanyInfoHeader_h1' is visible

2020-09-24 00:10:17 - [MESSAGE][PASSED] - Object 'Object Repository/V2/Commons/FirstUpdateCompanyAndPersonalInfoModal/confirmCompanyInfoHeader_h1' is visible

2020-09-24 00:10:17 - [TEST_STEP][PASSED] - click(findTestObject("V2/Commons/FirstUpdateCompanyAndPersonalInfoModal/confirmInfoSkip_button")): Object: 'Object Repository/V2/Commons/FirstUpdateCompanyAndPersonalInfoModal/confirmInfoSkip_button' is clicked on

2020-09-24 00:10:17 - [MESSAGE][PASSED] - Object: 'Object Repository/V2/Commons/FirstUpdateCompanyAndPersonalInfoModal/confirmInfoSkip_button' is clicked on

2020-09-24 00:10:17 - [TEST_STEP][PASSED] - waitForElementVisible(findTestObject("V2/Commons/FirstUpdateCompanyAndPersonalInfoModal/confirmPersonalInfoHeader_h1"), DefaultTimeout): Object 'Object Repository/V2/Commons/FirstUpdateCompanyAndPersonalInfoModal/confirmPersonalInfoHeader_h1' is visible

2020-09-24 00:10:18 - [MESSAGE][PASSED] - Object 'Object Repository/V2/Commons/FirstUpdateCompanyAndPersonalInfoModal/confirmPersonalInfoHeader_h1' is visible

2020-09-24 00:10:18 - [TEST_STEP][FAILED] - click(findTestObject("V2/Commons/FirstUpdateCompanyAndPersonalInfoModal/confirmInfoSkip_button")): Unable to click on object 'Object Repository/V2/Commons/FirstUpdateCompanyAndPersonalInfoModal/confirmInfoSkip_button' (Root cause: com.kms.katalon.core.exception.StepFailedException: Unable to click on object 'Object Repository/V2/Commons/FirstUpdateCompanyAndPersonalInfoModal/confirmInfoSkip_button'
	at com.kms.katalon.core.webui.keyword.internal.WebUIKeywordMain.stepFailed(WebUIKeywordMain.groovy:64)
	at com.kms.katalon.core.webui.keyword.internal.WebUIKeywordMain.runKeyword(WebUIKeywordMain.groovy:26)
	at com.kms.katalon.core.webui.keyword.builtin.ClickKeyword.click(ClickKeyword.groovy:76)
	at com.kms.katalon.core.webui.keyword.builtin.ClickKeyword.execute(ClickKeyword.groovy:43)
	at com.kms.katalon.core.keyword.internal.KeywordExecutor.executeKeywordForPlatform(KeywordExecutor.groovy:73)
	at com.kms.katalon.core.webui.keyword.WebUiBuiltInKeywords.click(WebUiBuiltInKeywords.groovy:616)
	at com.kms.katalon.core.webui.keyword.WebUiBuiltInKeywords$click$5.call(Unknown Source)
	at PRE_SkipCompanyAndPersonalProfileSetup.run(PRE_SkipCompanyAndPersonalProfileSetup:27)
	at com.kms.katalon.core.main.ScriptEngine.run(ScriptEngine.java:194)
	at com.kms.katalon.core.main.ScriptEngine.runScriptAsRawText(ScriptEngine.java:119)
	at com.kms.katalon.core.main.TestCaseExecutor.runScript(TestCaseExecutor.java:339)
	at com.kms.katalon.core.main.TestCaseExecutor.doExecute(TestCaseExecutor.java:330)
	at com.kms.katalon.core.main.TestCaseExecutor.processExecutionPhase(TestCaseExecutor.java:309)
	at com.kms.katalon.core.main.TestCaseExecutor.accessMainPhase(TestCaseExecutor.java:301)
	at com.kms.katalon.core.main.TestCaseExecutor.execute(TestCaseExecutor.java:235)
	at com.kms.katalon.core.main.TestCaseMain.runTestCase(TestCaseMain.java:114)
	at com.kms.katalon.core.keyword.builtin.CallTestCaseKeyword$_callTestCase_closure1.doCall(CallTestCaseKeyword.groovy:59)
	at com.kms.katalon.core.keyword.builtin.CallTestCaseKeyword$_callTestCase_closure1.call(CallTestCaseKeyword.groovy)
	at com.kms.katalon.core.keyword.internal.KeywordMain.runKeyword(KeywordMain.groovy:68)
	at com.kms.katalon.core.keyword.builtin.CallTestCaseKeyword.callTestCase(CallTestCaseKeyword.groovy:81)
	at com.kms.katalon.core.keyword.builtin.CallTestCaseKeyword.execute(CallTestCaseKeyword.groovy:44)
	at com.kms.katalon.core.keyword.internal.KeywordExecutor.executeKeywordForPlatform(KeywordExecutor.groovy:73)
	at com.kms.katalon.core.keyword.BuiltinKeywords.callTestCase(BuiltinKeywords.groovy:334)
	at PRE_RegisterAndActivateTTUsers.run(PRE_RegisterAndActivateTTUsers:54)
	at com.kms.katalon.core.main.ScriptEngine.run(ScriptEngine.java:194)
	at com.kms.katalon.core.main.ScriptEngine.runScriptAsRawText(ScriptEngine.java:119)
	at com.kms.katalon.core.main.TestCaseExecutor.runScript(TestCaseExecutor.java:339)
	at com.kms.katalon.core.main.TestCaseExecutor.doExecute(TestCaseExecutor.java:330)
	at com.kms.katalon.core.main.TestCaseExecutor.processExecutionPhase(TestCaseExecutor.java:309)
	at com.kms.katalon.core.main.TestCaseExecutor.accessMainPhase(TestCaseExecutor.java:301)
	at com.kms.katalon.core.main.TestCaseExecutor.execute(TestCaseExecutor.java:235)
	at com.kms.katalon.core.main.TestCaseMain.runTestCase(TestCaseMain.java:114)
	at com.kms.katalon.core.keyword.builtin.CallTestCaseKeyword$_callTestCase_closure1.doCall(CallTestCaseKeyword.groovy:59)
	at com.kms.katalon.core.keyword.builtin.CallTestCaseKeyword$_callTestCase_closure1.call(CallTestCaseKeyword.groovy)
	at com.kms.katalon.core.keyword.internal.KeywordMain.runKeyword(KeywordMain.groovy:68)
	at com.kms.katalon.core.keyword.builtin.CallTestCaseKeyword.callTestCase(CallTestCaseKeyword.groovy:81)
	at com.kms.katalon.core.keyword.builtin.CallTestCaseKeyword.execute(CallTestCaseKeyword.groovy:44)
	at com.kms.katalon.core.keyword.internal.KeywordExecutor.executeKeywordForPlatform(KeywordExecutor.groovy:73)
	at com.kms.katalon.core.keyword.BuiltinKeywords.callTestCase(BuiltinKeywords.groovy:334)
	at TT_363_6_EditMeetingBasicInformation_AllTestCase.run(TT_363_6_EditMeetingBasicInformation_AllTestCase:22)
	at com.kms.katalon.core.main.ScriptEngine.run(ScriptEngine.java:194)
	at com.kms.katalon.core.main.ScriptEngine.runScriptAsRawText(ScriptEngine.java:119)
	at com.kms.katalon.core.main.TestCaseExecutor.runScript(TestCaseExecutor.java:339)
	at com.kms.katalon.core.main.TestCaseExecutor.doExecute(TestCaseExecutor.java:330)
	at com.kms.katalon.core.main.TestCaseExecutor.processExecutionPhase(TestCaseExecutor.java:309)
	at com.kms.katalon.core.main.TestCaseExecutor.accessMainPhase(TestCaseExecutor.java:301)
	at com.kms.katalon.core.main.TestCaseExecutor.execute(TestCaseExecutor.java:235)
	at com.kms.katalon.core.main.TestSuiteExecutor.accessTestCaseMainPhase(TestSuiteExecutor.java:191)
	at com.kms.katalon.core.main.TestSuiteExecutor.accessTestSuiteMainPhase(TestSuiteExecutor.java:141)
	at com.kms.katalon.core.main.TestSuiteExecutor.execute(TestSuiteExecutor.java:90)
	at com.kms.katalon.core.main.TestCaseMain.startTestSuite(TestCaseMain.java:157)
	at com.kms.katalon.core.main.TestCaseMain$startTestSuite$0.call(Unknown Source)
	at TempTestSuite1600877163454.run(TempTestSuite1600877163454.groovy:39)
Caused by: com.kms.katalon.core.webui.exception.WebElementNotFoundException: Web element with id: 'Object Repository/V2/Commons/FirstUpdateCompanyAndPersonalInfoModal/confirmInfoSkip_button' located by '//div[@id="FIRST_INFO_UPDATE_MODAL" and contains(@class,'ModalStyles')]/descendant::button//div[text()='Skip']' not found
	at com.kms.katalon.core.webui.common.WebUiCommonHelper.findWebElement(WebUiCommonHelper.java:1368)
	at com.kms.katalon.core.webui.keyword.internal.WebUIAbstractKeyword.findWebElement(WebUIAbstractKeyword.groovy:27)
	at com.kms.katalon.core.webui.keyword.internal.WebUIAbstractKeyword.findWebElement(WebUIAbstractKeyword.groovy:26)
	at com.kms.katalon.core.webui.keyword.builtin.ClickKeyword$_click_closure1.doCall(ClickKeyword.groovy:67)
	at com.kms.katalon.core.webui.keyword.builtin.ClickKeyword$_click_closure1.call(ClickKeyword.groovy)
	at com.kms.katalon.core.webui.keyword.internal.WebUIKeywordMain.runKeyword(WebUIKeywordMain.groovy:20)
	at com.kms.katalon.core.webui.keyword.builtin.ClickKeyword.click(ClickKeyword.groovy:76)
	at com.kms.katalon.core.webui.keyword.builtin.ClickKeyword.execute(ClickKeyword.groovy:43)
	at com.kms.katalon.core.keyword.internal.KeywordExecutor.executeKeywordForPlatform(KeywordExecutor.groovy:73)
	at com.kms.katalon.core.webui.keyword.WebUiBuiltInKeywords.click(WebUiBuiltInKeywords.groovy:616)
	at com.kms.katalon.core.webui.keyword.WebUiBuiltInKeywords$click$5.call(Unknown Source)
	at Script1597253234475.run(Script1597253234475.groovy:27)
	at com.kms.katalon.core.main.ScriptEngine.run(ScriptEngine.java:194)
	at com.kms.katalon.core.main.ScriptEngine.runScriptAsRawText(ScriptEngine.java:119)
	at com.kms.katalon.core.main.TestCaseExecutor.runScript(TestCaseExecutor.java:339)
	at com.kms.katalon.core.main.TestCaseExecutor.doExecute(TestCaseExecutor.java:330)
	at com.kms.katalon.core.main.TestCaseExecutor.processExecutionPhase(TestCaseExecutor.java:309)
	at com.kms.katalon.core.main.TestCaseExecutor.accessMainPhase(TestCaseExecutor.java:301)
	at com.kms.katalon.core.main.TestCaseExecutor.execute(TestCaseExecutor.java:235)
	at com.kms.katalon.core.main.TestCaseMain.runTestCase(TestCaseMain.java:114)
	at com.kms.katalon.core.keyword.builtin.CallTestCaseKeyword$_callTestCase_closure1.doCall(CallTestCaseKeyword.groovy:59)
	at com.kms.katalon.core.keyword.builtin.CallTestCaseKeyword$_callTestCase_closure1.call(CallTestCaseKeyword.groovy)
	at com.kms.katalon.core.keyword.internal.KeywordMain.runKeyword(KeywordMain.groovy:68)
	at com.kms.katalon.core.keyword.builtin.CallTestCaseKeyword.callTestCase(CallTestCaseKeyword.groovy:81)
	at com.kms.katalon.core.keyword.builtin.CallTestCaseKeyword.execute(CallTestCaseKeyword.groovy:44)
	at com.kms.katalon.core.keyword.internal.KeywordExecutor.executeKeywordForPlatform(KeywordExecutor.groovy:73)
	at com.kms.katalon.core.keyword.BuiltinKeywords.callTestCase(BuiltinKeywords.groovy:334)
	at Script1597923029052.run(Script1597923029052.groovy:54)
	at com.kms.katalon.core.main.ScriptEngine.run(ScriptEngine.java:194)
	at com.kms.katalon.core.main.ScriptEngine.runScriptAsRawText(ScriptEngine.java:119)
	at com.kms.katalon.core.main.TestCaseExecutor.runScript(TestCaseExecutor.java:339)
	at com.kms.katalon.core.main.TestCaseExecutor.doExecute(TestCaseExecutor.java:330)
	at com.kms.katalon.core.main.TestCaseExecutor.processExecutionPhase(TestCaseExecutor.java:309)
	at com.kms.katalon.core.main.TestCaseExecutor.accessMainPhase(TestCaseExecutor.java:301)
	at com.kms.katalon.core.main.TestCaseExecutor.execute(TestCaseExecutor.java:235)
	at com.kms.katalon.core.main.TestCaseMain.runTestCase(TestCaseMain.java:114)
	at com.kms.katalon.core.keyword.builtin.CallTestCaseKeyword$_callTestCase_closure1.doCall(CallTestCaseKeyword.groovy:59)
	at com.kms.katalon.core.keyword.builtin.CallTestCaseKeyword$_callTestCase_closure1.call(CallTestCaseKeyword.groovy)
	at com.kms.katalon.core.keyword.internal.KeywordMain.runKeyword(KeywordMain.groovy:68)
	at com.kms.katalon.core.keyword.builtin.CallTestCaseKeyword.callTestCase(CallTestCaseKeyword.groovy:81)
	at com.kms.katalon.core.keyword.builtin.CallTestCaseKeyword.execute(CallTestCaseKeyword.groovy:44)
	at com.kms.katalon.core.keyword.internal.KeywordExecutor.executeKeywordForPlatform(KeywordExecutor.groovy:73)
	at com.kms.katalon.core.keyword.BuiltinKeywords.callTestCase(BuiltinKeywords.groovy:334)
	at Script1598752275253.run(Script1598752275253.groovy:22)
	... 13 more
)

2020-09-24 00:10:49 - [MESSAGE][INFO] - Unable to find the element located by 'By.xpath: //div[@id="FIRST_INFO_UPDATE_MODAL" and contains(@class,'ModalStyles')]/descendant::button//div[text()='Skip']'. Please recheck the objects properties to make sure the desired element is located. 

2020-09-24 00:10:49 - [MESSAGE][WARNING] - [SELF-HEALING] Failed to find element with id 'Object Repository/V2/Commons/FirstUpdateCompanyAndPersonalInfoModal/confirmInfoSkip_button'. Try using Self-healing.

2020-09-24 00:10:50 - [MESSAGE][INFO] - [SELF-HEALING] No working XPath is found.

2020-09-24 00:10:51 - [MESSAGE][INFO] - Unable to find the element located by 'By.xpath: '. Please recheck the objects properties to make sure the desired element is located. 

2020-09-24 00:10:51 - [MESSAGE][WARNING] - [SELF-HEALING] Cannot find elements when the selector is null

2020-09-24 00:10:52 - [MESSAGE][FAILED] - Unable to click on object 'Object Repository/V2/Commons/FirstUpdateCompanyAndPersonalInfoModal/confirmInfoSkip_button' (Root cause: com.kms.katalon.core.exception.StepFailedException: Unable to click on object 'Object Repository/V2/Commons/FirstUpdateCompanyAndPersonalInfoModal/confirmInfoSkip_button'
	at com.kms.katalon.core.webui.keyword.internal.WebUIKeywordMain.stepFailed(WebUIKeywordMain.groovy:64)
	at com.kms.katalon.core.webui.keyword.internal.WebUIKeywordMain.runKeyword(WebUIKeywordMain.groovy:26)
	at com.kms.katalon.core.webui.keyword.builtin.ClickKeyword.click(ClickKeyword.groovy:76)
	at com.kms.katalon.core.webui.keyword.builtin.ClickKeyword.execute(ClickKeyword.groovy:43)
	at com.kms.katalon.core.keyword.internal.KeywordExecutor.executeKeywordForPlatform(KeywordExecutor.groovy:73)
	at com.kms.katalon.core.webui.keyword.WebUiBuiltInKeywords.click(WebUiBuiltInKeywords.groovy:616)
	at com.kms.katalon.core.webui.keyword.WebUiBuiltInKeywords$click$5.call(Unknown Source)
	at PRE_SkipCompanyAndPersonalProfileSetup.run(PRE_SkipCompanyAndPersonalProfileSetup:27)
	at com.kms.katalon.core.main.ScriptEngine.run(ScriptEngine.java:194)
	at com.kms.katalon.core.main.ScriptEngine.runScriptAsRawText(ScriptEngine.java:119)
	at com.kms.katalon.core.main.TestCaseExecutor.runScript(TestCaseExecutor.java:339)
	at com.kms.katalon.core.main.TestCaseExecutor.doExecute(TestCaseExecutor.java:330)
	at com.kms.katalon.core.main.TestCaseExecutor.processExecutionPhase(TestCaseExecutor.java:309)
	at com.kms.katalon.core.main.TestCaseExecutor.accessMainPhase(TestCaseExecutor.java:301)
	at com.kms.katalon.core.main.TestCaseExecutor.execute(TestCaseExecutor.java:235)
	at com.kms.katalon.core.main.TestCaseMain.runTestCase(TestCaseMain.java:114)
	at com.kms.katalon.core.keyword.builtin.CallTestCaseKeyword$_callTestCase_closure1.doCall(CallTestCaseKeyword.groovy:59)
	at com.kms.katalon.core.keyword.builtin.CallTestCaseKeyword$_callTestCase_closure1.call(CallTestCaseKeyword.groovy)
	at com.kms.katalon.core.keyword.internal.KeywordMain.runKeyword(KeywordMain.groovy:68)
	at com.kms.katalon.core.keyword.builtin.CallTestCaseKeyword.callTestCase(CallTestCaseKeyword.groovy:81)
	at com.kms.katalon.core.keyword.builtin.CallTestCaseKeyword.execute(CallTestCaseKeyword.groovy:44)
	at com.kms.katalon.core.keyword.internal.KeywordExecutor.executeKeywordForPlatform(KeywordExecutor.groovy:73)
	at com.kms.katalon.core.keyword.BuiltinKeywords.callTestCase(BuiltinKeywords.groovy:334)
	at PRE_RegisterAndActivateTTUsers.run(PRE_RegisterAndActivateTTUsers:54)
	at com.kms.katalon.core.main.ScriptEngine.run(ScriptEngine.java:194)
	at com.kms.katalon.core.main.ScriptEngine.runScriptAsRawText(ScriptEngine.java:119)
	at com.kms.katalon.core.main.TestCaseExecutor.runScript(TestCaseExecutor.java:339)
	at com.kms.katalon.core.main.TestCaseExecutor.doExecute(TestCaseExecutor.java:330)
	at com.kms.katalon.core.main.TestCaseExecutor.processExecutionPhase(TestCaseExecutor.java:309)
	at com.kms.katalon.core.main.TestCaseExecutor.accessMainPhase(TestCaseExecutor.java:301)
	at com.kms.katalon.core.main.TestCaseExecutor.execute(TestCaseExecutor.java:235)
	at com.kms.katalon.core.main.TestCaseMain.runTestCase(TestCaseMain.java:114)
	at com.kms.katalon.core.keyword.builtin.CallTestCaseKeyword$_callTestCase_closure1.doCall(CallTestCaseKeyword.groovy:59)
	at com.kms.katalon.core.keyword.builtin.CallTestCaseKeyword$_callTestCase_closure1.call(CallTestCaseKeyword.groovy)
	at com.kms.katalon.core.keyword.internal.KeywordMain.runKeyword(KeywordMain.groovy:68)
	at com.kms.katalon.core.keyword.builtin.CallTestCaseKeyword.callTestCase(CallTestCaseKeyword.groovy:81)
	at com.kms.katalon.core.keyword.builtin.CallTestCaseKeyword.execute(CallTestCaseKeyword.groovy:44)
	at com.kms.katalon.core.keyword.internal.KeywordExecutor.executeKeywordForPlatform(KeywordExecutor.groovy:73)
	at com.kms.katalon.core.keyword.BuiltinKeywords.callTestCase(BuiltinKeywords.groovy:334)
	at TT_363_6_EditMeetingBasicInformation_AllTestCase.run(TT_363_6_EditMeetingBasicInformation_AllTestCase:22)
	at com.kms.katalon.core.main.ScriptEngine.run(ScriptEngine.java:194)
	at com.kms.katalon.core.main.ScriptEngine.runScriptAsRawText(ScriptEngine.java:119)
	at com.kms.katalon.core.main.TestCaseExecutor.runScript(TestCaseExecutor.java:339)
	at com.kms.katalon.core.main.TestCaseExecutor.doExecute(TestCaseExecutor.java:330)
	at com.kms.katalon.core.main.TestCaseExecutor.processExecutionPhase(TestCaseExecutor.java:309)
	at com.kms.katalon.core.main.TestCaseExecutor.accessMainPhase(TestCaseExecutor.java:301)
	at com.kms.katalon.core.main.TestCaseExecutor.execute(TestCaseExecutor.java:235)
	at com.kms.katalon.core.main.TestSuiteExecutor.accessTestCaseMainPhase(TestSuiteExecutor.java:191)
	at com.kms.katalon.core.main.TestSuiteExecutor.accessTestSuiteMainPhase(TestSuiteExecutor.java:141)
	at com.kms.katalon.core.main.TestSuiteExecutor.execute(TestSuiteExecutor.java:90)
	at com.kms.katalon.core.main.TestCaseMain.startTestSuite(TestCaseMain.java:157)
	at com.kms.katalon.core.main.TestCaseMain$startTestSuite$0.call(Unknown Source)
	at TempTestSuite1600877163454.run(TempTestSuite1600877163454.groovy:39)
Caused by: com.kms.katalon.core.webui.exception.WebElementNotFoundException: Web element with id: 'Object Repository/V2/Commons/FirstUpdateCompanyAndPersonalInfoModal/confirmInfoSkip_button' located by '//div[@id="FIRST_INFO_UPDATE_MODAL" and contains(@class,'ModalStyles')]/descendant::button//div[text()='Skip']' not found
	at com.kms.katalon.core.webui.common.WebUiCommonHelper.findWebElement(WebUiCommonHelper.java:1368)
	at com.kms.katalon.core.webui.keyword.internal.WebUIAbstractKeyword.findWebElement(WebUIAbstractKeyword.groovy:27)
	at com.kms.katalon.core.webui.keyword.internal.WebUIAbstractKeyword.findWebElement(WebUIAbstractKeyword.groovy:26)
	at com.kms.katalon.core.webui.keyword.builtin.ClickKeyword$_click_closure1.doCall(ClickKeyword.groovy:67)
	at com.kms.katalon.core.webui.keyword.builtin.ClickKeyword$_click_closure1.call(ClickKeyword.groovy)
	at com.kms.katalon.core.webui.keyword.internal.WebUIKeywordMain.runKeyword(WebUIKeywordMain.groovy:20)
	at com.kms.katalon.core.webui.keyword.builtin.ClickKeyword.click(ClickKeyword.groovy:76)
	at com.kms.katalon.core.webui.keyword.builtin.ClickKeyword.execute(ClickKeyword.groovy:43)
	at com.kms.katalon.core.keyword.internal.KeywordExecutor.executeKeywordForPlatform(KeywordExecutor.groovy:73)
	at com.kms.katalon.core.webui.keyword.WebUiBuiltInKeywords.click(WebUiBuiltInKeywords.groovy:616)
	at com.kms.katalon.core.webui.keyword.WebUiBuiltInKeywords$click$5.call(Unknown Source)
	at Script1597253234475.run(Script1597253234475.groovy:27)
	at com.kms.katalon.core.main.ScriptEngine.run(ScriptEngine.java:194)
	at com.kms.katalon.core.main.ScriptEngine.runScriptAsRawText(ScriptEngine.java:119)
	at com.kms.katalon.core.main.TestCaseExecutor.runScript(TestCaseExecutor.java:339)
	at com.kms.katalon.core.main.TestCaseExecutor.doExecute(TestCaseExecutor.java:330)
	at com.kms.katalon.core.main.TestCaseExecutor.processExecutionPhase(TestCaseExecutor.java:309)
	at com.kms.katalon.core.main.TestCaseExecutor.accessMainPhase(TestCaseExecutor.java:301)
	at com.kms.katalon.core.main.TestCaseExecutor.execute(TestCaseExecutor.java:235)
	at com.kms.katalon.core.main.TestCaseMain.runTestCase(TestCaseMain.java:114)
	at com.kms.katalon.core.keyword.builtin.CallTestCaseKeyword$_callTestCase_closure1.doCall(CallTestCaseKeyword.groovy:59)
	at com.kms.katalon.core.keyword.builtin.CallTestCaseKeyword$_callTestCase_closure1.call(CallTestCaseKeyword.groovy)
	at com.kms.katalon.core.keyword.internal.KeywordMain.runKeyword(KeywordMain.groovy:68)
	at com.kms.katalon.core.keyword.builtin.CallTestCaseKeyword.callTestCase(CallTestCaseKeyword.groovy:81)
	at com.kms.katalon.core.keyword.builtin.CallTestCaseKeyword.execute(CallTestCaseKeyword.groovy:44)
	at com.kms.katalon.core.keyword.internal.KeywordExecutor.executeKeywordForPlatform(KeywordExecutor.groovy:73)
	at com.kms.katalon.core.keyword.BuiltinKeywords.callTestCase(BuiltinKeywords.groovy:334)
	at Script1597923029052.run(Script1597923029052.groovy:54)
	at com.kms.katalon.core.main.ScriptEngine.run(ScriptEngine.java:194)
	at com.kms.katalon.core.main.ScriptEngine.runScriptAsRawText(ScriptEngine.java:119)
	at com.kms.katalon.core.main.TestCaseExecutor.runScript(TestCaseExecutor.java:339)
	at com.kms.katalon.core.main.TestCaseExecutor.doExecute(TestCaseExecutor.java:330)
	at com.kms.katalon.core.main.TestCaseExecutor.processExecutionPhase(TestCaseExecutor.java:309)
	at com.kms.katalon.core.main.TestCaseExecutor.accessMainPhase(TestCaseExecutor.java:301)
	at com.kms.katalon.core.main.TestCaseExecutor.execute(TestCaseExecutor.java:235)
	at com.kms.katalon.core.main.TestCaseMain.runTestCase(TestCaseMain.java:114)
	at com.kms.katalon.core.keyword.builtin.CallTestCaseKeyword$_callTestCase_closure1.doCall(CallTestCaseKeyword.groovy:59)
	at com.kms.katalon.core.keyword.builtin.CallTestCaseKeyword$_callTestCase_closure1.call(CallTestCaseKeyword.groovy)
	at com.kms.katalon.core.keyword.internal.KeywordMain.runKeyword(KeywordMain.groovy:68)
	at com.kms.katalon.core.keyword.builtin.CallTestCaseKeyword.callTestCase(CallTestCaseKeyword.groovy:81)
	at com.kms.katalon.core.keyword.builtin.CallTestCaseKeyword.execute(CallTestCaseKeyword.groovy:44)
	at com.kms.katalon.core.keyword.internal.KeywordExecutor.executeKeywordForPlatform(KeywordExecutor.groovy:73)
	at com.kms.katalon.core.keyword.BuiltinKeywords.callTestCase(BuiltinKeywords.groovy:334)
	at Script1598752275253.run(Script1598752275253.groovy:22)
	... 13 more
)
[[ATTACHMENT|C:\\Users\\Aaron-PC\\git\\TractionTools\\Reports\\20200924_000603\\V2\\Tests\\TT-363 - Meeting List\\TT-363_TestSuite\\20200924_000603\\1600877451766.png]]

2020-09-24 00:10:52 - [MESSAGE][FAILED] - Unable to call Test Case 'Test Cases/V2/Test Case/Pre-conditions/PRE_SkipCompanyAndPersonalProfileSetup' (Root cause: com.kms.katalon.core.exception.StepFailedException: Call Test Case 'Test Cases/V2/Test Case/Pre-conditions/PRE_SkipCompanyAndPersonalProfileSetup' failed
	at com.kms.katalon.core.keyword.builtin.CallTestCaseKeyword$_callTestCase_closure1.doCall(CallTestCaseKeyword.groovy:63)
	at com.kms.katalon.core.keyword.builtin.CallTestCaseKeyword$_callTestCase_closure1.call(CallTestCaseKeyword.groovy)
	at com.kms.katalon.core.keyword.internal.KeywordMain.runKeyword(KeywordMain.groovy:68)
	at com.kms.katalon.core.keyword.builtin.CallTestCaseKeyword.callTestCase(CallTestCaseKeyword.groovy:81)
	at com.kms.katalon.core.keyword.builtin.CallTestCaseKeyword.execute(CallTestCaseKeyword.groovy:44)
	at com.kms.katalon.core.keyword.internal.KeywordExecutor.executeKeywordForPlatform(KeywordExecutor.groovy:73)
	at com.kms.katalon.core.keyword.BuiltinKeywords.callTestCase(BuiltinKeywords.groovy:334)
	at PRE_RegisterAndActivateTTUsers.run(PRE_RegisterAndActivateTTUsers:54)
	at com.kms.katalon.core.main.ScriptEngine.run(ScriptEngine.java:194)
	at com.kms.katalon.core.main.ScriptEngine.runScriptAsRawText(ScriptEngine.java:119)
	at com.kms.katalon.core.main.TestCaseExecutor.runScript(TestCaseExecutor.java:339)
	at com.kms.katalon.core.main.TestCaseExecutor.doExecute(TestCaseExecutor.java:330)
	at com.kms.katalon.core.main.TestCaseExecutor.processExecutionPhase(TestCaseExecutor.java:309)
	at com.kms.katalon.core.main.TestCaseExecutor.accessMainPhase(TestCaseExecutor.java:301)
	at com.kms.katalon.core.main.TestCaseExecutor.execute(TestCaseExecutor.java:235)
	at com.kms.katalon.core.main.TestCaseMain.runTestCase(TestCaseMain.java:114)
	at com.kms.katalon.core.keyword.builtin.CallTestCaseKeyword$_callTestCase_closure1.doCall(CallTestCaseKeyword.groovy:59)
	at com.kms.katalon.core.keyword.builtin.CallTestCaseKeyword$_callTestCase_closure1.call(CallTestCaseKeyword.groovy)
	at com.kms.katalon.core.keyword.internal.KeywordMain.runKeyword(KeywordMain.groovy:68)
	at com.kms.katalon.core.keyword.builtin.CallTestCaseKeyword.callTestCase(CallTestCaseKeyword.groovy:81)
	at com.kms.katalon.core.keyword.builtin.CallTestCaseKeyword.execute(CallTestCaseKeyword.groovy:44)
	at com.kms.katalon.core.keyword.internal.KeywordExecutor.executeKeywordForPlatform(KeywordExecutor.groovy:73)
	at com.kms.katalon.core.keyword.BuiltinKeywords.callTestCase(BuiltinKeywords.groovy:334)
	at TT_363_6_EditMeetingBasicInformation_AllTestCase.run(TT_363_6_EditMeetingBasicInformation_AllTestCase:22)
	at com.kms.katalon.core.main.ScriptEngine.run(ScriptEngine.java:194)
	at com.kms.katalon.core.main.ScriptEngine.runScriptAsRawText(ScriptEngine.java:119)
	at com.kms.katalon.core.main.TestCaseExecutor.runScript(TestCaseExecutor.java:339)
	at com.kms.katalon.core.main.TestCaseExecutor.doExecute(TestCaseExecutor.java:330)
	at com.kms.katalon.core.main.TestCaseExecutor.processExecutionPhase(TestCaseExecutor.java:309)
	at com.kms.katalon.core.main.TestCaseExecutor.accessMainPhase(TestCaseExecutor.java:301)
	at com.kms.katalon.core.main.TestCaseExecutor.execute(TestCaseExecutor.java:235)
	at com.kms.katalon.core.main.TestSuiteExecutor.accessTestCaseMainPhase(TestSuiteExecutor.java:191)
	at com.kms.katalon.core.main.TestSuiteExecutor.accessTestSuiteMainPhase(TestSuiteExecutor.java:141)
	at com.kms.katalon.core.main.TestSuiteExecutor.execute(TestSuiteExecutor.java:90)
	at com.kms.katalon.core.main.TestCaseMain.startTestSuite(TestCaseMain.java:157)
	at com.kms.katalon.core.main.TestCaseMain$startTestSuite$0.call(Unknown Source)
	at TempTestSuite1600877163454.run(TempTestSuite1600877163454.groovy:39)
Caused by: com.kms.katalon.core.exception.StepFailedException: Unable to click on object 'Object Repository/V2/Commons/FirstUpdateCompanyAndPersonalInfoModal/confirmInfoSkip_button'
	at com.kms.katalon.core.webui.keyword.internal.WebUIKeywordMain.stepFailed(WebUIKeywordMain.groovy:64)
	at com.kms.katalon.core.webui.keyword.internal.WebUIKeywordMain.runKeyword(WebUIKeywordMain.groovy:26)
	at com.kms.katalon.core.webui.keyword.builtin.ClickKeyword.click(ClickKeyword.groovy:76)
	at com.kms.katalon.core.webui.keyword.builtin.ClickKeyword.execute(ClickKeyword.groovy:43)
	at com.kms.katalon.core.keyword.internal.KeywordExecutor.executeKeywordForPlatform(KeywordExecutor.groovy:73)
	at com.kms.katalon.core.webui.keyword.WebUiBuiltInKeywords.click(WebUiBuiltInKeywords.groovy:616)
	at com.kms.katalon.core.webui.keyword.WebUiBuiltInKeywords$click$5.call(Unknown Source)
	at PRE_SkipCompanyAndPersonalProfileSetup.run(PRE_SkipCompanyAndPersonalProfileSetup:27)
	at com.kms.katalon.core.main.ScriptEngine.run(ScriptEngine.java:194)
	at com.kms.katalon.core.main.ScriptEngine.runScriptAsRawText(ScriptEngine.java:119)
	at com.kms.katalon.core.main.TestCaseExecutor.runScript(TestCaseExecutor.java:339)
	at com.kms.katalon.core.main.TestCaseExecutor.doExecute(TestCaseExecutor.java:330)
	at com.kms.katalon.core.main.TestCaseExecutor.processExecutionPhase(TestCaseExecutor.java:309)
	at com.kms.katalon.core.main.TestCaseExecutor.accessMainPhase(TestCaseExecutor.java:301)
	at com.kms.katalon.core.main.TestCaseExecutor.execute(TestCaseExecutor.java:235)
	at com.kms.katalon.core.main.TestCaseMain.runTestCase(TestCaseMain.java:114)
	at com.kms.katalon.core.keyword.builtin.CallTestCaseKeyword$_callTestCase_closure1.doCall(CallTestCaseKeyword.groovy:59)
	... 36 more
Caused by: com.kms.katalon.core.webui.exception.WebElementNotFoundException: Web element with id: 'Object Repository/V2/Commons/FirstUpdateCompanyAndPersonalInfoModal/confirmInfoSkip_button' located by '//div[@id="FIRST_INFO_UPDATE_MODAL" and contains(@class,'ModalStyles')]/descendant::button//div[text()='Skip']' not found
	at com.kms.katalon.core.webui.common.WebUiCommonHelper.findWebElement(WebUiCommonHelper.java:1368)
	at com.kms.katalon.core.webui.keyword.internal.WebUIAbstractKeyword.findWebElement(WebUIAbstractKeyword.groovy:27)
	at com.kms.katalon.core.webui.keyword.internal.WebUIAbstractKeyword.findWebElement(WebUIAbstractKeyword.groovy:26)
	at com.kms.katalon.core.webui.keyword.builtin.ClickKeyword$_click_closure1.doCall(ClickKeyword.groovy:67)
	at com.kms.katalon.core.webui.keyword.builtin.ClickKeyword$_click_closure1.call(ClickKeyword.groovy)
	at com.kms.katalon.core.webui.keyword.internal.WebUIKeywordMain.runKeyword(WebUIKeywordMain.groovy:20)
	... 51 more
)

2020-09-24 00:10:52 - [MESSAGE][FAILED] - Unable to call Test Case 'Test Cases/V2/Test Case/Pre-conditions/PRE_RegisterAndActivateTTUsers' (Root cause: com.kms.katalon.core.exception.StepFailedException: Call Test Case 'Test Cases/V2/Test Case/Pre-conditions/PRE_RegisterAndActivateTTUsers' failed
	at com.kms.katalon.core.keyword.builtin.CallTestCaseKeyword$_callTestCase_closure1.doCall(CallTestCaseKeyword.groovy:63)
	at com.kms.katalon.core.keyword.builtin.CallTestCaseKeyword$_callTestCase_closure1.call(CallTestCaseKeyword.groovy)
	at com.kms.katalon.core.keyword.internal.KeywordMain.runKeyword(KeywordMain.groovy:68)
	at com.kms.katalon.core.keyword.builtin.CallTestCaseKeyword.callTestCase(CallTestCaseKeyword.groovy:81)
	at com.kms.katalon.core.keyword.builtin.CallTestCaseKeyword.execute(CallTestCaseKeyword.groovy:44)
	at com.kms.katalon.core.keyword.internal.KeywordExecutor.executeKeywordForPlatform(KeywordExecutor.groovy:73)
	at com.kms.katalon.core.keyword.BuiltinKeywords.callTestCase(BuiltinKeywords.groovy:334)
	at TT_363_6_EditMeetingBasicInformation_AllTestCase.run(TT_363_6_EditMeetingBasicInformation_AllTestCase:22)
	at com.kms.katalon.core.main.ScriptEngine.run(ScriptEngine.java:194)
	at com.kms.katalon.core.main.ScriptEngine.runScriptAsRawText(ScriptEngine.java:119)
	at com.kms.katalon.core.main.TestCaseExecutor.runScript(TestCaseExecutor.java:339)
	at com.kms.katalon.core.main.TestCaseExecutor.doExecute(TestCaseExecutor.java:330)
	at com.kms.katalon.core.main.TestCaseExecutor.processExecutionPhase(TestCaseExecutor.java:309)
	at com.kms.katalon.core.main.TestCaseExecutor.accessMainPhase(TestCaseExecutor.java:301)
	at com.kms.katalon.core.main.TestCaseExecutor.execute(TestCaseExecutor.java:235)
	at com.kms.katalon.core.main.TestSuiteExecutor.accessTestCaseMainPhase(TestSuiteExecutor.java:191)
	at com.kms.katalon.core.main.TestSuiteExecutor.accessTestSuiteMainPhase(TestSuiteExecutor.java:141)
	at com.kms.katalon.core.main.TestSuiteExecutor.execute(TestSuiteExecutor.java:90)
	at com.kms.katalon.core.main.TestCaseMain.startTestSuite(TestCaseMain.java:157)
	at com.kms.katalon.core.main.TestCaseMain$startTestSuite$0.call(Unknown Source)
	at TempTestSuite1600877163454.run(TempTestSuite1600877163454.groovy:39)
Caused by: com.kms.katalon.core.exception.StepFailedException: Call Test Case 'Test Cases/V2/Test Case/Pre-conditions/PRE_SkipCompanyAndPersonalProfileSetup' failed
	at com.kms.katalon.core.keyword.builtin.CallTestCaseKeyword$_callTestCase_closure1.doCall(CallTestCaseKeyword.groovy:63)
	at com.kms.katalon.core.keyword.builtin.CallTestCaseKeyword$_callTestCase_closure1.call(CallTestCaseKeyword.groovy)
	at com.kms.katalon.core.keyword.internal.KeywordMain.runKeyword(KeywordMain.groovy:68)
	at com.kms.katalon.core.keyword.builtin.CallTestCaseKeyword.callTestCase(CallTestCaseKeyword.groovy:81)
	at com.kms.katalon.core.keyword.builtin.CallTestCaseKeyword.execute(CallTestCaseKeyword.groovy:44)
	at com.kms.katalon.core.keyword.internal.KeywordExecutor.executeKeywordForPlatform(KeywordExecutor.groovy:73)
	at com.kms.katalon.core.keyword.BuiltinKeywords.callTestCase(BuiltinKeywords.groovy:334)
	at PRE_RegisterAndActivateTTUsers.run(PRE_RegisterAndActivateTTUsers:54)
	at com.kms.katalon.core.main.ScriptEngine.run(ScriptEngine.java:194)
	at com.kms.katalon.core.main.ScriptEngine.runScriptAsRawText(ScriptEngine.java:119)
	at com.kms.katalon.core.main.TestCaseExecutor.runScript(TestCaseExecutor.java:339)
	at com.kms.katalon.core.main.TestCaseExecutor.doExecute(TestCaseExecutor.java:330)
	at com.kms.katalon.core.main.TestCaseExecutor.processExecutionPhase(TestCaseExecutor.java:309)
	at com.kms.katalon.core.main.TestCaseExecutor.accessMainPhase(TestCaseExecutor.java:301)
	at com.kms.katalon.core.main.TestCaseExecutor.execute(TestCaseExecutor.java:235)
	at com.kms.katalon.core.main.TestCaseMain.runTestCase(TestCaseMain.java:114)
	at com.kms.katalon.core.keyword.builtin.CallTestCaseKeyword$_callTestCase_closure1.doCall(CallTestCaseKeyword.groovy:59)
	... 20 more
Caused by: com.kms.katalon.core.exception.StepFailedException: Unable to click on object 'Object Repository/V2/Commons/FirstUpdateCompanyAndPersonalInfoModal/confirmInfoSkip_button'
	at com.kms.katalon.core.webui.keyword.internal.WebUIKeywordMain.stepFailed(WebUIKeywordMain.groovy:64)
	at com.kms.katalon.core.webui.keyword.internal.WebUIKeywordMain.runKeyword(WebUIKeywordMain.groovy:26)
	at com.kms.katalon.core.webui.keyword.builtin.ClickKeyword.click(ClickKeyword.groovy:76)
	at com.kms.katalon.core.webui.keyword.builtin.ClickKeyword.execute(ClickKeyword.groovy:43)
	at com.kms.katalon.core.keyword.internal.KeywordExecutor.executeKeywordForPlatform(KeywordExecutor.groovy:73)
	at com.kms.katalon.core.webui.keyword.WebUiBuiltInKeywords.click(WebUiBuiltInKeywords.groovy:616)
	at com.kms.katalon.core.webui.keyword.WebUiBuiltInKeywords$click$5.call(Unknown Source)
	at PRE_SkipCompanyAndPersonalProfileSetup.run(PRE_SkipCompanyAndPersonalProfileSetup:27)
	at com.kms.katalon.core.main.ScriptEngine.run(ScriptEngine.java:194)
	at com.kms.katalon.core.main.ScriptEngine.runScriptAsRawText(ScriptEngine.java:119)
	at com.kms.katalon.core.main.TestCaseExecutor.runScript(TestCaseExecutor.java:339)
	at com.kms.katalon.core.main.TestCaseExecutor.doExecute(TestCaseExecutor.java:330)
	at com.kms.katalon.core.main.TestCaseExecutor.processExecutionPhase(TestCaseExecutor.java:309)
	at com.kms.katalon.core.main.TestCaseExecutor.accessMainPhase(TestCaseExecutor.java:301)
	at com.kms.katalon.core.main.TestCaseExecutor.execute(TestCaseExecutor.java:235)
	at com.kms.katalon.core.main.TestCaseMain.runTestCase(TestCaseMain.java:114)
	at com.kms.katalon.core.keyword.builtin.CallTestCaseKeyword$_callTestCase_closure1.doCall(CallTestCaseKeyword.groovy:59)
	... 36 more
Caused by: com.kms.katalon.core.webui.exception.WebElementNotFoundException: Web element with id: 'Object Repository/V2/Commons/FirstUpdateCompanyAndPersonalInfoModal/confirmInfoSkip_button' located by '//div[@id="FIRST_INFO_UPDATE_MODAL" and contains(@class,'ModalStyles')]/descendant::button//div[text()='Skip']' not found
	at com.kms.katalon.core.webui.common.WebUiCommonHelper.findWebElement(WebUiCommonHelper.java:1368)
	at com.kms.katalon.core.webui.keyword.internal.WebUIAbstractKeyword.findWebElement(WebUIAbstractKeyword.groovy:27)
	at com.kms.katalon.core.webui.keyword.internal.WebUIAbstractKeyword.findWebElement(WebUIAbstractKeyword.groovy:26)
	at com.kms.katalon.core.webui.keyword.builtin.ClickKeyword$_click_closure1.doCall(ClickKeyword.groovy:67)
	at com.kms.katalon.core.webui.keyword.builtin.ClickKeyword$_click_closure1.call(ClickKeyword.groovy)
	at com.kms.katalon.core.webui.keyword.internal.WebUIKeywordMain.runKeyword(WebUIKeywordMain.groovy:20)
	... 51 more
)]]></system-out>
         <system-err><![CDATA[2020-09-24 00:09:55 - [TEST_CASE][FAILED] - Test Cases/V2/Test Case/Tests/TT-363 - Meeting List/Positive/TT_363_6_EditMeetingBasicInformation_AllTestCase: Test Cases/V2/Test Case/Tests/TT-363 - Meeting List/Positive/TT_363_6_EditMeetingBasicInformation_AllTestCase FAILED.
Reason:
com.kms.katalon.core.exception.StepFailedException: Call Test Case 'Test Cases/V2/Test Case/Pre-conditions/PRE_RegisterAndActivateTTUsers' failed
	at com.kms.katalon.core.keyword.builtin.CallTestCaseKeyword$_callTestCase_closure1.doCall(CallTestCaseKeyword.groovy:63)
	at com.kms.katalon.core.keyword.builtin.CallTestCaseKeyword$_callTestCase_closure1.call(CallTestCaseKeyword.groovy)
	at com.kms.katalon.core.keyword.internal.KeywordMain.runKeyword(KeywordMain.groovy:68)
	at com.kms.katalon.core.keyword.builtin.CallTestCaseKeyword.callTestCase(CallTestCaseKeyword.groovy:81)
	at com.kms.katalon.core.keyword.builtin.CallTestCaseKeyword.execute(CallTestCaseKeyword.groovy:44)
	at com.kms.katalon.core.keyword.internal.KeywordExecutor.executeKeywordForPlatform(KeywordExecutor.groovy:73)
	at com.kms.katalon.core.keyword.BuiltinKeywords.callTestCase(BuiltinKeywords.groovy:334)
	at TT_363_6_EditMeetingBasicInformation_AllTestCase.run(TT_363_6_EditMeetingBasicInformation_AllTestCase:22)
	at com.kms.katalon.core.main.ScriptEngine.run(ScriptEngine.java:194)
	at com.kms.katalon.core.main.ScriptEngine.runScriptAsRawText(ScriptEngine.java:119)
	at com.kms.katalon.core.main.TestCaseExecutor.runScript(TestCaseExecutor.java:339)
	at com.kms.katalon.core.main.TestCaseExecutor.doExecute(TestCaseExecutor.java:330)
	at com.kms.katalon.core.main.TestCaseExecutor.processExecutionPhase(TestCaseExecutor.java:309)
	at com.kms.katalon.core.main.TestCaseExecutor.accessMainPhase(TestCaseExecutor.java:301)
	at com.kms.katalon.core.main.TestCaseExecutor.execute(TestCaseExecutor.java:235)
	at com.kms.katalon.core.main.TestSuiteExecutor.accessTestCaseMainPhase(TestSuiteExecutor.java:191)
	at com.kms.katalon.core.main.TestSuiteExecutor.accessTestSuiteMainPhase(TestSuiteExecutor.java:141)
	at com.kms.katalon.core.main.TestSuiteExecutor.execute(TestSuiteExecutor.java:90)
	at com.kms.katalon.core.main.TestCaseMain.startTestSuite(TestCaseMain.java:157)
	at com.kms.katalon.core.main.TestCaseMain$startTestSuite$0.call(Unknown Source)
	at TempTestSuite1600877163454.run(TempTestSuite1600877163454.groovy:39)
Caused by: com.kms.katalon.core.exception.StepFailedException: Call Test Case 'Test Cases/V2/Test Case/Pre-conditions/PRE_SkipCompanyAndPersonalProfileSetup' failed
	at com.kms.katalon.core.keyword.builtin.CallTestCaseKeyword$_callTestCase_closure1.doCall(CallTestCaseKeyword.groovy:63)
	at com.kms.katalon.core.keyword.builtin.CallTestCaseKeyword$_callTestCase_closure1.call(CallTestCaseKeyword.groovy)
	at com.kms.katalon.core.keyword.internal.KeywordMain.runKeyword(KeywordMain.groovy:68)
	at com.kms.katalon.core.keyword.builtin.CallTestCaseKeyword.callTestCase(CallTestCaseKeyword.groovy:81)
	at com.kms.katalon.core.keyword.builtin.CallTestCaseKeyword.execute(CallTestCaseKeyword.groovy:44)
	at com.kms.katalon.core.keyword.internal.KeywordExecutor.executeKeywordForPlatform(KeywordExecutor.groovy:73)
	at com.kms.katalon.core.keyword.BuiltinKeywords.callTestCase(BuiltinKeywords.groovy:334)
	at PRE_RegisterAndActivateTTUsers.run(PRE_RegisterAndActivateTTUsers:54)
	at com.kms.katalon.core.main.ScriptEngine.run(ScriptEngine.java:194)
	at com.kms.katalon.core.main.ScriptEngine.runScriptAsRawText(ScriptEngine.java:119)
	at com.kms.katalon.core.main.TestCaseExecutor.runScript(TestCaseExecutor.java:339)
	at com.kms.katalon.core.main.TestCaseExecutor.doExecute(TestCaseExecutor.java:330)
	at com.kms.katalon.core.main.TestCaseExecutor.processExecutionPhase(TestCaseExecutor.java:309)
	at com.kms.katalon.core.main.TestCaseExecutor.accessMainPhase(TestCaseExecutor.java:301)
	at com.kms.katalon.core.main.TestCaseExecutor.execute(TestCaseExecutor.java:235)
	at com.kms.katalon.core.main.TestCaseMain.runTestCase(TestCaseMain.java:114)
	at com.kms.katalon.core.keyword.builtin.CallTestCaseKeyword$_callTestCase_closure1.doCall(CallTestCaseKeyword.groovy:59)
	... 20 more
Caused by: com.kms.katalon.core.exception.StepFailedException: Unable to click on object 'Object Repository/V2/Commons/FirstUpdateCompanyAndPersonalInfoModal/confirmInfoSkip_button'
	at com.kms.katalon.core.webui.keyword.internal.WebUIKeywordMain.stepFailed(WebUIKeywordMain.groovy:64)
	at com.kms.katalon.core.webui.keyword.internal.WebUIKeywordMain.runKeyword(WebUIKeywordMain.groovy:26)
	at com.kms.katalon.core.webui.keyword.builtin.ClickKeyword.click(ClickKeyword.groovy:76)
	at com.kms.katalon.core.webui.keyword.builtin.ClickKeyword.execute(ClickKeyword.groovy:43)
	at com.kms.katalon.core.keyword.internal.KeywordExecutor.executeKeywordForPlatform(KeywordExecutor.groovy:73)
	at com.kms.katalon.core.webui.keyword.WebUiBuiltInKeywords.click(WebUiBuiltInKeywords.groovy:616)
	at com.kms.katalon.core.webui.keyword.WebUiBuiltInKeywords$click$5.call(Unknown Source)
	at PRE_SkipCompanyAndPersonalProfileSetup.run(PRE_SkipCompanyAndPersonalProfileSetup:27)
	at com.kms.katalon.core.main.ScriptEngine.run(ScriptEngine.java:194)
	at com.kms.katalon.core.main.ScriptEngine.runScriptAsRawText(ScriptEngine.java:119)
	at com.kms.katalon.core.main.TestCaseExecutor.runScript(TestCaseExecutor.java:339)
	at com.kms.katalon.core.main.TestCaseExecutor.doExecute(TestCaseExecutor.java:330)
	at com.kms.katalon.core.main.TestCaseExecutor.processExecutionPhase(TestCaseExecutor.java:309)
	at com.kms.katalon.core.main.TestCaseExecutor.accessMainPhase(TestCaseExecutor.java:301)
	at com.kms.katalon.core.main.TestCaseExecutor.execute(TestCaseExecutor.java:235)
	at com.kms.katalon.core.main.TestCaseMain.runTestCase(TestCaseMain.java:114)
	at com.kms.katalon.core.keyword.builtin.CallTestCaseKeyword$_callTestCase_closure1.doCall(CallTestCaseKeyword.groovy:59)
	... 36 more
Caused by: com.kms.katalon.core.webui.exception.WebElementNotFoundException: Web element with id: 'Object Repository/V2/Commons/FirstUpdateCompanyAndPersonalInfoModal/confirmInfoSkip_button' located by '//div[@id="FIRST_INFO_UPDATE_MODAL" and contains(@class,'ModalStyles')]/descendant::button//div[text()='Skip']' not found
	at com.kms.katalon.core.webui.common.WebUiCommonHelper.findWebElement(WebUiCommonHelper.java:1368)
	at com.kms.katalon.core.webui.keyword.internal.WebUIAbstractKeyword.findWebElement(WebUIAbstractKeyword.groovy:27)
	at com.kms.katalon.core.webui.keyword.internal.WebUIAbstractKeyword.findWebElement(WebUIAbstractKeyword.groovy:26)
	at com.kms.katalon.core.webui.keyword.builtin.ClickKeyword$_click_closure1.doCall(ClickKeyword.groovy:67)
	at com.kms.katalon.core.webui.keyword.builtin.ClickKeyword$_click_closure1.call(ClickKeyword.groovy)
	at com.kms.katalon.core.webui.keyword.internal.WebUIKeywordMain.runKeyword(WebUIKeywordMain.groovy:20)
	... 51 more]]></system-err>
      </testcase>
      <testcase name="Test Cases/V2/Test Case/Tests/TT-363 - Meeting List/Positive/TT_363_7_EditMeetingVideoConference_AllTestCase" time="283.104" classname="Test Cases/V2/Test Case/Tests/TT-363 - Meeting List/Positive/TT_363_7_EditMeetingVideoConference_AllTestCase" status="FAILED">
         <failure type="FAILED" message="Test Cases/V2/Test Case/Tests/TT-363 - Meeting List/Positive/TT_363_7_EditMeetingVideoConference_AllTestCase FAILED.
Reason:
com.kms.katalon.core.exception.StepFailedException: Unable to get attribute 'disabled' of object 'Object Repository/V2/TT-363/AllTestCase/editMeeting_Disabled_VC'
	at com.kms.katalon.core.webui.keyword.internal.WebUIKeywordMain.stepFailed(WebUIKeywordMain.groovy:64)
	at com.kms.katalon.core.webui.keyword.internal.WebUIKeywordMain.runKeyword(WebUIKeywordMain.groovy:26)
	at com.kms.katalon.core.webui.keyword.builtin.GetAttributeKeyword.getAttribute(GetAttributeKeyword.groovy:93)
	at com.kms.katalon.core.webui.keyword.builtin.GetAttributeKeyword.execute(GetAttributeKeyword.groovy:68)
	at com.kms.katalon.core.keyword.internal.KeywordExecutor.executeKeywordForPlatform(KeywordExecutor.groovy:73)
	at com.kms.katalon.core.webui.keyword.WebUiBuiltInKeywords.getAttribute(WebUiBuiltInKeywords.groovy:947)
	at com.kms.katalon.core.webui.keyword.WebUiBuiltInKeywords$getAttribute$3.call(Unknown Source)
	at TT_363_7_EditMeetingVideoConference_AllTestCase.run(TT_363_7_EditMeetingVideoConference_AllTestCase:109)
	at com.kms.katalon.core.main.ScriptEngine.run(ScriptEngine.java:194)
	at com.kms.katalon.core.main.ScriptEngine.runScriptAsRawText(ScriptEngine.java:119)
	at com.kms.katalon.core.main.TestCaseExecutor.runScript(TestCaseExecutor.java:339)
	at com.kms.katalon.core.main.TestCaseExecutor.doExecute(TestCaseExecutor.java:330)
	at com.kms.katalon.core.main.TestCaseExecutor.processExecutionPhase(TestCaseExecutor.java:309)
	at com.kms.katalon.core.main.TestCaseExecutor.accessMainPhase(TestCaseExecutor.java:301)
	at com.kms.katalon.core.main.TestCaseExecutor.execute(TestCaseExecutor.java:235)
	at com.kms.katalon.core.main.TestSuiteExecutor.accessTestCaseMainPhase(TestSuiteExecutor.java:191)
	at com.kms.katalon.core.main.TestSuiteExecutor.accessTestSuiteMainPhase(TestSuiteExecutor.java:141)
	at com.kms.katalon.core.main.TestSuiteExecutor.execute(TestSuiteExecutor.java:90)
	at com.kms.katalon.core.main.TestCaseMain.startTestSuite(TestCaseMain.java:157)
	at com.kms.katalon.core.main.TestCaseMain$startTestSuite$0.call(Unknown Source)
	at TempTestSuite1600877163454.run(TempTestSuite1600877163454.groovy:39)
Caused by: com.kms.katalon.core.webui.exception.WebElementNotFoundException: Web element with id: 'Object Repository/V2/TT-363/AllTestCase/editMeeting_Disabled_VC' located by '//input[@id='meetingLink']/parent::div' not found
	at com.kms.katalon.core.webui.common.WebUiCommonHelper.findWebElement(WebUiCommonHelper.java:1368)
	at com.kms.katalon.core.webui.keyword.internal.WebUIAbstractKeyword.findWebElement(WebUIAbstractKeyword.groovy:27)
	at com.kms.katalon.core.webui.keyword.internal.WebUIAbstractKeyword.findWebElement(WebUIAbstractKeyword.groovy:26)
	at com.kms.katalon.core.webui.keyword.builtin.GetAttributeKeyword$_getAttribute_closure1.doCall(GetAttributeKeyword.groovy:83)
	at com.kms.katalon.core.webui.keyword.builtin.GetAttributeKeyword$_getAttribute_closure1.call(GetAttributeKeyword.groovy)
	at com.kms.katalon.core.webui.keyword.internal.WebUIKeywordMain.runKeyword(WebUIKeywordMain.groovy:20)
	... 19 more
"/>
         <system-out><![CDATA[2020-09-24 00:10:52 - [TEST_CASE][FAILED] - Test Cases/V2/Test Case/Tests/TT-363 - Meeting List/Positive/TT_363_7_EditMeetingVideoConference_AllTestCase: Test Cases/V2/Test Case/Tests/TT-363 - Meeting List/Positive/TT_363_7_EditMeetingVideoConference_AllTestCase FAILED.
Reason:
com.kms.katalon.core.exception.StepFailedException: Unable to get attribute 'disabled' of object 'Object Repository/V2/TT-363/AllTestCase/editMeeting_Disabled_VC'
	at com.kms.katalon.core.webui.keyword.internal.WebUIKeywordMain.stepFailed(WebUIKeywordMain.groovy:64)
	at com.kms.katalon.core.webui.keyword.internal.WebUIKeywordMain.runKeyword(WebUIKeywordMain.groovy:26)
	at com.kms.katalon.core.webui.keyword.builtin.GetAttributeKeyword.getAttribute(GetAttributeKeyword.groovy:93)
	at com.kms.katalon.core.webui.keyword.builtin.GetAttributeKeyword.execute(GetAttributeKeyword.groovy:68)
	at com.kms.katalon.core.keyword.internal.KeywordExecutor.executeKeywordForPlatform(KeywordExecutor.groovy:73)
	at com.kms.katalon.core.webui.keyword.WebUiBuiltInKeywords.getAttribute(WebUiBuiltInKeywords.groovy:947)
	at com.kms.katalon.core.webui.keyword.WebUiBuiltInKeywords$getAttribute$3.call(Unknown Source)
	at TT_363_7_EditMeetingVideoConference_AllTestCase.run(TT_363_7_EditMeetingVideoConference_AllTestCase:109)
	at com.kms.katalon.core.main.ScriptEngine.run(ScriptEngine.java:194)
	at com.kms.katalon.core.main.ScriptEngine.runScriptAsRawText(ScriptEngine.java:119)
	at com.kms.katalon.core.main.TestCaseExecutor.runScript(TestCaseExecutor.java:339)
	at com.kms.katalon.core.main.TestCaseExecutor.doExecute(TestCaseExecutor.java:330)
	at com.kms.katalon.core.main.TestCaseExecutor.processExecutionPhase(TestCaseExecutor.java:309)
	at com.kms.katalon.core.main.TestCaseExecutor.accessMainPhase(TestCaseExecutor.java:301)
	at com.kms.katalon.core.main.TestCaseExecutor.execute(TestCaseExecutor.java:235)
	at com.kms.katalon.core.main.TestSuiteExecutor.accessTestCaseMainPhase(TestSuiteExecutor.java:191)
	at com.kms.katalon.core.main.TestSuiteExecutor.accessTestSuiteMainPhase(TestSuiteExecutor.java:141)
	at com.kms.katalon.core.main.TestSuiteExecutor.execute(TestSuiteExecutor.java:90)
	at com.kms.katalon.core.main.TestCaseMain.startTestSuite(TestCaseMain.java:157)
	at com.kms.katalon.core.main.TestCaseMain$startTestSuite$0.call(Unknown Source)
	at TempTestSuite1600877163454.run(TempTestSuite1600877163454.groovy:39)
Caused by: com.kms.katalon.core.webui.exception.WebElementNotFoundException: Web element with id: 'Object Repository/V2/TT-363/AllTestCase/editMeeting_Disabled_VC' located by '//input[@id='meetingLink']/parent::div' not found
	at com.kms.katalon.core.webui.common.WebUiCommonHelper.findWebElement(WebUiCommonHelper.java:1368)
	at com.kms.katalon.core.webui.keyword.internal.WebUIAbstractKeyword.findWebElement(WebUIAbstractKeyword.groovy:27)
	at com.kms.katalon.core.webui.keyword.internal.WebUIAbstractKeyword.findWebElement(WebUIAbstractKeyword.groovy:26)
	at com.kms.katalon.core.webui.keyword.builtin.GetAttributeKeyword$_getAttribute_closure1.doCall(GetAttributeKeyword.groovy:83)
	at com.kms.katalon.core.webui.keyword.builtin.GetAttributeKeyword$_getAttribute_closure1.call(GetAttributeKeyword.groovy)
	at com.kms.katalon.core.webui.keyword.internal.WebUIKeywordMain.runKeyword(WebUIKeywordMain.groovy:20)
	... 19 more


2020-09-24 00:10:52 - [TEST_STEP][PASSED] - callTestCase(findTestCase("V2/Test Case/Pre-conditions/PRE_RegisterAndActivateTTUsers"), ["admin_fname":admin_fname, "lastname":lastname, "phonenumber":"9999999999", "company":"Traction Tools", "password":password, ... ], STOP_ON_FAILURE): Call Test Case 'Test Cases/V2/Test Case/Pre-conditions/PRE_RegisterAndActivateTTUsers' successfully

2020-09-24 00:10:52 - [TEST_CASE][PASSED] - Test Cases/V2/Test Case/Pre-conditions/PRE_RegisterAndActivateTTUsers: Test Cases/V2/Test Case/Pre-conditions/PRE_RegisterAndActivateTTUsers

2020-09-24 00:10:52 - [TEST_STEP][PASSED] - email = tt_CustomKeywords.CustomKeywords.GenerateRandomEmailAddress(admin_email_prefix, admin_email_domain, randomTextLength): Successfully generated a random email: tractiontools.user001+ta5nxeu8@gmail.com

2020-09-24 00:10:52 - [MESSAGE][PASSED] - Successfully generated a random email: tractiontools.user001+ta5nxeu8@gmail.com

2020-09-24 00:10:52 - [TEST_STEP][PASSED] - supervisor_email = tt_CustomKeywords.CustomKeywords.GenerateRandomEmailAddress(supervisor_email_prefix, supervisor_email_domain, randomTextLength): Successfully generated a random email: tractiontools.user001+ts5y5vuu@gmail.com

2020-09-24 00:10:52 - [MESSAGE][PASSED] - Successfully generated a random email: tractiontools.user001+ts5y5vuu@gmail.com

2020-09-24 00:10:52 - [TEST_STEP][PASSED] - employee_email = tt_CustomKeywords.CustomKeywords.GenerateRandomEmailAddress(employee_email_prefix, employee_email_domain, randomTextLength): Successfully generated a random email: tractiontools.user001+te5ev1vl@gmail.com

2020-09-24 00:10:52 - [MESSAGE][PASSED] - Successfully generated a random email: tractiontools.user001+te5ev1vl@gmail.com

2020-09-24 00:10:52 - [TEST_STEP][PASSED] - adminDetails = tt_CustomKeywords.CustomKeywords.RegisterUserViaAPIAndGenerateActivateURL(email, admin_fname, lastname, phonenumber, company, "__JSON__{\"howDidYouHearAboutUs\":\"Facebook\",\"implementer\":\"\",\"existingTractionToolsClient\":\"\",\"other\":\"\"}", "__JSON__{\"timeZone\":\"America/Guatemala\",\"brandColor\":\"#023047\",\"q1Start\":null,\"q1End\":null,\"q2Start\":null,\"q2End\":null,\"q3Start\":null,\"q3End\":null,\"q4Start\":null,\"q4End\":null,\"quarterDatesSetsRocks\":false,\"exportUsers\":false,\"exportRocks\":false,\"exportRocksIncludesMilestones\":false,\"exportScorecards\":false,\"exportTodos\":false,\"exportTodosIncludesNotes\":false,\"exportPeopleHeadlines\":false,\"exportPeopleHeadlinesIncludesNotes\":false,\"exportIssues\":false,\"exportIssuesIncludesNotes\":false,\"exportContextAwareTodos\":false,\"dateFormat\":\"MM/DD/YYYY\",\"timeFormat\":\"h:mma\",\"numberFormat\":\"-1,000.99\",\"supervisorsArchiveRestoreUsers\":false,\"supervisorsEditPositions\":false,\"milestonesAvailableToAll\":false,\"customMeetingTemplatesEnabled\":false,\"receiveTodoReminders\":false,\"todoReminderTime\":\"13:00\",\"todoReminderTimeZone\":\"America/Guatemala\",\"todoReminderFrequency\":\"DAILY\",\"vtoMeetingId\":\"\",\"vtoDisplayMode\":\"ALL\",\"coreValues\":[{\"id\":\"1\",\"text\":\"\"},{\"id\":\"2\",\"text\":\"\"},{\"id\":\"3\",\"text\":\"\"}]}", password, V2Url): SUCCESFFULLY registered a new user via API. 
 Generated Activation Link: 
http://local.traction.tools:5000/activate?activationKey=d01421c5-8748-4972-bc8f-4b10ea130236&userId=06ba5ddd-b07e-e540-ddff-dd5661e15749&orgId=52ba5ddd-aeab-de5e-df3f-453a3fbd5370&email=tractiontools.user001+ta5nxeu8@gmail.com&teamsId=76ba5ddd-af24-6cc3-d005-4754536e24b1&meetingsId=b4ba5ddd-af14-ac2b-9f33-aa41233b1ec7&adminsId=32ba5ddd-b113-33ab-eb46-815790f4b8c1&usersId=24ba5ddd-af46-5ba5-2dfb-74a506ee21f4&supervisorsId=3aba5ddd-af05-5b42-cac6-26da9ac9caea&accountabilityChartId=f2ba5ddd-af57-3d51-3d2a-8ab8aa973654&isCreator=1

2020-09-24 00:10:55 - [MESSAGE][PASSED] - SUCCESFFULLY registered a new user via API. 
 Generated Activation Link: 
http://local.traction.tools:5000/activate?activationKey=d01421c5-8748-4972-bc8f-4b10ea130236&userId=06ba5ddd-b07e-e540-ddff-dd5661e15749&orgId=52ba5ddd-aeab-de5e-df3f-453a3fbd5370&email=tractiontools.user001+ta5nxeu8@gmail.com&teamsId=76ba5ddd-af24-6cc3-d005-4754536e24b1&meetingsId=b4ba5ddd-af14-ac2b-9f33-aa41233b1ec7&adminsId=32ba5ddd-b113-33ab-eb46-815790f4b8c1&usersId=24ba5ddd-af46-5ba5-2dfb-74a506ee21f4&supervisorsId=3aba5ddd-af05-5b42-cac6-26da9ac9caea&accountabilityChartId=f2ba5ddd-af57-3d51-3d2a-8ab8aa973654&isCreator=1

2020-09-24 00:10:55 - [TEST_STEP][PASSED] - activationURL = adminDetails[0]: null

2020-09-24 00:10:55 - [TEST_STEP][PASSED] - orgID = adminDetails[1]: null

2020-09-24 00:10:55 - [TEST_STEP][PASSED] - out.println("URL: " + activationURL): null

2020-09-24 00:10:55 - [TEST_STEP][PASSED] - out.println("orgID: " + orgID): null

2020-09-24 00:10:55 - [TEST_STEP][PASSED] - supervisorUser_name = supervisor_fname + " " + lastname: null

2020-09-24 00:10:55 - [TEST_STEP][PASSED] - openBrowser(""): Browser is opened with url: ''

2020-09-24 00:10:55 - [MESSAGE][WARNING] - A browser is already opened. Closing browser and opening a new one

2020-09-24 00:10:56 - [MESSAGE][INFO] - Starting 'Chrome' driver

2020-09-24 00:10:56 - [MESSAGE][INFO] - Action delay is set to 0 milliseconds

2020-09-24 00:10:59 - [MESSAGE][PASSED] - Browser is opened with url: ''

2020-09-24 00:10:59 - [TEST_STEP][PASSED] - maximizeWindow(): Current window maximized

2020-09-24 00:11:01 - [MESSAGE][PASSED] - Current window maximized

2020-09-24 00:11:01 - [TEST_STEP][PASSED] - callTestCase(findTestCase("V2/Test Case/Pre-conditions/PRE_ActivateNewUser"), ["activationURL":activationURL, "email":email, "password":password], STOP_ON_FAILURE): Call Test Case 'Test Cases/V2/Test Case/Pre-conditions/PRE_ActivateNewUser' successfully

2020-09-24 00:11:02 - [TEST_CASE][PASSED] - Test Cases/V2/Test Case/Pre-conditions/PRE_ActivateNewUser: Test Cases/V2/Test Case/Pre-conditions/PRE_ActivateNewUser

2020-09-24 00:11:02 - [TEST_STEP][PASSED] - navigateToUrl(activationURL): Navigate to 'http://local.traction.tools:5000/activate?activationKey=d01421c5-8748-4972-bc8f-4b10ea130236&userId=06ba5ddd-b07e-e540-ddff-dd5661e15749&orgId=52ba5ddd-aeab-de5e-df3f-453a3fbd5370&email=tractiontools.user001+ta5nxeu8@gmail.com&teamsId=76ba5ddd-af24-6cc3-d005-4754536e24b1&meetingsId=b4ba5ddd-af14-ac2b-9f33-aa41233b1ec7&adminsId=32ba5ddd-b113-33ab-eb46-815790f4b8c1&usersId=24ba5ddd-af46-5ba5-2dfb-74a506ee21f4&supervisorsId=3aba5ddd-af05-5b42-cac6-26da9ac9caea&accountabilityChartId=f2ba5ddd-af57-3d51-3d2a-8ab8aa973654&isCreator=1' successfully

2020-09-24 00:11:03 - [MESSAGE][PASSED] - Navigate to 'http://local.traction.tools:5000/activate?activationKey=d01421c5-8748-4972-bc8f-4b10ea130236&userId=06ba5ddd-b07e-e540-ddff-dd5661e15749&orgId=52ba5ddd-aeab-de5e-df3f-453a3fbd5370&email=tractiontools.user001+ta5nxeu8@gmail.com&teamsId=76ba5ddd-af24-6cc3-d005-4754536e24b1&meetingsId=b4ba5ddd-af14-ac2b-9f33-aa41233b1ec7&adminsId=32ba5ddd-b113-33ab-eb46-815790f4b8c1&usersId=24ba5ddd-af46-5ba5-2dfb-74a506ee21f4&supervisorsId=3aba5ddd-af05-5b42-cac6-26da9ac9caea&accountabilityChartId=f2ba5ddd-af57-3d51-3d2a-8ab8aa973654&isCreator=1' successfully

2020-09-24 00:11:03 - [TEST_STEP][PASSED] - waitForElementVisible(findTestObject("V2/Commons/ActivationPage/input_Email_email"), DefaultTimeout): Object 'Object Repository/V2/Commons/ActivationPage/input_Email_email' is visible

2020-09-24 00:11:05 - [MESSAGE][PASSED] - Object 'Object Repository/V2/Commons/ActivationPage/input_Email_email' is visible

2020-09-24 00:11:05 - [TEST_STEP][PASSED] - actual_email = getAttribute(findTestObject("Object Repository/V2/Commons/ActivationPage/input_Email_email"), "value"): Attribute 'value' of object 'Object Repository/V2/Commons/ActivationPage/input_Email_email' is: 'tractiontools.user001+ta5nxeu8@gmail.com'

2020-09-24 00:11:05 - [MESSAGE][PASSED] - Attribute 'value' of object 'Object Repository/V2/Commons/ActivationPage/input_Email_email' is: 'tractiontools.user001+ta5nxeu8@gmail.com'

2020-09-24 00:11:05 - [TEST_STEP][PASSED] - verifyMatch(actual_email, email, false): Actual text 'tractiontools.user001+ta5nxeu8@gmail.com' and expected text 'tractiontools.user001+ta5nxeu8@gmail.com' are matched 

2020-09-24 00:11:05 - [MESSAGE][PASSED] - Actual text 'tractiontools.user001+ta5nxeu8@gmail.com' and expected text 'tractiontools.user001+ta5nxeu8@gmail.com' are matched 

2020-09-24 00:11:05 - [TEST_STEP][PASSED] - setText(findTestObject("V2/Commons/ActivationPage/input_password"), password): Text 'Qwer123!' is set on object 'Object Repository/V2/Commons/ActivationPage/input_password'

2020-09-24 00:11:05 - [MESSAGE][PASSED] - Text 'Qwer123!' is set on object 'Object Repository/V2/Commons/ActivationPage/input_password'

2020-09-24 00:11:05 - [TEST_STEP][PASSED] - setText(findTestObject("Object Repository/V2/Commons/ActivationPage/input__passwordRepeat"), password): Text 'Qwer123!' is set on object 'Object Repository/V2/Commons/ActivationPage/input__passwordRepeat'

2020-09-24 00:11:06 - [MESSAGE][PASSED] - Text 'Qwer123!' is set on object 'Object Repository/V2/Commons/ActivationPage/input__passwordRepeat'

2020-09-24 00:11:06 - [TEST_STEP][PASSED] - click(findTestObject("V2/Commons/ActivationPage/input_termsandconditions")): Object: 'Object Repository/V2/Commons/ActivationPage/input_termsandconditions' is clicked on

2020-09-24 00:11:07 - [MESSAGE][PASSED] - Object: 'Object Repository/V2/Commons/ActivationPage/input_termsandconditions' is clicked on

2020-09-24 00:11:07 - [TEST_STEP][PASSED] - click(findTestObject("Object Repository/V2/Commons/ActivationPage/div_Create account")): Object: 'Object Repository/V2/Commons/ActivationPage/div_Create account' is clicked on

2020-09-24 00:11:07 - [MESSAGE][PASSED] - Object: 'Object Repository/V2/Commons/ActivationPage/div_Create account' is clicked on

2020-09-24 00:11:07 - [TEST_STEP][PASSED] - waitForElementPresent(findTestObject("V2/Commons/DasboardPage_SidebarMenu/img_Home_logo-big"), DefaultTimeout): Object 'Object Repository/V2/Commons/DasboardPage_SidebarMenu/img_Home_logo-big' is present

2020-09-24 00:11:16 - [MESSAGE][PASSED] - Object 'Object Repository/V2/Commons/DasboardPage_SidebarMenu/img_Home_logo-big' is present

2020-09-24 00:11:16 - [TEST_STEP][PASSED] - verifyElementPresent(findTestObject("V2/Commons/DasboardPage_SidebarMenu/img_Home_logo-big"), 0): Object 'Object Repository/V2/Commons/DasboardPage_SidebarMenu/img_Home_logo-big' is present

2020-09-24 00:11:16 - [MESSAGE][WARNING] - Timeout '0' is invalid. Using default page load timeout: '30'

2020-09-24 00:11:16 - [MESSAGE][PASSED] - Object 'Object Repository/V2/Commons/DasboardPage_SidebarMenu/img_Home_logo-big' is present

2020-09-24 00:11:16 - [MESSAGE][PASSED] - Call Test Case 'Test Cases/V2/Test Case/Pre-conditions/PRE_ActivateNewUser' successfully

2020-09-24 00:11:16 - [TEST_STEP][PASSED] - callTestCase(findTestCase("V2/Test Case/Pre-conditions/PRE_SkipCompanyAndPersonalProfileSetup"), [:], STOP_ON_FAILURE): Call Test Case 'Test Cases/V2/Test Case/Pre-conditions/PRE_SkipCompanyAndPersonalProfileSetup' successfully

2020-09-24 00:11:16 - [TEST_CASE][PASSED] - Test Cases/V2/Test Case/Pre-conditions/PRE_SkipCompanyAndPersonalProfileSetup: Test Cases/V2/Test Case/Pre-conditions/PRE_SkipCompanyAndPersonalProfileSetup

2020-09-24 00:11:16 - [TEST_STEP][PASSED] - waitForElementVisible(findTestObject("V2/Commons/FirstUpdateCompanyAndPersonalInfoModal/confirmCompanyInfoHeader_h1"), DefaultTimeout): Object 'Object Repository/V2/Commons/FirstUpdateCompanyAndPersonalInfoModal/confirmCompanyInfoHeader_h1' is visible

2020-09-24 00:11:16 - [MESSAGE][PASSED] - Object 'Object Repository/V2/Commons/FirstUpdateCompanyAndPersonalInfoModal/confirmCompanyInfoHeader_h1' is visible

2020-09-24 00:11:16 - [TEST_STEP][PASSED] - click(findTestObject("V2/Commons/FirstUpdateCompanyAndPersonalInfoModal/confirmInfoSkip_button")): Object: 'Object Repository/V2/Commons/FirstUpdateCompanyAndPersonalInfoModal/confirmInfoSkip_button' is clicked on

2020-09-24 00:11:17 - [MESSAGE][PASSED] - Object: 'Object Repository/V2/Commons/FirstUpdateCompanyAndPersonalInfoModal/confirmInfoSkip_button' is clicked on

2020-09-24 00:11:17 - [TEST_STEP][PASSED] - waitForElementVisible(findTestObject("V2/Commons/FirstUpdateCompanyAndPersonalInfoModal/confirmPersonalInfoHeader_h1"), DefaultTimeout): Object 'Object Repository/V2/Commons/FirstUpdateCompanyAndPersonalInfoModal/confirmPersonalInfoHeader_h1' is visible

2020-09-24 00:11:17 - [MESSAGE][PASSED] - Object 'Object Repository/V2/Commons/FirstUpdateCompanyAndPersonalInfoModal/confirmPersonalInfoHeader_h1' is visible

2020-09-24 00:11:17 - [TEST_STEP][PASSED] - click(findTestObject("V2/Commons/FirstUpdateCompanyAndPersonalInfoModal/confirmInfoSkip_button")): Object: 'Object Repository/V2/Commons/FirstUpdateCompanyAndPersonalInfoModal/confirmInfoSkip_button' is clicked on

2020-09-24 00:11:18 - [MESSAGE][PASSED] - Object: 'Object Repository/V2/Commons/FirstUpdateCompanyAndPersonalInfoModal/confirmInfoSkip_button' is clicked on

2020-09-24 00:11:18 - [TEST_STEP][PASSED] - waitForElementVisible(findTestObject("V2/Commons/FirstUpdateCompanyAndPersonalInfoModal/letsGetStarted_button"), DefaultTimeout): Object 'Object Repository/V2/Commons/FirstUpdateCompanyAndPersonalInfoModal/letsGetStarted_button' is visible

2020-09-24 00:11:18 - [MESSAGE][PASSED] - Object 'Object Repository/V2/Commons/FirstUpdateCompanyAndPersonalInfoModal/letsGetStarted_button' is visible

2020-09-24 00:11:18 - [TEST_STEP][PASSED] - click(findTestObject("V2/Commons/FirstUpdateCompanyAndPersonalInfoModal/letsGetStarted_button")): Object: 'Object Repository/V2/Commons/FirstUpdateCompanyAndPersonalInfoModal/letsGetStarted_button' is clicked on

2020-09-24 00:11:19 - [MESSAGE][PASSED] - Object: 'Object Repository/V2/Commons/FirstUpdateCompanyAndPersonalInfoModal/letsGetStarted_button' is clicked on

2020-09-24 00:11:19 - [MESSAGE][PASSED] - Call Test Case 'Test Cases/V2/Test Case/Pre-conditions/PRE_SkipCompanyAndPersonalProfileSetup' successfully

2020-09-24 00:11:19 - [TEST_STEP][PASSED] - supervisor_activationURL = tt_CustomKeywords.CustomKeywords.RegisterAndActivateSupervisorUserViaAPI(V2Url, orgID, supervisor_email, password, email, password, supervisor_fname, lastname): SUCCESFFULLY registered a new user via API. 
 Generated Activation Link: 
http://local.traction.tools:5000/activate?activationKey=9d391fd4-f032-4b24-813a-78bba555432f&userId=c2ba5ddd-e121-ddc1-0674-a9a74b783240&orgId=52ba5ddd-aeab-de5e-df3f-453a3fbd5370&email=tractiontools.user001+ts5y5vuu@gmail.com&isCreator=0

2020-09-24 00:11:20 - [MESSAGE][PASSED] - SUCCESFFULLY registered a new user via API. 
 Generated Activation Link: 
http://local.traction.tools:5000/activate?activationKey=9d391fd4-f032-4b24-813a-78bba555432f&userId=c2ba5ddd-e121-ddc1-0674-a9a74b783240&orgId=52ba5ddd-aeab-de5e-df3f-453a3fbd5370&email=tractiontools.user001+ts5y5vuu@gmail.com&isCreator=0

2020-09-24 00:11:20 - [TEST_STEP][PASSED] - callTestCase(findTestCase("V2/Test Case/Pre-conditions/PRE_ChangeUserPermissionViaManageUser"), ["showMenuItemsPath":"//div[@class='usercard__detail_container']/div[text()='%s']/ancestor::div[contains(@class,'usercard__content')]//button[@aria-label='Show Menu Items']", "user_email":supervisor_email, ... ], STOP_ON_FAILURE): Call Test Case 'Test Cases/V2/Test Case/Pre-conditions/PRE_ChangeUserPermissionViaManageUser' successfully

2020-09-24 00:11:20 - [TEST_CASE][PASSED] - Test Cases/V2/Test Case/Pre-conditions/PRE_ChangeUserPermissionViaManageUser: Test Cases/V2/Test Case/Pre-conditions/PRE_ChangeUserPermissionViaManageUser

2020-09-24 00:11:20 - [TEST_STEP][PASSED] - click(findTestObject("Object Repository/V2/Commons/ManageUsersPage/span_Company Settings")): Object: 'Object Repository/V2/Commons/ManageUsersPage/span_Company Settings' is clicked on

2020-09-24 00:11:20 - [MESSAGE][PASSED] - Object: 'Object Repository/V2/Commons/ManageUsersPage/span_Company Settings' is clicked on

2020-09-24 00:11:20 - [TEST_STEP][PASSED] - click(findTestObject("V2/Commons/DasboardPage_SidebarMenu/a_Manage Users")): Object: 'Object Repository/V2/Commons/DasboardPage_SidebarMenu/a_Manage Users' is clicked on

2020-09-24 00:11:21 - [MESSAGE][PASSED] - Object: 'Object Repository/V2/Commons/DasboardPage_SidebarMenu/a_Manage Users' is clicked on

2020-09-24 00:11:21 - [TEST_STEP][PASSED] - showMenuItemsObj = tt_CustomKeywords.CustomKeywords.CreateDynamicElement(showMenuItemsPath, user_email, "xpath"): Successfully created new dynamic object: //div[@class='usercard__detail_container']/div[text()='tractiontools.user001+ts5y5vuu@gmail.com']/ancestor::div[contains(@class,'usercard__content')]//button[@aria-label='Show Menu Items']

2020-09-24 00:11:21 - [MESSAGE][PASSED] - Successfully created new dynamic object: //div[@class='usercard__detail_container']/div[text()='tractiontools.user001+ts5y5vuu@gmail.com']/ancestor::div[contains(@class,'usercard__content')]//button[@aria-label='Show Menu Items']

2020-09-24 00:11:21 - [TEST_STEP][PASSED] - click(showMenuItemsObj): Object: '' is clicked on

2020-09-24 00:11:22 - [MESSAGE][PASSED] - Object: '' is clicked on

2020-09-24 00:11:22 - [TEST_STEP][PASSED] - click(findTestObject("Object Repository/V2/Commons/ManageUsersPage/div_Edit user")): Object: 'Object Repository/V2/Commons/ManageUsersPage/div_Edit user' is clicked on

2020-09-24 00:11:22 - [MESSAGE][PASSED] - Object: 'Object Repository/V2/Commons/ManageUsersPage/div_Edit user' is clicked on

2020-09-24 00:11:22 - [TEST_STEP][PASSED] - verifyElementPresent(findTestObject("V2/Commons/ManageUsersPage/div_PositionTitle"), DefaultTimeout): Object 'Object Repository/V2/Commons/ManageUsersPage/div_PositionTitle' is present

2020-09-24 00:11:23 - [MESSAGE][PASSED] - Object 'Object Repository/V2/Commons/ManageUsersPage/div_PositionTitle' is present

2020-09-24 00:11:23 - [TEST_STEP][PASSED] - setText(findTestObject("V2/Commons/ManageUsersPage/position_title_input"), position_title): Text 'QA Manager' is set on object 'Object Repository/V2/Commons/ManageUsersPage/position_title_input'

2020-09-24 00:11:23 - [MESSAGE][PASSED] - Text 'QA Manager' is set on object 'Object Repository/V2/Commons/ManageUsersPage/position_title_input'

2020-09-24 00:11:23 - [TEST_STEP][PASSED] - sendKeys(findTestObject("V2/Commons/ManageUsersPage/position_title_input"), Keys.chord(ENTER)): Keys 'ENTER + ' sent to object: 'Object Repository/V2/Commons/ManageUsersPage/position_title_input'

2020-09-24 00:11:24 - [MESSAGE][PASSED] - Keys 'ENTER + ' sent to object: 'Object Repository/V2/Commons/ManageUsersPage/position_title_input'

2020-09-24 00:11:24 - [TEST_STEP][PASSED] - if (permissionValue == "Employee"): null

2020-09-24 00:11:24 - [TEST_STEP][PASSED] - verifyElementPresent(findTestObject("Object Repository/V2/Commons/ManageUsersPage/div_User type"), DefaultTimeout): Object 'Object Repository/V2/Commons/ManageUsersPage/div_User type' is present

2020-09-24 00:11:24 - [MESSAGE][PASSED] - Object 'Object Repository/V2/Commons/ManageUsersPage/div_User type' is present

2020-09-24 00:11:24 - [TEST_STEP][PASSED] - click(findTestObject("Object Repository/V2/Commons/ManageUsersPage/input__orgRole")): Object: 'Object Repository/V2/Commons/ManageUsersPage/input__orgRole' is clicked on

2020-09-24 00:11:24 - [MESSAGE][PASSED] - Object: 'Object Repository/V2/Commons/ManageUsersPage/input__orgRole' is clicked on

2020-09-24 00:11:24 - [TEST_STEP][PASSED] - roleOptionObj = tt_CustomKeywords.CustomKeywords.CreateDynamicElement(roleOption, permissionValue, "xpath"): Successfully created new dynamic object: //span[text()='Supervisor']/parent::div[@role='option']

2020-09-24 00:11:24 - [MESSAGE][PASSED] - Successfully created new dynamic object: //span[text()='Supervisor']/parent::div[@role='option']

2020-09-24 00:11:24 - [TEST_STEP][PASSED] - click(roleOptionObj): Object: '' is clicked on

2020-09-24 00:11:25 - [MESSAGE][PASSED] - Object: '' is clicked on

2020-09-24 00:11:25 - [TEST_STEP][PASSED] - click(findTestObject("Object Repository/V2/Commons/ManageUsersPage/div_Save")): Object: 'Object Repository/V2/Commons/ManageUsersPage/div_Save' is clicked on

2020-09-24 00:11:25 - [MESSAGE][PASSED] - Object: 'Object Repository/V2/Commons/ManageUsersPage/div_Save' is clicked on

2020-09-24 00:11:25 - [TEST_STEP][PASSED] - waitForElementVisible(findTestObject("V2/Commons/ManageUsersPage/h3_User Saved"), DefaultTimeout): Object 'Object Repository/V2/Commons/ManageUsersPage/h3_User Saved' is visible

2020-09-24 00:11:28 - [MESSAGE][PASSED] - Object 'Object Repository/V2/Commons/ManageUsersPage/h3_User Saved' is visible

2020-09-24 00:11:28 - [TEST_STEP][PASSED] - verifyElementVisible(findTestObject("Object Repository/V2/Commons/ManageUsersPage/h3_User Saved")): Object 'Object Repository/V2/Commons/ManageUsersPage/h3_User Saved' is visible

2020-09-24 00:11:29 - [MESSAGE][PASSED] - Object 'Object Repository/V2/Commons/ManageUsersPage/h3_User Saved' is visible

2020-09-24 00:11:29 - [MESSAGE][PASSED] - Call Test Case 'Test Cases/V2/Test Case/Pre-conditions/PRE_ChangeUserPermissionViaManageUser' successfully

2020-09-24 00:11:29 - [TEST_STEP][PASSED] - employee_activationURL = tt_CustomKeywords.CustomKeywords.RegisterAndActivateSupervisorUserViaAPI(V2Url, orgID, employee_email, password, email, password, employee_fname, lastname): SUCCESFFULLY registered a new user via API. 
 Generated Activation Link: 
http://local.traction.tools:5000/activate?activationKey=ae26bb8f-9b91-475c-88fe-7c5787dd837e&userId=8cba5ddd-f4b0-ebff-8358-3c9c2369bf22&orgId=52ba5ddd-aeab-de5e-df3f-453a3fbd5370&email=tractiontools.user001+te5ev1vl@gmail.com&isCreator=0

2020-09-24 00:11:30 - [MESSAGE][PASSED] - SUCCESFFULLY registered a new user via API. 
 Generated Activation Link: 
http://local.traction.tools:5000/activate?activationKey=ae26bb8f-9b91-475c-88fe-7c5787dd837e&userId=8cba5ddd-f4b0-ebff-8358-3c9c2369bf22&orgId=52ba5ddd-aeab-de5e-df3f-453a3fbd5370&email=tractiontools.user001+te5ev1vl@gmail.com&isCreator=0

2020-09-24 00:11:30 - [TEST_STEP][PASSED] - callTestCase(findTestCase("V2/Test Case/Pre-conditions/PRE_ChangeUserPermissionViaManageUser"), ["showMenuItemsPath":"//div[@class='usercard__detail_container']/div[text()='%s']/ancestor::div[contains(@class,'usercard__content')]//button[@aria-label='Show Menu Items']", "user_email":employee_email, ... ], STOP_ON_FAILURE): Call Test Case 'Test Cases/V2/Test Case/Pre-conditions/PRE_ChangeUserPermissionViaManageUser' successfully

2020-09-24 00:11:30 - [TEST_CASE][PASSED] - Test Cases/V2/Test Case/Pre-conditions/PRE_ChangeUserPermissionViaManageUser: Test Cases/V2/Test Case/Pre-conditions/PRE_ChangeUserPermissionViaManageUser

2020-09-24 00:11:30 - [TEST_STEP][PASSED] - click(findTestObject("Object Repository/V2/Commons/ManageUsersPage/span_Company Settings")): Object: 'Object Repository/V2/Commons/ManageUsersPage/span_Company Settings' is clicked on

2020-09-24 00:11:30 - [MESSAGE][PASSED] - Object: 'Object Repository/V2/Commons/ManageUsersPage/span_Company Settings' is clicked on

2020-09-24 00:11:30 - [TEST_STEP][PASSED] - click(findTestObject("V2/Commons/DasboardPage_SidebarMenu/a_Manage Users")): Object: 'Object Repository/V2/Commons/DasboardPage_SidebarMenu/a_Manage Users' is clicked on

2020-09-24 00:11:31 - [MESSAGE][PASSED] - Object: 'Object Repository/V2/Commons/DasboardPage_SidebarMenu/a_Manage Users' is clicked on

2020-09-24 00:11:31 - [TEST_STEP][PASSED] - showMenuItemsObj = tt_CustomKeywords.CustomKeywords.CreateDynamicElement(showMenuItemsPath, user_email, "xpath"): Successfully created new dynamic object: //div[@class='usercard__detail_container']/div[text()='tractiontools.user001+te5ev1vl@gmail.com']/ancestor::div[contains(@class,'usercard__content')]//button[@aria-label='Show Menu Items']

2020-09-24 00:11:31 - [MESSAGE][PASSED] - Successfully created new dynamic object: //div[@class='usercard__detail_container']/div[text()='tractiontools.user001+te5ev1vl@gmail.com']/ancestor::div[contains(@class,'usercard__content')]//button[@aria-label='Show Menu Items']

2020-09-24 00:11:31 - [TEST_STEP][PASSED] - click(showMenuItemsObj): Object: '' is clicked on

2020-09-24 00:11:31 - [MESSAGE][PASSED] - Object: '' is clicked on

2020-09-24 00:11:31 - [TEST_STEP][PASSED] - click(findTestObject("Object Repository/V2/Commons/ManageUsersPage/div_Edit user")): Object: 'Object Repository/V2/Commons/ManageUsersPage/div_Edit user' is clicked on

2020-09-24 00:11:32 - [MESSAGE][PASSED] - Object: 'Object Repository/V2/Commons/ManageUsersPage/div_Edit user' is clicked on

2020-09-24 00:11:32 - [TEST_STEP][PASSED] - verifyElementPresent(findTestObject("V2/Commons/ManageUsersPage/div_PositionTitle"), DefaultTimeout): Object 'Object Repository/V2/Commons/ManageUsersPage/div_PositionTitle' is present

2020-09-24 00:11:32 - [MESSAGE][PASSED] - Object 'Object Repository/V2/Commons/ManageUsersPage/div_PositionTitle' is present

2020-09-24 00:11:32 - [TEST_STEP][PASSED] - setText(findTestObject("V2/Commons/ManageUsersPage/position_title_input"), position_title): Text 'Quality Assurance' is set on object 'Object Repository/V2/Commons/ManageUsersPage/position_title_input'

2020-09-24 00:11:33 - [MESSAGE][PASSED] - Text 'Quality Assurance' is set on object 'Object Repository/V2/Commons/ManageUsersPage/position_title_input'

2020-09-24 00:11:33 - [TEST_STEP][PASSED] - sendKeys(findTestObject("V2/Commons/ManageUsersPage/position_title_input"), Keys.chord(ENTER)): Keys 'ENTER + ' sent to object: 'Object Repository/V2/Commons/ManageUsersPage/position_title_input'

2020-09-24 00:11:33 - [MESSAGE][PASSED] - Keys 'ENTER + ' sent to object: 'Object Repository/V2/Commons/ManageUsersPage/position_title_input'

2020-09-24 00:11:33 - [TEST_STEP][PASSED] - if (permissionValue == "Employee"): Keys 'ENTER + ' sent to object: 'Object Repository/V2/Commons/ManageUsersPage/supervisor_input'

2020-09-24 00:11:33 - [TEST_STEP][PASSED] - verifyElementPresent(findTestObject("V2/Commons/ManageUsersPage/supervisor_input"), DefaultTimeout): Object 'Object Repository/V2/Commons/ManageUsersPage/supervisor_input' is present

2020-09-24 00:11:34 - [MESSAGE][PASSED] - Object 'Object Repository/V2/Commons/ManageUsersPage/supervisor_input' is present

2020-09-24 00:11:34 - [TEST_STEP][PASSED] - setText(findTestObject("V2/Commons/ManageUsersPage/supervisor_input"), user_supervisorName): Text 'Supervisor User' is set on object 'Object Repository/V2/Commons/ManageUsersPage/supervisor_input'

2020-09-24 00:11:34 - [MESSAGE][PASSED] - Text 'Supervisor User' is set on object 'Object Repository/V2/Commons/ManageUsersPage/supervisor_input'

2020-09-24 00:11:34 - [TEST_STEP][PASSED] - sendKeys(findTestObject("V2/Commons/ManageUsersPage/supervisor_input"), Keys.chord(ENTER)): Keys 'ENTER + ' sent to object: 'Object Repository/V2/Commons/ManageUsersPage/supervisor_input'

2020-09-24 00:11:35 - [MESSAGE][PASSED] - Keys 'ENTER + ' sent to object: 'Object Repository/V2/Commons/ManageUsersPage/supervisor_input'

2020-09-24 00:11:35 - [TEST_STEP][PASSED] - verifyElementPresent(findTestObject("Object Repository/V2/Commons/ManageUsersPage/div_User type"), DefaultTimeout): Object 'Object Repository/V2/Commons/ManageUsersPage/div_User type' is present

2020-09-24 00:11:35 - [MESSAGE][PASSED] - Object 'Object Repository/V2/Commons/ManageUsersPage/div_User type' is present

2020-09-24 00:11:35 - [TEST_STEP][PASSED] - click(findTestObject("Object Repository/V2/Commons/ManageUsersPage/input__orgRole")): Object: 'Object Repository/V2/Commons/ManageUsersPage/input__orgRole' is clicked on

2020-09-24 00:11:36 - [MESSAGE][PASSED] - Object: 'Object Repository/V2/Commons/ManageUsersPage/input__orgRole' is clicked on

2020-09-24 00:11:36 - [TEST_STEP][PASSED] - roleOptionObj = tt_CustomKeywords.CustomKeywords.CreateDynamicElement(roleOption, permissionValue, "xpath"): Successfully created new dynamic object: //span[text()='Employee']/parent::div[@role='option']

2020-09-24 00:11:36 - [MESSAGE][PASSED] - Successfully created new dynamic object: //span[text()='Employee']/parent::div[@role='option']

2020-09-24 00:11:36 - [TEST_STEP][PASSED] - click(roleOptionObj): Object: '' is clicked on

2020-09-24 00:11:36 - [MESSAGE][PASSED] - Object: '' is clicked on

2020-09-24 00:11:36 - [TEST_STEP][PASSED] - click(findTestObject("Object Repository/V2/Commons/ManageUsersPage/div_Save")): Object: 'Object Repository/V2/Commons/ManageUsersPage/div_Save' is clicked on

2020-09-24 00:11:36 - [MESSAGE][PASSED] - Object: 'Object Repository/V2/Commons/ManageUsersPage/div_Save' is clicked on

2020-09-24 00:11:36 - [TEST_STEP][PASSED] - waitForElementVisible(findTestObject("V2/Commons/ManageUsersPage/h3_User Saved"), DefaultTimeout): Object 'Object Repository/V2/Commons/ManageUsersPage/h3_User Saved' is visible

2020-09-24 00:11:40 - [MESSAGE][PASSED] - Object 'Object Repository/V2/Commons/ManageUsersPage/h3_User Saved' is visible

2020-09-24 00:11:40 - [TEST_STEP][PASSED] - verifyElementVisible(findTestObject("Object Repository/V2/Commons/ManageUsersPage/h3_User Saved")): Object 'Object Repository/V2/Commons/ManageUsersPage/h3_User Saved' is visible

2020-09-24 00:11:40 - [MESSAGE][PASSED] - Object 'Object Repository/V2/Commons/ManageUsersPage/h3_User Saved' is visible

2020-09-24 00:11:40 - [MESSAGE][PASSED] - Call Test Case 'Test Cases/V2/Test Case/Pre-conditions/PRE_ChangeUserPermissionViaManageUser' successfully

2020-09-24 00:11:40 - [TEST_STEP][PASSED] - callTestCase(findTestCase("V2/Test Case/Pre-conditions/PRE_ActivateNewUser"), ["activationURL":supervisor_activationURL, "email":supervisor_email, "password":password], STOP_ON_FAILURE): Call Test Case 'Test Cases/V2/Test Case/Pre-conditions/PRE_ActivateNewUser' successfully

2020-09-24 00:11:40 - [TEST_CASE][PASSED] - Test Cases/V2/Test Case/Pre-conditions/PRE_ActivateNewUser: Test Cases/V2/Test Case/Pre-conditions/PRE_ActivateNewUser

2020-09-24 00:11:40 - [TEST_STEP][PASSED] - navigateToUrl(activationURL): Navigate to 'http://local.traction.tools:5000/activate?activationKey=9d391fd4-f032-4b24-813a-78bba555432f&userId=c2ba5ddd-e121-ddc1-0674-a9a74b783240&orgId=52ba5ddd-aeab-de5e-df3f-453a3fbd5370&email=tractiontools.user001+ts5y5vuu@gmail.com&isCreator=0' successfully

2020-09-24 00:11:41 - [MESSAGE][PASSED] - Navigate to 'http://local.traction.tools:5000/activate?activationKey=9d391fd4-f032-4b24-813a-78bba555432f&userId=c2ba5ddd-e121-ddc1-0674-a9a74b783240&orgId=52ba5ddd-aeab-de5e-df3f-453a3fbd5370&email=tractiontools.user001+ts5y5vuu@gmail.com&isCreator=0' successfully

2020-09-24 00:11:41 - [TEST_STEP][PASSED] - waitForElementVisible(findTestObject("V2/Commons/ActivationPage/input_Email_email"), DefaultTimeout): Object 'Object Repository/V2/Commons/ActivationPage/input_Email_email' is visible

2020-09-24 00:11:42 - [MESSAGE][PASSED] - Object 'Object Repository/V2/Commons/ActivationPage/input_Email_email' is visible

2020-09-24 00:11:42 - [TEST_STEP][PASSED] - actual_email = getAttribute(findTestObject("Object Repository/V2/Commons/ActivationPage/input_Email_email"), "value"): Attribute 'value' of object 'Object Repository/V2/Commons/ActivationPage/input_Email_email' is: 'tractiontools.user001+ts5y5vuu@gmail.com'

2020-09-24 00:11:43 - [MESSAGE][PASSED] - Attribute 'value' of object 'Object Repository/V2/Commons/ActivationPage/input_Email_email' is: 'tractiontools.user001+ts5y5vuu@gmail.com'

2020-09-24 00:11:43 - [TEST_STEP][PASSED] - verifyMatch(actual_email, email, false): Actual text 'tractiontools.user001+ts5y5vuu@gmail.com' and expected text 'tractiontools.user001+ts5y5vuu@gmail.com' are matched 

2020-09-24 00:11:43 - [MESSAGE][PASSED] - Actual text 'tractiontools.user001+ts5y5vuu@gmail.com' and expected text 'tractiontools.user001+ts5y5vuu@gmail.com' are matched 

2020-09-24 00:11:43 - [TEST_STEP][PASSED] - setText(findTestObject("V2/Commons/ActivationPage/input_password"), password): Text 'Qwer123!' is set on object 'Object Repository/V2/Commons/ActivationPage/input_password'

2020-09-24 00:11:43 - [MESSAGE][PASSED] - Text 'Qwer123!' is set on object 'Object Repository/V2/Commons/ActivationPage/input_password'

2020-09-24 00:11:43 - [TEST_STEP][PASSED] - setText(findTestObject("Object Repository/V2/Commons/ActivationPage/input__passwordRepeat"), password): Text 'Qwer123!' is set on object 'Object Repository/V2/Commons/ActivationPage/input__passwordRepeat'

2020-09-24 00:11:44 - [MESSAGE][PASSED] - Text 'Qwer123!' is set on object 'Object Repository/V2/Commons/ActivationPage/input__passwordRepeat'

2020-09-24 00:11:44 - [TEST_STEP][PASSED] - click(findTestObject("V2/Commons/ActivationPage/input_termsandconditions")): Object: 'Object Repository/V2/Commons/ActivationPage/input_termsandconditions' is clicked on

2020-09-24 00:11:45 - [MESSAGE][PASSED] - Object: 'Object Repository/V2/Commons/ActivationPage/input_termsandconditions' is clicked on

2020-09-24 00:11:45 - [TEST_STEP][PASSED] - click(findTestObject("Object Repository/V2/Commons/ActivationPage/div_Create account")): Object: 'Object Repository/V2/Commons/ActivationPage/div_Create account' is clicked on

2020-09-24 00:11:45 - [MESSAGE][PASSED] - Object: 'Object Repository/V2/Commons/ActivationPage/div_Create account' is clicked on

2020-09-24 00:11:45 - [TEST_STEP][PASSED] - waitForElementPresent(findTestObject("V2/Commons/DasboardPage_SidebarMenu/img_Home_logo-big"), DefaultTimeout): Object 'Object Repository/V2/Commons/DasboardPage_SidebarMenu/img_Home_logo-big' is present

2020-09-24 00:11:52 - [MESSAGE][PASSED] - Object 'Object Repository/V2/Commons/DasboardPage_SidebarMenu/img_Home_logo-big' is present

2020-09-24 00:11:52 - [TEST_STEP][PASSED] - verifyElementPresent(findTestObject("V2/Commons/DasboardPage_SidebarMenu/img_Home_logo-big"), 0): Object 'Object Repository/V2/Commons/DasboardPage_SidebarMenu/img_Home_logo-big' is present

2020-09-24 00:11:52 - [MESSAGE][WARNING] - Timeout '0' is invalid. Using default page load timeout: '30'

2020-09-24 00:11:52 - [MESSAGE][PASSED] - Object 'Object Repository/V2/Commons/DasboardPage_SidebarMenu/img_Home_logo-big' is present

2020-09-24 00:11:52 - [MESSAGE][PASSED] - Call Test Case 'Test Cases/V2/Test Case/Pre-conditions/PRE_ActivateNewUser' successfully

2020-09-24 00:11:52 - [TEST_STEP][PASSED] - callTestCase(findTestCase("V2/Test Case/Pre-conditions/PRE_SkipPersonalProfileSetup"), [:], STOP_ON_FAILURE): Call Test Case 'Test Cases/V2/Test Case/Pre-conditions/PRE_SkipPersonalProfileSetup' successfully

2020-09-24 00:11:52 - [TEST_CASE][PASSED] - Test Cases/V2/Test Case/Pre-conditions/PRE_SkipPersonalProfileSetup: Test Cases/V2/Test Case/Pre-conditions/PRE_SkipPersonalProfileSetup

2020-09-24 00:11:52 - [TEST_STEP][PASSED] - waitForElementVisible(findTestObject("V2/Commons/FirstUpdateCompanyAndPersonalInfoModal/confirmPersonalInfoHeader_h1"), DefaultTimeout): Object 'Object Repository/V2/Commons/FirstUpdateCompanyAndPersonalInfoModal/confirmPersonalInfoHeader_h1' is visible

2020-09-24 00:11:52 - [MESSAGE][PASSED] - Object 'Object Repository/V2/Commons/FirstUpdateCompanyAndPersonalInfoModal/confirmPersonalInfoHeader_h1' is visible

2020-09-24 00:11:52 - [TEST_STEP][PASSED] - click(findTestObject("V2/Commons/FirstUpdateCompanyAndPersonalInfoModal/confirmInfoSkip_button")): Object: 'Object Repository/V2/Commons/FirstUpdateCompanyAndPersonalInfoModal/confirmInfoSkip_button' is clicked on

2020-09-24 00:11:53 - [MESSAGE][PASSED] - Object: 'Object Repository/V2/Commons/FirstUpdateCompanyAndPersonalInfoModal/confirmInfoSkip_button' is clicked on

2020-09-24 00:11:53 - [TEST_STEP][PASSED] - waitForElementVisible(findTestObject("V2/Commons/FirstUpdateCompanyAndPersonalInfoModal/letsGetStarted_button"), DefaultTimeout): Object 'Object Repository/V2/Commons/FirstUpdateCompanyAndPersonalInfoModal/letsGetStarted_button' is visible

2020-09-24 00:11:53 - [MESSAGE][PASSED] - Object 'Object Repository/V2/Commons/FirstUpdateCompanyAndPersonalInfoModal/letsGetStarted_button' is visible

2020-09-24 00:11:53 - [TEST_STEP][PASSED] - click(findTestObject("V2/Commons/FirstUpdateCompanyAndPersonalInfoModal/letsGetStarted_button")): Object: 'Object Repository/V2/Commons/FirstUpdateCompanyAndPersonalInfoModal/letsGetStarted_button' is clicked on

2020-09-24 00:11:54 - [MESSAGE][PASSED] - Object: 'Object Repository/V2/Commons/FirstUpdateCompanyAndPersonalInfoModal/letsGetStarted_button' is clicked on

2020-09-24 00:11:54 - [MESSAGE][PASSED] - Call Test Case 'Test Cases/V2/Test Case/Pre-conditions/PRE_SkipPersonalProfileSetup' successfully

2020-09-24 00:11:54 - [TEST_STEP][PASSED] - callTestCase(findTestCase("V2/Test Case/Pre-conditions/PRE_ActivateNewUser"), ["activationURL":employee_activationURL, "email":employee_email, "password":password], STOP_ON_FAILURE): Call Test Case 'Test Cases/V2/Test Case/Pre-conditions/PRE_ActivateNewUser' successfully

2020-09-24 00:11:54 - [TEST_CASE][PASSED] - Test Cases/V2/Test Case/Pre-conditions/PRE_ActivateNewUser: Test Cases/V2/Test Case/Pre-conditions/PRE_ActivateNewUser

2020-09-24 00:11:54 - [TEST_STEP][PASSED] - navigateToUrl(activationURL): Navigate to 'http://local.traction.tools:5000/activate?activationKey=ae26bb8f-9b91-475c-88fe-7c5787dd837e&userId=8cba5ddd-f4b0-ebff-8358-3c9c2369bf22&orgId=52ba5ddd-aeab-de5e-df3f-453a3fbd5370&email=tractiontools.user001+te5ev1vl@gmail.com&isCreator=0' successfully

2020-09-24 00:11:55 - [MESSAGE][PASSED] - Navigate to 'http://local.traction.tools:5000/activate?activationKey=ae26bb8f-9b91-475c-88fe-7c5787dd837e&userId=8cba5ddd-f4b0-ebff-8358-3c9c2369bf22&orgId=52ba5ddd-aeab-de5e-df3f-453a3fbd5370&email=tractiontools.user001+te5ev1vl@gmail.com&isCreator=0' successfully

2020-09-24 00:11:55 - [TEST_STEP][PASSED] - waitForElementVisible(findTestObject("V2/Commons/ActivationPage/input_Email_email"), DefaultTimeout): Object 'Object Repository/V2/Commons/ActivationPage/input_Email_email' is visible

2020-09-24 00:11:57 - [MESSAGE][PASSED] - Object 'Object Repository/V2/Commons/ActivationPage/input_Email_email' is visible

2020-09-24 00:11:57 - [TEST_STEP][PASSED] - actual_email = getAttribute(findTestObject("Object Repository/V2/Commons/ActivationPage/input_Email_email"), "value"): Attribute 'value' of object 'Object Repository/V2/Commons/ActivationPage/input_Email_email' is: 'tractiontools.user001+te5ev1vl@gmail.com'

2020-09-24 00:11:57 - [MESSAGE][PASSED] - Attribute 'value' of object 'Object Repository/V2/Commons/ActivationPage/input_Email_email' is: 'tractiontools.user001+te5ev1vl@gmail.com'

2020-09-24 00:11:57 - [TEST_STEP][PASSED] - verifyMatch(actual_email, email, false): Actual text 'tractiontools.user001+te5ev1vl@gmail.com' and expected text 'tractiontools.user001+te5ev1vl@gmail.com' are matched 

2020-09-24 00:11:57 - [MESSAGE][PASSED] - Actual text 'tractiontools.user001+te5ev1vl@gmail.com' and expected text 'tractiontools.user001+te5ev1vl@gmail.com' are matched 

2020-09-24 00:11:57 - [TEST_STEP][PASSED] - setText(findTestObject("V2/Commons/ActivationPage/input_password"), password): Text 'Qwer123!' is set on object 'Object Repository/V2/Commons/ActivationPage/input_password'

2020-09-24 00:11:58 - [MESSAGE][PASSED] - Text 'Qwer123!' is set on object 'Object Repository/V2/Commons/ActivationPage/input_password'

2020-09-24 00:11:58 - [TEST_STEP][PASSED] - setText(findTestObject("Object Repository/V2/Commons/ActivationPage/input__passwordRepeat"), password): Text 'Qwer123!' is set on object 'Object Repository/V2/Commons/ActivationPage/input__passwordRepeat'

2020-09-24 00:11:58 - [MESSAGE][PASSED] - Text 'Qwer123!' is set on object 'Object Repository/V2/Commons/ActivationPage/input__passwordRepeat'

2020-09-24 00:11:58 - [TEST_STEP][PASSED] - click(findTestObject("V2/Commons/ActivationPage/input_termsandconditions")): Object: 'Object Repository/V2/Commons/ActivationPage/input_termsandconditions' is clicked on

2020-09-24 00:11:59 - [MESSAGE][PASSED] - Object: 'Object Repository/V2/Commons/ActivationPage/input_termsandconditions' is clicked on

2020-09-24 00:11:59 - [TEST_STEP][PASSED] - click(findTestObject("Object Repository/V2/Commons/ActivationPage/div_Create account")): Object: 'Object Repository/V2/Commons/ActivationPage/div_Create account' is clicked on

2020-09-24 00:11:59 - [MESSAGE][PASSED] - Object: 'Object Repository/V2/Commons/ActivationPage/div_Create account' is clicked on

2020-09-24 00:11:59 - [TEST_STEP][PASSED] - waitForElementPresent(findTestObject("V2/Commons/DasboardPage_SidebarMenu/img_Home_logo-big"), DefaultTimeout): Object 'Object Repository/V2/Commons/DasboardPage_SidebarMenu/img_Home_logo-big' is present

2020-09-24 00:12:05 - [MESSAGE][PASSED] - Object 'Object Repository/V2/Commons/DasboardPage_SidebarMenu/img_Home_logo-big' is present

2020-09-24 00:12:05 - [TEST_STEP][PASSED] - verifyElementPresent(findTestObject("V2/Commons/DasboardPage_SidebarMenu/img_Home_logo-big"), 0): Object 'Object Repository/V2/Commons/DasboardPage_SidebarMenu/img_Home_logo-big' is present

2020-09-24 00:12:05 - [MESSAGE][WARNING] - Timeout '0' is invalid. Using default page load timeout: '30'

2020-09-24 00:12:05 - [MESSAGE][PASSED] - Object 'Object Repository/V2/Commons/DasboardPage_SidebarMenu/img_Home_logo-big' is present

2020-09-24 00:12:05 - [MESSAGE][PASSED] - Call Test Case 'Test Cases/V2/Test Case/Pre-conditions/PRE_ActivateNewUser' successfully

2020-09-24 00:12:05 - [TEST_STEP][PASSED] - callTestCase(findTestCase("V2/Test Case/Pre-conditions/PRE_SkipPersonalProfileSetup"), [:], STOP_ON_FAILURE): Call Test Case 'Test Cases/V2/Test Case/Pre-conditions/PRE_SkipPersonalProfileSetup' successfully

2020-09-24 00:12:05 - [TEST_CASE][PASSED] - Test Cases/V2/Test Case/Pre-conditions/PRE_SkipPersonalProfileSetup: Test Cases/V2/Test Case/Pre-conditions/PRE_SkipPersonalProfileSetup

2020-09-24 00:12:05 - [TEST_STEP][PASSED] - waitForElementVisible(findTestObject("V2/Commons/FirstUpdateCompanyAndPersonalInfoModal/confirmPersonalInfoHeader_h1"), DefaultTimeout): Object 'Object Repository/V2/Commons/FirstUpdateCompanyAndPersonalInfoModal/confirmPersonalInfoHeader_h1' is visible

2020-09-24 00:12:06 - [MESSAGE][PASSED] - Object 'Object Repository/V2/Commons/FirstUpdateCompanyAndPersonalInfoModal/confirmPersonalInfoHeader_h1' is visible

2020-09-24 00:12:06 - [TEST_STEP][PASSED] - click(findTestObject("V2/Commons/FirstUpdateCompanyAndPersonalInfoModal/confirmInfoSkip_button")): Object: 'Object Repository/V2/Commons/FirstUpdateCompanyAndPersonalInfoModal/confirmInfoSkip_button' is clicked on

2020-09-24 00:12:06 - [MESSAGE][PASSED] - Object: 'Object Repository/V2/Commons/FirstUpdateCompanyAndPersonalInfoModal/confirmInfoSkip_button' is clicked on

2020-09-24 00:12:06 - [TEST_STEP][PASSED] - waitForElementVisible(findTestObject("V2/Commons/FirstUpdateCompanyAndPersonalInfoModal/letsGetStarted_button"), DefaultTimeout): Object 'Object Repository/V2/Commons/FirstUpdateCompanyAndPersonalInfoModal/letsGetStarted_button' is visible

2020-09-24 00:12:07 - [MESSAGE][PASSED] - Object 'Object Repository/V2/Commons/FirstUpdateCompanyAndPersonalInfoModal/letsGetStarted_button' is visible

2020-09-24 00:12:07 - [TEST_STEP][PASSED] - click(findTestObject("V2/Commons/FirstUpdateCompanyAndPersonalInfoModal/letsGetStarted_button")): Object: 'Object Repository/V2/Commons/FirstUpdateCompanyAndPersonalInfoModal/letsGetStarted_button' is clicked on

2020-09-24 00:12:07 - [MESSAGE][PASSED] - Object: 'Object Repository/V2/Commons/FirstUpdateCompanyAndPersonalInfoModal/letsGetStarted_button' is clicked on

2020-09-24 00:12:07 - [MESSAGE][PASSED] - Call Test Case 'Test Cases/V2/Test Case/Pre-conditions/PRE_SkipPersonalProfileSetup' successfully

2020-09-24 00:12:07 - [MESSAGE][PASSED] - Call Test Case 'Test Cases/V2/Test Case/Pre-conditions/PRE_RegisterAndActivateTTUsers' successfully

2020-09-24 00:12:07 - [TEST_STEP][PASSED] - closeBrowser(): Browser is closed

2020-09-24 00:12:08 - [MESSAGE][PASSED] - Browser is closed

2020-09-24 00:12:08 - [TEST_STEP][PASSED] - path = System.getProperty("user.dir"): null

2020-09-24 00:12:08 - [TEST_STEP][PASSED] - System.setProperty("webdriver.chrome.driver", getChromeDriverPath()): null

2020-09-24 00:12:08 - [TEST_STEP][PASSED] - driver1 = new org.openqa.selenium.chrome.ChromeDriver(): null

2020-09-24 00:12:11 - [TEST_STEP][PASSED] - changeWebDriver(driver1): null

2020-09-24 00:12:11 - [TEST_STEP][PASSED] - maximizeWindow(): Current window maximized

2020-09-24 00:12:13 - [MESSAGE][PASSED] - Current window maximized

2020-09-24 00:12:13 - [TEST_STEP][PASSED] - navigateToUrl(V2Url): Navigate to 'http://local.traction.tools:5000' successfully

2020-09-24 00:12:14 - [MESSAGE][PASSED] - Navigate to 'http://local.traction.tools:5000' successfully

2020-09-24 00:12:14 - [TEST_STEP][PASSED] - callTestCase(findTestCase("V2/Test Case/Pre-conditions/PRE_LoginToTractionToolsApplication"), ["username":email, "password":password], STOP_ON_FAILURE): Call Test Case 'Test Cases/V2/Test Case/Pre-conditions/PRE_LoginToTractionToolsApplication' successfully

2020-09-24 00:12:14 - [TEST_CASE][PASSED] - Test Cases/V2/Test Case/Pre-conditions/PRE_LoginToTractionToolsApplication: Test Cases/V2/Test Case/Pre-conditions/PRE_LoginToTractionToolsApplication

2020-09-24 00:12:14 - [TEST_STEP][PASSED] - waitForElementVisible(findTestObject("V2/Commons/LoginPage/input__username"), DefaultTimeout): Object 'Object Repository/V2/Commons/LoginPage/input__username' is visible

2020-09-24 00:12:16 - [MESSAGE][PASSED] - Object 'Object Repository/V2/Commons/LoginPage/input__username' is visible

2020-09-24 00:12:16 - [TEST_STEP][PASSED] - waitForElementVisible(findTestObject("V2/Commons/LoginPage/input__password"), DefaultTimeout): Object 'Object Repository/V2/Commons/LoginPage/input__password' is visible

2020-09-24 00:12:16 - [MESSAGE][PASSED] - Object 'Object Repository/V2/Commons/LoginPage/input__password' is visible

2020-09-24 00:12:16 - [TEST_STEP][PASSED] - setText(findTestObject("V2/Commons/LoginPage/input__username"), username): Text 'tractiontools.user001+ta5nxeu8@gmail.com' is set on object 'Object Repository/V2/Commons/LoginPage/input__username'

2020-09-24 00:12:16 - [MESSAGE][PASSED] - Text 'tractiontools.user001+ta5nxeu8@gmail.com' is set on object 'Object Repository/V2/Commons/LoginPage/input__username'

2020-09-24 00:12:16 - [TEST_STEP][PASSED] - setText(findTestObject("V2/Commons/LoginPage/input__password"), password): Text 'Qwer123!' is set on object 'Object Repository/V2/Commons/LoginPage/input__password'

2020-09-24 00:12:16 - [MESSAGE][PASSED] - Text 'Qwer123!' is set on object 'Object Repository/V2/Commons/LoginPage/input__password'

2020-09-24 00:12:16 - [TEST_STEP][PASSED] - click(findTestObject("V2/Commons/LoginPage/div_Login")): Object: 'Object Repository/V2/Commons/LoginPage/div_Login' is clicked on

2020-09-24 00:12:16 - [MESSAGE][PASSED] - Object: 'Object Repository/V2/Commons/LoginPage/div_Login' is clicked on

2020-09-24 00:12:16 - [TEST_STEP][PASSED] - waitForElementVisible(findTestObject("V2/Commons/DasboardPage_SidebarMenu/img_Home_logo-big"), DefaultTimeout): Object 'Object Repository/V2/Commons/DasboardPage_SidebarMenu/img_Home_logo-big' is visible

2020-09-24 00:12:19 - [MESSAGE][PASSED] - Object 'Object Repository/V2/Commons/DasboardPage_SidebarMenu/img_Home_logo-big' is visible

2020-09-24 00:12:19 - [TEST_STEP][PASSED] - verifyElementVisible(findTestObject("V2/Commons/DasboardPage_SidebarMenu/img_Home_logo-big"), STOP_ON_FAILURE): Object 'Object Repository/V2/Commons/DasboardPage_SidebarMenu/img_Home_logo-big' is visible

2020-09-24 00:12:19 - [MESSAGE][PASSED] - Object 'Object Repository/V2/Commons/DasboardPage_SidebarMenu/img_Home_logo-big' is visible

2020-09-24 00:12:19 - [MESSAGE][PASSED] - Call Test Case 'Test Cases/V2/Test Case/Pre-conditions/PRE_LoginToTractionToolsApplication' successfully

2020-09-24 00:12:19 - [TEST_STEP][PASSED] - driver2 = new org.openqa.selenium.chrome.ChromeDriver(): null

2020-09-24 00:12:22 - [TEST_STEP][PASSED] - changeWebDriver(driver2): null

2020-09-24 00:12:22 - [TEST_STEP][PASSED] - maximizeWindow(): Current window maximized

2020-09-24 00:12:24 - [MESSAGE][PASSED] - Current window maximized

2020-09-24 00:12:24 - [TEST_STEP][PASSED] - navigateToUrl(V2Url): Navigate to 'http://local.traction.tools:5000' successfully

2020-09-24 00:12:25 - [MESSAGE][PASSED] - Navigate to 'http://local.traction.tools:5000' successfully

2020-09-24 00:12:25 - [TEST_STEP][PASSED] - callTestCase(findTestCase("V2/Test Case/Pre-conditions/PRE_LoginToTractionToolsApplication"), ["username":supervisor_email, "password":password], STOP_ON_FAILURE): Call Test Case 'Test Cases/V2/Test Case/Pre-conditions/PRE_LoginToTractionToolsApplication' successfully

2020-09-24 00:12:26 - [TEST_CASE][PASSED] - Test Cases/V2/Test Case/Pre-conditions/PRE_LoginToTractionToolsApplication: Test Cases/V2/Test Case/Pre-conditions/PRE_LoginToTractionToolsApplication

2020-09-24 00:12:26 - [TEST_STEP][PASSED] - waitForElementVisible(findTestObject("V2/Commons/LoginPage/input__username"), DefaultTimeout): Object 'Object Repository/V2/Commons/LoginPage/input__username' is visible

2020-09-24 00:12:27 - [MESSAGE][PASSED] - Object 'Object Repository/V2/Commons/LoginPage/input__username' is visible

2020-09-24 00:12:27 - [TEST_STEP][PASSED] - waitForElementVisible(findTestObject("V2/Commons/LoginPage/input__password"), DefaultTimeout): Object 'Object Repository/V2/Commons/LoginPage/input__password' is visible

2020-09-24 00:12:27 - [MESSAGE][PASSED] - Object 'Object Repository/V2/Commons/LoginPage/input__password' is visible

2020-09-24 00:12:27 - [TEST_STEP][PASSED] - setText(findTestObject("V2/Commons/LoginPage/input__username"), username): Text 'tractiontools.user001+ts5y5vuu@gmail.com' is set on object 'Object Repository/V2/Commons/LoginPage/input__username'

2020-09-24 00:12:27 - [MESSAGE][PASSED] - Text 'tractiontools.user001+ts5y5vuu@gmail.com' is set on object 'Object Repository/V2/Commons/LoginPage/input__username'

2020-09-24 00:12:27 - [TEST_STEP][PASSED] - setText(findTestObject("V2/Commons/LoginPage/input__password"), password): Text 'Qwer123!' is set on object 'Object Repository/V2/Commons/LoginPage/input__password'

2020-09-24 00:12:27 - [MESSAGE][PASSED] - Text 'Qwer123!' is set on object 'Object Repository/V2/Commons/LoginPage/input__password'

2020-09-24 00:12:27 - [TEST_STEP][PASSED] - click(findTestObject("V2/Commons/LoginPage/div_Login")): Object: 'Object Repository/V2/Commons/LoginPage/div_Login' is clicked on

2020-09-24 00:12:28 - [MESSAGE][PASSED] - Object: 'Object Repository/V2/Commons/LoginPage/div_Login' is clicked on

2020-09-24 00:12:28 - [TEST_STEP][PASSED] - waitForElementVisible(findTestObject("V2/Commons/DasboardPage_SidebarMenu/img_Home_logo-big"), DefaultTimeout): Object 'Object Repository/V2/Commons/DasboardPage_SidebarMenu/img_Home_logo-big' is visible

2020-09-24 00:12:30 - [MESSAGE][PASSED] - Object 'Object Repository/V2/Commons/DasboardPage_SidebarMenu/img_Home_logo-big' is visible

2020-09-24 00:12:30 - [TEST_STEP][PASSED] - verifyElementVisible(findTestObject("V2/Commons/DasboardPage_SidebarMenu/img_Home_logo-big"), STOP_ON_FAILURE): Object 'Object Repository/V2/Commons/DasboardPage_SidebarMenu/img_Home_logo-big' is visible

2020-09-24 00:12:30 - [MESSAGE][PASSED] - Object 'Object Repository/V2/Commons/DasboardPage_SidebarMenu/img_Home_logo-big' is visible

2020-09-24 00:12:30 - [MESSAGE][PASSED] - Call Test Case 'Test Cases/V2/Test Case/Pre-conditions/PRE_LoginToTractionToolsApplication' successfully

2020-09-24 00:12:30 - [TEST_STEP][PASSED] - driver3 = new org.openqa.selenium.chrome.ChromeDriver(): null

2020-09-24 00:12:34 - [TEST_STEP][PASSED] - changeWebDriver(driver3): null

2020-09-24 00:12:34 - [TEST_STEP][PASSED] - maximizeWindow(): Current window maximized

2020-09-24 00:12:36 - [MESSAGE][PASSED] - Current window maximized

2020-09-24 00:12:36 - [TEST_STEP][PASSED] - navigateToUrl(V2Url): Navigate to 'http://local.traction.tools:5000' successfully

2020-09-24 00:12:37 - [MESSAGE][PASSED] - Navigate to 'http://local.traction.tools:5000' successfully

2020-09-24 00:12:37 - [TEST_STEP][PASSED] - callTestCase(findTestCase("V2/Test Case/Pre-conditions/PRE_LoginToTractionToolsApplication"), ["username":employee_email, "password":password], STOP_ON_FAILURE): Call Test Case 'Test Cases/V2/Test Case/Pre-conditions/PRE_LoginToTractionToolsApplication' successfully

2020-09-24 00:12:37 - [TEST_CASE][PASSED] - Test Cases/V2/Test Case/Pre-conditions/PRE_LoginToTractionToolsApplication: Test Cases/V2/Test Case/Pre-conditions/PRE_LoginToTractionToolsApplication

2020-09-24 00:12:37 - [TEST_STEP][PASSED] - waitForElementVisible(findTestObject("V2/Commons/LoginPage/input__username"), DefaultTimeout): Object 'Object Repository/V2/Commons/LoginPage/input__username' is visible

2020-09-24 00:12:38 - [MESSAGE][PASSED] - Object 'Object Repository/V2/Commons/LoginPage/input__username' is visible

2020-09-24 00:12:38 - [TEST_STEP][PASSED] - waitForElementVisible(findTestObject("V2/Commons/LoginPage/input__password"), DefaultTimeout): Object 'Object Repository/V2/Commons/LoginPage/input__password' is visible

2020-09-24 00:12:38 - [MESSAGE][PASSED] - Object 'Object Repository/V2/Commons/LoginPage/input__password' is visible

2020-09-24 00:12:38 - [TEST_STEP][PASSED] - setText(findTestObject("V2/Commons/LoginPage/input__username"), username): Text 'tractiontools.user001+te5ev1vl@gmail.com' is set on object 'Object Repository/V2/Commons/LoginPage/input__username'

2020-09-24 00:12:39 - [MESSAGE][PASSED] - Text 'tractiontools.user001+te5ev1vl@gmail.com' is set on object 'Object Repository/V2/Commons/LoginPage/input__username'

2020-09-24 00:12:39 - [TEST_STEP][PASSED] - setText(findTestObject("V2/Commons/LoginPage/input__password"), password): Text 'Qwer123!' is set on object 'Object Repository/V2/Commons/LoginPage/input__password'

2020-09-24 00:12:39 - [MESSAGE][PASSED] - Text 'Qwer123!' is set on object 'Object Repository/V2/Commons/LoginPage/input__password'

2020-09-24 00:12:39 - [TEST_STEP][PASSED] - click(findTestObject("V2/Commons/LoginPage/div_Login")): Object: 'Object Repository/V2/Commons/LoginPage/div_Login' is clicked on

2020-09-24 00:12:39 - [MESSAGE][PASSED] - Object: 'Object Repository/V2/Commons/LoginPage/div_Login' is clicked on

2020-09-24 00:12:39 - [TEST_STEP][PASSED] - waitForElementVisible(findTestObject("V2/Commons/DasboardPage_SidebarMenu/img_Home_logo-big"), DefaultTimeout): Object 'Object Repository/V2/Commons/DasboardPage_SidebarMenu/img_Home_logo-big' is visible

2020-09-24 00:12:42 - [MESSAGE][PASSED] - Object 'Object Repository/V2/Commons/DasboardPage_SidebarMenu/img_Home_logo-big' is visible

2020-09-24 00:12:42 - [TEST_STEP][PASSED] - verifyElementVisible(findTestObject("V2/Commons/DasboardPage_SidebarMenu/img_Home_logo-big"), STOP_ON_FAILURE): Object 'Object Repository/V2/Commons/DasboardPage_SidebarMenu/img_Home_logo-big' is visible

2020-09-24 00:12:42 - [MESSAGE][PASSED] - Object 'Object Repository/V2/Commons/DasboardPage_SidebarMenu/img_Home_logo-big' is visible

2020-09-24 00:12:42 - [MESSAGE][PASSED] - Call Test Case 'Test Cases/V2/Test Case/Pre-conditions/PRE_LoginToTractionToolsApplication' successfully

2020-09-24 00:12:42 - [TEST_STEP][PASSED] - changeWebDriver(driver1): null

2020-09-24 00:12:42 - [TEST_STEP][PASSED] - callTestCase(findTestCase("V2/Test Case/Pre-conditions/PRE_CreateL10Meeting"), ["meetingName":meetingName, "meetingAcronym":meetingAcronym, "meetingType":meetingType, "dropdownOptions_obj":"//div[@id='CREATE_MEETING_L10']//span[text()='%s']/parent::div[@role='option']", ... ], STOP_ON_FAILURE): Call Test Case 'Test Cases/V2/Test Case/Pre-conditions/PRE_CreateL10Meeting' successfully

2020-09-24 00:12:42 - [TEST_CASE][PASSED] - Test Cases/V2/Test Case/Pre-conditions/PRE_CreateL10Meeting: Test Cases/V2/Test Case/Pre-conditions/PRE_CreateL10Meeting

2020-09-24 00:12:42 - [TEST_STEP][PASSED] - click(findTestObject("V2/Commons/DasboardPage_SidebarMenu/MeetingsMenu")): Object: 'Object Repository/V2/Commons/DasboardPage_SidebarMenu/MeetingsMenu' is clicked on

2020-09-24 00:12:42 - [MESSAGE][PASSED] - Object: 'Object Repository/V2/Commons/DasboardPage_SidebarMenu/MeetingsMenu' is clicked on

2020-09-24 00:12:42 - [TEST_STEP][PASSED] - click(findTestObject("Object Repository/V2/Commons/MeetingListPage/div_Create a meeting")): Object: 'Object Repository/V2/Commons/MeetingListPage/div_Create a meeting' is clicked on

2020-09-24 00:12:42 - [MESSAGE][PASSED] - Object: 'Object Repository/V2/Commons/MeetingListPage/div_Create a meeting' is clicked on

2020-09-24 00:12:42 - [TEST_STEP][PASSED] - click(findTestObject("Object Repository/V2/Commons/MeetingListPage/button_Level 10")): Object: 'Object Repository/V2/Commons/MeetingListPage/button_Level 10' is clicked on

2020-09-24 00:12:42 - [MESSAGE][PASSED] - Object: 'Object Repository/V2/Commons/MeetingListPage/button_Level 10' is clicked on

2020-09-24 00:12:42 - [TEST_STEP][PASSED] - waitForElementVisible(findTestObject("V2/Commons/CreateL10MeetingDrawer/input__name"), DefaultTimeout): Object 'Object Repository/V2/Commons/CreateL10MeetingDrawer/input__name' is visible

2020-09-24 00:12:42 - [MESSAGE][PASSED] - Object 'Object Repository/V2/Commons/CreateL10MeetingDrawer/input__name' is visible

2020-09-24 00:12:42 - [TEST_STEP][PASSED] - setText(findTestObject("V2/Commons/CreateL10MeetingDrawer/input__name"), meetingName): Text 'SP Meeting Admin' is set on object 'Object Repository/V2/Commons/CreateL10MeetingDrawer/input__name'

2020-09-24 00:12:43 - [MESSAGE][PASSED] - Text 'SP Meeting Admin' is set on object 'Object Repository/V2/Commons/CreateL10MeetingDrawer/input__name'

2020-09-24 00:12:43 - [TEST_STEP][PASSED] - setText(findTestObject("V2/Commons/CreateL10MeetingDrawer/input__acronym"), meetingAcronym): Text 'CSP' is set on object 'Object Repository/V2/Commons/CreateL10MeetingDrawer/input__acronym'

2020-09-24 00:12:43 - [MESSAGE][PASSED] - Text 'CSP' is set on object 'Object Repository/V2/Commons/CreateL10MeetingDrawer/input__acronym'

2020-09-24 00:12:43 - [TEST_STEP][PASSED] - click(findTestObject("V2/Commons/CreateL10MeetingDrawer/input__typeOfMeeting")): Object: 'Object Repository/V2/Commons/CreateL10MeetingDrawer/input__typeOfMeeting' is clicked on

2020-09-24 00:12:43 - [MESSAGE][PASSED] - Object: 'Object Repository/V2/Commons/CreateL10MeetingDrawer/input__typeOfMeeting' is clicked on

2020-09-24 00:12:43 - [TEST_STEP][PASSED] - meetingTypeOption_Obj = tt_CustomKeywords.CustomKeywords.CreateDynamicElement(dropdownOptions_obj, meetingType, "xpath"): Successfully created new dynamic object: //div[@id='CREATE_MEETING_L10']//span[text()='Leadership']/parent::div[@role='option']

2020-09-24 00:12:43 - [MESSAGE][PASSED] - Successfully created new dynamic object: //div[@id='CREATE_MEETING_L10']//span[text()='Leadership']/parent::div[@role='option']

2020-09-24 00:12:43 - [TEST_STEP][PASSED] - click(meetingTypeOption_Obj): Object: '' is clicked on

2020-09-24 00:12:43 - [MESSAGE][PASSED] - Object: '' is clicked on

2020-09-24 00:12:43 - [TEST_STEP][PASSED] - click(findTestObject("V2/Commons/CreateL10MeetingDrawer/div_dayOfMeetingDropdownList")): Object: 'Object Repository/V2/Commons/CreateL10MeetingDrawer/div_dayOfMeetingDropdownList' is clicked on

2020-09-24 00:12:43 - [MESSAGE][PASSED] - Object: 'Object Repository/V2/Commons/CreateL10MeetingDrawer/div_dayOfMeetingDropdownList' is clicked on

2020-09-24 00:12:43 - [TEST_STEP][PASSED] - dayOfMeetingOption_Obj = tt_CustomKeywords.CustomKeywords.CreateDynamicElement(dropdownOptions_obj, dayOfMeeting, "xpath"): Successfully created new dynamic object: //div[@id='CREATE_MEETING_L10']//span[text()='Monday']/parent::div[@role='option']

2020-09-24 00:12:43 - [MESSAGE][PASSED] - Successfully created new dynamic object: //div[@id='CREATE_MEETING_L10']//span[text()='Monday']/parent::div[@role='option']

2020-09-24 00:12:43 - [TEST_STEP][PASSED] - click(dayOfMeetingOption_Obj): Object: '' is clicked on

2020-09-24 00:12:43 - [MESSAGE][PASSED] - Object: '' is clicked on

2020-09-24 00:12:43 - [TEST_STEP][PASSED] - click(findTestObject("V2/Commons/CreateL10MeetingDrawer/input_meetingTime")): Object: 'Object Repository/V2/Commons/CreateL10MeetingDrawer/input_meetingTime' is clicked on

2020-09-24 00:12:43 - [MESSAGE][PASSED] - Object: 'Object Repository/V2/Commons/CreateL10MeetingDrawer/input_meetingTime' is clicked on

2020-09-24 00:12:43 - [TEST_STEP][PASSED] - setText(findTestObject("V2/Commons/CreateL10MeetingDrawer/input_meetingTime"), meetingTime): Text '12:00' is set on object 'Object Repository/V2/Commons/CreateL10MeetingDrawer/input_meetingTime'

2020-09-24 00:12:43 - [MESSAGE][PASSED] - Text '12:00' is set on object 'Object Repository/V2/Commons/CreateL10MeetingDrawer/input_meetingTime'

2020-09-24 00:12:43 - [TEST_STEP][PASSED] - sendKeys(findTestObject("V2/Commons/CreateL10MeetingDrawer/input_meetingTime"), Keys.chord(TAB)): Keys 'TAB + ' sent to object: 'Object Repository/V2/Commons/CreateL10MeetingDrawer/input_meetingTime'

2020-09-24 00:12:43 - [MESSAGE][PASSED] - Keys 'TAB + ' sent to object: 'Object Repository/V2/Commons/CreateL10MeetingDrawer/input_meetingTime'

2020-09-24 00:12:43 - [TEST_STEP][PASSED] - click(findTestObject("V2/Commons/CreateL10MeetingDrawer/div_Create Meeting")): Object: 'Object Repository/V2/Commons/CreateL10MeetingDrawer/div_Create Meeting' is clicked on

2020-09-24 00:12:44 - [MESSAGE][PASSED] - Object: 'Object Repository/V2/Commons/CreateL10MeetingDrawer/div_Create Meeting' is clicked on

2020-09-24 00:12:44 - [TEST_STEP][PASSED] - waitForElementVisible(findTestObject("Object Repository/V2/Commons/MeetingListPage/div_Ill do this later"), DefaultTimeout): Object 'Object Repository/V2/Commons/MeetingListPage/div_Ill do this later' is visible

2020-09-24 00:12:50 - [MESSAGE][PASSED] - Object 'Object Repository/V2/Commons/MeetingListPage/div_Ill do this later' is visible

2020-09-24 00:12:50 - [TEST_STEP][PASSED] - verifyElementVisible(findTestObject("Object Repository/V2/Commons/MeetingListPage/div_Ill do this later"), STOP_ON_FAILURE): Object 'Object Repository/V2/Commons/MeetingListPage/div_Ill do this later' is visible

2020-09-24 00:12:50 - [MESSAGE][PASSED] - Object 'Object Repository/V2/Commons/MeetingListPage/div_Ill do this later' is visible

2020-09-24 00:12:50 - [TEST_STEP][PASSED] - click(findTestObject("Object Repository/V2/Commons/MeetingListPage/div_Ill do this later")): Object: 'Object Repository/V2/Commons/MeetingListPage/div_Ill do this later' is clicked on

2020-09-24 00:12:50 - [MESSAGE][PASSED] - Object: 'Object Repository/V2/Commons/MeetingListPage/div_Ill do this later' is clicked on

2020-09-24 00:12:50 - [TEST_STEP][NOT_RUN] - meetingRecordObj = tt_CustomKeywords.CustomKeywords.CreateDynamicElement(meetingRecord_obj, meetingName, "xpath"): NOT_RUN: meetingRecordObj = tt_CustomKeywords.CustomKeywords.CreateDynamicElement(meetingRecord_obj, meetingName, "xpath")

2020-09-24 00:12:50 - [MESSAGE][NOT_RUN] - NOT_RUN: meetingRecordObj = tt_CustomKeywords.CustomKeywords.CreateDynamicElement(meetingRecord_obj, meetingName, "xpath")

2020-09-24 00:12:50 - [TEST_STEP][PASSED] - waitForElementPresent(findTestObject("V2/Commons/MeetingListPage/D_meetingRecord_meetingName_h2", ["meetingName":meetingName]), DefaultTimeout): Object 'Object Repository/V2/Commons/MeetingListPage/D_meetingRecord_meetingName_h2' is present

2020-09-24 00:12:50 - [MESSAGE][PASSED] - Object 'Object Repository/V2/Commons/MeetingListPage/D_meetingRecord_meetingName_h2' is present

2020-09-24 00:12:50 - [TEST_STEP][PASSED] - verifyElementVisible(findTestObject("V2/Commons/MeetingListPage/D_meetingRecord_meetingName_h2", ["meetingName":meetingName]), STOP_ON_FAILURE): Object 'Object Repository/V2/Commons/MeetingListPage/D_meetingRecord_meetingName_h2' is visible

2020-09-24 00:12:50 - [MESSAGE][PASSED] - Object 'Object Repository/V2/Commons/MeetingListPage/D_meetingRecord_meetingName_h2' is visible

2020-09-24 00:12:50 - [MESSAGE][PASSED] - Call Test Case 'Test Cases/V2/Test Case/Pre-conditions/PRE_CreateL10Meeting' successfully

2020-09-24 00:12:50 - [TEST_STEP][PASSED] - callTestCase(findTestCase("V2/Test Case/Pre-conditions/PRE_AddAllAttendeesToMeeting"), ["meetingName":meetingName, "firstname":employee_fname, "lastname":lastname, "userOptionObj":"(//span[text()='%s']/parent::div[@role='option'])[2]", ... ], STOP_ON_FAILURE): Call Test Case 'Test Cases/V2/Test Case/Pre-conditions/PRE_AddAllAttendeesToMeeting' successfully

2020-09-24 00:12:50 - [TEST_CASE][PASSED] - Test Cases/V2/Test Case/Pre-conditions/PRE_AddAllAttendeesToMeeting: Test Cases/V2/Test Case/Pre-conditions/PRE_AddAllAttendeesToMeeting

2020-09-24 00:12:50 - [TEST_STEP][PASSED] - click(findTestObject("V2/Commons/DasboardPage_SidebarMenu/MeetingsMenu")): Object: 'Object Repository/V2/Commons/DasboardPage_SidebarMenu/MeetingsMenu' is clicked on

2020-09-24 00:12:51 - [MESSAGE][PASSED] - Object: 'Object Repository/V2/Commons/DasboardPage_SidebarMenu/MeetingsMenu' is clicked on

2020-09-24 00:12:51 - [TEST_STEP][PASSED] - attendee_fullname = firstname + " " + lastname: null

2020-09-24 00:12:51 - [TEST_STEP][NOT_RUN] - meetingOpt_Obj = tt_CustomKeywords.CustomKeywords.CreateDynamicElement(meetingOptions_obj, meetingName, "xpath"): NOT_RUN: meetingOpt_Obj = tt_CustomKeywords.CustomKeywords.CreateDynamicElement(meetingOptions_obj, meetingName, "xpath")

2020-09-24 00:12:51 - [MESSAGE][NOT_RUN] - NOT_RUN: meetingOpt_Obj = tt_CustomKeywords.CustomKeywords.CreateDynamicElement(meetingOptions_obj, meetingName, "xpath")

2020-09-24 00:12:51 - [TEST_STEP][NOT_RUN] - click(meetingOpt_Obj): NOT_RUN: click(meetingOpt_Obj)

2020-09-24 00:12:51 - [MESSAGE][NOT_RUN] - NOT_RUN: click(meetingOpt_Obj)

2020-09-24 00:12:51 - [TEST_STEP][PASSED] - click(findTestObject("V2/Commons/MeetingListPage/D_meetingRecord_3DotsOption_div", ["meetingName":meetingName]), STOP_ON_FAILURE): Object: 'Object Repository/V2/Commons/MeetingListPage/D_meetingRecord_3DotsOption_div' is clicked on

2020-09-24 00:12:51 - [MESSAGE][PASSED] - Object: 'Object Repository/V2/Commons/MeetingListPage/D_meetingRecord_3DotsOption_div' is clicked on

2020-09-24 00:12:51 - [TEST_STEP][PASSED] - click(findTestObject("V2/Commons/MeetingListPage/a_Edit meeting")): Object: 'Object Repository/V2/Commons/MeetingListPage/a_Edit meeting' is clicked on

2020-09-24 00:12:51 - [MESSAGE][PASSED] - Object: 'Object Repository/V2/Commons/MeetingListPage/a_Edit meeting' is clicked on

2020-09-24 00:12:51 - [TEST_STEP][PASSED] - waitForElementPresent(findTestObject("V2/Commons/EditMeetingPage/div_Add users"), DefaultTimeout): Object 'Object Repository/V2/Commons/EditMeetingPage/div_Add users' is present

2020-09-24 00:12:51 - [MESSAGE][PASSED] - Object 'Object Repository/V2/Commons/EditMeetingPage/div_Add users' is present

2020-09-24 00:12:51 - [TEST_STEP][PASSED] - delay(5): Delayed 5 second(s)

2020-09-24 00:12:56 - [MESSAGE][PASSED] - Delayed 5 second(s)

2020-09-24 00:12:56 - [TEST_STEP][PASSED] - click(findTestObject("V2/Commons/EditMeetingPage/div_Add users")): Object: 'Object Repository/V2/Commons/EditMeetingPage/div_Add users' is clicked on

2020-09-24 00:12:57 - [MESSAGE][PASSED] - Object: 'Object Repository/V2/Commons/EditMeetingPage/div_Add users' is clicked on

2020-09-24 00:12:57 - [TEST_STEP][PASSED] - delay(5): Delayed 5 second(s)

2020-09-24 00:13:02 - [MESSAGE][PASSED] - Delayed 5 second(s)

2020-09-24 00:13:02 - [TEST_STEP][PASSED] - click(findTestObject("V2/Commons/EditMeetingPage/AddAttendeeUserDropdown")): Object: 'Object Repository/V2/Commons/EditMeetingPage/AddAttendeeUserDropdown' is clicked on

2020-09-24 00:13:02 - [MESSAGE][PASSED] - Object: 'Object Repository/V2/Commons/EditMeetingPage/AddAttendeeUserDropdown' is clicked on

2020-09-24 00:13:02 - [TEST_STEP][PASSED] - attendeeOpt_Obj = tt_CustomKeywords.CustomKeywords.CreateDynamicElement(userOptionObj, attendee_fullname, "xpath"): Successfully created new dynamic object: (//span[text()='Employee User']/parent::div[@role='option'])[2]

2020-09-24 00:13:02 - [MESSAGE][PASSED] - Successfully created new dynamic object: (//span[text()='Employee User']/parent::div[@role='option'])[2]

2020-09-24 00:13:02 - [TEST_STEP][PASSED] - attendeeObjCount = tt_CustomKeywords.CustomKeywords.CountElementInWebPageByDynamicElement(userOptionObj, attendee_fullname, "xpath"): Successfully get the element count. 
Element occurences in Webpage: 1

2020-09-24 00:13:02 - [MESSAGE][PASSED] - Successfully get the element count. 
Element occurences in Webpage: 1

2020-09-24 00:13:02 - [TEST_STEP][PASSED] - attendeeOptSCount = attendeeObjCount.toString(): null

2020-09-24 00:13:02 - [TEST_STEP][PASSED] - out.println(attendeeOptSCount): null

2020-09-24 00:13:02 - [TEST_STEP][PASSED] - attendeeObj_Xpath = attendeeOpt_Obj.findPropertyValue("xpath"): null

2020-09-24 00:13:02 - [TEST_STEP][PASSED] - newAttendeeOpt = "(" + attendeeObj_Xpath + ")[%s]": null

2020-09-24 00:13:02 - [TEST_STEP][PASSED] - out.println(newAttendeeOpt): null

2020-09-24 00:13:02 - [TEST_STEP][PASSED] - newAttendeeOpt_Obj = tt_CustomKeywords.CustomKeywords.CreateDynamicElement(newAttendeeOpt, attendeeOptSCount, "xpath"): Successfully created new dynamic object: ((//span[text()='Employee User']/parent::div[@role='option'])[2])[1]

2020-09-24 00:13:02 - [MESSAGE][PASSED] - Successfully created new dynamic object: ((//span[text()='Employee User']/parent::div[@role='option'])[2])[1]

2020-09-24 00:13:02 - [TEST_STEP][PASSED] - click(newAttendeeOpt_Obj): Object: '' is clicked on

2020-09-24 00:13:02 - [MESSAGE][PASSED] - Object: '' is clicked on

2020-09-24 00:13:02 - [TEST_STEP][PASSED] - waitForElementPresent(findTestObject("V2/Commons/EditMeetingPage/AddAttendeeSuccessNotif"), DefaultTimeout): Object 'Object Repository/V2/Commons/EditMeetingPage/AddAttendeeSuccessNotif' is present

2020-09-24 00:13:03 - [MESSAGE][PASSED] - Object 'Object Repository/V2/Commons/EditMeetingPage/AddAttendeeSuccessNotif' is present

2020-09-24 00:13:03 - [TEST_STEP][PASSED] - verifyElementPresent(findTestObject("V2/Commons/EditMeetingPage/AddAttendeeSuccessNotif"), DefaultTimeout): Object 'Object Repository/V2/Commons/EditMeetingPage/AddAttendeeSuccessNotif' is present

2020-09-24 00:13:03 - [MESSAGE][PASSED] - Object 'Object Repository/V2/Commons/EditMeetingPage/AddAttendeeSuccessNotif' is present

2020-09-24 00:13:03 - [TEST_STEP][PASSED] - permissionDrop_Obj = tt_CustomKeywords.CustomKeywords.CreateDynamicElement(permissionDropObj, attendee_fullname, "xpath"): Successfully created new dynamic object: //div[@role='alert' and text()='Employee User']/ancestor::div[@class='editAttendees__item']//button[contains(@aria-label,'assign')]/parent::div

2020-09-24 00:13:03 - [MESSAGE][PASSED] - Successfully created new dynamic object: //div[@role='alert' and text()='Employee User']/ancestor::div[@class='editAttendees__item']//button[contains(@aria-label,'assign')]/parent::div

2020-09-24 00:13:03 - [TEST_STEP][PASSED] - click(permissionDrop_Obj): Object: '' is clicked on

2020-09-24 00:13:03 - [MESSAGE][PASSED] - Object: '' is clicked on

2020-09-24 00:13:03 - [TEST_STEP][PASSED] - permissionDropOpt_Obj_MA = tt_CustomKeywords.CustomKeywords.CreateDynamicElement(permissionDropOptObj_MA, attendee_fullname, "xpath"): Successfully created new dynamic object: //div[@role='alert' and text()='Employee User']/ancestor::div[@class='editAttendees__item']//span[text()='Meeting Admin']/parent::div

2020-09-24 00:13:03 - [MESSAGE][PASSED] - Successfully created new dynamic object: //div[@role='alert' and text()='Employee User']/ancestor::div[@class='editAttendees__item']//span[text()='Meeting Admin']/parent::div

2020-09-24 00:13:03 - [TEST_STEP][PASSED] - permissionDropOpt_Obj_FE = tt_CustomKeywords.CustomKeywords.CreateDynamicElement(permissionDropOptObj_FE, attendee_fullname, "xpath"): Successfully created new dynamic object: //div[@role='alert' and text()='Employee User']/ancestor::div[@class='editAttendees__item']//span[text()='Full editor']/parent::div

2020-09-24 00:13:03 - [MESSAGE][PASSED] - Successfully created new dynamic object: //div[@role='alert' and text()='Employee User']/ancestor::div[@class='editAttendees__item']//span[text()='Full editor']/parent::div

2020-09-24 00:13:03 - [TEST_STEP][PASSED] - permissionDropOpt_Obj_BE = tt_CustomKeywords.CustomKeywords.CreateDynamicElement(permissionDropOptObj_BE, attendee_fullname, "xpath"): Successfully created new dynamic object: //div[@role='alert' and text()='Employee User']/ancestor::div[@class='editAttendees__item']//span[text()='Basic editor']/parent::div

2020-09-24 00:13:03 - [MESSAGE][PASSED] - Successfully created new dynamic object: //div[@role='alert' and text()='Employee User']/ancestor::div[@class='editAttendees__item']//span[text()='Basic editor']/parent::div

2020-09-24 00:13:03 - [TEST_STEP][PASSED] - if (permission == "Meeting Admin"): null

2020-09-24 00:13:03 - [TEST_STEP][PASSED] - if (permission == "Full editor"): null

2020-09-24 00:13:03 - [TEST_STEP][PASSED] - if (permission == "Basic editor"): Object 'Object Repository/V2/Commons/EditMeetingPage/AddAttendeePermSuccessNotif' is present

2020-09-24 00:13:03 - [TEST_STEP][PASSED] - delay(2): Delayed 2 second(s)

2020-09-24 00:13:05 - [MESSAGE][PASSED] - Delayed 2 second(s)

2020-09-24 00:13:05 - [TEST_STEP][PASSED] - click(permissionDropOpt_Obj_BE): Object: '' is clicked on

2020-09-24 00:13:05 - [MESSAGE][PASSED] - Object: '' is clicked on

2020-09-24 00:13:05 - [TEST_STEP][PASSED] - waitForElementPresent(findTestObject("V2/Commons/EditMeetingPage/AddAttendeePermSuccessNotif"), DefaultTimeout): Object 'Object Repository/V2/Commons/EditMeetingPage/AddAttendeePermSuccessNotif' is present

2020-09-24 00:13:06 - [MESSAGE][PASSED] - Object 'Object Repository/V2/Commons/EditMeetingPage/AddAttendeePermSuccessNotif' is present

2020-09-24 00:13:06 - [TEST_STEP][PASSED] - verifyElementPresent(findTestObject("V2/Commons/EditMeetingPage/AddAttendeePermSuccessNotif"), DefaultTimeout): Object 'Object Repository/V2/Commons/EditMeetingPage/AddAttendeePermSuccessNotif' is present

2020-09-24 00:13:06 - [MESSAGE][PASSED] - Object 'Object Repository/V2/Commons/EditMeetingPage/AddAttendeePermSuccessNotif' is present

2020-09-24 00:13:06 - [TEST_STEP][PASSED] - verifyElementPresent(findTestObject("V2/Commons/DasboardPage_SidebarMenu/MeetingsMenu"), DefaultTimeout): Object 'Object Repository/V2/Commons/DasboardPage_SidebarMenu/MeetingsMenu' is present

2020-09-24 00:13:06 - [MESSAGE][PASSED] - Object 'Object Repository/V2/Commons/DasboardPage_SidebarMenu/MeetingsMenu' is present

2020-09-24 00:13:06 - [TEST_STEP][PASSED] - click(findTestObject("V2/Commons/DasboardPage_SidebarMenu/MeetingsMenu")): Object: 'Object Repository/V2/Commons/DasboardPage_SidebarMenu/MeetingsMenu' is clicked on

2020-09-24 00:13:06 - [MESSAGE][PASSED] - Object: 'Object Repository/V2/Commons/DasboardPage_SidebarMenu/MeetingsMenu' is clicked on

2020-09-24 00:13:06 - [TEST_STEP][PASSED] - waitForElementNotPresent(findTestObject("V2/Commons/EditMeetingPage/AddAttendeeSuccessNotif"), DefaultTimeout): Web element with id: 'Object Repository/V2/Commons/EditMeetingPage/AddAttendeeSuccessNotif' located by 'By.xpath: //h3[text()='New attendee added!']' is not present after '60' second(s)

2020-09-24 00:13:10 - [MESSAGE][PASSED] - Web element with id: 'Object Repository/V2/Commons/EditMeetingPage/AddAttendeeSuccessNotif' located by 'By.xpath: //h3[text()='New attendee added!']' is not present after '60' second(s)

2020-09-24 00:13:10 - [MESSAGE][PASSED] - Call Test Case 'Test Cases/V2/Test Case/Pre-conditions/PRE_AddAllAttendeesToMeeting' successfully

2020-09-24 00:13:10 - [TEST_STEP][PASSED] - callTestCase(findTestCase("V2/Test Case/Pre-conditions/PRE_AddAllAttendeesToMeeting"), ["meetingName":meetingName, "firstname":supervisor_fname, "lastname":lastname, "userOptionObj":"(//span[text()='%s']/parent::div[@role='option'])[3]", ... ], STOP_ON_FAILURE): Call Test Case 'Test Cases/V2/Test Case/Pre-conditions/PRE_AddAllAttendeesToMeeting' successfully

2020-09-24 00:13:10 - [TEST_CASE][PASSED] - Test Cases/V2/Test Case/Pre-conditions/PRE_AddAllAttendeesToMeeting: Test Cases/V2/Test Case/Pre-conditions/PRE_AddAllAttendeesToMeeting

2020-09-24 00:13:10 - [TEST_STEP][PASSED] - click(findTestObject("V2/Commons/DasboardPage_SidebarMenu/MeetingsMenu")): Object: 'Object Repository/V2/Commons/DasboardPage_SidebarMenu/MeetingsMenu' is clicked on

2020-09-24 00:13:10 - [MESSAGE][PASSED] - Object: 'Object Repository/V2/Commons/DasboardPage_SidebarMenu/MeetingsMenu' is clicked on

2020-09-24 00:13:10 - [TEST_STEP][PASSED] - attendee_fullname = firstname + " " + lastname: null

2020-09-24 00:13:10 - [TEST_STEP][NOT_RUN] - meetingOpt_Obj = tt_CustomKeywords.CustomKeywords.CreateDynamicElement(meetingOptions_obj, meetingName, "xpath"): NOT_RUN: meetingOpt_Obj = tt_CustomKeywords.CustomKeywords.CreateDynamicElement(meetingOptions_obj, meetingName, "xpath")

2020-09-24 00:13:10 - [MESSAGE][NOT_RUN] - NOT_RUN: meetingOpt_Obj = tt_CustomKeywords.CustomKeywords.CreateDynamicElement(meetingOptions_obj, meetingName, "xpath")

2020-09-24 00:13:10 - [TEST_STEP][NOT_RUN] - click(meetingOpt_Obj): NOT_RUN: click(meetingOpt_Obj)

2020-09-24 00:13:10 - [MESSAGE][NOT_RUN] - NOT_RUN: click(meetingOpt_Obj)

2020-09-24 00:13:10 - [TEST_STEP][PASSED] - click(findTestObject("V2/Commons/MeetingListPage/D_meetingRecord_3DotsOption_div", ["meetingName":meetingName]), STOP_ON_FAILURE): Object: 'Object Repository/V2/Commons/MeetingListPage/D_meetingRecord_3DotsOption_div' is clicked on

2020-09-24 00:13:10 - [MESSAGE][PASSED] - Object: 'Object Repository/V2/Commons/MeetingListPage/D_meetingRecord_3DotsOption_div' is clicked on

2020-09-24 00:13:10 - [TEST_STEP][PASSED] - click(findTestObject("V2/Commons/MeetingListPage/a_Edit meeting")): Object: 'Object Repository/V2/Commons/MeetingListPage/a_Edit meeting' is clicked on

2020-09-24 00:13:10 - [MESSAGE][PASSED] - Object: 'Object Repository/V2/Commons/MeetingListPage/a_Edit meeting' is clicked on

2020-09-24 00:13:10 - [TEST_STEP][PASSED] - waitForElementPresent(findTestObject("V2/Commons/EditMeetingPage/div_Add users"), DefaultTimeout): Object 'Object Repository/V2/Commons/EditMeetingPage/div_Add users' is present

2020-09-24 00:13:10 - [MESSAGE][PASSED] - Object 'Object Repository/V2/Commons/EditMeetingPage/div_Add users' is present

2020-09-24 00:13:10 - [TEST_STEP][PASSED] - delay(5): Delayed 5 second(s)

2020-09-24 00:13:15 - [MESSAGE][PASSED] - Delayed 5 second(s)

2020-09-24 00:13:15 - [TEST_STEP][PASSED] - click(findTestObject("V2/Commons/EditMeetingPage/div_Add users")): Object: 'Object Repository/V2/Commons/EditMeetingPage/div_Add users' is clicked on

2020-09-24 00:13:16 - [MESSAGE][PASSED] - Object: 'Object Repository/V2/Commons/EditMeetingPage/div_Add users' is clicked on

2020-09-24 00:13:16 - [TEST_STEP][PASSED] - delay(5): Delayed 5 second(s)

2020-09-24 00:13:21 - [MESSAGE][PASSED] - Delayed 5 second(s)

2020-09-24 00:13:21 - [TEST_STEP][PASSED] - click(findTestObject("V2/Commons/EditMeetingPage/AddAttendeeUserDropdown")): Object: 'Object Repository/V2/Commons/EditMeetingPage/AddAttendeeUserDropdown' is clicked on

2020-09-24 00:13:21 - [MESSAGE][PASSED] - Object: 'Object Repository/V2/Commons/EditMeetingPage/AddAttendeeUserDropdown' is clicked on

2020-09-24 00:13:21 - [TEST_STEP][PASSED] - attendeeOpt_Obj = tt_CustomKeywords.CustomKeywords.CreateDynamicElement(userOptionObj, attendee_fullname, "xpath"): Successfully created new dynamic object: (//span[text()='Supervisor User']/parent::div[@role='option'])[3]

2020-09-24 00:13:21 - [MESSAGE][PASSED] - Successfully created new dynamic object: (//span[text()='Supervisor User']/parent::div[@role='option'])[3]

2020-09-24 00:13:21 - [TEST_STEP][PASSED] - attendeeObjCount = tt_CustomKeywords.CustomKeywords.CountElementInWebPageByDynamicElement(userOptionObj, attendee_fullname, "xpath"): Successfully get the element count. 
Element occurences in Webpage: 1

2020-09-24 00:13:21 - [MESSAGE][PASSED] - Successfully get the element count. 
Element occurences in Webpage: 1

2020-09-24 00:13:21 - [TEST_STEP][PASSED] - attendeeOptSCount = attendeeObjCount.toString(): null

2020-09-24 00:13:21 - [TEST_STEP][PASSED] - out.println(attendeeOptSCount): null

2020-09-24 00:13:21 - [TEST_STEP][PASSED] - attendeeObj_Xpath = attendeeOpt_Obj.findPropertyValue("xpath"): null

2020-09-24 00:13:21 - [TEST_STEP][PASSED] - newAttendeeOpt = "(" + attendeeObj_Xpath + ")[%s]": null

2020-09-24 00:13:21 - [TEST_STEP][PASSED] - out.println(newAttendeeOpt): null

2020-09-24 00:13:21 - [TEST_STEP][PASSED] - newAttendeeOpt_Obj = tt_CustomKeywords.CustomKeywords.CreateDynamicElement(newAttendeeOpt, attendeeOptSCount, "xpath"): Successfully created new dynamic object: ((//span[text()='Supervisor User']/parent::div[@role='option'])[3])[1]

2020-09-24 00:13:21 - [MESSAGE][PASSED] - Successfully created new dynamic object: ((//span[text()='Supervisor User']/parent::div[@role='option'])[3])[1]

2020-09-24 00:13:21 - [TEST_STEP][PASSED] - click(newAttendeeOpt_Obj): Object: '' is clicked on

2020-09-24 00:13:21 - [MESSAGE][PASSED] - Object: '' is clicked on

2020-09-24 00:13:21 - [TEST_STEP][PASSED] - waitForElementPresent(findTestObject("V2/Commons/EditMeetingPage/AddAttendeeSuccessNotif"), DefaultTimeout): Object 'Object Repository/V2/Commons/EditMeetingPage/AddAttendeeSuccessNotif' is present

2020-09-24 00:13:22 - [MESSAGE][PASSED] - Object 'Object Repository/V2/Commons/EditMeetingPage/AddAttendeeSuccessNotif' is present

2020-09-24 00:13:22 - [TEST_STEP][PASSED] - verifyElementPresent(findTestObject("V2/Commons/EditMeetingPage/AddAttendeeSuccessNotif"), DefaultTimeout): Object 'Object Repository/V2/Commons/EditMeetingPage/AddAttendeeSuccessNotif' is present

2020-09-24 00:13:22 - [MESSAGE][PASSED] - Object 'Object Repository/V2/Commons/EditMeetingPage/AddAttendeeSuccessNotif' is present

2020-09-24 00:13:22 - [TEST_STEP][PASSED] - permissionDrop_Obj = tt_CustomKeywords.CustomKeywords.CreateDynamicElement(permissionDropObj, attendee_fullname, "xpath"): Successfully created new dynamic object: //div[@role='alert' and text()='Supervisor User']/ancestor::div[@class='editAttendees__item']//button[contains(@aria-label,'assign')]/parent::div

2020-09-24 00:13:22 - [MESSAGE][PASSED] - Successfully created new dynamic object: //div[@role='alert' and text()='Supervisor User']/ancestor::div[@class='editAttendees__item']//button[contains(@aria-label,'assign')]/parent::div

2020-09-24 00:13:22 - [TEST_STEP][PASSED] - click(permissionDrop_Obj): Object: '' is clicked on

2020-09-24 00:13:22 - [MESSAGE][PASSED] - Object: '' is clicked on

2020-09-24 00:13:22 - [TEST_STEP][PASSED] - permissionDropOpt_Obj_MA = tt_CustomKeywords.CustomKeywords.CreateDynamicElement(permissionDropOptObj_MA, attendee_fullname, "xpath"): Successfully created new dynamic object: //div[@role='alert' and text()='Supervisor User']/ancestor::div[@class='editAttendees__item']//span[text()='Meeting Admin']/parent::div

2020-09-24 00:13:22 - [MESSAGE][PASSED] - Successfully created new dynamic object: //div[@role='alert' and text()='Supervisor User']/ancestor::div[@class='editAttendees__item']//span[text()='Meeting Admin']/parent::div

2020-09-24 00:13:22 - [TEST_STEP][PASSED] - permissionDropOpt_Obj_FE = tt_CustomKeywords.CustomKeywords.CreateDynamicElement(permissionDropOptObj_FE, attendee_fullname, "xpath"): Successfully created new dynamic object: //div[@role='alert' and text()='Supervisor User']/ancestor::div[@class='editAttendees__item']//span[text()='Full editor']/parent::div

2020-09-24 00:13:22 - [MESSAGE][PASSED] - Successfully created new dynamic object: //div[@role='alert' and text()='Supervisor User']/ancestor::div[@class='editAttendees__item']//span[text()='Full editor']/parent::div

2020-09-24 00:13:22 - [TEST_STEP][PASSED] - permissionDropOpt_Obj_BE = tt_CustomKeywords.CustomKeywords.CreateDynamicElement(permissionDropOptObj_BE, attendee_fullname, "xpath"): Successfully created new dynamic object: //div[@role='alert' and text()='Supervisor User']/ancestor::div[@class='editAttendees__item']//span[text()='Basic editor']/parent::div

2020-09-24 00:13:22 - [MESSAGE][PASSED] - Successfully created new dynamic object: //div[@role='alert' and text()='Supervisor User']/ancestor::div[@class='editAttendees__item']//span[text()='Basic editor']/parent::div

2020-09-24 00:13:22 - [TEST_STEP][PASSED] - if (permission == "Meeting Admin"): null

2020-09-24 00:13:22 - [TEST_STEP][PASSED] - if (permission == "Full editor"): Object: '' is clicked on

2020-09-24 00:13:22 - [TEST_STEP][PASSED] - delay(2): Delayed 2 second(s)

2020-09-24 00:13:24 - [MESSAGE][PASSED] - Delayed 2 second(s)

2020-09-24 00:13:24 - [TEST_STEP][PASSED] - click(permissionDropOpt_Obj_FE): Object: '' is clicked on

2020-09-24 00:13:24 - [MESSAGE][PASSED] - Object: '' is clicked on

2020-09-24 00:13:24 - [TEST_STEP][PASSED] - if (permission == "Basic editor"): null

2020-09-24 00:13:24 - [TEST_STEP][PASSED] - verifyElementPresent(findTestObject("V2/Commons/DasboardPage_SidebarMenu/MeetingsMenu"), DefaultTimeout): Object 'Object Repository/V2/Commons/DasboardPage_SidebarMenu/MeetingsMenu' is present

2020-09-24 00:13:24 - [MESSAGE][PASSED] - Object 'Object Repository/V2/Commons/DasboardPage_SidebarMenu/MeetingsMenu' is present

2020-09-24 00:13:24 - [TEST_STEP][PASSED] - click(findTestObject("V2/Commons/DasboardPage_SidebarMenu/MeetingsMenu")): Object: 'Object Repository/V2/Commons/DasboardPage_SidebarMenu/MeetingsMenu' is clicked on

2020-09-24 00:13:24 - [MESSAGE][PASSED] - Object: 'Object Repository/V2/Commons/DasboardPage_SidebarMenu/MeetingsMenu' is clicked on

2020-09-24 00:13:24 - [TEST_STEP][PASSED] - waitForElementNotPresent(findTestObject("V2/Commons/EditMeetingPage/AddAttendeeSuccessNotif"), DefaultTimeout): Web element with id: 'Object Repository/V2/Commons/EditMeetingPage/AddAttendeeSuccessNotif' located by 'By.xpath: //h3[text()='New attendee added!']' is not present after '60' second(s)

2020-09-24 00:13:29 - [MESSAGE][PASSED] - Web element with id: 'Object Repository/V2/Commons/EditMeetingPage/AddAttendeeSuccessNotif' located by 'By.xpath: //h3[text()='New attendee added!']' is not present after '60' second(s)

2020-09-24 00:13:29 - [MESSAGE][PASSED] - Call Test Case 'Test Cases/V2/Test Case/Pre-conditions/PRE_AddAllAttendeesToMeeting' successfully

2020-09-24 00:13:29 - [TEST_STEP][PASSED] - changeWebDriver(driver3): null

2020-09-24 00:13:29 - [TEST_STEP][PASSED] - click(findTestObject("V2/Commons/DasboardPage_SidebarMenu/MeetingsMenu")): Object: 'Object Repository/V2/Commons/DasboardPage_SidebarMenu/MeetingsMenu' is clicked on

2020-09-24 00:13:29 - [MESSAGE][PASSED] - Object: 'Object Repository/V2/Commons/DasboardPage_SidebarMenu/MeetingsMenu' is clicked on

2020-09-24 00:13:29 - [TEST_STEP][PASSED] - waitForElementPresent(findTestObject("V2/Commons/MeetingListPage/D_meetingRecord_meetingName_h2", ["meetingName":meetingName]), DefaultTimeout): Object 'Object Repository/V2/Commons/MeetingListPage/D_meetingRecord_meetingName_h2' is present

2020-09-24 00:13:29 - [MESSAGE][PASSED] - Object 'Object Repository/V2/Commons/MeetingListPage/D_meetingRecord_meetingName_h2' is present

2020-09-24 00:13:29 - [TEST_STEP][PASSED] - verifyElementVisible(findTestObject("V2/Commons/MeetingListPage/D_meetingRecord_meetingName_h2", ["meetingName":meetingName]), STOP_ON_FAILURE): Object 'Object Repository/V2/Commons/MeetingListPage/D_meetingRecord_meetingName_h2' is visible

2020-09-24 00:13:29 - [MESSAGE][PASSED] - Object 'Object Repository/V2/Commons/MeetingListPage/D_meetingRecord_meetingName_h2' is visible

2020-09-24 00:13:29 - [TEST_STEP][PASSED] - waitForElementPresent(findTestObject("Object Repository/V2/TT-363/Page_Meeting/Edit_Meeting/Page_Edit Meeting/input__meeting title"), DefaultTimeout): Object 'Object Repository/V2/TT-363/Page_Meeting/Edit_Meeting/Page_Edit Meeting/input__meeting title' is present

2020-09-24 00:14:30 - [MESSAGE][INFO] - Unable to find the element located by 'By.xpath: //input[@id='name']'. Please recheck the objects properties to make sure the desired element is located. 

2020-09-24 00:14:30 - [MESSAGE][WARNING] - [SELF-HEALING] Failed to find element with id 'Object Repository/V2/TT-363/Page_Meeting/Edit_Meeting/Page_Edit Meeting/input__meeting title'. Try using Self-healing.

2020-09-24 00:14:30 - [MESSAGE][WARNING] - [SELF-HEALING] The current locator of test object 'Object Repository/V2/TT-363/Page_Meeting/Edit_Meeting/Page_Edit Meeting/input__meeting title' was broken. Propose an alternative one: '//input'.

2020-09-24 00:14:30 - [MESSAGE][PASSED] - Object 'Object Repository/V2/TT-363/Page_Meeting/Edit_Meeting/Page_Edit Meeting/input__meeting title' is present

2020-09-24 00:14:30 - [TEST_STEP][PASSED] - click(findTestObject("Object Repository/V2/TT-363/Page_Meeting/Edit_Meeting/Page_Edit Meeting/div_GeneralBasic informationVideo conferenc_ee1ae7")): Object: 'Object Repository/V2/TT-363/Page_Meeting/Edit_Meeting/Page_Edit Meeting/div_GeneralBasic informationVideo conferenc_ee1ae7' is clicked on

2020-09-24 00:15:01 - [MESSAGE][INFO] - Unable to find the element located by 'By.xpath: //a[@href='#video-conference']'. Please recheck the objects properties to make sure the desired element is located. 

2020-09-24 00:15:01 - [MESSAGE][WARNING] - [SELF-HEALING] Failed to find element with id 'Object Repository/V2/TT-363/Page_Meeting/Edit_Meeting/Page_Edit Meeting/div_GeneralBasic informationVideo conferenc_ee1ae7'. Try using Self-healing.

2020-09-24 00:15:01 - [MESSAGE][WARNING] - [SELF-HEALING] The current locator of test object 'Object Repository/V2/TT-363/Page_Meeting/Edit_Meeting/Page_Edit Meeting/div_GeneralBasic informationVideo conferenc_ee1ae7' was broken. Propose an alternative one: '//div[2]/div/div/div[2]'.

2020-09-24 00:15:01 - [MESSAGE][PASSED] - Object: 'Object Repository/V2/TT-363/Page_Meeting/Edit_Meeting/Page_Edit Meeting/div_GeneralBasic informationVideo conferenc_ee1ae7' is clicked on

2020-09-24 00:15:01 - [TEST_STEP][FAILED] - A_disabledClickBI = getAttribute(findTestObject("V2/TT-363/AllTestCase/editMeeting_Disabled_VC"), "disabled"): Unable to get attribute 'disabled' of object 'Object Repository/V2/TT-363/AllTestCase/editMeeting_Disabled_VC' (Root cause: com.kms.katalon.core.exception.StepFailedException: Unable to get attribute 'disabled' of object 'Object Repository/V2/TT-363/AllTestCase/editMeeting_Disabled_VC'
	at com.kms.katalon.core.webui.keyword.internal.WebUIKeywordMain.stepFailed(WebUIKeywordMain.groovy:64)
	at com.kms.katalon.core.webui.keyword.internal.WebUIKeywordMain.runKeyword(WebUIKeywordMain.groovy:26)
	at com.kms.katalon.core.webui.keyword.builtin.GetAttributeKeyword.getAttribute(GetAttributeKeyword.groovy:93)
	at com.kms.katalon.core.webui.keyword.builtin.GetAttributeKeyword.execute(GetAttributeKeyword.groovy:68)
	at com.kms.katalon.core.keyword.internal.KeywordExecutor.executeKeywordForPlatform(KeywordExecutor.groovy:73)
	at com.kms.katalon.core.webui.keyword.WebUiBuiltInKeywords.getAttribute(WebUiBuiltInKeywords.groovy:947)
	at com.kms.katalon.core.webui.keyword.WebUiBuiltInKeywords$getAttribute$3.call(Unknown Source)
	at TT_363_7_EditMeetingVideoConference_AllTestCase.run(TT_363_7_EditMeetingVideoConference_AllTestCase:109)
	at com.kms.katalon.core.main.ScriptEngine.run(ScriptEngine.java:194)
	at com.kms.katalon.core.main.ScriptEngine.runScriptAsRawText(ScriptEngine.java:119)
	at com.kms.katalon.core.main.TestCaseExecutor.runScript(TestCaseExecutor.java:339)
	at com.kms.katalon.core.main.TestCaseExecutor.doExecute(TestCaseExecutor.java:330)
	at com.kms.katalon.core.main.TestCaseExecutor.processExecutionPhase(TestCaseExecutor.java:309)
	at com.kms.katalon.core.main.TestCaseExecutor.accessMainPhase(TestCaseExecutor.java:301)
	at com.kms.katalon.core.main.TestCaseExecutor.execute(TestCaseExecutor.java:235)
	at com.kms.katalon.core.main.TestSuiteExecutor.accessTestCaseMainPhase(TestSuiteExecutor.java:191)
	at com.kms.katalon.core.main.TestSuiteExecutor.accessTestSuiteMainPhase(TestSuiteExecutor.java:141)
	at com.kms.katalon.core.main.TestSuiteExecutor.execute(TestSuiteExecutor.java:90)
	at com.kms.katalon.core.main.TestCaseMain.startTestSuite(TestCaseMain.java:157)
	at com.kms.katalon.core.main.TestCaseMain$startTestSuite$0.call(Unknown Source)
	at TempTestSuite1600877163454.run(TempTestSuite1600877163454.groovy:39)
Caused by: com.kms.katalon.core.webui.exception.WebElementNotFoundException: Web element with id: 'Object Repository/V2/TT-363/AllTestCase/editMeeting_Disabled_VC' located by '//input[@id='meetingLink']/parent::div' not found
	at com.kms.katalon.core.webui.common.WebUiCommonHelper.findWebElement(WebUiCommonHelper.java:1368)
	at com.kms.katalon.core.webui.keyword.internal.WebUIAbstractKeyword.findWebElement(WebUIAbstractKeyword.groovy:27)
	at com.kms.katalon.core.webui.keyword.internal.WebUIAbstractKeyword.findWebElement(WebUIAbstractKeyword.groovy:26)
	at com.kms.katalon.core.webui.keyword.builtin.GetAttributeKeyword$_getAttribute_closure1.doCall(GetAttributeKeyword.groovy:83)
	at com.kms.katalon.core.webui.keyword.builtin.GetAttributeKeyword$_getAttribute_closure1.call(GetAttributeKeyword.groovy)
	at com.kms.katalon.core.webui.keyword.internal.WebUIKeywordMain.runKeyword(WebUIKeywordMain.groovy:20)
	at com.kms.katalon.core.webui.keyword.builtin.GetAttributeKeyword.getAttribute(GetAttributeKeyword.groovy:93)
	at com.kms.katalon.core.webui.keyword.builtin.GetAttributeKeyword.execute(GetAttributeKeyword.groovy:68)
	at com.kms.katalon.core.keyword.internal.KeywordExecutor.executeKeywordForPlatform(KeywordExecutor.groovy:73)
	at com.kms.katalon.core.webui.keyword.WebUiBuiltInKeywords.getAttribute(WebUiBuiltInKeywords.groovy:947)
	at com.kms.katalon.core.webui.keyword.WebUiBuiltInKeywords$getAttribute$3.call(Unknown Source)
	at Script1598827349986.run(Script1598827349986.groovy:109)
	... 13 more
)

2020-09-24 00:15:33 - [MESSAGE][INFO] - Unable to find the element located by 'By.xpath: //input[@id='meetingLink']/parent::div'. Please recheck the objects properties to make sure the desired element is located. 

2020-09-24 00:15:33 - [MESSAGE][WARNING] - [SELF-HEALING] Failed to find element with id 'Object Repository/V2/TT-363/AllTestCase/editMeeting_Disabled_VC'. Try using Self-healing.

2020-09-24 00:15:34 - [MESSAGE][INFO] - [SELF-HEALING] No working XPath is found.

2020-09-24 00:15:35 - [MESSAGE][INFO] - Unable to find the element located by 'By.xpath: '. Please recheck the objects properties to make sure the desired element is located. 

2020-09-24 00:15:35 - [MESSAGE][WARNING] - [SELF-HEALING] Cannot find elements when the selector is null

2020-09-24 00:15:35 - [MESSAGE][FAILED] - Unable to get attribute 'disabled' of object 'Object Repository/V2/TT-363/AllTestCase/editMeeting_Disabled_VC' (Root cause: com.kms.katalon.core.exception.StepFailedException: Unable to get attribute 'disabled' of object 'Object Repository/V2/TT-363/AllTestCase/editMeeting_Disabled_VC'
	at com.kms.katalon.core.webui.keyword.internal.WebUIKeywordMain.stepFailed(WebUIKeywordMain.groovy:64)
	at com.kms.katalon.core.webui.keyword.internal.WebUIKeywordMain.runKeyword(WebUIKeywordMain.groovy:26)
	at com.kms.katalon.core.webui.keyword.builtin.GetAttributeKeyword.getAttribute(GetAttributeKeyword.groovy:93)
	at com.kms.katalon.core.webui.keyword.builtin.GetAttributeKeyword.execute(GetAttributeKeyword.groovy:68)
	at com.kms.katalon.core.keyword.internal.KeywordExecutor.executeKeywordForPlatform(KeywordExecutor.groovy:73)
	at com.kms.katalon.core.webui.keyword.WebUiBuiltInKeywords.getAttribute(WebUiBuiltInKeywords.groovy:947)
	at com.kms.katalon.core.webui.keyword.WebUiBuiltInKeywords$getAttribute$3.call(Unknown Source)
	at TT_363_7_EditMeetingVideoConference_AllTestCase.run(TT_363_7_EditMeetingVideoConference_AllTestCase:109)
	at com.kms.katalon.core.main.ScriptEngine.run(ScriptEngine.java:194)
	at com.kms.katalon.core.main.ScriptEngine.runScriptAsRawText(ScriptEngine.java:119)
	at com.kms.katalon.core.main.TestCaseExecutor.runScript(TestCaseExecutor.java:339)
	at com.kms.katalon.core.main.TestCaseExecutor.doExecute(TestCaseExecutor.java:330)
	at com.kms.katalon.core.main.TestCaseExecutor.processExecutionPhase(TestCaseExecutor.java:309)
	at com.kms.katalon.core.main.TestCaseExecutor.accessMainPhase(TestCaseExecutor.java:301)
	at com.kms.katalon.core.main.TestCaseExecutor.execute(TestCaseExecutor.java:235)
	at com.kms.katalon.core.main.TestSuiteExecutor.accessTestCaseMainPhase(TestSuiteExecutor.java:191)
	at com.kms.katalon.core.main.TestSuiteExecutor.accessTestSuiteMainPhase(TestSuiteExecutor.java:141)
	at com.kms.katalon.core.main.TestSuiteExecutor.execute(TestSuiteExecutor.java:90)
	at com.kms.katalon.core.main.TestCaseMain.startTestSuite(TestCaseMain.java:157)
	at com.kms.katalon.core.main.TestCaseMain$startTestSuite$0.call(Unknown Source)
	at TempTestSuite1600877163454.run(TempTestSuite1600877163454.groovy:39)
Caused by: com.kms.katalon.core.webui.exception.WebElementNotFoundException: Web element with id: 'Object Repository/V2/TT-363/AllTestCase/editMeeting_Disabled_VC' located by '//input[@id='meetingLink']/parent::div' not found
	at com.kms.katalon.core.webui.common.WebUiCommonHelper.findWebElement(WebUiCommonHelper.java:1368)
	at com.kms.katalon.core.webui.keyword.internal.WebUIAbstractKeyword.findWebElement(WebUIAbstractKeyword.groovy:27)
	at com.kms.katalon.core.webui.keyword.internal.WebUIAbstractKeyword.findWebElement(WebUIAbstractKeyword.groovy:26)
	at com.kms.katalon.core.webui.keyword.builtin.GetAttributeKeyword$_getAttribute_closure1.doCall(GetAttributeKeyword.groovy:83)
	at com.kms.katalon.core.webui.keyword.builtin.GetAttributeKeyword$_getAttribute_closure1.call(GetAttributeKeyword.groovy)
	at com.kms.katalon.core.webui.keyword.internal.WebUIKeywordMain.runKeyword(WebUIKeywordMain.groovy:20)
	at com.kms.katalon.core.webui.keyword.builtin.GetAttributeKeyword.getAttribute(GetAttributeKeyword.groovy:93)
	at com.kms.katalon.core.webui.keyword.builtin.GetAttributeKeyword.execute(GetAttributeKeyword.groovy:68)
	at com.kms.katalon.core.keyword.internal.KeywordExecutor.executeKeywordForPlatform(KeywordExecutor.groovy:73)
	at com.kms.katalon.core.webui.keyword.WebUiBuiltInKeywords.getAttribute(WebUiBuiltInKeywords.groovy:947)
	at com.kms.katalon.core.webui.keyword.WebUiBuiltInKeywords$getAttribute$3.call(Unknown Source)
	at Script1598827349986.run(Script1598827349986.groovy:109)
	... 13 more
)
[[ATTACHMENT|C:\\Users\\Aaron-PC\\git\\TractionTools\\Reports\\20200924_000603\\V2\\Tests\\TT-363 - Meeting List\\TT-363_TestSuite\\20200924_000603\\1600877735004.png]]]]></system-out>
         <system-err><![CDATA[2020-09-24 00:10:52 - [TEST_CASE][FAILED] - Test Cases/V2/Test Case/Tests/TT-363 - Meeting List/Positive/TT_363_7_EditMeetingVideoConference_AllTestCase: Test Cases/V2/Test Case/Tests/TT-363 - Meeting List/Positive/TT_363_7_EditMeetingVideoConference_AllTestCase FAILED.
Reason:
com.kms.katalon.core.exception.StepFailedException: Unable to get attribute 'disabled' of object 'Object Repository/V2/TT-363/AllTestCase/editMeeting_Disabled_VC'
	at com.kms.katalon.core.webui.keyword.internal.WebUIKeywordMain.stepFailed(WebUIKeywordMain.groovy:64)
	at com.kms.katalon.core.webui.keyword.internal.WebUIKeywordMain.runKeyword(WebUIKeywordMain.groovy:26)
	at com.kms.katalon.core.webui.keyword.builtin.GetAttributeKeyword.getAttribute(GetAttributeKeyword.groovy:93)
	at com.kms.katalon.core.webui.keyword.builtin.GetAttributeKeyword.execute(GetAttributeKeyword.groovy:68)
	at com.kms.katalon.core.keyword.internal.KeywordExecutor.executeKeywordForPlatform(KeywordExecutor.groovy:73)
	at com.kms.katalon.core.webui.keyword.WebUiBuiltInKeywords.getAttribute(WebUiBuiltInKeywords.groovy:947)
	at com.kms.katalon.core.webui.keyword.WebUiBuiltInKeywords$getAttribute$3.call(Unknown Source)
	at TT_363_7_EditMeetingVideoConference_AllTestCase.run(TT_363_7_EditMeetingVideoConference_AllTestCase:109)
	at com.kms.katalon.core.main.ScriptEngine.run(ScriptEngine.java:194)
	at com.kms.katalon.core.main.ScriptEngine.runScriptAsRawText(ScriptEngine.java:119)
	at com.kms.katalon.core.main.TestCaseExecutor.runScript(TestCaseExecutor.java:339)
	at com.kms.katalon.core.main.TestCaseExecutor.doExecute(TestCaseExecutor.java:330)
	at com.kms.katalon.core.main.TestCaseExecutor.processExecutionPhase(TestCaseExecutor.java:309)
	at com.kms.katalon.core.main.TestCaseExecutor.accessMainPhase(TestCaseExecutor.java:301)
	at com.kms.katalon.core.main.TestCaseExecutor.execute(TestCaseExecutor.java:235)
	at com.kms.katalon.core.main.TestSuiteExecutor.accessTestCaseMainPhase(TestSuiteExecutor.java:191)
	at com.kms.katalon.core.main.TestSuiteExecutor.accessTestSuiteMainPhase(TestSuiteExecutor.java:141)
	at com.kms.katalon.core.main.TestSuiteExecutor.execute(TestSuiteExecutor.java:90)
	at com.kms.katalon.core.main.TestCaseMain.startTestSuite(TestCaseMain.java:157)
	at com.kms.katalon.core.main.TestCaseMain$startTestSuite$0.call(Unknown Source)
	at TempTestSuite1600877163454.run(TempTestSuite1600877163454.groovy:39)
Caused by: com.kms.katalon.core.webui.exception.WebElementNotFoundException: Web element with id: 'Object Repository/V2/TT-363/AllTestCase/editMeeting_Disabled_VC' located by '//input[@id='meetingLink']/parent::div' not found
	at com.kms.katalon.core.webui.common.WebUiCommonHelper.findWebElement(WebUiCommonHelper.java:1368)
	at com.kms.katalon.core.webui.keyword.internal.WebUIAbstractKeyword.findWebElement(WebUIAbstractKeyword.groovy:27)
	at com.kms.katalon.core.webui.keyword.internal.WebUIAbstractKeyword.findWebElement(WebUIAbstractKeyword.groovy:26)
	at com.kms.katalon.core.webui.keyword.builtin.GetAttributeKeyword$_getAttribute_closure1.doCall(GetAttributeKeyword.groovy:83)
	at com.kms.katalon.core.webui.keyword.builtin.GetAttributeKeyword$_getAttribute_closure1.call(GetAttributeKeyword.groovy)
	at com.kms.katalon.core.webui.keyword.internal.WebUIKeywordMain.runKeyword(WebUIKeywordMain.groovy:20)
	... 19 more]]></system-err>
      </testcase>
      <system-out><![CDATA[2020-09-24 00:06:04 - [TEST_SUITE][FAILED] - TT-363_TestSuite: Test Cases/V2/Test Case/Tests/TT-363 - Meeting List/Positive/TT_363_6_EditMeetingBasicInformation_AllTestCase FAILED.
Reason:
com.kms.katalon.core.exception.StepFailedException: Call Test Case 'Test Cases/V2/Test Case/Pre-conditions/PRE_RegisterAndActivateTTUsers' failed
	at com.kms.katalon.core.keyword.builtin.CallTestCaseKeyword$_callTestCase_closure1.doCall(CallTestCaseKeyword.groovy:63)
	at com.kms.katalon.core.keyword.builtin.CallTestCaseKeyword$_callTestCase_closure1.call(CallTestCaseKeyword.groovy)
	at com.kms.katalon.core.keyword.internal.KeywordMain.runKeyword(KeywordMain.groovy:68)
	at com.kms.katalon.core.keyword.builtin.CallTestCaseKeyword.callTestCase(CallTestCaseKeyword.groovy:81)
	at com.kms.katalon.core.keyword.builtin.CallTestCaseKeyword.execute(CallTestCaseKeyword.groovy:44)
	at com.kms.katalon.core.keyword.internal.KeywordExecutor.executeKeywordForPlatform(KeywordExecutor.groovy:73)
	at com.kms.katalon.core.keyword.BuiltinKeywords.callTestCase(BuiltinKeywords.groovy:334)
	at TT_363_6_EditMeetingBasicInformation_AllTestCase.run(TT_363_6_EditMeetingBasicInformation_AllTestCase:22)
	at com.kms.katalon.core.main.ScriptEngine.run(ScriptEngine.java:194)
	at com.kms.katalon.core.main.ScriptEngine.runScriptAsRawText(ScriptEngine.java:119)
	at com.kms.katalon.core.main.TestCaseExecutor.runScript(TestCaseExecutor.java:339)
	at com.kms.katalon.core.main.TestCaseExecutor.doExecute(TestCaseExecutor.java:330)
	at com.kms.katalon.core.main.TestCaseExecutor.processExecutionPhase(TestCaseExecutor.java:309)
	at com.kms.katalon.core.main.TestCaseExecutor.accessMainPhase(TestCaseExecutor.java:301)
	at com.kms.katalon.core.main.TestCaseExecutor.execute(TestCaseExecutor.java:235)
	at com.kms.katalon.core.main.TestSuiteExecutor.accessTestCaseMainPhase(TestSuiteExecutor.java:191)
	at com.kms.katalon.core.main.TestSuiteExecutor.accessTestSuiteMainPhase(TestSuiteExecutor.java:141)
	at com.kms.katalon.core.main.TestSuiteExecutor.execute(TestSuiteExecutor.java:90)
	at com.kms.katalon.core.main.TestCaseMain.startTestSuite(TestCaseMain.java:157)
	at com.kms.katalon.core.main.TestCaseMain$startTestSuite$0.call(Unknown Source)
	at TempTestSuite1600877163454.run(TempTestSuite1600877163454.groovy:39)
Caused by: com.kms.katalon.core.exception.StepFailedException: Call Test Case 'Test Cases/V2/Test Case/Pre-conditions/PRE_SkipCompanyAndPersonalProfileSetup' failed
	at com.kms.katalon.core.keyword.builtin.CallTestCaseKeyword$_callTestCase_closure1.doCall(CallTestCaseKeyword.groovy:63)
	at com.kms.katalon.core.keyword.builtin.CallTestCaseKeyword$_callTestCase_closure1.call(CallTestCaseKeyword.groovy)
	at com.kms.katalon.core.keyword.internal.KeywordMain.runKeyword(KeywordMain.groovy:68)
	at com.kms.katalon.core.keyword.builtin.CallTestCaseKeyword.callTestCase(CallTestCaseKeyword.groovy:81)
	at com.kms.katalon.core.keyword.builtin.CallTestCaseKeyword.execute(CallTestCaseKeyword.groovy:44)
	at com.kms.katalon.core.keyword.internal.KeywordExecutor.executeKeywordForPlatform(KeywordExecutor.groovy:73)
	at com.kms.katalon.core.keyword.BuiltinKeywords.callTestCase(BuiltinKeywords.groovy:334)
	at PRE_RegisterAndActivateTTUsers.run(PRE_RegisterAndActivateTTUsers:54)
	at com.kms.katalon.core.main.ScriptEngine.run(ScriptEngine.java:194)
	at com.kms.katalon.core.main.ScriptEngine.runScriptAsRawText(ScriptEngine.java:119)
	at com.kms.katalon.core.main.TestCaseExecutor.runScript(TestCaseExecutor.java:339)
	at com.kms.katalon.core.main.TestCaseExecutor.doExecute(TestCaseExecutor.java:330)
	at com.kms.katalon.core.main.TestCaseExecutor.processExecutionPhase(TestCaseExecutor.java:309)
	at com.kms.katalon.core.main.TestCaseExecutor.accessMainPhase(TestCaseExecutor.java:301)
	at com.kms.katalon.core.main.TestCaseExecutor.execute(TestCaseExecutor.java:235)
	at com.kms.katalon.core.main.TestCaseMain.runTestCase(TestCaseMain.java:114)
	at com.kms.katalon.core.keyword.builtin.CallTestCaseKeyword$_callTestCase_closure1.doCall(CallTestCaseKeyword.groovy:59)
	... 20 more
Caused by: com.kms.katalon.core.exception.StepFailedException: Unable to click on object 'Object Repository/V2/Commons/FirstUpdateCompanyAndPersonalInfoModal/confirmInfoSkip_button'
	at com.kms.katalon.core.webui.keyword.internal.WebUIKeywordMain.stepFailed(WebUIKeywordMain.groovy:64)
	at com.kms.katalon.core.webui.keyword.internal.WebUIKeywordMain.runKeyword(WebUIKeywordMain.groovy:26)
	at com.kms.katalon.core.webui.keyword.builtin.ClickKeyword.click(ClickKeyword.groovy:76)
	at com.kms.katalon.core.webui.keyword.builtin.ClickKeyword.execute(ClickKeyword.groovy:43)
	at com.kms.katalon.core.keyword.internal.KeywordExecutor.executeKeywordForPlatform(KeywordExecutor.groovy:73)
	at com.kms.katalon.core.webui.keyword.WebUiBuiltInKeywords.click(WebUiBuiltInKeywords.groovy:616)
	at com.kms.katalon.core.webui.keyword.WebUiBuiltInKeywords$click$5.call(Unknown Source)
	at PRE_SkipCompanyAndPersonalProfileSetup.run(PRE_SkipCompanyAndPersonalProfileSetup:27)
	at com.kms.katalon.core.main.ScriptEngine.run(ScriptEngine.java:194)
	at com.kms.katalon.core.main.ScriptEngine.runScriptAsRawText(ScriptEngine.java:119)
	at com.kms.katalon.core.main.TestCaseExecutor.runScript(TestCaseExecutor.java:339)
	at com.kms.katalon.core.main.TestCaseExecutor.doExecute(TestCaseExecutor.java:330)
	at com.kms.katalon.core.main.TestCaseExecutor.processExecutionPhase(TestCaseExecutor.java:309)
	at com.kms.katalon.core.main.TestCaseExecutor.accessMainPhase(TestCaseExecutor.java:301)
	at com.kms.katalon.core.main.TestCaseExecutor.execute(TestCaseExecutor.java:235)
	at com.kms.katalon.core.main.TestCaseMain.runTestCase(TestCaseMain.java:114)
	at com.kms.katalon.core.keyword.builtin.CallTestCaseKeyword$_callTestCase_closure1.doCall(CallTestCaseKeyword.groovy:59)
	... 36 more
Caused by: com.kms.katalon.core.webui.exception.WebElementNotFoundException: Web element with id: 'Object Repository/V2/Commons/FirstUpdateCompanyAndPersonalInfoModal/confirmInfoSkip_button' located by '//div[@id="FIRST_INFO_UPDATE_MODAL" and contains(@class,'ModalStyles')]/descendant::button//div[text()='Skip']' not found
	at com.kms.katalon.core.webui.common.WebUiCommonHelper.findWebElement(WebUiCommonHelper.java:1368)
	at com.kms.katalon.core.webui.keyword.internal.WebUIAbstractKeyword.findWebElement(WebUIAbstractKeyword.groovy:27)
	at com.kms.katalon.core.webui.keyword.internal.WebUIAbstractKeyword.findWebElement(WebUIAbstractKeyword.groovy:26)
	at com.kms.katalon.core.webui.keyword.builtin.ClickKeyword$_click_closure1.doCall(ClickKeyword.groovy:67)
	at com.kms.katalon.core.webui.keyword.builtin.ClickKeyword$_click_closure1.call(ClickKeyword.groovy)
	at com.kms.katalon.core.webui.keyword.internal.WebUIKeywordMain.runKeyword(WebUIKeywordMain.groovy:20)
	... 51 more]]></system-out>
      <system-err><![CDATA[2020-09-24 00:06:04 - [TEST_SUITE][FAILED] - TT-363_TestSuite: Test Cases/V2/Test Case/Tests/TT-363 - Meeting List/Positive/TT_363_6_EditMeetingBasicInformation_AllTestCase FAILED.
Reason:
com.kms.katalon.core.exception.StepFailedException: Call Test Case 'Test Cases/V2/Test Case/Pre-conditions/PRE_RegisterAndActivateTTUsers' failed
	at com.kms.katalon.core.keyword.builtin.CallTestCaseKeyword$_callTestCase_closure1.doCall(CallTestCaseKeyword.groovy:63)
	at com.kms.katalon.core.keyword.builtin.CallTestCaseKeyword$_callTestCase_closure1.call(CallTestCaseKeyword.groovy)
	at com.kms.katalon.core.keyword.internal.KeywordMain.runKeyword(KeywordMain.groovy:68)
	at com.kms.katalon.core.keyword.builtin.CallTestCaseKeyword.callTestCase(CallTestCaseKeyword.groovy:81)
	at com.kms.katalon.core.keyword.builtin.CallTestCaseKeyword.execute(CallTestCaseKeyword.groovy:44)
	at com.kms.katalon.core.keyword.internal.KeywordExecutor.executeKeywordForPlatform(KeywordExecutor.groovy:73)
	at com.kms.katalon.core.keyword.BuiltinKeywords.callTestCase(BuiltinKeywords.groovy:334)
	at TT_363_6_EditMeetingBasicInformation_AllTestCase.run(TT_363_6_EditMeetingBasicInformation_AllTestCase:22)
	at com.kms.katalon.core.main.ScriptEngine.run(ScriptEngine.java:194)
	at com.kms.katalon.core.main.ScriptEngine.runScriptAsRawText(ScriptEngine.java:119)
	at com.kms.katalon.core.main.TestCaseExecutor.runScript(TestCaseExecutor.java:339)
	at com.kms.katalon.core.main.TestCaseExecutor.doExecute(TestCaseExecutor.java:330)
	at com.kms.katalon.core.main.TestCaseExecutor.processExecutionPhase(TestCaseExecutor.java:309)
	at com.kms.katalon.core.main.TestCaseExecutor.accessMainPhase(TestCaseExecutor.java:301)
	at com.kms.katalon.core.main.TestCaseExecutor.execute(TestCaseExecutor.java:235)
	at com.kms.katalon.core.main.TestSuiteExecutor.accessTestCaseMainPhase(TestSuiteExecutor.java:191)
	at com.kms.katalon.core.main.TestSuiteExecutor.accessTestSuiteMainPhase(TestSuiteExecutor.java:141)
	at com.kms.katalon.core.main.TestSuiteExecutor.execute(TestSuiteExecutor.java:90)
	at com.kms.katalon.core.main.TestCaseMain.startTestSuite(TestCaseMain.java:157)
	at com.kms.katalon.core.main.TestCaseMain$startTestSuite$0.call(Unknown Source)
	at TempTestSuite1600877163454.run(TempTestSuite1600877163454.groovy:39)
Caused by: com.kms.katalon.core.exception.StepFailedException: Call Test Case 'Test Cases/V2/Test Case/Pre-conditions/PRE_SkipCompanyAndPersonalProfileSetup' failed
	at com.kms.katalon.core.keyword.builtin.CallTestCaseKeyword$_callTestCase_closure1.doCall(CallTestCaseKeyword.groovy:63)
	at com.kms.katalon.core.keyword.builtin.CallTestCaseKeyword$_callTestCase_closure1.call(CallTestCaseKeyword.groovy)
	at com.kms.katalon.core.keyword.internal.KeywordMain.runKeyword(KeywordMain.groovy:68)
	at com.kms.katalon.core.keyword.builtin.CallTestCaseKeyword.callTestCase(CallTestCaseKeyword.groovy:81)
	at com.kms.katalon.core.keyword.builtin.CallTestCaseKeyword.execute(CallTestCaseKeyword.groovy:44)
	at com.kms.katalon.core.keyword.internal.KeywordExecutor.executeKeywordForPlatform(KeywordExecutor.groovy:73)
	at com.kms.katalon.core.keyword.BuiltinKeywords.callTestCase(BuiltinKeywords.groovy:334)
	at PRE_RegisterAndActivateTTUsers.run(PRE_RegisterAndActivateTTUsers:54)
	at com.kms.katalon.core.main.ScriptEngine.run(ScriptEngine.java:194)
	at com.kms.katalon.core.main.ScriptEngine.runScriptAsRawText(ScriptEngine.java:119)
	at com.kms.katalon.core.main.TestCaseExecutor.runScript(TestCaseExecutor.java:339)
	at com.kms.katalon.core.main.TestCaseExecutor.doExecute(TestCaseExecutor.java:330)
	at com.kms.katalon.core.main.TestCaseExecutor.processExecutionPhase(TestCaseExecutor.java:309)
	at com.kms.katalon.core.main.TestCaseExecutor.accessMainPhase(TestCaseExecutor.java:301)
	at com.kms.katalon.core.main.TestCaseExecutor.execute(TestCaseExecutor.java:235)
	at com.kms.katalon.core.main.TestCaseMain.runTestCase(TestCaseMain.java:114)
	at com.kms.katalon.core.keyword.builtin.CallTestCaseKeyword$_callTestCase_closure1.doCall(CallTestCaseKeyword.groovy:59)
	... 20 more
Caused by: com.kms.katalon.core.exception.StepFailedException: Unable to click on object 'Object Repository/V2/Commons/FirstUpdateCompanyAndPersonalInfoModal/confirmInfoSkip_button'
	at com.kms.katalon.core.webui.keyword.internal.WebUIKeywordMain.stepFailed(WebUIKeywordMain.groovy:64)
	at com.kms.katalon.core.webui.keyword.internal.WebUIKeywordMain.runKeyword(WebUIKeywordMain.groovy:26)
	at com.kms.katalon.core.webui.keyword.builtin.ClickKeyword.click(ClickKeyword.groovy:76)
	at com.kms.katalon.core.webui.keyword.builtin.ClickKeyword.execute(ClickKeyword.groovy:43)
	at com.kms.katalon.core.keyword.internal.KeywordExecutor.executeKeywordForPlatform(KeywordExecutor.groovy:73)
	at com.kms.katalon.core.webui.keyword.WebUiBuiltInKeywords.click(WebUiBuiltInKeywords.groovy:616)
	at com.kms.katalon.core.webui.keyword.WebUiBuiltInKeywords$click$5.call(Unknown Source)
	at PRE_SkipCompanyAndPersonalProfileSetup.run(PRE_SkipCompanyAndPersonalProfileSetup:27)
	at com.kms.katalon.core.main.ScriptEngine.run(ScriptEngine.java:194)
	at com.kms.katalon.core.main.ScriptEngine.runScriptAsRawText(ScriptEngine.java:119)
	at com.kms.katalon.core.main.TestCaseExecutor.runScript(TestCaseExecutor.java:339)
	at com.kms.katalon.core.main.TestCaseExecutor.doExecute(TestCaseExecutor.java:330)
	at com.kms.katalon.core.main.TestCaseExecutor.processExecutionPhase(TestCaseExecutor.java:309)
	at com.kms.katalon.core.main.TestCaseExecutor.accessMainPhase(TestCaseExecutor.java:301)
	at com.kms.katalon.core.main.TestCaseExecutor.execute(TestCaseExecutor.java:235)
	at com.kms.katalon.core.main.TestCaseMain.runTestCase(TestCaseMain.java:114)
	at com.kms.katalon.core.keyword.builtin.CallTestCaseKeyword$_callTestCase_closure1.doCall(CallTestCaseKeyword.groovy:59)
	... 36 more
Caused by: com.kms.katalon.core.webui.exception.WebElementNotFoundException: Web element with id: 'Object Repository/V2/Commons/FirstUpdateCompanyAndPersonalInfoModal/confirmInfoSkip_button' located by '//div[@id="FIRST_INFO_UPDATE_MODAL" and contains(@class,'ModalStyles')]/descendant::button//div[text()='Skip']' not found
	at com.kms.katalon.core.webui.common.WebUiCommonHelper.findWebElement(WebUiCommonHelper.java:1368)
	at com.kms.katalon.core.webui.keyword.internal.WebUIAbstractKeyword.findWebElement(WebUIAbstractKeyword.groovy:27)
	at com.kms.katalon.core.webui.keyword.internal.WebUIAbstractKeyword.findWebElement(WebUIAbstractKeyword.groovy:26)
	at com.kms.katalon.core.webui.keyword.builtin.ClickKeyword$_click_closure1.doCall(ClickKeyword.groovy:67)
	at com.kms.katalon.core.webui.keyword.builtin.ClickKeyword$_click_closure1.call(ClickKeyword.groovy)
	at com.kms.katalon.core.webui.keyword.internal.WebUIKeywordMain.runKeyword(WebUIKeywordMain.groovy:20)
	... 51 more]]></system-err>
   </testsuite>
</testsuites>
