<?xml version="1.0" encoding="UTF-8"?>
<testsuites name="TT-363_TestSuite" time="273.741" tests="1" failures="0" errors="0">
   <testsuite name="TT-363_TestSuite" tests="1" failures="0" errors="0" time="273.741" timestamp="2020-09-07 07:53:04" hostname="Aaron-PC - host.docker.internal" id="Test Suites/V2/Tests/TT-363 - Meeting List/TT-363_TestSuite">
      <properties>
         <property name="deviceName" value=""/>
         <property name="devicePlatform" value=""/>
         <property name="logFolder" value="C:\\Users\\Aaron-PC\\git\\TractionTools\\Reports\\20200907_075302\\V2\\Tests\\TT-363 - Meeting List\\TT-363_TestSuite\\20200907_075302"/>
         <property name="logFiles" value="C:\\Users\\Aaron-PC\\git\\TractionTools\\Reports\\20200907_075302\\V2\\Tests\\TT-363 - Meeting List\\TT-363_TestSuite\\20200907_075302\\execution0.log"/>
         <property name="attachments" value=""/>
         <property name="hostName" value="Aaron-PC - host.docker.internal"/>
         <property name="os" value="Windows 10 64bit"/>
         <property name="katalonVersion" value="7.6.6.205"/>
         <property name="browser" value="Chrome 85.0.4183.83"/>
         <property name="hostAddress" value="192.168.1.48"/>
         <property name="sessionId" value="ef4a965e7a0e4826de967bb5ca17ca6a"/>
         <property name="seleniumVersion" value="3.141.59"/>
         <property name="proxyInformation" value="ProxyInformation { proxyOption=NO_PROXY, proxyServerType=HTTP, username=, password=********, proxyServerAddress=, proxyServerPort=0, executionList=&quot;&quot;, isApplyToDesiredCapabilities=true }"/>
         <property name="platform" value="Windows 10"/>
      </properties>
      <testcase name="Test Cases/V2/Test Case/Tests/TT-363 - Meeting List/Positive/TT_363_5_AddRole_AllTestCase" time="273.279" classname="Test Cases/V2/Test Case/Tests/TT-363 - Meeting List/Positive/TT_363_5_AddRole_AllTestCase" status="PASSED">
         <system-out><![CDATA[2020-09-07 07:53:04 - [TEST_CASE][PASSED] - Test Cases/V2/Test Case/Tests/TT-363 - Meeting List/Positive/TT_363_5_AddRole_AllTestCase: Test Cases/V2/Test Case/Tests/TT-363 - Meeting List/Positive/TT_363_5_AddRole_AllTestCase

2020-09-07 07:53:04 - [TEST_STEP][PASSED] - callTestCase(findTestCase("V2/Test Case/Pre-conditions/PRE_RegisterAndActivateTTUsers"), ["admin_fname":admin_fname, "lastname":lastname, "phonenumber":"9999999999", "company":"Traction Tools", "password":password, ... ], STOP_ON_FAILURE): Call Test Case 'Test Cases/V2/Test Case/Pre-conditions/PRE_RegisterAndActivateTTUsers' successfully

2020-09-07 07:53:04 - [TEST_CASE][PASSED] - Test Cases/V2/Test Case/Pre-conditions/PRE_RegisterAndActivateTTUsers: Test Cases/V2/Test Case/Pre-conditions/PRE_RegisterAndActivateTTUsers

2020-09-07 07:53:05 - [TEST_STEP][PASSED] - email = tt_CustomKeywords.CustomKeywords.GenerateRandomEmailAddress(admin_email_prefix, admin_email_domain, randomTextLength): Successfully generated a random email: tractiontools.user001+ta5nbhmy@gmail.com

2020-09-07 07:53:05 - [MESSAGE][PASSED] - Successfully generated a random email: tractiontools.user001+ta5nbhmy@gmail.com

2020-09-07 07:53:05 - [TEST_STEP][PASSED] - supervisor_email = tt_CustomKeywords.CustomKeywords.GenerateRandomEmailAddress(supervisor_email_prefix, supervisor_email_domain, randomTextLength): Successfully generated a random email: tractiontools.user001+ts536yvn@gmail.com

2020-09-07 07:53:05 - [MESSAGE][PASSED] - Successfully generated a random email: tractiontools.user001+ts536yvn@gmail.com

2020-09-07 07:53:05 - [TEST_STEP][PASSED] - employee_email = tt_CustomKeywords.CustomKeywords.GenerateRandomEmailAddress(employee_email_prefix, employee_email_domain, randomTextLength): Successfully generated a random email: tractiontools.user001+te5k8f2e@gmail.com

2020-09-07 07:53:05 - [MESSAGE][PASSED] - Successfully generated a random email: tractiontools.user001+te5k8f2e@gmail.com

2020-09-07 07:53:05 - [TEST_STEP][PASSED] - adminDetails = tt_CustomKeywords.CustomKeywords.RegisterUserViaAPIAndGenerateActivateURL(email, admin_fname, lastname, phonenumber, company, "__JSON__{\"howDidYouHearAboutUs\":\"Facebook\",\"implementer\":\"\",\"existingTractionToolsClient\":\"\",\"other\":\"\"}", "__JSON__{\"timeZone\":\"America/Guatemala\",\"brandColor\":\"#023047\",\"q1Start\":null,\"q1End\":null,\"q2Start\":null,\"q2End\":null,\"q3Start\":null,\"q3End\":null,\"q4Start\":null,\"q4End\":null,\"quarterDatesSetsRocks\":false,\"exportUsers\":false,\"exportRocks\":false,\"exportRocksIncludesMilestones\":false,\"exportScorecards\":false,\"exportTodos\":false,\"exportTodosIncludesNotes\":false,\"exportPeopleHeadlines\":false,\"exportPeopleHeadlinesIncludesNotes\":false,\"exportIssues\":false,\"exportIssuesIncludesNotes\":false,\"exportContextAwareTodos\":false,\"dateFormat\":\"MM/DD/YYYY\",\"timeFormat\":\"h:mma\",\"numberFormat\":\"-1,000.99\",\"supervisorsArchiveRestoreUsers\":false,\"supervisorsEditPositions\":false,\"milestonesAvailableToAll\":false,\"customMeetingTemplatesEnabled\":false,\"receiveTodoReminders\":false,\"todoReminderTime\":\"13:00\",\"todoReminderTimeZone\":\"America/Guatemala\",\"todoReminderFrequency\":\"DAILY\",\"vtoMeetingId\":\"\",\"vtoDisplayMode\":\"ALL\",\"coreValues\":[{\"id\":\"1\",\"text\":\"\"},{\"id\":\"2\",\"text\":\"\"},{\"id\":\"3\",\"text\":\"\"}]}", password, V2Url): SUCCESFFULLY registered a new user via API. 
 Generated Activation Link: 
https://v2dev.traction.tools/activate?activationKey=a66d4665-cd95-4a8b-bbce-8d6a02f39a89&userId=a99ff4a3-5211-4ef0-a199-e13f31c75b0a&orgId=cdb82f9f-529a-4f06-8fbf-18da9453c17b&email=tractiontools.user001+ta5nbhmy@gmail.com&teamsId=46f037d0-9145-4e86-baae-8b77fade7e28&meetingsId=d19a6c1a-2226-456a-bf53-fdf6624e94ee&adminsId=a6e281ef-f67e-45b9-b950-acdf4997afc6&usersId=a640e37b-d819-49c6-af4a-c0f7a71328fa&supervisorsId=728a42e4-2b52-4dae-83e6-72a541a4b183&accountabilityChartId=3cd241fd-93e7-4d7f-8d31-b9055d6dfd97&isCreator=1

2020-09-07 07:53:23 - [MESSAGE][PASSED] - SUCCESFFULLY registered a new user via API. 
 Generated Activation Link: 
https://v2dev.traction.tools/activate?activationKey=a66d4665-cd95-4a8b-bbce-8d6a02f39a89&userId=a99ff4a3-5211-4ef0-a199-e13f31c75b0a&orgId=cdb82f9f-529a-4f06-8fbf-18da9453c17b&email=tractiontools.user001+ta5nbhmy@gmail.com&teamsId=46f037d0-9145-4e86-baae-8b77fade7e28&meetingsId=d19a6c1a-2226-456a-bf53-fdf6624e94ee&adminsId=a6e281ef-f67e-45b9-b950-acdf4997afc6&usersId=a640e37b-d819-49c6-af4a-c0f7a71328fa&supervisorsId=728a42e4-2b52-4dae-83e6-72a541a4b183&accountabilityChartId=3cd241fd-93e7-4d7f-8d31-b9055d6dfd97&isCreator=1

2020-09-07 07:53:23 - [TEST_STEP][PASSED] - activationURL = adminDetails[0]: null

2020-09-07 07:53:23 - [TEST_STEP][PASSED] - orgID = adminDetails[1]: null

2020-09-07 07:53:23 - [TEST_STEP][PASSED] - out.println("URL: " + activationURL): null

2020-09-07 07:53:23 - [TEST_STEP][PASSED] - out.println("orgID: " + orgID): null

2020-09-07 07:53:23 - [TEST_STEP][PASSED] - supervisorUser_name = supervisor_fname + " " + lastname: null

2020-09-07 07:53:23 - [TEST_STEP][PASSED] - openBrowser(""): Browser is opened with url: ''

2020-09-07 07:53:23 - [MESSAGE][INFO] - Starting 'Chrome' driver

2020-09-07 07:53:23 - [MESSAGE][INFO] - Action delay is set to 0 milliseconds

2020-09-07 07:53:27 - [MESSAGE][PASSED] - Browser is opened with url: ''

2020-09-07 07:53:27 - [TEST_STEP][PASSED] - maximizeWindow(): Current window maximized

2020-09-07 07:53:29 - [MESSAGE][PASSED] - Current window maximized

2020-09-07 07:53:29 - [TEST_STEP][PASSED] - callTestCase(findTestCase("V2/Test Case/Pre-conditions/PRE_ActivateNewUser"), ["activationURL":activationURL, "email":email, "password":password], STOP_ON_FAILURE): Call Test Case 'Test Cases/V2/Test Case/Pre-conditions/PRE_ActivateNewUser' successfully

2020-09-07 07:53:29 - [TEST_CASE][PASSED] - Test Cases/V2/Test Case/Pre-conditions/PRE_ActivateNewUser: Test Cases/V2/Test Case/Pre-conditions/PRE_ActivateNewUser

2020-09-07 07:53:29 - [TEST_STEP][PASSED] - navigateToUrl(activationURL): Navigate to 'https://v2dev.traction.tools/activate?activationKey=a66d4665-cd95-4a8b-bbce-8d6a02f39a89&userId=a99ff4a3-5211-4ef0-a199-e13f31c75b0a&orgId=cdb82f9f-529a-4f06-8fbf-18da9453c17b&email=tractiontools.user001+ta5nbhmy@gmail.com&teamsId=46f037d0-9145-4e86-baae-8b77fade7e28&meetingsId=d19a6c1a-2226-456a-bf53-fdf6624e94ee&adminsId=a6e281ef-f67e-45b9-b950-acdf4997afc6&usersId=a640e37b-d819-49c6-af4a-c0f7a71328fa&supervisorsId=728a42e4-2b52-4dae-83e6-72a541a4b183&accountabilityChartId=3cd241fd-93e7-4d7f-8d31-b9055d6dfd97&isCreator=1' successfully

2020-09-07 07:53:30 - [MESSAGE][PASSED] - Navigate to 'https://v2dev.traction.tools/activate?activationKey=a66d4665-cd95-4a8b-bbce-8d6a02f39a89&userId=a99ff4a3-5211-4ef0-a199-e13f31c75b0a&orgId=cdb82f9f-529a-4f06-8fbf-18da9453c17b&email=tractiontools.user001+ta5nbhmy@gmail.com&teamsId=46f037d0-9145-4e86-baae-8b77fade7e28&meetingsId=d19a6c1a-2226-456a-bf53-fdf6624e94ee&adminsId=a6e281ef-f67e-45b9-b950-acdf4997afc6&usersId=a640e37b-d819-49c6-af4a-c0f7a71328fa&supervisorsId=728a42e4-2b52-4dae-83e6-72a541a4b183&accountabilityChartId=3cd241fd-93e7-4d7f-8d31-b9055d6dfd97&isCreator=1' successfully

2020-09-07 07:53:30 - [TEST_STEP][PASSED] - waitForElementVisible(findTestObject("V2/Commons/ActivationPage/input_Email_email"), DefaultTimeout): Object 'Object Repository/V2/Commons/ActivationPage/input_Email_email' is visible

2020-09-07 07:53:38 - [MESSAGE][PASSED] - Object 'Object Repository/V2/Commons/ActivationPage/input_Email_email' is visible

2020-09-07 07:53:38 - [TEST_STEP][PASSED] - actual_email = getAttribute(findTestObject("Object Repository/V2/Commons/ActivationPage/input_Email_email"), "value"): Attribute 'value' of object 'Object Repository/V2/Commons/ActivationPage/input_Email_email' is: 'tractiontools.user001+ta5nbhmy@gmail.com'

2020-09-07 07:53:38 - [MESSAGE][PASSED] - Attribute 'value' of object 'Object Repository/V2/Commons/ActivationPage/input_Email_email' is: 'tractiontools.user001+ta5nbhmy@gmail.com'

2020-09-07 07:53:38 - [TEST_STEP][PASSED] - verifyMatch(actual_email, email, false): Actual text 'tractiontools.user001+ta5nbhmy@gmail.com' and expected text 'tractiontools.user001+ta5nbhmy@gmail.com' are matched 

2020-09-07 07:53:38 - [MESSAGE][PASSED] - Actual text 'tractiontools.user001+ta5nbhmy@gmail.com' and expected text 'tractiontools.user001+ta5nbhmy@gmail.com' are matched 

2020-09-07 07:53:38 - [TEST_STEP][PASSED] - setText(findTestObject("V2/Commons/ActivationPage/input_password"), password): Text 'Qwer123!' is set on object 'Object Repository/V2/Commons/ActivationPage/input_password'

2020-09-07 07:53:39 - [MESSAGE][PASSED] - Text 'Qwer123!' is set on object 'Object Repository/V2/Commons/ActivationPage/input_password'

2020-09-07 07:53:39 - [TEST_STEP][PASSED] - setText(findTestObject("Object Repository/V2/Commons/ActivationPage/input__passwordRepeat"), password): Text 'Qwer123!' is set on object 'Object Repository/V2/Commons/ActivationPage/input__passwordRepeat'

2020-09-07 07:53:40 - [MESSAGE][PASSED] - Text 'Qwer123!' is set on object 'Object Repository/V2/Commons/ActivationPage/input__passwordRepeat'

2020-09-07 07:53:40 - [TEST_STEP][PASSED] - click(findTestObject("V2/Commons/ActivationPage/input_termsandconditions")): Object: 'Object Repository/V2/Commons/ActivationPage/input_termsandconditions' is clicked on

2020-09-07 07:53:40 - [MESSAGE][PASSED] - Object: 'Object Repository/V2/Commons/ActivationPage/input_termsandconditions' is clicked on

2020-09-07 07:53:40 - [TEST_STEP][PASSED] - click(findTestObject("Object Repository/V2/Commons/ActivationPage/div_Create account")): Object: 'Object Repository/V2/Commons/ActivationPage/div_Create account' is clicked on

2020-09-07 07:53:41 - [MESSAGE][PASSED] - Object: 'Object Repository/V2/Commons/ActivationPage/div_Create account' is clicked on

2020-09-07 07:53:41 - [TEST_STEP][PASSED] - waitForElementPresent(findTestObject("V2/Commons/DasboardPage_SidebarMenu/img_Home_logo-big"), DefaultTimeout): Object 'Object Repository/V2/Commons/DasboardPage_SidebarMenu/img_Home_logo-big' is present

2020-09-07 07:53:53 - [MESSAGE][PASSED] - Object 'Object Repository/V2/Commons/DasboardPage_SidebarMenu/img_Home_logo-big' is present

2020-09-07 07:53:53 - [TEST_STEP][PASSED] - verifyElementPresent(findTestObject("V2/Commons/DasboardPage_SidebarMenu/img_Home_logo-big"), 0): Object 'Object Repository/V2/Commons/DasboardPage_SidebarMenu/img_Home_logo-big' is present

2020-09-07 07:53:53 - [MESSAGE][WARNING] - Timeout '0' is invalid. Using default page load timeout: '30'

2020-09-07 07:53:54 - [MESSAGE][PASSED] - Object 'Object Repository/V2/Commons/DasboardPage_SidebarMenu/img_Home_logo-big' is present

2020-09-07 07:53:54 - [MESSAGE][PASSED] - Call Test Case 'Test Cases/V2/Test Case/Pre-conditions/PRE_ActivateNewUser' successfully

2020-09-07 07:53:54 - [TEST_STEP][PASSED] - callTestCase(findTestCase("V2/Test Case/Pre-conditions/PRE_SkipCompanyAndPersonalProfileSetup"), [:], STOP_ON_FAILURE): Call Test Case 'Test Cases/V2/Test Case/Pre-conditions/PRE_SkipCompanyAndPersonalProfileSetup' successfully

2020-09-07 07:53:54 - [TEST_CASE][PASSED] - Test Cases/V2/Test Case/Pre-conditions/PRE_SkipCompanyAndPersonalProfileSetup: Test Cases/V2/Test Case/Pre-conditions/PRE_SkipCompanyAndPersonalProfileSetup

2020-09-07 07:53:54 - [TEST_STEP][PASSED] - waitForElementVisible(findTestObject("V2/Commons/FirstUpdateCompanyAndPersonalInfoModal/confirmCompanyInfoHeader_h1"), DefaultTimeout): Object 'Object Repository/V2/Commons/FirstUpdateCompanyAndPersonalInfoModal/confirmCompanyInfoHeader_h1' is visible

2020-09-07 07:53:55 - [MESSAGE][PASSED] - Object 'Object Repository/V2/Commons/FirstUpdateCompanyAndPersonalInfoModal/confirmCompanyInfoHeader_h1' is visible

2020-09-07 07:53:55 - [TEST_STEP][PASSED] - click(findTestObject("V2/Commons/FirstUpdateCompanyAndPersonalInfoModal/confirmInfoSkip_button")): Object: 'Object Repository/V2/Commons/FirstUpdateCompanyAndPersonalInfoModal/confirmInfoSkip_button' is clicked on

2020-09-07 07:53:55 - [MESSAGE][PASSED] - Object: 'Object Repository/V2/Commons/FirstUpdateCompanyAndPersonalInfoModal/confirmInfoSkip_button' is clicked on

2020-09-07 07:53:55 - [TEST_STEP][PASSED] - waitForElementVisible(findTestObject("V2/Commons/FirstUpdateCompanyAndPersonalInfoModal/confirmPersonalInfoHeader_h1"), DefaultTimeout): Object 'Object Repository/V2/Commons/FirstUpdateCompanyAndPersonalInfoModal/confirmPersonalInfoHeader_h1' is visible

2020-09-07 07:53:55 - [MESSAGE][PASSED] - Object 'Object Repository/V2/Commons/FirstUpdateCompanyAndPersonalInfoModal/confirmPersonalInfoHeader_h1' is visible

2020-09-07 07:53:55 - [TEST_STEP][PASSED] - click(findTestObject("V2/Commons/FirstUpdateCompanyAndPersonalInfoModal/confirmInfoSkip_button")): Object: 'Object Repository/V2/Commons/FirstUpdateCompanyAndPersonalInfoModal/confirmInfoSkip_button' is clicked on

2020-09-07 07:53:56 - [MESSAGE][PASSED] - Object: 'Object Repository/V2/Commons/FirstUpdateCompanyAndPersonalInfoModal/confirmInfoSkip_button' is clicked on

2020-09-07 07:53:56 - [TEST_STEP][PASSED] - waitForElementVisible(findTestObject("V2/Commons/FirstUpdateCompanyAndPersonalInfoModal/letsGetStarted_button"), DefaultTimeout): Object 'Object Repository/V2/Commons/FirstUpdateCompanyAndPersonalInfoModal/letsGetStarted_button' is visible

2020-09-07 07:53:57 - [MESSAGE][PASSED] - Object 'Object Repository/V2/Commons/FirstUpdateCompanyAndPersonalInfoModal/letsGetStarted_button' is visible

2020-09-07 07:53:57 - [TEST_STEP][PASSED] - click(findTestObject("V2/Commons/FirstUpdateCompanyAndPersonalInfoModal/letsGetStarted_button")): Object: 'Object Repository/V2/Commons/FirstUpdateCompanyAndPersonalInfoModal/letsGetStarted_button' is clicked on

2020-09-07 07:53:58 - [MESSAGE][PASSED] - Object: 'Object Repository/V2/Commons/FirstUpdateCompanyAndPersonalInfoModal/letsGetStarted_button' is clicked on

2020-09-07 07:53:58 - [MESSAGE][PASSED] - Call Test Case 'Test Cases/V2/Test Case/Pre-conditions/PRE_SkipCompanyAndPersonalProfileSetup' successfully

2020-09-07 07:53:58 - [TEST_STEP][PASSED] - supervisor_activationURL = tt_CustomKeywords.CustomKeywords.RegisterAndActivateSupervisorUserViaAPI(V2Url, orgID, supervisor_email, password, email, password, supervisor_fname, lastname): SUCCESFFULLY registered a new user via API. 
 Generated Activation Link: 
https://v2dev.traction.tools/activate?activationKey=7a8706d4-cd8d-45c0-bfa3-d80d8ec0f997&userId=a7ec2979-9441-4c7e-acf7-4f43c99530a0&orgId=cdb82f9f-529a-4f06-8fbf-18da9453c17b&email=tractiontools.user001+ts536yvn@gmail.com&isCreator=0

2020-09-07 07:54:03 - [MESSAGE][PASSED] - SUCCESFFULLY registered a new user via API. 
 Generated Activation Link: 
https://v2dev.traction.tools/activate?activationKey=7a8706d4-cd8d-45c0-bfa3-d80d8ec0f997&userId=a7ec2979-9441-4c7e-acf7-4f43c99530a0&orgId=cdb82f9f-529a-4f06-8fbf-18da9453c17b&email=tractiontools.user001+ts536yvn@gmail.com&isCreator=0

2020-09-07 07:54:03 - [TEST_STEP][PASSED] - callTestCase(findTestCase("V2/Test Case/Pre-conditions/PRE_ChangeUserPermissionViaManageUser"), ["showMenuItemsPath":"//div[@class='usercard__detail_container']/div[text()='%s']/ancestor::div[contains(@class,'usercard__content')]//button[@aria-label='Show Menu Items']", "user_email":supervisor_email, ... ], STOP_ON_FAILURE): Call Test Case 'Test Cases/V2/Test Case/Pre-conditions/PRE_ChangeUserPermissionViaManageUser' successfully

2020-09-07 07:54:03 - [TEST_CASE][PASSED] - Test Cases/V2/Test Case/Pre-conditions/PRE_ChangeUserPermissionViaManageUser: Test Cases/V2/Test Case/Pre-conditions/PRE_ChangeUserPermissionViaManageUser

2020-09-07 07:54:03 - [TEST_STEP][PASSED] - click(findTestObject("Object Repository/V2/Commons/ManageUsersPage/span_Company Settings")): Object: 'Object Repository/V2/Commons/ManageUsersPage/span_Company Settings' is clicked on

2020-09-07 07:54:04 - [MESSAGE][PASSED] - Object: 'Object Repository/V2/Commons/ManageUsersPage/span_Company Settings' is clicked on

2020-09-07 07:54:04 - [TEST_STEP][PASSED] - click(findTestObject("V2/Commons/DasboardPage_SidebarMenu/a_Manage Users")): Object: 'Object Repository/V2/Commons/DasboardPage_SidebarMenu/a_Manage Users' is clicked on

2020-09-07 07:54:04 - [MESSAGE][PASSED] - Object: 'Object Repository/V2/Commons/DasboardPage_SidebarMenu/a_Manage Users' is clicked on

2020-09-07 07:54:04 - [TEST_STEP][PASSED] - showMenuItemsObj = tt_CustomKeywords.CustomKeywords.CreateDynamicElement(showMenuItemsPath, user_email, "xpath"): Successfully created new dynamic object: //div[@class='usercard__detail_container']/div[text()='tractiontools.user001+ts536yvn@gmail.com']/ancestor::div[contains(@class,'usercard__content')]//button[@aria-label='Show Menu Items']

2020-09-07 07:54:04 - [MESSAGE][PASSED] - Successfully created new dynamic object: //div[@class='usercard__detail_container']/div[text()='tractiontools.user001+ts536yvn@gmail.com']/ancestor::div[contains(@class,'usercard__content')]//button[@aria-label='Show Menu Items']

2020-09-07 07:54:04 - [TEST_STEP][PASSED] - click(showMenuItemsObj): Object: '' is clicked on

2020-09-07 07:54:06 - [MESSAGE][PASSED] - Object: '' is clicked on

2020-09-07 07:54:06 - [TEST_STEP][PASSED] - click(findTestObject("Object Repository/V2/Commons/ManageUsersPage/div_Edit user")): Object: 'Object Repository/V2/Commons/ManageUsersPage/div_Edit user' is clicked on

2020-09-07 07:54:06 - [MESSAGE][PASSED] - Object: 'Object Repository/V2/Commons/ManageUsersPage/div_Edit user' is clicked on

2020-09-07 07:54:06 - [TEST_STEP][PASSED] - verifyElementPresent(findTestObject("V2/Commons/ManageUsersPage/div_PositionTitle"), DefaultTimeout): Object 'Object Repository/V2/Commons/ManageUsersPage/div_PositionTitle' is present

2020-09-07 07:54:07 - [MESSAGE][PASSED] - Object 'Object Repository/V2/Commons/ManageUsersPage/div_PositionTitle' is present

2020-09-07 07:54:07 - [TEST_STEP][PASSED] - setText(findTestObject("V2/Commons/ManageUsersPage/position_title_input"), position_title): Text 'QA Manager' is set on object 'Object Repository/V2/Commons/ManageUsersPage/position_title_input'

2020-09-07 07:54:07 - [MESSAGE][PASSED] - Text 'QA Manager' is set on object 'Object Repository/V2/Commons/ManageUsersPage/position_title_input'

2020-09-07 07:54:07 - [TEST_STEP][PASSED] - sendKeys(findTestObject("V2/Commons/ManageUsersPage/position_title_input"), Keys.chord(ENTER)): Keys 'ENTER + ' sent to object: 'Object Repository/V2/Commons/ManageUsersPage/position_title_input'

2020-09-07 07:54:08 - [MESSAGE][PASSED] - Keys 'ENTER + ' sent to object: 'Object Repository/V2/Commons/ManageUsersPage/position_title_input'

2020-09-07 07:54:08 - [TEST_STEP][PASSED] - if (permissionValue == "Employee"): null

2020-09-07 07:54:08 - [TEST_STEP][PASSED] - verifyElementPresent(findTestObject("Object Repository/V2/Commons/ManageUsersPage/div_User type"), DefaultTimeout): Object 'Object Repository/V2/Commons/ManageUsersPage/div_User type' is present

2020-09-07 07:54:08 - [MESSAGE][PASSED] - Object 'Object Repository/V2/Commons/ManageUsersPage/div_User type' is present

2020-09-07 07:54:08 - [TEST_STEP][PASSED] - click(findTestObject("Object Repository/V2/Commons/ManageUsersPage/input__orgRole")): Object: 'Object Repository/V2/Commons/ManageUsersPage/input__orgRole' is clicked on

2020-09-07 07:54:08 - [MESSAGE][PASSED] - Object: 'Object Repository/V2/Commons/ManageUsersPage/input__orgRole' is clicked on

2020-09-07 07:54:08 - [TEST_STEP][PASSED] - roleOptionObj = tt_CustomKeywords.CustomKeywords.CreateDynamicElement(roleOption, permissionValue, "xpath"): Successfully created new dynamic object: //span[text()='Supervisor']/parent::div[@role='option']

2020-09-07 07:54:08 - [MESSAGE][PASSED] - Successfully created new dynamic object: //span[text()='Supervisor']/parent::div[@role='option']

2020-09-07 07:54:08 - [TEST_STEP][PASSED] - click(roleOptionObj): Object: '' is clicked on

2020-09-07 07:54:09 - [MESSAGE][PASSED] - Object: '' is clicked on

2020-09-07 07:54:09 - [TEST_STEP][PASSED] - click(findTestObject("Object Repository/V2/Commons/ManageUsersPage/div_Save")): Object: 'Object Repository/V2/Commons/ManageUsersPage/div_Save' is clicked on

2020-09-07 07:54:09 - [MESSAGE][PASSED] - Object: 'Object Repository/V2/Commons/ManageUsersPage/div_Save' is clicked on

2020-09-07 07:54:09 - [TEST_STEP][PASSED] - waitForElementVisible(findTestObject("V2/Commons/ManageUsersPage/h3_User Saved"), DefaultTimeout): Object 'Object Repository/V2/Commons/ManageUsersPage/h3_User Saved' is visible

2020-09-07 07:54:19 - [MESSAGE][PASSED] - Object 'Object Repository/V2/Commons/ManageUsersPage/h3_User Saved' is visible

2020-09-07 07:54:19 - [TEST_STEP][PASSED] - verifyElementVisible(findTestObject("Object Repository/V2/Commons/ManageUsersPage/h3_User Saved")): Object 'Object Repository/V2/Commons/ManageUsersPage/h3_User Saved' is visible

2020-09-07 07:54:20 - [MESSAGE][PASSED] - Object 'Object Repository/V2/Commons/ManageUsersPage/h3_User Saved' is visible

2020-09-07 07:54:20 - [MESSAGE][PASSED] - Call Test Case 'Test Cases/V2/Test Case/Pre-conditions/PRE_ChangeUserPermissionViaManageUser' successfully

2020-09-07 07:54:20 - [TEST_STEP][PASSED] - employee_activationURL = tt_CustomKeywords.CustomKeywords.RegisterAndActivateSupervisorUserViaAPI(V2Url, orgID, employee_email, password, email, password, employee_fname, lastname): SUCCESFFULLY registered a new user via API. 
 Generated Activation Link: 
https://v2dev.traction.tools/activate?activationKey=4e0966d6-1b93-4033-bf92-81edca685518&userId=d7328e29-fac6-4ddf-a9ae-702324bb0cfb&orgId=cdb82f9f-529a-4f06-8fbf-18da9453c17b&email=tractiontools.user001+te5k8f2e@gmail.com&isCreator=0

2020-09-07 07:54:26 - [MESSAGE][PASSED] - SUCCESFFULLY registered a new user via API. 
 Generated Activation Link: 
https://v2dev.traction.tools/activate?activationKey=4e0966d6-1b93-4033-bf92-81edca685518&userId=d7328e29-fac6-4ddf-a9ae-702324bb0cfb&orgId=cdb82f9f-529a-4f06-8fbf-18da9453c17b&email=tractiontools.user001+te5k8f2e@gmail.com&isCreator=0

2020-09-07 07:54:26 - [TEST_STEP][PASSED] - callTestCase(findTestCase("V2/Test Case/Pre-conditions/PRE_ChangeUserPermissionViaManageUser"), ["showMenuItemsPath":"//div[@class='usercard__detail_container']/div[text()='%s']/ancestor::div[contains(@class,'usercard__content')]//button[@aria-label='Show Menu Items']", "user_email":employee_email, ... ], STOP_ON_FAILURE): Call Test Case 'Test Cases/V2/Test Case/Pre-conditions/PRE_ChangeUserPermissionViaManageUser' successfully

2020-09-07 07:54:26 - [TEST_CASE][PASSED] - Test Cases/V2/Test Case/Pre-conditions/PRE_ChangeUserPermissionViaManageUser: Test Cases/V2/Test Case/Pre-conditions/PRE_ChangeUserPermissionViaManageUser

2020-09-07 07:54:26 - [TEST_STEP][PASSED] - click(findTestObject("Object Repository/V2/Commons/ManageUsersPage/span_Company Settings")): Object: 'Object Repository/V2/Commons/ManageUsersPage/span_Company Settings' is clicked on

2020-09-07 07:54:26 - [MESSAGE][PASSED] - Object: 'Object Repository/V2/Commons/ManageUsersPage/span_Company Settings' is clicked on

2020-09-07 07:54:26 - [TEST_STEP][PASSED] - click(findTestObject("V2/Commons/DasboardPage_SidebarMenu/a_Manage Users")): Object: 'Object Repository/V2/Commons/DasboardPage_SidebarMenu/a_Manage Users' is clicked on

2020-09-07 07:54:26 - [MESSAGE][PASSED] - Object: 'Object Repository/V2/Commons/DasboardPage_SidebarMenu/a_Manage Users' is clicked on

2020-09-07 07:54:26 - [TEST_STEP][PASSED] - showMenuItemsObj = tt_CustomKeywords.CustomKeywords.CreateDynamicElement(showMenuItemsPath, user_email, "xpath"): Successfully created new dynamic object: //div[@class='usercard__detail_container']/div[text()='tractiontools.user001+te5k8f2e@gmail.com']/ancestor::div[contains(@class,'usercard__content')]//button[@aria-label='Show Menu Items']

2020-09-07 07:54:26 - [MESSAGE][PASSED] - Successfully created new dynamic object: //div[@class='usercard__detail_container']/div[text()='tractiontools.user001+te5k8f2e@gmail.com']/ancestor::div[contains(@class,'usercard__content')]//button[@aria-label='Show Menu Items']

2020-09-07 07:54:26 - [TEST_STEP][PASSED] - click(showMenuItemsObj): Object: '' is clicked on

2020-09-07 07:54:27 - [MESSAGE][PASSED] - Object: '' is clicked on

2020-09-07 07:54:27 - [TEST_STEP][PASSED] - click(findTestObject("Object Repository/V2/Commons/ManageUsersPage/div_Edit user")): Object: 'Object Repository/V2/Commons/ManageUsersPage/div_Edit user' is clicked on

2020-09-07 07:54:27 - [MESSAGE][PASSED] - Object: 'Object Repository/V2/Commons/ManageUsersPage/div_Edit user' is clicked on

2020-09-07 07:54:27 - [TEST_STEP][PASSED] - verifyElementPresent(findTestObject("V2/Commons/ManageUsersPage/div_PositionTitle"), DefaultTimeout): Object 'Object Repository/V2/Commons/ManageUsersPage/div_PositionTitle' is present

2020-09-07 07:54:28 - [MESSAGE][PASSED] - Object 'Object Repository/V2/Commons/ManageUsersPage/div_PositionTitle' is present

2020-09-07 07:54:28 - [TEST_STEP][PASSED] - setText(findTestObject("V2/Commons/ManageUsersPage/position_title_input"), position_title): Text 'Quality Assurance' is set on object 'Object Repository/V2/Commons/ManageUsersPage/position_title_input'

2020-09-07 07:54:28 - [MESSAGE][PASSED] - Text 'Quality Assurance' is set on object 'Object Repository/V2/Commons/ManageUsersPage/position_title_input'

2020-09-07 07:54:28 - [TEST_STEP][PASSED] - sendKeys(findTestObject("V2/Commons/ManageUsersPage/position_title_input"), Keys.chord(ENTER)): Keys 'ENTER + ' sent to object: 'Object Repository/V2/Commons/ManageUsersPage/position_title_input'

2020-09-07 07:54:29 - [MESSAGE][PASSED] - Keys 'ENTER + ' sent to object: 'Object Repository/V2/Commons/ManageUsersPage/position_title_input'

2020-09-07 07:54:29 - [TEST_STEP][PASSED] - if (permissionValue == "Employee"): Keys 'ENTER + ' sent to object: 'Object Repository/V2/Commons/ManageUsersPage/supervisor_input'

2020-09-07 07:54:29 - [TEST_STEP][PASSED] - verifyElementPresent(findTestObject("V2/Commons/ManageUsersPage/supervisor_input"), DefaultTimeout): Object 'Object Repository/V2/Commons/ManageUsersPage/supervisor_input' is present

2020-09-07 07:54:29 - [MESSAGE][PASSED] - Object 'Object Repository/V2/Commons/ManageUsersPage/supervisor_input' is present

2020-09-07 07:54:29 - [TEST_STEP][PASSED] - setText(findTestObject("V2/Commons/ManageUsersPage/supervisor_input"), user_supervisorName): Text 'Supervisor User' is set on object 'Object Repository/V2/Commons/ManageUsersPage/supervisor_input'

2020-09-07 07:54:30 - [MESSAGE][PASSED] - Text 'Supervisor User' is set on object 'Object Repository/V2/Commons/ManageUsersPage/supervisor_input'

2020-09-07 07:54:30 - [TEST_STEP][PASSED] - sendKeys(findTestObject("V2/Commons/ManageUsersPage/supervisor_input"), Keys.chord(ENTER)): Keys 'ENTER + ' sent to object: 'Object Repository/V2/Commons/ManageUsersPage/supervisor_input'

2020-09-07 07:54:30 - [MESSAGE][PASSED] - Keys 'ENTER + ' sent to object: 'Object Repository/V2/Commons/ManageUsersPage/supervisor_input'

2020-09-07 07:54:30 - [TEST_STEP][PASSED] - verifyElementPresent(findTestObject("Object Repository/V2/Commons/ManageUsersPage/div_User type"), DefaultTimeout): Object 'Object Repository/V2/Commons/ManageUsersPage/div_User type' is present

2020-09-07 07:54:31 - [MESSAGE][PASSED] - Object 'Object Repository/V2/Commons/ManageUsersPage/div_User type' is present

2020-09-07 07:54:31 - [TEST_STEP][PASSED] - click(findTestObject("Object Repository/V2/Commons/ManageUsersPage/input__orgRole")): Object: 'Object Repository/V2/Commons/ManageUsersPage/input__orgRole' is clicked on

2020-09-07 07:54:31 - [MESSAGE][PASSED] - Object: 'Object Repository/V2/Commons/ManageUsersPage/input__orgRole' is clicked on

2020-09-07 07:54:31 - [TEST_STEP][PASSED] - roleOptionObj = tt_CustomKeywords.CustomKeywords.CreateDynamicElement(roleOption, permissionValue, "xpath"): Successfully created new dynamic object: //span[text()='Employee']/parent::div[@role='option']

2020-09-07 07:54:31 - [MESSAGE][PASSED] - Successfully created new dynamic object: //span[text()='Employee']/parent::div[@role='option']

2020-09-07 07:54:31 - [TEST_STEP][PASSED] - click(roleOptionObj): Object: '' is clicked on

2020-09-07 07:54:32 - [MESSAGE][PASSED] - Object: '' is clicked on

2020-09-07 07:54:32 - [TEST_STEP][PASSED] - click(findTestObject("Object Repository/V2/Commons/ManageUsersPage/div_Save")): Object: 'Object Repository/V2/Commons/ManageUsersPage/div_Save' is clicked on

2020-09-07 07:54:32 - [MESSAGE][PASSED] - Object: 'Object Repository/V2/Commons/ManageUsersPage/div_Save' is clicked on

2020-09-07 07:54:32 - [TEST_STEP][PASSED] - waitForElementVisible(findTestObject("V2/Commons/ManageUsersPage/h3_User Saved"), DefaultTimeout): Object 'Object Repository/V2/Commons/ManageUsersPage/h3_User Saved' is visible

2020-09-07 07:54:43 - [MESSAGE][PASSED] - Object 'Object Repository/V2/Commons/ManageUsersPage/h3_User Saved' is visible

2020-09-07 07:54:43 - [TEST_STEP][PASSED] - verifyElementVisible(findTestObject("Object Repository/V2/Commons/ManageUsersPage/h3_User Saved")): Object 'Object Repository/V2/Commons/ManageUsersPage/h3_User Saved' is visible

2020-09-07 07:54:44 - [MESSAGE][PASSED] - Object 'Object Repository/V2/Commons/ManageUsersPage/h3_User Saved' is visible

2020-09-07 07:54:44 - [MESSAGE][PASSED] - Call Test Case 'Test Cases/V2/Test Case/Pre-conditions/PRE_ChangeUserPermissionViaManageUser' successfully

2020-09-07 07:54:44 - [TEST_STEP][PASSED] - callTestCase(findTestCase("V2/Test Case/Pre-conditions/PRE_ActivateNewUser"), ["activationURL":supervisor_activationURL, "email":supervisor_email, "password":password], STOP_ON_FAILURE): Call Test Case 'Test Cases/V2/Test Case/Pre-conditions/PRE_ActivateNewUser' successfully

2020-09-07 07:54:44 - [TEST_CASE][PASSED] - Test Cases/V2/Test Case/Pre-conditions/PRE_ActivateNewUser: Test Cases/V2/Test Case/Pre-conditions/PRE_ActivateNewUser

2020-09-07 07:54:44 - [TEST_STEP][PASSED] - navigateToUrl(activationURL): Navigate to 'https://v2dev.traction.tools/activate?activationKey=7a8706d4-cd8d-45c0-bfa3-d80d8ec0f997&userId=a7ec2979-9441-4c7e-acf7-4f43c99530a0&orgId=cdb82f9f-529a-4f06-8fbf-18da9453c17b&email=tractiontools.user001+ts536yvn@gmail.com&isCreator=0' successfully

2020-09-07 07:54:46 - [MESSAGE][PASSED] - Navigate to 'https://v2dev.traction.tools/activate?activationKey=7a8706d4-cd8d-45c0-bfa3-d80d8ec0f997&userId=a7ec2979-9441-4c7e-acf7-4f43c99530a0&orgId=cdb82f9f-529a-4f06-8fbf-18da9453c17b&email=tractiontools.user001+ts536yvn@gmail.com&isCreator=0' successfully

2020-09-07 07:54:46 - [TEST_STEP][PASSED] - waitForElementVisible(findTestObject("V2/Commons/ActivationPage/input_Email_email"), DefaultTimeout): Object 'Object Repository/V2/Commons/ActivationPage/input_Email_email' is visible

2020-09-07 07:54:47 - [MESSAGE][PASSED] - Object 'Object Repository/V2/Commons/ActivationPage/input_Email_email' is visible

2020-09-07 07:54:47 - [TEST_STEP][PASSED] - actual_email = getAttribute(findTestObject("Object Repository/V2/Commons/ActivationPage/input_Email_email"), "value"): Attribute 'value' of object 'Object Repository/V2/Commons/ActivationPage/input_Email_email' is: 'tractiontools.user001+ts536yvn@gmail.com'

2020-09-07 07:54:47 - [MESSAGE][PASSED] - Attribute 'value' of object 'Object Repository/V2/Commons/ActivationPage/input_Email_email' is: 'tractiontools.user001+ts536yvn@gmail.com'

2020-09-07 07:54:47 - [TEST_STEP][PASSED] - verifyMatch(actual_email, email, false): Actual text 'tractiontools.user001+ts536yvn@gmail.com' and expected text 'tractiontools.user001+ts536yvn@gmail.com' are matched 

2020-09-07 07:54:47 - [MESSAGE][PASSED] - Actual text 'tractiontools.user001+ts536yvn@gmail.com' and expected text 'tractiontools.user001+ts536yvn@gmail.com' are matched 

2020-09-07 07:54:47 - [TEST_STEP][PASSED] - setText(findTestObject("V2/Commons/ActivationPage/input_password"), password): Text 'Qwer123!' is set on object 'Object Repository/V2/Commons/ActivationPage/input_password'

2020-09-07 07:54:48 - [MESSAGE][PASSED] - Text 'Qwer123!' is set on object 'Object Repository/V2/Commons/ActivationPage/input_password'

2020-09-07 07:54:48 - [TEST_STEP][PASSED] - setText(findTestObject("Object Repository/V2/Commons/ActivationPage/input__passwordRepeat"), password): Text 'Qwer123!' is set on object 'Object Repository/V2/Commons/ActivationPage/input__passwordRepeat'

2020-09-07 07:54:48 - [MESSAGE][PASSED] - Text 'Qwer123!' is set on object 'Object Repository/V2/Commons/ActivationPage/input__passwordRepeat'

2020-09-07 07:54:48 - [TEST_STEP][PASSED] - click(findTestObject("V2/Commons/ActivationPage/input_termsandconditions")): Object: 'Object Repository/V2/Commons/ActivationPage/input_termsandconditions' is clicked on

2020-09-07 07:54:49 - [MESSAGE][PASSED] - Object: 'Object Repository/V2/Commons/ActivationPage/input_termsandconditions' is clicked on

2020-09-07 07:54:49 - [TEST_STEP][PASSED] - click(findTestObject("Object Repository/V2/Commons/ActivationPage/div_Create account")): Object: 'Object Repository/V2/Commons/ActivationPage/div_Create account' is clicked on

2020-09-07 07:54:49 - [MESSAGE][PASSED] - Object: 'Object Repository/V2/Commons/ActivationPage/div_Create account' is clicked on

2020-09-07 07:54:49 - [TEST_STEP][PASSED] - waitForElementPresent(findTestObject("V2/Commons/DasboardPage_SidebarMenu/img_Home_logo-big"), DefaultTimeout): Object 'Object Repository/V2/Commons/DasboardPage_SidebarMenu/img_Home_logo-big' is present

2020-09-07 07:54:54 - [MESSAGE][PASSED] - Object 'Object Repository/V2/Commons/DasboardPage_SidebarMenu/img_Home_logo-big' is present

2020-09-07 07:54:54 - [TEST_STEP][PASSED] - verifyElementPresent(findTestObject("V2/Commons/DasboardPage_SidebarMenu/img_Home_logo-big"), 0): Object 'Object Repository/V2/Commons/DasboardPage_SidebarMenu/img_Home_logo-big' is present

2020-09-07 07:54:54 - [MESSAGE][WARNING] - Timeout '0' is invalid. Using default page load timeout: '30'

2020-09-07 07:54:55 - [MESSAGE][PASSED] - Object 'Object Repository/V2/Commons/DasboardPage_SidebarMenu/img_Home_logo-big' is present

2020-09-07 07:54:55 - [MESSAGE][PASSED] - Call Test Case 'Test Cases/V2/Test Case/Pre-conditions/PRE_ActivateNewUser' successfully

2020-09-07 07:54:55 - [TEST_STEP][PASSED] - callTestCase(findTestCase("V2/Test Case/Pre-conditions/PRE_SkipPersonalProfileSetup"), [:], STOP_ON_FAILURE): Call Test Case 'Test Cases/V2/Test Case/Pre-conditions/PRE_SkipPersonalProfileSetup' successfully

2020-09-07 07:54:55 - [TEST_CASE][PASSED] - Test Cases/V2/Test Case/Pre-conditions/PRE_SkipPersonalProfileSetup: Test Cases/V2/Test Case/Pre-conditions/PRE_SkipPersonalProfileSetup

2020-09-07 07:54:55 - [TEST_STEP][PASSED] - waitForElementVisible(findTestObject("V2/Commons/FirstUpdateCompanyAndPersonalInfoModal/confirmPersonalInfoHeader_h1"), DefaultTimeout): Object 'Object Repository/V2/Commons/FirstUpdateCompanyAndPersonalInfoModal/confirmPersonalInfoHeader_h1' is visible

2020-09-07 07:54:55 - [MESSAGE][PASSED] - Object 'Object Repository/V2/Commons/FirstUpdateCompanyAndPersonalInfoModal/confirmPersonalInfoHeader_h1' is visible

2020-09-07 07:54:55 - [TEST_STEP][PASSED] - click(findTestObject("V2/Commons/FirstUpdateCompanyAndPersonalInfoModal/confirmInfoSkip_button")): Object: 'Object Repository/V2/Commons/FirstUpdateCompanyAndPersonalInfoModal/confirmInfoSkip_button' is clicked on

2020-09-07 07:54:56 - [MESSAGE][PASSED] - Object: 'Object Repository/V2/Commons/FirstUpdateCompanyAndPersonalInfoModal/confirmInfoSkip_button' is clicked on

2020-09-07 07:54:56 - [TEST_STEP][PASSED] - waitForElementVisible(findTestObject("V2/Commons/FirstUpdateCompanyAndPersonalInfoModal/letsGetStarted_button"), DefaultTimeout): Object 'Object Repository/V2/Commons/FirstUpdateCompanyAndPersonalInfoModal/letsGetStarted_button' is visible

2020-09-07 07:54:57 - [MESSAGE][PASSED] - Object 'Object Repository/V2/Commons/FirstUpdateCompanyAndPersonalInfoModal/letsGetStarted_button' is visible

2020-09-07 07:54:57 - [TEST_STEP][PASSED] - click(findTestObject("V2/Commons/FirstUpdateCompanyAndPersonalInfoModal/letsGetStarted_button")): Object: 'Object Repository/V2/Commons/FirstUpdateCompanyAndPersonalInfoModal/letsGetStarted_button' is clicked on

2020-09-07 07:54:57 - [MESSAGE][PASSED] - Object: 'Object Repository/V2/Commons/FirstUpdateCompanyAndPersonalInfoModal/letsGetStarted_button' is clicked on

2020-09-07 07:54:57 - [MESSAGE][PASSED] - Call Test Case 'Test Cases/V2/Test Case/Pre-conditions/PRE_SkipPersonalProfileSetup' successfully

2020-09-07 07:54:57 - [TEST_STEP][PASSED] - callTestCase(findTestCase("V2/Test Case/Pre-conditions/PRE_ActivateNewUser"), ["activationURL":employee_activationURL, "email":employee_email, "password":password], STOP_ON_FAILURE): Call Test Case 'Test Cases/V2/Test Case/Pre-conditions/PRE_ActivateNewUser' successfully

2020-09-07 07:54:57 - [TEST_CASE][PASSED] - Test Cases/V2/Test Case/Pre-conditions/PRE_ActivateNewUser: Test Cases/V2/Test Case/Pre-conditions/PRE_ActivateNewUser

2020-09-07 07:54:57 - [TEST_STEP][PASSED] - navigateToUrl(activationURL): Navigate to 'https://v2dev.traction.tools/activate?activationKey=4e0966d6-1b93-4033-bf92-81edca685518&userId=d7328e29-fac6-4ddf-a9ae-702324bb0cfb&orgId=cdb82f9f-529a-4f06-8fbf-18da9453c17b&email=tractiontools.user001+te5k8f2e@gmail.com&isCreator=0' successfully

2020-09-07 07:54:59 - [MESSAGE][PASSED] - Navigate to 'https://v2dev.traction.tools/activate?activationKey=4e0966d6-1b93-4033-bf92-81edca685518&userId=d7328e29-fac6-4ddf-a9ae-702324bb0cfb&orgId=cdb82f9f-529a-4f06-8fbf-18da9453c17b&email=tractiontools.user001+te5k8f2e@gmail.com&isCreator=0' successfully

2020-09-07 07:54:59 - [TEST_STEP][PASSED] - waitForElementVisible(findTestObject("V2/Commons/ActivationPage/input_Email_email"), DefaultTimeout): Object 'Object Repository/V2/Commons/ActivationPage/input_Email_email' is visible

2020-09-07 07:55:00 - [MESSAGE][PASSED] - Object 'Object Repository/V2/Commons/ActivationPage/input_Email_email' is visible

2020-09-07 07:55:00 - [TEST_STEP][PASSED] - actual_email = getAttribute(findTestObject("Object Repository/V2/Commons/ActivationPage/input_Email_email"), "value"): Attribute 'value' of object 'Object Repository/V2/Commons/ActivationPage/input_Email_email' is: 'tractiontools.user001+te5k8f2e@gmail.com'

2020-09-07 07:55:01 - [MESSAGE][PASSED] - Attribute 'value' of object 'Object Repository/V2/Commons/ActivationPage/input_Email_email' is: 'tractiontools.user001+te5k8f2e@gmail.com'

2020-09-07 07:55:01 - [TEST_STEP][PASSED] - verifyMatch(actual_email, email, false): Actual text 'tractiontools.user001+te5k8f2e@gmail.com' and expected text 'tractiontools.user001+te5k8f2e@gmail.com' are matched 

2020-09-07 07:55:01 - [MESSAGE][PASSED] - Actual text 'tractiontools.user001+te5k8f2e@gmail.com' and expected text 'tractiontools.user001+te5k8f2e@gmail.com' are matched 

2020-09-07 07:55:01 - [TEST_STEP][PASSED] - setText(findTestObject("V2/Commons/ActivationPage/input_password"), password): Text 'Qwer123!' is set on object 'Object Repository/V2/Commons/ActivationPage/input_password'

2020-09-07 07:55:01 - [MESSAGE][PASSED] - Text 'Qwer123!' is set on object 'Object Repository/V2/Commons/ActivationPage/input_password'

2020-09-07 07:55:01 - [TEST_STEP][PASSED] - setText(findTestObject("Object Repository/V2/Commons/ActivationPage/input__passwordRepeat"), password): Text 'Qwer123!' is set on object 'Object Repository/V2/Commons/ActivationPage/input__passwordRepeat'

2020-09-07 07:55:02 - [MESSAGE][PASSED] - Text 'Qwer123!' is set on object 'Object Repository/V2/Commons/ActivationPage/input__passwordRepeat'

2020-09-07 07:55:02 - [TEST_STEP][PASSED] - click(findTestObject("V2/Commons/ActivationPage/input_termsandconditions")): Object: 'Object Repository/V2/Commons/ActivationPage/input_termsandconditions' is clicked on

2020-09-07 07:55:02 - [MESSAGE][PASSED] - Object: 'Object Repository/V2/Commons/ActivationPage/input_termsandconditions' is clicked on

2020-09-07 07:55:02 - [TEST_STEP][PASSED] - click(findTestObject("Object Repository/V2/Commons/ActivationPage/div_Create account")): Object: 'Object Repository/V2/Commons/ActivationPage/div_Create account' is clicked on

2020-09-07 07:55:03 - [MESSAGE][PASSED] - Object: 'Object Repository/V2/Commons/ActivationPage/div_Create account' is clicked on

2020-09-07 07:55:03 - [TEST_STEP][PASSED] - waitForElementPresent(findTestObject("V2/Commons/DasboardPage_SidebarMenu/img_Home_logo-big"), DefaultTimeout): Object 'Object Repository/V2/Commons/DasboardPage_SidebarMenu/img_Home_logo-big' is present

2020-09-07 07:55:07 - [MESSAGE][PASSED] - Object 'Object Repository/V2/Commons/DasboardPage_SidebarMenu/img_Home_logo-big' is present

2020-09-07 07:55:07 - [TEST_STEP][PASSED] - verifyElementPresent(findTestObject("V2/Commons/DasboardPage_SidebarMenu/img_Home_logo-big"), 0): Object 'Object Repository/V2/Commons/DasboardPage_SidebarMenu/img_Home_logo-big' is present

2020-09-07 07:55:08 - [MESSAGE][WARNING] - Timeout '0' is invalid. Using default page load timeout: '30'

2020-09-07 07:55:08 - [MESSAGE][PASSED] - Object 'Object Repository/V2/Commons/DasboardPage_SidebarMenu/img_Home_logo-big' is present

2020-09-07 07:55:08 - [MESSAGE][PASSED] - Call Test Case 'Test Cases/V2/Test Case/Pre-conditions/PRE_ActivateNewUser' successfully

2020-09-07 07:55:08 - [TEST_STEP][PASSED] - callTestCase(findTestCase("V2/Test Case/Pre-conditions/PRE_SkipPersonalProfileSetup"), [:], STOP_ON_FAILURE): Call Test Case 'Test Cases/V2/Test Case/Pre-conditions/PRE_SkipPersonalProfileSetup' successfully

2020-09-07 07:55:08 - [TEST_CASE][PASSED] - Test Cases/V2/Test Case/Pre-conditions/PRE_SkipPersonalProfileSetup: Test Cases/V2/Test Case/Pre-conditions/PRE_SkipPersonalProfileSetup

2020-09-07 07:55:08 - [TEST_STEP][PASSED] - waitForElementVisible(findTestObject("V2/Commons/FirstUpdateCompanyAndPersonalInfoModal/confirmPersonalInfoHeader_h1"), DefaultTimeout): Object 'Object Repository/V2/Commons/FirstUpdateCompanyAndPersonalInfoModal/confirmPersonalInfoHeader_h1' is visible

2020-09-07 07:55:09 - [MESSAGE][PASSED] - Object 'Object Repository/V2/Commons/FirstUpdateCompanyAndPersonalInfoModal/confirmPersonalInfoHeader_h1' is visible

2020-09-07 07:55:09 - [TEST_STEP][PASSED] - click(findTestObject("V2/Commons/FirstUpdateCompanyAndPersonalInfoModal/confirmInfoSkip_button")): Object: 'Object Repository/V2/Commons/FirstUpdateCompanyAndPersonalInfoModal/confirmInfoSkip_button' is clicked on

2020-09-07 07:55:10 - [MESSAGE][PASSED] - Object: 'Object Repository/V2/Commons/FirstUpdateCompanyAndPersonalInfoModal/confirmInfoSkip_button' is clicked on

2020-09-07 07:55:10 - [TEST_STEP][PASSED] - waitForElementVisible(findTestObject("V2/Commons/FirstUpdateCompanyAndPersonalInfoModal/letsGetStarted_button"), DefaultTimeout): Object 'Object Repository/V2/Commons/FirstUpdateCompanyAndPersonalInfoModal/letsGetStarted_button' is visible

2020-09-07 07:55:10 - [MESSAGE][PASSED] - Object 'Object Repository/V2/Commons/FirstUpdateCompanyAndPersonalInfoModal/letsGetStarted_button' is visible

2020-09-07 07:55:10 - [TEST_STEP][PASSED] - click(findTestObject("V2/Commons/FirstUpdateCompanyAndPersonalInfoModal/letsGetStarted_button")): Object: 'Object Repository/V2/Commons/FirstUpdateCompanyAndPersonalInfoModal/letsGetStarted_button' is clicked on

2020-09-07 07:55:11 - [MESSAGE][PASSED] - Object: 'Object Repository/V2/Commons/FirstUpdateCompanyAndPersonalInfoModal/letsGetStarted_button' is clicked on

2020-09-07 07:55:11 - [MESSAGE][PASSED] - Call Test Case 'Test Cases/V2/Test Case/Pre-conditions/PRE_SkipPersonalProfileSetup' successfully

2020-09-07 07:55:11 - [MESSAGE][PASSED] - Call Test Case 'Test Cases/V2/Test Case/Pre-conditions/PRE_RegisterAndActivateTTUsers' successfully

2020-09-07 07:55:11 - [TEST_STEP][PASSED] - closeBrowser(): Browser is closed

2020-09-07 07:55:11 - [MESSAGE][PASSED] - Browser is closed

2020-09-07 07:55:11 - [TEST_STEP][PASSED] - path = System.getProperty("user.dir"): null

2020-09-07 07:55:11 - [TEST_STEP][PASSED] - System.setProperty("webdriver.chrome.driver", "C:\Users\Aaron-PC\Documents\Traction Tools\Katalon\Katalon_Studio_Windows_64-7.6.2\Katalon_Studio_Windows_64-7.6.2\configuration\resources\drivers\chromedriver_win32\chromedriver.exe"): null

2020-09-07 07:55:11 - [TEST_STEP][PASSED] - driver1 = new org.openqa.selenium.chrome.ChromeDriver(): null

2020-09-07 07:55:15 - [TEST_STEP][PASSED] - changeWebDriver(driver1): null

2020-09-07 07:55:15 - [TEST_STEP][PASSED] - maximizeWindow(): Current window maximized

2020-09-07 07:55:17 - [MESSAGE][PASSED] - Current window maximized

2020-09-07 07:55:17 - [TEST_STEP][PASSED] - navigateToUrl(V2Url): Navigate to 'https://v2dev.traction.tools' successfully

2020-09-07 07:55:18 - [MESSAGE][PASSED] - Navigate to 'https://v2dev.traction.tools' successfully

2020-09-07 07:55:18 - [TEST_STEP][PASSED] - callTestCase(findTestCase("V2/Test Case/Pre-conditions/PRE_LoginToTractionToolsApplication"), ["username":email, "password":password], STOP_ON_FAILURE): Call Test Case 'Test Cases/V2/Test Case/Pre-conditions/PRE_LoginToTractionToolsApplication' successfully

2020-09-07 07:55:18 - [TEST_CASE][PASSED] - Test Cases/V2/Test Case/Pre-conditions/PRE_LoginToTractionToolsApplication: Test Cases/V2/Test Case/Pre-conditions/PRE_LoginToTractionToolsApplication

2020-09-07 07:55:18 - [TEST_STEP][PASSED] - setText(findTestObject("V2/Commons/LoginPage/input__username"), username): Text 'tractiontools.user001+ta5nbhmy@gmail.com' is set on object 'Object Repository/V2/Commons/LoginPage/input__username'

2020-09-07 07:55:25 - [MESSAGE][PASSED] - Text 'tractiontools.user001+ta5nbhmy@gmail.com' is set on object 'Object Repository/V2/Commons/LoginPage/input__username'

2020-09-07 07:55:25 - [TEST_STEP][PASSED] - setText(findTestObject("V2/Commons/LoginPage/input__password"), password): Text 'Qwer123!' is set on object 'Object Repository/V2/Commons/LoginPage/input__password'

2020-09-07 07:55:26 - [MESSAGE][PASSED] - Text 'Qwer123!' is set on object 'Object Repository/V2/Commons/LoginPage/input__password'

2020-09-07 07:55:26 - [TEST_STEP][PASSED] - click(findTestObject("V2/Commons/LoginPage/div_Login")): Object: 'Object Repository/V2/Commons/LoginPage/div_Login' is clicked on

2020-09-07 07:55:26 - [MESSAGE][PASSED] - Object: 'Object Repository/V2/Commons/LoginPage/div_Login' is clicked on

2020-09-07 07:55:26 - [TEST_STEP][PASSED] - waitForElementVisible(findTestObject("V2/Commons/DasboardPage_SidebarMenu/img_Home_logo-big"), DefaultTimeout): Object 'Object Repository/V2/Commons/DasboardPage_SidebarMenu/img_Home_logo-big' is visible

2020-09-07 07:55:30 - [MESSAGE][PASSED] - Object 'Object Repository/V2/Commons/DasboardPage_SidebarMenu/img_Home_logo-big' is visible

2020-09-07 07:55:30 - [TEST_STEP][PASSED] - verifyElementVisible(findTestObject("V2/Commons/DasboardPage_SidebarMenu/img_Home_logo-big"), STOP_ON_FAILURE): Object 'Object Repository/V2/Commons/DasboardPage_SidebarMenu/img_Home_logo-big' is visible

2020-09-07 07:55:30 - [MESSAGE][PASSED] - Object 'Object Repository/V2/Commons/DasboardPage_SidebarMenu/img_Home_logo-big' is visible

2020-09-07 07:55:30 - [MESSAGE][PASSED] - Call Test Case 'Test Cases/V2/Test Case/Pre-conditions/PRE_LoginToTractionToolsApplication' successfully

2020-09-07 07:55:30 - [TEST_STEP][PASSED] - driver2 = new org.openqa.selenium.chrome.ChromeDriver(): null

2020-09-07 07:55:34 - [TEST_STEP][PASSED] - changeWebDriver(driver2): null

2020-09-07 07:55:34 - [TEST_STEP][PASSED] - maximizeWindow(): Current window maximized

2020-09-07 07:55:36 - [MESSAGE][PASSED] - Current window maximized

2020-09-07 07:55:36 - [TEST_STEP][PASSED] - navigateToUrl(V2Url): Navigate to 'https://v2dev.traction.tools' successfully

2020-09-07 07:55:37 - [MESSAGE][PASSED] - Navigate to 'https://v2dev.traction.tools' successfully

2020-09-07 07:55:37 - [TEST_STEP][PASSED] - callTestCase(findTestCase("V2/Test Case/Pre-conditions/PRE_LoginToTractionToolsApplication"), ["username":supervisor_email, "password":password], STOP_ON_FAILURE): Call Test Case 'Test Cases/V2/Test Case/Pre-conditions/PRE_LoginToTractionToolsApplication' successfully

2020-09-07 07:55:37 - [TEST_CASE][PASSED] - Test Cases/V2/Test Case/Pre-conditions/PRE_LoginToTractionToolsApplication: Test Cases/V2/Test Case/Pre-conditions/PRE_LoginToTractionToolsApplication

2020-09-07 07:55:37 - [TEST_STEP][PASSED] - setText(findTestObject("V2/Commons/LoginPage/input__username"), username): Text 'tractiontools.user001+ts536yvn@gmail.com' is set on object 'Object Repository/V2/Commons/LoginPage/input__username'

2020-09-07 07:55:44 - [MESSAGE][PASSED] - Text 'tractiontools.user001+ts536yvn@gmail.com' is set on object 'Object Repository/V2/Commons/LoginPage/input__username'

2020-09-07 07:55:44 - [TEST_STEP][PASSED] - setText(findTestObject("V2/Commons/LoginPage/input__password"), password): Text 'Qwer123!' is set on object 'Object Repository/V2/Commons/LoginPage/input__password'

2020-09-07 07:55:45 - [MESSAGE][PASSED] - Text 'Qwer123!' is set on object 'Object Repository/V2/Commons/LoginPage/input__password'

2020-09-07 07:55:45 - [TEST_STEP][PASSED] - click(findTestObject("V2/Commons/LoginPage/div_Login")): Object: 'Object Repository/V2/Commons/LoginPage/div_Login' is clicked on

2020-09-07 07:55:45 - [MESSAGE][PASSED] - Object: 'Object Repository/V2/Commons/LoginPage/div_Login' is clicked on

2020-09-07 07:55:45 - [TEST_STEP][PASSED] - waitForElementVisible(findTestObject("V2/Commons/DasboardPage_SidebarMenu/img_Home_logo-big"), DefaultTimeout): Object 'Object Repository/V2/Commons/DasboardPage_SidebarMenu/img_Home_logo-big' is visible

2020-09-07 07:55:49 - [MESSAGE][PASSED] - Object 'Object Repository/V2/Commons/DasboardPage_SidebarMenu/img_Home_logo-big' is visible

2020-09-07 07:55:49 - [TEST_STEP][PASSED] - verifyElementVisible(findTestObject("V2/Commons/DasboardPage_SidebarMenu/img_Home_logo-big"), STOP_ON_FAILURE): Object 'Object Repository/V2/Commons/DasboardPage_SidebarMenu/img_Home_logo-big' is visible

2020-09-07 07:55:49 - [MESSAGE][PASSED] - Object 'Object Repository/V2/Commons/DasboardPage_SidebarMenu/img_Home_logo-big' is visible

2020-09-07 07:55:49 - [MESSAGE][PASSED] - Call Test Case 'Test Cases/V2/Test Case/Pre-conditions/PRE_LoginToTractionToolsApplication' successfully

2020-09-07 07:55:49 - [TEST_STEP][PASSED] - driver3 = new org.openqa.selenium.chrome.ChromeDriver(): null

2020-09-07 07:55:52 - [TEST_STEP][PASSED] - changeWebDriver(driver3): null

2020-09-07 07:55:52 - [TEST_STEP][PASSED] - maximizeWindow(): Current window maximized

2020-09-07 07:55:54 - [MESSAGE][PASSED] - Current window maximized

2020-09-07 07:55:54 - [TEST_STEP][PASSED] - navigateToUrl(V2Url): Navigate to 'https://v2dev.traction.tools' successfully

2020-09-07 07:55:56 - [MESSAGE][PASSED] - Navigate to 'https://v2dev.traction.tools' successfully

2020-09-07 07:55:56 - [TEST_STEP][PASSED] - callTestCase(findTestCase("V2/Test Case/Pre-conditions/PRE_LoginToTractionToolsApplication"), ["username":employee_email, "password":password], STOP_ON_FAILURE): Call Test Case 'Test Cases/V2/Test Case/Pre-conditions/PRE_LoginToTractionToolsApplication' successfully

2020-09-07 07:55:56 - [TEST_CASE][PASSED] - Test Cases/V2/Test Case/Pre-conditions/PRE_LoginToTractionToolsApplication: Test Cases/V2/Test Case/Pre-conditions/PRE_LoginToTractionToolsApplication

2020-09-07 07:55:56 - [TEST_STEP][PASSED] - setText(findTestObject("V2/Commons/LoginPage/input__username"), username): Text 'tractiontools.user001+te5k8f2e@gmail.com' is set on object 'Object Repository/V2/Commons/LoginPage/input__username'

2020-09-07 07:56:03 - [MESSAGE][PASSED] - Text 'tractiontools.user001+te5k8f2e@gmail.com' is set on object 'Object Repository/V2/Commons/LoginPage/input__username'

2020-09-07 07:56:03 - [TEST_STEP][PASSED] - setText(findTestObject("V2/Commons/LoginPage/input__password"), password): Text 'Qwer123!' is set on object 'Object Repository/V2/Commons/LoginPage/input__password'

2020-09-07 07:56:03 - [MESSAGE][PASSED] - Text 'Qwer123!' is set on object 'Object Repository/V2/Commons/LoginPage/input__password'

2020-09-07 07:56:03 - [TEST_STEP][PASSED] - click(findTestObject("V2/Commons/LoginPage/div_Login")): Object: 'Object Repository/V2/Commons/LoginPage/div_Login' is clicked on

2020-09-07 07:56:04 - [MESSAGE][PASSED] - Object: 'Object Repository/V2/Commons/LoginPage/div_Login' is clicked on

2020-09-07 07:56:04 - [TEST_STEP][PASSED] - waitForElementVisible(findTestObject("V2/Commons/DasboardPage_SidebarMenu/img_Home_logo-big"), DefaultTimeout): Object 'Object Repository/V2/Commons/DasboardPage_SidebarMenu/img_Home_logo-big' is visible

2020-09-07 07:56:08 - [MESSAGE][PASSED] - Object 'Object Repository/V2/Commons/DasboardPage_SidebarMenu/img_Home_logo-big' is visible

2020-09-07 07:56:08 - [TEST_STEP][PASSED] - verifyElementVisible(findTestObject("V2/Commons/DasboardPage_SidebarMenu/img_Home_logo-big"), STOP_ON_FAILURE): Object 'Object Repository/V2/Commons/DasboardPage_SidebarMenu/img_Home_logo-big' is visible

2020-09-07 07:56:08 - [MESSAGE][PASSED] - Object 'Object Repository/V2/Commons/DasboardPage_SidebarMenu/img_Home_logo-big' is visible

2020-09-07 07:56:08 - [MESSAGE][PASSED] - Call Test Case 'Test Cases/V2/Test Case/Pre-conditions/PRE_LoginToTractionToolsApplication' successfully

2020-09-07 07:56:08 - [TEST_STEP][PASSED] - changeWebDriver(driver1): null

2020-09-07 07:56:08 - [TEST_STEP][PASSED] - callTestCase(findTestCase("V2/Test Case/Tests/TT-363 - Meeting List/Positive/Admin/TT_363_1-1_CreateL10MeetingforMonday_Admin"), ["username":"", "password":"", "meetingName":meetingName, "meetingAcronym":meetingAcronym, "meetingDescription":meetingDescription, ... ], STOP_ON_FAILURE): Call Test Case 'Test Cases/V2/Test Case/Tests/TT-363 - Meeting List/Positive/Admin/TT_363_1-1_CreateL10MeetingforMonday_Admin' successfully

2020-09-07 07:56:08 - [TEST_CASE][PASSED] - Test Cases/V2/Test Case/Tests/TT-363 - Meeting List/Positive/Admin/TT_363_1-1_CreateL10MeetingforMonday_Admin: Test Cases/V2/Test Case/Tests/TT-363 - Meeting List/Positive/Admin/TT_363_1-1_CreateL10MeetingforMonday_Admin

2020-09-07 07:56:08 - [TEST_STEP][NOT_RUN] - openBrowser(""): NOT_RUN: openBrowser("")

2020-09-07 07:56:08 - [MESSAGE][NOT_RUN] - NOT_RUN: openBrowser("")

2020-09-07 07:56:08 - [TEST_STEP][NOT_RUN] - maximizeWindow(): NOT_RUN: maximizeWindow()

2020-09-07 07:56:08 - [MESSAGE][NOT_RUN] - NOT_RUN: maximizeWindow()

2020-09-07 07:56:08 - [TEST_STEP][NOT_RUN] - navigateToUrl(V2Url): NOT_RUN: navigateToUrl(V2Url)

2020-09-07 07:56:08 - [MESSAGE][NOT_RUN] - NOT_RUN: navigateToUrl(V2Url)

2020-09-07 07:56:08 - [TEST_STEP][NOT_RUN] - delay(7): NOT_RUN: delay(7)

2020-09-07 07:56:08 - [MESSAGE][NOT_RUN] - NOT_RUN: delay(7)

2020-09-07 07:56:08 - [TEST_STEP][NOT_RUN] - waitForElementClickable(findTestObject("V2/TT-363/Page_Login/input__username"), 30): NOT_RUN: waitForElementClickable(findTestObject("V2/TT-363/Page_Login/input__username"), 30)

2020-09-07 07:56:08 - [MESSAGE][NOT_RUN] - NOT_RUN: waitForElementClickable(findTestObject("V2/TT-363/Page_Login/input__username"), 30)

2020-09-07 07:56:08 - [TEST_STEP][NOT_RUN] - setText(findTestObject("V2/TT-363/Page_Login/input__username"), username): NOT_RUN: setText(findTestObject("V2/TT-363/Page_Login/input__username"), username)

2020-09-07 07:56:08 - [MESSAGE][NOT_RUN] - NOT_RUN: setText(findTestObject("V2/TT-363/Page_Login/input__username"), username)

2020-09-07 07:56:08 - [TEST_STEP][NOT_RUN] - setText(findTestObject("Object Repository/V2/TT-363/Page_Login/input__password"), password): NOT_RUN: setText(findTestObject("Object Repository/V2/TT-363/Page_Login/input__password"), password)

2020-09-07 07:56:08 - [MESSAGE][NOT_RUN] - NOT_RUN: setText(findTestObject("Object Repository/V2/TT-363/Page_Login/input__password"), password)

2020-09-07 07:56:08 - [TEST_STEP][NOT_RUN] - click(findTestObject("Object Repository/V2/TT-363/Page_Login/div_Login")): NOT_RUN: click(findTestObject("Object Repository/V2/TT-363/Page_Login/div_Login"))

2020-09-07 07:56:08 - [MESSAGE][NOT_RUN] - NOT_RUN: click(findTestObject("Object Repository/V2/TT-363/Page_Login/div_Login"))

2020-09-07 07:56:08 - [TEST_STEP][PASSED] - verifyElementPresent(findTestObject("V2/TT-363/Page_Dashboard/span_Meetings"), DefaultTimeout): Object 'Object Repository/V2/TT-363/Page_Dashboard/span_Meetings' is present

2020-09-07 07:56:08 - [MESSAGE][PASSED] - Object 'Object Repository/V2/TT-363/Page_Dashboard/span_Meetings' is present

2020-09-07 07:56:08 - [TEST_STEP][PASSED] - click(findTestObject("V2/TT-363/Page_Dashboard/span_Meetings")): Object: 'Object Repository/V2/TT-363/Page_Dashboard/span_Meetings' is clicked on

2020-09-07 07:56:08 - [MESSAGE][PASSED] - Object: 'Object Repository/V2/TT-363/Page_Dashboard/span_Meetings' is clicked on

2020-09-07 07:56:08 - [TEST_STEP][PASSED] - click(findTestObject("Object Repository/V2/TT-363/Page_Meeting/div_Create a meeting")): Object: 'Object Repository/V2/TT-363/Page_Meeting/div_Create a meeting' is clicked on

2020-09-07 07:56:08 - [MESSAGE][PASSED] - Object: 'Object Repository/V2/TT-363/Page_Meeting/div_Create a meeting' is clicked on

2020-09-07 07:56:08 - [TEST_STEP][PASSED] - click(findTestObject("Object Repository/V2/TT-363/Page_Meeting/button_Level 10")): Object: 'Object Repository/V2/TT-363/Page_Meeting/button_Level 10' is clicked on

2020-09-07 07:56:09 - [MESSAGE][PASSED] - Object: 'Object Repository/V2/TT-363/Page_Meeting/button_Level 10' is clicked on

2020-09-07 07:56:09 - [TEST_STEP][PASSED] - waitForElementVisible(findTestObject("Object Repository/V2/TT-363/Page_Meeting/input__name"), DefaultTimeout): Object 'Object Repository/V2/TT-363/Page_Meeting/input__name' is visible

2020-09-07 07:56:09 - [MESSAGE][PASSED] - Object 'Object Repository/V2/TT-363/Page_Meeting/input__name' is visible

2020-09-07 07:56:09 - [TEST_STEP][PASSED] - setText(findTestObject("Object Repository/V2/TT-363/Page_Meeting/input__name"), meetingName): Text 'SP Meeting Admin' is set on object 'Object Repository/V2/TT-363/Page_Meeting/input__name'

2020-09-07 07:56:09 - [MESSAGE][PASSED] - Text 'SP Meeting Admin' is set on object 'Object Repository/V2/TT-363/Page_Meeting/input__name'

2020-09-07 07:56:09 - [TEST_STEP][PASSED] - setText(findTestObject("Object Repository/V2/TT-363/Page_Meeting/input__acronym"), meetingAcronym): Text 'CSP' is set on object 'Object Repository/V2/TT-363/Page_Meeting/input__acronym'

2020-09-07 07:56:10 - [MESSAGE][PASSED] - Text 'CSP' is set on object 'Object Repository/V2/TT-363/Page_Meeting/input__acronym'

2020-09-07 07:56:10 - [TEST_STEP][PASSED] - setText(findTestObject("Object Repository/V2/TT-363/Page_Meeting/input_Meeting description (max 100 characte_8187fa"), meetingDescription): Text 'L10 Meeting' is set on object 'Object Repository/V2/TT-363/Page_Meeting/input_Meeting description (max 100 characte_8187fa'

2020-09-07 07:56:10 - [MESSAGE][PASSED] - Text 'L10 Meeting' is set on object 'Object Repository/V2/TT-363/Page_Meeting/input_Meeting description (max 100 characte_8187fa'

2020-09-07 07:56:10 - [TEST_STEP][PASSED] - click(findTestObject("Object Repository/V2/TT-363/Page_Meeting/input__typeOfMeeting")): Object: 'Object Repository/V2/TT-363/Page_Meeting/input__typeOfMeeting' is clicked on

2020-09-07 07:56:10 - [MESSAGE][PASSED] - Object: 'Object Repository/V2/TT-363/Page_Meeting/input__typeOfMeeting' is clicked on

2020-09-07 07:56:10 - [TEST_STEP][PASSED] - click(findTestObject("V2/TT-363/Page_Meeting/div_Leadership")): Object: 'Object Repository/V2/TT-363/Page_Meeting/div_Leadership' is clicked on

2020-09-07 07:56:10 - [MESSAGE][PASSED] - Object: 'Object Repository/V2/TT-363/Page_Meeting/div_Leadership' is clicked on

2020-09-07 07:56:10 - [TEST_STEP][PASSED] - click(findTestObject("Object Repository/V2/TT-363/Page_Meeting/div_Select a dayMondayTuesdayWednesdayThurs_fcb808")): Object: 'Object Repository/V2/TT-363/Page_Meeting/div_Select a dayMondayTuesdayWednesdayThurs_fcb808' is clicked on

2020-09-07 07:56:10 - [MESSAGE][PASSED] - Object: 'Object Repository/V2/TT-363/Page_Meeting/div_Select a dayMondayTuesdayWednesdayThurs_fcb808' is clicked on

2020-09-07 07:56:10 - [TEST_STEP][PASSED] - click(findTestObject("V2/TT-363/Page_Meeting/div_Monday")): Object: 'Object Repository/V2/TT-363/Page_Meeting/div_Monday' is clicked on

2020-09-07 07:56:10 - [MESSAGE][PASSED] - Object: 'Object Repository/V2/TT-363/Page_Meeting/div_Monday' is clicked on

2020-09-07 07:56:10 - [TEST_STEP][PASSED] - click(findTestObject("Object Repository/V2/TT-363/Page_Meeting/div_000")): Object: 'Object Repository/V2/TT-363/Page_Meeting/div_000' is clicked on

2020-09-07 07:56:10 - [MESSAGE][PASSED] - Object: 'Object Repository/V2/TT-363/Page_Meeting/div_000' is clicked on

2020-09-07 07:56:10 - [TEST_STEP][PASSED] - click(findTestObject("Object Repository/V2/TT-363/Page_Meeting/span_0800")): Object: 'Object Repository/V2/TT-363/Page_Meeting/span_0800' is clicked on

2020-09-07 07:56:10 - [MESSAGE][PASSED] - Object: 'Object Repository/V2/TT-363/Page_Meeting/span_0800' is clicked on

2020-09-07 07:56:10 - [TEST_STEP][PASSED] - setText(findTestObject("Object Repository/V2/TT-363/Page_Meeting/input_Video conference URL_meetingLink"), videoConference): Text 'https://yourvideoconference.com/sample' is set on object 'Object Repository/V2/TT-363/Page_Meeting/input_Video conference URL_meetingLink'

2020-09-07 07:56:11 - [MESSAGE][PASSED] - Text 'https://yourvideoconference.com/sample' is set on object 'Object Repository/V2/TT-363/Page_Meeting/input_Video conference URL_meetingLink'

2020-09-07 07:56:11 - [TEST_STEP][PASSED] - click(findTestObject("Object Repository/V2/TT-363/Page_Meeting/div_Create Meeting")): Object: 'Object Repository/V2/TT-363/Page_Meeting/div_Create Meeting' is clicked on

2020-09-07 07:56:11 - [MESSAGE][PASSED] - Object: 'Object Repository/V2/TT-363/Page_Meeting/div_Create Meeting' is clicked on

2020-09-07 07:56:11 - [TEST_STEP][PASSED] - waitForElementVisible(findTestObject("Object Repository/V2/TT-363/Page_Meeting/div_Ill do this later"), DefaultTimeout): Object 'Object Repository/V2/TT-363/Page_Meeting/div_Ill do this later' is visible

2020-09-07 07:56:44 - [MESSAGE][PASSED] - Object 'Object Repository/V2/TT-363/Page_Meeting/div_Ill do this later' is visible

2020-09-07 07:56:44 - [TEST_STEP][PASSED] - click(findTestObject("Object Repository/V2/TT-363/Page_Meeting/div_Ill do this later")): Object: 'Object Repository/V2/TT-363/Page_Meeting/div_Ill do this later' is clicked on

2020-09-07 07:56:44 - [MESSAGE][PASSED] - Object: 'Object Repository/V2/TT-363/Page_Meeting/div_Ill do this later' is clicked on

2020-09-07 07:56:44 - [TEST_STEP][PASSED] - createMeetingRecordObj = tt_CustomKeywords.CustomKeywords.CreateDynamicElement("//div[@class="detailscontainer__block item"]/h4[text()='%s']", meetingName, "xpath"): Successfully created new dynamic object: //div[@class="detailscontainer__block item"]/h4[text()='SP Meeting Admin']

2020-09-07 07:56:44 - [MESSAGE][PASSED] - Successfully created new dynamic object: //div[@class="detailscontainer__block item"]/h4[text()='SP Meeting Admin']

2020-09-07 07:56:44 - [TEST_STEP][PASSED] - verifyElementPresent(createMeetingRecordObj, DefaultTimeout): Object '' is present

2020-09-07 07:56:45 - [MESSAGE][PASSED] - Object '' is present

2020-09-07 07:56:45 - [TEST_STEP][PASSED] - delay(5): Delayed 5 second(s)

2020-09-07 07:56:50 - [MESSAGE][PASSED] - Delayed 5 second(s)

2020-09-07 07:56:50 - [MESSAGE][PASSED] - Call Test Case 'Test Cases/V2/Test Case/Tests/TT-363 - Meeting List/Positive/Admin/TT_363_1-1_CreateL10MeetingforMonday_Admin' successfully

2020-09-07 07:56:50 - [TEST_STEP][PASSED] - waitForElementVisible(findTestObject("Object Repository/V2/TT-363/Page_Meeting/Edit_Meeting/Page_Meeting/button_Go to meeting_BtnIconNakedStyles-sc-_e4abf2"), DefaultTimeout): Object 'Object Repository/V2/TT-363/Page_Meeting/Edit_Meeting/Page_Meeting/button_Go to meeting_BtnIconNakedStyles-sc-_e4abf2' is visible

2020-09-07 07:56:50 - [MESSAGE][PASSED] - Object 'Object Repository/V2/TT-363/Page_Meeting/Edit_Meeting/Page_Meeting/button_Go to meeting_BtnIconNakedStyles-sc-_e4abf2' is visible

2020-09-07 07:56:50 - [TEST_STEP][PASSED] - click(findTestObject("Object Repository/V2/TT-363/Page_Meeting/Edit_Meeting/Page_Meeting/button_Go to meeting_BtnIconNakedStyles-sc-_e4abf2")): Object: 'Object Repository/V2/TT-363/Page_Meeting/Edit_Meeting/Page_Meeting/button_Go to meeting_BtnIconNakedStyles-sc-_e4abf2' is clicked on

2020-09-07 07:56:50 - [MESSAGE][PASSED] - Object: 'Object Repository/V2/TT-363/Page_Meeting/Edit_Meeting/Page_Meeting/button_Go to meeting_BtnIconNakedStyles-sc-_e4abf2' is clicked on

2020-09-07 07:56:50 - [TEST_STEP][PASSED] - click(findTestObject("Object Repository/V2/TT-363/Page_Meeting/Edit_Meeting/Page_Meeting/a_Edit meeting")): Object: 'Object Repository/V2/TT-363/Page_Meeting/Edit_Meeting/Page_Meeting/a_Edit meeting' is clicked on

2020-09-07 07:56:50 - [MESSAGE][PASSED] - Object: 'Object Repository/V2/TT-363/Page_Meeting/Edit_Meeting/Page_Meeting/a_Edit meeting' is clicked on

2020-09-07 07:56:50 - [TEST_STEP][PASSED] - waitForElementPresent(findTestObject("Object Repository/V2/TT-363/Attendees/Page_Edit Meeting/div_Add users"), DefaultTimeout): Object 'Object Repository/V2/TT-363/Attendees/Page_Edit Meeting/div_Add users' is present

2020-09-07 07:56:51 - [MESSAGE][PASSED] - Object 'Object Repository/V2/TT-363/Attendees/Page_Edit Meeting/div_Add users' is present

2020-09-07 07:56:51 - [TEST_STEP][PASSED] - click(findTestObject("Object Repository/V2/TT-363/Attendees/Page_Edit Meeting/div_Add users")): Object: 'Object Repository/V2/TT-363/Attendees/Page_Edit Meeting/div_Add users' is clicked on

2020-09-07 07:56:51 - [MESSAGE][PASSED] - Object: 'Object Repository/V2/TT-363/Attendees/Page_Edit Meeting/div_Add users' is clicked on

2020-09-07 07:56:51 - [TEST_STEP][PASSED] - click(findTestObject("V2/TT-363/Attendees/Page_Edit Meeting/input_Basic editor_addUsers1")): Object: 'Object Repository/V2/TT-363/Attendees/Page_Edit Meeting/input_Basic editor_addUsers1' is clicked on

2020-09-07 07:56:51 - [MESSAGE][PASSED] - Object: 'Object Repository/V2/TT-363/Attendees/Page_Edit Meeting/input_Basic editor_addUsers1' is clicked on

2020-09-07 07:56:51 - [TEST_STEP][PASSED] - click(findTestObject("Object Repository/V2/TT-363/Attendees/Page_Edit Meeting/div_Aaron Nejal")): Object: 'Object Repository/V2/TT-363/Attendees/Page_Edit Meeting/div_Aaron Nejal' is clicked on

2020-09-07 07:56:51 - [MESSAGE][PASSED] - Object: 'Object Repository/V2/TT-363/Attendees/Page_Edit Meeting/div_Aaron Nejal' is clicked on

2020-09-07 07:56:51 - [TEST_STEP][PASSED] - delay(10): Delayed 10 second(s)

2020-09-07 07:57:01 - [MESSAGE][PASSED] - Delayed 10 second(s)

2020-09-07 07:57:01 - [TEST_STEP][PASSED] - click(findTestObject("Object Repository/V2/TT-363/Attendees/Page_Edit Meeting/div_Add users")): Object: 'Object Repository/V2/TT-363/Attendees/Page_Edit Meeting/div_Add users' is clicked on

2020-09-07 07:57:01 - [MESSAGE][PASSED] - Object: 'Object Repository/V2/TT-363/Attendees/Page_Edit Meeting/div_Add users' is clicked on

2020-09-07 07:57:01 - [TEST_STEP][PASSED] - click(findTestObject("V2/TT-363/Attendees/Page_Edit Meeting/input_Basic editor_addUsers2")): Object: 'Object Repository/V2/TT-363/Attendees/Page_Edit Meeting/input_Basic editor_addUsers2' is clicked on

2020-09-07 07:57:02 - [MESSAGE][PASSED] - Object: 'Object Repository/V2/TT-363/Attendees/Page_Edit Meeting/input_Basic editor_addUsers2' is clicked on

2020-09-07 07:57:02 - [TEST_STEP][PASSED] - click(findTestObject("Object Repository/V2/TT-363/Attendees/Page_Edit Meeting/div_Employee 001")): Object: 'Object Repository/V2/TT-363/Attendees/Page_Edit Meeting/div_Employee 001' is clicked on

2020-09-07 07:57:02 - [MESSAGE][PASSED] - Object: 'Object Repository/V2/TT-363/Attendees/Page_Edit Meeting/div_Employee 001' is clicked on

2020-09-07 07:57:02 - [TEST_STEP][PASSED] - delay(10): Delayed 10 second(s)

2020-09-07 07:57:12 - [MESSAGE][PASSED] - Delayed 10 second(s)

2020-09-07 07:57:12 - [TEST_STEP][PASSED] - click(findTestObject("V2/TT-363/Page_Meeting/Edit_Meeting/Page_Edit Meeting/FullEditor")): Object: 'Object Repository/V2/TT-363/Page_Meeting/Edit_Meeting/Page_Edit Meeting/FullEditor' is clicked on

2020-09-07 07:57:12 - [MESSAGE][PASSED] - Object: 'Object Repository/V2/TT-363/Page_Meeting/Edit_Meeting/Page_Edit Meeting/FullEditor' is clicked on

2020-09-07 07:57:12 - [TEST_STEP][PASSED] - click(findTestObject("V2/TT-363/Page_Meeting/Edit_Meeting/Page_Edit Meeting/BasicEditor")): Object: 'Object Repository/V2/TT-363/Page_Meeting/Edit_Meeting/Page_Edit Meeting/BasicEditor' is clicked on

2020-09-07 07:57:12 - [MESSAGE][PASSED] - Object: 'Object Repository/V2/TT-363/Page_Meeting/Edit_Meeting/Page_Edit Meeting/BasicEditor' is clicked on

2020-09-07 07:57:12 - [TEST_STEP][PASSED] - delay(10): Delayed 10 second(s)

2020-09-07 07:57:22 - [MESSAGE][PASSED] - Delayed 10 second(s)

2020-09-07 07:57:22 - [TEST_STEP][PASSED] - verifyElementPresent(findTestObject("V2/TT-363/Page_Dashboard/span_Meetings"), DefaultTimeout): Object 'Object Repository/V2/TT-363/Page_Dashboard/span_Meetings' is present

2020-09-07 07:57:22 - [MESSAGE][PASSED] - Object 'Object Repository/V2/TT-363/Page_Dashboard/span_Meetings' is present

2020-09-07 07:57:22 - [TEST_STEP][PASSED] - click(findTestObject("V2/TT-363/Page_Dashboard/span_Meetings")): Object: 'Object Repository/V2/TT-363/Page_Dashboard/span_Meetings' is clicked on

2020-09-07 07:57:22 - [MESSAGE][PASSED] - Object: 'Object Repository/V2/TT-363/Page_Dashboard/span_Meetings' is clicked on

2020-09-07 07:57:22 - [TEST_STEP][PASSED] - changeWebDriver(driver2): null

2020-09-07 07:57:22 - [TEST_STEP][PASSED] - verifyElementPresent(findTestObject("V2/TT-363/Page_Dashboard/span_Meetings"), DefaultTimeout): Object 'Object Repository/V2/TT-363/Page_Dashboard/span_Meetings' is present

2020-09-07 07:57:22 - [MESSAGE][PASSED] - Object 'Object Repository/V2/TT-363/Page_Dashboard/span_Meetings' is present

2020-09-07 07:57:22 - [TEST_STEP][PASSED] - click(findTestObject("V2/TT-363/Page_Dashboard/span_Meetings")): Object: 'Object Repository/V2/TT-363/Page_Dashboard/span_Meetings' is clicked on

2020-09-07 07:57:22 - [MESSAGE][PASSED] - Object: 'Object Repository/V2/TT-363/Page_Dashboard/span_Meetings' is clicked on

2020-09-07 07:57:22 - [TEST_STEP][PASSED] - changeWebDriver(driver3): null

2020-09-07 07:57:22 - [TEST_STEP][PASSED] - verifyElementPresent(findTestObject("V2/TT-363/Page_Dashboard/span_Meetings"), DefaultTimeout): Object 'Object Repository/V2/TT-363/Page_Dashboard/span_Meetings' is present

2020-09-07 07:57:22 - [MESSAGE][PASSED] - Object 'Object Repository/V2/TT-363/Page_Dashboard/span_Meetings' is present

2020-09-07 07:57:22 - [TEST_STEP][PASSED] - click(findTestObject("V2/TT-363/Page_Dashboard/span_Meetings")): Object: 'Object Repository/V2/TT-363/Page_Dashboard/span_Meetings' is clicked on

2020-09-07 07:57:22 - [MESSAGE][PASSED] - Object: 'Object Repository/V2/TT-363/Page_Dashboard/span_Meetings' is clicked on

2020-09-07 07:57:22 - [TEST_STEP][PASSED] - changeWebDriver(driver2): null

2020-09-07 07:57:22 - [TEST_STEP][PASSED] - createMeetingRecordObjAdminVerifySupervisor = tt_CustomKeywords.CustomKeywords.CreateDynamicElement("//div[@class="detailscontainer__block item"]/h4[text()='%s']", meetingName, "xpath"): Successfully created new dynamic object: //div[@class="detailscontainer__block item"]/h4[text()='SP Meeting Admin']

2020-09-07 07:57:22 - [MESSAGE][PASSED] - Successfully created new dynamic object: //div[@class="detailscontainer__block item"]/h4[text()='SP Meeting Admin']

2020-09-07 07:57:22 - [TEST_STEP][PASSED] - verifyElementPresent(createMeetingRecordObjAdminVerifySupervisor, DefaultTimeout): Object '' is present

2020-09-07 07:57:22 - [MESSAGE][PASSED] - Object '' is present

2020-09-07 07:57:22 - [TEST_STEP][PASSED] - changeWebDriver(driver3): null

2020-09-07 07:57:22 - [TEST_STEP][PASSED] - createMeetingRecordObjAdminVerifyEmployee = tt_CustomKeywords.CustomKeywords.CreateDynamicElement("//div[@class="detailscontainer__block item"]/h4[text()='%s']", meetingName, "xpath"): Successfully created new dynamic object: //div[@class="detailscontainer__block item"]/h4[text()='SP Meeting Admin']

2020-09-07 07:57:22 - [MESSAGE][PASSED] - Successfully created new dynamic object: //div[@class="detailscontainer__block item"]/h4[text()='SP Meeting Admin']

2020-09-07 07:57:22 - [TEST_STEP][PASSED] - verifyElementPresent(createMeetingRecordObjAdminVerifyEmployee, DefaultTimeout): Object '' is present

2020-09-07 07:57:22 - [MESSAGE][PASSED] - Object '' is present

2020-09-07 07:57:22 - [TEST_STEP][PASSED] - tt_CustomKeywords.CustomKeywords.CloseWebDriver(driver3): tt_CustomKeywords.CustomKeywords.CloseWebDriver is PASSED

2020-09-07 07:57:27 - [MESSAGE][PASSED] - tt_CustomKeywords.CustomKeywords.CloseWebDriver is PASSED

2020-09-07 07:57:27 - [TEST_STEP][PASSED] - tt_CustomKeywords.CustomKeywords.CloseWebDriver(driver2): tt_CustomKeywords.CustomKeywords.CloseWebDriver is PASSED

2020-09-07 07:57:32 - [MESSAGE][PASSED] - tt_CustomKeywords.CustomKeywords.CloseWebDriver is PASSED

2020-09-07 07:57:32 - [TEST_STEP][PASSED] - tt_CustomKeywords.CustomKeywords.CloseWebDriver(driver1): tt_CustomKeywords.CustomKeywords.CloseWebDriver is PASSED

2020-09-07 07:57:37 - [MESSAGE][PASSED] - tt_CustomKeywords.CustomKeywords.CloseWebDriver is PASSED]]></system-out>
         <system-err><![CDATA[]]></system-err>
      </testcase>
      <system-out><![CDATA[2020-09-07 07:53:04 - [TEST_SUITE][PASSED] - TT-363_TestSuite: Test Cases/V2/Test Case/Tests/TT-363 - Meeting List/Positive/TT_363_5_AddRole_AllTestCase]]></system-out>
      <system-err><![CDATA[]]></system-err>
   </testsuite>
</testsuites>
