<?xml version="1.0" encoding="UTF-8"?>
<testsuites name="PR-369_TestSuite" time="1852.652" tests="5" failures="1" errors="0">
   <testsuite name="PR-369_TestSuite" tests="5" failures="1" errors="0" time="1852.652" timestamp="2020-09-03 15:47:27" hostname="Aaron-PC - host.docker.internal" id="Test Suites/V2/Tests/PR-369 - EditMeetingAgenda/PR-369_TestSuite">
      <properties>
         <property name="deviceName" value=""/>
         <property name="devicePlatform" value=""/>
         <property name="logFolder" value="C:\\Users\\Aaron-PC\\git\\TractionTools\\Reports\\20200903_154724\\V2\\Tests\\PR-369 - EditMeetingAgenda\\PR-369_TestSuite\\20200903_154724"/>
         <property name="logFiles" value="C:\\Users\\Aaron-PC\\git\\TractionTools\\Reports\\20200903_154724\\V2\\Tests\\PR-369 - EditMeetingAgenda\\PR-369_TestSuite\\20200903_154724\\execution0.log"/>
         <property name="attachments" value="C:\\Users\\Aaron-PC\\git\\TractionTools\\Reports\\20200903_154724\\V2\\Tests\\PR-369 - EditMeetingAgenda\\PR-369_TestSuite\\20200903_154724\\1599121098565.png"/>
         <property name="hostName" value="Aaron-PC - host.docker.internal"/>
         <property name="os" value="Windows 10 64bit"/>
         <property name="katalonVersion" value="7.6.6.205"/>
         <property name="browser" value="Chrome 85.0.4183.83"/>
         <property name="hostAddress" value="192.168.1.48"/>
         <property name="sessionId" value="2715c8c973a78107c3d33f6ac31c88d8"/>
         <property name="seleniumVersion" value="3.141.59"/>
         <property name="proxyInformation" value="ProxyInformation { proxyOption=NO_PROXY, proxyServerType=HTTP, username=, password=********, proxyServerAddress=, proxyServerPort=0, executionList=&quot;&quot;, isApplyToDesiredCapabilities=true }"/>
         <property name="platform" value="Windows 10"/>
      </properties>
      <testcase name="Test Cases/V2/Test Case/Tests/PR-369 - EditMeetingAgenda/Test Cases/Positive/TT_369_2_CreateRock_AllTestCase" time="388.034" classname="Test Cases/V2/Test Case/Tests/PR-369 - EditMeetingAgenda/Test Cases/Positive/TT_369_2_CreateRock_AllTestCase" status="PASSED">
         <system-out><![CDATA[2020-09-03 15:47:27 - [TEST_CASE][PASSED] - Test Cases/V2/Test Case/Tests/PR-369 - EditMeetingAgenda/Test Cases/Positive/TT_369_2_CreateRock_AllTestCase: Test Cases/V2/Test Case/Tests/PR-369 - EditMeetingAgenda/Test Cases/Positive/TT_369_2_CreateRock_AllTestCase

2020-09-03 15:47:28 - [TEST_STEP][PASSED] - callTestCase(findTestCase("V2/Test Case/Pre-conditions/PRE_RegisterAndActivateTTUsers"), ["admin_fname":admin_fname, "lastname":lastname, "phonenumber":"9999999999", "company":"Traction Tools", "password":password, ... ], STOP_ON_FAILURE): Call Test Case 'Test Cases/V2/Test Case/Pre-conditions/PRE_RegisterAndActivateTTUsers' successfully

2020-09-03 15:47:28 - [TEST_CASE][PASSED] - Test Cases/V2/Test Case/Pre-conditions/PRE_RegisterAndActivateTTUsers: Test Cases/V2/Test Case/Pre-conditions/PRE_RegisterAndActivateTTUsers

2020-09-03 15:47:28 - [TEST_STEP][PASSED] - email = tt_CustomKeywords.CustomKeywords.GenerateRandomEmailAddress(admin_email_prefix, admin_email_domain, randomTextLength): Successfully generated a random email: tractiontools.user001+ta5ob31q@gmail.com

2020-09-03 15:47:28 - [MESSAGE][PASSED] - Successfully generated a random email: tractiontools.user001+ta5ob31q@gmail.com

2020-09-03 15:47:28 - [TEST_STEP][PASSED] - supervisor_email = tt_CustomKeywords.CustomKeywords.GenerateRandomEmailAddress(supervisor_email_prefix, supervisor_email_domain, randomTextLength): Successfully generated a random email: tractiontools.user001+ts5qs319@gmail.com

2020-09-03 15:47:28 - [MESSAGE][PASSED] - Successfully generated a random email: tractiontools.user001+ts5qs319@gmail.com

2020-09-03 15:47:28 - [TEST_STEP][PASSED] - employee_email = tt_CustomKeywords.CustomKeywords.GenerateRandomEmailAddress(employee_email_prefix, employee_email_domain, randomTextLength): Successfully generated a random email: tractiontools.user001+te567hq5@gmail.com

2020-09-03 15:47:28 - [MESSAGE][PASSED] - Successfully generated a random email: tractiontools.user001+te567hq5@gmail.com

2020-09-03 15:47:28 - [TEST_STEP][PASSED] - adminDetails = tt_CustomKeywords.CustomKeywords.RegisterUserViaAPIAndGenerateActivateURL(email, admin_fname, lastname, phonenumber, company, "__JSON__{\"howDidYouHearAboutUs\":\"Facebook\",\"implementer\":\"\",\"existingTractionToolsClient\":\"\",\"other\":\"\"}", "__JSON__{\"timeZone\":\"America/Guatemala\",\"brandColor\":\"#023047\",\"q1Start\":null,\"q1End\":null,\"q2Start\":null,\"q2End\":null,\"q3Start\":null,\"q3End\":null,\"q4Start\":null,\"q4End\":null,\"quarterDatesSetsRocks\":false,\"exportUsers\":false,\"exportRocks\":false,\"exportRocksIncludesMilestones\":false,\"exportScorecards\":false,\"exportTodos\":false,\"exportTodosIncludesNotes\":false,\"exportPeopleHeadlines\":false,\"exportPeopleHeadlinesIncludesNotes\":false,\"exportIssues\":false,\"exportIssuesIncludesNotes\":false,\"exportContextAwareTodos\":false,\"dateFormat\":\"MM/DD/YYYY\",\"timeFormat\":\"h:mma\",\"numberFormat\":\"-1,000.99\",\"supervisorsArchiveRestoreUsers\":false,\"supervisorsEditPositions\":false,\"milestonesAvailableToAll\":false,\"customMeetingTemplatesEnabled\":false,\"receiveTodoReminders\":false,\"todoReminderTime\":\"13:00\",\"todoReminderTimeZone\":\"America/Guatemala\",\"todoReminderFrequency\":\"DAILY\",\"vtoMeetingId\":\"\",\"vtoDisplayMode\":\"ALL\",\"coreValues\":[{\"id\":\"1\",\"text\":\"\"},{\"id\":\"2\",\"text\":\"\"},{\"id\":\"3\",\"text\":\"\"}]}", password, V2Url): SUCCESFFULLY registered a new user via API. 
 Generated Activation Link: 
https://v2dev.traction.tools/activate?activationKey=fee4a0cc-5355-4362-bcb3-15e3ecf6e3f1&userId=7cabf191-df96-4f83-b4a8-baa7820977d3&orgId=d5fcd0ba-8e22-4a62-b3f9-7ba6fb6b3445&email=tractiontools.user001+ta5ob31q@gmail.com&teamsId=cbf628fd-db9b-4b9b-a89f-60d1b2f9c5d4&meetingsId=a280397e-296b-452b-841a-70ed3587f658&adminsId=aa8799c3-96ca-45b5-b385-856c66c09d0b&usersId=69917cfa-5c3e-4170-ad6f-27931a25a6d5&supervisorsId=33777924-78de-4149-bfb2-133cf60726b3&accountabilityChartId=2829e4ac-42be-4e7b-93c2-de686eaf5ad0&isCreator=1

2020-09-03 15:47:47 - [MESSAGE][PASSED] - SUCCESFFULLY registered a new user via API. 
 Generated Activation Link: 
https://v2dev.traction.tools/activate?activationKey=fee4a0cc-5355-4362-bcb3-15e3ecf6e3f1&userId=7cabf191-df96-4f83-b4a8-baa7820977d3&orgId=d5fcd0ba-8e22-4a62-b3f9-7ba6fb6b3445&email=tractiontools.user001+ta5ob31q@gmail.com&teamsId=cbf628fd-db9b-4b9b-a89f-60d1b2f9c5d4&meetingsId=a280397e-296b-452b-841a-70ed3587f658&adminsId=aa8799c3-96ca-45b5-b385-856c66c09d0b&usersId=69917cfa-5c3e-4170-ad6f-27931a25a6d5&supervisorsId=33777924-78de-4149-bfb2-133cf60726b3&accountabilityChartId=2829e4ac-42be-4e7b-93c2-de686eaf5ad0&isCreator=1

2020-09-03 15:47:47 - [TEST_STEP][PASSED] - activationURL = adminDetails[0]: null

2020-09-03 15:47:47 - [TEST_STEP][PASSED] - orgID = adminDetails[1]: null

2020-09-03 15:47:47 - [TEST_STEP][PASSED] - out.println("URL: " + activationURL): null

2020-09-03 15:47:47 - [TEST_STEP][PASSED] - out.println("orgID: " + orgID): null

2020-09-03 15:47:47 - [TEST_STEP][PASSED] - supervisorUser_name = supervisor_fname + " " + lastname: null

2020-09-03 15:47:47 - [TEST_STEP][PASSED] - openBrowser(""): Browser is opened with url: ''

2020-09-03 15:47:47 - [MESSAGE][INFO] - Starting 'Chrome' driver

2020-09-03 15:47:47 - [MESSAGE][INFO] - Action delay is set to 0 milliseconds

2020-09-03 15:47:51 - [MESSAGE][PASSED] - Browser is opened with url: ''

2020-09-03 15:47:51 - [TEST_STEP][PASSED] - maximizeWindow(): Current window maximized

2020-09-03 15:47:53 - [MESSAGE][PASSED] - Current window maximized

2020-09-03 15:47:53 - [TEST_STEP][PASSED] - callTestCase(findTestCase("V2/Test Case/Pre-conditions/PRE_ActivateNewUser"), ["activationURL":activationURL, "email":email, "password":password], STOP_ON_FAILURE): Call Test Case 'Test Cases/V2/Test Case/Pre-conditions/PRE_ActivateNewUser' successfully

2020-09-03 15:47:53 - [TEST_CASE][PASSED] - Test Cases/V2/Test Case/Pre-conditions/PRE_ActivateNewUser: Test Cases/V2/Test Case/Pre-conditions/PRE_ActivateNewUser

2020-09-03 15:47:53 - [TEST_STEP][PASSED] - navigateToUrl(activationURL): Navigate to 'https://v2dev.traction.tools/activate?activationKey=fee4a0cc-5355-4362-bcb3-15e3ecf6e3f1&userId=7cabf191-df96-4f83-b4a8-baa7820977d3&orgId=d5fcd0ba-8e22-4a62-b3f9-7ba6fb6b3445&email=tractiontools.user001+ta5ob31q@gmail.com&teamsId=cbf628fd-db9b-4b9b-a89f-60d1b2f9c5d4&meetingsId=a280397e-296b-452b-841a-70ed3587f658&adminsId=aa8799c3-96ca-45b5-b385-856c66c09d0b&usersId=69917cfa-5c3e-4170-ad6f-27931a25a6d5&supervisorsId=33777924-78de-4149-bfb2-133cf60726b3&accountabilityChartId=2829e4ac-42be-4e7b-93c2-de686eaf5ad0&isCreator=1' successfully

2020-09-03 15:47:55 - [MESSAGE][PASSED] - Navigate to 'https://v2dev.traction.tools/activate?activationKey=fee4a0cc-5355-4362-bcb3-15e3ecf6e3f1&userId=7cabf191-df96-4f83-b4a8-baa7820977d3&orgId=d5fcd0ba-8e22-4a62-b3f9-7ba6fb6b3445&email=tractiontools.user001+ta5ob31q@gmail.com&teamsId=cbf628fd-db9b-4b9b-a89f-60d1b2f9c5d4&meetingsId=a280397e-296b-452b-841a-70ed3587f658&adminsId=aa8799c3-96ca-45b5-b385-856c66c09d0b&usersId=69917cfa-5c3e-4170-ad6f-27931a25a6d5&supervisorsId=33777924-78de-4149-bfb2-133cf60726b3&accountabilityChartId=2829e4ac-42be-4e7b-93c2-de686eaf5ad0&isCreator=1' successfully

2020-09-03 15:47:55 - [TEST_STEP][PASSED] - waitForElementVisible(findTestObject("V2/Commons/ActivationPage/input_Email_email"), DefaultTimeout): Object 'Object Repository/V2/Commons/ActivationPage/input_Email_email' is visible

2020-09-03 15:48:02 - [MESSAGE][PASSED] - Object 'Object Repository/V2/Commons/ActivationPage/input_Email_email' is visible

2020-09-03 15:48:02 - [TEST_STEP][PASSED] - actual_email = getAttribute(findTestObject("Object Repository/V2/Commons/ActivationPage/input_Email_email"), "value"): Attribute 'value' of object 'Object Repository/V2/Commons/ActivationPage/input_Email_email' is: 'tractiontools.user001+ta5ob31q@gmail.com'

2020-09-03 15:48:02 - [MESSAGE][PASSED] - Attribute 'value' of object 'Object Repository/V2/Commons/ActivationPage/input_Email_email' is: 'tractiontools.user001+ta5ob31q@gmail.com'

2020-09-03 15:48:02 - [TEST_STEP][PASSED] - verifyMatch(actual_email, email, false): Actual text 'tractiontools.user001+ta5ob31q@gmail.com' and expected text 'tractiontools.user001+ta5ob31q@gmail.com' are matched 

2020-09-03 15:48:02 - [MESSAGE][PASSED] - Actual text 'tractiontools.user001+ta5ob31q@gmail.com' and expected text 'tractiontools.user001+ta5ob31q@gmail.com' are matched 

2020-09-03 15:48:02 - [TEST_STEP][PASSED] - setText(findTestObject("V2/Commons/ActivationPage/input_password"), password): Text 'Qwer123!' is set on object 'Object Repository/V2/Commons/ActivationPage/input_password'

2020-09-03 15:48:03 - [MESSAGE][PASSED] - Text 'Qwer123!' is set on object 'Object Repository/V2/Commons/ActivationPage/input_password'

2020-09-03 15:48:03 - [TEST_STEP][PASSED] - setText(findTestObject("Object Repository/V2/Commons/ActivationPage/input__passwordRepeat"), password): Text 'Qwer123!' is set on object 'Object Repository/V2/Commons/ActivationPage/input__passwordRepeat'

2020-09-03 15:48:04 - [MESSAGE][PASSED] - Text 'Qwer123!' is set on object 'Object Repository/V2/Commons/ActivationPage/input__passwordRepeat'

2020-09-03 15:48:04 - [TEST_STEP][PASSED] - click(findTestObject("V2/Commons/ActivationPage/input_termsandconditions")): Object: 'Object Repository/V2/Commons/ActivationPage/input_termsandconditions' is clicked on

2020-09-03 15:48:04 - [MESSAGE][PASSED] - Object: 'Object Repository/V2/Commons/ActivationPage/input_termsandconditions' is clicked on

2020-09-03 15:48:04 - [TEST_STEP][PASSED] - click(findTestObject("Object Repository/V2/Commons/ActivationPage/div_Create account")): Object: 'Object Repository/V2/Commons/ActivationPage/div_Create account' is clicked on

2020-09-03 15:48:05 - [MESSAGE][PASSED] - Object: 'Object Repository/V2/Commons/ActivationPage/div_Create account' is clicked on

2020-09-03 15:48:05 - [TEST_STEP][PASSED] - waitForElementPresent(findTestObject("V2/Commons/DasboardPage_SidebarMenu/img_Home_logo-big"), DefaultTimeout): Object 'Object Repository/V2/Commons/DasboardPage_SidebarMenu/img_Home_logo-big' is present

2020-09-03 15:48:17 - [MESSAGE][PASSED] - Object 'Object Repository/V2/Commons/DasboardPage_SidebarMenu/img_Home_logo-big' is present

2020-09-03 15:48:17 - [TEST_STEP][PASSED] - verifyElementPresent(findTestObject("V2/Commons/DasboardPage_SidebarMenu/img_Home_logo-big"), 0): Object 'Object Repository/V2/Commons/DasboardPage_SidebarMenu/img_Home_logo-big' is present

2020-09-03 15:48:17 - [MESSAGE][WARNING] - Timeout '0' is invalid. Using default page load timeout: '30'

2020-09-03 15:48:18 - [MESSAGE][PASSED] - Object 'Object Repository/V2/Commons/DasboardPage_SidebarMenu/img_Home_logo-big' is present

2020-09-03 15:48:18 - [MESSAGE][PASSED] - Call Test Case 'Test Cases/V2/Test Case/Pre-conditions/PRE_ActivateNewUser' successfully

2020-09-03 15:48:18 - [TEST_STEP][PASSED] - callTestCase(findTestCase("V2/Test Case/Pre-conditions/PRE_SkipCompanyAndPersonalProfileSetup"), [:], STOP_ON_FAILURE): Call Test Case 'Test Cases/V2/Test Case/Pre-conditions/PRE_SkipCompanyAndPersonalProfileSetup' successfully

2020-09-03 15:48:18 - [TEST_CASE][PASSED] - Test Cases/V2/Test Case/Pre-conditions/PRE_SkipCompanyAndPersonalProfileSetup: Test Cases/V2/Test Case/Pre-conditions/PRE_SkipCompanyAndPersonalProfileSetup

2020-09-03 15:48:18 - [TEST_STEP][PASSED] - waitForElementVisible(findTestObject("V2/Commons/FirstUpdateCompanyAndPersonalInfoModal/confirmCompanyInfoHeader_h1"), DefaultTimeout): Object 'Object Repository/V2/Commons/FirstUpdateCompanyAndPersonalInfoModal/confirmCompanyInfoHeader_h1' is visible

2020-09-03 15:48:19 - [MESSAGE][PASSED] - Object 'Object Repository/V2/Commons/FirstUpdateCompanyAndPersonalInfoModal/confirmCompanyInfoHeader_h1' is visible

2020-09-03 15:48:19 - [TEST_STEP][PASSED] - click(findTestObject("V2/Commons/FirstUpdateCompanyAndPersonalInfoModal/confirmInfoSkip_button")): Object: 'Object Repository/V2/Commons/FirstUpdateCompanyAndPersonalInfoModal/confirmInfoSkip_button' is clicked on

2020-09-03 15:48:19 - [MESSAGE][PASSED] - Object: 'Object Repository/V2/Commons/FirstUpdateCompanyAndPersonalInfoModal/confirmInfoSkip_button' is clicked on

2020-09-03 15:48:19 - [TEST_STEP][PASSED] - waitForElementVisible(findTestObject("V2/Commons/FirstUpdateCompanyAndPersonalInfoModal/confirmPersonalInfoHeader_h1"), DefaultTimeout): Object 'Object Repository/V2/Commons/FirstUpdateCompanyAndPersonalInfoModal/confirmPersonalInfoHeader_h1' is visible

2020-09-03 15:48:19 - [MESSAGE][PASSED] - Object 'Object Repository/V2/Commons/FirstUpdateCompanyAndPersonalInfoModal/confirmPersonalInfoHeader_h1' is visible

2020-09-03 15:48:19 - [TEST_STEP][PASSED] - click(findTestObject("V2/Commons/FirstUpdateCompanyAndPersonalInfoModal/confirmInfoSkip_button")): Object: 'Object Repository/V2/Commons/FirstUpdateCompanyAndPersonalInfoModal/confirmInfoSkip_button' is clicked on

2020-09-03 15:48:20 - [MESSAGE][PASSED] - Object: 'Object Repository/V2/Commons/FirstUpdateCompanyAndPersonalInfoModal/confirmInfoSkip_button' is clicked on

2020-09-03 15:48:20 - [TEST_STEP][PASSED] - waitForElementVisible(findTestObject("V2/Commons/FirstUpdateCompanyAndPersonalInfoModal/letsGetStarted_button"), DefaultTimeout): Object 'Object Repository/V2/Commons/FirstUpdateCompanyAndPersonalInfoModal/letsGetStarted_button' is visible

2020-09-03 15:48:21 - [MESSAGE][PASSED] - Object 'Object Repository/V2/Commons/FirstUpdateCompanyAndPersonalInfoModal/letsGetStarted_button' is visible

2020-09-03 15:48:21 - [TEST_STEP][PASSED] - click(findTestObject("V2/Commons/FirstUpdateCompanyAndPersonalInfoModal/letsGetStarted_button")): Object: 'Object Repository/V2/Commons/FirstUpdateCompanyAndPersonalInfoModal/letsGetStarted_button' is clicked on

2020-09-03 15:48:22 - [MESSAGE][PASSED] - Object: 'Object Repository/V2/Commons/FirstUpdateCompanyAndPersonalInfoModal/letsGetStarted_button' is clicked on

2020-09-03 15:48:22 - [MESSAGE][PASSED] - Call Test Case 'Test Cases/V2/Test Case/Pre-conditions/PRE_SkipCompanyAndPersonalProfileSetup' successfully

2020-09-03 15:48:22 - [TEST_STEP][PASSED] - supervisor_activationURL = tt_CustomKeywords.CustomKeywords.RegisterAndActivateSupervisorUserViaAPI(V2Url, orgID, supervisor_email, password, email, password, supervisor_fname, lastname): SUCCESFFULLY registered a new user via API. 
 Generated Activation Link: 
https://v2dev.traction.tools/activate?activationKey=c1279e45-fe84-4506-8161-dcfdd62d0727&userId=733ac079-de4e-471f-9ab8-9162c9a63a36&orgId=d5fcd0ba-8e22-4a62-b3f9-7ba6fb6b3445&email=tractiontools.user001+ts5qs319@gmail.com&isCreator=0

2020-09-03 15:48:28 - [MESSAGE][PASSED] - SUCCESFFULLY registered a new user via API. 
 Generated Activation Link: 
https://v2dev.traction.tools/activate?activationKey=c1279e45-fe84-4506-8161-dcfdd62d0727&userId=733ac079-de4e-471f-9ab8-9162c9a63a36&orgId=d5fcd0ba-8e22-4a62-b3f9-7ba6fb6b3445&email=tractiontools.user001+ts5qs319@gmail.com&isCreator=0

2020-09-03 15:48:28 - [TEST_STEP][PASSED] - callTestCase(findTestCase("V2/Test Case/Pre-conditions/PRE_ChangeUserPermissionViaManageUser"), ["showMenuItemsPath":"//div[@class='usercard__detail_container']/div[text()='%s']/ancestor::div[contains(@class,'usercard__content')]//button[@aria-label='Show Menu Items']", "user_email":supervisor_email, ... ], STOP_ON_FAILURE): Call Test Case 'Test Cases/V2/Test Case/Pre-conditions/PRE_ChangeUserPermissionViaManageUser' successfully

2020-09-03 15:48:28 - [TEST_CASE][PASSED] - Test Cases/V2/Test Case/Pre-conditions/PRE_ChangeUserPermissionViaManageUser: Test Cases/V2/Test Case/Pre-conditions/PRE_ChangeUserPermissionViaManageUser

2020-09-03 15:48:28 - [TEST_STEP][PASSED] - click(findTestObject("Object Repository/V2/Commons/ManageUsersPage/span_Company Settings")): Object: 'Object Repository/V2/Commons/ManageUsersPage/span_Company Settings' is clicked on

2020-09-03 15:48:28 - [MESSAGE][PASSED] - Object: 'Object Repository/V2/Commons/ManageUsersPage/span_Company Settings' is clicked on

2020-09-03 15:48:28 - [TEST_STEP][PASSED] - click(findTestObject("V2/Commons/DasboardPage_SidebarMenu/a_Manage Users")): Object: 'Object Repository/V2/Commons/DasboardPage_SidebarMenu/a_Manage Users' is clicked on

2020-09-03 15:48:29 - [MESSAGE][PASSED] - Object: 'Object Repository/V2/Commons/DasboardPage_SidebarMenu/a_Manage Users' is clicked on

2020-09-03 15:48:29 - [TEST_STEP][PASSED] - showMenuItemsObj = tt_CustomKeywords.CustomKeywords.CreateDynamicElement(showMenuItemsPath, user_email, "xpath"): Successfully created new dynamic object: //div[@class='usercard__detail_container']/div[text()='tractiontools.user001+ts5qs319@gmail.com']/ancestor::div[contains(@class,'usercard__content')]//button[@aria-label='Show Menu Items']

2020-09-03 15:48:29 - [MESSAGE][PASSED] - Successfully created new dynamic object: //div[@class='usercard__detail_container']/div[text()='tractiontools.user001+ts5qs319@gmail.com']/ancestor::div[contains(@class,'usercard__content')]//button[@aria-label='Show Menu Items']

2020-09-03 15:48:29 - [TEST_STEP][PASSED] - click(showMenuItemsObj): Object: '' is clicked on

2020-09-03 15:48:30 - [MESSAGE][PASSED] - Object: '' is clicked on

2020-09-03 15:48:30 - [TEST_STEP][PASSED] - click(findTestObject("Object Repository/V2/Commons/ManageUsersPage/div_Edit user")): Object: 'Object Repository/V2/Commons/ManageUsersPage/div_Edit user' is clicked on

2020-09-03 15:48:30 - [MESSAGE][PASSED] - Object: 'Object Repository/V2/Commons/ManageUsersPage/div_Edit user' is clicked on

2020-09-03 15:48:30 - [TEST_STEP][PASSED] - verifyElementPresent(findTestObject("V2/Commons/ManageUsersPage/div_PositionTitle"), DefaultTimeout): Object 'Object Repository/V2/Commons/ManageUsersPage/div_PositionTitle' is present

2020-09-03 15:48:31 - [MESSAGE][PASSED] - Object 'Object Repository/V2/Commons/ManageUsersPage/div_PositionTitle' is present

2020-09-03 15:48:31 - [TEST_STEP][PASSED] - setText(findTestObject("V2/Commons/ManageUsersPage/position_title_input"), position_title): Text 'QA Manager' is set on object 'Object Repository/V2/Commons/ManageUsersPage/position_title_input'

2020-09-03 15:48:31 - [MESSAGE][PASSED] - Text 'QA Manager' is set on object 'Object Repository/V2/Commons/ManageUsersPage/position_title_input'

2020-09-03 15:48:31 - [TEST_STEP][PASSED] - sendKeys(findTestObject("V2/Commons/ManageUsersPage/position_title_input"), Keys.chord(ENTER)): Keys 'ENTER + ' sent to object: 'Object Repository/V2/Commons/ManageUsersPage/position_title_input'

2020-09-03 15:48:32 - [MESSAGE][PASSED] - Keys 'ENTER + ' sent to object: 'Object Repository/V2/Commons/ManageUsersPage/position_title_input'

2020-09-03 15:48:32 - [TEST_STEP][PASSED] - if (permissionValue == "Employee"): null

2020-09-03 15:48:32 - [TEST_STEP][PASSED] - verifyElementPresent(findTestObject("Object Repository/V2/Commons/ManageUsersPage/div_User type"), DefaultTimeout): Object 'Object Repository/V2/Commons/ManageUsersPage/div_User type' is present

2020-09-03 15:48:32 - [MESSAGE][PASSED] - Object 'Object Repository/V2/Commons/ManageUsersPage/div_User type' is present

2020-09-03 15:48:32 - [TEST_STEP][PASSED] - click(findTestObject("Object Repository/V2/Commons/ManageUsersPage/input__orgRole")): Object: 'Object Repository/V2/Commons/ManageUsersPage/input__orgRole' is clicked on

2020-09-03 15:48:33 - [MESSAGE][PASSED] - Object: 'Object Repository/V2/Commons/ManageUsersPage/input__orgRole' is clicked on

2020-09-03 15:48:33 - [TEST_STEP][PASSED] - roleOptionObj = tt_CustomKeywords.CustomKeywords.CreateDynamicElement(roleOption, permissionValue, "xpath"): Successfully created new dynamic object: //span[text()='Supervisor']/parent::div[@role='option']

2020-09-03 15:48:33 - [MESSAGE][PASSED] - Successfully created new dynamic object: //span[text()='Supervisor']/parent::div[@role='option']

2020-09-03 15:48:33 - [TEST_STEP][PASSED] - click(roleOptionObj): Object: '' is clicked on

2020-09-03 15:48:33 - [MESSAGE][PASSED] - Object: '' is clicked on

2020-09-03 15:48:33 - [TEST_STEP][PASSED] - click(findTestObject("Object Repository/V2/Commons/ManageUsersPage/div_Save")): Object: 'Object Repository/V2/Commons/ManageUsersPage/div_Save' is clicked on

2020-09-03 15:48:34 - [MESSAGE][PASSED] - Object: 'Object Repository/V2/Commons/ManageUsersPage/div_Save' is clicked on

2020-09-03 15:48:34 - [TEST_STEP][PASSED] - waitForElementVisible(findTestObject("V2/Commons/ManageUsersPage/h3_User Saved"), DefaultTimeout): Object 'Object Repository/V2/Commons/ManageUsersPage/h3_User Saved' is visible

2020-09-03 15:48:44 - [MESSAGE][PASSED] - Object 'Object Repository/V2/Commons/ManageUsersPage/h3_User Saved' is visible

2020-09-03 15:48:44 - [TEST_STEP][PASSED] - verifyElementVisible(findTestObject("Object Repository/V2/Commons/ManageUsersPage/h3_User Saved")): Object 'Object Repository/V2/Commons/ManageUsersPage/h3_User Saved' is visible

2020-09-03 15:48:44 - [MESSAGE][PASSED] - Object 'Object Repository/V2/Commons/ManageUsersPage/h3_User Saved' is visible

2020-09-03 15:48:44 - [MESSAGE][PASSED] - Call Test Case 'Test Cases/V2/Test Case/Pre-conditions/PRE_ChangeUserPermissionViaManageUser' successfully

2020-09-03 15:48:44 - [TEST_STEP][PASSED] - employee_activationURL = tt_CustomKeywords.CustomKeywords.RegisterAndActivateSupervisorUserViaAPI(V2Url, orgID, employee_email, password, email, password, employee_fname, lastname): SUCCESFFULLY registered a new user via API. 
 Generated Activation Link: 
https://v2dev.traction.tools/activate?activationKey=29575c40-c57e-4b35-8e88-5467da4ff0a9&userId=c781ecff-1be7-485f-a2be-9758a056b859&orgId=d5fcd0ba-8e22-4a62-b3f9-7ba6fb6b3445&email=tractiontools.user001+te567hq5@gmail.com&isCreator=0

2020-09-03 15:48:50 - [MESSAGE][PASSED] - SUCCESFFULLY registered a new user via API. 
 Generated Activation Link: 
https://v2dev.traction.tools/activate?activationKey=29575c40-c57e-4b35-8e88-5467da4ff0a9&userId=c781ecff-1be7-485f-a2be-9758a056b859&orgId=d5fcd0ba-8e22-4a62-b3f9-7ba6fb6b3445&email=tractiontools.user001+te567hq5@gmail.com&isCreator=0

2020-09-03 15:48:50 - [TEST_STEP][PASSED] - callTestCase(findTestCase("V2/Test Case/Pre-conditions/PRE_ChangeUserPermissionViaManageUser"), ["showMenuItemsPath":"//div[@class='usercard__detail_container']/div[text()='%s']/ancestor::div[contains(@class,'usercard__content')]//button[@aria-label='Show Menu Items']", "user_email":employee_email, ... ], STOP_ON_FAILURE): Call Test Case 'Test Cases/V2/Test Case/Pre-conditions/PRE_ChangeUserPermissionViaManageUser' successfully

2020-09-03 15:48:50 - [TEST_CASE][PASSED] - Test Cases/V2/Test Case/Pre-conditions/PRE_ChangeUserPermissionViaManageUser: Test Cases/V2/Test Case/Pre-conditions/PRE_ChangeUserPermissionViaManageUser

2020-09-03 15:48:50 - [TEST_STEP][PASSED] - click(findTestObject("Object Repository/V2/Commons/ManageUsersPage/span_Company Settings")): Object: 'Object Repository/V2/Commons/ManageUsersPage/span_Company Settings' is clicked on

2020-09-03 15:48:51 - [MESSAGE][PASSED] - Object: 'Object Repository/V2/Commons/ManageUsersPage/span_Company Settings' is clicked on

2020-09-03 15:48:51 - [TEST_STEP][PASSED] - click(findTestObject("V2/Commons/DasboardPage_SidebarMenu/a_Manage Users")): Object: 'Object Repository/V2/Commons/DasboardPage_SidebarMenu/a_Manage Users' is clicked on

2020-09-03 15:48:51 - [MESSAGE][PASSED] - Object: 'Object Repository/V2/Commons/DasboardPage_SidebarMenu/a_Manage Users' is clicked on

2020-09-03 15:48:51 - [TEST_STEP][PASSED] - showMenuItemsObj = tt_CustomKeywords.CustomKeywords.CreateDynamicElement(showMenuItemsPath, user_email, "xpath"): Successfully created new dynamic object: //div[@class='usercard__detail_container']/div[text()='tractiontools.user001+te567hq5@gmail.com']/ancestor::div[contains(@class,'usercard__content')]//button[@aria-label='Show Menu Items']

2020-09-03 15:48:51 - [MESSAGE][PASSED] - Successfully created new dynamic object: //div[@class='usercard__detail_container']/div[text()='tractiontools.user001+te567hq5@gmail.com']/ancestor::div[contains(@class,'usercard__content')]//button[@aria-label='Show Menu Items']

2020-09-03 15:48:51 - [TEST_STEP][PASSED] - click(showMenuItemsObj): Object: '' is clicked on

2020-09-03 15:48:52 - [MESSAGE][PASSED] - Object: '' is clicked on

2020-09-03 15:48:52 - [TEST_STEP][PASSED] - click(findTestObject("Object Repository/V2/Commons/ManageUsersPage/div_Edit user")): Object: 'Object Repository/V2/Commons/ManageUsersPage/div_Edit user' is clicked on

2020-09-03 15:48:52 - [MESSAGE][PASSED] - Object: 'Object Repository/V2/Commons/ManageUsersPage/div_Edit user' is clicked on

2020-09-03 15:48:52 - [TEST_STEP][PASSED] - verifyElementPresent(findTestObject("V2/Commons/ManageUsersPage/div_PositionTitle"), DefaultTimeout): Object 'Object Repository/V2/Commons/ManageUsersPage/div_PositionTitle' is present

2020-09-03 15:48:53 - [MESSAGE][PASSED] - Object 'Object Repository/V2/Commons/ManageUsersPage/div_PositionTitle' is present

2020-09-03 15:48:53 - [TEST_STEP][PASSED] - setText(findTestObject("V2/Commons/ManageUsersPage/position_title_input"), position_title): Text 'Quality Assurance' is set on object 'Object Repository/V2/Commons/ManageUsersPage/position_title_input'

2020-09-03 15:48:53 - [MESSAGE][PASSED] - Text 'Quality Assurance' is set on object 'Object Repository/V2/Commons/ManageUsersPage/position_title_input'

2020-09-03 15:48:53 - [TEST_STEP][PASSED] - sendKeys(findTestObject("V2/Commons/ManageUsersPage/position_title_input"), Keys.chord(ENTER)): Keys 'ENTER + ' sent to object: 'Object Repository/V2/Commons/ManageUsersPage/position_title_input'

2020-09-03 15:48:54 - [MESSAGE][PASSED] - Keys 'ENTER + ' sent to object: 'Object Repository/V2/Commons/ManageUsersPage/position_title_input'

2020-09-03 15:48:54 - [TEST_STEP][PASSED] - if (permissionValue == "Employee"): Keys 'ENTER + ' sent to object: 'Object Repository/V2/Commons/ManageUsersPage/supervisor_input'

2020-09-03 15:48:54 - [TEST_STEP][PASSED] - verifyElementPresent(findTestObject("V2/Commons/ManageUsersPage/supervisor_input"), DefaultTimeout): Object 'Object Repository/V2/Commons/ManageUsersPage/supervisor_input' is present

2020-09-03 15:48:54 - [MESSAGE][PASSED] - Object 'Object Repository/V2/Commons/ManageUsersPage/supervisor_input' is present

2020-09-03 15:48:54 - [TEST_STEP][PASSED] - setText(findTestObject("V2/Commons/ManageUsersPage/supervisor_input"), user_supervisorName): Text 'Supervisor User' is set on object 'Object Repository/V2/Commons/ManageUsersPage/supervisor_input'

2020-09-03 15:48:55 - [MESSAGE][PASSED] - Text 'Supervisor User' is set on object 'Object Repository/V2/Commons/ManageUsersPage/supervisor_input'

2020-09-03 15:48:55 - [TEST_STEP][PASSED] - sendKeys(findTestObject("V2/Commons/ManageUsersPage/supervisor_input"), Keys.chord(ENTER)): Keys 'ENTER + ' sent to object: 'Object Repository/V2/Commons/ManageUsersPage/supervisor_input'

2020-09-03 15:48:55 - [MESSAGE][PASSED] - Keys 'ENTER + ' sent to object: 'Object Repository/V2/Commons/ManageUsersPage/supervisor_input'

2020-09-03 15:48:55 - [TEST_STEP][PASSED] - verifyElementPresent(findTestObject("Object Repository/V2/Commons/ManageUsersPage/div_User type"), DefaultTimeout): Object 'Object Repository/V2/Commons/ManageUsersPage/div_User type' is present

2020-09-03 15:48:56 - [MESSAGE][PASSED] - Object 'Object Repository/V2/Commons/ManageUsersPage/div_User type' is present

2020-09-03 15:48:56 - [TEST_STEP][PASSED] - click(findTestObject("Object Repository/V2/Commons/ManageUsersPage/input__orgRole")): Object: 'Object Repository/V2/Commons/ManageUsersPage/input__orgRole' is clicked on

2020-09-03 15:48:56 - [MESSAGE][PASSED] - Object: 'Object Repository/V2/Commons/ManageUsersPage/input__orgRole' is clicked on

2020-09-03 15:48:56 - [TEST_STEP][PASSED] - roleOptionObj = tt_CustomKeywords.CustomKeywords.CreateDynamicElement(roleOption, permissionValue, "xpath"): Successfully created new dynamic object: //span[text()='Employee']/parent::div[@role='option']

2020-09-03 15:48:56 - [MESSAGE][PASSED] - Successfully created new dynamic object: //span[text()='Employee']/parent::div[@role='option']

2020-09-03 15:48:56 - [TEST_STEP][PASSED] - click(roleOptionObj): Object: '' is clicked on

2020-09-03 15:48:56 - [MESSAGE][PASSED] - Object: '' is clicked on

2020-09-03 15:48:56 - [TEST_STEP][PASSED] - click(findTestObject("Object Repository/V2/Commons/ManageUsersPage/div_Save")): Object: 'Object Repository/V2/Commons/ManageUsersPage/div_Save' is clicked on

2020-09-03 15:48:57 - [MESSAGE][PASSED] - Object: 'Object Repository/V2/Commons/ManageUsersPage/div_Save' is clicked on

2020-09-03 15:48:57 - [TEST_STEP][PASSED] - waitForElementVisible(findTestObject("V2/Commons/ManageUsersPage/h3_User Saved"), DefaultTimeout): Object 'Object Repository/V2/Commons/ManageUsersPage/h3_User Saved' is visible

2020-09-03 15:49:08 - [MESSAGE][PASSED] - Object 'Object Repository/V2/Commons/ManageUsersPage/h3_User Saved' is visible

2020-09-03 15:49:08 - [TEST_STEP][PASSED] - verifyElementVisible(findTestObject("Object Repository/V2/Commons/ManageUsersPage/h3_User Saved")): Object 'Object Repository/V2/Commons/ManageUsersPage/h3_User Saved' is visible

2020-09-03 15:49:09 - [MESSAGE][PASSED] - Object 'Object Repository/V2/Commons/ManageUsersPage/h3_User Saved' is visible

2020-09-03 15:49:09 - [MESSAGE][PASSED] - Call Test Case 'Test Cases/V2/Test Case/Pre-conditions/PRE_ChangeUserPermissionViaManageUser' successfully

2020-09-03 15:49:09 - [TEST_STEP][PASSED] - callTestCase(findTestCase("V2/Test Case/Pre-conditions/PRE_ActivateNewUser"), ["activationURL":supervisor_activationURL, "email":supervisor_email, "password":password], STOP_ON_FAILURE): Call Test Case 'Test Cases/V2/Test Case/Pre-conditions/PRE_ActivateNewUser' successfully

2020-09-03 15:49:09 - [TEST_CASE][PASSED] - Test Cases/V2/Test Case/Pre-conditions/PRE_ActivateNewUser: Test Cases/V2/Test Case/Pre-conditions/PRE_ActivateNewUser

2020-09-03 15:49:09 - [TEST_STEP][PASSED] - navigateToUrl(activationURL): Navigate to 'https://v2dev.traction.tools/activate?activationKey=c1279e45-fe84-4506-8161-dcfdd62d0727&userId=733ac079-de4e-471f-9ab8-9162c9a63a36&orgId=d5fcd0ba-8e22-4a62-b3f9-7ba6fb6b3445&email=tractiontools.user001+ts5qs319@gmail.com&isCreator=0' successfully

2020-09-03 15:49:10 - [MESSAGE][PASSED] - Navigate to 'https://v2dev.traction.tools/activate?activationKey=c1279e45-fe84-4506-8161-dcfdd62d0727&userId=733ac079-de4e-471f-9ab8-9162c9a63a36&orgId=d5fcd0ba-8e22-4a62-b3f9-7ba6fb6b3445&email=tractiontools.user001+ts5qs319@gmail.com&isCreator=0' successfully

2020-09-03 15:49:10 - [TEST_STEP][PASSED] - waitForElementVisible(findTestObject("V2/Commons/ActivationPage/input_Email_email"), DefaultTimeout): Object 'Object Repository/V2/Commons/ActivationPage/input_Email_email' is visible

2020-09-03 15:49:12 - [MESSAGE][PASSED] - Object 'Object Repository/V2/Commons/ActivationPage/input_Email_email' is visible

2020-09-03 15:49:12 - [TEST_STEP][PASSED] - actual_email = getAttribute(findTestObject("Object Repository/V2/Commons/ActivationPage/input_Email_email"), "value"): Attribute 'value' of object 'Object Repository/V2/Commons/ActivationPage/input_Email_email' is: 'tractiontools.user001+ts5qs319@gmail.com'

2020-09-03 15:49:12 - [MESSAGE][PASSED] - Attribute 'value' of object 'Object Repository/V2/Commons/ActivationPage/input_Email_email' is: 'tractiontools.user001+ts5qs319@gmail.com'

2020-09-03 15:49:12 - [TEST_STEP][PASSED] - verifyMatch(actual_email, email, false): Actual text 'tractiontools.user001+ts5qs319@gmail.com' and expected text 'tractiontools.user001+ts5qs319@gmail.com' are matched 

2020-09-03 15:49:12 - [MESSAGE][PASSED] - Actual text 'tractiontools.user001+ts5qs319@gmail.com' and expected text 'tractiontools.user001+ts5qs319@gmail.com' are matched 

2020-09-03 15:49:12 - [TEST_STEP][PASSED] - setText(findTestObject("V2/Commons/ActivationPage/input_password"), password): Text 'Qwer123!' is set on object 'Object Repository/V2/Commons/ActivationPage/input_password'

2020-09-03 15:49:12 - [MESSAGE][PASSED] - Text 'Qwer123!' is set on object 'Object Repository/V2/Commons/ActivationPage/input_password'

2020-09-03 15:49:12 - [TEST_STEP][PASSED] - setText(findTestObject("Object Repository/V2/Commons/ActivationPage/input__passwordRepeat"), password): Text 'Qwer123!' is set on object 'Object Repository/V2/Commons/ActivationPage/input__passwordRepeat'

2020-09-03 15:49:13 - [MESSAGE][PASSED] - Text 'Qwer123!' is set on object 'Object Repository/V2/Commons/ActivationPage/input__passwordRepeat'

2020-09-03 15:49:13 - [TEST_STEP][PASSED] - click(findTestObject("V2/Commons/ActivationPage/input_termsandconditions")): Object: 'Object Repository/V2/Commons/ActivationPage/input_termsandconditions' is clicked on

2020-09-03 15:49:14 - [MESSAGE][PASSED] - Object: 'Object Repository/V2/Commons/ActivationPage/input_termsandconditions' is clicked on

2020-09-03 15:49:14 - [TEST_STEP][PASSED] - click(findTestObject("Object Repository/V2/Commons/ActivationPage/div_Create account")): Object: 'Object Repository/V2/Commons/ActivationPage/div_Create account' is clicked on

2020-09-03 15:49:14 - [MESSAGE][PASSED] - Object: 'Object Repository/V2/Commons/ActivationPage/div_Create account' is clicked on

2020-09-03 15:49:14 - [TEST_STEP][PASSED] - waitForElementPresent(findTestObject("V2/Commons/DasboardPage_SidebarMenu/img_Home_logo-big"), DefaultTimeout): Object 'Object Repository/V2/Commons/DasboardPage_SidebarMenu/img_Home_logo-big' is present

2020-09-03 15:49:19 - [MESSAGE][PASSED] - Object 'Object Repository/V2/Commons/DasboardPage_SidebarMenu/img_Home_logo-big' is present

2020-09-03 15:49:19 - [TEST_STEP][PASSED] - verifyElementPresent(findTestObject("V2/Commons/DasboardPage_SidebarMenu/img_Home_logo-big"), 0): Object 'Object Repository/V2/Commons/DasboardPage_SidebarMenu/img_Home_logo-big' is present

2020-09-03 15:49:19 - [MESSAGE][WARNING] - Timeout '0' is invalid. Using default page load timeout: '30'

2020-09-03 15:49:19 - [MESSAGE][PASSED] - Object 'Object Repository/V2/Commons/DasboardPage_SidebarMenu/img_Home_logo-big' is present

2020-09-03 15:49:19 - [MESSAGE][PASSED] - Call Test Case 'Test Cases/V2/Test Case/Pre-conditions/PRE_ActivateNewUser' successfully

2020-09-03 15:49:19 - [TEST_STEP][PASSED] - callTestCase(findTestCase("V2/Test Case/Pre-conditions/PRE_SkipPersonalProfileSetup"), [:], STOP_ON_FAILURE): Call Test Case 'Test Cases/V2/Test Case/Pre-conditions/PRE_SkipPersonalProfileSetup' successfully

2020-09-03 15:49:19 - [TEST_CASE][PASSED] - Test Cases/V2/Test Case/Pre-conditions/PRE_SkipPersonalProfileSetup: Test Cases/V2/Test Case/Pre-conditions/PRE_SkipPersonalProfileSetup

2020-09-03 15:49:20 - [TEST_STEP][PASSED] - waitForElementVisible(findTestObject("V2/Commons/FirstUpdateCompanyAndPersonalInfoModal/confirmPersonalInfoHeader_h1"), DefaultTimeout): Object 'Object Repository/V2/Commons/FirstUpdateCompanyAndPersonalInfoModal/confirmPersonalInfoHeader_h1' is visible

2020-09-03 15:49:20 - [MESSAGE][PASSED] - Object 'Object Repository/V2/Commons/FirstUpdateCompanyAndPersonalInfoModal/confirmPersonalInfoHeader_h1' is visible

2020-09-03 15:49:20 - [TEST_STEP][PASSED] - click(findTestObject("V2/Commons/FirstUpdateCompanyAndPersonalInfoModal/confirmInfoSkip_button")): Object: 'Object Repository/V2/Commons/FirstUpdateCompanyAndPersonalInfoModal/confirmInfoSkip_button' is clicked on

2020-09-03 15:49:21 - [MESSAGE][PASSED] - Object: 'Object Repository/V2/Commons/FirstUpdateCompanyAndPersonalInfoModal/confirmInfoSkip_button' is clicked on

2020-09-03 15:49:21 - [TEST_STEP][PASSED] - waitForElementVisible(findTestObject("V2/Commons/FirstUpdateCompanyAndPersonalInfoModal/letsGetStarted_button"), DefaultTimeout): Object 'Object Repository/V2/Commons/FirstUpdateCompanyAndPersonalInfoModal/letsGetStarted_button' is visible

2020-09-03 15:49:22 - [MESSAGE][PASSED] - Object 'Object Repository/V2/Commons/FirstUpdateCompanyAndPersonalInfoModal/letsGetStarted_button' is visible

2020-09-03 15:49:22 - [TEST_STEP][PASSED] - click(findTestObject("V2/Commons/FirstUpdateCompanyAndPersonalInfoModal/letsGetStarted_button")): Object: 'Object Repository/V2/Commons/FirstUpdateCompanyAndPersonalInfoModal/letsGetStarted_button' is clicked on

2020-09-03 15:49:22 - [MESSAGE][PASSED] - Object: 'Object Repository/V2/Commons/FirstUpdateCompanyAndPersonalInfoModal/letsGetStarted_button' is clicked on

2020-09-03 15:49:22 - [MESSAGE][PASSED] - Call Test Case 'Test Cases/V2/Test Case/Pre-conditions/PRE_SkipPersonalProfileSetup' successfully

2020-09-03 15:49:22 - [TEST_STEP][PASSED] - callTestCase(findTestCase("V2/Test Case/Pre-conditions/PRE_ActivateNewUser"), ["activationURL":employee_activationURL, "email":employee_email, "password":password], STOP_ON_FAILURE): Call Test Case 'Test Cases/V2/Test Case/Pre-conditions/PRE_ActivateNewUser' successfully

2020-09-03 15:49:22 - [TEST_CASE][PASSED] - Test Cases/V2/Test Case/Pre-conditions/PRE_ActivateNewUser: Test Cases/V2/Test Case/Pre-conditions/PRE_ActivateNewUser

2020-09-03 15:49:22 - [TEST_STEP][PASSED] - navigateToUrl(activationURL): Navigate to 'https://v2dev.traction.tools/activate?activationKey=29575c40-c57e-4b35-8e88-5467da4ff0a9&userId=c781ecff-1be7-485f-a2be-9758a056b859&orgId=d5fcd0ba-8e22-4a62-b3f9-7ba6fb6b3445&email=tractiontools.user001+te567hq5@gmail.com&isCreator=0' successfully

2020-09-03 15:49:24 - [MESSAGE][PASSED] - Navigate to 'https://v2dev.traction.tools/activate?activationKey=29575c40-c57e-4b35-8e88-5467da4ff0a9&userId=c781ecff-1be7-485f-a2be-9758a056b859&orgId=d5fcd0ba-8e22-4a62-b3f9-7ba6fb6b3445&email=tractiontools.user001+te567hq5@gmail.com&isCreator=0' successfully

2020-09-03 15:49:24 - [TEST_STEP][PASSED] - waitForElementVisible(findTestObject("V2/Commons/ActivationPage/input_Email_email"), DefaultTimeout): Object 'Object Repository/V2/Commons/ActivationPage/input_Email_email' is visible

2020-09-03 15:49:25 - [MESSAGE][PASSED] - Object 'Object Repository/V2/Commons/ActivationPage/input_Email_email' is visible

2020-09-03 15:49:25 - [TEST_STEP][PASSED] - actual_email = getAttribute(findTestObject("Object Repository/V2/Commons/ActivationPage/input_Email_email"), "value"): Attribute 'value' of object 'Object Repository/V2/Commons/ActivationPage/input_Email_email' is: 'tractiontools.user001+te567hq5@gmail.com'

2020-09-03 15:49:25 - [MESSAGE][PASSED] - Attribute 'value' of object 'Object Repository/V2/Commons/ActivationPage/input_Email_email' is: 'tractiontools.user001+te567hq5@gmail.com'

2020-09-03 15:49:25 - [TEST_STEP][PASSED] - verifyMatch(actual_email, email, false): Actual text 'tractiontools.user001+te567hq5@gmail.com' and expected text 'tractiontools.user001+te567hq5@gmail.com' are matched 

2020-09-03 15:49:25 - [MESSAGE][PASSED] - Actual text 'tractiontools.user001+te567hq5@gmail.com' and expected text 'tractiontools.user001+te567hq5@gmail.com' are matched 

2020-09-03 15:49:25 - [TEST_STEP][PASSED] - setText(findTestObject("V2/Commons/ActivationPage/input_password"), password): Text 'Qwer123!' is set on object 'Object Repository/V2/Commons/ActivationPage/input_password'

2020-09-03 15:49:26 - [MESSAGE][PASSED] - Text 'Qwer123!' is set on object 'Object Repository/V2/Commons/ActivationPage/input_password'

2020-09-03 15:49:26 - [TEST_STEP][PASSED] - setText(findTestObject("Object Repository/V2/Commons/ActivationPage/input__passwordRepeat"), password): Text 'Qwer123!' is set on object 'Object Repository/V2/Commons/ActivationPage/input__passwordRepeat'

2020-09-03 15:49:27 - [MESSAGE][PASSED] - Text 'Qwer123!' is set on object 'Object Repository/V2/Commons/ActivationPage/input__passwordRepeat'

2020-09-03 15:49:27 - [TEST_STEP][PASSED] - click(findTestObject("V2/Commons/ActivationPage/input_termsandconditions")): Object: 'Object Repository/V2/Commons/ActivationPage/input_termsandconditions' is clicked on

2020-09-03 15:49:27 - [MESSAGE][PASSED] - Object: 'Object Repository/V2/Commons/ActivationPage/input_termsandconditions' is clicked on

2020-09-03 15:49:27 - [TEST_STEP][PASSED] - click(findTestObject("Object Repository/V2/Commons/ActivationPage/div_Create account")): Object: 'Object Repository/V2/Commons/ActivationPage/div_Create account' is clicked on

2020-09-03 15:49:28 - [MESSAGE][PASSED] - Object: 'Object Repository/V2/Commons/ActivationPage/div_Create account' is clicked on

2020-09-03 15:49:28 - [TEST_STEP][PASSED] - waitForElementPresent(findTestObject("V2/Commons/DasboardPage_SidebarMenu/img_Home_logo-big"), DefaultTimeout): Object 'Object Repository/V2/Commons/DasboardPage_SidebarMenu/img_Home_logo-big' is present

2020-09-03 15:49:32 - [MESSAGE][PASSED] - Object 'Object Repository/V2/Commons/DasboardPage_SidebarMenu/img_Home_logo-big' is present

2020-09-03 15:49:32 - [TEST_STEP][PASSED] - verifyElementPresent(findTestObject("V2/Commons/DasboardPage_SidebarMenu/img_Home_logo-big"), 0): Object 'Object Repository/V2/Commons/DasboardPage_SidebarMenu/img_Home_logo-big' is present

2020-09-03 15:49:32 - [MESSAGE][WARNING] - Timeout '0' is invalid. Using default page load timeout: '30'

2020-09-03 15:49:33 - [MESSAGE][PASSED] - Object 'Object Repository/V2/Commons/DasboardPage_SidebarMenu/img_Home_logo-big' is present

2020-09-03 15:49:33 - [MESSAGE][PASSED] - Call Test Case 'Test Cases/V2/Test Case/Pre-conditions/PRE_ActivateNewUser' successfully

2020-09-03 15:49:33 - [TEST_STEP][PASSED] - callTestCase(findTestCase("V2/Test Case/Pre-conditions/PRE_SkipPersonalProfileSetup"), [:], STOP_ON_FAILURE): Call Test Case 'Test Cases/V2/Test Case/Pre-conditions/PRE_SkipPersonalProfileSetup' successfully

2020-09-03 15:49:33 - [TEST_CASE][PASSED] - Test Cases/V2/Test Case/Pre-conditions/PRE_SkipPersonalProfileSetup: Test Cases/V2/Test Case/Pre-conditions/PRE_SkipPersonalProfileSetup

2020-09-03 15:49:33 - [TEST_STEP][PASSED] - waitForElementVisible(findTestObject("V2/Commons/FirstUpdateCompanyAndPersonalInfoModal/confirmPersonalInfoHeader_h1"), DefaultTimeout): Object 'Object Repository/V2/Commons/FirstUpdateCompanyAndPersonalInfoModal/confirmPersonalInfoHeader_h1' is visible

2020-09-03 15:49:34 - [MESSAGE][PASSED] - Object 'Object Repository/V2/Commons/FirstUpdateCompanyAndPersonalInfoModal/confirmPersonalInfoHeader_h1' is visible

2020-09-03 15:49:34 - [TEST_STEP][PASSED] - click(findTestObject("V2/Commons/FirstUpdateCompanyAndPersonalInfoModal/confirmInfoSkip_button")): Object: 'Object Repository/V2/Commons/FirstUpdateCompanyAndPersonalInfoModal/confirmInfoSkip_button' is clicked on

2020-09-03 15:49:34 - [MESSAGE][PASSED] - Object: 'Object Repository/V2/Commons/FirstUpdateCompanyAndPersonalInfoModal/confirmInfoSkip_button' is clicked on

2020-09-03 15:49:34 - [TEST_STEP][PASSED] - waitForElementVisible(findTestObject("V2/Commons/FirstUpdateCompanyAndPersonalInfoModal/letsGetStarted_button"), DefaultTimeout): Object 'Object Repository/V2/Commons/FirstUpdateCompanyAndPersonalInfoModal/letsGetStarted_button' is visible

2020-09-03 15:49:35 - [MESSAGE][PASSED] - Object 'Object Repository/V2/Commons/FirstUpdateCompanyAndPersonalInfoModal/letsGetStarted_button' is visible

2020-09-03 15:49:35 - [TEST_STEP][PASSED] - click(findTestObject("V2/Commons/FirstUpdateCompanyAndPersonalInfoModal/letsGetStarted_button")): Object: 'Object Repository/V2/Commons/FirstUpdateCompanyAndPersonalInfoModal/letsGetStarted_button' is clicked on

2020-09-03 15:49:36 - [MESSAGE][PASSED] - Object: 'Object Repository/V2/Commons/FirstUpdateCompanyAndPersonalInfoModal/letsGetStarted_button' is clicked on

2020-09-03 15:49:36 - [MESSAGE][PASSED] - Call Test Case 'Test Cases/V2/Test Case/Pre-conditions/PRE_SkipPersonalProfileSetup' successfully

2020-09-03 15:49:36 - [MESSAGE][PASSED] - Call Test Case 'Test Cases/V2/Test Case/Pre-conditions/PRE_RegisterAndActivateTTUsers' successfully

2020-09-03 15:49:36 - [TEST_STEP][PASSED] - closeBrowser(): Browser is closed

2020-09-03 15:49:36 - [MESSAGE][PASSED] - Browser is closed

2020-09-03 15:49:36 - [TEST_STEP][PASSED] - path = System.getProperty("user.dir"): null

2020-09-03 15:49:36 - [TEST_STEP][PASSED] - System.setProperty("webdriver.chrome.driver", "C:\Users\Aaron-PC\Documents\Traction Tools\Katalon\Katalon_Studio_Windows_64-7.6.2\Katalon_Studio_Windows_64-7.6.2\configuration\resources\drivers\chromedriver_win32\chromedriver.exe"): null

2020-09-03 15:49:36 - [TEST_STEP][PASSED] - driver1 = new org.openqa.selenium.chrome.ChromeDriver(): null

2020-09-03 15:49:40 - [TEST_STEP][PASSED] - changeWebDriver(driver1): null

2020-09-03 15:49:40 - [TEST_STEP][PASSED] - maximizeWindow(): Current window maximized

2020-09-03 15:49:42 - [MESSAGE][PASSED] - Current window maximized

2020-09-03 15:49:42 - [TEST_STEP][PASSED] - navigateToUrl(V2Url): Navigate to 'https://v2dev.traction.tools' successfully

2020-09-03 15:49:43 - [MESSAGE][PASSED] - Navigate to 'https://v2dev.traction.tools' successfully

2020-09-03 15:49:43 - [TEST_STEP][PASSED] - callTestCase(findTestCase("V2/Test Case/Pre-conditions/PRE_LoginToTractionToolsApplication"), ["username":email, "password":password], STOP_ON_FAILURE): Call Test Case 'Test Cases/V2/Test Case/Pre-conditions/PRE_LoginToTractionToolsApplication' successfully

2020-09-03 15:49:43 - [TEST_CASE][PASSED] - Test Cases/V2/Test Case/Pre-conditions/PRE_LoginToTractionToolsApplication: Test Cases/V2/Test Case/Pre-conditions/PRE_LoginToTractionToolsApplication

2020-09-03 15:49:43 - [TEST_STEP][PASSED] - setText(findTestObject("V2/Commons/LoginPage/input__username"), username): Text 'tractiontools.user001+ta5ob31q@gmail.com' is set on object 'Object Repository/V2/Commons/LoginPage/input__username'

2020-09-03 15:49:50 - [MESSAGE][PASSED] - Text 'tractiontools.user001+ta5ob31q@gmail.com' is set on object 'Object Repository/V2/Commons/LoginPage/input__username'

2020-09-03 15:49:50 - [TEST_STEP][PASSED] - setText(findTestObject("V2/Commons/LoginPage/input__password"), password): Text 'Qwer123!' is set on object 'Object Repository/V2/Commons/LoginPage/input__password'

2020-09-03 15:49:50 - [MESSAGE][PASSED] - Text 'Qwer123!' is set on object 'Object Repository/V2/Commons/LoginPage/input__password'

2020-09-03 15:49:50 - [TEST_STEP][PASSED] - click(findTestObject("V2/Commons/LoginPage/div_Login")): Object: 'Object Repository/V2/Commons/LoginPage/div_Login' is clicked on

2020-09-03 15:49:50 - [MESSAGE][PASSED] - Object: 'Object Repository/V2/Commons/LoginPage/div_Login' is clicked on

2020-09-03 15:49:50 - [TEST_STEP][PASSED] - waitForElementVisible(findTestObject("V2/Commons/DasboardPage_SidebarMenu/img_Home_logo-big"), DefaultTimeout): Object 'Object Repository/V2/Commons/DasboardPage_SidebarMenu/img_Home_logo-big' is visible

2020-09-03 15:49:55 - [MESSAGE][PASSED] - Object 'Object Repository/V2/Commons/DasboardPage_SidebarMenu/img_Home_logo-big' is visible

2020-09-03 15:49:55 - [TEST_STEP][PASSED] - verifyElementVisible(findTestObject("V2/Commons/DasboardPage_SidebarMenu/img_Home_logo-big"), STOP_ON_FAILURE): Object 'Object Repository/V2/Commons/DasboardPage_SidebarMenu/img_Home_logo-big' is visible

2020-09-03 15:49:55 - [MESSAGE][PASSED] - Object 'Object Repository/V2/Commons/DasboardPage_SidebarMenu/img_Home_logo-big' is visible

2020-09-03 15:49:55 - [MESSAGE][PASSED] - Call Test Case 'Test Cases/V2/Test Case/Pre-conditions/PRE_LoginToTractionToolsApplication' successfully

2020-09-03 15:49:55 - [TEST_STEP][PASSED] - driver2 = new org.openqa.selenium.chrome.ChromeDriver(): null

2020-09-03 15:49:59 - [TEST_STEP][PASSED] - changeWebDriver(driver2): null

2020-09-03 15:49:59 - [TEST_STEP][PASSED] - maximizeWindow(): Current window maximized

2020-09-03 15:50:01 - [MESSAGE][PASSED] - Current window maximized

2020-09-03 15:50:01 - [TEST_STEP][PASSED] - navigateToUrl(V2Url): Navigate to 'https://v2dev.traction.tools' successfully

2020-09-03 15:50:02 - [MESSAGE][PASSED] - Navigate to 'https://v2dev.traction.tools' successfully

2020-09-03 15:50:02 - [TEST_STEP][PASSED] - callTestCase(findTestCase("V2/Test Case/Pre-conditions/PRE_LoginToTractionToolsApplication"), ["username":supervisor_email, "password":password], STOP_ON_FAILURE): Call Test Case 'Test Cases/V2/Test Case/Pre-conditions/PRE_LoginToTractionToolsApplication' successfully

2020-09-03 15:50:02 - [TEST_CASE][PASSED] - Test Cases/V2/Test Case/Pre-conditions/PRE_LoginToTractionToolsApplication: Test Cases/V2/Test Case/Pre-conditions/PRE_LoginToTractionToolsApplication

2020-09-03 15:50:02 - [TEST_STEP][PASSED] - setText(findTestObject("V2/Commons/LoginPage/input__username"), username): Text 'tractiontools.user001+ts5qs319@gmail.com' is set on object 'Object Repository/V2/Commons/LoginPage/input__username'

2020-09-03 15:50:10 - [MESSAGE][PASSED] - Text 'tractiontools.user001+ts5qs319@gmail.com' is set on object 'Object Repository/V2/Commons/LoginPage/input__username'

2020-09-03 15:50:10 - [TEST_STEP][PASSED] - setText(findTestObject("V2/Commons/LoginPage/input__password"), password): Text 'Qwer123!' is set on object 'Object Repository/V2/Commons/LoginPage/input__password'

2020-09-03 15:50:10 - [MESSAGE][PASSED] - Text 'Qwer123!' is set on object 'Object Repository/V2/Commons/LoginPage/input__password'

2020-09-03 15:50:10 - [TEST_STEP][PASSED] - click(findTestObject("V2/Commons/LoginPage/div_Login")): Object: 'Object Repository/V2/Commons/LoginPage/div_Login' is clicked on

2020-09-03 15:50:10 - [MESSAGE][PASSED] - Object: 'Object Repository/V2/Commons/LoginPage/div_Login' is clicked on

2020-09-03 15:50:10 - [TEST_STEP][PASSED] - waitForElementVisible(findTestObject("V2/Commons/DasboardPage_SidebarMenu/img_Home_logo-big"), DefaultTimeout): Object 'Object Repository/V2/Commons/DasboardPage_SidebarMenu/img_Home_logo-big' is visible

2020-09-03 15:50:15 - [MESSAGE][PASSED] - Object 'Object Repository/V2/Commons/DasboardPage_SidebarMenu/img_Home_logo-big' is visible

2020-09-03 15:50:15 - [TEST_STEP][PASSED] - verifyElementVisible(findTestObject("V2/Commons/DasboardPage_SidebarMenu/img_Home_logo-big"), STOP_ON_FAILURE): Object 'Object Repository/V2/Commons/DasboardPage_SidebarMenu/img_Home_logo-big' is visible

2020-09-03 15:50:15 - [MESSAGE][PASSED] - Object 'Object Repository/V2/Commons/DasboardPage_SidebarMenu/img_Home_logo-big' is visible

2020-09-03 15:50:15 - [MESSAGE][PASSED] - Call Test Case 'Test Cases/V2/Test Case/Pre-conditions/PRE_LoginToTractionToolsApplication' successfully

2020-09-03 15:50:15 - [TEST_STEP][PASSED] - driver3 = new org.openqa.selenium.chrome.ChromeDriver(): null

2020-09-03 15:50:18 - [TEST_STEP][PASSED] - changeWebDriver(driver3): null

2020-09-03 15:50:18 - [TEST_STEP][PASSED] - maximizeWindow(): Current window maximized

2020-09-03 15:50:20 - [MESSAGE][PASSED] - Current window maximized

2020-09-03 15:50:20 - [TEST_STEP][PASSED] - navigateToUrl(V2Url): Navigate to 'https://v2dev.traction.tools' successfully

2020-09-03 15:50:22 - [MESSAGE][PASSED] - Navigate to 'https://v2dev.traction.tools' successfully

2020-09-03 15:50:22 - [TEST_STEP][PASSED] - callTestCase(findTestCase("V2/Test Case/Pre-conditions/PRE_LoginToTractionToolsApplication"), ["username":employee_email, "password":password], STOP_ON_FAILURE): Call Test Case 'Test Cases/V2/Test Case/Pre-conditions/PRE_LoginToTractionToolsApplication' successfully

2020-09-03 15:50:22 - [TEST_CASE][PASSED] - Test Cases/V2/Test Case/Pre-conditions/PRE_LoginToTractionToolsApplication: Test Cases/V2/Test Case/Pre-conditions/PRE_LoginToTractionToolsApplication

2020-09-03 15:50:22 - [TEST_STEP][PASSED] - setText(findTestObject("V2/Commons/LoginPage/input__username"), username): Text 'tractiontools.user001+te567hq5@gmail.com' is set on object 'Object Repository/V2/Commons/LoginPage/input__username'

2020-09-03 15:50:29 - [MESSAGE][PASSED] - Text 'tractiontools.user001+te567hq5@gmail.com' is set on object 'Object Repository/V2/Commons/LoginPage/input__username'

2020-09-03 15:50:29 - [TEST_STEP][PASSED] - setText(findTestObject("V2/Commons/LoginPage/input__password"), password): Text 'Qwer123!' is set on object 'Object Repository/V2/Commons/LoginPage/input__password'

2020-09-03 15:50:29 - [MESSAGE][PASSED] - Text 'Qwer123!' is set on object 'Object Repository/V2/Commons/LoginPage/input__password'

2020-09-03 15:50:29 - [TEST_STEP][PASSED] - click(findTestObject("V2/Commons/LoginPage/div_Login")): Object: 'Object Repository/V2/Commons/LoginPage/div_Login' is clicked on

2020-09-03 15:50:29 - [MESSAGE][PASSED] - Object: 'Object Repository/V2/Commons/LoginPage/div_Login' is clicked on

2020-09-03 15:50:29 - [TEST_STEP][PASSED] - waitForElementVisible(findTestObject("V2/Commons/DasboardPage_SidebarMenu/img_Home_logo-big"), DefaultTimeout): Object 'Object Repository/V2/Commons/DasboardPage_SidebarMenu/img_Home_logo-big' is visible

2020-09-03 15:50:33 - [MESSAGE][PASSED] - Object 'Object Repository/V2/Commons/DasboardPage_SidebarMenu/img_Home_logo-big' is visible

2020-09-03 15:50:33 - [TEST_STEP][PASSED] - verifyElementVisible(findTestObject("V2/Commons/DasboardPage_SidebarMenu/img_Home_logo-big"), STOP_ON_FAILURE): Object 'Object Repository/V2/Commons/DasboardPage_SidebarMenu/img_Home_logo-big' is visible

2020-09-03 15:50:33 - [MESSAGE][PASSED] - Object 'Object Repository/V2/Commons/DasboardPage_SidebarMenu/img_Home_logo-big' is visible

2020-09-03 15:50:33 - [MESSAGE][PASSED] - Call Test Case 'Test Cases/V2/Test Case/Pre-conditions/PRE_LoginToTractionToolsApplication' successfully

2020-09-03 15:50:33 - [TEST_STEP][PASSED] - changeWebDriver(driver1): null

2020-09-03 15:50:33 - [TEST_STEP][PASSED] - callTestCase(findTestCase("V2/Test Case/Pre-conditions/PRE_AddMilestone_Rocks"), [:], STOP_ON_FAILURE): Call Test Case 'Test Cases/V2/Test Case/Pre-conditions/PRE_AddMilestone_Rocks' successfully

2020-09-03 15:50:33 - [TEST_CASE][PASSED] - Test Cases/V2/Test Case/Pre-conditions/PRE_AddMilestone_Rocks: Test Cases/V2/Test Case/Pre-conditions/PRE_AddMilestone_Rocks

2020-09-03 15:50:33 - [TEST_STEP][PASSED] - click(findTestObject("Object Repository/V2/Commons/ManageUsersPage/span_Company Settings")): Object: 'Object Repository/V2/Commons/ManageUsersPage/span_Company Settings' is clicked on

2020-09-03 15:50:33 - [MESSAGE][PASSED] - Object: 'Object Repository/V2/Commons/ManageUsersPage/span_Company Settings' is clicked on

2020-09-03 15:50:33 - [TEST_STEP][PASSED] - click(findTestObject("V2/Commons/DasboardPage_SidebarMenu/a_Advance Settings")): Object: 'Object Repository/V2/Commons/DasboardPage_SidebarMenu/a_Advance Settings' is clicked on

2020-09-03 15:50:33 - [MESSAGE][PASSED] - Object: 'Object Repository/V2/Commons/DasboardPage_SidebarMenu/a_Advance Settings' is clicked on

2020-09-03 15:50:33 - [TEST_STEP][PASSED] - waitForElementVisible(findTestObject("V2/Commons/AdvanceSettingsPage/Add_Milestone_Toggle"), DefaultTimeout): Object 'Object Repository/V2/Commons/AdvanceSettingsPage/Add_Milestone_Toggle' is visible

2020-09-03 15:50:34 - [MESSAGE][PASSED] - Object 'Object Repository/V2/Commons/AdvanceSettingsPage/Add_Milestone_Toggle' is visible

2020-09-03 15:50:34 - [TEST_STEP][PASSED] - click(findTestObject("V2/Commons/AdvanceSettingsPage/Add_Milestone_Toggle")): Object: 'Object Repository/V2/Commons/AdvanceSettingsPage/Add_Milestone_Toggle' is clicked on

2020-09-03 15:50:34 - [MESSAGE][PASSED] - Object: 'Object Repository/V2/Commons/AdvanceSettingsPage/Add_Milestone_Toggle' is clicked on

2020-09-03 15:50:34 - [TEST_STEP][PASSED] - A_validateMilestoneChecked = getAttribute(findTestObject("V2/Commons/AdvanceSettingsPage/Verify_Milestone_Toggle"), "checked"): Attribute 'checked' of object 'Object Repository/V2/Commons/AdvanceSettingsPage/Verify_Milestone_Toggle' is: 'true'

2020-09-03 15:50:34 - [MESSAGE][PASSED] - Attribute 'checked' of object 'Object Repository/V2/Commons/AdvanceSettingsPage/Verify_Milestone_Toggle' is: 'true'

2020-09-03 15:50:34 - [TEST_STEP][PASSED] - verifyMatch(A_validateMilestoneChecked, "true", false): Actual text 'true' and expected text 'true' are matched 

2020-09-03 15:50:34 - [MESSAGE][PASSED] - Actual text 'true' and expected text 'true' are matched 

2020-09-03 15:50:34 - [TEST_STEP][PASSED] - click(findTestObject("V2/Commons/AdvanceSettingsPage/Save_Rules")): Object: 'Object Repository/V2/Commons/AdvanceSettingsPage/Save_Rules' is clicked on

2020-09-03 15:50:34 - [MESSAGE][PASSED] - Object: 'Object Repository/V2/Commons/AdvanceSettingsPage/Save_Rules' is clicked on

2020-09-03 15:50:34 - [MESSAGE][PASSED] - Call Test Case 'Test Cases/V2/Test Case/Pre-conditions/PRE_AddMilestone_Rocks' successfully

2020-09-03 15:50:34 - [TEST_STEP][PASSED] - callTestCase(findTestCase("V2/Test Case/Pre-conditions/PRE_CreateL10Meeting"), ["meetingName":meetingName, "meetingAcronym":meetingAcronym, "meetingType":meetingType, "dropdownOptions_obj":"//div[@id='CREATE_MEETING_L10']//span[text()='%s']/parent::div[@role='option']", ... ], STOP_ON_FAILURE): Call Test Case 'Test Cases/V2/Test Case/Pre-conditions/PRE_CreateL10Meeting' successfully

2020-09-03 15:50:34 - [TEST_CASE][PASSED] - Test Cases/V2/Test Case/Pre-conditions/PRE_CreateL10Meeting: Test Cases/V2/Test Case/Pre-conditions/PRE_CreateL10Meeting

2020-09-03 15:50:34 - [TEST_STEP][PASSED] - click(findTestObject("V2/Commons/DasboardPage_SidebarMenu/MeetingsMenu")): Object: 'Object Repository/V2/Commons/DasboardPage_SidebarMenu/MeetingsMenu' is clicked on

2020-09-03 15:50:34 - [MESSAGE][PASSED] - Object: 'Object Repository/V2/Commons/DasboardPage_SidebarMenu/MeetingsMenu' is clicked on

2020-09-03 15:50:34 - [TEST_STEP][PASSED] - click(findTestObject("Object Repository/V2/Commons/MeetingListPage/div_Create a meeting")): Object: 'Object Repository/V2/Commons/MeetingListPage/div_Create a meeting' is clicked on

2020-09-03 15:50:35 - [MESSAGE][PASSED] - Object: 'Object Repository/V2/Commons/MeetingListPage/div_Create a meeting' is clicked on

2020-09-03 15:50:35 - [TEST_STEP][PASSED] - click(findTestObject("Object Repository/V2/Commons/MeetingListPage/button_Level 10")): Object: 'Object Repository/V2/Commons/MeetingListPage/button_Level 10' is clicked on

2020-09-03 15:50:35 - [MESSAGE][PASSED] - Object: 'Object Repository/V2/Commons/MeetingListPage/button_Level 10' is clicked on

2020-09-03 15:50:35 - [TEST_STEP][PASSED] - waitForElementVisible(findTestObject("V2/Commons/CreateL10MeetingDrawer/input__name"), DefaultTimeout): Object 'Object Repository/V2/Commons/CreateL10MeetingDrawer/input__name' is visible

2020-09-03 15:50:35 - [MESSAGE][PASSED] - Object 'Object Repository/V2/Commons/CreateL10MeetingDrawer/input__name' is visible

2020-09-03 15:50:35 - [TEST_STEP][PASSED] - setText(findTestObject("V2/Commons/CreateL10MeetingDrawer/input__name"), meetingName): Text 'Meeting Admin' is set on object 'Object Repository/V2/Commons/CreateL10MeetingDrawer/input__name'

2020-09-03 15:50:36 - [MESSAGE][PASSED] - Text 'Meeting Admin' is set on object 'Object Repository/V2/Commons/CreateL10MeetingDrawer/input__name'

2020-09-03 15:50:36 - [TEST_STEP][PASSED] - setText(findTestObject("V2/Commons/CreateL10MeetingDrawer/input__acronym"), meetingAcronym): Text 'CL10' is set on object 'Object Repository/V2/Commons/CreateL10MeetingDrawer/input__acronym'

2020-09-03 15:50:36 - [MESSAGE][PASSED] - Text 'CL10' is set on object 'Object Repository/V2/Commons/CreateL10MeetingDrawer/input__acronym'

2020-09-03 15:50:36 - [TEST_STEP][PASSED] - click(findTestObject("V2/Commons/CreateL10MeetingDrawer/input__typeOfMeeting")): Object: 'Object Repository/V2/Commons/CreateL10MeetingDrawer/input__typeOfMeeting' is clicked on

2020-09-03 15:50:36 - [MESSAGE][PASSED] - Object: 'Object Repository/V2/Commons/CreateL10MeetingDrawer/input__typeOfMeeting' is clicked on

2020-09-03 15:50:36 - [TEST_STEP][PASSED] - meetingTypeOption_Obj = tt_CustomKeywords.CustomKeywords.CreateDynamicElement(dropdownOptions_obj, meetingType, "xpath"): Successfully created new dynamic object: //div[@id='CREATE_MEETING_L10']//span[text()='Leadership']/parent::div[@role='option']

2020-09-03 15:50:36 - [MESSAGE][PASSED] - Successfully created new dynamic object: //div[@id='CREATE_MEETING_L10']//span[text()='Leadership']/parent::div[@role='option']

2020-09-03 15:50:36 - [TEST_STEP][PASSED] - click(meetingTypeOption_Obj): Object: '' is clicked on

2020-09-03 15:50:36 - [MESSAGE][PASSED] - Object: '' is clicked on

2020-09-03 15:50:36 - [TEST_STEP][PASSED] - click(findTestObject("V2/Commons/CreateL10MeetingDrawer/div_dayOfMeetingDropdownList")): Object: 'Object Repository/V2/Commons/CreateL10MeetingDrawer/div_dayOfMeetingDropdownList' is clicked on

2020-09-03 15:50:36 - [MESSAGE][PASSED] - Object: 'Object Repository/V2/Commons/CreateL10MeetingDrawer/div_dayOfMeetingDropdownList' is clicked on

2020-09-03 15:50:36 - [TEST_STEP][PASSED] - dayOfMeetingOption_Obj = tt_CustomKeywords.CustomKeywords.CreateDynamicElement(dropdownOptions_obj, dayOfMeeting, "xpath"): Successfully created new dynamic object: //div[@id='CREATE_MEETING_L10']//span[text()='Monday']/parent::div[@role='option']

2020-09-03 15:50:36 - [MESSAGE][PASSED] - Successfully created new dynamic object: //div[@id='CREATE_MEETING_L10']//span[text()='Monday']/parent::div[@role='option']

2020-09-03 15:50:36 - [TEST_STEP][PASSED] - click(dayOfMeetingOption_Obj): Object: '' is clicked on

2020-09-03 15:50:36 - [MESSAGE][PASSED] - Object: '' is clicked on

2020-09-03 15:50:36 - [TEST_STEP][PASSED] - click(findTestObject("V2/Commons/CreateL10MeetingDrawer/input_meetingTime")): Object: 'Object Repository/V2/Commons/CreateL10MeetingDrawer/input_meetingTime' is clicked on

2020-09-03 15:50:36 - [MESSAGE][PASSED] - Object: 'Object Repository/V2/Commons/CreateL10MeetingDrawer/input_meetingTime' is clicked on

2020-09-03 15:50:36 - [TEST_STEP][PASSED] - setText(findTestObject("V2/Commons/CreateL10MeetingDrawer/input_meetingTime"), meetingTime): Text '12:00' is set on object 'Object Repository/V2/Commons/CreateL10MeetingDrawer/input_meetingTime'

2020-09-03 15:50:36 - [MESSAGE][PASSED] - Text '12:00' is set on object 'Object Repository/V2/Commons/CreateL10MeetingDrawer/input_meetingTime'

2020-09-03 15:50:36 - [TEST_STEP][PASSED] - sendKeys(findTestObject("V2/Commons/CreateL10MeetingDrawer/input_meetingTime"), Keys.chord(TAB)): Keys 'TAB + ' sent to object: 'Object Repository/V2/Commons/CreateL10MeetingDrawer/input_meetingTime'

2020-09-03 15:50:36 - [MESSAGE][PASSED] - Keys 'TAB + ' sent to object: 'Object Repository/V2/Commons/CreateL10MeetingDrawer/input_meetingTime'

2020-09-03 15:50:36 - [TEST_STEP][PASSED] - click(findTestObject("V2/Commons/CreateL10MeetingDrawer/div_Create Meeting")): Object: 'Object Repository/V2/Commons/CreateL10MeetingDrawer/div_Create Meeting' is clicked on

2020-09-03 15:50:36 - [MESSAGE][PASSED] - Object: 'Object Repository/V2/Commons/CreateL10MeetingDrawer/div_Create Meeting' is clicked on

2020-09-03 15:50:36 - [TEST_STEP][PASSED] - waitForElementVisible(findTestObject("Object Repository/V2/Commons/MeetingListPage/div_Ill do this later"), DefaultTimeout): Object 'Object Repository/V2/Commons/MeetingListPage/div_Ill do this later' is visible

2020-09-03 15:51:12 - [MESSAGE][PASSED] - Object 'Object Repository/V2/Commons/MeetingListPage/div_Ill do this later' is visible

2020-09-03 15:51:12 - [TEST_STEP][PASSED] - verifyElementVisible(findTestObject("Object Repository/V2/Commons/MeetingListPage/div_Ill do this later"), STOP_ON_FAILURE): Object 'Object Repository/V2/Commons/MeetingListPage/div_Ill do this later' is visible

2020-09-03 15:51:12 - [MESSAGE][PASSED] - Object 'Object Repository/V2/Commons/MeetingListPage/div_Ill do this later' is visible

2020-09-03 15:51:12 - [TEST_STEP][PASSED] - click(findTestObject("Object Repository/V2/Commons/MeetingListPage/div_Ill do this later")): Object: 'Object Repository/V2/Commons/MeetingListPage/div_Ill do this later' is clicked on

2020-09-03 15:51:12 - [MESSAGE][PASSED] - Object: 'Object Repository/V2/Commons/MeetingListPage/div_Ill do this later' is clicked on

2020-09-03 15:51:12 - [TEST_STEP][PASSED] - meetingRecordObj = tt_CustomKeywords.CustomKeywords.CreateDynamicElement(meetingRecord_obj, meetingName, "xpath"): Successfully created new dynamic object: //div[@class='detailscontainer__block item']/h4[text()='Meeting Admin']

2020-09-03 15:51:12 - [MESSAGE][PASSED] - Successfully created new dynamic object: //div[@class='detailscontainer__block item']/h4[text()='Meeting Admin']

2020-09-03 15:51:12 - [TEST_STEP][PASSED] - verifyElementPresent(meetingRecordObj, DefaultTimeout): Object '' is present

2020-09-03 15:51:12 - [MESSAGE][PASSED] - Object '' is present

2020-09-03 15:51:12 - [MESSAGE][PASSED] - Call Test Case 'Test Cases/V2/Test Case/Pre-conditions/PRE_CreateL10Meeting' successfully

2020-09-03 15:51:12 - [TEST_STEP][PASSED] - callTestCase(findTestCase("V2/Test Case/Tests/PR-369 - EditMeetingAgenda/Test Cases/Positive/Admin/PR_369_7_EditMeetingCreateRock_Admin"), ["userName":"jeff+075@mytractiontools.com", "passWord":"Skyline69A*", "meetingRowPosition":"3", "editMeetingMenu_Obj":"//div[@id='root']/div/div[2]/div/div/div/div[2]/div/div[%s]/div[3]/button/i", ... ], STOP_ON_FAILURE): Call Test Case 'Test Cases/V2/Test Case/Tests/PR-369 - EditMeetingAgenda/Test Cases/Positive/Admin/PR_369_7_EditMeetingCreateRock_Admin' successfully

2020-09-03 15:51:12 - [TEST_CASE][PASSED] - Test Cases/V2/Test Case/Tests/PR-369 - EditMeetingAgenda/Test Cases/Positive/Admin/PR_369_7_EditMeetingCreateRock_Admin: Test Cases/V2/Test Case/Tests/PR-369 - EditMeetingAgenda/Test Cases/Positive/Admin/PR_369_7_EditMeetingCreateRock_Admin

2020-09-03 15:51:12 - [TEST_STEP][NOT_RUN] - openBrowser(""): NOT_RUN: openBrowser("")

2020-09-03 15:51:12 - [MESSAGE][NOT_RUN] - NOT_RUN: openBrowser("")

2020-09-03 15:51:12 - [TEST_STEP][NOT_RUN] - maximizeWindow(): NOT_RUN: maximizeWindow()

2020-09-03 15:51:12 - [MESSAGE][NOT_RUN] - NOT_RUN: maximizeWindow()

2020-09-03 15:51:12 - [TEST_STEP][NOT_RUN] - navigateToUrl(V2Url): NOT_RUN: navigateToUrl(V2Url)

2020-09-03 15:51:12 - [MESSAGE][NOT_RUN] - NOT_RUN: navigateToUrl(V2Url)

2020-09-03 15:51:12 - [TEST_STEP][NOT_RUN] - setText(findTestObject("V2/PR-369/Page_Login/userName_Field"), "tractiontools.user001+ta58jzbl@gmail.com"): NOT_RUN: setText(findTestObject("V2/PR-369/Page_Login/userName_Field"), "tractiontools.user001+ta58jzbl@gmail.com")

2020-09-03 15:51:12 - [MESSAGE][NOT_RUN] - NOT_RUN: setText(findTestObject("V2/PR-369/Page_Login/userName_Field"), "tractiontools.user001+ta58jzbl@gmail.com")

2020-09-03 15:51:12 - [TEST_STEP][NOT_RUN] - setText(findTestObject("V2/PR-369/Page_Login/passWord_Field"), "Qwer123!"): NOT_RUN: setText(findTestObject("V2/PR-369/Page_Login/passWord_Field"), "Qwer123!")

2020-09-03 15:51:12 - [MESSAGE][NOT_RUN] - NOT_RUN: setText(findTestObject("V2/PR-369/Page_Login/passWord_Field"), "Qwer123!")

2020-09-03 15:51:12 - [TEST_STEP][NOT_RUN] - click(findTestObject("V2/PR-369/Page_Login/Login_Button")): NOT_RUN: click(findTestObject("V2/PR-369/Page_Login/Login_Button"))

2020-09-03 15:51:12 - [MESSAGE][NOT_RUN] - NOT_RUN: click(findTestObject("V2/PR-369/Page_Login/Login_Button"))

2020-09-03 15:51:12 - [TEST_STEP][PASSED] - waitForElementVisible(findTestObject("V2/Commons/DasboardPage_SidebarMenu/MeetingsMenu"), DefaultTimeout): Object 'Object Repository/V2/Commons/DasboardPage_SidebarMenu/MeetingsMenu' is visible

2020-09-03 15:51:12 - [MESSAGE][PASSED] - Object 'Object Repository/V2/Commons/DasboardPage_SidebarMenu/MeetingsMenu' is visible

2020-09-03 15:51:12 - [TEST_STEP][PASSED] - click(findTestObject("V2/Commons/DasboardPage_SidebarMenu/MeetingsMenu")): Object: 'Object Repository/V2/Commons/DasboardPage_SidebarMenu/MeetingsMenu' is clicked on

2020-09-03 15:51:13 - [MESSAGE][PASSED] - Object: 'Object Repository/V2/Commons/DasboardPage_SidebarMenu/MeetingsMenu' is clicked on

2020-09-03 15:51:13 - [TEST_STEP][PASSED] - meetingOpt_Obj = tt_CustomKeywords.CustomKeywords.CreateDynamicElement(meetingOptions_obj, meetingName, "xpath"): Successfully created new dynamic object: //h4[text()='Meeting Admin']/ancestor::div[contains(@class,'ListContainer')]/div[@class='listcontainer__options']/button

2020-09-03 15:51:13 - [MESSAGE][PASSED] - Successfully created new dynamic object: //h4[text()='Meeting Admin']/ancestor::div[contains(@class,'ListContainer')]/div[@class='listcontainer__options']/button

2020-09-03 15:51:13 - [TEST_STEP][PASSED] - waitForElementVisible(meetingOpt_Obj, DefaultTimeout): Object '' is visible

2020-09-03 15:51:13 - [MESSAGE][PASSED] - Object '' is visible

2020-09-03 15:51:13 - [TEST_STEP][PASSED] - click(meetingOpt_Obj): Object: '' is clicked on

2020-09-03 15:51:13 - [MESSAGE][PASSED] - Object: '' is clicked on

2020-09-03 15:51:13 - [TEST_STEP][PASSED] - click(findTestObject("V2/Commons/MeetingListPage/a_Edit meeting")): Object: 'Object Repository/V2/Commons/MeetingListPage/a_Edit meeting' is clicked on

2020-09-03 15:51:13 - [MESSAGE][PASSED] - Object: 'Object Repository/V2/Commons/MeetingListPage/a_Edit meeting' is clicked on

2020-09-03 15:51:13 - [TEST_STEP][PASSED] - waitForElementVisible(findTestObject("V2/PR-369/Edit_Meeting_Rocks/Rocks_Menu"), DefaultTimeout): Object 'Object Repository/V2/PR-369/Edit_Meeting_Rocks/Rocks_Menu' is visible

2020-09-03 15:51:14 - [MESSAGE][PASSED] - Object 'Object Repository/V2/PR-369/Edit_Meeting_Rocks/Rocks_Menu' is visible

2020-09-03 15:51:14 - [TEST_STEP][PASSED] - click(findTestObject("V2/PR-369/Edit_Meeting_Rocks/Rocks_Menu")): Object: 'Object Repository/V2/PR-369/Edit_Meeting_Rocks/Rocks_Menu' is clicked on

2020-09-03 15:51:14 - [MESSAGE][PASSED] - Object: 'Object Repository/V2/PR-369/Edit_Meeting_Rocks/Rocks_Menu' is clicked on

2020-09-03 15:51:14 - [TEST_STEP][PASSED] - click(findTestObject("V2/PR-369/Edit_Meeting_Rocks/CreateRocksButton")): Object: 'Object Repository/V2/PR-369/Edit_Meeting_Rocks/CreateRocksButton' is clicked on

2020-09-03 15:51:14 - [MESSAGE][PASSED] - Object: 'Object Repository/V2/PR-369/Edit_Meeting_Rocks/CreateRocksButton' is clicked on

2020-09-03 15:51:14 - [TEST_STEP][PASSED] - click(findTestObject("V2/PR-369/Edit_Meeting_Rocks/Create_New_Rocks")): Object: 'Object Repository/V2/PR-369/Edit_Meeting_Rocks/Create_New_Rocks' is clicked on

2020-09-03 15:51:14 - [MESSAGE][PASSED] - Object: 'Object Repository/V2/PR-369/Edit_Meeting_Rocks/Create_New_Rocks' is clicked on

2020-09-03 15:51:14 - [TEST_STEP][PASSED] - waitForElementVisible(findTestObject("V2/PR-369/Edit_Meeting_Rocks/Rock_Name_Title"), DefaultTimeout): Object 'Object Repository/V2/PR-369/Edit_Meeting_Rocks/Rock_Name_Title' is visible

2020-09-03 15:51:14 - [MESSAGE][PASSED] - Object 'Object Repository/V2/PR-369/Edit_Meeting_Rocks/Rock_Name_Title' is visible

2020-09-03 15:51:14 - [TEST_STEP][PASSED] - setText(findTestObject("V2/PR-369/Edit_Meeting_Rocks/Rock_Name_Title"), rockName): Text 'QA Edit Meeting Automation Rock Test' is set on object 'Object Repository/V2/PR-369/Edit_Meeting_Rocks/Rock_Name_Title'

2020-09-03 15:51:15 - [MESSAGE][PASSED] - Text 'QA Edit Meeting Automation Rock Test' is set on object 'Object Repository/V2/PR-369/Edit_Meeting_Rocks/Rock_Name_Title'

2020-09-03 15:51:15 - [TEST_STEP][PASSED] - click(findTestObject("V2/PR-369/Edit_Meeting_Rocks/Status_OffTrack_Rock")): Object: 'Object Repository/V2/PR-369/Edit_Meeting_Rocks/Status_OffTrack_Rock' is clicked on

2020-09-03 15:51:15 - [MESSAGE][PASSED] - Object: 'Object Repository/V2/PR-369/Edit_Meeting_Rocks/Status_OffTrack_Rock' is clicked on

2020-09-03 15:51:15 - [TEST_STEP][PASSED] - click(findTestObject("V2/PR-369/Edit_Meeting_Rocks/Accountable_Owner_Field")): Object: 'Object Repository/V2/PR-369/Edit_Meeting_Rocks/Accountable_Owner_Field' is clicked on

2020-09-03 15:51:15 - [MESSAGE][PASSED] - Object: 'Object Repository/V2/PR-369/Edit_Meeting_Rocks/Accountable_Owner_Field' is clicked on

2020-09-03 15:51:15 - [TEST_STEP][PASSED] - accountableOwner = tt_CustomKeywords.CustomKeywords.CreateDynamicElement(owner_Obj, ownerSelected, "xpath"): Successfully created new dynamic object: //div[@data-test-id='createRock']//div[@role='listbox'][@class='visible menu transition']/div[@role='option'][contains(@class,'item')]/span[text()='Admin User']

2020-09-03 15:51:15 - [MESSAGE][PASSED] - Successfully created new dynamic object: //div[@data-test-id='createRock']//div[@role='listbox'][@class='visible menu transition']/div[@role='option'][contains(@class,'item')]/span[text()='Admin User']

2020-09-03 15:51:15 - [TEST_STEP][PASSED] - click(accountableOwner): Object: '' is clicked on

2020-09-03 15:51:15 - [MESSAGE][PASSED] - Object: '' is clicked on

2020-09-03 15:51:15 - [TEST_STEP][PASSED] - click(findTestObject("V2/PR-369/Edit_Meeting_Rocks/Visibility_Level_Field")): Object: 'Object Repository/V2/PR-369/Edit_Meeting_Rocks/Visibility_Level_Field' is clicked on

2020-09-03 15:51:15 - [MESSAGE][PASSED] - Object: 'Object Repository/V2/PR-369/Edit_Meeting_Rocks/Visibility_Level_Field' is clicked on

2020-09-03 15:51:15 - [TEST_STEP][PASSED] - click(findTestObject("V2/PR-369/Edit_Meeting_Rocks/Visibility_Level_Company")): Object: 'Object Repository/V2/PR-369/Edit_Meeting_Rocks/Visibility_Level_Company' is clicked on

2020-09-03 15:51:15 - [MESSAGE][PASSED] - Object: 'Object Repository/V2/PR-369/Edit_Meeting_Rocks/Visibility_Level_Company' is clicked on

2020-09-03 15:51:15 - [TEST_STEP][PASSED] - click(findTestObject("V2/PR-369/Edit_Meeting_Rocks/Rocks_Due_Date_Field")): Object: 'Object Repository/V2/PR-369/Edit_Meeting_Rocks/Rocks_Due_Date_Field' is clicked on

2020-09-03 15:51:15 - [MESSAGE][PASSED] - Object: 'Object Repository/V2/PR-369/Edit_Meeting_Rocks/Rocks_Due_Date_Field' is clicked on

2020-09-03 15:51:15 - [TEST_STEP][PASSED] - waitForElementVisible(findTestObject("V2/PR-369/Edit_Meeting_Scorecard/A_Date29"), DefaultTimeout): Object 'Object Repository/V2/PR-369/Edit_Meeting_Scorecard/A_Date29' is visible

2020-09-03 15:51:15 - [MESSAGE][PASSED] - Object 'Object Repository/V2/PR-369/Edit_Meeting_Scorecard/A_Date29' is visible

2020-09-03 15:51:15 - [TEST_STEP][PASSED] - click(findTestObject("V2/PR-369/Edit_Meeting_Scorecard/A_Date29")): Object: 'Object Repository/V2/PR-369/Edit_Meeting_Scorecard/A_Date29' is clicked on

2020-09-03 15:51:15 - [MESSAGE][PASSED] - Object: 'Object Repository/V2/PR-369/Edit_Meeting_Scorecard/A_Date29' is clicked on

2020-09-03 15:51:15 - [TEST_STEP][PASSED] - verifyElementVisible(findTestObject("V2/PR-369/Edit_Meeting_Rocks/Verify_Notes_Section")): Object 'Object Repository/V2/PR-369/Edit_Meeting_Rocks/Verify_Notes_Section' is visible

2020-09-03 15:51:15 - [MESSAGE][PASSED] - Object 'Object Repository/V2/PR-369/Edit_Meeting_Rocks/Verify_Notes_Section' is visible

2020-09-03 15:51:15 - [TEST_STEP][PASSED] - setText(findTestObject("V2/PR-369/Edit_Meeting_Rocks/Notes_Comments"), Notes): Text 'Sample Notes' is set on object 'Object Repository/V2/PR-369/Edit_Meeting_Rocks/Notes_Comments'

2020-09-03 15:51:28 - [MESSAGE][PASSED] - Text 'Sample Notes' is set on object 'Object Repository/V2/PR-369/Edit_Meeting_Rocks/Notes_Comments'

2020-09-03 15:51:28 - [TEST_STEP][PASSED] - sendKeys(findTestObject("V2/PR-369/Edit_Meeting_Rocks/Add_Milestone_Button"), Keys.chord(PAGE_DOWN)): Keys 'PAGE_DOWN + ' sent to object: 'Object Repository/V2/PR-369/Edit_Meeting_Rocks/Add_Milestone_Button'

2020-09-03 15:51:28 - [MESSAGE][PASSED] - Keys 'PAGE_DOWN + ' sent to object: 'Object Repository/V2/PR-369/Edit_Meeting_Rocks/Add_Milestone_Button'

2020-09-03 15:51:28 - [TEST_STEP][PASSED] - click(findTestObject("V2/PR-369/Edit_Meeting_Rocks/Add_Milestone_Button")): Object: 'Object Repository/V2/PR-369/Edit_Meeting_Rocks/Add_Milestone_Button' is clicked on

2020-09-03 15:51:28 - [MESSAGE][PASSED] - Object: 'Object Repository/V2/PR-369/Edit_Meeting_Rocks/Add_Milestone_Button' is clicked on

2020-09-03 15:51:28 - [TEST_STEP][PASSED] - setText(findTestObject("V2/PR-369/Edit_Meeting_Rocks/Milestone_Text_Field"), milestoneName): Text 'Milestone 1' is set on object 'Object Repository/V2/PR-369/Edit_Meeting_Rocks/Milestone_Text_Field'

2020-09-03 15:51:28 - [MESSAGE][PASSED] - Text 'Milestone 1' is set on object 'Object Repository/V2/PR-369/Edit_Meeting_Rocks/Milestone_Text_Field'

2020-09-03 15:51:28 - [TEST_STEP][PASSED] - click(findTestObject("V2/PR-369/Edit_Meeting_Rocks/Milestone_date")): Object: 'Object Repository/V2/PR-369/Edit_Meeting_Rocks/Milestone_date' is clicked on

2020-09-03 15:51:28 - [MESSAGE][PASSED] - Object: 'Object Repository/V2/PR-369/Edit_Meeting_Rocks/Milestone_date' is clicked on

2020-09-03 15:51:28 - [TEST_STEP][PASSED] - waitForElementVisible(findTestObject("V2/PR-369/Edit_Meeting_Scorecard/A_Date29"), DefaultTimeout): Object 'Object Repository/V2/PR-369/Edit_Meeting_Scorecard/A_Date29' is visible

2020-09-03 15:51:29 - [MESSAGE][PASSED] - Object 'Object Repository/V2/PR-369/Edit_Meeting_Scorecard/A_Date29' is visible

2020-09-03 15:51:29 - [TEST_STEP][PASSED] - click(findTestObject("V2/PR-369/Edit_Meeting_Scorecard/A_Date29")): Object: 'Object Repository/V2/PR-369/Edit_Meeting_Scorecard/A_Date29' is clicked on

2020-09-03 15:51:29 - [MESSAGE][PASSED] - Object: 'Object Repository/V2/PR-369/Edit_Meeting_Scorecard/A_Date29' is clicked on

2020-09-03 15:51:29 - [TEST_STEP][PASSED] - click(findTestObject("V2/PR-369/Edit_Meeting_Rocks/Save_Button")): Object: 'Object Repository/V2/PR-369/Edit_Meeting_Rocks/Save_Button' is clicked on

2020-09-03 15:51:29 - [MESSAGE][PASSED] - Object: 'Object Repository/V2/PR-369/Edit_Meeting_Rocks/Save_Button' is clicked on

2020-09-03 15:51:29 - [TEST_STEP][PASSED] - delay(10): Delayed 10 second(s)

2020-09-03 15:51:39 - [MESSAGE][PASSED] - Delayed 10 second(s)

2020-09-03 15:51:39 - [TEST_STEP][PASSED] - verifyRocks = tt_CustomKeywords.CustomKeywords.CreateDynamicElement(verifyRocks_Obj, rockName, "xpath"): Successfully created new dynamic object: //h2[text()='Rocks']/ancestor::div[contains(@class,'CardStyles')]/div[2]//div[@data-test-id='rock.title'][contains(@class,'TextBodyStyles-sc') and text()='QA Edit Meeting Automation Rock Test']

2020-09-03 15:51:39 - [MESSAGE][PASSED] - Successfully created new dynamic object: //h2[text()='Rocks']/ancestor::div[contains(@class,'CardStyles')]/div[2]//div[@data-test-id='rock.title'][contains(@class,'TextBodyStyles-sc') and text()='QA Edit Meeting Automation Rock Test']

2020-09-03 15:51:39 - [TEST_STEP][PASSED] - verifyElementPresent(verifyRocks, DefaultTimeout): Object '' is present

2020-09-03 15:51:39 - [MESSAGE][PASSED] - Object '' is present

2020-09-03 15:51:39 - [TEST_STEP][PASSED] - verifyMilestone = tt_CustomKeywords.CustomKeywords.CreateDynamicElement(verifyMilestone_Obj, milestoneName, "xpath"): Successfully created new dynamic object: //h2[text()='Rocks']/ancestor::div[contains(@class,'CardStyles')]/div[2]//div[contains(@class,'milestoneListItem__name')]/span[text()='Milestone 1']

2020-09-03 15:51:39 - [MESSAGE][PASSED] - Successfully created new dynamic object: //h2[text()='Rocks']/ancestor::div[contains(@class,'CardStyles')]/div[2]//div[contains(@class,'milestoneListItem__name')]/span[text()='Milestone 1']

2020-09-03 15:51:39 - [TEST_STEP][PASSED] - verifyElementPresent(verifyMilestone, DefaultTimeout): Object '' is present

2020-09-03 15:51:39 - [MESSAGE][PASSED] - Object '' is present

2020-09-03 15:51:39 - [TEST_STEP][NOT_RUN] - click(verifyRocks): NOT_RUN: click(verifyRocks)

2020-09-03 15:51:39 - [MESSAGE][NOT_RUN] - NOT_RUN: click(verifyRocks)

2020-09-03 15:51:39 - [TEST_STEP][NOT_RUN] - delay(10): NOT_RUN: delay(10)

2020-09-03 15:51:39 - [MESSAGE][NOT_RUN] - NOT_RUN: delay(10)

2020-09-03 15:51:39 - [TEST_STEP][NOT_RUN] - click(findTestObject("V2/PR-369/UpdateEditMeetingRocks/Edit_Rock_Name")): NOT_RUN: click(findTestObject("V2/PR-369/UpdateEditMeetingRocks/Edit_Rock_Name"))

2020-09-03 15:51:39 - [MESSAGE][NOT_RUN] - NOT_RUN: click(findTestObject("V2/PR-369/UpdateEditMeetingRocks/Edit_Rock_Name"))

2020-09-03 15:51:39 - [TEST_STEP][NOT_RUN] - sendKeys(findTestObject("V2/PR-369/UpdateEditMeetingRocks/Edit_Rock_Name"), Keys.chord(LEFT_CONTROL, "a", BACK_SPACE)): NOT_RUN: sendKeys(findTestObject("V2/PR-369/UpdateEditMeetingRocks/Edit_Rock_Name"), Keys.chord(LEFT_CONTROL, "a", BACK_SPACE))

2020-09-03 15:51:39 - [MESSAGE][NOT_RUN] - NOT_RUN: sendKeys(findTestObject("V2/PR-369/UpdateEditMeetingRocks/Edit_Rock_Name"), Keys.chord(LEFT_CONTROL, "a", BACK_SPACE))

2020-09-03 15:51:39 - [TEST_STEP][NOT_RUN] - setText(findTestObject("V2/PR-369/UpdateEditMeetingRocks/Edit_Rock_Name"), editRockName): NOT_RUN: setText(findTestObject("V2/PR-369/UpdateEditMeetingRocks/Edit_Rock_Name"), editRockName)

2020-09-03 15:51:39 - [MESSAGE][NOT_RUN] - NOT_RUN: setText(findTestObject("V2/PR-369/UpdateEditMeetingRocks/Edit_Rock_Name"), editRockName)

2020-09-03 15:51:39 - [TEST_STEP][NOT_RUN] - click(findTestObject("V2/PR-369/UpdateEditMeetingRocks/Edit_Status_Done")): NOT_RUN: click(findTestObject("V2/PR-369/UpdateEditMeetingRocks/Edit_Status_Done"))

2020-09-03 15:51:39 - [MESSAGE][NOT_RUN] - NOT_RUN: click(findTestObject("V2/PR-369/UpdateEditMeetingRocks/Edit_Status_Done"))

2020-09-03 15:51:39 - [TEST_STEP][NOT_RUN] - click(findTestObject("V2/PR-369/UpdateEditMeetingRocks/Edit_Accountable_Owner")): NOT_RUN: click(findTestObject("V2/PR-369/UpdateEditMeetingRocks/Edit_Accountable_Owner"))

2020-09-03 15:51:39 - [MESSAGE][NOT_RUN] - NOT_RUN: click(findTestObject("V2/PR-369/UpdateEditMeetingRocks/Edit_Accountable_Owner"))

2020-09-03 15:51:39 - [TEST_STEP][NOT_RUN] - editOwner = tt_CustomKeywords.CustomKeywords.CreateDynamicElement(editOwner_Obj, editOwner, "xpath"): NOT_RUN: editOwner = tt_CustomKeywords.CustomKeywords.CreateDynamicElement(editOwner_Obj, editOwner, "xpath")

2020-09-03 15:51:39 - [MESSAGE][NOT_RUN] - NOT_RUN: editOwner = tt_CustomKeywords.CustomKeywords.CreateDynamicElement(editOwner_Obj, editOwner, "xpath")

2020-09-03 15:51:39 - [TEST_STEP][NOT_RUN] - click(editOwner): NOT_RUN: click(editOwner)

2020-09-03 15:51:39 - [MESSAGE][NOT_RUN] - NOT_RUN: click(editOwner)

2020-09-03 15:51:39 - [TEST_STEP][NOT_RUN] - click(findTestObject("V2/PR-369/UpdateEditMeetingRocks/Edit_Visibility_Level")): NOT_RUN: click(findTestObject("V2/PR-369/UpdateEditMeetingRocks/Edit_Visibility_Level"))

2020-09-03 15:51:39 - [MESSAGE][NOT_RUN] - NOT_RUN: click(findTestObject("V2/PR-369/UpdateEditMeetingRocks/Edit_Visibility_Level"))

2020-09-03 15:51:39 - [TEST_STEP][NOT_RUN] - click(findTestObject("V2/PR-369/UpdateEditMeetingRocks/Edit_Visibility_Level_Department")): NOT_RUN: click(findTestObject("V2/PR-369/UpdateEditMeetingRocks/Edit_Visibility_Level_Department"))

2020-09-03 15:51:39 - [MESSAGE][NOT_RUN] - NOT_RUN: click(findTestObject("V2/PR-369/UpdateEditMeetingRocks/Edit_Visibility_Level_Department"))

2020-09-03 15:51:39 - [TEST_STEP][NOT_RUN] - sendKeys(findTestObject("V2/PR-369/UpdateEditMeetingRocks/Edit_Milestone"), Keys.chord(LEFT_CONTROL, "a", BACK_SPACE)): NOT_RUN: sendKeys(findTestObject("V2/PR-369/UpdateEditMeetingRocks/Edit_Milestone"), Keys.chord(LEFT_CONTROL, "a", BACK_SPACE))

2020-09-03 15:51:39 - [MESSAGE][NOT_RUN] - NOT_RUN: sendKeys(findTestObject("V2/PR-369/UpdateEditMeetingRocks/Edit_Milestone"), Keys.chord(LEFT_CONTROL, "a", BACK_SPACE))

2020-09-03 15:51:39 - [TEST_STEP][NOT_RUN] - setText(findTestObject("V2/PR-369/UpdateEditMeetingRocks/Edit_Milestone"), editMilestoneName): NOT_RUN: setText(findTestObject("V2/PR-369/UpdateEditMeetingRocks/Edit_Milestone"), editMilestoneName)

2020-09-03 15:51:39 - [MESSAGE][NOT_RUN] - NOT_RUN: setText(findTestObject("V2/PR-369/UpdateEditMeetingRocks/Edit_Milestone"), editMilestoneName)

2020-09-03 15:51:39 - [TEST_STEP][NOT_RUN] - click(findTestObject("V2/PR-369/UpdateEditMeetingRocks/Done_CheckBox")): NOT_RUN: click(findTestObject("V2/PR-369/UpdateEditMeetingRocks/Done_CheckBox"))

2020-09-03 15:51:39 - [MESSAGE][NOT_RUN] - NOT_RUN: click(findTestObject("V2/PR-369/UpdateEditMeetingRocks/Done_CheckBox"))

2020-09-03 15:51:39 - [TEST_STEP][NOT_RUN] - click(findTestObject("V2/PR-369/UpdateEditMeetingRocks/Update_Button")): NOT_RUN: click(findTestObject("V2/PR-369/UpdateEditMeetingRocks/Update_Button"))

2020-09-03 15:51:39 - [MESSAGE][NOT_RUN] - NOT_RUN: click(findTestObject("V2/PR-369/UpdateEditMeetingRocks/Update_Button"))

2020-09-03 15:51:39 - [TEST_STEP][NOT_RUN] - delay(10): NOT_RUN: delay(10)

2020-09-03 15:51:39 - [MESSAGE][NOT_RUN] - NOT_RUN: delay(10)

2020-09-03 15:51:39 - [TEST_STEP][NOT_RUN] - editverifyRocks = tt_CustomKeywords.CustomKeywords.CreateDynamicElement(verifyRocks_Obj, editRockName, "xpath"): NOT_RUN: editverifyRocks = tt_CustomKeywords.CustomKeywords.CreateDynamicElement(verifyRocks_Obj, editRockName, "xpath")

2020-09-03 15:51:39 - [MESSAGE][NOT_RUN] - NOT_RUN: editverifyRocks = tt_CustomKeywords.CustomKeywords.CreateDynamicElement(verifyRocks_Obj, editRockName, "xpath")

2020-09-03 15:51:39 - [TEST_STEP][NOT_RUN] - verifyElementPresent(editverifyRocks, DefaultTimeout): NOT_RUN: verifyElementPresent(editverifyRocks, DefaultTimeout)

2020-09-03 15:51:39 - [MESSAGE][NOT_RUN] - NOT_RUN: verifyElementPresent(editverifyRocks, DefaultTimeout)

2020-09-03 15:51:39 - [TEST_STEP][NOT_RUN] - editverifyMilestone = tt_CustomKeywords.CustomKeywords.CreateDynamicElement(verifyMilestone_Obj, editMilestoneName, "xpath"): NOT_RUN: editverifyMilestone = tt_CustomKeywords.CustomKeywords.CreateDynamicElement(verifyMilestone_Obj, editMilestoneName, "xpath")

2020-09-03 15:51:39 - [MESSAGE][NOT_RUN] - NOT_RUN: editverifyMilestone = tt_CustomKeywords.CustomKeywords.CreateDynamicElement(verifyMilestone_Obj, editMilestoneName, "xpath")

2020-09-03 15:51:39 - [TEST_STEP][NOT_RUN] - verifyElementPresent(editverifyMilestone, DefaultTimeout): NOT_RUN: verifyElementPresent(editverifyMilestone, DefaultTimeout)

2020-09-03 15:51:39 - [MESSAGE][NOT_RUN] - NOT_RUN: verifyElementPresent(editverifyMilestone, DefaultTimeout)

2020-09-03 15:51:39 - [MESSAGE][PASSED] - Call Test Case 'Test Cases/V2/Test Case/Tests/PR-369 - EditMeetingAgenda/Test Cases/Positive/Admin/PR_369_7_EditMeetingCreateRock_Admin' successfully

2020-09-03 15:51:39 - [TEST_STEP][PASSED] - changeWebDriver(driver2): null

2020-09-03 15:51:39 - [TEST_STEP][PASSED] - callTestCase(findTestCase("V2/Test Case/Pre-conditions/PRE_CreateL10Meeting"), ["meetingName":meetingNameS, "meetingAcronym":meetingAcronym, "meetingType":meetingType, "dropdownOptions_obj":"//div[@id='CREATE_MEETING_L10']//span[text()='%s']/parent::div[@role='option']", ... ], STOP_ON_FAILURE): Call Test Case 'Test Cases/V2/Test Case/Pre-conditions/PRE_CreateL10Meeting' successfully

2020-09-03 15:51:39 - [TEST_CASE][PASSED] - Test Cases/V2/Test Case/Pre-conditions/PRE_CreateL10Meeting: Test Cases/V2/Test Case/Pre-conditions/PRE_CreateL10Meeting

2020-09-03 15:51:39 - [TEST_STEP][PASSED] - click(findTestObject("V2/Commons/DasboardPage_SidebarMenu/MeetingsMenu")): Object: 'Object Repository/V2/Commons/DasboardPage_SidebarMenu/MeetingsMenu' is clicked on

2020-09-03 15:51:40 - [MESSAGE][PASSED] - Object: 'Object Repository/V2/Commons/DasboardPage_SidebarMenu/MeetingsMenu' is clicked on

2020-09-03 15:51:40 - [TEST_STEP][PASSED] - click(findTestObject("Object Repository/V2/Commons/MeetingListPage/div_Create a meeting")): Object: 'Object Repository/V2/Commons/MeetingListPage/div_Create a meeting' is clicked on

2020-09-03 15:51:40 - [MESSAGE][PASSED] - Object: 'Object Repository/V2/Commons/MeetingListPage/div_Create a meeting' is clicked on

2020-09-03 15:51:40 - [TEST_STEP][PASSED] - click(findTestObject("Object Repository/V2/Commons/MeetingListPage/button_Level 10")): Object: 'Object Repository/V2/Commons/MeetingListPage/button_Level 10' is clicked on

2020-09-03 15:51:40 - [MESSAGE][PASSED] - Object: 'Object Repository/V2/Commons/MeetingListPage/button_Level 10' is clicked on

2020-09-03 15:51:40 - [TEST_STEP][PASSED] - waitForElementVisible(findTestObject("V2/Commons/CreateL10MeetingDrawer/input__name"), DefaultTimeout): Object 'Object Repository/V2/Commons/CreateL10MeetingDrawer/input__name' is visible

2020-09-03 15:51:41 - [MESSAGE][PASSED] - Object 'Object Repository/V2/Commons/CreateL10MeetingDrawer/input__name' is visible

2020-09-03 15:51:41 - [TEST_STEP][PASSED] - setText(findTestObject("V2/Commons/CreateL10MeetingDrawer/input__name"), meetingName): Text 'Meeting Supervisor' is set on object 'Object Repository/V2/Commons/CreateL10MeetingDrawer/input__name'

2020-09-03 15:51:41 - [MESSAGE][PASSED] - Text 'Meeting Supervisor' is set on object 'Object Repository/V2/Commons/CreateL10MeetingDrawer/input__name'

2020-09-03 15:51:41 - [TEST_STEP][PASSED] - setText(findTestObject("V2/Commons/CreateL10MeetingDrawer/input__acronym"), meetingAcronym): Text 'CL10' is set on object 'Object Repository/V2/Commons/CreateL10MeetingDrawer/input__acronym'

2020-09-03 15:51:41 - [MESSAGE][PASSED] - Text 'CL10' is set on object 'Object Repository/V2/Commons/CreateL10MeetingDrawer/input__acronym'

2020-09-03 15:51:41 - [TEST_STEP][PASSED] - click(findTestObject("V2/Commons/CreateL10MeetingDrawer/input__typeOfMeeting")): Object: 'Object Repository/V2/Commons/CreateL10MeetingDrawer/input__typeOfMeeting' is clicked on

2020-09-03 15:51:41 - [MESSAGE][PASSED] - Object: 'Object Repository/V2/Commons/CreateL10MeetingDrawer/input__typeOfMeeting' is clicked on

2020-09-03 15:51:41 - [TEST_STEP][PASSED] - meetingTypeOption_Obj = tt_CustomKeywords.CustomKeywords.CreateDynamicElement(dropdownOptions_obj, meetingType, "xpath"): Successfully created new dynamic object: //div[@id='CREATE_MEETING_L10']//span[text()='Leadership']/parent::div[@role='option']

2020-09-03 15:51:41 - [MESSAGE][PASSED] - Successfully created new dynamic object: //div[@id='CREATE_MEETING_L10']//span[text()='Leadership']/parent::div[@role='option']

2020-09-03 15:51:41 - [TEST_STEP][PASSED] - click(meetingTypeOption_Obj): Object: '' is clicked on

2020-09-03 15:51:41 - [MESSAGE][PASSED] - Object: '' is clicked on

2020-09-03 15:51:41 - [TEST_STEP][PASSED] - click(findTestObject("V2/Commons/CreateL10MeetingDrawer/div_dayOfMeetingDropdownList")): Object: 'Object Repository/V2/Commons/CreateL10MeetingDrawer/div_dayOfMeetingDropdownList' is clicked on

2020-09-03 15:51:41 - [MESSAGE][PASSED] - Object: 'Object Repository/V2/Commons/CreateL10MeetingDrawer/div_dayOfMeetingDropdownList' is clicked on

2020-09-03 15:51:41 - [TEST_STEP][PASSED] - dayOfMeetingOption_Obj = tt_CustomKeywords.CustomKeywords.CreateDynamicElement(dropdownOptions_obj, dayOfMeeting, "xpath"): Successfully created new dynamic object: //div[@id='CREATE_MEETING_L10']//span[text()='Monday']/parent::div[@role='option']

2020-09-03 15:51:41 - [MESSAGE][PASSED] - Successfully created new dynamic object: //div[@id='CREATE_MEETING_L10']//span[text()='Monday']/parent::div[@role='option']

2020-09-03 15:51:41 - [TEST_STEP][PASSED] - click(dayOfMeetingOption_Obj): Object: '' is clicked on

2020-09-03 15:51:41 - [MESSAGE][PASSED] - Object: '' is clicked on

2020-09-03 15:51:41 - [TEST_STEP][PASSED] - click(findTestObject("V2/Commons/CreateL10MeetingDrawer/input_meetingTime")): Object: 'Object Repository/V2/Commons/CreateL10MeetingDrawer/input_meetingTime' is clicked on

2020-09-03 15:51:41 - [MESSAGE][PASSED] - Object: 'Object Repository/V2/Commons/CreateL10MeetingDrawer/input_meetingTime' is clicked on

2020-09-03 15:51:41 - [TEST_STEP][PASSED] - setText(findTestObject("V2/Commons/CreateL10MeetingDrawer/input_meetingTime"), meetingTime): Text '12:00' is set on object 'Object Repository/V2/Commons/CreateL10MeetingDrawer/input_meetingTime'

2020-09-03 15:51:41 - [MESSAGE][PASSED] - Text '12:00' is set on object 'Object Repository/V2/Commons/CreateL10MeetingDrawer/input_meetingTime'

2020-09-03 15:51:41 - [TEST_STEP][PASSED] - sendKeys(findTestObject("V2/Commons/CreateL10MeetingDrawer/input_meetingTime"), Keys.chord(TAB)): Keys 'TAB + ' sent to object: 'Object Repository/V2/Commons/CreateL10MeetingDrawer/input_meetingTime'

2020-09-03 15:51:42 - [MESSAGE][PASSED] - Keys 'TAB + ' sent to object: 'Object Repository/V2/Commons/CreateL10MeetingDrawer/input_meetingTime'

2020-09-03 15:51:42 - [TEST_STEP][PASSED] - click(findTestObject("V2/Commons/CreateL10MeetingDrawer/div_Create Meeting")): Object: 'Object Repository/V2/Commons/CreateL10MeetingDrawer/div_Create Meeting' is clicked on

2020-09-03 15:51:42 - [MESSAGE][PASSED] - Object: 'Object Repository/V2/Commons/CreateL10MeetingDrawer/div_Create Meeting' is clicked on

2020-09-03 15:51:42 - [TEST_STEP][PASSED] - waitForElementVisible(findTestObject("Object Repository/V2/Commons/MeetingListPage/div_Ill do this later"), DefaultTimeout): Object 'Object Repository/V2/Commons/MeetingListPage/div_Ill do this later' is visible

2020-09-03 15:52:15 - [MESSAGE][PASSED] - Object 'Object Repository/V2/Commons/MeetingListPage/div_Ill do this later' is visible

2020-09-03 15:52:15 - [TEST_STEP][PASSED] - verifyElementVisible(findTestObject("Object Repository/V2/Commons/MeetingListPage/div_Ill do this later"), STOP_ON_FAILURE): Object 'Object Repository/V2/Commons/MeetingListPage/div_Ill do this later' is visible

2020-09-03 15:52:15 - [MESSAGE][PASSED] - Object 'Object Repository/V2/Commons/MeetingListPage/div_Ill do this later' is visible

2020-09-03 15:52:15 - [TEST_STEP][PASSED] - click(findTestObject("Object Repository/V2/Commons/MeetingListPage/div_Ill do this later")): Object: 'Object Repository/V2/Commons/MeetingListPage/div_Ill do this later' is clicked on

2020-09-03 15:52:15 - [MESSAGE][PASSED] - Object: 'Object Repository/V2/Commons/MeetingListPage/div_Ill do this later' is clicked on

2020-09-03 15:52:15 - [TEST_STEP][PASSED] - meetingRecordObj = tt_CustomKeywords.CustomKeywords.CreateDynamicElement(meetingRecord_obj, meetingName, "xpath"): Successfully created new dynamic object: //div[@class='detailscontainer__block item']/h4[text()='Meeting Supervisor']

2020-09-03 15:52:15 - [MESSAGE][PASSED] - Successfully created new dynamic object: //div[@class='detailscontainer__block item']/h4[text()='Meeting Supervisor']

2020-09-03 15:52:15 - [TEST_STEP][PASSED] - verifyElementPresent(meetingRecordObj, DefaultTimeout): Object '' is present

2020-09-03 15:52:15 - [MESSAGE][PASSED] - Object '' is present

2020-09-03 15:52:15 - [MESSAGE][PASSED] - Call Test Case 'Test Cases/V2/Test Case/Pre-conditions/PRE_CreateL10Meeting' successfully

2020-09-03 15:52:15 - [TEST_STEP][PASSED] - callTestCase(findTestCase("V2/Test Case/Tests/PR-369 - EditMeetingAgenda/Test Cases/Positive/Supervisor/PR_369_7_EditMeetingCreateRock_Supervisor"), ["userName":"jeff+075@mytractiontools.com", "passWord":"Skyline69A*", "meetingRowPosition":"3", "editMeetingMenu_Obj":"//div[@id='root']/div/div[2]/div/div/div/div[2]/div/div[%s]/div[3]/button/i", ... ], STOP_ON_FAILURE): Call Test Case 'Test Cases/V2/Test Case/Tests/PR-369 - EditMeetingAgenda/Test Cases/Positive/Supervisor/PR_369_7_EditMeetingCreateRock_Supervisor' successfully

2020-09-03 15:52:15 - [TEST_CASE][PASSED] - Test Cases/V2/Test Case/Tests/PR-369 - EditMeetingAgenda/Test Cases/Positive/Supervisor/PR_369_7_EditMeetingCreateRock_Supervisor: Test Cases/V2/Test Case/Tests/PR-369 - EditMeetingAgenda/Test Cases/Positive/Supervisor/PR_369_7_EditMeetingCreateRock_Supervisor

2020-09-03 15:52:15 - [TEST_STEP][NOT_RUN] - openBrowser(""): NOT_RUN: openBrowser("")

2020-09-03 15:52:15 - [MESSAGE][NOT_RUN] - NOT_RUN: openBrowser("")

2020-09-03 15:52:15 - [TEST_STEP][NOT_RUN] - maximizeWindow(): NOT_RUN: maximizeWindow()

2020-09-03 15:52:15 - [MESSAGE][NOT_RUN] - NOT_RUN: maximizeWindow()

2020-09-03 15:52:15 - [TEST_STEP][NOT_RUN] - navigateToUrl(V2Url): NOT_RUN: navigateToUrl(V2Url)

2020-09-03 15:52:15 - [MESSAGE][NOT_RUN] - NOT_RUN: navigateToUrl(V2Url)

2020-09-03 15:52:15 - [TEST_STEP][NOT_RUN] - setText(findTestObject("V2/PR-369/Page_Login/userName_Field"), "tractiontools.user001+ta58jzbl@gmail.com"): NOT_RUN: setText(findTestObject("V2/PR-369/Page_Login/userName_Field"), "tractiontools.user001+ta58jzbl@gmail.com")

2020-09-03 15:52:15 - [MESSAGE][NOT_RUN] - NOT_RUN: setText(findTestObject("V2/PR-369/Page_Login/userName_Field"), "tractiontools.user001+ta58jzbl@gmail.com")

2020-09-03 15:52:15 - [TEST_STEP][NOT_RUN] - setText(findTestObject("V2/PR-369/Page_Login/passWord_Field"), "Qwer123!"): NOT_RUN: setText(findTestObject("V2/PR-369/Page_Login/passWord_Field"), "Qwer123!")

2020-09-03 15:52:15 - [MESSAGE][NOT_RUN] - NOT_RUN: setText(findTestObject("V2/PR-369/Page_Login/passWord_Field"), "Qwer123!")

2020-09-03 15:52:15 - [TEST_STEP][NOT_RUN] - click(findTestObject("V2/PR-369/Page_Login/Login_Button")): NOT_RUN: click(findTestObject("V2/PR-369/Page_Login/Login_Button"))

2020-09-03 15:52:15 - [MESSAGE][NOT_RUN] - NOT_RUN: click(findTestObject("V2/PR-369/Page_Login/Login_Button"))

2020-09-03 15:52:15 - [TEST_STEP][PASSED] - waitForElementVisible(findTestObject("V2/Commons/DasboardPage_SidebarMenu/MeetingsMenu"), DefaultTimeout): Object 'Object Repository/V2/Commons/DasboardPage_SidebarMenu/MeetingsMenu' is visible

2020-09-03 15:52:15 - [MESSAGE][PASSED] - Object 'Object Repository/V2/Commons/DasboardPage_SidebarMenu/MeetingsMenu' is visible

2020-09-03 15:52:15 - [TEST_STEP][PASSED] - click(findTestObject("V2/Commons/DasboardPage_SidebarMenu/MeetingsMenu")): Object: 'Object Repository/V2/Commons/DasboardPage_SidebarMenu/MeetingsMenu' is clicked on

2020-09-03 15:52:15 - [MESSAGE][PASSED] - Object: 'Object Repository/V2/Commons/DasboardPage_SidebarMenu/MeetingsMenu' is clicked on

2020-09-03 15:52:15 - [TEST_STEP][PASSED] - meetingOpt_Obj = tt_CustomKeywords.CustomKeywords.CreateDynamicElement(meetingOptions_obj, meetingName, "xpath"): Successfully created new dynamic object: //h4[text()='Meeting Supervisor']/ancestor::div[contains(@class,'ListContainer')]/div[@class='listcontainer__options']/button

2020-09-03 15:52:15 - [MESSAGE][PASSED] - Successfully created new dynamic object: //h4[text()='Meeting Supervisor']/ancestor::div[contains(@class,'ListContainer')]/div[@class='listcontainer__options']/button

2020-09-03 15:52:15 - [TEST_STEP][PASSED] - waitForElementVisible(meetingOpt_Obj, DefaultTimeout): Object '' is visible

2020-09-03 15:52:15 - [MESSAGE][PASSED] - Object '' is visible

2020-09-03 15:52:15 - [TEST_STEP][PASSED] - click(meetingOpt_Obj): Object: '' is clicked on

2020-09-03 15:52:15 - [MESSAGE][PASSED] - Object: '' is clicked on

2020-09-03 15:52:15 - [TEST_STEP][PASSED] - click(findTestObject("V2/Commons/MeetingListPage/a_Edit meeting")): Object: 'Object Repository/V2/Commons/MeetingListPage/a_Edit meeting' is clicked on

2020-09-03 15:52:16 - [MESSAGE][PASSED] - Object: 'Object Repository/V2/Commons/MeetingListPage/a_Edit meeting' is clicked on

2020-09-03 15:52:16 - [TEST_STEP][PASSED] - waitForElementVisible(findTestObject("V2/PR-369/Edit_Meeting_Rocks/Rocks_Menu"), DefaultTimeout): Object 'Object Repository/V2/PR-369/Edit_Meeting_Rocks/Rocks_Menu' is visible

2020-09-03 15:52:17 - [MESSAGE][PASSED] - Object 'Object Repository/V2/PR-369/Edit_Meeting_Rocks/Rocks_Menu' is visible

2020-09-03 15:52:17 - [TEST_STEP][PASSED] - click(findTestObject("V2/PR-369/Edit_Meeting_Rocks/Rocks_Menu")): Object: 'Object Repository/V2/PR-369/Edit_Meeting_Rocks/Rocks_Menu' is clicked on

2020-09-03 15:52:17 - [MESSAGE][PASSED] - Object: 'Object Repository/V2/PR-369/Edit_Meeting_Rocks/Rocks_Menu' is clicked on

2020-09-03 15:52:17 - [TEST_STEP][PASSED] - click(findTestObject("V2/PR-369/Edit_Meeting_Rocks/CreateRocksButton")): Object: 'Object Repository/V2/PR-369/Edit_Meeting_Rocks/CreateRocksButton' is clicked on

2020-09-03 15:52:17 - [MESSAGE][PASSED] - Object: 'Object Repository/V2/PR-369/Edit_Meeting_Rocks/CreateRocksButton' is clicked on

2020-09-03 15:52:17 - [TEST_STEP][PASSED] - click(findTestObject("V2/PR-369/Edit_Meeting_Rocks/Create_New_Rocks")): Object: 'Object Repository/V2/PR-369/Edit_Meeting_Rocks/Create_New_Rocks' is clicked on

2020-09-03 15:52:17 - [MESSAGE][PASSED] - Object: 'Object Repository/V2/PR-369/Edit_Meeting_Rocks/Create_New_Rocks' is clicked on

2020-09-03 15:52:17 - [TEST_STEP][PASSED] - waitForElementVisible(findTestObject("V2/PR-369/Edit_Meeting_Rocks/Rock_Name_Title"), DefaultTimeout): Object 'Object Repository/V2/PR-369/Edit_Meeting_Rocks/Rock_Name_Title' is visible

2020-09-03 15:52:17 - [MESSAGE][PASSED] - Object 'Object Repository/V2/PR-369/Edit_Meeting_Rocks/Rock_Name_Title' is visible

2020-09-03 15:52:17 - [TEST_STEP][PASSED] - setText(findTestObject("V2/PR-369/Edit_Meeting_Rocks/Rock_Name_Title"), rockName): Text 'QA Edit Meeting Automation Rock Test' is set on object 'Object Repository/V2/PR-369/Edit_Meeting_Rocks/Rock_Name_Title'

2020-09-03 15:52:17 - [MESSAGE][PASSED] - Text 'QA Edit Meeting Automation Rock Test' is set on object 'Object Repository/V2/PR-369/Edit_Meeting_Rocks/Rock_Name_Title'

2020-09-03 15:52:17 - [TEST_STEP][PASSED] - click(findTestObject("V2/PR-369/Edit_Meeting_Rocks/Status_OffTrack_Rock")): Object: 'Object Repository/V2/PR-369/Edit_Meeting_Rocks/Status_OffTrack_Rock' is clicked on

2020-09-03 15:52:18 - [MESSAGE][PASSED] - Object: 'Object Repository/V2/PR-369/Edit_Meeting_Rocks/Status_OffTrack_Rock' is clicked on

2020-09-03 15:52:18 - [TEST_STEP][PASSED] - click(findTestObject("V2/PR-369/Edit_Meeting_Rocks/Accountable_Owner_Field")): Object: 'Object Repository/V2/PR-369/Edit_Meeting_Rocks/Accountable_Owner_Field' is clicked on

2020-09-03 15:52:18 - [MESSAGE][PASSED] - Object: 'Object Repository/V2/PR-369/Edit_Meeting_Rocks/Accountable_Owner_Field' is clicked on

2020-09-03 15:52:18 - [TEST_STEP][PASSED] - accountableOwner = tt_CustomKeywords.CustomKeywords.CreateDynamicElement(owner_Obj, ownerSelected, "xpath"): Successfully created new dynamic object: //div[@data-test-id='createRock']//div[@role='listbox'][@class='visible menu transition']/div[@role='option'][contains(@class,'item')]/span[text()='Admin User']

2020-09-03 15:52:18 - [MESSAGE][PASSED] - Successfully created new dynamic object: //div[@data-test-id='createRock']//div[@role='listbox'][@class='visible menu transition']/div[@role='option'][contains(@class,'item')]/span[text()='Admin User']

2020-09-03 15:52:18 - [TEST_STEP][PASSED] - click(accountableOwner): Object: '' is clicked on

2020-09-03 15:52:18 - [MESSAGE][PASSED] - Object: '' is clicked on

2020-09-03 15:52:18 - [TEST_STEP][PASSED] - click(findTestObject("V2/PR-369/Edit_Meeting_Rocks/Visibility_Level_Field")): Object: 'Object Repository/V2/PR-369/Edit_Meeting_Rocks/Visibility_Level_Field' is clicked on

2020-09-03 15:52:18 - [MESSAGE][PASSED] - Object: 'Object Repository/V2/PR-369/Edit_Meeting_Rocks/Visibility_Level_Field' is clicked on

2020-09-03 15:52:18 - [TEST_STEP][PASSED] - click(findTestObject("V2/PR-369/Edit_Meeting_Rocks/Visibility_Level_Company")): Object: 'Object Repository/V2/PR-369/Edit_Meeting_Rocks/Visibility_Level_Company' is clicked on

2020-09-03 15:52:18 - [MESSAGE][PASSED] - Object: 'Object Repository/V2/PR-369/Edit_Meeting_Rocks/Visibility_Level_Company' is clicked on

2020-09-03 15:52:18 - [TEST_STEP][PASSED] - click(findTestObject("V2/PR-369/Edit_Meeting_Rocks/Rocks_Due_Date_Field")): Object: 'Object Repository/V2/PR-369/Edit_Meeting_Rocks/Rocks_Due_Date_Field' is clicked on

2020-09-03 15:52:18 - [MESSAGE][PASSED] - Object: 'Object Repository/V2/PR-369/Edit_Meeting_Rocks/Rocks_Due_Date_Field' is clicked on

2020-09-03 15:52:18 - [TEST_STEP][PASSED] - waitForElementVisible(findTestObject("V2/PR-369/Edit_Meeting_Scorecard/A_Date29"), DefaultTimeout): Object 'Object Repository/V2/PR-369/Edit_Meeting_Scorecard/A_Date29' is visible

2020-09-03 15:52:19 - [MESSAGE][PASSED] - Object 'Object Repository/V2/PR-369/Edit_Meeting_Scorecard/A_Date29' is visible

2020-09-03 15:52:19 - [TEST_STEP][PASSED] - click(findTestObject("V2/PR-369/Edit_Meeting_Scorecard/A_Date29")): Object: 'Object Repository/V2/PR-369/Edit_Meeting_Scorecard/A_Date29' is clicked on

2020-09-03 15:52:19 - [MESSAGE][PASSED] - Object: 'Object Repository/V2/PR-369/Edit_Meeting_Scorecard/A_Date29' is clicked on

2020-09-03 15:52:19 - [TEST_STEP][PASSED] - verifyElementVisible(findTestObject("V2/PR-369/Edit_Meeting_Rocks/Verify_Notes_Section")): Object 'Object Repository/V2/PR-369/Edit_Meeting_Rocks/Verify_Notes_Section' is visible

2020-09-03 15:52:19 - [MESSAGE][PASSED] - Object 'Object Repository/V2/PR-369/Edit_Meeting_Rocks/Verify_Notes_Section' is visible

2020-09-03 15:52:19 - [TEST_STEP][PASSED] - setText(findTestObject("V2/PR-369/Edit_Meeting_Rocks/Notes_Comments"), Notes): Text 'Sample Notes' is set on object 'Object Repository/V2/PR-369/Edit_Meeting_Rocks/Notes_Comments'

2020-09-03 15:52:29 - [MESSAGE][PASSED] - Text 'Sample Notes' is set on object 'Object Repository/V2/PR-369/Edit_Meeting_Rocks/Notes_Comments'

2020-09-03 15:52:29 - [TEST_STEP][PASSED] - sendKeys(findTestObject("V2/PR-369/Edit_Meeting_Rocks/Add_Milestone_Button"), Keys.chord(PAGE_DOWN)): Keys 'PAGE_DOWN + ' sent to object: 'Object Repository/V2/PR-369/Edit_Meeting_Rocks/Add_Milestone_Button'

2020-09-03 15:52:29 - [MESSAGE][PASSED] - Keys 'PAGE_DOWN + ' sent to object: 'Object Repository/V2/PR-369/Edit_Meeting_Rocks/Add_Milestone_Button'

2020-09-03 15:52:29 - [TEST_STEP][PASSED] - click(findTestObject("V2/PR-369/Edit_Meeting_Rocks/Add_Milestone_Button")): Object: 'Object Repository/V2/PR-369/Edit_Meeting_Rocks/Add_Milestone_Button' is clicked on

2020-09-03 15:52:29 - [MESSAGE][PASSED] - Object: 'Object Repository/V2/PR-369/Edit_Meeting_Rocks/Add_Milestone_Button' is clicked on

2020-09-03 15:52:29 - [TEST_STEP][PASSED] - setText(findTestObject("V2/PR-369/Edit_Meeting_Rocks/Milestone_Text_Field"), milestoneName): Text 'Milestone 1' is set on object 'Object Repository/V2/PR-369/Edit_Meeting_Rocks/Milestone_Text_Field'

2020-09-03 15:52:29 - [MESSAGE][PASSED] - Text 'Milestone 1' is set on object 'Object Repository/V2/PR-369/Edit_Meeting_Rocks/Milestone_Text_Field'

2020-09-03 15:52:29 - [TEST_STEP][PASSED] - click(findTestObject("V2/PR-369/Edit_Meeting_Rocks/Milestone_date")): Object: 'Object Repository/V2/PR-369/Edit_Meeting_Rocks/Milestone_date' is clicked on

2020-09-03 15:52:30 - [MESSAGE][PASSED] - Object: 'Object Repository/V2/PR-369/Edit_Meeting_Rocks/Milestone_date' is clicked on

2020-09-03 15:52:30 - [TEST_STEP][PASSED] - waitForElementVisible(findTestObject("V2/PR-369/Edit_Meeting_Scorecard/A_Date29"), DefaultTimeout): Object 'Object Repository/V2/PR-369/Edit_Meeting_Scorecard/A_Date29' is visible

2020-09-03 15:52:30 - [MESSAGE][PASSED] - Object 'Object Repository/V2/PR-369/Edit_Meeting_Scorecard/A_Date29' is visible

2020-09-03 15:52:30 - [TEST_STEP][PASSED] - click(findTestObject("V2/PR-369/Edit_Meeting_Scorecard/A_Date29")): Object: 'Object Repository/V2/PR-369/Edit_Meeting_Scorecard/A_Date29' is clicked on

2020-09-03 15:52:30 - [MESSAGE][PASSED] - Object: 'Object Repository/V2/PR-369/Edit_Meeting_Scorecard/A_Date29' is clicked on

2020-09-03 15:52:30 - [TEST_STEP][PASSED] - click(findTestObject("V2/PR-369/Edit_Meeting_Rocks/Save_Button")): Object: 'Object Repository/V2/PR-369/Edit_Meeting_Rocks/Save_Button' is clicked on

2020-09-03 15:52:30 - [MESSAGE][PASSED] - Object: 'Object Repository/V2/PR-369/Edit_Meeting_Rocks/Save_Button' is clicked on

2020-09-03 15:52:30 - [TEST_STEP][PASSED] - delay(10): Delayed 10 second(s)

2020-09-03 15:52:40 - [MESSAGE][PASSED] - Delayed 10 second(s)

2020-09-03 15:52:40 - [TEST_STEP][PASSED] - verifyRocks = tt_CustomKeywords.CustomKeywords.CreateDynamicElement(verifyRocks_Obj, rockName, "xpath"): Successfully created new dynamic object: //h2[text()='Rocks']/ancestor::div[contains(@class,'CardStyles')]/div[2]//div[@data-test-id='rock.title'][contains(@class,'TextBodyStyles-sc') and text()='QA Edit Meeting Automation Rock Test']

2020-09-03 15:52:40 - [MESSAGE][PASSED] - Successfully created new dynamic object: //h2[text()='Rocks']/ancestor::div[contains(@class,'CardStyles')]/div[2]//div[@data-test-id='rock.title'][contains(@class,'TextBodyStyles-sc') and text()='QA Edit Meeting Automation Rock Test']

2020-09-03 15:52:40 - [TEST_STEP][PASSED] - verifyElementPresent(verifyRocks, DefaultTimeout): Object '' is present

2020-09-03 15:52:40 - [MESSAGE][PASSED] - Object '' is present

2020-09-03 15:52:40 - [TEST_STEP][PASSED] - verifyMilestone = tt_CustomKeywords.CustomKeywords.CreateDynamicElement(verifyMilestone_Obj, milestoneName, "xpath"): Successfully created new dynamic object: //h2[text()='Rocks']/ancestor::div[contains(@class,'CardStyles')]/div[2]//div[contains(@class,'milestoneListItem__name')]/span[text()='Milestone 1']

2020-09-03 15:52:40 - [MESSAGE][PASSED] - Successfully created new dynamic object: //h2[text()='Rocks']/ancestor::div[contains(@class,'CardStyles')]/div[2]//div[contains(@class,'milestoneListItem__name')]/span[text()='Milestone 1']

2020-09-03 15:52:40 - [TEST_STEP][PASSED] - verifyElementPresent(verifyMilestone, DefaultTimeout): Object '' is present

2020-09-03 15:52:40 - [MESSAGE][PASSED] - Object '' is present

2020-09-03 15:52:40 - [TEST_STEP][NOT_RUN] - click(verifyRocks): NOT_RUN: click(verifyRocks)

2020-09-03 15:52:40 - [MESSAGE][NOT_RUN] - NOT_RUN: click(verifyRocks)

2020-09-03 15:52:40 - [TEST_STEP][NOT_RUN] - delay(10): NOT_RUN: delay(10)

2020-09-03 15:52:40 - [MESSAGE][NOT_RUN] - NOT_RUN: delay(10)

2020-09-03 15:52:40 - [TEST_STEP][NOT_RUN] - click(findTestObject("V2/PR-369/UpdateEditMeetingRocks/Edit_Rock_Name")): NOT_RUN: click(findTestObject("V2/PR-369/UpdateEditMeetingRocks/Edit_Rock_Name"))

2020-09-03 15:52:40 - [MESSAGE][NOT_RUN] - NOT_RUN: click(findTestObject("V2/PR-369/UpdateEditMeetingRocks/Edit_Rock_Name"))

2020-09-03 15:52:40 - [TEST_STEP][NOT_RUN] - sendKeys(findTestObject("V2/PR-369/UpdateEditMeetingRocks/Edit_Rock_Name"), Keys.chord(LEFT_CONTROL, "a", BACK_SPACE)): NOT_RUN: sendKeys(findTestObject("V2/PR-369/UpdateEditMeetingRocks/Edit_Rock_Name"), Keys.chord(LEFT_CONTROL, "a", BACK_SPACE))

2020-09-03 15:52:40 - [MESSAGE][NOT_RUN] - NOT_RUN: sendKeys(findTestObject("V2/PR-369/UpdateEditMeetingRocks/Edit_Rock_Name"), Keys.chord(LEFT_CONTROL, "a", BACK_SPACE))

2020-09-03 15:52:40 - [TEST_STEP][NOT_RUN] - setText(findTestObject("V2/PR-369/UpdateEditMeetingRocks/Edit_Rock_Name"), editRockName): NOT_RUN: setText(findTestObject("V2/PR-369/UpdateEditMeetingRocks/Edit_Rock_Name"), editRockName)

2020-09-03 15:52:40 - [MESSAGE][NOT_RUN] - NOT_RUN: setText(findTestObject("V2/PR-369/UpdateEditMeetingRocks/Edit_Rock_Name"), editRockName)

2020-09-03 15:52:40 - [TEST_STEP][NOT_RUN] - click(findTestObject("V2/PR-369/UpdateEditMeetingRocks/Edit_Status_Done")): NOT_RUN: click(findTestObject("V2/PR-369/UpdateEditMeetingRocks/Edit_Status_Done"))

2020-09-03 15:52:40 - [MESSAGE][NOT_RUN] - NOT_RUN: click(findTestObject("V2/PR-369/UpdateEditMeetingRocks/Edit_Status_Done"))

2020-09-03 15:52:40 - [TEST_STEP][NOT_RUN] - click(findTestObject("V2/PR-369/UpdateEditMeetingRocks/Edit_Accountable_Owner")): NOT_RUN: click(findTestObject("V2/PR-369/UpdateEditMeetingRocks/Edit_Accountable_Owner"))

2020-09-03 15:52:40 - [MESSAGE][NOT_RUN] - NOT_RUN: click(findTestObject("V2/PR-369/UpdateEditMeetingRocks/Edit_Accountable_Owner"))

2020-09-03 15:52:40 - [TEST_STEP][NOT_RUN] - editOwner = tt_CustomKeywords.CustomKeywords.CreateDynamicElement(editOwner_Obj, editOwner, "xpath"): NOT_RUN: editOwner = tt_CustomKeywords.CustomKeywords.CreateDynamicElement(editOwner_Obj, editOwner, "xpath")

2020-09-03 15:52:40 - [MESSAGE][NOT_RUN] - NOT_RUN: editOwner = tt_CustomKeywords.CustomKeywords.CreateDynamicElement(editOwner_Obj, editOwner, "xpath")

2020-09-03 15:52:40 - [TEST_STEP][NOT_RUN] - click(editOwner): NOT_RUN: click(editOwner)

2020-09-03 15:52:40 - [MESSAGE][NOT_RUN] - NOT_RUN: click(editOwner)

2020-09-03 15:52:40 - [TEST_STEP][NOT_RUN] - click(findTestObject("V2/PR-369/UpdateEditMeetingRocks/Edit_Visibility_Level")): NOT_RUN: click(findTestObject("V2/PR-369/UpdateEditMeetingRocks/Edit_Visibility_Level"))

2020-09-03 15:52:40 - [MESSAGE][NOT_RUN] - NOT_RUN: click(findTestObject("V2/PR-369/UpdateEditMeetingRocks/Edit_Visibility_Level"))

2020-09-03 15:52:40 - [TEST_STEP][NOT_RUN] - click(findTestObject("V2/PR-369/UpdateEditMeetingRocks/Edit_Visibility_Level_Department")): NOT_RUN: click(findTestObject("V2/PR-369/UpdateEditMeetingRocks/Edit_Visibility_Level_Department"))

2020-09-03 15:52:40 - [MESSAGE][NOT_RUN] - NOT_RUN: click(findTestObject("V2/PR-369/UpdateEditMeetingRocks/Edit_Visibility_Level_Department"))

2020-09-03 15:52:40 - [TEST_STEP][NOT_RUN] - sendKeys(findTestObject("V2/PR-369/UpdateEditMeetingRocks/Edit_Milestone"), Keys.chord(LEFT_CONTROL, "a", BACK_SPACE)): NOT_RUN: sendKeys(findTestObject("V2/PR-369/UpdateEditMeetingRocks/Edit_Milestone"), Keys.chord(LEFT_CONTROL, "a", BACK_SPACE))

2020-09-03 15:52:40 - [MESSAGE][NOT_RUN] - NOT_RUN: sendKeys(findTestObject("V2/PR-369/UpdateEditMeetingRocks/Edit_Milestone"), Keys.chord(LEFT_CONTROL, "a", BACK_SPACE))

2020-09-03 15:52:40 - [TEST_STEP][NOT_RUN] - setText(findTestObject("V2/PR-369/UpdateEditMeetingRocks/Edit_Milestone"), editMilestoneName): NOT_RUN: setText(findTestObject("V2/PR-369/UpdateEditMeetingRocks/Edit_Milestone"), editMilestoneName)

2020-09-03 15:52:40 - [MESSAGE][NOT_RUN] - NOT_RUN: setText(findTestObject("V2/PR-369/UpdateEditMeetingRocks/Edit_Milestone"), editMilestoneName)

2020-09-03 15:52:40 - [TEST_STEP][NOT_RUN] - click(findTestObject("V2/PR-369/UpdateEditMeetingRocks/Done_CheckBox")): NOT_RUN: click(findTestObject("V2/PR-369/UpdateEditMeetingRocks/Done_CheckBox"))

2020-09-03 15:52:40 - [MESSAGE][NOT_RUN] - NOT_RUN: click(findTestObject("V2/PR-369/UpdateEditMeetingRocks/Done_CheckBox"))

2020-09-03 15:52:40 - [TEST_STEP][NOT_RUN] - click(findTestObject("V2/PR-369/UpdateEditMeetingRocks/Update_Button")): NOT_RUN: click(findTestObject("V2/PR-369/UpdateEditMeetingRocks/Update_Button"))

2020-09-03 15:52:40 - [MESSAGE][NOT_RUN] - NOT_RUN: click(findTestObject("V2/PR-369/UpdateEditMeetingRocks/Update_Button"))

2020-09-03 15:52:40 - [TEST_STEP][NOT_RUN] - delay(10): NOT_RUN: delay(10)

2020-09-03 15:52:40 - [MESSAGE][NOT_RUN] - NOT_RUN: delay(10)

2020-09-03 15:52:40 - [TEST_STEP][NOT_RUN] - editverifyRocks = tt_CustomKeywords.CustomKeywords.CreateDynamicElement(verifyRocks_Obj, editRockName, "xpath"): NOT_RUN: editverifyRocks = tt_CustomKeywords.CustomKeywords.CreateDynamicElement(verifyRocks_Obj, editRockName, "xpath")

2020-09-03 15:52:40 - [MESSAGE][NOT_RUN] - NOT_RUN: editverifyRocks = tt_CustomKeywords.CustomKeywords.CreateDynamicElement(verifyRocks_Obj, editRockName, "xpath")

2020-09-03 15:52:40 - [TEST_STEP][NOT_RUN] - verifyElementPresent(editverifyRocks, DefaultTimeout): NOT_RUN: verifyElementPresent(editverifyRocks, DefaultTimeout)

2020-09-03 15:52:40 - [MESSAGE][NOT_RUN] - NOT_RUN: verifyElementPresent(editverifyRocks, DefaultTimeout)

2020-09-03 15:52:40 - [TEST_STEP][NOT_RUN] - editverifyMilestone = tt_CustomKeywords.CustomKeywords.CreateDynamicElement(verifyMilestone_Obj, editMilestoneName, "xpath"): NOT_RUN: editverifyMilestone = tt_CustomKeywords.CustomKeywords.CreateDynamicElement(verifyMilestone_Obj, editMilestoneName, "xpath")

2020-09-03 15:52:40 - [MESSAGE][NOT_RUN] - NOT_RUN: editverifyMilestone = tt_CustomKeywords.CustomKeywords.CreateDynamicElement(verifyMilestone_Obj, editMilestoneName, "xpath")

2020-09-03 15:52:40 - [TEST_STEP][NOT_RUN] - verifyElementPresent(editverifyMilestone, DefaultTimeout): NOT_RUN: verifyElementPresent(editverifyMilestone, DefaultTimeout)

2020-09-03 15:52:40 - [MESSAGE][NOT_RUN] - NOT_RUN: verifyElementPresent(editverifyMilestone, DefaultTimeout)

2020-09-03 15:52:40 - [MESSAGE][PASSED] - Call Test Case 'Test Cases/V2/Test Case/Tests/PR-369 - EditMeetingAgenda/Test Cases/Positive/Supervisor/PR_369_7_EditMeetingCreateRock_Supervisor' successfully

2020-09-03 15:52:40 - [TEST_STEP][PASSED] - changeWebDriver(driver3): null

2020-09-03 15:52:40 - [TEST_STEP][PASSED] - callTestCase(findTestCase("V2/Test Case/Pre-conditions/PRE_CreateL10Meeting"), ["meetingName":meetingNameE, "meetingAcronym":meetingAcronym, "meetingType":meetingType, "dropdownOptions_obj":"//div[@id='CREATE_MEETING_L10']//span[text()='%s']/parent::div[@role='option']", ... ], STOP_ON_FAILURE): Call Test Case 'Test Cases/V2/Test Case/Pre-conditions/PRE_CreateL10Meeting' successfully

2020-09-03 15:52:41 - [TEST_CASE][PASSED] - Test Cases/V2/Test Case/Pre-conditions/PRE_CreateL10Meeting: Test Cases/V2/Test Case/Pre-conditions/PRE_CreateL10Meeting

2020-09-03 15:52:41 - [TEST_STEP][PASSED] - click(findTestObject("V2/Commons/DasboardPage_SidebarMenu/MeetingsMenu")): Object: 'Object Repository/V2/Commons/DasboardPage_SidebarMenu/MeetingsMenu' is clicked on

2020-09-03 15:52:41 - [MESSAGE][PASSED] - Object: 'Object Repository/V2/Commons/DasboardPage_SidebarMenu/MeetingsMenu' is clicked on

2020-09-03 15:52:41 - [TEST_STEP][PASSED] - click(findTestObject("Object Repository/V2/Commons/MeetingListPage/div_Create a meeting")): Object: 'Object Repository/V2/Commons/MeetingListPage/div_Create a meeting' is clicked on

2020-09-03 15:52:41 - [MESSAGE][PASSED] - Object: 'Object Repository/V2/Commons/MeetingListPage/div_Create a meeting' is clicked on

2020-09-03 15:52:41 - [TEST_STEP][PASSED] - click(findTestObject("Object Repository/V2/Commons/MeetingListPage/button_Level 10")): Object: 'Object Repository/V2/Commons/MeetingListPage/button_Level 10' is clicked on

2020-09-03 15:52:41 - [MESSAGE][PASSED] - Object: 'Object Repository/V2/Commons/MeetingListPage/button_Level 10' is clicked on

2020-09-03 15:52:41 - [TEST_STEP][PASSED] - waitForElementVisible(findTestObject("V2/Commons/CreateL10MeetingDrawer/input__name"), DefaultTimeout): Object 'Object Repository/V2/Commons/CreateL10MeetingDrawer/input__name' is visible

2020-09-03 15:52:41 - [MESSAGE][PASSED] - Object 'Object Repository/V2/Commons/CreateL10MeetingDrawer/input__name' is visible

2020-09-03 15:52:41 - [TEST_STEP][PASSED] - setText(findTestObject("V2/Commons/CreateL10MeetingDrawer/input__name"), meetingName): Text 'Meeting Employee' is set on object 'Object Repository/V2/Commons/CreateL10MeetingDrawer/input__name'

2020-09-03 15:52:41 - [MESSAGE][PASSED] - Text 'Meeting Employee' is set on object 'Object Repository/V2/Commons/CreateL10MeetingDrawer/input__name'

2020-09-03 15:52:41 - [TEST_STEP][PASSED] - setText(findTestObject("V2/Commons/CreateL10MeetingDrawer/input__acronym"), meetingAcronym): Text 'CL10' is set on object 'Object Repository/V2/Commons/CreateL10MeetingDrawer/input__acronym'

2020-09-03 15:52:42 - [MESSAGE][PASSED] - Text 'CL10' is set on object 'Object Repository/V2/Commons/CreateL10MeetingDrawer/input__acronym'

2020-09-03 15:52:42 - [TEST_STEP][PASSED] - click(findTestObject("V2/Commons/CreateL10MeetingDrawer/input__typeOfMeeting")): Object: 'Object Repository/V2/Commons/CreateL10MeetingDrawer/input__typeOfMeeting' is clicked on

2020-09-03 15:52:42 - [MESSAGE][PASSED] - Object: 'Object Repository/V2/Commons/CreateL10MeetingDrawer/input__typeOfMeeting' is clicked on

2020-09-03 15:52:42 - [TEST_STEP][PASSED] - meetingTypeOption_Obj = tt_CustomKeywords.CustomKeywords.CreateDynamicElement(dropdownOptions_obj, meetingType, "xpath"): Successfully created new dynamic object: //div[@id='CREATE_MEETING_L10']//span[text()='Leadership']/parent::div[@role='option']

2020-09-03 15:52:42 - [MESSAGE][PASSED] - Successfully created new dynamic object: //div[@id='CREATE_MEETING_L10']//span[text()='Leadership']/parent::div[@role='option']

2020-09-03 15:52:42 - [TEST_STEP][PASSED] - click(meetingTypeOption_Obj): Object: '' is clicked on

2020-09-03 15:52:42 - [MESSAGE][PASSED] - Object: '' is clicked on

2020-09-03 15:52:42 - [TEST_STEP][PASSED] - click(findTestObject("V2/Commons/CreateL10MeetingDrawer/div_dayOfMeetingDropdownList")): Object: 'Object Repository/V2/Commons/CreateL10MeetingDrawer/div_dayOfMeetingDropdownList' is clicked on

2020-09-03 15:52:42 - [MESSAGE][PASSED] - Object: 'Object Repository/V2/Commons/CreateL10MeetingDrawer/div_dayOfMeetingDropdownList' is clicked on

2020-09-03 15:52:42 - [TEST_STEP][PASSED] - dayOfMeetingOption_Obj = tt_CustomKeywords.CustomKeywords.CreateDynamicElement(dropdownOptions_obj, dayOfMeeting, "xpath"): Successfully created new dynamic object: //div[@id='CREATE_MEETING_L10']//span[text()='Monday']/parent::div[@role='option']

2020-09-03 15:52:42 - [MESSAGE][PASSED] - Successfully created new dynamic object: //div[@id='CREATE_MEETING_L10']//span[text()='Monday']/parent::div[@role='option']

2020-09-03 15:52:42 - [TEST_STEP][PASSED] - click(dayOfMeetingOption_Obj): Object: '' is clicked on

2020-09-03 15:52:42 - [MESSAGE][PASSED] - Object: '' is clicked on

2020-09-03 15:52:42 - [TEST_STEP][PASSED] - click(findTestObject("V2/Commons/CreateL10MeetingDrawer/input_meetingTime")): Object: 'Object Repository/V2/Commons/CreateL10MeetingDrawer/input_meetingTime' is clicked on

2020-09-03 15:52:42 - [MESSAGE][PASSED] - Object: 'Object Repository/V2/Commons/CreateL10MeetingDrawer/input_meetingTime' is clicked on

2020-09-03 15:52:42 - [TEST_STEP][PASSED] - setText(findTestObject("V2/Commons/CreateL10MeetingDrawer/input_meetingTime"), meetingTime): Text '12:00' is set on object 'Object Repository/V2/Commons/CreateL10MeetingDrawer/input_meetingTime'

2020-09-03 15:52:42 - [MESSAGE][PASSED] - Text '12:00' is set on object 'Object Repository/V2/Commons/CreateL10MeetingDrawer/input_meetingTime'

2020-09-03 15:52:42 - [TEST_STEP][PASSED] - sendKeys(findTestObject("V2/Commons/CreateL10MeetingDrawer/input_meetingTime"), Keys.chord(TAB)): Keys 'TAB + ' sent to object: 'Object Repository/V2/Commons/CreateL10MeetingDrawer/input_meetingTime'

2020-09-03 15:52:42 - [MESSAGE][PASSED] - Keys 'TAB + ' sent to object: 'Object Repository/V2/Commons/CreateL10MeetingDrawer/input_meetingTime'

2020-09-03 15:52:42 - [TEST_STEP][PASSED] - click(findTestObject("V2/Commons/CreateL10MeetingDrawer/div_Create Meeting")): Object: 'Object Repository/V2/Commons/CreateL10MeetingDrawer/div_Create Meeting' is clicked on

2020-09-03 15:52:42 - [MESSAGE][PASSED] - Object: 'Object Repository/V2/Commons/CreateL10MeetingDrawer/div_Create Meeting' is clicked on

2020-09-03 15:52:42 - [TEST_STEP][PASSED] - waitForElementVisible(findTestObject("Object Repository/V2/Commons/MeetingListPage/div_Ill do this later"), DefaultTimeout): Object 'Object Repository/V2/Commons/MeetingListPage/div_Ill do this later' is visible

2020-09-03 15:53:16 - [MESSAGE][PASSED] - Object 'Object Repository/V2/Commons/MeetingListPage/div_Ill do this later' is visible

2020-09-03 15:53:16 - [TEST_STEP][PASSED] - verifyElementVisible(findTestObject("Object Repository/V2/Commons/MeetingListPage/div_Ill do this later"), STOP_ON_FAILURE): Object 'Object Repository/V2/Commons/MeetingListPage/div_Ill do this later' is visible

2020-09-03 15:53:16 - [MESSAGE][PASSED] - Object 'Object Repository/V2/Commons/MeetingListPage/div_Ill do this later' is visible

2020-09-03 15:53:16 - [TEST_STEP][PASSED] - click(findTestObject("Object Repository/V2/Commons/MeetingListPage/div_Ill do this later")): Object: 'Object Repository/V2/Commons/MeetingListPage/div_Ill do this later' is clicked on

2020-09-03 15:53:16 - [MESSAGE][PASSED] - Object: 'Object Repository/V2/Commons/MeetingListPage/div_Ill do this later' is clicked on

2020-09-03 15:53:16 - [TEST_STEP][PASSED] - meetingRecordObj = tt_CustomKeywords.CustomKeywords.CreateDynamicElement(meetingRecord_obj, meetingName, "xpath"): Successfully created new dynamic object: //div[@class='detailscontainer__block item']/h4[text()='Meeting Employee']

2020-09-03 15:53:16 - [MESSAGE][PASSED] - Successfully created new dynamic object: //div[@class='detailscontainer__block item']/h4[text()='Meeting Employee']

2020-09-03 15:53:16 - [TEST_STEP][PASSED] - verifyElementPresent(meetingRecordObj, DefaultTimeout): Object '' is present

2020-09-03 15:53:16 - [MESSAGE][PASSED] - Object '' is present

2020-09-03 15:53:16 - [MESSAGE][PASSED] - Call Test Case 'Test Cases/V2/Test Case/Pre-conditions/PRE_CreateL10Meeting' successfully

2020-09-03 15:53:16 - [TEST_STEP][PASSED] - callTestCase(findTestCase("V2/Test Case/Tests/PR-369 - EditMeetingAgenda/Test Cases/Positive/Employee/PR_369_7_EditMeetingCreateRock_Employee"), ["userName":"jeff+075@mytractiontools.com", "passWord":"Skyline69A*", "meetingRowPosition":"3", "editMeetingMenu_Obj":"//div[@id='root']/div/div[2]/div/div/div/div[2]/div/div[%s]/div[3]/button/i", ... ], STOP_ON_FAILURE): Call Test Case 'Test Cases/V2/Test Case/Tests/PR-369 - EditMeetingAgenda/Test Cases/Positive/Employee/PR_369_7_EditMeetingCreateRock_Employee' successfully

2020-09-03 15:53:16 - [TEST_CASE][PASSED] - Test Cases/V2/Test Case/Tests/PR-369 - EditMeetingAgenda/Test Cases/Positive/Employee/PR_369_7_EditMeetingCreateRock_Employee: Test Cases/V2/Test Case/Tests/PR-369 - EditMeetingAgenda/Test Cases/Positive/Employee/PR_369_7_EditMeetingCreateRock_Employee

2020-09-03 15:53:16 - [TEST_STEP][NOT_RUN] - openBrowser(""): NOT_RUN: openBrowser("")

2020-09-03 15:53:16 - [MESSAGE][NOT_RUN] - NOT_RUN: openBrowser("")

2020-09-03 15:53:16 - [TEST_STEP][NOT_RUN] - maximizeWindow(): NOT_RUN: maximizeWindow()

2020-09-03 15:53:16 - [MESSAGE][NOT_RUN] - NOT_RUN: maximizeWindow()

2020-09-03 15:53:16 - [TEST_STEP][NOT_RUN] - navigateToUrl(V2Url): NOT_RUN: navigateToUrl(V2Url)

2020-09-03 15:53:16 - [MESSAGE][NOT_RUN] - NOT_RUN: navigateToUrl(V2Url)

2020-09-03 15:53:16 - [TEST_STEP][NOT_RUN] - setText(findTestObject("V2/PR-369/Page_Login/userName_Field"), "tractiontools.user001+ta58jzbl@gmail.com"): NOT_RUN: setText(findTestObject("V2/PR-369/Page_Login/userName_Field"), "tractiontools.user001+ta58jzbl@gmail.com")

2020-09-03 15:53:16 - [MESSAGE][NOT_RUN] - NOT_RUN: setText(findTestObject("V2/PR-369/Page_Login/userName_Field"), "tractiontools.user001+ta58jzbl@gmail.com")

2020-09-03 15:53:16 - [TEST_STEP][NOT_RUN] - setText(findTestObject("V2/PR-369/Page_Login/passWord_Field"), "Qwer123!"): NOT_RUN: setText(findTestObject("V2/PR-369/Page_Login/passWord_Field"), "Qwer123!")

2020-09-03 15:53:16 - [MESSAGE][NOT_RUN] - NOT_RUN: setText(findTestObject("V2/PR-369/Page_Login/passWord_Field"), "Qwer123!")

2020-09-03 15:53:16 - [TEST_STEP][NOT_RUN] - click(findTestObject("V2/PR-369/Page_Login/Login_Button")): NOT_RUN: click(findTestObject("V2/PR-369/Page_Login/Login_Button"))

2020-09-03 15:53:16 - [MESSAGE][NOT_RUN] - NOT_RUN: click(findTestObject("V2/PR-369/Page_Login/Login_Button"))

2020-09-03 15:53:16 - [TEST_STEP][PASSED] - waitForElementVisible(findTestObject("V2/Commons/DasboardPage_SidebarMenu/MeetingsMenu"), DefaultTimeout): Object 'Object Repository/V2/Commons/DasboardPage_SidebarMenu/MeetingsMenu' is visible

2020-09-03 15:53:16 - [MESSAGE][PASSED] - Object 'Object Repository/V2/Commons/DasboardPage_SidebarMenu/MeetingsMenu' is visible

2020-09-03 15:53:16 - [TEST_STEP][PASSED] - click(findTestObject("V2/Commons/DasboardPage_SidebarMenu/MeetingsMenu")): Object: 'Object Repository/V2/Commons/DasboardPage_SidebarMenu/MeetingsMenu' is clicked on

2020-09-03 15:53:17 - [MESSAGE][PASSED] - Object: 'Object Repository/V2/Commons/DasboardPage_SidebarMenu/MeetingsMenu' is clicked on

2020-09-03 15:53:17 - [TEST_STEP][PASSED] - meetingOpt_Obj = tt_CustomKeywords.CustomKeywords.CreateDynamicElement(meetingOptions_obj, meetingName, "xpath"): Successfully created new dynamic object: //h4[text()='Meeting Employee']/ancestor::div[contains(@class,'ListContainer')]/div[@class='listcontainer__options']/button

2020-09-03 15:53:17 - [MESSAGE][PASSED] - Successfully created new dynamic object: //h4[text()='Meeting Employee']/ancestor::div[contains(@class,'ListContainer')]/div[@class='listcontainer__options']/button

2020-09-03 15:53:17 - [TEST_STEP][PASSED] - waitForElementVisible(meetingOpt_Obj, DefaultTimeout): Object '' is visible

2020-09-03 15:53:17 - [MESSAGE][PASSED] - Object '' is visible

2020-09-03 15:53:17 - [TEST_STEP][PASSED] - click(meetingOpt_Obj): Object: '' is clicked on

2020-09-03 15:53:17 - [MESSAGE][PASSED] - Object: '' is clicked on

2020-09-03 15:53:17 - [TEST_STEP][PASSED] - click(findTestObject("V2/Commons/MeetingListPage/a_Edit meeting")): Object: 'Object Repository/V2/Commons/MeetingListPage/a_Edit meeting' is clicked on

2020-09-03 15:53:17 - [MESSAGE][PASSED] - Object: 'Object Repository/V2/Commons/MeetingListPage/a_Edit meeting' is clicked on

2020-09-03 15:53:17 - [TEST_STEP][PASSED] - waitForElementVisible(findTestObject("V2/PR-369/Edit_Meeting_Rocks/Rocks_Menu"), DefaultTimeout): Object 'Object Repository/V2/PR-369/Edit_Meeting_Rocks/Rocks_Menu' is visible

2020-09-03 15:53:18 - [MESSAGE][PASSED] - Object 'Object Repository/V2/PR-369/Edit_Meeting_Rocks/Rocks_Menu' is visible

2020-09-03 15:53:18 - [TEST_STEP][PASSED] - click(findTestObject("V2/PR-369/Edit_Meeting_Rocks/Rocks_Menu")): Object: 'Object Repository/V2/PR-369/Edit_Meeting_Rocks/Rocks_Menu' is clicked on

2020-09-03 15:53:18 - [MESSAGE][PASSED] - Object: 'Object Repository/V2/PR-369/Edit_Meeting_Rocks/Rocks_Menu' is clicked on

2020-09-03 15:53:18 - [TEST_STEP][PASSED] - click(findTestObject("V2/PR-369/Edit_Meeting_Rocks/CreateRocksButton")): Object: 'Object Repository/V2/PR-369/Edit_Meeting_Rocks/CreateRocksButton' is clicked on

2020-09-03 15:53:18 - [MESSAGE][PASSED] - Object: 'Object Repository/V2/PR-369/Edit_Meeting_Rocks/CreateRocksButton' is clicked on

2020-09-03 15:53:18 - [TEST_STEP][PASSED] - click(findTestObject("V2/PR-369/Edit_Meeting_Rocks/Create_New_Rocks")): Object: 'Object Repository/V2/PR-369/Edit_Meeting_Rocks/Create_New_Rocks' is clicked on

2020-09-03 15:53:18 - [MESSAGE][PASSED] - Object: 'Object Repository/V2/PR-369/Edit_Meeting_Rocks/Create_New_Rocks' is clicked on

2020-09-03 15:53:18 - [TEST_STEP][PASSED] - waitForElementVisible(findTestObject("V2/PR-369/Edit_Meeting_Rocks/Rock_Name_Title"), DefaultTimeout): Object 'Object Repository/V2/PR-369/Edit_Meeting_Rocks/Rock_Name_Title' is visible

2020-09-03 15:53:18 - [MESSAGE][PASSED] - Object 'Object Repository/V2/PR-369/Edit_Meeting_Rocks/Rock_Name_Title' is visible

2020-09-03 15:53:18 - [TEST_STEP][PASSED] - setText(findTestObject("V2/PR-369/Edit_Meeting_Rocks/Rock_Name_Title"), rockName): Text 'QA Edit Meeting Automation Rock Test' is set on object 'Object Repository/V2/PR-369/Edit_Meeting_Rocks/Rock_Name_Title'

2020-09-03 15:53:19 - [MESSAGE][PASSED] - Text 'QA Edit Meeting Automation Rock Test' is set on object 'Object Repository/V2/PR-369/Edit_Meeting_Rocks/Rock_Name_Title'

2020-09-03 15:53:19 - [TEST_STEP][PASSED] - click(findTestObject("V2/PR-369/Edit_Meeting_Rocks/Status_OffTrack_Rock")): Object: 'Object Repository/V2/PR-369/Edit_Meeting_Rocks/Status_OffTrack_Rock' is clicked on

2020-09-03 15:53:19 - [MESSAGE][PASSED] - Object: 'Object Repository/V2/PR-369/Edit_Meeting_Rocks/Status_OffTrack_Rock' is clicked on

2020-09-03 15:53:19 - [TEST_STEP][PASSED] - click(findTestObject("V2/PR-369/Edit_Meeting_Rocks/Accountable_Owner_Field")): Object: 'Object Repository/V2/PR-369/Edit_Meeting_Rocks/Accountable_Owner_Field' is clicked on

2020-09-03 15:53:19 - [MESSAGE][PASSED] - Object: 'Object Repository/V2/PR-369/Edit_Meeting_Rocks/Accountable_Owner_Field' is clicked on

2020-09-03 15:53:19 - [TEST_STEP][PASSED] - accountableOwner = tt_CustomKeywords.CustomKeywords.CreateDynamicElement(owner_Obj, ownerSelected, "xpath"): Successfully created new dynamic object: //div[@data-test-id='createRock']//div[@role='listbox'][@class='visible menu transition']/div[@role='option'][contains(@class,'item')]/span[text()='Admin User']

2020-09-03 15:53:19 - [MESSAGE][PASSED] - Successfully created new dynamic object: //div[@data-test-id='createRock']//div[@role='listbox'][@class='visible menu transition']/div[@role='option'][contains(@class,'item')]/span[text()='Admin User']

2020-09-03 15:53:19 - [TEST_STEP][PASSED] - click(accountableOwner): Object: '' is clicked on

2020-09-03 15:53:19 - [MESSAGE][PASSED] - Object: '' is clicked on

2020-09-03 15:53:19 - [TEST_STEP][PASSED] - click(findTestObject("V2/PR-369/Edit_Meeting_Rocks/Visibility_Level_Field")): Object: 'Object Repository/V2/PR-369/Edit_Meeting_Rocks/Visibility_Level_Field' is clicked on

2020-09-03 15:53:19 - [MESSAGE][PASSED] - Object: 'Object Repository/V2/PR-369/Edit_Meeting_Rocks/Visibility_Level_Field' is clicked on

2020-09-03 15:53:19 - [TEST_STEP][PASSED] - click(findTestObject("V2/PR-369/Edit_Meeting_Rocks/Visibility_Level_Company")): Object: 'Object Repository/V2/PR-369/Edit_Meeting_Rocks/Visibility_Level_Company' is clicked on

2020-09-03 15:53:19 - [MESSAGE][PASSED] - Object: 'Object Repository/V2/PR-369/Edit_Meeting_Rocks/Visibility_Level_Company' is clicked on

2020-09-03 15:53:19 - [TEST_STEP][PASSED] - click(findTestObject("V2/PR-369/Edit_Meeting_Rocks/Rocks_Due_Date_Field")): Object: 'Object Repository/V2/PR-369/Edit_Meeting_Rocks/Rocks_Due_Date_Field' is clicked on

2020-09-03 15:53:19 - [MESSAGE][PASSED] - Object: 'Object Repository/V2/PR-369/Edit_Meeting_Rocks/Rocks_Due_Date_Field' is clicked on

2020-09-03 15:53:19 - [TEST_STEP][PASSED] - waitForElementVisible(findTestObject("V2/PR-369/Edit_Meeting_Scorecard/A_Date29"), DefaultTimeout): Object 'Object Repository/V2/PR-369/Edit_Meeting_Scorecard/A_Date29' is visible

2020-09-03 15:53:19 - [MESSAGE][PASSED] - Object 'Object Repository/V2/PR-369/Edit_Meeting_Scorecard/A_Date29' is visible

2020-09-03 15:53:19 - [TEST_STEP][PASSED] - click(findTestObject("V2/PR-369/Edit_Meeting_Scorecard/A_Date29")): Object: 'Object Repository/V2/PR-369/Edit_Meeting_Scorecard/A_Date29' is clicked on

2020-09-03 15:53:19 - [MESSAGE][PASSED] - Object: 'Object Repository/V2/PR-369/Edit_Meeting_Scorecard/A_Date29' is clicked on

2020-09-03 15:53:19 - [TEST_STEP][PASSED] - verifyElementVisible(findTestObject("V2/PR-369/Edit_Meeting_Rocks/Verify_Notes_Section")): Object 'Object Repository/V2/PR-369/Edit_Meeting_Rocks/Verify_Notes_Section' is visible

2020-09-03 15:53:19 - [MESSAGE][PASSED] - Object 'Object Repository/V2/PR-369/Edit_Meeting_Rocks/Verify_Notes_Section' is visible

2020-09-03 15:53:19 - [TEST_STEP][PASSED] - setText(findTestObject("V2/PR-369/Edit_Meeting_Rocks/Notes_Comments"), Notes): Text 'Sample Notes' is set on object 'Object Repository/V2/PR-369/Edit_Meeting_Rocks/Notes_Comments'

2020-09-03 15:53:29 - [MESSAGE][PASSED] - Text 'Sample Notes' is set on object 'Object Repository/V2/PR-369/Edit_Meeting_Rocks/Notes_Comments'

2020-09-03 15:53:29 - [TEST_STEP][PASSED] - sendKeys(findTestObject("V2/PR-369/Edit_Meeting_Rocks/Add_Milestone_Button"), Keys.chord(PAGE_DOWN)): Keys 'PAGE_DOWN + ' sent to object: 'Object Repository/V2/PR-369/Edit_Meeting_Rocks/Add_Milestone_Button'

2020-09-03 15:53:29 - [MESSAGE][PASSED] - Keys 'PAGE_DOWN + ' sent to object: 'Object Repository/V2/PR-369/Edit_Meeting_Rocks/Add_Milestone_Button'

2020-09-03 15:53:29 - [TEST_STEP][PASSED] - click(findTestObject("V2/PR-369/Edit_Meeting_Rocks/Add_Milestone_Button")): Object: 'Object Repository/V2/PR-369/Edit_Meeting_Rocks/Add_Milestone_Button' is clicked on

2020-09-03 15:53:30 - [MESSAGE][PASSED] - Object: 'Object Repository/V2/PR-369/Edit_Meeting_Rocks/Add_Milestone_Button' is clicked on

2020-09-03 15:53:30 - [TEST_STEP][PASSED] - setText(findTestObject("V2/PR-369/Edit_Meeting_Rocks/Milestone_Text_Field"), milestoneName): Text 'Milestone 1' is set on object 'Object Repository/V2/PR-369/Edit_Meeting_Rocks/Milestone_Text_Field'

2020-09-03 15:53:30 - [MESSAGE][PASSED] - Text 'Milestone 1' is set on object 'Object Repository/V2/PR-369/Edit_Meeting_Rocks/Milestone_Text_Field'

2020-09-03 15:53:30 - [TEST_STEP][PASSED] - click(findTestObject("V2/PR-369/Edit_Meeting_Rocks/Milestone_date")): Object: 'Object Repository/V2/PR-369/Edit_Meeting_Rocks/Milestone_date' is clicked on

2020-09-03 15:53:30 - [MESSAGE][PASSED] - Object: 'Object Repository/V2/PR-369/Edit_Meeting_Rocks/Milestone_date' is clicked on

2020-09-03 15:53:30 - [TEST_STEP][PASSED] - waitForElementVisible(findTestObject("V2/PR-369/Edit_Meeting_Scorecard/A_Date29"), DefaultTimeout): Object 'Object Repository/V2/PR-369/Edit_Meeting_Scorecard/A_Date29' is visible

2020-09-03 15:53:30 - [MESSAGE][PASSED] - Object 'Object Repository/V2/PR-369/Edit_Meeting_Scorecard/A_Date29' is visible

2020-09-03 15:53:30 - [TEST_STEP][PASSED] - click(findTestObject("V2/PR-369/Edit_Meeting_Scorecard/A_Date29")): Object: 'Object Repository/V2/PR-369/Edit_Meeting_Scorecard/A_Date29' is clicked on

2020-09-03 15:53:30 - [MESSAGE][PASSED] - Object: 'Object Repository/V2/PR-369/Edit_Meeting_Scorecard/A_Date29' is clicked on

2020-09-03 15:53:30 - [TEST_STEP][PASSED] - click(findTestObject("V2/PR-369/Edit_Meeting_Rocks/Save_Button")): Object: 'Object Repository/V2/PR-369/Edit_Meeting_Rocks/Save_Button' is clicked on

2020-09-03 15:53:30 - [MESSAGE][PASSED] - Object: 'Object Repository/V2/PR-369/Edit_Meeting_Rocks/Save_Button' is clicked on

2020-09-03 15:53:30 - [TEST_STEP][PASSED] - delay(10): Delayed 10 second(s)

2020-09-03 15:53:40 - [MESSAGE][PASSED] - Delayed 10 second(s)

2020-09-03 15:53:40 - [TEST_STEP][PASSED] - verifyRocks = tt_CustomKeywords.CustomKeywords.CreateDynamicElement(verifyRocks_Obj, rockName, "xpath"): Successfully created new dynamic object: //h2[text()='Rocks']/ancestor::div[contains(@class,'CardStyles')]/div[2]//div[@data-test-id='rock.title'][contains(@class,'TextBodyStyles-sc') and text()='QA Edit Meeting Automation Rock Test']

2020-09-03 15:53:40 - [MESSAGE][PASSED] - Successfully created new dynamic object: //h2[text()='Rocks']/ancestor::div[contains(@class,'CardStyles')]/div[2]//div[@data-test-id='rock.title'][contains(@class,'TextBodyStyles-sc') and text()='QA Edit Meeting Automation Rock Test']

2020-09-03 15:53:40 - [TEST_STEP][PASSED] - verifyElementPresent(verifyRocks, DefaultTimeout): Object '' is present

2020-09-03 15:53:40 - [MESSAGE][PASSED] - Object '' is present

2020-09-03 15:53:40 - [TEST_STEP][PASSED] - verifyMilestone = tt_CustomKeywords.CustomKeywords.CreateDynamicElement(verifyMilestone_Obj, milestoneName, "xpath"): Successfully created new dynamic object: //h2[text()='Rocks']/ancestor::div[contains(@class,'CardStyles')]/div[2]//div[contains(@class,'milestoneListItem__name')]/span[text()='Milestone 1']

2020-09-03 15:53:40 - [MESSAGE][PASSED] - Successfully created new dynamic object: //h2[text()='Rocks']/ancestor::div[contains(@class,'CardStyles')]/div[2]//div[contains(@class,'milestoneListItem__name')]/span[text()='Milestone 1']

2020-09-03 15:53:40 - [TEST_STEP][PASSED] - verifyElementPresent(verifyMilestone, DefaultTimeout): Object '' is present

2020-09-03 15:53:40 - [MESSAGE][PASSED] - Object '' is present

2020-09-03 15:53:40 - [TEST_STEP][NOT_RUN] - click(verifyRocks): NOT_RUN: click(verifyRocks)

2020-09-03 15:53:40 - [MESSAGE][NOT_RUN] - NOT_RUN: click(verifyRocks)

2020-09-03 15:53:40 - [TEST_STEP][NOT_RUN] - delay(10): NOT_RUN: delay(10)

2020-09-03 15:53:40 - [MESSAGE][NOT_RUN] - NOT_RUN: delay(10)

2020-09-03 15:53:40 - [TEST_STEP][NOT_RUN] - click(findTestObject("V2/PR-369/UpdateEditMeetingRocks/Edit_Rock_Name")): NOT_RUN: click(findTestObject("V2/PR-369/UpdateEditMeetingRocks/Edit_Rock_Name"))

2020-09-03 15:53:40 - [MESSAGE][NOT_RUN] - NOT_RUN: click(findTestObject("V2/PR-369/UpdateEditMeetingRocks/Edit_Rock_Name"))

2020-09-03 15:53:40 - [TEST_STEP][NOT_RUN] - sendKeys(findTestObject("V2/PR-369/UpdateEditMeetingRocks/Edit_Rock_Name"), Keys.chord(LEFT_CONTROL, "a", BACK_SPACE)): NOT_RUN: sendKeys(findTestObject("V2/PR-369/UpdateEditMeetingRocks/Edit_Rock_Name"), Keys.chord(LEFT_CONTROL, "a", BACK_SPACE))

2020-09-03 15:53:40 - [MESSAGE][NOT_RUN] - NOT_RUN: sendKeys(findTestObject("V2/PR-369/UpdateEditMeetingRocks/Edit_Rock_Name"), Keys.chord(LEFT_CONTROL, "a", BACK_SPACE))

2020-09-03 15:53:40 - [TEST_STEP][NOT_RUN] - setText(findTestObject("V2/PR-369/UpdateEditMeetingRocks/Edit_Rock_Name"), editRockName): NOT_RUN: setText(findTestObject("V2/PR-369/UpdateEditMeetingRocks/Edit_Rock_Name"), editRockName)

2020-09-03 15:53:40 - [MESSAGE][NOT_RUN] - NOT_RUN: setText(findTestObject("V2/PR-369/UpdateEditMeetingRocks/Edit_Rock_Name"), editRockName)

2020-09-03 15:53:40 - [TEST_STEP][NOT_RUN] - click(findTestObject("V2/PR-369/UpdateEditMeetingRocks/Edit_Status_Done")): NOT_RUN: click(findTestObject("V2/PR-369/UpdateEditMeetingRocks/Edit_Status_Done"))

2020-09-03 15:53:40 - [MESSAGE][NOT_RUN] - NOT_RUN: click(findTestObject("V2/PR-369/UpdateEditMeetingRocks/Edit_Status_Done"))

2020-09-03 15:53:40 - [TEST_STEP][NOT_RUN] - click(findTestObject("V2/PR-369/UpdateEditMeetingRocks/Edit_Accountable_Owner")): NOT_RUN: click(findTestObject("V2/PR-369/UpdateEditMeetingRocks/Edit_Accountable_Owner"))

2020-09-03 15:53:40 - [MESSAGE][NOT_RUN] - NOT_RUN: click(findTestObject("V2/PR-369/UpdateEditMeetingRocks/Edit_Accountable_Owner"))

2020-09-03 15:53:40 - [TEST_STEP][NOT_RUN] - editOwner = tt_CustomKeywords.CustomKeywords.CreateDynamicElement(editOwner_Obj, editOwner, "xpath"): NOT_RUN: editOwner = tt_CustomKeywords.CustomKeywords.CreateDynamicElement(editOwner_Obj, editOwner, "xpath")

2020-09-03 15:53:40 - [MESSAGE][NOT_RUN] - NOT_RUN: editOwner = tt_CustomKeywords.CustomKeywords.CreateDynamicElement(editOwner_Obj, editOwner, "xpath")

2020-09-03 15:53:40 - [TEST_STEP][NOT_RUN] - click(editOwner): NOT_RUN: click(editOwner)

2020-09-03 15:53:40 - [MESSAGE][NOT_RUN] - NOT_RUN: click(editOwner)

2020-09-03 15:53:40 - [TEST_STEP][NOT_RUN] - click(findTestObject("V2/PR-369/UpdateEditMeetingRocks/Edit_Visibility_Level")): NOT_RUN: click(findTestObject("V2/PR-369/UpdateEditMeetingRocks/Edit_Visibility_Level"))

2020-09-03 15:53:40 - [MESSAGE][NOT_RUN] - NOT_RUN: click(findTestObject("V2/PR-369/UpdateEditMeetingRocks/Edit_Visibility_Level"))

2020-09-03 15:53:40 - [TEST_STEP][NOT_RUN] - click(findTestObject("V2/PR-369/UpdateEditMeetingRocks/Edit_Visibility_Level_Department")): NOT_RUN: click(findTestObject("V2/PR-369/UpdateEditMeetingRocks/Edit_Visibility_Level_Department"))

2020-09-03 15:53:40 - [MESSAGE][NOT_RUN] - NOT_RUN: click(findTestObject("V2/PR-369/UpdateEditMeetingRocks/Edit_Visibility_Level_Department"))

2020-09-03 15:53:40 - [TEST_STEP][NOT_RUN] - sendKeys(findTestObject("V2/PR-369/UpdateEditMeetingRocks/Edit_Milestone"), Keys.chord(LEFT_CONTROL, "a", BACK_SPACE)): NOT_RUN: sendKeys(findTestObject("V2/PR-369/UpdateEditMeetingRocks/Edit_Milestone"), Keys.chord(LEFT_CONTROL, "a", BACK_SPACE))

2020-09-03 15:53:40 - [MESSAGE][NOT_RUN] - NOT_RUN: sendKeys(findTestObject("V2/PR-369/UpdateEditMeetingRocks/Edit_Milestone"), Keys.chord(LEFT_CONTROL, "a", BACK_SPACE))

2020-09-03 15:53:40 - [TEST_STEP][NOT_RUN] - setText(findTestObject("V2/PR-369/UpdateEditMeetingRocks/Edit_Milestone"), editMilestoneName): NOT_RUN: setText(findTestObject("V2/PR-369/UpdateEditMeetingRocks/Edit_Milestone"), editMilestoneName)

2020-09-03 15:53:40 - [MESSAGE][NOT_RUN] - NOT_RUN: setText(findTestObject("V2/PR-369/UpdateEditMeetingRocks/Edit_Milestone"), editMilestoneName)

2020-09-03 15:53:40 - [TEST_STEP][NOT_RUN] - click(findTestObject("V2/PR-369/UpdateEditMeetingRocks/Done_CheckBox")): NOT_RUN: click(findTestObject("V2/PR-369/UpdateEditMeetingRocks/Done_CheckBox"))

2020-09-03 15:53:40 - [MESSAGE][NOT_RUN] - NOT_RUN: click(findTestObject("V2/PR-369/UpdateEditMeetingRocks/Done_CheckBox"))

2020-09-03 15:53:40 - [TEST_STEP][NOT_RUN] - click(findTestObject("V2/PR-369/UpdateEditMeetingRocks/Update_Button")): NOT_RUN: click(findTestObject("V2/PR-369/UpdateEditMeetingRocks/Update_Button"))

2020-09-03 15:53:40 - [MESSAGE][NOT_RUN] - NOT_RUN: click(findTestObject("V2/PR-369/UpdateEditMeetingRocks/Update_Button"))

2020-09-03 15:53:40 - [TEST_STEP][NOT_RUN] - delay(10): NOT_RUN: delay(10)

2020-09-03 15:53:40 - [MESSAGE][NOT_RUN] - NOT_RUN: delay(10)

2020-09-03 15:53:40 - [TEST_STEP][NOT_RUN] - editverifyRocks = tt_CustomKeywords.CustomKeywords.CreateDynamicElement(verifyRocks_Obj, editRockName, "xpath"): NOT_RUN: editverifyRocks = tt_CustomKeywords.CustomKeywords.CreateDynamicElement(verifyRocks_Obj, editRockName, "xpath")

2020-09-03 15:53:40 - [MESSAGE][NOT_RUN] - NOT_RUN: editverifyRocks = tt_CustomKeywords.CustomKeywords.CreateDynamicElement(verifyRocks_Obj, editRockName, "xpath")

2020-09-03 15:53:40 - [TEST_STEP][NOT_RUN] - verifyElementPresent(editverifyRocks, DefaultTimeout): NOT_RUN: verifyElementPresent(editverifyRocks, DefaultTimeout)

2020-09-03 15:53:40 - [MESSAGE][NOT_RUN] - NOT_RUN: verifyElementPresent(editverifyRocks, DefaultTimeout)

2020-09-03 15:53:40 - [TEST_STEP][NOT_RUN] - editverifyMilestone = tt_CustomKeywords.CustomKeywords.CreateDynamicElement(verifyMilestone_Obj, editMilestoneName, "xpath"): NOT_RUN: editverifyMilestone = tt_CustomKeywords.CustomKeywords.CreateDynamicElement(verifyMilestone_Obj, editMilestoneName, "xpath")

2020-09-03 15:53:40 - [MESSAGE][NOT_RUN] - NOT_RUN: editverifyMilestone = tt_CustomKeywords.CustomKeywords.CreateDynamicElement(verifyMilestone_Obj, editMilestoneName, "xpath")

2020-09-03 15:53:40 - [TEST_STEP][NOT_RUN] - verifyElementPresent(editverifyMilestone, DefaultTimeout): NOT_RUN: verifyElementPresent(editverifyMilestone, DefaultTimeout)

2020-09-03 15:53:40 - [MESSAGE][NOT_RUN] - NOT_RUN: verifyElementPresent(editverifyMilestone, DefaultTimeout)

2020-09-03 15:53:40 - [MESSAGE][PASSED] - Call Test Case 'Test Cases/V2/Test Case/Tests/PR-369 - EditMeetingAgenda/Test Cases/Positive/Employee/PR_369_7_EditMeetingCreateRock_Employee' successfully

2020-09-03 15:53:40 - [TEST_STEP][PASSED] - tt_CustomKeywords.CustomKeywords.CloseWebDriver(driver3): tt_CustomKeywords.CustomKeywords.CloseWebDriver is PASSED

2020-09-03 15:53:45 - [MESSAGE][PASSED] - tt_CustomKeywords.CustomKeywords.CloseWebDriver is PASSED

2020-09-03 15:53:45 - [TEST_STEP][PASSED] - tt_CustomKeywords.CustomKeywords.CloseWebDriver(driver2): tt_CustomKeywords.CustomKeywords.CloseWebDriver is PASSED

2020-09-03 15:53:50 - [MESSAGE][PASSED] - tt_CustomKeywords.CustomKeywords.CloseWebDriver is PASSED

2020-09-03 15:53:50 - [TEST_STEP][PASSED] - tt_CustomKeywords.CustomKeywords.CloseWebDriver(driver1): tt_CustomKeywords.CustomKeywords.CloseWebDriver is PASSED

2020-09-03 15:53:55 - [MESSAGE][PASSED] - tt_CustomKeywords.CustomKeywords.CloseWebDriver is PASSED]]></system-out>
         <system-err><![CDATA[]]></system-err>
      </testcase>
      <testcase name="Test Cases/V2/Test Case/Tests/PR-369 - EditMeetingAgenda/Test Cases/Positive/TT_369_2_CreateRock_AllTestCase" time="387.932" classname="Test Cases/V2/Test Case/Tests/PR-369 - EditMeetingAgenda/Test Cases/Positive/TT_369_2_CreateRock_AllTestCase" status="PASSED">
         <system-out><![CDATA[2020-09-03 15:53:55 - [TEST_CASE][PASSED] - Test Cases/V2/Test Case/Tests/PR-369 - EditMeetingAgenda/Test Cases/Positive/TT_369_2_CreateRock_AllTestCase: Test Cases/V2/Test Case/Tests/PR-369 - EditMeetingAgenda/Test Cases/Positive/TT_369_2_CreateRock_AllTestCase

2020-09-03 15:53:55 - [TEST_STEP][PASSED] - callTestCase(findTestCase("V2/Test Case/Pre-conditions/PRE_RegisterAndActivateTTUsers"), ["admin_fname":admin_fname, "lastname":lastname, "phonenumber":"9999999999", "company":"Traction Tools", "password":password, ... ], STOP_ON_FAILURE): Call Test Case 'Test Cases/V2/Test Case/Pre-conditions/PRE_RegisterAndActivateTTUsers' successfully

2020-09-03 15:53:55 - [TEST_CASE][PASSED] - Test Cases/V2/Test Case/Pre-conditions/PRE_RegisterAndActivateTTUsers: Test Cases/V2/Test Case/Pre-conditions/PRE_RegisterAndActivateTTUsers

2020-09-03 15:53:55 - [TEST_STEP][PASSED] - email = tt_CustomKeywords.CustomKeywords.GenerateRandomEmailAddress(admin_email_prefix, admin_email_domain, randomTextLength): Successfully generated a random email: tractiontools.user001+ta58q5ka@gmail.com

2020-09-03 15:53:55 - [MESSAGE][PASSED] - Successfully generated a random email: tractiontools.user001+ta58q5ka@gmail.com

2020-09-03 15:53:55 - [TEST_STEP][PASSED] - supervisor_email = tt_CustomKeywords.CustomKeywords.GenerateRandomEmailAddress(supervisor_email_prefix, supervisor_email_domain, randomTextLength): Successfully generated a random email: tractiontools.user001+ts59k0me@gmail.com

2020-09-03 15:53:55 - [MESSAGE][PASSED] - Successfully generated a random email: tractiontools.user001+ts59k0me@gmail.com

2020-09-03 15:53:55 - [TEST_STEP][PASSED] - employee_email = tt_CustomKeywords.CustomKeywords.GenerateRandomEmailAddress(employee_email_prefix, employee_email_domain, randomTextLength): Successfully generated a random email: tractiontools.user001+te5tonip@gmail.com

2020-09-03 15:53:55 - [MESSAGE][PASSED] - Successfully generated a random email: tractiontools.user001+te5tonip@gmail.com

2020-09-03 15:53:55 - [TEST_STEP][PASSED] - adminDetails = tt_CustomKeywords.CustomKeywords.RegisterUserViaAPIAndGenerateActivateURL(email, admin_fname, lastname, phonenumber, company, "__JSON__{\"howDidYouHearAboutUs\":\"Facebook\",\"implementer\":\"\",\"existingTractionToolsClient\":\"\",\"other\":\"\"}", "__JSON__{\"timeZone\":\"America/Guatemala\",\"brandColor\":\"#023047\",\"q1Start\":null,\"q1End\":null,\"q2Start\":null,\"q2End\":null,\"q3Start\":null,\"q3End\":null,\"q4Start\":null,\"q4End\":null,\"quarterDatesSetsRocks\":false,\"exportUsers\":false,\"exportRocks\":false,\"exportRocksIncludesMilestones\":false,\"exportScorecards\":false,\"exportTodos\":false,\"exportTodosIncludesNotes\":false,\"exportPeopleHeadlines\":false,\"exportPeopleHeadlinesIncludesNotes\":false,\"exportIssues\":false,\"exportIssuesIncludesNotes\":false,\"exportContextAwareTodos\":false,\"dateFormat\":\"MM/DD/YYYY\",\"timeFormat\":\"h:mma\",\"numberFormat\":\"-1,000.99\",\"supervisorsArchiveRestoreUsers\":false,\"supervisorsEditPositions\":false,\"milestonesAvailableToAll\":false,\"customMeetingTemplatesEnabled\":false,\"receiveTodoReminders\":false,\"todoReminderTime\":\"13:00\",\"todoReminderTimeZone\":\"America/Guatemala\",\"todoReminderFrequency\":\"DAILY\",\"vtoMeetingId\":\"\",\"vtoDisplayMode\":\"ALL\",\"coreValues\":[{\"id\":\"1\",\"text\":\"\"},{\"id\":\"2\",\"text\":\"\"},{\"id\":\"3\",\"text\":\"\"}]}", password, V2Url): SUCCESFFULLY registered a new user via API. 
 Generated Activation Link: 
https://v2dev.traction.tools/activate?activationKey=59cf3d3a-7761-4ab6-9738-8f60ea36f32e&userId=ceeeb894-69af-4c12-8e3e-6a6b73917565&orgId=2de10639-3fc2-4e7f-9167-a8a9a2ff5524&email=tractiontools.user001+ta58q5ka@gmail.com&teamsId=ba03b7c6-71cb-49ff-9592-5122c0b64888&meetingsId=ea040055-a82d-4b5e-9304-61a45e359ea3&adminsId=0985c43d-2543-4cb0-bee6-3c24b6880ef4&usersId=5db75de6-d8a1-4e40-b89b-67dc8f4cc670&supervisorsId=e96b4ffa-9043-4aba-b196-299a8b29521c&accountabilityChartId=bfa64891-0cff-4cca-b156-f6df36bb2e72&isCreator=1

2020-09-03 15:54:15 - [MESSAGE][PASSED] - SUCCESFFULLY registered a new user via API. 
 Generated Activation Link: 
https://v2dev.traction.tools/activate?activationKey=59cf3d3a-7761-4ab6-9738-8f60ea36f32e&userId=ceeeb894-69af-4c12-8e3e-6a6b73917565&orgId=2de10639-3fc2-4e7f-9167-a8a9a2ff5524&email=tractiontools.user001+ta58q5ka@gmail.com&teamsId=ba03b7c6-71cb-49ff-9592-5122c0b64888&meetingsId=ea040055-a82d-4b5e-9304-61a45e359ea3&adminsId=0985c43d-2543-4cb0-bee6-3c24b6880ef4&usersId=5db75de6-d8a1-4e40-b89b-67dc8f4cc670&supervisorsId=e96b4ffa-9043-4aba-b196-299a8b29521c&accountabilityChartId=bfa64891-0cff-4cca-b156-f6df36bb2e72&isCreator=1

2020-09-03 15:54:15 - [TEST_STEP][PASSED] - activationURL = adminDetails[0]: null

2020-09-03 15:54:15 - [TEST_STEP][PASSED] - orgID = adminDetails[1]: null

2020-09-03 15:54:15 - [TEST_STEP][PASSED] - out.println("URL: " + activationURL): null

2020-09-03 15:54:15 - [TEST_STEP][PASSED] - out.println("orgID: " + orgID): null

2020-09-03 15:54:15 - [TEST_STEP][PASSED] - supervisorUser_name = supervisor_fname + " " + lastname: null

2020-09-03 15:54:15 - [TEST_STEP][PASSED] - openBrowser(""): Browser is opened with url: ''

2020-09-03 15:54:15 - [MESSAGE][INFO] - Starting 'Chrome' driver

2020-09-03 15:54:15 - [MESSAGE][INFO] - Action delay is set to 0 milliseconds

2020-09-03 15:54:18 - [MESSAGE][PASSED] - Browser is opened with url: ''

2020-09-03 15:54:18 - [TEST_STEP][PASSED] - maximizeWindow(): Current window maximized

2020-09-03 15:54:20 - [MESSAGE][PASSED] - Current window maximized

2020-09-03 15:54:20 - [TEST_STEP][PASSED] - callTestCase(findTestCase("V2/Test Case/Pre-conditions/PRE_ActivateNewUser"), ["activationURL":activationURL, "email":email, "password":password], STOP_ON_FAILURE): Call Test Case 'Test Cases/V2/Test Case/Pre-conditions/PRE_ActivateNewUser' successfully

2020-09-03 15:54:20 - [TEST_CASE][PASSED] - Test Cases/V2/Test Case/Pre-conditions/PRE_ActivateNewUser: Test Cases/V2/Test Case/Pre-conditions/PRE_ActivateNewUser

2020-09-03 15:54:20 - [TEST_STEP][PASSED] - navigateToUrl(activationURL): Navigate to 'https://v2dev.traction.tools/activate?activationKey=59cf3d3a-7761-4ab6-9738-8f60ea36f32e&userId=ceeeb894-69af-4c12-8e3e-6a6b73917565&orgId=2de10639-3fc2-4e7f-9167-a8a9a2ff5524&email=tractiontools.user001+ta58q5ka@gmail.com&teamsId=ba03b7c6-71cb-49ff-9592-5122c0b64888&meetingsId=ea040055-a82d-4b5e-9304-61a45e359ea3&adminsId=0985c43d-2543-4cb0-bee6-3c24b6880ef4&usersId=5db75de6-d8a1-4e40-b89b-67dc8f4cc670&supervisorsId=e96b4ffa-9043-4aba-b196-299a8b29521c&accountabilityChartId=bfa64891-0cff-4cca-b156-f6df36bb2e72&isCreator=1' successfully

2020-09-03 15:54:22 - [MESSAGE][PASSED] - Navigate to 'https://v2dev.traction.tools/activate?activationKey=59cf3d3a-7761-4ab6-9738-8f60ea36f32e&userId=ceeeb894-69af-4c12-8e3e-6a6b73917565&orgId=2de10639-3fc2-4e7f-9167-a8a9a2ff5524&email=tractiontools.user001+ta58q5ka@gmail.com&teamsId=ba03b7c6-71cb-49ff-9592-5122c0b64888&meetingsId=ea040055-a82d-4b5e-9304-61a45e359ea3&adminsId=0985c43d-2543-4cb0-bee6-3c24b6880ef4&usersId=5db75de6-d8a1-4e40-b89b-67dc8f4cc670&supervisorsId=e96b4ffa-9043-4aba-b196-299a8b29521c&accountabilityChartId=bfa64891-0cff-4cca-b156-f6df36bb2e72&isCreator=1' successfully

2020-09-03 15:54:22 - [TEST_STEP][PASSED] - waitForElementVisible(findTestObject("V2/Commons/ActivationPage/input_Email_email"), DefaultTimeout): Object 'Object Repository/V2/Commons/ActivationPage/input_Email_email' is visible

2020-09-03 15:54:31 - [MESSAGE][PASSED] - Object 'Object Repository/V2/Commons/ActivationPage/input_Email_email' is visible

2020-09-03 15:54:31 - [TEST_STEP][PASSED] - actual_email = getAttribute(findTestObject("Object Repository/V2/Commons/ActivationPage/input_Email_email"), "value"): Attribute 'value' of object 'Object Repository/V2/Commons/ActivationPage/input_Email_email' is: 'tractiontools.user001+ta58q5ka@gmail.com'

2020-09-03 15:54:31 - [MESSAGE][PASSED] - Attribute 'value' of object 'Object Repository/V2/Commons/ActivationPage/input_Email_email' is: 'tractiontools.user001+ta58q5ka@gmail.com'

2020-09-03 15:54:31 - [TEST_STEP][PASSED] - verifyMatch(actual_email, email, false): Actual text 'tractiontools.user001+ta58q5ka@gmail.com' and expected text 'tractiontools.user001+ta58q5ka@gmail.com' are matched 

2020-09-03 15:54:31 - [MESSAGE][PASSED] - Actual text 'tractiontools.user001+ta58q5ka@gmail.com' and expected text 'tractiontools.user001+ta58q5ka@gmail.com' are matched 

2020-09-03 15:54:31 - [TEST_STEP][PASSED] - setText(findTestObject("V2/Commons/ActivationPage/input_password"), password): Text 'Qwer123!' is set on object 'Object Repository/V2/Commons/ActivationPage/input_password'

2020-09-03 15:54:31 - [MESSAGE][PASSED] - Text 'Qwer123!' is set on object 'Object Repository/V2/Commons/ActivationPage/input_password'

2020-09-03 15:54:31 - [TEST_STEP][PASSED] - setText(findTestObject("Object Repository/V2/Commons/ActivationPage/input__passwordRepeat"), password): Text 'Qwer123!' is set on object 'Object Repository/V2/Commons/ActivationPage/input__passwordRepeat'

2020-09-03 15:54:32 - [MESSAGE][PASSED] - Text 'Qwer123!' is set on object 'Object Repository/V2/Commons/ActivationPage/input__passwordRepeat'

2020-09-03 15:54:32 - [TEST_STEP][PASSED] - click(findTestObject("V2/Commons/ActivationPage/input_termsandconditions")): Object: 'Object Repository/V2/Commons/ActivationPage/input_termsandconditions' is clicked on

2020-09-03 15:54:33 - [MESSAGE][PASSED] - Object: 'Object Repository/V2/Commons/ActivationPage/input_termsandconditions' is clicked on

2020-09-03 15:54:33 - [TEST_STEP][PASSED] - click(findTestObject("Object Repository/V2/Commons/ActivationPage/div_Create account")): Object: 'Object Repository/V2/Commons/ActivationPage/div_Create account' is clicked on

2020-09-03 15:54:34 - [MESSAGE][PASSED] - Object: 'Object Repository/V2/Commons/ActivationPage/div_Create account' is clicked on

2020-09-03 15:54:34 - [TEST_STEP][PASSED] - waitForElementPresent(findTestObject("V2/Commons/DasboardPage_SidebarMenu/img_Home_logo-big"), DefaultTimeout): Object 'Object Repository/V2/Commons/DasboardPage_SidebarMenu/img_Home_logo-big' is present

2020-09-03 15:54:46 - [MESSAGE][PASSED] - Object 'Object Repository/V2/Commons/DasboardPage_SidebarMenu/img_Home_logo-big' is present

2020-09-03 15:54:46 - [TEST_STEP][PASSED] - verifyElementPresent(findTestObject("V2/Commons/DasboardPage_SidebarMenu/img_Home_logo-big"), 0): Object 'Object Repository/V2/Commons/DasboardPage_SidebarMenu/img_Home_logo-big' is present

2020-09-03 15:54:46 - [MESSAGE][WARNING] - Timeout '0' is invalid. Using default page load timeout: '30'

2020-09-03 15:54:47 - [MESSAGE][PASSED] - Object 'Object Repository/V2/Commons/DasboardPage_SidebarMenu/img_Home_logo-big' is present

2020-09-03 15:54:47 - [MESSAGE][PASSED] - Call Test Case 'Test Cases/V2/Test Case/Pre-conditions/PRE_ActivateNewUser' successfully

2020-09-03 15:54:47 - [TEST_STEP][PASSED] - callTestCase(findTestCase("V2/Test Case/Pre-conditions/PRE_SkipCompanyAndPersonalProfileSetup"), [:], STOP_ON_FAILURE): Call Test Case 'Test Cases/V2/Test Case/Pre-conditions/PRE_SkipCompanyAndPersonalProfileSetup' successfully

2020-09-03 15:54:47 - [TEST_CASE][PASSED] - Test Cases/V2/Test Case/Pre-conditions/PRE_SkipCompanyAndPersonalProfileSetup: Test Cases/V2/Test Case/Pre-conditions/PRE_SkipCompanyAndPersonalProfileSetup

2020-09-03 15:54:47 - [TEST_STEP][PASSED] - waitForElementVisible(findTestObject("V2/Commons/FirstUpdateCompanyAndPersonalInfoModal/confirmCompanyInfoHeader_h1"), DefaultTimeout): Object 'Object Repository/V2/Commons/FirstUpdateCompanyAndPersonalInfoModal/confirmCompanyInfoHeader_h1' is visible

2020-09-03 15:54:48 - [MESSAGE][PASSED] - Object 'Object Repository/V2/Commons/FirstUpdateCompanyAndPersonalInfoModal/confirmCompanyInfoHeader_h1' is visible

2020-09-03 15:54:48 - [TEST_STEP][PASSED] - click(findTestObject("V2/Commons/FirstUpdateCompanyAndPersonalInfoModal/confirmInfoSkip_button")): Object: 'Object Repository/V2/Commons/FirstUpdateCompanyAndPersonalInfoModal/confirmInfoSkip_button' is clicked on

2020-09-03 15:54:48 - [MESSAGE][PASSED] - Object: 'Object Repository/V2/Commons/FirstUpdateCompanyAndPersonalInfoModal/confirmInfoSkip_button' is clicked on

2020-09-03 15:54:48 - [TEST_STEP][PASSED] - waitForElementVisible(findTestObject("V2/Commons/FirstUpdateCompanyAndPersonalInfoModal/confirmPersonalInfoHeader_h1"), DefaultTimeout): Object 'Object Repository/V2/Commons/FirstUpdateCompanyAndPersonalInfoModal/confirmPersonalInfoHeader_h1' is visible

2020-09-03 15:54:48 - [MESSAGE][PASSED] - Object 'Object Repository/V2/Commons/FirstUpdateCompanyAndPersonalInfoModal/confirmPersonalInfoHeader_h1' is visible

2020-09-03 15:54:48 - [TEST_STEP][PASSED] - click(findTestObject("V2/Commons/FirstUpdateCompanyAndPersonalInfoModal/confirmInfoSkip_button")): Object: 'Object Repository/V2/Commons/FirstUpdateCompanyAndPersonalInfoModal/confirmInfoSkip_button' is clicked on

2020-09-03 15:54:49 - [MESSAGE][PASSED] - Object: 'Object Repository/V2/Commons/FirstUpdateCompanyAndPersonalInfoModal/confirmInfoSkip_button' is clicked on

2020-09-03 15:54:49 - [TEST_STEP][PASSED] - waitForElementVisible(findTestObject("V2/Commons/FirstUpdateCompanyAndPersonalInfoModal/letsGetStarted_button"), DefaultTimeout): Object 'Object Repository/V2/Commons/FirstUpdateCompanyAndPersonalInfoModal/letsGetStarted_button' is visible

2020-09-03 15:54:50 - [MESSAGE][PASSED] - Object 'Object Repository/V2/Commons/FirstUpdateCompanyAndPersonalInfoModal/letsGetStarted_button' is visible

2020-09-03 15:54:50 - [TEST_STEP][PASSED] - click(findTestObject("V2/Commons/FirstUpdateCompanyAndPersonalInfoModal/letsGetStarted_button")): Object: 'Object Repository/V2/Commons/FirstUpdateCompanyAndPersonalInfoModal/letsGetStarted_button' is clicked on

2020-09-03 15:54:51 - [MESSAGE][PASSED] - Object: 'Object Repository/V2/Commons/FirstUpdateCompanyAndPersonalInfoModal/letsGetStarted_button' is clicked on

2020-09-03 15:54:51 - [MESSAGE][PASSED] - Call Test Case 'Test Cases/V2/Test Case/Pre-conditions/PRE_SkipCompanyAndPersonalProfileSetup' successfully

2020-09-03 15:54:51 - [TEST_STEP][PASSED] - supervisor_activationURL = tt_CustomKeywords.CustomKeywords.RegisterAndActivateSupervisorUserViaAPI(V2Url, orgID, supervisor_email, password, email, password, supervisor_fname, lastname): SUCCESFFULLY registered a new user via API. 
 Generated Activation Link: 
https://v2dev.traction.tools/activate?activationKey=7611de7a-3670-4103-81e7-7a117504ad73&userId=aa2ab6f2-cbbd-401d-b3b0-e0ef21462dea&orgId=2de10639-3fc2-4e7f-9167-a8a9a2ff5524&email=tractiontools.user001+ts59k0me@gmail.com&isCreator=0

2020-09-03 15:54:57 - [MESSAGE][PASSED] - SUCCESFFULLY registered a new user via API. 
 Generated Activation Link: 
https://v2dev.traction.tools/activate?activationKey=7611de7a-3670-4103-81e7-7a117504ad73&userId=aa2ab6f2-cbbd-401d-b3b0-e0ef21462dea&orgId=2de10639-3fc2-4e7f-9167-a8a9a2ff5524&email=tractiontools.user001+ts59k0me@gmail.com&isCreator=0

2020-09-03 15:54:57 - [TEST_STEP][PASSED] - callTestCase(findTestCase("V2/Test Case/Pre-conditions/PRE_ChangeUserPermissionViaManageUser"), ["showMenuItemsPath":"//div[@class='usercard__detail_container']/div[text()='%s']/ancestor::div[contains(@class,'usercard__content')]//button[@aria-label='Show Menu Items']", "user_email":supervisor_email, ... ], STOP_ON_FAILURE): Call Test Case 'Test Cases/V2/Test Case/Pre-conditions/PRE_ChangeUserPermissionViaManageUser' successfully

2020-09-03 15:54:57 - [TEST_CASE][PASSED] - Test Cases/V2/Test Case/Pre-conditions/PRE_ChangeUserPermissionViaManageUser: Test Cases/V2/Test Case/Pre-conditions/PRE_ChangeUserPermissionViaManageUser

2020-09-03 15:54:57 - [TEST_STEP][PASSED] - click(findTestObject("Object Repository/V2/Commons/ManageUsersPage/span_Company Settings")): Object: 'Object Repository/V2/Commons/ManageUsersPage/span_Company Settings' is clicked on

2020-09-03 15:54:57 - [MESSAGE][PASSED] - Object: 'Object Repository/V2/Commons/ManageUsersPage/span_Company Settings' is clicked on

2020-09-03 15:54:57 - [TEST_STEP][PASSED] - click(findTestObject("V2/Commons/DasboardPage_SidebarMenu/a_Manage Users")): Object: 'Object Repository/V2/Commons/DasboardPage_SidebarMenu/a_Manage Users' is clicked on

2020-09-03 15:54:58 - [MESSAGE][PASSED] - Object: 'Object Repository/V2/Commons/DasboardPage_SidebarMenu/a_Manage Users' is clicked on

2020-09-03 15:54:58 - [TEST_STEP][PASSED] - showMenuItemsObj = tt_CustomKeywords.CustomKeywords.CreateDynamicElement(showMenuItemsPath, user_email, "xpath"): Successfully created new dynamic object: //div[@class='usercard__detail_container']/div[text()='tractiontools.user001+ts59k0me@gmail.com']/ancestor::div[contains(@class,'usercard__content')]//button[@aria-label='Show Menu Items']

2020-09-03 15:54:58 - [MESSAGE][PASSED] - Successfully created new dynamic object: //div[@class='usercard__detail_container']/div[text()='tractiontools.user001+ts59k0me@gmail.com']/ancestor::div[contains(@class,'usercard__content')]//button[@aria-label='Show Menu Items']

2020-09-03 15:54:58 - [TEST_STEP][PASSED] - click(showMenuItemsObj): Object: '' is clicked on

2020-09-03 15:54:59 - [MESSAGE][PASSED] - Object: '' is clicked on

2020-09-03 15:54:59 - [TEST_STEP][PASSED] - click(findTestObject("Object Repository/V2/Commons/ManageUsersPage/div_Edit user")): Object: 'Object Repository/V2/Commons/ManageUsersPage/div_Edit user' is clicked on

2020-09-03 15:54:59 - [MESSAGE][PASSED] - Object: 'Object Repository/V2/Commons/ManageUsersPage/div_Edit user' is clicked on

2020-09-03 15:54:59 - [TEST_STEP][PASSED] - verifyElementPresent(findTestObject("V2/Commons/ManageUsersPage/div_PositionTitle"), DefaultTimeout): Object 'Object Repository/V2/Commons/ManageUsersPage/div_PositionTitle' is present

2020-09-03 15:55:00 - [MESSAGE][PASSED] - Object 'Object Repository/V2/Commons/ManageUsersPage/div_PositionTitle' is present

2020-09-03 15:55:00 - [TEST_STEP][PASSED] - setText(findTestObject("V2/Commons/ManageUsersPage/position_title_input"), position_title): Text 'QA Manager' is set on object 'Object Repository/V2/Commons/ManageUsersPage/position_title_input'

2020-09-03 15:55:00 - [MESSAGE][PASSED] - Text 'QA Manager' is set on object 'Object Repository/V2/Commons/ManageUsersPage/position_title_input'

2020-09-03 15:55:00 - [TEST_STEP][PASSED] - sendKeys(findTestObject("V2/Commons/ManageUsersPage/position_title_input"), Keys.chord(ENTER)): Keys 'ENTER + ' sent to object: 'Object Repository/V2/Commons/ManageUsersPage/position_title_input'

2020-09-03 15:55:01 - [MESSAGE][PASSED] - Keys 'ENTER + ' sent to object: 'Object Repository/V2/Commons/ManageUsersPage/position_title_input'

2020-09-03 15:55:01 - [TEST_STEP][PASSED] - if (permissionValue == "Employee"): null

2020-09-03 15:55:01 - [TEST_STEP][PASSED] - verifyElementPresent(findTestObject("Object Repository/V2/Commons/ManageUsersPage/div_User type"), DefaultTimeout): Object 'Object Repository/V2/Commons/ManageUsersPage/div_User type' is present

2020-09-03 15:55:01 - [MESSAGE][PASSED] - Object 'Object Repository/V2/Commons/ManageUsersPage/div_User type' is present

2020-09-03 15:55:01 - [TEST_STEP][PASSED] - click(findTestObject("Object Repository/V2/Commons/ManageUsersPage/input__orgRole")): Object: 'Object Repository/V2/Commons/ManageUsersPage/input__orgRole' is clicked on

2020-09-03 15:55:02 - [MESSAGE][PASSED] - Object: 'Object Repository/V2/Commons/ManageUsersPage/input__orgRole' is clicked on

2020-09-03 15:55:02 - [TEST_STEP][PASSED] - roleOptionObj = tt_CustomKeywords.CustomKeywords.CreateDynamicElement(roleOption, permissionValue, "xpath"): Successfully created new dynamic object: //span[text()='Supervisor']/parent::div[@role='option']

2020-09-03 15:55:02 - [MESSAGE][PASSED] - Successfully created new dynamic object: //span[text()='Supervisor']/parent::div[@role='option']

2020-09-03 15:55:02 - [TEST_STEP][PASSED] - click(roleOptionObj): Object: '' is clicked on

2020-09-03 15:55:02 - [MESSAGE][PASSED] - Object: '' is clicked on

2020-09-03 15:55:02 - [TEST_STEP][PASSED] - click(findTestObject("Object Repository/V2/Commons/ManageUsersPage/div_Save")): Object: 'Object Repository/V2/Commons/ManageUsersPage/div_Save' is clicked on

2020-09-03 15:55:03 - [MESSAGE][PASSED] - Object: 'Object Repository/V2/Commons/ManageUsersPage/div_Save' is clicked on

2020-09-03 15:55:03 - [TEST_STEP][PASSED] - waitForElementVisible(findTestObject("V2/Commons/ManageUsersPage/h3_User Saved"), DefaultTimeout): Object 'Object Repository/V2/Commons/ManageUsersPage/h3_User Saved' is visible

2020-09-03 15:55:13 - [MESSAGE][PASSED] - Object 'Object Repository/V2/Commons/ManageUsersPage/h3_User Saved' is visible

2020-09-03 15:55:13 - [TEST_STEP][PASSED] - verifyElementVisible(findTestObject("Object Repository/V2/Commons/ManageUsersPage/h3_User Saved")): Object 'Object Repository/V2/Commons/ManageUsersPage/h3_User Saved' is visible

2020-09-03 15:55:13 - [MESSAGE][PASSED] - Object 'Object Repository/V2/Commons/ManageUsersPage/h3_User Saved' is visible

2020-09-03 15:55:13 - [MESSAGE][PASSED] - Call Test Case 'Test Cases/V2/Test Case/Pre-conditions/PRE_ChangeUserPermissionViaManageUser' successfully

2020-09-03 15:55:13 - [TEST_STEP][PASSED] - employee_activationURL = tt_CustomKeywords.CustomKeywords.RegisterAndActivateSupervisorUserViaAPI(V2Url, orgID, employee_email, password, email, password, employee_fname, lastname): SUCCESFFULLY registered a new user via API. 
 Generated Activation Link: 
https://v2dev.traction.tools/activate?activationKey=f252e66c-e8b3-494c-a55a-4e782cb91842&userId=902e116f-b8a1-4a2d-9de4-03d91909f94a&orgId=2de10639-3fc2-4e7f-9167-a8a9a2ff5524&email=tractiontools.user001+te5tonip@gmail.com&isCreator=0

2020-09-03 15:55:19 - [MESSAGE][PASSED] - SUCCESFFULLY registered a new user via API. 
 Generated Activation Link: 
https://v2dev.traction.tools/activate?activationKey=f252e66c-e8b3-494c-a55a-4e782cb91842&userId=902e116f-b8a1-4a2d-9de4-03d91909f94a&orgId=2de10639-3fc2-4e7f-9167-a8a9a2ff5524&email=tractiontools.user001+te5tonip@gmail.com&isCreator=0

2020-09-03 15:55:19 - [TEST_STEP][PASSED] - callTestCase(findTestCase("V2/Test Case/Pre-conditions/PRE_ChangeUserPermissionViaManageUser"), ["showMenuItemsPath":"//div[@class='usercard__detail_container']/div[text()='%s']/ancestor::div[contains(@class,'usercard__content')]//button[@aria-label='Show Menu Items']", "user_email":employee_email, ... ], STOP_ON_FAILURE): Call Test Case 'Test Cases/V2/Test Case/Pre-conditions/PRE_ChangeUserPermissionViaManageUser' successfully

2020-09-03 15:55:19 - [TEST_CASE][PASSED] - Test Cases/V2/Test Case/Pre-conditions/PRE_ChangeUserPermissionViaManageUser: Test Cases/V2/Test Case/Pre-conditions/PRE_ChangeUserPermissionViaManageUser

2020-09-03 15:55:19 - [TEST_STEP][PASSED] - click(findTestObject("Object Repository/V2/Commons/ManageUsersPage/span_Company Settings")): Object: 'Object Repository/V2/Commons/ManageUsersPage/span_Company Settings' is clicked on

2020-09-03 15:55:20 - [MESSAGE][PASSED] - Object: 'Object Repository/V2/Commons/ManageUsersPage/span_Company Settings' is clicked on

2020-09-03 15:55:20 - [TEST_STEP][PASSED] - click(findTestObject("V2/Commons/DasboardPage_SidebarMenu/a_Manage Users")): Object: 'Object Repository/V2/Commons/DasboardPage_SidebarMenu/a_Manage Users' is clicked on

2020-09-03 15:55:20 - [MESSAGE][PASSED] - Object: 'Object Repository/V2/Commons/DasboardPage_SidebarMenu/a_Manage Users' is clicked on

2020-09-03 15:55:20 - [TEST_STEP][PASSED] - showMenuItemsObj = tt_CustomKeywords.CustomKeywords.CreateDynamicElement(showMenuItemsPath, user_email, "xpath"): Successfully created new dynamic object: //div[@class='usercard__detail_container']/div[text()='tractiontools.user001+te5tonip@gmail.com']/ancestor::div[contains(@class,'usercard__content')]//button[@aria-label='Show Menu Items']

2020-09-03 15:55:20 - [MESSAGE][PASSED] - Successfully created new dynamic object: //div[@class='usercard__detail_container']/div[text()='tractiontools.user001+te5tonip@gmail.com']/ancestor::div[contains(@class,'usercard__content')]//button[@aria-label='Show Menu Items']

2020-09-03 15:55:20 - [TEST_STEP][PASSED] - click(showMenuItemsObj): Object: '' is clicked on

2020-09-03 15:55:21 - [MESSAGE][PASSED] - Object: '' is clicked on

2020-09-03 15:55:21 - [TEST_STEP][PASSED] - click(findTestObject("Object Repository/V2/Commons/ManageUsersPage/div_Edit user")): Object: 'Object Repository/V2/Commons/ManageUsersPage/div_Edit user' is clicked on

2020-09-03 15:55:21 - [MESSAGE][PASSED] - Object: 'Object Repository/V2/Commons/ManageUsersPage/div_Edit user' is clicked on

2020-09-03 15:55:21 - [TEST_STEP][PASSED] - verifyElementPresent(findTestObject("V2/Commons/ManageUsersPage/div_PositionTitle"), DefaultTimeout): Object 'Object Repository/V2/Commons/ManageUsersPage/div_PositionTitle' is present

2020-09-03 15:55:22 - [MESSAGE][PASSED] - Object 'Object Repository/V2/Commons/ManageUsersPage/div_PositionTitle' is present

2020-09-03 15:55:22 - [TEST_STEP][PASSED] - setText(findTestObject("V2/Commons/ManageUsersPage/position_title_input"), position_title): Text 'Quality Assurance' is set on object 'Object Repository/V2/Commons/ManageUsersPage/position_title_input'

2020-09-03 15:55:22 - [MESSAGE][PASSED] - Text 'Quality Assurance' is set on object 'Object Repository/V2/Commons/ManageUsersPage/position_title_input'

2020-09-03 15:55:22 - [TEST_STEP][PASSED] - sendKeys(findTestObject("V2/Commons/ManageUsersPage/position_title_input"), Keys.chord(ENTER)): Keys 'ENTER + ' sent to object: 'Object Repository/V2/Commons/ManageUsersPage/position_title_input'

2020-09-03 15:55:23 - [MESSAGE][PASSED] - Keys 'ENTER + ' sent to object: 'Object Repository/V2/Commons/ManageUsersPage/position_title_input'

2020-09-03 15:55:23 - [TEST_STEP][PASSED] - if (permissionValue == "Employee"): Keys 'ENTER + ' sent to object: 'Object Repository/V2/Commons/ManageUsersPage/supervisor_input'

2020-09-03 15:55:23 - [TEST_STEP][PASSED] - verifyElementPresent(findTestObject("V2/Commons/ManageUsersPage/supervisor_input"), DefaultTimeout): Object 'Object Repository/V2/Commons/ManageUsersPage/supervisor_input' is present

2020-09-03 15:55:23 - [MESSAGE][PASSED] - Object 'Object Repository/V2/Commons/ManageUsersPage/supervisor_input' is present

2020-09-03 15:55:23 - [TEST_STEP][PASSED] - setText(findTestObject("V2/Commons/ManageUsersPage/supervisor_input"), user_supervisorName): Text 'Supervisor User' is set on object 'Object Repository/V2/Commons/ManageUsersPage/supervisor_input'

2020-09-03 15:55:24 - [MESSAGE][PASSED] - Text 'Supervisor User' is set on object 'Object Repository/V2/Commons/ManageUsersPage/supervisor_input'

2020-09-03 15:55:24 - [TEST_STEP][PASSED] - sendKeys(findTestObject("V2/Commons/ManageUsersPage/supervisor_input"), Keys.chord(ENTER)): Keys 'ENTER + ' sent to object: 'Object Repository/V2/Commons/ManageUsersPage/supervisor_input'

2020-09-03 15:55:24 - [MESSAGE][PASSED] - Keys 'ENTER + ' sent to object: 'Object Repository/V2/Commons/ManageUsersPage/supervisor_input'

2020-09-03 15:55:24 - [TEST_STEP][PASSED] - verifyElementPresent(findTestObject("Object Repository/V2/Commons/ManageUsersPage/div_User type"), DefaultTimeout): Object 'Object Repository/V2/Commons/ManageUsersPage/div_User type' is present

2020-09-03 15:55:25 - [MESSAGE][PASSED] - Object 'Object Repository/V2/Commons/ManageUsersPage/div_User type' is present

2020-09-03 15:55:25 - [TEST_STEP][PASSED] - click(findTestObject("Object Repository/V2/Commons/ManageUsersPage/input__orgRole")): Object: 'Object Repository/V2/Commons/ManageUsersPage/input__orgRole' is clicked on

2020-09-03 15:55:25 - [MESSAGE][PASSED] - Object: 'Object Repository/V2/Commons/ManageUsersPage/input__orgRole' is clicked on

2020-09-03 15:55:25 - [TEST_STEP][PASSED] - roleOptionObj = tt_CustomKeywords.CustomKeywords.CreateDynamicElement(roleOption, permissionValue, "xpath"): Successfully created new dynamic object: //span[text()='Employee']/parent::div[@role='option']

2020-09-03 15:55:25 - [MESSAGE][PASSED] - Successfully created new dynamic object: //span[text()='Employee']/parent::div[@role='option']

2020-09-03 15:55:25 - [TEST_STEP][PASSED] - click(roleOptionObj): Object: '' is clicked on

2020-09-03 15:55:26 - [MESSAGE][PASSED] - Object: '' is clicked on

2020-09-03 15:55:26 - [TEST_STEP][PASSED] - click(findTestObject("Object Repository/V2/Commons/ManageUsersPage/div_Save")): Object: 'Object Repository/V2/Commons/ManageUsersPage/div_Save' is clicked on

2020-09-03 15:55:26 - [MESSAGE][PASSED] - Object: 'Object Repository/V2/Commons/ManageUsersPage/div_Save' is clicked on

2020-09-03 15:55:26 - [TEST_STEP][PASSED] - waitForElementVisible(findTestObject("V2/Commons/ManageUsersPage/h3_User Saved"), DefaultTimeout): Object 'Object Repository/V2/Commons/ManageUsersPage/h3_User Saved' is visible

2020-09-03 15:55:38 - [MESSAGE][PASSED] - Object 'Object Repository/V2/Commons/ManageUsersPage/h3_User Saved' is visible

2020-09-03 15:55:38 - [TEST_STEP][PASSED] - verifyElementVisible(findTestObject("Object Repository/V2/Commons/ManageUsersPage/h3_User Saved")): Object 'Object Repository/V2/Commons/ManageUsersPage/h3_User Saved' is visible

2020-09-03 15:55:38 - [MESSAGE][PASSED] - Object 'Object Repository/V2/Commons/ManageUsersPage/h3_User Saved' is visible

2020-09-03 15:55:38 - [MESSAGE][PASSED] - Call Test Case 'Test Cases/V2/Test Case/Pre-conditions/PRE_ChangeUserPermissionViaManageUser' successfully

2020-09-03 15:55:38 - [TEST_STEP][PASSED] - callTestCase(findTestCase("V2/Test Case/Pre-conditions/PRE_ActivateNewUser"), ["activationURL":supervisor_activationURL, "email":supervisor_email, "password":password], STOP_ON_FAILURE): Call Test Case 'Test Cases/V2/Test Case/Pre-conditions/PRE_ActivateNewUser' successfully

2020-09-03 15:55:38 - [TEST_CASE][PASSED] - Test Cases/V2/Test Case/Pre-conditions/PRE_ActivateNewUser: Test Cases/V2/Test Case/Pre-conditions/PRE_ActivateNewUser

2020-09-03 15:55:38 - [TEST_STEP][PASSED] - navigateToUrl(activationURL): Navigate to 'https://v2dev.traction.tools/activate?activationKey=7611de7a-3670-4103-81e7-7a117504ad73&userId=aa2ab6f2-cbbd-401d-b3b0-e0ef21462dea&orgId=2de10639-3fc2-4e7f-9167-a8a9a2ff5524&email=tractiontools.user001+ts59k0me@gmail.com&isCreator=0' successfully

2020-09-03 15:55:40 - [MESSAGE][PASSED] - Navigate to 'https://v2dev.traction.tools/activate?activationKey=7611de7a-3670-4103-81e7-7a117504ad73&userId=aa2ab6f2-cbbd-401d-b3b0-e0ef21462dea&orgId=2de10639-3fc2-4e7f-9167-a8a9a2ff5524&email=tractiontools.user001+ts59k0me@gmail.com&isCreator=0' successfully

2020-09-03 15:55:40 - [TEST_STEP][PASSED] - waitForElementVisible(findTestObject("V2/Commons/ActivationPage/input_Email_email"), DefaultTimeout): Object 'Object Repository/V2/Commons/ActivationPage/input_Email_email' is visible

2020-09-03 15:55:41 - [MESSAGE][PASSED] - Object 'Object Repository/V2/Commons/ActivationPage/input_Email_email' is visible

2020-09-03 15:55:41 - [TEST_STEP][PASSED] - actual_email = getAttribute(findTestObject("Object Repository/V2/Commons/ActivationPage/input_Email_email"), "value"): Attribute 'value' of object 'Object Repository/V2/Commons/ActivationPage/input_Email_email' is: 'tractiontools.user001+ts59k0me@gmail.com'

2020-09-03 15:55:41 - [MESSAGE][PASSED] - Attribute 'value' of object 'Object Repository/V2/Commons/ActivationPage/input_Email_email' is: 'tractiontools.user001+ts59k0me@gmail.com'

2020-09-03 15:55:41 - [TEST_STEP][PASSED] - verifyMatch(actual_email, email, false): Actual text 'tractiontools.user001+ts59k0me@gmail.com' and expected text 'tractiontools.user001+ts59k0me@gmail.com' are matched 

2020-09-03 15:55:41 - [MESSAGE][PASSED] - Actual text 'tractiontools.user001+ts59k0me@gmail.com' and expected text 'tractiontools.user001+ts59k0me@gmail.com' are matched 

2020-09-03 15:55:41 - [TEST_STEP][PASSED] - setText(findTestObject("V2/Commons/ActivationPage/input_password"), password): Text 'Qwer123!' is set on object 'Object Repository/V2/Commons/ActivationPage/input_password'

2020-09-03 15:55:42 - [MESSAGE][PASSED] - Text 'Qwer123!' is set on object 'Object Repository/V2/Commons/ActivationPage/input_password'

2020-09-03 15:55:42 - [TEST_STEP][PASSED] - setText(findTestObject("Object Repository/V2/Commons/ActivationPage/input__passwordRepeat"), password): Text 'Qwer123!' is set on object 'Object Repository/V2/Commons/ActivationPage/input__passwordRepeat'

2020-09-03 15:55:42 - [MESSAGE][PASSED] - Text 'Qwer123!' is set on object 'Object Repository/V2/Commons/ActivationPage/input__passwordRepeat'

2020-09-03 15:55:42 - [TEST_STEP][PASSED] - click(findTestObject("V2/Commons/ActivationPage/input_termsandconditions")): Object: 'Object Repository/V2/Commons/ActivationPage/input_termsandconditions' is clicked on

2020-09-03 15:55:43 - [MESSAGE][PASSED] - Object: 'Object Repository/V2/Commons/ActivationPage/input_termsandconditions' is clicked on

2020-09-03 15:55:43 - [TEST_STEP][PASSED] - click(findTestObject("Object Repository/V2/Commons/ActivationPage/div_Create account")): Object: 'Object Repository/V2/Commons/ActivationPage/div_Create account' is clicked on

2020-09-03 15:55:43 - [MESSAGE][PASSED] - Object: 'Object Repository/V2/Commons/ActivationPage/div_Create account' is clicked on

2020-09-03 15:55:43 - [TEST_STEP][PASSED] - waitForElementPresent(findTestObject("V2/Commons/DasboardPage_SidebarMenu/img_Home_logo-big"), DefaultTimeout): Object 'Object Repository/V2/Commons/DasboardPage_SidebarMenu/img_Home_logo-big' is present

2020-09-03 15:55:48 - [MESSAGE][PASSED] - Object 'Object Repository/V2/Commons/DasboardPage_SidebarMenu/img_Home_logo-big' is present

2020-09-03 15:55:48 - [TEST_STEP][PASSED] - verifyElementPresent(findTestObject("V2/Commons/DasboardPage_SidebarMenu/img_Home_logo-big"), 0): Object 'Object Repository/V2/Commons/DasboardPage_SidebarMenu/img_Home_logo-big' is present

2020-09-03 15:55:48 - [MESSAGE][WARNING] - Timeout '0' is invalid. Using default page load timeout: '30'

2020-09-03 15:55:49 - [MESSAGE][PASSED] - Object 'Object Repository/V2/Commons/DasboardPage_SidebarMenu/img_Home_logo-big' is present

2020-09-03 15:55:49 - [MESSAGE][PASSED] - Call Test Case 'Test Cases/V2/Test Case/Pre-conditions/PRE_ActivateNewUser' successfully

2020-09-03 15:55:49 - [TEST_STEP][PASSED] - callTestCase(findTestCase("V2/Test Case/Pre-conditions/PRE_SkipPersonalProfileSetup"), [:], STOP_ON_FAILURE): Call Test Case 'Test Cases/V2/Test Case/Pre-conditions/PRE_SkipPersonalProfileSetup' successfully

2020-09-03 15:55:49 - [TEST_CASE][PASSED] - Test Cases/V2/Test Case/Pre-conditions/PRE_SkipPersonalProfileSetup: Test Cases/V2/Test Case/Pre-conditions/PRE_SkipPersonalProfileSetup

2020-09-03 15:55:49 - [TEST_STEP][PASSED] - waitForElementVisible(findTestObject("V2/Commons/FirstUpdateCompanyAndPersonalInfoModal/confirmPersonalInfoHeader_h1"), DefaultTimeout): Object 'Object Repository/V2/Commons/FirstUpdateCompanyAndPersonalInfoModal/confirmPersonalInfoHeader_h1' is visible

2020-09-03 15:55:49 - [MESSAGE][PASSED] - Object 'Object Repository/V2/Commons/FirstUpdateCompanyAndPersonalInfoModal/confirmPersonalInfoHeader_h1' is visible

2020-09-03 15:55:49 - [TEST_STEP][PASSED] - click(findTestObject("V2/Commons/FirstUpdateCompanyAndPersonalInfoModal/confirmInfoSkip_button")): Object: 'Object Repository/V2/Commons/FirstUpdateCompanyAndPersonalInfoModal/confirmInfoSkip_button' is clicked on

2020-09-03 15:55:50 - [MESSAGE][PASSED] - Object: 'Object Repository/V2/Commons/FirstUpdateCompanyAndPersonalInfoModal/confirmInfoSkip_button' is clicked on

2020-09-03 15:55:50 - [TEST_STEP][PASSED] - waitForElementVisible(findTestObject("V2/Commons/FirstUpdateCompanyAndPersonalInfoModal/letsGetStarted_button"), DefaultTimeout): Object 'Object Repository/V2/Commons/FirstUpdateCompanyAndPersonalInfoModal/letsGetStarted_button' is visible

2020-09-03 15:55:51 - [MESSAGE][PASSED] - Object 'Object Repository/V2/Commons/FirstUpdateCompanyAndPersonalInfoModal/letsGetStarted_button' is visible

2020-09-03 15:55:51 - [TEST_STEP][PASSED] - click(findTestObject("V2/Commons/FirstUpdateCompanyAndPersonalInfoModal/letsGetStarted_button")): Object: 'Object Repository/V2/Commons/FirstUpdateCompanyAndPersonalInfoModal/letsGetStarted_button' is clicked on

2020-09-03 15:55:51 - [MESSAGE][PASSED] - Object: 'Object Repository/V2/Commons/FirstUpdateCompanyAndPersonalInfoModal/letsGetStarted_button' is clicked on

2020-09-03 15:55:51 - [MESSAGE][PASSED] - Call Test Case 'Test Cases/V2/Test Case/Pre-conditions/PRE_SkipPersonalProfileSetup' successfully

2020-09-03 15:55:51 - [TEST_STEP][PASSED] - callTestCase(findTestCase("V2/Test Case/Pre-conditions/PRE_ActivateNewUser"), ["activationURL":employee_activationURL, "email":employee_email, "password":password], STOP_ON_FAILURE): Call Test Case 'Test Cases/V2/Test Case/Pre-conditions/PRE_ActivateNewUser' successfully

2020-09-03 15:55:51 - [TEST_CASE][PASSED] - Test Cases/V2/Test Case/Pre-conditions/PRE_ActivateNewUser: Test Cases/V2/Test Case/Pre-conditions/PRE_ActivateNewUser

2020-09-03 15:55:51 - [TEST_STEP][PASSED] - navigateToUrl(activationURL): Navigate to 'https://v2dev.traction.tools/activate?activationKey=f252e66c-e8b3-494c-a55a-4e782cb91842&userId=902e116f-b8a1-4a2d-9de4-03d91909f94a&orgId=2de10639-3fc2-4e7f-9167-a8a9a2ff5524&email=tractiontools.user001+te5tonip@gmail.com&isCreator=0' successfully

2020-09-03 15:55:53 - [MESSAGE][PASSED] - Navigate to 'https://v2dev.traction.tools/activate?activationKey=f252e66c-e8b3-494c-a55a-4e782cb91842&userId=902e116f-b8a1-4a2d-9de4-03d91909f94a&orgId=2de10639-3fc2-4e7f-9167-a8a9a2ff5524&email=tractiontools.user001+te5tonip@gmail.com&isCreator=0' successfully

2020-09-03 15:55:53 - [TEST_STEP][PASSED] - waitForElementVisible(findTestObject("V2/Commons/ActivationPage/input_Email_email"), DefaultTimeout): Object 'Object Repository/V2/Commons/ActivationPage/input_Email_email' is visible

2020-09-03 15:55:54 - [MESSAGE][PASSED] - Object 'Object Repository/V2/Commons/ActivationPage/input_Email_email' is visible

2020-09-03 15:55:54 - [TEST_STEP][PASSED] - actual_email = getAttribute(findTestObject("Object Repository/V2/Commons/ActivationPage/input_Email_email"), "value"): Attribute 'value' of object 'Object Repository/V2/Commons/ActivationPage/input_Email_email' is: 'tractiontools.user001+te5tonip@gmail.com'

2020-09-03 15:55:55 - [MESSAGE][PASSED] - Attribute 'value' of object 'Object Repository/V2/Commons/ActivationPage/input_Email_email' is: 'tractiontools.user001+te5tonip@gmail.com'

2020-09-03 15:55:55 - [TEST_STEP][PASSED] - verifyMatch(actual_email, email, false): Actual text 'tractiontools.user001+te5tonip@gmail.com' and expected text 'tractiontools.user001+te5tonip@gmail.com' are matched 

2020-09-03 15:55:55 - [MESSAGE][PASSED] - Actual text 'tractiontools.user001+te5tonip@gmail.com' and expected text 'tractiontools.user001+te5tonip@gmail.com' are matched 

2020-09-03 15:55:55 - [TEST_STEP][PASSED] - setText(findTestObject("V2/Commons/ActivationPage/input_password"), password): Text 'Qwer123!' is set on object 'Object Repository/V2/Commons/ActivationPage/input_password'

2020-09-03 15:55:55 - [MESSAGE][PASSED] - Text 'Qwer123!' is set on object 'Object Repository/V2/Commons/ActivationPage/input_password'

2020-09-03 15:55:55 - [TEST_STEP][PASSED] - setText(findTestObject("Object Repository/V2/Commons/ActivationPage/input__passwordRepeat"), password): Text 'Qwer123!' is set on object 'Object Repository/V2/Commons/ActivationPage/input__passwordRepeat'

2020-09-03 15:55:56 - [MESSAGE][PASSED] - Text 'Qwer123!' is set on object 'Object Repository/V2/Commons/ActivationPage/input__passwordRepeat'

2020-09-03 15:55:56 - [TEST_STEP][PASSED] - click(findTestObject("V2/Commons/ActivationPage/input_termsandconditions")): Object: 'Object Repository/V2/Commons/ActivationPage/input_termsandconditions' is clicked on

2020-09-03 15:55:57 - [MESSAGE][PASSED] - Object: 'Object Repository/V2/Commons/ActivationPage/input_termsandconditions' is clicked on

2020-09-03 15:55:57 - [TEST_STEP][PASSED] - click(findTestObject("Object Repository/V2/Commons/ActivationPage/div_Create account")): Object: 'Object Repository/V2/Commons/ActivationPage/div_Create account' is clicked on

2020-09-03 15:55:57 - [MESSAGE][PASSED] - Object: 'Object Repository/V2/Commons/ActivationPage/div_Create account' is clicked on

2020-09-03 15:55:57 - [TEST_STEP][PASSED] - waitForElementPresent(findTestObject("V2/Commons/DasboardPage_SidebarMenu/img_Home_logo-big"), DefaultTimeout): Object 'Object Repository/V2/Commons/DasboardPage_SidebarMenu/img_Home_logo-big' is present

2020-09-03 15:56:02 - [MESSAGE][PASSED] - Object 'Object Repository/V2/Commons/DasboardPage_SidebarMenu/img_Home_logo-big' is present

2020-09-03 15:56:02 - [TEST_STEP][PASSED] - verifyElementPresent(findTestObject("V2/Commons/DasboardPage_SidebarMenu/img_Home_logo-big"), 0): Object 'Object Repository/V2/Commons/DasboardPage_SidebarMenu/img_Home_logo-big' is present

2020-09-03 15:56:02 - [MESSAGE][WARNING] - Timeout '0' is invalid. Using default page load timeout: '30'

2020-09-03 15:56:02 - [MESSAGE][PASSED] - Object 'Object Repository/V2/Commons/DasboardPage_SidebarMenu/img_Home_logo-big' is present

2020-09-03 15:56:02 - [MESSAGE][PASSED] - Call Test Case 'Test Cases/V2/Test Case/Pre-conditions/PRE_ActivateNewUser' successfully

2020-09-03 15:56:02 - [TEST_STEP][PASSED] - callTestCase(findTestCase("V2/Test Case/Pre-conditions/PRE_SkipPersonalProfileSetup"), [:], STOP_ON_FAILURE): Call Test Case 'Test Cases/V2/Test Case/Pre-conditions/PRE_SkipPersonalProfileSetup' successfully

2020-09-03 15:56:02 - [TEST_CASE][PASSED] - Test Cases/V2/Test Case/Pre-conditions/PRE_SkipPersonalProfileSetup: Test Cases/V2/Test Case/Pre-conditions/PRE_SkipPersonalProfileSetup

2020-09-03 15:56:02 - [TEST_STEP][PASSED] - waitForElementVisible(findTestObject("V2/Commons/FirstUpdateCompanyAndPersonalInfoModal/confirmPersonalInfoHeader_h1"), DefaultTimeout): Object 'Object Repository/V2/Commons/FirstUpdateCompanyAndPersonalInfoModal/confirmPersonalInfoHeader_h1' is visible

2020-09-03 15:56:02 - [MESSAGE][PASSED] - Object 'Object Repository/V2/Commons/FirstUpdateCompanyAndPersonalInfoModal/confirmPersonalInfoHeader_h1' is visible

2020-09-03 15:56:02 - [TEST_STEP][PASSED] - click(findTestObject("V2/Commons/FirstUpdateCompanyAndPersonalInfoModal/confirmInfoSkip_button")): Object: 'Object Repository/V2/Commons/FirstUpdateCompanyAndPersonalInfoModal/confirmInfoSkip_button' is clicked on

2020-09-03 15:56:03 - [MESSAGE][PASSED] - Object: 'Object Repository/V2/Commons/FirstUpdateCompanyAndPersonalInfoModal/confirmInfoSkip_button' is clicked on

2020-09-03 15:56:03 - [TEST_STEP][PASSED] - waitForElementVisible(findTestObject("V2/Commons/FirstUpdateCompanyAndPersonalInfoModal/letsGetStarted_button"), DefaultTimeout): Object 'Object Repository/V2/Commons/FirstUpdateCompanyAndPersonalInfoModal/letsGetStarted_button' is visible

2020-09-03 15:56:04 - [MESSAGE][PASSED] - Object 'Object Repository/V2/Commons/FirstUpdateCompanyAndPersonalInfoModal/letsGetStarted_button' is visible

2020-09-03 15:56:04 - [TEST_STEP][PASSED] - click(findTestObject("V2/Commons/FirstUpdateCompanyAndPersonalInfoModal/letsGetStarted_button")): Object: 'Object Repository/V2/Commons/FirstUpdateCompanyAndPersonalInfoModal/letsGetStarted_button' is clicked on

2020-09-03 15:56:04 - [MESSAGE][PASSED] - Object: 'Object Repository/V2/Commons/FirstUpdateCompanyAndPersonalInfoModal/letsGetStarted_button' is clicked on

2020-09-03 15:56:04 - [MESSAGE][PASSED] - Call Test Case 'Test Cases/V2/Test Case/Pre-conditions/PRE_SkipPersonalProfileSetup' successfully

2020-09-03 15:56:04 - [MESSAGE][PASSED] - Call Test Case 'Test Cases/V2/Test Case/Pre-conditions/PRE_RegisterAndActivateTTUsers' successfully

2020-09-03 15:56:04 - [TEST_STEP][PASSED] - closeBrowser(): Browser is closed

2020-09-03 15:56:05 - [MESSAGE][PASSED] - Browser is closed

2020-09-03 15:56:05 - [TEST_STEP][PASSED] - path = System.getProperty("user.dir"): null

2020-09-03 15:56:05 - [TEST_STEP][PASSED] - System.setProperty("webdriver.chrome.driver", "C:\Users\Aaron-PC\Documents\Traction Tools\Katalon\Katalon_Studio_Windows_64-7.6.2\Katalon_Studio_Windows_64-7.6.2\configuration\resources\drivers\chromedriver_win32\chromedriver.exe"): null

2020-09-03 15:56:05 - [TEST_STEP][PASSED] - driver1 = new org.openqa.selenium.chrome.ChromeDriver(): null

2020-09-03 15:56:09 - [TEST_STEP][PASSED] - changeWebDriver(driver1): null

2020-09-03 15:56:09 - [TEST_STEP][PASSED] - maximizeWindow(): Current window maximized

2020-09-03 15:56:11 - [MESSAGE][PASSED] - Current window maximized

2020-09-03 15:56:11 - [TEST_STEP][PASSED] - navigateToUrl(V2Url): Navigate to 'https://v2dev.traction.tools' successfully

2020-09-03 15:56:12 - [MESSAGE][PASSED] - Navigate to 'https://v2dev.traction.tools' successfully

2020-09-03 15:56:12 - [TEST_STEP][PASSED] - callTestCase(findTestCase("V2/Test Case/Pre-conditions/PRE_LoginToTractionToolsApplication"), ["username":email, "password":password], STOP_ON_FAILURE): Call Test Case 'Test Cases/V2/Test Case/Pre-conditions/PRE_LoginToTractionToolsApplication' successfully

2020-09-03 15:56:12 - [TEST_CASE][PASSED] - Test Cases/V2/Test Case/Pre-conditions/PRE_LoginToTractionToolsApplication: Test Cases/V2/Test Case/Pre-conditions/PRE_LoginToTractionToolsApplication

2020-09-03 15:56:12 - [TEST_STEP][PASSED] - setText(findTestObject("V2/Commons/LoginPage/input__username"), username): Text 'tractiontools.user001+ta58q5ka@gmail.com' is set on object 'Object Repository/V2/Commons/LoginPage/input__username'

2020-09-03 15:56:19 - [MESSAGE][PASSED] - Text 'tractiontools.user001+ta58q5ka@gmail.com' is set on object 'Object Repository/V2/Commons/LoginPage/input__username'

2020-09-03 15:56:19 - [TEST_STEP][PASSED] - setText(findTestObject("V2/Commons/LoginPage/input__password"), password): Text 'Qwer123!' is set on object 'Object Repository/V2/Commons/LoginPage/input__password'

2020-09-03 15:56:19 - [MESSAGE][PASSED] - Text 'Qwer123!' is set on object 'Object Repository/V2/Commons/LoginPage/input__password'

2020-09-03 15:56:19 - [TEST_STEP][PASSED] - click(findTestObject("V2/Commons/LoginPage/div_Login")): Object: 'Object Repository/V2/Commons/LoginPage/div_Login' is clicked on

2020-09-03 15:56:19 - [MESSAGE][PASSED] - Object: 'Object Repository/V2/Commons/LoginPage/div_Login' is clicked on

2020-09-03 15:56:19 - [TEST_STEP][PASSED] - waitForElementVisible(findTestObject("V2/Commons/DasboardPage_SidebarMenu/img_Home_logo-big"), DefaultTimeout): Object 'Object Repository/V2/Commons/DasboardPage_SidebarMenu/img_Home_logo-big' is visible

2020-09-03 15:56:24 - [MESSAGE][PASSED] - Object 'Object Repository/V2/Commons/DasboardPage_SidebarMenu/img_Home_logo-big' is visible

2020-09-03 15:56:24 - [TEST_STEP][PASSED] - verifyElementVisible(findTestObject("V2/Commons/DasboardPage_SidebarMenu/img_Home_logo-big"), STOP_ON_FAILURE): Object 'Object Repository/V2/Commons/DasboardPage_SidebarMenu/img_Home_logo-big' is visible

2020-09-03 15:56:24 - [MESSAGE][PASSED] - Object 'Object Repository/V2/Commons/DasboardPage_SidebarMenu/img_Home_logo-big' is visible

2020-09-03 15:56:24 - [MESSAGE][PASSED] - Call Test Case 'Test Cases/V2/Test Case/Pre-conditions/PRE_LoginToTractionToolsApplication' successfully

2020-09-03 15:56:24 - [TEST_STEP][PASSED] - driver2 = new org.openqa.selenium.chrome.ChromeDriver(): null

2020-09-03 15:56:27 - [TEST_STEP][PASSED] - changeWebDriver(driver2): null

2020-09-03 15:56:27 - [TEST_STEP][PASSED] - maximizeWindow(): Current window maximized

2020-09-03 15:56:29 - [MESSAGE][PASSED] - Current window maximized

2020-09-03 15:56:29 - [TEST_STEP][PASSED] - navigateToUrl(V2Url): Navigate to 'https://v2dev.traction.tools' successfully

2020-09-03 15:56:31 - [MESSAGE][PASSED] - Navigate to 'https://v2dev.traction.tools' successfully

2020-09-03 15:56:31 - [TEST_STEP][PASSED] - callTestCase(findTestCase("V2/Test Case/Pre-conditions/PRE_LoginToTractionToolsApplication"), ["username":supervisor_email, "password":password], STOP_ON_FAILURE): Call Test Case 'Test Cases/V2/Test Case/Pre-conditions/PRE_LoginToTractionToolsApplication' successfully

2020-09-03 15:56:31 - [TEST_CASE][PASSED] - Test Cases/V2/Test Case/Pre-conditions/PRE_LoginToTractionToolsApplication: Test Cases/V2/Test Case/Pre-conditions/PRE_LoginToTractionToolsApplication

2020-09-03 15:56:31 - [TEST_STEP][PASSED] - setText(findTestObject("V2/Commons/LoginPage/input__username"), username): Text 'tractiontools.user001+ts59k0me@gmail.com' is set on object 'Object Repository/V2/Commons/LoginPage/input__username'

2020-09-03 15:56:37 - [MESSAGE][PASSED] - Text 'tractiontools.user001+ts59k0me@gmail.com' is set on object 'Object Repository/V2/Commons/LoginPage/input__username'

2020-09-03 15:56:37 - [TEST_STEP][PASSED] - setText(findTestObject("V2/Commons/LoginPage/input__password"), password): Text 'Qwer123!' is set on object 'Object Repository/V2/Commons/LoginPage/input__password'

2020-09-03 15:56:37 - [MESSAGE][PASSED] - Text 'Qwer123!' is set on object 'Object Repository/V2/Commons/LoginPage/input__password'

2020-09-03 15:56:37 - [TEST_STEP][PASSED] - click(findTestObject("V2/Commons/LoginPage/div_Login")): Object: 'Object Repository/V2/Commons/LoginPage/div_Login' is clicked on

2020-09-03 15:56:38 - [MESSAGE][PASSED] - Object: 'Object Repository/V2/Commons/LoginPage/div_Login' is clicked on

2020-09-03 15:56:38 - [TEST_STEP][PASSED] - waitForElementVisible(findTestObject("V2/Commons/DasboardPage_SidebarMenu/img_Home_logo-big"), DefaultTimeout): Object 'Object Repository/V2/Commons/DasboardPage_SidebarMenu/img_Home_logo-big' is visible

2020-09-03 15:56:42 - [MESSAGE][PASSED] - Object 'Object Repository/V2/Commons/DasboardPage_SidebarMenu/img_Home_logo-big' is visible

2020-09-03 15:56:42 - [TEST_STEP][PASSED] - verifyElementVisible(findTestObject("V2/Commons/DasboardPage_SidebarMenu/img_Home_logo-big"), STOP_ON_FAILURE): Object 'Object Repository/V2/Commons/DasboardPage_SidebarMenu/img_Home_logo-big' is visible

2020-09-03 15:56:42 - [MESSAGE][PASSED] - Object 'Object Repository/V2/Commons/DasboardPage_SidebarMenu/img_Home_logo-big' is visible

2020-09-03 15:56:42 - [MESSAGE][PASSED] - Call Test Case 'Test Cases/V2/Test Case/Pre-conditions/PRE_LoginToTractionToolsApplication' successfully

2020-09-03 15:56:42 - [TEST_STEP][PASSED] - driver3 = new org.openqa.selenium.chrome.ChromeDriver(): null

2020-09-03 15:56:45 - [TEST_STEP][PASSED] - changeWebDriver(driver3): null

2020-09-03 15:56:45 - [TEST_STEP][PASSED] - maximizeWindow(): Current window maximized

2020-09-03 15:56:47 - [MESSAGE][PASSED] - Current window maximized

2020-09-03 15:56:47 - [TEST_STEP][PASSED] - navigateToUrl(V2Url): Navigate to 'https://v2dev.traction.tools' successfully

2020-09-03 15:56:49 - [MESSAGE][PASSED] - Navigate to 'https://v2dev.traction.tools' successfully

2020-09-03 15:56:49 - [TEST_STEP][PASSED] - callTestCase(findTestCase("V2/Test Case/Pre-conditions/PRE_LoginToTractionToolsApplication"), ["username":employee_email, "password":password], STOP_ON_FAILURE): Call Test Case 'Test Cases/V2/Test Case/Pre-conditions/PRE_LoginToTractionToolsApplication' successfully

2020-09-03 15:56:49 - [TEST_CASE][PASSED] - Test Cases/V2/Test Case/Pre-conditions/PRE_LoginToTractionToolsApplication: Test Cases/V2/Test Case/Pre-conditions/PRE_LoginToTractionToolsApplication

2020-09-03 15:56:49 - [TEST_STEP][PASSED] - setText(findTestObject("V2/Commons/LoginPage/input__username"), username): Text 'tractiontools.user001+te5tonip@gmail.com' is set on object 'Object Repository/V2/Commons/LoginPage/input__username'

2020-09-03 15:56:55 - [MESSAGE][PASSED] - Text 'tractiontools.user001+te5tonip@gmail.com' is set on object 'Object Repository/V2/Commons/LoginPage/input__username'

2020-09-03 15:56:55 - [TEST_STEP][PASSED] - setText(findTestObject("V2/Commons/LoginPage/input__password"), password): Text 'Qwer123!' is set on object 'Object Repository/V2/Commons/LoginPage/input__password'

2020-09-03 15:56:56 - [MESSAGE][PASSED] - Text 'Qwer123!' is set on object 'Object Repository/V2/Commons/LoginPage/input__password'

2020-09-03 15:56:56 - [TEST_STEP][PASSED] - click(findTestObject("V2/Commons/LoginPage/div_Login")): Object: 'Object Repository/V2/Commons/LoginPage/div_Login' is clicked on

2020-09-03 15:56:56 - [MESSAGE][PASSED] - Object: 'Object Repository/V2/Commons/LoginPage/div_Login' is clicked on

2020-09-03 15:56:56 - [TEST_STEP][PASSED] - waitForElementVisible(findTestObject("V2/Commons/DasboardPage_SidebarMenu/img_Home_logo-big"), DefaultTimeout): Object 'Object Repository/V2/Commons/DasboardPage_SidebarMenu/img_Home_logo-big' is visible

2020-09-03 15:57:00 - [MESSAGE][PASSED] - Object 'Object Repository/V2/Commons/DasboardPage_SidebarMenu/img_Home_logo-big' is visible

2020-09-03 15:57:00 - [TEST_STEP][PASSED] - verifyElementVisible(findTestObject("V2/Commons/DasboardPage_SidebarMenu/img_Home_logo-big"), STOP_ON_FAILURE): Object 'Object Repository/V2/Commons/DasboardPage_SidebarMenu/img_Home_logo-big' is visible

2020-09-03 15:57:00 - [MESSAGE][PASSED] - Object 'Object Repository/V2/Commons/DasboardPage_SidebarMenu/img_Home_logo-big' is visible

2020-09-03 15:57:00 - [MESSAGE][PASSED] - Call Test Case 'Test Cases/V2/Test Case/Pre-conditions/PRE_LoginToTractionToolsApplication' successfully

2020-09-03 15:57:00 - [TEST_STEP][PASSED] - changeWebDriver(driver1): null

2020-09-03 15:57:00 - [TEST_STEP][PASSED] - callTestCase(findTestCase("V2/Test Case/Pre-conditions/PRE_AddMilestone_Rocks"), [:], STOP_ON_FAILURE): Call Test Case 'Test Cases/V2/Test Case/Pre-conditions/PRE_AddMilestone_Rocks' successfully

2020-09-03 15:57:00 - [TEST_CASE][PASSED] - Test Cases/V2/Test Case/Pre-conditions/PRE_AddMilestone_Rocks: Test Cases/V2/Test Case/Pre-conditions/PRE_AddMilestone_Rocks

2020-09-03 15:57:00 - [TEST_STEP][PASSED] - click(findTestObject("Object Repository/V2/Commons/ManageUsersPage/span_Company Settings")): Object: 'Object Repository/V2/Commons/ManageUsersPage/span_Company Settings' is clicked on

2020-09-03 15:57:00 - [MESSAGE][PASSED] - Object: 'Object Repository/V2/Commons/ManageUsersPage/span_Company Settings' is clicked on

2020-09-03 15:57:00 - [TEST_STEP][PASSED] - click(findTestObject("V2/Commons/DasboardPage_SidebarMenu/a_Advance Settings")): Object: 'Object Repository/V2/Commons/DasboardPage_SidebarMenu/a_Advance Settings' is clicked on

2020-09-03 15:57:00 - [MESSAGE][PASSED] - Object: 'Object Repository/V2/Commons/DasboardPage_SidebarMenu/a_Advance Settings' is clicked on

2020-09-03 15:57:00 - [TEST_STEP][PASSED] - waitForElementVisible(findTestObject("V2/Commons/AdvanceSettingsPage/Add_Milestone_Toggle"), DefaultTimeout): Object 'Object Repository/V2/Commons/AdvanceSettingsPage/Add_Milestone_Toggle' is visible

2020-09-03 15:57:00 - [MESSAGE][PASSED] - Object 'Object Repository/V2/Commons/AdvanceSettingsPage/Add_Milestone_Toggle' is visible

2020-09-03 15:57:00 - [TEST_STEP][PASSED] - click(findTestObject("V2/Commons/AdvanceSettingsPage/Add_Milestone_Toggle")): Object: 'Object Repository/V2/Commons/AdvanceSettingsPage/Add_Milestone_Toggle' is clicked on

2020-09-03 15:57:01 - [MESSAGE][PASSED] - Object: 'Object Repository/V2/Commons/AdvanceSettingsPage/Add_Milestone_Toggle' is clicked on

2020-09-03 15:57:01 - [TEST_STEP][PASSED] - A_validateMilestoneChecked = getAttribute(findTestObject("V2/Commons/AdvanceSettingsPage/Verify_Milestone_Toggle"), "checked"): Attribute 'checked' of object 'Object Repository/V2/Commons/AdvanceSettingsPage/Verify_Milestone_Toggle' is: 'true'

2020-09-03 15:57:01 - [MESSAGE][PASSED] - Attribute 'checked' of object 'Object Repository/V2/Commons/AdvanceSettingsPage/Verify_Milestone_Toggle' is: 'true'

2020-09-03 15:57:01 - [TEST_STEP][PASSED] - verifyMatch(A_validateMilestoneChecked, "true", false): Actual text 'true' and expected text 'true' are matched 

2020-09-03 15:57:01 - [MESSAGE][PASSED] - Actual text 'true' and expected text 'true' are matched 

2020-09-03 15:57:01 - [TEST_STEP][PASSED] - click(findTestObject("V2/Commons/AdvanceSettingsPage/Save_Rules")): Object: 'Object Repository/V2/Commons/AdvanceSettingsPage/Save_Rules' is clicked on

2020-09-03 15:57:01 - [MESSAGE][PASSED] - Object: 'Object Repository/V2/Commons/AdvanceSettingsPage/Save_Rules' is clicked on

2020-09-03 15:57:01 - [MESSAGE][PASSED] - Call Test Case 'Test Cases/V2/Test Case/Pre-conditions/PRE_AddMilestone_Rocks' successfully

2020-09-03 15:57:01 - [TEST_STEP][PASSED] - callTestCase(findTestCase("V2/Test Case/Pre-conditions/PRE_CreateL10Meeting"), ["meetingName":meetingName, "meetingAcronym":meetingAcronym, "meetingType":meetingType, "dropdownOptions_obj":"//div[@id='CREATE_MEETING_L10']//span[text()='%s']/parent::div[@role='option']", ... ], STOP_ON_FAILURE): Call Test Case 'Test Cases/V2/Test Case/Pre-conditions/PRE_CreateL10Meeting' successfully

2020-09-03 15:57:01 - [TEST_CASE][PASSED] - Test Cases/V2/Test Case/Pre-conditions/PRE_CreateL10Meeting: Test Cases/V2/Test Case/Pre-conditions/PRE_CreateL10Meeting

2020-09-03 15:57:01 - [TEST_STEP][PASSED] - click(findTestObject("V2/Commons/DasboardPage_SidebarMenu/MeetingsMenu")): Object: 'Object Repository/V2/Commons/DasboardPage_SidebarMenu/MeetingsMenu' is clicked on

2020-09-03 15:57:01 - [MESSAGE][PASSED] - Object: 'Object Repository/V2/Commons/DasboardPage_SidebarMenu/MeetingsMenu' is clicked on

2020-09-03 15:57:01 - [TEST_STEP][PASSED] - click(findTestObject("Object Repository/V2/Commons/MeetingListPage/div_Create a meeting")): Object: 'Object Repository/V2/Commons/MeetingListPage/div_Create a meeting' is clicked on

2020-09-03 15:57:01 - [MESSAGE][PASSED] - Object: 'Object Repository/V2/Commons/MeetingListPage/div_Create a meeting' is clicked on

2020-09-03 15:57:01 - [TEST_STEP][PASSED] - click(findTestObject("Object Repository/V2/Commons/MeetingListPage/button_Level 10")): Object: 'Object Repository/V2/Commons/MeetingListPage/button_Level 10' is clicked on

2020-09-03 15:57:01 - [MESSAGE][PASSED] - Object: 'Object Repository/V2/Commons/MeetingListPage/button_Level 10' is clicked on

2020-09-03 15:57:01 - [TEST_STEP][PASSED] - waitForElementVisible(findTestObject("V2/Commons/CreateL10MeetingDrawer/input__name"), DefaultTimeout): Object 'Object Repository/V2/Commons/CreateL10MeetingDrawer/input__name' is visible

2020-09-03 15:57:02 - [MESSAGE][PASSED] - Object 'Object Repository/V2/Commons/CreateL10MeetingDrawer/input__name' is visible

2020-09-03 15:57:02 - [TEST_STEP][PASSED] - setText(findTestObject("V2/Commons/CreateL10MeetingDrawer/input__name"), meetingName): Text 'Meeting Admin' is set on object 'Object Repository/V2/Commons/CreateL10MeetingDrawer/input__name'

2020-09-03 15:57:02 - [MESSAGE][PASSED] - Text 'Meeting Admin' is set on object 'Object Repository/V2/Commons/CreateL10MeetingDrawer/input__name'

2020-09-03 15:57:02 - [TEST_STEP][PASSED] - setText(findTestObject("V2/Commons/CreateL10MeetingDrawer/input__acronym"), meetingAcronym): Text 'CL10' is set on object 'Object Repository/V2/Commons/CreateL10MeetingDrawer/input__acronym'

2020-09-03 15:57:02 - [MESSAGE][PASSED] - Text 'CL10' is set on object 'Object Repository/V2/Commons/CreateL10MeetingDrawer/input__acronym'

2020-09-03 15:57:02 - [TEST_STEP][PASSED] - click(findTestObject("V2/Commons/CreateL10MeetingDrawer/input__typeOfMeeting")): Object: 'Object Repository/V2/Commons/CreateL10MeetingDrawer/input__typeOfMeeting' is clicked on

2020-09-03 15:57:02 - [MESSAGE][PASSED] - Object: 'Object Repository/V2/Commons/CreateL10MeetingDrawer/input__typeOfMeeting' is clicked on

2020-09-03 15:57:02 - [TEST_STEP][PASSED] - meetingTypeOption_Obj = tt_CustomKeywords.CustomKeywords.CreateDynamicElement(dropdownOptions_obj, meetingType, "xpath"): Successfully created new dynamic object: //div[@id='CREATE_MEETING_L10']//span[text()='Leadership']/parent::div[@role='option']

2020-09-03 15:57:02 - [MESSAGE][PASSED] - Successfully created new dynamic object: //div[@id='CREATE_MEETING_L10']//span[text()='Leadership']/parent::div[@role='option']

2020-09-03 15:57:02 - [TEST_STEP][PASSED] - click(meetingTypeOption_Obj): Object: '' is clicked on

2020-09-03 15:57:02 - [MESSAGE][PASSED] - Object: '' is clicked on

2020-09-03 15:57:02 - [TEST_STEP][PASSED] - click(findTestObject("V2/Commons/CreateL10MeetingDrawer/div_dayOfMeetingDropdownList")): Object: 'Object Repository/V2/Commons/CreateL10MeetingDrawer/div_dayOfMeetingDropdownList' is clicked on

2020-09-03 15:57:02 - [MESSAGE][PASSED] - Object: 'Object Repository/V2/Commons/CreateL10MeetingDrawer/div_dayOfMeetingDropdownList' is clicked on

2020-09-03 15:57:02 - [TEST_STEP][PASSED] - dayOfMeetingOption_Obj = tt_CustomKeywords.CustomKeywords.CreateDynamicElement(dropdownOptions_obj, dayOfMeeting, "xpath"): Successfully created new dynamic object: //div[@id='CREATE_MEETING_L10']//span[text()='Monday']/parent::div[@role='option']

2020-09-03 15:57:02 - [MESSAGE][PASSED] - Successfully created new dynamic object: //div[@id='CREATE_MEETING_L10']//span[text()='Monday']/parent::div[@role='option']

2020-09-03 15:57:02 - [TEST_STEP][PASSED] - click(dayOfMeetingOption_Obj): Object: '' is clicked on

2020-09-03 15:57:02 - [MESSAGE][PASSED] - Object: '' is clicked on

2020-09-03 15:57:02 - [TEST_STEP][PASSED] - click(findTestObject("V2/Commons/CreateL10MeetingDrawer/input_meetingTime")): Object: 'Object Repository/V2/Commons/CreateL10MeetingDrawer/input_meetingTime' is clicked on

2020-09-03 15:57:03 - [MESSAGE][PASSED] - Object: 'Object Repository/V2/Commons/CreateL10MeetingDrawer/input_meetingTime' is clicked on

2020-09-03 15:57:03 - [TEST_STEP][PASSED] - setText(findTestObject("V2/Commons/CreateL10MeetingDrawer/input_meetingTime"), meetingTime): Text '12:00' is set on object 'Object Repository/V2/Commons/CreateL10MeetingDrawer/input_meetingTime'

2020-09-03 15:57:03 - [MESSAGE][PASSED] - Text '12:00' is set on object 'Object Repository/V2/Commons/CreateL10MeetingDrawer/input_meetingTime'

2020-09-03 15:57:03 - [TEST_STEP][PASSED] - sendKeys(findTestObject("V2/Commons/CreateL10MeetingDrawer/input_meetingTime"), Keys.chord(TAB)): Keys 'TAB + ' sent to object: 'Object Repository/V2/Commons/CreateL10MeetingDrawer/input_meetingTime'

2020-09-03 15:57:03 - [MESSAGE][PASSED] - Keys 'TAB + ' sent to object: 'Object Repository/V2/Commons/CreateL10MeetingDrawer/input_meetingTime'

2020-09-03 15:57:03 - [TEST_STEP][PASSED] - click(findTestObject("V2/Commons/CreateL10MeetingDrawer/div_Create Meeting")): Object: 'Object Repository/V2/Commons/CreateL10MeetingDrawer/div_Create Meeting' is clicked on

2020-09-03 15:57:03 - [MESSAGE][PASSED] - Object: 'Object Repository/V2/Commons/CreateL10MeetingDrawer/div_Create Meeting' is clicked on

2020-09-03 15:57:03 - [TEST_STEP][PASSED] - waitForElementVisible(findTestObject("Object Repository/V2/Commons/MeetingListPage/div_Ill do this later"), DefaultTimeout): Object 'Object Repository/V2/Commons/MeetingListPage/div_Ill do this later' is visible

2020-09-03 15:57:38 - [MESSAGE][PASSED] - Object 'Object Repository/V2/Commons/MeetingListPage/div_Ill do this later' is visible

2020-09-03 15:57:38 - [TEST_STEP][PASSED] - verifyElementVisible(findTestObject("Object Repository/V2/Commons/MeetingListPage/div_Ill do this later"), STOP_ON_FAILURE): Object 'Object Repository/V2/Commons/MeetingListPage/div_Ill do this later' is visible

2020-09-03 15:57:38 - [MESSAGE][PASSED] - Object 'Object Repository/V2/Commons/MeetingListPage/div_Ill do this later' is visible

2020-09-03 15:57:38 - [TEST_STEP][PASSED] - click(findTestObject("Object Repository/V2/Commons/MeetingListPage/div_Ill do this later")): Object: 'Object Repository/V2/Commons/MeetingListPage/div_Ill do this later' is clicked on

2020-09-03 15:57:38 - [MESSAGE][PASSED] - Object: 'Object Repository/V2/Commons/MeetingListPage/div_Ill do this later' is clicked on

2020-09-03 15:57:38 - [TEST_STEP][PASSED] - meetingRecordObj = tt_CustomKeywords.CustomKeywords.CreateDynamicElement(meetingRecord_obj, meetingName, "xpath"): Successfully created new dynamic object: //div[@class='detailscontainer__block item']/h4[text()='Meeting Admin']

2020-09-03 15:57:38 - [MESSAGE][PASSED] - Successfully created new dynamic object: //div[@class='detailscontainer__block item']/h4[text()='Meeting Admin']

2020-09-03 15:57:38 - [TEST_STEP][PASSED] - verifyElementPresent(meetingRecordObj, DefaultTimeout): Object '' is present

2020-09-03 15:57:38 - [MESSAGE][PASSED] - Object '' is present

2020-09-03 15:57:38 - [MESSAGE][PASSED] - Call Test Case 'Test Cases/V2/Test Case/Pre-conditions/PRE_CreateL10Meeting' successfully

2020-09-03 15:57:38 - [TEST_STEP][PASSED] - callTestCase(findTestCase("V2/Test Case/Tests/PR-369 - EditMeetingAgenda/Test Cases/Positive/Admin/PR_369_7_EditMeetingCreateRock_Admin"), ["userName":"jeff+075@mytractiontools.com", "passWord":"Skyline69A*", "meetingRowPosition":"3", "editMeetingMenu_Obj":"//div[@id='root']/div/div[2]/div/div/div/div[2]/div/div[%s]/div[3]/button/i", ... ], STOP_ON_FAILURE): Call Test Case 'Test Cases/V2/Test Case/Tests/PR-369 - EditMeetingAgenda/Test Cases/Positive/Admin/PR_369_7_EditMeetingCreateRock_Admin' successfully

2020-09-03 15:57:38 - [TEST_CASE][PASSED] - Test Cases/V2/Test Case/Tests/PR-369 - EditMeetingAgenda/Test Cases/Positive/Admin/PR_369_7_EditMeetingCreateRock_Admin: Test Cases/V2/Test Case/Tests/PR-369 - EditMeetingAgenda/Test Cases/Positive/Admin/PR_369_7_EditMeetingCreateRock_Admin

2020-09-03 15:57:38 - [TEST_STEP][NOT_RUN] - openBrowser(""): NOT_RUN: openBrowser("")

2020-09-03 15:57:38 - [MESSAGE][NOT_RUN] - NOT_RUN: openBrowser("")

2020-09-03 15:57:38 - [TEST_STEP][NOT_RUN] - maximizeWindow(): NOT_RUN: maximizeWindow()

2020-09-03 15:57:38 - [MESSAGE][NOT_RUN] - NOT_RUN: maximizeWindow()

2020-09-03 15:57:38 - [TEST_STEP][NOT_RUN] - navigateToUrl(V2Url): NOT_RUN: navigateToUrl(V2Url)

2020-09-03 15:57:38 - [MESSAGE][NOT_RUN] - NOT_RUN: navigateToUrl(V2Url)

2020-09-03 15:57:38 - [TEST_STEP][NOT_RUN] - setText(findTestObject("V2/PR-369/Page_Login/userName_Field"), "tractiontools.user001+ta58jzbl@gmail.com"): NOT_RUN: setText(findTestObject("V2/PR-369/Page_Login/userName_Field"), "tractiontools.user001+ta58jzbl@gmail.com")

2020-09-03 15:57:38 - [MESSAGE][NOT_RUN] - NOT_RUN: setText(findTestObject("V2/PR-369/Page_Login/userName_Field"), "tractiontools.user001+ta58jzbl@gmail.com")

2020-09-03 15:57:38 - [TEST_STEP][NOT_RUN] - setText(findTestObject("V2/PR-369/Page_Login/passWord_Field"), "Qwer123!"): NOT_RUN: setText(findTestObject("V2/PR-369/Page_Login/passWord_Field"), "Qwer123!")

2020-09-03 15:57:38 - [MESSAGE][NOT_RUN] - NOT_RUN: setText(findTestObject("V2/PR-369/Page_Login/passWord_Field"), "Qwer123!")

2020-09-03 15:57:38 - [TEST_STEP][NOT_RUN] - click(findTestObject("V2/PR-369/Page_Login/Login_Button")): NOT_RUN: click(findTestObject("V2/PR-369/Page_Login/Login_Button"))

2020-09-03 15:57:38 - [MESSAGE][NOT_RUN] - NOT_RUN: click(findTestObject("V2/PR-369/Page_Login/Login_Button"))

2020-09-03 15:57:38 - [TEST_STEP][PASSED] - waitForElementVisible(findTestObject("V2/Commons/DasboardPage_SidebarMenu/MeetingsMenu"), DefaultTimeout): Object 'Object Repository/V2/Commons/DasboardPage_SidebarMenu/MeetingsMenu' is visible

2020-09-03 15:57:38 - [MESSAGE][PASSED] - Object 'Object Repository/V2/Commons/DasboardPage_SidebarMenu/MeetingsMenu' is visible

2020-09-03 15:57:38 - [TEST_STEP][PASSED] - click(findTestObject("V2/Commons/DasboardPage_SidebarMenu/MeetingsMenu")): Object: 'Object Repository/V2/Commons/DasboardPage_SidebarMenu/MeetingsMenu' is clicked on

2020-09-03 15:57:39 - [MESSAGE][PASSED] - Object: 'Object Repository/V2/Commons/DasboardPage_SidebarMenu/MeetingsMenu' is clicked on

2020-09-03 15:57:39 - [TEST_STEP][PASSED] - meetingOpt_Obj = tt_CustomKeywords.CustomKeywords.CreateDynamicElement(meetingOptions_obj, meetingName, "xpath"): Successfully created new dynamic object: //h4[text()='Meeting Admin']/ancestor::div[contains(@class,'ListContainer')]/div[@class='listcontainer__options']/button

2020-09-03 15:57:39 - [MESSAGE][PASSED] - Successfully created new dynamic object: //h4[text()='Meeting Admin']/ancestor::div[contains(@class,'ListContainer')]/div[@class='listcontainer__options']/button

2020-09-03 15:57:39 - [TEST_STEP][PASSED] - waitForElementVisible(meetingOpt_Obj, DefaultTimeout): Object '' is visible

2020-09-03 15:57:39 - [MESSAGE][PASSED] - Object '' is visible

2020-09-03 15:57:39 - [TEST_STEP][PASSED] - click(meetingOpt_Obj): Object: '' is clicked on

2020-09-03 15:57:39 - [MESSAGE][PASSED] - Object: '' is clicked on

2020-09-03 15:57:39 - [TEST_STEP][PASSED] - click(findTestObject("V2/Commons/MeetingListPage/a_Edit meeting")): Object: 'Object Repository/V2/Commons/MeetingListPage/a_Edit meeting' is clicked on

2020-09-03 15:57:39 - [MESSAGE][PASSED] - Object: 'Object Repository/V2/Commons/MeetingListPage/a_Edit meeting' is clicked on

2020-09-03 15:57:39 - [TEST_STEP][PASSED] - waitForElementVisible(findTestObject("V2/PR-369/Edit_Meeting_Rocks/Rocks_Menu"), DefaultTimeout): Object 'Object Repository/V2/PR-369/Edit_Meeting_Rocks/Rocks_Menu' is visible

2020-09-03 15:57:40 - [MESSAGE][PASSED] - Object 'Object Repository/V2/PR-369/Edit_Meeting_Rocks/Rocks_Menu' is visible

2020-09-03 15:57:40 - [TEST_STEP][PASSED] - click(findTestObject("V2/PR-369/Edit_Meeting_Rocks/Rocks_Menu")): Object: 'Object Repository/V2/PR-369/Edit_Meeting_Rocks/Rocks_Menu' is clicked on

2020-09-03 15:57:40 - [MESSAGE][PASSED] - Object: 'Object Repository/V2/PR-369/Edit_Meeting_Rocks/Rocks_Menu' is clicked on

2020-09-03 15:57:40 - [TEST_STEP][PASSED] - click(findTestObject("V2/PR-369/Edit_Meeting_Rocks/CreateRocksButton")): Object: 'Object Repository/V2/PR-369/Edit_Meeting_Rocks/CreateRocksButton' is clicked on

2020-09-03 15:57:40 - [MESSAGE][PASSED] - Object: 'Object Repository/V2/PR-369/Edit_Meeting_Rocks/CreateRocksButton' is clicked on

2020-09-03 15:57:40 - [TEST_STEP][PASSED] - click(findTestObject("V2/PR-369/Edit_Meeting_Rocks/Create_New_Rocks")): Object: 'Object Repository/V2/PR-369/Edit_Meeting_Rocks/Create_New_Rocks' is clicked on

2020-09-03 15:57:40 - [MESSAGE][PASSED] - Object: 'Object Repository/V2/PR-369/Edit_Meeting_Rocks/Create_New_Rocks' is clicked on

2020-09-03 15:57:40 - [TEST_STEP][PASSED] - waitForElementVisible(findTestObject("V2/PR-369/Edit_Meeting_Rocks/Rock_Name_Title"), DefaultTimeout): Object 'Object Repository/V2/PR-369/Edit_Meeting_Rocks/Rock_Name_Title' is visible

2020-09-03 15:57:40 - [MESSAGE][PASSED] - Object 'Object Repository/V2/PR-369/Edit_Meeting_Rocks/Rock_Name_Title' is visible

2020-09-03 15:57:40 - [TEST_STEP][PASSED] - setText(findTestObject("V2/PR-369/Edit_Meeting_Rocks/Rock_Name_Title"), rockName): Text 'QA Edit Meeting Automation Rock Test' is set on object 'Object Repository/V2/PR-369/Edit_Meeting_Rocks/Rock_Name_Title'

2020-09-03 15:57:41 - [MESSAGE][PASSED] - Text 'QA Edit Meeting Automation Rock Test' is set on object 'Object Repository/V2/PR-369/Edit_Meeting_Rocks/Rock_Name_Title'

2020-09-03 15:57:41 - [TEST_STEP][PASSED] - click(findTestObject("V2/PR-369/Edit_Meeting_Rocks/Status_OffTrack_Rock")): Object: 'Object Repository/V2/PR-369/Edit_Meeting_Rocks/Status_OffTrack_Rock' is clicked on

2020-09-03 15:57:41 - [MESSAGE][PASSED] - Object: 'Object Repository/V2/PR-369/Edit_Meeting_Rocks/Status_OffTrack_Rock' is clicked on

2020-09-03 15:57:41 - [TEST_STEP][PASSED] - click(findTestObject("V2/PR-369/Edit_Meeting_Rocks/Accountable_Owner_Field")): Object: 'Object Repository/V2/PR-369/Edit_Meeting_Rocks/Accountable_Owner_Field' is clicked on

2020-09-03 15:57:41 - [MESSAGE][PASSED] - Object: 'Object Repository/V2/PR-369/Edit_Meeting_Rocks/Accountable_Owner_Field' is clicked on

2020-09-03 15:57:41 - [TEST_STEP][PASSED] - accountableOwner = tt_CustomKeywords.CustomKeywords.CreateDynamicElement(owner_Obj, ownerSelected, "xpath"): Successfully created new dynamic object: //div[@data-test-id='createRock']//div[@role='listbox'][@class='visible menu transition']/div[@role='option'][contains(@class,'item')]/span[text()='Admin User']

2020-09-03 15:57:41 - [MESSAGE][PASSED] - Successfully created new dynamic object: //div[@data-test-id='createRock']//div[@role='listbox'][@class='visible menu transition']/div[@role='option'][contains(@class,'item')]/span[text()='Admin User']

2020-09-03 15:57:41 - [TEST_STEP][PASSED] - click(accountableOwner): Object: '' is clicked on

2020-09-03 15:57:41 - [MESSAGE][PASSED] - Object: '' is clicked on

2020-09-03 15:57:41 - [TEST_STEP][PASSED] - click(findTestObject("V2/PR-369/Edit_Meeting_Rocks/Visibility_Level_Field")): Object: 'Object Repository/V2/PR-369/Edit_Meeting_Rocks/Visibility_Level_Field' is clicked on

2020-09-03 15:57:41 - [MESSAGE][PASSED] - Object: 'Object Repository/V2/PR-369/Edit_Meeting_Rocks/Visibility_Level_Field' is clicked on

2020-09-03 15:57:41 - [TEST_STEP][PASSED] - click(findTestObject("V2/PR-369/Edit_Meeting_Rocks/Visibility_Level_Company")): Object: 'Object Repository/V2/PR-369/Edit_Meeting_Rocks/Visibility_Level_Company' is clicked on

2020-09-03 15:57:41 - [MESSAGE][PASSED] - Object: 'Object Repository/V2/PR-369/Edit_Meeting_Rocks/Visibility_Level_Company' is clicked on

2020-09-03 15:57:41 - [TEST_STEP][PASSED] - click(findTestObject("V2/PR-369/Edit_Meeting_Rocks/Rocks_Due_Date_Field")): Object: 'Object Repository/V2/PR-369/Edit_Meeting_Rocks/Rocks_Due_Date_Field' is clicked on

2020-09-03 15:57:41 - [MESSAGE][PASSED] - Object: 'Object Repository/V2/PR-369/Edit_Meeting_Rocks/Rocks_Due_Date_Field' is clicked on

2020-09-03 15:57:41 - [TEST_STEP][PASSED] - waitForElementVisible(findTestObject("V2/PR-369/Edit_Meeting_Scorecard/A_Date29"), DefaultTimeout): Object 'Object Repository/V2/PR-369/Edit_Meeting_Scorecard/A_Date29' is visible

2020-09-03 15:57:41 - [MESSAGE][PASSED] - Object 'Object Repository/V2/PR-369/Edit_Meeting_Scorecard/A_Date29' is visible

2020-09-03 15:57:41 - [TEST_STEP][PASSED] - click(findTestObject("V2/PR-369/Edit_Meeting_Scorecard/A_Date29")): Object: 'Object Repository/V2/PR-369/Edit_Meeting_Scorecard/A_Date29' is clicked on

2020-09-03 15:57:41 - [MESSAGE][PASSED] - Object: 'Object Repository/V2/PR-369/Edit_Meeting_Scorecard/A_Date29' is clicked on

2020-09-03 15:57:41 - [TEST_STEP][PASSED] - verifyElementVisible(findTestObject("V2/PR-369/Edit_Meeting_Rocks/Verify_Notes_Section")): Object 'Object Repository/V2/PR-369/Edit_Meeting_Rocks/Verify_Notes_Section' is visible

2020-09-03 15:57:41 - [MESSAGE][PASSED] - Object 'Object Repository/V2/PR-369/Edit_Meeting_Rocks/Verify_Notes_Section' is visible

2020-09-03 15:57:41 - [TEST_STEP][PASSED] - setText(findTestObject("V2/PR-369/Edit_Meeting_Rocks/Notes_Comments"), Notes): Text 'Sample Notes' is set on object 'Object Repository/V2/PR-369/Edit_Meeting_Rocks/Notes_Comments'

2020-09-03 15:57:53 - [MESSAGE][PASSED] - Text 'Sample Notes' is set on object 'Object Repository/V2/PR-369/Edit_Meeting_Rocks/Notes_Comments'

2020-09-03 15:57:53 - [TEST_STEP][PASSED] - sendKeys(findTestObject("V2/PR-369/Edit_Meeting_Rocks/Add_Milestone_Button"), Keys.chord(PAGE_DOWN)): Keys 'PAGE_DOWN + ' sent to object: 'Object Repository/V2/PR-369/Edit_Meeting_Rocks/Add_Milestone_Button'

2020-09-03 15:57:53 - [MESSAGE][PASSED] - Keys 'PAGE_DOWN + ' sent to object: 'Object Repository/V2/PR-369/Edit_Meeting_Rocks/Add_Milestone_Button'

2020-09-03 15:57:53 - [TEST_STEP][PASSED] - click(findTestObject("V2/PR-369/Edit_Meeting_Rocks/Add_Milestone_Button")): Object: 'Object Repository/V2/PR-369/Edit_Meeting_Rocks/Add_Milestone_Button' is clicked on

2020-09-03 15:57:54 - [MESSAGE][PASSED] - Object: 'Object Repository/V2/PR-369/Edit_Meeting_Rocks/Add_Milestone_Button' is clicked on

2020-09-03 15:57:54 - [TEST_STEP][PASSED] - setText(findTestObject("V2/PR-369/Edit_Meeting_Rocks/Milestone_Text_Field"), milestoneName): Text 'Milestone 1' is set on object 'Object Repository/V2/PR-369/Edit_Meeting_Rocks/Milestone_Text_Field'

2020-09-03 15:57:54 - [MESSAGE][PASSED] - Text 'Milestone 1' is set on object 'Object Repository/V2/PR-369/Edit_Meeting_Rocks/Milestone_Text_Field'

2020-09-03 15:57:54 - [TEST_STEP][PASSED] - click(findTestObject("V2/PR-369/Edit_Meeting_Rocks/Milestone_date")): Object: 'Object Repository/V2/PR-369/Edit_Meeting_Rocks/Milestone_date' is clicked on

2020-09-03 15:57:54 - [MESSAGE][PASSED] - Object: 'Object Repository/V2/PR-369/Edit_Meeting_Rocks/Milestone_date' is clicked on

2020-09-03 15:57:54 - [TEST_STEP][PASSED] - waitForElementVisible(findTestObject("V2/PR-369/Edit_Meeting_Scorecard/A_Date29"), DefaultTimeout): Object 'Object Repository/V2/PR-369/Edit_Meeting_Scorecard/A_Date29' is visible

2020-09-03 15:57:55 - [MESSAGE][PASSED] - Object 'Object Repository/V2/PR-369/Edit_Meeting_Scorecard/A_Date29' is visible

2020-09-03 15:57:55 - [TEST_STEP][PASSED] - click(findTestObject("V2/PR-369/Edit_Meeting_Scorecard/A_Date29")): Object: 'Object Repository/V2/PR-369/Edit_Meeting_Scorecard/A_Date29' is clicked on

2020-09-03 15:57:55 - [MESSAGE][PASSED] - Object: 'Object Repository/V2/PR-369/Edit_Meeting_Scorecard/A_Date29' is clicked on

2020-09-03 15:57:55 - [TEST_STEP][PASSED] - click(findTestObject("V2/PR-369/Edit_Meeting_Rocks/Save_Button")): Object: 'Object Repository/V2/PR-369/Edit_Meeting_Rocks/Save_Button' is clicked on

2020-09-03 15:57:55 - [MESSAGE][PASSED] - Object: 'Object Repository/V2/PR-369/Edit_Meeting_Rocks/Save_Button' is clicked on

2020-09-03 15:57:55 - [TEST_STEP][PASSED] - delay(10): Delayed 10 second(s)

2020-09-03 15:58:05 - [MESSAGE][PASSED] - Delayed 10 second(s)

2020-09-03 15:58:05 - [TEST_STEP][PASSED] - verifyRocks = tt_CustomKeywords.CustomKeywords.CreateDynamicElement(verifyRocks_Obj, rockName, "xpath"): Successfully created new dynamic object: //h2[text()='Rocks']/ancestor::div[contains(@class,'CardStyles')]/div[2]//div[@data-test-id='rock.title'][contains(@class,'TextBodyStyles-sc') and text()='QA Edit Meeting Automation Rock Test']

2020-09-03 15:58:05 - [MESSAGE][PASSED] - Successfully created new dynamic object: //h2[text()='Rocks']/ancestor::div[contains(@class,'CardStyles')]/div[2]//div[@data-test-id='rock.title'][contains(@class,'TextBodyStyles-sc') and text()='QA Edit Meeting Automation Rock Test']

2020-09-03 15:58:05 - [TEST_STEP][PASSED] - verifyElementPresent(verifyRocks, DefaultTimeout): Object '' is present

2020-09-03 15:58:05 - [MESSAGE][PASSED] - Object '' is present

2020-09-03 15:58:05 - [TEST_STEP][PASSED] - verifyMilestone = tt_CustomKeywords.CustomKeywords.CreateDynamicElement(verifyMilestone_Obj, milestoneName, "xpath"): Successfully created new dynamic object: //h2[text()='Rocks']/ancestor::div[contains(@class,'CardStyles')]/div[2]//div[contains(@class,'milestoneListItem__name')]/span[text()='Milestone 1']

2020-09-03 15:58:05 - [MESSAGE][PASSED] - Successfully created new dynamic object: //h2[text()='Rocks']/ancestor::div[contains(@class,'CardStyles')]/div[2]//div[contains(@class,'milestoneListItem__name')]/span[text()='Milestone 1']

2020-09-03 15:58:05 - [TEST_STEP][PASSED] - verifyElementPresent(verifyMilestone, DefaultTimeout): Object '' is present

2020-09-03 15:58:05 - [MESSAGE][PASSED] - Object '' is present

2020-09-03 15:58:05 - [TEST_STEP][NOT_RUN] - click(verifyRocks): NOT_RUN: click(verifyRocks)

2020-09-03 15:58:05 - [MESSAGE][NOT_RUN] - NOT_RUN: click(verifyRocks)

2020-09-03 15:58:05 - [TEST_STEP][NOT_RUN] - delay(10): NOT_RUN: delay(10)

2020-09-03 15:58:05 - [MESSAGE][NOT_RUN] - NOT_RUN: delay(10)

2020-09-03 15:58:05 - [TEST_STEP][NOT_RUN] - click(findTestObject("V2/PR-369/UpdateEditMeetingRocks/Edit_Rock_Name")): NOT_RUN: click(findTestObject("V2/PR-369/UpdateEditMeetingRocks/Edit_Rock_Name"))

2020-09-03 15:58:05 - [MESSAGE][NOT_RUN] - NOT_RUN: click(findTestObject("V2/PR-369/UpdateEditMeetingRocks/Edit_Rock_Name"))

2020-09-03 15:58:05 - [TEST_STEP][NOT_RUN] - sendKeys(findTestObject("V2/PR-369/UpdateEditMeetingRocks/Edit_Rock_Name"), Keys.chord(LEFT_CONTROL, "a", BACK_SPACE)): NOT_RUN: sendKeys(findTestObject("V2/PR-369/UpdateEditMeetingRocks/Edit_Rock_Name"), Keys.chord(LEFT_CONTROL, "a", BACK_SPACE))

2020-09-03 15:58:05 - [MESSAGE][NOT_RUN] - NOT_RUN: sendKeys(findTestObject("V2/PR-369/UpdateEditMeetingRocks/Edit_Rock_Name"), Keys.chord(LEFT_CONTROL, "a", BACK_SPACE))

2020-09-03 15:58:05 - [TEST_STEP][NOT_RUN] - setText(findTestObject("V2/PR-369/UpdateEditMeetingRocks/Edit_Rock_Name"), editRockName): NOT_RUN: setText(findTestObject("V2/PR-369/UpdateEditMeetingRocks/Edit_Rock_Name"), editRockName)

2020-09-03 15:58:05 - [MESSAGE][NOT_RUN] - NOT_RUN: setText(findTestObject("V2/PR-369/UpdateEditMeetingRocks/Edit_Rock_Name"), editRockName)

2020-09-03 15:58:05 - [TEST_STEP][NOT_RUN] - click(findTestObject("V2/PR-369/UpdateEditMeetingRocks/Edit_Status_Done")): NOT_RUN: click(findTestObject("V2/PR-369/UpdateEditMeetingRocks/Edit_Status_Done"))

2020-09-03 15:58:05 - [MESSAGE][NOT_RUN] - NOT_RUN: click(findTestObject("V2/PR-369/UpdateEditMeetingRocks/Edit_Status_Done"))

2020-09-03 15:58:05 - [TEST_STEP][NOT_RUN] - click(findTestObject("V2/PR-369/UpdateEditMeetingRocks/Edit_Accountable_Owner")): NOT_RUN: click(findTestObject("V2/PR-369/UpdateEditMeetingRocks/Edit_Accountable_Owner"))

2020-09-03 15:58:05 - [MESSAGE][NOT_RUN] - NOT_RUN: click(findTestObject("V2/PR-369/UpdateEditMeetingRocks/Edit_Accountable_Owner"))

2020-09-03 15:58:05 - [TEST_STEP][NOT_RUN] - editOwner = tt_CustomKeywords.CustomKeywords.CreateDynamicElement(editOwner_Obj, editOwner, "xpath"): NOT_RUN: editOwner = tt_CustomKeywords.CustomKeywords.CreateDynamicElement(editOwner_Obj, editOwner, "xpath")

2020-09-03 15:58:05 - [MESSAGE][NOT_RUN] - NOT_RUN: editOwner = tt_CustomKeywords.CustomKeywords.CreateDynamicElement(editOwner_Obj, editOwner, "xpath")

2020-09-03 15:58:05 - [TEST_STEP][NOT_RUN] - click(editOwner): NOT_RUN: click(editOwner)

2020-09-03 15:58:05 - [MESSAGE][NOT_RUN] - NOT_RUN: click(editOwner)

2020-09-03 15:58:05 - [TEST_STEP][NOT_RUN] - click(findTestObject("V2/PR-369/UpdateEditMeetingRocks/Edit_Visibility_Level")): NOT_RUN: click(findTestObject("V2/PR-369/UpdateEditMeetingRocks/Edit_Visibility_Level"))

2020-09-03 15:58:05 - [MESSAGE][NOT_RUN] - NOT_RUN: click(findTestObject("V2/PR-369/UpdateEditMeetingRocks/Edit_Visibility_Level"))

2020-09-03 15:58:05 - [TEST_STEP][NOT_RUN] - click(findTestObject("V2/PR-369/UpdateEditMeetingRocks/Edit_Visibility_Level_Department")): NOT_RUN: click(findTestObject("V2/PR-369/UpdateEditMeetingRocks/Edit_Visibility_Level_Department"))

2020-09-03 15:58:05 - [MESSAGE][NOT_RUN] - NOT_RUN: click(findTestObject("V2/PR-369/UpdateEditMeetingRocks/Edit_Visibility_Level_Department"))

2020-09-03 15:58:05 - [TEST_STEP][NOT_RUN] - sendKeys(findTestObject("V2/PR-369/UpdateEditMeetingRocks/Edit_Milestone"), Keys.chord(LEFT_CONTROL, "a", BACK_SPACE)): NOT_RUN: sendKeys(findTestObject("V2/PR-369/UpdateEditMeetingRocks/Edit_Milestone"), Keys.chord(LEFT_CONTROL, "a", BACK_SPACE))

2020-09-03 15:58:05 - [MESSAGE][NOT_RUN] - NOT_RUN: sendKeys(findTestObject("V2/PR-369/UpdateEditMeetingRocks/Edit_Milestone"), Keys.chord(LEFT_CONTROL, "a", BACK_SPACE))

2020-09-03 15:58:05 - [TEST_STEP][NOT_RUN] - setText(findTestObject("V2/PR-369/UpdateEditMeetingRocks/Edit_Milestone"), editMilestoneName): NOT_RUN: setText(findTestObject("V2/PR-369/UpdateEditMeetingRocks/Edit_Milestone"), editMilestoneName)

2020-09-03 15:58:05 - [MESSAGE][NOT_RUN] - NOT_RUN: setText(findTestObject("V2/PR-369/UpdateEditMeetingRocks/Edit_Milestone"), editMilestoneName)

2020-09-03 15:58:05 - [TEST_STEP][NOT_RUN] - click(findTestObject("V2/PR-369/UpdateEditMeetingRocks/Done_CheckBox")): NOT_RUN: click(findTestObject("V2/PR-369/UpdateEditMeetingRocks/Done_CheckBox"))

2020-09-03 15:58:05 - [MESSAGE][NOT_RUN] - NOT_RUN: click(findTestObject("V2/PR-369/UpdateEditMeetingRocks/Done_CheckBox"))

2020-09-03 15:58:05 - [TEST_STEP][NOT_RUN] - click(findTestObject("V2/PR-369/UpdateEditMeetingRocks/Update_Button")): NOT_RUN: click(findTestObject("V2/PR-369/UpdateEditMeetingRocks/Update_Button"))

2020-09-03 15:58:05 - [MESSAGE][NOT_RUN] - NOT_RUN: click(findTestObject("V2/PR-369/UpdateEditMeetingRocks/Update_Button"))

2020-09-03 15:58:05 - [TEST_STEP][NOT_RUN] - delay(10): NOT_RUN: delay(10)

2020-09-03 15:58:05 - [MESSAGE][NOT_RUN] - NOT_RUN: delay(10)

2020-09-03 15:58:05 - [TEST_STEP][NOT_RUN] - editverifyRocks = tt_CustomKeywords.CustomKeywords.CreateDynamicElement(verifyRocks_Obj, editRockName, "xpath"): NOT_RUN: editverifyRocks = tt_CustomKeywords.CustomKeywords.CreateDynamicElement(verifyRocks_Obj, editRockName, "xpath")

2020-09-03 15:58:05 - [MESSAGE][NOT_RUN] - NOT_RUN: editverifyRocks = tt_CustomKeywords.CustomKeywords.CreateDynamicElement(verifyRocks_Obj, editRockName, "xpath")

2020-09-03 15:58:05 - [TEST_STEP][NOT_RUN] - verifyElementPresent(editverifyRocks, DefaultTimeout): NOT_RUN: verifyElementPresent(editverifyRocks, DefaultTimeout)

2020-09-03 15:58:05 - [MESSAGE][NOT_RUN] - NOT_RUN: verifyElementPresent(editverifyRocks, DefaultTimeout)

2020-09-03 15:58:05 - [TEST_STEP][NOT_RUN] - editverifyMilestone = tt_CustomKeywords.CustomKeywords.CreateDynamicElement(verifyMilestone_Obj, editMilestoneName, "xpath"): NOT_RUN: editverifyMilestone = tt_CustomKeywords.CustomKeywords.CreateDynamicElement(verifyMilestone_Obj, editMilestoneName, "xpath")

2020-09-03 15:58:05 - [MESSAGE][NOT_RUN] - NOT_RUN: editverifyMilestone = tt_CustomKeywords.CustomKeywords.CreateDynamicElement(verifyMilestone_Obj, editMilestoneName, "xpath")

2020-09-03 15:58:05 - [TEST_STEP][NOT_RUN] - verifyElementPresent(editverifyMilestone, DefaultTimeout): NOT_RUN: verifyElementPresent(editverifyMilestone, DefaultTimeout)

2020-09-03 15:58:05 - [MESSAGE][NOT_RUN] - NOT_RUN: verifyElementPresent(editverifyMilestone, DefaultTimeout)

2020-09-03 15:58:05 - [MESSAGE][PASSED] - Call Test Case 'Test Cases/V2/Test Case/Tests/PR-369 - EditMeetingAgenda/Test Cases/Positive/Admin/PR_369_7_EditMeetingCreateRock_Admin' successfully

2020-09-03 15:58:05 - [TEST_STEP][PASSED] - changeWebDriver(driver2): null

2020-09-03 15:58:05 - [TEST_STEP][PASSED] - callTestCase(findTestCase("V2/Test Case/Pre-conditions/PRE_CreateL10Meeting"), ["meetingName":meetingNameS, "meetingAcronym":meetingAcronym, "meetingType":meetingType, "dropdownOptions_obj":"//div[@id='CREATE_MEETING_L10']//span[text()='%s']/parent::div[@role='option']", ... ], STOP_ON_FAILURE): Call Test Case 'Test Cases/V2/Test Case/Pre-conditions/PRE_CreateL10Meeting' successfully

2020-09-03 15:58:05 - [TEST_CASE][PASSED] - Test Cases/V2/Test Case/Pre-conditions/PRE_CreateL10Meeting: Test Cases/V2/Test Case/Pre-conditions/PRE_CreateL10Meeting

2020-09-03 15:58:05 - [TEST_STEP][PASSED] - click(findTestObject("V2/Commons/DasboardPage_SidebarMenu/MeetingsMenu")): Object: 'Object Repository/V2/Commons/DasboardPage_SidebarMenu/MeetingsMenu' is clicked on

2020-09-03 15:58:06 - [MESSAGE][PASSED] - Object: 'Object Repository/V2/Commons/DasboardPage_SidebarMenu/MeetingsMenu' is clicked on

2020-09-03 15:58:06 - [TEST_STEP][PASSED] - click(findTestObject("Object Repository/V2/Commons/MeetingListPage/div_Create a meeting")): Object: 'Object Repository/V2/Commons/MeetingListPage/div_Create a meeting' is clicked on

2020-09-03 15:58:06 - [MESSAGE][PASSED] - Object: 'Object Repository/V2/Commons/MeetingListPage/div_Create a meeting' is clicked on

2020-09-03 15:58:06 - [TEST_STEP][PASSED] - click(findTestObject("Object Repository/V2/Commons/MeetingListPage/button_Level 10")): Object: 'Object Repository/V2/Commons/MeetingListPage/button_Level 10' is clicked on

2020-09-03 15:58:06 - [MESSAGE][PASSED] - Object: 'Object Repository/V2/Commons/MeetingListPage/button_Level 10' is clicked on

2020-09-03 15:58:06 - [TEST_STEP][PASSED] - waitForElementVisible(findTestObject("V2/Commons/CreateL10MeetingDrawer/input__name"), DefaultTimeout): Object 'Object Repository/V2/Commons/CreateL10MeetingDrawer/input__name' is visible

2020-09-03 15:58:07 - [MESSAGE][PASSED] - Object 'Object Repository/V2/Commons/CreateL10MeetingDrawer/input__name' is visible

2020-09-03 15:58:07 - [TEST_STEP][PASSED] - setText(findTestObject("V2/Commons/CreateL10MeetingDrawer/input__name"), meetingName): Text 'Meeting Supervisor' is set on object 'Object Repository/V2/Commons/CreateL10MeetingDrawer/input__name'

2020-09-03 15:58:07 - [MESSAGE][PASSED] - Text 'Meeting Supervisor' is set on object 'Object Repository/V2/Commons/CreateL10MeetingDrawer/input__name'

2020-09-03 15:58:07 - [TEST_STEP][PASSED] - setText(findTestObject("V2/Commons/CreateL10MeetingDrawer/input__acronym"), meetingAcronym): Text 'CL10' is set on object 'Object Repository/V2/Commons/CreateL10MeetingDrawer/input__acronym'

2020-09-03 15:58:07 - [MESSAGE][PASSED] - Text 'CL10' is set on object 'Object Repository/V2/Commons/CreateL10MeetingDrawer/input__acronym'

2020-09-03 15:58:07 - [TEST_STEP][PASSED] - click(findTestObject("V2/Commons/CreateL10MeetingDrawer/input__typeOfMeeting")): Object: 'Object Repository/V2/Commons/CreateL10MeetingDrawer/input__typeOfMeeting' is clicked on

2020-09-03 15:58:07 - [MESSAGE][PASSED] - Object: 'Object Repository/V2/Commons/CreateL10MeetingDrawer/input__typeOfMeeting' is clicked on

2020-09-03 15:58:07 - [TEST_STEP][PASSED] - meetingTypeOption_Obj = tt_CustomKeywords.CustomKeywords.CreateDynamicElement(dropdownOptions_obj, meetingType, "xpath"): Successfully created new dynamic object: //div[@id='CREATE_MEETING_L10']//span[text()='Leadership']/parent::div[@role='option']

2020-09-03 15:58:07 - [MESSAGE][PASSED] - Successfully created new dynamic object: //div[@id='CREATE_MEETING_L10']//span[text()='Leadership']/parent::div[@role='option']

2020-09-03 15:58:07 - [TEST_STEP][PASSED] - click(meetingTypeOption_Obj): Object: '' is clicked on

2020-09-03 15:58:07 - [MESSAGE][PASSED] - Object: '' is clicked on

2020-09-03 15:58:07 - [TEST_STEP][PASSED] - click(findTestObject("V2/Commons/CreateL10MeetingDrawer/div_dayOfMeetingDropdownList")): Object: 'Object Repository/V2/Commons/CreateL10MeetingDrawer/div_dayOfMeetingDropdownList' is clicked on

2020-09-03 15:58:07 - [MESSAGE][PASSED] - Object: 'Object Repository/V2/Commons/CreateL10MeetingDrawer/div_dayOfMeetingDropdownList' is clicked on

2020-09-03 15:58:07 - [TEST_STEP][PASSED] - dayOfMeetingOption_Obj = tt_CustomKeywords.CustomKeywords.CreateDynamicElement(dropdownOptions_obj, dayOfMeeting, "xpath"): Successfully created new dynamic object: //div[@id='CREATE_MEETING_L10']//span[text()='Monday']/parent::div[@role='option']

2020-09-03 15:58:07 - [MESSAGE][PASSED] - Successfully created new dynamic object: //div[@id='CREATE_MEETING_L10']//span[text()='Monday']/parent::div[@role='option']

2020-09-03 15:58:07 - [TEST_STEP][PASSED] - click(dayOfMeetingOption_Obj): Object: '' is clicked on

2020-09-03 15:58:07 - [MESSAGE][PASSED] - Object: '' is clicked on

2020-09-03 15:58:07 - [TEST_STEP][PASSED] - click(findTestObject("V2/Commons/CreateL10MeetingDrawer/input_meetingTime")): Object: 'Object Repository/V2/Commons/CreateL10MeetingDrawer/input_meetingTime' is clicked on

2020-09-03 15:58:07 - [MESSAGE][PASSED] - Object: 'Object Repository/V2/Commons/CreateL10MeetingDrawer/input_meetingTime' is clicked on

2020-09-03 15:58:07 - [TEST_STEP][PASSED] - setText(findTestObject("V2/Commons/CreateL10MeetingDrawer/input_meetingTime"), meetingTime): Text '12:00' is set on object 'Object Repository/V2/Commons/CreateL10MeetingDrawer/input_meetingTime'

2020-09-03 15:58:07 - [MESSAGE][PASSED] - Text '12:00' is set on object 'Object Repository/V2/Commons/CreateL10MeetingDrawer/input_meetingTime'

2020-09-03 15:58:07 - [TEST_STEP][PASSED] - sendKeys(findTestObject("V2/Commons/CreateL10MeetingDrawer/input_meetingTime"), Keys.chord(TAB)): Keys 'TAB + ' sent to object: 'Object Repository/V2/Commons/CreateL10MeetingDrawer/input_meetingTime'

2020-09-03 15:58:07 - [MESSAGE][PASSED] - Keys 'TAB + ' sent to object: 'Object Repository/V2/Commons/CreateL10MeetingDrawer/input_meetingTime'

2020-09-03 15:58:07 - [TEST_STEP][PASSED] - click(findTestObject("V2/Commons/CreateL10MeetingDrawer/div_Create Meeting")): Object: 'Object Repository/V2/Commons/CreateL10MeetingDrawer/div_Create Meeting' is clicked on

2020-09-03 15:58:08 - [MESSAGE][PASSED] - Object: 'Object Repository/V2/Commons/CreateL10MeetingDrawer/div_Create Meeting' is clicked on

2020-09-03 15:58:08 - [TEST_STEP][PASSED] - waitForElementVisible(findTestObject("Object Repository/V2/Commons/MeetingListPage/div_Ill do this later"), DefaultTimeout): Object 'Object Repository/V2/Commons/MeetingListPage/div_Ill do this later' is visible

2020-09-03 15:58:41 - [MESSAGE][PASSED] - Object 'Object Repository/V2/Commons/MeetingListPage/div_Ill do this later' is visible

2020-09-03 15:58:41 - [TEST_STEP][PASSED] - verifyElementVisible(findTestObject("Object Repository/V2/Commons/MeetingListPage/div_Ill do this later"), STOP_ON_FAILURE): Object 'Object Repository/V2/Commons/MeetingListPage/div_Ill do this later' is visible

2020-09-03 15:58:41 - [MESSAGE][PASSED] - Object 'Object Repository/V2/Commons/MeetingListPage/div_Ill do this later' is visible

2020-09-03 15:58:41 - [TEST_STEP][PASSED] - click(findTestObject("Object Repository/V2/Commons/MeetingListPage/div_Ill do this later")): Object: 'Object Repository/V2/Commons/MeetingListPage/div_Ill do this later' is clicked on

2020-09-03 15:58:41 - [MESSAGE][PASSED] - Object: 'Object Repository/V2/Commons/MeetingListPage/div_Ill do this later' is clicked on

2020-09-03 15:58:41 - [TEST_STEP][PASSED] - meetingRecordObj = tt_CustomKeywords.CustomKeywords.CreateDynamicElement(meetingRecord_obj, meetingName, "xpath"): Successfully created new dynamic object: //div[@class='detailscontainer__block item']/h4[text()='Meeting Supervisor']

2020-09-03 15:58:41 - [MESSAGE][PASSED] - Successfully created new dynamic object: //div[@class='detailscontainer__block item']/h4[text()='Meeting Supervisor']

2020-09-03 15:58:41 - [TEST_STEP][PASSED] - verifyElementPresent(meetingRecordObj, DefaultTimeout): Object '' is present

2020-09-03 15:58:41 - [MESSAGE][PASSED] - Object '' is present

2020-09-03 15:58:41 - [MESSAGE][PASSED] - Call Test Case 'Test Cases/V2/Test Case/Pre-conditions/PRE_CreateL10Meeting' successfully

2020-09-03 15:58:41 - [TEST_STEP][PASSED] - callTestCase(findTestCase("V2/Test Case/Tests/PR-369 - EditMeetingAgenda/Test Cases/Positive/Supervisor/PR_369_7_EditMeetingCreateRock_Supervisor"), ["userName":"jeff+075@mytractiontools.com", "passWord":"Skyline69A*", "meetingRowPosition":"3", "editMeetingMenu_Obj":"//div[@id='root']/div/div[2]/div/div/div/div[2]/div/div[%s]/div[3]/button/i", ... ], STOP_ON_FAILURE): Call Test Case 'Test Cases/V2/Test Case/Tests/PR-369 - EditMeetingAgenda/Test Cases/Positive/Supervisor/PR_369_7_EditMeetingCreateRock_Supervisor' successfully

2020-09-03 15:58:41 - [TEST_CASE][PASSED] - Test Cases/V2/Test Case/Tests/PR-369 - EditMeetingAgenda/Test Cases/Positive/Supervisor/PR_369_7_EditMeetingCreateRock_Supervisor: Test Cases/V2/Test Case/Tests/PR-369 - EditMeetingAgenda/Test Cases/Positive/Supervisor/PR_369_7_EditMeetingCreateRock_Supervisor

2020-09-03 15:58:41 - [TEST_STEP][NOT_RUN] - openBrowser(""): NOT_RUN: openBrowser("")

2020-09-03 15:58:41 - [MESSAGE][NOT_RUN] - NOT_RUN: openBrowser("")

2020-09-03 15:58:41 - [TEST_STEP][NOT_RUN] - maximizeWindow(): NOT_RUN: maximizeWindow()

2020-09-03 15:58:41 - [MESSAGE][NOT_RUN] - NOT_RUN: maximizeWindow()

2020-09-03 15:58:41 - [TEST_STEP][NOT_RUN] - navigateToUrl(V2Url): NOT_RUN: navigateToUrl(V2Url)

2020-09-03 15:58:41 - [MESSAGE][NOT_RUN] - NOT_RUN: navigateToUrl(V2Url)

2020-09-03 15:58:41 - [TEST_STEP][NOT_RUN] - setText(findTestObject("V2/PR-369/Page_Login/userName_Field"), "tractiontools.user001+ta58jzbl@gmail.com"): NOT_RUN: setText(findTestObject("V2/PR-369/Page_Login/userName_Field"), "tractiontools.user001+ta58jzbl@gmail.com")

2020-09-03 15:58:41 - [MESSAGE][NOT_RUN] - NOT_RUN: setText(findTestObject("V2/PR-369/Page_Login/userName_Field"), "tractiontools.user001+ta58jzbl@gmail.com")

2020-09-03 15:58:41 - [TEST_STEP][NOT_RUN] - setText(findTestObject("V2/PR-369/Page_Login/passWord_Field"), "Qwer123!"): NOT_RUN: setText(findTestObject("V2/PR-369/Page_Login/passWord_Field"), "Qwer123!")

2020-09-03 15:58:41 - [MESSAGE][NOT_RUN] - NOT_RUN: setText(findTestObject("V2/PR-369/Page_Login/passWord_Field"), "Qwer123!")

2020-09-03 15:58:41 - [TEST_STEP][NOT_RUN] - click(findTestObject("V2/PR-369/Page_Login/Login_Button")): NOT_RUN: click(findTestObject("V2/PR-369/Page_Login/Login_Button"))

2020-09-03 15:58:41 - [MESSAGE][NOT_RUN] - NOT_RUN: click(findTestObject("V2/PR-369/Page_Login/Login_Button"))

2020-09-03 15:58:41 - [TEST_STEP][PASSED] - waitForElementVisible(findTestObject("V2/Commons/DasboardPage_SidebarMenu/MeetingsMenu"), DefaultTimeout): Object 'Object Repository/V2/Commons/DasboardPage_SidebarMenu/MeetingsMenu' is visible

2020-09-03 15:58:41 - [MESSAGE][PASSED] - Object 'Object Repository/V2/Commons/DasboardPage_SidebarMenu/MeetingsMenu' is visible

2020-09-03 15:58:41 - [TEST_STEP][PASSED] - click(findTestObject("V2/Commons/DasboardPage_SidebarMenu/MeetingsMenu")): Object: 'Object Repository/V2/Commons/DasboardPage_SidebarMenu/MeetingsMenu' is clicked on

2020-09-03 15:58:41 - [MESSAGE][PASSED] - Object: 'Object Repository/V2/Commons/DasboardPage_SidebarMenu/MeetingsMenu' is clicked on

2020-09-03 15:58:41 - [TEST_STEP][PASSED] - meetingOpt_Obj = tt_CustomKeywords.CustomKeywords.CreateDynamicElement(meetingOptions_obj, meetingName, "xpath"): Successfully created new dynamic object: //h4[text()='Meeting Supervisor']/ancestor::div[contains(@class,'ListContainer')]/div[@class='listcontainer__options']/button

2020-09-03 15:58:41 - [MESSAGE][PASSED] - Successfully created new dynamic object: //h4[text()='Meeting Supervisor']/ancestor::div[contains(@class,'ListContainer')]/div[@class='listcontainer__options']/button

2020-09-03 15:58:41 - [TEST_STEP][PASSED] - waitForElementVisible(meetingOpt_Obj, DefaultTimeout): Object '' is visible

2020-09-03 15:58:41 - [MESSAGE][PASSED] - Object '' is visible

2020-09-03 15:58:41 - [TEST_STEP][PASSED] - click(meetingOpt_Obj): Object: '' is clicked on

2020-09-03 15:58:41 - [MESSAGE][PASSED] - Object: '' is clicked on

2020-09-03 15:58:41 - [TEST_STEP][PASSED] - click(findTestObject("V2/Commons/MeetingListPage/a_Edit meeting")): Object: 'Object Repository/V2/Commons/MeetingListPage/a_Edit meeting' is clicked on

2020-09-03 15:58:41 - [MESSAGE][PASSED] - Object: 'Object Repository/V2/Commons/MeetingListPage/a_Edit meeting' is clicked on

2020-09-03 15:58:41 - [TEST_STEP][PASSED] - waitForElementVisible(findTestObject("V2/PR-369/Edit_Meeting_Rocks/Rocks_Menu"), DefaultTimeout): Object 'Object Repository/V2/PR-369/Edit_Meeting_Rocks/Rocks_Menu' is visible

2020-09-03 15:58:42 - [MESSAGE][PASSED] - Object 'Object Repository/V2/PR-369/Edit_Meeting_Rocks/Rocks_Menu' is visible

2020-09-03 15:58:42 - [TEST_STEP][PASSED] - click(findTestObject("V2/PR-369/Edit_Meeting_Rocks/Rocks_Menu")): Object: 'Object Repository/V2/PR-369/Edit_Meeting_Rocks/Rocks_Menu' is clicked on

2020-09-03 15:58:43 - [MESSAGE][PASSED] - Object: 'Object Repository/V2/PR-369/Edit_Meeting_Rocks/Rocks_Menu' is clicked on

2020-09-03 15:58:43 - [TEST_STEP][PASSED] - click(findTestObject("V2/PR-369/Edit_Meeting_Rocks/CreateRocksButton")): Object: 'Object Repository/V2/PR-369/Edit_Meeting_Rocks/CreateRocksButton' is clicked on

2020-09-03 15:58:43 - [MESSAGE][PASSED] - Object: 'Object Repository/V2/PR-369/Edit_Meeting_Rocks/CreateRocksButton' is clicked on

2020-09-03 15:58:43 - [TEST_STEP][PASSED] - click(findTestObject("V2/PR-369/Edit_Meeting_Rocks/Create_New_Rocks")): Object: 'Object Repository/V2/PR-369/Edit_Meeting_Rocks/Create_New_Rocks' is clicked on

2020-09-03 15:58:43 - [MESSAGE][PASSED] - Object: 'Object Repository/V2/PR-369/Edit_Meeting_Rocks/Create_New_Rocks' is clicked on

2020-09-03 15:58:43 - [TEST_STEP][PASSED] - waitForElementVisible(findTestObject("V2/PR-369/Edit_Meeting_Rocks/Rock_Name_Title"), DefaultTimeout): Object 'Object Repository/V2/PR-369/Edit_Meeting_Rocks/Rock_Name_Title' is visible

2020-09-03 15:58:43 - [MESSAGE][PASSED] - Object 'Object Repository/V2/PR-369/Edit_Meeting_Rocks/Rock_Name_Title' is visible

2020-09-03 15:58:43 - [TEST_STEP][PASSED] - setText(findTestObject("V2/PR-369/Edit_Meeting_Rocks/Rock_Name_Title"), rockName): Text 'QA Edit Meeting Automation Rock Test' is set on object 'Object Repository/V2/PR-369/Edit_Meeting_Rocks/Rock_Name_Title'

2020-09-03 15:58:43 - [MESSAGE][PASSED] - Text 'QA Edit Meeting Automation Rock Test' is set on object 'Object Repository/V2/PR-369/Edit_Meeting_Rocks/Rock_Name_Title'

2020-09-03 15:58:43 - [TEST_STEP][PASSED] - click(findTestObject("V2/PR-369/Edit_Meeting_Rocks/Status_OffTrack_Rock")): Object: 'Object Repository/V2/PR-369/Edit_Meeting_Rocks/Status_OffTrack_Rock' is clicked on

2020-09-03 15:58:43 - [MESSAGE][PASSED] - Object: 'Object Repository/V2/PR-369/Edit_Meeting_Rocks/Status_OffTrack_Rock' is clicked on

2020-09-03 15:58:43 - [TEST_STEP][PASSED] - click(findTestObject("V2/PR-369/Edit_Meeting_Rocks/Accountable_Owner_Field")): Object: 'Object Repository/V2/PR-369/Edit_Meeting_Rocks/Accountable_Owner_Field' is clicked on

2020-09-03 15:58:43 - [MESSAGE][PASSED] - Object: 'Object Repository/V2/PR-369/Edit_Meeting_Rocks/Accountable_Owner_Field' is clicked on

2020-09-03 15:58:43 - [TEST_STEP][PASSED] - accountableOwner = tt_CustomKeywords.CustomKeywords.CreateDynamicElement(owner_Obj, ownerSelected, "xpath"): Successfully created new dynamic object: //div[@data-test-id='createRock']//div[@role='listbox'][@class='visible menu transition']/div[@role='option'][contains(@class,'item')]/span[text()='Admin User']

2020-09-03 15:58:43 - [MESSAGE][PASSED] - Successfully created new dynamic object: //div[@data-test-id='createRock']//div[@role='listbox'][@class='visible menu transition']/div[@role='option'][contains(@class,'item')]/span[text()='Admin User']

2020-09-03 15:58:43 - [TEST_STEP][PASSED] - click(accountableOwner): Object: '' is clicked on

2020-09-03 15:58:44 - [MESSAGE][PASSED] - Object: '' is clicked on

2020-09-03 15:58:44 - [TEST_STEP][PASSED] - click(findTestObject("V2/PR-369/Edit_Meeting_Rocks/Visibility_Level_Field")): Object: 'Object Repository/V2/PR-369/Edit_Meeting_Rocks/Visibility_Level_Field' is clicked on

2020-09-03 15:58:44 - [MESSAGE][PASSED] - Object: 'Object Repository/V2/PR-369/Edit_Meeting_Rocks/Visibility_Level_Field' is clicked on

2020-09-03 15:58:44 - [TEST_STEP][PASSED] - click(findTestObject("V2/PR-369/Edit_Meeting_Rocks/Visibility_Level_Company")): Object: 'Object Repository/V2/PR-369/Edit_Meeting_Rocks/Visibility_Level_Company' is clicked on

2020-09-03 15:58:44 - [MESSAGE][PASSED] - Object: 'Object Repository/V2/PR-369/Edit_Meeting_Rocks/Visibility_Level_Company' is clicked on

2020-09-03 15:58:44 - [TEST_STEP][PASSED] - click(findTestObject("V2/PR-369/Edit_Meeting_Rocks/Rocks_Due_Date_Field")): Object: 'Object Repository/V2/PR-369/Edit_Meeting_Rocks/Rocks_Due_Date_Field' is clicked on

2020-09-03 15:58:44 - [MESSAGE][PASSED] - Object: 'Object Repository/V2/PR-369/Edit_Meeting_Rocks/Rocks_Due_Date_Field' is clicked on

2020-09-03 15:58:44 - [TEST_STEP][PASSED] - waitForElementVisible(findTestObject("V2/PR-369/Edit_Meeting_Scorecard/A_Date29"), DefaultTimeout): Object 'Object Repository/V2/PR-369/Edit_Meeting_Scorecard/A_Date29' is visible

2020-09-03 15:58:44 - [MESSAGE][PASSED] - Object 'Object Repository/V2/PR-369/Edit_Meeting_Scorecard/A_Date29' is visible

2020-09-03 15:58:44 - [TEST_STEP][PASSED] - click(findTestObject("V2/PR-369/Edit_Meeting_Scorecard/A_Date29")): Object: 'Object Repository/V2/PR-369/Edit_Meeting_Scorecard/A_Date29' is clicked on

2020-09-03 15:58:44 - [MESSAGE][PASSED] - Object: 'Object Repository/V2/PR-369/Edit_Meeting_Scorecard/A_Date29' is clicked on

2020-09-03 15:58:44 - [TEST_STEP][PASSED] - verifyElementVisible(findTestObject("V2/PR-369/Edit_Meeting_Rocks/Verify_Notes_Section")): Object 'Object Repository/V2/PR-369/Edit_Meeting_Rocks/Verify_Notes_Section' is visible

2020-09-03 15:58:44 - [MESSAGE][PASSED] - Object 'Object Repository/V2/PR-369/Edit_Meeting_Rocks/Verify_Notes_Section' is visible

2020-09-03 15:58:44 - [TEST_STEP][PASSED] - setText(findTestObject("V2/PR-369/Edit_Meeting_Rocks/Notes_Comments"), Notes): Text 'Sample Notes' is set on object 'Object Repository/V2/PR-369/Edit_Meeting_Rocks/Notes_Comments'

2020-09-03 15:58:56 - [MESSAGE][PASSED] - Text 'Sample Notes' is set on object 'Object Repository/V2/PR-369/Edit_Meeting_Rocks/Notes_Comments'

2020-09-03 15:58:56 - [TEST_STEP][PASSED] - sendKeys(findTestObject("V2/PR-369/Edit_Meeting_Rocks/Add_Milestone_Button"), Keys.chord(PAGE_DOWN)): Keys 'PAGE_DOWN + ' sent to object: 'Object Repository/V2/PR-369/Edit_Meeting_Rocks/Add_Milestone_Button'

2020-09-03 15:58:56 - [MESSAGE][PASSED] - Keys 'PAGE_DOWN + ' sent to object: 'Object Repository/V2/PR-369/Edit_Meeting_Rocks/Add_Milestone_Button'

2020-09-03 15:58:56 - [TEST_STEP][PASSED] - click(findTestObject("V2/PR-369/Edit_Meeting_Rocks/Add_Milestone_Button")): Object: 'Object Repository/V2/PR-369/Edit_Meeting_Rocks/Add_Milestone_Button' is clicked on

2020-09-03 15:58:56 - [MESSAGE][PASSED] - Object: 'Object Repository/V2/PR-369/Edit_Meeting_Rocks/Add_Milestone_Button' is clicked on

2020-09-03 15:58:56 - [TEST_STEP][PASSED] - setText(findTestObject("V2/PR-369/Edit_Meeting_Rocks/Milestone_Text_Field"), milestoneName): Text 'Milestone 1' is set on object 'Object Repository/V2/PR-369/Edit_Meeting_Rocks/Milestone_Text_Field'

2020-09-03 15:58:56 - [MESSAGE][PASSED] - Text 'Milestone 1' is set on object 'Object Repository/V2/PR-369/Edit_Meeting_Rocks/Milestone_Text_Field'

2020-09-03 15:58:56 - [TEST_STEP][PASSED] - click(findTestObject("V2/PR-369/Edit_Meeting_Rocks/Milestone_date")): Object: 'Object Repository/V2/PR-369/Edit_Meeting_Rocks/Milestone_date' is clicked on

2020-09-03 15:58:56 - [MESSAGE][PASSED] - Object: 'Object Repository/V2/PR-369/Edit_Meeting_Rocks/Milestone_date' is clicked on

2020-09-03 15:58:56 - [TEST_STEP][PASSED] - waitForElementVisible(findTestObject("V2/PR-369/Edit_Meeting_Scorecard/A_Date29"), DefaultTimeout): Object 'Object Repository/V2/PR-369/Edit_Meeting_Scorecard/A_Date29' is visible

2020-09-03 15:58:56 - [MESSAGE][PASSED] - Object 'Object Repository/V2/PR-369/Edit_Meeting_Scorecard/A_Date29' is visible

2020-09-03 15:58:56 - [TEST_STEP][PASSED] - click(findTestObject("V2/PR-369/Edit_Meeting_Scorecard/A_Date29")): Object: 'Object Repository/V2/PR-369/Edit_Meeting_Scorecard/A_Date29' is clicked on

2020-09-03 15:58:56 - [MESSAGE][PASSED] - Object: 'Object Repository/V2/PR-369/Edit_Meeting_Scorecard/A_Date29' is clicked on

2020-09-03 15:58:56 - [TEST_STEP][PASSED] - click(findTestObject("V2/PR-369/Edit_Meeting_Rocks/Save_Button")): Object: 'Object Repository/V2/PR-369/Edit_Meeting_Rocks/Save_Button' is clicked on

2020-09-03 15:58:56 - [MESSAGE][PASSED] - Object: 'Object Repository/V2/PR-369/Edit_Meeting_Rocks/Save_Button' is clicked on

2020-09-03 15:58:56 - [TEST_STEP][PASSED] - delay(10): Delayed 10 second(s)

2020-09-03 15:59:06 - [MESSAGE][PASSED] - Delayed 10 second(s)

2020-09-03 15:59:06 - [TEST_STEP][PASSED] - verifyRocks = tt_CustomKeywords.CustomKeywords.CreateDynamicElement(verifyRocks_Obj, rockName, "xpath"): Successfully created new dynamic object: //h2[text()='Rocks']/ancestor::div[contains(@class,'CardStyles')]/div[2]//div[@data-test-id='rock.title'][contains(@class,'TextBodyStyles-sc') and text()='QA Edit Meeting Automation Rock Test']

2020-09-03 15:59:06 - [MESSAGE][PASSED] - Successfully created new dynamic object: //h2[text()='Rocks']/ancestor::div[contains(@class,'CardStyles')]/div[2]//div[@data-test-id='rock.title'][contains(@class,'TextBodyStyles-sc') and text()='QA Edit Meeting Automation Rock Test']

2020-09-03 15:59:06 - [TEST_STEP][PASSED] - verifyElementPresent(verifyRocks, DefaultTimeout): Object '' is present

2020-09-03 15:59:07 - [MESSAGE][PASSED] - Object '' is present

2020-09-03 15:59:07 - [TEST_STEP][PASSED] - verifyMilestone = tt_CustomKeywords.CustomKeywords.CreateDynamicElement(verifyMilestone_Obj, milestoneName, "xpath"): Successfully created new dynamic object: //h2[text()='Rocks']/ancestor::div[contains(@class,'CardStyles')]/div[2]//div[contains(@class,'milestoneListItem__name')]/span[text()='Milestone 1']

2020-09-03 15:59:07 - [MESSAGE][PASSED] - Successfully created new dynamic object: //h2[text()='Rocks']/ancestor::div[contains(@class,'CardStyles')]/div[2]//div[contains(@class,'milestoneListItem__name')]/span[text()='Milestone 1']

2020-09-03 15:59:07 - [TEST_STEP][PASSED] - verifyElementPresent(verifyMilestone, DefaultTimeout): Object '' is present

2020-09-03 15:59:07 - [MESSAGE][PASSED] - Object '' is present

2020-09-03 15:59:07 - [TEST_STEP][NOT_RUN] - click(verifyRocks): NOT_RUN: click(verifyRocks)

2020-09-03 15:59:07 - [MESSAGE][NOT_RUN] - NOT_RUN: click(verifyRocks)

2020-09-03 15:59:07 - [TEST_STEP][NOT_RUN] - delay(10): NOT_RUN: delay(10)

2020-09-03 15:59:07 - [MESSAGE][NOT_RUN] - NOT_RUN: delay(10)

2020-09-03 15:59:07 - [TEST_STEP][NOT_RUN] - click(findTestObject("V2/PR-369/UpdateEditMeetingRocks/Edit_Rock_Name")): NOT_RUN: click(findTestObject("V2/PR-369/UpdateEditMeetingRocks/Edit_Rock_Name"))

2020-09-03 15:59:07 - [MESSAGE][NOT_RUN] - NOT_RUN: click(findTestObject("V2/PR-369/UpdateEditMeetingRocks/Edit_Rock_Name"))

2020-09-03 15:59:07 - [TEST_STEP][NOT_RUN] - sendKeys(findTestObject("V2/PR-369/UpdateEditMeetingRocks/Edit_Rock_Name"), Keys.chord(LEFT_CONTROL, "a", BACK_SPACE)): NOT_RUN: sendKeys(findTestObject("V2/PR-369/UpdateEditMeetingRocks/Edit_Rock_Name"), Keys.chord(LEFT_CONTROL, "a", BACK_SPACE))

2020-09-03 15:59:07 - [MESSAGE][NOT_RUN] - NOT_RUN: sendKeys(findTestObject("V2/PR-369/UpdateEditMeetingRocks/Edit_Rock_Name"), Keys.chord(LEFT_CONTROL, "a", BACK_SPACE))

2020-09-03 15:59:07 - [TEST_STEP][NOT_RUN] - setText(findTestObject("V2/PR-369/UpdateEditMeetingRocks/Edit_Rock_Name"), editRockName): NOT_RUN: setText(findTestObject("V2/PR-369/UpdateEditMeetingRocks/Edit_Rock_Name"), editRockName)

2020-09-03 15:59:07 - [MESSAGE][NOT_RUN] - NOT_RUN: setText(findTestObject("V2/PR-369/UpdateEditMeetingRocks/Edit_Rock_Name"), editRockName)

2020-09-03 15:59:07 - [TEST_STEP][NOT_RUN] - click(findTestObject("V2/PR-369/UpdateEditMeetingRocks/Edit_Status_Done")): NOT_RUN: click(findTestObject("V2/PR-369/UpdateEditMeetingRocks/Edit_Status_Done"))

2020-09-03 15:59:07 - [MESSAGE][NOT_RUN] - NOT_RUN: click(findTestObject("V2/PR-369/UpdateEditMeetingRocks/Edit_Status_Done"))

2020-09-03 15:59:07 - [TEST_STEP][NOT_RUN] - click(findTestObject("V2/PR-369/UpdateEditMeetingRocks/Edit_Accountable_Owner")): NOT_RUN: click(findTestObject("V2/PR-369/UpdateEditMeetingRocks/Edit_Accountable_Owner"))

2020-09-03 15:59:07 - [MESSAGE][NOT_RUN] - NOT_RUN: click(findTestObject("V2/PR-369/UpdateEditMeetingRocks/Edit_Accountable_Owner"))

2020-09-03 15:59:07 - [TEST_STEP][NOT_RUN] - editOwner = tt_CustomKeywords.CustomKeywords.CreateDynamicElement(editOwner_Obj, editOwner, "xpath"): NOT_RUN: editOwner = tt_CustomKeywords.CustomKeywords.CreateDynamicElement(editOwner_Obj, editOwner, "xpath")

2020-09-03 15:59:07 - [MESSAGE][NOT_RUN] - NOT_RUN: editOwner = tt_CustomKeywords.CustomKeywords.CreateDynamicElement(editOwner_Obj, editOwner, "xpath")

2020-09-03 15:59:07 - [TEST_STEP][NOT_RUN] - click(editOwner): NOT_RUN: click(editOwner)

2020-09-03 15:59:07 - [MESSAGE][NOT_RUN] - NOT_RUN: click(editOwner)

2020-09-03 15:59:07 - [TEST_STEP][NOT_RUN] - click(findTestObject("V2/PR-369/UpdateEditMeetingRocks/Edit_Visibility_Level")): NOT_RUN: click(findTestObject("V2/PR-369/UpdateEditMeetingRocks/Edit_Visibility_Level"))

2020-09-03 15:59:07 - [MESSAGE][NOT_RUN] - NOT_RUN: click(findTestObject("V2/PR-369/UpdateEditMeetingRocks/Edit_Visibility_Level"))

2020-09-03 15:59:07 - [TEST_STEP][NOT_RUN] - click(findTestObject("V2/PR-369/UpdateEditMeetingRocks/Edit_Visibility_Level_Department")): NOT_RUN: click(findTestObject("V2/PR-369/UpdateEditMeetingRocks/Edit_Visibility_Level_Department"))

2020-09-03 15:59:07 - [MESSAGE][NOT_RUN] - NOT_RUN: click(findTestObject("V2/PR-369/UpdateEditMeetingRocks/Edit_Visibility_Level_Department"))

2020-09-03 15:59:07 - [TEST_STEP][NOT_RUN] - sendKeys(findTestObject("V2/PR-369/UpdateEditMeetingRocks/Edit_Milestone"), Keys.chord(LEFT_CONTROL, "a", BACK_SPACE)): NOT_RUN: sendKeys(findTestObject("V2/PR-369/UpdateEditMeetingRocks/Edit_Milestone"), Keys.chord(LEFT_CONTROL, "a", BACK_SPACE))

2020-09-03 15:59:07 - [MESSAGE][NOT_RUN] - NOT_RUN: sendKeys(findTestObject("V2/PR-369/UpdateEditMeetingRocks/Edit_Milestone"), Keys.chord(LEFT_CONTROL, "a", BACK_SPACE))

2020-09-03 15:59:07 - [TEST_STEP][NOT_RUN] - setText(findTestObject("V2/PR-369/UpdateEditMeetingRocks/Edit_Milestone"), editMilestoneName): NOT_RUN: setText(findTestObject("V2/PR-369/UpdateEditMeetingRocks/Edit_Milestone"), editMilestoneName)

2020-09-03 15:59:07 - [MESSAGE][NOT_RUN] - NOT_RUN: setText(findTestObject("V2/PR-369/UpdateEditMeetingRocks/Edit_Milestone"), editMilestoneName)

2020-09-03 15:59:07 - [TEST_STEP][NOT_RUN] - click(findTestObject("V2/PR-369/UpdateEditMeetingRocks/Done_CheckBox")): NOT_RUN: click(findTestObject("V2/PR-369/UpdateEditMeetingRocks/Done_CheckBox"))

2020-09-03 15:59:07 - [MESSAGE][NOT_RUN] - NOT_RUN: click(findTestObject("V2/PR-369/UpdateEditMeetingRocks/Done_CheckBox"))

2020-09-03 15:59:07 - [TEST_STEP][NOT_RUN] - click(findTestObject("V2/PR-369/UpdateEditMeetingRocks/Update_Button")): NOT_RUN: click(findTestObject("V2/PR-369/UpdateEditMeetingRocks/Update_Button"))

2020-09-03 15:59:07 - [MESSAGE][NOT_RUN] - NOT_RUN: click(findTestObject("V2/PR-369/UpdateEditMeetingRocks/Update_Button"))

2020-09-03 15:59:07 - [TEST_STEP][NOT_RUN] - delay(10): NOT_RUN: delay(10)

2020-09-03 15:59:07 - [MESSAGE][NOT_RUN] - NOT_RUN: delay(10)

2020-09-03 15:59:07 - [TEST_STEP][NOT_RUN] - editverifyRocks = tt_CustomKeywords.CustomKeywords.CreateDynamicElement(verifyRocks_Obj, editRockName, "xpath"): NOT_RUN: editverifyRocks = tt_CustomKeywords.CustomKeywords.CreateDynamicElement(verifyRocks_Obj, editRockName, "xpath")

2020-09-03 15:59:07 - [MESSAGE][NOT_RUN] - NOT_RUN: editverifyRocks = tt_CustomKeywords.CustomKeywords.CreateDynamicElement(verifyRocks_Obj, editRockName, "xpath")

2020-09-03 15:59:07 - [TEST_STEP][NOT_RUN] - verifyElementPresent(editverifyRocks, DefaultTimeout): NOT_RUN: verifyElementPresent(editverifyRocks, DefaultTimeout)

2020-09-03 15:59:07 - [MESSAGE][NOT_RUN] - NOT_RUN: verifyElementPresent(editverifyRocks, DefaultTimeout)

2020-09-03 15:59:07 - [TEST_STEP][NOT_RUN] - editverifyMilestone = tt_CustomKeywords.CustomKeywords.CreateDynamicElement(verifyMilestone_Obj, editMilestoneName, "xpath"): NOT_RUN: editverifyMilestone = tt_CustomKeywords.CustomKeywords.CreateDynamicElement(verifyMilestone_Obj, editMilestoneName, "xpath")

2020-09-03 15:59:07 - [MESSAGE][NOT_RUN] - NOT_RUN: editverifyMilestone = tt_CustomKeywords.CustomKeywords.CreateDynamicElement(verifyMilestone_Obj, editMilestoneName, "xpath")

2020-09-03 15:59:07 - [TEST_STEP][NOT_RUN] - verifyElementPresent(editverifyMilestone, DefaultTimeout): NOT_RUN: verifyElementPresent(editverifyMilestone, DefaultTimeout)

2020-09-03 15:59:07 - [MESSAGE][NOT_RUN] - NOT_RUN: verifyElementPresent(editverifyMilestone, DefaultTimeout)

2020-09-03 15:59:07 - [MESSAGE][PASSED] - Call Test Case 'Test Cases/V2/Test Case/Tests/PR-369 - EditMeetingAgenda/Test Cases/Positive/Supervisor/PR_369_7_EditMeetingCreateRock_Supervisor' successfully

2020-09-03 15:59:07 - [TEST_STEP][PASSED] - changeWebDriver(driver3): null

2020-09-03 15:59:07 - [TEST_STEP][PASSED] - callTestCase(findTestCase("V2/Test Case/Pre-conditions/PRE_CreateL10Meeting"), ["meetingName":meetingNameE, "meetingAcronym":meetingAcronym, "meetingType":meetingType, "dropdownOptions_obj":"//div[@id='CREATE_MEETING_L10']//span[text()='%s']/parent::div[@role='option']", ... ], STOP_ON_FAILURE): Call Test Case 'Test Cases/V2/Test Case/Pre-conditions/PRE_CreateL10Meeting' successfully

2020-09-03 15:59:07 - [TEST_CASE][PASSED] - Test Cases/V2/Test Case/Pre-conditions/PRE_CreateL10Meeting: Test Cases/V2/Test Case/Pre-conditions/PRE_CreateL10Meeting

2020-09-03 15:59:07 - [TEST_STEP][PASSED] - click(findTestObject("V2/Commons/DasboardPage_SidebarMenu/MeetingsMenu")): Object: 'Object Repository/V2/Commons/DasboardPage_SidebarMenu/MeetingsMenu' is clicked on

2020-09-03 15:59:07 - [MESSAGE][PASSED] - Object: 'Object Repository/V2/Commons/DasboardPage_SidebarMenu/MeetingsMenu' is clicked on

2020-09-03 15:59:07 - [TEST_STEP][PASSED] - click(findTestObject("Object Repository/V2/Commons/MeetingListPage/div_Create a meeting")): Object: 'Object Repository/V2/Commons/MeetingListPage/div_Create a meeting' is clicked on

2020-09-03 15:59:08 - [MESSAGE][PASSED] - Object: 'Object Repository/V2/Commons/MeetingListPage/div_Create a meeting' is clicked on

2020-09-03 15:59:08 - [TEST_STEP][PASSED] - click(findTestObject("Object Repository/V2/Commons/MeetingListPage/button_Level 10")): Object: 'Object Repository/V2/Commons/MeetingListPage/button_Level 10' is clicked on

2020-09-03 15:59:08 - [MESSAGE][PASSED] - Object: 'Object Repository/V2/Commons/MeetingListPage/button_Level 10' is clicked on

2020-09-03 15:59:08 - [TEST_STEP][PASSED] - waitForElementVisible(findTestObject("V2/Commons/CreateL10MeetingDrawer/input__name"), DefaultTimeout): Object 'Object Repository/V2/Commons/CreateL10MeetingDrawer/input__name' is visible

2020-09-03 15:59:09 - [MESSAGE][PASSED] - Object 'Object Repository/V2/Commons/CreateL10MeetingDrawer/input__name' is visible

2020-09-03 15:59:09 - [TEST_STEP][PASSED] - setText(findTestObject("V2/Commons/CreateL10MeetingDrawer/input__name"), meetingName): Text 'Meeting Employee' is set on object 'Object Repository/V2/Commons/CreateL10MeetingDrawer/input__name'

2020-09-03 15:59:09 - [MESSAGE][PASSED] - Text 'Meeting Employee' is set on object 'Object Repository/V2/Commons/CreateL10MeetingDrawer/input__name'

2020-09-03 15:59:09 - [TEST_STEP][PASSED] - setText(findTestObject("V2/Commons/CreateL10MeetingDrawer/input__acronym"), meetingAcronym): Text 'CL10' is set on object 'Object Repository/V2/Commons/CreateL10MeetingDrawer/input__acronym'

2020-09-03 15:59:09 - [MESSAGE][PASSED] - Text 'CL10' is set on object 'Object Repository/V2/Commons/CreateL10MeetingDrawer/input__acronym'

2020-09-03 15:59:09 - [TEST_STEP][PASSED] - click(findTestObject("V2/Commons/CreateL10MeetingDrawer/input__typeOfMeeting")): Object: 'Object Repository/V2/Commons/CreateL10MeetingDrawer/input__typeOfMeeting' is clicked on

2020-09-03 15:59:09 - [MESSAGE][PASSED] - Object: 'Object Repository/V2/Commons/CreateL10MeetingDrawer/input__typeOfMeeting' is clicked on

2020-09-03 15:59:09 - [TEST_STEP][PASSED] - meetingTypeOption_Obj = tt_CustomKeywords.CustomKeywords.CreateDynamicElement(dropdownOptions_obj, meetingType, "xpath"): Successfully created new dynamic object: //div[@id='CREATE_MEETING_L10']//span[text()='Leadership']/parent::div[@role='option']

2020-09-03 15:59:09 - [MESSAGE][PASSED] - Successfully created new dynamic object: //div[@id='CREATE_MEETING_L10']//span[text()='Leadership']/parent::div[@role='option']

2020-09-03 15:59:09 - [TEST_STEP][PASSED] - click(meetingTypeOption_Obj): Object: '' is clicked on

2020-09-03 15:59:09 - [MESSAGE][PASSED] - Object: '' is clicked on

2020-09-03 15:59:09 - [TEST_STEP][PASSED] - click(findTestObject("V2/Commons/CreateL10MeetingDrawer/div_dayOfMeetingDropdownList")): Object: 'Object Repository/V2/Commons/CreateL10MeetingDrawer/div_dayOfMeetingDropdownList' is clicked on

2020-09-03 15:59:09 - [MESSAGE][PASSED] - Object: 'Object Repository/V2/Commons/CreateL10MeetingDrawer/div_dayOfMeetingDropdownList' is clicked on

2020-09-03 15:59:09 - [TEST_STEP][PASSED] - dayOfMeetingOption_Obj = tt_CustomKeywords.CustomKeywords.CreateDynamicElement(dropdownOptions_obj, dayOfMeeting, "xpath"): Successfully created new dynamic object: //div[@id='CREATE_MEETING_L10']//span[text()='Monday']/parent::div[@role='option']

2020-09-03 15:59:09 - [MESSAGE][PASSED] - Successfully created new dynamic object: //div[@id='CREATE_MEETING_L10']//span[text()='Monday']/parent::div[@role='option']

2020-09-03 15:59:09 - [TEST_STEP][PASSED] - click(dayOfMeetingOption_Obj): Object: '' is clicked on

2020-09-03 15:59:09 - [MESSAGE][PASSED] - Object: '' is clicked on

2020-09-03 15:59:09 - [TEST_STEP][PASSED] - click(findTestObject("V2/Commons/CreateL10MeetingDrawer/input_meetingTime")): Object: 'Object Repository/V2/Commons/CreateL10MeetingDrawer/input_meetingTime' is clicked on

2020-09-03 15:59:10 - [MESSAGE][PASSED] - Object: 'Object Repository/V2/Commons/CreateL10MeetingDrawer/input_meetingTime' is clicked on

2020-09-03 15:59:10 - [TEST_STEP][PASSED] - setText(findTestObject("V2/Commons/CreateL10MeetingDrawer/input_meetingTime"), meetingTime): Text '12:00' is set on object 'Object Repository/V2/Commons/CreateL10MeetingDrawer/input_meetingTime'

2020-09-03 15:59:10 - [MESSAGE][PASSED] - Text '12:00' is set on object 'Object Repository/V2/Commons/CreateL10MeetingDrawer/input_meetingTime'

2020-09-03 15:59:10 - [TEST_STEP][PASSED] - sendKeys(findTestObject("V2/Commons/CreateL10MeetingDrawer/input_meetingTime"), Keys.chord(TAB)): Keys 'TAB + ' sent to object: 'Object Repository/V2/Commons/CreateL10MeetingDrawer/input_meetingTime'

2020-09-03 15:59:10 - [MESSAGE][PASSED] - Keys 'TAB + ' sent to object: 'Object Repository/V2/Commons/CreateL10MeetingDrawer/input_meetingTime'

2020-09-03 15:59:10 - [TEST_STEP][PASSED] - click(findTestObject("V2/Commons/CreateL10MeetingDrawer/div_Create Meeting")): Object: 'Object Repository/V2/Commons/CreateL10MeetingDrawer/div_Create Meeting' is clicked on

2020-09-03 15:59:10 - [MESSAGE][PASSED] - Object: 'Object Repository/V2/Commons/CreateL10MeetingDrawer/div_Create Meeting' is clicked on

2020-09-03 15:59:10 - [TEST_STEP][PASSED] - waitForElementVisible(findTestObject("Object Repository/V2/Commons/MeetingListPage/div_Ill do this later"), DefaultTimeout): Object 'Object Repository/V2/Commons/MeetingListPage/div_Ill do this later' is visible

2020-09-03 15:59:43 - [MESSAGE][PASSED] - Object 'Object Repository/V2/Commons/MeetingListPage/div_Ill do this later' is visible

2020-09-03 15:59:43 - [TEST_STEP][PASSED] - verifyElementVisible(findTestObject("Object Repository/V2/Commons/MeetingListPage/div_Ill do this later"), STOP_ON_FAILURE): Object 'Object Repository/V2/Commons/MeetingListPage/div_Ill do this later' is visible

2020-09-03 15:59:43 - [MESSAGE][PASSED] - Object 'Object Repository/V2/Commons/MeetingListPage/div_Ill do this later' is visible

2020-09-03 15:59:43 - [TEST_STEP][PASSED] - click(findTestObject("Object Repository/V2/Commons/MeetingListPage/div_Ill do this later")): Object: 'Object Repository/V2/Commons/MeetingListPage/div_Ill do this later' is clicked on

2020-09-03 15:59:43 - [MESSAGE][PASSED] - Object: 'Object Repository/V2/Commons/MeetingListPage/div_Ill do this later' is clicked on

2020-09-03 15:59:43 - [TEST_STEP][PASSED] - meetingRecordObj = tt_CustomKeywords.CustomKeywords.CreateDynamicElement(meetingRecord_obj, meetingName, "xpath"): Successfully created new dynamic object: //div[@class='detailscontainer__block item']/h4[text()='Meeting Employee']

2020-09-03 15:59:43 - [MESSAGE][PASSED] - Successfully created new dynamic object: //div[@class='detailscontainer__block item']/h4[text()='Meeting Employee']

2020-09-03 15:59:43 - [TEST_STEP][PASSED] - verifyElementPresent(meetingRecordObj, DefaultTimeout): Object '' is present

2020-09-03 15:59:43 - [MESSAGE][PASSED] - Object '' is present

2020-09-03 15:59:43 - [MESSAGE][PASSED] - Call Test Case 'Test Cases/V2/Test Case/Pre-conditions/PRE_CreateL10Meeting' successfully

2020-09-03 15:59:43 - [TEST_STEP][PASSED] - callTestCase(findTestCase("V2/Test Case/Tests/PR-369 - EditMeetingAgenda/Test Cases/Positive/Employee/PR_369_7_EditMeetingCreateRock_Employee"), ["userName":"jeff+075@mytractiontools.com", "passWord":"Skyline69A*", "meetingRowPosition":"3", "editMeetingMenu_Obj":"//div[@id='root']/div/div[2]/div/div/div/div[2]/div/div[%s]/div[3]/button/i", ... ], STOP_ON_FAILURE): Call Test Case 'Test Cases/V2/Test Case/Tests/PR-369 - EditMeetingAgenda/Test Cases/Positive/Employee/PR_369_7_EditMeetingCreateRock_Employee' successfully

2020-09-03 15:59:43 - [TEST_CASE][PASSED] - Test Cases/V2/Test Case/Tests/PR-369 - EditMeetingAgenda/Test Cases/Positive/Employee/PR_369_7_EditMeetingCreateRock_Employee: Test Cases/V2/Test Case/Tests/PR-369 - EditMeetingAgenda/Test Cases/Positive/Employee/PR_369_7_EditMeetingCreateRock_Employee

2020-09-03 15:59:43 - [TEST_STEP][NOT_RUN] - openBrowser(""): NOT_RUN: openBrowser("")

2020-09-03 15:59:43 - [MESSAGE][NOT_RUN] - NOT_RUN: openBrowser("")

2020-09-03 15:59:43 - [TEST_STEP][NOT_RUN] - maximizeWindow(): NOT_RUN: maximizeWindow()

2020-09-03 15:59:43 - [MESSAGE][NOT_RUN] - NOT_RUN: maximizeWindow()

2020-09-03 15:59:43 - [TEST_STEP][NOT_RUN] - navigateToUrl(V2Url): NOT_RUN: navigateToUrl(V2Url)

2020-09-03 15:59:43 - [MESSAGE][NOT_RUN] - NOT_RUN: navigateToUrl(V2Url)

2020-09-03 15:59:43 - [TEST_STEP][NOT_RUN] - setText(findTestObject("V2/PR-369/Page_Login/userName_Field"), "tractiontools.user001+ta58jzbl@gmail.com"): NOT_RUN: setText(findTestObject("V2/PR-369/Page_Login/userName_Field"), "tractiontools.user001+ta58jzbl@gmail.com")

2020-09-03 15:59:43 - [MESSAGE][NOT_RUN] - NOT_RUN: setText(findTestObject("V2/PR-369/Page_Login/userName_Field"), "tractiontools.user001+ta58jzbl@gmail.com")

2020-09-03 15:59:43 - [TEST_STEP][NOT_RUN] - setText(findTestObject("V2/PR-369/Page_Login/passWord_Field"), "Qwer123!"): NOT_RUN: setText(findTestObject("V2/PR-369/Page_Login/passWord_Field"), "Qwer123!")

2020-09-03 15:59:43 - [MESSAGE][NOT_RUN] - NOT_RUN: setText(findTestObject("V2/PR-369/Page_Login/passWord_Field"), "Qwer123!")

2020-09-03 15:59:43 - [TEST_STEP][NOT_RUN] - click(findTestObject("V2/PR-369/Page_Login/Login_Button")): NOT_RUN: click(findTestObject("V2/PR-369/Page_Login/Login_Button"))

2020-09-03 15:59:43 - [MESSAGE][NOT_RUN] - NOT_RUN: click(findTestObject("V2/PR-369/Page_Login/Login_Button"))

2020-09-03 15:59:43 - [TEST_STEP][PASSED] - waitForElementVisible(findTestObject("V2/Commons/DasboardPage_SidebarMenu/MeetingsMenu"), DefaultTimeout): Object 'Object Repository/V2/Commons/DasboardPage_SidebarMenu/MeetingsMenu' is visible

2020-09-03 15:59:43 - [MESSAGE][PASSED] - Object 'Object Repository/V2/Commons/DasboardPage_SidebarMenu/MeetingsMenu' is visible

2020-09-03 15:59:43 - [TEST_STEP][PASSED] - click(findTestObject("V2/Commons/DasboardPage_SidebarMenu/MeetingsMenu")): Object: 'Object Repository/V2/Commons/DasboardPage_SidebarMenu/MeetingsMenu' is clicked on

2020-09-03 15:59:43 - [MESSAGE][PASSED] - Object: 'Object Repository/V2/Commons/DasboardPage_SidebarMenu/MeetingsMenu' is clicked on

2020-09-03 15:59:43 - [TEST_STEP][PASSED] - meetingOpt_Obj = tt_CustomKeywords.CustomKeywords.CreateDynamicElement(meetingOptions_obj, meetingName, "xpath"): Successfully created new dynamic object: //h4[text()='Meeting Employee']/ancestor::div[contains(@class,'ListContainer')]/div[@class='listcontainer__options']/button

2020-09-03 15:59:43 - [MESSAGE][PASSED] - Successfully created new dynamic object: //h4[text()='Meeting Employee']/ancestor::div[contains(@class,'ListContainer')]/div[@class='listcontainer__options']/button

2020-09-03 15:59:43 - [TEST_STEP][PASSED] - waitForElementVisible(meetingOpt_Obj, DefaultTimeout): Object '' is visible

2020-09-03 15:59:43 - [MESSAGE][PASSED] - Object '' is visible

2020-09-03 15:59:43 - [TEST_STEP][PASSED] - click(meetingOpt_Obj): Object: '' is clicked on

2020-09-03 15:59:44 - [MESSAGE][PASSED] - Object: '' is clicked on

2020-09-03 15:59:44 - [TEST_STEP][PASSED] - click(findTestObject("V2/Commons/MeetingListPage/a_Edit meeting")): Object: 'Object Repository/V2/Commons/MeetingListPage/a_Edit meeting' is clicked on

2020-09-03 15:59:44 - [MESSAGE][PASSED] - Object: 'Object Repository/V2/Commons/MeetingListPage/a_Edit meeting' is clicked on

2020-09-03 15:59:44 - [TEST_STEP][PASSED] - waitForElementVisible(findTestObject("V2/PR-369/Edit_Meeting_Rocks/Rocks_Menu"), DefaultTimeout): Object 'Object Repository/V2/PR-369/Edit_Meeting_Rocks/Rocks_Menu' is visible

2020-09-03 15:59:45 - [MESSAGE][PASSED] - Object 'Object Repository/V2/PR-369/Edit_Meeting_Rocks/Rocks_Menu' is visible

2020-09-03 15:59:45 - [TEST_STEP][PASSED] - click(findTestObject("V2/PR-369/Edit_Meeting_Rocks/Rocks_Menu")): Object: 'Object Repository/V2/PR-369/Edit_Meeting_Rocks/Rocks_Menu' is clicked on

2020-09-03 15:59:45 - [MESSAGE][PASSED] - Object: 'Object Repository/V2/PR-369/Edit_Meeting_Rocks/Rocks_Menu' is clicked on

2020-09-03 15:59:45 - [TEST_STEP][PASSED] - click(findTestObject("V2/PR-369/Edit_Meeting_Rocks/CreateRocksButton")): Object: 'Object Repository/V2/PR-369/Edit_Meeting_Rocks/CreateRocksButton' is clicked on

2020-09-03 15:59:45 - [MESSAGE][PASSED] - Object: 'Object Repository/V2/PR-369/Edit_Meeting_Rocks/CreateRocksButton' is clicked on

2020-09-03 15:59:45 - [TEST_STEP][PASSED] - click(findTestObject("V2/PR-369/Edit_Meeting_Rocks/Create_New_Rocks")): Object: 'Object Repository/V2/PR-369/Edit_Meeting_Rocks/Create_New_Rocks' is clicked on

2020-09-03 15:59:45 - [MESSAGE][PASSED] - Object: 'Object Repository/V2/PR-369/Edit_Meeting_Rocks/Create_New_Rocks' is clicked on

2020-09-03 15:59:45 - [TEST_STEP][PASSED] - waitForElementVisible(findTestObject("V2/PR-369/Edit_Meeting_Rocks/Rock_Name_Title"), DefaultTimeout): Object 'Object Repository/V2/PR-369/Edit_Meeting_Rocks/Rock_Name_Title' is visible

2020-09-03 15:59:45 - [MESSAGE][PASSED] - Object 'Object Repository/V2/PR-369/Edit_Meeting_Rocks/Rock_Name_Title' is visible

2020-09-03 15:59:45 - [TEST_STEP][PASSED] - setText(findTestObject("V2/PR-369/Edit_Meeting_Rocks/Rock_Name_Title"), rockName): Text 'QA Edit Meeting Automation Rock Test' is set on object 'Object Repository/V2/PR-369/Edit_Meeting_Rocks/Rock_Name_Title'

2020-09-03 15:59:46 - [MESSAGE][PASSED] - Text 'QA Edit Meeting Automation Rock Test' is set on object 'Object Repository/V2/PR-369/Edit_Meeting_Rocks/Rock_Name_Title'

2020-09-03 15:59:46 - [TEST_STEP][PASSED] - click(findTestObject("V2/PR-369/Edit_Meeting_Rocks/Status_OffTrack_Rock")): Object: 'Object Repository/V2/PR-369/Edit_Meeting_Rocks/Status_OffTrack_Rock' is clicked on

2020-09-03 15:59:46 - [MESSAGE][PASSED] - Object: 'Object Repository/V2/PR-369/Edit_Meeting_Rocks/Status_OffTrack_Rock' is clicked on

2020-09-03 15:59:46 - [TEST_STEP][PASSED] - click(findTestObject("V2/PR-369/Edit_Meeting_Rocks/Accountable_Owner_Field")): Object: 'Object Repository/V2/PR-369/Edit_Meeting_Rocks/Accountable_Owner_Field' is clicked on

2020-09-03 15:59:46 - [MESSAGE][PASSED] - Object: 'Object Repository/V2/PR-369/Edit_Meeting_Rocks/Accountable_Owner_Field' is clicked on

2020-09-03 15:59:46 - [TEST_STEP][PASSED] - accountableOwner = tt_CustomKeywords.CustomKeywords.CreateDynamicElement(owner_Obj, ownerSelected, "xpath"): Successfully created new dynamic object: //div[@data-test-id='createRock']//div[@role='listbox'][@class='visible menu transition']/div[@role='option'][contains(@class,'item')]/span[text()='Admin User']

2020-09-03 15:59:46 - [MESSAGE][PASSED] - Successfully created new dynamic object: //div[@data-test-id='createRock']//div[@role='listbox'][@class='visible menu transition']/div[@role='option'][contains(@class,'item')]/span[text()='Admin User']

2020-09-03 15:59:46 - [TEST_STEP][PASSED] - click(accountableOwner): Object: '' is clicked on

2020-09-03 15:59:46 - [MESSAGE][PASSED] - Object: '' is clicked on

2020-09-03 15:59:46 - [TEST_STEP][PASSED] - click(findTestObject("V2/PR-369/Edit_Meeting_Rocks/Visibility_Level_Field")): Object: 'Object Repository/V2/PR-369/Edit_Meeting_Rocks/Visibility_Level_Field' is clicked on

2020-09-03 15:59:46 - [MESSAGE][PASSED] - Object: 'Object Repository/V2/PR-369/Edit_Meeting_Rocks/Visibility_Level_Field' is clicked on

2020-09-03 15:59:46 - [TEST_STEP][PASSED] - click(findTestObject("V2/PR-369/Edit_Meeting_Rocks/Visibility_Level_Company")): Object: 'Object Repository/V2/PR-369/Edit_Meeting_Rocks/Visibility_Level_Company' is clicked on

2020-09-03 15:59:46 - [MESSAGE][PASSED] - Object: 'Object Repository/V2/PR-369/Edit_Meeting_Rocks/Visibility_Level_Company' is clicked on

2020-09-03 15:59:46 - [TEST_STEP][PASSED] - click(findTestObject("V2/PR-369/Edit_Meeting_Rocks/Rocks_Due_Date_Field")): Object: 'Object Repository/V2/PR-369/Edit_Meeting_Rocks/Rocks_Due_Date_Field' is clicked on

2020-09-03 15:59:46 - [MESSAGE][PASSED] - Object: 'Object Repository/V2/PR-369/Edit_Meeting_Rocks/Rocks_Due_Date_Field' is clicked on

2020-09-03 15:59:46 - [TEST_STEP][PASSED] - waitForElementVisible(findTestObject("V2/PR-369/Edit_Meeting_Scorecard/A_Date29"), DefaultTimeout): Object 'Object Repository/V2/PR-369/Edit_Meeting_Scorecard/A_Date29' is visible

2020-09-03 15:59:46 - [MESSAGE][PASSED] - Object 'Object Repository/V2/PR-369/Edit_Meeting_Scorecard/A_Date29' is visible

2020-09-03 15:59:46 - [TEST_STEP][PASSED] - click(findTestObject("V2/PR-369/Edit_Meeting_Scorecard/A_Date29")): Object: 'Object Repository/V2/PR-369/Edit_Meeting_Scorecard/A_Date29' is clicked on

2020-09-03 15:59:46 - [MESSAGE][PASSED] - Object: 'Object Repository/V2/PR-369/Edit_Meeting_Scorecard/A_Date29' is clicked on

2020-09-03 15:59:46 - [TEST_STEP][PASSED] - verifyElementVisible(findTestObject("V2/PR-369/Edit_Meeting_Rocks/Verify_Notes_Section")): Object 'Object Repository/V2/PR-369/Edit_Meeting_Rocks/Verify_Notes_Section' is visible

2020-09-03 15:59:46 - [MESSAGE][PASSED] - Object 'Object Repository/V2/PR-369/Edit_Meeting_Rocks/Verify_Notes_Section' is visible

2020-09-03 15:59:46 - [TEST_STEP][PASSED] - setText(findTestObject("V2/PR-369/Edit_Meeting_Rocks/Notes_Comments"), Notes): Text 'Sample Notes' is set on object 'Object Repository/V2/PR-369/Edit_Meeting_Rocks/Notes_Comments'

2020-09-03 15:59:57 - [MESSAGE][PASSED] - Text 'Sample Notes' is set on object 'Object Repository/V2/PR-369/Edit_Meeting_Rocks/Notes_Comments'

2020-09-03 15:59:57 - [TEST_STEP][PASSED] - sendKeys(findTestObject("V2/PR-369/Edit_Meeting_Rocks/Add_Milestone_Button"), Keys.chord(PAGE_DOWN)): Keys 'PAGE_DOWN + ' sent to object: 'Object Repository/V2/PR-369/Edit_Meeting_Rocks/Add_Milestone_Button'

2020-09-03 15:59:57 - [MESSAGE][PASSED] - Keys 'PAGE_DOWN + ' sent to object: 'Object Repository/V2/PR-369/Edit_Meeting_Rocks/Add_Milestone_Button'

2020-09-03 15:59:57 - [TEST_STEP][PASSED] - click(findTestObject("V2/PR-369/Edit_Meeting_Rocks/Add_Milestone_Button")): Object: 'Object Repository/V2/PR-369/Edit_Meeting_Rocks/Add_Milestone_Button' is clicked on

2020-09-03 15:59:57 - [MESSAGE][PASSED] - Object: 'Object Repository/V2/PR-369/Edit_Meeting_Rocks/Add_Milestone_Button' is clicked on

2020-09-03 15:59:57 - [TEST_STEP][PASSED] - setText(findTestObject("V2/PR-369/Edit_Meeting_Rocks/Milestone_Text_Field"), milestoneName): Text 'Milestone 1' is set on object 'Object Repository/V2/PR-369/Edit_Meeting_Rocks/Milestone_Text_Field'

2020-09-03 15:59:58 - [MESSAGE][PASSED] - Text 'Milestone 1' is set on object 'Object Repository/V2/PR-369/Edit_Meeting_Rocks/Milestone_Text_Field'

2020-09-03 15:59:58 - [TEST_STEP][PASSED] - click(findTestObject("V2/PR-369/Edit_Meeting_Rocks/Milestone_date")): Object: 'Object Repository/V2/PR-369/Edit_Meeting_Rocks/Milestone_date' is clicked on

2020-09-03 15:59:58 - [MESSAGE][PASSED] - Object: 'Object Repository/V2/PR-369/Edit_Meeting_Rocks/Milestone_date' is clicked on

2020-09-03 15:59:58 - [TEST_STEP][PASSED] - waitForElementVisible(findTestObject("V2/PR-369/Edit_Meeting_Scorecard/A_Date29"), DefaultTimeout): Object 'Object Repository/V2/PR-369/Edit_Meeting_Scorecard/A_Date29' is visible

2020-09-03 15:59:58 - [MESSAGE][PASSED] - Object 'Object Repository/V2/PR-369/Edit_Meeting_Scorecard/A_Date29' is visible

2020-09-03 15:59:58 - [TEST_STEP][PASSED] - click(findTestObject("V2/PR-369/Edit_Meeting_Scorecard/A_Date29")): Object: 'Object Repository/V2/PR-369/Edit_Meeting_Scorecard/A_Date29' is clicked on

2020-09-03 15:59:58 - [MESSAGE][PASSED] - Object: 'Object Repository/V2/PR-369/Edit_Meeting_Scorecard/A_Date29' is clicked on

2020-09-03 15:59:58 - [TEST_STEP][PASSED] - click(findTestObject("V2/PR-369/Edit_Meeting_Rocks/Save_Button")): Object: 'Object Repository/V2/PR-369/Edit_Meeting_Rocks/Save_Button' is clicked on

2020-09-03 15:59:58 - [MESSAGE][PASSED] - Object: 'Object Repository/V2/PR-369/Edit_Meeting_Rocks/Save_Button' is clicked on

2020-09-03 15:59:58 - [TEST_STEP][PASSED] - delay(10): Delayed 10 second(s)

2020-09-03 16:00:08 - [MESSAGE][PASSED] - Delayed 10 second(s)

2020-09-03 16:00:08 - [TEST_STEP][PASSED] - verifyRocks = tt_CustomKeywords.CustomKeywords.CreateDynamicElement(verifyRocks_Obj, rockName, "xpath"): Successfully created new dynamic object: //h2[text()='Rocks']/ancestor::div[contains(@class,'CardStyles')]/div[2]//div[@data-test-id='rock.title'][contains(@class,'TextBodyStyles-sc') and text()='QA Edit Meeting Automation Rock Test']

2020-09-03 16:00:08 - [MESSAGE][PASSED] - Successfully created new dynamic object: //h2[text()='Rocks']/ancestor::div[contains(@class,'CardStyles')]/div[2]//div[@data-test-id='rock.title'][contains(@class,'TextBodyStyles-sc') and text()='QA Edit Meeting Automation Rock Test']

2020-09-03 16:00:08 - [TEST_STEP][PASSED] - verifyElementPresent(verifyRocks, DefaultTimeout): Object '' is present

2020-09-03 16:00:08 - [MESSAGE][PASSED] - Object '' is present

2020-09-03 16:00:08 - [TEST_STEP][PASSED] - verifyMilestone = tt_CustomKeywords.CustomKeywords.CreateDynamicElement(verifyMilestone_Obj, milestoneName, "xpath"): Successfully created new dynamic object: //h2[text()='Rocks']/ancestor::div[contains(@class,'CardStyles')]/div[2]//div[contains(@class,'milestoneListItem__name')]/span[text()='Milestone 1']

2020-09-03 16:00:08 - [MESSAGE][PASSED] - Successfully created new dynamic object: //h2[text()='Rocks']/ancestor::div[contains(@class,'CardStyles')]/div[2]//div[contains(@class,'milestoneListItem__name')]/span[text()='Milestone 1']

2020-09-03 16:00:08 - [TEST_STEP][PASSED] - verifyElementPresent(verifyMilestone, DefaultTimeout): Object '' is present

2020-09-03 16:00:08 - [MESSAGE][PASSED] - Object '' is present

2020-09-03 16:00:08 - [TEST_STEP][NOT_RUN] - click(verifyRocks): NOT_RUN: click(verifyRocks)

2020-09-03 16:00:08 - [MESSAGE][NOT_RUN] - NOT_RUN: click(verifyRocks)

2020-09-03 16:00:08 - [TEST_STEP][NOT_RUN] - delay(10): NOT_RUN: delay(10)

2020-09-03 16:00:08 - [MESSAGE][NOT_RUN] - NOT_RUN: delay(10)

2020-09-03 16:00:08 - [TEST_STEP][NOT_RUN] - click(findTestObject("V2/PR-369/UpdateEditMeetingRocks/Edit_Rock_Name")): NOT_RUN: click(findTestObject("V2/PR-369/UpdateEditMeetingRocks/Edit_Rock_Name"))

2020-09-03 16:00:08 - [MESSAGE][NOT_RUN] - NOT_RUN: click(findTestObject("V2/PR-369/UpdateEditMeetingRocks/Edit_Rock_Name"))

2020-09-03 16:00:08 - [TEST_STEP][NOT_RUN] - sendKeys(findTestObject("V2/PR-369/UpdateEditMeetingRocks/Edit_Rock_Name"), Keys.chord(LEFT_CONTROL, "a", BACK_SPACE)): NOT_RUN: sendKeys(findTestObject("V2/PR-369/UpdateEditMeetingRocks/Edit_Rock_Name"), Keys.chord(LEFT_CONTROL, "a", BACK_SPACE))

2020-09-03 16:00:08 - [MESSAGE][NOT_RUN] - NOT_RUN: sendKeys(findTestObject("V2/PR-369/UpdateEditMeetingRocks/Edit_Rock_Name"), Keys.chord(LEFT_CONTROL, "a", BACK_SPACE))

2020-09-03 16:00:08 - [TEST_STEP][NOT_RUN] - setText(findTestObject("V2/PR-369/UpdateEditMeetingRocks/Edit_Rock_Name"), editRockName): NOT_RUN: setText(findTestObject("V2/PR-369/UpdateEditMeetingRocks/Edit_Rock_Name"), editRockName)

2020-09-03 16:00:08 - [MESSAGE][NOT_RUN] - NOT_RUN: setText(findTestObject("V2/PR-369/UpdateEditMeetingRocks/Edit_Rock_Name"), editRockName)

2020-09-03 16:00:08 - [TEST_STEP][NOT_RUN] - click(findTestObject("V2/PR-369/UpdateEditMeetingRocks/Edit_Status_Done")): NOT_RUN: click(findTestObject("V2/PR-369/UpdateEditMeetingRocks/Edit_Status_Done"))

2020-09-03 16:00:08 - [MESSAGE][NOT_RUN] - NOT_RUN: click(findTestObject("V2/PR-369/UpdateEditMeetingRocks/Edit_Status_Done"))

2020-09-03 16:00:08 - [TEST_STEP][NOT_RUN] - click(findTestObject("V2/PR-369/UpdateEditMeetingRocks/Edit_Accountable_Owner")): NOT_RUN: click(findTestObject("V2/PR-369/UpdateEditMeetingRocks/Edit_Accountable_Owner"))

2020-09-03 16:00:08 - [MESSAGE][NOT_RUN] - NOT_RUN: click(findTestObject("V2/PR-369/UpdateEditMeetingRocks/Edit_Accountable_Owner"))

2020-09-03 16:00:08 - [TEST_STEP][NOT_RUN] - editOwner = tt_CustomKeywords.CustomKeywords.CreateDynamicElement(editOwner_Obj, editOwner, "xpath"): NOT_RUN: editOwner = tt_CustomKeywords.CustomKeywords.CreateDynamicElement(editOwner_Obj, editOwner, "xpath")

2020-09-03 16:00:08 - [MESSAGE][NOT_RUN] - NOT_RUN: editOwner = tt_CustomKeywords.CustomKeywords.CreateDynamicElement(editOwner_Obj, editOwner, "xpath")

2020-09-03 16:00:08 - [TEST_STEP][NOT_RUN] - click(editOwner): NOT_RUN: click(editOwner)

2020-09-03 16:00:08 - [MESSAGE][NOT_RUN] - NOT_RUN: click(editOwner)

2020-09-03 16:00:08 - [TEST_STEP][NOT_RUN] - click(findTestObject("V2/PR-369/UpdateEditMeetingRocks/Edit_Visibility_Level")): NOT_RUN: click(findTestObject("V2/PR-369/UpdateEditMeetingRocks/Edit_Visibility_Level"))

2020-09-03 16:00:08 - [MESSAGE][NOT_RUN] - NOT_RUN: click(findTestObject("V2/PR-369/UpdateEditMeetingRocks/Edit_Visibility_Level"))

2020-09-03 16:00:08 - [TEST_STEP][NOT_RUN] - click(findTestObject("V2/PR-369/UpdateEditMeetingRocks/Edit_Visibility_Level_Department")): NOT_RUN: click(findTestObject("V2/PR-369/UpdateEditMeetingRocks/Edit_Visibility_Level_Department"))

2020-09-03 16:00:08 - [MESSAGE][NOT_RUN] - NOT_RUN: click(findTestObject("V2/PR-369/UpdateEditMeetingRocks/Edit_Visibility_Level_Department"))

2020-09-03 16:00:08 - [TEST_STEP][NOT_RUN] - sendKeys(findTestObject("V2/PR-369/UpdateEditMeetingRocks/Edit_Milestone"), Keys.chord(LEFT_CONTROL, "a", BACK_SPACE)): NOT_RUN: sendKeys(findTestObject("V2/PR-369/UpdateEditMeetingRocks/Edit_Milestone"), Keys.chord(LEFT_CONTROL, "a", BACK_SPACE))

2020-09-03 16:00:08 - [MESSAGE][NOT_RUN] - NOT_RUN: sendKeys(findTestObject("V2/PR-369/UpdateEditMeetingRocks/Edit_Milestone"), Keys.chord(LEFT_CONTROL, "a", BACK_SPACE))

2020-09-03 16:00:08 - [TEST_STEP][NOT_RUN] - setText(findTestObject("V2/PR-369/UpdateEditMeetingRocks/Edit_Milestone"), editMilestoneName): NOT_RUN: setText(findTestObject("V2/PR-369/UpdateEditMeetingRocks/Edit_Milestone"), editMilestoneName)

2020-09-03 16:00:08 - [MESSAGE][NOT_RUN] - NOT_RUN: setText(findTestObject("V2/PR-369/UpdateEditMeetingRocks/Edit_Milestone"), editMilestoneName)

2020-09-03 16:00:08 - [TEST_STEP][NOT_RUN] - click(findTestObject("V2/PR-369/UpdateEditMeetingRocks/Done_CheckBox")): NOT_RUN: click(findTestObject("V2/PR-369/UpdateEditMeetingRocks/Done_CheckBox"))

2020-09-03 16:00:08 - [MESSAGE][NOT_RUN] - NOT_RUN: click(findTestObject("V2/PR-369/UpdateEditMeetingRocks/Done_CheckBox"))

2020-09-03 16:00:08 - [TEST_STEP][NOT_RUN] - click(findTestObject("V2/PR-369/UpdateEditMeetingRocks/Update_Button")): NOT_RUN: click(findTestObject("V2/PR-369/UpdateEditMeetingRocks/Update_Button"))

2020-09-03 16:00:08 - [MESSAGE][NOT_RUN] - NOT_RUN: click(findTestObject("V2/PR-369/UpdateEditMeetingRocks/Update_Button"))

2020-09-03 16:00:08 - [TEST_STEP][NOT_RUN] - delay(10): NOT_RUN: delay(10)

2020-09-03 16:00:08 - [MESSAGE][NOT_RUN] - NOT_RUN: delay(10)

2020-09-03 16:00:08 - [TEST_STEP][NOT_RUN] - editverifyRocks = tt_CustomKeywords.CustomKeywords.CreateDynamicElement(verifyRocks_Obj, editRockName, "xpath"): NOT_RUN: editverifyRocks = tt_CustomKeywords.CustomKeywords.CreateDynamicElement(verifyRocks_Obj, editRockName, "xpath")

2020-09-03 16:00:08 - [MESSAGE][NOT_RUN] - NOT_RUN: editverifyRocks = tt_CustomKeywords.CustomKeywords.CreateDynamicElement(verifyRocks_Obj, editRockName, "xpath")

2020-09-03 16:00:08 - [TEST_STEP][NOT_RUN] - verifyElementPresent(editverifyRocks, DefaultTimeout): NOT_RUN: verifyElementPresent(editverifyRocks, DefaultTimeout)

2020-09-03 16:00:08 - [MESSAGE][NOT_RUN] - NOT_RUN: verifyElementPresent(editverifyRocks, DefaultTimeout)

2020-09-03 16:00:08 - [TEST_STEP][NOT_RUN] - editverifyMilestone = tt_CustomKeywords.CustomKeywords.CreateDynamicElement(verifyMilestone_Obj, editMilestoneName, "xpath"): NOT_RUN: editverifyMilestone = tt_CustomKeywords.CustomKeywords.CreateDynamicElement(verifyMilestone_Obj, editMilestoneName, "xpath")

2020-09-03 16:00:08 - [MESSAGE][NOT_RUN] - NOT_RUN: editverifyMilestone = tt_CustomKeywords.CustomKeywords.CreateDynamicElement(verifyMilestone_Obj, editMilestoneName, "xpath")

2020-09-03 16:00:08 - [TEST_STEP][NOT_RUN] - verifyElementPresent(editverifyMilestone, DefaultTimeout): NOT_RUN: verifyElementPresent(editverifyMilestone, DefaultTimeout)

2020-09-03 16:00:08 - [MESSAGE][NOT_RUN] - NOT_RUN: verifyElementPresent(editverifyMilestone, DefaultTimeout)

2020-09-03 16:00:08 - [MESSAGE][PASSED] - Call Test Case 'Test Cases/V2/Test Case/Tests/PR-369 - EditMeetingAgenda/Test Cases/Positive/Employee/PR_369_7_EditMeetingCreateRock_Employee' successfully

2020-09-03 16:00:08 - [TEST_STEP][PASSED] - tt_CustomKeywords.CustomKeywords.CloseWebDriver(driver3): tt_CustomKeywords.CustomKeywords.CloseWebDriver is PASSED

2020-09-03 16:00:13 - [MESSAGE][PASSED] - tt_CustomKeywords.CustomKeywords.CloseWebDriver is PASSED

2020-09-03 16:00:13 - [TEST_STEP][PASSED] - tt_CustomKeywords.CustomKeywords.CloseWebDriver(driver2): tt_CustomKeywords.CustomKeywords.CloseWebDriver is PASSED

2020-09-03 16:00:18 - [MESSAGE][PASSED] - tt_CustomKeywords.CustomKeywords.CloseWebDriver is PASSED

2020-09-03 16:00:18 - [TEST_STEP][PASSED] - tt_CustomKeywords.CustomKeywords.CloseWebDriver(driver1): tt_CustomKeywords.CustomKeywords.CloseWebDriver is PASSED

2020-09-03 16:00:23 - [MESSAGE][PASSED] - tt_CustomKeywords.CustomKeywords.CloseWebDriver is PASSED]]></system-out>
         <system-err><![CDATA[]]></system-err>
      </testcase>
      <testcase name="Test Cases/V2/Test Case/Tests/PR-369 - EditMeetingAgenda/Test Cases/Positive/TT_369_2_CreateRock_AllTestCase" time="390.007" classname="Test Cases/V2/Test Case/Tests/PR-369 - EditMeetingAgenda/Test Cases/Positive/TT_369_2_CreateRock_AllTestCase" status="PASSED">
         <system-out><![CDATA[2020-09-03 16:00:23 - [TEST_CASE][PASSED] - Test Cases/V2/Test Case/Tests/PR-369 - EditMeetingAgenda/Test Cases/Positive/TT_369_2_CreateRock_AllTestCase: Test Cases/V2/Test Case/Tests/PR-369 - EditMeetingAgenda/Test Cases/Positive/TT_369_2_CreateRock_AllTestCase

2020-09-03 16:00:23 - [TEST_STEP][PASSED] - callTestCase(findTestCase("V2/Test Case/Pre-conditions/PRE_RegisterAndActivateTTUsers"), ["admin_fname":admin_fname, "lastname":lastname, "phonenumber":"9999999999", "company":"Traction Tools", "password":password, ... ], STOP_ON_FAILURE): Call Test Case 'Test Cases/V2/Test Case/Pre-conditions/PRE_RegisterAndActivateTTUsers' successfully

2020-09-03 16:00:23 - [TEST_CASE][PASSED] - Test Cases/V2/Test Case/Pre-conditions/PRE_RegisterAndActivateTTUsers: Test Cases/V2/Test Case/Pre-conditions/PRE_RegisterAndActivateTTUsers

2020-09-03 16:00:23 - [TEST_STEP][PASSED] - email = tt_CustomKeywords.CustomKeywords.GenerateRandomEmailAddress(admin_email_prefix, admin_email_domain, randomTextLength): Successfully generated a random email: tractiontools.user001+ta57keha@gmail.com

2020-09-03 16:00:23 - [MESSAGE][PASSED] - Successfully generated a random email: tractiontools.user001+ta57keha@gmail.com

2020-09-03 16:00:23 - [TEST_STEP][PASSED] - supervisor_email = tt_CustomKeywords.CustomKeywords.GenerateRandomEmailAddress(supervisor_email_prefix, supervisor_email_domain, randomTextLength): Successfully generated a random email: tractiontools.user001+ts5e80ve@gmail.com

2020-09-03 16:00:23 - [MESSAGE][PASSED] - Successfully generated a random email: tractiontools.user001+ts5e80ve@gmail.com

2020-09-03 16:00:23 - [TEST_STEP][PASSED] - employee_email = tt_CustomKeywords.CustomKeywords.GenerateRandomEmailAddress(employee_email_prefix, employee_email_domain, randomTextLength): Successfully generated a random email: tractiontools.user001+te53bq0r@gmail.com

2020-09-03 16:00:23 - [MESSAGE][PASSED] - Successfully generated a random email: tractiontools.user001+te53bq0r@gmail.com

2020-09-03 16:00:23 - [TEST_STEP][PASSED] - adminDetails = tt_CustomKeywords.CustomKeywords.RegisterUserViaAPIAndGenerateActivateURL(email, admin_fname, lastname, phonenumber, company, "__JSON__{\"howDidYouHearAboutUs\":\"Facebook\",\"implementer\":\"\",\"existingTractionToolsClient\":\"\",\"other\":\"\"}", "__JSON__{\"timeZone\":\"America/Guatemala\",\"brandColor\":\"#023047\",\"q1Start\":null,\"q1End\":null,\"q2Start\":null,\"q2End\":null,\"q3Start\":null,\"q3End\":null,\"q4Start\":null,\"q4End\":null,\"quarterDatesSetsRocks\":false,\"exportUsers\":false,\"exportRocks\":false,\"exportRocksIncludesMilestones\":false,\"exportScorecards\":false,\"exportTodos\":false,\"exportTodosIncludesNotes\":false,\"exportPeopleHeadlines\":false,\"exportPeopleHeadlinesIncludesNotes\":false,\"exportIssues\":false,\"exportIssuesIncludesNotes\":false,\"exportContextAwareTodos\":false,\"dateFormat\":\"MM/DD/YYYY\",\"timeFormat\":\"h:mma\",\"numberFormat\":\"-1,000.99\",\"supervisorsArchiveRestoreUsers\":false,\"supervisorsEditPositions\":false,\"milestonesAvailableToAll\":false,\"customMeetingTemplatesEnabled\":false,\"receiveTodoReminders\":false,\"todoReminderTime\":\"13:00\",\"todoReminderTimeZone\":\"America/Guatemala\",\"todoReminderFrequency\":\"DAILY\",\"vtoMeetingId\":\"\",\"vtoDisplayMode\":\"ALL\",\"coreValues\":[{\"id\":\"1\",\"text\":\"\"},{\"id\":\"2\",\"text\":\"\"},{\"id\":\"3\",\"text\":\"\"}]}", password, V2Url): SUCCESFFULLY registered a new user via API. 
 Generated Activation Link: 
https://v2dev.traction.tools/activate?activationKey=8d836410-4175-4c4b-8a83-86b9818accb4&userId=954ff426-cc5f-4e25-a549-76b36d4e120e&orgId=9282432e-4442-4407-ab7b-6ae705bd2f8d&email=tractiontools.user001+ta57keha@gmail.com&teamsId=51fed0ae-65df-4e12-9e2c-f4e5329f180b&meetingsId=4d52cf29-fa66-4c2e-ba8f-a346873b0d62&adminsId=e1acc4c5-c0ab-438f-b556-5b429b0b32b1&usersId=a02e25d6-edc6-45f0-8880-c995d4d33e81&supervisorsId=907fdf4d-f714-4f39-8a5c-57b6590cb40a&accountabilityChartId=5c2eebf5-465b-43d0-b594-a6119960d6d3&isCreator=1

2020-09-03 16:00:42 - [MESSAGE][PASSED] - SUCCESFFULLY registered a new user via API. 
 Generated Activation Link: 
https://v2dev.traction.tools/activate?activationKey=8d836410-4175-4c4b-8a83-86b9818accb4&userId=954ff426-cc5f-4e25-a549-76b36d4e120e&orgId=9282432e-4442-4407-ab7b-6ae705bd2f8d&email=tractiontools.user001+ta57keha@gmail.com&teamsId=51fed0ae-65df-4e12-9e2c-f4e5329f180b&meetingsId=4d52cf29-fa66-4c2e-ba8f-a346873b0d62&adminsId=e1acc4c5-c0ab-438f-b556-5b429b0b32b1&usersId=a02e25d6-edc6-45f0-8880-c995d4d33e81&supervisorsId=907fdf4d-f714-4f39-8a5c-57b6590cb40a&accountabilityChartId=5c2eebf5-465b-43d0-b594-a6119960d6d3&isCreator=1

2020-09-03 16:00:42 - [TEST_STEP][PASSED] - activationURL = adminDetails[0]: null

2020-09-03 16:00:42 - [TEST_STEP][PASSED] - orgID = adminDetails[1]: null

2020-09-03 16:00:42 - [TEST_STEP][PASSED] - out.println("URL: " + activationURL): null

2020-09-03 16:00:42 - [TEST_STEP][PASSED] - out.println("orgID: " + orgID): null

2020-09-03 16:00:42 - [TEST_STEP][PASSED] - supervisorUser_name = supervisor_fname + " " + lastname: null

2020-09-03 16:00:42 - [TEST_STEP][PASSED] - openBrowser(""): Browser is opened with url: ''

2020-09-03 16:00:42 - [MESSAGE][INFO] - Starting 'Chrome' driver

2020-09-03 16:00:42 - [MESSAGE][INFO] - Action delay is set to 0 milliseconds

2020-09-03 16:00:46 - [MESSAGE][PASSED] - Browser is opened with url: ''

2020-09-03 16:00:46 - [TEST_STEP][PASSED] - maximizeWindow(): Current window maximized

2020-09-03 16:00:48 - [MESSAGE][PASSED] - Current window maximized

2020-09-03 16:00:48 - [TEST_STEP][PASSED] - callTestCase(findTestCase("V2/Test Case/Pre-conditions/PRE_ActivateNewUser"), ["activationURL":activationURL, "email":email, "password":password], STOP_ON_FAILURE): Call Test Case 'Test Cases/V2/Test Case/Pre-conditions/PRE_ActivateNewUser' successfully

2020-09-03 16:00:48 - [TEST_CASE][PASSED] - Test Cases/V2/Test Case/Pre-conditions/PRE_ActivateNewUser: Test Cases/V2/Test Case/Pre-conditions/PRE_ActivateNewUser

2020-09-03 16:00:48 - [TEST_STEP][PASSED] - navigateToUrl(activationURL): Navigate to 'https://v2dev.traction.tools/activate?activationKey=8d836410-4175-4c4b-8a83-86b9818accb4&userId=954ff426-cc5f-4e25-a549-76b36d4e120e&orgId=9282432e-4442-4407-ab7b-6ae705bd2f8d&email=tractiontools.user001+ta57keha@gmail.com&teamsId=51fed0ae-65df-4e12-9e2c-f4e5329f180b&meetingsId=4d52cf29-fa66-4c2e-ba8f-a346873b0d62&adminsId=e1acc4c5-c0ab-438f-b556-5b429b0b32b1&usersId=a02e25d6-edc6-45f0-8880-c995d4d33e81&supervisorsId=907fdf4d-f714-4f39-8a5c-57b6590cb40a&accountabilityChartId=5c2eebf5-465b-43d0-b594-a6119960d6d3&isCreator=1' successfully

2020-09-03 16:00:50 - [MESSAGE][PASSED] - Navigate to 'https://v2dev.traction.tools/activate?activationKey=8d836410-4175-4c4b-8a83-86b9818accb4&userId=954ff426-cc5f-4e25-a549-76b36d4e120e&orgId=9282432e-4442-4407-ab7b-6ae705bd2f8d&email=tractiontools.user001+ta57keha@gmail.com&teamsId=51fed0ae-65df-4e12-9e2c-f4e5329f180b&meetingsId=4d52cf29-fa66-4c2e-ba8f-a346873b0d62&adminsId=e1acc4c5-c0ab-438f-b556-5b429b0b32b1&usersId=a02e25d6-edc6-45f0-8880-c995d4d33e81&supervisorsId=907fdf4d-f714-4f39-8a5c-57b6590cb40a&accountabilityChartId=5c2eebf5-465b-43d0-b594-a6119960d6d3&isCreator=1' successfully

2020-09-03 16:00:50 - [TEST_STEP][PASSED] - waitForElementVisible(findTestObject("V2/Commons/ActivationPage/input_Email_email"), DefaultTimeout): Object 'Object Repository/V2/Commons/ActivationPage/input_Email_email' is visible

2020-09-03 16:00:56 - [MESSAGE][PASSED] - Object 'Object Repository/V2/Commons/ActivationPage/input_Email_email' is visible

2020-09-03 16:00:56 - [TEST_STEP][PASSED] - actual_email = getAttribute(findTestObject("Object Repository/V2/Commons/ActivationPage/input_Email_email"), "value"): Attribute 'value' of object 'Object Repository/V2/Commons/ActivationPage/input_Email_email' is: 'tractiontools.user001+ta57keha@gmail.com'

2020-09-03 16:00:57 - [MESSAGE][PASSED] - Attribute 'value' of object 'Object Repository/V2/Commons/ActivationPage/input_Email_email' is: 'tractiontools.user001+ta57keha@gmail.com'

2020-09-03 16:00:57 - [TEST_STEP][PASSED] - verifyMatch(actual_email, email, false): Actual text 'tractiontools.user001+ta57keha@gmail.com' and expected text 'tractiontools.user001+ta57keha@gmail.com' are matched 

2020-09-03 16:00:57 - [MESSAGE][PASSED] - Actual text 'tractiontools.user001+ta57keha@gmail.com' and expected text 'tractiontools.user001+ta57keha@gmail.com' are matched 

2020-09-03 16:00:57 - [TEST_STEP][PASSED] - setText(findTestObject("V2/Commons/ActivationPage/input_password"), password): Text 'Qwer123!' is set on object 'Object Repository/V2/Commons/ActivationPage/input_password'

2020-09-03 16:00:57 - [MESSAGE][PASSED] - Text 'Qwer123!' is set on object 'Object Repository/V2/Commons/ActivationPage/input_password'

2020-09-03 16:00:57 - [TEST_STEP][PASSED] - setText(findTestObject("Object Repository/V2/Commons/ActivationPage/input__passwordRepeat"), password): Text 'Qwer123!' is set on object 'Object Repository/V2/Commons/ActivationPage/input__passwordRepeat'

2020-09-03 16:00:58 - [MESSAGE][PASSED] - Text 'Qwer123!' is set on object 'Object Repository/V2/Commons/ActivationPage/input__passwordRepeat'

2020-09-03 16:00:58 - [TEST_STEP][PASSED] - click(findTestObject("V2/Commons/ActivationPage/input_termsandconditions")): Object: 'Object Repository/V2/Commons/ActivationPage/input_termsandconditions' is clicked on

2020-09-03 16:00:59 - [MESSAGE][PASSED] - Object: 'Object Repository/V2/Commons/ActivationPage/input_termsandconditions' is clicked on

2020-09-03 16:00:59 - [TEST_STEP][PASSED] - click(findTestObject("Object Repository/V2/Commons/ActivationPage/div_Create account")): Object: 'Object Repository/V2/Commons/ActivationPage/div_Create account' is clicked on

2020-09-03 16:00:59 - [MESSAGE][PASSED] - Object: 'Object Repository/V2/Commons/ActivationPage/div_Create account' is clicked on

2020-09-03 16:00:59 - [TEST_STEP][PASSED] - waitForElementPresent(findTestObject("V2/Commons/DasboardPage_SidebarMenu/img_Home_logo-big"), DefaultTimeout): Object 'Object Repository/V2/Commons/DasboardPage_SidebarMenu/img_Home_logo-big' is present

2020-09-03 16:01:12 - [MESSAGE][PASSED] - Object 'Object Repository/V2/Commons/DasboardPage_SidebarMenu/img_Home_logo-big' is present

2020-09-03 16:01:12 - [TEST_STEP][PASSED] - verifyElementPresent(findTestObject("V2/Commons/DasboardPage_SidebarMenu/img_Home_logo-big"), 0): Object 'Object Repository/V2/Commons/DasboardPage_SidebarMenu/img_Home_logo-big' is present

2020-09-03 16:01:12 - [MESSAGE][WARNING] - Timeout '0' is invalid. Using default page load timeout: '30'

2020-09-03 16:01:12 - [MESSAGE][PASSED] - Object 'Object Repository/V2/Commons/DasboardPage_SidebarMenu/img_Home_logo-big' is present

2020-09-03 16:01:12 - [MESSAGE][PASSED] - Call Test Case 'Test Cases/V2/Test Case/Pre-conditions/PRE_ActivateNewUser' successfully

2020-09-03 16:01:12 - [TEST_STEP][PASSED] - callTestCase(findTestCase("V2/Test Case/Pre-conditions/PRE_SkipCompanyAndPersonalProfileSetup"), [:], STOP_ON_FAILURE): Call Test Case 'Test Cases/V2/Test Case/Pre-conditions/PRE_SkipCompanyAndPersonalProfileSetup' successfully

2020-09-03 16:01:12 - [TEST_CASE][PASSED] - Test Cases/V2/Test Case/Pre-conditions/PRE_SkipCompanyAndPersonalProfileSetup: Test Cases/V2/Test Case/Pre-conditions/PRE_SkipCompanyAndPersonalProfileSetup

2020-09-03 16:01:12 - [TEST_STEP][PASSED] - waitForElementVisible(findTestObject("V2/Commons/FirstUpdateCompanyAndPersonalInfoModal/confirmCompanyInfoHeader_h1"), DefaultTimeout): Object 'Object Repository/V2/Commons/FirstUpdateCompanyAndPersonalInfoModal/confirmCompanyInfoHeader_h1' is visible

2020-09-03 16:01:13 - [MESSAGE][PASSED] - Object 'Object Repository/V2/Commons/FirstUpdateCompanyAndPersonalInfoModal/confirmCompanyInfoHeader_h1' is visible

2020-09-03 16:01:13 - [TEST_STEP][PASSED] - click(findTestObject("V2/Commons/FirstUpdateCompanyAndPersonalInfoModal/confirmInfoSkip_button")): Object: 'Object Repository/V2/Commons/FirstUpdateCompanyAndPersonalInfoModal/confirmInfoSkip_button' is clicked on

2020-09-03 16:01:13 - [MESSAGE][PASSED] - Object: 'Object Repository/V2/Commons/FirstUpdateCompanyAndPersonalInfoModal/confirmInfoSkip_button' is clicked on

2020-09-03 16:01:13 - [TEST_STEP][PASSED] - waitForElementVisible(findTestObject("V2/Commons/FirstUpdateCompanyAndPersonalInfoModal/confirmPersonalInfoHeader_h1"), DefaultTimeout): Object 'Object Repository/V2/Commons/FirstUpdateCompanyAndPersonalInfoModal/confirmPersonalInfoHeader_h1' is visible

2020-09-03 16:01:14 - [MESSAGE][PASSED] - Object 'Object Repository/V2/Commons/FirstUpdateCompanyAndPersonalInfoModal/confirmPersonalInfoHeader_h1' is visible

2020-09-03 16:01:14 - [TEST_STEP][PASSED] - click(findTestObject("V2/Commons/FirstUpdateCompanyAndPersonalInfoModal/confirmInfoSkip_button")): Object: 'Object Repository/V2/Commons/FirstUpdateCompanyAndPersonalInfoModal/confirmInfoSkip_button' is clicked on

2020-09-03 16:01:14 - [MESSAGE][PASSED] - Object: 'Object Repository/V2/Commons/FirstUpdateCompanyAndPersonalInfoModal/confirmInfoSkip_button' is clicked on

2020-09-03 16:01:14 - [TEST_STEP][PASSED] - waitForElementVisible(findTestObject("V2/Commons/FirstUpdateCompanyAndPersonalInfoModal/letsGetStarted_button"), DefaultTimeout): Object 'Object Repository/V2/Commons/FirstUpdateCompanyAndPersonalInfoModal/letsGetStarted_button' is visible

2020-09-03 16:01:16 - [MESSAGE][PASSED] - Object 'Object Repository/V2/Commons/FirstUpdateCompanyAndPersonalInfoModal/letsGetStarted_button' is visible

2020-09-03 16:01:16 - [TEST_STEP][PASSED] - click(findTestObject("V2/Commons/FirstUpdateCompanyAndPersonalInfoModal/letsGetStarted_button")): Object: 'Object Repository/V2/Commons/FirstUpdateCompanyAndPersonalInfoModal/letsGetStarted_button' is clicked on

2020-09-03 16:01:16 - [MESSAGE][PASSED] - Object: 'Object Repository/V2/Commons/FirstUpdateCompanyAndPersonalInfoModal/letsGetStarted_button' is clicked on

2020-09-03 16:01:16 - [MESSAGE][PASSED] - Call Test Case 'Test Cases/V2/Test Case/Pre-conditions/PRE_SkipCompanyAndPersonalProfileSetup' successfully

2020-09-03 16:01:16 - [TEST_STEP][PASSED] - supervisor_activationURL = tt_CustomKeywords.CustomKeywords.RegisterAndActivateSupervisorUserViaAPI(V2Url, orgID, supervisor_email, password, email, password, supervisor_fname, lastname): SUCCESFFULLY registered a new user via API. 
 Generated Activation Link: 
https://v2dev.traction.tools/activate?activationKey=e79a0144-cca6-4e13-b723-401631bc2d88&userId=569c89c9-704d-44fc-a8e4-157c262f5bb8&orgId=9282432e-4442-4407-ab7b-6ae705bd2f8d&email=tractiontools.user001+ts5e80ve@gmail.com&isCreator=0

2020-09-03 16:01:22 - [MESSAGE][PASSED] - SUCCESFFULLY registered a new user via API. 
 Generated Activation Link: 
https://v2dev.traction.tools/activate?activationKey=e79a0144-cca6-4e13-b723-401631bc2d88&userId=569c89c9-704d-44fc-a8e4-157c262f5bb8&orgId=9282432e-4442-4407-ab7b-6ae705bd2f8d&email=tractiontools.user001+ts5e80ve@gmail.com&isCreator=0

2020-09-03 16:01:22 - [TEST_STEP][PASSED] - callTestCase(findTestCase("V2/Test Case/Pre-conditions/PRE_ChangeUserPermissionViaManageUser"), ["showMenuItemsPath":"//div[@class='usercard__detail_container']/div[text()='%s']/ancestor::div[contains(@class,'usercard__content')]//button[@aria-label='Show Menu Items']", "user_email":supervisor_email, ... ], STOP_ON_FAILURE): Call Test Case 'Test Cases/V2/Test Case/Pre-conditions/PRE_ChangeUserPermissionViaManageUser' successfully

2020-09-03 16:01:22 - [TEST_CASE][PASSED] - Test Cases/V2/Test Case/Pre-conditions/PRE_ChangeUserPermissionViaManageUser: Test Cases/V2/Test Case/Pre-conditions/PRE_ChangeUserPermissionViaManageUser

2020-09-03 16:01:22 - [TEST_STEP][PASSED] - click(findTestObject("Object Repository/V2/Commons/ManageUsersPage/span_Company Settings")): Object: 'Object Repository/V2/Commons/ManageUsersPage/span_Company Settings' is clicked on

2020-09-03 16:01:22 - [MESSAGE][PASSED] - Object: 'Object Repository/V2/Commons/ManageUsersPage/span_Company Settings' is clicked on

2020-09-03 16:01:22 - [TEST_STEP][PASSED] - click(findTestObject("V2/Commons/DasboardPage_SidebarMenu/a_Manage Users")): Object: 'Object Repository/V2/Commons/DasboardPage_SidebarMenu/a_Manage Users' is clicked on

2020-09-03 16:01:23 - [MESSAGE][PASSED] - Object: 'Object Repository/V2/Commons/DasboardPage_SidebarMenu/a_Manage Users' is clicked on

2020-09-03 16:01:23 - [TEST_STEP][PASSED] - showMenuItemsObj = tt_CustomKeywords.CustomKeywords.CreateDynamicElement(showMenuItemsPath, user_email, "xpath"): Successfully created new dynamic object: //div[@class='usercard__detail_container']/div[text()='tractiontools.user001+ts5e80ve@gmail.com']/ancestor::div[contains(@class,'usercard__content')]//button[@aria-label='Show Menu Items']

2020-09-03 16:01:23 - [MESSAGE][PASSED] - Successfully created new dynamic object: //div[@class='usercard__detail_container']/div[text()='tractiontools.user001+ts5e80ve@gmail.com']/ancestor::div[contains(@class,'usercard__content')]//button[@aria-label='Show Menu Items']

2020-09-03 16:01:23 - [TEST_STEP][PASSED] - click(showMenuItemsObj): Object: '' is clicked on

2020-09-03 16:01:24 - [MESSAGE][PASSED] - Object: '' is clicked on

2020-09-03 16:01:24 - [TEST_STEP][PASSED] - click(findTestObject("Object Repository/V2/Commons/ManageUsersPage/div_Edit user")): Object: 'Object Repository/V2/Commons/ManageUsersPage/div_Edit user' is clicked on

2020-09-03 16:01:24 - [MESSAGE][PASSED] - Object: 'Object Repository/V2/Commons/ManageUsersPage/div_Edit user' is clicked on

2020-09-03 16:01:24 - [TEST_STEP][PASSED] - verifyElementPresent(findTestObject("V2/Commons/ManageUsersPage/div_PositionTitle"), DefaultTimeout): Object 'Object Repository/V2/Commons/ManageUsersPage/div_PositionTitle' is present

2020-09-03 16:01:25 - [MESSAGE][PASSED] - Object 'Object Repository/V2/Commons/ManageUsersPage/div_PositionTitle' is present

2020-09-03 16:01:25 - [TEST_STEP][PASSED] - setText(findTestObject("V2/Commons/ManageUsersPage/position_title_input"), position_title): Text 'QA Manager' is set on object 'Object Repository/V2/Commons/ManageUsersPage/position_title_input'

2020-09-03 16:01:25 - [MESSAGE][PASSED] - Text 'QA Manager' is set on object 'Object Repository/V2/Commons/ManageUsersPage/position_title_input'

2020-09-03 16:01:25 - [TEST_STEP][PASSED] - sendKeys(findTestObject("V2/Commons/ManageUsersPage/position_title_input"), Keys.chord(ENTER)): Keys 'ENTER + ' sent to object: 'Object Repository/V2/Commons/ManageUsersPage/position_title_input'

2020-09-03 16:01:26 - [MESSAGE][PASSED] - Keys 'ENTER + ' sent to object: 'Object Repository/V2/Commons/ManageUsersPage/position_title_input'

2020-09-03 16:01:26 - [TEST_STEP][PASSED] - if (permissionValue == "Employee"): null

2020-09-03 16:01:26 - [TEST_STEP][PASSED] - verifyElementPresent(findTestObject("Object Repository/V2/Commons/ManageUsersPage/div_User type"), DefaultTimeout): Object 'Object Repository/V2/Commons/ManageUsersPage/div_User type' is present

2020-09-03 16:01:26 - [MESSAGE][PASSED] - Object 'Object Repository/V2/Commons/ManageUsersPage/div_User type' is present

2020-09-03 16:01:26 - [TEST_STEP][PASSED] - click(findTestObject("Object Repository/V2/Commons/ManageUsersPage/input__orgRole")): Object: 'Object Repository/V2/Commons/ManageUsersPage/input__orgRole' is clicked on

2020-09-03 16:01:27 - [MESSAGE][PASSED] - Object: 'Object Repository/V2/Commons/ManageUsersPage/input__orgRole' is clicked on

2020-09-03 16:01:27 - [TEST_STEP][PASSED] - roleOptionObj = tt_CustomKeywords.CustomKeywords.CreateDynamicElement(roleOption, permissionValue, "xpath"): Successfully created new dynamic object: //span[text()='Supervisor']/parent::div[@role='option']

2020-09-03 16:01:27 - [MESSAGE][PASSED] - Successfully created new dynamic object: //span[text()='Supervisor']/parent::div[@role='option']

2020-09-03 16:01:27 - [TEST_STEP][PASSED] - click(roleOptionObj): Object: '' is clicked on

2020-09-03 16:01:27 - [MESSAGE][PASSED] - Object: '' is clicked on

2020-09-03 16:01:27 - [TEST_STEP][PASSED] - click(findTestObject("Object Repository/V2/Commons/ManageUsersPage/div_Save")): Object: 'Object Repository/V2/Commons/ManageUsersPage/div_Save' is clicked on

2020-09-03 16:01:28 - [MESSAGE][PASSED] - Object: 'Object Repository/V2/Commons/ManageUsersPage/div_Save' is clicked on

2020-09-03 16:01:28 - [TEST_STEP][PASSED] - waitForElementVisible(findTestObject("V2/Commons/ManageUsersPage/h3_User Saved"), DefaultTimeout): Object 'Object Repository/V2/Commons/ManageUsersPage/h3_User Saved' is visible

2020-09-03 16:01:38 - [MESSAGE][PASSED] - Object 'Object Repository/V2/Commons/ManageUsersPage/h3_User Saved' is visible

2020-09-03 16:01:38 - [TEST_STEP][PASSED] - verifyElementVisible(findTestObject("Object Repository/V2/Commons/ManageUsersPage/h3_User Saved")): Object 'Object Repository/V2/Commons/ManageUsersPage/h3_User Saved' is visible

2020-09-03 16:01:38 - [MESSAGE][PASSED] - Object 'Object Repository/V2/Commons/ManageUsersPage/h3_User Saved' is visible

2020-09-03 16:01:38 - [MESSAGE][PASSED] - Call Test Case 'Test Cases/V2/Test Case/Pre-conditions/PRE_ChangeUserPermissionViaManageUser' successfully

2020-09-03 16:01:38 - [TEST_STEP][PASSED] - employee_activationURL = tt_CustomKeywords.CustomKeywords.RegisterAndActivateSupervisorUserViaAPI(V2Url, orgID, employee_email, password, email, password, employee_fname, lastname): SUCCESFFULLY registered a new user via API. 
 Generated Activation Link: 
https://v2dev.traction.tools/activate?activationKey=fcf605b1-5407-4592-bdee-6b07102453b8&userId=2094d875-dbfa-46c6-bc8e-b4e5a35614e7&orgId=9282432e-4442-4407-ab7b-6ae705bd2f8d&email=tractiontools.user001+te53bq0r@gmail.com&isCreator=0

2020-09-03 16:01:44 - [MESSAGE][PASSED] - SUCCESFFULLY registered a new user via API. 
 Generated Activation Link: 
https://v2dev.traction.tools/activate?activationKey=fcf605b1-5407-4592-bdee-6b07102453b8&userId=2094d875-dbfa-46c6-bc8e-b4e5a35614e7&orgId=9282432e-4442-4407-ab7b-6ae705bd2f8d&email=tractiontools.user001+te53bq0r@gmail.com&isCreator=0

2020-09-03 16:01:44 - [TEST_STEP][PASSED] - callTestCase(findTestCase("V2/Test Case/Pre-conditions/PRE_ChangeUserPermissionViaManageUser"), ["showMenuItemsPath":"//div[@class='usercard__detail_container']/div[text()='%s']/ancestor::div[contains(@class,'usercard__content')]//button[@aria-label='Show Menu Items']", "user_email":employee_email, ... ], STOP_ON_FAILURE): Call Test Case 'Test Cases/V2/Test Case/Pre-conditions/PRE_ChangeUserPermissionViaManageUser' successfully

2020-09-03 16:01:44 - [TEST_CASE][PASSED] - Test Cases/V2/Test Case/Pre-conditions/PRE_ChangeUserPermissionViaManageUser: Test Cases/V2/Test Case/Pre-conditions/PRE_ChangeUserPermissionViaManageUser

2020-09-03 16:01:44 - [TEST_STEP][PASSED] - click(findTestObject("Object Repository/V2/Commons/ManageUsersPage/span_Company Settings")): Object: 'Object Repository/V2/Commons/ManageUsersPage/span_Company Settings' is clicked on

2020-09-03 16:01:45 - [MESSAGE][PASSED] - Object: 'Object Repository/V2/Commons/ManageUsersPage/span_Company Settings' is clicked on

2020-09-03 16:01:45 - [TEST_STEP][PASSED] - click(findTestObject("V2/Commons/DasboardPage_SidebarMenu/a_Manage Users")): Object: 'Object Repository/V2/Commons/DasboardPage_SidebarMenu/a_Manage Users' is clicked on

2020-09-03 16:01:45 - [MESSAGE][PASSED] - Object: 'Object Repository/V2/Commons/DasboardPage_SidebarMenu/a_Manage Users' is clicked on

2020-09-03 16:01:45 - [TEST_STEP][PASSED] - showMenuItemsObj = tt_CustomKeywords.CustomKeywords.CreateDynamicElement(showMenuItemsPath, user_email, "xpath"): Successfully created new dynamic object: //div[@class='usercard__detail_container']/div[text()='tractiontools.user001+te53bq0r@gmail.com']/ancestor::div[contains(@class,'usercard__content')]//button[@aria-label='Show Menu Items']

2020-09-03 16:01:45 - [MESSAGE][PASSED] - Successfully created new dynamic object: //div[@class='usercard__detail_container']/div[text()='tractiontools.user001+te53bq0r@gmail.com']/ancestor::div[contains(@class,'usercard__content')]//button[@aria-label='Show Menu Items']

2020-09-03 16:01:45 - [TEST_STEP][PASSED] - click(showMenuItemsObj): Object: '' is clicked on

2020-09-03 16:01:46 - [MESSAGE][PASSED] - Object: '' is clicked on

2020-09-03 16:01:46 - [TEST_STEP][PASSED] - click(findTestObject("Object Repository/V2/Commons/ManageUsersPage/div_Edit user")): Object: 'Object Repository/V2/Commons/ManageUsersPage/div_Edit user' is clicked on

2020-09-03 16:01:46 - [MESSAGE][PASSED] - Object: 'Object Repository/V2/Commons/ManageUsersPage/div_Edit user' is clicked on

2020-09-03 16:01:46 - [TEST_STEP][PASSED] - verifyElementPresent(findTestObject("V2/Commons/ManageUsersPage/div_PositionTitle"), DefaultTimeout): Object 'Object Repository/V2/Commons/ManageUsersPage/div_PositionTitle' is present

2020-09-03 16:01:47 - [MESSAGE][PASSED] - Object 'Object Repository/V2/Commons/ManageUsersPage/div_PositionTitle' is present

2020-09-03 16:01:47 - [TEST_STEP][PASSED] - setText(findTestObject("V2/Commons/ManageUsersPage/position_title_input"), position_title): Text 'Quality Assurance' is set on object 'Object Repository/V2/Commons/ManageUsersPage/position_title_input'

2020-09-03 16:01:47 - [MESSAGE][PASSED] - Text 'Quality Assurance' is set on object 'Object Repository/V2/Commons/ManageUsersPage/position_title_input'

2020-09-03 16:01:47 - [TEST_STEP][PASSED] - sendKeys(findTestObject("V2/Commons/ManageUsersPage/position_title_input"), Keys.chord(ENTER)): Keys 'ENTER + ' sent to object: 'Object Repository/V2/Commons/ManageUsersPage/position_title_input'

2020-09-03 16:01:48 - [MESSAGE][PASSED] - Keys 'ENTER + ' sent to object: 'Object Repository/V2/Commons/ManageUsersPage/position_title_input'

2020-09-03 16:01:48 - [TEST_STEP][PASSED] - if (permissionValue == "Employee"): Keys 'ENTER + ' sent to object: 'Object Repository/V2/Commons/ManageUsersPage/supervisor_input'

2020-09-03 16:01:48 - [TEST_STEP][PASSED] - verifyElementPresent(findTestObject("V2/Commons/ManageUsersPage/supervisor_input"), DefaultTimeout): Object 'Object Repository/V2/Commons/ManageUsersPage/supervisor_input' is present

2020-09-03 16:01:48 - [MESSAGE][PASSED] - Object 'Object Repository/V2/Commons/ManageUsersPage/supervisor_input' is present

2020-09-03 16:01:48 - [TEST_STEP][PASSED] - setText(findTestObject("V2/Commons/ManageUsersPage/supervisor_input"), user_supervisorName): Text 'Supervisor User' is set on object 'Object Repository/V2/Commons/ManageUsersPage/supervisor_input'

2020-09-03 16:01:49 - [MESSAGE][PASSED] - Text 'Supervisor User' is set on object 'Object Repository/V2/Commons/ManageUsersPage/supervisor_input'

2020-09-03 16:01:49 - [TEST_STEP][PASSED] - sendKeys(findTestObject("V2/Commons/ManageUsersPage/supervisor_input"), Keys.chord(ENTER)): Keys 'ENTER + ' sent to object: 'Object Repository/V2/Commons/ManageUsersPage/supervisor_input'

2020-09-03 16:01:49 - [MESSAGE][PASSED] - Keys 'ENTER + ' sent to object: 'Object Repository/V2/Commons/ManageUsersPage/supervisor_input'

2020-09-03 16:01:49 - [TEST_STEP][PASSED] - verifyElementPresent(findTestObject("Object Repository/V2/Commons/ManageUsersPage/div_User type"), DefaultTimeout): Object 'Object Repository/V2/Commons/ManageUsersPage/div_User type' is present

2020-09-03 16:01:50 - [MESSAGE][PASSED] - Object 'Object Repository/V2/Commons/ManageUsersPage/div_User type' is present

2020-09-03 16:01:50 - [TEST_STEP][PASSED] - click(findTestObject("Object Repository/V2/Commons/ManageUsersPage/input__orgRole")): Object: 'Object Repository/V2/Commons/ManageUsersPage/input__orgRole' is clicked on

2020-09-03 16:01:50 - [MESSAGE][PASSED] - Object: 'Object Repository/V2/Commons/ManageUsersPage/input__orgRole' is clicked on

2020-09-03 16:01:50 - [TEST_STEP][PASSED] - roleOptionObj = tt_CustomKeywords.CustomKeywords.CreateDynamicElement(roleOption, permissionValue, "xpath"): Successfully created new dynamic object: //span[text()='Employee']/parent::div[@role='option']

2020-09-03 16:01:50 - [MESSAGE][PASSED] - Successfully created new dynamic object: //span[text()='Employee']/parent::div[@role='option']

2020-09-03 16:01:50 - [TEST_STEP][PASSED] - click(roleOptionObj): Object: '' is clicked on

2020-09-03 16:01:51 - [MESSAGE][PASSED] - Object: '' is clicked on

2020-09-03 16:01:51 - [TEST_STEP][PASSED] - click(findTestObject("Object Repository/V2/Commons/ManageUsersPage/div_Save")): Object: 'Object Repository/V2/Commons/ManageUsersPage/div_Save' is clicked on

2020-09-03 16:01:51 - [MESSAGE][PASSED] - Object: 'Object Repository/V2/Commons/ManageUsersPage/div_Save' is clicked on

2020-09-03 16:01:51 - [TEST_STEP][PASSED] - waitForElementVisible(findTestObject("V2/Commons/ManageUsersPage/h3_User Saved"), DefaultTimeout): Object 'Object Repository/V2/Commons/ManageUsersPage/h3_User Saved' is visible

2020-09-03 16:02:03 - [MESSAGE][PASSED] - Object 'Object Repository/V2/Commons/ManageUsersPage/h3_User Saved' is visible

2020-09-03 16:02:03 - [TEST_STEP][PASSED] - verifyElementVisible(findTestObject("Object Repository/V2/Commons/ManageUsersPage/h3_User Saved")): Object 'Object Repository/V2/Commons/ManageUsersPage/h3_User Saved' is visible

2020-09-03 16:02:03 - [MESSAGE][PASSED] - Object 'Object Repository/V2/Commons/ManageUsersPage/h3_User Saved' is visible

2020-09-03 16:02:03 - [MESSAGE][PASSED] - Call Test Case 'Test Cases/V2/Test Case/Pre-conditions/PRE_ChangeUserPermissionViaManageUser' successfully

2020-09-03 16:02:03 - [TEST_STEP][PASSED] - callTestCase(findTestCase("V2/Test Case/Pre-conditions/PRE_ActivateNewUser"), ["activationURL":supervisor_activationURL, "email":supervisor_email, "password":password], STOP_ON_FAILURE): Call Test Case 'Test Cases/V2/Test Case/Pre-conditions/PRE_ActivateNewUser' successfully

2020-09-03 16:02:03 - [TEST_CASE][PASSED] - Test Cases/V2/Test Case/Pre-conditions/PRE_ActivateNewUser: Test Cases/V2/Test Case/Pre-conditions/PRE_ActivateNewUser

2020-09-03 16:02:03 - [TEST_STEP][PASSED] - navigateToUrl(activationURL): Navigate to 'https://v2dev.traction.tools/activate?activationKey=e79a0144-cca6-4e13-b723-401631bc2d88&userId=569c89c9-704d-44fc-a8e4-157c262f5bb8&orgId=9282432e-4442-4407-ab7b-6ae705bd2f8d&email=tractiontools.user001+ts5e80ve@gmail.com&isCreator=0' successfully

2020-09-03 16:02:05 - [MESSAGE][PASSED] - Navigate to 'https://v2dev.traction.tools/activate?activationKey=e79a0144-cca6-4e13-b723-401631bc2d88&userId=569c89c9-704d-44fc-a8e4-157c262f5bb8&orgId=9282432e-4442-4407-ab7b-6ae705bd2f8d&email=tractiontools.user001+ts5e80ve@gmail.com&isCreator=0' successfully

2020-09-03 16:02:05 - [TEST_STEP][PASSED] - waitForElementVisible(findTestObject("V2/Commons/ActivationPage/input_Email_email"), DefaultTimeout): Object 'Object Repository/V2/Commons/ActivationPage/input_Email_email' is visible

2020-09-03 16:02:06 - [MESSAGE][PASSED] - Object 'Object Repository/V2/Commons/ActivationPage/input_Email_email' is visible

2020-09-03 16:02:06 - [TEST_STEP][PASSED] - actual_email = getAttribute(findTestObject("Object Repository/V2/Commons/ActivationPage/input_Email_email"), "value"): Attribute 'value' of object 'Object Repository/V2/Commons/ActivationPage/input_Email_email' is: 'tractiontools.user001+ts5e80ve@gmail.com'

2020-09-03 16:02:06 - [MESSAGE][PASSED] - Attribute 'value' of object 'Object Repository/V2/Commons/ActivationPage/input_Email_email' is: 'tractiontools.user001+ts5e80ve@gmail.com'

2020-09-03 16:02:06 - [TEST_STEP][PASSED] - verifyMatch(actual_email, email, false): Actual text 'tractiontools.user001+ts5e80ve@gmail.com' and expected text 'tractiontools.user001+ts5e80ve@gmail.com' are matched 

2020-09-03 16:02:06 - [MESSAGE][PASSED] - Actual text 'tractiontools.user001+ts5e80ve@gmail.com' and expected text 'tractiontools.user001+ts5e80ve@gmail.com' are matched 

2020-09-03 16:02:06 - [TEST_STEP][PASSED] - setText(findTestObject("V2/Commons/ActivationPage/input_password"), password): Text 'Qwer123!' is set on object 'Object Repository/V2/Commons/ActivationPage/input_password'

2020-09-03 16:02:07 - [MESSAGE][PASSED] - Text 'Qwer123!' is set on object 'Object Repository/V2/Commons/ActivationPage/input_password'

2020-09-03 16:02:07 - [TEST_STEP][PASSED] - setText(findTestObject("Object Repository/V2/Commons/ActivationPage/input__passwordRepeat"), password): Text 'Qwer123!' is set on object 'Object Repository/V2/Commons/ActivationPage/input__passwordRepeat'

2020-09-03 16:02:08 - [MESSAGE][PASSED] - Text 'Qwer123!' is set on object 'Object Repository/V2/Commons/ActivationPage/input__passwordRepeat'

2020-09-03 16:02:08 - [TEST_STEP][PASSED] - click(findTestObject("V2/Commons/ActivationPage/input_termsandconditions")): Object: 'Object Repository/V2/Commons/ActivationPage/input_termsandconditions' is clicked on

2020-09-03 16:02:08 - [MESSAGE][PASSED] - Object: 'Object Repository/V2/Commons/ActivationPage/input_termsandconditions' is clicked on

2020-09-03 16:02:08 - [TEST_STEP][PASSED] - click(findTestObject("Object Repository/V2/Commons/ActivationPage/div_Create account")): Object: 'Object Repository/V2/Commons/ActivationPage/div_Create account' is clicked on

2020-09-03 16:02:09 - [MESSAGE][PASSED] - Object: 'Object Repository/V2/Commons/ActivationPage/div_Create account' is clicked on

2020-09-03 16:02:09 - [TEST_STEP][PASSED] - waitForElementPresent(findTestObject("V2/Commons/DasboardPage_SidebarMenu/img_Home_logo-big"), DefaultTimeout): Object 'Object Repository/V2/Commons/DasboardPage_SidebarMenu/img_Home_logo-big' is present

2020-09-03 16:02:13 - [MESSAGE][PASSED] - Object 'Object Repository/V2/Commons/DasboardPage_SidebarMenu/img_Home_logo-big' is present

2020-09-03 16:02:13 - [TEST_STEP][PASSED] - verifyElementPresent(findTestObject("V2/Commons/DasboardPage_SidebarMenu/img_Home_logo-big"), 0): Object 'Object Repository/V2/Commons/DasboardPage_SidebarMenu/img_Home_logo-big' is present

2020-09-03 16:02:13 - [MESSAGE][WARNING] - Timeout '0' is invalid. Using default page load timeout: '30'

2020-09-03 16:02:14 - [MESSAGE][PASSED] - Object 'Object Repository/V2/Commons/DasboardPage_SidebarMenu/img_Home_logo-big' is present

2020-09-03 16:02:14 - [MESSAGE][PASSED] - Call Test Case 'Test Cases/V2/Test Case/Pre-conditions/PRE_ActivateNewUser' successfully

2020-09-03 16:02:14 - [TEST_STEP][PASSED] - callTestCase(findTestCase("V2/Test Case/Pre-conditions/PRE_SkipPersonalProfileSetup"), [:], STOP_ON_FAILURE): Call Test Case 'Test Cases/V2/Test Case/Pre-conditions/PRE_SkipPersonalProfileSetup' successfully

2020-09-03 16:02:14 - [TEST_CASE][PASSED] - Test Cases/V2/Test Case/Pre-conditions/PRE_SkipPersonalProfileSetup: Test Cases/V2/Test Case/Pre-conditions/PRE_SkipPersonalProfileSetup

2020-09-03 16:02:14 - [TEST_STEP][PASSED] - waitForElementVisible(findTestObject("V2/Commons/FirstUpdateCompanyAndPersonalInfoModal/confirmPersonalInfoHeader_h1"), DefaultTimeout): Object 'Object Repository/V2/Commons/FirstUpdateCompanyAndPersonalInfoModal/confirmPersonalInfoHeader_h1' is visible

2020-09-03 16:02:15 - [MESSAGE][PASSED] - Object 'Object Repository/V2/Commons/FirstUpdateCompanyAndPersonalInfoModal/confirmPersonalInfoHeader_h1' is visible

2020-09-03 16:02:15 - [TEST_STEP][PASSED] - click(findTestObject("V2/Commons/FirstUpdateCompanyAndPersonalInfoModal/confirmInfoSkip_button")): Object: 'Object Repository/V2/Commons/FirstUpdateCompanyAndPersonalInfoModal/confirmInfoSkip_button' is clicked on

2020-09-03 16:02:15 - [MESSAGE][PASSED] - Object: 'Object Repository/V2/Commons/FirstUpdateCompanyAndPersonalInfoModal/confirmInfoSkip_button' is clicked on

2020-09-03 16:02:15 - [TEST_STEP][PASSED] - waitForElementVisible(findTestObject("V2/Commons/FirstUpdateCompanyAndPersonalInfoModal/letsGetStarted_button"), DefaultTimeout): Object 'Object Repository/V2/Commons/FirstUpdateCompanyAndPersonalInfoModal/letsGetStarted_button' is visible

2020-09-03 16:02:16 - [MESSAGE][PASSED] - Object 'Object Repository/V2/Commons/FirstUpdateCompanyAndPersonalInfoModal/letsGetStarted_button' is visible

2020-09-03 16:02:16 - [TEST_STEP][PASSED] - click(findTestObject("V2/Commons/FirstUpdateCompanyAndPersonalInfoModal/letsGetStarted_button")): Object: 'Object Repository/V2/Commons/FirstUpdateCompanyAndPersonalInfoModal/letsGetStarted_button' is clicked on

2020-09-03 16:02:17 - [MESSAGE][PASSED] - Object: 'Object Repository/V2/Commons/FirstUpdateCompanyAndPersonalInfoModal/letsGetStarted_button' is clicked on

2020-09-03 16:02:17 - [MESSAGE][PASSED] - Call Test Case 'Test Cases/V2/Test Case/Pre-conditions/PRE_SkipPersonalProfileSetup' successfully

2020-09-03 16:02:17 - [TEST_STEP][PASSED] - callTestCase(findTestCase("V2/Test Case/Pre-conditions/PRE_ActivateNewUser"), ["activationURL":employee_activationURL, "email":employee_email, "password":password], STOP_ON_FAILURE): Call Test Case 'Test Cases/V2/Test Case/Pre-conditions/PRE_ActivateNewUser' successfully

2020-09-03 16:02:17 - [TEST_CASE][PASSED] - Test Cases/V2/Test Case/Pre-conditions/PRE_ActivateNewUser: Test Cases/V2/Test Case/Pre-conditions/PRE_ActivateNewUser

2020-09-03 16:02:17 - [TEST_STEP][PASSED] - navigateToUrl(activationURL): Navigate to 'https://v2dev.traction.tools/activate?activationKey=fcf605b1-5407-4592-bdee-6b07102453b8&userId=2094d875-dbfa-46c6-bc8e-b4e5a35614e7&orgId=9282432e-4442-4407-ab7b-6ae705bd2f8d&email=tractiontools.user001+te53bq0r@gmail.com&isCreator=0' successfully

2020-09-03 16:02:19 - [MESSAGE][PASSED] - Navigate to 'https://v2dev.traction.tools/activate?activationKey=fcf605b1-5407-4592-bdee-6b07102453b8&userId=2094d875-dbfa-46c6-bc8e-b4e5a35614e7&orgId=9282432e-4442-4407-ab7b-6ae705bd2f8d&email=tractiontools.user001+te53bq0r@gmail.com&isCreator=0' successfully

2020-09-03 16:02:19 - [TEST_STEP][PASSED] - waitForElementVisible(findTestObject("V2/Commons/ActivationPage/input_Email_email"), DefaultTimeout): Object 'Object Repository/V2/Commons/ActivationPage/input_Email_email' is visible

2020-09-03 16:02:20 - [MESSAGE][PASSED] - Object 'Object Repository/V2/Commons/ActivationPage/input_Email_email' is visible

2020-09-03 16:02:20 - [TEST_STEP][PASSED] - actual_email = getAttribute(findTestObject("Object Repository/V2/Commons/ActivationPage/input_Email_email"), "value"): Attribute 'value' of object 'Object Repository/V2/Commons/ActivationPage/input_Email_email' is: 'tractiontools.user001+te53bq0r@gmail.com'

2020-09-03 16:02:20 - [MESSAGE][PASSED] - Attribute 'value' of object 'Object Repository/V2/Commons/ActivationPage/input_Email_email' is: 'tractiontools.user001+te53bq0r@gmail.com'

2020-09-03 16:02:20 - [TEST_STEP][PASSED] - verifyMatch(actual_email, email, false): Actual text 'tractiontools.user001+te53bq0r@gmail.com' and expected text 'tractiontools.user001+te53bq0r@gmail.com' are matched 

2020-09-03 16:02:20 - [MESSAGE][PASSED] - Actual text 'tractiontools.user001+te53bq0r@gmail.com' and expected text 'tractiontools.user001+te53bq0r@gmail.com' are matched 

2020-09-03 16:02:20 - [TEST_STEP][PASSED] - setText(findTestObject("V2/Commons/ActivationPage/input_password"), password): Text 'Qwer123!' is set on object 'Object Repository/V2/Commons/ActivationPage/input_password'

2020-09-03 16:02:21 - [MESSAGE][PASSED] - Text 'Qwer123!' is set on object 'Object Repository/V2/Commons/ActivationPage/input_password'

2020-09-03 16:02:21 - [TEST_STEP][PASSED] - setText(findTestObject("Object Repository/V2/Commons/ActivationPage/input__passwordRepeat"), password): Text 'Qwer123!' is set on object 'Object Repository/V2/Commons/ActivationPage/input__passwordRepeat'

2020-09-03 16:02:21 - [MESSAGE][PASSED] - Text 'Qwer123!' is set on object 'Object Repository/V2/Commons/ActivationPage/input__passwordRepeat'

2020-09-03 16:02:21 - [TEST_STEP][PASSED] - click(findTestObject("V2/Commons/ActivationPage/input_termsandconditions")): Object: 'Object Repository/V2/Commons/ActivationPage/input_termsandconditions' is clicked on

2020-09-03 16:02:22 - [MESSAGE][PASSED] - Object: 'Object Repository/V2/Commons/ActivationPage/input_termsandconditions' is clicked on

2020-09-03 16:02:22 - [TEST_STEP][PASSED] - click(findTestObject("Object Repository/V2/Commons/ActivationPage/div_Create account")): Object: 'Object Repository/V2/Commons/ActivationPage/div_Create account' is clicked on

2020-09-03 16:02:22 - [MESSAGE][PASSED] - Object: 'Object Repository/V2/Commons/ActivationPage/div_Create account' is clicked on

2020-09-03 16:02:22 - [TEST_STEP][PASSED] - waitForElementPresent(findTestObject("V2/Commons/DasboardPage_SidebarMenu/img_Home_logo-big"), DefaultTimeout): Object 'Object Repository/V2/Commons/DasboardPage_SidebarMenu/img_Home_logo-big' is present

2020-09-03 16:02:27 - [MESSAGE][PASSED] - Object 'Object Repository/V2/Commons/DasboardPage_SidebarMenu/img_Home_logo-big' is present

2020-09-03 16:02:27 - [TEST_STEP][PASSED] - verifyElementPresent(findTestObject("V2/Commons/DasboardPage_SidebarMenu/img_Home_logo-big"), 0): Object 'Object Repository/V2/Commons/DasboardPage_SidebarMenu/img_Home_logo-big' is present

2020-09-03 16:02:27 - [MESSAGE][WARNING] - Timeout '0' is invalid. Using default page load timeout: '30'

2020-09-03 16:02:28 - [MESSAGE][PASSED] - Object 'Object Repository/V2/Commons/DasboardPage_SidebarMenu/img_Home_logo-big' is present

2020-09-03 16:02:28 - [MESSAGE][PASSED] - Call Test Case 'Test Cases/V2/Test Case/Pre-conditions/PRE_ActivateNewUser' successfully

2020-09-03 16:02:28 - [TEST_STEP][PASSED] - callTestCase(findTestCase("V2/Test Case/Pre-conditions/PRE_SkipPersonalProfileSetup"), [:], STOP_ON_FAILURE): Call Test Case 'Test Cases/V2/Test Case/Pre-conditions/PRE_SkipPersonalProfileSetup' successfully

2020-09-03 16:02:28 - [TEST_CASE][PASSED] - Test Cases/V2/Test Case/Pre-conditions/PRE_SkipPersonalProfileSetup: Test Cases/V2/Test Case/Pre-conditions/PRE_SkipPersonalProfileSetup

2020-09-03 16:02:28 - [TEST_STEP][PASSED] - waitForElementVisible(findTestObject("V2/Commons/FirstUpdateCompanyAndPersonalInfoModal/confirmPersonalInfoHeader_h1"), DefaultTimeout): Object 'Object Repository/V2/Commons/FirstUpdateCompanyAndPersonalInfoModal/confirmPersonalInfoHeader_h1' is visible

2020-09-03 16:02:28 - [MESSAGE][PASSED] - Object 'Object Repository/V2/Commons/FirstUpdateCompanyAndPersonalInfoModal/confirmPersonalInfoHeader_h1' is visible

2020-09-03 16:02:28 - [TEST_STEP][PASSED] - click(findTestObject("V2/Commons/FirstUpdateCompanyAndPersonalInfoModal/confirmInfoSkip_button")): Object: 'Object Repository/V2/Commons/FirstUpdateCompanyAndPersonalInfoModal/confirmInfoSkip_button' is clicked on

2020-09-03 16:02:29 - [MESSAGE][PASSED] - Object: 'Object Repository/V2/Commons/FirstUpdateCompanyAndPersonalInfoModal/confirmInfoSkip_button' is clicked on

2020-09-03 16:02:29 - [TEST_STEP][PASSED] - waitForElementVisible(findTestObject("V2/Commons/FirstUpdateCompanyAndPersonalInfoModal/letsGetStarted_button"), DefaultTimeout): Object 'Object Repository/V2/Commons/FirstUpdateCompanyAndPersonalInfoModal/letsGetStarted_button' is visible

2020-09-03 16:02:30 - [MESSAGE][PASSED] - Object 'Object Repository/V2/Commons/FirstUpdateCompanyAndPersonalInfoModal/letsGetStarted_button' is visible

2020-09-03 16:02:30 - [TEST_STEP][PASSED] - click(findTestObject("V2/Commons/FirstUpdateCompanyAndPersonalInfoModal/letsGetStarted_button")): Object: 'Object Repository/V2/Commons/FirstUpdateCompanyAndPersonalInfoModal/letsGetStarted_button' is clicked on

2020-09-03 16:02:30 - [MESSAGE][PASSED] - Object: 'Object Repository/V2/Commons/FirstUpdateCompanyAndPersonalInfoModal/letsGetStarted_button' is clicked on

2020-09-03 16:02:30 - [MESSAGE][PASSED] - Call Test Case 'Test Cases/V2/Test Case/Pre-conditions/PRE_SkipPersonalProfileSetup' successfully

2020-09-03 16:02:30 - [MESSAGE][PASSED] - Call Test Case 'Test Cases/V2/Test Case/Pre-conditions/PRE_RegisterAndActivateTTUsers' successfully

2020-09-03 16:02:30 - [TEST_STEP][PASSED] - closeBrowser(): Browser is closed

2020-09-03 16:02:31 - [MESSAGE][PASSED] - Browser is closed

2020-09-03 16:02:31 - [TEST_STEP][PASSED] - path = System.getProperty("user.dir"): null

2020-09-03 16:02:31 - [TEST_STEP][PASSED] - System.setProperty("webdriver.chrome.driver", "C:\Users\Aaron-PC\Documents\Traction Tools\Katalon\Katalon_Studio_Windows_64-7.6.2\Katalon_Studio_Windows_64-7.6.2\configuration\resources\drivers\chromedriver_win32\chromedriver.exe"): null

2020-09-03 16:02:31 - [TEST_STEP][PASSED] - driver1 = new org.openqa.selenium.chrome.ChromeDriver(): null

2020-09-03 16:02:34 - [TEST_STEP][PASSED] - changeWebDriver(driver1): null

2020-09-03 16:02:34 - [TEST_STEP][PASSED] - maximizeWindow(): Current window maximized

2020-09-03 16:02:36 - [MESSAGE][PASSED] - Current window maximized

2020-09-03 16:02:36 - [TEST_STEP][PASSED] - navigateToUrl(V2Url): Navigate to 'https://v2dev.traction.tools' successfully

2020-09-03 16:02:38 - [MESSAGE][PASSED] - Navigate to 'https://v2dev.traction.tools' successfully

2020-09-03 16:02:38 - [TEST_STEP][PASSED] - callTestCase(findTestCase("V2/Test Case/Pre-conditions/PRE_LoginToTractionToolsApplication"), ["username":email, "password":password], STOP_ON_FAILURE): Call Test Case 'Test Cases/V2/Test Case/Pre-conditions/PRE_LoginToTractionToolsApplication' successfully

2020-09-03 16:02:38 - [TEST_CASE][PASSED] - Test Cases/V2/Test Case/Pre-conditions/PRE_LoginToTractionToolsApplication: Test Cases/V2/Test Case/Pre-conditions/PRE_LoginToTractionToolsApplication

2020-09-03 16:02:38 - [TEST_STEP][PASSED] - setText(findTestObject("V2/Commons/LoginPage/input__username"), username): Text 'tractiontools.user001+ta57keha@gmail.com' is set on object 'Object Repository/V2/Commons/LoginPage/input__username'

2020-09-03 16:02:45 - [MESSAGE][PASSED] - Text 'tractiontools.user001+ta57keha@gmail.com' is set on object 'Object Repository/V2/Commons/LoginPage/input__username'

2020-09-03 16:02:45 - [TEST_STEP][PASSED] - setText(findTestObject("V2/Commons/LoginPage/input__password"), password): Text 'Qwer123!' is set on object 'Object Repository/V2/Commons/LoginPage/input__password'

2020-09-03 16:02:45 - [MESSAGE][PASSED] - Text 'Qwer123!' is set on object 'Object Repository/V2/Commons/LoginPage/input__password'

2020-09-03 16:02:45 - [TEST_STEP][PASSED] - click(findTestObject("V2/Commons/LoginPage/div_Login")): Object: 'Object Repository/V2/Commons/LoginPage/div_Login' is clicked on

2020-09-03 16:02:45 - [MESSAGE][PASSED] - Object: 'Object Repository/V2/Commons/LoginPage/div_Login' is clicked on

2020-09-03 16:02:45 - [TEST_STEP][PASSED] - waitForElementVisible(findTestObject("V2/Commons/DasboardPage_SidebarMenu/img_Home_logo-big"), DefaultTimeout): Object 'Object Repository/V2/Commons/DasboardPage_SidebarMenu/img_Home_logo-big' is visible

2020-09-03 16:02:50 - [MESSAGE][PASSED] - Object 'Object Repository/V2/Commons/DasboardPage_SidebarMenu/img_Home_logo-big' is visible

2020-09-03 16:02:50 - [TEST_STEP][PASSED] - verifyElementVisible(findTestObject("V2/Commons/DasboardPage_SidebarMenu/img_Home_logo-big"), STOP_ON_FAILURE): Object 'Object Repository/V2/Commons/DasboardPage_SidebarMenu/img_Home_logo-big' is visible

2020-09-03 16:02:50 - [MESSAGE][PASSED] - Object 'Object Repository/V2/Commons/DasboardPage_SidebarMenu/img_Home_logo-big' is visible

2020-09-03 16:02:50 - [MESSAGE][PASSED] - Call Test Case 'Test Cases/V2/Test Case/Pre-conditions/PRE_LoginToTractionToolsApplication' successfully

2020-09-03 16:02:50 - [TEST_STEP][PASSED] - driver2 = new org.openqa.selenium.chrome.ChromeDriver(): null

2020-09-03 16:02:54 - [TEST_STEP][PASSED] - changeWebDriver(driver2): null

2020-09-03 16:02:54 - [TEST_STEP][PASSED] - maximizeWindow(): Current window maximized

2020-09-03 16:02:56 - [MESSAGE][PASSED] - Current window maximized

2020-09-03 16:02:56 - [TEST_STEP][PASSED] - navigateToUrl(V2Url): Navigate to 'https://v2dev.traction.tools' successfully

2020-09-03 16:02:57 - [MESSAGE][PASSED] - Navigate to 'https://v2dev.traction.tools' successfully

2020-09-03 16:02:57 - [TEST_STEP][PASSED] - callTestCase(findTestCase("V2/Test Case/Pre-conditions/PRE_LoginToTractionToolsApplication"), ["username":supervisor_email, "password":password], STOP_ON_FAILURE): Call Test Case 'Test Cases/V2/Test Case/Pre-conditions/PRE_LoginToTractionToolsApplication' successfully

2020-09-03 16:02:57 - [TEST_CASE][PASSED] - Test Cases/V2/Test Case/Pre-conditions/PRE_LoginToTractionToolsApplication: Test Cases/V2/Test Case/Pre-conditions/PRE_LoginToTractionToolsApplication

2020-09-03 16:02:57 - [TEST_STEP][PASSED] - setText(findTestObject("V2/Commons/LoginPage/input__username"), username): Text 'tractiontools.user001+ts5e80ve@gmail.com' is set on object 'Object Repository/V2/Commons/LoginPage/input__username'

2020-09-03 16:03:04 - [MESSAGE][PASSED] - Text 'tractiontools.user001+ts5e80ve@gmail.com' is set on object 'Object Repository/V2/Commons/LoginPage/input__username'

2020-09-03 16:03:04 - [TEST_STEP][PASSED] - setText(findTestObject("V2/Commons/LoginPage/input__password"), password): Text 'Qwer123!' is set on object 'Object Repository/V2/Commons/LoginPage/input__password'

2020-09-03 16:03:05 - [MESSAGE][PASSED] - Text 'Qwer123!' is set on object 'Object Repository/V2/Commons/LoginPage/input__password'

2020-09-03 16:03:05 - [TEST_STEP][PASSED] - click(findTestObject("V2/Commons/LoginPage/div_Login")): Object: 'Object Repository/V2/Commons/LoginPage/div_Login' is clicked on

2020-09-03 16:03:05 - [MESSAGE][PASSED] - Object: 'Object Repository/V2/Commons/LoginPage/div_Login' is clicked on

2020-09-03 16:03:05 - [TEST_STEP][PASSED] - waitForElementVisible(findTestObject("V2/Commons/DasboardPage_SidebarMenu/img_Home_logo-big"), DefaultTimeout): Object 'Object Repository/V2/Commons/DasboardPage_SidebarMenu/img_Home_logo-big' is visible

2020-09-03 16:03:09 - [MESSAGE][PASSED] - Object 'Object Repository/V2/Commons/DasboardPage_SidebarMenu/img_Home_logo-big' is visible

2020-09-03 16:03:09 - [TEST_STEP][PASSED] - verifyElementVisible(findTestObject("V2/Commons/DasboardPage_SidebarMenu/img_Home_logo-big"), STOP_ON_FAILURE): Object 'Object Repository/V2/Commons/DasboardPage_SidebarMenu/img_Home_logo-big' is visible

2020-09-03 16:03:09 - [MESSAGE][PASSED] - Object 'Object Repository/V2/Commons/DasboardPage_SidebarMenu/img_Home_logo-big' is visible

2020-09-03 16:03:09 - [MESSAGE][PASSED] - Call Test Case 'Test Cases/V2/Test Case/Pre-conditions/PRE_LoginToTractionToolsApplication' successfully

2020-09-03 16:03:09 - [TEST_STEP][PASSED] - driver3 = new org.openqa.selenium.chrome.ChromeDriver(): null

2020-09-03 16:03:12 - [TEST_STEP][PASSED] - changeWebDriver(driver3): null

2020-09-03 16:03:12 - [TEST_STEP][PASSED] - maximizeWindow(): Current window maximized

2020-09-03 16:03:14 - [MESSAGE][PASSED] - Current window maximized

2020-09-03 16:03:14 - [TEST_STEP][PASSED] - navigateToUrl(V2Url): Navigate to 'https://v2dev.traction.tools' successfully

2020-09-03 16:03:16 - [MESSAGE][PASSED] - Navigate to 'https://v2dev.traction.tools' successfully

2020-09-03 16:03:16 - [TEST_STEP][PASSED] - callTestCase(findTestCase("V2/Test Case/Pre-conditions/PRE_LoginToTractionToolsApplication"), ["username":employee_email, "password":password], STOP_ON_FAILURE): Call Test Case 'Test Cases/V2/Test Case/Pre-conditions/PRE_LoginToTractionToolsApplication' successfully

2020-09-03 16:03:16 - [TEST_CASE][PASSED] - Test Cases/V2/Test Case/Pre-conditions/PRE_LoginToTractionToolsApplication: Test Cases/V2/Test Case/Pre-conditions/PRE_LoginToTractionToolsApplication

2020-09-03 16:03:16 - [TEST_STEP][PASSED] - setText(findTestObject("V2/Commons/LoginPage/input__username"), username): Text 'tractiontools.user001+te53bq0r@gmail.com' is set on object 'Object Repository/V2/Commons/LoginPage/input__username'

2020-09-03 16:03:24 - [MESSAGE][PASSED] - Text 'tractiontools.user001+te53bq0r@gmail.com' is set on object 'Object Repository/V2/Commons/LoginPage/input__username'

2020-09-03 16:03:24 - [TEST_STEP][PASSED] - setText(findTestObject("V2/Commons/LoginPage/input__password"), password): Text 'Qwer123!' is set on object 'Object Repository/V2/Commons/LoginPage/input__password'

2020-09-03 16:03:24 - [MESSAGE][PASSED] - Text 'Qwer123!' is set on object 'Object Repository/V2/Commons/LoginPage/input__password'

2020-09-03 16:03:24 - [TEST_STEP][PASSED] - click(findTestObject("V2/Commons/LoginPage/div_Login")): Object: 'Object Repository/V2/Commons/LoginPage/div_Login' is clicked on

2020-09-03 16:03:24 - [MESSAGE][PASSED] - Object: 'Object Repository/V2/Commons/LoginPage/div_Login' is clicked on

2020-09-03 16:03:24 - [TEST_STEP][PASSED] - waitForElementVisible(findTestObject("V2/Commons/DasboardPage_SidebarMenu/img_Home_logo-big"), DefaultTimeout): Object 'Object Repository/V2/Commons/DasboardPage_SidebarMenu/img_Home_logo-big' is visible

2020-09-03 16:03:28 - [MESSAGE][PASSED] - Object 'Object Repository/V2/Commons/DasboardPage_SidebarMenu/img_Home_logo-big' is visible

2020-09-03 16:03:28 - [TEST_STEP][PASSED] - verifyElementVisible(findTestObject("V2/Commons/DasboardPage_SidebarMenu/img_Home_logo-big"), STOP_ON_FAILURE): Object 'Object Repository/V2/Commons/DasboardPage_SidebarMenu/img_Home_logo-big' is visible

2020-09-03 16:03:28 - [MESSAGE][PASSED] - Object 'Object Repository/V2/Commons/DasboardPage_SidebarMenu/img_Home_logo-big' is visible

2020-09-03 16:03:28 - [MESSAGE][PASSED] - Call Test Case 'Test Cases/V2/Test Case/Pre-conditions/PRE_LoginToTractionToolsApplication' successfully

2020-09-03 16:03:28 - [TEST_STEP][PASSED] - changeWebDriver(driver1): null

2020-09-03 16:03:28 - [TEST_STEP][PASSED] - callTestCase(findTestCase("V2/Test Case/Pre-conditions/PRE_AddMilestone_Rocks"), [:], STOP_ON_FAILURE): Call Test Case 'Test Cases/V2/Test Case/Pre-conditions/PRE_AddMilestone_Rocks' successfully

2020-09-03 16:03:28 - [TEST_CASE][PASSED] - Test Cases/V2/Test Case/Pre-conditions/PRE_AddMilestone_Rocks: Test Cases/V2/Test Case/Pre-conditions/PRE_AddMilestone_Rocks

2020-09-03 16:03:28 - [TEST_STEP][PASSED] - click(findTestObject("Object Repository/V2/Commons/ManageUsersPage/span_Company Settings")): Object: 'Object Repository/V2/Commons/ManageUsersPage/span_Company Settings' is clicked on

2020-09-03 16:03:28 - [MESSAGE][PASSED] - Object: 'Object Repository/V2/Commons/ManageUsersPage/span_Company Settings' is clicked on

2020-09-03 16:03:28 - [TEST_STEP][PASSED] - click(findTestObject("V2/Commons/DasboardPage_SidebarMenu/a_Advance Settings")): Object: 'Object Repository/V2/Commons/DasboardPage_SidebarMenu/a_Advance Settings' is clicked on

2020-09-03 16:03:28 - [MESSAGE][PASSED] - Object: 'Object Repository/V2/Commons/DasboardPage_SidebarMenu/a_Advance Settings' is clicked on

2020-09-03 16:03:28 - [TEST_STEP][PASSED] - waitForElementVisible(findTestObject("V2/Commons/AdvanceSettingsPage/Add_Milestone_Toggle"), DefaultTimeout): Object 'Object Repository/V2/Commons/AdvanceSettingsPage/Add_Milestone_Toggle' is visible

2020-09-03 16:03:28 - [MESSAGE][PASSED] - Object 'Object Repository/V2/Commons/AdvanceSettingsPage/Add_Milestone_Toggle' is visible

2020-09-03 16:03:28 - [TEST_STEP][PASSED] - click(findTestObject("V2/Commons/AdvanceSettingsPage/Add_Milestone_Toggle")): Object: 'Object Repository/V2/Commons/AdvanceSettingsPage/Add_Milestone_Toggle' is clicked on

2020-09-03 16:03:28 - [MESSAGE][PASSED] - Object: 'Object Repository/V2/Commons/AdvanceSettingsPage/Add_Milestone_Toggle' is clicked on

2020-09-03 16:03:28 - [TEST_STEP][PASSED] - A_validateMilestoneChecked = getAttribute(findTestObject("V2/Commons/AdvanceSettingsPage/Verify_Milestone_Toggle"), "checked"): Attribute 'checked' of object 'Object Repository/V2/Commons/AdvanceSettingsPage/Verify_Milestone_Toggle' is: 'true'

2020-09-03 16:03:29 - [MESSAGE][PASSED] - Attribute 'checked' of object 'Object Repository/V2/Commons/AdvanceSettingsPage/Verify_Milestone_Toggle' is: 'true'

2020-09-03 16:03:29 - [TEST_STEP][PASSED] - verifyMatch(A_validateMilestoneChecked, "true", false): Actual text 'true' and expected text 'true' are matched 

2020-09-03 16:03:29 - [MESSAGE][PASSED] - Actual text 'true' and expected text 'true' are matched 

2020-09-03 16:03:29 - [TEST_STEP][PASSED] - click(findTestObject("V2/Commons/AdvanceSettingsPage/Save_Rules")): Object: 'Object Repository/V2/Commons/AdvanceSettingsPage/Save_Rules' is clicked on

2020-09-03 16:03:29 - [MESSAGE][PASSED] - Object: 'Object Repository/V2/Commons/AdvanceSettingsPage/Save_Rules' is clicked on

2020-09-03 16:03:29 - [MESSAGE][PASSED] - Call Test Case 'Test Cases/V2/Test Case/Pre-conditions/PRE_AddMilestone_Rocks' successfully

2020-09-03 16:03:29 - [TEST_STEP][PASSED] - callTestCase(findTestCase("V2/Test Case/Pre-conditions/PRE_CreateL10Meeting"), ["meetingName":meetingName, "meetingAcronym":meetingAcronym, "meetingType":meetingType, "dropdownOptions_obj":"//div[@id='CREATE_MEETING_L10']//span[text()='%s']/parent::div[@role='option']", ... ], STOP_ON_FAILURE): Call Test Case 'Test Cases/V2/Test Case/Pre-conditions/PRE_CreateL10Meeting' successfully

2020-09-03 16:03:29 - [TEST_CASE][PASSED] - Test Cases/V2/Test Case/Pre-conditions/PRE_CreateL10Meeting: Test Cases/V2/Test Case/Pre-conditions/PRE_CreateL10Meeting

2020-09-03 16:03:29 - [TEST_STEP][PASSED] - click(findTestObject("V2/Commons/DasboardPage_SidebarMenu/MeetingsMenu")): Object: 'Object Repository/V2/Commons/DasboardPage_SidebarMenu/MeetingsMenu' is clicked on

2020-09-03 16:03:29 - [MESSAGE][PASSED] - Object: 'Object Repository/V2/Commons/DasboardPage_SidebarMenu/MeetingsMenu' is clicked on

2020-09-03 16:03:29 - [TEST_STEP][PASSED] - click(findTestObject("Object Repository/V2/Commons/MeetingListPage/div_Create a meeting")): Object: 'Object Repository/V2/Commons/MeetingListPage/div_Create a meeting' is clicked on

2020-09-03 16:03:29 - [MESSAGE][PASSED] - Object: 'Object Repository/V2/Commons/MeetingListPage/div_Create a meeting' is clicked on

2020-09-03 16:03:29 - [TEST_STEP][PASSED] - click(findTestObject("Object Repository/V2/Commons/MeetingListPage/button_Level 10")): Object: 'Object Repository/V2/Commons/MeetingListPage/button_Level 10' is clicked on

2020-09-03 16:03:29 - [MESSAGE][PASSED] - Object: 'Object Repository/V2/Commons/MeetingListPage/button_Level 10' is clicked on

2020-09-03 16:03:29 - [TEST_STEP][PASSED] - waitForElementVisible(findTestObject("V2/Commons/CreateL10MeetingDrawer/input__name"), DefaultTimeout): Object 'Object Repository/V2/Commons/CreateL10MeetingDrawer/input__name' is visible

2020-09-03 16:03:30 - [MESSAGE][PASSED] - Object 'Object Repository/V2/Commons/CreateL10MeetingDrawer/input__name' is visible

2020-09-03 16:03:30 - [TEST_STEP][PASSED] - setText(findTestObject("V2/Commons/CreateL10MeetingDrawer/input__name"), meetingName): Text 'Meeting Admin' is set on object 'Object Repository/V2/Commons/CreateL10MeetingDrawer/input__name'

2020-09-03 16:03:30 - [MESSAGE][PASSED] - Text 'Meeting Admin' is set on object 'Object Repository/V2/Commons/CreateL10MeetingDrawer/input__name'

2020-09-03 16:03:30 - [TEST_STEP][PASSED] - setText(findTestObject("V2/Commons/CreateL10MeetingDrawer/input__acronym"), meetingAcronym): Text 'CL10' is set on object 'Object Repository/V2/Commons/CreateL10MeetingDrawer/input__acronym'

2020-09-03 16:03:30 - [MESSAGE][PASSED] - Text 'CL10' is set on object 'Object Repository/V2/Commons/CreateL10MeetingDrawer/input__acronym'

2020-09-03 16:03:30 - [TEST_STEP][PASSED] - click(findTestObject("V2/Commons/CreateL10MeetingDrawer/input__typeOfMeeting")): Object: 'Object Repository/V2/Commons/CreateL10MeetingDrawer/input__typeOfMeeting' is clicked on

2020-09-03 16:03:30 - [MESSAGE][PASSED] - Object: 'Object Repository/V2/Commons/CreateL10MeetingDrawer/input__typeOfMeeting' is clicked on

2020-09-03 16:03:30 - [TEST_STEP][PASSED] - meetingTypeOption_Obj = tt_CustomKeywords.CustomKeywords.CreateDynamicElement(dropdownOptions_obj, meetingType, "xpath"): Successfully created new dynamic object: //div[@id='CREATE_MEETING_L10']//span[text()='Leadership']/parent::div[@role='option']

2020-09-03 16:03:30 - [MESSAGE][PASSED] - Successfully created new dynamic object: //div[@id='CREATE_MEETING_L10']//span[text()='Leadership']/parent::div[@role='option']

2020-09-03 16:03:30 - [TEST_STEP][PASSED] - click(meetingTypeOption_Obj): Object: '' is clicked on

2020-09-03 16:03:30 - [MESSAGE][PASSED] - Object: '' is clicked on

2020-09-03 16:03:30 - [TEST_STEP][PASSED] - click(findTestObject("V2/Commons/CreateL10MeetingDrawer/div_dayOfMeetingDropdownList")): Object: 'Object Repository/V2/Commons/CreateL10MeetingDrawer/div_dayOfMeetingDropdownList' is clicked on

2020-09-03 16:03:30 - [MESSAGE][PASSED] - Object: 'Object Repository/V2/Commons/CreateL10MeetingDrawer/div_dayOfMeetingDropdownList' is clicked on

2020-09-03 16:03:30 - [TEST_STEP][PASSED] - dayOfMeetingOption_Obj = tt_CustomKeywords.CustomKeywords.CreateDynamicElement(dropdownOptions_obj, dayOfMeeting, "xpath"): Successfully created new dynamic object: //div[@id='CREATE_MEETING_L10']//span[text()='Monday']/parent::div[@role='option']

2020-09-03 16:03:30 - [MESSAGE][PASSED] - Successfully created new dynamic object: //div[@id='CREATE_MEETING_L10']//span[text()='Monday']/parent::div[@role='option']

2020-09-03 16:03:30 - [TEST_STEP][PASSED] - click(dayOfMeetingOption_Obj): Object: '' is clicked on

2020-09-03 16:03:30 - [MESSAGE][PASSED] - Object: '' is clicked on

2020-09-03 16:03:30 - [TEST_STEP][PASSED] - click(findTestObject("V2/Commons/CreateL10MeetingDrawer/input_meetingTime")): Object: 'Object Repository/V2/Commons/CreateL10MeetingDrawer/input_meetingTime' is clicked on

2020-09-03 16:03:31 - [MESSAGE][PASSED] - Object: 'Object Repository/V2/Commons/CreateL10MeetingDrawer/input_meetingTime' is clicked on

2020-09-03 16:03:31 - [TEST_STEP][PASSED] - setText(findTestObject("V2/Commons/CreateL10MeetingDrawer/input_meetingTime"), meetingTime): Text '12:00' is set on object 'Object Repository/V2/Commons/CreateL10MeetingDrawer/input_meetingTime'

2020-09-03 16:03:31 - [MESSAGE][PASSED] - Text '12:00' is set on object 'Object Repository/V2/Commons/CreateL10MeetingDrawer/input_meetingTime'

2020-09-03 16:03:31 - [TEST_STEP][PASSED] - sendKeys(findTestObject("V2/Commons/CreateL10MeetingDrawer/input_meetingTime"), Keys.chord(TAB)): Keys 'TAB + ' sent to object: 'Object Repository/V2/Commons/CreateL10MeetingDrawer/input_meetingTime'

2020-09-03 16:03:31 - [MESSAGE][PASSED] - Keys 'TAB + ' sent to object: 'Object Repository/V2/Commons/CreateL10MeetingDrawer/input_meetingTime'

2020-09-03 16:03:31 - [TEST_STEP][PASSED] - click(findTestObject("V2/Commons/CreateL10MeetingDrawer/div_Create Meeting")): Object: 'Object Repository/V2/Commons/CreateL10MeetingDrawer/div_Create Meeting' is clicked on

2020-09-03 16:03:31 - [MESSAGE][PASSED] - Object: 'Object Repository/V2/Commons/CreateL10MeetingDrawer/div_Create Meeting' is clicked on

2020-09-03 16:03:31 - [TEST_STEP][PASSED] - waitForElementVisible(findTestObject("Object Repository/V2/Commons/MeetingListPage/div_Ill do this later"), DefaultTimeout): Object 'Object Repository/V2/Commons/MeetingListPage/div_Ill do this later' is visible

2020-09-03 16:04:06 - [MESSAGE][PASSED] - Object 'Object Repository/V2/Commons/MeetingListPage/div_Ill do this later' is visible

2020-09-03 16:04:06 - [TEST_STEP][PASSED] - verifyElementVisible(findTestObject("Object Repository/V2/Commons/MeetingListPage/div_Ill do this later"), STOP_ON_FAILURE): Object 'Object Repository/V2/Commons/MeetingListPage/div_Ill do this later' is visible

2020-09-03 16:04:06 - [MESSAGE][PASSED] - Object 'Object Repository/V2/Commons/MeetingListPage/div_Ill do this later' is visible

2020-09-03 16:04:06 - [TEST_STEP][PASSED] - click(findTestObject("Object Repository/V2/Commons/MeetingListPage/div_Ill do this later")): Object: 'Object Repository/V2/Commons/MeetingListPage/div_Ill do this later' is clicked on

2020-09-03 16:04:06 - [MESSAGE][PASSED] - Object: 'Object Repository/V2/Commons/MeetingListPage/div_Ill do this later' is clicked on

2020-09-03 16:04:06 - [TEST_STEP][PASSED] - meetingRecordObj = tt_CustomKeywords.CustomKeywords.CreateDynamicElement(meetingRecord_obj, meetingName, "xpath"): Successfully created new dynamic object: //div[@class='detailscontainer__block item']/h4[text()='Meeting Admin']

2020-09-03 16:04:06 - [MESSAGE][PASSED] - Successfully created new dynamic object: //div[@class='detailscontainer__block item']/h4[text()='Meeting Admin']

2020-09-03 16:04:06 - [TEST_STEP][PASSED] - verifyElementPresent(meetingRecordObj, DefaultTimeout): Object '' is present

2020-09-03 16:04:06 - [MESSAGE][PASSED] - Object '' is present

2020-09-03 16:04:06 - [MESSAGE][PASSED] - Call Test Case 'Test Cases/V2/Test Case/Pre-conditions/PRE_CreateL10Meeting' successfully

2020-09-03 16:04:06 - [TEST_STEP][PASSED] - callTestCase(findTestCase("V2/Test Case/Tests/PR-369 - EditMeetingAgenda/Test Cases/Positive/Admin/PR_369_7_EditMeetingCreateRock_Admin"), ["userName":"jeff+075@mytractiontools.com", "passWord":"Skyline69A*", "meetingRowPosition":"3", "editMeetingMenu_Obj":"//div[@id='root']/div/div[2]/div/div/div/div[2]/div/div[%s]/div[3]/button/i", ... ], STOP_ON_FAILURE): Call Test Case 'Test Cases/V2/Test Case/Tests/PR-369 - EditMeetingAgenda/Test Cases/Positive/Admin/PR_369_7_EditMeetingCreateRock_Admin' successfully

2020-09-03 16:04:06 - [TEST_CASE][PASSED] - Test Cases/V2/Test Case/Tests/PR-369 - EditMeetingAgenda/Test Cases/Positive/Admin/PR_369_7_EditMeetingCreateRock_Admin: Test Cases/V2/Test Case/Tests/PR-369 - EditMeetingAgenda/Test Cases/Positive/Admin/PR_369_7_EditMeetingCreateRock_Admin

2020-09-03 16:04:06 - [TEST_STEP][NOT_RUN] - openBrowser(""): NOT_RUN: openBrowser("")

2020-09-03 16:04:06 - [MESSAGE][NOT_RUN] - NOT_RUN: openBrowser("")

2020-09-03 16:04:06 - [TEST_STEP][NOT_RUN] - maximizeWindow(): NOT_RUN: maximizeWindow()

2020-09-03 16:04:06 - [MESSAGE][NOT_RUN] - NOT_RUN: maximizeWindow()

2020-09-03 16:04:06 - [TEST_STEP][NOT_RUN] - navigateToUrl(V2Url): NOT_RUN: navigateToUrl(V2Url)

2020-09-03 16:04:06 - [MESSAGE][NOT_RUN] - NOT_RUN: navigateToUrl(V2Url)

2020-09-03 16:04:06 - [TEST_STEP][NOT_RUN] - setText(findTestObject("V2/PR-369/Page_Login/userName_Field"), "tractiontools.user001+ta58jzbl@gmail.com"): NOT_RUN: setText(findTestObject("V2/PR-369/Page_Login/userName_Field"), "tractiontools.user001+ta58jzbl@gmail.com")

2020-09-03 16:04:06 - [MESSAGE][NOT_RUN] - NOT_RUN: setText(findTestObject("V2/PR-369/Page_Login/userName_Field"), "tractiontools.user001+ta58jzbl@gmail.com")

2020-09-03 16:04:06 - [TEST_STEP][NOT_RUN] - setText(findTestObject("V2/PR-369/Page_Login/passWord_Field"), "Qwer123!"): NOT_RUN: setText(findTestObject("V2/PR-369/Page_Login/passWord_Field"), "Qwer123!")

2020-09-03 16:04:06 - [MESSAGE][NOT_RUN] - NOT_RUN: setText(findTestObject("V2/PR-369/Page_Login/passWord_Field"), "Qwer123!")

2020-09-03 16:04:06 - [TEST_STEP][NOT_RUN] - click(findTestObject("V2/PR-369/Page_Login/Login_Button")): NOT_RUN: click(findTestObject("V2/PR-369/Page_Login/Login_Button"))

2020-09-03 16:04:06 - [MESSAGE][NOT_RUN] - NOT_RUN: click(findTestObject("V2/PR-369/Page_Login/Login_Button"))

2020-09-03 16:04:06 - [TEST_STEP][PASSED] - waitForElementVisible(findTestObject("V2/Commons/DasboardPage_SidebarMenu/MeetingsMenu"), DefaultTimeout): Object 'Object Repository/V2/Commons/DasboardPage_SidebarMenu/MeetingsMenu' is visible

2020-09-03 16:04:06 - [MESSAGE][PASSED] - Object 'Object Repository/V2/Commons/DasboardPage_SidebarMenu/MeetingsMenu' is visible

2020-09-03 16:04:06 - [TEST_STEP][PASSED] - click(findTestObject("V2/Commons/DasboardPage_SidebarMenu/MeetingsMenu")): Object: 'Object Repository/V2/Commons/DasboardPage_SidebarMenu/MeetingsMenu' is clicked on

2020-09-03 16:04:06 - [MESSAGE][PASSED] - Object: 'Object Repository/V2/Commons/DasboardPage_SidebarMenu/MeetingsMenu' is clicked on

2020-09-03 16:04:06 - [TEST_STEP][PASSED] - meetingOpt_Obj = tt_CustomKeywords.CustomKeywords.CreateDynamicElement(meetingOptions_obj, meetingName, "xpath"): Successfully created new dynamic object: //h4[text()='Meeting Admin']/ancestor::div[contains(@class,'ListContainer')]/div[@class='listcontainer__options']/button

2020-09-03 16:04:06 - [MESSAGE][PASSED] - Successfully created new dynamic object: //h4[text()='Meeting Admin']/ancestor::div[contains(@class,'ListContainer')]/div[@class='listcontainer__options']/button

2020-09-03 16:04:06 - [TEST_STEP][PASSED] - waitForElementVisible(meetingOpt_Obj, DefaultTimeout): Object '' is visible

2020-09-03 16:04:06 - [MESSAGE][PASSED] - Object '' is visible

2020-09-03 16:04:06 - [TEST_STEP][PASSED] - click(meetingOpt_Obj): Object: '' is clicked on

2020-09-03 16:04:06 - [MESSAGE][PASSED] - Object: '' is clicked on

2020-09-03 16:04:06 - [TEST_STEP][PASSED] - click(findTestObject("V2/Commons/MeetingListPage/a_Edit meeting")): Object: 'Object Repository/V2/Commons/MeetingListPage/a_Edit meeting' is clicked on

2020-09-03 16:04:07 - [MESSAGE][PASSED] - Object: 'Object Repository/V2/Commons/MeetingListPage/a_Edit meeting' is clicked on

2020-09-03 16:04:07 - [TEST_STEP][PASSED] - waitForElementVisible(findTestObject("V2/PR-369/Edit_Meeting_Rocks/Rocks_Menu"), DefaultTimeout): Object 'Object Repository/V2/PR-369/Edit_Meeting_Rocks/Rocks_Menu' is visible

2020-09-03 16:04:08 - [MESSAGE][PASSED] - Object 'Object Repository/V2/PR-369/Edit_Meeting_Rocks/Rocks_Menu' is visible

2020-09-03 16:04:08 - [TEST_STEP][PASSED] - click(findTestObject("V2/PR-369/Edit_Meeting_Rocks/Rocks_Menu")): Object: 'Object Repository/V2/PR-369/Edit_Meeting_Rocks/Rocks_Menu' is clicked on

2020-09-03 16:04:08 - [MESSAGE][PASSED] - Object: 'Object Repository/V2/PR-369/Edit_Meeting_Rocks/Rocks_Menu' is clicked on

2020-09-03 16:04:08 - [TEST_STEP][PASSED] - click(findTestObject("V2/PR-369/Edit_Meeting_Rocks/CreateRocksButton")): Object: 'Object Repository/V2/PR-369/Edit_Meeting_Rocks/CreateRocksButton' is clicked on

2020-09-03 16:04:08 - [MESSAGE][PASSED] - Object: 'Object Repository/V2/PR-369/Edit_Meeting_Rocks/CreateRocksButton' is clicked on

2020-09-03 16:04:08 - [TEST_STEP][PASSED] - click(findTestObject("V2/PR-369/Edit_Meeting_Rocks/Create_New_Rocks")): Object: 'Object Repository/V2/PR-369/Edit_Meeting_Rocks/Create_New_Rocks' is clicked on

2020-09-03 16:04:08 - [MESSAGE][PASSED] - Object: 'Object Repository/V2/PR-369/Edit_Meeting_Rocks/Create_New_Rocks' is clicked on

2020-09-03 16:04:08 - [TEST_STEP][PASSED] - waitForElementVisible(findTestObject("V2/PR-369/Edit_Meeting_Rocks/Rock_Name_Title"), DefaultTimeout): Object 'Object Repository/V2/PR-369/Edit_Meeting_Rocks/Rock_Name_Title' is visible

2020-09-03 16:04:08 - [MESSAGE][PASSED] - Object 'Object Repository/V2/PR-369/Edit_Meeting_Rocks/Rock_Name_Title' is visible

2020-09-03 16:04:08 - [TEST_STEP][PASSED] - setText(findTestObject("V2/PR-369/Edit_Meeting_Rocks/Rock_Name_Title"), rockName): Text 'QA Edit Meeting Automation Rock Test' is set on object 'Object Repository/V2/PR-369/Edit_Meeting_Rocks/Rock_Name_Title'

2020-09-03 16:04:09 - [MESSAGE][PASSED] - Text 'QA Edit Meeting Automation Rock Test' is set on object 'Object Repository/V2/PR-369/Edit_Meeting_Rocks/Rock_Name_Title'

2020-09-03 16:04:09 - [TEST_STEP][PASSED] - click(findTestObject("V2/PR-369/Edit_Meeting_Rocks/Status_OffTrack_Rock")): Object: 'Object Repository/V2/PR-369/Edit_Meeting_Rocks/Status_OffTrack_Rock' is clicked on

2020-09-03 16:04:09 - [MESSAGE][PASSED] - Object: 'Object Repository/V2/PR-369/Edit_Meeting_Rocks/Status_OffTrack_Rock' is clicked on

2020-09-03 16:04:09 - [TEST_STEP][PASSED] - click(findTestObject("V2/PR-369/Edit_Meeting_Rocks/Accountable_Owner_Field")): Object: 'Object Repository/V2/PR-369/Edit_Meeting_Rocks/Accountable_Owner_Field' is clicked on

2020-09-03 16:04:09 - [MESSAGE][PASSED] - Object: 'Object Repository/V2/PR-369/Edit_Meeting_Rocks/Accountable_Owner_Field' is clicked on

2020-09-03 16:04:09 - [TEST_STEP][PASSED] - accountableOwner = tt_CustomKeywords.CustomKeywords.CreateDynamicElement(owner_Obj, ownerSelected, "xpath"): Successfully created new dynamic object: //div[@data-test-id='createRock']//div[@role='listbox'][@class='visible menu transition']/div[@role='option'][contains(@class,'item')]/span[text()='Admin User']

2020-09-03 16:04:09 - [MESSAGE][PASSED] - Successfully created new dynamic object: //div[@data-test-id='createRock']//div[@role='listbox'][@class='visible menu transition']/div[@role='option'][contains(@class,'item')]/span[text()='Admin User']

2020-09-03 16:04:09 - [TEST_STEP][PASSED] - click(accountableOwner): Object: '' is clicked on

2020-09-03 16:04:09 - [MESSAGE][PASSED] - Object: '' is clicked on

2020-09-03 16:04:09 - [TEST_STEP][PASSED] - click(findTestObject("V2/PR-369/Edit_Meeting_Rocks/Visibility_Level_Field")): Object: 'Object Repository/V2/PR-369/Edit_Meeting_Rocks/Visibility_Level_Field' is clicked on

2020-09-03 16:04:09 - [MESSAGE][PASSED] - Object: 'Object Repository/V2/PR-369/Edit_Meeting_Rocks/Visibility_Level_Field' is clicked on

2020-09-03 16:04:09 - [TEST_STEP][PASSED] - click(findTestObject("V2/PR-369/Edit_Meeting_Rocks/Visibility_Level_Company")): Object: 'Object Repository/V2/PR-369/Edit_Meeting_Rocks/Visibility_Level_Company' is clicked on

2020-09-03 16:04:09 - [MESSAGE][PASSED] - Object: 'Object Repository/V2/PR-369/Edit_Meeting_Rocks/Visibility_Level_Company' is clicked on

2020-09-03 16:04:09 - [TEST_STEP][PASSED] - click(findTestObject("V2/PR-369/Edit_Meeting_Rocks/Rocks_Due_Date_Field")): Object: 'Object Repository/V2/PR-369/Edit_Meeting_Rocks/Rocks_Due_Date_Field' is clicked on

2020-09-03 16:04:09 - [MESSAGE][PASSED] - Object: 'Object Repository/V2/PR-369/Edit_Meeting_Rocks/Rocks_Due_Date_Field' is clicked on

2020-09-03 16:04:09 - [TEST_STEP][PASSED] - waitForElementVisible(findTestObject("V2/PR-369/Edit_Meeting_Scorecard/A_Date29"), DefaultTimeout): Object 'Object Repository/V2/PR-369/Edit_Meeting_Scorecard/A_Date29' is visible

2020-09-03 16:04:09 - [MESSAGE][PASSED] - Object 'Object Repository/V2/PR-369/Edit_Meeting_Scorecard/A_Date29' is visible

2020-09-03 16:04:09 - [TEST_STEP][PASSED] - click(findTestObject("V2/PR-369/Edit_Meeting_Scorecard/A_Date29")): Object: 'Object Repository/V2/PR-369/Edit_Meeting_Scorecard/A_Date29' is clicked on

2020-09-03 16:04:09 - [MESSAGE][PASSED] - Object: 'Object Repository/V2/PR-369/Edit_Meeting_Scorecard/A_Date29' is clicked on

2020-09-03 16:04:09 - [TEST_STEP][PASSED] - verifyElementVisible(findTestObject("V2/PR-369/Edit_Meeting_Rocks/Verify_Notes_Section")): Object 'Object Repository/V2/PR-369/Edit_Meeting_Rocks/Verify_Notes_Section' is visible

2020-09-03 16:04:09 - [MESSAGE][PASSED] - Object 'Object Repository/V2/PR-369/Edit_Meeting_Rocks/Verify_Notes_Section' is visible

2020-09-03 16:04:09 - [TEST_STEP][PASSED] - setText(findTestObject("V2/PR-369/Edit_Meeting_Rocks/Notes_Comments"), Notes): Text 'Sample Notes' is set on object 'Object Repository/V2/PR-369/Edit_Meeting_Rocks/Notes_Comments'

2020-09-03 16:04:24 - [MESSAGE][PASSED] - Text 'Sample Notes' is set on object 'Object Repository/V2/PR-369/Edit_Meeting_Rocks/Notes_Comments'

2020-09-03 16:04:24 - [TEST_STEP][PASSED] - sendKeys(findTestObject("V2/PR-369/Edit_Meeting_Rocks/Add_Milestone_Button"), Keys.chord(PAGE_DOWN)): Keys 'PAGE_DOWN + ' sent to object: 'Object Repository/V2/PR-369/Edit_Meeting_Rocks/Add_Milestone_Button'

2020-09-03 16:04:24 - [MESSAGE][PASSED] - Keys 'PAGE_DOWN + ' sent to object: 'Object Repository/V2/PR-369/Edit_Meeting_Rocks/Add_Milestone_Button'

2020-09-03 16:04:24 - [TEST_STEP][PASSED] - click(findTestObject("V2/PR-369/Edit_Meeting_Rocks/Add_Milestone_Button")): Object: 'Object Repository/V2/PR-369/Edit_Meeting_Rocks/Add_Milestone_Button' is clicked on

2020-09-03 16:04:24 - [MESSAGE][PASSED] - Object: 'Object Repository/V2/PR-369/Edit_Meeting_Rocks/Add_Milestone_Button' is clicked on

2020-09-03 16:04:24 - [TEST_STEP][PASSED] - setText(findTestObject("V2/PR-369/Edit_Meeting_Rocks/Milestone_Text_Field"), milestoneName): Text 'Milestone 1' is set on object 'Object Repository/V2/PR-369/Edit_Meeting_Rocks/Milestone_Text_Field'

2020-09-03 16:04:25 - [MESSAGE][PASSED] - Text 'Milestone 1' is set on object 'Object Repository/V2/PR-369/Edit_Meeting_Rocks/Milestone_Text_Field'

2020-09-03 16:04:25 - [TEST_STEP][PASSED] - click(findTestObject("V2/PR-369/Edit_Meeting_Rocks/Milestone_date")): Object: 'Object Repository/V2/PR-369/Edit_Meeting_Rocks/Milestone_date' is clicked on

2020-09-03 16:04:25 - [MESSAGE][PASSED] - Object: 'Object Repository/V2/PR-369/Edit_Meeting_Rocks/Milestone_date' is clicked on

2020-09-03 16:04:25 - [TEST_STEP][PASSED] - waitForElementVisible(findTestObject("V2/PR-369/Edit_Meeting_Scorecard/A_Date29"), DefaultTimeout): Object 'Object Repository/V2/PR-369/Edit_Meeting_Scorecard/A_Date29' is visible

2020-09-03 16:04:25 - [MESSAGE][PASSED] - Object 'Object Repository/V2/PR-369/Edit_Meeting_Scorecard/A_Date29' is visible

2020-09-03 16:04:25 - [TEST_STEP][PASSED] - click(findTestObject("V2/PR-369/Edit_Meeting_Scorecard/A_Date29")): Object: 'Object Repository/V2/PR-369/Edit_Meeting_Scorecard/A_Date29' is clicked on

2020-09-03 16:04:25 - [MESSAGE][PASSED] - Object: 'Object Repository/V2/PR-369/Edit_Meeting_Scorecard/A_Date29' is clicked on

2020-09-03 16:04:25 - [TEST_STEP][PASSED] - click(findTestObject("V2/PR-369/Edit_Meeting_Rocks/Save_Button")): Object: 'Object Repository/V2/PR-369/Edit_Meeting_Rocks/Save_Button' is clicked on

2020-09-03 16:04:26 - [MESSAGE][PASSED] - Object: 'Object Repository/V2/PR-369/Edit_Meeting_Rocks/Save_Button' is clicked on

2020-09-03 16:04:26 - [TEST_STEP][PASSED] - delay(10): Delayed 10 second(s)

2020-09-03 16:04:36 - [MESSAGE][PASSED] - Delayed 10 second(s)

2020-09-03 16:04:36 - [TEST_STEP][PASSED] - verifyRocks = tt_CustomKeywords.CustomKeywords.CreateDynamicElement(verifyRocks_Obj, rockName, "xpath"): Successfully created new dynamic object: //h2[text()='Rocks']/ancestor::div[contains(@class,'CardStyles')]/div[2]//div[@data-test-id='rock.title'][contains(@class,'TextBodyStyles-sc') and text()='QA Edit Meeting Automation Rock Test']

2020-09-03 16:04:36 - [MESSAGE][PASSED] - Successfully created new dynamic object: //h2[text()='Rocks']/ancestor::div[contains(@class,'CardStyles')]/div[2]//div[@data-test-id='rock.title'][contains(@class,'TextBodyStyles-sc') and text()='QA Edit Meeting Automation Rock Test']

2020-09-03 16:04:36 - [TEST_STEP][PASSED] - verifyElementPresent(verifyRocks, DefaultTimeout): Object '' is present

2020-09-03 16:04:36 - [MESSAGE][PASSED] - Object '' is present

2020-09-03 16:04:36 - [TEST_STEP][PASSED] - verifyMilestone = tt_CustomKeywords.CustomKeywords.CreateDynamicElement(verifyMilestone_Obj, milestoneName, "xpath"): Successfully created new dynamic object: //h2[text()='Rocks']/ancestor::div[contains(@class,'CardStyles')]/div[2]//div[contains(@class,'milestoneListItem__name')]/span[text()='Milestone 1']

2020-09-03 16:04:36 - [MESSAGE][PASSED] - Successfully created new dynamic object: //h2[text()='Rocks']/ancestor::div[contains(@class,'CardStyles')]/div[2]//div[contains(@class,'milestoneListItem__name')]/span[text()='Milestone 1']

2020-09-03 16:04:36 - [TEST_STEP][PASSED] - verifyElementPresent(verifyMilestone, DefaultTimeout): Object '' is present

2020-09-03 16:04:36 - [MESSAGE][PASSED] - Object '' is present

2020-09-03 16:04:36 - [TEST_STEP][NOT_RUN] - click(verifyRocks): NOT_RUN: click(verifyRocks)

2020-09-03 16:04:36 - [MESSAGE][NOT_RUN] - NOT_RUN: click(verifyRocks)

2020-09-03 16:04:36 - [TEST_STEP][NOT_RUN] - delay(10): NOT_RUN: delay(10)

2020-09-03 16:04:36 - [MESSAGE][NOT_RUN] - NOT_RUN: delay(10)

2020-09-03 16:04:36 - [TEST_STEP][NOT_RUN] - click(findTestObject("V2/PR-369/UpdateEditMeetingRocks/Edit_Rock_Name")): NOT_RUN: click(findTestObject("V2/PR-369/UpdateEditMeetingRocks/Edit_Rock_Name"))

2020-09-03 16:04:36 - [MESSAGE][NOT_RUN] - NOT_RUN: click(findTestObject("V2/PR-369/UpdateEditMeetingRocks/Edit_Rock_Name"))

2020-09-03 16:04:36 - [TEST_STEP][NOT_RUN] - sendKeys(findTestObject("V2/PR-369/UpdateEditMeetingRocks/Edit_Rock_Name"), Keys.chord(LEFT_CONTROL, "a", BACK_SPACE)): NOT_RUN: sendKeys(findTestObject("V2/PR-369/UpdateEditMeetingRocks/Edit_Rock_Name"), Keys.chord(LEFT_CONTROL, "a", BACK_SPACE))

2020-09-03 16:04:36 - [MESSAGE][NOT_RUN] - NOT_RUN: sendKeys(findTestObject("V2/PR-369/UpdateEditMeetingRocks/Edit_Rock_Name"), Keys.chord(LEFT_CONTROL, "a", BACK_SPACE))

2020-09-03 16:04:36 - [TEST_STEP][NOT_RUN] - setText(findTestObject("V2/PR-369/UpdateEditMeetingRocks/Edit_Rock_Name"), editRockName): NOT_RUN: setText(findTestObject("V2/PR-369/UpdateEditMeetingRocks/Edit_Rock_Name"), editRockName)

2020-09-03 16:04:36 - [MESSAGE][NOT_RUN] - NOT_RUN: setText(findTestObject("V2/PR-369/UpdateEditMeetingRocks/Edit_Rock_Name"), editRockName)

2020-09-03 16:04:36 - [TEST_STEP][NOT_RUN] - click(findTestObject("V2/PR-369/UpdateEditMeetingRocks/Edit_Status_Done")): NOT_RUN: click(findTestObject("V2/PR-369/UpdateEditMeetingRocks/Edit_Status_Done"))

2020-09-03 16:04:36 - [MESSAGE][NOT_RUN] - NOT_RUN: click(findTestObject("V2/PR-369/UpdateEditMeetingRocks/Edit_Status_Done"))

2020-09-03 16:04:36 - [TEST_STEP][NOT_RUN] - click(findTestObject("V2/PR-369/UpdateEditMeetingRocks/Edit_Accountable_Owner")): NOT_RUN: click(findTestObject("V2/PR-369/UpdateEditMeetingRocks/Edit_Accountable_Owner"))

2020-09-03 16:04:36 - [MESSAGE][NOT_RUN] - NOT_RUN: click(findTestObject("V2/PR-369/UpdateEditMeetingRocks/Edit_Accountable_Owner"))

2020-09-03 16:04:36 - [TEST_STEP][NOT_RUN] - editOwner = tt_CustomKeywords.CustomKeywords.CreateDynamicElement(editOwner_Obj, editOwner, "xpath"): NOT_RUN: editOwner = tt_CustomKeywords.CustomKeywords.CreateDynamicElement(editOwner_Obj, editOwner, "xpath")

2020-09-03 16:04:36 - [MESSAGE][NOT_RUN] - NOT_RUN: editOwner = tt_CustomKeywords.CustomKeywords.CreateDynamicElement(editOwner_Obj, editOwner, "xpath")

2020-09-03 16:04:36 - [TEST_STEP][NOT_RUN] - click(editOwner): NOT_RUN: click(editOwner)

2020-09-03 16:04:36 - [MESSAGE][NOT_RUN] - NOT_RUN: click(editOwner)

2020-09-03 16:04:36 - [TEST_STEP][NOT_RUN] - click(findTestObject("V2/PR-369/UpdateEditMeetingRocks/Edit_Visibility_Level")): NOT_RUN: click(findTestObject("V2/PR-369/UpdateEditMeetingRocks/Edit_Visibility_Level"))

2020-09-03 16:04:36 - [MESSAGE][NOT_RUN] - NOT_RUN: click(findTestObject("V2/PR-369/UpdateEditMeetingRocks/Edit_Visibility_Level"))

2020-09-03 16:04:36 - [TEST_STEP][NOT_RUN] - click(findTestObject("V2/PR-369/UpdateEditMeetingRocks/Edit_Visibility_Level_Department")): NOT_RUN: click(findTestObject("V2/PR-369/UpdateEditMeetingRocks/Edit_Visibility_Level_Department"))

2020-09-03 16:04:36 - [MESSAGE][NOT_RUN] - NOT_RUN: click(findTestObject("V2/PR-369/UpdateEditMeetingRocks/Edit_Visibility_Level_Department"))

2020-09-03 16:04:36 - [TEST_STEP][NOT_RUN] - sendKeys(findTestObject("V2/PR-369/UpdateEditMeetingRocks/Edit_Milestone"), Keys.chord(LEFT_CONTROL, "a", BACK_SPACE)): NOT_RUN: sendKeys(findTestObject("V2/PR-369/UpdateEditMeetingRocks/Edit_Milestone"), Keys.chord(LEFT_CONTROL, "a", BACK_SPACE))

2020-09-03 16:04:36 - [MESSAGE][NOT_RUN] - NOT_RUN: sendKeys(findTestObject("V2/PR-369/UpdateEditMeetingRocks/Edit_Milestone"), Keys.chord(LEFT_CONTROL, "a", BACK_SPACE))

2020-09-03 16:04:36 - [TEST_STEP][NOT_RUN] - setText(findTestObject("V2/PR-369/UpdateEditMeetingRocks/Edit_Milestone"), editMilestoneName): NOT_RUN: setText(findTestObject("V2/PR-369/UpdateEditMeetingRocks/Edit_Milestone"), editMilestoneName)

2020-09-03 16:04:36 - [MESSAGE][NOT_RUN] - NOT_RUN: setText(findTestObject("V2/PR-369/UpdateEditMeetingRocks/Edit_Milestone"), editMilestoneName)

2020-09-03 16:04:36 - [TEST_STEP][NOT_RUN] - click(findTestObject("V2/PR-369/UpdateEditMeetingRocks/Done_CheckBox")): NOT_RUN: click(findTestObject("V2/PR-369/UpdateEditMeetingRocks/Done_CheckBox"))

2020-09-03 16:04:36 - [MESSAGE][NOT_RUN] - NOT_RUN: click(findTestObject("V2/PR-369/UpdateEditMeetingRocks/Done_CheckBox"))

2020-09-03 16:04:36 - [TEST_STEP][NOT_RUN] - click(findTestObject("V2/PR-369/UpdateEditMeetingRocks/Update_Button")): NOT_RUN: click(findTestObject("V2/PR-369/UpdateEditMeetingRocks/Update_Button"))

2020-09-03 16:04:36 - [MESSAGE][NOT_RUN] - NOT_RUN: click(findTestObject("V2/PR-369/UpdateEditMeetingRocks/Update_Button"))

2020-09-03 16:04:36 - [TEST_STEP][NOT_RUN] - delay(10): NOT_RUN: delay(10)

2020-09-03 16:04:36 - [MESSAGE][NOT_RUN] - NOT_RUN: delay(10)

2020-09-03 16:04:36 - [TEST_STEP][NOT_RUN] - editverifyRocks = tt_CustomKeywords.CustomKeywords.CreateDynamicElement(verifyRocks_Obj, editRockName, "xpath"): NOT_RUN: editverifyRocks = tt_CustomKeywords.CustomKeywords.CreateDynamicElement(verifyRocks_Obj, editRockName, "xpath")

2020-09-03 16:04:36 - [MESSAGE][NOT_RUN] - NOT_RUN: editverifyRocks = tt_CustomKeywords.CustomKeywords.CreateDynamicElement(verifyRocks_Obj, editRockName, "xpath")

2020-09-03 16:04:36 - [TEST_STEP][NOT_RUN] - verifyElementPresent(editverifyRocks, DefaultTimeout): NOT_RUN: verifyElementPresent(editverifyRocks, DefaultTimeout)

2020-09-03 16:04:36 - [MESSAGE][NOT_RUN] - NOT_RUN: verifyElementPresent(editverifyRocks, DefaultTimeout)

2020-09-03 16:04:36 - [TEST_STEP][NOT_RUN] - editverifyMilestone = tt_CustomKeywords.CustomKeywords.CreateDynamicElement(verifyMilestone_Obj, editMilestoneName, "xpath"): NOT_RUN: editverifyMilestone = tt_CustomKeywords.CustomKeywords.CreateDynamicElement(verifyMilestone_Obj, editMilestoneName, "xpath")

2020-09-03 16:04:36 - [MESSAGE][NOT_RUN] - NOT_RUN: editverifyMilestone = tt_CustomKeywords.CustomKeywords.CreateDynamicElement(verifyMilestone_Obj, editMilestoneName, "xpath")

2020-09-03 16:04:36 - [TEST_STEP][NOT_RUN] - verifyElementPresent(editverifyMilestone, DefaultTimeout): NOT_RUN: verifyElementPresent(editverifyMilestone, DefaultTimeout)

2020-09-03 16:04:36 - [MESSAGE][NOT_RUN] - NOT_RUN: verifyElementPresent(editverifyMilestone, DefaultTimeout)

2020-09-03 16:04:36 - [MESSAGE][PASSED] - Call Test Case 'Test Cases/V2/Test Case/Tests/PR-369 - EditMeetingAgenda/Test Cases/Positive/Admin/PR_369_7_EditMeetingCreateRock_Admin' successfully

2020-09-03 16:04:36 - [TEST_STEP][PASSED] - changeWebDriver(driver2): null

2020-09-03 16:04:36 - [TEST_STEP][PASSED] - callTestCase(findTestCase("V2/Test Case/Pre-conditions/PRE_CreateL10Meeting"), ["meetingName":meetingNameS, "meetingAcronym":meetingAcronym, "meetingType":meetingType, "dropdownOptions_obj":"//div[@id='CREATE_MEETING_L10']//span[text()='%s']/parent::div[@role='option']", ... ], STOP_ON_FAILURE): Call Test Case 'Test Cases/V2/Test Case/Pre-conditions/PRE_CreateL10Meeting' successfully

2020-09-03 16:04:36 - [TEST_CASE][PASSED] - Test Cases/V2/Test Case/Pre-conditions/PRE_CreateL10Meeting: Test Cases/V2/Test Case/Pre-conditions/PRE_CreateL10Meeting

2020-09-03 16:04:36 - [TEST_STEP][PASSED] - click(findTestObject("V2/Commons/DasboardPage_SidebarMenu/MeetingsMenu")): Object: 'Object Repository/V2/Commons/DasboardPage_SidebarMenu/MeetingsMenu' is clicked on

2020-09-03 16:04:36 - [MESSAGE][PASSED] - Object: 'Object Repository/V2/Commons/DasboardPage_SidebarMenu/MeetingsMenu' is clicked on

2020-09-03 16:04:36 - [TEST_STEP][PASSED] - click(findTestObject("Object Repository/V2/Commons/MeetingListPage/div_Create a meeting")): Object: 'Object Repository/V2/Commons/MeetingListPage/div_Create a meeting' is clicked on

2020-09-03 16:04:36 - [MESSAGE][PASSED] - Object: 'Object Repository/V2/Commons/MeetingListPage/div_Create a meeting' is clicked on

2020-09-03 16:04:36 - [TEST_STEP][PASSED] - click(findTestObject("Object Repository/V2/Commons/MeetingListPage/button_Level 10")): Object: 'Object Repository/V2/Commons/MeetingListPage/button_Level 10' is clicked on

2020-09-03 16:04:36 - [MESSAGE][PASSED] - Object: 'Object Repository/V2/Commons/MeetingListPage/button_Level 10' is clicked on

2020-09-03 16:04:36 - [TEST_STEP][PASSED] - waitForElementVisible(findTestObject("V2/Commons/CreateL10MeetingDrawer/input__name"), DefaultTimeout): Object 'Object Repository/V2/Commons/CreateL10MeetingDrawer/input__name' is visible

2020-09-03 16:04:36 - [MESSAGE][PASSED] - Object 'Object Repository/V2/Commons/CreateL10MeetingDrawer/input__name' is visible

2020-09-03 16:04:36 - [TEST_STEP][PASSED] - setText(findTestObject("V2/Commons/CreateL10MeetingDrawer/input__name"), meetingName): Text 'Meeting Supervisor' is set on object 'Object Repository/V2/Commons/CreateL10MeetingDrawer/input__name'

2020-09-03 16:04:37 - [MESSAGE][PASSED] - Text 'Meeting Supervisor' is set on object 'Object Repository/V2/Commons/CreateL10MeetingDrawer/input__name'

2020-09-03 16:04:37 - [TEST_STEP][PASSED] - setText(findTestObject("V2/Commons/CreateL10MeetingDrawer/input__acronym"), meetingAcronym): Text 'CL10' is set on object 'Object Repository/V2/Commons/CreateL10MeetingDrawer/input__acronym'

2020-09-03 16:04:37 - [MESSAGE][PASSED] - Text 'CL10' is set on object 'Object Repository/V2/Commons/CreateL10MeetingDrawer/input__acronym'

2020-09-03 16:04:37 - [TEST_STEP][PASSED] - click(findTestObject("V2/Commons/CreateL10MeetingDrawer/input__typeOfMeeting")): Object: 'Object Repository/V2/Commons/CreateL10MeetingDrawer/input__typeOfMeeting' is clicked on

2020-09-03 16:04:37 - [MESSAGE][PASSED] - Object: 'Object Repository/V2/Commons/CreateL10MeetingDrawer/input__typeOfMeeting' is clicked on

2020-09-03 16:04:37 - [TEST_STEP][PASSED] - meetingTypeOption_Obj = tt_CustomKeywords.CustomKeywords.CreateDynamicElement(dropdownOptions_obj, meetingType, "xpath"): Successfully created new dynamic object: //div[@id='CREATE_MEETING_L10']//span[text()='Leadership']/parent::div[@role='option']

2020-09-03 16:04:37 - [MESSAGE][PASSED] - Successfully created new dynamic object: //div[@id='CREATE_MEETING_L10']//span[text()='Leadership']/parent::div[@role='option']

2020-09-03 16:04:37 - [TEST_STEP][PASSED] - click(meetingTypeOption_Obj): Object: '' is clicked on

2020-09-03 16:04:37 - [MESSAGE][PASSED] - Object: '' is clicked on

2020-09-03 16:04:37 - [TEST_STEP][PASSED] - click(findTestObject("V2/Commons/CreateL10MeetingDrawer/div_dayOfMeetingDropdownList")): Object: 'Object Repository/V2/Commons/CreateL10MeetingDrawer/div_dayOfMeetingDropdownList' is clicked on

2020-09-03 16:04:37 - [MESSAGE][PASSED] - Object: 'Object Repository/V2/Commons/CreateL10MeetingDrawer/div_dayOfMeetingDropdownList' is clicked on

2020-09-03 16:04:37 - [TEST_STEP][PASSED] - dayOfMeetingOption_Obj = tt_CustomKeywords.CustomKeywords.CreateDynamicElement(dropdownOptions_obj, dayOfMeeting, "xpath"): Successfully created new dynamic object: //div[@id='CREATE_MEETING_L10']//span[text()='Monday']/parent::div[@role='option']

2020-09-03 16:04:37 - [MESSAGE][PASSED] - Successfully created new dynamic object: //div[@id='CREATE_MEETING_L10']//span[text()='Monday']/parent::div[@role='option']

2020-09-03 16:04:37 - [TEST_STEP][PASSED] - click(dayOfMeetingOption_Obj): Object: '' is clicked on

2020-09-03 16:04:37 - [MESSAGE][PASSED] - Object: '' is clicked on

2020-09-03 16:04:37 - [TEST_STEP][PASSED] - click(findTestObject("V2/Commons/CreateL10MeetingDrawer/input_meetingTime")): Object: 'Object Repository/V2/Commons/CreateL10MeetingDrawer/input_meetingTime' is clicked on

2020-09-03 16:04:37 - [MESSAGE][PASSED] - Object: 'Object Repository/V2/Commons/CreateL10MeetingDrawer/input_meetingTime' is clicked on

2020-09-03 16:04:37 - [TEST_STEP][PASSED] - setText(findTestObject("V2/Commons/CreateL10MeetingDrawer/input_meetingTime"), meetingTime): Text '12:00' is set on object 'Object Repository/V2/Commons/CreateL10MeetingDrawer/input_meetingTime'

2020-09-03 16:04:37 - [MESSAGE][PASSED] - Text '12:00' is set on object 'Object Repository/V2/Commons/CreateL10MeetingDrawer/input_meetingTime'

2020-09-03 16:04:37 - [TEST_STEP][PASSED] - sendKeys(findTestObject("V2/Commons/CreateL10MeetingDrawer/input_meetingTime"), Keys.chord(TAB)): Keys 'TAB + ' sent to object: 'Object Repository/V2/Commons/CreateL10MeetingDrawer/input_meetingTime'

2020-09-03 16:04:37 - [MESSAGE][PASSED] - Keys 'TAB + ' sent to object: 'Object Repository/V2/Commons/CreateL10MeetingDrawer/input_meetingTime'

2020-09-03 16:04:37 - [TEST_STEP][PASSED] - click(findTestObject("V2/Commons/CreateL10MeetingDrawer/div_Create Meeting")): Object: 'Object Repository/V2/Commons/CreateL10MeetingDrawer/div_Create Meeting' is clicked on

2020-09-03 16:04:37 - [MESSAGE][PASSED] - Object: 'Object Repository/V2/Commons/CreateL10MeetingDrawer/div_Create Meeting' is clicked on

2020-09-03 16:04:37 - [TEST_STEP][PASSED] - waitForElementVisible(findTestObject("Object Repository/V2/Commons/MeetingListPage/div_Ill do this later"), DefaultTimeout): Object 'Object Repository/V2/Commons/MeetingListPage/div_Ill do this later' is visible

2020-09-03 16:05:11 - [MESSAGE][PASSED] - Object 'Object Repository/V2/Commons/MeetingListPage/div_Ill do this later' is visible

2020-09-03 16:05:11 - [TEST_STEP][PASSED] - verifyElementVisible(findTestObject("Object Repository/V2/Commons/MeetingListPage/div_Ill do this later"), STOP_ON_FAILURE): Object 'Object Repository/V2/Commons/MeetingListPage/div_Ill do this later' is visible

2020-09-03 16:05:11 - [MESSAGE][PASSED] - Object 'Object Repository/V2/Commons/MeetingListPage/div_Ill do this later' is visible

2020-09-03 16:05:11 - [TEST_STEP][PASSED] - click(findTestObject("Object Repository/V2/Commons/MeetingListPage/div_Ill do this later")): Object: 'Object Repository/V2/Commons/MeetingListPage/div_Ill do this later' is clicked on

2020-09-03 16:05:11 - [MESSAGE][PASSED] - Object: 'Object Repository/V2/Commons/MeetingListPage/div_Ill do this later' is clicked on

2020-09-03 16:05:11 - [TEST_STEP][PASSED] - meetingRecordObj = tt_CustomKeywords.CustomKeywords.CreateDynamicElement(meetingRecord_obj, meetingName, "xpath"): Successfully created new dynamic object: //div[@class='detailscontainer__block item']/h4[text()='Meeting Supervisor']

2020-09-03 16:05:11 - [MESSAGE][PASSED] - Successfully created new dynamic object: //div[@class='detailscontainer__block item']/h4[text()='Meeting Supervisor']

2020-09-03 16:05:11 - [TEST_STEP][PASSED] - verifyElementPresent(meetingRecordObj, DefaultTimeout): Object '' is present

2020-09-03 16:05:11 - [MESSAGE][PASSED] - Object '' is present

2020-09-03 16:05:11 - [MESSAGE][PASSED] - Call Test Case 'Test Cases/V2/Test Case/Pre-conditions/PRE_CreateL10Meeting' successfully

2020-09-03 16:05:11 - [TEST_STEP][PASSED] - callTestCase(findTestCase("V2/Test Case/Tests/PR-369 - EditMeetingAgenda/Test Cases/Positive/Supervisor/PR_369_7_EditMeetingCreateRock_Supervisor"), ["userName":"jeff+075@mytractiontools.com", "passWord":"Skyline69A*", "meetingRowPosition":"3", "editMeetingMenu_Obj":"//div[@id='root']/div/div[2]/div/div/div/div[2]/div/div[%s]/div[3]/button/i", ... ], STOP_ON_FAILURE): Call Test Case 'Test Cases/V2/Test Case/Tests/PR-369 - EditMeetingAgenda/Test Cases/Positive/Supervisor/PR_369_7_EditMeetingCreateRock_Supervisor' successfully

2020-09-03 16:05:11 - [TEST_CASE][PASSED] - Test Cases/V2/Test Case/Tests/PR-369 - EditMeetingAgenda/Test Cases/Positive/Supervisor/PR_369_7_EditMeetingCreateRock_Supervisor: Test Cases/V2/Test Case/Tests/PR-369 - EditMeetingAgenda/Test Cases/Positive/Supervisor/PR_369_7_EditMeetingCreateRock_Supervisor

2020-09-03 16:05:11 - [TEST_STEP][NOT_RUN] - openBrowser(""): NOT_RUN: openBrowser("")

2020-09-03 16:05:11 - [MESSAGE][NOT_RUN] - NOT_RUN: openBrowser("")

2020-09-03 16:05:11 - [TEST_STEP][NOT_RUN] - maximizeWindow(): NOT_RUN: maximizeWindow()

2020-09-03 16:05:11 - [MESSAGE][NOT_RUN] - NOT_RUN: maximizeWindow()

2020-09-03 16:05:11 - [TEST_STEP][NOT_RUN] - navigateToUrl(V2Url): NOT_RUN: navigateToUrl(V2Url)

2020-09-03 16:05:11 - [MESSAGE][NOT_RUN] - NOT_RUN: navigateToUrl(V2Url)

2020-09-03 16:05:11 - [TEST_STEP][NOT_RUN] - setText(findTestObject("V2/PR-369/Page_Login/userName_Field"), "tractiontools.user001+ta58jzbl@gmail.com"): NOT_RUN: setText(findTestObject("V2/PR-369/Page_Login/userName_Field"), "tractiontools.user001+ta58jzbl@gmail.com")

2020-09-03 16:05:11 - [MESSAGE][NOT_RUN] - NOT_RUN: setText(findTestObject("V2/PR-369/Page_Login/userName_Field"), "tractiontools.user001+ta58jzbl@gmail.com")

2020-09-03 16:05:11 - [TEST_STEP][NOT_RUN] - setText(findTestObject("V2/PR-369/Page_Login/passWord_Field"), "Qwer123!"): NOT_RUN: setText(findTestObject("V2/PR-369/Page_Login/passWord_Field"), "Qwer123!")

2020-09-03 16:05:11 - [MESSAGE][NOT_RUN] - NOT_RUN: setText(findTestObject("V2/PR-369/Page_Login/passWord_Field"), "Qwer123!")

2020-09-03 16:05:11 - [TEST_STEP][NOT_RUN] - click(findTestObject("V2/PR-369/Page_Login/Login_Button")): NOT_RUN: click(findTestObject("V2/PR-369/Page_Login/Login_Button"))

2020-09-03 16:05:11 - [MESSAGE][NOT_RUN] - NOT_RUN: click(findTestObject("V2/PR-369/Page_Login/Login_Button"))

2020-09-03 16:05:11 - [TEST_STEP][PASSED] - waitForElementVisible(findTestObject("V2/Commons/DasboardPage_SidebarMenu/MeetingsMenu"), DefaultTimeout): Object 'Object Repository/V2/Commons/DasboardPage_SidebarMenu/MeetingsMenu' is visible

2020-09-03 16:05:11 - [MESSAGE][PASSED] - Object 'Object Repository/V2/Commons/DasboardPage_SidebarMenu/MeetingsMenu' is visible

2020-09-03 16:05:11 - [TEST_STEP][PASSED] - click(findTestObject("V2/Commons/DasboardPage_SidebarMenu/MeetingsMenu")): Object: 'Object Repository/V2/Commons/DasboardPage_SidebarMenu/MeetingsMenu' is clicked on

2020-09-03 16:05:11 - [MESSAGE][PASSED] - Object: 'Object Repository/V2/Commons/DasboardPage_SidebarMenu/MeetingsMenu' is clicked on

2020-09-03 16:05:11 - [TEST_STEP][PASSED] - meetingOpt_Obj = tt_CustomKeywords.CustomKeywords.CreateDynamicElement(meetingOptions_obj, meetingName, "xpath"): Successfully created new dynamic object: //h4[text()='Meeting Supervisor']/ancestor::div[contains(@class,'ListContainer')]/div[@class='listcontainer__options']/button

2020-09-03 16:05:11 - [MESSAGE][PASSED] - Successfully created new dynamic object: //h4[text()='Meeting Supervisor']/ancestor::div[contains(@class,'ListContainer')]/div[@class='listcontainer__options']/button

2020-09-03 16:05:11 - [TEST_STEP][PASSED] - waitForElementVisible(meetingOpt_Obj, DefaultTimeout): Object '' is visible

2020-09-03 16:05:11 - [MESSAGE][PASSED] - Object '' is visible

2020-09-03 16:05:11 - [TEST_STEP][PASSED] - click(meetingOpt_Obj): Object: '' is clicked on

2020-09-03 16:05:11 - [MESSAGE][PASSED] - Object: '' is clicked on

2020-09-03 16:05:11 - [TEST_STEP][PASSED] - click(findTestObject("V2/Commons/MeetingListPage/a_Edit meeting")): Object: 'Object Repository/V2/Commons/MeetingListPage/a_Edit meeting' is clicked on

2020-09-03 16:05:11 - [MESSAGE][PASSED] - Object: 'Object Repository/V2/Commons/MeetingListPage/a_Edit meeting' is clicked on

2020-09-03 16:05:11 - [TEST_STEP][PASSED] - waitForElementVisible(findTestObject("V2/PR-369/Edit_Meeting_Rocks/Rocks_Menu"), DefaultTimeout): Object 'Object Repository/V2/PR-369/Edit_Meeting_Rocks/Rocks_Menu' is visible

2020-09-03 16:05:12 - [MESSAGE][PASSED] - Object 'Object Repository/V2/PR-369/Edit_Meeting_Rocks/Rocks_Menu' is visible

2020-09-03 16:05:12 - [TEST_STEP][PASSED] - click(findTestObject("V2/PR-369/Edit_Meeting_Rocks/Rocks_Menu")): Object: 'Object Repository/V2/PR-369/Edit_Meeting_Rocks/Rocks_Menu' is clicked on

2020-09-03 16:05:13 - [MESSAGE][PASSED] - Object: 'Object Repository/V2/PR-369/Edit_Meeting_Rocks/Rocks_Menu' is clicked on

2020-09-03 16:05:13 - [TEST_STEP][PASSED] - click(findTestObject("V2/PR-369/Edit_Meeting_Rocks/CreateRocksButton")): Object: 'Object Repository/V2/PR-369/Edit_Meeting_Rocks/CreateRocksButton' is clicked on

2020-09-03 16:05:13 - [MESSAGE][PASSED] - Object: 'Object Repository/V2/PR-369/Edit_Meeting_Rocks/CreateRocksButton' is clicked on

2020-09-03 16:05:13 - [TEST_STEP][PASSED] - click(findTestObject("V2/PR-369/Edit_Meeting_Rocks/Create_New_Rocks")): Object: 'Object Repository/V2/PR-369/Edit_Meeting_Rocks/Create_New_Rocks' is clicked on

2020-09-03 16:05:13 - [MESSAGE][PASSED] - Object: 'Object Repository/V2/PR-369/Edit_Meeting_Rocks/Create_New_Rocks' is clicked on

2020-09-03 16:05:13 - [TEST_STEP][PASSED] - waitForElementVisible(findTestObject("V2/PR-369/Edit_Meeting_Rocks/Rock_Name_Title"), DefaultTimeout): Object 'Object Repository/V2/PR-369/Edit_Meeting_Rocks/Rock_Name_Title' is visible

2020-09-03 16:05:13 - [MESSAGE][PASSED] - Object 'Object Repository/V2/PR-369/Edit_Meeting_Rocks/Rock_Name_Title' is visible

2020-09-03 16:05:13 - [TEST_STEP][PASSED] - setText(findTestObject("V2/PR-369/Edit_Meeting_Rocks/Rock_Name_Title"), rockName): Text 'QA Edit Meeting Automation Rock Test' is set on object 'Object Repository/V2/PR-369/Edit_Meeting_Rocks/Rock_Name_Title'

2020-09-03 16:05:13 - [MESSAGE][PASSED] - Text 'QA Edit Meeting Automation Rock Test' is set on object 'Object Repository/V2/PR-369/Edit_Meeting_Rocks/Rock_Name_Title'

2020-09-03 16:05:13 - [TEST_STEP][PASSED] - click(findTestObject("V2/PR-369/Edit_Meeting_Rocks/Status_OffTrack_Rock")): Object: 'Object Repository/V2/PR-369/Edit_Meeting_Rocks/Status_OffTrack_Rock' is clicked on

2020-09-03 16:05:13 - [MESSAGE][PASSED] - Object: 'Object Repository/V2/PR-369/Edit_Meeting_Rocks/Status_OffTrack_Rock' is clicked on

2020-09-03 16:05:13 - [TEST_STEP][PASSED] - click(findTestObject("V2/PR-369/Edit_Meeting_Rocks/Accountable_Owner_Field")): Object: 'Object Repository/V2/PR-369/Edit_Meeting_Rocks/Accountable_Owner_Field' is clicked on

2020-09-03 16:05:13 - [MESSAGE][PASSED] - Object: 'Object Repository/V2/PR-369/Edit_Meeting_Rocks/Accountable_Owner_Field' is clicked on

2020-09-03 16:05:13 - [TEST_STEP][PASSED] - accountableOwner = tt_CustomKeywords.CustomKeywords.CreateDynamicElement(owner_Obj, ownerSelected, "xpath"): Successfully created new dynamic object: //div[@data-test-id='createRock']//div[@role='listbox'][@class='visible menu transition']/div[@role='option'][contains(@class,'item')]/span[text()='Admin User']

2020-09-03 16:05:13 - [MESSAGE][PASSED] - Successfully created new dynamic object: //div[@data-test-id='createRock']//div[@role='listbox'][@class='visible menu transition']/div[@role='option'][contains(@class,'item')]/span[text()='Admin User']

2020-09-03 16:05:13 - [TEST_STEP][PASSED] - click(accountableOwner): Object: '' is clicked on

2020-09-03 16:05:13 - [MESSAGE][PASSED] - Object: '' is clicked on

2020-09-03 16:05:13 - [TEST_STEP][PASSED] - click(findTestObject("V2/PR-369/Edit_Meeting_Rocks/Visibility_Level_Field")): Object: 'Object Repository/V2/PR-369/Edit_Meeting_Rocks/Visibility_Level_Field' is clicked on

2020-09-03 16:05:14 - [MESSAGE][PASSED] - Object: 'Object Repository/V2/PR-369/Edit_Meeting_Rocks/Visibility_Level_Field' is clicked on

2020-09-03 16:05:14 - [TEST_STEP][PASSED] - click(findTestObject("V2/PR-369/Edit_Meeting_Rocks/Visibility_Level_Company")): Object: 'Object Repository/V2/PR-369/Edit_Meeting_Rocks/Visibility_Level_Company' is clicked on

2020-09-03 16:05:14 - [MESSAGE][PASSED] - Object: 'Object Repository/V2/PR-369/Edit_Meeting_Rocks/Visibility_Level_Company' is clicked on

2020-09-03 16:05:14 - [TEST_STEP][PASSED] - click(findTestObject("V2/PR-369/Edit_Meeting_Rocks/Rocks_Due_Date_Field")): Object: 'Object Repository/V2/PR-369/Edit_Meeting_Rocks/Rocks_Due_Date_Field' is clicked on

2020-09-03 16:05:14 - [MESSAGE][PASSED] - Object: 'Object Repository/V2/PR-369/Edit_Meeting_Rocks/Rocks_Due_Date_Field' is clicked on

2020-09-03 16:05:14 - [TEST_STEP][PASSED] - waitForElementVisible(findTestObject("V2/PR-369/Edit_Meeting_Scorecard/A_Date29"), DefaultTimeout): Object 'Object Repository/V2/PR-369/Edit_Meeting_Scorecard/A_Date29' is visible

2020-09-03 16:05:14 - [MESSAGE][PASSED] - Object 'Object Repository/V2/PR-369/Edit_Meeting_Scorecard/A_Date29' is visible

2020-09-03 16:05:14 - [TEST_STEP][PASSED] - click(findTestObject("V2/PR-369/Edit_Meeting_Scorecard/A_Date29")): Object: 'Object Repository/V2/PR-369/Edit_Meeting_Scorecard/A_Date29' is clicked on

2020-09-03 16:05:14 - [MESSAGE][PASSED] - Object: 'Object Repository/V2/PR-369/Edit_Meeting_Scorecard/A_Date29' is clicked on

2020-09-03 16:05:14 - [TEST_STEP][PASSED] - verifyElementVisible(findTestObject("V2/PR-369/Edit_Meeting_Rocks/Verify_Notes_Section")): Object 'Object Repository/V2/PR-369/Edit_Meeting_Rocks/Verify_Notes_Section' is visible

2020-09-03 16:05:14 - [MESSAGE][PASSED] - Object 'Object Repository/V2/PR-369/Edit_Meeting_Rocks/Verify_Notes_Section' is visible

2020-09-03 16:05:14 - [TEST_STEP][PASSED] - setText(findTestObject("V2/PR-369/Edit_Meeting_Rocks/Notes_Comments"), Notes): Text 'Sample Notes' is set on object 'Object Repository/V2/PR-369/Edit_Meeting_Rocks/Notes_Comments'

2020-09-03 16:05:25 - [MESSAGE][PASSED] - Text 'Sample Notes' is set on object 'Object Repository/V2/PR-369/Edit_Meeting_Rocks/Notes_Comments'

2020-09-03 16:05:25 - [TEST_STEP][PASSED] - sendKeys(findTestObject("V2/PR-369/Edit_Meeting_Rocks/Add_Milestone_Button"), Keys.chord(PAGE_DOWN)): Keys 'PAGE_DOWN + ' sent to object: 'Object Repository/V2/PR-369/Edit_Meeting_Rocks/Add_Milestone_Button'

2020-09-03 16:05:25 - [MESSAGE][PASSED] - Keys 'PAGE_DOWN + ' sent to object: 'Object Repository/V2/PR-369/Edit_Meeting_Rocks/Add_Milestone_Button'

2020-09-03 16:05:25 - [TEST_STEP][PASSED] - click(findTestObject("V2/PR-369/Edit_Meeting_Rocks/Add_Milestone_Button")): Object: 'Object Repository/V2/PR-369/Edit_Meeting_Rocks/Add_Milestone_Button' is clicked on

2020-09-03 16:05:25 - [MESSAGE][PASSED] - Object: 'Object Repository/V2/PR-369/Edit_Meeting_Rocks/Add_Milestone_Button' is clicked on

2020-09-03 16:05:25 - [TEST_STEP][PASSED] - setText(findTestObject("V2/PR-369/Edit_Meeting_Rocks/Milestone_Text_Field"), milestoneName): Text 'Milestone 1' is set on object 'Object Repository/V2/PR-369/Edit_Meeting_Rocks/Milestone_Text_Field'

2020-09-03 16:05:26 - [MESSAGE][PASSED] - Text 'Milestone 1' is set on object 'Object Repository/V2/PR-369/Edit_Meeting_Rocks/Milestone_Text_Field'

2020-09-03 16:05:26 - [TEST_STEP][PASSED] - click(findTestObject("V2/PR-369/Edit_Meeting_Rocks/Milestone_date")): Object: 'Object Repository/V2/PR-369/Edit_Meeting_Rocks/Milestone_date' is clicked on

2020-09-03 16:05:26 - [MESSAGE][PASSED] - Object: 'Object Repository/V2/PR-369/Edit_Meeting_Rocks/Milestone_date' is clicked on

2020-09-03 16:05:26 - [TEST_STEP][PASSED] - waitForElementVisible(findTestObject("V2/PR-369/Edit_Meeting_Scorecard/A_Date29"), DefaultTimeout): Object 'Object Repository/V2/PR-369/Edit_Meeting_Scorecard/A_Date29' is visible

2020-09-03 16:05:26 - [MESSAGE][PASSED] - Object 'Object Repository/V2/PR-369/Edit_Meeting_Scorecard/A_Date29' is visible

2020-09-03 16:05:26 - [TEST_STEP][PASSED] - click(findTestObject("V2/PR-369/Edit_Meeting_Scorecard/A_Date29")): Object: 'Object Repository/V2/PR-369/Edit_Meeting_Scorecard/A_Date29' is clicked on

2020-09-03 16:05:26 - [MESSAGE][PASSED] - Object: 'Object Repository/V2/PR-369/Edit_Meeting_Scorecard/A_Date29' is clicked on

2020-09-03 16:05:26 - [TEST_STEP][PASSED] - click(findTestObject("V2/PR-369/Edit_Meeting_Rocks/Save_Button")): Object: 'Object Repository/V2/PR-369/Edit_Meeting_Rocks/Save_Button' is clicked on

2020-09-03 16:05:27 - [MESSAGE][PASSED] - Object: 'Object Repository/V2/PR-369/Edit_Meeting_Rocks/Save_Button' is clicked on

2020-09-03 16:05:27 - [TEST_STEP][PASSED] - delay(10): Delayed 10 second(s)

2020-09-03 16:05:37 - [MESSAGE][PASSED] - Delayed 10 second(s)

2020-09-03 16:05:37 - [TEST_STEP][PASSED] - verifyRocks = tt_CustomKeywords.CustomKeywords.CreateDynamicElement(verifyRocks_Obj, rockName, "xpath"): Successfully created new dynamic object: //h2[text()='Rocks']/ancestor::div[contains(@class,'CardStyles')]/div[2]//div[@data-test-id='rock.title'][contains(@class,'TextBodyStyles-sc') and text()='QA Edit Meeting Automation Rock Test']

2020-09-03 16:05:37 - [MESSAGE][PASSED] - Successfully created new dynamic object: //h2[text()='Rocks']/ancestor::div[contains(@class,'CardStyles')]/div[2]//div[@data-test-id='rock.title'][contains(@class,'TextBodyStyles-sc') and text()='QA Edit Meeting Automation Rock Test']

2020-09-03 16:05:37 - [TEST_STEP][PASSED] - verifyElementPresent(verifyRocks, DefaultTimeout): Object '' is present

2020-09-03 16:05:37 - [MESSAGE][PASSED] - Object '' is present

2020-09-03 16:05:37 - [TEST_STEP][PASSED] - verifyMilestone = tt_CustomKeywords.CustomKeywords.CreateDynamicElement(verifyMilestone_Obj, milestoneName, "xpath"): Successfully created new dynamic object: //h2[text()='Rocks']/ancestor::div[contains(@class,'CardStyles')]/div[2]//div[contains(@class,'milestoneListItem__name')]/span[text()='Milestone 1']

2020-09-03 16:05:37 - [MESSAGE][PASSED] - Successfully created new dynamic object: //h2[text()='Rocks']/ancestor::div[contains(@class,'CardStyles')]/div[2]//div[contains(@class,'milestoneListItem__name')]/span[text()='Milestone 1']

2020-09-03 16:05:37 - [TEST_STEP][PASSED] - verifyElementPresent(verifyMilestone, DefaultTimeout): Object '' is present

2020-09-03 16:05:37 - [MESSAGE][PASSED] - Object '' is present

2020-09-03 16:05:37 - [TEST_STEP][NOT_RUN] - click(verifyRocks): NOT_RUN: click(verifyRocks)

2020-09-03 16:05:37 - [MESSAGE][NOT_RUN] - NOT_RUN: click(verifyRocks)

2020-09-03 16:05:37 - [TEST_STEP][NOT_RUN] - delay(10): NOT_RUN: delay(10)

2020-09-03 16:05:37 - [MESSAGE][NOT_RUN] - NOT_RUN: delay(10)

2020-09-03 16:05:37 - [TEST_STEP][NOT_RUN] - click(findTestObject("V2/PR-369/UpdateEditMeetingRocks/Edit_Rock_Name")): NOT_RUN: click(findTestObject("V2/PR-369/UpdateEditMeetingRocks/Edit_Rock_Name"))

2020-09-03 16:05:37 - [MESSAGE][NOT_RUN] - NOT_RUN: click(findTestObject("V2/PR-369/UpdateEditMeetingRocks/Edit_Rock_Name"))

2020-09-03 16:05:37 - [TEST_STEP][NOT_RUN] - sendKeys(findTestObject("V2/PR-369/UpdateEditMeetingRocks/Edit_Rock_Name"), Keys.chord(LEFT_CONTROL, "a", BACK_SPACE)): NOT_RUN: sendKeys(findTestObject("V2/PR-369/UpdateEditMeetingRocks/Edit_Rock_Name"), Keys.chord(LEFT_CONTROL, "a", BACK_SPACE))

2020-09-03 16:05:37 - [MESSAGE][NOT_RUN] - NOT_RUN: sendKeys(findTestObject("V2/PR-369/UpdateEditMeetingRocks/Edit_Rock_Name"), Keys.chord(LEFT_CONTROL, "a", BACK_SPACE))

2020-09-03 16:05:37 - [TEST_STEP][NOT_RUN] - setText(findTestObject("V2/PR-369/UpdateEditMeetingRocks/Edit_Rock_Name"), editRockName): NOT_RUN: setText(findTestObject("V2/PR-369/UpdateEditMeetingRocks/Edit_Rock_Name"), editRockName)

2020-09-03 16:05:37 - [MESSAGE][NOT_RUN] - NOT_RUN: setText(findTestObject("V2/PR-369/UpdateEditMeetingRocks/Edit_Rock_Name"), editRockName)

2020-09-03 16:05:37 - [TEST_STEP][NOT_RUN] - click(findTestObject("V2/PR-369/UpdateEditMeetingRocks/Edit_Status_Done")): NOT_RUN: click(findTestObject("V2/PR-369/UpdateEditMeetingRocks/Edit_Status_Done"))

2020-09-03 16:05:37 - [MESSAGE][NOT_RUN] - NOT_RUN: click(findTestObject("V2/PR-369/UpdateEditMeetingRocks/Edit_Status_Done"))

2020-09-03 16:05:37 - [TEST_STEP][NOT_RUN] - click(findTestObject("V2/PR-369/UpdateEditMeetingRocks/Edit_Accountable_Owner")): NOT_RUN: click(findTestObject("V2/PR-369/UpdateEditMeetingRocks/Edit_Accountable_Owner"))

2020-09-03 16:05:37 - [MESSAGE][NOT_RUN] - NOT_RUN: click(findTestObject("V2/PR-369/UpdateEditMeetingRocks/Edit_Accountable_Owner"))

2020-09-03 16:05:37 - [TEST_STEP][NOT_RUN] - editOwner = tt_CustomKeywords.CustomKeywords.CreateDynamicElement(editOwner_Obj, editOwner, "xpath"): NOT_RUN: editOwner = tt_CustomKeywords.CustomKeywords.CreateDynamicElement(editOwner_Obj, editOwner, "xpath")

2020-09-03 16:05:37 - [MESSAGE][NOT_RUN] - NOT_RUN: editOwner = tt_CustomKeywords.CustomKeywords.CreateDynamicElement(editOwner_Obj, editOwner, "xpath")

2020-09-03 16:05:37 - [TEST_STEP][NOT_RUN] - click(editOwner): NOT_RUN: click(editOwner)

2020-09-03 16:05:37 - [MESSAGE][NOT_RUN] - NOT_RUN: click(editOwner)

2020-09-03 16:05:37 - [TEST_STEP][NOT_RUN] - click(findTestObject("V2/PR-369/UpdateEditMeetingRocks/Edit_Visibility_Level")): NOT_RUN: click(findTestObject("V2/PR-369/UpdateEditMeetingRocks/Edit_Visibility_Level"))

2020-09-03 16:05:37 - [MESSAGE][NOT_RUN] - NOT_RUN: click(findTestObject("V2/PR-369/UpdateEditMeetingRocks/Edit_Visibility_Level"))

2020-09-03 16:05:37 - [TEST_STEP][NOT_RUN] - click(findTestObject("V2/PR-369/UpdateEditMeetingRocks/Edit_Visibility_Level_Department")): NOT_RUN: click(findTestObject("V2/PR-369/UpdateEditMeetingRocks/Edit_Visibility_Level_Department"))

2020-09-03 16:05:37 - [MESSAGE][NOT_RUN] - NOT_RUN: click(findTestObject("V2/PR-369/UpdateEditMeetingRocks/Edit_Visibility_Level_Department"))

2020-09-03 16:05:37 - [TEST_STEP][NOT_RUN] - sendKeys(findTestObject("V2/PR-369/UpdateEditMeetingRocks/Edit_Milestone"), Keys.chord(LEFT_CONTROL, "a", BACK_SPACE)): NOT_RUN: sendKeys(findTestObject("V2/PR-369/UpdateEditMeetingRocks/Edit_Milestone"), Keys.chord(LEFT_CONTROL, "a", BACK_SPACE))

2020-09-03 16:05:37 - [MESSAGE][NOT_RUN] - NOT_RUN: sendKeys(findTestObject("V2/PR-369/UpdateEditMeetingRocks/Edit_Milestone"), Keys.chord(LEFT_CONTROL, "a", BACK_SPACE))

2020-09-03 16:05:37 - [TEST_STEP][NOT_RUN] - setText(findTestObject("V2/PR-369/UpdateEditMeetingRocks/Edit_Milestone"), editMilestoneName): NOT_RUN: setText(findTestObject("V2/PR-369/UpdateEditMeetingRocks/Edit_Milestone"), editMilestoneName)

2020-09-03 16:05:37 - [MESSAGE][NOT_RUN] - NOT_RUN: setText(findTestObject("V2/PR-369/UpdateEditMeetingRocks/Edit_Milestone"), editMilestoneName)

2020-09-03 16:05:37 - [TEST_STEP][NOT_RUN] - click(findTestObject("V2/PR-369/UpdateEditMeetingRocks/Done_CheckBox")): NOT_RUN: click(findTestObject("V2/PR-369/UpdateEditMeetingRocks/Done_CheckBox"))

2020-09-03 16:05:37 - [MESSAGE][NOT_RUN] - NOT_RUN: click(findTestObject("V2/PR-369/UpdateEditMeetingRocks/Done_CheckBox"))

2020-09-03 16:05:37 - [TEST_STEP][NOT_RUN] - click(findTestObject("V2/PR-369/UpdateEditMeetingRocks/Update_Button")): NOT_RUN: click(findTestObject("V2/PR-369/UpdateEditMeetingRocks/Update_Button"))

2020-09-03 16:05:37 - [MESSAGE][NOT_RUN] - NOT_RUN: click(findTestObject("V2/PR-369/UpdateEditMeetingRocks/Update_Button"))

2020-09-03 16:05:37 - [TEST_STEP][NOT_RUN] - delay(10): NOT_RUN: delay(10)

2020-09-03 16:05:37 - [MESSAGE][NOT_RUN] - NOT_RUN: delay(10)

2020-09-03 16:05:37 - [TEST_STEP][NOT_RUN] - editverifyRocks = tt_CustomKeywords.CustomKeywords.CreateDynamicElement(verifyRocks_Obj, editRockName, "xpath"): NOT_RUN: editverifyRocks = tt_CustomKeywords.CustomKeywords.CreateDynamicElement(verifyRocks_Obj, editRockName, "xpath")

2020-09-03 16:05:37 - [MESSAGE][NOT_RUN] - NOT_RUN: editverifyRocks = tt_CustomKeywords.CustomKeywords.CreateDynamicElement(verifyRocks_Obj, editRockName, "xpath")

2020-09-03 16:05:37 - [TEST_STEP][NOT_RUN] - verifyElementPresent(editverifyRocks, DefaultTimeout): NOT_RUN: verifyElementPresent(editverifyRocks, DefaultTimeout)

2020-09-03 16:05:37 - [MESSAGE][NOT_RUN] - NOT_RUN: verifyElementPresent(editverifyRocks, DefaultTimeout)

2020-09-03 16:05:37 - [TEST_STEP][NOT_RUN] - editverifyMilestone = tt_CustomKeywords.CustomKeywords.CreateDynamicElement(verifyMilestone_Obj, editMilestoneName, "xpath"): NOT_RUN: editverifyMilestone = tt_CustomKeywords.CustomKeywords.CreateDynamicElement(verifyMilestone_Obj, editMilestoneName, "xpath")

2020-09-03 16:05:37 - [MESSAGE][NOT_RUN] - NOT_RUN: editverifyMilestone = tt_CustomKeywords.CustomKeywords.CreateDynamicElement(verifyMilestone_Obj, editMilestoneName, "xpath")

2020-09-03 16:05:37 - [TEST_STEP][NOT_RUN] - verifyElementPresent(editverifyMilestone, DefaultTimeout): NOT_RUN: verifyElementPresent(editverifyMilestone, DefaultTimeout)

2020-09-03 16:05:37 - [MESSAGE][NOT_RUN] - NOT_RUN: verifyElementPresent(editverifyMilestone, DefaultTimeout)

2020-09-03 16:05:37 - [MESSAGE][PASSED] - Call Test Case 'Test Cases/V2/Test Case/Tests/PR-369 - EditMeetingAgenda/Test Cases/Positive/Supervisor/PR_369_7_EditMeetingCreateRock_Supervisor' successfully

2020-09-03 16:05:37 - [TEST_STEP][PASSED] - changeWebDriver(driver3): null

2020-09-03 16:05:37 - [TEST_STEP][PASSED] - callTestCase(findTestCase("V2/Test Case/Pre-conditions/PRE_CreateL10Meeting"), ["meetingName":meetingNameE, "meetingAcronym":meetingAcronym, "meetingType":meetingType, "dropdownOptions_obj":"//div[@id='CREATE_MEETING_L10']//span[text()='%s']/parent::div[@role='option']", ... ], STOP_ON_FAILURE): Call Test Case 'Test Cases/V2/Test Case/Pre-conditions/PRE_CreateL10Meeting' successfully

2020-09-03 16:05:37 - [TEST_CASE][PASSED] - Test Cases/V2/Test Case/Pre-conditions/PRE_CreateL10Meeting: Test Cases/V2/Test Case/Pre-conditions/PRE_CreateL10Meeting

2020-09-03 16:05:37 - [TEST_STEP][PASSED] - click(findTestObject("V2/Commons/DasboardPage_SidebarMenu/MeetingsMenu")): Object: 'Object Repository/V2/Commons/DasboardPage_SidebarMenu/MeetingsMenu' is clicked on

2020-09-03 16:05:37 - [MESSAGE][PASSED] - Object: 'Object Repository/V2/Commons/DasboardPage_SidebarMenu/MeetingsMenu' is clicked on

2020-09-03 16:05:37 - [TEST_STEP][PASSED] - click(findTestObject("Object Repository/V2/Commons/MeetingListPage/div_Create a meeting")): Object: 'Object Repository/V2/Commons/MeetingListPage/div_Create a meeting' is clicked on

2020-09-03 16:05:38 - [MESSAGE][PASSED] - Object: 'Object Repository/V2/Commons/MeetingListPage/div_Create a meeting' is clicked on

2020-09-03 16:05:38 - [TEST_STEP][PASSED] - click(findTestObject("Object Repository/V2/Commons/MeetingListPage/button_Level 10")): Object: 'Object Repository/V2/Commons/MeetingListPage/button_Level 10' is clicked on

2020-09-03 16:05:38 - [MESSAGE][PASSED] - Object: 'Object Repository/V2/Commons/MeetingListPage/button_Level 10' is clicked on

2020-09-03 16:05:38 - [TEST_STEP][PASSED] - waitForElementVisible(findTestObject("V2/Commons/CreateL10MeetingDrawer/input__name"), DefaultTimeout): Object 'Object Repository/V2/Commons/CreateL10MeetingDrawer/input__name' is visible

2020-09-03 16:05:39 - [MESSAGE][PASSED] - Object 'Object Repository/V2/Commons/CreateL10MeetingDrawer/input__name' is visible

2020-09-03 16:05:39 - [TEST_STEP][PASSED] - setText(findTestObject("V2/Commons/CreateL10MeetingDrawer/input__name"), meetingName): Text 'Meeting Employee' is set on object 'Object Repository/V2/Commons/CreateL10MeetingDrawer/input__name'

2020-09-03 16:05:39 - [MESSAGE][PASSED] - Text 'Meeting Employee' is set on object 'Object Repository/V2/Commons/CreateL10MeetingDrawer/input__name'

2020-09-03 16:05:39 - [TEST_STEP][PASSED] - setText(findTestObject("V2/Commons/CreateL10MeetingDrawer/input__acronym"), meetingAcronym): Text 'CL10' is set on object 'Object Repository/V2/Commons/CreateL10MeetingDrawer/input__acronym'

2020-09-03 16:05:39 - [MESSAGE][PASSED] - Text 'CL10' is set on object 'Object Repository/V2/Commons/CreateL10MeetingDrawer/input__acronym'

2020-09-03 16:05:39 - [TEST_STEP][PASSED] - click(findTestObject("V2/Commons/CreateL10MeetingDrawer/input__typeOfMeeting")): Object: 'Object Repository/V2/Commons/CreateL10MeetingDrawer/input__typeOfMeeting' is clicked on

2020-09-03 16:05:39 - [MESSAGE][PASSED] - Object: 'Object Repository/V2/Commons/CreateL10MeetingDrawer/input__typeOfMeeting' is clicked on

2020-09-03 16:05:39 - [TEST_STEP][PASSED] - meetingTypeOption_Obj = tt_CustomKeywords.CustomKeywords.CreateDynamicElement(dropdownOptions_obj, meetingType, "xpath"): Successfully created new dynamic object: //div[@id='CREATE_MEETING_L10']//span[text()='Leadership']/parent::div[@role='option']

2020-09-03 16:05:39 - [MESSAGE][PASSED] - Successfully created new dynamic object: //div[@id='CREATE_MEETING_L10']//span[text()='Leadership']/parent::div[@role='option']

2020-09-03 16:05:39 - [TEST_STEP][PASSED] - click(meetingTypeOption_Obj): Object: '' is clicked on

2020-09-03 16:05:39 - [MESSAGE][PASSED] - Object: '' is clicked on

2020-09-03 16:05:39 - [TEST_STEP][PASSED] - click(findTestObject("V2/Commons/CreateL10MeetingDrawer/div_dayOfMeetingDropdownList")): Object: 'Object Repository/V2/Commons/CreateL10MeetingDrawer/div_dayOfMeetingDropdownList' is clicked on

2020-09-03 16:05:40 - [MESSAGE][PASSED] - Object: 'Object Repository/V2/Commons/CreateL10MeetingDrawer/div_dayOfMeetingDropdownList' is clicked on

2020-09-03 16:05:40 - [TEST_STEP][PASSED] - dayOfMeetingOption_Obj = tt_CustomKeywords.CustomKeywords.CreateDynamicElement(dropdownOptions_obj, dayOfMeeting, "xpath"): Successfully created new dynamic object: //div[@id='CREATE_MEETING_L10']//span[text()='Monday']/parent::div[@role='option']

2020-09-03 16:05:40 - [MESSAGE][PASSED] - Successfully created new dynamic object: //div[@id='CREATE_MEETING_L10']//span[text()='Monday']/parent::div[@role='option']

2020-09-03 16:05:40 - [TEST_STEP][PASSED] - click(dayOfMeetingOption_Obj): Object: '' is clicked on

2020-09-03 16:05:40 - [MESSAGE][PASSED] - Object: '' is clicked on

2020-09-03 16:05:40 - [TEST_STEP][PASSED] - click(findTestObject("V2/Commons/CreateL10MeetingDrawer/input_meetingTime")): Object: 'Object Repository/V2/Commons/CreateL10MeetingDrawer/input_meetingTime' is clicked on

2020-09-03 16:05:40 - [MESSAGE][PASSED] - Object: 'Object Repository/V2/Commons/CreateL10MeetingDrawer/input_meetingTime' is clicked on

2020-09-03 16:05:40 - [TEST_STEP][PASSED] - setText(findTestObject("V2/Commons/CreateL10MeetingDrawer/input_meetingTime"), meetingTime): Text '12:00' is set on object 'Object Repository/V2/Commons/CreateL10MeetingDrawer/input_meetingTime'

2020-09-03 16:05:40 - [MESSAGE][PASSED] - Text '12:00' is set on object 'Object Repository/V2/Commons/CreateL10MeetingDrawer/input_meetingTime'

2020-09-03 16:05:40 - [TEST_STEP][PASSED] - sendKeys(findTestObject("V2/Commons/CreateL10MeetingDrawer/input_meetingTime"), Keys.chord(TAB)): Keys 'TAB + ' sent to object: 'Object Repository/V2/Commons/CreateL10MeetingDrawer/input_meetingTime'

2020-09-03 16:05:40 - [MESSAGE][PASSED] - Keys 'TAB + ' sent to object: 'Object Repository/V2/Commons/CreateL10MeetingDrawer/input_meetingTime'

2020-09-03 16:05:40 - [TEST_STEP][PASSED] - click(findTestObject("V2/Commons/CreateL10MeetingDrawer/div_Create Meeting")): Object: 'Object Repository/V2/Commons/CreateL10MeetingDrawer/div_Create Meeting' is clicked on

2020-09-03 16:05:40 - [MESSAGE][PASSED] - Object: 'Object Repository/V2/Commons/CreateL10MeetingDrawer/div_Create Meeting' is clicked on

2020-09-03 16:05:40 - [TEST_STEP][PASSED] - waitForElementVisible(findTestObject("Object Repository/V2/Commons/MeetingListPage/div_Ill do this later"), DefaultTimeout): Object 'Object Repository/V2/Commons/MeetingListPage/div_Ill do this later' is visible

2020-09-03 16:06:14 - [MESSAGE][PASSED] - Object 'Object Repository/V2/Commons/MeetingListPage/div_Ill do this later' is visible

2020-09-03 16:06:14 - [TEST_STEP][PASSED] - verifyElementVisible(findTestObject("Object Repository/V2/Commons/MeetingListPage/div_Ill do this later"), STOP_ON_FAILURE): Object 'Object Repository/V2/Commons/MeetingListPage/div_Ill do this later' is visible

2020-09-03 16:06:14 - [MESSAGE][PASSED] - Object 'Object Repository/V2/Commons/MeetingListPage/div_Ill do this later' is visible

2020-09-03 16:06:14 - [TEST_STEP][PASSED] - click(findTestObject("Object Repository/V2/Commons/MeetingListPage/div_Ill do this later")): Object: 'Object Repository/V2/Commons/MeetingListPage/div_Ill do this later' is clicked on

2020-09-03 16:06:14 - [MESSAGE][PASSED] - Object: 'Object Repository/V2/Commons/MeetingListPage/div_Ill do this later' is clicked on

2020-09-03 16:06:14 - [TEST_STEP][PASSED] - meetingRecordObj = tt_CustomKeywords.CustomKeywords.CreateDynamicElement(meetingRecord_obj, meetingName, "xpath"): Successfully created new dynamic object: //div[@class='detailscontainer__block item']/h4[text()='Meeting Employee']

2020-09-03 16:06:14 - [MESSAGE][PASSED] - Successfully created new dynamic object: //div[@class='detailscontainer__block item']/h4[text()='Meeting Employee']

2020-09-03 16:06:14 - [TEST_STEP][PASSED] - verifyElementPresent(meetingRecordObj, DefaultTimeout): Object '' is present

2020-09-03 16:06:14 - [MESSAGE][PASSED] - Object '' is present

2020-09-03 16:06:14 - [MESSAGE][PASSED] - Call Test Case 'Test Cases/V2/Test Case/Pre-conditions/PRE_CreateL10Meeting' successfully

2020-09-03 16:06:14 - [TEST_STEP][PASSED] - callTestCase(findTestCase("V2/Test Case/Tests/PR-369 - EditMeetingAgenda/Test Cases/Positive/Employee/PR_369_7_EditMeetingCreateRock_Employee"), ["userName":"jeff+075@mytractiontools.com", "passWord":"Skyline69A*", "meetingRowPosition":"3", "editMeetingMenu_Obj":"//div[@id='root']/div/div[2]/div/div/div/div[2]/div/div[%s]/div[3]/button/i", ... ], STOP_ON_FAILURE): Call Test Case 'Test Cases/V2/Test Case/Tests/PR-369 - EditMeetingAgenda/Test Cases/Positive/Employee/PR_369_7_EditMeetingCreateRock_Employee' successfully

2020-09-03 16:06:14 - [TEST_CASE][PASSED] - Test Cases/V2/Test Case/Tests/PR-369 - EditMeetingAgenda/Test Cases/Positive/Employee/PR_369_7_EditMeetingCreateRock_Employee: Test Cases/V2/Test Case/Tests/PR-369 - EditMeetingAgenda/Test Cases/Positive/Employee/PR_369_7_EditMeetingCreateRock_Employee

2020-09-03 16:06:14 - [TEST_STEP][NOT_RUN] - openBrowser(""): NOT_RUN: openBrowser("")

2020-09-03 16:06:14 - [MESSAGE][NOT_RUN] - NOT_RUN: openBrowser("")

2020-09-03 16:06:14 - [TEST_STEP][NOT_RUN] - maximizeWindow(): NOT_RUN: maximizeWindow()

2020-09-03 16:06:14 - [MESSAGE][NOT_RUN] - NOT_RUN: maximizeWindow()

2020-09-03 16:06:14 - [TEST_STEP][NOT_RUN] - navigateToUrl(V2Url): NOT_RUN: navigateToUrl(V2Url)

2020-09-03 16:06:14 - [MESSAGE][NOT_RUN] - NOT_RUN: navigateToUrl(V2Url)

2020-09-03 16:06:14 - [TEST_STEP][NOT_RUN] - setText(findTestObject("V2/PR-369/Page_Login/userName_Field"), "tractiontools.user001+ta58jzbl@gmail.com"): NOT_RUN: setText(findTestObject("V2/PR-369/Page_Login/userName_Field"), "tractiontools.user001+ta58jzbl@gmail.com")

2020-09-03 16:06:14 - [MESSAGE][NOT_RUN] - NOT_RUN: setText(findTestObject("V2/PR-369/Page_Login/userName_Field"), "tractiontools.user001+ta58jzbl@gmail.com")

2020-09-03 16:06:14 - [TEST_STEP][NOT_RUN] - setText(findTestObject("V2/PR-369/Page_Login/passWord_Field"), "Qwer123!"): NOT_RUN: setText(findTestObject("V2/PR-369/Page_Login/passWord_Field"), "Qwer123!")

2020-09-03 16:06:14 - [MESSAGE][NOT_RUN] - NOT_RUN: setText(findTestObject("V2/PR-369/Page_Login/passWord_Field"), "Qwer123!")

2020-09-03 16:06:14 - [TEST_STEP][NOT_RUN] - click(findTestObject("V2/PR-369/Page_Login/Login_Button")): NOT_RUN: click(findTestObject("V2/PR-369/Page_Login/Login_Button"))

2020-09-03 16:06:14 - [MESSAGE][NOT_RUN] - NOT_RUN: click(findTestObject("V2/PR-369/Page_Login/Login_Button"))

2020-09-03 16:06:14 - [TEST_STEP][PASSED] - waitForElementVisible(findTestObject("V2/Commons/DasboardPage_SidebarMenu/MeetingsMenu"), DefaultTimeout): Object 'Object Repository/V2/Commons/DasboardPage_SidebarMenu/MeetingsMenu' is visible

2020-09-03 16:06:14 - [MESSAGE][PASSED] - Object 'Object Repository/V2/Commons/DasboardPage_SidebarMenu/MeetingsMenu' is visible

2020-09-03 16:06:14 - [TEST_STEP][PASSED] - click(findTestObject("V2/Commons/DasboardPage_SidebarMenu/MeetingsMenu")): Object: 'Object Repository/V2/Commons/DasboardPage_SidebarMenu/MeetingsMenu' is clicked on

2020-09-03 16:06:14 - [MESSAGE][PASSED] - Object: 'Object Repository/V2/Commons/DasboardPage_SidebarMenu/MeetingsMenu' is clicked on

2020-09-03 16:06:14 - [TEST_STEP][PASSED] - meetingOpt_Obj = tt_CustomKeywords.CustomKeywords.CreateDynamicElement(meetingOptions_obj, meetingName, "xpath"): Successfully created new dynamic object: //h4[text()='Meeting Employee']/ancestor::div[contains(@class,'ListContainer')]/div[@class='listcontainer__options']/button

2020-09-03 16:06:14 - [MESSAGE][PASSED] - Successfully created new dynamic object: //h4[text()='Meeting Employee']/ancestor::div[contains(@class,'ListContainer')]/div[@class='listcontainer__options']/button

2020-09-03 16:06:14 - [TEST_STEP][PASSED] - waitForElementVisible(meetingOpt_Obj, DefaultTimeout): Object '' is visible

2020-09-03 16:06:14 - [MESSAGE][PASSED] - Object '' is visible

2020-09-03 16:06:14 - [TEST_STEP][PASSED] - click(meetingOpt_Obj): Object: '' is clicked on

2020-09-03 16:06:14 - [MESSAGE][PASSED] - Object: '' is clicked on

2020-09-03 16:06:14 - [TEST_STEP][PASSED] - click(findTestObject("V2/Commons/MeetingListPage/a_Edit meeting")): Object: 'Object Repository/V2/Commons/MeetingListPage/a_Edit meeting' is clicked on

2020-09-03 16:06:14 - [MESSAGE][PASSED] - Object: 'Object Repository/V2/Commons/MeetingListPage/a_Edit meeting' is clicked on

2020-09-03 16:06:14 - [TEST_STEP][PASSED] - waitForElementVisible(findTestObject("V2/PR-369/Edit_Meeting_Rocks/Rocks_Menu"), DefaultTimeout): Object 'Object Repository/V2/PR-369/Edit_Meeting_Rocks/Rocks_Menu' is visible

2020-09-03 16:06:16 - [MESSAGE][PASSED] - Object 'Object Repository/V2/PR-369/Edit_Meeting_Rocks/Rocks_Menu' is visible

2020-09-03 16:06:16 - [TEST_STEP][PASSED] - click(findTestObject("V2/PR-369/Edit_Meeting_Rocks/Rocks_Menu")): Object: 'Object Repository/V2/PR-369/Edit_Meeting_Rocks/Rocks_Menu' is clicked on

2020-09-03 16:06:16 - [MESSAGE][PASSED] - Object: 'Object Repository/V2/PR-369/Edit_Meeting_Rocks/Rocks_Menu' is clicked on

2020-09-03 16:06:16 - [TEST_STEP][PASSED] - click(findTestObject("V2/PR-369/Edit_Meeting_Rocks/CreateRocksButton")): Object: 'Object Repository/V2/PR-369/Edit_Meeting_Rocks/CreateRocksButton' is clicked on

2020-09-03 16:06:16 - [MESSAGE][PASSED] - Object: 'Object Repository/V2/PR-369/Edit_Meeting_Rocks/CreateRocksButton' is clicked on

2020-09-03 16:06:16 - [TEST_STEP][PASSED] - click(findTestObject("V2/PR-369/Edit_Meeting_Rocks/Create_New_Rocks")): Object: 'Object Repository/V2/PR-369/Edit_Meeting_Rocks/Create_New_Rocks' is clicked on

2020-09-03 16:06:16 - [MESSAGE][PASSED] - Object: 'Object Repository/V2/PR-369/Edit_Meeting_Rocks/Create_New_Rocks' is clicked on

2020-09-03 16:06:16 - [TEST_STEP][PASSED] - waitForElementVisible(findTestObject("V2/PR-369/Edit_Meeting_Rocks/Rock_Name_Title"), DefaultTimeout): Object 'Object Repository/V2/PR-369/Edit_Meeting_Rocks/Rock_Name_Title' is visible

2020-09-03 16:06:16 - [MESSAGE][PASSED] - Object 'Object Repository/V2/PR-369/Edit_Meeting_Rocks/Rock_Name_Title' is visible

2020-09-03 16:06:16 - [TEST_STEP][PASSED] - setText(findTestObject("V2/PR-369/Edit_Meeting_Rocks/Rock_Name_Title"), rockName): Text 'QA Edit Meeting Automation Rock Test' is set on object 'Object Repository/V2/PR-369/Edit_Meeting_Rocks/Rock_Name_Title'

2020-09-03 16:06:16 - [MESSAGE][PASSED] - Text 'QA Edit Meeting Automation Rock Test' is set on object 'Object Repository/V2/PR-369/Edit_Meeting_Rocks/Rock_Name_Title'

2020-09-03 16:06:16 - [TEST_STEP][PASSED] - click(findTestObject("V2/PR-369/Edit_Meeting_Rocks/Status_OffTrack_Rock")): Object: 'Object Repository/V2/PR-369/Edit_Meeting_Rocks/Status_OffTrack_Rock' is clicked on

2020-09-03 16:06:17 - [MESSAGE][PASSED] - Object: 'Object Repository/V2/PR-369/Edit_Meeting_Rocks/Status_OffTrack_Rock' is clicked on

2020-09-03 16:06:17 - [TEST_STEP][PASSED] - click(findTestObject("V2/PR-369/Edit_Meeting_Rocks/Accountable_Owner_Field")): Object: 'Object Repository/V2/PR-369/Edit_Meeting_Rocks/Accountable_Owner_Field' is clicked on

2020-09-03 16:06:17 - [MESSAGE][PASSED] - Object: 'Object Repository/V2/PR-369/Edit_Meeting_Rocks/Accountable_Owner_Field' is clicked on

2020-09-03 16:06:17 - [TEST_STEP][PASSED] - accountableOwner = tt_CustomKeywords.CustomKeywords.CreateDynamicElement(owner_Obj, ownerSelected, "xpath"): Successfully created new dynamic object: //div[@data-test-id='createRock']//div[@role='listbox'][@class='visible menu transition']/div[@role='option'][contains(@class,'item')]/span[text()='Admin User']

2020-09-03 16:06:17 - [MESSAGE][PASSED] - Successfully created new dynamic object: //div[@data-test-id='createRock']//div[@role='listbox'][@class='visible menu transition']/div[@role='option'][contains(@class,'item')]/span[text()='Admin User']

2020-09-03 16:06:17 - [TEST_STEP][PASSED] - click(accountableOwner): Object: '' is clicked on

2020-09-03 16:06:17 - [MESSAGE][PASSED] - Object: '' is clicked on

2020-09-03 16:06:17 - [TEST_STEP][PASSED] - click(findTestObject("V2/PR-369/Edit_Meeting_Rocks/Visibility_Level_Field")): Object: 'Object Repository/V2/PR-369/Edit_Meeting_Rocks/Visibility_Level_Field' is clicked on

2020-09-03 16:06:17 - [MESSAGE][PASSED] - Object: 'Object Repository/V2/PR-369/Edit_Meeting_Rocks/Visibility_Level_Field' is clicked on

2020-09-03 16:06:17 - [TEST_STEP][PASSED] - click(findTestObject("V2/PR-369/Edit_Meeting_Rocks/Visibility_Level_Company")): Object: 'Object Repository/V2/PR-369/Edit_Meeting_Rocks/Visibility_Level_Company' is clicked on

2020-09-03 16:06:17 - [MESSAGE][PASSED] - Object: 'Object Repository/V2/PR-369/Edit_Meeting_Rocks/Visibility_Level_Company' is clicked on

2020-09-03 16:06:17 - [TEST_STEP][PASSED] - click(findTestObject("V2/PR-369/Edit_Meeting_Rocks/Rocks_Due_Date_Field")): Object: 'Object Repository/V2/PR-369/Edit_Meeting_Rocks/Rocks_Due_Date_Field' is clicked on

2020-09-03 16:06:17 - [MESSAGE][PASSED] - Object: 'Object Repository/V2/PR-369/Edit_Meeting_Rocks/Rocks_Due_Date_Field' is clicked on

2020-09-03 16:06:17 - [TEST_STEP][PASSED] - waitForElementVisible(findTestObject("V2/PR-369/Edit_Meeting_Scorecard/A_Date29"), DefaultTimeout): Object 'Object Repository/V2/PR-369/Edit_Meeting_Scorecard/A_Date29' is visible

2020-09-03 16:06:17 - [MESSAGE][PASSED] - Object 'Object Repository/V2/PR-369/Edit_Meeting_Scorecard/A_Date29' is visible

2020-09-03 16:06:17 - [TEST_STEP][PASSED] - click(findTestObject("V2/PR-369/Edit_Meeting_Scorecard/A_Date29")): Object: 'Object Repository/V2/PR-369/Edit_Meeting_Scorecard/A_Date29' is clicked on

2020-09-03 16:06:17 - [MESSAGE][PASSED] - Object: 'Object Repository/V2/PR-369/Edit_Meeting_Scorecard/A_Date29' is clicked on

2020-09-03 16:06:17 - [TEST_STEP][PASSED] - verifyElementVisible(findTestObject("V2/PR-369/Edit_Meeting_Rocks/Verify_Notes_Section")): Object 'Object Repository/V2/PR-369/Edit_Meeting_Rocks/Verify_Notes_Section' is visible

2020-09-03 16:06:17 - [MESSAGE][PASSED] - Object 'Object Repository/V2/PR-369/Edit_Meeting_Rocks/Verify_Notes_Section' is visible

2020-09-03 16:06:17 - [TEST_STEP][PASSED] - setText(findTestObject("V2/PR-369/Edit_Meeting_Rocks/Notes_Comments"), Notes): Text 'Sample Notes' is set on object 'Object Repository/V2/PR-369/Edit_Meeting_Rocks/Notes_Comments'

2020-09-03 16:06:28 - [MESSAGE][PASSED] - Text 'Sample Notes' is set on object 'Object Repository/V2/PR-369/Edit_Meeting_Rocks/Notes_Comments'

2020-09-03 16:06:28 - [TEST_STEP][PASSED] - sendKeys(findTestObject("V2/PR-369/Edit_Meeting_Rocks/Add_Milestone_Button"), Keys.chord(PAGE_DOWN)): Keys 'PAGE_DOWN + ' sent to object: 'Object Repository/V2/PR-369/Edit_Meeting_Rocks/Add_Milestone_Button'

2020-09-03 16:06:28 - [MESSAGE][PASSED] - Keys 'PAGE_DOWN + ' sent to object: 'Object Repository/V2/PR-369/Edit_Meeting_Rocks/Add_Milestone_Button'

2020-09-03 16:06:28 - [TEST_STEP][PASSED] - click(findTestObject("V2/PR-369/Edit_Meeting_Rocks/Add_Milestone_Button")): Object: 'Object Repository/V2/PR-369/Edit_Meeting_Rocks/Add_Milestone_Button' is clicked on

2020-09-03 16:06:28 - [MESSAGE][PASSED] - Object: 'Object Repository/V2/PR-369/Edit_Meeting_Rocks/Add_Milestone_Button' is clicked on

2020-09-03 16:06:28 - [TEST_STEP][PASSED] - setText(findTestObject("V2/PR-369/Edit_Meeting_Rocks/Milestone_Text_Field"), milestoneName): Text 'Milestone 1' is set on object 'Object Repository/V2/PR-369/Edit_Meeting_Rocks/Milestone_Text_Field'

2020-09-03 16:06:28 - [MESSAGE][PASSED] - Text 'Milestone 1' is set on object 'Object Repository/V2/PR-369/Edit_Meeting_Rocks/Milestone_Text_Field'

2020-09-03 16:06:28 - [TEST_STEP][PASSED] - click(findTestObject("V2/PR-369/Edit_Meeting_Rocks/Milestone_date")): Object: 'Object Repository/V2/PR-369/Edit_Meeting_Rocks/Milestone_date' is clicked on

2020-09-03 16:06:28 - [MESSAGE][PASSED] - Object: 'Object Repository/V2/PR-369/Edit_Meeting_Rocks/Milestone_date' is clicked on

2020-09-03 16:06:28 - [TEST_STEP][PASSED] - waitForElementVisible(findTestObject("V2/PR-369/Edit_Meeting_Scorecard/A_Date29"), DefaultTimeout): Object 'Object Repository/V2/PR-369/Edit_Meeting_Scorecard/A_Date29' is visible

2020-09-03 16:06:28 - [MESSAGE][PASSED] - Object 'Object Repository/V2/PR-369/Edit_Meeting_Scorecard/A_Date29' is visible

2020-09-03 16:06:28 - [TEST_STEP][PASSED] - click(findTestObject("V2/PR-369/Edit_Meeting_Scorecard/A_Date29")): Object: 'Object Repository/V2/PR-369/Edit_Meeting_Scorecard/A_Date29' is clicked on

2020-09-03 16:06:28 - [MESSAGE][PASSED] - Object: 'Object Repository/V2/PR-369/Edit_Meeting_Scorecard/A_Date29' is clicked on

2020-09-03 16:06:28 - [TEST_STEP][PASSED] - click(findTestObject("V2/PR-369/Edit_Meeting_Rocks/Save_Button")): Object: 'Object Repository/V2/PR-369/Edit_Meeting_Rocks/Save_Button' is clicked on

2020-09-03 16:06:28 - [MESSAGE][PASSED] - Object: 'Object Repository/V2/PR-369/Edit_Meeting_Rocks/Save_Button' is clicked on

2020-09-03 16:06:28 - [TEST_STEP][PASSED] - delay(10): Delayed 10 second(s)

2020-09-03 16:06:38 - [MESSAGE][PASSED] - Delayed 10 second(s)

2020-09-03 16:06:38 - [TEST_STEP][PASSED] - verifyRocks = tt_CustomKeywords.CustomKeywords.CreateDynamicElement(verifyRocks_Obj, rockName, "xpath"): Successfully created new dynamic object: //h2[text()='Rocks']/ancestor::div[contains(@class,'CardStyles')]/div[2]//div[@data-test-id='rock.title'][contains(@class,'TextBodyStyles-sc') and text()='QA Edit Meeting Automation Rock Test']

2020-09-03 16:06:38 - [MESSAGE][PASSED] - Successfully created new dynamic object: //h2[text()='Rocks']/ancestor::div[contains(@class,'CardStyles')]/div[2]//div[@data-test-id='rock.title'][contains(@class,'TextBodyStyles-sc') and text()='QA Edit Meeting Automation Rock Test']

2020-09-03 16:06:38 - [TEST_STEP][PASSED] - verifyElementPresent(verifyRocks, DefaultTimeout): Object '' is present

2020-09-03 16:06:38 - [MESSAGE][PASSED] - Object '' is present

2020-09-03 16:06:38 - [TEST_STEP][PASSED] - verifyMilestone = tt_CustomKeywords.CustomKeywords.CreateDynamicElement(verifyMilestone_Obj, milestoneName, "xpath"): Successfully created new dynamic object: //h2[text()='Rocks']/ancestor::div[contains(@class,'CardStyles')]/div[2]//div[contains(@class,'milestoneListItem__name')]/span[text()='Milestone 1']

2020-09-03 16:06:38 - [MESSAGE][PASSED] - Successfully created new dynamic object: //h2[text()='Rocks']/ancestor::div[contains(@class,'CardStyles')]/div[2]//div[contains(@class,'milestoneListItem__name')]/span[text()='Milestone 1']

2020-09-03 16:06:38 - [TEST_STEP][PASSED] - verifyElementPresent(verifyMilestone, DefaultTimeout): Object '' is present

2020-09-03 16:06:38 - [MESSAGE][PASSED] - Object '' is present

2020-09-03 16:06:38 - [TEST_STEP][NOT_RUN] - click(verifyRocks): NOT_RUN: click(verifyRocks)

2020-09-03 16:06:38 - [MESSAGE][NOT_RUN] - NOT_RUN: click(verifyRocks)

2020-09-03 16:06:38 - [TEST_STEP][NOT_RUN] - delay(10): NOT_RUN: delay(10)

2020-09-03 16:06:38 - [MESSAGE][NOT_RUN] - NOT_RUN: delay(10)

2020-09-03 16:06:38 - [TEST_STEP][NOT_RUN] - click(findTestObject("V2/PR-369/UpdateEditMeetingRocks/Edit_Rock_Name")): NOT_RUN: click(findTestObject("V2/PR-369/UpdateEditMeetingRocks/Edit_Rock_Name"))

2020-09-03 16:06:38 - [MESSAGE][NOT_RUN] - NOT_RUN: click(findTestObject("V2/PR-369/UpdateEditMeetingRocks/Edit_Rock_Name"))

2020-09-03 16:06:38 - [TEST_STEP][NOT_RUN] - sendKeys(findTestObject("V2/PR-369/UpdateEditMeetingRocks/Edit_Rock_Name"), Keys.chord(LEFT_CONTROL, "a", BACK_SPACE)): NOT_RUN: sendKeys(findTestObject("V2/PR-369/UpdateEditMeetingRocks/Edit_Rock_Name"), Keys.chord(LEFT_CONTROL, "a", BACK_SPACE))

2020-09-03 16:06:38 - [MESSAGE][NOT_RUN] - NOT_RUN: sendKeys(findTestObject("V2/PR-369/UpdateEditMeetingRocks/Edit_Rock_Name"), Keys.chord(LEFT_CONTROL, "a", BACK_SPACE))

2020-09-03 16:06:38 - [TEST_STEP][NOT_RUN] - setText(findTestObject("V2/PR-369/UpdateEditMeetingRocks/Edit_Rock_Name"), editRockName): NOT_RUN: setText(findTestObject("V2/PR-369/UpdateEditMeetingRocks/Edit_Rock_Name"), editRockName)

2020-09-03 16:06:38 - [MESSAGE][NOT_RUN] - NOT_RUN: setText(findTestObject("V2/PR-369/UpdateEditMeetingRocks/Edit_Rock_Name"), editRockName)

2020-09-03 16:06:38 - [TEST_STEP][NOT_RUN] - click(findTestObject("V2/PR-369/UpdateEditMeetingRocks/Edit_Status_Done")): NOT_RUN: click(findTestObject("V2/PR-369/UpdateEditMeetingRocks/Edit_Status_Done"))

2020-09-03 16:06:38 - [MESSAGE][NOT_RUN] - NOT_RUN: click(findTestObject("V2/PR-369/UpdateEditMeetingRocks/Edit_Status_Done"))

2020-09-03 16:06:38 - [TEST_STEP][NOT_RUN] - click(findTestObject("V2/PR-369/UpdateEditMeetingRocks/Edit_Accountable_Owner")): NOT_RUN: click(findTestObject("V2/PR-369/UpdateEditMeetingRocks/Edit_Accountable_Owner"))

2020-09-03 16:06:38 - [MESSAGE][NOT_RUN] - NOT_RUN: click(findTestObject("V2/PR-369/UpdateEditMeetingRocks/Edit_Accountable_Owner"))

2020-09-03 16:06:38 - [TEST_STEP][NOT_RUN] - editOwner = tt_CustomKeywords.CustomKeywords.CreateDynamicElement(editOwner_Obj, editOwner, "xpath"): NOT_RUN: editOwner = tt_CustomKeywords.CustomKeywords.CreateDynamicElement(editOwner_Obj, editOwner, "xpath")

2020-09-03 16:06:38 - [MESSAGE][NOT_RUN] - NOT_RUN: editOwner = tt_CustomKeywords.CustomKeywords.CreateDynamicElement(editOwner_Obj, editOwner, "xpath")

2020-09-03 16:06:38 - [TEST_STEP][NOT_RUN] - click(editOwner): NOT_RUN: click(editOwner)

2020-09-03 16:06:38 - [MESSAGE][NOT_RUN] - NOT_RUN: click(editOwner)

2020-09-03 16:06:38 - [TEST_STEP][NOT_RUN] - click(findTestObject("V2/PR-369/UpdateEditMeetingRocks/Edit_Visibility_Level")): NOT_RUN: click(findTestObject("V2/PR-369/UpdateEditMeetingRocks/Edit_Visibility_Level"))

2020-09-03 16:06:38 - [MESSAGE][NOT_RUN] - NOT_RUN: click(findTestObject("V2/PR-369/UpdateEditMeetingRocks/Edit_Visibility_Level"))

2020-09-03 16:06:38 - [TEST_STEP][NOT_RUN] - click(findTestObject("V2/PR-369/UpdateEditMeetingRocks/Edit_Visibility_Level_Department")): NOT_RUN: click(findTestObject("V2/PR-369/UpdateEditMeetingRocks/Edit_Visibility_Level_Department"))

2020-09-03 16:06:38 - [MESSAGE][NOT_RUN] - NOT_RUN: click(findTestObject("V2/PR-369/UpdateEditMeetingRocks/Edit_Visibility_Level_Department"))

2020-09-03 16:06:38 - [TEST_STEP][NOT_RUN] - sendKeys(findTestObject("V2/PR-369/UpdateEditMeetingRocks/Edit_Milestone"), Keys.chord(LEFT_CONTROL, "a", BACK_SPACE)): NOT_RUN: sendKeys(findTestObject("V2/PR-369/UpdateEditMeetingRocks/Edit_Milestone"), Keys.chord(LEFT_CONTROL, "a", BACK_SPACE))

2020-09-03 16:06:38 - [MESSAGE][NOT_RUN] - NOT_RUN: sendKeys(findTestObject("V2/PR-369/UpdateEditMeetingRocks/Edit_Milestone"), Keys.chord(LEFT_CONTROL, "a", BACK_SPACE))

2020-09-03 16:06:38 - [TEST_STEP][NOT_RUN] - setText(findTestObject("V2/PR-369/UpdateEditMeetingRocks/Edit_Milestone"), editMilestoneName): NOT_RUN: setText(findTestObject("V2/PR-369/UpdateEditMeetingRocks/Edit_Milestone"), editMilestoneName)

2020-09-03 16:06:38 - [MESSAGE][NOT_RUN] - NOT_RUN: setText(findTestObject("V2/PR-369/UpdateEditMeetingRocks/Edit_Milestone"), editMilestoneName)

2020-09-03 16:06:38 - [TEST_STEP][NOT_RUN] - click(findTestObject("V2/PR-369/UpdateEditMeetingRocks/Done_CheckBox")): NOT_RUN: click(findTestObject("V2/PR-369/UpdateEditMeetingRocks/Done_CheckBox"))

2020-09-03 16:06:38 - [MESSAGE][NOT_RUN] - NOT_RUN: click(findTestObject("V2/PR-369/UpdateEditMeetingRocks/Done_CheckBox"))

2020-09-03 16:06:38 - [TEST_STEP][NOT_RUN] - click(findTestObject("V2/PR-369/UpdateEditMeetingRocks/Update_Button")): NOT_RUN: click(findTestObject("V2/PR-369/UpdateEditMeetingRocks/Update_Button"))

2020-09-03 16:06:38 - [MESSAGE][NOT_RUN] - NOT_RUN: click(findTestObject("V2/PR-369/UpdateEditMeetingRocks/Update_Button"))

2020-09-03 16:06:38 - [TEST_STEP][NOT_RUN] - delay(10): NOT_RUN: delay(10)

2020-09-03 16:06:38 - [MESSAGE][NOT_RUN] - NOT_RUN: delay(10)

2020-09-03 16:06:38 - [TEST_STEP][NOT_RUN] - editverifyRocks = tt_CustomKeywords.CustomKeywords.CreateDynamicElement(verifyRocks_Obj, editRockName, "xpath"): NOT_RUN: editverifyRocks = tt_CustomKeywords.CustomKeywords.CreateDynamicElement(verifyRocks_Obj, editRockName, "xpath")

2020-09-03 16:06:38 - [MESSAGE][NOT_RUN] - NOT_RUN: editverifyRocks = tt_CustomKeywords.CustomKeywords.CreateDynamicElement(verifyRocks_Obj, editRockName, "xpath")

2020-09-03 16:06:38 - [TEST_STEP][NOT_RUN] - verifyElementPresent(editverifyRocks, DefaultTimeout): NOT_RUN: verifyElementPresent(editverifyRocks, DefaultTimeout)

2020-09-03 16:06:38 - [MESSAGE][NOT_RUN] - NOT_RUN: verifyElementPresent(editverifyRocks, DefaultTimeout)

2020-09-03 16:06:38 - [TEST_STEP][NOT_RUN] - editverifyMilestone = tt_CustomKeywords.CustomKeywords.CreateDynamicElement(verifyMilestone_Obj, editMilestoneName, "xpath"): NOT_RUN: editverifyMilestone = tt_CustomKeywords.CustomKeywords.CreateDynamicElement(verifyMilestone_Obj, editMilestoneName, "xpath")

2020-09-03 16:06:38 - [MESSAGE][NOT_RUN] - NOT_RUN: editverifyMilestone = tt_CustomKeywords.CustomKeywords.CreateDynamicElement(verifyMilestone_Obj, editMilestoneName, "xpath")

2020-09-03 16:06:38 - [TEST_STEP][NOT_RUN] - verifyElementPresent(editverifyMilestone, DefaultTimeout): NOT_RUN: verifyElementPresent(editverifyMilestone, DefaultTimeout)

2020-09-03 16:06:38 - [MESSAGE][NOT_RUN] - NOT_RUN: verifyElementPresent(editverifyMilestone, DefaultTimeout)

2020-09-03 16:06:38 - [MESSAGE][PASSED] - Call Test Case 'Test Cases/V2/Test Case/Tests/PR-369 - EditMeetingAgenda/Test Cases/Positive/Employee/PR_369_7_EditMeetingCreateRock_Employee' successfully

2020-09-03 16:06:38 - [TEST_STEP][PASSED] - tt_CustomKeywords.CustomKeywords.CloseWebDriver(driver3): tt_CustomKeywords.CustomKeywords.CloseWebDriver is PASSED

2020-09-03 16:06:43 - [MESSAGE][PASSED] - tt_CustomKeywords.CustomKeywords.CloseWebDriver is PASSED

2020-09-03 16:06:43 - [TEST_STEP][PASSED] - tt_CustomKeywords.CustomKeywords.CloseWebDriver(driver2): tt_CustomKeywords.CustomKeywords.CloseWebDriver is PASSED

2020-09-03 16:06:48 - [MESSAGE][PASSED] - tt_CustomKeywords.CustomKeywords.CloseWebDriver is PASSED

2020-09-03 16:06:48 - [TEST_STEP][PASSED] - tt_CustomKeywords.CustomKeywords.CloseWebDriver(driver1): tt_CustomKeywords.CustomKeywords.CloseWebDriver is PASSED

2020-09-03 16:06:53 - [MESSAGE][PASSED] - tt_CustomKeywords.CustomKeywords.CloseWebDriver is PASSED]]></system-out>
         <system-err><![CDATA[]]></system-err>
      </testcase>
      <testcase name="Test Cases/V2/Test Case/Tests/PR-369 - EditMeetingAgenda/Test Cases/Positive/TT_369_2_CreateRock_AllTestCase" time="396.948" classname="Test Cases/V2/Test Case/Tests/PR-369 - EditMeetingAgenda/Test Cases/Positive/TT_369_2_CreateRock_AllTestCase" status="PASSED">
         <system-out><![CDATA[2020-09-03 16:06:53 - [TEST_CASE][PASSED] - Test Cases/V2/Test Case/Tests/PR-369 - EditMeetingAgenda/Test Cases/Positive/TT_369_2_CreateRock_AllTestCase: Test Cases/V2/Test Case/Tests/PR-369 - EditMeetingAgenda/Test Cases/Positive/TT_369_2_CreateRock_AllTestCase

2020-09-03 16:06:53 - [TEST_STEP][PASSED] - callTestCase(findTestCase("V2/Test Case/Pre-conditions/PRE_RegisterAndActivateTTUsers"), ["admin_fname":admin_fname, "lastname":lastname, "phonenumber":"9999999999", "company":"Traction Tools", "password":password, ... ], STOP_ON_FAILURE): Call Test Case 'Test Cases/V2/Test Case/Pre-conditions/PRE_RegisterAndActivateTTUsers' successfully

2020-09-03 16:06:53 - [TEST_CASE][PASSED] - Test Cases/V2/Test Case/Pre-conditions/PRE_RegisterAndActivateTTUsers: Test Cases/V2/Test Case/Pre-conditions/PRE_RegisterAndActivateTTUsers

2020-09-03 16:06:53 - [TEST_STEP][PASSED] - email = tt_CustomKeywords.CustomKeywords.GenerateRandomEmailAddress(admin_email_prefix, admin_email_domain, randomTextLength): Successfully generated a random email: tractiontools.user001+ta57xazu@gmail.com

2020-09-03 16:06:53 - [MESSAGE][PASSED] - Successfully generated a random email: tractiontools.user001+ta57xazu@gmail.com

2020-09-03 16:06:53 - [TEST_STEP][PASSED] - supervisor_email = tt_CustomKeywords.CustomKeywords.GenerateRandomEmailAddress(supervisor_email_prefix, supervisor_email_domain, randomTextLength): Successfully generated a random email: tractiontools.user001+ts5haf14@gmail.com

2020-09-03 16:06:53 - [MESSAGE][PASSED] - Successfully generated a random email: tractiontools.user001+ts5haf14@gmail.com

2020-09-03 16:06:53 - [TEST_STEP][PASSED] - employee_email = tt_CustomKeywords.CustomKeywords.GenerateRandomEmailAddress(employee_email_prefix, employee_email_domain, randomTextLength): Successfully generated a random email: tractiontools.user001+te5sns7m@gmail.com

2020-09-03 16:06:53 - [MESSAGE][PASSED] - Successfully generated a random email: tractiontools.user001+te5sns7m@gmail.com

2020-09-03 16:06:53 - [TEST_STEP][PASSED] - adminDetails = tt_CustomKeywords.CustomKeywords.RegisterUserViaAPIAndGenerateActivateURL(email, admin_fname, lastname, phonenumber, company, "__JSON__{\"howDidYouHearAboutUs\":\"Facebook\",\"implementer\":\"\",\"existingTractionToolsClient\":\"\",\"other\":\"\"}", "__JSON__{\"timeZone\":\"America/Guatemala\",\"brandColor\":\"#023047\",\"q1Start\":null,\"q1End\":null,\"q2Start\":null,\"q2End\":null,\"q3Start\":null,\"q3End\":null,\"q4Start\":null,\"q4End\":null,\"quarterDatesSetsRocks\":false,\"exportUsers\":false,\"exportRocks\":false,\"exportRocksIncludesMilestones\":false,\"exportScorecards\":false,\"exportTodos\":false,\"exportTodosIncludesNotes\":false,\"exportPeopleHeadlines\":false,\"exportPeopleHeadlinesIncludesNotes\":false,\"exportIssues\":false,\"exportIssuesIncludesNotes\":false,\"exportContextAwareTodos\":false,\"dateFormat\":\"MM/DD/YYYY\",\"timeFormat\":\"h:mma\",\"numberFormat\":\"-1,000.99\",\"supervisorsArchiveRestoreUsers\":false,\"supervisorsEditPositions\":false,\"milestonesAvailableToAll\":false,\"customMeetingTemplatesEnabled\":false,\"receiveTodoReminders\":false,\"todoReminderTime\":\"13:00\",\"todoReminderTimeZone\":\"America/Guatemala\",\"todoReminderFrequency\":\"DAILY\",\"vtoMeetingId\":\"\",\"vtoDisplayMode\":\"ALL\",\"coreValues\":[{\"id\":\"1\",\"text\":\"\"},{\"id\":\"2\",\"text\":\"\"},{\"id\":\"3\",\"text\":\"\"}]}", password, V2Url): SUCCESFFULLY registered a new user via API. 
 Generated Activation Link: 
https://v2dev.traction.tools/activate?activationKey=a8815701-396d-4739-a089-a3ab95a65ef3&userId=726693d8-b62d-4614-9ccc-27016b368ee4&orgId=60b5f6c3-276d-4b17-9afd-05b69b287dd2&email=tractiontools.user001+ta57xazu@gmail.com&teamsId=32193e5b-1beb-4960-a4d6-1537dee027ca&meetingsId=91ae1828-4fc4-43e9-9927-a2bda0300a91&adminsId=7539ab5b-8dda-45cc-9ee3-ad4beb4fceae&usersId=817f9be6-8dbc-4c28-997e-bea85c9232eb&supervisorsId=7314532a-962d-44a0-bbf2-955de65f37de&accountabilityChartId=cca6d061-cfa4-4d01-b3fd-87f23dab2163&isCreator=1

2020-09-03 16:07:12 - [MESSAGE][PASSED] - SUCCESFFULLY registered a new user via API. 
 Generated Activation Link: 
https://v2dev.traction.tools/activate?activationKey=a8815701-396d-4739-a089-a3ab95a65ef3&userId=726693d8-b62d-4614-9ccc-27016b368ee4&orgId=60b5f6c3-276d-4b17-9afd-05b69b287dd2&email=tractiontools.user001+ta57xazu@gmail.com&teamsId=32193e5b-1beb-4960-a4d6-1537dee027ca&meetingsId=91ae1828-4fc4-43e9-9927-a2bda0300a91&adminsId=7539ab5b-8dda-45cc-9ee3-ad4beb4fceae&usersId=817f9be6-8dbc-4c28-997e-bea85c9232eb&supervisorsId=7314532a-962d-44a0-bbf2-955de65f37de&accountabilityChartId=cca6d061-cfa4-4d01-b3fd-87f23dab2163&isCreator=1

2020-09-03 16:07:12 - [TEST_STEP][PASSED] - activationURL = adminDetails[0]: null

2020-09-03 16:07:12 - [TEST_STEP][PASSED] - orgID = adminDetails[1]: null

2020-09-03 16:07:12 - [TEST_STEP][PASSED] - out.println("URL: " + activationURL): null

2020-09-03 16:07:12 - [TEST_STEP][PASSED] - out.println("orgID: " + orgID): null

2020-09-03 16:07:12 - [TEST_STEP][PASSED] - supervisorUser_name = supervisor_fname + " " + lastname: null

2020-09-03 16:07:12 - [TEST_STEP][PASSED] - openBrowser(""): Browser is opened with url: ''

2020-09-03 16:07:12 - [MESSAGE][INFO] - Starting 'Chrome' driver

2020-09-03 16:07:12 - [MESSAGE][INFO] - Action delay is set to 0 milliseconds

2020-09-03 16:07:16 - [MESSAGE][PASSED] - Browser is opened with url: ''

2020-09-03 16:07:16 - [TEST_STEP][PASSED] - maximizeWindow(): Current window maximized

2020-09-03 16:07:18 - [MESSAGE][PASSED] - Current window maximized

2020-09-03 16:07:18 - [TEST_STEP][PASSED] - callTestCase(findTestCase("V2/Test Case/Pre-conditions/PRE_ActivateNewUser"), ["activationURL":activationURL, "email":email, "password":password], STOP_ON_FAILURE): Call Test Case 'Test Cases/V2/Test Case/Pre-conditions/PRE_ActivateNewUser' successfully

2020-09-03 16:07:18 - [TEST_CASE][PASSED] - Test Cases/V2/Test Case/Pre-conditions/PRE_ActivateNewUser: Test Cases/V2/Test Case/Pre-conditions/PRE_ActivateNewUser

2020-09-03 16:07:18 - [TEST_STEP][PASSED] - navigateToUrl(activationURL): Navigate to 'https://v2dev.traction.tools/activate?activationKey=a8815701-396d-4739-a089-a3ab95a65ef3&userId=726693d8-b62d-4614-9ccc-27016b368ee4&orgId=60b5f6c3-276d-4b17-9afd-05b69b287dd2&email=tractiontools.user001+ta57xazu@gmail.com&teamsId=32193e5b-1beb-4960-a4d6-1537dee027ca&meetingsId=91ae1828-4fc4-43e9-9927-a2bda0300a91&adminsId=7539ab5b-8dda-45cc-9ee3-ad4beb4fceae&usersId=817f9be6-8dbc-4c28-997e-bea85c9232eb&supervisorsId=7314532a-962d-44a0-bbf2-955de65f37de&accountabilityChartId=cca6d061-cfa4-4d01-b3fd-87f23dab2163&isCreator=1' successfully

2020-09-03 16:07:19 - [MESSAGE][PASSED] - Navigate to 'https://v2dev.traction.tools/activate?activationKey=a8815701-396d-4739-a089-a3ab95a65ef3&userId=726693d8-b62d-4614-9ccc-27016b368ee4&orgId=60b5f6c3-276d-4b17-9afd-05b69b287dd2&email=tractiontools.user001+ta57xazu@gmail.com&teamsId=32193e5b-1beb-4960-a4d6-1537dee027ca&meetingsId=91ae1828-4fc4-43e9-9927-a2bda0300a91&adminsId=7539ab5b-8dda-45cc-9ee3-ad4beb4fceae&usersId=817f9be6-8dbc-4c28-997e-bea85c9232eb&supervisorsId=7314532a-962d-44a0-bbf2-955de65f37de&accountabilityChartId=cca6d061-cfa4-4d01-b3fd-87f23dab2163&isCreator=1' successfully

2020-09-03 16:07:19 - [TEST_STEP][PASSED] - waitForElementVisible(findTestObject("V2/Commons/ActivationPage/input_Email_email"), DefaultTimeout): Object 'Object Repository/V2/Commons/ActivationPage/input_Email_email' is visible

2020-09-03 16:07:27 - [MESSAGE][PASSED] - Object 'Object Repository/V2/Commons/ActivationPage/input_Email_email' is visible

2020-09-03 16:07:27 - [TEST_STEP][PASSED] - actual_email = getAttribute(findTestObject("Object Repository/V2/Commons/ActivationPage/input_Email_email"), "value"): Attribute 'value' of object 'Object Repository/V2/Commons/ActivationPage/input_Email_email' is: 'tractiontools.user001+ta57xazu@gmail.com'

2020-09-03 16:07:27 - [MESSAGE][PASSED] - Attribute 'value' of object 'Object Repository/V2/Commons/ActivationPage/input_Email_email' is: 'tractiontools.user001+ta57xazu@gmail.com'

2020-09-03 16:07:27 - [TEST_STEP][PASSED] - verifyMatch(actual_email, email, false): Actual text 'tractiontools.user001+ta57xazu@gmail.com' and expected text 'tractiontools.user001+ta57xazu@gmail.com' are matched 

2020-09-03 16:07:27 - [MESSAGE][PASSED] - Actual text 'tractiontools.user001+ta57xazu@gmail.com' and expected text 'tractiontools.user001+ta57xazu@gmail.com' are matched 

2020-09-03 16:07:27 - [TEST_STEP][PASSED] - setText(findTestObject("V2/Commons/ActivationPage/input_password"), password): Text 'Qwer123!' is set on object 'Object Repository/V2/Commons/ActivationPage/input_password'

2020-09-03 16:07:28 - [MESSAGE][PASSED] - Text 'Qwer123!' is set on object 'Object Repository/V2/Commons/ActivationPage/input_password'

2020-09-03 16:07:28 - [TEST_STEP][PASSED] - setText(findTestObject("Object Repository/V2/Commons/ActivationPage/input__passwordRepeat"), password): Text 'Qwer123!' is set on object 'Object Repository/V2/Commons/ActivationPage/input__passwordRepeat'

2020-09-03 16:07:28 - [MESSAGE][PASSED] - Text 'Qwer123!' is set on object 'Object Repository/V2/Commons/ActivationPage/input__passwordRepeat'

2020-09-03 16:07:28 - [TEST_STEP][PASSED] - click(findTestObject("V2/Commons/ActivationPage/input_termsandconditions")): Object: 'Object Repository/V2/Commons/ActivationPage/input_termsandconditions' is clicked on

2020-09-03 16:07:29 - [MESSAGE][PASSED] - Object: 'Object Repository/V2/Commons/ActivationPage/input_termsandconditions' is clicked on

2020-09-03 16:07:29 - [TEST_STEP][PASSED] - click(findTestObject("Object Repository/V2/Commons/ActivationPage/div_Create account")): Object: 'Object Repository/V2/Commons/ActivationPage/div_Create account' is clicked on

2020-09-03 16:07:29 - [MESSAGE][PASSED] - Object: 'Object Repository/V2/Commons/ActivationPage/div_Create account' is clicked on

2020-09-03 16:07:29 - [TEST_STEP][PASSED] - waitForElementPresent(findTestObject("V2/Commons/DasboardPage_SidebarMenu/img_Home_logo-big"), DefaultTimeout): Object 'Object Repository/V2/Commons/DasboardPage_SidebarMenu/img_Home_logo-big' is present

2020-09-03 16:07:42 - [MESSAGE][PASSED] - Object 'Object Repository/V2/Commons/DasboardPage_SidebarMenu/img_Home_logo-big' is present

2020-09-03 16:07:42 - [TEST_STEP][PASSED] - verifyElementPresent(findTestObject("V2/Commons/DasboardPage_SidebarMenu/img_Home_logo-big"), 0): Object 'Object Repository/V2/Commons/DasboardPage_SidebarMenu/img_Home_logo-big' is present

2020-09-03 16:07:42 - [MESSAGE][WARNING] - Timeout '0' is invalid. Using default page load timeout: '30'

2020-09-03 16:07:42 - [MESSAGE][PASSED] - Object 'Object Repository/V2/Commons/DasboardPage_SidebarMenu/img_Home_logo-big' is present

2020-09-03 16:07:42 - [MESSAGE][PASSED] - Call Test Case 'Test Cases/V2/Test Case/Pre-conditions/PRE_ActivateNewUser' successfully

2020-09-03 16:07:42 - [TEST_STEP][PASSED] - callTestCase(findTestCase("V2/Test Case/Pre-conditions/PRE_SkipCompanyAndPersonalProfileSetup"), [:], STOP_ON_FAILURE): Call Test Case 'Test Cases/V2/Test Case/Pre-conditions/PRE_SkipCompanyAndPersonalProfileSetup' successfully

2020-09-03 16:07:42 - [TEST_CASE][PASSED] - Test Cases/V2/Test Case/Pre-conditions/PRE_SkipCompanyAndPersonalProfileSetup: Test Cases/V2/Test Case/Pre-conditions/PRE_SkipCompanyAndPersonalProfileSetup

2020-09-03 16:07:42 - [TEST_STEP][PASSED] - waitForElementVisible(findTestObject("V2/Commons/FirstUpdateCompanyAndPersonalInfoModal/confirmCompanyInfoHeader_h1"), DefaultTimeout): Object 'Object Repository/V2/Commons/FirstUpdateCompanyAndPersonalInfoModal/confirmCompanyInfoHeader_h1' is visible

2020-09-03 16:07:43 - [MESSAGE][PASSED] - Object 'Object Repository/V2/Commons/FirstUpdateCompanyAndPersonalInfoModal/confirmCompanyInfoHeader_h1' is visible

2020-09-03 16:07:43 - [TEST_STEP][PASSED] - click(findTestObject("V2/Commons/FirstUpdateCompanyAndPersonalInfoModal/confirmInfoSkip_button")): Object: 'Object Repository/V2/Commons/FirstUpdateCompanyAndPersonalInfoModal/confirmInfoSkip_button' is clicked on

2020-09-03 16:07:44 - [MESSAGE][PASSED] - Object: 'Object Repository/V2/Commons/FirstUpdateCompanyAndPersonalInfoModal/confirmInfoSkip_button' is clicked on

2020-09-03 16:07:44 - [TEST_STEP][PASSED] - waitForElementVisible(findTestObject("V2/Commons/FirstUpdateCompanyAndPersonalInfoModal/confirmPersonalInfoHeader_h1"), DefaultTimeout): Object 'Object Repository/V2/Commons/FirstUpdateCompanyAndPersonalInfoModal/confirmPersonalInfoHeader_h1' is visible

2020-09-03 16:07:44 - [MESSAGE][PASSED] - Object 'Object Repository/V2/Commons/FirstUpdateCompanyAndPersonalInfoModal/confirmPersonalInfoHeader_h1' is visible

2020-09-03 16:07:44 - [TEST_STEP][PASSED] - click(findTestObject("V2/Commons/FirstUpdateCompanyAndPersonalInfoModal/confirmInfoSkip_button")): Object: 'Object Repository/V2/Commons/FirstUpdateCompanyAndPersonalInfoModal/confirmInfoSkip_button' is clicked on

2020-09-03 16:07:45 - [MESSAGE][PASSED] - Object: 'Object Repository/V2/Commons/FirstUpdateCompanyAndPersonalInfoModal/confirmInfoSkip_button' is clicked on

2020-09-03 16:07:45 - [TEST_STEP][PASSED] - waitForElementVisible(findTestObject("V2/Commons/FirstUpdateCompanyAndPersonalInfoModal/letsGetStarted_button"), DefaultTimeout): Object 'Object Repository/V2/Commons/FirstUpdateCompanyAndPersonalInfoModal/letsGetStarted_button' is visible

2020-09-03 16:07:46 - [MESSAGE][PASSED] - Object 'Object Repository/V2/Commons/FirstUpdateCompanyAndPersonalInfoModal/letsGetStarted_button' is visible

2020-09-03 16:07:46 - [TEST_STEP][PASSED] - click(findTestObject("V2/Commons/FirstUpdateCompanyAndPersonalInfoModal/letsGetStarted_button")): Object: 'Object Repository/V2/Commons/FirstUpdateCompanyAndPersonalInfoModal/letsGetStarted_button' is clicked on

2020-09-03 16:07:46 - [MESSAGE][PASSED] - Object: 'Object Repository/V2/Commons/FirstUpdateCompanyAndPersonalInfoModal/letsGetStarted_button' is clicked on

2020-09-03 16:07:46 - [MESSAGE][PASSED] - Call Test Case 'Test Cases/V2/Test Case/Pre-conditions/PRE_SkipCompanyAndPersonalProfileSetup' successfully

2020-09-03 16:07:46 - [TEST_STEP][PASSED] - supervisor_activationURL = tt_CustomKeywords.CustomKeywords.RegisterAndActivateSupervisorUserViaAPI(V2Url, orgID, supervisor_email, password, email, password, supervisor_fname, lastname): SUCCESFFULLY registered a new user via API. 
 Generated Activation Link: 
https://v2dev.traction.tools/activate?activationKey=8cf996be-f910-4dfa-81c6-ae839fbdc031&userId=a1a0ef81-4665-4c11-b4af-daa9e704137d&orgId=60b5f6c3-276d-4b17-9afd-05b69b287dd2&email=tractiontools.user001+ts5haf14@gmail.com&isCreator=0

2020-09-03 16:07:52 - [MESSAGE][PASSED] - SUCCESFFULLY registered a new user via API. 
 Generated Activation Link: 
https://v2dev.traction.tools/activate?activationKey=8cf996be-f910-4dfa-81c6-ae839fbdc031&userId=a1a0ef81-4665-4c11-b4af-daa9e704137d&orgId=60b5f6c3-276d-4b17-9afd-05b69b287dd2&email=tractiontools.user001+ts5haf14@gmail.com&isCreator=0

2020-09-03 16:07:52 - [TEST_STEP][PASSED] - callTestCase(findTestCase("V2/Test Case/Pre-conditions/PRE_ChangeUserPermissionViaManageUser"), ["showMenuItemsPath":"//div[@class='usercard__detail_container']/div[text()='%s']/ancestor::div[contains(@class,'usercard__content')]//button[@aria-label='Show Menu Items']", "user_email":supervisor_email, ... ], STOP_ON_FAILURE): Call Test Case 'Test Cases/V2/Test Case/Pre-conditions/PRE_ChangeUserPermissionViaManageUser' successfully

2020-09-03 16:07:52 - [TEST_CASE][PASSED] - Test Cases/V2/Test Case/Pre-conditions/PRE_ChangeUserPermissionViaManageUser: Test Cases/V2/Test Case/Pre-conditions/PRE_ChangeUserPermissionViaManageUser

2020-09-03 16:07:52 - [TEST_STEP][PASSED] - click(findTestObject("Object Repository/V2/Commons/ManageUsersPage/span_Company Settings")): Object: 'Object Repository/V2/Commons/ManageUsersPage/span_Company Settings' is clicked on

2020-09-03 16:07:52 - [MESSAGE][PASSED] - Object: 'Object Repository/V2/Commons/ManageUsersPage/span_Company Settings' is clicked on

2020-09-03 16:07:52 - [TEST_STEP][PASSED] - click(findTestObject("V2/Commons/DasboardPage_SidebarMenu/a_Manage Users")): Object: 'Object Repository/V2/Commons/DasboardPage_SidebarMenu/a_Manage Users' is clicked on

2020-09-03 16:07:53 - [MESSAGE][PASSED] - Object: 'Object Repository/V2/Commons/DasboardPage_SidebarMenu/a_Manage Users' is clicked on

2020-09-03 16:07:53 - [TEST_STEP][PASSED] - showMenuItemsObj = tt_CustomKeywords.CustomKeywords.CreateDynamicElement(showMenuItemsPath, user_email, "xpath"): Successfully created new dynamic object: //div[@class='usercard__detail_container']/div[text()='tractiontools.user001+ts5haf14@gmail.com']/ancestor::div[contains(@class,'usercard__content')]//button[@aria-label='Show Menu Items']

2020-09-03 16:07:53 - [MESSAGE][PASSED] - Successfully created new dynamic object: //div[@class='usercard__detail_container']/div[text()='tractiontools.user001+ts5haf14@gmail.com']/ancestor::div[contains(@class,'usercard__content')]//button[@aria-label='Show Menu Items']

2020-09-03 16:07:53 - [TEST_STEP][PASSED] - click(showMenuItemsObj): Object: '' is clicked on

2020-09-03 16:07:54 - [MESSAGE][PASSED] - Object: '' is clicked on

2020-09-03 16:07:54 - [TEST_STEP][PASSED] - click(findTestObject("Object Repository/V2/Commons/ManageUsersPage/div_Edit user")): Object: 'Object Repository/V2/Commons/ManageUsersPage/div_Edit user' is clicked on

2020-09-03 16:07:55 - [MESSAGE][PASSED] - Object: 'Object Repository/V2/Commons/ManageUsersPage/div_Edit user' is clicked on

2020-09-03 16:07:55 - [TEST_STEP][PASSED] - verifyElementPresent(findTestObject("V2/Commons/ManageUsersPage/div_PositionTitle"), DefaultTimeout): Object 'Object Repository/V2/Commons/ManageUsersPage/div_PositionTitle' is present

2020-09-03 16:07:55 - [MESSAGE][PASSED] - Object 'Object Repository/V2/Commons/ManageUsersPage/div_PositionTitle' is present

2020-09-03 16:07:55 - [TEST_STEP][PASSED] - setText(findTestObject("V2/Commons/ManageUsersPage/position_title_input"), position_title): Text 'QA Manager' is set on object 'Object Repository/V2/Commons/ManageUsersPage/position_title_input'

2020-09-03 16:07:56 - [MESSAGE][PASSED] - Text 'QA Manager' is set on object 'Object Repository/V2/Commons/ManageUsersPage/position_title_input'

2020-09-03 16:07:56 - [TEST_STEP][PASSED] - sendKeys(findTestObject("V2/Commons/ManageUsersPage/position_title_input"), Keys.chord(ENTER)): Keys 'ENTER + ' sent to object: 'Object Repository/V2/Commons/ManageUsersPage/position_title_input'

2020-09-03 16:07:56 - [MESSAGE][PASSED] - Keys 'ENTER + ' sent to object: 'Object Repository/V2/Commons/ManageUsersPage/position_title_input'

2020-09-03 16:07:56 - [TEST_STEP][PASSED] - if (permissionValue == "Employee"): null

2020-09-03 16:07:56 - [TEST_STEP][PASSED] - verifyElementPresent(findTestObject("Object Repository/V2/Commons/ManageUsersPage/div_User type"), DefaultTimeout): Object 'Object Repository/V2/Commons/ManageUsersPage/div_User type' is present

2020-09-03 16:07:57 - [MESSAGE][PASSED] - Object 'Object Repository/V2/Commons/ManageUsersPage/div_User type' is present

2020-09-03 16:07:57 - [TEST_STEP][PASSED] - click(findTestObject("Object Repository/V2/Commons/ManageUsersPage/input__orgRole")): Object: 'Object Repository/V2/Commons/ManageUsersPage/input__orgRole' is clicked on

2020-09-03 16:07:57 - [MESSAGE][PASSED] - Object: 'Object Repository/V2/Commons/ManageUsersPage/input__orgRole' is clicked on

2020-09-03 16:07:57 - [TEST_STEP][PASSED] - roleOptionObj = tt_CustomKeywords.CustomKeywords.CreateDynamicElement(roleOption, permissionValue, "xpath"): Successfully created new dynamic object: //span[text()='Supervisor']/parent::div[@role='option']

2020-09-03 16:07:57 - [MESSAGE][PASSED] - Successfully created new dynamic object: //span[text()='Supervisor']/parent::div[@role='option']

2020-09-03 16:07:57 - [TEST_STEP][PASSED] - click(roleOptionObj): Object: '' is clicked on

2020-09-03 16:07:57 - [MESSAGE][PASSED] - Object: '' is clicked on

2020-09-03 16:07:57 - [TEST_STEP][PASSED] - click(findTestObject("Object Repository/V2/Commons/ManageUsersPage/div_Save")): Object: 'Object Repository/V2/Commons/ManageUsersPage/div_Save' is clicked on

2020-09-03 16:07:58 - [MESSAGE][PASSED] - Object: 'Object Repository/V2/Commons/ManageUsersPage/div_Save' is clicked on

2020-09-03 16:07:58 - [TEST_STEP][PASSED] - waitForElementVisible(findTestObject("V2/Commons/ManageUsersPage/h3_User Saved"), DefaultTimeout): Object 'Object Repository/V2/Commons/ManageUsersPage/h3_User Saved' is visible

2020-09-03 16:08:08 - [MESSAGE][PASSED] - Object 'Object Repository/V2/Commons/ManageUsersPage/h3_User Saved' is visible

2020-09-03 16:08:08 - [TEST_STEP][PASSED] - verifyElementVisible(findTestObject("Object Repository/V2/Commons/ManageUsersPage/h3_User Saved")): Object 'Object Repository/V2/Commons/ManageUsersPage/h3_User Saved' is visible

2020-09-03 16:08:08 - [MESSAGE][PASSED] - Object 'Object Repository/V2/Commons/ManageUsersPage/h3_User Saved' is visible

2020-09-03 16:08:08 - [MESSAGE][PASSED] - Call Test Case 'Test Cases/V2/Test Case/Pre-conditions/PRE_ChangeUserPermissionViaManageUser' successfully

2020-09-03 16:08:08 - [TEST_STEP][PASSED] - employee_activationURL = tt_CustomKeywords.CustomKeywords.RegisterAndActivateSupervisorUserViaAPI(V2Url, orgID, employee_email, password, email, password, employee_fname, lastname): SUCCESFFULLY registered a new user via API. 
 Generated Activation Link: 
https://v2dev.traction.tools/activate?activationKey=2c108b50-cebf-4bf5-b475-687c33c57451&userId=696d3045-365a-47a7-8325-bf1511d99ed5&orgId=60b5f6c3-276d-4b17-9afd-05b69b287dd2&email=tractiontools.user001+te5sns7m@gmail.com&isCreator=0

2020-09-03 16:08:14 - [MESSAGE][PASSED] - SUCCESFFULLY registered a new user via API. 
 Generated Activation Link: 
https://v2dev.traction.tools/activate?activationKey=2c108b50-cebf-4bf5-b475-687c33c57451&userId=696d3045-365a-47a7-8325-bf1511d99ed5&orgId=60b5f6c3-276d-4b17-9afd-05b69b287dd2&email=tractiontools.user001+te5sns7m@gmail.com&isCreator=0

2020-09-03 16:08:14 - [TEST_STEP][PASSED] - callTestCase(findTestCase("V2/Test Case/Pre-conditions/PRE_ChangeUserPermissionViaManageUser"), ["showMenuItemsPath":"//div[@class='usercard__detail_container']/div[text()='%s']/ancestor::div[contains(@class,'usercard__content')]//button[@aria-label='Show Menu Items']", "user_email":employee_email, ... ], STOP_ON_FAILURE): Call Test Case 'Test Cases/V2/Test Case/Pre-conditions/PRE_ChangeUserPermissionViaManageUser' successfully

2020-09-03 16:08:15 - [TEST_CASE][PASSED] - Test Cases/V2/Test Case/Pre-conditions/PRE_ChangeUserPermissionViaManageUser: Test Cases/V2/Test Case/Pre-conditions/PRE_ChangeUserPermissionViaManageUser

2020-09-03 16:08:15 - [TEST_STEP][PASSED] - click(findTestObject("Object Repository/V2/Commons/ManageUsersPage/span_Company Settings")): Object: 'Object Repository/V2/Commons/ManageUsersPage/span_Company Settings' is clicked on

2020-09-03 16:08:15 - [MESSAGE][PASSED] - Object: 'Object Repository/V2/Commons/ManageUsersPage/span_Company Settings' is clicked on

2020-09-03 16:08:15 - [TEST_STEP][PASSED] - click(findTestObject("V2/Commons/DasboardPage_SidebarMenu/a_Manage Users")): Object: 'Object Repository/V2/Commons/DasboardPage_SidebarMenu/a_Manage Users' is clicked on

2020-09-03 16:08:16 - [MESSAGE][PASSED] - Object: 'Object Repository/V2/Commons/DasboardPage_SidebarMenu/a_Manage Users' is clicked on

2020-09-03 16:08:16 - [TEST_STEP][PASSED] - showMenuItemsObj = tt_CustomKeywords.CustomKeywords.CreateDynamicElement(showMenuItemsPath, user_email, "xpath"): Successfully created new dynamic object: //div[@class='usercard__detail_container']/div[text()='tractiontools.user001+te5sns7m@gmail.com']/ancestor::div[contains(@class,'usercard__content')]//button[@aria-label='Show Menu Items']

2020-09-03 16:08:16 - [MESSAGE][PASSED] - Successfully created new dynamic object: //div[@class='usercard__detail_container']/div[text()='tractiontools.user001+te5sns7m@gmail.com']/ancestor::div[contains(@class,'usercard__content')]//button[@aria-label='Show Menu Items']

2020-09-03 16:08:16 - [TEST_STEP][PASSED] - click(showMenuItemsObj): Object: '' is clicked on

2020-09-03 16:08:16 - [MESSAGE][PASSED] - Object: '' is clicked on

2020-09-03 16:08:16 - [TEST_STEP][PASSED] - click(findTestObject("Object Repository/V2/Commons/ManageUsersPage/div_Edit user")): Object: 'Object Repository/V2/Commons/ManageUsersPage/div_Edit user' is clicked on

2020-09-03 16:08:17 - [MESSAGE][PASSED] - Object: 'Object Repository/V2/Commons/ManageUsersPage/div_Edit user' is clicked on

2020-09-03 16:08:17 - [TEST_STEP][PASSED] - verifyElementPresent(findTestObject("V2/Commons/ManageUsersPage/div_PositionTitle"), DefaultTimeout): Object 'Object Repository/V2/Commons/ManageUsersPage/div_PositionTitle' is present

2020-09-03 16:08:17 - [MESSAGE][PASSED] - Object 'Object Repository/V2/Commons/ManageUsersPage/div_PositionTitle' is present

2020-09-03 16:08:17 - [TEST_STEP][PASSED] - setText(findTestObject("V2/Commons/ManageUsersPage/position_title_input"), position_title): Text 'Quality Assurance' is set on object 'Object Repository/V2/Commons/ManageUsersPage/position_title_input'

2020-09-03 16:08:18 - [MESSAGE][PASSED] - Text 'Quality Assurance' is set on object 'Object Repository/V2/Commons/ManageUsersPage/position_title_input'

2020-09-03 16:08:18 - [TEST_STEP][PASSED] - sendKeys(findTestObject("V2/Commons/ManageUsersPage/position_title_input"), Keys.chord(ENTER)): Keys 'ENTER + ' sent to object: 'Object Repository/V2/Commons/ManageUsersPage/position_title_input'

2020-09-03 16:08:18 - [MESSAGE][PASSED] - Keys 'ENTER + ' sent to object: 'Object Repository/V2/Commons/ManageUsersPage/position_title_input'

2020-09-03 16:08:18 - [TEST_STEP][PASSED] - if (permissionValue == "Employee"): Keys 'ENTER + ' sent to object: 'Object Repository/V2/Commons/ManageUsersPage/supervisor_input'

2020-09-03 16:08:18 - [TEST_STEP][PASSED] - verifyElementPresent(findTestObject("V2/Commons/ManageUsersPage/supervisor_input"), DefaultTimeout): Object 'Object Repository/V2/Commons/ManageUsersPage/supervisor_input' is present

2020-09-03 16:08:19 - [MESSAGE][PASSED] - Object 'Object Repository/V2/Commons/ManageUsersPage/supervisor_input' is present

2020-09-03 16:08:19 - [TEST_STEP][PASSED] - setText(findTestObject("V2/Commons/ManageUsersPage/supervisor_input"), user_supervisorName): Text 'Supervisor User' is set on object 'Object Repository/V2/Commons/ManageUsersPage/supervisor_input'

2020-09-03 16:08:19 - [MESSAGE][PASSED] - Text 'Supervisor User' is set on object 'Object Repository/V2/Commons/ManageUsersPage/supervisor_input'

2020-09-03 16:08:19 - [TEST_STEP][PASSED] - sendKeys(findTestObject("V2/Commons/ManageUsersPage/supervisor_input"), Keys.chord(ENTER)): Keys 'ENTER + ' sent to object: 'Object Repository/V2/Commons/ManageUsersPage/supervisor_input'

2020-09-03 16:08:20 - [MESSAGE][PASSED] - Keys 'ENTER + ' sent to object: 'Object Repository/V2/Commons/ManageUsersPage/supervisor_input'

2020-09-03 16:08:20 - [TEST_STEP][PASSED] - verifyElementPresent(findTestObject("Object Repository/V2/Commons/ManageUsersPage/div_User type"), DefaultTimeout): Object 'Object Repository/V2/Commons/ManageUsersPage/div_User type' is present

2020-09-03 16:08:20 - [MESSAGE][PASSED] - Object 'Object Repository/V2/Commons/ManageUsersPage/div_User type' is present

2020-09-03 16:08:20 - [TEST_STEP][PASSED] - click(findTestObject("Object Repository/V2/Commons/ManageUsersPage/input__orgRole")): Object: 'Object Repository/V2/Commons/ManageUsersPage/input__orgRole' is clicked on

2020-09-03 16:08:20 - [MESSAGE][PASSED] - Object: 'Object Repository/V2/Commons/ManageUsersPage/input__orgRole' is clicked on

2020-09-03 16:08:20 - [TEST_STEP][PASSED] - roleOptionObj = tt_CustomKeywords.CustomKeywords.CreateDynamicElement(roleOption, permissionValue, "xpath"): Successfully created new dynamic object: //span[text()='Employee']/parent::div[@role='option']

2020-09-03 16:08:20 - [MESSAGE][PASSED] - Successfully created new dynamic object: //span[text()='Employee']/parent::div[@role='option']

2020-09-03 16:08:20 - [TEST_STEP][PASSED] - click(roleOptionObj): Object: '' is clicked on

2020-09-03 16:08:21 - [MESSAGE][PASSED] - Object: '' is clicked on

2020-09-03 16:08:21 - [TEST_STEP][PASSED] - click(findTestObject("Object Repository/V2/Commons/ManageUsersPage/div_Save")): Object: 'Object Repository/V2/Commons/ManageUsersPage/div_Save' is clicked on

2020-09-03 16:08:21 - [MESSAGE][PASSED] - Object: 'Object Repository/V2/Commons/ManageUsersPage/div_Save' is clicked on

2020-09-03 16:08:21 - [TEST_STEP][PASSED] - waitForElementVisible(findTestObject("V2/Commons/ManageUsersPage/h3_User Saved"), DefaultTimeout): Object 'Object Repository/V2/Commons/ManageUsersPage/h3_User Saved' is visible

2020-09-03 16:08:33 - [MESSAGE][PASSED] - Object 'Object Repository/V2/Commons/ManageUsersPage/h3_User Saved' is visible

2020-09-03 16:08:33 - [TEST_STEP][PASSED] - verifyElementVisible(findTestObject("Object Repository/V2/Commons/ManageUsersPage/h3_User Saved")): Object 'Object Repository/V2/Commons/ManageUsersPage/h3_User Saved' is visible

2020-09-03 16:08:33 - [MESSAGE][PASSED] - Object 'Object Repository/V2/Commons/ManageUsersPage/h3_User Saved' is visible

2020-09-03 16:08:33 - [MESSAGE][PASSED] - Call Test Case 'Test Cases/V2/Test Case/Pre-conditions/PRE_ChangeUserPermissionViaManageUser' successfully

2020-09-03 16:08:33 - [TEST_STEP][PASSED] - callTestCase(findTestCase("V2/Test Case/Pre-conditions/PRE_ActivateNewUser"), ["activationURL":supervisor_activationURL, "email":supervisor_email, "password":password], STOP_ON_FAILURE): Call Test Case 'Test Cases/V2/Test Case/Pre-conditions/PRE_ActivateNewUser' successfully

2020-09-03 16:08:33 - [TEST_CASE][PASSED] - Test Cases/V2/Test Case/Pre-conditions/PRE_ActivateNewUser: Test Cases/V2/Test Case/Pre-conditions/PRE_ActivateNewUser

2020-09-03 16:08:33 - [TEST_STEP][PASSED] - navigateToUrl(activationURL): Navigate to 'https://v2dev.traction.tools/activate?activationKey=8cf996be-f910-4dfa-81c6-ae839fbdc031&userId=a1a0ef81-4665-4c11-b4af-daa9e704137d&orgId=60b5f6c3-276d-4b17-9afd-05b69b287dd2&email=tractiontools.user001+ts5haf14@gmail.com&isCreator=0' successfully

2020-09-03 16:08:35 - [MESSAGE][PASSED] - Navigate to 'https://v2dev.traction.tools/activate?activationKey=8cf996be-f910-4dfa-81c6-ae839fbdc031&userId=a1a0ef81-4665-4c11-b4af-daa9e704137d&orgId=60b5f6c3-276d-4b17-9afd-05b69b287dd2&email=tractiontools.user001+ts5haf14@gmail.com&isCreator=0' successfully

2020-09-03 16:08:35 - [TEST_STEP][PASSED] - waitForElementVisible(findTestObject("V2/Commons/ActivationPage/input_Email_email"), DefaultTimeout): Object 'Object Repository/V2/Commons/ActivationPage/input_Email_email' is visible

2020-09-03 16:08:36 - [MESSAGE][PASSED] - Object 'Object Repository/V2/Commons/ActivationPage/input_Email_email' is visible

2020-09-03 16:08:36 - [TEST_STEP][PASSED] - actual_email = getAttribute(findTestObject("Object Repository/V2/Commons/ActivationPage/input_Email_email"), "value"): Attribute 'value' of object 'Object Repository/V2/Commons/ActivationPage/input_Email_email' is: 'tractiontools.user001+ts5haf14@gmail.com'

2020-09-03 16:08:36 - [MESSAGE][PASSED] - Attribute 'value' of object 'Object Repository/V2/Commons/ActivationPage/input_Email_email' is: 'tractiontools.user001+ts5haf14@gmail.com'

2020-09-03 16:08:36 - [TEST_STEP][PASSED] - verifyMatch(actual_email, email, false): Actual text 'tractiontools.user001+ts5haf14@gmail.com' and expected text 'tractiontools.user001+ts5haf14@gmail.com' are matched 

2020-09-03 16:08:36 - [MESSAGE][PASSED] - Actual text 'tractiontools.user001+ts5haf14@gmail.com' and expected text 'tractiontools.user001+ts5haf14@gmail.com' are matched 

2020-09-03 16:08:36 - [TEST_STEP][PASSED] - setText(findTestObject("V2/Commons/ActivationPage/input_password"), password): Text 'Qwer123!' is set on object 'Object Repository/V2/Commons/ActivationPage/input_password'

2020-09-03 16:08:37 - [MESSAGE][PASSED] - Text 'Qwer123!' is set on object 'Object Repository/V2/Commons/ActivationPage/input_password'

2020-09-03 16:08:37 - [TEST_STEP][PASSED] - setText(findTestObject("Object Repository/V2/Commons/ActivationPage/input__passwordRepeat"), password): Text 'Qwer123!' is set on object 'Object Repository/V2/Commons/ActivationPage/input__passwordRepeat'

2020-09-03 16:08:38 - [MESSAGE][PASSED] - Text 'Qwer123!' is set on object 'Object Repository/V2/Commons/ActivationPage/input__passwordRepeat'

2020-09-03 16:08:38 - [TEST_STEP][PASSED] - click(findTestObject("V2/Commons/ActivationPage/input_termsandconditions")): Object: 'Object Repository/V2/Commons/ActivationPage/input_termsandconditions' is clicked on

2020-09-03 16:08:38 - [MESSAGE][PASSED] - Object: 'Object Repository/V2/Commons/ActivationPage/input_termsandconditions' is clicked on

2020-09-03 16:08:38 - [TEST_STEP][PASSED] - click(findTestObject("Object Repository/V2/Commons/ActivationPage/div_Create account")): Object: 'Object Repository/V2/Commons/ActivationPage/div_Create account' is clicked on

2020-09-03 16:08:39 - [MESSAGE][PASSED] - Object: 'Object Repository/V2/Commons/ActivationPage/div_Create account' is clicked on

2020-09-03 16:08:39 - [TEST_STEP][PASSED] - waitForElementPresent(findTestObject("V2/Commons/DasboardPage_SidebarMenu/img_Home_logo-big"), DefaultTimeout): Object 'Object Repository/V2/Commons/DasboardPage_SidebarMenu/img_Home_logo-big' is present

2020-09-03 16:08:43 - [MESSAGE][PASSED] - Object 'Object Repository/V2/Commons/DasboardPage_SidebarMenu/img_Home_logo-big' is present

2020-09-03 16:08:43 - [TEST_STEP][PASSED] - verifyElementPresent(findTestObject("V2/Commons/DasboardPage_SidebarMenu/img_Home_logo-big"), 0): Object 'Object Repository/V2/Commons/DasboardPage_SidebarMenu/img_Home_logo-big' is present

2020-09-03 16:08:43 - [MESSAGE][WARNING] - Timeout '0' is invalid. Using default page load timeout: '30'

2020-09-03 16:08:44 - [MESSAGE][PASSED] - Object 'Object Repository/V2/Commons/DasboardPage_SidebarMenu/img_Home_logo-big' is present

2020-09-03 16:08:44 - [MESSAGE][PASSED] - Call Test Case 'Test Cases/V2/Test Case/Pre-conditions/PRE_ActivateNewUser' successfully

2020-09-03 16:08:44 - [TEST_STEP][PASSED] - callTestCase(findTestCase("V2/Test Case/Pre-conditions/PRE_SkipPersonalProfileSetup"), [:], STOP_ON_FAILURE): Call Test Case 'Test Cases/V2/Test Case/Pre-conditions/PRE_SkipPersonalProfileSetup' successfully

2020-09-03 16:08:44 - [TEST_CASE][PASSED] - Test Cases/V2/Test Case/Pre-conditions/PRE_SkipPersonalProfileSetup: Test Cases/V2/Test Case/Pre-conditions/PRE_SkipPersonalProfileSetup

2020-09-03 16:08:44 - [TEST_STEP][PASSED] - waitForElementVisible(findTestObject("V2/Commons/FirstUpdateCompanyAndPersonalInfoModal/confirmPersonalInfoHeader_h1"), DefaultTimeout): Object 'Object Repository/V2/Commons/FirstUpdateCompanyAndPersonalInfoModal/confirmPersonalInfoHeader_h1' is visible

2020-09-03 16:08:45 - [MESSAGE][PASSED] - Object 'Object Repository/V2/Commons/FirstUpdateCompanyAndPersonalInfoModal/confirmPersonalInfoHeader_h1' is visible

2020-09-03 16:08:45 - [TEST_STEP][PASSED] - click(findTestObject("V2/Commons/FirstUpdateCompanyAndPersonalInfoModal/confirmInfoSkip_button")): Object: 'Object Repository/V2/Commons/FirstUpdateCompanyAndPersonalInfoModal/confirmInfoSkip_button' is clicked on

2020-09-03 16:08:45 - [MESSAGE][PASSED] - Object: 'Object Repository/V2/Commons/FirstUpdateCompanyAndPersonalInfoModal/confirmInfoSkip_button' is clicked on

2020-09-03 16:08:45 - [TEST_STEP][PASSED] - waitForElementVisible(findTestObject("V2/Commons/FirstUpdateCompanyAndPersonalInfoModal/letsGetStarted_button"), DefaultTimeout): Object 'Object Repository/V2/Commons/FirstUpdateCompanyAndPersonalInfoModal/letsGetStarted_button' is visible

2020-09-03 16:08:46 - [MESSAGE][PASSED] - Object 'Object Repository/V2/Commons/FirstUpdateCompanyAndPersonalInfoModal/letsGetStarted_button' is visible

2020-09-03 16:08:46 - [TEST_STEP][PASSED] - click(findTestObject("V2/Commons/FirstUpdateCompanyAndPersonalInfoModal/letsGetStarted_button")): Object: 'Object Repository/V2/Commons/FirstUpdateCompanyAndPersonalInfoModal/letsGetStarted_button' is clicked on

2020-09-03 16:08:46 - [MESSAGE][PASSED] - Object: 'Object Repository/V2/Commons/FirstUpdateCompanyAndPersonalInfoModal/letsGetStarted_button' is clicked on

2020-09-03 16:08:46 - [MESSAGE][PASSED] - Call Test Case 'Test Cases/V2/Test Case/Pre-conditions/PRE_SkipPersonalProfileSetup' successfully

2020-09-03 16:08:46 - [TEST_STEP][PASSED] - callTestCase(findTestCase("V2/Test Case/Pre-conditions/PRE_ActivateNewUser"), ["activationURL":employee_activationURL, "email":employee_email, "password":password], STOP_ON_FAILURE): Call Test Case 'Test Cases/V2/Test Case/Pre-conditions/PRE_ActivateNewUser' successfully

2020-09-03 16:08:47 - [TEST_CASE][PASSED] - Test Cases/V2/Test Case/Pre-conditions/PRE_ActivateNewUser: Test Cases/V2/Test Case/Pre-conditions/PRE_ActivateNewUser

2020-09-03 16:08:47 - [TEST_STEP][PASSED] - navigateToUrl(activationURL): Navigate to 'https://v2dev.traction.tools/activate?activationKey=2c108b50-cebf-4bf5-b475-687c33c57451&userId=696d3045-365a-47a7-8325-bf1511d99ed5&orgId=60b5f6c3-276d-4b17-9afd-05b69b287dd2&email=tractiontools.user001+te5sns7m@gmail.com&isCreator=0' successfully

2020-09-03 16:08:49 - [MESSAGE][PASSED] - Navigate to 'https://v2dev.traction.tools/activate?activationKey=2c108b50-cebf-4bf5-b475-687c33c57451&userId=696d3045-365a-47a7-8325-bf1511d99ed5&orgId=60b5f6c3-276d-4b17-9afd-05b69b287dd2&email=tractiontools.user001+te5sns7m@gmail.com&isCreator=0' successfully

2020-09-03 16:08:49 - [TEST_STEP][PASSED] - waitForElementVisible(findTestObject("V2/Commons/ActivationPage/input_Email_email"), DefaultTimeout): Object 'Object Repository/V2/Commons/ActivationPage/input_Email_email' is visible

2020-09-03 16:08:50 - [MESSAGE][PASSED] - Object 'Object Repository/V2/Commons/ActivationPage/input_Email_email' is visible

2020-09-03 16:08:50 - [TEST_STEP][PASSED] - actual_email = getAttribute(findTestObject("Object Repository/V2/Commons/ActivationPage/input_Email_email"), "value"): Attribute 'value' of object 'Object Repository/V2/Commons/ActivationPage/input_Email_email' is: 'tractiontools.user001+te5sns7m@gmail.com'

2020-09-03 16:08:50 - [MESSAGE][PASSED] - Attribute 'value' of object 'Object Repository/V2/Commons/ActivationPage/input_Email_email' is: 'tractiontools.user001+te5sns7m@gmail.com'

2020-09-03 16:08:50 - [TEST_STEP][PASSED] - verifyMatch(actual_email, email, false): Actual text 'tractiontools.user001+te5sns7m@gmail.com' and expected text 'tractiontools.user001+te5sns7m@gmail.com' are matched 

2020-09-03 16:08:50 - [MESSAGE][PASSED] - Actual text 'tractiontools.user001+te5sns7m@gmail.com' and expected text 'tractiontools.user001+te5sns7m@gmail.com' are matched 

2020-09-03 16:08:50 - [TEST_STEP][PASSED] - setText(findTestObject("V2/Commons/ActivationPage/input_password"), password): Text 'Qwer123!' is set on object 'Object Repository/V2/Commons/ActivationPage/input_password'

2020-09-03 16:08:51 - [MESSAGE][PASSED] - Text 'Qwer123!' is set on object 'Object Repository/V2/Commons/ActivationPage/input_password'

2020-09-03 16:08:51 - [TEST_STEP][PASSED] - setText(findTestObject("Object Repository/V2/Commons/ActivationPage/input__passwordRepeat"), password): Text 'Qwer123!' is set on object 'Object Repository/V2/Commons/ActivationPage/input__passwordRepeat'

2020-09-03 16:08:52 - [MESSAGE][PASSED] - Text 'Qwer123!' is set on object 'Object Repository/V2/Commons/ActivationPage/input__passwordRepeat'

2020-09-03 16:08:52 - [TEST_STEP][PASSED] - click(findTestObject("V2/Commons/ActivationPage/input_termsandconditions")): Object: 'Object Repository/V2/Commons/ActivationPage/input_termsandconditions' is clicked on

2020-09-03 16:08:52 - [MESSAGE][PASSED] - Object: 'Object Repository/V2/Commons/ActivationPage/input_termsandconditions' is clicked on

2020-09-03 16:08:52 - [TEST_STEP][PASSED] - click(findTestObject("Object Repository/V2/Commons/ActivationPage/div_Create account")): Object: 'Object Repository/V2/Commons/ActivationPage/div_Create account' is clicked on

2020-09-03 16:08:53 - [MESSAGE][PASSED] - Object: 'Object Repository/V2/Commons/ActivationPage/div_Create account' is clicked on

2020-09-03 16:08:53 - [TEST_STEP][PASSED] - waitForElementPresent(findTestObject("V2/Commons/DasboardPage_SidebarMenu/img_Home_logo-big"), DefaultTimeout): Object 'Object Repository/V2/Commons/DasboardPage_SidebarMenu/img_Home_logo-big' is present

2020-09-03 16:08:57 - [MESSAGE][PASSED] - Object 'Object Repository/V2/Commons/DasboardPage_SidebarMenu/img_Home_logo-big' is present

2020-09-03 16:08:57 - [TEST_STEP][PASSED] - verifyElementPresent(findTestObject("V2/Commons/DasboardPage_SidebarMenu/img_Home_logo-big"), 0): Object 'Object Repository/V2/Commons/DasboardPage_SidebarMenu/img_Home_logo-big' is present

2020-09-03 16:08:57 - [MESSAGE][WARNING] - Timeout '0' is invalid. Using default page load timeout: '30'

2020-09-03 16:08:57 - [MESSAGE][PASSED] - Object 'Object Repository/V2/Commons/DasboardPage_SidebarMenu/img_Home_logo-big' is present

2020-09-03 16:08:57 - [MESSAGE][PASSED] - Call Test Case 'Test Cases/V2/Test Case/Pre-conditions/PRE_ActivateNewUser' successfully

2020-09-03 16:08:57 - [TEST_STEP][PASSED] - callTestCase(findTestCase("V2/Test Case/Pre-conditions/PRE_SkipPersonalProfileSetup"), [:], STOP_ON_FAILURE): Call Test Case 'Test Cases/V2/Test Case/Pre-conditions/PRE_SkipPersonalProfileSetup' successfully

2020-09-03 16:08:57 - [TEST_CASE][PASSED] - Test Cases/V2/Test Case/Pre-conditions/PRE_SkipPersonalProfileSetup: Test Cases/V2/Test Case/Pre-conditions/PRE_SkipPersonalProfileSetup

2020-09-03 16:08:57 - [TEST_STEP][PASSED] - waitForElementVisible(findTestObject("V2/Commons/FirstUpdateCompanyAndPersonalInfoModal/confirmPersonalInfoHeader_h1"), DefaultTimeout): Object 'Object Repository/V2/Commons/FirstUpdateCompanyAndPersonalInfoModal/confirmPersonalInfoHeader_h1' is visible

2020-09-03 16:08:58 - [MESSAGE][PASSED] - Object 'Object Repository/V2/Commons/FirstUpdateCompanyAndPersonalInfoModal/confirmPersonalInfoHeader_h1' is visible

2020-09-03 16:08:58 - [TEST_STEP][PASSED] - click(findTestObject("V2/Commons/FirstUpdateCompanyAndPersonalInfoModal/confirmInfoSkip_button")): Object: 'Object Repository/V2/Commons/FirstUpdateCompanyAndPersonalInfoModal/confirmInfoSkip_button' is clicked on

2020-09-03 16:08:59 - [MESSAGE][PASSED] - Object: 'Object Repository/V2/Commons/FirstUpdateCompanyAndPersonalInfoModal/confirmInfoSkip_button' is clicked on

2020-09-03 16:08:59 - [TEST_STEP][PASSED] - waitForElementVisible(findTestObject("V2/Commons/FirstUpdateCompanyAndPersonalInfoModal/letsGetStarted_button"), DefaultTimeout): Object 'Object Repository/V2/Commons/FirstUpdateCompanyAndPersonalInfoModal/letsGetStarted_button' is visible

2020-09-03 16:08:59 - [MESSAGE][PASSED] - Object 'Object Repository/V2/Commons/FirstUpdateCompanyAndPersonalInfoModal/letsGetStarted_button' is visible

2020-09-03 16:08:59 - [TEST_STEP][PASSED] - click(findTestObject("V2/Commons/FirstUpdateCompanyAndPersonalInfoModal/letsGetStarted_button")): Object: 'Object Repository/V2/Commons/FirstUpdateCompanyAndPersonalInfoModal/letsGetStarted_button' is clicked on

2020-09-03 16:09:00 - [MESSAGE][PASSED] - Object: 'Object Repository/V2/Commons/FirstUpdateCompanyAndPersonalInfoModal/letsGetStarted_button' is clicked on

2020-09-03 16:09:00 - [MESSAGE][PASSED] - Call Test Case 'Test Cases/V2/Test Case/Pre-conditions/PRE_SkipPersonalProfileSetup' successfully

2020-09-03 16:09:00 - [MESSAGE][PASSED] - Call Test Case 'Test Cases/V2/Test Case/Pre-conditions/PRE_RegisterAndActivateTTUsers' successfully

2020-09-03 16:09:00 - [TEST_STEP][PASSED] - closeBrowser(): Browser is closed

2020-09-03 16:09:00 - [MESSAGE][PASSED] - Browser is closed

2020-09-03 16:09:00 - [TEST_STEP][PASSED] - path = System.getProperty("user.dir"): null

2020-09-03 16:09:00 - [TEST_STEP][PASSED] - System.setProperty("webdriver.chrome.driver", "C:\Users\Aaron-PC\Documents\Traction Tools\Katalon\Katalon_Studio_Windows_64-7.6.2\Katalon_Studio_Windows_64-7.6.2\configuration\resources\drivers\chromedriver_win32\chromedriver.exe"): null

2020-09-03 16:09:00 - [TEST_STEP][PASSED] - driver1 = new org.openqa.selenium.chrome.ChromeDriver(): null

2020-09-03 16:09:04 - [TEST_STEP][PASSED] - changeWebDriver(driver1): null

2020-09-03 16:09:04 - [TEST_STEP][PASSED] - maximizeWindow(): Current window maximized

2020-09-03 16:09:06 - [MESSAGE][PASSED] - Current window maximized

2020-09-03 16:09:06 - [TEST_STEP][PASSED] - navigateToUrl(V2Url): Navigate to 'https://v2dev.traction.tools' successfully

2020-09-03 16:09:07 - [MESSAGE][PASSED] - Navigate to 'https://v2dev.traction.tools' successfully

2020-09-03 16:09:07 - [TEST_STEP][PASSED] - callTestCase(findTestCase("V2/Test Case/Pre-conditions/PRE_LoginToTractionToolsApplication"), ["username":email, "password":password], STOP_ON_FAILURE): Call Test Case 'Test Cases/V2/Test Case/Pre-conditions/PRE_LoginToTractionToolsApplication' successfully

2020-09-03 16:09:07 - [TEST_CASE][PASSED] - Test Cases/V2/Test Case/Pre-conditions/PRE_LoginToTractionToolsApplication: Test Cases/V2/Test Case/Pre-conditions/PRE_LoginToTractionToolsApplication

2020-09-03 16:09:07 - [TEST_STEP][PASSED] - setText(findTestObject("V2/Commons/LoginPage/input__username"), username): Text 'tractiontools.user001+ta57xazu@gmail.com' is set on object 'Object Repository/V2/Commons/LoginPage/input__username'

2020-09-03 16:09:14 - [MESSAGE][PASSED] - Text 'tractiontools.user001+ta57xazu@gmail.com' is set on object 'Object Repository/V2/Commons/LoginPage/input__username'

2020-09-03 16:09:14 - [TEST_STEP][PASSED] - setText(findTestObject("V2/Commons/LoginPage/input__password"), password): Text 'Qwer123!' is set on object 'Object Repository/V2/Commons/LoginPage/input__password'

2020-09-03 16:09:14 - [MESSAGE][PASSED] - Text 'Qwer123!' is set on object 'Object Repository/V2/Commons/LoginPage/input__password'

2020-09-03 16:09:14 - [TEST_STEP][PASSED] - click(findTestObject("V2/Commons/LoginPage/div_Login")): Object: 'Object Repository/V2/Commons/LoginPage/div_Login' is clicked on

2020-09-03 16:09:14 - [MESSAGE][PASSED] - Object: 'Object Repository/V2/Commons/LoginPage/div_Login' is clicked on

2020-09-03 16:09:14 - [TEST_STEP][PASSED] - waitForElementVisible(findTestObject("V2/Commons/DasboardPage_SidebarMenu/img_Home_logo-big"), DefaultTimeout): Object 'Object Repository/V2/Commons/DasboardPage_SidebarMenu/img_Home_logo-big' is visible

2020-09-03 16:09:19 - [MESSAGE][PASSED] - Object 'Object Repository/V2/Commons/DasboardPage_SidebarMenu/img_Home_logo-big' is visible

2020-09-03 16:09:19 - [TEST_STEP][PASSED] - verifyElementVisible(findTestObject("V2/Commons/DasboardPage_SidebarMenu/img_Home_logo-big"), STOP_ON_FAILURE): Object 'Object Repository/V2/Commons/DasboardPage_SidebarMenu/img_Home_logo-big' is visible

2020-09-03 16:09:19 - [MESSAGE][PASSED] - Object 'Object Repository/V2/Commons/DasboardPage_SidebarMenu/img_Home_logo-big' is visible

2020-09-03 16:09:19 - [MESSAGE][PASSED] - Call Test Case 'Test Cases/V2/Test Case/Pre-conditions/PRE_LoginToTractionToolsApplication' successfully

2020-09-03 16:09:19 - [TEST_STEP][PASSED] - driver2 = new org.openqa.selenium.chrome.ChromeDriver(): null

2020-09-03 16:09:23 - [TEST_STEP][PASSED] - changeWebDriver(driver2): null

2020-09-03 16:09:23 - [TEST_STEP][PASSED] - maximizeWindow(): Current window maximized

2020-09-03 16:09:25 - [MESSAGE][PASSED] - Current window maximized

2020-09-03 16:09:25 - [TEST_STEP][PASSED] - navigateToUrl(V2Url): Navigate to 'https://v2dev.traction.tools' successfully

2020-09-03 16:09:26 - [MESSAGE][PASSED] - Navigate to 'https://v2dev.traction.tools' successfully

2020-09-03 16:09:26 - [TEST_STEP][PASSED] - callTestCase(findTestCase("V2/Test Case/Pre-conditions/PRE_LoginToTractionToolsApplication"), ["username":supervisor_email, "password":password], STOP_ON_FAILURE): Call Test Case 'Test Cases/V2/Test Case/Pre-conditions/PRE_LoginToTractionToolsApplication' successfully

2020-09-03 16:09:26 - [TEST_CASE][PASSED] - Test Cases/V2/Test Case/Pre-conditions/PRE_LoginToTractionToolsApplication: Test Cases/V2/Test Case/Pre-conditions/PRE_LoginToTractionToolsApplication

2020-09-03 16:09:26 - [TEST_STEP][PASSED] - setText(findTestObject("V2/Commons/LoginPage/input__username"), username): Text 'tractiontools.user001+ts5haf14@gmail.com' is set on object 'Object Repository/V2/Commons/LoginPage/input__username'

2020-09-03 16:09:34 - [MESSAGE][PASSED] - Text 'tractiontools.user001+ts5haf14@gmail.com' is set on object 'Object Repository/V2/Commons/LoginPage/input__username'

2020-09-03 16:09:34 - [TEST_STEP][PASSED] - setText(findTestObject("V2/Commons/LoginPage/input__password"), password): Text 'Qwer123!' is set on object 'Object Repository/V2/Commons/LoginPage/input__password'

2020-09-03 16:09:34 - [MESSAGE][PASSED] - Text 'Qwer123!' is set on object 'Object Repository/V2/Commons/LoginPage/input__password'

2020-09-03 16:09:34 - [TEST_STEP][PASSED] - click(findTestObject("V2/Commons/LoginPage/div_Login")): Object: 'Object Repository/V2/Commons/LoginPage/div_Login' is clicked on

2020-09-03 16:09:34 - [MESSAGE][PASSED] - Object: 'Object Repository/V2/Commons/LoginPage/div_Login' is clicked on

2020-09-03 16:09:34 - [TEST_STEP][PASSED] - waitForElementVisible(findTestObject("V2/Commons/DasboardPage_SidebarMenu/img_Home_logo-big"), DefaultTimeout): Object 'Object Repository/V2/Commons/DasboardPage_SidebarMenu/img_Home_logo-big' is visible

2020-09-03 16:09:38 - [MESSAGE][PASSED] - Object 'Object Repository/V2/Commons/DasboardPage_SidebarMenu/img_Home_logo-big' is visible

2020-09-03 16:09:38 - [TEST_STEP][PASSED] - verifyElementVisible(findTestObject("V2/Commons/DasboardPage_SidebarMenu/img_Home_logo-big"), STOP_ON_FAILURE): Object 'Object Repository/V2/Commons/DasboardPage_SidebarMenu/img_Home_logo-big' is visible

2020-09-03 16:09:38 - [MESSAGE][PASSED] - Object 'Object Repository/V2/Commons/DasboardPage_SidebarMenu/img_Home_logo-big' is visible

2020-09-03 16:09:38 - [MESSAGE][PASSED] - Call Test Case 'Test Cases/V2/Test Case/Pre-conditions/PRE_LoginToTractionToolsApplication' successfully

2020-09-03 16:09:38 - [TEST_STEP][PASSED] - driver3 = new org.openqa.selenium.chrome.ChromeDriver(): null

2020-09-03 16:09:41 - [TEST_STEP][PASSED] - changeWebDriver(driver3): null

2020-09-03 16:09:41 - [TEST_STEP][PASSED] - maximizeWindow(): Current window maximized

2020-09-03 16:09:44 - [MESSAGE][PASSED] - Current window maximized

2020-09-03 16:09:44 - [TEST_STEP][PASSED] - navigateToUrl(V2Url): Navigate to 'https://v2dev.traction.tools' successfully

2020-09-03 16:09:45 - [MESSAGE][PASSED] - Navigate to 'https://v2dev.traction.tools' successfully

2020-09-03 16:09:45 - [TEST_STEP][PASSED] - callTestCase(findTestCase("V2/Test Case/Pre-conditions/PRE_LoginToTractionToolsApplication"), ["username":employee_email, "password":password], STOP_ON_FAILURE): Call Test Case 'Test Cases/V2/Test Case/Pre-conditions/PRE_LoginToTractionToolsApplication' successfully

2020-09-03 16:09:45 - [TEST_CASE][PASSED] - Test Cases/V2/Test Case/Pre-conditions/PRE_LoginToTractionToolsApplication: Test Cases/V2/Test Case/Pre-conditions/PRE_LoginToTractionToolsApplication

2020-09-03 16:09:45 - [TEST_STEP][PASSED] - setText(findTestObject("V2/Commons/LoginPage/input__username"), username): Text 'tractiontools.user001+te5sns7m@gmail.com' is set on object 'Object Repository/V2/Commons/LoginPage/input__username'

2020-09-03 16:09:53 - [MESSAGE][PASSED] - Text 'tractiontools.user001+te5sns7m@gmail.com' is set on object 'Object Repository/V2/Commons/LoginPage/input__username'

2020-09-03 16:09:53 - [TEST_STEP][PASSED] - setText(findTestObject("V2/Commons/LoginPage/input__password"), password): Text 'Qwer123!' is set on object 'Object Repository/V2/Commons/LoginPage/input__password'

2020-09-03 16:09:53 - [MESSAGE][PASSED] - Text 'Qwer123!' is set on object 'Object Repository/V2/Commons/LoginPage/input__password'

2020-09-03 16:09:53 - [TEST_STEP][PASSED] - click(findTestObject("V2/Commons/LoginPage/div_Login")): Object: 'Object Repository/V2/Commons/LoginPage/div_Login' is clicked on

2020-09-03 16:09:53 - [MESSAGE][PASSED] - Object: 'Object Repository/V2/Commons/LoginPage/div_Login' is clicked on

2020-09-03 16:09:53 - [TEST_STEP][PASSED] - waitForElementVisible(findTestObject("V2/Commons/DasboardPage_SidebarMenu/img_Home_logo-big"), DefaultTimeout): Object 'Object Repository/V2/Commons/DasboardPage_SidebarMenu/img_Home_logo-big' is visible

2020-09-03 16:09:57 - [MESSAGE][PASSED] - Object 'Object Repository/V2/Commons/DasboardPage_SidebarMenu/img_Home_logo-big' is visible

2020-09-03 16:09:57 - [TEST_STEP][PASSED] - verifyElementVisible(findTestObject("V2/Commons/DasboardPage_SidebarMenu/img_Home_logo-big"), STOP_ON_FAILURE): Object 'Object Repository/V2/Commons/DasboardPage_SidebarMenu/img_Home_logo-big' is visible

2020-09-03 16:09:57 - [MESSAGE][PASSED] - Object 'Object Repository/V2/Commons/DasboardPage_SidebarMenu/img_Home_logo-big' is visible

2020-09-03 16:09:57 - [MESSAGE][PASSED] - Call Test Case 'Test Cases/V2/Test Case/Pre-conditions/PRE_LoginToTractionToolsApplication' successfully

2020-09-03 16:09:57 - [TEST_STEP][PASSED] - changeWebDriver(driver1): null

2020-09-03 16:09:57 - [TEST_STEP][PASSED] - callTestCase(findTestCase("V2/Test Case/Pre-conditions/PRE_AddMilestone_Rocks"), [:], STOP_ON_FAILURE): Call Test Case 'Test Cases/V2/Test Case/Pre-conditions/PRE_AddMilestone_Rocks' successfully

2020-09-03 16:09:57 - [TEST_CASE][PASSED] - Test Cases/V2/Test Case/Pre-conditions/PRE_AddMilestone_Rocks: Test Cases/V2/Test Case/Pre-conditions/PRE_AddMilestone_Rocks

2020-09-03 16:09:57 - [TEST_STEP][PASSED] - click(findTestObject("Object Repository/V2/Commons/ManageUsersPage/span_Company Settings")): Object: 'Object Repository/V2/Commons/ManageUsersPage/span_Company Settings' is clicked on

2020-09-03 16:09:57 - [MESSAGE][PASSED] - Object: 'Object Repository/V2/Commons/ManageUsersPage/span_Company Settings' is clicked on

2020-09-03 16:09:57 - [TEST_STEP][PASSED] - click(findTestObject("V2/Commons/DasboardPage_SidebarMenu/a_Advance Settings")): Object: 'Object Repository/V2/Commons/DasboardPage_SidebarMenu/a_Advance Settings' is clicked on

2020-09-03 16:09:58 - [MESSAGE][PASSED] - Object: 'Object Repository/V2/Commons/DasboardPage_SidebarMenu/a_Advance Settings' is clicked on

2020-09-03 16:09:58 - [TEST_STEP][PASSED] - waitForElementVisible(findTestObject("V2/Commons/AdvanceSettingsPage/Add_Milestone_Toggle"), DefaultTimeout): Object 'Object Repository/V2/Commons/AdvanceSettingsPage/Add_Milestone_Toggle' is visible

2020-09-03 16:09:58 - [MESSAGE][PASSED] - Object 'Object Repository/V2/Commons/AdvanceSettingsPage/Add_Milestone_Toggle' is visible

2020-09-03 16:09:58 - [TEST_STEP][PASSED] - click(findTestObject("V2/Commons/AdvanceSettingsPage/Add_Milestone_Toggle")): Object: 'Object Repository/V2/Commons/AdvanceSettingsPage/Add_Milestone_Toggle' is clicked on

2020-09-03 16:09:58 - [MESSAGE][PASSED] - Object: 'Object Repository/V2/Commons/AdvanceSettingsPage/Add_Milestone_Toggle' is clicked on

2020-09-03 16:09:58 - [TEST_STEP][PASSED] - A_validateMilestoneChecked = getAttribute(findTestObject("V2/Commons/AdvanceSettingsPage/Verify_Milestone_Toggle"), "checked"): Attribute 'checked' of object 'Object Repository/V2/Commons/AdvanceSettingsPage/Verify_Milestone_Toggle' is: 'true'

2020-09-03 16:09:58 - [MESSAGE][PASSED] - Attribute 'checked' of object 'Object Repository/V2/Commons/AdvanceSettingsPage/Verify_Milestone_Toggle' is: 'true'

2020-09-03 16:09:58 - [TEST_STEP][PASSED] - verifyMatch(A_validateMilestoneChecked, "true", false): Actual text 'true' and expected text 'true' are matched 

2020-09-03 16:09:58 - [MESSAGE][PASSED] - Actual text 'true' and expected text 'true' are matched 

2020-09-03 16:09:58 - [TEST_STEP][PASSED] - click(findTestObject("V2/Commons/AdvanceSettingsPage/Save_Rules")): Object: 'Object Repository/V2/Commons/AdvanceSettingsPage/Save_Rules' is clicked on

2020-09-03 16:09:58 - [MESSAGE][PASSED] - Object: 'Object Repository/V2/Commons/AdvanceSettingsPage/Save_Rules' is clicked on

2020-09-03 16:09:58 - [MESSAGE][PASSED] - Call Test Case 'Test Cases/V2/Test Case/Pre-conditions/PRE_AddMilestone_Rocks' successfully

2020-09-03 16:09:58 - [TEST_STEP][PASSED] - callTestCase(findTestCase("V2/Test Case/Pre-conditions/PRE_CreateL10Meeting"), ["meetingName":meetingName, "meetingAcronym":meetingAcronym, "meetingType":meetingType, "dropdownOptions_obj":"//div[@id='CREATE_MEETING_L10']//span[text()='%s']/parent::div[@role='option']", ... ], STOP_ON_FAILURE): Call Test Case 'Test Cases/V2/Test Case/Pre-conditions/PRE_CreateL10Meeting' successfully

2020-09-03 16:09:58 - [TEST_CASE][PASSED] - Test Cases/V2/Test Case/Pre-conditions/PRE_CreateL10Meeting: Test Cases/V2/Test Case/Pre-conditions/PRE_CreateL10Meeting

2020-09-03 16:09:58 - [TEST_STEP][PASSED] - click(findTestObject("V2/Commons/DasboardPage_SidebarMenu/MeetingsMenu")): Object: 'Object Repository/V2/Commons/DasboardPage_SidebarMenu/MeetingsMenu' is clicked on

2020-09-03 16:09:58 - [MESSAGE][PASSED] - Object: 'Object Repository/V2/Commons/DasboardPage_SidebarMenu/MeetingsMenu' is clicked on

2020-09-03 16:09:58 - [TEST_STEP][PASSED] - click(findTestObject("Object Repository/V2/Commons/MeetingListPage/div_Create a meeting")): Object: 'Object Repository/V2/Commons/MeetingListPage/div_Create a meeting' is clicked on

2020-09-03 16:09:59 - [MESSAGE][PASSED] - Object: 'Object Repository/V2/Commons/MeetingListPage/div_Create a meeting' is clicked on

2020-09-03 16:09:59 - [TEST_STEP][PASSED] - click(findTestObject("Object Repository/V2/Commons/MeetingListPage/button_Level 10")): Object: 'Object Repository/V2/Commons/MeetingListPage/button_Level 10' is clicked on

2020-09-03 16:09:59 - [MESSAGE][PASSED] - Object: 'Object Repository/V2/Commons/MeetingListPage/button_Level 10' is clicked on

2020-09-03 16:09:59 - [TEST_STEP][PASSED] - waitForElementVisible(findTestObject("V2/Commons/CreateL10MeetingDrawer/input__name"), DefaultTimeout): Object 'Object Repository/V2/Commons/CreateL10MeetingDrawer/input__name' is visible

2020-09-03 16:09:59 - [MESSAGE][PASSED] - Object 'Object Repository/V2/Commons/CreateL10MeetingDrawer/input__name' is visible

2020-09-03 16:09:59 - [TEST_STEP][PASSED] - setText(findTestObject("V2/Commons/CreateL10MeetingDrawer/input__name"), meetingName): Text 'Meeting Admin' is set on object 'Object Repository/V2/Commons/CreateL10MeetingDrawer/input__name'

2020-09-03 16:09:59 - [MESSAGE][PASSED] - Text 'Meeting Admin' is set on object 'Object Repository/V2/Commons/CreateL10MeetingDrawer/input__name'

2020-09-03 16:09:59 - [TEST_STEP][PASSED] - setText(findTestObject("V2/Commons/CreateL10MeetingDrawer/input__acronym"), meetingAcronym): Text 'CL10' is set on object 'Object Repository/V2/Commons/CreateL10MeetingDrawer/input__acronym'

2020-09-03 16:09:59 - [MESSAGE][PASSED] - Text 'CL10' is set on object 'Object Repository/V2/Commons/CreateL10MeetingDrawer/input__acronym'

2020-09-03 16:09:59 - [TEST_STEP][PASSED] - click(findTestObject("V2/Commons/CreateL10MeetingDrawer/input__typeOfMeeting")): Object: 'Object Repository/V2/Commons/CreateL10MeetingDrawer/input__typeOfMeeting' is clicked on

2020-09-03 16:09:59 - [MESSAGE][PASSED] - Object: 'Object Repository/V2/Commons/CreateL10MeetingDrawer/input__typeOfMeeting' is clicked on

2020-09-03 16:09:59 - [TEST_STEP][PASSED] - meetingTypeOption_Obj = tt_CustomKeywords.CustomKeywords.CreateDynamicElement(dropdownOptions_obj, meetingType, "xpath"): Successfully created new dynamic object: //div[@id='CREATE_MEETING_L10']//span[text()='Leadership']/parent::div[@role='option']

2020-09-03 16:09:59 - [MESSAGE][PASSED] - Successfully created new dynamic object: //div[@id='CREATE_MEETING_L10']//span[text()='Leadership']/parent::div[@role='option']

2020-09-03 16:09:59 - [TEST_STEP][PASSED] - click(meetingTypeOption_Obj): Object: '' is clicked on

2020-09-03 16:09:59 - [MESSAGE][PASSED] - Object: '' is clicked on

2020-09-03 16:09:59 - [TEST_STEP][PASSED] - click(findTestObject("V2/Commons/CreateL10MeetingDrawer/div_dayOfMeetingDropdownList")): Object: 'Object Repository/V2/Commons/CreateL10MeetingDrawer/div_dayOfMeetingDropdownList' is clicked on

2020-09-03 16:09:59 - [MESSAGE][PASSED] - Object: 'Object Repository/V2/Commons/CreateL10MeetingDrawer/div_dayOfMeetingDropdownList' is clicked on

2020-09-03 16:09:59 - [TEST_STEP][PASSED] - dayOfMeetingOption_Obj = tt_CustomKeywords.CustomKeywords.CreateDynamicElement(dropdownOptions_obj, dayOfMeeting, "xpath"): Successfully created new dynamic object: //div[@id='CREATE_MEETING_L10']//span[text()='Monday']/parent::div[@role='option']

2020-09-03 16:09:59 - [MESSAGE][PASSED] - Successfully created new dynamic object: //div[@id='CREATE_MEETING_L10']//span[text()='Monday']/parent::div[@role='option']

2020-09-03 16:09:59 - [TEST_STEP][PASSED] - click(dayOfMeetingOption_Obj): Object: '' is clicked on

2020-09-03 16:10:00 - [MESSAGE][PASSED] - Object: '' is clicked on

2020-09-03 16:10:00 - [TEST_STEP][PASSED] - click(findTestObject("V2/Commons/CreateL10MeetingDrawer/input_meetingTime")): Object: 'Object Repository/V2/Commons/CreateL10MeetingDrawer/input_meetingTime' is clicked on

2020-09-03 16:10:00 - [MESSAGE][PASSED] - Object: 'Object Repository/V2/Commons/CreateL10MeetingDrawer/input_meetingTime' is clicked on

2020-09-03 16:10:00 - [TEST_STEP][PASSED] - setText(findTestObject("V2/Commons/CreateL10MeetingDrawer/input_meetingTime"), meetingTime): Text '12:00' is set on object 'Object Repository/V2/Commons/CreateL10MeetingDrawer/input_meetingTime'

2020-09-03 16:10:00 - [MESSAGE][PASSED] - Text '12:00' is set on object 'Object Repository/V2/Commons/CreateL10MeetingDrawer/input_meetingTime'

2020-09-03 16:10:00 - [TEST_STEP][PASSED] - sendKeys(findTestObject("V2/Commons/CreateL10MeetingDrawer/input_meetingTime"), Keys.chord(TAB)): Keys 'TAB + ' sent to object: 'Object Repository/V2/Commons/CreateL10MeetingDrawer/input_meetingTime'

2020-09-03 16:10:00 - [MESSAGE][PASSED] - Keys 'TAB + ' sent to object: 'Object Repository/V2/Commons/CreateL10MeetingDrawer/input_meetingTime'

2020-09-03 16:10:00 - [TEST_STEP][PASSED] - click(findTestObject("V2/Commons/CreateL10MeetingDrawer/div_Create Meeting")): Object: 'Object Repository/V2/Commons/CreateL10MeetingDrawer/div_Create Meeting' is clicked on

2020-09-03 16:10:00 - [MESSAGE][PASSED] - Object: 'Object Repository/V2/Commons/CreateL10MeetingDrawer/div_Create Meeting' is clicked on

2020-09-03 16:10:00 - [TEST_STEP][PASSED] - waitForElementVisible(findTestObject("Object Repository/V2/Commons/MeetingListPage/div_Ill do this later"), DefaultTimeout): Object 'Object Repository/V2/Commons/MeetingListPage/div_Ill do this later' is visible

2020-09-03 16:10:35 - [MESSAGE][PASSED] - Object 'Object Repository/V2/Commons/MeetingListPage/div_Ill do this later' is visible

2020-09-03 16:10:35 - [TEST_STEP][PASSED] - verifyElementVisible(findTestObject("Object Repository/V2/Commons/MeetingListPage/div_Ill do this later"), STOP_ON_FAILURE): Object 'Object Repository/V2/Commons/MeetingListPage/div_Ill do this later' is visible

2020-09-03 16:10:35 - [MESSAGE][PASSED] - Object 'Object Repository/V2/Commons/MeetingListPage/div_Ill do this later' is visible

2020-09-03 16:10:35 - [TEST_STEP][PASSED] - click(findTestObject("Object Repository/V2/Commons/MeetingListPage/div_Ill do this later")): Object: 'Object Repository/V2/Commons/MeetingListPage/div_Ill do this later' is clicked on

2020-09-03 16:10:35 - [MESSAGE][PASSED] - Object: 'Object Repository/V2/Commons/MeetingListPage/div_Ill do this later' is clicked on

2020-09-03 16:10:35 - [TEST_STEP][PASSED] - meetingRecordObj = tt_CustomKeywords.CustomKeywords.CreateDynamicElement(meetingRecord_obj, meetingName, "xpath"): Successfully created new dynamic object: //div[@class='detailscontainer__block item']/h4[text()='Meeting Admin']

2020-09-03 16:10:35 - [MESSAGE][PASSED] - Successfully created new dynamic object: //div[@class='detailscontainer__block item']/h4[text()='Meeting Admin']

2020-09-03 16:10:35 - [TEST_STEP][PASSED] - verifyElementPresent(meetingRecordObj, DefaultTimeout): Object '' is present

2020-09-03 16:10:35 - [MESSAGE][PASSED] - Object '' is present

2020-09-03 16:10:35 - [MESSAGE][PASSED] - Call Test Case 'Test Cases/V2/Test Case/Pre-conditions/PRE_CreateL10Meeting' successfully

2020-09-03 16:10:35 - [TEST_STEP][PASSED] - callTestCase(findTestCase("V2/Test Case/Tests/PR-369 - EditMeetingAgenda/Test Cases/Positive/Admin/PR_369_7_EditMeetingCreateRock_Admin"), ["userName":"jeff+075@mytractiontools.com", "passWord":"Skyline69A*", "meetingRowPosition":"3", "editMeetingMenu_Obj":"//div[@id='root']/div/div[2]/div/div/div/div[2]/div/div[%s]/div[3]/button/i", ... ], STOP_ON_FAILURE): Call Test Case 'Test Cases/V2/Test Case/Tests/PR-369 - EditMeetingAgenda/Test Cases/Positive/Admin/PR_369_7_EditMeetingCreateRock_Admin' successfully

2020-09-03 16:10:35 - [TEST_CASE][PASSED] - Test Cases/V2/Test Case/Tests/PR-369 - EditMeetingAgenda/Test Cases/Positive/Admin/PR_369_7_EditMeetingCreateRock_Admin: Test Cases/V2/Test Case/Tests/PR-369 - EditMeetingAgenda/Test Cases/Positive/Admin/PR_369_7_EditMeetingCreateRock_Admin

2020-09-03 16:10:35 - [TEST_STEP][NOT_RUN] - openBrowser(""): NOT_RUN: openBrowser("")

2020-09-03 16:10:35 - [MESSAGE][NOT_RUN] - NOT_RUN: openBrowser("")

2020-09-03 16:10:35 - [TEST_STEP][NOT_RUN] - maximizeWindow(): NOT_RUN: maximizeWindow()

2020-09-03 16:10:35 - [MESSAGE][NOT_RUN] - NOT_RUN: maximizeWindow()

2020-09-03 16:10:35 - [TEST_STEP][NOT_RUN] - navigateToUrl(V2Url): NOT_RUN: navigateToUrl(V2Url)

2020-09-03 16:10:35 - [MESSAGE][NOT_RUN] - NOT_RUN: navigateToUrl(V2Url)

2020-09-03 16:10:35 - [TEST_STEP][NOT_RUN] - setText(findTestObject("V2/PR-369/Page_Login/userName_Field"), "tractiontools.user001+ta58jzbl@gmail.com"): NOT_RUN: setText(findTestObject("V2/PR-369/Page_Login/userName_Field"), "tractiontools.user001+ta58jzbl@gmail.com")

2020-09-03 16:10:35 - [MESSAGE][NOT_RUN] - NOT_RUN: setText(findTestObject("V2/PR-369/Page_Login/userName_Field"), "tractiontools.user001+ta58jzbl@gmail.com")

2020-09-03 16:10:35 - [TEST_STEP][NOT_RUN] - setText(findTestObject("V2/PR-369/Page_Login/passWord_Field"), "Qwer123!"): NOT_RUN: setText(findTestObject("V2/PR-369/Page_Login/passWord_Field"), "Qwer123!")

2020-09-03 16:10:35 - [MESSAGE][NOT_RUN] - NOT_RUN: setText(findTestObject("V2/PR-369/Page_Login/passWord_Field"), "Qwer123!")

2020-09-03 16:10:35 - [TEST_STEP][NOT_RUN] - click(findTestObject("V2/PR-369/Page_Login/Login_Button")): NOT_RUN: click(findTestObject("V2/PR-369/Page_Login/Login_Button"))

2020-09-03 16:10:35 - [MESSAGE][NOT_RUN] - NOT_RUN: click(findTestObject("V2/PR-369/Page_Login/Login_Button"))

2020-09-03 16:10:35 - [TEST_STEP][PASSED] - waitForElementVisible(findTestObject("V2/Commons/DasboardPage_SidebarMenu/MeetingsMenu"), DefaultTimeout): Object 'Object Repository/V2/Commons/DasboardPage_SidebarMenu/MeetingsMenu' is visible

2020-09-03 16:10:35 - [MESSAGE][PASSED] - Object 'Object Repository/V2/Commons/DasboardPage_SidebarMenu/MeetingsMenu' is visible

2020-09-03 16:10:35 - [TEST_STEP][PASSED] - click(findTestObject("V2/Commons/DasboardPage_SidebarMenu/MeetingsMenu")): Object: 'Object Repository/V2/Commons/DasboardPage_SidebarMenu/MeetingsMenu' is clicked on

2020-09-03 16:10:36 - [MESSAGE][PASSED] - Object: 'Object Repository/V2/Commons/DasboardPage_SidebarMenu/MeetingsMenu' is clicked on

2020-09-03 16:10:36 - [TEST_STEP][PASSED] - meetingOpt_Obj = tt_CustomKeywords.CustomKeywords.CreateDynamicElement(meetingOptions_obj, meetingName, "xpath"): Successfully created new dynamic object: //h4[text()='Meeting Admin']/ancestor::div[contains(@class,'ListContainer')]/div[@class='listcontainer__options']/button

2020-09-03 16:10:36 - [MESSAGE][PASSED] - Successfully created new dynamic object: //h4[text()='Meeting Admin']/ancestor::div[contains(@class,'ListContainer')]/div[@class='listcontainer__options']/button

2020-09-03 16:10:36 - [TEST_STEP][PASSED] - waitForElementVisible(meetingOpt_Obj, DefaultTimeout): Object '' is visible

2020-09-03 16:10:36 - [MESSAGE][PASSED] - Object '' is visible

2020-09-03 16:10:36 - [TEST_STEP][PASSED] - click(meetingOpt_Obj): Object: '' is clicked on

2020-09-03 16:10:36 - [MESSAGE][PASSED] - Object: '' is clicked on

2020-09-03 16:10:36 - [TEST_STEP][PASSED] - click(findTestObject("V2/Commons/MeetingListPage/a_Edit meeting")): Object: 'Object Repository/V2/Commons/MeetingListPage/a_Edit meeting' is clicked on

2020-09-03 16:10:36 - [MESSAGE][PASSED] - Object: 'Object Repository/V2/Commons/MeetingListPage/a_Edit meeting' is clicked on

2020-09-03 16:10:36 - [TEST_STEP][PASSED] - waitForElementVisible(findTestObject("V2/PR-369/Edit_Meeting_Rocks/Rocks_Menu"), DefaultTimeout): Object 'Object Repository/V2/PR-369/Edit_Meeting_Rocks/Rocks_Menu' is visible

2020-09-03 16:10:37 - [MESSAGE][PASSED] - Object 'Object Repository/V2/PR-369/Edit_Meeting_Rocks/Rocks_Menu' is visible

2020-09-03 16:10:37 - [TEST_STEP][PASSED] - click(findTestObject("V2/PR-369/Edit_Meeting_Rocks/Rocks_Menu")): Object: 'Object Repository/V2/PR-369/Edit_Meeting_Rocks/Rocks_Menu' is clicked on

2020-09-03 16:10:37 - [MESSAGE][PASSED] - Object: 'Object Repository/V2/PR-369/Edit_Meeting_Rocks/Rocks_Menu' is clicked on

2020-09-03 16:10:37 - [TEST_STEP][PASSED] - click(findTestObject("V2/PR-369/Edit_Meeting_Rocks/CreateRocksButton")): Object: 'Object Repository/V2/PR-369/Edit_Meeting_Rocks/CreateRocksButton' is clicked on

2020-09-03 16:10:37 - [MESSAGE][PASSED] - Object: 'Object Repository/V2/PR-369/Edit_Meeting_Rocks/CreateRocksButton' is clicked on

2020-09-03 16:10:37 - [TEST_STEP][PASSED] - click(findTestObject("V2/PR-369/Edit_Meeting_Rocks/Create_New_Rocks")): Object: 'Object Repository/V2/PR-369/Edit_Meeting_Rocks/Create_New_Rocks' is clicked on

2020-09-03 16:10:37 - [MESSAGE][PASSED] - Object: 'Object Repository/V2/PR-369/Edit_Meeting_Rocks/Create_New_Rocks' is clicked on

2020-09-03 16:10:37 - [TEST_STEP][PASSED] - waitForElementVisible(findTestObject("V2/PR-369/Edit_Meeting_Rocks/Rock_Name_Title"), DefaultTimeout): Object 'Object Repository/V2/PR-369/Edit_Meeting_Rocks/Rock_Name_Title' is visible

2020-09-03 16:10:37 - [MESSAGE][PASSED] - Object 'Object Repository/V2/PR-369/Edit_Meeting_Rocks/Rock_Name_Title' is visible

2020-09-03 16:10:37 - [TEST_STEP][PASSED] - setText(findTestObject("V2/PR-369/Edit_Meeting_Rocks/Rock_Name_Title"), rockName): Text 'QA Edit Meeting Automation Rock Test' is set on object 'Object Repository/V2/PR-369/Edit_Meeting_Rocks/Rock_Name_Title'

2020-09-03 16:10:38 - [MESSAGE][PASSED] - Text 'QA Edit Meeting Automation Rock Test' is set on object 'Object Repository/V2/PR-369/Edit_Meeting_Rocks/Rock_Name_Title'

2020-09-03 16:10:38 - [TEST_STEP][PASSED] - click(findTestObject("V2/PR-369/Edit_Meeting_Rocks/Status_OffTrack_Rock")): Object: 'Object Repository/V2/PR-369/Edit_Meeting_Rocks/Status_OffTrack_Rock' is clicked on

2020-09-03 16:10:38 - [MESSAGE][PASSED] - Object: 'Object Repository/V2/PR-369/Edit_Meeting_Rocks/Status_OffTrack_Rock' is clicked on

2020-09-03 16:10:38 - [TEST_STEP][PASSED] - click(findTestObject("V2/PR-369/Edit_Meeting_Rocks/Accountable_Owner_Field")): Object: 'Object Repository/V2/PR-369/Edit_Meeting_Rocks/Accountable_Owner_Field' is clicked on

2020-09-03 16:10:38 - [MESSAGE][PASSED] - Object: 'Object Repository/V2/PR-369/Edit_Meeting_Rocks/Accountable_Owner_Field' is clicked on

2020-09-03 16:10:38 - [TEST_STEP][PASSED] - accountableOwner = tt_CustomKeywords.CustomKeywords.CreateDynamicElement(owner_Obj, ownerSelected, "xpath"): Successfully created new dynamic object: //div[@data-test-id='createRock']//div[@role='listbox'][@class='visible menu transition']/div[@role='option'][contains(@class,'item')]/span[text()='Admin User']

2020-09-03 16:10:38 - [MESSAGE][PASSED] - Successfully created new dynamic object: //div[@data-test-id='createRock']//div[@role='listbox'][@class='visible menu transition']/div[@role='option'][contains(@class,'item')]/span[text()='Admin User']

2020-09-03 16:10:38 - [TEST_STEP][PASSED] - click(accountableOwner): Object: '' is clicked on

2020-09-03 16:10:38 - [MESSAGE][PASSED] - Object: '' is clicked on

2020-09-03 16:10:38 - [TEST_STEP][PASSED] - click(findTestObject("V2/PR-369/Edit_Meeting_Rocks/Visibility_Level_Field")): Object: 'Object Repository/V2/PR-369/Edit_Meeting_Rocks/Visibility_Level_Field' is clicked on

2020-09-03 16:10:38 - [MESSAGE][PASSED] - Object: 'Object Repository/V2/PR-369/Edit_Meeting_Rocks/Visibility_Level_Field' is clicked on

2020-09-03 16:10:38 - [TEST_STEP][PASSED] - click(findTestObject("V2/PR-369/Edit_Meeting_Rocks/Visibility_Level_Company")): Object: 'Object Repository/V2/PR-369/Edit_Meeting_Rocks/Visibility_Level_Company' is clicked on

2020-09-03 16:10:38 - [MESSAGE][PASSED] - Object: 'Object Repository/V2/PR-369/Edit_Meeting_Rocks/Visibility_Level_Company' is clicked on

2020-09-03 16:10:38 - [TEST_STEP][PASSED] - click(findTestObject("V2/PR-369/Edit_Meeting_Rocks/Rocks_Due_Date_Field")): Object: 'Object Repository/V2/PR-369/Edit_Meeting_Rocks/Rocks_Due_Date_Field' is clicked on

2020-09-03 16:10:38 - [MESSAGE][PASSED] - Object: 'Object Repository/V2/PR-369/Edit_Meeting_Rocks/Rocks_Due_Date_Field' is clicked on

2020-09-03 16:10:38 - [TEST_STEP][PASSED] - waitForElementVisible(findTestObject("V2/PR-369/Edit_Meeting_Scorecard/A_Date29"), DefaultTimeout): Object 'Object Repository/V2/PR-369/Edit_Meeting_Scorecard/A_Date29' is visible

2020-09-03 16:10:38 - [MESSAGE][PASSED] - Object 'Object Repository/V2/PR-369/Edit_Meeting_Scorecard/A_Date29' is visible

2020-09-03 16:10:38 - [TEST_STEP][PASSED] - click(findTestObject("V2/PR-369/Edit_Meeting_Scorecard/A_Date29")): Object: 'Object Repository/V2/PR-369/Edit_Meeting_Scorecard/A_Date29' is clicked on

2020-09-03 16:10:38 - [MESSAGE][PASSED] - Object: 'Object Repository/V2/PR-369/Edit_Meeting_Scorecard/A_Date29' is clicked on

2020-09-03 16:10:38 - [TEST_STEP][PASSED] - verifyElementVisible(findTestObject("V2/PR-369/Edit_Meeting_Rocks/Verify_Notes_Section")): Object 'Object Repository/V2/PR-369/Edit_Meeting_Rocks/Verify_Notes_Section' is visible

2020-09-03 16:10:39 - [MESSAGE][PASSED] - Object 'Object Repository/V2/PR-369/Edit_Meeting_Rocks/Verify_Notes_Section' is visible

2020-09-03 16:10:39 - [TEST_STEP][PASSED] - setText(findTestObject("V2/PR-369/Edit_Meeting_Rocks/Notes_Comments"), Notes): Text 'Sample Notes' is set on object 'Object Repository/V2/PR-369/Edit_Meeting_Rocks/Notes_Comments'

2020-09-03 16:10:50 - [MESSAGE][PASSED] - Text 'Sample Notes' is set on object 'Object Repository/V2/PR-369/Edit_Meeting_Rocks/Notes_Comments'

2020-09-03 16:10:50 - [TEST_STEP][PASSED] - sendKeys(findTestObject("V2/PR-369/Edit_Meeting_Rocks/Add_Milestone_Button"), Keys.chord(PAGE_DOWN)): Keys 'PAGE_DOWN + ' sent to object: 'Object Repository/V2/PR-369/Edit_Meeting_Rocks/Add_Milestone_Button'

2020-09-03 16:10:50 - [MESSAGE][PASSED] - Keys 'PAGE_DOWN + ' sent to object: 'Object Repository/V2/PR-369/Edit_Meeting_Rocks/Add_Milestone_Button'

2020-09-03 16:10:50 - [TEST_STEP][PASSED] - click(findTestObject("V2/PR-369/Edit_Meeting_Rocks/Add_Milestone_Button")): Object: 'Object Repository/V2/PR-369/Edit_Meeting_Rocks/Add_Milestone_Button' is clicked on

2020-09-03 16:10:50 - [MESSAGE][PASSED] - Object: 'Object Repository/V2/PR-369/Edit_Meeting_Rocks/Add_Milestone_Button' is clicked on

2020-09-03 16:10:50 - [TEST_STEP][PASSED] - setText(findTestObject("V2/PR-369/Edit_Meeting_Rocks/Milestone_Text_Field"), milestoneName): Text 'Milestone 1' is set on object 'Object Repository/V2/PR-369/Edit_Meeting_Rocks/Milestone_Text_Field'

2020-09-03 16:10:51 - [MESSAGE][PASSED] - Text 'Milestone 1' is set on object 'Object Repository/V2/PR-369/Edit_Meeting_Rocks/Milestone_Text_Field'

2020-09-03 16:10:51 - [TEST_STEP][PASSED] - click(findTestObject("V2/PR-369/Edit_Meeting_Rocks/Milestone_date")): Object: 'Object Repository/V2/PR-369/Edit_Meeting_Rocks/Milestone_date' is clicked on

2020-09-03 16:10:51 - [MESSAGE][PASSED] - Object: 'Object Repository/V2/PR-369/Edit_Meeting_Rocks/Milestone_date' is clicked on

2020-09-03 16:10:51 - [TEST_STEP][PASSED] - waitForElementVisible(findTestObject("V2/PR-369/Edit_Meeting_Scorecard/A_Date29"), DefaultTimeout): Object 'Object Repository/V2/PR-369/Edit_Meeting_Scorecard/A_Date29' is visible

2020-09-03 16:10:51 - [MESSAGE][PASSED] - Object 'Object Repository/V2/PR-369/Edit_Meeting_Scorecard/A_Date29' is visible

2020-09-03 16:10:51 - [TEST_STEP][PASSED] - click(findTestObject("V2/PR-369/Edit_Meeting_Scorecard/A_Date29")): Object: 'Object Repository/V2/PR-369/Edit_Meeting_Scorecard/A_Date29' is clicked on

2020-09-03 16:10:52 - [MESSAGE][PASSED] - Object: 'Object Repository/V2/PR-369/Edit_Meeting_Scorecard/A_Date29' is clicked on

2020-09-03 16:10:52 - [TEST_STEP][PASSED] - click(findTestObject("V2/PR-369/Edit_Meeting_Rocks/Save_Button")): Object: 'Object Repository/V2/PR-369/Edit_Meeting_Rocks/Save_Button' is clicked on

2020-09-03 16:10:52 - [MESSAGE][PASSED] - Object: 'Object Repository/V2/PR-369/Edit_Meeting_Rocks/Save_Button' is clicked on

2020-09-03 16:10:52 - [TEST_STEP][PASSED] - delay(10): Delayed 10 second(s)

2020-09-03 16:11:02 - [MESSAGE][PASSED] - Delayed 10 second(s)

2020-09-03 16:11:02 - [TEST_STEP][PASSED] - verifyRocks = tt_CustomKeywords.CustomKeywords.CreateDynamicElement(verifyRocks_Obj, rockName, "xpath"): Successfully created new dynamic object: //h2[text()='Rocks']/ancestor::div[contains(@class,'CardStyles')]/div[2]//div[@data-test-id='rock.title'][contains(@class,'TextBodyStyles-sc') and text()='QA Edit Meeting Automation Rock Test']

2020-09-03 16:11:02 - [MESSAGE][PASSED] - Successfully created new dynamic object: //h2[text()='Rocks']/ancestor::div[contains(@class,'CardStyles')]/div[2]//div[@data-test-id='rock.title'][contains(@class,'TextBodyStyles-sc') and text()='QA Edit Meeting Automation Rock Test']

2020-09-03 16:11:02 - [TEST_STEP][PASSED] - verifyElementPresent(verifyRocks, DefaultTimeout): Object '' is present

2020-09-03 16:11:02 - [MESSAGE][PASSED] - Object '' is present

2020-09-03 16:11:02 - [TEST_STEP][PASSED] - verifyMilestone = tt_CustomKeywords.CustomKeywords.CreateDynamicElement(verifyMilestone_Obj, milestoneName, "xpath"): Successfully created new dynamic object: //h2[text()='Rocks']/ancestor::div[contains(@class,'CardStyles')]/div[2]//div[contains(@class,'milestoneListItem__name')]/span[text()='Milestone 1']

2020-09-03 16:11:02 - [MESSAGE][PASSED] - Successfully created new dynamic object: //h2[text()='Rocks']/ancestor::div[contains(@class,'CardStyles')]/div[2]//div[contains(@class,'milestoneListItem__name')]/span[text()='Milestone 1']

2020-09-03 16:11:02 - [TEST_STEP][PASSED] - verifyElementPresent(verifyMilestone, DefaultTimeout): Object '' is present

2020-09-03 16:11:02 - [MESSAGE][PASSED] - Object '' is present

2020-09-03 16:11:02 - [TEST_STEP][NOT_RUN] - click(verifyRocks): NOT_RUN: click(verifyRocks)

2020-09-03 16:11:02 - [MESSAGE][NOT_RUN] - NOT_RUN: click(verifyRocks)

2020-09-03 16:11:02 - [TEST_STEP][NOT_RUN] - delay(10): NOT_RUN: delay(10)

2020-09-03 16:11:02 - [MESSAGE][NOT_RUN] - NOT_RUN: delay(10)

2020-09-03 16:11:02 - [TEST_STEP][NOT_RUN] - click(findTestObject("V2/PR-369/UpdateEditMeetingRocks/Edit_Rock_Name")): NOT_RUN: click(findTestObject("V2/PR-369/UpdateEditMeetingRocks/Edit_Rock_Name"))

2020-09-03 16:11:02 - [MESSAGE][NOT_RUN] - NOT_RUN: click(findTestObject("V2/PR-369/UpdateEditMeetingRocks/Edit_Rock_Name"))

2020-09-03 16:11:02 - [TEST_STEP][NOT_RUN] - sendKeys(findTestObject("V2/PR-369/UpdateEditMeetingRocks/Edit_Rock_Name"), Keys.chord(LEFT_CONTROL, "a", BACK_SPACE)): NOT_RUN: sendKeys(findTestObject("V2/PR-369/UpdateEditMeetingRocks/Edit_Rock_Name"), Keys.chord(LEFT_CONTROL, "a", BACK_SPACE))

2020-09-03 16:11:02 - [MESSAGE][NOT_RUN] - NOT_RUN: sendKeys(findTestObject("V2/PR-369/UpdateEditMeetingRocks/Edit_Rock_Name"), Keys.chord(LEFT_CONTROL, "a", BACK_SPACE))

2020-09-03 16:11:02 - [TEST_STEP][NOT_RUN] - setText(findTestObject("V2/PR-369/UpdateEditMeetingRocks/Edit_Rock_Name"), editRockName): NOT_RUN: setText(findTestObject("V2/PR-369/UpdateEditMeetingRocks/Edit_Rock_Name"), editRockName)

2020-09-03 16:11:02 - [MESSAGE][NOT_RUN] - NOT_RUN: setText(findTestObject("V2/PR-369/UpdateEditMeetingRocks/Edit_Rock_Name"), editRockName)

2020-09-03 16:11:02 - [TEST_STEP][NOT_RUN] - click(findTestObject("V2/PR-369/UpdateEditMeetingRocks/Edit_Status_Done")): NOT_RUN: click(findTestObject("V2/PR-369/UpdateEditMeetingRocks/Edit_Status_Done"))

2020-09-03 16:11:02 - [MESSAGE][NOT_RUN] - NOT_RUN: click(findTestObject("V2/PR-369/UpdateEditMeetingRocks/Edit_Status_Done"))

2020-09-03 16:11:02 - [TEST_STEP][NOT_RUN] - click(findTestObject("V2/PR-369/UpdateEditMeetingRocks/Edit_Accountable_Owner")): NOT_RUN: click(findTestObject("V2/PR-369/UpdateEditMeetingRocks/Edit_Accountable_Owner"))

2020-09-03 16:11:02 - [MESSAGE][NOT_RUN] - NOT_RUN: click(findTestObject("V2/PR-369/UpdateEditMeetingRocks/Edit_Accountable_Owner"))

2020-09-03 16:11:02 - [TEST_STEP][NOT_RUN] - editOwner = tt_CustomKeywords.CustomKeywords.CreateDynamicElement(editOwner_Obj, editOwner, "xpath"): NOT_RUN: editOwner = tt_CustomKeywords.CustomKeywords.CreateDynamicElement(editOwner_Obj, editOwner, "xpath")

2020-09-03 16:11:02 - [MESSAGE][NOT_RUN] - NOT_RUN: editOwner = tt_CustomKeywords.CustomKeywords.CreateDynamicElement(editOwner_Obj, editOwner, "xpath")

2020-09-03 16:11:02 - [TEST_STEP][NOT_RUN] - click(editOwner): NOT_RUN: click(editOwner)

2020-09-03 16:11:02 - [MESSAGE][NOT_RUN] - NOT_RUN: click(editOwner)

2020-09-03 16:11:02 - [TEST_STEP][NOT_RUN] - click(findTestObject("V2/PR-369/UpdateEditMeetingRocks/Edit_Visibility_Level")): NOT_RUN: click(findTestObject("V2/PR-369/UpdateEditMeetingRocks/Edit_Visibility_Level"))

2020-09-03 16:11:02 - [MESSAGE][NOT_RUN] - NOT_RUN: click(findTestObject("V2/PR-369/UpdateEditMeetingRocks/Edit_Visibility_Level"))

2020-09-03 16:11:02 - [TEST_STEP][NOT_RUN] - click(findTestObject("V2/PR-369/UpdateEditMeetingRocks/Edit_Visibility_Level_Department")): NOT_RUN: click(findTestObject("V2/PR-369/UpdateEditMeetingRocks/Edit_Visibility_Level_Department"))

2020-09-03 16:11:02 - [MESSAGE][NOT_RUN] - NOT_RUN: click(findTestObject("V2/PR-369/UpdateEditMeetingRocks/Edit_Visibility_Level_Department"))

2020-09-03 16:11:02 - [TEST_STEP][NOT_RUN] - sendKeys(findTestObject("V2/PR-369/UpdateEditMeetingRocks/Edit_Milestone"), Keys.chord(LEFT_CONTROL, "a", BACK_SPACE)): NOT_RUN: sendKeys(findTestObject("V2/PR-369/UpdateEditMeetingRocks/Edit_Milestone"), Keys.chord(LEFT_CONTROL, "a", BACK_SPACE))

2020-09-03 16:11:02 - [MESSAGE][NOT_RUN] - NOT_RUN: sendKeys(findTestObject("V2/PR-369/UpdateEditMeetingRocks/Edit_Milestone"), Keys.chord(LEFT_CONTROL, "a", BACK_SPACE))

2020-09-03 16:11:02 - [TEST_STEP][NOT_RUN] - setText(findTestObject("V2/PR-369/UpdateEditMeetingRocks/Edit_Milestone"), editMilestoneName): NOT_RUN: setText(findTestObject("V2/PR-369/UpdateEditMeetingRocks/Edit_Milestone"), editMilestoneName)

2020-09-03 16:11:02 - [MESSAGE][NOT_RUN] - NOT_RUN: setText(findTestObject("V2/PR-369/UpdateEditMeetingRocks/Edit_Milestone"), editMilestoneName)

2020-09-03 16:11:02 - [TEST_STEP][NOT_RUN] - click(findTestObject("V2/PR-369/UpdateEditMeetingRocks/Done_CheckBox")): NOT_RUN: click(findTestObject("V2/PR-369/UpdateEditMeetingRocks/Done_CheckBox"))

2020-09-03 16:11:02 - [MESSAGE][NOT_RUN] - NOT_RUN: click(findTestObject("V2/PR-369/UpdateEditMeetingRocks/Done_CheckBox"))

2020-09-03 16:11:02 - [TEST_STEP][NOT_RUN] - click(findTestObject("V2/PR-369/UpdateEditMeetingRocks/Update_Button")): NOT_RUN: click(findTestObject("V2/PR-369/UpdateEditMeetingRocks/Update_Button"))

2020-09-03 16:11:02 - [MESSAGE][NOT_RUN] - NOT_RUN: click(findTestObject("V2/PR-369/UpdateEditMeetingRocks/Update_Button"))

2020-09-03 16:11:02 - [TEST_STEP][NOT_RUN] - delay(10): NOT_RUN: delay(10)

2020-09-03 16:11:02 - [MESSAGE][NOT_RUN] - NOT_RUN: delay(10)

2020-09-03 16:11:02 - [TEST_STEP][NOT_RUN] - editverifyRocks = tt_CustomKeywords.CustomKeywords.CreateDynamicElement(verifyRocks_Obj, editRockName, "xpath"): NOT_RUN: editverifyRocks = tt_CustomKeywords.CustomKeywords.CreateDynamicElement(verifyRocks_Obj, editRockName, "xpath")

2020-09-03 16:11:02 - [MESSAGE][NOT_RUN] - NOT_RUN: editverifyRocks = tt_CustomKeywords.CustomKeywords.CreateDynamicElement(verifyRocks_Obj, editRockName, "xpath")

2020-09-03 16:11:02 - [TEST_STEP][NOT_RUN] - verifyElementPresent(editverifyRocks, DefaultTimeout): NOT_RUN: verifyElementPresent(editverifyRocks, DefaultTimeout)

2020-09-03 16:11:02 - [MESSAGE][NOT_RUN] - NOT_RUN: verifyElementPresent(editverifyRocks, DefaultTimeout)

2020-09-03 16:11:02 - [TEST_STEP][NOT_RUN] - editverifyMilestone = tt_CustomKeywords.CustomKeywords.CreateDynamicElement(verifyMilestone_Obj, editMilestoneName, "xpath"): NOT_RUN: editverifyMilestone = tt_CustomKeywords.CustomKeywords.CreateDynamicElement(verifyMilestone_Obj, editMilestoneName, "xpath")

2020-09-03 16:11:02 - [MESSAGE][NOT_RUN] - NOT_RUN: editverifyMilestone = tt_CustomKeywords.CustomKeywords.CreateDynamicElement(verifyMilestone_Obj, editMilestoneName, "xpath")

2020-09-03 16:11:02 - [TEST_STEP][NOT_RUN] - verifyElementPresent(editverifyMilestone, DefaultTimeout): NOT_RUN: verifyElementPresent(editverifyMilestone, DefaultTimeout)

2020-09-03 16:11:02 - [MESSAGE][NOT_RUN] - NOT_RUN: verifyElementPresent(editverifyMilestone, DefaultTimeout)

2020-09-03 16:11:02 - [MESSAGE][PASSED] - Call Test Case 'Test Cases/V2/Test Case/Tests/PR-369 - EditMeetingAgenda/Test Cases/Positive/Admin/PR_369_7_EditMeetingCreateRock_Admin' successfully

2020-09-03 16:11:02 - [TEST_STEP][PASSED] - changeWebDriver(driver2): null

2020-09-03 16:11:02 - [TEST_STEP][PASSED] - callTestCase(findTestCase("V2/Test Case/Pre-conditions/PRE_CreateL10Meeting"), ["meetingName":meetingNameS, "meetingAcronym":meetingAcronym, "meetingType":meetingType, "dropdownOptions_obj":"//div[@id='CREATE_MEETING_L10']//span[text()='%s']/parent::div[@role='option']", ... ], STOP_ON_FAILURE): Call Test Case 'Test Cases/V2/Test Case/Pre-conditions/PRE_CreateL10Meeting' successfully

2020-09-03 16:11:02 - [TEST_CASE][PASSED] - Test Cases/V2/Test Case/Pre-conditions/PRE_CreateL10Meeting: Test Cases/V2/Test Case/Pre-conditions/PRE_CreateL10Meeting

2020-09-03 16:11:02 - [TEST_STEP][PASSED] - click(findTestObject("V2/Commons/DasboardPage_SidebarMenu/MeetingsMenu")): Object: 'Object Repository/V2/Commons/DasboardPage_SidebarMenu/MeetingsMenu' is clicked on

2020-09-03 16:11:02 - [MESSAGE][PASSED] - Object: 'Object Repository/V2/Commons/DasboardPage_SidebarMenu/MeetingsMenu' is clicked on

2020-09-03 16:11:02 - [TEST_STEP][PASSED] - click(findTestObject("Object Repository/V2/Commons/MeetingListPage/div_Create a meeting")): Object: 'Object Repository/V2/Commons/MeetingListPage/div_Create a meeting' is clicked on

2020-09-03 16:11:08 - [MESSAGE][PASSED] - Object: 'Object Repository/V2/Commons/MeetingListPage/div_Create a meeting' is clicked on

2020-09-03 16:11:08 - [TEST_STEP][PASSED] - click(findTestObject("Object Repository/V2/Commons/MeetingListPage/button_Level 10")): Object: 'Object Repository/V2/Commons/MeetingListPage/button_Level 10' is clicked on

2020-09-03 16:11:08 - [MESSAGE][PASSED] - Object: 'Object Repository/V2/Commons/MeetingListPage/button_Level 10' is clicked on

2020-09-03 16:11:08 - [TEST_STEP][PASSED] - waitForElementVisible(findTestObject("V2/Commons/CreateL10MeetingDrawer/input__name"), DefaultTimeout): Object 'Object Repository/V2/Commons/CreateL10MeetingDrawer/input__name' is visible

2020-09-03 16:11:09 - [MESSAGE][PASSED] - Object 'Object Repository/V2/Commons/CreateL10MeetingDrawer/input__name' is visible

2020-09-03 16:11:09 - [TEST_STEP][PASSED] - setText(findTestObject("V2/Commons/CreateL10MeetingDrawer/input__name"), meetingName): Text 'Meeting Supervisor' is set on object 'Object Repository/V2/Commons/CreateL10MeetingDrawer/input__name'

2020-09-03 16:11:09 - [MESSAGE][PASSED] - Text 'Meeting Supervisor' is set on object 'Object Repository/V2/Commons/CreateL10MeetingDrawer/input__name'

2020-09-03 16:11:09 - [TEST_STEP][PASSED] - setText(findTestObject("V2/Commons/CreateL10MeetingDrawer/input__acronym"), meetingAcronym): Text 'CL10' is set on object 'Object Repository/V2/Commons/CreateL10MeetingDrawer/input__acronym'

2020-09-03 16:11:09 - [MESSAGE][PASSED] - Text 'CL10' is set on object 'Object Repository/V2/Commons/CreateL10MeetingDrawer/input__acronym'

2020-09-03 16:11:09 - [TEST_STEP][PASSED] - click(findTestObject("V2/Commons/CreateL10MeetingDrawer/input__typeOfMeeting")): Object: 'Object Repository/V2/Commons/CreateL10MeetingDrawer/input__typeOfMeeting' is clicked on

2020-09-03 16:11:09 - [MESSAGE][PASSED] - Object: 'Object Repository/V2/Commons/CreateL10MeetingDrawer/input__typeOfMeeting' is clicked on

2020-09-03 16:11:09 - [TEST_STEP][PASSED] - meetingTypeOption_Obj = tt_CustomKeywords.CustomKeywords.CreateDynamicElement(dropdownOptions_obj, meetingType, "xpath"): Successfully created new dynamic object: //div[@id='CREATE_MEETING_L10']//span[text()='Leadership']/parent::div[@role='option']

2020-09-03 16:11:09 - [MESSAGE][PASSED] - Successfully created new dynamic object: //div[@id='CREATE_MEETING_L10']//span[text()='Leadership']/parent::div[@role='option']

2020-09-03 16:11:09 - [TEST_STEP][PASSED] - click(meetingTypeOption_Obj): Object: '' is clicked on

2020-09-03 16:11:09 - [MESSAGE][PASSED] - Object: '' is clicked on

2020-09-03 16:11:09 - [TEST_STEP][PASSED] - click(findTestObject("V2/Commons/CreateL10MeetingDrawer/div_dayOfMeetingDropdownList")): Object: 'Object Repository/V2/Commons/CreateL10MeetingDrawer/div_dayOfMeetingDropdownList' is clicked on

2020-09-03 16:11:09 - [MESSAGE][PASSED] - Object: 'Object Repository/V2/Commons/CreateL10MeetingDrawer/div_dayOfMeetingDropdownList' is clicked on

2020-09-03 16:11:09 - [TEST_STEP][PASSED] - dayOfMeetingOption_Obj = tt_CustomKeywords.CustomKeywords.CreateDynamicElement(dropdownOptions_obj, dayOfMeeting, "xpath"): Successfully created new dynamic object: //div[@id='CREATE_MEETING_L10']//span[text()='Monday']/parent::div[@role='option']

2020-09-03 16:11:09 - [MESSAGE][PASSED] - Successfully created new dynamic object: //div[@id='CREATE_MEETING_L10']//span[text()='Monday']/parent::div[@role='option']

2020-09-03 16:11:09 - [TEST_STEP][PASSED] - click(dayOfMeetingOption_Obj): Object: '' is clicked on

2020-09-03 16:11:09 - [MESSAGE][PASSED] - Object: '' is clicked on

2020-09-03 16:11:09 - [TEST_STEP][PASSED] - click(findTestObject("V2/Commons/CreateL10MeetingDrawer/input_meetingTime")): Object: 'Object Repository/V2/Commons/CreateL10MeetingDrawer/input_meetingTime' is clicked on

2020-09-03 16:11:09 - [MESSAGE][PASSED] - Object: 'Object Repository/V2/Commons/CreateL10MeetingDrawer/input_meetingTime' is clicked on

2020-09-03 16:11:09 - [TEST_STEP][PASSED] - setText(findTestObject("V2/Commons/CreateL10MeetingDrawer/input_meetingTime"), meetingTime): Text '12:00' is set on object 'Object Repository/V2/Commons/CreateL10MeetingDrawer/input_meetingTime'

2020-09-03 16:11:09 - [MESSAGE][PASSED] - Text '12:00' is set on object 'Object Repository/V2/Commons/CreateL10MeetingDrawer/input_meetingTime'

2020-09-03 16:11:09 - [TEST_STEP][PASSED] - sendKeys(findTestObject("V2/Commons/CreateL10MeetingDrawer/input_meetingTime"), Keys.chord(TAB)): Keys 'TAB + ' sent to object: 'Object Repository/V2/Commons/CreateL10MeetingDrawer/input_meetingTime'

2020-09-03 16:11:10 - [MESSAGE][PASSED] - Keys 'TAB + ' sent to object: 'Object Repository/V2/Commons/CreateL10MeetingDrawer/input_meetingTime'

2020-09-03 16:11:10 - [TEST_STEP][PASSED] - click(findTestObject("V2/Commons/CreateL10MeetingDrawer/div_Create Meeting")): Object: 'Object Repository/V2/Commons/CreateL10MeetingDrawer/div_Create Meeting' is clicked on

2020-09-03 16:11:10 - [MESSAGE][PASSED] - Object: 'Object Repository/V2/Commons/CreateL10MeetingDrawer/div_Create Meeting' is clicked on

2020-09-03 16:11:10 - [TEST_STEP][PASSED] - waitForElementVisible(findTestObject("Object Repository/V2/Commons/MeetingListPage/div_Ill do this later"), DefaultTimeout): Object 'Object Repository/V2/Commons/MeetingListPage/div_Ill do this later' is visible

2020-09-03 16:11:43 - [MESSAGE][PASSED] - Object 'Object Repository/V2/Commons/MeetingListPage/div_Ill do this later' is visible

2020-09-03 16:11:43 - [TEST_STEP][PASSED] - verifyElementVisible(findTestObject("Object Repository/V2/Commons/MeetingListPage/div_Ill do this later"), STOP_ON_FAILURE): Object 'Object Repository/V2/Commons/MeetingListPage/div_Ill do this later' is visible

2020-09-03 16:11:43 - [MESSAGE][PASSED] - Object 'Object Repository/V2/Commons/MeetingListPage/div_Ill do this later' is visible

2020-09-03 16:11:43 - [TEST_STEP][PASSED] - click(findTestObject("Object Repository/V2/Commons/MeetingListPage/div_Ill do this later")): Object: 'Object Repository/V2/Commons/MeetingListPage/div_Ill do this later' is clicked on

2020-09-03 16:11:44 - [MESSAGE][PASSED] - Object: 'Object Repository/V2/Commons/MeetingListPage/div_Ill do this later' is clicked on

2020-09-03 16:11:44 - [TEST_STEP][PASSED] - meetingRecordObj = tt_CustomKeywords.CustomKeywords.CreateDynamicElement(meetingRecord_obj, meetingName, "xpath"): Successfully created new dynamic object: //div[@class='detailscontainer__block item']/h4[text()='Meeting Supervisor']

2020-09-03 16:11:44 - [MESSAGE][PASSED] - Successfully created new dynamic object: //div[@class='detailscontainer__block item']/h4[text()='Meeting Supervisor']

2020-09-03 16:11:44 - [TEST_STEP][PASSED] - verifyElementPresent(meetingRecordObj, DefaultTimeout): Object '' is present

2020-09-03 16:11:44 - [MESSAGE][PASSED] - Object '' is present

2020-09-03 16:11:44 - [MESSAGE][PASSED] - Call Test Case 'Test Cases/V2/Test Case/Pre-conditions/PRE_CreateL10Meeting' successfully

2020-09-03 16:11:44 - [TEST_STEP][PASSED] - callTestCase(findTestCase("V2/Test Case/Tests/PR-369 - EditMeetingAgenda/Test Cases/Positive/Supervisor/PR_369_7_EditMeetingCreateRock_Supervisor"), ["userName":"jeff+075@mytractiontools.com", "passWord":"Skyline69A*", "meetingRowPosition":"3", "editMeetingMenu_Obj":"//div[@id='root']/div/div[2]/div/div/div/div[2]/div/div[%s]/div[3]/button/i", ... ], STOP_ON_FAILURE): Call Test Case 'Test Cases/V2/Test Case/Tests/PR-369 - EditMeetingAgenda/Test Cases/Positive/Supervisor/PR_369_7_EditMeetingCreateRock_Supervisor' successfully

2020-09-03 16:11:44 - [TEST_CASE][PASSED] - Test Cases/V2/Test Case/Tests/PR-369 - EditMeetingAgenda/Test Cases/Positive/Supervisor/PR_369_7_EditMeetingCreateRock_Supervisor: Test Cases/V2/Test Case/Tests/PR-369 - EditMeetingAgenda/Test Cases/Positive/Supervisor/PR_369_7_EditMeetingCreateRock_Supervisor

2020-09-03 16:11:44 - [TEST_STEP][NOT_RUN] - openBrowser(""): NOT_RUN: openBrowser("")

2020-09-03 16:11:44 - [MESSAGE][NOT_RUN] - NOT_RUN: openBrowser("")

2020-09-03 16:11:44 - [TEST_STEP][NOT_RUN] - maximizeWindow(): NOT_RUN: maximizeWindow()

2020-09-03 16:11:44 - [MESSAGE][NOT_RUN] - NOT_RUN: maximizeWindow()

2020-09-03 16:11:44 - [TEST_STEP][NOT_RUN] - navigateToUrl(V2Url): NOT_RUN: navigateToUrl(V2Url)

2020-09-03 16:11:44 - [MESSAGE][NOT_RUN] - NOT_RUN: navigateToUrl(V2Url)

2020-09-03 16:11:44 - [TEST_STEP][NOT_RUN] - setText(findTestObject("V2/PR-369/Page_Login/userName_Field"), "tractiontools.user001+ta58jzbl@gmail.com"): NOT_RUN: setText(findTestObject("V2/PR-369/Page_Login/userName_Field"), "tractiontools.user001+ta58jzbl@gmail.com")

2020-09-03 16:11:44 - [MESSAGE][NOT_RUN] - NOT_RUN: setText(findTestObject("V2/PR-369/Page_Login/userName_Field"), "tractiontools.user001+ta58jzbl@gmail.com")

2020-09-03 16:11:44 - [TEST_STEP][NOT_RUN] - setText(findTestObject("V2/PR-369/Page_Login/passWord_Field"), "Qwer123!"): NOT_RUN: setText(findTestObject("V2/PR-369/Page_Login/passWord_Field"), "Qwer123!")

2020-09-03 16:11:44 - [MESSAGE][NOT_RUN] - NOT_RUN: setText(findTestObject("V2/PR-369/Page_Login/passWord_Field"), "Qwer123!")

2020-09-03 16:11:44 - [TEST_STEP][NOT_RUN] - click(findTestObject("V2/PR-369/Page_Login/Login_Button")): NOT_RUN: click(findTestObject("V2/PR-369/Page_Login/Login_Button"))

2020-09-03 16:11:44 - [MESSAGE][NOT_RUN] - NOT_RUN: click(findTestObject("V2/PR-369/Page_Login/Login_Button"))

2020-09-03 16:11:44 - [TEST_STEP][PASSED] - waitForElementVisible(findTestObject("V2/Commons/DasboardPage_SidebarMenu/MeetingsMenu"), DefaultTimeout): Object 'Object Repository/V2/Commons/DasboardPage_SidebarMenu/MeetingsMenu' is visible

2020-09-03 16:11:44 - [MESSAGE][PASSED] - Object 'Object Repository/V2/Commons/DasboardPage_SidebarMenu/MeetingsMenu' is visible

2020-09-03 16:11:44 - [TEST_STEP][PASSED] - click(findTestObject("V2/Commons/DasboardPage_SidebarMenu/MeetingsMenu")): Object: 'Object Repository/V2/Commons/DasboardPage_SidebarMenu/MeetingsMenu' is clicked on

2020-09-03 16:11:44 - [MESSAGE][PASSED] - Object: 'Object Repository/V2/Commons/DasboardPage_SidebarMenu/MeetingsMenu' is clicked on

2020-09-03 16:11:44 - [TEST_STEP][PASSED] - meetingOpt_Obj = tt_CustomKeywords.CustomKeywords.CreateDynamicElement(meetingOptions_obj, meetingName, "xpath"): Successfully created new dynamic object: //h4[text()='Meeting Supervisor']/ancestor::div[contains(@class,'ListContainer')]/div[@class='listcontainer__options']/button

2020-09-03 16:11:44 - [MESSAGE][PASSED] - Successfully created new dynamic object: //h4[text()='Meeting Supervisor']/ancestor::div[contains(@class,'ListContainer')]/div[@class='listcontainer__options']/button

2020-09-03 16:11:44 - [TEST_STEP][PASSED] - waitForElementVisible(meetingOpt_Obj, DefaultTimeout): Object '' is visible

2020-09-03 16:11:44 - [MESSAGE][PASSED] - Object '' is visible

2020-09-03 16:11:44 - [TEST_STEP][PASSED] - click(meetingOpt_Obj): Object: '' is clicked on

2020-09-03 16:11:44 - [MESSAGE][PASSED] - Object: '' is clicked on

2020-09-03 16:11:44 - [TEST_STEP][PASSED] - click(findTestObject("V2/Commons/MeetingListPage/a_Edit meeting")): Object: 'Object Repository/V2/Commons/MeetingListPage/a_Edit meeting' is clicked on

2020-09-03 16:11:44 - [MESSAGE][PASSED] - Object: 'Object Repository/V2/Commons/MeetingListPage/a_Edit meeting' is clicked on

2020-09-03 16:11:44 - [TEST_STEP][PASSED] - waitForElementVisible(findTestObject("V2/PR-369/Edit_Meeting_Rocks/Rocks_Menu"), DefaultTimeout): Object 'Object Repository/V2/PR-369/Edit_Meeting_Rocks/Rocks_Menu' is visible

2020-09-03 16:11:45 - [MESSAGE][PASSED] - Object 'Object Repository/V2/PR-369/Edit_Meeting_Rocks/Rocks_Menu' is visible

2020-09-03 16:11:45 - [TEST_STEP][PASSED] - click(findTestObject("V2/PR-369/Edit_Meeting_Rocks/Rocks_Menu")): Object: 'Object Repository/V2/PR-369/Edit_Meeting_Rocks/Rocks_Menu' is clicked on

2020-09-03 16:11:46 - [MESSAGE][PASSED] - Object: 'Object Repository/V2/PR-369/Edit_Meeting_Rocks/Rocks_Menu' is clicked on

2020-09-03 16:11:46 - [TEST_STEP][PASSED] - click(findTestObject("V2/PR-369/Edit_Meeting_Rocks/CreateRocksButton")): Object: 'Object Repository/V2/PR-369/Edit_Meeting_Rocks/CreateRocksButton' is clicked on

2020-09-03 16:11:46 - [MESSAGE][PASSED] - Object: 'Object Repository/V2/PR-369/Edit_Meeting_Rocks/CreateRocksButton' is clicked on

2020-09-03 16:11:46 - [TEST_STEP][PASSED] - click(findTestObject("V2/PR-369/Edit_Meeting_Rocks/Create_New_Rocks")): Object: 'Object Repository/V2/PR-369/Edit_Meeting_Rocks/Create_New_Rocks' is clicked on

2020-09-03 16:11:46 - [MESSAGE][PASSED] - Object: 'Object Repository/V2/PR-369/Edit_Meeting_Rocks/Create_New_Rocks' is clicked on

2020-09-03 16:11:46 - [TEST_STEP][PASSED] - waitForElementVisible(findTestObject("V2/PR-369/Edit_Meeting_Rocks/Rock_Name_Title"), DefaultTimeout): Object 'Object Repository/V2/PR-369/Edit_Meeting_Rocks/Rock_Name_Title' is visible

2020-09-03 16:11:46 - [MESSAGE][PASSED] - Object 'Object Repository/V2/PR-369/Edit_Meeting_Rocks/Rock_Name_Title' is visible

2020-09-03 16:11:46 - [TEST_STEP][PASSED] - setText(findTestObject("V2/PR-369/Edit_Meeting_Rocks/Rock_Name_Title"), rockName): Text 'QA Edit Meeting Automation Rock Test' is set on object 'Object Repository/V2/PR-369/Edit_Meeting_Rocks/Rock_Name_Title'

2020-09-03 16:11:46 - [MESSAGE][PASSED] - Text 'QA Edit Meeting Automation Rock Test' is set on object 'Object Repository/V2/PR-369/Edit_Meeting_Rocks/Rock_Name_Title'

2020-09-03 16:11:46 - [TEST_STEP][PASSED] - click(findTestObject("V2/PR-369/Edit_Meeting_Rocks/Status_OffTrack_Rock")): Object: 'Object Repository/V2/PR-369/Edit_Meeting_Rocks/Status_OffTrack_Rock' is clicked on

2020-09-03 16:11:46 - [MESSAGE][PASSED] - Object: 'Object Repository/V2/PR-369/Edit_Meeting_Rocks/Status_OffTrack_Rock' is clicked on

2020-09-03 16:11:46 - [TEST_STEP][PASSED] - click(findTestObject("V2/PR-369/Edit_Meeting_Rocks/Accountable_Owner_Field")): Object: 'Object Repository/V2/PR-369/Edit_Meeting_Rocks/Accountable_Owner_Field' is clicked on

2020-09-03 16:11:46 - [MESSAGE][PASSED] - Object: 'Object Repository/V2/PR-369/Edit_Meeting_Rocks/Accountable_Owner_Field' is clicked on

2020-09-03 16:11:46 - [TEST_STEP][PASSED] - accountableOwner = tt_CustomKeywords.CustomKeywords.CreateDynamicElement(owner_Obj, ownerSelected, "xpath"): Successfully created new dynamic object: //div[@data-test-id='createRock']//div[@role='listbox'][@class='visible menu transition']/div[@role='option'][contains(@class,'item')]/span[text()='Admin User']

2020-09-03 16:11:46 - [MESSAGE][PASSED] - Successfully created new dynamic object: //div[@data-test-id='createRock']//div[@role='listbox'][@class='visible menu transition']/div[@role='option'][contains(@class,'item')]/span[text()='Admin User']

2020-09-03 16:11:46 - [TEST_STEP][PASSED] - click(accountableOwner): Object: '' is clicked on

2020-09-03 16:11:47 - [MESSAGE][PASSED] - Object: '' is clicked on

2020-09-03 16:11:47 - [TEST_STEP][PASSED] - click(findTestObject("V2/PR-369/Edit_Meeting_Rocks/Visibility_Level_Field")): Object: 'Object Repository/V2/PR-369/Edit_Meeting_Rocks/Visibility_Level_Field' is clicked on

2020-09-03 16:11:47 - [MESSAGE][PASSED] - Object: 'Object Repository/V2/PR-369/Edit_Meeting_Rocks/Visibility_Level_Field' is clicked on

2020-09-03 16:11:47 - [TEST_STEP][PASSED] - click(findTestObject("V2/PR-369/Edit_Meeting_Rocks/Visibility_Level_Company")): Object: 'Object Repository/V2/PR-369/Edit_Meeting_Rocks/Visibility_Level_Company' is clicked on

2020-09-03 16:11:47 - [MESSAGE][PASSED] - Object: 'Object Repository/V2/PR-369/Edit_Meeting_Rocks/Visibility_Level_Company' is clicked on

2020-09-03 16:11:47 - [TEST_STEP][PASSED] - click(findTestObject("V2/PR-369/Edit_Meeting_Rocks/Rocks_Due_Date_Field")): Object: 'Object Repository/V2/PR-369/Edit_Meeting_Rocks/Rocks_Due_Date_Field' is clicked on

2020-09-03 16:11:47 - [MESSAGE][PASSED] - Object: 'Object Repository/V2/PR-369/Edit_Meeting_Rocks/Rocks_Due_Date_Field' is clicked on

2020-09-03 16:11:47 - [TEST_STEP][PASSED] - waitForElementVisible(findTestObject("V2/PR-369/Edit_Meeting_Scorecard/A_Date29"), DefaultTimeout): Object 'Object Repository/V2/PR-369/Edit_Meeting_Scorecard/A_Date29' is visible

2020-09-03 16:11:47 - [MESSAGE][PASSED] - Object 'Object Repository/V2/PR-369/Edit_Meeting_Scorecard/A_Date29' is visible

2020-09-03 16:11:47 - [TEST_STEP][PASSED] - click(findTestObject("V2/PR-369/Edit_Meeting_Scorecard/A_Date29")): Object: 'Object Repository/V2/PR-369/Edit_Meeting_Scorecard/A_Date29' is clicked on

2020-09-03 16:11:47 - [MESSAGE][PASSED] - Object: 'Object Repository/V2/PR-369/Edit_Meeting_Scorecard/A_Date29' is clicked on

2020-09-03 16:11:47 - [TEST_STEP][PASSED] - verifyElementVisible(findTestObject("V2/PR-369/Edit_Meeting_Rocks/Verify_Notes_Section")): Object 'Object Repository/V2/PR-369/Edit_Meeting_Rocks/Verify_Notes_Section' is visible

2020-09-03 16:11:47 - [MESSAGE][PASSED] - Object 'Object Repository/V2/PR-369/Edit_Meeting_Rocks/Verify_Notes_Section' is visible

2020-09-03 16:11:47 - [TEST_STEP][PASSED] - setText(findTestObject("V2/PR-369/Edit_Meeting_Rocks/Notes_Comments"), Notes): Text 'Sample Notes' is set on object 'Object Repository/V2/PR-369/Edit_Meeting_Rocks/Notes_Comments'

2020-09-03 16:11:57 - [MESSAGE][PASSED] - Text 'Sample Notes' is set on object 'Object Repository/V2/PR-369/Edit_Meeting_Rocks/Notes_Comments'

2020-09-03 16:11:57 - [TEST_STEP][PASSED] - sendKeys(findTestObject("V2/PR-369/Edit_Meeting_Rocks/Add_Milestone_Button"), Keys.chord(PAGE_DOWN)): Keys 'PAGE_DOWN + ' sent to object: 'Object Repository/V2/PR-369/Edit_Meeting_Rocks/Add_Milestone_Button'

2020-09-03 16:11:57 - [MESSAGE][PASSED] - Keys 'PAGE_DOWN + ' sent to object: 'Object Repository/V2/PR-369/Edit_Meeting_Rocks/Add_Milestone_Button'

2020-09-03 16:11:57 - [TEST_STEP][PASSED] - click(findTestObject("V2/PR-369/Edit_Meeting_Rocks/Add_Milestone_Button")): Object: 'Object Repository/V2/PR-369/Edit_Meeting_Rocks/Add_Milestone_Button' is clicked on

2020-09-03 16:11:57 - [MESSAGE][PASSED] - Object: 'Object Repository/V2/PR-369/Edit_Meeting_Rocks/Add_Milestone_Button' is clicked on

2020-09-03 16:11:57 - [TEST_STEP][PASSED] - setText(findTestObject("V2/PR-369/Edit_Meeting_Rocks/Milestone_Text_Field"), milestoneName): Text 'Milestone 1' is set on object 'Object Repository/V2/PR-369/Edit_Meeting_Rocks/Milestone_Text_Field'

2020-09-03 16:11:57 - [MESSAGE][PASSED] - Text 'Milestone 1' is set on object 'Object Repository/V2/PR-369/Edit_Meeting_Rocks/Milestone_Text_Field'

2020-09-03 16:11:57 - [TEST_STEP][PASSED] - click(findTestObject("V2/PR-369/Edit_Meeting_Rocks/Milestone_date")): Object: 'Object Repository/V2/PR-369/Edit_Meeting_Rocks/Milestone_date' is clicked on

2020-09-03 16:11:58 - [MESSAGE][PASSED] - Object: 'Object Repository/V2/PR-369/Edit_Meeting_Rocks/Milestone_date' is clicked on

2020-09-03 16:11:58 - [TEST_STEP][PASSED] - waitForElementVisible(findTestObject("V2/PR-369/Edit_Meeting_Scorecard/A_Date29"), DefaultTimeout): Object 'Object Repository/V2/PR-369/Edit_Meeting_Scorecard/A_Date29' is visible

2020-09-03 16:11:58 - [MESSAGE][PASSED] - Object 'Object Repository/V2/PR-369/Edit_Meeting_Scorecard/A_Date29' is visible

2020-09-03 16:11:58 - [TEST_STEP][PASSED] - click(findTestObject("V2/PR-369/Edit_Meeting_Scorecard/A_Date29")): Object: 'Object Repository/V2/PR-369/Edit_Meeting_Scorecard/A_Date29' is clicked on

2020-09-03 16:11:58 - [MESSAGE][PASSED] - Object: 'Object Repository/V2/PR-369/Edit_Meeting_Scorecard/A_Date29' is clicked on

2020-09-03 16:11:58 - [TEST_STEP][PASSED] - click(findTestObject("V2/PR-369/Edit_Meeting_Rocks/Save_Button")): Object: 'Object Repository/V2/PR-369/Edit_Meeting_Rocks/Save_Button' is clicked on

2020-09-03 16:11:58 - [MESSAGE][PASSED] - Object: 'Object Repository/V2/PR-369/Edit_Meeting_Rocks/Save_Button' is clicked on

2020-09-03 16:11:58 - [TEST_STEP][PASSED] - delay(10): Delayed 10 second(s)

2020-09-03 16:12:08 - [MESSAGE][PASSED] - Delayed 10 second(s)

2020-09-03 16:12:08 - [TEST_STEP][PASSED] - verifyRocks = tt_CustomKeywords.CustomKeywords.CreateDynamicElement(verifyRocks_Obj, rockName, "xpath"): Successfully created new dynamic object: //h2[text()='Rocks']/ancestor::div[contains(@class,'CardStyles')]/div[2]//div[@data-test-id='rock.title'][contains(@class,'TextBodyStyles-sc') and text()='QA Edit Meeting Automation Rock Test']

2020-09-03 16:12:08 - [MESSAGE][PASSED] - Successfully created new dynamic object: //h2[text()='Rocks']/ancestor::div[contains(@class,'CardStyles')]/div[2]//div[@data-test-id='rock.title'][contains(@class,'TextBodyStyles-sc') and text()='QA Edit Meeting Automation Rock Test']

2020-09-03 16:12:08 - [TEST_STEP][PASSED] - verifyElementPresent(verifyRocks, DefaultTimeout): Object '' is present

2020-09-03 16:12:08 - [MESSAGE][PASSED] - Object '' is present

2020-09-03 16:12:08 - [TEST_STEP][PASSED] - verifyMilestone = tt_CustomKeywords.CustomKeywords.CreateDynamicElement(verifyMilestone_Obj, milestoneName, "xpath"): Successfully created new dynamic object: //h2[text()='Rocks']/ancestor::div[contains(@class,'CardStyles')]/div[2]//div[contains(@class,'milestoneListItem__name')]/span[text()='Milestone 1']

2020-09-03 16:12:08 - [MESSAGE][PASSED] - Successfully created new dynamic object: //h2[text()='Rocks']/ancestor::div[contains(@class,'CardStyles')]/div[2]//div[contains(@class,'milestoneListItem__name')]/span[text()='Milestone 1']

2020-09-03 16:12:08 - [TEST_STEP][PASSED] - verifyElementPresent(verifyMilestone, DefaultTimeout): Object '' is present

2020-09-03 16:12:08 - [MESSAGE][PASSED] - Object '' is present

2020-09-03 16:12:08 - [TEST_STEP][NOT_RUN] - click(verifyRocks): NOT_RUN: click(verifyRocks)

2020-09-03 16:12:08 - [MESSAGE][NOT_RUN] - NOT_RUN: click(verifyRocks)

2020-09-03 16:12:08 - [TEST_STEP][NOT_RUN] - delay(10): NOT_RUN: delay(10)

2020-09-03 16:12:08 - [MESSAGE][NOT_RUN] - NOT_RUN: delay(10)

2020-09-03 16:12:08 - [TEST_STEP][NOT_RUN] - click(findTestObject("V2/PR-369/UpdateEditMeetingRocks/Edit_Rock_Name")): NOT_RUN: click(findTestObject("V2/PR-369/UpdateEditMeetingRocks/Edit_Rock_Name"))

2020-09-03 16:12:08 - [MESSAGE][NOT_RUN] - NOT_RUN: click(findTestObject("V2/PR-369/UpdateEditMeetingRocks/Edit_Rock_Name"))

2020-09-03 16:12:08 - [TEST_STEP][NOT_RUN] - sendKeys(findTestObject("V2/PR-369/UpdateEditMeetingRocks/Edit_Rock_Name"), Keys.chord(LEFT_CONTROL, "a", BACK_SPACE)): NOT_RUN: sendKeys(findTestObject("V2/PR-369/UpdateEditMeetingRocks/Edit_Rock_Name"), Keys.chord(LEFT_CONTROL, "a", BACK_SPACE))

2020-09-03 16:12:08 - [MESSAGE][NOT_RUN] - NOT_RUN: sendKeys(findTestObject("V2/PR-369/UpdateEditMeetingRocks/Edit_Rock_Name"), Keys.chord(LEFT_CONTROL, "a", BACK_SPACE))

2020-09-03 16:12:08 - [TEST_STEP][NOT_RUN] - setText(findTestObject("V2/PR-369/UpdateEditMeetingRocks/Edit_Rock_Name"), editRockName): NOT_RUN: setText(findTestObject("V2/PR-369/UpdateEditMeetingRocks/Edit_Rock_Name"), editRockName)

2020-09-03 16:12:08 - [MESSAGE][NOT_RUN] - NOT_RUN: setText(findTestObject("V2/PR-369/UpdateEditMeetingRocks/Edit_Rock_Name"), editRockName)

2020-09-03 16:12:08 - [TEST_STEP][NOT_RUN] - click(findTestObject("V2/PR-369/UpdateEditMeetingRocks/Edit_Status_Done")): NOT_RUN: click(findTestObject("V2/PR-369/UpdateEditMeetingRocks/Edit_Status_Done"))

2020-09-03 16:12:08 - [MESSAGE][NOT_RUN] - NOT_RUN: click(findTestObject("V2/PR-369/UpdateEditMeetingRocks/Edit_Status_Done"))

2020-09-03 16:12:08 - [TEST_STEP][NOT_RUN] - click(findTestObject("V2/PR-369/UpdateEditMeetingRocks/Edit_Accountable_Owner")): NOT_RUN: click(findTestObject("V2/PR-369/UpdateEditMeetingRocks/Edit_Accountable_Owner"))

2020-09-03 16:12:08 - [MESSAGE][NOT_RUN] - NOT_RUN: click(findTestObject("V2/PR-369/UpdateEditMeetingRocks/Edit_Accountable_Owner"))

2020-09-03 16:12:08 - [TEST_STEP][NOT_RUN] - editOwner = tt_CustomKeywords.CustomKeywords.CreateDynamicElement(editOwner_Obj, editOwner, "xpath"): NOT_RUN: editOwner = tt_CustomKeywords.CustomKeywords.CreateDynamicElement(editOwner_Obj, editOwner, "xpath")

2020-09-03 16:12:08 - [MESSAGE][NOT_RUN] - NOT_RUN: editOwner = tt_CustomKeywords.CustomKeywords.CreateDynamicElement(editOwner_Obj, editOwner, "xpath")

2020-09-03 16:12:08 - [TEST_STEP][NOT_RUN] - click(editOwner): NOT_RUN: click(editOwner)

2020-09-03 16:12:08 - [MESSAGE][NOT_RUN] - NOT_RUN: click(editOwner)

2020-09-03 16:12:08 - [TEST_STEP][NOT_RUN] - click(findTestObject("V2/PR-369/UpdateEditMeetingRocks/Edit_Visibility_Level")): NOT_RUN: click(findTestObject("V2/PR-369/UpdateEditMeetingRocks/Edit_Visibility_Level"))

2020-09-03 16:12:08 - [MESSAGE][NOT_RUN] - NOT_RUN: click(findTestObject("V2/PR-369/UpdateEditMeetingRocks/Edit_Visibility_Level"))

2020-09-03 16:12:08 - [TEST_STEP][NOT_RUN] - click(findTestObject("V2/PR-369/UpdateEditMeetingRocks/Edit_Visibility_Level_Department")): NOT_RUN: click(findTestObject("V2/PR-369/UpdateEditMeetingRocks/Edit_Visibility_Level_Department"))

2020-09-03 16:12:08 - [MESSAGE][NOT_RUN] - NOT_RUN: click(findTestObject("V2/PR-369/UpdateEditMeetingRocks/Edit_Visibility_Level_Department"))

2020-09-03 16:12:08 - [TEST_STEP][NOT_RUN] - sendKeys(findTestObject("V2/PR-369/UpdateEditMeetingRocks/Edit_Milestone"), Keys.chord(LEFT_CONTROL, "a", BACK_SPACE)): NOT_RUN: sendKeys(findTestObject("V2/PR-369/UpdateEditMeetingRocks/Edit_Milestone"), Keys.chord(LEFT_CONTROL, "a", BACK_SPACE))

2020-09-03 16:12:08 - [MESSAGE][NOT_RUN] - NOT_RUN: sendKeys(findTestObject("V2/PR-369/UpdateEditMeetingRocks/Edit_Milestone"), Keys.chord(LEFT_CONTROL, "a", BACK_SPACE))

2020-09-03 16:12:08 - [TEST_STEP][NOT_RUN] - setText(findTestObject("V2/PR-369/UpdateEditMeetingRocks/Edit_Milestone"), editMilestoneName): NOT_RUN: setText(findTestObject("V2/PR-369/UpdateEditMeetingRocks/Edit_Milestone"), editMilestoneName)

2020-09-03 16:12:08 - [MESSAGE][NOT_RUN] - NOT_RUN: setText(findTestObject("V2/PR-369/UpdateEditMeetingRocks/Edit_Milestone"), editMilestoneName)

2020-09-03 16:12:08 - [TEST_STEP][NOT_RUN] - click(findTestObject("V2/PR-369/UpdateEditMeetingRocks/Done_CheckBox")): NOT_RUN: click(findTestObject("V2/PR-369/UpdateEditMeetingRocks/Done_CheckBox"))

2020-09-03 16:12:08 - [MESSAGE][NOT_RUN] - NOT_RUN: click(findTestObject("V2/PR-369/UpdateEditMeetingRocks/Done_CheckBox"))

2020-09-03 16:12:08 - [TEST_STEP][NOT_RUN] - click(findTestObject("V2/PR-369/UpdateEditMeetingRocks/Update_Button")): NOT_RUN: click(findTestObject("V2/PR-369/UpdateEditMeetingRocks/Update_Button"))

2020-09-03 16:12:08 - [MESSAGE][NOT_RUN] - NOT_RUN: click(findTestObject("V2/PR-369/UpdateEditMeetingRocks/Update_Button"))

2020-09-03 16:12:08 - [TEST_STEP][NOT_RUN] - delay(10): NOT_RUN: delay(10)

2020-09-03 16:12:08 - [MESSAGE][NOT_RUN] - NOT_RUN: delay(10)

2020-09-03 16:12:08 - [TEST_STEP][NOT_RUN] - editverifyRocks = tt_CustomKeywords.CustomKeywords.CreateDynamicElement(verifyRocks_Obj, editRockName, "xpath"): NOT_RUN: editverifyRocks = tt_CustomKeywords.CustomKeywords.CreateDynamicElement(verifyRocks_Obj, editRockName, "xpath")

2020-09-03 16:12:08 - [MESSAGE][NOT_RUN] - NOT_RUN: editverifyRocks = tt_CustomKeywords.CustomKeywords.CreateDynamicElement(verifyRocks_Obj, editRockName, "xpath")

2020-09-03 16:12:08 - [TEST_STEP][NOT_RUN] - verifyElementPresent(editverifyRocks, DefaultTimeout): NOT_RUN: verifyElementPresent(editverifyRocks, DefaultTimeout)

2020-09-03 16:12:08 - [MESSAGE][NOT_RUN] - NOT_RUN: verifyElementPresent(editverifyRocks, DefaultTimeout)

2020-09-03 16:12:08 - [TEST_STEP][NOT_RUN] - editverifyMilestone = tt_CustomKeywords.CustomKeywords.CreateDynamicElement(verifyMilestone_Obj, editMilestoneName, "xpath"): NOT_RUN: editverifyMilestone = tt_CustomKeywords.CustomKeywords.CreateDynamicElement(verifyMilestone_Obj, editMilestoneName, "xpath")

2020-09-03 16:12:08 - [MESSAGE][NOT_RUN] - NOT_RUN: editverifyMilestone = tt_CustomKeywords.CustomKeywords.CreateDynamicElement(verifyMilestone_Obj, editMilestoneName, "xpath")

2020-09-03 16:12:08 - [TEST_STEP][NOT_RUN] - verifyElementPresent(editverifyMilestone, DefaultTimeout): NOT_RUN: verifyElementPresent(editverifyMilestone, DefaultTimeout)

2020-09-03 16:12:08 - [MESSAGE][NOT_RUN] - NOT_RUN: verifyElementPresent(editverifyMilestone, DefaultTimeout)

2020-09-03 16:12:08 - [MESSAGE][PASSED] - Call Test Case 'Test Cases/V2/Test Case/Tests/PR-369 - EditMeetingAgenda/Test Cases/Positive/Supervisor/PR_369_7_EditMeetingCreateRock_Supervisor' successfully

2020-09-03 16:12:08 - [TEST_STEP][PASSED] - changeWebDriver(driver3): null

2020-09-03 16:12:08 - [TEST_STEP][PASSED] - callTestCase(findTestCase("V2/Test Case/Pre-conditions/PRE_CreateL10Meeting"), ["meetingName":meetingNameE, "meetingAcronym":meetingAcronym, "meetingType":meetingType, "dropdownOptions_obj":"//div[@id='CREATE_MEETING_L10']//span[text()='%s']/parent::div[@role='option']", ... ], STOP_ON_FAILURE): Call Test Case 'Test Cases/V2/Test Case/Pre-conditions/PRE_CreateL10Meeting' successfully

2020-09-03 16:12:09 - [TEST_CASE][PASSED] - Test Cases/V2/Test Case/Pre-conditions/PRE_CreateL10Meeting: Test Cases/V2/Test Case/Pre-conditions/PRE_CreateL10Meeting

2020-09-03 16:12:09 - [TEST_STEP][PASSED] - click(findTestObject("V2/Commons/DasboardPage_SidebarMenu/MeetingsMenu")): Object: 'Object Repository/V2/Commons/DasboardPage_SidebarMenu/MeetingsMenu' is clicked on

2020-09-03 16:12:09 - [MESSAGE][PASSED] - Object: 'Object Repository/V2/Commons/DasboardPage_SidebarMenu/MeetingsMenu' is clicked on

2020-09-03 16:12:09 - [TEST_STEP][PASSED] - click(findTestObject("Object Repository/V2/Commons/MeetingListPage/div_Create a meeting")): Object: 'Object Repository/V2/Commons/MeetingListPage/div_Create a meeting' is clicked on

2020-09-03 16:12:14 - [MESSAGE][PASSED] - Object: 'Object Repository/V2/Commons/MeetingListPage/div_Create a meeting' is clicked on

2020-09-03 16:12:14 - [TEST_STEP][PASSED] - click(findTestObject("Object Repository/V2/Commons/MeetingListPage/button_Level 10")): Object: 'Object Repository/V2/Commons/MeetingListPage/button_Level 10' is clicked on

2020-09-03 16:12:14 - [MESSAGE][PASSED] - Object: 'Object Repository/V2/Commons/MeetingListPage/button_Level 10' is clicked on

2020-09-03 16:12:14 - [TEST_STEP][PASSED] - waitForElementVisible(findTestObject("V2/Commons/CreateL10MeetingDrawer/input__name"), DefaultTimeout): Object 'Object Repository/V2/Commons/CreateL10MeetingDrawer/input__name' is visible

2020-09-03 16:12:15 - [MESSAGE][PASSED] - Object 'Object Repository/V2/Commons/CreateL10MeetingDrawer/input__name' is visible

2020-09-03 16:12:15 - [TEST_STEP][PASSED] - setText(findTestObject("V2/Commons/CreateL10MeetingDrawer/input__name"), meetingName): Text 'Meeting Employee' is set on object 'Object Repository/V2/Commons/CreateL10MeetingDrawer/input__name'

2020-09-03 16:12:15 - [MESSAGE][PASSED] - Text 'Meeting Employee' is set on object 'Object Repository/V2/Commons/CreateL10MeetingDrawer/input__name'

2020-09-03 16:12:15 - [TEST_STEP][PASSED] - setText(findTestObject("V2/Commons/CreateL10MeetingDrawer/input__acronym"), meetingAcronym): Text 'CL10' is set on object 'Object Repository/V2/Commons/CreateL10MeetingDrawer/input__acronym'

2020-09-03 16:12:15 - [MESSAGE][PASSED] - Text 'CL10' is set on object 'Object Repository/V2/Commons/CreateL10MeetingDrawer/input__acronym'

2020-09-03 16:12:15 - [TEST_STEP][PASSED] - click(findTestObject("V2/Commons/CreateL10MeetingDrawer/input__typeOfMeeting")): Object: 'Object Repository/V2/Commons/CreateL10MeetingDrawer/input__typeOfMeeting' is clicked on

2020-09-03 16:12:16 - [MESSAGE][PASSED] - Object: 'Object Repository/V2/Commons/CreateL10MeetingDrawer/input__typeOfMeeting' is clicked on

2020-09-03 16:12:16 - [TEST_STEP][PASSED] - meetingTypeOption_Obj = tt_CustomKeywords.CustomKeywords.CreateDynamicElement(dropdownOptions_obj, meetingType, "xpath"): Successfully created new dynamic object: //div[@id='CREATE_MEETING_L10']//span[text()='Leadership']/parent::div[@role='option']

2020-09-03 16:12:16 - [MESSAGE][PASSED] - Successfully created new dynamic object: //div[@id='CREATE_MEETING_L10']//span[text()='Leadership']/parent::div[@role='option']

2020-09-03 16:12:16 - [TEST_STEP][PASSED] - click(meetingTypeOption_Obj): Object: '' is clicked on

2020-09-03 16:12:16 - [MESSAGE][PASSED] - Object: '' is clicked on

2020-09-03 16:12:16 - [TEST_STEP][PASSED] - click(findTestObject("V2/Commons/CreateL10MeetingDrawer/div_dayOfMeetingDropdownList")): Object: 'Object Repository/V2/Commons/CreateL10MeetingDrawer/div_dayOfMeetingDropdownList' is clicked on

2020-09-03 16:12:16 - [MESSAGE][PASSED] - Object: 'Object Repository/V2/Commons/CreateL10MeetingDrawer/div_dayOfMeetingDropdownList' is clicked on

2020-09-03 16:12:16 - [TEST_STEP][PASSED] - dayOfMeetingOption_Obj = tt_CustomKeywords.CustomKeywords.CreateDynamicElement(dropdownOptions_obj, dayOfMeeting, "xpath"): Successfully created new dynamic object: //div[@id='CREATE_MEETING_L10']//span[text()='Monday']/parent::div[@role='option']

2020-09-03 16:12:16 - [MESSAGE][PASSED] - Successfully created new dynamic object: //div[@id='CREATE_MEETING_L10']//span[text()='Monday']/parent::div[@role='option']

2020-09-03 16:12:16 - [TEST_STEP][PASSED] - click(dayOfMeetingOption_Obj): Object: '' is clicked on

2020-09-03 16:12:16 - [MESSAGE][PASSED] - Object: '' is clicked on

2020-09-03 16:12:16 - [TEST_STEP][PASSED] - click(findTestObject("V2/Commons/CreateL10MeetingDrawer/input_meetingTime")): Object: 'Object Repository/V2/Commons/CreateL10MeetingDrawer/input_meetingTime' is clicked on

2020-09-03 16:12:16 - [MESSAGE][PASSED] - Object: 'Object Repository/V2/Commons/CreateL10MeetingDrawer/input_meetingTime' is clicked on

2020-09-03 16:12:16 - [TEST_STEP][PASSED] - setText(findTestObject("V2/Commons/CreateL10MeetingDrawer/input_meetingTime"), meetingTime): Text '12:00' is set on object 'Object Repository/V2/Commons/CreateL10MeetingDrawer/input_meetingTime'

2020-09-03 16:12:16 - [MESSAGE][PASSED] - Text '12:00' is set on object 'Object Repository/V2/Commons/CreateL10MeetingDrawer/input_meetingTime'

2020-09-03 16:12:16 - [TEST_STEP][PASSED] - sendKeys(findTestObject("V2/Commons/CreateL10MeetingDrawer/input_meetingTime"), Keys.chord(TAB)): Keys 'TAB + ' sent to object: 'Object Repository/V2/Commons/CreateL10MeetingDrawer/input_meetingTime'

2020-09-03 16:12:16 - [MESSAGE][PASSED] - Keys 'TAB + ' sent to object: 'Object Repository/V2/Commons/CreateL10MeetingDrawer/input_meetingTime'

2020-09-03 16:12:16 - [TEST_STEP][PASSED] - click(findTestObject("V2/Commons/CreateL10MeetingDrawer/div_Create Meeting")): Object: 'Object Repository/V2/Commons/CreateL10MeetingDrawer/div_Create Meeting' is clicked on

2020-09-03 16:12:16 - [MESSAGE][PASSED] - Object: 'Object Repository/V2/Commons/CreateL10MeetingDrawer/div_Create Meeting' is clicked on

2020-09-03 16:12:16 - [TEST_STEP][PASSED] - waitForElementVisible(findTestObject("Object Repository/V2/Commons/MeetingListPage/div_Ill do this later"), DefaultTimeout): Object 'Object Repository/V2/Commons/MeetingListPage/div_Ill do this later' is visible

2020-09-03 16:12:50 - [MESSAGE][PASSED] - Object 'Object Repository/V2/Commons/MeetingListPage/div_Ill do this later' is visible

2020-09-03 16:12:50 - [TEST_STEP][PASSED] - verifyElementVisible(findTestObject("Object Repository/V2/Commons/MeetingListPage/div_Ill do this later"), STOP_ON_FAILURE): Object 'Object Repository/V2/Commons/MeetingListPage/div_Ill do this later' is visible

2020-09-03 16:12:50 - [MESSAGE][PASSED] - Object 'Object Repository/V2/Commons/MeetingListPage/div_Ill do this later' is visible

2020-09-03 16:12:50 - [TEST_STEP][PASSED] - click(findTestObject("Object Repository/V2/Commons/MeetingListPage/div_Ill do this later")): Object: 'Object Repository/V2/Commons/MeetingListPage/div_Ill do this later' is clicked on

2020-09-03 16:12:50 - [MESSAGE][PASSED] - Object: 'Object Repository/V2/Commons/MeetingListPage/div_Ill do this later' is clicked on

2020-09-03 16:12:50 - [TEST_STEP][PASSED] - meetingRecordObj = tt_CustomKeywords.CustomKeywords.CreateDynamicElement(meetingRecord_obj, meetingName, "xpath"): Successfully created new dynamic object: //div[@class='detailscontainer__block item']/h4[text()='Meeting Employee']

2020-09-03 16:12:50 - [MESSAGE][PASSED] - Successfully created new dynamic object: //div[@class='detailscontainer__block item']/h4[text()='Meeting Employee']

2020-09-03 16:12:50 - [TEST_STEP][PASSED] - verifyElementPresent(meetingRecordObj, DefaultTimeout): Object '' is present

2020-09-03 16:12:50 - [MESSAGE][PASSED] - Object '' is present

2020-09-03 16:12:50 - [MESSAGE][PASSED] - Call Test Case 'Test Cases/V2/Test Case/Pre-conditions/PRE_CreateL10Meeting' successfully

2020-09-03 16:12:50 - [TEST_STEP][PASSED] - callTestCase(findTestCase("V2/Test Case/Tests/PR-369 - EditMeetingAgenda/Test Cases/Positive/Employee/PR_369_7_EditMeetingCreateRock_Employee"), ["userName":"jeff+075@mytractiontools.com", "passWord":"Skyline69A*", "meetingRowPosition":"3", "editMeetingMenu_Obj":"//div[@id='root']/div/div[2]/div/div/div/div[2]/div/div[%s]/div[3]/button/i", ... ], STOP_ON_FAILURE): Call Test Case 'Test Cases/V2/Test Case/Tests/PR-369 - EditMeetingAgenda/Test Cases/Positive/Employee/PR_369_7_EditMeetingCreateRock_Employee' successfully

2020-09-03 16:12:50 - [TEST_CASE][PASSED] - Test Cases/V2/Test Case/Tests/PR-369 - EditMeetingAgenda/Test Cases/Positive/Employee/PR_369_7_EditMeetingCreateRock_Employee: Test Cases/V2/Test Case/Tests/PR-369 - EditMeetingAgenda/Test Cases/Positive/Employee/PR_369_7_EditMeetingCreateRock_Employee

2020-09-03 16:12:50 - [TEST_STEP][NOT_RUN] - openBrowser(""): NOT_RUN: openBrowser("")

2020-09-03 16:12:50 - [MESSAGE][NOT_RUN] - NOT_RUN: openBrowser("")

2020-09-03 16:12:50 - [TEST_STEP][NOT_RUN] - maximizeWindow(): NOT_RUN: maximizeWindow()

2020-09-03 16:12:50 - [MESSAGE][NOT_RUN] - NOT_RUN: maximizeWindow()

2020-09-03 16:12:50 - [TEST_STEP][NOT_RUN] - navigateToUrl(V2Url): NOT_RUN: navigateToUrl(V2Url)

2020-09-03 16:12:50 - [MESSAGE][NOT_RUN] - NOT_RUN: navigateToUrl(V2Url)

2020-09-03 16:12:50 - [TEST_STEP][NOT_RUN] - setText(findTestObject("V2/PR-369/Page_Login/userName_Field"), "tractiontools.user001+ta58jzbl@gmail.com"): NOT_RUN: setText(findTestObject("V2/PR-369/Page_Login/userName_Field"), "tractiontools.user001+ta58jzbl@gmail.com")

2020-09-03 16:12:50 - [MESSAGE][NOT_RUN] - NOT_RUN: setText(findTestObject("V2/PR-369/Page_Login/userName_Field"), "tractiontools.user001+ta58jzbl@gmail.com")

2020-09-03 16:12:50 - [TEST_STEP][NOT_RUN] - setText(findTestObject("V2/PR-369/Page_Login/passWord_Field"), "Qwer123!"): NOT_RUN: setText(findTestObject("V2/PR-369/Page_Login/passWord_Field"), "Qwer123!")

2020-09-03 16:12:50 - [MESSAGE][NOT_RUN] - NOT_RUN: setText(findTestObject("V2/PR-369/Page_Login/passWord_Field"), "Qwer123!")

2020-09-03 16:12:50 - [TEST_STEP][NOT_RUN] - click(findTestObject("V2/PR-369/Page_Login/Login_Button")): NOT_RUN: click(findTestObject("V2/PR-369/Page_Login/Login_Button"))

2020-09-03 16:12:50 - [MESSAGE][NOT_RUN] - NOT_RUN: click(findTestObject("V2/PR-369/Page_Login/Login_Button"))

2020-09-03 16:12:50 - [TEST_STEP][PASSED] - waitForElementVisible(findTestObject("V2/Commons/DasboardPage_SidebarMenu/MeetingsMenu"), DefaultTimeout): Object 'Object Repository/V2/Commons/DasboardPage_SidebarMenu/MeetingsMenu' is visible

2020-09-03 16:12:50 - [MESSAGE][PASSED] - Object 'Object Repository/V2/Commons/DasboardPage_SidebarMenu/MeetingsMenu' is visible

2020-09-03 16:12:50 - [TEST_STEP][PASSED] - click(findTestObject("V2/Commons/DasboardPage_SidebarMenu/MeetingsMenu")): Object: 'Object Repository/V2/Commons/DasboardPage_SidebarMenu/MeetingsMenu' is clicked on

2020-09-03 16:12:51 - [MESSAGE][PASSED] - Object: 'Object Repository/V2/Commons/DasboardPage_SidebarMenu/MeetingsMenu' is clicked on

2020-09-03 16:12:51 - [TEST_STEP][PASSED] - meetingOpt_Obj = tt_CustomKeywords.CustomKeywords.CreateDynamicElement(meetingOptions_obj, meetingName, "xpath"): Successfully created new dynamic object: //h4[text()='Meeting Employee']/ancestor::div[contains(@class,'ListContainer')]/div[@class='listcontainer__options']/button

2020-09-03 16:12:51 - [MESSAGE][PASSED] - Successfully created new dynamic object: //h4[text()='Meeting Employee']/ancestor::div[contains(@class,'ListContainer')]/div[@class='listcontainer__options']/button

2020-09-03 16:12:51 - [TEST_STEP][PASSED] - waitForElementVisible(meetingOpt_Obj, DefaultTimeout): Object '' is visible

2020-09-03 16:12:51 - [MESSAGE][PASSED] - Object '' is visible

2020-09-03 16:12:51 - [TEST_STEP][PASSED] - click(meetingOpt_Obj): Object: '' is clicked on

2020-09-03 16:12:51 - [MESSAGE][PASSED] - Object: '' is clicked on

2020-09-03 16:12:51 - [TEST_STEP][PASSED] - click(findTestObject("V2/Commons/MeetingListPage/a_Edit meeting")): Object: 'Object Repository/V2/Commons/MeetingListPage/a_Edit meeting' is clicked on

2020-09-03 16:12:51 - [MESSAGE][PASSED] - Object: 'Object Repository/V2/Commons/MeetingListPage/a_Edit meeting' is clicked on

2020-09-03 16:12:51 - [TEST_STEP][PASSED] - waitForElementVisible(findTestObject("V2/PR-369/Edit_Meeting_Rocks/Rocks_Menu"), DefaultTimeout): Object 'Object Repository/V2/PR-369/Edit_Meeting_Rocks/Rocks_Menu' is visible

2020-09-03 16:12:52 - [MESSAGE][PASSED] - Object 'Object Repository/V2/PR-369/Edit_Meeting_Rocks/Rocks_Menu' is visible

2020-09-03 16:12:52 - [TEST_STEP][PASSED] - click(findTestObject("V2/PR-369/Edit_Meeting_Rocks/Rocks_Menu")): Object: 'Object Repository/V2/PR-369/Edit_Meeting_Rocks/Rocks_Menu' is clicked on

2020-09-03 16:12:52 - [MESSAGE][PASSED] - Object: 'Object Repository/V2/PR-369/Edit_Meeting_Rocks/Rocks_Menu' is clicked on

2020-09-03 16:12:52 - [TEST_STEP][PASSED] - click(findTestObject("V2/PR-369/Edit_Meeting_Rocks/CreateRocksButton")): Object: 'Object Repository/V2/PR-369/Edit_Meeting_Rocks/CreateRocksButton' is clicked on

2020-09-03 16:12:52 - [MESSAGE][PASSED] - Object: 'Object Repository/V2/PR-369/Edit_Meeting_Rocks/CreateRocksButton' is clicked on

2020-09-03 16:12:52 - [TEST_STEP][PASSED] - click(findTestObject("V2/PR-369/Edit_Meeting_Rocks/Create_New_Rocks")): Object: 'Object Repository/V2/PR-369/Edit_Meeting_Rocks/Create_New_Rocks' is clicked on

2020-09-03 16:12:52 - [MESSAGE][PASSED] - Object: 'Object Repository/V2/PR-369/Edit_Meeting_Rocks/Create_New_Rocks' is clicked on

2020-09-03 16:12:52 - [TEST_STEP][PASSED] - waitForElementVisible(findTestObject("V2/PR-369/Edit_Meeting_Rocks/Rock_Name_Title"), DefaultTimeout): Object 'Object Repository/V2/PR-369/Edit_Meeting_Rocks/Rock_Name_Title' is visible

2020-09-03 16:12:52 - [MESSAGE][PASSED] - Object 'Object Repository/V2/PR-369/Edit_Meeting_Rocks/Rock_Name_Title' is visible

2020-09-03 16:12:52 - [TEST_STEP][PASSED] - setText(findTestObject("V2/PR-369/Edit_Meeting_Rocks/Rock_Name_Title"), rockName): Text 'QA Edit Meeting Automation Rock Test' is set on object 'Object Repository/V2/PR-369/Edit_Meeting_Rocks/Rock_Name_Title'

2020-09-03 16:12:53 - [MESSAGE][PASSED] - Text 'QA Edit Meeting Automation Rock Test' is set on object 'Object Repository/V2/PR-369/Edit_Meeting_Rocks/Rock_Name_Title'

2020-09-03 16:12:53 - [TEST_STEP][PASSED] - click(findTestObject("V2/PR-369/Edit_Meeting_Rocks/Status_OffTrack_Rock")): Object: 'Object Repository/V2/PR-369/Edit_Meeting_Rocks/Status_OffTrack_Rock' is clicked on

2020-09-03 16:12:53 - [MESSAGE][PASSED] - Object: 'Object Repository/V2/PR-369/Edit_Meeting_Rocks/Status_OffTrack_Rock' is clicked on

2020-09-03 16:12:53 - [TEST_STEP][PASSED] - click(findTestObject("V2/PR-369/Edit_Meeting_Rocks/Accountable_Owner_Field")): Object: 'Object Repository/V2/PR-369/Edit_Meeting_Rocks/Accountable_Owner_Field' is clicked on

2020-09-03 16:12:53 - [MESSAGE][PASSED] - Object: 'Object Repository/V2/PR-369/Edit_Meeting_Rocks/Accountable_Owner_Field' is clicked on

2020-09-03 16:12:53 - [TEST_STEP][PASSED] - accountableOwner = tt_CustomKeywords.CustomKeywords.CreateDynamicElement(owner_Obj, ownerSelected, "xpath"): Successfully created new dynamic object: //div[@data-test-id='createRock']//div[@role='listbox'][@class='visible menu transition']/div[@role='option'][contains(@class,'item')]/span[text()='Admin User']

2020-09-03 16:12:53 - [MESSAGE][PASSED] - Successfully created new dynamic object: //div[@data-test-id='createRock']//div[@role='listbox'][@class='visible menu transition']/div[@role='option'][contains(@class,'item')]/span[text()='Admin User']

2020-09-03 16:12:53 - [TEST_STEP][PASSED] - click(accountableOwner): Object: '' is clicked on

2020-09-03 16:12:53 - [MESSAGE][PASSED] - Object: '' is clicked on

2020-09-03 16:12:53 - [TEST_STEP][PASSED] - click(findTestObject("V2/PR-369/Edit_Meeting_Rocks/Visibility_Level_Field")): Object: 'Object Repository/V2/PR-369/Edit_Meeting_Rocks/Visibility_Level_Field' is clicked on

2020-09-03 16:12:53 - [MESSAGE][PASSED] - Object: 'Object Repository/V2/PR-369/Edit_Meeting_Rocks/Visibility_Level_Field' is clicked on

2020-09-03 16:12:53 - [TEST_STEP][PASSED] - click(findTestObject("V2/PR-369/Edit_Meeting_Rocks/Visibility_Level_Company")): Object: 'Object Repository/V2/PR-369/Edit_Meeting_Rocks/Visibility_Level_Company' is clicked on

2020-09-03 16:12:53 - [MESSAGE][PASSED] - Object: 'Object Repository/V2/PR-369/Edit_Meeting_Rocks/Visibility_Level_Company' is clicked on

2020-09-03 16:12:53 - [TEST_STEP][PASSED] - click(findTestObject("V2/PR-369/Edit_Meeting_Rocks/Rocks_Due_Date_Field")): Object: 'Object Repository/V2/PR-369/Edit_Meeting_Rocks/Rocks_Due_Date_Field' is clicked on

2020-09-03 16:12:53 - [MESSAGE][PASSED] - Object: 'Object Repository/V2/PR-369/Edit_Meeting_Rocks/Rocks_Due_Date_Field' is clicked on

2020-09-03 16:12:53 - [TEST_STEP][PASSED] - waitForElementVisible(findTestObject("V2/PR-369/Edit_Meeting_Scorecard/A_Date29"), DefaultTimeout): Object 'Object Repository/V2/PR-369/Edit_Meeting_Scorecard/A_Date29' is visible

2020-09-03 16:12:53 - [MESSAGE][PASSED] - Object 'Object Repository/V2/PR-369/Edit_Meeting_Scorecard/A_Date29' is visible

2020-09-03 16:12:53 - [TEST_STEP][PASSED] - click(findTestObject("V2/PR-369/Edit_Meeting_Scorecard/A_Date29")): Object: 'Object Repository/V2/PR-369/Edit_Meeting_Scorecard/A_Date29' is clicked on

2020-09-03 16:12:53 - [MESSAGE][PASSED] - Object: 'Object Repository/V2/PR-369/Edit_Meeting_Scorecard/A_Date29' is clicked on

2020-09-03 16:12:53 - [TEST_STEP][PASSED] - verifyElementVisible(findTestObject("V2/PR-369/Edit_Meeting_Rocks/Verify_Notes_Section")): Object 'Object Repository/V2/PR-369/Edit_Meeting_Rocks/Verify_Notes_Section' is visible

2020-09-03 16:12:53 - [MESSAGE][PASSED] - Object 'Object Repository/V2/PR-369/Edit_Meeting_Rocks/Verify_Notes_Section' is visible

2020-09-03 16:12:53 - [TEST_STEP][PASSED] - setText(findTestObject("V2/PR-369/Edit_Meeting_Rocks/Notes_Comments"), Notes): Text 'Sample Notes' is set on object 'Object Repository/V2/PR-369/Edit_Meeting_Rocks/Notes_Comments'

2020-09-03 16:13:04 - [MESSAGE][PASSED] - Text 'Sample Notes' is set on object 'Object Repository/V2/PR-369/Edit_Meeting_Rocks/Notes_Comments'

2020-09-03 16:13:04 - [TEST_STEP][PASSED] - sendKeys(findTestObject("V2/PR-369/Edit_Meeting_Rocks/Add_Milestone_Button"), Keys.chord(PAGE_DOWN)): Keys 'PAGE_DOWN + ' sent to object: 'Object Repository/V2/PR-369/Edit_Meeting_Rocks/Add_Milestone_Button'

2020-09-03 16:13:04 - [MESSAGE][PASSED] - Keys 'PAGE_DOWN + ' sent to object: 'Object Repository/V2/PR-369/Edit_Meeting_Rocks/Add_Milestone_Button'

2020-09-03 16:13:04 - [TEST_STEP][PASSED] - click(findTestObject("V2/PR-369/Edit_Meeting_Rocks/Add_Milestone_Button")): Object: 'Object Repository/V2/PR-369/Edit_Meeting_Rocks/Add_Milestone_Button' is clicked on

2020-09-03 16:13:04 - [MESSAGE][PASSED] - Object: 'Object Repository/V2/PR-369/Edit_Meeting_Rocks/Add_Milestone_Button' is clicked on

2020-09-03 16:13:04 - [TEST_STEP][PASSED] - setText(findTestObject("V2/PR-369/Edit_Meeting_Rocks/Milestone_Text_Field"), milestoneName): Text 'Milestone 1' is set on object 'Object Repository/V2/PR-369/Edit_Meeting_Rocks/Milestone_Text_Field'

2020-09-03 16:13:04 - [MESSAGE][PASSED] - Text 'Milestone 1' is set on object 'Object Repository/V2/PR-369/Edit_Meeting_Rocks/Milestone_Text_Field'

2020-09-03 16:13:04 - [TEST_STEP][PASSED] - click(findTestObject("V2/PR-369/Edit_Meeting_Rocks/Milestone_date")): Object: 'Object Repository/V2/PR-369/Edit_Meeting_Rocks/Milestone_date' is clicked on

2020-09-03 16:13:04 - [MESSAGE][PASSED] - Object: 'Object Repository/V2/PR-369/Edit_Meeting_Rocks/Milestone_date' is clicked on

2020-09-03 16:13:04 - [TEST_STEP][PASSED] - waitForElementVisible(findTestObject("V2/PR-369/Edit_Meeting_Scorecard/A_Date29"), DefaultTimeout): Object 'Object Repository/V2/PR-369/Edit_Meeting_Scorecard/A_Date29' is visible

2020-09-03 16:13:05 - [MESSAGE][PASSED] - Object 'Object Repository/V2/PR-369/Edit_Meeting_Scorecard/A_Date29' is visible

2020-09-03 16:13:05 - [TEST_STEP][PASSED] - click(findTestObject("V2/PR-369/Edit_Meeting_Scorecard/A_Date29")): Object: 'Object Repository/V2/PR-369/Edit_Meeting_Scorecard/A_Date29' is clicked on

2020-09-03 16:13:05 - [MESSAGE][PASSED] - Object: 'Object Repository/V2/PR-369/Edit_Meeting_Scorecard/A_Date29' is clicked on

2020-09-03 16:13:05 - [TEST_STEP][PASSED] - click(findTestObject("V2/PR-369/Edit_Meeting_Rocks/Save_Button")): Object: 'Object Repository/V2/PR-369/Edit_Meeting_Rocks/Save_Button' is clicked on

2020-09-03 16:13:05 - [MESSAGE][PASSED] - Object: 'Object Repository/V2/PR-369/Edit_Meeting_Rocks/Save_Button' is clicked on

2020-09-03 16:13:05 - [TEST_STEP][PASSED] - delay(10): Delayed 10 second(s)

2020-09-03 16:13:15 - [MESSAGE][PASSED] - Delayed 10 second(s)

2020-09-03 16:13:15 - [TEST_STEP][PASSED] - verifyRocks = tt_CustomKeywords.CustomKeywords.CreateDynamicElement(verifyRocks_Obj, rockName, "xpath"): Successfully created new dynamic object: //h2[text()='Rocks']/ancestor::div[contains(@class,'CardStyles')]/div[2]//div[@data-test-id='rock.title'][contains(@class,'TextBodyStyles-sc') and text()='QA Edit Meeting Automation Rock Test']

2020-09-03 16:13:15 - [MESSAGE][PASSED] - Successfully created new dynamic object: //h2[text()='Rocks']/ancestor::div[contains(@class,'CardStyles')]/div[2]//div[@data-test-id='rock.title'][contains(@class,'TextBodyStyles-sc') and text()='QA Edit Meeting Automation Rock Test']

2020-09-03 16:13:15 - [TEST_STEP][PASSED] - verifyElementPresent(verifyRocks, DefaultTimeout): Object '' is present

2020-09-03 16:13:15 - [MESSAGE][PASSED] - Object '' is present

2020-09-03 16:13:15 - [TEST_STEP][PASSED] - verifyMilestone = tt_CustomKeywords.CustomKeywords.CreateDynamicElement(verifyMilestone_Obj, milestoneName, "xpath"): Successfully created new dynamic object: //h2[text()='Rocks']/ancestor::div[contains(@class,'CardStyles')]/div[2]//div[contains(@class,'milestoneListItem__name')]/span[text()='Milestone 1']

2020-09-03 16:13:15 - [MESSAGE][PASSED] - Successfully created new dynamic object: //h2[text()='Rocks']/ancestor::div[contains(@class,'CardStyles')]/div[2]//div[contains(@class,'milestoneListItem__name')]/span[text()='Milestone 1']

2020-09-03 16:13:15 - [TEST_STEP][PASSED] - verifyElementPresent(verifyMilestone, DefaultTimeout): Object '' is present

2020-09-03 16:13:15 - [MESSAGE][PASSED] - Object '' is present

2020-09-03 16:13:15 - [TEST_STEP][NOT_RUN] - click(verifyRocks): NOT_RUN: click(verifyRocks)

2020-09-03 16:13:15 - [MESSAGE][NOT_RUN] - NOT_RUN: click(verifyRocks)

2020-09-03 16:13:15 - [TEST_STEP][NOT_RUN] - delay(10): NOT_RUN: delay(10)

2020-09-03 16:13:15 - [MESSAGE][NOT_RUN] - NOT_RUN: delay(10)

2020-09-03 16:13:15 - [TEST_STEP][NOT_RUN] - click(findTestObject("V2/PR-369/UpdateEditMeetingRocks/Edit_Rock_Name")): NOT_RUN: click(findTestObject("V2/PR-369/UpdateEditMeetingRocks/Edit_Rock_Name"))

2020-09-03 16:13:15 - [MESSAGE][NOT_RUN] - NOT_RUN: click(findTestObject("V2/PR-369/UpdateEditMeetingRocks/Edit_Rock_Name"))

2020-09-03 16:13:15 - [TEST_STEP][NOT_RUN] - sendKeys(findTestObject("V2/PR-369/UpdateEditMeetingRocks/Edit_Rock_Name"), Keys.chord(LEFT_CONTROL, "a", BACK_SPACE)): NOT_RUN: sendKeys(findTestObject("V2/PR-369/UpdateEditMeetingRocks/Edit_Rock_Name"), Keys.chord(LEFT_CONTROL, "a", BACK_SPACE))

2020-09-03 16:13:15 - [MESSAGE][NOT_RUN] - NOT_RUN: sendKeys(findTestObject("V2/PR-369/UpdateEditMeetingRocks/Edit_Rock_Name"), Keys.chord(LEFT_CONTROL, "a", BACK_SPACE))

2020-09-03 16:13:15 - [TEST_STEP][NOT_RUN] - setText(findTestObject("V2/PR-369/UpdateEditMeetingRocks/Edit_Rock_Name"), editRockName): NOT_RUN: setText(findTestObject("V2/PR-369/UpdateEditMeetingRocks/Edit_Rock_Name"), editRockName)

2020-09-03 16:13:15 - [MESSAGE][NOT_RUN] - NOT_RUN: setText(findTestObject("V2/PR-369/UpdateEditMeetingRocks/Edit_Rock_Name"), editRockName)

2020-09-03 16:13:15 - [TEST_STEP][NOT_RUN] - click(findTestObject("V2/PR-369/UpdateEditMeetingRocks/Edit_Status_Done")): NOT_RUN: click(findTestObject("V2/PR-369/UpdateEditMeetingRocks/Edit_Status_Done"))

2020-09-03 16:13:15 - [MESSAGE][NOT_RUN] - NOT_RUN: click(findTestObject("V2/PR-369/UpdateEditMeetingRocks/Edit_Status_Done"))

2020-09-03 16:13:15 - [TEST_STEP][NOT_RUN] - click(findTestObject("V2/PR-369/UpdateEditMeetingRocks/Edit_Accountable_Owner")): NOT_RUN: click(findTestObject("V2/PR-369/UpdateEditMeetingRocks/Edit_Accountable_Owner"))

2020-09-03 16:13:15 - [MESSAGE][NOT_RUN] - NOT_RUN: click(findTestObject("V2/PR-369/UpdateEditMeetingRocks/Edit_Accountable_Owner"))

2020-09-03 16:13:15 - [TEST_STEP][NOT_RUN] - editOwner = tt_CustomKeywords.CustomKeywords.CreateDynamicElement(editOwner_Obj, editOwner, "xpath"): NOT_RUN: editOwner = tt_CustomKeywords.CustomKeywords.CreateDynamicElement(editOwner_Obj, editOwner, "xpath")

2020-09-03 16:13:15 - [MESSAGE][NOT_RUN] - NOT_RUN: editOwner = tt_CustomKeywords.CustomKeywords.CreateDynamicElement(editOwner_Obj, editOwner, "xpath")

2020-09-03 16:13:15 - [TEST_STEP][NOT_RUN] - click(editOwner): NOT_RUN: click(editOwner)

2020-09-03 16:13:15 - [MESSAGE][NOT_RUN] - NOT_RUN: click(editOwner)

2020-09-03 16:13:15 - [TEST_STEP][NOT_RUN] - click(findTestObject("V2/PR-369/UpdateEditMeetingRocks/Edit_Visibility_Level")): NOT_RUN: click(findTestObject("V2/PR-369/UpdateEditMeetingRocks/Edit_Visibility_Level"))

2020-09-03 16:13:15 - [MESSAGE][NOT_RUN] - NOT_RUN: click(findTestObject("V2/PR-369/UpdateEditMeetingRocks/Edit_Visibility_Level"))

2020-09-03 16:13:15 - [TEST_STEP][NOT_RUN] - click(findTestObject("V2/PR-369/UpdateEditMeetingRocks/Edit_Visibility_Level_Department")): NOT_RUN: click(findTestObject("V2/PR-369/UpdateEditMeetingRocks/Edit_Visibility_Level_Department"))

2020-09-03 16:13:15 - [MESSAGE][NOT_RUN] - NOT_RUN: click(findTestObject("V2/PR-369/UpdateEditMeetingRocks/Edit_Visibility_Level_Department"))

2020-09-03 16:13:15 - [TEST_STEP][NOT_RUN] - sendKeys(findTestObject("V2/PR-369/UpdateEditMeetingRocks/Edit_Milestone"), Keys.chord(LEFT_CONTROL, "a", BACK_SPACE)): NOT_RUN: sendKeys(findTestObject("V2/PR-369/UpdateEditMeetingRocks/Edit_Milestone"), Keys.chord(LEFT_CONTROL, "a", BACK_SPACE))

2020-09-03 16:13:15 - [MESSAGE][NOT_RUN] - NOT_RUN: sendKeys(findTestObject("V2/PR-369/UpdateEditMeetingRocks/Edit_Milestone"), Keys.chord(LEFT_CONTROL, "a", BACK_SPACE))

2020-09-03 16:13:15 - [TEST_STEP][NOT_RUN] - setText(findTestObject("V2/PR-369/UpdateEditMeetingRocks/Edit_Milestone"), editMilestoneName): NOT_RUN: setText(findTestObject("V2/PR-369/UpdateEditMeetingRocks/Edit_Milestone"), editMilestoneName)

2020-09-03 16:13:15 - [MESSAGE][NOT_RUN] - NOT_RUN: setText(findTestObject("V2/PR-369/UpdateEditMeetingRocks/Edit_Milestone"), editMilestoneName)

2020-09-03 16:13:15 - [TEST_STEP][NOT_RUN] - click(findTestObject("V2/PR-369/UpdateEditMeetingRocks/Done_CheckBox")): NOT_RUN: click(findTestObject("V2/PR-369/UpdateEditMeetingRocks/Done_CheckBox"))

2020-09-03 16:13:15 - [MESSAGE][NOT_RUN] - NOT_RUN: click(findTestObject("V2/PR-369/UpdateEditMeetingRocks/Done_CheckBox"))

2020-09-03 16:13:15 - [TEST_STEP][NOT_RUN] - click(findTestObject("V2/PR-369/UpdateEditMeetingRocks/Update_Button")): NOT_RUN: click(findTestObject("V2/PR-369/UpdateEditMeetingRocks/Update_Button"))

2020-09-03 16:13:15 - [MESSAGE][NOT_RUN] - NOT_RUN: click(findTestObject("V2/PR-369/UpdateEditMeetingRocks/Update_Button"))

2020-09-03 16:13:15 - [TEST_STEP][NOT_RUN] - delay(10): NOT_RUN: delay(10)

2020-09-03 16:13:15 - [MESSAGE][NOT_RUN] - NOT_RUN: delay(10)

2020-09-03 16:13:15 - [TEST_STEP][NOT_RUN] - editverifyRocks = tt_CustomKeywords.CustomKeywords.CreateDynamicElement(verifyRocks_Obj, editRockName, "xpath"): NOT_RUN: editverifyRocks = tt_CustomKeywords.CustomKeywords.CreateDynamicElement(verifyRocks_Obj, editRockName, "xpath")

2020-09-03 16:13:15 - [MESSAGE][NOT_RUN] - NOT_RUN: editverifyRocks = tt_CustomKeywords.CustomKeywords.CreateDynamicElement(verifyRocks_Obj, editRockName, "xpath")

2020-09-03 16:13:15 - [TEST_STEP][NOT_RUN] - verifyElementPresent(editverifyRocks, DefaultTimeout): NOT_RUN: verifyElementPresent(editverifyRocks, DefaultTimeout)

2020-09-03 16:13:15 - [MESSAGE][NOT_RUN] - NOT_RUN: verifyElementPresent(editverifyRocks, DefaultTimeout)

2020-09-03 16:13:15 - [TEST_STEP][NOT_RUN] - editverifyMilestone = tt_CustomKeywords.CustomKeywords.CreateDynamicElement(verifyMilestone_Obj, editMilestoneName, "xpath"): NOT_RUN: editverifyMilestone = tt_CustomKeywords.CustomKeywords.CreateDynamicElement(verifyMilestone_Obj, editMilestoneName, "xpath")

2020-09-03 16:13:15 - [MESSAGE][NOT_RUN] - NOT_RUN: editverifyMilestone = tt_CustomKeywords.CustomKeywords.CreateDynamicElement(verifyMilestone_Obj, editMilestoneName, "xpath")

2020-09-03 16:13:15 - [TEST_STEP][NOT_RUN] - verifyElementPresent(editverifyMilestone, DefaultTimeout): NOT_RUN: verifyElementPresent(editverifyMilestone, DefaultTimeout)

2020-09-03 16:13:15 - [MESSAGE][NOT_RUN] - NOT_RUN: verifyElementPresent(editverifyMilestone, DefaultTimeout)

2020-09-03 16:13:15 - [MESSAGE][PASSED] - Call Test Case 'Test Cases/V2/Test Case/Tests/PR-369 - EditMeetingAgenda/Test Cases/Positive/Employee/PR_369_7_EditMeetingCreateRock_Employee' successfully

2020-09-03 16:13:15 - [TEST_STEP][PASSED] - tt_CustomKeywords.CustomKeywords.CloseWebDriver(driver3): tt_CustomKeywords.CustomKeywords.CloseWebDriver is PASSED

2020-09-03 16:13:20 - [MESSAGE][PASSED] - tt_CustomKeywords.CustomKeywords.CloseWebDriver is PASSED

2020-09-03 16:13:20 - [TEST_STEP][PASSED] - tt_CustomKeywords.CustomKeywords.CloseWebDriver(driver2): tt_CustomKeywords.CustomKeywords.CloseWebDriver is PASSED

2020-09-03 16:13:25 - [MESSAGE][PASSED] - tt_CustomKeywords.CustomKeywords.CloseWebDriver is PASSED

2020-09-03 16:13:25 - [TEST_STEP][PASSED] - tt_CustomKeywords.CustomKeywords.CloseWebDriver(driver1): tt_CustomKeywords.CustomKeywords.CloseWebDriver is PASSED

2020-09-03 16:13:30 - [MESSAGE][PASSED] - tt_CustomKeywords.CustomKeywords.CloseWebDriver is PASSED]]></system-out>
         <system-err><![CDATA[]]></system-err>
      </testcase>
      <testcase name="Test Cases/V2/Test Case/Tests/PR-369 - EditMeetingAgenda/Test Cases/Positive/TT_369_2_CreateRock_AllTestCase" time="287.956" classname="Test Cases/V2/Test Case/Tests/PR-369 - EditMeetingAgenda/Test Cases/Positive/TT_369_2_CreateRock_AllTestCase" status="FAILED">
         <failure type="FAILED" message="Test Cases/V2/Test Case/Tests/PR-369 - EditMeetingAgenda/Test Cases/Positive/TT_369_2_CreateRock_AllTestCase FAILED.
Reason:
com.kms.katalon.core.exception.StepFailedException: Call Test Case 'Test Cases/V2/Test Case/Tests/PR-369 - EditMeetingAgenda/Test Cases/Positive/Supervisor/PR_369_7_EditMeetingCreateRock_Supervisor' failed
	at com.kms.katalon.core.keyword.builtin.CallTestCaseKeyword$_callTestCase_closure1.doCall(CallTestCaseKeyword.groovy:63)
	at com.kms.katalon.core.keyword.builtin.CallTestCaseKeyword$_callTestCase_closure1.call(CallTestCaseKeyword.groovy)
	at com.kms.katalon.core.keyword.internal.KeywordMain.runKeyword(KeywordMain.groovy:68)
	at com.kms.katalon.core.keyword.builtin.CallTestCaseKeyword.callTestCase(CallTestCaseKeyword.groovy:81)
	at com.kms.katalon.core.keyword.builtin.CallTestCaseKeyword.execute(CallTestCaseKeyword.groovy:44)
	at com.kms.katalon.core.keyword.internal.KeywordExecutor.executeKeywordForPlatform(KeywordExecutor.groovy:73)
	at com.kms.katalon.core.keyword.BuiltinKeywords.callTestCase(BuiltinKeywords.groovy:334)
	at TT_369_2_CreateRock_AllTestCase.run(TT_369_2_CreateRock_AllTestCase:97)
	at com.kms.katalon.core.main.ScriptEngine.run(ScriptEngine.java:194)
	at com.kms.katalon.core.main.ScriptEngine.runScriptAsRawText(ScriptEngine.java:119)
	at com.kms.katalon.core.main.TestCaseExecutor.runScript(TestCaseExecutor.java:339)
	at com.kms.katalon.core.main.TestCaseExecutor.doExecute(TestCaseExecutor.java:330)
	at com.kms.katalon.core.main.TestCaseExecutor.processExecutionPhase(TestCaseExecutor.java:309)
	at com.kms.katalon.core.main.TestCaseExecutor.accessMainPhase(TestCaseExecutor.java:301)
	at com.kms.katalon.core.main.TestCaseExecutor.execute(TestCaseExecutor.java:235)
	at com.kms.katalon.core.main.TestSuiteExecutor.accessTestCaseMainPhase(TestSuiteExecutor.java:191)
	at com.kms.katalon.core.main.TestSuiteExecutor.accessTestSuiteMainPhase(TestSuiteExecutor.java:141)
	at com.kms.katalon.core.main.TestSuiteExecutor.execute(TestSuiteExecutor.java:90)
	at com.kms.katalon.core.main.TestCaseMain.startTestSuite(TestCaseMain.java:157)
	at com.kms.katalon.core.main.TestCaseMain$startTestSuite$0.call(Unknown Source)
	at TempTestSuite1599119244458.run(TempTestSuite1599119244458.groovy:39)
Caused by: com.kms.katalon.core.exception.StepFailedException: Unable to click on object 'Object Repository/V2/Commons/DasboardPage_SidebarMenu/MeetingsMenu'
	at com.kms.katalon.core.webui.keyword.internal.WebUIKeywordMain.stepFailed(WebUIKeywordMain.groovy:64)
	at com.kms.katalon.core.webui.keyword.internal.WebUIKeywordMain.runKeyword(WebUIKeywordMain.groovy:26)
	at com.kms.katalon.core.webui.keyword.builtin.ClickKeyword.click(ClickKeyword.groovy:76)
	at com.kms.katalon.core.webui.keyword.builtin.ClickKeyword.execute(ClickKeyword.groovy:43)
	at com.kms.katalon.core.keyword.internal.KeywordExecutor.executeKeywordForPlatform(KeywordExecutor.groovy:73)
	at com.kms.katalon.core.webui.keyword.WebUiBuiltInKeywords.click(WebUiBuiltInKeywords.groovy:616)
	at com.kms.katalon.core.webui.keyword.WebUiBuiltInKeywords$click$5.call(Unknown Source)
	at PR_369_7_EditMeetingCreateRock_Supervisor.run(PR_369_7_EditMeetingCreateRock_Supervisor:34)
	at com.kms.katalon.core.main.ScriptEngine.run(ScriptEngine.java:194)
	at com.kms.katalon.core.main.ScriptEngine.runScriptAsRawText(ScriptEngine.java:119)
	at com.kms.katalon.core.main.TestCaseExecutor.runScript(TestCaseExecutor.java:339)
	at com.kms.katalon.core.main.TestCaseExecutor.doExecute(TestCaseExecutor.java:330)
	at com.kms.katalon.core.main.TestCaseExecutor.processExecutionPhase(TestCaseExecutor.java:309)
	at com.kms.katalon.core.main.TestCaseExecutor.accessMainPhase(TestCaseExecutor.java:301)
	at com.kms.katalon.core.main.TestCaseExecutor.execute(TestCaseExecutor.java:235)
	at com.kms.katalon.core.main.TestCaseMain.runTestCase(TestCaseMain.java:114)
	at com.kms.katalon.core.keyword.builtin.CallTestCaseKeyword$_callTestCase_closure1.doCall(CallTestCaseKeyword.groovy:59)
	... 20 more
Caused by: org.openqa.selenium.ElementClickInterceptedException: element click intercepted: Element &lt;div class=&quot;sidebar__content-item&quot;>...&lt;/div> is not clickable at point (150, 164). Other element would receive the click: &lt;div class=&quot;Backdrop-sc-102srga-0 jjKzmU&quot;>&lt;/div>
  (Session info: chrome=85.0.4183.83)
Build info: version: '3.141.59', revision: 'e82be7d358', time: '2018-11-14T08:25:53'
System info: host: 'DESKTOP-O0IP7CU', ip: '192.168.1.48', os.name: 'Windows 10', os.arch: 'amd64', os.version: '10.0', java.version: '1.8.0_181'
Driver info: org.openqa.selenium.chrome.ChromeDriver
Capabilities {acceptInsecureCerts: false, browserName: chrome, browserVersion: 85.0.4183.83, chrome: {chromedriverVersion: 85.0.4183.87 (cd6713ebf92fa..., userDataDir: C:\Users\Aaron-PC\AppData\L...}, goog:chromeOptions: {debuggerAddress: localhost:55839}, javascriptEnabled: true, networkConnectionEnabled: false, pageLoadStrategy: normal, platform: WINDOWS, platformName: WINDOWS, proxy: Proxy(), setWindowRect: true, strictFileInteractability: false, timeouts: {implicit: 0, pageLoad: 300000, script: 30000}, unhandledPromptBehavior: dismiss and notify, webauthn:virtualAuthenticators: true}
Session ID: 2715c8c973a78107c3d33f6ac31c88d8
	at org.openqa.selenium.remote.http.W3CHttpResponseCodec.createException(W3CHttpResponseCodec.java:187)
	at org.openqa.selenium.remote.http.W3CHttpResponseCodec.decode(W3CHttpResponseCodec.java:122)
	at org.openqa.selenium.remote.http.W3CHttpResponseCodec.decode(W3CHttpResponseCodec.java:49)
	at org.openqa.selenium.remote.HttpCommandExecutor.execute(HttpCommandExecutor.java:158)
	at org.openqa.selenium.remote.service.DriverCommandExecutor.execute(DriverCommandExecutor.java:83)
	at org.openqa.selenium.remote.RemoteWebDriver.execute(RemoteWebDriver.java:552)
	at org.openqa.selenium.remote.RemoteWebElement.execute(RemoteWebElement.java:285)
	at org.openqa.selenium.remote.RemoteWebElement.click(RemoteWebElement.java:84)
	at org.openqa.selenium.support.events.EventFiringWebDriver$EventFiringWebElement.lambda$new$0(EventFiringWebDriver.java:404)
	at com.sun.proxy.$Proxy10.click(Unknown Source)
	at org.openqa.selenium.support.events.EventFiringWebDriver$EventFiringWebElement.click(EventFiringWebDriver.java:417)
	at com.kms.katalon.core.webui.keyword.builtin.ClickKeyword$_click_closure1.doCall(ClickKeyword.groovy:69)
	at com.kms.katalon.core.webui.keyword.builtin.ClickKeyword$_click_closure1.call(ClickKeyword.groovy)
	at com.kms.katalon.core.webui.keyword.internal.WebUIKeywordMain.runKeyword(WebUIKeywordMain.groovy:20)
	... 35 more
"/>
         <system-out><![CDATA[2020-09-03 16:13:30 - [TEST_CASE][FAILED] - Test Cases/V2/Test Case/Tests/PR-369 - EditMeetingAgenda/Test Cases/Positive/TT_369_2_CreateRock_AllTestCase: Test Cases/V2/Test Case/Tests/PR-369 - EditMeetingAgenda/Test Cases/Positive/TT_369_2_CreateRock_AllTestCase FAILED.
Reason:
com.kms.katalon.core.exception.StepFailedException: Call Test Case 'Test Cases/V2/Test Case/Tests/PR-369 - EditMeetingAgenda/Test Cases/Positive/Supervisor/PR_369_7_EditMeetingCreateRock_Supervisor' failed
	at com.kms.katalon.core.keyword.builtin.CallTestCaseKeyword$_callTestCase_closure1.doCall(CallTestCaseKeyword.groovy:63)
	at com.kms.katalon.core.keyword.builtin.CallTestCaseKeyword$_callTestCase_closure1.call(CallTestCaseKeyword.groovy)
	at com.kms.katalon.core.keyword.internal.KeywordMain.runKeyword(KeywordMain.groovy:68)
	at com.kms.katalon.core.keyword.builtin.CallTestCaseKeyword.callTestCase(CallTestCaseKeyword.groovy:81)
	at com.kms.katalon.core.keyword.builtin.CallTestCaseKeyword.execute(CallTestCaseKeyword.groovy:44)
	at com.kms.katalon.core.keyword.internal.KeywordExecutor.executeKeywordForPlatform(KeywordExecutor.groovy:73)
	at com.kms.katalon.core.keyword.BuiltinKeywords.callTestCase(BuiltinKeywords.groovy:334)
	at TT_369_2_CreateRock_AllTestCase.run(TT_369_2_CreateRock_AllTestCase:97)
	at com.kms.katalon.core.main.ScriptEngine.run(ScriptEngine.java:194)
	at com.kms.katalon.core.main.ScriptEngine.runScriptAsRawText(ScriptEngine.java:119)
	at com.kms.katalon.core.main.TestCaseExecutor.runScript(TestCaseExecutor.java:339)
	at com.kms.katalon.core.main.TestCaseExecutor.doExecute(TestCaseExecutor.java:330)
	at com.kms.katalon.core.main.TestCaseExecutor.processExecutionPhase(TestCaseExecutor.java:309)
	at com.kms.katalon.core.main.TestCaseExecutor.accessMainPhase(TestCaseExecutor.java:301)
	at com.kms.katalon.core.main.TestCaseExecutor.execute(TestCaseExecutor.java:235)
	at com.kms.katalon.core.main.TestSuiteExecutor.accessTestCaseMainPhase(TestSuiteExecutor.java:191)
	at com.kms.katalon.core.main.TestSuiteExecutor.accessTestSuiteMainPhase(TestSuiteExecutor.java:141)
	at com.kms.katalon.core.main.TestSuiteExecutor.execute(TestSuiteExecutor.java:90)
	at com.kms.katalon.core.main.TestCaseMain.startTestSuite(TestCaseMain.java:157)
	at com.kms.katalon.core.main.TestCaseMain$startTestSuite$0.call(Unknown Source)
	at TempTestSuite1599119244458.run(TempTestSuite1599119244458.groovy:39)
Caused by: com.kms.katalon.core.exception.StepFailedException: Unable to click on object 'Object Repository/V2/Commons/DasboardPage_SidebarMenu/MeetingsMenu'
	at com.kms.katalon.core.webui.keyword.internal.WebUIKeywordMain.stepFailed(WebUIKeywordMain.groovy:64)
	at com.kms.katalon.core.webui.keyword.internal.WebUIKeywordMain.runKeyword(WebUIKeywordMain.groovy:26)
	at com.kms.katalon.core.webui.keyword.builtin.ClickKeyword.click(ClickKeyword.groovy:76)
	at com.kms.katalon.core.webui.keyword.builtin.ClickKeyword.execute(ClickKeyword.groovy:43)
	at com.kms.katalon.core.keyword.internal.KeywordExecutor.executeKeywordForPlatform(KeywordExecutor.groovy:73)
	at com.kms.katalon.core.webui.keyword.WebUiBuiltInKeywords.click(WebUiBuiltInKeywords.groovy:616)
	at com.kms.katalon.core.webui.keyword.WebUiBuiltInKeywords$click$5.call(Unknown Source)
	at PR_369_7_EditMeetingCreateRock_Supervisor.run(PR_369_7_EditMeetingCreateRock_Supervisor:34)
	at com.kms.katalon.core.main.ScriptEngine.run(ScriptEngine.java:194)
	at com.kms.katalon.core.main.ScriptEngine.runScriptAsRawText(ScriptEngine.java:119)
	at com.kms.katalon.core.main.TestCaseExecutor.runScript(TestCaseExecutor.java:339)
	at com.kms.katalon.core.main.TestCaseExecutor.doExecute(TestCaseExecutor.java:330)
	at com.kms.katalon.core.main.TestCaseExecutor.processExecutionPhase(TestCaseExecutor.java:309)
	at com.kms.katalon.core.main.TestCaseExecutor.accessMainPhase(TestCaseExecutor.java:301)
	at com.kms.katalon.core.main.TestCaseExecutor.execute(TestCaseExecutor.java:235)
	at com.kms.katalon.core.main.TestCaseMain.runTestCase(TestCaseMain.java:114)
	at com.kms.katalon.core.keyword.builtin.CallTestCaseKeyword$_callTestCase_closure1.doCall(CallTestCaseKeyword.groovy:59)
	... 20 more
Caused by: org.openqa.selenium.ElementClickInterceptedException: element click intercepted: Element <div class="sidebar__content-item">...</div> is not clickable at point (150, 164). Other element would receive the click: <div class="Backdrop-sc-102srga-0 jjKzmU"></div>
  (Session info: chrome=85.0.4183.83)
Build info: version: '3.141.59', revision: 'e82be7d358', time: '2018-11-14T08:25:53'
System info: host: 'DESKTOP-O0IP7CU', ip: '192.168.1.48', os.name: 'Windows 10', os.arch: 'amd64', os.version: '10.0', java.version: '1.8.0_181'
Driver info: org.openqa.selenium.chrome.ChromeDriver
Capabilities {acceptInsecureCerts: false, browserName: chrome, browserVersion: 85.0.4183.83, chrome: {chromedriverVersion: 85.0.4183.87 (cd6713ebf92fa..., userDataDir: C:\Users\Aaron-PC\AppData\L...}, goog:chromeOptions: {debuggerAddress: localhost:55839}, javascriptEnabled: true, networkConnectionEnabled: false, pageLoadStrategy: normal, platform: WINDOWS, platformName: WINDOWS, proxy: Proxy(), setWindowRect: true, strictFileInteractability: false, timeouts: {implicit: 0, pageLoad: 300000, script: 30000}, unhandledPromptBehavior: dismiss and notify, webauthn:virtualAuthenticators: true}
Session ID: 2715c8c973a78107c3d33f6ac31c88d8
	at org.openqa.selenium.remote.http.W3CHttpResponseCodec.createException(W3CHttpResponseCodec.java:187)
	at org.openqa.selenium.remote.http.W3CHttpResponseCodec.decode(W3CHttpResponseCodec.java:122)
	at org.openqa.selenium.remote.http.W3CHttpResponseCodec.decode(W3CHttpResponseCodec.java:49)
	at org.openqa.selenium.remote.HttpCommandExecutor.execute(HttpCommandExecutor.java:158)
	at org.openqa.selenium.remote.service.DriverCommandExecutor.execute(DriverCommandExecutor.java:83)
	at org.openqa.selenium.remote.RemoteWebDriver.execute(RemoteWebDriver.java:552)
	at org.openqa.selenium.remote.RemoteWebElement.execute(RemoteWebElement.java:285)
	at org.openqa.selenium.remote.RemoteWebElement.click(RemoteWebElement.java:84)
	at org.openqa.selenium.support.events.EventFiringWebDriver$EventFiringWebElement.lambda$new$0(EventFiringWebDriver.java:404)
	at com.sun.proxy.$Proxy10.click(Unknown Source)
	at org.openqa.selenium.support.events.EventFiringWebDriver$EventFiringWebElement.click(EventFiringWebDriver.java:417)
	at com.kms.katalon.core.webui.keyword.builtin.ClickKeyword$_click_closure1.doCall(ClickKeyword.groovy:69)
	at com.kms.katalon.core.webui.keyword.builtin.ClickKeyword$_click_closure1.call(ClickKeyword.groovy)
	at com.kms.katalon.core.webui.keyword.internal.WebUIKeywordMain.runKeyword(WebUIKeywordMain.groovy:20)
	... 35 more


2020-09-03 16:13:30 - [TEST_STEP][PASSED] - callTestCase(findTestCase("V2/Test Case/Pre-conditions/PRE_RegisterAndActivateTTUsers"), ["admin_fname":admin_fname, "lastname":lastname, "phonenumber":"9999999999", "company":"Traction Tools", "password":password, ... ], STOP_ON_FAILURE): Call Test Case 'Test Cases/V2/Test Case/Pre-conditions/PRE_RegisterAndActivateTTUsers' successfully

2020-09-03 16:13:30 - [TEST_CASE][PASSED] - Test Cases/V2/Test Case/Pre-conditions/PRE_RegisterAndActivateTTUsers: Test Cases/V2/Test Case/Pre-conditions/PRE_RegisterAndActivateTTUsers

2020-09-03 16:13:30 - [TEST_STEP][PASSED] - email = tt_CustomKeywords.CustomKeywords.GenerateRandomEmailAddress(admin_email_prefix, admin_email_domain, randomTextLength): Successfully generated a random email: tractiontools.user001+ta5l5smf@gmail.com

2020-09-03 16:13:30 - [MESSAGE][PASSED] - Successfully generated a random email: tractiontools.user001+ta5l5smf@gmail.com

2020-09-03 16:13:30 - [TEST_STEP][PASSED] - supervisor_email = tt_CustomKeywords.CustomKeywords.GenerateRandomEmailAddress(supervisor_email_prefix, supervisor_email_domain, randomTextLength): Successfully generated a random email: tractiontools.user001+ts5zrrpf@gmail.com

2020-09-03 16:13:30 - [MESSAGE][PASSED] - Successfully generated a random email: tractiontools.user001+ts5zrrpf@gmail.com

2020-09-03 16:13:30 - [TEST_STEP][PASSED] - employee_email = tt_CustomKeywords.CustomKeywords.GenerateRandomEmailAddress(employee_email_prefix, employee_email_domain, randomTextLength): Successfully generated a random email: tractiontools.user001+te5s944q@gmail.com

2020-09-03 16:13:30 - [MESSAGE][PASSED] - Successfully generated a random email: tractiontools.user001+te5s944q@gmail.com

2020-09-03 16:13:30 - [TEST_STEP][PASSED] - adminDetails = tt_CustomKeywords.CustomKeywords.RegisterUserViaAPIAndGenerateActivateURL(email, admin_fname, lastname, phonenumber, company, "__JSON__{\"howDidYouHearAboutUs\":\"Facebook\",\"implementer\":\"\",\"existingTractionToolsClient\":\"\",\"other\":\"\"}", "__JSON__{\"timeZone\":\"America/Guatemala\",\"brandColor\":\"#023047\",\"q1Start\":null,\"q1End\":null,\"q2Start\":null,\"q2End\":null,\"q3Start\":null,\"q3End\":null,\"q4Start\":null,\"q4End\":null,\"quarterDatesSetsRocks\":false,\"exportUsers\":false,\"exportRocks\":false,\"exportRocksIncludesMilestones\":false,\"exportScorecards\":false,\"exportTodos\":false,\"exportTodosIncludesNotes\":false,\"exportPeopleHeadlines\":false,\"exportPeopleHeadlinesIncludesNotes\":false,\"exportIssues\":false,\"exportIssuesIncludesNotes\":false,\"exportContextAwareTodos\":false,\"dateFormat\":\"MM/DD/YYYY\",\"timeFormat\":\"h:mma\",\"numberFormat\":\"-1,000.99\",\"supervisorsArchiveRestoreUsers\":false,\"supervisorsEditPositions\":false,\"milestonesAvailableToAll\":false,\"customMeetingTemplatesEnabled\":false,\"receiveTodoReminders\":false,\"todoReminderTime\":\"13:00\",\"todoReminderTimeZone\":\"America/Guatemala\",\"todoReminderFrequency\":\"DAILY\",\"vtoMeetingId\":\"\",\"vtoDisplayMode\":\"ALL\",\"coreValues\":[{\"id\":\"1\",\"text\":\"\"},{\"id\":\"2\",\"text\":\"\"},{\"id\":\"3\",\"text\":\"\"}]}", password, V2Url): SUCCESFFULLY registered a new user via API. 
 Generated Activation Link: 
https://v2dev.traction.tools/activate?activationKey=5b3e79d9-aca6-4e53-96e8-07e8215598e4&userId=61a12efa-b948-4745-89c3-a5e99477db0c&orgId=e9c00642-0f59-457a-97d2-2c9eb2ade460&email=tractiontools.user001+ta5l5smf@gmail.com&teamsId=7a0222b8-70bf-4b35-a42c-a2a2d1ba2eac&meetingsId=c8126098-b45f-4997-8aaf-28780002bb40&adminsId=9e47af21-44f1-4a07-9a63-56a93b94bed2&usersId=a4af95dc-cc36-4dd6-9026-51eaf2f1adfc&supervisorsId=a0d03737-49fd-491d-ada6-6796520557fc&accountabilityChartId=3a905fbd-3fc2-4d2f-92db-804ebedb6d55&isCreator=1

2020-09-03 16:13:49 - [MESSAGE][PASSED] - SUCCESFFULLY registered a new user via API. 
 Generated Activation Link: 
https://v2dev.traction.tools/activate?activationKey=5b3e79d9-aca6-4e53-96e8-07e8215598e4&userId=61a12efa-b948-4745-89c3-a5e99477db0c&orgId=e9c00642-0f59-457a-97d2-2c9eb2ade460&email=tractiontools.user001+ta5l5smf@gmail.com&teamsId=7a0222b8-70bf-4b35-a42c-a2a2d1ba2eac&meetingsId=c8126098-b45f-4997-8aaf-28780002bb40&adminsId=9e47af21-44f1-4a07-9a63-56a93b94bed2&usersId=a4af95dc-cc36-4dd6-9026-51eaf2f1adfc&supervisorsId=a0d03737-49fd-491d-ada6-6796520557fc&accountabilityChartId=3a905fbd-3fc2-4d2f-92db-804ebedb6d55&isCreator=1

2020-09-03 16:13:49 - [TEST_STEP][PASSED] - activationURL = adminDetails[0]: null

2020-09-03 16:13:49 - [TEST_STEP][PASSED] - orgID = adminDetails[1]: null

2020-09-03 16:13:49 - [TEST_STEP][PASSED] - out.println("URL: " + activationURL): null

2020-09-03 16:13:49 - [TEST_STEP][PASSED] - out.println("orgID: " + orgID): null

2020-09-03 16:13:49 - [TEST_STEP][PASSED] - supervisorUser_name = supervisor_fname + " " + lastname: null

2020-09-03 16:13:49 - [TEST_STEP][PASSED] - openBrowser(""): Browser is opened with url: ''

2020-09-03 16:13:49 - [MESSAGE][INFO] - Starting 'Chrome' driver

2020-09-03 16:13:49 - [MESSAGE][INFO] - Action delay is set to 0 milliseconds

2020-09-03 16:13:53 - [MESSAGE][PASSED] - Browser is opened with url: ''

2020-09-03 16:13:53 - [TEST_STEP][PASSED] - maximizeWindow(): Current window maximized

2020-09-03 16:13:55 - [MESSAGE][PASSED] - Current window maximized

2020-09-03 16:13:55 - [TEST_STEP][PASSED] - callTestCase(findTestCase("V2/Test Case/Pre-conditions/PRE_ActivateNewUser"), ["activationURL":activationURL, "email":email, "password":password], STOP_ON_FAILURE): Call Test Case 'Test Cases/V2/Test Case/Pre-conditions/PRE_ActivateNewUser' successfully

2020-09-03 16:13:55 - [TEST_CASE][PASSED] - Test Cases/V2/Test Case/Pre-conditions/PRE_ActivateNewUser: Test Cases/V2/Test Case/Pre-conditions/PRE_ActivateNewUser

2020-09-03 16:13:55 - [TEST_STEP][PASSED] - navigateToUrl(activationURL): Navigate to 'https://v2dev.traction.tools/activate?activationKey=5b3e79d9-aca6-4e53-96e8-07e8215598e4&userId=61a12efa-b948-4745-89c3-a5e99477db0c&orgId=e9c00642-0f59-457a-97d2-2c9eb2ade460&email=tractiontools.user001+ta5l5smf@gmail.com&teamsId=7a0222b8-70bf-4b35-a42c-a2a2d1ba2eac&meetingsId=c8126098-b45f-4997-8aaf-28780002bb40&adminsId=9e47af21-44f1-4a07-9a63-56a93b94bed2&usersId=a4af95dc-cc36-4dd6-9026-51eaf2f1adfc&supervisorsId=a0d03737-49fd-491d-ada6-6796520557fc&accountabilityChartId=3a905fbd-3fc2-4d2f-92db-804ebedb6d55&isCreator=1' successfully

2020-09-03 16:13:57 - [MESSAGE][PASSED] - Navigate to 'https://v2dev.traction.tools/activate?activationKey=5b3e79d9-aca6-4e53-96e8-07e8215598e4&userId=61a12efa-b948-4745-89c3-a5e99477db0c&orgId=e9c00642-0f59-457a-97d2-2c9eb2ade460&email=tractiontools.user001+ta5l5smf@gmail.com&teamsId=7a0222b8-70bf-4b35-a42c-a2a2d1ba2eac&meetingsId=c8126098-b45f-4997-8aaf-28780002bb40&adminsId=9e47af21-44f1-4a07-9a63-56a93b94bed2&usersId=a4af95dc-cc36-4dd6-9026-51eaf2f1adfc&supervisorsId=a0d03737-49fd-491d-ada6-6796520557fc&accountabilityChartId=3a905fbd-3fc2-4d2f-92db-804ebedb6d55&isCreator=1' successfully

2020-09-03 16:13:57 - [TEST_STEP][PASSED] - waitForElementVisible(findTestObject("V2/Commons/ActivationPage/input_Email_email"), DefaultTimeout): Object 'Object Repository/V2/Commons/ActivationPage/input_Email_email' is visible

2020-09-03 16:14:03 - [MESSAGE][PASSED] - Object 'Object Repository/V2/Commons/ActivationPage/input_Email_email' is visible

2020-09-03 16:14:03 - [TEST_STEP][PASSED] - actual_email = getAttribute(findTestObject("Object Repository/V2/Commons/ActivationPage/input_Email_email"), "value"): Attribute 'value' of object 'Object Repository/V2/Commons/ActivationPage/input_Email_email' is: 'tractiontools.user001+ta5l5smf@gmail.com'

2020-09-03 16:14:04 - [MESSAGE][PASSED] - Attribute 'value' of object 'Object Repository/V2/Commons/ActivationPage/input_Email_email' is: 'tractiontools.user001+ta5l5smf@gmail.com'

2020-09-03 16:14:04 - [TEST_STEP][PASSED] - verifyMatch(actual_email, email, false): Actual text 'tractiontools.user001+ta5l5smf@gmail.com' and expected text 'tractiontools.user001+ta5l5smf@gmail.com' are matched 

2020-09-03 16:14:04 - [MESSAGE][PASSED] - Actual text 'tractiontools.user001+ta5l5smf@gmail.com' and expected text 'tractiontools.user001+ta5l5smf@gmail.com' are matched 

2020-09-03 16:14:04 - [TEST_STEP][PASSED] - setText(findTestObject("V2/Commons/ActivationPage/input_password"), password): Text 'Qwer123!' is set on object 'Object Repository/V2/Commons/ActivationPage/input_password'

2020-09-03 16:14:04 - [MESSAGE][PASSED] - Text 'Qwer123!' is set on object 'Object Repository/V2/Commons/ActivationPage/input_password'

2020-09-03 16:14:04 - [TEST_STEP][PASSED] - setText(findTestObject("Object Repository/V2/Commons/ActivationPage/input__passwordRepeat"), password): Text 'Qwer123!' is set on object 'Object Repository/V2/Commons/ActivationPage/input__passwordRepeat'

2020-09-03 16:14:05 - [MESSAGE][PASSED] - Text 'Qwer123!' is set on object 'Object Repository/V2/Commons/ActivationPage/input__passwordRepeat'

2020-09-03 16:14:05 - [TEST_STEP][PASSED] - click(findTestObject("V2/Commons/ActivationPage/input_termsandconditions")): Object: 'Object Repository/V2/Commons/ActivationPage/input_termsandconditions' is clicked on

2020-09-03 16:14:06 - [MESSAGE][PASSED] - Object: 'Object Repository/V2/Commons/ActivationPage/input_termsandconditions' is clicked on

2020-09-03 16:14:06 - [TEST_STEP][PASSED] - click(findTestObject("Object Repository/V2/Commons/ActivationPage/div_Create account")): Object: 'Object Repository/V2/Commons/ActivationPage/div_Create account' is clicked on

2020-09-03 16:14:06 - [MESSAGE][PASSED] - Object: 'Object Repository/V2/Commons/ActivationPage/div_Create account' is clicked on

2020-09-03 16:14:06 - [TEST_STEP][PASSED] - waitForElementPresent(findTestObject("V2/Commons/DasboardPage_SidebarMenu/img_Home_logo-big"), DefaultTimeout): Object 'Object Repository/V2/Commons/DasboardPage_SidebarMenu/img_Home_logo-big' is present

2020-09-03 16:14:19 - [MESSAGE][PASSED] - Object 'Object Repository/V2/Commons/DasboardPage_SidebarMenu/img_Home_logo-big' is present

2020-09-03 16:14:19 - [TEST_STEP][PASSED] - verifyElementPresent(findTestObject("V2/Commons/DasboardPage_SidebarMenu/img_Home_logo-big"), 0): Object 'Object Repository/V2/Commons/DasboardPage_SidebarMenu/img_Home_logo-big' is present

2020-09-03 16:14:19 - [MESSAGE][WARNING] - Timeout '0' is invalid. Using default page load timeout: '30'

2020-09-03 16:14:19 - [MESSAGE][PASSED] - Object 'Object Repository/V2/Commons/DasboardPage_SidebarMenu/img_Home_logo-big' is present

2020-09-03 16:14:19 - [MESSAGE][PASSED] - Call Test Case 'Test Cases/V2/Test Case/Pre-conditions/PRE_ActivateNewUser' successfully

2020-09-03 16:14:19 - [TEST_STEP][PASSED] - callTestCase(findTestCase("V2/Test Case/Pre-conditions/PRE_SkipCompanyAndPersonalProfileSetup"), [:], STOP_ON_FAILURE): Call Test Case 'Test Cases/V2/Test Case/Pre-conditions/PRE_SkipCompanyAndPersonalProfileSetup' successfully

2020-09-03 16:14:20 - [TEST_CASE][PASSED] - Test Cases/V2/Test Case/Pre-conditions/PRE_SkipCompanyAndPersonalProfileSetup: Test Cases/V2/Test Case/Pre-conditions/PRE_SkipCompanyAndPersonalProfileSetup

2020-09-03 16:14:20 - [TEST_STEP][PASSED] - waitForElementVisible(findTestObject("V2/Commons/FirstUpdateCompanyAndPersonalInfoModal/confirmCompanyInfoHeader_h1"), DefaultTimeout): Object 'Object Repository/V2/Commons/FirstUpdateCompanyAndPersonalInfoModal/confirmCompanyInfoHeader_h1' is visible

2020-09-03 16:14:20 - [MESSAGE][PASSED] - Object 'Object Repository/V2/Commons/FirstUpdateCompanyAndPersonalInfoModal/confirmCompanyInfoHeader_h1' is visible

2020-09-03 16:14:20 - [TEST_STEP][PASSED] - click(findTestObject("V2/Commons/FirstUpdateCompanyAndPersonalInfoModal/confirmInfoSkip_button")): Object: 'Object Repository/V2/Commons/FirstUpdateCompanyAndPersonalInfoModal/confirmInfoSkip_button' is clicked on

2020-09-03 16:14:20 - [MESSAGE][PASSED] - Object: 'Object Repository/V2/Commons/FirstUpdateCompanyAndPersonalInfoModal/confirmInfoSkip_button' is clicked on

2020-09-03 16:14:20 - [TEST_STEP][PASSED] - waitForElementVisible(findTestObject("V2/Commons/FirstUpdateCompanyAndPersonalInfoModal/confirmPersonalInfoHeader_h1"), DefaultTimeout): Object 'Object Repository/V2/Commons/FirstUpdateCompanyAndPersonalInfoModal/confirmPersonalInfoHeader_h1' is visible

2020-09-03 16:14:21 - [MESSAGE][PASSED] - Object 'Object Repository/V2/Commons/FirstUpdateCompanyAndPersonalInfoModal/confirmPersonalInfoHeader_h1' is visible

2020-09-03 16:14:21 - [TEST_STEP][PASSED] - click(findTestObject("V2/Commons/FirstUpdateCompanyAndPersonalInfoModal/confirmInfoSkip_button")): Object: 'Object Repository/V2/Commons/FirstUpdateCompanyAndPersonalInfoModal/confirmInfoSkip_button' is clicked on

2020-09-03 16:14:22 - [MESSAGE][PASSED] - Object: 'Object Repository/V2/Commons/FirstUpdateCompanyAndPersonalInfoModal/confirmInfoSkip_button' is clicked on

2020-09-03 16:14:22 - [TEST_STEP][PASSED] - waitForElementVisible(findTestObject("V2/Commons/FirstUpdateCompanyAndPersonalInfoModal/letsGetStarted_button"), DefaultTimeout): Object 'Object Repository/V2/Commons/FirstUpdateCompanyAndPersonalInfoModal/letsGetStarted_button' is visible

2020-09-03 16:14:23 - [MESSAGE][PASSED] - Object 'Object Repository/V2/Commons/FirstUpdateCompanyAndPersonalInfoModal/letsGetStarted_button' is visible

2020-09-03 16:14:23 - [TEST_STEP][PASSED] - click(findTestObject("V2/Commons/FirstUpdateCompanyAndPersonalInfoModal/letsGetStarted_button")): Object: 'Object Repository/V2/Commons/FirstUpdateCompanyAndPersonalInfoModal/letsGetStarted_button' is clicked on

2020-09-03 16:14:23 - [MESSAGE][PASSED] - Object: 'Object Repository/V2/Commons/FirstUpdateCompanyAndPersonalInfoModal/letsGetStarted_button' is clicked on

2020-09-03 16:14:23 - [MESSAGE][PASSED] - Call Test Case 'Test Cases/V2/Test Case/Pre-conditions/PRE_SkipCompanyAndPersonalProfileSetup' successfully

2020-09-03 16:14:23 - [TEST_STEP][PASSED] - supervisor_activationURL = tt_CustomKeywords.CustomKeywords.RegisterAndActivateSupervisorUserViaAPI(V2Url, orgID, supervisor_email, password, email, password, supervisor_fname, lastname): SUCCESFFULLY registered a new user via API. 
 Generated Activation Link: 
https://v2dev.traction.tools/activate?activationKey=485d429b-8a49-4def-b847-462cc094af91&userId=d9d18d40-de49-46c5-b419-71a0aa974ff8&orgId=e9c00642-0f59-457a-97d2-2c9eb2ade460&email=tractiontools.user001+ts5zrrpf@gmail.com&isCreator=0

2020-09-03 16:14:29 - [MESSAGE][PASSED] - SUCCESFFULLY registered a new user via API. 
 Generated Activation Link: 
https://v2dev.traction.tools/activate?activationKey=485d429b-8a49-4def-b847-462cc094af91&userId=d9d18d40-de49-46c5-b419-71a0aa974ff8&orgId=e9c00642-0f59-457a-97d2-2c9eb2ade460&email=tractiontools.user001+ts5zrrpf@gmail.com&isCreator=0

2020-09-03 16:14:29 - [TEST_STEP][PASSED] - callTestCase(findTestCase("V2/Test Case/Pre-conditions/PRE_ChangeUserPermissionViaManageUser"), ["showMenuItemsPath":"//div[@class='usercard__detail_container']/div[text()='%s']/ancestor::div[contains(@class,'usercard__content')]//button[@aria-label='Show Menu Items']", "user_email":supervisor_email, ... ], STOP_ON_FAILURE): Call Test Case 'Test Cases/V2/Test Case/Pre-conditions/PRE_ChangeUserPermissionViaManageUser' successfully

2020-09-03 16:14:29 - [TEST_CASE][PASSED] - Test Cases/V2/Test Case/Pre-conditions/PRE_ChangeUserPermissionViaManageUser: Test Cases/V2/Test Case/Pre-conditions/PRE_ChangeUserPermissionViaManageUser

2020-09-03 16:14:29 - [TEST_STEP][PASSED] - click(findTestObject("Object Repository/V2/Commons/ManageUsersPage/span_Company Settings")): Object: 'Object Repository/V2/Commons/ManageUsersPage/span_Company Settings' is clicked on

2020-09-03 16:14:29 - [MESSAGE][PASSED] - Object: 'Object Repository/V2/Commons/ManageUsersPage/span_Company Settings' is clicked on

2020-09-03 16:14:29 - [TEST_STEP][PASSED] - click(findTestObject("V2/Commons/DasboardPage_SidebarMenu/a_Manage Users")): Object: 'Object Repository/V2/Commons/DasboardPage_SidebarMenu/a_Manage Users' is clicked on

2020-09-03 16:14:30 - [MESSAGE][PASSED] - Object: 'Object Repository/V2/Commons/DasboardPage_SidebarMenu/a_Manage Users' is clicked on

2020-09-03 16:14:30 - [TEST_STEP][PASSED] - showMenuItemsObj = tt_CustomKeywords.CustomKeywords.CreateDynamicElement(showMenuItemsPath, user_email, "xpath"): Successfully created new dynamic object: //div[@class='usercard__detail_container']/div[text()='tractiontools.user001+ts5zrrpf@gmail.com']/ancestor::div[contains(@class,'usercard__content')]//button[@aria-label='Show Menu Items']

2020-09-03 16:14:30 - [MESSAGE][PASSED] - Successfully created new dynamic object: //div[@class='usercard__detail_container']/div[text()='tractiontools.user001+ts5zrrpf@gmail.com']/ancestor::div[contains(@class,'usercard__content')]//button[@aria-label='Show Menu Items']

2020-09-03 16:14:30 - [TEST_STEP][PASSED] - click(showMenuItemsObj): Object: '' is clicked on

2020-09-03 16:14:31 - [MESSAGE][PASSED] - Object: '' is clicked on

2020-09-03 16:14:31 - [TEST_STEP][PASSED] - click(findTestObject("Object Repository/V2/Commons/ManageUsersPage/div_Edit user")): Object: 'Object Repository/V2/Commons/ManageUsersPage/div_Edit user' is clicked on

2020-09-03 16:14:32 - [MESSAGE][PASSED] - Object: 'Object Repository/V2/Commons/ManageUsersPage/div_Edit user' is clicked on

2020-09-03 16:14:32 - [TEST_STEP][PASSED] - verifyElementPresent(findTestObject("V2/Commons/ManageUsersPage/div_PositionTitle"), DefaultTimeout): Object 'Object Repository/V2/Commons/ManageUsersPage/div_PositionTitle' is present

2020-09-03 16:14:32 - [MESSAGE][PASSED] - Object 'Object Repository/V2/Commons/ManageUsersPage/div_PositionTitle' is present

2020-09-03 16:14:32 - [TEST_STEP][PASSED] - setText(findTestObject("V2/Commons/ManageUsersPage/position_title_input"), position_title): Text 'QA Manager' is set on object 'Object Repository/V2/Commons/ManageUsersPage/position_title_input'

2020-09-03 16:14:33 - [MESSAGE][PASSED] - Text 'QA Manager' is set on object 'Object Repository/V2/Commons/ManageUsersPage/position_title_input'

2020-09-03 16:14:33 - [TEST_STEP][PASSED] - sendKeys(findTestObject("V2/Commons/ManageUsersPage/position_title_input"), Keys.chord(ENTER)): Keys 'ENTER + ' sent to object: 'Object Repository/V2/Commons/ManageUsersPage/position_title_input'

2020-09-03 16:14:33 - [MESSAGE][PASSED] - Keys 'ENTER + ' sent to object: 'Object Repository/V2/Commons/ManageUsersPage/position_title_input'

2020-09-03 16:14:33 - [TEST_STEP][PASSED] - if (permissionValue == "Employee"): null

2020-09-03 16:14:33 - [TEST_STEP][PASSED] - verifyElementPresent(findTestObject("Object Repository/V2/Commons/ManageUsersPage/div_User type"), DefaultTimeout): Object 'Object Repository/V2/Commons/ManageUsersPage/div_User type' is present

2020-09-03 16:14:34 - [MESSAGE][PASSED] - Object 'Object Repository/V2/Commons/ManageUsersPage/div_User type' is present

2020-09-03 16:14:34 - [TEST_STEP][PASSED] - click(findTestObject("Object Repository/V2/Commons/ManageUsersPage/input__orgRole")): Object: 'Object Repository/V2/Commons/ManageUsersPage/input__orgRole' is clicked on

2020-09-03 16:14:34 - [MESSAGE][PASSED] - Object: 'Object Repository/V2/Commons/ManageUsersPage/input__orgRole' is clicked on

2020-09-03 16:14:34 - [TEST_STEP][PASSED] - roleOptionObj = tt_CustomKeywords.CustomKeywords.CreateDynamicElement(roleOption, permissionValue, "xpath"): Successfully created new dynamic object: //span[text()='Supervisor']/parent::div[@role='option']

2020-09-03 16:14:34 - [MESSAGE][PASSED] - Successfully created new dynamic object: //span[text()='Supervisor']/parent::div[@role='option']

2020-09-03 16:14:34 - [TEST_STEP][PASSED] - click(roleOptionObj): Object: '' is clicked on

2020-09-03 16:14:35 - [MESSAGE][PASSED] - Object: '' is clicked on

2020-09-03 16:14:35 - [TEST_STEP][PASSED] - click(findTestObject("Object Repository/V2/Commons/ManageUsersPage/div_Save")): Object: 'Object Repository/V2/Commons/ManageUsersPage/div_Save' is clicked on

2020-09-03 16:14:35 - [MESSAGE][PASSED] - Object: 'Object Repository/V2/Commons/ManageUsersPage/div_Save' is clicked on

2020-09-03 16:14:35 - [TEST_STEP][PASSED] - waitForElementVisible(findTestObject("V2/Commons/ManageUsersPage/h3_User Saved"), DefaultTimeout): Object 'Object Repository/V2/Commons/ManageUsersPage/h3_User Saved' is visible

2020-09-03 16:14:45 - [MESSAGE][PASSED] - Object 'Object Repository/V2/Commons/ManageUsersPage/h3_User Saved' is visible

2020-09-03 16:14:45 - [TEST_STEP][PASSED] - verifyElementVisible(findTestObject("Object Repository/V2/Commons/ManageUsersPage/h3_User Saved")): Object 'Object Repository/V2/Commons/ManageUsersPage/h3_User Saved' is visible

2020-09-03 16:14:46 - [MESSAGE][PASSED] - Object 'Object Repository/V2/Commons/ManageUsersPage/h3_User Saved' is visible

2020-09-03 16:14:46 - [MESSAGE][PASSED] - Call Test Case 'Test Cases/V2/Test Case/Pre-conditions/PRE_ChangeUserPermissionViaManageUser' successfully

2020-09-03 16:14:46 - [TEST_STEP][PASSED] - employee_activationURL = tt_CustomKeywords.CustomKeywords.RegisterAndActivateSupervisorUserViaAPI(V2Url, orgID, employee_email, password, email, password, employee_fname, lastname): SUCCESFFULLY registered a new user via API. 
 Generated Activation Link: 
https://v2dev.traction.tools/activate?activationKey=e895b5e0-2279-426c-9427-cd47401d8ed5&userId=455bf5ab-97cb-4ab3-aa1a-1909d5673fc3&orgId=e9c00642-0f59-457a-97d2-2c9eb2ade460&email=tractiontools.user001+te5s944q@gmail.com&isCreator=0

2020-09-03 16:14:52 - [MESSAGE][PASSED] - SUCCESFFULLY registered a new user via API. 
 Generated Activation Link: 
https://v2dev.traction.tools/activate?activationKey=e895b5e0-2279-426c-9427-cd47401d8ed5&userId=455bf5ab-97cb-4ab3-aa1a-1909d5673fc3&orgId=e9c00642-0f59-457a-97d2-2c9eb2ade460&email=tractiontools.user001+te5s944q@gmail.com&isCreator=0

2020-09-03 16:14:52 - [TEST_STEP][PASSED] - callTestCase(findTestCase("V2/Test Case/Pre-conditions/PRE_ChangeUserPermissionViaManageUser"), ["showMenuItemsPath":"//div[@class='usercard__detail_container']/div[text()='%s']/ancestor::div[contains(@class,'usercard__content')]//button[@aria-label='Show Menu Items']", "user_email":employee_email, ... ], STOP_ON_FAILURE): Call Test Case 'Test Cases/V2/Test Case/Pre-conditions/PRE_ChangeUserPermissionViaManageUser' successfully

2020-09-03 16:14:52 - [TEST_CASE][PASSED] - Test Cases/V2/Test Case/Pre-conditions/PRE_ChangeUserPermissionViaManageUser: Test Cases/V2/Test Case/Pre-conditions/PRE_ChangeUserPermissionViaManageUser

2020-09-03 16:14:52 - [TEST_STEP][PASSED] - click(findTestObject("Object Repository/V2/Commons/ManageUsersPage/span_Company Settings")): Object: 'Object Repository/V2/Commons/ManageUsersPage/span_Company Settings' is clicked on

2020-09-03 16:14:52 - [MESSAGE][PASSED] - Object: 'Object Repository/V2/Commons/ManageUsersPage/span_Company Settings' is clicked on

2020-09-03 16:14:52 - [TEST_STEP][PASSED] - click(findTestObject("V2/Commons/DasboardPage_SidebarMenu/a_Manage Users")): Object: 'Object Repository/V2/Commons/DasboardPage_SidebarMenu/a_Manage Users' is clicked on

2020-09-03 16:14:53 - [MESSAGE][PASSED] - Object: 'Object Repository/V2/Commons/DasboardPage_SidebarMenu/a_Manage Users' is clicked on

2020-09-03 16:14:53 - [TEST_STEP][PASSED] - showMenuItemsObj = tt_CustomKeywords.CustomKeywords.CreateDynamicElement(showMenuItemsPath, user_email, "xpath"): Successfully created new dynamic object: //div[@class='usercard__detail_container']/div[text()='tractiontools.user001+te5s944q@gmail.com']/ancestor::div[contains(@class,'usercard__content')]//button[@aria-label='Show Menu Items']

2020-09-03 16:14:53 - [MESSAGE][PASSED] - Successfully created new dynamic object: //div[@class='usercard__detail_container']/div[text()='tractiontools.user001+te5s944q@gmail.com']/ancestor::div[contains(@class,'usercard__content')]//button[@aria-label='Show Menu Items']

2020-09-03 16:14:53 - [TEST_STEP][PASSED] - click(showMenuItemsObj): Object: '' is clicked on

2020-09-03 16:14:53 - [MESSAGE][PASSED] - Object: '' is clicked on

2020-09-03 16:14:53 - [TEST_STEP][PASSED] - click(findTestObject("Object Repository/V2/Commons/ManageUsersPage/div_Edit user")): Object: 'Object Repository/V2/Commons/ManageUsersPage/div_Edit user' is clicked on

2020-09-03 16:14:54 - [MESSAGE][PASSED] - Object: 'Object Repository/V2/Commons/ManageUsersPage/div_Edit user' is clicked on

2020-09-03 16:14:54 - [TEST_STEP][PASSED] - verifyElementPresent(findTestObject("V2/Commons/ManageUsersPage/div_PositionTitle"), DefaultTimeout): Object 'Object Repository/V2/Commons/ManageUsersPage/div_PositionTitle' is present

2020-09-03 16:14:54 - [MESSAGE][PASSED] - Object 'Object Repository/V2/Commons/ManageUsersPage/div_PositionTitle' is present

2020-09-03 16:14:54 - [TEST_STEP][PASSED] - setText(findTestObject("V2/Commons/ManageUsersPage/position_title_input"), position_title): Text 'Quality Assurance' is set on object 'Object Repository/V2/Commons/ManageUsersPage/position_title_input'

2020-09-03 16:14:55 - [MESSAGE][PASSED] - Text 'Quality Assurance' is set on object 'Object Repository/V2/Commons/ManageUsersPage/position_title_input'

2020-09-03 16:14:55 - [TEST_STEP][PASSED] - sendKeys(findTestObject("V2/Commons/ManageUsersPage/position_title_input"), Keys.chord(ENTER)): Keys 'ENTER + ' sent to object: 'Object Repository/V2/Commons/ManageUsersPage/position_title_input'

2020-09-03 16:14:55 - [MESSAGE][PASSED] - Keys 'ENTER + ' sent to object: 'Object Repository/V2/Commons/ManageUsersPage/position_title_input'

2020-09-03 16:14:55 - [TEST_STEP][PASSED] - if (permissionValue == "Employee"): Keys 'ENTER + ' sent to object: 'Object Repository/V2/Commons/ManageUsersPage/supervisor_input'

2020-09-03 16:14:55 - [TEST_STEP][PASSED] - verifyElementPresent(findTestObject("V2/Commons/ManageUsersPage/supervisor_input"), DefaultTimeout): Object 'Object Repository/V2/Commons/ManageUsersPage/supervisor_input' is present

2020-09-03 16:14:56 - [MESSAGE][PASSED] - Object 'Object Repository/V2/Commons/ManageUsersPage/supervisor_input' is present

2020-09-03 16:14:56 - [TEST_STEP][PASSED] - setText(findTestObject("V2/Commons/ManageUsersPage/supervisor_input"), user_supervisorName): Text 'Supervisor User' is set on object 'Object Repository/V2/Commons/ManageUsersPage/supervisor_input'

2020-09-03 16:14:56 - [MESSAGE][PASSED] - Text 'Supervisor User' is set on object 'Object Repository/V2/Commons/ManageUsersPage/supervisor_input'

2020-09-03 16:14:56 - [TEST_STEP][PASSED] - sendKeys(findTestObject("V2/Commons/ManageUsersPage/supervisor_input"), Keys.chord(ENTER)): Keys 'ENTER + ' sent to object: 'Object Repository/V2/Commons/ManageUsersPage/supervisor_input'

2020-09-03 16:14:57 - [MESSAGE][PASSED] - Keys 'ENTER + ' sent to object: 'Object Repository/V2/Commons/ManageUsersPage/supervisor_input'

2020-09-03 16:14:57 - [TEST_STEP][PASSED] - verifyElementPresent(findTestObject("Object Repository/V2/Commons/ManageUsersPage/div_User type"), DefaultTimeout): Object 'Object Repository/V2/Commons/ManageUsersPage/div_User type' is present

2020-09-03 16:14:57 - [MESSAGE][PASSED] - Object 'Object Repository/V2/Commons/ManageUsersPage/div_User type' is present

2020-09-03 16:14:57 - [TEST_STEP][PASSED] - click(findTestObject("Object Repository/V2/Commons/ManageUsersPage/input__orgRole")): Object: 'Object Repository/V2/Commons/ManageUsersPage/input__orgRole' is clicked on

2020-09-03 16:14:57 - [MESSAGE][PASSED] - Object: 'Object Repository/V2/Commons/ManageUsersPage/input__orgRole' is clicked on

2020-09-03 16:14:57 - [TEST_STEP][PASSED] - roleOptionObj = tt_CustomKeywords.CustomKeywords.CreateDynamicElement(roleOption, permissionValue, "xpath"): Successfully created new dynamic object: //span[text()='Employee']/parent::div[@role='option']

2020-09-03 16:14:57 - [MESSAGE][PASSED] - Successfully created new dynamic object: //span[text()='Employee']/parent::div[@role='option']

2020-09-03 16:14:57 - [TEST_STEP][PASSED] - click(roleOptionObj): Object: '' is clicked on

2020-09-03 16:14:58 - [MESSAGE][PASSED] - Object: '' is clicked on

2020-09-03 16:14:58 - [TEST_STEP][PASSED] - click(findTestObject("Object Repository/V2/Commons/ManageUsersPage/div_Save")): Object: 'Object Repository/V2/Commons/ManageUsersPage/div_Save' is clicked on

2020-09-03 16:14:58 - [MESSAGE][PASSED] - Object: 'Object Repository/V2/Commons/ManageUsersPage/div_Save' is clicked on

2020-09-03 16:14:58 - [TEST_STEP][PASSED] - waitForElementVisible(findTestObject("V2/Commons/ManageUsersPage/h3_User Saved"), DefaultTimeout): Object 'Object Repository/V2/Commons/ManageUsersPage/h3_User Saved' is visible

2020-09-03 16:15:10 - [MESSAGE][PASSED] - Object 'Object Repository/V2/Commons/ManageUsersPage/h3_User Saved' is visible

2020-09-03 16:15:10 - [TEST_STEP][PASSED] - verifyElementVisible(findTestObject("Object Repository/V2/Commons/ManageUsersPage/h3_User Saved")): Object 'Object Repository/V2/Commons/ManageUsersPage/h3_User Saved' is visible

2020-09-03 16:15:10 - [MESSAGE][PASSED] - Object 'Object Repository/V2/Commons/ManageUsersPage/h3_User Saved' is visible

2020-09-03 16:15:10 - [MESSAGE][PASSED] - Call Test Case 'Test Cases/V2/Test Case/Pre-conditions/PRE_ChangeUserPermissionViaManageUser' successfully

2020-09-03 16:15:10 - [TEST_STEP][PASSED] - callTestCase(findTestCase("V2/Test Case/Pre-conditions/PRE_ActivateNewUser"), ["activationURL":supervisor_activationURL, "email":supervisor_email, "password":password], STOP_ON_FAILURE): Call Test Case 'Test Cases/V2/Test Case/Pre-conditions/PRE_ActivateNewUser' successfully

2020-09-03 16:15:10 - [TEST_CASE][PASSED] - Test Cases/V2/Test Case/Pre-conditions/PRE_ActivateNewUser: Test Cases/V2/Test Case/Pre-conditions/PRE_ActivateNewUser

2020-09-03 16:15:10 - [TEST_STEP][PASSED] - navigateToUrl(activationURL): Navigate to 'https://v2dev.traction.tools/activate?activationKey=485d429b-8a49-4def-b847-462cc094af91&userId=d9d18d40-de49-46c5-b419-71a0aa974ff8&orgId=e9c00642-0f59-457a-97d2-2c9eb2ade460&email=tractiontools.user001+ts5zrrpf@gmail.com&isCreator=0' successfully

2020-09-03 16:15:12 - [MESSAGE][PASSED] - Navigate to 'https://v2dev.traction.tools/activate?activationKey=485d429b-8a49-4def-b847-462cc094af91&userId=d9d18d40-de49-46c5-b419-71a0aa974ff8&orgId=e9c00642-0f59-457a-97d2-2c9eb2ade460&email=tractiontools.user001+ts5zrrpf@gmail.com&isCreator=0' successfully

2020-09-03 16:15:12 - [TEST_STEP][PASSED] - waitForElementVisible(findTestObject("V2/Commons/ActivationPage/input_Email_email"), DefaultTimeout): Object 'Object Repository/V2/Commons/ActivationPage/input_Email_email' is visible

2020-09-03 16:15:13 - [MESSAGE][PASSED] - Object 'Object Repository/V2/Commons/ActivationPage/input_Email_email' is visible

2020-09-03 16:15:13 - [TEST_STEP][PASSED] - actual_email = getAttribute(findTestObject("Object Repository/V2/Commons/ActivationPage/input_Email_email"), "value"): Attribute 'value' of object 'Object Repository/V2/Commons/ActivationPage/input_Email_email' is: 'tractiontools.user001+ts5zrrpf@gmail.com'

2020-09-03 16:15:14 - [MESSAGE][PASSED] - Attribute 'value' of object 'Object Repository/V2/Commons/ActivationPage/input_Email_email' is: 'tractiontools.user001+ts5zrrpf@gmail.com'

2020-09-03 16:15:14 - [TEST_STEP][PASSED] - verifyMatch(actual_email, email, false): Actual text 'tractiontools.user001+ts5zrrpf@gmail.com' and expected text 'tractiontools.user001+ts5zrrpf@gmail.com' are matched 

2020-09-03 16:15:14 - [MESSAGE][PASSED] - Actual text 'tractiontools.user001+ts5zrrpf@gmail.com' and expected text 'tractiontools.user001+ts5zrrpf@gmail.com' are matched 

2020-09-03 16:15:14 - [TEST_STEP][PASSED] - setText(findTestObject("V2/Commons/ActivationPage/input_password"), password): Text 'Qwer123!' is set on object 'Object Repository/V2/Commons/ActivationPage/input_password'

2020-09-03 16:15:14 - [MESSAGE][PASSED] - Text 'Qwer123!' is set on object 'Object Repository/V2/Commons/ActivationPage/input_password'

2020-09-03 16:15:14 - [TEST_STEP][PASSED] - setText(findTestObject("Object Repository/V2/Commons/ActivationPage/input__passwordRepeat"), password): Text 'Qwer123!' is set on object 'Object Repository/V2/Commons/ActivationPage/input__passwordRepeat'

2020-09-03 16:15:15 - [MESSAGE][PASSED] - Text 'Qwer123!' is set on object 'Object Repository/V2/Commons/ActivationPage/input__passwordRepeat'

2020-09-03 16:15:15 - [TEST_STEP][PASSED] - click(findTestObject("V2/Commons/ActivationPage/input_termsandconditions")): Object: 'Object Repository/V2/Commons/ActivationPage/input_termsandconditions' is clicked on

2020-09-03 16:15:15 - [MESSAGE][PASSED] - Object: 'Object Repository/V2/Commons/ActivationPage/input_termsandconditions' is clicked on

2020-09-03 16:15:15 - [TEST_STEP][PASSED] - click(findTestObject("Object Repository/V2/Commons/ActivationPage/div_Create account")): Object: 'Object Repository/V2/Commons/ActivationPage/div_Create account' is clicked on

2020-09-03 16:15:16 - [MESSAGE][PASSED] - Object: 'Object Repository/V2/Commons/ActivationPage/div_Create account' is clicked on

2020-09-03 16:15:16 - [TEST_STEP][PASSED] - waitForElementPresent(findTestObject("V2/Commons/DasboardPage_SidebarMenu/img_Home_logo-big"), DefaultTimeout): Object 'Object Repository/V2/Commons/DasboardPage_SidebarMenu/img_Home_logo-big' is present

2020-09-03 16:15:21 - [MESSAGE][PASSED] - Object 'Object Repository/V2/Commons/DasboardPage_SidebarMenu/img_Home_logo-big' is present

2020-09-03 16:15:21 - [TEST_STEP][PASSED] - verifyElementPresent(findTestObject("V2/Commons/DasboardPage_SidebarMenu/img_Home_logo-big"), 0): Object 'Object Repository/V2/Commons/DasboardPage_SidebarMenu/img_Home_logo-big' is present

2020-09-03 16:15:21 - [MESSAGE][WARNING] - Timeout '0' is invalid. Using default page load timeout: '30'

2020-09-03 16:15:21 - [MESSAGE][PASSED] - Object 'Object Repository/V2/Commons/DasboardPage_SidebarMenu/img_Home_logo-big' is present

2020-09-03 16:15:21 - [MESSAGE][PASSED] - Call Test Case 'Test Cases/V2/Test Case/Pre-conditions/PRE_ActivateNewUser' successfully

2020-09-03 16:15:21 - [TEST_STEP][PASSED] - callTestCase(findTestCase("V2/Test Case/Pre-conditions/PRE_SkipPersonalProfileSetup"), [:], STOP_ON_FAILURE): Call Test Case 'Test Cases/V2/Test Case/Pre-conditions/PRE_SkipPersonalProfileSetup' successfully

2020-09-03 16:15:21 - [TEST_CASE][PASSED] - Test Cases/V2/Test Case/Pre-conditions/PRE_SkipPersonalProfileSetup: Test Cases/V2/Test Case/Pre-conditions/PRE_SkipPersonalProfileSetup

2020-09-03 16:15:21 - [TEST_STEP][PASSED] - waitForElementVisible(findTestObject("V2/Commons/FirstUpdateCompanyAndPersonalInfoModal/confirmPersonalInfoHeader_h1"), DefaultTimeout): Object 'Object Repository/V2/Commons/FirstUpdateCompanyAndPersonalInfoModal/confirmPersonalInfoHeader_h1' is visible

2020-09-03 16:15:22 - [MESSAGE][PASSED] - Object 'Object Repository/V2/Commons/FirstUpdateCompanyAndPersonalInfoModal/confirmPersonalInfoHeader_h1' is visible

2020-09-03 16:15:22 - [TEST_STEP][PASSED] - click(findTestObject("V2/Commons/FirstUpdateCompanyAndPersonalInfoModal/confirmInfoSkip_button")): Object: 'Object Repository/V2/Commons/FirstUpdateCompanyAndPersonalInfoModal/confirmInfoSkip_button' is clicked on

2020-09-03 16:15:23 - [MESSAGE][PASSED] - Object: 'Object Repository/V2/Commons/FirstUpdateCompanyAndPersonalInfoModal/confirmInfoSkip_button' is clicked on

2020-09-03 16:15:23 - [TEST_STEP][PASSED] - waitForElementVisible(findTestObject("V2/Commons/FirstUpdateCompanyAndPersonalInfoModal/letsGetStarted_button"), DefaultTimeout): Object 'Object Repository/V2/Commons/FirstUpdateCompanyAndPersonalInfoModal/letsGetStarted_button' is visible

2020-09-03 16:15:24 - [MESSAGE][PASSED] - Object 'Object Repository/V2/Commons/FirstUpdateCompanyAndPersonalInfoModal/letsGetStarted_button' is visible

2020-09-03 16:15:24 - [TEST_STEP][PASSED] - click(findTestObject("V2/Commons/FirstUpdateCompanyAndPersonalInfoModal/letsGetStarted_button")): Object: 'Object Repository/V2/Commons/FirstUpdateCompanyAndPersonalInfoModal/letsGetStarted_button' is clicked on

2020-09-03 16:15:24 - [MESSAGE][PASSED] - Object: 'Object Repository/V2/Commons/FirstUpdateCompanyAndPersonalInfoModal/letsGetStarted_button' is clicked on

2020-09-03 16:15:24 - [MESSAGE][PASSED] - Call Test Case 'Test Cases/V2/Test Case/Pre-conditions/PRE_SkipPersonalProfileSetup' successfully

2020-09-03 16:15:24 - [TEST_STEP][PASSED] - callTestCase(findTestCase("V2/Test Case/Pre-conditions/PRE_ActivateNewUser"), ["activationURL":employee_activationURL, "email":employee_email, "password":password], STOP_ON_FAILURE): Call Test Case 'Test Cases/V2/Test Case/Pre-conditions/PRE_ActivateNewUser' successfully

2020-09-03 16:15:24 - [TEST_CASE][PASSED] - Test Cases/V2/Test Case/Pre-conditions/PRE_ActivateNewUser: Test Cases/V2/Test Case/Pre-conditions/PRE_ActivateNewUser

2020-09-03 16:15:24 - [TEST_STEP][PASSED] - navigateToUrl(activationURL): Navigate to 'https://v2dev.traction.tools/activate?activationKey=e895b5e0-2279-426c-9427-cd47401d8ed5&userId=455bf5ab-97cb-4ab3-aa1a-1909d5673fc3&orgId=e9c00642-0f59-457a-97d2-2c9eb2ade460&email=tractiontools.user001+te5s944q@gmail.com&isCreator=0' successfully

2020-09-03 16:15:26 - [MESSAGE][PASSED] - Navigate to 'https://v2dev.traction.tools/activate?activationKey=e895b5e0-2279-426c-9427-cd47401d8ed5&userId=455bf5ab-97cb-4ab3-aa1a-1909d5673fc3&orgId=e9c00642-0f59-457a-97d2-2c9eb2ade460&email=tractiontools.user001+te5s944q@gmail.com&isCreator=0' successfully

2020-09-03 16:15:26 - [TEST_STEP][PASSED] - waitForElementVisible(findTestObject("V2/Commons/ActivationPage/input_Email_email"), DefaultTimeout): Object 'Object Repository/V2/Commons/ActivationPage/input_Email_email' is visible

2020-09-03 16:15:27 - [MESSAGE][PASSED] - Object 'Object Repository/V2/Commons/ActivationPage/input_Email_email' is visible

2020-09-03 16:15:27 - [TEST_STEP][PASSED] - actual_email = getAttribute(findTestObject("Object Repository/V2/Commons/ActivationPage/input_Email_email"), "value"): Attribute 'value' of object 'Object Repository/V2/Commons/ActivationPage/input_Email_email' is: 'tractiontools.user001+te5s944q@gmail.com'

2020-09-03 16:15:27 - [MESSAGE][PASSED] - Attribute 'value' of object 'Object Repository/V2/Commons/ActivationPage/input_Email_email' is: 'tractiontools.user001+te5s944q@gmail.com'

2020-09-03 16:15:27 - [TEST_STEP][PASSED] - verifyMatch(actual_email, email, false): Actual text 'tractiontools.user001+te5s944q@gmail.com' and expected text 'tractiontools.user001+te5s944q@gmail.com' are matched 

2020-09-03 16:15:27 - [MESSAGE][PASSED] - Actual text 'tractiontools.user001+te5s944q@gmail.com' and expected text 'tractiontools.user001+te5s944q@gmail.com' are matched 

2020-09-03 16:15:27 - [TEST_STEP][PASSED] - setText(findTestObject("V2/Commons/ActivationPage/input_password"), password): Text 'Qwer123!' is set on object 'Object Repository/V2/Commons/ActivationPage/input_password'

2020-09-03 16:15:28 - [MESSAGE][PASSED] - Text 'Qwer123!' is set on object 'Object Repository/V2/Commons/ActivationPage/input_password'

2020-09-03 16:15:28 - [TEST_STEP][PASSED] - setText(findTestObject("Object Repository/V2/Commons/ActivationPage/input__passwordRepeat"), password): Text 'Qwer123!' is set on object 'Object Repository/V2/Commons/ActivationPage/input__passwordRepeat'

2020-09-03 16:15:29 - [MESSAGE][PASSED] - Text 'Qwer123!' is set on object 'Object Repository/V2/Commons/ActivationPage/input__passwordRepeat'

2020-09-03 16:15:29 - [TEST_STEP][PASSED] - click(findTestObject("V2/Commons/ActivationPage/input_termsandconditions")): Object: 'Object Repository/V2/Commons/ActivationPage/input_termsandconditions' is clicked on

2020-09-03 16:15:29 - [MESSAGE][PASSED] - Object: 'Object Repository/V2/Commons/ActivationPage/input_termsandconditions' is clicked on

2020-09-03 16:15:29 - [TEST_STEP][PASSED] - click(findTestObject("Object Repository/V2/Commons/ActivationPage/div_Create account")): Object: 'Object Repository/V2/Commons/ActivationPage/div_Create account' is clicked on

2020-09-03 16:15:30 - [MESSAGE][PASSED] - Object: 'Object Repository/V2/Commons/ActivationPage/div_Create account' is clicked on

2020-09-03 16:15:30 - [TEST_STEP][PASSED] - waitForElementPresent(findTestObject("V2/Commons/DasboardPage_SidebarMenu/img_Home_logo-big"), DefaultTimeout): Object 'Object Repository/V2/Commons/DasboardPage_SidebarMenu/img_Home_logo-big' is present

2020-09-03 16:15:34 - [MESSAGE][PASSED] - Object 'Object Repository/V2/Commons/DasboardPage_SidebarMenu/img_Home_logo-big' is present

2020-09-03 16:15:34 - [TEST_STEP][PASSED] - verifyElementPresent(findTestObject("V2/Commons/DasboardPage_SidebarMenu/img_Home_logo-big"), 0): Object 'Object Repository/V2/Commons/DasboardPage_SidebarMenu/img_Home_logo-big' is present

2020-09-03 16:15:34 - [MESSAGE][WARNING] - Timeout '0' is invalid. Using default page load timeout: '30'

2020-09-03 16:15:35 - [MESSAGE][PASSED] - Object 'Object Repository/V2/Commons/DasboardPage_SidebarMenu/img_Home_logo-big' is present

2020-09-03 16:15:35 - [MESSAGE][PASSED] - Call Test Case 'Test Cases/V2/Test Case/Pre-conditions/PRE_ActivateNewUser' successfully

2020-09-03 16:15:35 - [TEST_STEP][PASSED] - callTestCase(findTestCase("V2/Test Case/Pre-conditions/PRE_SkipPersonalProfileSetup"), [:], STOP_ON_FAILURE): Call Test Case 'Test Cases/V2/Test Case/Pre-conditions/PRE_SkipPersonalProfileSetup' successfully

2020-09-03 16:15:35 - [TEST_CASE][PASSED] - Test Cases/V2/Test Case/Pre-conditions/PRE_SkipPersonalProfileSetup: Test Cases/V2/Test Case/Pre-conditions/PRE_SkipPersonalProfileSetup

2020-09-03 16:15:35 - [TEST_STEP][PASSED] - waitForElementVisible(findTestObject("V2/Commons/FirstUpdateCompanyAndPersonalInfoModal/confirmPersonalInfoHeader_h1"), DefaultTimeout): Object 'Object Repository/V2/Commons/FirstUpdateCompanyAndPersonalInfoModal/confirmPersonalInfoHeader_h1' is visible

2020-09-03 16:15:36 - [MESSAGE][PASSED] - Object 'Object Repository/V2/Commons/FirstUpdateCompanyAndPersonalInfoModal/confirmPersonalInfoHeader_h1' is visible

2020-09-03 16:15:36 - [TEST_STEP][PASSED] - click(findTestObject("V2/Commons/FirstUpdateCompanyAndPersonalInfoModal/confirmInfoSkip_button")): Object: 'Object Repository/V2/Commons/FirstUpdateCompanyAndPersonalInfoModal/confirmInfoSkip_button' is clicked on

2020-09-03 16:15:36 - [MESSAGE][PASSED] - Object: 'Object Repository/V2/Commons/FirstUpdateCompanyAndPersonalInfoModal/confirmInfoSkip_button' is clicked on

2020-09-03 16:15:36 - [TEST_STEP][PASSED] - waitForElementVisible(findTestObject("V2/Commons/FirstUpdateCompanyAndPersonalInfoModal/letsGetStarted_button"), DefaultTimeout): Object 'Object Repository/V2/Commons/FirstUpdateCompanyAndPersonalInfoModal/letsGetStarted_button' is visible

2020-09-03 16:15:37 - [MESSAGE][PASSED] - Object 'Object Repository/V2/Commons/FirstUpdateCompanyAndPersonalInfoModal/letsGetStarted_button' is visible

2020-09-03 16:15:37 - [TEST_STEP][PASSED] - click(findTestObject("V2/Commons/FirstUpdateCompanyAndPersonalInfoModal/letsGetStarted_button")): Object: 'Object Repository/V2/Commons/FirstUpdateCompanyAndPersonalInfoModal/letsGetStarted_button' is clicked on

2020-09-03 16:15:37 - [MESSAGE][PASSED] - Object: 'Object Repository/V2/Commons/FirstUpdateCompanyAndPersonalInfoModal/letsGetStarted_button' is clicked on

2020-09-03 16:15:37 - [MESSAGE][PASSED] - Call Test Case 'Test Cases/V2/Test Case/Pre-conditions/PRE_SkipPersonalProfileSetup' successfully

2020-09-03 16:15:37 - [MESSAGE][PASSED] - Call Test Case 'Test Cases/V2/Test Case/Pre-conditions/PRE_RegisterAndActivateTTUsers' successfully

2020-09-03 16:15:37 - [TEST_STEP][PASSED] - closeBrowser(): Browser is closed

2020-09-03 16:15:38 - [MESSAGE][PASSED] - Browser is closed

2020-09-03 16:15:38 - [TEST_STEP][PASSED] - path = System.getProperty("user.dir"): null

2020-09-03 16:15:38 - [TEST_STEP][PASSED] - System.setProperty("webdriver.chrome.driver", "C:\Users\Aaron-PC\Documents\Traction Tools\Katalon\Katalon_Studio_Windows_64-7.6.2\Katalon_Studio_Windows_64-7.6.2\configuration\resources\drivers\chromedriver_win32\chromedriver.exe"): null

2020-09-03 16:15:38 - [TEST_STEP][PASSED] - driver1 = new org.openqa.selenium.chrome.ChromeDriver(): null

2020-09-03 16:15:42 - [TEST_STEP][PASSED] - changeWebDriver(driver1): null

2020-09-03 16:15:42 - [TEST_STEP][PASSED] - maximizeWindow(): Current window maximized

2020-09-03 16:15:44 - [MESSAGE][PASSED] - Current window maximized

2020-09-03 16:15:44 - [TEST_STEP][PASSED] - navigateToUrl(V2Url): Navigate to 'https://v2dev.traction.tools' successfully

2020-09-03 16:15:45 - [MESSAGE][PASSED] - Navigate to 'https://v2dev.traction.tools' successfully

2020-09-03 16:15:45 - [TEST_STEP][PASSED] - callTestCase(findTestCase("V2/Test Case/Pre-conditions/PRE_LoginToTractionToolsApplication"), ["username":email, "password":password], STOP_ON_FAILURE): Call Test Case 'Test Cases/V2/Test Case/Pre-conditions/PRE_LoginToTractionToolsApplication' successfully

2020-09-03 16:15:45 - [TEST_CASE][PASSED] - Test Cases/V2/Test Case/Pre-conditions/PRE_LoginToTractionToolsApplication: Test Cases/V2/Test Case/Pre-conditions/PRE_LoginToTractionToolsApplication

2020-09-03 16:15:45 - [TEST_STEP][PASSED] - setText(findTestObject("V2/Commons/LoginPage/input__username"), username): Text 'tractiontools.user001+ta5l5smf@gmail.com' is set on object 'Object Repository/V2/Commons/LoginPage/input__username'

2020-09-03 16:15:53 - [MESSAGE][PASSED] - Text 'tractiontools.user001+ta5l5smf@gmail.com' is set on object 'Object Repository/V2/Commons/LoginPage/input__username'

2020-09-03 16:15:53 - [TEST_STEP][PASSED] - setText(findTestObject("V2/Commons/LoginPage/input__password"), password): Text 'Qwer123!' is set on object 'Object Repository/V2/Commons/LoginPage/input__password'

2020-09-03 16:15:53 - [MESSAGE][PASSED] - Text 'Qwer123!' is set on object 'Object Repository/V2/Commons/LoginPage/input__password'

2020-09-03 16:15:53 - [TEST_STEP][PASSED] - click(findTestObject("V2/Commons/LoginPage/div_Login")): Object: 'Object Repository/V2/Commons/LoginPage/div_Login' is clicked on

2020-09-03 16:15:53 - [MESSAGE][PASSED] - Object: 'Object Repository/V2/Commons/LoginPage/div_Login' is clicked on

2020-09-03 16:15:53 - [TEST_STEP][PASSED] - waitForElementVisible(findTestObject("V2/Commons/DasboardPage_SidebarMenu/img_Home_logo-big"), DefaultTimeout): Object 'Object Repository/V2/Commons/DasboardPage_SidebarMenu/img_Home_logo-big' is visible

2020-09-03 16:15:57 - [MESSAGE][PASSED] - Object 'Object Repository/V2/Commons/DasboardPage_SidebarMenu/img_Home_logo-big' is visible

2020-09-03 16:15:57 - [TEST_STEP][PASSED] - verifyElementVisible(findTestObject("V2/Commons/DasboardPage_SidebarMenu/img_Home_logo-big"), STOP_ON_FAILURE): Object 'Object Repository/V2/Commons/DasboardPage_SidebarMenu/img_Home_logo-big' is visible

2020-09-03 16:15:58 - [MESSAGE][PASSED] - Object 'Object Repository/V2/Commons/DasboardPage_SidebarMenu/img_Home_logo-big' is visible

2020-09-03 16:15:58 - [MESSAGE][PASSED] - Call Test Case 'Test Cases/V2/Test Case/Pre-conditions/PRE_LoginToTractionToolsApplication' successfully

2020-09-03 16:15:58 - [TEST_STEP][PASSED] - driver2 = new org.openqa.selenium.chrome.ChromeDriver(): null

2020-09-03 16:16:01 - [TEST_STEP][PASSED] - changeWebDriver(driver2): null

2020-09-03 16:16:01 - [TEST_STEP][PASSED] - maximizeWindow(): Current window maximized

2020-09-03 16:16:03 - [MESSAGE][PASSED] - Current window maximized

2020-09-03 16:16:03 - [TEST_STEP][PASSED] - navigateToUrl(V2Url): Navigate to 'https://v2dev.traction.tools' successfully

2020-09-03 16:16:04 - [MESSAGE][PASSED] - Navigate to 'https://v2dev.traction.tools' successfully

2020-09-03 16:16:04 - [TEST_STEP][PASSED] - callTestCase(findTestCase("V2/Test Case/Pre-conditions/PRE_LoginToTractionToolsApplication"), ["username":supervisor_email, "password":password], STOP_ON_FAILURE): Call Test Case 'Test Cases/V2/Test Case/Pre-conditions/PRE_LoginToTractionToolsApplication' successfully

2020-09-03 16:16:04 - [TEST_CASE][PASSED] - Test Cases/V2/Test Case/Pre-conditions/PRE_LoginToTractionToolsApplication: Test Cases/V2/Test Case/Pre-conditions/PRE_LoginToTractionToolsApplication

2020-09-03 16:16:04 - [TEST_STEP][PASSED] - setText(findTestObject("V2/Commons/LoginPage/input__username"), username): Text 'tractiontools.user001+ts5zrrpf@gmail.com' is set on object 'Object Repository/V2/Commons/LoginPage/input__username'

2020-09-03 16:16:12 - [MESSAGE][PASSED] - Text 'tractiontools.user001+ts5zrrpf@gmail.com' is set on object 'Object Repository/V2/Commons/LoginPage/input__username'

2020-09-03 16:16:12 - [TEST_STEP][PASSED] - setText(findTestObject("V2/Commons/LoginPage/input__password"), password): Text 'Qwer123!' is set on object 'Object Repository/V2/Commons/LoginPage/input__password'

2020-09-03 16:16:12 - [MESSAGE][PASSED] - Text 'Qwer123!' is set on object 'Object Repository/V2/Commons/LoginPage/input__password'

2020-09-03 16:16:12 - [TEST_STEP][PASSED] - click(findTestObject("V2/Commons/LoginPage/div_Login")): Object: 'Object Repository/V2/Commons/LoginPage/div_Login' is clicked on

2020-09-03 16:16:12 - [MESSAGE][PASSED] - Object: 'Object Repository/V2/Commons/LoginPage/div_Login' is clicked on

2020-09-03 16:16:12 - [TEST_STEP][PASSED] - waitForElementVisible(findTestObject("V2/Commons/DasboardPage_SidebarMenu/img_Home_logo-big"), DefaultTimeout): Object 'Object Repository/V2/Commons/DasboardPage_SidebarMenu/img_Home_logo-big' is visible

2020-09-03 16:16:16 - [MESSAGE][PASSED] - Object 'Object Repository/V2/Commons/DasboardPage_SidebarMenu/img_Home_logo-big' is visible

2020-09-03 16:16:16 - [TEST_STEP][PASSED] - verifyElementVisible(findTestObject("V2/Commons/DasboardPage_SidebarMenu/img_Home_logo-big"), STOP_ON_FAILURE): Object 'Object Repository/V2/Commons/DasboardPage_SidebarMenu/img_Home_logo-big' is visible

2020-09-03 16:16:16 - [MESSAGE][PASSED] - Object 'Object Repository/V2/Commons/DasboardPage_SidebarMenu/img_Home_logo-big' is visible

2020-09-03 16:16:16 - [MESSAGE][PASSED] - Call Test Case 'Test Cases/V2/Test Case/Pre-conditions/PRE_LoginToTractionToolsApplication' successfully

2020-09-03 16:16:16 - [TEST_STEP][PASSED] - driver3 = new org.openqa.selenium.chrome.ChromeDriver(): null

2020-09-03 16:16:20 - [TEST_STEP][PASSED] - changeWebDriver(driver3): null

2020-09-03 16:16:20 - [TEST_STEP][PASSED] - maximizeWindow(): Current window maximized

2020-09-03 16:16:22 - [MESSAGE][PASSED] - Current window maximized

2020-09-03 16:16:22 - [TEST_STEP][PASSED] - navigateToUrl(V2Url): Navigate to 'https://v2dev.traction.tools' successfully

2020-09-03 16:16:23 - [MESSAGE][PASSED] - Navigate to 'https://v2dev.traction.tools' successfully

2020-09-03 16:16:23 - [TEST_STEP][PASSED] - callTestCase(findTestCase("V2/Test Case/Pre-conditions/PRE_LoginToTractionToolsApplication"), ["username":employee_email, "password":password], STOP_ON_FAILURE): Call Test Case 'Test Cases/V2/Test Case/Pre-conditions/PRE_LoginToTractionToolsApplication' successfully

2020-09-03 16:16:23 - [TEST_CASE][PASSED] - Test Cases/V2/Test Case/Pre-conditions/PRE_LoginToTractionToolsApplication: Test Cases/V2/Test Case/Pre-conditions/PRE_LoginToTractionToolsApplication

2020-09-03 16:16:23 - [TEST_STEP][PASSED] - setText(findTestObject("V2/Commons/LoginPage/input__username"), username): Text 'tractiontools.user001+te5s944q@gmail.com' is set on object 'Object Repository/V2/Commons/LoginPage/input__username'

2020-09-03 16:16:31 - [MESSAGE][PASSED] - Text 'tractiontools.user001+te5s944q@gmail.com' is set on object 'Object Repository/V2/Commons/LoginPage/input__username'

2020-09-03 16:16:31 - [TEST_STEP][PASSED] - setText(findTestObject("V2/Commons/LoginPage/input__password"), password): Text 'Qwer123!' is set on object 'Object Repository/V2/Commons/LoginPage/input__password'

2020-09-03 16:16:31 - [MESSAGE][PASSED] - Text 'Qwer123!' is set on object 'Object Repository/V2/Commons/LoginPage/input__password'

2020-09-03 16:16:31 - [TEST_STEP][PASSED] - click(findTestObject("V2/Commons/LoginPage/div_Login")): Object: 'Object Repository/V2/Commons/LoginPage/div_Login' is clicked on

2020-09-03 16:16:31 - [MESSAGE][PASSED] - Object: 'Object Repository/V2/Commons/LoginPage/div_Login' is clicked on

2020-09-03 16:16:31 - [TEST_STEP][PASSED] - waitForElementVisible(findTestObject("V2/Commons/DasboardPage_SidebarMenu/img_Home_logo-big"), DefaultTimeout): Object 'Object Repository/V2/Commons/DasboardPage_SidebarMenu/img_Home_logo-big' is visible

2020-09-03 16:16:35 - [MESSAGE][PASSED] - Object 'Object Repository/V2/Commons/DasboardPage_SidebarMenu/img_Home_logo-big' is visible

2020-09-03 16:16:35 - [TEST_STEP][PASSED] - verifyElementVisible(findTestObject("V2/Commons/DasboardPage_SidebarMenu/img_Home_logo-big"), STOP_ON_FAILURE): Object 'Object Repository/V2/Commons/DasboardPage_SidebarMenu/img_Home_logo-big' is visible

2020-09-03 16:16:35 - [MESSAGE][PASSED] - Object 'Object Repository/V2/Commons/DasboardPage_SidebarMenu/img_Home_logo-big' is visible

2020-09-03 16:16:35 - [MESSAGE][PASSED] - Call Test Case 'Test Cases/V2/Test Case/Pre-conditions/PRE_LoginToTractionToolsApplication' successfully

2020-09-03 16:16:35 - [TEST_STEP][PASSED] - changeWebDriver(driver1): null

2020-09-03 16:16:35 - [TEST_STEP][PASSED] - callTestCase(findTestCase("V2/Test Case/Pre-conditions/PRE_AddMilestone_Rocks"), [:], STOP_ON_FAILURE): Call Test Case 'Test Cases/V2/Test Case/Pre-conditions/PRE_AddMilestone_Rocks' successfully

2020-09-03 16:16:35 - [TEST_CASE][PASSED] - Test Cases/V2/Test Case/Pre-conditions/PRE_AddMilestone_Rocks: Test Cases/V2/Test Case/Pre-conditions/PRE_AddMilestone_Rocks

2020-09-03 16:16:35 - [TEST_STEP][PASSED] - click(findTestObject("Object Repository/V2/Commons/ManageUsersPage/span_Company Settings")): Object: 'Object Repository/V2/Commons/ManageUsersPage/span_Company Settings' is clicked on

2020-09-03 16:16:35 - [MESSAGE][PASSED] - Object: 'Object Repository/V2/Commons/ManageUsersPage/span_Company Settings' is clicked on

2020-09-03 16:16:35 - [TEST_STEP][PASSED] - click(findTestObject("V2/Commons/DasboardPage_SidebarMenu/a_Advance Settings")): Object: 'Object Repository/V2/Commons/DasboardPage_SidebarMenu/a_Advance Settings' is clicked on

2020-09-03 16:16:35 - [MESSAGE][PASSED] - Object: 'Object Repository/V2/Commons/DasboardPage_SidebarMenu/a_Advance Settings' is clicked on

2020-09-03 16:16:35 - [TEST_STEP][PASSED] - waitForElementVisible(findTestObject("V2/Commons/AdvanceSettingsPage/Add_Milestone_Toggle"), DefaultTimeout): Object 'Object Repository/V2/Commons/AdvanceSettingsPage/Add_Milestone_Toggle' is visible

2020-09-03 16:16:36 - [MESSAGE][PASSED] - Object 'Object Repository/V2/Commons/AdvanceSettingsPage/Add_Milestone_Toggle' is visible

2020-09-03 16:16:36 - [TEST_STEP][PASSED] - click(findTestObject("V2/Commons/AdvanceSettingsPage/Add_Milestone_Toggle")): Object: 'Object Repository/V2/Commons/AdvanceSettingsPage/Add_Milestone_Toggle' is clicked on

2020-09-03 16:16:36 - [MESSAGE][PASSED] - Object: 'Object Repository/V2/Commons/AdvanceSettingsPage/Add_Milestone_Toggle' is clicked on

2020-09-03 16:16:36 - [TEST_STEP][PASSED] - A_validateMilestoneChecked = getAttribute(findTestObject("V2/Commons/AdvanceSettingsPage/Verify_Milestone_Toggle"), "checked"): Attribute 'checked' of object 'Object Repository/V2/Commons/AdvanceSettingsPage/Verify_Milestone_Toggle' is: 'true'

2020-09-03 16:16:36 - [MESSAGE][PASSED] - Attribute 'checked' of object 'Object Repository/V2/Commons/AdvanceSettingsPage/Verify_Milestone_Toggle' is: 'true'

2020-09-03 16:16:36 - [TEST_STEP][PASSED] - verifyMatch(A_validateMilestoneChecked, "true", false): Actual text 'true' and expected text 'true' are matched 

2020-09-03 16:16:36 - [MESSAGE][PASSED] - Actual text 'true' and expected text 'true' are matched 

2020-09-03 16:16:36 - [TEST_STEP][PASSED] - click(findTestObject("V2/Commons/AdvanceSettingsPage/Save_Rules")): Object: 'Object Repository/V2/Commons/AdvanceSettingsPage/Save_Rules' is clicked on

2020-09-03 16:16:36 - [MESSAGE][PASSED] - Object: 'Object Repository/V2/Commons/AdvanceSettingsPage/Save_Rules' is clicked on

2020-09-03 16:16:36 - [MESSAGE][PASSED] - Call Test Case 'Test Cases/V2/Test Case/Pre-conditions/PRE_AddMilestone_Rocks' successfully

2020-09-03 16:16:36 - [TEST_STEP][PASSED] - callTestCase(findTestCase("V2/Test Case/Pre-conditions/PRE_CreateL10Meeting"), ["meetingName":meetingName, "meetingAcronym":meetingAcronym, "meetingType":meetingType, "dropdownOptions_obj":"//div[@id='CREATE_MEETING_L10']//span[text()='%s']/parent::div[@role='option']", ... ], STOP_ON_FAILURE): Call Test Case 'Test Cases/V2/Test Case/Pre-conditions/PRE_CreateL10Meeting' successfully

2020-09-03 16:16:36 - [TEST_CASE][PASSED] - Test Cases/V2/Test Case/Pre-conditions/PRE_CreateL10Meeting: Test Cases/V2/Test Case/Pre-conditions/PRE_CreateL10Meeting

2020-09-03 16:16:36 - [TEST_STEP][PASSED] - click(findTestObject("V2/Commons/DasboardPage_SidebarMenu/MeetingsMenu")): Object: 'Object Repository/V2/Commons/DasboardPage_SidebarMenu/MeetingsMenu' is clicked on

2020-09-03 16:16:36 - [MESSAGE][PASSED] - Object: 'Object Repository/V2/Commons/DasboardPage_SidebarMenu/MeetingsMenu' is clicked on

2020-09-03 16:16:36 - [TEST_STEP][PASSED] - click(findTestObject("Object Repository/V2/Commons/MeetingListPage/div_Create a meeting")): Object: 'Object Repository/V2/Commons/MeetingListPage/div_Create a meeting' is clicked on

2020-09-03 16:16:36 - [MESSAGE][PASSED] - Object: 'Object Repository/V2/Commons/MeetingListPage/div_Create a meeting' is clicked on

2020-09-03 16:16:36 - [TEST_STEP][PASSED] - click(findTestObject("Object Repository/V2/Commons/MeetingListPage/button_Level 10")): Object: 'Object Repository/V2/Commons/MeetingListPage/button_Level 10' is clicked on

2020-09-03 16:16:36 - [MESSAGE][PASSED] - Object: 'Object Repository/V2/Commons/MeetingListPage/button_Level 10' is clicked on

2020-09-03 16:16:36 - [TEST_STEP][PASSED] - waitForElementVisible(findTestObject("V2/Commons/CreateL10MeetingDrawer/input__name"), DefaultTimeout): Object 'Object Repository/V2/Commons/CreateL10MeetingDrawer/input__name' is visible

2020-09-03 16:16:37 - [MESSAGE][PASSED] - Object 'Object Repository/V2/Commons/CreateL10MeetingDrawer/input__name' is visible

2020-09-03 16:16:37 - [TEST_STEP][PASSED] - setText(findTestObject("V2/Commons/CreateL10MeetingDrawer/input__name"), meetingName): Text 'Meeting Admin' is set on object 'Object Repository/V2/Commons/CreateL10MeetingDrawer/input__name'

2020-09-03 16:16:37 - [MESSAGE][PASSED] - Text 'Meeting Admin' is set on object 'Object Repository/V2/Commons/CreateL10MeetingDrawer/input__name'

2020-09-03 16:16:37 - [TEST_STEP][PASSED] - setText(findTestObject("V2/Commons/CreateL10MeetingDrawer/input__acronym"), meetingAcronym): Text 'CL10' is set on object 'Object Repository/V2/Commons/CreateL10MeetingDrawer/input__acronym'

2020-09-03 16:16:37 - [MESSAGE][PASSED] - Text 'CL10' is set on object 'Object Repository/V2/Commons/CreateL10MeetingDrawer/input__acronym'

2020-09-03 16:16:37 - [TEST_STEP][PASSED] - click(findTestObject("V2/Commons/CreateL10MeetingDrawer/input__typeOfMeeting")): Object: 'Object Repository/V2/Commons/CreateL10MeetingDrawer/input__typeOfMeeting' is clicked on

2020-09-03 16:16:37 - [MESSAGE][PASSED] - Object: 'Object Repository/V2/Commons/CreateL10MeetingDrawer/input__typeOfMeeting' is clicked on

2020-09-03 16:16:37 - [TEST_STEP][PASSED] - meetingTypeOption_Obj = tt_CustomKeywords.CustomKeywords.CreateDynamicElement(dropdownOptions_obj, meetingType, "xpath"): Successfully created new dynamic object: //div[@id='CREATE_MEETING_L10']//span[text()='Leadership']/parent::div[@role='option']

2020-09-03 16:16:37 - [MESSAGE][PASSED] - Successfully created new dynamic object: //div[@id='CREATE_MEETING_L10']//span[text()='Leadership']/parent::div[@role='option']

2020-09-03 16:16:37 - [TEST_STEP][PASSED] - click(meetingTypeOption_Obj): Object: '' is clicked on

2020-09-03 16:16:38 - [MESSAGE][PASSED] - Object: '' is clicked on

2020-09-03 16:16:38 - [TEST_STEP][PASSED] - click(findTestObject("V2/Commons/CreateL10MeetingDrawer/div_dayOfMeetingDropdownList")): Object: 'Object Repository/V2/Commons/CreateL10MeetingDrawer/div_dayOfMeetingDropdownList' is clicked on

2020-09-03 16:16:38 - [MESSAGE][PASSED] - Object: 'Object Repository/V2/Commons/CreateL10MeetingDrawer/div_dayOfMeetingDropdownList' is clicked on

2020-09-03 16:16:38 - [TEST_STEP][PASSED] - dayOfMeetingOption_Obj = tt_CustomKeywords.CustomKeywords.CreateDynamicElement(dropdownOptions_obj, dayOfMeeting, "xpath"): Successfully created new dynamic object: //div[@id='CREATE_MEETING_L10']//span[text()='Monday']/parent::div[@role='option']

2020-09-03 16:16:38 - [MESSAGE][PASSED] - Successfully created new dynamic object: //div[@id='CREATE_MEETING_L10']//span[text()='Monday']/parent::div[@role='option']

2020-09-03 16:16:38 - [TEST_STEP][PASSED] - click(dayOfMeetingOption_Obj): Object: '' is clicked on

2020-09-03 16:16:38 - [MESSAGE][PASSED] - Object: '' is clicked on

2020-09-03 16:16:38 - [TEST_STEP][PASSED] - click(findTestObject("V2/Commons/CreateL10MeetingDrawer/input_meetingTime")): Object: 'Object Repository/V2/Commons/CreateL10MeetingDrawer/input_meetingTime' is clicked on

2020-09-03 16:16:38 - [MESSAGE][PASSED] - Object: 'Object Repository/V2/Commons/CreateL10MeetingDrawer/input_meetingTime' is clicked on

2020-09-03 16:16:38 - [TEST_STEP][PASSED] - setText(findTestObject("V2/Commons/CreateL10MeetingDrawer/input_meetingTime"), meetingTime): Text '12:00' is set on object 'Object Repository/V2/Commons/CreateL10MeetingDrawer/input_meetingTime'

2020-09-03 16:16:38 - [MESSAGE][PASSED] - Text '12:00' is set on object 'Object Repository/V2/Commons/CreateL10MeetingDrawer/input_meetingTime'

2020-09-03 16:16:38 - [TEST_STEP][PASSED] - sendKeys(findTestObject("V2/Commons/CreateL10MeetingDrawer/input_meetingTime"), Keys.chord(TAB)): Keys 'TAB + ' sent to object: 'Object Repository/V2/Commons/CreateL10MeetingDrawer/input_meetingTime'

2020-09-03 16:16:38 - [MESSAGE][PASSED] - Keys 'TAB + ' sent to object: 'Object Repository/V2/Commons/CreateL10MeetingDrawer/input_meetingTime'

2020-09-03 16:16:38 - [TEST_STEP][PASSED] - click(findTestObject("V2/Commons/CreateL10MeetingDrawer/div_Create Meeting")): Object: 'Object Repository/V2/Commons/CreateL10MeetingDrawer/div_Create Meeting' is clicked on

2020-09-03 16:16:38 - [MESSAGE][PASSED] - Object: 'Object Repository/V2/Commons/CreateL10MeetingDrawer/div_Create Meeting' is clicked on

2020-09-03 16:16:38 - [TEST_STEP][PASSED] - waitForElementVisible(findTestObject("Object Repository/V2/Commons/MeetingListPage/div_Ill do this later"), DefaultTimeout): Object 'Object Repository/V2/Commons/MeetingListPage/div_Ill do this later' is visible

2020-09-03 16:17:13 - [MESSAGE][PASSED] - Object 'Object Repository/V2/Commons/MeetingListPage/div_Ill do this later' is visible

2020-09-03 16:17:13 - [TEST_STEP][PASSED] - verifyElementVisible(findTestObject("Object Repository/V2/Commons/MeetingListPage/div_Ill do this later"), STOP_ON_FAILURE): Object 'Object Repository/V2/Commons/MeetingListPage/div_Ill do this later' is visible

2020-09-03 16:17:13 - [MESSAGE][PASSED] - Object 'Object Repository/V2/Commons/MeetingListPage/div_Ill do this later' is visible

2020-09-03 16:17:13 - [TEST_STEP][PASSED] - click(findTestObject("Object Repository/V2/Commons/MeetingListPage/div_Ill do this later")): Object: 'Object Repository/V2/Commons/MeetingListPage/div_Ill do this later' is clicked on

2020-09-03 16:17:13 - [MESSAGE][PASSED] - Object: 'Object Repository/V2/Commons/MeetingListPage/div_Ill do this later' is clicked on

2020-09-03 16:17:13 - [TEST_STEP][PASSED] - meetingRecordObj = tt_CustomKeywords.CustomKeywords.CreateDynamicElement(meetingRecord_obj, meetingName, "xpath"): Successfully created new dynamic object: //div[@class='detailscontainer__block item']/h4[text()='Meeting Admin']

2020-09-03 16:17:13 - [MESSAGE][PASSED] - Successfully created new dynamic object: //div[@class='detailscontainer__block item']/h4[text()='Meeting Admin']

2020-09-03 16:17:13 - [TEST_STEP][PASSED] - verifyElementPresent(meetingRecordObj, DefaultTimeout): Object '' is present

2020-09-03 16:17:13 - [MESSAGE][PASSED] - Object '' is present

2020-09-03 16:17:13 - [MESSAGE][PASSED] - Call Test Case 'Test Cases/V2/Test Case/Pre-conditions/PRE_CreateL10Meeting' successfully

2020-09-03 16:17:13 - [TEST_STEP][PASSED] - callTestCase(findTestCase("V2/Test Case/Tests/PR-369 - EditMeetingAgenda/Test Cases/Positive/Admin/PR_369_7_EditMeetingCreateRock_Admin"), ["userName":"jeff+075@mytractiontools.com", "passWord":"Skyline69A*", "meetingRowPosition":"3", "editMeetingMenu_Obj":"//div[@id='root']/div/div[2]/div/div/div/div[2]/div/div[%s]/div[3]/button/i", ... ], STOP_ON_FAILURE): Call Test Case 'Test Cases/V2/Test Case/Tests/PR-369 - EditMeetingAgenda/Test Cases/Positive/Admin/PR_369_7_EditMeetingCreateRock_Admin' successfully

2020-09-03 16:17:13 - [TEST_CASE][PASSED] - Test Cases/V2/Test Case/Tests/PR-369 - EditMeetingAgenda/Test Cases/Positive/Admin/PR_369_7_EditMeetingCreateRock_Admin: Test Cases/V2/Test Case/Tests/PR-369 - EditMeetingAgenda/Test Cases/Positive/Admin/PR_369_7_EditMeetingCreateRock_Admin

2020-09-03 16:17:13 - [TEST_STEP][NOT_RUN] - openBrowser(""): NOT_RUN: openBrowser("")

2020-09-03 16:17:13 - [MESSAGE][NOT_RUN] - NOT_RUN: openBrowser("")

2020-09-03 16:17:13 - [TEST_STEP][NOT_RUN] - maximizeWindow(): NOT_RUN: maximizeWindow()

2020-09-03 16:17:13 - [MESSAGE][NOT_RUN] - NOT_RUN: maximizeWindow()

2020-09-03 16:17:13 - [TEST_STEP][NOT_RUN] - navigateToUrl(V2Url): NOT_RUN: navigateToUrl(V2Url)

2020-09-03 16:17:13 - [MESSAGE][NOT_RUN] - NOT_RUN: navigateToUrl(V2Url)

2020-09-03 16:17:13 - [TEST_STEP][NOT_RUN] - setText(findTestObject("V2/PR-369/Page_Login/userName_Field"), "tractiontools.user001+ta58jzbl@gmail.com"): NOT_RUN: setText(findTestObject("V2/PR-369/Page_Login/userName_Field"), "tractiontools.user001+ta58jzbl@gmail.com")

2020-09-03 16:17:13 - [MESSAGE][NOT_RUN] - NOT_RUN: setText(findTestObject("V2/PR-369/Page_Login/userName_Field"), "tractiontools.user001+ta58jzbl@gmail.com")

2020-09-03 16:17:13 - [TEST_STEP][NOT_RUN] - setText(findTestObject("V2/PR-369/Page_Login/passWord_Field"), "Qwer123!"): NOT_RUN: setText(findTestObject("V2/PR-369/Page_Login/passWord_Field"), "Qwer123!")

2020-09-03 16:17:13 - [MESSAGE][NOT_RUN] - NOT_RUN: setText(findTestObject("V2/PR-369/Page_Login/passWord_Field"), "Qwer123!")

2020-09-03 16:17:13 - [TEST_STEP][NOT_RUN] - click(findTestObject("V2/PR-369/Page_Login/Login_Button")): NOT_RUN: click(findTestObject("V2/PR-369/Page_Login/Login_Button"))

2020-09-03 16:17:13 - [MESSAGE][NOT_RUN] - NOT_RUN: click(findTestObject("V2/PR-369/Page_Login/Login_Button"))

2020-09-03 16:17:13 - [TEST_STEP][PASSED] - waitForElementVisible(findTestObject("V2/Commons/DasboardPage_SidebarMenu/MeetingsMenu"), DefaultTimeout): Object 'Object Repository/V2/Commons/DasboardPage_SidebarMenu/MeetingsMenu' is visible

2020-09-03 16:17:13 - [MESSAGE][PASSED] - Object 'Object Repository/V2/Commons/DasboardPage_SidebarMenu/MeetingsMenu' is visible

2020-09-03 16:17:13 - [TEST_STEP][PASSED] - click(findTestObject("V2/Commons/DasboardPage_SidebarMenu/MeetingsMenu")): Object: 'Object Repository/V2/Commons/DasboardPage_SidebarMenu/MeetingsMenu' is clicked on

2020-09-03 16:17:13 - [MESSAGE][PASSED] - Object: 'Object Repository/V2/Commons/DasboardPage_SidebarMenu/MeetingsMenu' is clicked on

2020-09-03 16:17:13 - [TEST_STEP][PASSED] - meetingOpt_Obj = tt_CustomKeywords.CustomKeywords.CreateDynamicElement(meetingOptions_obj, meetingName, "xpath"): Successfully created new dynamic object: //h4[text()='Meeting Admin']/ancestor::div[contains(@class,'ListContainer')]/div[@class='listcontainer__options']/button

2020-09-03 16:17:13 - [MESSAGE][PASSED] - Successfully created new dynamic object: //h4[text()='Meeting Admin']/ancestor::div[contains(@class,'ListContainer')]/div[@class='listcontainer__options']/button

2020-09-03 16:17:13 - [TEST_STEP][PASSED] - waitForElementVisible(meetingOpt_Obj, DefaultTimeout): Object '' is visible

2020-09-03 16:17:13 - [MESSAGE][PASSED] - Object '' is visible

2020-09-03 16:17:13 - [TEST_STEP][PASSED] - click(meetingOpt_Obj): Object: '' is clicked on

2020-09-03 16:17:14 - [MESSAGE][PASSED] - Object: '' is clicked on

2020-09-03 16:17:14 - [TEST_STEP][PASSED] - click(findTestObject("V2/Commons/MeetingListPage/a_Edit meeting")): Object: 'Object Repository/V2/Commons/MeetingListPage/a_Edit meeting' is clicked on

2020-09-03 16:17:14 - [MESSAGE][PASSED] - Object: 'Object Repository/V2/Commons/MeetingListPage/a_Edit meeting' is clicked on

2020-09-03 16:17:14 - [TEST_STEP][PASSED] - waitForElementVisible(findTestObject("V2/PR-369/Edit_Meeting_Rocks/Rocks_Menu"), DefaultTimeout): Object 'Object Repository/V2/PR-369/Edit_Meeting_Rocks/Rocks_Menu' is visible

2020-09-03 16:17:15 - [MESSAGE][PASSED] - Object 'Object Repository/V2/PR-369/Edit_Meeting_Rocks/Rocks_Menu' is visible

2020-09-03 16:17:15 - [TEST_STEP][PASSED] - click(findTestObject("V2/PR-369/Edit_Meeting_Rocks/Rocks_Menu")): Object: 'Object Repository/V2/PR-369/Edit_Meeting_Rocks/Rocks_Menu' is clicked on

2020-09-03 16:17:15 - [MESSAGE][PASSED] - Object: 'Object Repository/V2/PR-369/Edit_Meeting_Rocks/Rocks_Menu' is clicked on

2020-09-03 16:17:15 - [TEST_STEP][PASSED] - click(findTestObject("V2/PR-369/Edit_Meeting_Rocks/CreateRocksButton")): Object: 'Object Repository/V2/PR-369/Edit_Meeting_Rocks/CreateRocksButton' is clicked on

2020-09-03 16:17:15 - [MESSAGE][PASSED] - Object: 'Object Repository/V2/PR-369/Edit_Meeting_Rocks/CreateRocksButton' is clicked on

2020-09-03 16:17:15 - [TEST_STEP][PASSED] - click(findTestObject("V2/PR-369/Edit_Meeting_Rocks/Create_New_Rocks")): Object: 'Object Repository/V2/PR-369/Edit_Meeting_Rocks/Create_New_Rocks' is clicked on

2020-09-03 16:17:15 - [MESSAGE][PASSED] - Object: 'Object Repository/V2/PR-369/Edit_Meeting_Rocks/Create_New_Rocks' is clicked on

2020-09-03 16:17:15 - [TEST_STEP][PASSED] - waitForElementVisible(findTestObject("V2/PR-369/Edit_Meeting_Rocks/Rock_Name_Title"), DefaultTimeout): Object 'Object Repository/V2/PR-369/Edit_Meeting_Rocks/Rock_Name_Title' is visible

2020-09-03 16:17:15 - [MESSAGE][PASSED] - Object 'Object Repository/V2/PR-369/Edit_Meeting_Rocks/Rock_Name_Title' is visible

2020-09-03 16:17:15 - [TEST_STEP][PASSED] - setText(findTestObject("V2/PR-369/Edit_Meeting_Rocks/Rock_Name_Title"), rockName): Text 'QA Edit Meeting Automation Rock Test' is set on object 'Object Repository/V2/PR-369/Edit_Meeting_Rocks/Rock_Name_Title'

2020-09-03 16:17:16 - [MESSAGE][PASSED] - Text 'QA Edit Meeting Automation Rock Test' is set on object 'Object Repository/V2/PR-369/Edit_Meeting_Rocks/Rock_Name_Title'

2020-09-03 16:17:16 - [TEST_STEP][PASSED] - click(findTestObject("V2/PR-369/Edit_Meeting_Rocks/Status_OffTrack_Rock")): Object: 'Object Repository/V2/PR-369/Edit_Meeting_Rocks/Status_OffTrack_Rock' is clicked on

2020-09-03 16:17:16 - [MESSAGE][PASSED] - Object: 'Object Repository/V2/PR-369/Edit_Meeting_Rocks/Status_OffTrack_Rock' is clicked on

2020-09-03 16:17:16 - [TEST_STEP][PASSED] - click(findTestObject("V2/PR-369/Edit_Meeting_Rocks/Accountable_Owner_Field")): Object: 'Object Repository/V2/PR-369/Edit_Meeting_Rocks/Accountable_Owner_Field' is clicked on

2020-09-03 16:17:16 - [MESSAGE][PASSED] - Object: 'Object Repository/V2/PR-369/Edit_Meeting_Rocks/Accountable_Owner_Field' is clicked on

2020-09-03 16:17:16 - [TEST_STEP][PASSED] - accountableOwner = tt_CustomKeywords.CustomKeywords.CreateDynamicElement(owner_Obj, ownerSelected, "xpath"): Successfully created new dynamic object: //div[@data-test-id='createRock']//div[@role='listbox'][@class='visible menu transition']/div[@role='option'][contains(@class,'item')]/span[text()='Admin User']

2020-09-03 16:17:16 - [MESSAGE][PASSED] - Successfully created new dynamic object: //div[@data-test-id='createRock']//div[@role='listbox'][@class='visible menu transition']/div[@role='option'][contains(@class,'item')]/span[text()='Admin User']

2020-09-03 16:17:16 - [TEST_STEP][PASSED] - click(accountableOwner): Object: '' is clicked on

2020-09-03 16:17:16 - [MESSAGE][PASSED] - Object: '' is clicked on

2020-09-03 16:17:16 - [TEST_STEP][PASSED] - click(findTestObject("V2/PR-369/Edit_Meeting_Rocks/Visibility_Level_Field")): Object: 'Object Repository/V2/PR-369/Edit_Meeting_Rocks/Visibility_Level_Field' is clicked on

2020-09-03 16:17:16 - [MESSAGE][PASSED] - Object: 'Object Repository/V2/PR-369/Edit_Meeting_Rocks/Visibility_Level_Field' is clicked on

2020-09-03 16:17:16 - [TEST_STEP][PASSED] - click(findTestObject("V2/PR-369/Edit_Meeting_Rocks/Visibility_Level_Company")): Object: 'Object Repository/V2/PR-369/Edit_Meeting_Rocks/Visibility_Level_Company' is clicked on

2020-09-03 16:17:16 - [MESSAGE][PASSED] - Object: 'Object Repository/V2/PR-369/Edit_Meeting_Rocks/Visibility_Level_Company' is clicked on

2020-09-03 16:17:16 - [TEST_STEP][PASSED] - click(findTestObject("V2/PR-369/Edit_Meeting_Rocks/Rocks_Due_Date_Field")): Object: 'Object Repository/V2/PR-369/Edit_Meeting_Rocks/Rocks_Due_Date_Field' is clicked on

2020-09-03 16:17:16 - [MESSAGE][PASSED] - Object: 'Object Repository/V2/PR-369/Edit_Meeting_Rocks/Rocks_Due_Date_Field' is clicked on

2020-09-03 16:17:16 - [TEST_STEP][PASSED] - waitForElementVisible(findTestObject("V2/PR-369/Edit_Meeting_Scorecard/A_Date29"), DefaultTimeout): Object 'Object Repository/V2/PR-369/Edit_Meeting_Scorecard/A_Date29' is visible

2020-09-03 16:17:16 - [MESSAGE][PASSED] - Object 'Object Repository/V2/PR-369/Edit_Meeting_Scorecard/A_Date29' is visible

2020-09-03 16:17:16 - [TEST_STEP][PASSED] - click(findTestObject("V2/PR-369/Edit_Meeting_Scorecard/A_Date29")): Object: 'Object Repository/V2/PR-369/Edit_Meeting_Scorecard/A_Date29' is clicked on

2020-09-03 16:17:16 - [MESSAGE][PASSED] - Object: 'Object Repository/V2/PR-369/Edit_Meeting_Scorecard/A_Date29' is clicked on

2020-09-03 16:17:16 - [TEST_STEP][PASSED] - verifyElementVisible(findTestObject("V2/PR-369/Edit_Meeting_Rocks/Verify_Notes_Section")): Object 'Object Repository/V2/PR-369/Edit_Meeting_Rocks/Verify_Notes_Section' is visible

2020-09-03 16:17:16 - [MESSAGE][PASSED] - Object 'Object Repository/V2/PR-369/Edit_Meeting_Rocks/Verify_Notes_Section' is visible

2020-09-03 16:17:16 - [TEST_STEP][PASSED] - setText(findTestObject("V2/PR-369/Edit_Meeting_Rocks/Notes_Comments"), Notes): Text 'Sample Notes' is set on object 'Object Repository/V2/PR-369/Edit_Meeting_Rocks/Notes_Comments'

2020-09-03 16:17:30 - [MESSAGE][PASSED] - Text 'Sample Notes' is set on object 'Object Repository/V2/PR-369/Edit_Meeting_Rocks/Notes_Comments'

2020-09-03 16:17:30 - [TEST_STEP][PASSED] - sendKeys(findTestObject("V2/PR-369/Edit_Meeting_Rocks/Add_Milestone_Button"), Keys.chord(PAGE_DOWN)): Keys 'PAGE_DOWN + ' sent to object: 'Object Repository/V2/PR-369/Edit_Meeting_Rocks/Add_Milestone_Button'

2020-09-03 16:17:30 - [MESSAGE][PASSED] - Keys 'PAGE_DOWN + ' sent to object: 'Object Repository/V2/PR-369/Edit_Meeting_Rocks/Add_Milestone_Button'

2020-09-03 16:17:30 - [TEST_STEP][PASSED] - click(findTestObject("V2/PR-369/Edit_Meeting_Rocks/Add_Milestone_Button")): Object: 'Object Repository/V2/PR-369/Edit_Meeting_Rocks/Add_Milestone_Button' is clicked on

2020-09-03 16:17:30 - [MESSAGE][PASSED] - Object: 'Object Repository/V2/PR-369/Edit_Meeting_Rocks/Add_Milestone_Button' is clicked on

2020-09-03 16:17:30 - [TEST_STEP][PASSED] - setText(findTestObject("V2/PR-369/Edit_Meeting_Rocks/Milestone_Text_Field"), milestoneName): Text 'Milestone 1' is set on object 'Object Repository/V2/PR-369/Edit_Meeting_Rocks/Milestone_Text_Field'

2020-09-03 16:17:30 - [MESSAGE][PASSED] - Text 'Milestone 1' is set on object 'Object Repository/V2/PR-369/Edit_Meeting_Rocks/Milestone_Text_Field'

2020-09-03 16:17:30 - [TEST_STEP][PASSED] - click(findTestObject("V2/PR-369/Edit_Meeting_Rocks/Milestone_date")): Object: 'Object Repository/V2/PR-369/Edit_Meeting_Rocks/Milestone_date' is clicked on

2020-09-03 16:17:30 - [MESSAGE][PASSED] - Object: 'Object Repository/V2/PR-369/Edit_Meeting_Rocks/Milestone_date' is clicked on

2020-09-03 16:17:30 - [TEST_STEP][PASSED] - waitForElementVisible(findTestObject("V2/PR-369/Edit_Meeting_Scorecard/A_Date29"), DefaultTimeout): Object 'Object Repository/V2/PR-369/Edit_Meeting_Scorecard/A_Date29' is visible

2020-09-03 16:17:31 - [MESSAGE][PASSED] - Object 'Object Repository/V2/PR-369/Edit_Meeting_Scorecard/A_Date29' is visible

2020-09-03 16:17:31 - [TEST_STEP][PASSED] - click(findTestObject("V2/PR-369/Edit_Meeting_Scorecard/A_Date29")): Object: 'Object Repository/V2/PR-369/Edit_Meeting_Scorecard/A_Date29' is clicked on

2020-09-03 16:17:31 - [MESSAGE][PASSED] - Object: 'Object Repository/V2/PR-369/Edit_Meeting_Scorecard/A_Date29' is clicked on

2020-09-03 16:17:31 - [TEST_STEP][PASSED] - click(findTestObject("V2/PR-369/Edit_Meeting_Rocks/Save_Button")): Object: 'Object Repository/V2/PR-369/Edit_Meeting_Rocks/Save_Button' is clicked on

2020-09-03 16:17:31 - [MESSAGE][PASSED] - Object: 'Object Repository/V2/PR-369/Edit_Meeting_Rocks/Save_Button' is clicked on

2020-09-03 16:17:31 - [TEST_STEP][PASSED] - delay(10): Delayed 10 second(s)

2020-09-03 16:17:41 - [MESSAGE][PASSED] - Delayed 10 second(s)

2020-09-03 16:17:41 - [TEST_STEP][PASSED] - verifyRocks = tt_CustomKeywords.CustomKeywords.CreateDynamicElement(verifyRocks_Obj, rockName, "xpath"): Successfully created new dynamic object: //h2[text()='Rocks']/ancestor::div[contains(@class,'CardStyles')]/div[2]//div[@data-test-id='rock.title'][contains(@class,'TextBodyStyles-sc') and text()='QA Edit Meeting Automation Rock Test']

2020-09-03 16:17:41 - [MESSAGE][PASSED] - Successfully created new dynamic object: //h2[text()='Rocks']/ancestor::div[contains(@class,'CardStyles')]/div[2]//div[@data-test-id='rock.title'][contains(@class,'TextBodyStyles-sc') and text()='QA Edit Meeting Automation Rock Test']

2020-09-03 16:17:41 - [TEST_STEP][PASSED] - verifyElementPresent(verifyRocks, DefaultTimeout): Object '' is present

2020-09-03 16:17:41 - [MESSAGE][PASSED] - Object '' is present

2020-09-03 16:17:41 - [TEST_STEP][PASSED] - verifyMilestone = tt_CustomKeywords.CustomKeywords.CreateDynamicElement(verifyMilestone_Obj, milestoneName, "xpath"): Successfully created new dynamic object: //h2[text()='Rocks']/ancestor::div[contains(@class,'CardStyles')]/div[2]//div[contains(@class,'milestoneListItem__name')]/span[text()='Milestone 1']

2020-09-03 16:17:41 - [MESSAGE][PASSED] - Successfully created new dynamic object: //h2[text()='Rocks']/ancestor::div[contains(@class,'CardStyles')]/div[2]//div[contains(@class,'milestoneListItem__name')]/span[text()='Milestone 1']

2020-09-03 16:17:41 - [TEST_STEP][PASSED] - verifyElementPresent(verifyMilestone, DefaultTimeout): Object '' is present

2020-09-03 16:17:41 - [MESSAGE][PASSED] - Object '' is present

2020-09-03 16:17:41 - [TEST_STEP][NOT_RUN] - click(verifyRocks): NOT_RUN: click(verifyRocks)

2020-09-03 16:17:41 - [MESSAGE][NOT_RUN] - NOT_RUN: click(verifyRocks)

2020-09-03 16:17:41 - [TEST_STEP][NOT_RUN] - delay(10): NOT_RUN: delay(10)

2020-09-03 16:17:41 - [MESSAGE][NOT_RUN] - NOT_RUN: delay(10)

2020-09-03 16:17:41 - [TEST_STEP][NOT_RUN] - click(findTestObject("V2/PR-369/UpdateEditMeetingRocks/Edit_Rock_Name")): NOT_RUN: click(findTestObject("V2/PR-369/UpdateEditMeetingRocks/Edit_Rock_Name"))

2020-09-03 16:17:41 - [MESSAGE][NOT_RUN] - NOT_RUN: click(findTestObject("V2/PR-369/UpdateEditMeetingRocks/Edit_Rock_Name"))

2020-09-03 16:17:41 - [TEST_STEP][NOT_RUN] - sendKeys(findTestObject("V2/PR-369/UpdateEditMeetingRocks/Edit_Rock_Name"), Keys.chord(LEFT_CONTROL, "a", BACK_SPACE)): NOT_RUN: sendKeys(findTestObject("V2/PR-369/UpdateEditMeetingRocks/Edit_Rock_Name"), Keys.chord(LEFT_CONTROL, "a", BACK_SPACE))

2020-09-03 16:17:41 - [MESSAGE][NOT_RUN] - NOT_RUN: sendKeys(findTestObject("V2/PR-369/UpdateEditMeetingRocks/Edit_Rock_Name"), Keys.chord(LEFT_CONTROL, "a", BACK_SPACE))

2020-09-03 16:17:41 - [TEST_STEP][NOT_RUN] - setText(findTestObject("V2/PR-369/UpdateEditMeetingRocks/Edit_Rock_Name"), editRockName): NOT_RUN: setText(findTestObject("V2/PR-369/UpdateEditMeetingRocks/Edit_Rock_Name"), editRockName)

2020-09-03 16:17:41 - [MESSAGE][NOT_RUN] - NOT_RUN: setText(findTestObject("V2/PR-369/UpdateEditMeetingRocks/Edit_Rock_Name"), editRockName)

2020-09-03 16:17:41 - [TEST_STEP][NOT_RUN] - click(findTestObject("V2/PR-369/UpdateEditMeetingRocks/Edit_Status_Done")): NOT_RUN: click(findTestObject("V2/PR-369/UpdateEditMeetingRocks/Edit_Status_Done"))

2020-09-03 16:17:41 - [MESSAGE][NOT_RUN] - NOT_RUN: click(findTestObject("V2/PR-369/UpdateEditMeetingRocks/Edit_Status_Done"))

2020-09-03 16:17:41 - [TEST_STEP][NOT_RUN] - click(findTestObject("V2/PR-369/UpdateEditMeetingRocks/Edit_Accountable_Owner")): NOT_RUN: click(findTestObject("V2/PR-369/UpdateEditMeetingRocks/Edit_Accountable_Owner"))

2020-09-03 16:17:41 - [MESSAGE][NOT_RUN] - NOT_RUN: click(findTestObject("V2/PR-369/UpdateEditMeetingRocks/Edit_Accountable_Owner"))

2020-09-03 16:17:41 - [TEST_STEP][NOT_RUN] - editOwner = tt_CustomKeywords.CustomKeywords.CreateDynamicElement(editOwner_Obj, editOwner, "xpath"): NOT_RUN: editOwner = tt_CustomKeywords.CustomKeywords.CreateDynamicElement(editOwner_Obj, editOwner, "xpath")

2020-09-03 16:17:41 - [MESSAGE][NOT_RUN] - NOT_RUN: editOwner = tt_CustomKeywords.CustomKeywords.CreateDynamicElement(editOwner_Obj, editOwner, "xpath")

2020-09-03 16:17:41 - [TEST_STEP][NOT_RUN] - click(editOwner): NOT_RUN: click(editOwner)

2020-09-03 16:17:41 - [MESSAGE][NOT_RUN] - NOT_RUN: click(editOwner)

2020-09-03 16:17:41 - [TEST_STEP][NOT_RUN] - click(findTestObject("V2/PR-369/UpdateEditMeetingRocks/Edit_Visibility_Level")): NOT_RUN: click(findTestObject("V2/PR-369/UpdateEditMeetingRocks/Edit_Visibility_Level"))

2020-09-03 16:17:41 - [MESSAGE][NOT_RUN] - NOT_RUN: click(findTestObject("V2/PR-369/UpdateEditMeetingRocks/Edit_Visibility_Level"))

2020-09-03 16:17:41 - [TEST_STEP][NOT_RUN] - click(findTestObject("V2/PR-369/UpdateEditMeetingRocks/Edit_Visibility_Level_Department")): NOT_RUN: click(findTestObject("V2/PR-369/UpdateEditMeetingRocks/Edit_Visibility_Level_Department"))

2020-09-03 16:17:41 - [MESSAGE][NOT_RUN] - NOT_RUN: click(findTestObject("V2/PR-369/UpdateEditMeetingRocks/Edit_Visibility_Level_Department"))

2020-09-03 16:17:41 - [TEST_STEP][NOT_RUN] - sendKeys(findTestObject("V2/PR-369/UpdateEditMeetingRocks/Edit_Milestone"), Keys.chord(LEFT_CONTROL, "a", BACK_SPACE)): NOT_RUN: sendKeys(findTestObject("V2/PR-369/UpdateEditMeetingRocks/Edit_Milestone"), Keys.chord(LEFT_CONTROL, "a", BACK_SPACE))

2020-09-03 16:17:41 - [MESSAGE][NOT_RUN] - NOT_RUN: sendKeys(findTestObject("V2/PR-369/UpdateEditMeetingRocks/Edit_Milestone"), Keys.chord(LEFT_CONTROL, "a", BACK_SPACE))

2020-09-03 16:17:41 - [TEST_STEP][NOT_RUN] - setText(findTestObject("V2/PR-369/UpdateEditMeetingRocks/Edit_Milestone"), editMilestoneName): NOT_RUN: setText(findTestObject("V2/PR-369/UpdateEditMeetingRocks/Edit_Milestone"), editMilestoneName)

2020-09-03 16:17:41 - [MESSAGE][NOT_RUN] - NOT_RUN: setText(findTestObject("V2/PR-369/UpdateEditMeetingRocks/Edit_Milestone"), editMilestoneName)

2020-09-03 16:17:41 - [TEST_STEP][NOT_RUN] - click(findTestObject("V2/PR-369/UpdateEditMeetingRocks/Done_CheckBox")): NOT_RUN: click(findTestObject("V2/PR-369/UpdateEditMeetingRocks/Done_CheckBox"))

2020-09-03 16:17:41 - [MESSAGE][NOT_RUN] - NOT_RUN: click(findTestObject("V2/PR-369/UpdateEditMeetingRocks/Done_CheckBox"))

2020-09-03 16:17:41 - [TEST_STEP][NOT_RUN] - click(findTestObject("V2/PR-369/UpdateEditMeetingRocks/Update_Button")): NOT_RUN: click(findTestObject("V2/PR-369/UpdateEditMeetingRocks/Update_Button"))

2020-09-03 16:17:41 - [MESSAGE][NOT_RUN] - NOT_RUN: click(findTestObject("V2/PR-369/UpdateEditMeetingRocks/Update_Button"))

2020-09-03 16:17:41 - [TEST_STEP][NOT_RUN] - delay(10): NOT_RUN: delay(10)

2020-09-03 16:17:41 - [MESSAGE][NOT_RUN] - NOT_RUN: delay(10)

2020-09-03 16:17:41 - [TEST_STEP][NOT_RUN] - editverifyRocks = tt_CustomKeywords.CustomKeywords.CreateDynamicElement(verifyRocks_Obj, editRockName, "xpath"): NOT_RUN: editverifyRocks = tt_CustomKeywords.CustomKeywords.CreateDynamicElement(verifyRocks_Obj, editRockName, "xpath")

2020-09-03 16:17:41 - [MESSAGE][NOT_RUN] - NOT_RUN: editverifyRocks = tt_CustomKeywords.CustomKeywords.CreateDynamicElement(verifyRocks_Obj, editRockName, "xpath")

2020-09-03 16:17:41 - [TEST_STEP][NOT_RUN] - verifyElementPresent(editverifyRocks, DefaultTimeout): NOT_RUN: verifyElementPresent(editverifyRocks, DefaultTimeout)

2020-09-03 16:17:41 - [MESSAGE][NOT_RUN] - NOT_RUN: verifyElementPresent(editverifyRocks, DefaultTimeout)

2020-09-03 16:17:41 - [TEST_STEP][NOT_RUN] - editverifyMilestone = tt_CustomKeywords.CustomKeywords.CreateDynamicElement(verifyMilestone_Obj, editMilestoneName, "xpath"): NOT_RUN: editverifyMilestone = tt_CustomKeywords.CustomKeywords.CreateDynamicElement(verifyMilestone_Obj, editMilestoneName, "xpath")

2020-09-03 16:17:41 - [MESSAGE][NOT_RUN] - NOT_RUN: editverifyMilestone = tt_CustomKeywords.CustomKeywords.CreateDynamicElement(verifyMilestone_Obj, editMilestoneName, "xpath")

2020-09-03 16:17:41 - [TEST_STEP][NOT_RUN] - verifyElementPresent(editverifyMilestone, DefaultTimeout): NOT_RUN: verifyElementPresent(editverifyMilestone, DefaultTimeout)

2020-09-03 16:17:41 - [MESSAGE][NOT_RUN] - NOT_RUN: verifyElementPresent(editverifyMilestone, DefaultTimeout)

2020-09-03 16:17:41 - [MESSAGE][PASSED] - Call Test Case 'Test Cases/V2/Test Case/Tests/PR-369 - EditMeetingAgenda/Test Cases/Positive/Admin/PR_369_7_EditMeetingCreateRock_Admin' successfully

2020-09-03 16:17:41 - [TEST_STEP][PASSED] - changeWebDriver(driver2): null

2020-09-03 16:17:41 - [TEST_STEP][PASSED] - callTestCase(findTestCase("V2/Test Case/Pre-conditions/PRE_CreateL10Meeting"), ["meetingName":meetingNameS, "meetingAcronym":meetingAcronym, "meetingType":meetingType, "dropdownOptions_obj":"//div[@id='CREATE_MEETING_L10']//span[text()='%s']/parent::div[@role='option']", ... ], STOP_ON_FAILURE): Call Test Case 'Test Cases/V2/Test Case/Pre-conditions/PRE_CreateL10Meeting' successfully

2020-09-03 16:17:41 - [TEST_CASE][PASSED] - Test Cases/V2/Test Case/Pre-conditions/PRE_CreateL10Meeting: Test Cases/V2/Test Case/Pre-conditions/PRE_CreateL10Meeting

2020-09-03 16:17:41 - [TEST_STEP][PASSED] - click(findTestObject("V2/Commons/DasboardPage_SidebarMenu/MeetingsMenu")): Object: 'Object Repository/V2/Commons/DasboardPage_SidebarMenu/MeetingsMenu' is clicked on

2020-09-03 16:17:42 - [MESSAGE][PASSED] - Object: 'Object Repository/V2/Commons/DasboardPage_SidebarMenu/MeetingsMenu' is clicked on

2020-09-03 16:17:42 - [TEST_STEP][PASSED] - click(findTestObject("Object Repository/V2/Commons/MeetingListPage/div_Create a meeting")): Object: 'Object Repository/V2/Commons/MeetingListPage/div_Create a meeting' is clicked on

2020-09-03 16:17:42 - [MESSAGE][PASSED] - Object: 'Object Repository/V2/Commons/MeetingListPage/div_Create a meeting' is clicked on

2020-09-03 16:17:42 - [TEST_STEP][PASSED] - click(findTestObject("Object Repository/V2/Commons/MeetingListPage/button_Level 10")): Object: 'Object Repository/V2/Commons/MeetingListPage/button_Level 10' is clicked on

2020-09-03 16:17:42 - [MESSAGE][PASSED] - Object: 'Object Repository/V2/Commons/MeetingListPage/button_Level 10' is clicked on

2020-09-03 16:17:42 - [TEST_STEP][PASSED] - waitForElementVisible(findTestObject("V2/Commons/CreateL10MeetingDrawer/input__name"), DefaultTimeout): Object 'Object Repository/V2/Commons/CreateL10MeetingDrawer/input__name' is visible

2020-09-03 16:17:43 - [MESSAGE][PASSED] - Object 'Object Repository/V2/Commons/CreateL10MeetingDrawer/input__name' is visible

2020-09-03 16:17:43 - [TEST_STEP][PASSED] - setText(findTestObject("V2/Commons/CreateL10MeetingDrawer/input__name"), meetingName): Text 'Meeting Supervisor' is set on object 'Object Repository/V2/Commons/CreateL10MeetingDrawer/input__name'

2020-09-03 16:17:43 - [MESSAGE][PASSED] - Text 'Meeting Supervisor' is set on object 'Object Repository/V2/Commons/CreateL10MeetingDrawer/input__name'

2020-09-03 16:17:43 - [TEST_STEP][PASSED] - setText(findTestObject("V2/Commons/CreateL10MeetingDrawer/input__acronym"), meetingAcronym): Text 'CL10' is set on object 'Object Repository/V2/Commons/CreateL10MeetingDrawer/input__acronym'

2020-09-03 16:17:43 - [MESSAGE][PASSED] - Text 'CL10' is set on object 'Object Repository/V2/Commons/CreateL10MeetingDrawer/input__acronym'

2020-09-03 16:17:43 - [TEST_STEP][PASSED] - click(findTestObject("V2/Commons/CreateL10MeetingDrawer/input__typeOfMeeting")): Object: 'Object Repository/V2/Commons/CreateL10MeetingDrawer/input__typeOfMeeting' is clicked on

2020-09-03 16:17:43 - [MESSAGE][PASSED] - Object: 'Object Repository/V2/Commons/CreateL10MeetingDrawer/input__typeOfMeeting' is clicked on

2020-09-03 16:17:43 - [TEST_STEP][PASSED] - meetingTypeOption_Obj = tt_CustomKeywords.CustomKeywords.CreateDynamicElement(dropdownOptions_obj, meetingType, "xpath"): Successfully created new dynamic object: //div[@id='CREATE_MEETING_L10']//span[text()='Leadership']/parent::div[@role='option']

2020-09-03 16:17:43 - [MESSAGE][PASSED] - Successfully created new dynamic object: //div[@id='CREATE_MEETING_L10']//span[text()='Leadership']/parent::div[@role='option']

2020-09-03 16:17:43 - [TEST_STEP][PASSED] - click(meetingTypeOption_Obj): Object: '' is clicked on

2020-09-03 16:17:43 - [MESSAGE][PASSED] - Object: '' is clicked on

2020-09-03 16:17:43 - [TEST_STEP][PASSED] - click(findTestObject("V2/Commons/CreateL10MeetingDrawer/div_dayOfMeetingDropdownList")): Object: 'Object Repository/V2/Commons/CreateL10MeetingDrawer/div_dayOfMeetingDropdownList' is clicked on

2020-09-03 16:17:43 - [MESSAGE][PASSED] - Object: 'Object Repository/V2/Commons/CreateL10MeetingDrawer/div_dayOfMeetingDropdownList' is clicked on

2020-09-03 16:17:43 - [TEST_STEP][PASSED] - dayOfMeetingOption_Obj = tt_CustomKeywords.CustomKeywords.CreateDynamicElement(dropdownOptions_obj, dayOfMeeting, "xpath"): Successfully created new dynamic object: //div[@id='CREATE_MEETING_L10']//span[text()='Monday']/parent::div[@role='option']

2020-09-03 16:17:43 - [MESSAGE][PASSED] - Successfully created new dynamic object: //div[@id='CREATE_MEETING_L10']//span[text()='Monday']/parent::div[@role='option']

2020-09-03 16:17:43 - [TEST_STEP][PASSED] - click(dayOfMeetingOption_Obj): Object: '' is clicked on

2020-09-03 16:17:43 - [MESSAGE][PASSED] - Object: '' is clicked on

2020-09-03 16:17:43 - [TEST_STEP][PASSED] - click(findTestObject("V2/Commons/CreateL10MeetingDrawer/input_meetingTime")): Object: 'Object Repository/V2/Commons/CreateL10MeetingDrawer/input_meetingTime' is clicked on

2020-09-03 16:17:43 - [MESSAGE][PASSED] - Object: 'Object Repository/V2/Commons/CreateL10MeetingDrawer/input_meetingTime' is clicked on

2020-09-03 16:17:43 - [TEST_STEP][PASSED] - setText(findTestObject("V2/Commons/CreateL10MeetingDrawer/input_meetingTime"), meetingTime): Text '12:00' is set on object 'Object Repository/V2/Commons/CreateL10MeetingDrawer/input_meetingTime'

2020-09-03 16:17:44 - [MESSAGE][PASSED] - Text '12:00' is set on object 'Object Repository/V2/Commons/CreateL10MeetingDrawer/input_meetingTime'

2020-09-03 16:17:44 - [TEST_STEP][PASSED] - sendKeys(findTestObject("V2/Commons/CreateL10MeetingDrawer/input_meetingTime"), Keys.chord(TAB)): Keys 'TAB + ' sent to object: 'Object Repository/V2/Commons/CreateL10MeetingDrawer/input_meetingTime'

2020-09-03 16:17:44 - [MESSAGE][PASSED] - Keys 'TAB + ' sent to object: 'Object Repository/V2/Commons/CreateL10MeetingDrawer/input_meetingTime'

2020-09-03 16:17:44 - [TEST_STEP][PASSED] - click(findTestObject("V2/Commons/CreateL10MeetingDrawer/div_Create Meeting")): Object: 'Object Repository/V2/Commons/CreateL10MeetingDrawer/div_Create Meeting' is clicked on

2020-09-03 16:17:44 - [MESSAGE][PASSED] - Object: 'Object Repository/V2/Commons/CreateL10MeetingDrawer/div_Create Meeting' is clicked on

2020-09-03 16:17:44 - [TEST_STEP][PASSED] - waitForElementVisible(findTestObject("Object Repository/V2/Commons/MeetingListPage/div_Ill do this later"), DefaultTimeout): Object 'Object Repository/V2/Commons/MeetingListPage/div_Ill do this later' is visible

2020-09-03 16:18:17 - [MESSAGE][PASSED] - Object 'Object Repository/V2/Commons/MeetingListPage/div_Ill do this later' is visible

2020-09-03 16:18:17 - [TEST_STEP][PASSED] - verifyElementVisible(findTestObject("Object Repository/V2/Commons/MeetingListPage/div_Ill do this later"), STOP_ON_FAILURE): Object 'Object Repository/V2/Commons/MeetingListPage/div_Ill do this later' is visible

2020-09-03 16:18:17 - [MESSAGE][PASSED] - Object 'Object Repository/V2/Commons/MeetingListPage/div_Ill do this later' is visible

2020-09-03 16:18:17 - [TEST_STEP][PASSED] - click(findTestObject("Object Repository/V2/Commons/MeetingListPage/div_Ill do this later")): Object: 'Object Repository/V2/Commons/MeetingListPage/div_Ill do this later' is clicked on

2020-09-03 16:18:17 - [MESSAGE][PASSED] - Object: 'Object Repository/V2/Commons/MeetingListPage/div_Ill do this later' is clicked on

2020-09-03 16:18:17 - [TEST_STEP][PASSED] - meetingRecordObj = tt_CustomKeywords.CustomKeywords.CreateDynamicElement(meetingRecord_obj, meetingName, "xpath"): Successfully created new dynamic object: //div[@class='detailscontainer__block item']/h4[text()='Meeting Supervisor']

2020-09-03 16:18:17 - [MESSAGE][PASSED] - Successfully created new dynamic object: //div[@class='detailscontainer__block item']/h4[text()='Meeting Supervisor']

2020-09-03 16:18:17 - [TEST_STEP][PASSED] - verifyElementPresent(meetingRecordObj, DefaultTimeout): Object '' is present

2020-09-03 16:18:17 - [MESSAGE][PASSED] - Object '' is present

2020-09-03 16:18:17 - [MESSAGE][PASSED] - Call Test Case 'Test Cases/V2/Test Case/Pre-conditions/PRE_CreateL10Meeting' successfully

2020-09-03 16:18:17 - [TEST_STEP][FAILED] - callTestCase(findTestCase("V2/Test Case/Tests/PR-369 - EditMeetingAgenda/Test Cases/Positive/Supervisor/PR_369_7_EditMeetingCreateRock_Supervisor"), ["userName":"jeff+075@mytractiontools.com", "passWord":"Skyline69A*", "meetingRowPosition":"3", "editMeetingMenu_Obj":"//div[@id='root']/div/div[2]/div/div/div/div[2]/div/div[%s]/div[3]/button/i", ... ], STOP_ON_FAILURE): Unable to call Test Case 'Test Cases/V2/Test Case/Tests/PR-369 - EditMeetingAgenda/Test Cases/Positive/Supervisor/PR_369_7_EditMeetingCreateRock_Supervisor' (Root cause: com.kms.katalon.core.exception.StepFailedException: Call Test Case 'Test Cases/V2/Test Case/Tests/PR-369 - EditMeetingAgenda/Test Cases/Positive/Supervisor/PR_369_7_EditMeetingCreateRock_Supervisor' failed
	at com.kms.katalon.core.keyword.builtin.CallTestCaseKeyword$_callTestCase_closure1.doCall(CallTestCaseKeyword.groovy:63)
	at com.kms.katalon.core.keyword.builtin.CallTestCaseKeyword$_callTestCase_closure1.call(CallTestCaseKeyword.groovy)
	at com.kms.katalon.core.keyword.internal.KeywordMain.runKeyword(KeywordMain.groovy:68)
	at com.kms.katalon.core.keyword.builtin.CallTestCaseKeyword.callTestCase(CallTestCaseKeyword.groovy:81)
	at com.kms.katalon.core.keyword.builtin.CallTestCaseKeyword.execute(CallTestCaseKeyword.groovy:44)
	at com.kms.katalon.core.keyword.internal.KeywordExecutor.executeKeywordForPlatform(KeywordExecutor.groovy:73)
	at com.kms.katalon.core.keyword.BuiltinKeywords.callTestCase(BuiltinKeywords.groovy:334)
	at TT_369_2_CreateRock_AllTestCase.run(TT_369_2_CreateRock_AllTestCase:97)
	at com.kms.katalon.core.main.ScriptEngine.run(ScriptEngine.java:194)
	at com.kms.katalon.core.main.ScriptEngine.runScriptAsRawText(ScriptEngine.java:119)
	at com.kms.katalon.core.main.TestCaseExecutor.runScript(TestCaseExecutor.java:339)
	at com.kms.katalon.core.main.TestCaseExecutor.doExecute(TestCaseExecutor.java:330)
	at com.kms.katalon.core.main.TestCaseExecutor.processExecutionPhase(TestCaseExecutor.java:309)
	at com.kms.katalon.core.main.TestCaseExecutor.accessMainPhase(TestCaseExecutor.java:301)
	at com.kms.katalon.core.main.TestCaseExecutor.execute(TestCaseExecutor.java:235)
	at com.kms.katalon.core.main.TestSuiteExecutor.accessTestCaseMainPhase(TestSuiteExecutor.java:191)
	at com.kms.katalon.core.main.TestSuiteExecutor.accessTestSuiteMainPhase(TestSuiteExecutor.java:141)
	at com.kms.katalon.core.main.TestSuiteExecutor.execute(TestSuiteExecutor.java:90)
	at com.kms.katalon.core.main.TestCaseMain.startTestSuite(TestCaseMain.java:157)
	at com.kms.katalon.core.main.TestCaseMain$startTestSuite$0.call(Unknown Source)
	at TempTestSuite1599119244458.run(TempTestSuite1599119244458.groovy:39)
Caused by: com.kms.katalon.core.exception.StepFailedException: Unable to click on object 'Object Repository/V2/Commons/DasboardPage_SidebarMenu/MeetingsMenu'
	at com.kms.katalon.core.webui.keyword.internal.WebUIKeywordMain.stepFailed(WebUIKeywordMain.groovy:64)
	at com.kms.katalon.core.webui.keyword.internal.WebUIKeywordMain.runKeyword(WebUIKeywordMain.groovy:26)
	at com.kms.katalon.core.webui.keyword.builtin.ClickKeyword.click(ClickKeyword.groovy:76)
	at com.kms.katalon.core.webui.keyword.builtin.ClickKeyword.execute(ClickKeyword.groovy:43)
	at com.kms.katalon.core.keyword.internal.KeywordExecutor.executeKeywordForPlatform(KeywordExecutor.groovy:73)
	at com.kms.katalon.core.webui.keyword.WebUiBuiltInKeywords.click(WebUiBuiltInKeywords.groovy:616)
	at com.kms.katalon.core.webui.keyword.WebUiBuiltInKeywords$click$5.call(Unknown Source)
	at PR_369_7_EditMeetingCreateRock_Supervisor.run(PR_369_7_EditMeetingCreateRock_Supervisor:34)
	at com.kms.katalon.core.main.ScriptEngine.run(ScriptEngine.java:194)
	at com.kms.katalon.core.main.ScriptEngine.runScriptAsRawText(ScriptEngine.java:119)
	at com.kms.katalon.core.main.TestCaseExecutor.runScript(TestCaseExecutor.java:339)
	at com.kms.katalon.core.main.TestCaseExecutor.doExecute(TestCaseExecutor.java:330)
	at com.kms.katalon.core.main.TestCaseExecutor.processExecutionPhase(TestCaseExecutor.java:309)
	at com.kms.katalon.core.main.TestCaseExecutor.accessMainPhase(TestCaseExecutor.java:301)
	at com.kms.katalon.core.main.TestCaseExecutor.execute(TestCaseExecutor.java:235)
	at com.kms.katalon.core.main.TestCaseMain.runTestCase(TestCaseMain.java:114)
	at com.kms.katalon.core.keyword.builtin.CallTestCaseKeyword$_callTestCase_closure1.doCall(CallTestCaseKeyword.groovy:59)
	... 20 more
Caused by: org.openqa.selenium.ElementClickInterceptedException: element click intercepted: Element <div class="sidebar__content-item">...</div> is not clickable at point (150, 164). Other element would receive the click: <div class="Backdrop-sc-102srga-0 jjKzmU"></div>
  (Session info: chrome=85.0.4183.83)
Build info: version: '3.141.59', revision: 'e82be7d358', time: '2018-11-14T08:25:53'
System info: host: 'DESKTOP-O0IP7CU', ip: '192.168.1.48', os.name: 'Windows 10', os.arch: 'amd64', os.version: '10.0', java.version: '1.8.0_181'
Driver info: org.openqa.selenium.chrome.ChromeDriver
Capabilities {acceptInsecureCerts: false, browserName: chrome, browserVersion: 85.0.4183.83, chrome: {chromedriverVersion: 85.0.4183.87 (cd6713ebf92fa..., userDataDir: C:\Users\Aaron-PC\AppData\L...}, goog:chromeOptions: {debuggerAddress: localhost:55839}, javascriptEnabled: true, networkConnectionEnabled: false, pageLoadStrategy: normal, platform: WINDOWS, platformName: WINDOWS, proxy: Proxy(), setWindowRect: true, strictFileInteractability: false, timeouts: {implicit: 0, pageLoad: 300000, script: 30000}, unhandledPromptBehavior: dismiss and notify, webauthn:virtualAuthenticators: true}
Session ID: 2715c8c973a78107c3d33f6ac31c88d8
	at org.openqa.selenium.remote.http.W3CHttpResponseCodec.createException(W3CHttpResponseCodec.java:187)
	at org.openqa.selenium.remote.http.W3CHttpResponseCodec.decode(W3CHttpResponseCodec.java:122)
	at org.openqa.selenium.remote.http.W3CHttpResponseCodec.decode(W3CHttpResponseCodec.java:49)
	at org.openqa.selenium.remote.HttpCommandExecutor.execute(HttpCommandExecutor.java:158)
	at org.openqa.selenium.remote.service.DriverCommandExecutor.execute(DriverCommandExecutor.java:83)
	at org.openqa.selenium.remote.RemoteWebDriver.execute(RemoteWebDriver.java:552)
	at org.openqa.selenium.remote.RemoteWebElement.execute(RemoteWebElement.java:285)
	at org.openqa.selenium.remote.RemoteWebElement.click(RemoteWebElement.java:84)
	at org.openqa.selenium.support.events.EventFiringWebDriver$EventFiringWebElement.lambda$new$0(EventFiringWebDriver.java:404)
	at com.sun.proxy.$Proxy10.click(Unknown Source)
	at org.openqa.selenium.support.events.EventFiringWebDriver$EventFiringWebElement.click(EventFiringWebDriver.java:417)
	at com.kms.katalon.core.webui.keyword.builtin.ClickKeyword$_click_closure1.doCall(ClickKeyword.groovy:69)
	at com.kms.katalon.core.webui.keyword.builtin.ClickKeyword$_click_closure1.call(ClickKeyword.groovy)
	at com.kms.katalon.core.webui.keyword.internal.WebUIKeywordMain.runKeyword(WebUIKeywordMain.groovy:20)
	... 35 more
)

2020-09-03 16:18:17 - [TEST_CASE][FAILED] - Test Cases/V2/Test Case/Tests/PR-369 - EditMeetingAgenda/Test Cases/Positive/Supervisor/PR_369_7_EditMeetingCreateRock_Supervisor: Test Cases/V2/Test Case/Tests/PR-369 - EditMeetingAgenda/Test Cases/Positive/Supervisor/PR_369_7_EditMeetingCreateRock_Supervisor FAILED.
Reason:
com.kms.katalon.core.exception.StepFailedException: Unable to click on object 'Object Repository/V2/Commons/DasboardPage_SidebarMenu/MeetingsMenu'
	at com.kms.katalon.core.webui.keyword.internal.WebUIKeywordMain.stepFailed(WebUIKeywordMain.groovy:64)
	at com.kms.katalon.core.webui.keyword.internal.WebUIKeywordMain.runKeyword(WebUIKeywordMain.groovy:26)
	at com.kms.katalon.core.webui.keyword.builtin.ClickKeyword.click(ClickKeyword.groovy:76)
	at com.kms.katalon.core.webui.keyword.builtin.ClickKeyword.execute(ClickKeyword.groovy:43)
	at com.kms.katalon.core.keyword.internal.KeywordExecutor.executeKeywordForPlatform(KeywordExecutor.groovy:73)
	at com.kms.katalon.core.webui.keyword.WebUiBuiltInKeywords.click(WebUiBuiltInKeywords.groovy:616)
	at com.kms.katalon.core.webui.keyword.WebUiBuiltInKeywords$click$5.call(Unknown Source)
	at PR_369_7_EditMeetingCreateRock_Supervisor.run(PR_369_7_EditMeetingCreateRock_Supervisor:34)
	at com.kms.katalon.core.main.ScriptEngine.run(ScriptEngine.java:194)
	at com.kms.katalon.core.main.ScriptEngine.runScriptAsRawText(ScriptEngine.java:119)
	at com.kms.katalon.core.main.TestCaseExecutor.runScript(TestCaseExecutor.java:339)
	at com.kms.katalon.core.main.TestCaseExecutor.doExecute(TestCaseExecutor.java:330)
	at com.kms.katalon.core.main.TestCaseExecutor.processExecutionPhase(TestCaseExecutor.java:309)
	at com.kms.katalon.core.main.TestCaseExecutor.accessMainPhase(TestCaseExecutor.java:301)
	at com.kms.katalon.core.main.TestCaseExecutor.execute(TestCaseExecutor.java:235)
	at com.kms.katalon.core.main.TestCaseMain.runTestCase(TestCaseMain.java:114)
	at com.kms.katalon.core.keyword.builtin.CallTestCaseKeyword$_callTestCase_closure1.doCall(CallTestCaseKeyword.groovy:59)
	at com.kms.katalon.core.keyword.builtin.CallTestCaseKeyword$_callTestCase_closure1.call(CallTestCaseKeyword.groovy)
	at com.kms.katalon.core.keyword.internal.KeywordMain.runKeyword(KeywordMain.groovy:68)
	at com.kms.katalon.core.keyword.builtin.CallTestCaseKeyword.callTestCase(CallTestCaseKeyword.groovy:81)
	at com.kms.katalon.core.keyword.builtin.CallTestCaseKeyword.execute(CallTestCaseKeyword.groovy:44)
	at com.kms.katalon.core.keyword.internal.KeywordExecutor.executeKeywordForPlatform(KeywordExecutor.groovy:73)
	at com.kms.katalon.core.keyword.BuiltinKeywords.callTestCase(BuiltinKeywords.groovy:334)
	at TT_369_2_CreateRock_AllTestCase.run(TT_369_2_CreateRock_AllTestCase:97)
	at com.kms.katalon.core.main.ScriptEngine.run(ScriptEngine.java:194)
	at com.kms.katalon.core.main.ScriptEngine.runScriptAsRawText(ScriptEngine.java:119)
	at com.kms.katalon.core.main.TestCaseExecutor.runScript(TestCaseExecutor.java:339)
	at com.kms.katalon.core.main.TestCaseExecutor.doExecute(TestCaseExecutor.java:330)
	at com.kms.katalon.core.main.TestCaseExecutor.processExecutionPhase(TestCaseExecutor.java:309)
	at com.kms.katalon.core.main.TestCaseExecutor.accessMainPhase(TestCaseExecutor.java:301)
	at com.kms.katalon.core.main.TestCaseExecutor.execute(TestCaseExecutor.java:235)
	at com.kms.katalon.core.main.TestSuiteExecutor.accessTestCaseMainPhase(TestSuiteExecutor.java:191)
	at com.kms.katalon.core.main.TestSuiteExecutor.accessTestSuiteMainPhase(TestSuiteExecutor.java:141)
	at com.kms.katalon.core.main.TestSuiteExecutor.execute(TestSuiteExecutor.java:90)
	at com.kms.katalon.core.main.TestCaseMain.startTestSuite(TestCaseMain.java:157)
	at com.kms.katalon.core.main.TestCaseMain$startTestSuite$0.call(Unknown Source)
	at TempTestSuite1599119244458.run(TempTestSuite1599119244458.groovy:39)
Caused by: org.openqa.selenium.ElementClickInterceptedException: element click intercepted: Element <div class="sidebar__content-item">...</div> is not clickable at point (150, 164). Other element would receive the click: <div class="Backdrop-sc-102srga-0 jjKzmU"></div>
  (Session info: chrome=85.0.4183.83)
Build info: version: '3.141.59', revision: 'e82be7d358', time: '2018-11-14T08:25:53'
System info: host: 'DESKTOP-O0IP7CU', ip: '192.168.1.48', os.name: 'Windows 10', os.arch: 'amd64', os.version: '10.0', java.version: '1.8.0_181'
Driver info: org.openqa.selenium.chrome.ChromeDriver
Capabilities {acceptInsecureCerts: false, browserName: chrome, browserVersion: 85.0.4183.83, chrome: {chromedriverVersion: 85.0.4183.87 (cd6713ebf92fa..., userDataDir: C:\Users\Aaron-PC\AppData\L...}, goog:chromeOptions: {debuggerAddress: localhost:55839}, javascriptEnabled: true, networkConnectionEnabled: false, pageLoadStrategy: normal, platform: WINDOWS, platformName: WINDOWS, proxy: Proxy(), setWindowRect: true, strictFileInteractability: false, timeouts: {implicit: 0, pageLoad: 300000, script: 30000}, unhandledPromptBehavior: dismiss and notify, webauthn:virtualAuthenticators: true}
Session ID: 2715c8c973a78107c3d33f6ac31c88d8
	at org.openqa.selenium.remote.http.W3CHttpResponseCodec.createException(W3CHttpResponseCodec.java:187)
	at org.openqa.selenium.remote.http.W3CHttpResponseCodec.decode(W3CHttpResponseCodec.java:122)
	at org.openqa.selenium.remote.http.W3CHttpResponseCodec.decode(W3CHttpResponseCodec.java:49)
	at org.openqa.selenium.remote.HttpCommandExecutor.execute(HttpCommandExecutor.java:158)
	at org.openqa.selenium.remote.service.DriverCommandExecutor.execute(DriverCommandExecutor.java:83)
	at org.openqa.selenium.remote.RemoteWebDriver.execute(RemoteWebDriver.java:552)
	at org.openqa.selenium.remote.RemoteWebElement.execute(RemoteWebElement.java:285)
	at org.openqa.selenium.remote.RemoteWebElement.click(RemoteWebElement.java:84)
	at org.openqa.selenium.support.events.EventFiringWebDriver$EventFiringWebElement.lambda$new$0(EventFiringWebDriver.java:404)
	at com.sun.proxy.$Proxy10.click(Unknown Source)
	at org.openqa.selenium.support.events.EventFiringWebDriver$EventFiringWebElement.click(EventFiringWebDriver.java:417)
	at com.kms.katalon.core.webui.keyword.builtin.ClickKeyword$_click_closure1.doCall(ClickKeyword.groovy:69)
	at com.kms.katalon.core.webui.keyword.builtin.ClickKeyword$_click_closure1.call(ClickKeyword.groovy)
	at com.kms.katalon.core.webui.keyword.internal.WebUIKeywordMain.runKeyword(WebUIKeywordMain.groovy:20)
	... 35 more


2020-09-03 16:18:17 - [TEST_STEP][NOT_RUN] - openBrowser(""): NOT_RUN: openBrowser("")

2020-09-03 16:18:17 - [MESSAGE][NOT_RUN] - NOT_RUN: openBrowser("")

2020-09-03 16:18:17 - [TEST_STEP][NOT_RUN] - maximizeWindow(): NOT_RUN: maximizeWindow()

2020-09-03 16:18:17 - [MESSAGE][NOT_RUN] - NOT_RUN: maximizeWindow()

2020-09-03 16:18:17 - [TEST_STEP][NOT_RUN] - navigateToUrl(V2Url): NOT_RUN: navigateToUrl(V2Url)

2020-09-03 16:18:17 - [MESSAGE][NOT_RUN] - NOT_RUN: navigateToUrl(V2Url)

2020-09-03 16:18:17 - [TEST_STEP][NOT_RUN] - setText(findTestObject("V2/PR-369/Page_Login/userName_Field"), "tractiontools.user001+ta58jzbl@gmail.com"): NOT_RUN: setText(findTestObject("V2/PR-369/Page_Login/userName_Field"), "tractiontools.user001+ta58jzbl@gmail.com")

2020-09-03 16:18:17 - [MESSAGE][NOT_RUN] - NOT_RUN: setText(findTestObject("V2/PR-369/Page_Login/userName_Field"), "tractiontools.user001+ta58jzbl@gmail.com")

2020-09-03 16:18:17 - [TEST_STEP][NOT_RUN] - setText(findTestObject("V2/PR-369/Page_Login/passWord_Field"), "Qwer123!"): NOT_RUN: setText(findTestObject("V2/PR-369/Page_Login/passWord_Field"), "Qwer123!")

2020-09-03 16:18:17 - [MESSAGE][NOT_RUN] - NOT_RUN: setText(findTestObject("V2/PR-369/Page_Login/passWord_Field"), "Qwer123!")

2020-09-03 16:18:17 - [TEST_STEP][NOT_RUN] - click(findTestObject("V2/PR-369/Page_Login/Login_Button")): NOT_RUN: click(findTestObject("V2/PR-369/Page_Login/Login_Button"))

2020-09-03 16:18:17 - [MESSAGE][NOT_RUN] - NOT_RUN: click(findTestObject("V2/PR-369/Page_Login/Login_Button"))

2020-09-03 16:18:17 - [TEST_STEP][PASSED] - waitForElementVisible(findTestObject("V2/Commons/DasboardPage_SidebarMenu/MeetingsMenu"), DefaultTimeout): Object 'Object Repository/V2/Commons/DasboardPage_SidebarMenu/MeetingsMenu' is visible

2020-09-03 16:18:17 - [MESSAGE][PASSED] - Object 'Object Repository/V2/Commons/DasboardPage_SidebarMenu/MeetingsMenu' is visible

2020-09-03 16:18:17 - [TEST_STEP][FAILED] - click(findTestObject("V2/Commons/DasboardPage_SidebarMenu/MeetingsMenu")): Unable to click on object 'Object Repository/V2/Commons/DasboardPage_SidebarMenu/MeetingsMenu' (Root cause: com.kms.katalon.core.exception.StepFailedException: Unable to click on object 'Object Repository/V2/Commons/DasboardPage_SidebarMenu/MeetingsMenu'
	at com.kms.katalon.core.webui.keyword.internal.WebUIKeywordMain.stepFailed(WebUIKeywordMain.groovy:64)
	at com.kms.katalon.core.webui.keyword.internal.WebUIKeywordMain.runKeyword(WebUIKeywordMain.groovy:26)
	at com.kms.katalon.core.webui.keyword.builtin.ClickKeyword.click(ClickKeyword.groovy:76)
	at com.kms.katalon.core.webui.keyword.builtin.ClickKeyword.execute(ClickKeyword.groovy:43)
	at com.kms.katalon.core.keyword.internal.KeywordExecutor.executeKeywordForPlatform(KeywordExecutor.groovy:73)
	at com.kms.katalon.core.webui.keyword.WebUiBuiltInKeywords.click(WebUiBuiltInKeywords.groovy:616)
	at com.kms.katalon.core.webui.keyword.WebUiBuiltInKeywords$click$5.call(Unknown Source)
	at PR_369_7_EditMeetingCreateRock_Supervisor.run(PR_369_7_EditMeetingCreateRock_Supervisor:34)
	at com.kms.katalon.core.main.ScriptEngine.run(ScriptEngine.java:194)
	at com.kms.katalon.core.main.ScriptEngine.runScriptAsRawText(ScriptEngine.java:119)
	at com.kms.katalon.core.main.TestCaseExecutor.runScript(TestCaseExecutor.java:339)
	at com.kms.katalon.core.main.TestCaseExecutor.doExecute(TestCaseExecutor.java:330)
	at com.kms.katalon.core.main.TestCaseExecutor.processExecutionPhase(TestCaseExecutor.java:309)
	at com.kms.katalon.core.main.TestCaseExecutor.accessMainPhase(TestCaseExecutor.java:301)
	at com.kms.katalon.core.main.TestCaseExecutor.execute(TestCaseExecutor.java:235)
	at com.kms.katalon.core.main.TestCaseMain.runTestCase(TestCaseMain.java:114)
	at com.kms.katalon.core.keyword.builtin.CallTestCaseKeyword$_callTestCase_closure1.doCall(CallTestCaseKeyword.groovy:59)
	at com.kms.katalon.core.keyword.builtin.CallTestCaseKeyword$_callTestCase_closure1.call(CallTestCaseKeyword.groovy)
	at com.kms.katalon.core.keyword.internal.KeywordMain.runKeyword(KeywordMain.groovy:68)
	at com.kms.katalon.core.keyword.builtin.CallTestCaseKeyword.callTestCase(CallTestCaseKeyword.groovy:81)
	at com.kms.katalon.core.keyword.builtin.CallTestCaseKeyword.execute(CallTestCaseKeyword.groovy:44)
	at com.kms.katalon.core.keyword.internal.KeywordExecutor.executeKeywordForPlatform(KeywordExecutor.groovy:73)
	at com.kms.katalon.core.keyword.BuiltinKeywords.callTestCase(BuiltinKeywords.groovy:334)
	at TT_369_2_CreateRock_AllTestCase.run(TT_369_2_CreateRock_AllTestCase:97)
	at com.kms.katalon.core.main.ScriptEngine.run(ScriptEngine.java:194)
	at com.kms.katalon.core.main.ScriptEngine.runScriptAsRawText(ScriptEngine.java:119)
	at com.kms.katalon.core.main.TestCaseExecutor.runScript(TestCaseExecutor.java:339)
	at com.kms.katalon.core.main.TestCaseExecutor.doExecute(TestCaseExecutor.java:330)
	at com.kms.katalon.core.main.TestCaseExecutor.processExecutionPhase(TestCaseExecutor.java:309)
	at com.kms.katalon.core.main.TestCaseExecutor.accessMainPhase(TestCaseExecutor.java:301)
	at com.kms.katalon.core.main.TestCaseExecutor.execute(TestCaseExecutor.java:235)
	at com.kms.katalon.core.main.TestSuiteExecutor.accessTestCaseMainPhase(TestSuiteExecutor.java:191)
	at com.kms.katalon.core.main.TestSuiteExecutor.accessTestSuiteMainPhase(TestSuiteExecutor.java:141)
	at com.kms.katalon.core.main.TestSuiteExecutor.execute(TestSuiteExecutor.java:90)
	at com.kms.katalon.core.main.TestCaseMain.startTestSuite(TestCaseMain.java:157)
	at com.kms.katalon.core.main.TestCaseMain$startTestSuite$0.call(Unknown Source)
	at TempTestSuite1599119244458.run(TempTestSuite1599119244458.groovy:39)
Caused by: org.openqa.selenium.ElementClickInterceptedException: element click intercepted: Element <div class="sidebar__content-item">...</div> is not clickable at point (150, 164). Other element would receive the click: <div class="Backdrop-sc-102srga-0 jjKzmU"></div>
  (Session info: chrome=85.0.4183.83)
Build info: version: '3.141.59', revision: 'e82be7d358', time: '2018-11-14T08:25:53'
System info: host: 'DESKTOP-O0IP7CU', ip: '192.168.1.48', os.name: 'Windows 10', os.arch: 'amd64', os.version: '10.0', java.version: '1.8.0_181'
Driver info: org.openqa.selenium.chrome.ChromeDriver
Capabilities {acceptInsecureCerts: false, browserName: chrome, browserVersion: 85.0.4183.83, chrome: {chromedriverVersion: 85.0.4183.87 (cd6713ebf92fa..., userDataDir: C:\Users\Aaron-PC\AppData\L...}, goog:chromeOptions: {debuggerAddress: localhost:55839}, javascriptEnabled: true, networkConnectionEnabled: false, pageLoadStrategy: normal, platform: WINDOWS, platformName: WINDOWS, proxy: Proxy(), setWindowRect: true, strictFileInteractability: false, timeouts: {implicit: 0, pageLoad: 300000, script: 30000}, unhandledPromptBehavior: dismiss and notify, webauthn:virtualAuthenticators: true}
Session ID: 2715c8c973a78107c3d33f6ac31c88d8
	at org.openqa.selenium.remote.http.W3CHttpResponseCodec.createException(W3CHttpResponseCodec.java:187)
	at org.openqa.selenium.remote.http.W3CHttpResponseCodec.decode(W3CHttpResponseCodec.java:122)
	at org.openqa.selenium.remote.http.W3CHttpResponseCodec.decode(W3CHttpResponseCodec.java:49)
	at org.openqa.selenium.remote.HttpCommandExecutor.execute(HttpCommandExecutor.java:158)
	at org.openqa.selenium.remote.service.DriverCommandExecutor.execute(DriverCommandExecutor.java:83)
	at org.openqa.selenium.remote.RemoteWebDriver.execute(RemoteWebDriver.java:552)
	at org.openqa.selenium.remote.RemoteWebElement.execute(RemoteWebElement.java:285)
	at org.openqa.selenium.remote.RemoteWebElement.click(RemoteWebElement.java:84)
	at org.openqa.selenium.support.events.EventFiringWebDriver$EventFiringWebElement.lambda$new$0(EventFiringWebDriver.java:404)
	at com.sun.proxy.$Proxy10.click(Unknown Source)
	at org.openqa.selenium.support.events.EventFiringWebDriver$EventFiringWebElement.click(EventFiringWebDriver.java:417)
	at com.kms.katalon.core.webui.keyword.builtin.ClickKeyword$_click_closure1.doCall(ClickKeyword.groovy:69)
	at com.kms.katalon.core.webui.keyword.builtin.ClickKeyword$_click_closure1.call(ClickKeyword.groovy)
	at com.kms.katalon.core.webui.keyword.internal.WebUIKeywordMain.runKeyword(WebUIKeywordMain.groovy:20)
	at com.kms.katalon.core.webui.keyword.builtin.ClickKeyword.click(ClickKeyword.groovy:76)
	at com.kms.katalon.core.webui.keyword.builtin.ClickKeyword.execute(ClickKeyword.groovy:43)
	at com.kms.katalon.core.keyword.internal.KeywordExecutor.executeKeywordForPlatform(KeywordExecutor.groovy:73)
	at com.kms.katalon.core.webui.keyword.WebUiBuiltInKeywords.click(WebUiBuiltInKeywords.groovy:616)
	at com.kms.katalon.core.webui.keyword.WebUiBuiltInKeywords$click$5.call(Unknown Source)
	at Script1599111633943.run(Script1599111633943.groovy:34)
	at com.kms.katalon.core.main.ScriptEngine.run(ScriptEngine.java:194)
	at com.kms.katalon.core.main.ScriptEngine.runScriptAsRawText(ScriptEngine.java:119)
	at com.kms.katalon.core.main.TestCaseExecutor.runScript(TestCaseExecutor.java:339)
	at com.kms.katalon.core.main.TestCaseExecutor.doExecute(TestCaseExecutor.java:330)
	at com.kms.katalon.core.main.TestCaseExecutor.processExecutionPhase(TestCaseExecutor.java:309)
	at com.kms.katalon.core.main.TestCaseExecutor.accessMainPhase(TestCaseExecutor.java:301)
	at com.kms.katalon.core.main.TestCaseExecutor.execute(TestCaseExecutor.java:235)
	at com.kms.katalon.core.main.TestCaseMain.runTestCase(TestCaseMain.java:114)
	at com.kms.katalon.core.keyword.builtin.CallTestCaseKeyword$_callTestCase_closure1.doCall(CallTestCaseKeyword.groovy:59)
	at com.kms.katalon.core.keyword.builtin.CallTestCaseKeyword$_callTestCase_closure1.call(CallTestCaseKeyword.groovy)
	at com.kms.katalon.core.keyword.internal.KeywordMain.runKeyword(KeywordMain.groovy:68)
	at com.kms.katalon.core.keyword.builtin.CallTestCaseKeyword.callTestCase(CallTestCaseKeyword.groovy:81)
	at com.kms.katalon.core.keyword.builtin.CallTestCaseKeyword.execute(CallTestCaseKeyword.groovy:44)
	at com.kms.katalon.core.keyword.internal.KeywordExecutor.executeKeywordForPlatform(KeywordExecutor.groovy:73)
	at com.kms.katalon.core.keyword.BuiltinKeywords.callTestCase(BuiltinKeywords.groovy:334)
	at Script1598956755825.run(Script1598956755825.groovy:97)
	... 13 more
)

2020-09-03 16:18:18 - [MESSAGE][FAILED] - Unable to click on object 'Object Repository/V2/Commons/DasboardPage_SidebarMenu/MeetingsMenu' (Root cause: com.kms.katalon.core.exception.StepFailedException: Unable to click on object 'Object Repository/V2/Commons/DasboardPage_SidebarMenu/MeetingsMenu'
	at com.kms.katalon.core.webui.keyword.internal.WebUIKeywordMain.stepFailed(WebUIKeywordMain.groovy:64)
	at com.kms.katalon.core.webui.keyword.internal.WebUIKeywordMain.runKeyword(WebUIKeywordMain.groovy:26)
	at com.kms.katalon.core.webui.keyword.builtin.ClickKeyword.click(ClickKeyword.groovy:76)
	at com.kms.katalon.core.webui.keyword.builtin.ClickKeyword.execute(ClickKeyword.groovy:43)
	at com.kms.katalon.core.keyword.internal.KeywordExecutor.executeKeywordForPlatform(KeywordExecutor.groovy:73)
	at com.kms.katalon.core.webui.keyword.WebUiBuiltInKeywords.click(WebUiBuiltInKeywords.groovy:616)
	at com.kms.katalon.core.webui.keyword.WebUiBuiltInKeywords$click$5.call(Unknown Source)
	at PR_369_7_EditMeetingCreateRock_Supervisor.run(PR_369_7_EditMeetingCreateRock_Supervisor:34)
	at com.kms.katalon.core.main.ScriptEngine.run(ScriptEngine.java:194)
	at com.kms.katalon.core.main.ScriptEngine.runScriptAsRawText(ScriptEngine.java:119)
	at com.kms.katalon.core.main.TestCaseExecutor.runScript(TestCaseExecutor.java:339)
	at com.kms.katalon.core.main.TestCaseExecutor.doExecute(TestCaseExecutor.java:330)
	at com.kms.katalon.core.main.TestCaseExecutor.processExecutionPhase(TestCaseExecutor.java:309)
	at com.kms.katalon.core.main.TestCaseExecutor.accessMainPhase(TestCaseExecutor.java:301)
	at com.kms.katalon.core.main.TestCaseExecutor.execute(TestCaseExecutor.java:235)
	at com.kms.katalon.core.main.TestCaseMain.runTestCase(TestCaseMain.java:114)
	at com.kms.katalon.core.keyword.builtin.CallTestCaseKeyword$_callTestCase_closure1.doCall(CallTestCaseKeyword.groovy:59)
	at com.kms.katalon.core.keyword.builtin.CallTestCaseKeyword$_callTestCase_closure1.call(CallTestCaseKeyword.groovy)
	at com.kms.katalon.core.keyword.internal.KeywordMain.runKeyword(KeywordMain.groovy:68)
	at com.kms.katalon.core.keyword.builtin.CallTestCaseKeyword.callTestCase(CallTestCaseKeyword.groovy:81)
	at com.kms.katalon.core.keyword.builtin.CallTestCaseKeyword.execute(CallTestCaseKeyword.groovy:44)
	at com.kms.katalon.core.keyword.internal.KeywordExecutor.executeKeywordForPlatform(KeywordExecutor.groovy:73)
	at com.kms.katalon.core.keyword.BuiltinKeywords.callTestCase(BuiltinKeywords.groovy:334)
	at TT_369_2_CreateRock_AllTestCase.run(TT_369_2_CreateRock_AllTestCase:97)
	at com.kms.katalon.core.main.ScriptEngine.run(ScriptEngine.java:194)
	at com.kms.katalon.core.main.ScriptEngine.runScriptAsRawText(ScriptEngine.java:119)
	at com.kms.katalon.core.main.TestCaseExecutor.runScript(TestCaseExecutor.java:339)
	at com.kms.katalon.core.main.TestCaseExecutor.doExecute(TestCaseExecutor.java:330)
	at com.kms.katalon.core.main.TestCaseExecutor.processExecutionPhase(TestCaseExecutor.java:309)
	at com.kms.katalon.core.main.TestCaseExecutor.accessMainPhase(TestCaseExecutor.java:301)
	at com.kms.katalon.core.main.TestCaseExecutor.execute(TestCaseExecutor.java:235)
	at com.kms.katalon.core.main.TestSuiteExecutor.accessTestCaseMainPhase(TestSuiteExecutor.java:191)
	at com.kms.katalon.core.main.TestSuiteExecutor.accessTestSuiteMainPhase(TestSuiteExecutor.java:141)
	at com.kms.katalon.core.main.TestSuiteExecutor.execute(TestSuiteExecutor.java:90)
	at com.kms.katalon.core.main.TestCaseMain.startTestSuite(TestCaseMain.java:157)
	at com.kms.katalon.core.main.TestCaseMain$startTestSuite$0.call(Unknown Source)
	at TempTestSuite1599119244458.run(TempTestSuite1599119244458.groovy:39)
Caused by: org.openqa.selenium.ElementClickInterceptedException: element click intercepted: Element <div class="sidebar__content-item">...</div> is not clickable at point (150, 164). Other element would receive the click: <div class="Backdrop-sc-102srga-0 jjKzmU"></div>
  (Session info: chrome=85.0.4183.83)
Build info: version: '3.141.59', revision: 'e82be7d358', time: '2018-11-14T08:25:53'
System info: host: 'DESKTOP-O0IP7CU', ip: '192.168.1.48', os.name: 'Windows 10', os.arch: 'amd64', os.version: '10.0', java.version: '1.8.0_181'
Driver info: org.openqa.selenium.chrome.ChromeDriver
Capabilities {acceptInsecureCerts: false, browserName: chrome, browserVersion: 85.0.4183.83, chrome: {chromedriverVersion: 85.0.4183.87 (cd6713ebf92fa..., userDataDir: C:\Users\Aaron-PC\AppData\L...}, goog:chromeOptions: {debuggerAddress: localhost:55839}, javascriptEnabled: true, networkConnectionEnabled: false, pageLoadStrategy: normal, platform: WINDOWS, platformName: WINDOWS, proxy: Proxy(), setWindowRect: true, strictFileInteractability: false, timeouts: {implicit: 0, pageLoad: 300000, script: 30000}, unhandledPromptBehavior: dismiss and notify, webauthn:virtualAuthenticators: true}
Session ID: 2715c8c973a78107c3d33f6ac31c88d8
	at org.openqa.selenium.remote.http.W3CHttpResponseCodec.createException(W3CHttpResponseCodec.java:187)
	at org.openqa.selenium.remote.http.W3CHttpResponseCodec.decode(W3CHttpResponseCodec.java:122)
	at org.openqa.selenium.remote.http.W3CHttpResponseCodec.decode(W3CHttpResponseCodec.java:49)
	at org.openqa.selenium.remote.HttpCommandExecutor.execute(HttpCommandExecutor.java:158)
	at org.openqa.selenium.remote.service.DriverCommandExecutor.execute(DriverCommandExecutor.java:83)
	at org.openqa.selenium.remote.RemoteWebDriver.execute(RemoteWebDriver.java:552)
	at org.openqa.selenium.remote.RemoteWebElement.execute(RemoteWebElement.java:285)
	at org.openqa.selenium.remote.RemoteWebElement.click(RemoteWebElement.java:84)
	at org.openqa.selenium.support.events.EventFiringWebDriver$EventFiringWebElement.lambda$new$0(EventFiringWebDriver.java:404)
	at com.sun.proxy.$Proxy10.click(Unknown Source)
	at org.openqa.selenium.support.events.EventFiringWebDriver$EventFiringWebElement.click(EventFiringWebDriver.java:417)
	at com.kms.katalon.core.webui.keyword.builtin.ClickKeyword$_click_closure1.doCall(ClickKeyword.groovy:69)
	at com.kms.katalon.core.webui.keyword.builtin.ClickKeyword$_click_closure1.call(ClickKeyword.groovy)
	at com.kms.katalon.core.webui.keyword.internal.WebUIKeywordMain.runKeyword(WebUIKeywordMain.groovy:20)
	at com.kms.katalon.core.webui.keyword.builtin.ClickKeyword.click(ClickKeyword.groovy:76)
	at com.kms.katalon.core.webui.keyword.builtin.ClickKeyword.execute(ClickKeyword.groovy:43)
	at com.kms.katalon.core.keyword.internal.KeywordExecutor.executeKeywordForPlatform(KeywordExecutor.groovy:73)
	at com.kms.katalon.core.webui.keyword.WebUiBuiltInKeywords.click(WebUiBuiltInKeywords.groovy:616)
	at com.kms.katalon.core.webui.keyword.WebUiBuiltInKeywords$click$5.call(Unknown Source)
	at Script1599111633943.run(Script1599111633943.groovy:34)
	at com.kms.katalon.core.main.ScriptEngine.run(ScriptEngine.java:194)
	at com.kms.katalon.core.main.ScriptEngine.runScriptAsRawText(ScriptEngine.java:119)
	at com.kms.katalon.core.main.TestCaseExecutor.runScript(TestCaseExecutor.java:339)
	at com.kms.katalon.core.main.TestCaseExecutor.doExecute(TestCaseExecutor.java:330)
	at com.kms.katalon.core.main.TestCaseExecutor.processExecutionPhase(TestCaseExecutor.java:309)
	at com.kms.katalon.core.main.TestCaseExecutor.accessMainPhase(TestCaseExecutor.java:301)
	at com.kms.katalon.core.main.TestCaseExecutor.execute(TestCaseExecutor.java:235)
	at com.kms.katalon.core.main.TestCaseMain.runTestCase(TestCaseMain.java:114)
	at com.kms.katalon.core.keyword.builtin.CallTestCaseKeyword$_callTestCase_closure1.doCall(CallTestCaseKeyword.groovy:59)
	at com.kms.katalon.core.keyword.builtin.CallTestCaseKeyword$_callTestCase_closure1.call(CallTestCaseKeyword.groovy)
	at com.kms.katalon.core.keyword.internal.KeywordMain.runKeyword(KeywordMain.groovy:68)
	at com.kms.katalon.core.keyword.builtin.CallTestCaseKeyword.callTestCase(CallTestCaseKeyword.groovy:81)
	at com.kms.katalon.core.keyword.builtin.CallTestCaseKeyword.execute(CallTestCaseKeyword.groovy:44)
	at com.kms.katalon.core.keyword.internal.KeywordExecutor.executeKeywordForPlatform(KeywordExecutor.groovy:73)
	at com.kms.katalon.core.keyword.BuiltinKeywords.callTestCase(BuiltinKeywords.groovy:334)
	at Script1598956755825.run(Script1598956755825.groovy:97)
	... 13 more
)
[[ATTACHMENT|C:\\Users\\Aaron-PC\\git\\TractionTools\\Reports\\20200903_154724\\V2\\Tests\\PR-369 - EditMeetingAgenda\\PR-369_TestSuite\\20200903_154724\\1599121098565.png]]

2020-09-03 16:18:18 - [MESSAGE][FAILED] - Unable to call Test Case 'Test Cases/V2/Test Case/Tests/PR-369 - EditMeetingAgenda/Test Cases/Positive/Supervisor/PR_369_7_EditMeetingCreateRock_Supervisor' (Root cause: com.kms.katalon.core.exception.StepFailedException: Call Test Case 'Test Cases/V2/Test Case/Tests/PR-369 - EditMeetingAgenda/Test Cases/Positive/Supervisor/PR_369_7_EditMeetingCreateRock_Supervisor' failed
	at com.kms.katalon.core.keyword.builtin.CallTestCaseKeyword$_callTestCase_closure1.doCall(CallTestCaseKeyword.groovy:63)
	at com.kms.katalon.core.keyword.builtin.CallTestCaseKeyword$_callTestCase_closure1.call(CallTestCaseKeyword.groovy)
	at com.kms.katalon.core.keyword.internal.KeywordMain.runKeyword(KeywordMain.groovy:68)
	at com.kms.katalon.core.keyword.builtin.CallTestCaseKeyword.callTestCase(CallTestCaseKeyword.groovy:81)
	at com.kms.katalon.core.keyword.builtin.CallTestCaseKeyword.execute(CallTestCaseKeyword.groovy:44)
	at com.kms.katalon.core.keyword.internal.KeywordExecutor.executeKeywordForPlatform(KeywordExecutor.groovy:73)
	at com.kms.katalon.core.keyword.BuiltinKeywords.callTestCase(BuiltinKeywords.groovy:334)
	at TT_369_2_CreateRock_AllTestCase.run(TT_369_2_CreateRock_AllTestCase:97)
	at com.kms.katalon.core.main.ScriptEngine.run(ScriptEngine.java:194)
	at com.kms.katalon.core.main.ScriptEngine.runScriptAsRawText(ScriptEngine.java:119)
	at com.kms.katalon.core.main.TestCaseExecutor.runScript(TestCaseExecutor.java:339)
	at com.kms.katalon.core.main.TestCaseExecutor.doExecute(TestCaseExecutor.java:330)
	at com.kms.katalon.core.main.TestCaseExecutor.processExecutionPhase(TestCaseExecutor.java:309)
	at com.kms.katalon.core.main.TestCaseExecutor.accessMainPhase(TestCaseExecutor.java:301)
	at com.kms.katalon.core.main.TestCaseExecutor.execute(TestCaseExecutor.java:235)
	at com.kms.katalon.core.main.TestSuiteExecutor.accessTestCaseMainPhase(TestSuiteExecutor.java:191)
	at com.kms.katalon.core.main.TestSuiteExecutor.accessTestSuiteMainPhase(TestSuiteExecutor.java:141)
	at com.kms.katalon.core.main.TestSuiteExecutor.execute(TestSuiteExecutor.java:90)
	at com.kms.katalon.core.main.TestCaseMain.startTestSuite(TestCaseMain.java:157)
	at com.kms.katalon.core.main.TestCaseMain$startTestSuite$0.call(Unknown Source)
	at TempTestSuite1599119244458.run(TempTestSuite1599119244458.groovy:39)
Caused by: com.kms.katalon.core.exception.StepFailedException: Unable to click on object 'Object Repository/V2/Commons/DasboardPage_SidebarMenu/MeetingsMenu'
	at com.kms.katalon.core.webui.keyword.internal.WebUIKeywordMain.stepFailed(WebUIKeywordMain.groovy:64)
	at com.kms.katalon.core.webui.keyword.internal.WebUIKeywordMain.runKeyword(WebUIKeywordMain.groovy:26)
	at com.kms.katalon.core.webui.keyword.builtin.ClickKeyword.click(ClickKeyword.groovy:76)
	at com.kms.katalon.core.webui.keyword.builtin.ClickKeyword.execute(ClickKeyword.groovy:43)
	at com.kms.katalon.core.keyword.internal.KeywordExecutor.executeKeywordForPlatform(KeywordExecutor.groovy:73)
	at com.kms.katalon.core.webui.keyword.WebUiBuiltInKeywords.click(WebUiBuiltInKeywords.groovy:616)
	at com.kms.katalon.core.webui.keyword.WebUiBuiltInKeywords$click$5.call(Unknown Source)
	at PR_369_7_EditMeetingCreateRock_Supervisor.run(PR_369_7_EditMeetingCreateRock_Supervisor:34)
	at com.kms.katalon.core.main.ScriptEngine.run(ScriptEngine.java:194)
	at com.kms.katalon.core.main.ScriptEngine.runScriptAsRawText(ScriptEngine.java:119)
	at com.kms.katalon.core.main.TestCaseExecutor.runScript(TestCaseExecutor.java:339)
	at com.kms.katalon.core.main.TestCaseExecutor.doExecute(TestCaseExecutor.java:330)
	at com.kms.katalon.core.main.TestCaseExecutor.processExecutionPhase(TestCaseExecutor.java:309)
	at com.kms.katalon.core.main.TestCaseExecutor.accessMainPhase(TestCaseExecutor.java:301)
	at com.kms.katalon.core.main.TestCaseExecutor.execute(TestCaseExecutor.java:235)
	at com.kms.katalon.core.main.TestCaseMain.runTestCase(TestCaseMain.java:114)
	at com.kms.katalon.core.keyword.builtin.CallTestCaseKeyword$_callTestCase_closure1.doCall(CallTestCaseKeyword.groovy:59)
	... 20 more
Caused by: org.openqa.selenium.ElementClickInterceptedException: element click intercepted: Element <div class="sidebar__content-item">...</div> is not clickable at point (150, 164). Other element would receive the click: <div class="Backdrop-sc-102srga-0 jjKzmU"></div>
  (Session info: chrome=85.0.4183.83)
Build info: version: '3.141.59', revision: 'e82be7d358', time: '2018-11-14T08:25:53'
System info: host: 'DESKTOP-O0IP7CU', ip: '192.168.1.48', os.name: 'Windows 10', os.arch: 'amd64', os.version: '10.0', java.version: '1.8.0_181'
Driver info: org.openqa.selenium.chrome.ChromeDriver
Capabilities {acceptInsecureCerts: false, browserName: chrome, browserVersion: 85.0.4183.83, chrome: {chromedriverVersion: 85.0.4183.87 (cd6713ebf92fa..., userDataDir: C:\Users\Aaron-PC\AppData\L...}, goog:chromeOptions: {debuggerAddress: localhost:55839}, javascriptEnabled: true, networkConnectionEnabled: false, pageLoadStrategy: normal, platform: WINDOWS, platformName: WINDOWS, proxy: Proxy(), setWindowRect: true, strictFileInteractability: false, timeouts: {implicit: 0, pageLoad: 300000, script: 30000}, unhandledPromptBehavior: dismiss and notify, webauthn:virtualAuthenticators: true}
Session ID: 2715c8c973a78107c3d33f6ac31c88d8
	at org.openqa.selenium.remote.http.W3CHttpResponseCodec.createException(W3CHttpResponseCodec.java:187)
	at org.openqa.selenium.remote.http.W3CHttpResponseCodec.decode(W3CHttpResponseCodec.java:122)
	at org.openqa.selenium.remote.http.W3CHttpResponseCodec.decode(W3CHttpResponseCodec.java:49)
	at org.openqa.selenium.remote.HttpCommandExecutor.execute(HttpCommandExecutor.java:158)
	at org.openqa.selenium.remote.service.DriverCommandExecutor.execute(DriverCommandExecutor.java:83)
	at org.openqa.selenium.remote.RemoteWebDriver.execute(RemoteWebDriver.java:552)
	at org.openqa.selenium.remote.RemoteWebElement.execute(RemoteWebElement.java:285)
	at org.openqa.selenium.remote.RemoteWebElement.click(RemoteWebElement.java:84)
	at org.openqa.selenium.support.events.EventFiringWebDriver$EventFiringWebElement.lambda$new$0(EventFiringWebDriver.java:404)
	at com.sun.proxy.$Proxy10.click(Unknown Source)
	at org.openqa.selenium.support.events.EventFiringWebDriver$EventFiringWebElement.click(EventFiringWebDriver.java:417)
	at com.kms.katalon.core.webui.keyword.builtin.ClickKeyword$_click_closure1.doCall(ClickKeyword.groovy:69)
	at com.kms.katalon.core.webui.keyword.builtin.ClickKeyword$_click_closure1.call(ClickKeyword.groovy)
	at com.kms.katalon.core.webui.keyword.internal.WebUIKeywordMain.runKeyword(WebUIKeywordMain.groovy:20)
	... 35 more
)]]></system-out>
         <system-err><![CDATA[2020-09-03 16:13:30 - [TEST_CASE][FAILED] - Test Cases/V2/Test Case/Tests/PR-369 - EditMeetingAgenda/Test Cases/Positive/TT_369_2_CreateRock_AllTestCase: Test Cases/V2/Test Case/Tests/PR-369 - EditMeetingAgenda/Test Cases/Positive/TT_369_2_CreateRock_AllTestCase FAILED.
Reason:
com.kms.katalon.core.exception.StepFailedException: Call Test Case 'Test Cases/V2/Test Case/Tests/PR-369 - EditMeetingAgenda/Test Cases/Positive/Supervisor/PR_369_7_EditMeetingCreateRock_Supervisor' failed
	at com.kms.katalon.core.keyword.builtin.CallTestCaseKeyword$_callTestCase_closure1.doCall(CallTestCaseKeyword.groovy:63)
	at com.kms.katalon.core.keyword.builtin.CallTestCaseKeyword$_callTestCase_closure1.call(CallTestCaseKeyword.groovy)
	at com.kms.katalon.core.keyword.internal.KeywordMain.runKeyword(KeywordMain.groovy:68)
	at com.kms.katalon.core.keyword.builtin.CallTestCaseKeyword.callTestCase(CallTestCaseKeyword.groovy:81)
	at com.kms.katalon.core.keyword.builtin.CallTestCaseKeyword.execute(CallTestCaseKeyword.groovy:44)
	at com.kms.katalon.core.keyword.internal.KeywordExecutor.executeKeywordForPlatform(KeywordExecutor.groovy:73)
	at com.kms.katalon.core.keyword.BuiltinKeywords.callTestCase(BuiltinKeywords.groovy:334)
	at TT_369_2_CreateRock_AllTestCase.run(TT_369_2_CreateRock_AllTestCase:97)
	at com.kms.katalon.core.main.ScriptEngine.run(ScriptEngine.java:194)
	at com.kms.katalon.core.main.ScriptEngine.runScriptAsRawText(ScriptEngine.java:119)
	at com.kms.katalon.core.main.TestCaseExecutor.runScript(TestCaseExecutor.java:339)
	at com.kms.katalon.core.main.TestCaseExecutor.doExecute(TestCaseExecutor.java:330)
	at com.kms.katalon.core.main.TestCaseExecutor.processExecutionPhase(TestCaseExecutor.java:309)
	at com.kms.katalon.core.main.TestCaseExecutor.accessMainPhase(TestCaseExecutor.java:301)
	at com.kms.katalon.core.main.TestCaseExecutor.execute(TestCaseExecutor.java:235)
	at com.kms.katalon.core.main.TestSuiteExecutor.accessTestCaseMainPhase(TestSuiteExecutor.java:191)
	at com.kms.katalon.core.main.TestSuiteExecutor.accessTestSuiteMainPhase(TestSuiteExecutor.java:141)
	at com.kms.katalon.core.main.TestSuiteExecutor.execute(TestSuiteExecutor.java:90)
	at com.kms.katalon.core.main.TestCaseMain.startTestSuite(TestCaseMain.java:157)
	at com.kms.katalon.core.main.TestCaseMain$startTestSuite$0.call(Unknown Source)
	at TempTestSuite1599119244458.run(TempTestSuite1599119244458.groovy:39)
Caused by: com.kms.katalon.core.exception.StepFailedException: Unable to click on object 'Object Repository/V2/Commons/DasboardPage_SidebarMenu/MeetingsMenu'
	at com.kms.katalon.core.webui.keyword.internal.WebUIKeywordMain.stepFailed(WebUIKeywordMain.groovy:64)
	at com.kms.katalon.core.webui.keyword.internal.WebUIKeywordMain.runKeyword(WebUIKeywordMain.groovy:26)
	at com.kms.katalon.core.webui.keyword.builtin.ClickKeyword.click(ClickKeyword.groovy:76)
	at com.kms.katalon.core.webui.keyword.builtin.ClickKeyword.execute(ClickKeyword.groovy:43)
	at com.kms.katalon.core.keyword.internal.KeywordExecutor.executeKeywordForPlatform(KeywordExecutor.groovy:73)
	at com.kms.katalon.core.webui.keyword.WebUiBuiltInKeywords.click(WebUiBuiltInKeywords.groovy:616)
	at com.kms.katalon.core.webui.keyword.WebUiBuiltInKeywords$click$5.call(Unknown Source)
	at PR_369_7_EditMeetingCreateRock_Supervisor.run(PR_369_7_EditMeetingCreateRock_Supervisor:34)
	at com.kms.katalon.core.main.ScriptEngine.run(ScriptEngine.java:194)
	at com.kms.katalon.core.main.ScriptEngine.runScriptAsRawText(ScriptEngine.java:119)
	at com.kms.katalon.core.main.TestCaseExecutor.runScript(TestCaseExecutor.java:339)
	at com.kms.katalon.core.main.TestCaseExecutor.doExecute(TestCaseExecutor.java:330)
	at com.kms.katalon.core.main.TestCaseExecutor.processExecutionPhase(TestCaseExecutor.java:309)
	at com.kms.katalon.core.main.TestCaseExecutor.accessMainPhase(TestCaseExecutor.java:301)
	at com.kms.katalon.core.main.TestCaseExecutor.execute(TestCaseExecutor.java:235)
	at com.kms.katalon.core.main.TestCaseMain.runTestCase(TestCaseMain.java:114)
	at com.kms.katalon.core.keyword.builtin.CallTestCaseKeyword$_callTestCase_closure1.doCall(CallTestCaseKeyword.groovy:59)
	... 20 more
Caused by: org.openqa.selenium.ElementClickInterceptedException: element click intercepted: Element <div class="sidebar__content-item">...</div> is not clickable at point (150, 164). Other element would receive the click: <div class="Backdrop-sc-102srga-0 jjKzmU"></div>
  (Session info: chrome=85.0.4183.83)
Build info: version: '3.141.59', revision: 'e82be7d358', time: '2018-11-14T08:25:53'
System info: host: 'DESKTOP-O0IP7CU', ip: '192.168.1.48', os.name: 'Windows 10', os.arch: 'amd64', os.version: '10.0', java.version: '1.8.0_181'
Driver info: org.openqa.selenium.chrome.ChromeDriver
Capabilities {acceptInsecureCerts: false, browserName: chrome, browserVersion: 85.0.4183.83, chrome: {chromedriverVersion: 85.0.4183.87 (cd6713ebf92fa..., userDataDir: C:\Users\Aaron-PC\AppData\L...}, goog:chromeOptions: {debuggerAddress: localhost:55839}, javascriptEnabled: true, networkConnectionEnabled: false, pageLoadStrategy: normal, platform: WINDOWS, platformName: WINDOWS, proxy: Proxy(), setWindowRect: true, strictFileInteractability: false, timeouts: {implicit: 0, pageLoad: 300000, script: 30000}, unhandledPromptBehavior: dismiss and notify, webauthn:virtualAuthenticators: true}
Session ID: 2715c8c973a78107c3d33f6ac31c88d8
	at org.openqa.selenium.remote.http.W3CHttpResponseCodec.createException(W3CHttpResponseCodec.java:187)
	at org.openqa.selenium.remote.http.W3CHttpResponseCodec.decode(W3CHttpResponseCodec.java:122)
	at org.openqa.selenium.remote.http.W3CHttpResponseCodec.decode(W3CHttpResponseCodec.java:49)
	at org.openqa.selenium.remote.HttpCommandExecutor.execute(HttpCommandExecutor.java:158)
	at org.openqa.selenium.remote.service.DriverCommandExecutor.execute(DriverCommandExecutor.java:83)
	at org.openqa.selenium.remote.RemoteWebDriver.execute(RemoteWebDriver.java:552)
	at org.openqa.selenium.remote.RemoteWebElement.execute(RemoteWebElement.java:285)
	at org.openqa.selenium.remote.RemoteWebElement.click(RemoteWebElement.java:84)
	at org.openqa.selenium.support.events.EventFiringWebDriver$EventFiringWebElement.lambda$new$0(EventFiringWebDriver.java:404)
	at com.sun.proxy.$Proxy10.click(Unknown Source)
	at org.openqa.selenium.support.events.EventFiringWebDriver$EventFiringWebElement.click(EventFiringWebDriver.java:417)
	at com.kms.katalon.core.webui.keyword.builtin.ClickKeyword$_click_closure1.doCall(ClickKeyword.groovy:69)
	at com.kms.katalon.core.webui.keyword.builtin.ClickKeyword$_click_closure1.call(ClickKeyword.groovy)
	at com.kms.katalon.core.webui.keyword.internal.WebUIKeywordMain.runKeyword(WebUIKeywordMain.groovy:20)
	... 35 more]]></system-err>
      </testcase>
      <system-out><![CDATA[2020-09-03 15:47:27 - [TEST_SUITE][FAILED] - PR-369_TestSuite: Test Cases/V2/Test Case/Tests/PR-369 - EditMeetingAgenda/Test Cases/Positive/TT_369_2_CreateRock_AllTestCase FAILED.
Reason:
com.kms.katalon.core.exception.StepFailedException: Call Test Case 'Test Cases/V2/Test Case/Tests/PR-369 - EditMeetingAgenda/Test Cases/Positive/Supervisor/PR_369_7_EditMeetingCreateRock_Supervisor' failed
	at com.kms.katalon.core.keyword.builtin.CallTestCaseKeyword$_callTestCase_closure1.doCall(CallTestCaseKeyword.groovy:63)
	at com.kms.katalon.core.keyword.builtin.CallTestCaseKeyword$_callTestCase_closure1.call(CallTestCaseKeyword.groovy)
	at com.kms.katalon.core.keyword.internal.KeywordMain.runKeyword(KeywordMain.groovy:68)
	at com.kms.katalon.core.keyword.builtin.CallTestCaseKeyword.callTestCase(CallTestCaseKeyword.groovy:81)
	at com.kms.katalon.core.keyword.builtin.CallTestCaseKeyword.execute(CallTestCaseKeyword.groovy:44)
	at com.kms.katalon.core.keyword.internal.KeywordExecutor.executeKeywordForPlatform(KeywordExecutor.groovy:73)
	at com.kms.katalon.core.keyword.BuiltinKeywords.callTestCase(BuiltinKeywords.groovy:334)
	at TT_369_2_CreateRock_AllTestCase.run(TT_369_2_CreateRock_AllTestCase:97)
	at com.kms.katalon.core.main.ScriptEngine.run(ScriptEngine.java:194)
	at com.kms.katalon.core.main.ScriptEngine.runScriptAsRawText(ScriptEngine.java:119)
	at com.kms.katalon.core.main.TestCaseExecutor.runScript(TestCaseExecutor.java:339)
	at com.kms.katalon.core.main.TestCaseExecutor.doExecute(TestCaseExecutor.java:330)
	at com.kms.katalon.core.main.TestCaseExecutor.processExecutionPhase(TestCaseExecutor.java:309)
	at com.kms.katalon.core.main.TestCaseExecutor.accessMainPhase(TestCaseExecutor.java:301)
	at com.kms.katalon.core.main.TestCaseExecutor.execute(TestCaseExecutor.java:235)
	at com.kms.katalon.core.main.TestSuiteExecutor.accessTestCaseMainPhase(TestSuiteExecutor.java:191)
	at com.kms.katalon.core.main.TestSuiteExecutor.accessTestSuiteMainPhase(TestSuiteExecutor.java:141)
	at com.kms.katalon.core.main.TestSuiteExecutor.execute(TestSuiteExecutor.java:90)
	at com.kms.katalon.core.main.TestCaseMain.startTestSuite(TestCaseMain.java:157)
	at com.kms.katalon.core.main.TestCaseMain$startTestSuite$0.call(Unknown Source)
	at TempTestSuite1599119244458.run(TempTestSuite1599119244458.groovy:39)
Caused by: com.kms.katalon.core.exception.StepFailedException: Unable to click on object 'Object Repository/V2/Commons/DasboardPage_SidebarMenu/MeetingsMenu'
	at com.kms.katalon.core.webui.keyword.internal.WebUIKeywordMain.stepFailed(WebUIKeywordMain.groovy:64)
	at com.kms.katalon.core.webui.keyword.internal.WebUIKeywordMain.runKeyword(WebUIKeywordMain.groovy:26)
	at com.kms.katalon.core.webui.keyword.builtin.ClickKeyword.click(ClickKeyword.groovy:76)
	at com.kms.katalon.core.webui.keyword.builtin.ClickKeyword.execute(ClickKeyword.groovy:43)
	at com.kms.katalon.core.keyword.internal.KeywordExecutor.executeKeywordForPlatform(KeywordExecutor.groovy:73)
	at com.kms.katalon.core.webui.keyword.WebUiBuiltInKeywords.click(WebUiBuiltInKeywords.groovy:616)
	at com.kms.katalon.core.webui.keyword.WebUiBuiltInKeywords$click$5.call(Unknown Source)
	at PR_369_7_EditMeetingCreateRock_Supervisor.run(PR_369_7_EditMeetingCreateRock_Supervisor:34)
	at com.kms.katalon.core.main.ScriptEngine.run(ScriptEngine.java:194)
	at com.kms.katalon.core.main.ScriptEngine.runScriptAsRawText(ScriptEngine.java:119)
	at com.kms.katalon.core.main.TestCaseExecutor.runScript(TestCaseExecutor.java:339)
	at com.kms.katalon.core.main.TestCaseExecutor.doExecute(TestCaseExecutor.java:330)
	at com.kms.katalon.core.main.TestCaseExecutor.processExecutionPhase(TestCaseExecutor.java:309)
	at com.kms.katalon.core.main.TestCaseExecutor.accessMainPhase(TestCaseExecutor.java:301)
	at com.kms.katalon.core.main.TestCaseExecutor.execute(TestCaseExecutor.java:235)
	at com.kms.katalon.core.main.TestCaseMain.runTestCase(TestCaseMain.java:114)
	at com.kms.katalon.core.keyword.builtin.CallTestCaseKeyword$_callTestCase_closure1.doCall(CallTestCaseKeyword.groovy:59)
	... 20 more
Caused by: org.openqa.selenium.ElementClickInterceptedException: element click intercepted: Element <div class="sidebar__content-item">...</div> is not clickable at point (150, 164). Other element would receive the click: <div class="Backdrop-sc-102srga-0 jjKzmU"></div>
  (Session info: chrome=85.0.4183.83)
Build info: version: '3.141.59', revision: 'e82be7d358', time: '2018-11-14T08:25:53'
System info: host: 'DESKTOP-O0IP7CU', ip: '192.168.1.48', os.name: 'Windows 10', os.arch: 'amd64', os.version: '10.0', java.version: '1.8.0_181'
Driver info: org.openqa.selenium.chrome.ChromeDriver
Capabilities {acceptInsecureCerts: false, browserName: chrome, browserVersion: 85.0.4183.83, chrome: {chromedriverVersion: 85.0.4183.87 (cd6713ebf92fa..., userDataDir: C:\Users\Aaron-PC\AppData\L...}, goog:chromeOptions: {debuggerAddress: localhost:55839}, javascriptEnabled: true, networkConnectionEnabled: false, pageLoadStrategy: normal, platform: WINDOWS, platformName: WINDOWS, proxy: Proxy(), setWindowRect: true, strictFileInteractability: false, timeouts: {implicit: 0, pageLoad: 300000, script: 30000}, unhandledPromptBehavior: dismiss and notify, webauthn:virtualAuthenticators: true}
Session ID: 2715c8c973a78107c3d33f6ac31c88d8
	at org.openqa.selenium.remote.http.W3CHttpResponseCodec.createException(W3CHttpResponseCodec.java:187)
	at org.openqa.selenium.remote.http.W3CHttpResponseCodec.decode(W3CHttpResponseCodec.java:122)
	at org.openqa.selenium.remote.http.W3CHttpResponseCodec.decode(W3CHttpResponseCodec.java:49)
	at org.openqa.selenium.remote.HttpCommandExecutor.execute(HttpCommandExecutor.java:158)
	at org.openqa.selenium.remote.service.DriverCommandExecutor.execute(DriverCommandExecutor.java:83)
	at org.openqa.selenium.remote.RemoteWebDriver.execute(RemoteWebDriver.java:552)
	at org.openqa.selenium.remote.RemoteWebElement.execute(RemoteWebElement.java:285)
	at org.openqa.selenium.remote.RemoteWebElement.click(RemoteWebElement.java:84)
	at org.openqa.selenium.support.events.EventFiringWebDriver$EventFiringWebElement.lambda$new$0(EventFiringWebDriver.java:404)
	at com.sun.proxy.$Proxy10.click(Unknown Source)
	at org.openqa.selenium.support.events.EventFiringWebDriver$EventFiringWebElement.click(EventFiringWebDriver.java:417)
	at com.kms.katalon.core.webui.keyword.builtin.ClickKeyword$_click_closure1.doCall(ClickKeyword.groovy:69)
	at com.kms.katalon.core.webui.keyword.builtin.ClickKeyword$_click_closure1.call(ClickKeyword.groovy)
	at com.kms.katalon.core.webui.keyword.internal.WebUIKeywordMain.runKeyword(WebUIKeywordMain.groovy:20)
	... 35 more]]></system-out>
      <system-err><![CDATA[2020-09-03 15:47:27 - [TEST_SUITE][FAILED] - PR-369_TestSuite: Test Cases/V2/Test Case/Tests/PR-369 - EditMeetingAgenda/Test Cases/Positive/TT_369_2_CreateRock_AllTestCase FAILED.
Reason:
com.kms.katalon.core.exception.StepFailedException: Call Test Case 'Test Cases/V2/Test Case/Tests/PR-369 - EditMeetingAgenda/Test Cases/Positive/Supervisor/PR_369_7_EditMeetingCreateRock_Supervisor' failed
	at com.kms.katalon.core.keyword.builtin.CallTestCaseKeyword$_callTestCase_closure1.doCall(CallTestCaseKeyword.groovy:63)
	at com.kms.katalon.core.keyword.builtin.CallTestCaseKeyword$_callTestCase_closure1.call(CallTestCaseKeyword.groovy)
	at com.kms.katalon.core.keyword.internal.KeywordMain.runKeyword(KeywordMain.groovy:68)
	at com.kms.katalon.core.keyword.builtin.CallTestCaseKeyword.callTestCase(CallTestCaseKeyword.groovy:81)
	at com.kms.katalon.core.keyword.builtin.CallTestCaseKeyword.execute(CallTestCaseKeyword.groovy:44)
	at com.kms.katalon.core.keyword.internal.KeywordExecutor.executeKeywordForPlatform(KeywordExecutor.groovy:73)
	at com.kms.katalon.core.keyword.BuiltinKeywords.callTestCase(BuiltinKeywords.groovy:334)
	at TT_369_2_CreateRock_AllTestCase.run(TT_369_2_CreateRock_AllTestCase:97)
	at com.kms.katalon.core.main.ScriptEngine.run(ScriptEngine.java:194)
	at com.kms.katalon.core.main.ScriptEngine.runScriptAsRawText(ScriptEngine.java:119)
	at com.kms.katalon.core.main.TestCaseExecutor.runScript(TestCaseExecutor.java:339)
	at com.kms.katalon.core.main.TestCaseExecutor.doExecute(TestCaseExecutor.java:330)
	at com.kms.katalon.core.main.TestCaseExecutor.processExecutionPhase(TestCaseExecutor.java:309)
	at com.kms.katalon.core.main.TestCaseExecutor.accessMainPhase(TestCaseExecutor.java:301)
	at com.kms.katalon.core.main.TestCaseExecutor.execute(TestCaseExecutor.java:235)
	at com.kms.katalon.core.main.TestSuiteExecutor.accessTestCaseMainPhase(TestSuiteExecutor.java:191)
	at com.kms.katalon.core.main.TestSuiteExecutor.accessTestSuiteMainPhase(TestSuiteExecutor.java:141)
	at com.kms.katalon.core.main.TestSuiteExecutor.execute(TestSuiteExecutor.java:90)
	at com.kms.katalon.core.main.TestCaseMain.startTestSuite(TestCaseMain.java:157)
	at com.kms.katalon.core.main.TestCaseMain$startTestSuite$0.call(Unknown Source)
	at TempTestSuite1599119244458.run(TempTestSuite1599119244458.groovy:39)
Caused by: com.kms.katalon.core.exception.StepFailedException: Unable to click on object 'Object Repository/V2/Commons/DasboardPage_SidebarMenu/MeetingsMenu'
	at com.kms.katalon.core.webui.keyword.internal.WebUIKeywordMain.stepFailed(WebUIKeywordMain.groovy:64)
	at com.kms.katalon.core.webui.keyword.internal.WebUIKeywordMain.runKeyword(WebUIKeywordMain.groovy:26)
	at com.kms.katalon.core.webui.keyword.builtin.ClickKeyword.click(ClickKeyword.groovy:76)
	at com.kms.katalon.core.webui.keyword.builtin.ClickKeyword.execute(ClickKeyword.groovy:43)
	at com.kms.katalon.core.keyword.internal.KeywordExecutor.executeKeywordForPlatform(KeywordExecutor.groovy:73)
	at com.kms.katalon.core.webui.keyword.WebUiBuiltInKeywords.click(WebUiBuiltInKeywords.groovy:616)
	at com.kms.katalon.core.webui.keyword.WebUiBuiltInKeywords$click$5.call(Unknown Source)
	at PR_369_7_EditMeetingCreateRock_Supervisor.run(PR_369_7_EditMeetingCreateRock_Supervisor:34)
	at com.kms.katalon.core.main.ScriptEngine.run(ScriptEngine.java:194)
	at com.kms.katalon.core.main.ScriptEngine.runScriptAsRawText(ScriptEngine.java:119)
	at com.kms.katalon.core.main.TestCaseExecutor.runScript(TestCaseExecutor.java:339)
	at com.kms.katalon.core.main.TestCaseExecutor.doExecute(TestCaseExecutor.java:330)
	at com.kms.katalon.core.main.TestCaseExecutor.processExecutionPhase(TestCaseExecutor.java:309)
	at com.kms.katalon.core.main.TestCaseExecutor.accessMainPhase(TestCaseExecutor.java:301)
	at com.kms.katalon.core.main.TestCaseExecutor.execute(TestCaseExecutor.java:235)
	at com.kms.katalon.core.main.TestCaseMain.runTestCase(TestCaseMain.java:114)
	at com.kms.katalon.core.keyword.builtin.CallTestCaseKeyword$_callTestCase_closure1.doCall(CallTestCaseKeyword.groovy:59)
	... 20 more
Caused by: org.openqa.selenium.ElementClickInterceptedException: element click intercepted: Element <div class="sidebar__content-item">...</div> is not clickable at point (150, 164). Other element would receive the click: <div class="Backdrop-sc-102srga-0 jjKzmU"></div>
  (Session info: chrome=85.0.4183.83)
Build info: version: '3.141.59', revision: 'e82be7d358', time: '2018-11-14T08:25:53'
System info: host: 'DESKTOP-O0IP7CU', ip: '192.168.1.48', os.name: 'Windows 10', os.arch: 'amd64', os.version: '10.0', java.version: '1.8.0_181'
Driver info: org.openqa.selenium.chrome.ChromeDriver
Capabilities {acceptInsecureCerts: false, browserName: chrome, browserVersion: 85.0.4183.83, chrome: {chromedriverVersion: 85.0.4183.87 (cd6713ebf92fa..., userDataDir: C:\Users\Aaron-PC\AppData\L...}, goog:chromeOptions: {debuggerAddress: localhost:55839}, javascriptEnabled: true, networkConnectionEnabled: false, pageLoadStrategy: normal, platform: WINDOWS, platformName: WINDOWS, proxy: Proxy(), setWindowRect: true, strictFileInteractability: false, timeouts: {implicit: 0, pageLoad: 300000, script: 30000}, unhandledPromptBehavior: dismiss and notify, webauthn:virtualAuthenticators: true}
Session ID: 2715c8c973a78107c3d33f6ac31c88d8
	at org.openqa.selenium.remote.http.W3CHttpResponseCodec.createException(W3CHttpResponseCodec.java:187)
	at org.openqa.selenium.remote.http.W3CHttpResponseCodec.decode(W3CHttpResponseCodec.java:122)
	at org.openqa.selenium.remote.http.W3CHttpResponseCodec.decode(W3CHttpResponseCodec.java:49)
	at org.openqa.selenium.remote.HttpCommandExecutor.execute(HttpCommandExecutor.java:158)
	at org.openqa.selenium.remote.service.DriverCommandExecutor.execute(DriverCommandExecutor.java:83)
	at org.openqa.selenium.remote.RemoteWebDriver.execute(RemoteWebDriver.java:552)
	at org.openqa.selenium.remote.RemoteWebElement.execute(RemoteWebElement.java:285)
	at org.openqa.selenium.remote.RemoteWebElement.click(RemoteWebElement.java:84)
	at org.openqa.selenium.support.events.EventFiringWebDriver$EventFiringWebElement.lambda$new$0(EventFiringWebDriver.java:404)
	at com.sun.proxy.$Proxy10.click(Unknown Source)
	at org.openqa.selenium.support.events.EventFiringWebDriver$EventFiringWebElement.click(EventFiringWebDriver.java:417)
	at com.kms.katalon.core.webui.keyword.builtin.ClickKeyword$_click_closure1.doCall(ClickKeyword.groovy:69)
	at com.kms.katalon.core.webui.keyword.builtin.ClickKeyword$_click_closure1.call(ClickKeyword.groovy)
	at com.kms.katalon.core.webui.keyword.internal.WebUIKeywordMain.runKeyword(WebUIKeywordMain.groovy:20)
	... 35 more]]></system-err>
   </testsuite>
</testsuites>
