<?xml version="1.0" encoding="UTF-8"?>
<testsuites name="PR-369_TestSuite" time="257.78" tests="1" failures="0" errors="1">
   <testsuite name="PR-369_TestSuite" tests="1" failures="0" errors="1" time="257.78" timestamp="2020-09-02 19:57:29" hostname="Aaron-PC - host.docker.internal" id="Test Suites/V2/Tests/PR-369 - EditMeetingAgenda/PR-369_TestSuite">
      <properties>
         <property name="deviceName" value=""/>
         <property name="devicePlatform" value=""/>
         <property name="logFolder" value="C:\\Users\\Aaron-PC\\git\\TractionTools\\Reports\\20200902_195728\\V2\\Tests\\PR-369 - EditMeetingAgenda\\PR-369_TestSuite\\20200902_195728"/>
         <property name="logFiles" value="C:\\Users\\Aaron-PC\\git\\TractionTools\\Reports\\20200902_195728\\V2\\Tests\\PR-369 - EditMeetingAgenda\\PR-369_TestSuite\\20200902_195728\\execution0.log"/>
         <property name="attachments" value=""/>
         <property name="hostName" value="Aaron-PC - host.docker.internal"/>
         <property name="os" value="Windows 10 64bit"/>
         <property name="katalonVersion" value="7.6.6.205"/>
         <property name="browser" value="Chrome 85.0.4183.83"/>
         <property name="hostAddress" value="192.168.1.48"/>
         <property name="sessionId" value="2bf12a41402e761f01143af858a1d630"/>
         <property name="seleniumVersion" value="3.141.59"/>
         <property name="proxyInformation" value="ProxyInformation { proxyOption=NO_PROXY, proxyServerType=HTTP, username=, password=********, proxyServerAddress=, proxyServerPort=0, executionList=&quot;&quot;, isApplyToDesiredCapabilities=true }"/>
         <property name="platform" value="Windows 10"/>
      </properties>
      <testcase name="Test Cases/V2/Test Case/Tests/PR-369 - EditMeetingAgenda/Test Cases/Positive/TT_369_2_CreateRock_AllTestCase" time="256.679" classname="Test Cases/V2/Test Case/Tests/PR-369 - EditMeetingAgenda/Test Cases/Positive/TT_369_2_CreateRock_AllTestCase" status="ERROR">
         <error type="ERROR" message="Test Cases/V2/Test Case/Tests/PR-369 - EditMeetingAgenda/Test Cases/Positive/TT_369_2_CreateRock_AllTestCase FAILED.
Reason:
java.lang.IllegalArgumentException: Cannot find test case 'Test Cases/V2/Test Case/Pre-conditions/PRE_CreateL10Meeting - Supervisor'
	at com.kms.katalon.core.testcase.TestCaseFactory.findTestCase(TestCaseFactory.java:72)
	at com.kms.katalon.core.testcase.TestCaseFactory$findTestCase.callStatic(Unknown Source)
	at TT_369_2_CreateRock_AllTestCase.run(TT_369_2_CreateRock_AllTestCase:92)
	at com.kms.katalon.core.main.ScriptEngine.run(ScriptEngine.java:194)
	at com.kms.katalon.core.main.ScriptEngine.runScriptAsRawText(ScriptEngine.java:119)
	at com.kms.katalon.core.main.TestCaseExecutor.runScript(TestCaseExecutor.java:339)
	at com.kms.katalon.core.main.TestCaseExecutor.doExecute(TestCaseExecutor.java:330)
	at com.kms.katalon.core.main.TestCaseExecutor.processExecutionPhase(TestCaseExecutor.java:309)
	at com.kms.katalon.core.main.TestCaseExecutor.accessMainPhase(TestCaseExecutor.java:301)
	at com.kms.katalon.core.main.TestCaseExecutor.execute(TestCaseExecutor.java:235)
	at com.kms.katalon.core.main.TestSuiteExecutor.accessTestCaseMainPhase(TestSuiteExecutor.java:191)
	at com.kms.katalon.core.main.TestSuiteExecutor.accessTestSuiteMainPhase(TestSuiteExecutor.java:141)
	at com.kms.katalon.core.main.TestSuiteExecutor.execute(TestSuiteExecutor.java:90)
	at com.kms.katalon.core.main.TestCaseMain.startTestSuite(TestCaseMain.java:157)
	at com.kms.katalon.core.main.TestCaseMain$startTestSuite$0.call(Unknown Source)
	at TempTestSuite1599047848434.run(TempTestSuite1599047848434.groovy:39)
"/>
         <system-out><![CDATA[2020-09-02 19:57:29 - [TEST_CASE][ERROR] - Test Cases/V2/Test Case/Tests/PR-369 - EditMeetingAgenda/Test Cases/Positive/TT_369_2_CreateRock_AllTestCase: Test Cases/V2/Test Case/Tests/PR-369 - EditMeetingAgenda/Test Cases/Positive/TT_369_2_CreateRock_AllTestCase FAILED.
Reason:
java.lang.IllegalArgumentException: Cannot find test case 'Test Cases/V2/Test Case/Pre-conditions/PRE_CreateL10Meeting - Supervisor'
	at com.kms.katalon.core.testcase.TestCaseFactory.findTestCase(TestCaseFactory.java:72)
	at com.kms.katalon.core.testcase.TestCaseFactory$findTestCase.callStatic(Unknown Source)
	at TT_369_2_CreateRock_AllTestCase.run(TT_369_2_CreateRock_AllTestCase:92)
	at com.kms.katalon.core.main.ScriptEngine.run(ScriptEngine.java:194)
	at com.kms.katalon.core.main.ScriptEngine.runScriptAsRawText(ScriptEngine.java:119)
	at com.kms.katalon.core.main.TestCaseExecutor.runScript(TestCaseExecutor.java:339)
	at com.kms.katalon.core.main.TestCaseExecutor.doExecute(TestCaseExecutor.java:330)
	at com.kms.katalon.core.main.TestCaseExecutor.processExecutionPhase(TestCaseExecutor.java:309)
	at com.kms.katalon.core.main.TestCaseExecutor.accessMainPhase(TestCaseExecutor.java:301)
	at com.kms.katalon.core.main.TestCaseExecutor.execute(TestCaseExecutor.java:235)
	at com.kms.katalon.core.main.TestSuiteExecutor.accessTestCaseMainPhase(TestSuiteExecutor.java:191)
	at com.kms.katalon.core.main.TestSuiteExecutor.accessTestSuiteMainPhase(TestSuiteExecutor.java:141)
	at com.kms.katalon.core.main.TestSuiteExecutor.execute(TestSuiteExecutor.java:90)
	at com.kms.katalon.core.main.TestCaseMain.startTestSuite(TestCaseMain.java:157)
	at com.kms.katalon.core.main.TestCaseMain$startTestSuite$0.call(Unknown Source)
	at TempTestSuite1599047848434.run(TempTestSuite1599047848434.groovy:39)


2020-09-02 19:57:30 - [TEST_STEP][PASSED] - callTestCase(findTestCase("V2/Test Case/Pre-conditions/PRE_RegisterAndActivateTTUsers"), ["admin_fname":admin_fname, "lastname":lastname, "phonenumber":"9999999999", "company":"Traction Tools", "password":password, ... ], STOP_ON_FAILURE): Call Test Case 'Test Cases/V2/Test Case/Pre-conditions/PRE_RegisterAndActivateTTUsers' successfully

2020-09-02 19:57:30 - [TEST_CASE][PASSED] - Test Cases/V2/Test Case/Pre-conditions/PRE_RegisterAndActivateTTUsers: Test Cases/V2/Test Case/Pre-conditions/PRE_RegisterAndActivateTTUsers

2020-09-02 19:57:30 - [TEST_STEP][PASSED] - email = tt_CustomKeywords.CustomKeywords.GenerateRandomEmailAddress(admin_email_prefix, admin_email_domain, randomTextLength): Successfully generated a random email: tractiontools.user001+ta5hgv5s@gmail.com

2020-09-02 19:57:30 - [MESSAGE][PASSED] - Successfully generated a random email: tractiontools.user001+ta5hgv5s@gmail.com

2020-09-02 19:57:30 - [TEST_STEP][PASSED] - supervisor_email = tt_CustomKeywords.CustomKeywords.GenerateRandomEmailAddress(supervisor_email_prefix, supervisor_email_domain, randomTextLength): Successfully generated a random email: tractiontools.user001+ts5saao4@gmail.com

2020-09-02 19:57:30 - [MESSAGE][PASSED] - Successfully generated a random email: tractiontools.user001+ts5saao4@gmail.com

2020-09-02 19:57:30 - [TEST_STEP][PASSED] - employee_email = tt_CustomKeywords.CustomKeywords.GenerateRandomEmailAddress(employee_email_prefix, employee_email_domain, randomTextLength): Successfully generated a random email: tractiontools.user001+te58j0vv@gmail.com

2020-09-02 19:57:30 - [MESSAGE][PASSED] - Successfully generated a random email: tractiontools.user001+te58j0vv@gmail.com

2020-09-02 19:57:30 - [TEST_STEP][PASSED] - adminDetails = tt_CustomKeywords.CustomKeywords.RegisterUserViaAPIAndGenerateActivateURL(email, admin_fname, lastname, phonenumber, company, "__JSON__{\"howDidYouHearAboutUs\":\"Facebook\",\"implementer\":\"\",\"existingTractionToolsClient\":\"\",\"other\":\"\"}", "__JSON__{\"timeZone\":\"America/Guatemala\",\"brandColor\":\"#023047\",\"q1Start\":null,\"q1End\":null,\"q2Start\":null,\"q2End\":null,\"q3Start\":null,\"q3End\":null,\"q4Start\":null,\"q4End\":null,\"quarterDatesSetsRocks\":false,\"exportUsers\":false,\"exportRocks\":false,\"exportRocksIncludesMilestones\":false,\"exportScorecards\":false,\"exportTodos\":false,\"exportTodosIncludesNotes\":false,\"exportPeopleHeadlines\":false,\"exportPeopleHeadlinesIncludesNotes\":false,\"exportIssues\":false,\"exportIssuesIncludesNotes\":false,\"exportContextAwareTodos\":false,\"dateFormat\":\"MM/DD/YYYY\",\"timeFormat\":\"h:mma\",\"numberFormat\":\"-1,000.99\",\"supervisorsArchiveRestoreUsers\":false,\"supervisorsEditPositions\":false,\"milestonesAvailableToAll\":false,\"customMeetingTemplatesEnabled\":false,\"receiveTodoReminders\":false,\"todoReminderTime\":\"13:00\",\"todoReminderTimeZone\":\"America/Guatemala\",\"todoReminderFrequency\":\"DAILY\",\"vtoMeetingId\":\"\",\"vtoDisplayMode\":\"ALL\",\"coreValues\":[{\"id\":\"1\",\"text\":\"\"},{\"id\":\"2\",\"text\":\"\"},{\"id\":\"3\",\"text\":\"\"}]}", password, V2Url): SUCCESFFULLY registered a new user via API. 
 Generated Activation Link: 
https://v2dev.traction.tools/activate?activationKey=aff8a1a3-ffc8-45fd-a6c4-0df9ea288d0c&userId=df1a55a8-9c81-446d-8e61-72e981c6235f&orgId=60262de6-11f3-40e1-a8c3-5e05659f3ff7&email=tractiontools.user001+ta5hgv5s@gmail.com&teamsId=af695b01-3ccf-4667-8443-f9bafa7a3c3a&meetingsId=0e086e35-effc-4c51-a739-7867de0f0adb&adminsId=bd24ee7e-6eda-49a4-89a8-6750ef67bce6&usersId=2354f645-b89f-421a-bd91-08854edfb4d0&supervisorsId=d8424070-9bbc-4f0e-bc5b-269f9439ccbc&accountabilityChartId=21522bea-5ad7-411d-9cd1-b82647a36c19&isCreator=1

2020-09-02 19:57:49 - [MESSAGE][PASSED] - SUCCESFFULLY registered a new user via API. 
 Generated Activation Link: 
https://v2dev.traction.tools/activate?activationKey=aff8a1a3-ffc8-45fd-a6c4-0df9ea288d0c&userId=df1a55a8-9c81-446d-8e61-72e981c6235f&orgId=60262de6-11f3-40e1-a8c3-5e05659f3ff7&email=tractiontools.user001+ta5hgv5s@gmail.com&teamsId=af695b01-3ccf-4667-8443-f9bafa7a3c3a&meetingsId=0e086e35-effc-4c51-a739-7867de0f0adb&adminsId=bd24ee7e-6eda-49a4-89a8-6750ef67bce6&usersId=2354f645-b89f-421a-bd91-08854edfb4d0&supervisorsId=d8424070-9bbc-4f0e-bc5b-269f9439ccbc&accountabilityChartId=21522bea-5ad7-411d-9cd1-b82647a36c19&isCreator=1

2020-09-02 19:57:49 - [TEST_STEP][PASSED] - activationURL = adminDetails[0]: null

2020-09-02 19:57:49 - [TEST_STEP][PASSED] - orgID = adminDetails[1]: null

2020-09-02 19:57:49 - [TEST_STEP][PASSED] - out.println("URL: " + activationURL): null

2020-09-02 19:57:49 - [TEST_STEP][PASSED] - out.println("orgID: " + orgID): null

2020-09-02 19:57:49 - [TEST_STEP][PASSED] - supervisorUser_name = supervisor_fname + " " + lastname: null

2020-09-02 19:57:49 - [TEST_STEP][PASSED] - openBrowser(""): Browser is opened with url: ''

2020-09-02 19:57:49 - [MESSAGE][INFO] - Starting 'Chrome' driver

2020-09-02 19:57:49 - [MESSAGE][INFO] - Action delay is set to 0 milliseconds

2020-09-02 19:57:53 - [MESSAGE][PASSED] - Browser is opened with url: ''

2020-09-02 19:57:53 - [TEST_STEP][PASSED] - maximizeWindow(): Current window maximized

2020-09-02 19:57:55 - [MESSAGE][PASSED] - Current window maximized

2020-09-02 19:57:55 - [TEST_STEP][PASSED] - callTestCase(findTestCase("V2/Test Case/Pre-conditions/PRE_ActivateNewUser"), ["activationURL":activationURL, "email":email, "password":password], STOP_ON_FAILURE): Call Test Case 'Test Cases/V2/Test Case/Pre-conditions/PRE_ActivateNewUser' successfully

2020-09-02 19:57:55 - [TEST_CASE][PASSED] - Test Cases/V2/Test Case/Pre-conditions/PRE_ActivateNewUser: Test Cases/V2/Test Case/Pre-conditions/PRE_ActivateNewUser

2020-09-02 19:57:55 - [TEST_STEP][PASSED] - navigateToUrl(activationURL): Navigate to 'https://v2dev.traction.tools/activate?activationKey=aff8a1a3-ffc8-45fd-a6c4-0df9ea288d0c&userId=df1a55a8-9c81-446d-8e61-72e981c6235f&orgId=60262de6-11f3-40e1-a8c3-5e05659f3ff7&email=tractiontools.user001+ta5hgv5s@gmail.com&teamsId=af695b01-3ccf-4667-8443-f9bafa7a3c3a&meetingsId=0e086e35-effc-4c51-a739-7867de0f0adb&adminsId=bd24ee7e-6eda-49a4-89a8-6750ef67bce6&usersId=2354f645-b89f-421a-bd91-08854edfb4d0&supervisorsId=d8424070-9bbc-4f0e-bc5b-269f9439ccbc&accountabilityChartId=21522bea-5ad7-411d-9cd1-b82647a36c19&isCreator=1' successfully

2020-09-02 19:57:57 - [MESSAGE][PASSED] - Navigate to 'https://v2dev.traction.tools/activate?activationKey=aff8a1a3-ffc8-45fd-a6c4-0df9ea288d0c&userId=df1a55a8-9c81-446d-8e61-72e981c6235f&orgId=60262de6-11f3-40e1-a8c3-5e05659f3ff7&email=tractiontools.user001+ta5hgv5s@gmail.com&teamsId=af695b01-3ccf-4667-8443-f9bafa7a3c3a&meetingsId=0e086e35-effc-4c51-a739-7867de0f0adb&adminsId=bd24ee7e-6eda-49a4-89a8-6750ef67bce6&usersId=2354f645-b89f-421a-bd91-08854edfb4d0&supervisorsId=d8424070-9bbc-4f0e-bc5b-269f9439ccbc&accountabilityChartId=21522bea-5ad7-411d-9cd1-b82647a36c19&isCreator=1' successfully

2020-09-02 19:57:57 - [TEST_STEP][PASSED] - waitForElementVisible(findTestObject("V2/Commons/ActivationPage/input_Email_email"), DefaultTimeout): Object 'Object Repository/V2/Commons/ActivationPage/input_Email_email' is visible

2020-09-02 19:58:04 - [MESSAGE][PASSED] - Object 'Object Repository/V2/Commons/ActivationPage/input_Email_email' is visible

2020-09-02 19:58:04 - [TEST_STEP][PASSED] - actual_email = getAttribute(findTestObject("Object Repository/V2/Commons/ActivationPage/input_Email_email"), "value"): Attribute 'value' of object 'Object Repository/V2/Commons/ActivationPage/input_Email_email' is: 'tractiontools.user001+ta5hgv5s@gmail.com'

2020-09-02 19:58:04 - [MESSAGE][PASSED] - Attribute 'value' of object 'Object Repository/V2/Commons/ActivationPage/input_Email_email' is: 'tractiontools.user001+ta5hgv5s@gmail.com'

2020-09-02 19:58:04 - [TEST_STEP][PASSED] - verifyMatch(actual_email, email, false): Actual text 'tractiontools.user001+ta5hgv5s@gmail.com' and expected text 'tractiontools.user001+ta5hgv5s@gmail.com' are matched 

2020-09-02 19:58:04 - [MESSAGE][PASSED] - Actual text 'tractiontools.user001+ta5hgv5s@gmail.com' and expected text 'tractiontools.user001+ta5hgv5s@gmail.com' are matched 

2020-09-02 19:58:04 - [TEST_STEP][PASSED] - setText(findTestObject("V2/Commons/ActivationPage/input_password"), password): Text 'Qwer123!' is set on object 'Object Repository/V2/Commons/ActivationPage/input_password'

2020-09-02 19:58:05 - [MESSAGE][PASSED] - Text 'Qwer123!' is set on object 'Object Repository/V2/Commons/ActivationPage/input_password'

2020-09-02 19:58:05 - [TEST_STEP][PASSED] - setText(findTestObject("Object Repository/V2/Commons/ActivationPage/input__passwordRepeat"), password): Text 'Qwer123!' is set on object 'Object Repository/V2/Commons/ActivationPage/input__passwordRepeat'

2020-09-02 19:58:06 - [MESSAGE][PASSED] - Text 'Qwer123!' is set on object 'Object Repository/V2/Commons/ActivationPage/input__passwordRepeat'

2020-09-02 19:58:06 - [TEST_STEP][PASSED] - click(findTestObject("V2/Commons/ActivationPage/input_termsandconditions")): Object: 'Object Repository/V2/Commons/ActivationPage/input_termsandconditions' is clicked on

2020-09-02 19:58:06 - [MESSAGE][PASSED] - Object: 'Object Repository/V2/Commons/ActivationPage/input_termsandconditions' is clicked on

2020-09-02 19:58:06 - [TEST_STEP][PASSED] - click(findTestObject("Object Repository/V2/Commons/ActivationPage/div_Create account")): Object: 'Object Repository/V2/Commons/ActivationPage/div_Create account' is clicked on

2020-09-02 19:58:07 - [MESSAGE][PASSED] - Object: 'Object Repository/V2/Commons/ActivationPage/div_Create account' is clicked on

2020-09-02 19:58:07 - [TEST_STEP][PASSED] - waitForElementPresent(findTestObject("V2/Commons/DasboardPage_SidebarMenu/img_Home_logo-big"), DefaultTimeout): Object 'Object Repository/V2/Commons/DasboardPage_SidebarMenu/img_Home_logo-big' is present

2020-09-02 19:58:20 - [MESSAGE][PASSED] - Object 'Object Repository/V2/Commons/DasboardPage_SidebarMenu/img_Home_logo-big' is present

2020-09-02 19:58:20 - [TEST_STEP][PASSED] - verifyElementPresent(findTestObject("V2/Commons/DasboardPage_SidebarMenu/img_Home_logo-big"), 0): Object 'Object Repository/V2/Commons/DasboardPage_SidebarMenu/img_Home_logo-big' is present

2020-09-02 19:58:20 - [MESSAGE][WARNING] - Timeout '0' is invalid. Using default page load timeout: '30'

2020-09-02 19:58:21 - [MESSAGE][PASSED] - Object 'Object Repository/V2/Commons/DasboardPage_SidebarMenu/img_Home_logo-big' is present

2020-09-02 19:58:21 - [MESSAGE][PASSED] - Call Test Case 'Test Cases/V2/Test Case/Pre-conditions/PRE_ActivateNewUser' successfully

2020-09-02 19:58:21 - [TEST_STEP][PASSED] - callTestCase(findTestCase("V2/Test Case/Pre-conditions/PRE_SkipCompanyAndPersonalProfileSetup"), [:], STOP_ON_FAILURE): Call Test Case 'Test Cases/V2/Test Case/Pre-conditions/PRE_SkipCompanyAndPersonalProfileSetup' successfully

2020-09-02 19:58:21 - [TEST_CASE][PASSED] - Test Cases/V2/Test Case/Pre-conditions/PRE_SkipCompanyAndPersonalProfileSetup: Test Cases/V2/Test Case/Pre-conditions/PRE_SkipCompanyAndPersonalProfileSetup

2020-09-02 19:58:21 - [TEST_STEP][PASSED] - waitForElementVisible(findTestObject("V2/Commons/FirstUpdateCompanyAndPersonalInfoModal/confirmCompanyInfoHeader_h1"), DefaultTimeout): Object 'Object Repository/V2/Commons/FirstUpdateCompanyAndPersonalInfoModal/confirmCompanyInfoHeader_h1' is visible

2020-09-02 19:58:21 - [MESSAGE][PASSED] - Object 'Object Repository/V2/Commons/FirstUpdateCompanyAndPersonalInfoModal/confirmCompanyInfoHeader_h1' is visible

2020-09-02 19:58:21 - [TEST_STEP][PASSED] - click(findTestObject("V2/Commons/FirstUpdateCompanyAndPersonalInfoModal/confirmInfoSkip_button")): Object: 'Object Repository/V2/Commons/FirstUpdateCompanyAndPersonalInfoModal/confirmInfoSkip_button' is clicked on

2020-09-02 19:58:22 - [MESSAGE][PASSED] - Object: 'Object Repository/V2/Commons/FirstUpdateCompanyAndPersonalInfoModal/confirmInfoSkip_button' is clicked on

2020-09-02 19:58:22 - [TEST_STEP][PASSED] - waitForElementVisible(findTestObject("V2/Commons/FirstUpdateCompanyAndPersonalInfoModal/confirmPersonalInfoHeader_h1"), DefaultTimeout): Object 'Object Repository/V2/Commons/FirstUpdateCompanyAndPersonalInfoModal/confirmPersonalInfoHeader_h1' is visible

2020-09-02 19:58:22 - [MESSAGE][PASSED] - Object 'Object Repository/V2/Commons/FirstUpdateCompanyAndPersonalInfoModal/confirmPersonalInfoHeader_h1' is visible

2020-09-02 19:58:22 - [TEST_STEP][PASSED] - click(findTestObject("V2/Commons/FirstUpdateCompanyAndPersonalInfoModal/confirmInfoSkip_button")): Object: 'Object Repository/V2/Commons/FirstUpdateCompanyAndPersonalInfoModal/confirmInfoSkip_button' is clicked on

2020-09-02 19:58:23 - [MESSAGE][PASSED] - Object: 'Object Repository/V2/Commons/FirstUpdateCompanyAndPersonalInfoModal/confirmInfoSkip_button' is clicked on

2020-09-02 19:58:23 - [TEST_STEP][PASSED] - waitForElementVisible(findTestObject("V2/Commons/FirstUpdateCompanyAndPersonalInfoModal/letsGetStarted_button"), DefaultTimeout): Object 'Object Repository/V2/Commons/FirstUpdateCompanyAndPersonalInfoModal/letsGetStarted_button' is visible

2020-09-02 19:58:24 - [MESSAGE][PASSED] - Object 'Object Repository/V2/Commons/FirstUpdateCompanyAndPersonalInfoModal/letsGetStarted_button' is visible

2020-09-02 19:58:24 - [TEST_STEP][PASSED] - click(findTestObject("V2/Commons/FirstUpdateCompanyAndPersonalInfoModal/letsGetStarted_button")): Object: 'Object Repository/V2/Commons/FirstUpdateCompanyAndPersonalInfoModal/letsGetStarted_button' is clicked on

2020-09-02 19:58:24 - [MESSAGE][PASSED] - Object: 'Object Repository/V2/Commons/FirstUpdateCompanyAndPersonalInfoModal/letsGetStarted_button' is clicked on

2020-09-02 19:58:24 - [MESSAGE][PASSED] - Call Test Case 'Test Cases/V2/Test Case/Pre-conditions/PRE_SkipCompanyAndPersonalProfileSetup' successfully

2020-09-02 19:58:24 - [TEST_STEP][PASSED] - supervisor_activationURL = tt_CustomKeywords.CustomKeywords.RegisterAndActivateSupervisorUserViaAPI(V2Url, orgID, supervisor_email, password, email, password, supervisor_fname, lastname): SUCCESFFULLY registered a new user via API. 
 Generated Activation Link: 
https://v2dev.traction.tools/activate?activationKey=89fe1039-d6b4-4881-920c-a9ac65331277&userId=d871cffb-b6ce-4269-9db8-38a7699b9b3b&orgId=60262de6-11f3-40e1-a8c3-5e05659f3ff7&email=tractiontools.user001+ts5saao4@gmail.com&isCreator=0

2020-09-02 19:58:30 - [MESSAGE][PASSED] - SUCCESFFULLY registered a new user via API. 
 Generated Activation Link: 
https://v2dev.traction.tools/activate?activationKey=89fe1039-d6b4-4881-920c-a9ac65331277&userId=d871cffb-b6ce-4269-9db8-38a7699b9b3b&orgId=60262de6-11f3-40e1-a8c3-5e05659f3ff7&email=tractiontools.user001+ts5saao4@gmail.com&isCreator=0

2020-09-02 19:58:30 - [TEST_STEP][PASSED] - callTestCase(findTestCase("V2/Test Case/Pre-conditions/PRE_ChangeUserPermissionViaManageUser"), ["showMenuItemsPath":"//div[@class='usercard__detail_container']/div[text()='%s']/ancestor::div[contains(@class,'usercard__content')]//button[@aria-label='Show Menu Items']", "user_email":supervisor_email, ... ], STOP_ON_FAILURE): Call Test Case 'Test Cases/V2/Test Case/Pre-conditions/PRE_ChangeUserPermissionViaManageUser' successfully

2020-09-02 19:58:30 - [TEST_CASE][PASSED] - Test Cases/V2/Test Case/Pre-conditions/PRE_ChangeUserPermissionViaManageUser: Test Cases/V2/Test Case/Pre-conditions/PRE_ChangeUserPermissionViaManageUser

2020-09-02 19:58:30 - [TEST_STEP][PASSED] - click(findTestObject("Object Repository/V2/Commons/ManageUsersPage/span_Company Settings")): Object: 'Object Repository/V2/Commons/ManageUsersPage/span_Company Settings' is clicked on

2020-09-02 19:58:30 - [MESSAGE][PASSED] - Object: 'Object Repository/V2/Commons/ManageUsersPage/span_Company Settings' is clicked on

2020-09-02 19:58:30 - [TEST_STEP][PASSED] - click(findTestObject("V2/Commons/DasboardPage_SidebarMenu/a_Manage Users")): Object: 'Object Repository/V2/Commons/DasboardPage_SidebarMenu/a_Manage Users' is clicked on

2020-09-02 19:58:31 - [MESSAGE][PASSED] - Object: 'Object Repository/V2/Commons/DasboardPage_SidebarMenu/a_Manage Users' is clicked on

2020-09-02 19:58:31 - [TEST_STEP][PASSED] - showMenuItemsObj = tt_CustomKeywords.CustomKeywords.CreateDynamicElement(showMenuItemsPath, user_email, "xpath"): Successfully created new dynamic object: //div[@class='usercard__detail_container']/div[text()='tractiontools.user001+ts5saao4@gmail.com']/ancestor::div[contains(@class,'usercard__content')]//button[@aria-label='Show Menu Items']

2020-09-02 19:58:31 - [MESSAGE][PASSED] - Successfully created new dynamic object: //div[@class='usercard__detail_container']/div[text()='tractiontools.user001+ts5saao4@gmail.com']/ancestor::div[contains(@class,'usercard__content')]//button[@aria-label='Show Menu Items']

2020-09-02 19:58:31 - [TEST_STEP][PASSED] - click(showMenuItemsObj): Object: '' is clicked on

2020-09-02 19:58:32 - [MESSAGE][PASSED] - Object: '' is clicked on

2020-09-02 19:58:32 - [TEST_STEP][PASSED] - click(findTestObject("Object Repository/V2/Commons/ManageUsersPage/div_Edit user")): Object: 'Object Repository/V2/Commons/ManageUsersPage/div_Edit user' is clicked on

2020-09-02 19:58:33 - [MESSAGE][PASSED] - Object: 'Object Repository/V2/Commons/ManageUsersPage/div_Edit user' is clicked on

2020-09-02 19:58:33 - [TEST_STEP][PASSED] - verifyElementPresent(findTestObject("V2/Commons/ManageUsersPage/div_PositionTitle"), DefaultTimeout): Object 'Object Repository/V2/Commons/ManageUsersPage/div_PositionTitle' is present

2020-09-02 19:58:33 - [MESSAGE][PASSED] - Object 'Object Repository/V2/Commons/ManageUsersPage/div_PositionTitle' is present

2020-09-02 19:58:33 - [TEST_STEP][PASSED] - setText(findTestObject("V2/Commons/ManageUsersPage/position_title_input"), position_title): Text 'QA Manager' is set on object 'Object Repository/V2/Commons/ManageUsersPage/position_title_input'

2020-09-02 19:58:34 - [MESSAGE][PASSED] - Text 'QA Manager' is set on object 'Object Repository/V2/Commons/ManageUsersPage/position_title_input'

2020-09-02 19:58:34 - [TEST_STEP][PASSED] - sendKeys(findTestObject("V2/Commons/ManageUsersPage/position_title_input"), Keys.chord(ENTER)): Keys 'ENTER + ' sent to object: 'Object Repository/V2/Commons/ManageUsersPage/position_title_input'

2020-09-02 19:58:34 - [MESSAGE][PASSED] - Keys 'ENTER + ' sent to object: 'Object Repository/V2/Commons/ManageUsersPage/position_title_input'

2020-09-02 19:58:34 - [TEST_STEP][PASSED] - if (permissionValue == "Employee"): null

2020-09-02 19:58:34 - [TEST_STEP][PASSED] - verifyElementPresent(findTestObject("Object Repository/V2/Commons/ManageUsersPage/div_User type"), DefaultTimeout): Object 'Object Repository/V2/Commons/ManageUsersPage/div_User type' is present

2020-09-02 19:58:35 - [MESSAGE][PASSED] - Object 'Object Repository/V2/Commons/ManageUsersPage/div_User type' is present

2020-09-02 19:58:35 - [TEST_STEP][PASSED] - click(findTestObject("Object Repository/V2/Commons/ManageUsersPage/input__orgRole")): Object: 'Object Repository/V2/Commons/ManageUsersPage/input__orgRole' is clicked on

2020-09-02 19:58:35 - [MESSAGE][PASSED] - Object: 'Object Repository/V2/Commons/ManageUsersPage/input__orgRole' is clicked on

2020-09-02 19:58:35 - [TEST_STEP][PASSED] - roleOptionObj = tt_CustomKeywords.CustomKeywords.CreateDynamicElement(roleOption, permissionValue, "xpath"): Successfully created new dynamic object: //span[text()='Supervisor']/parent::div[@role='option']

2020-09-02 19:58:35 - [MESSAGE][PASSED] - Successfully created new dynamic object: //span[text()='Supervisor']/parent::div[@role='option']

2020-09-02 19:58:35 - [TEST_STEP][PASSED] - click(roleOptionObj): Object: '' is clicked on

2020-09-02 19:58:35 - [MESSAGE][PASSED] - Object: '' is clicked on

2020-09-02 19:58:35 - [TEST_STEP][PASSED] - click(findTestObject("Object Repository/V2/Commons/ManageUsersPage/div_Save")): Object: 'Object Repository/V2/Commons/ManageUsersPage/div_Save' is clicked on

2020-09-02 19:58:36 - [MESSAGE][PASSED] - Object: 'Object Repository/V2/Commons/ManageUsersPage/div_Save' is clicked on

2020-09-02 19:58:36 - [TEST_STEP][PASSED] - waitForElementVisible(findTestObject("V2/Commons/ManageUsersPage/h3_User Saved"), DefaultTimeout): Object 'Object Repository/V2/Commons/ManageUsersPage/h3_User Saved' is visible

2020-09-02 19:58:46 - [MESSAGE][PASSED] - Object 'Object Repository/V2/Commons/ManageUsersPage/h3_User Saved' is visible

2020-09-02 19:58:46 - [TEST_STEP][PASSED] - verifyElementVisible(findTestObject("Object Repository/V2/Commons/ManageUsersPage/h3_User Saved")): Object 'Object Repository/V2/Commons/ManageUsersPage/h3_User Saved' is visible

2020-09-02 19:58:47 - [MESSAGE][PASSED] - Object 'Object Repository/V2/Commons/ManageUsersPage/h3_User Saved' is visible

2020-09-02 19:58:47 - [MESSAGE][PASSED] - Call Test Case 'Test Cases/V2/Test Case/Pre-conditions/PRE_ChangeUserPermissionViaManageUser' successfully

2020-09-02 19:58:47 - [TEST_STEP][PASSED] - employee_activationURL = tt_CustomKeywords.CustomKeywords.RegisterAndActivateSupervisorUserViaAPI(V2Url, orgID, employee_email, password, email, password, employee_fname, lastname): SUCCESFFULLY registered a new user via API. 
 Generated Activation Link: 
https://v2dev.traction.tools/activate?activationKey=2f13830c-7ad4-4d8b-a56b-e4ab8504024f&userId=d6a209b1-87b2-4dc1-918a-2cb4814ba799&orgId=60262de6-11f3-40e1-a8c3-5e05659f3ff7&email=tractiontools.user001+te58j0vv@gmail.com&isCreator=0

2020-09-02 19:58:53 - [MESSAGE][PASSED] - SUCCESFFULLY registered a new user via API. 
 Generated Activation Link: 
https://v2dev.traction.tools/activate?activationKey=2f13830c-7ad4-4d8b-a56b-e4ab8504024f&userId=d6a209b1-87b2-4dc1-918a-2cb4814ba799&orgId=60262de6-11f3-40e1-a8c3-5e05659f3ff7&email=tractiontools.user001+te58j0vv@gmail.com&isCreator=0

2020-09-02 19:58:53 - [TEST_STEP][PASSED] - callTestCase(findTestCase("V2/Test Case/Pre-conditions/PRE_ChangeUserPermissionViaManageUser"), ["showMenuItemsPath":"//div[@class='usercard__detail_container']/div[text()='%s']/ancestor::div[contains(@class,'usercard__content')]//button[@aria-label='Show Menu Items']", "user_email":employee_email, ... ], STOP_ON_FAILURE): Call Test Case 'Test Cases/V2/Test Case/Pre-conditions/PRE_ChangeUserPermissionViaManageUser' successfully

2020-09-02 19:58:53 - [TEST_CASE][PASSED] - Test Cases/V2/Test Case/Pre-conditions/PRE_ChangeUserPermissionViaManageUser: Test Cases/V2/Test Case/Pre-conditions/PRE_ChangeUserPermissionViaManageUser

2020-09-02 19:58:53 - [TEST_STEP][PASSED] - click(findTestObject("Object Repository/V2/Commons/ManageUsersPage/span_Company Settings")): Object: 'Object Repository/V2/Commons/ManageUsersPage/span_Company Settings' is clicked on

2020-09-02 19:58:53 - [MESSAGE][PASSED] - Object: 'Object Repository/V2/Commons/ManageUsersPage/span_Company Settings' is clicked on

2020-09-02 19:58:53 - [TEST_STEP][PASSED] - click(findTestObject("V2/Commons/DasboardPage_SidebarMenu/a_Manage Users")): Object: 'Object Repository/V2/Commons/DasboardPage_SidebarMenu/a_Manage Users' is clicked on

2020-09-02 19:58:54 - [MESSAGE][PASSED] - Object: 'Object Repository/V2/Commons/DasboardPage_SidebarMenu/a_Manage Users' is clicked on

2020-09-02 19:58:54 - [TEST_STEP][PASSED] - showMenuItemsObj = tt_CustomKeywords.CustomKeywords.CreateDynamicElement(showMenuItemsPath, user_email, "xpath"): Successfully created new dynamic object: //div[@class='usercard__detail_container']/div[text()='tractiontools.user001+te58j0vv@gmail.com']/ancestor::div[contains(@class,'usercard__content')]//button[@aria-label='Show Menu Items']

2020-09-02 19:58:54 - [MESSAGE][PASSED] - Successfully created new dynamic object: //div[@class='usercard__detail_container']/div[text()='tractiontools.user001+te58j0vv@gmail.com']/ancestor::div[contains(@class,'usercard__content')]//button[@aria-label='Show Menu Items']

2020-09-02 19:58:54 - [TEST_STEP][PASSED] - click(showMenuItemsObj): Object: '' is clicked on

2020-09-02 19:58:54 - [MESSAGE][PASSED] - Object: '' is clicked on

2020-09-02 19:58:54 - [TEST_STEP][PASSED] - click(findTestObject("Object Repository/V2/Commons/ManageUsersPage/div_Edit user")): Object: 'Object Repository/V2/Commons/ManageUsersPage/div_Edit user' is clicked on

2020-09-02 19:58:55 - [MESSAGE][PASSED] - Object: 'Object Repository/V2/Commons/ManageUsersPage/div_Edit user' is clicked on

2020-09-02 19:58:55 - [TEST_STEP][PASSED] - verifyElementPresent(findTestObject("V2/Commons/ManageUsersPage/div_PositionTitle"), DefaultTimeout): Object 'Object Repository/V2/Commons/ManageUsersPage/div_PositionTitle' is present

2020-09-02 19:58:55 - [MESSAGE][PASSED] - Object 'Object Repository/V2/Commons/ManageUsersPage/div_PositionTitle' is present

2020-09-02 19:58:55 - [TEST_STEP][PASSED] - setText(findTestObject("V2/Commons/ManageUsersPage/position_title_input"), position_title): Text 'Quality Assurance' is set on object 'Object Repository/V2/Commons/ManageUsersPage/position_title_input'

2020-09-02 19:58:56 - [MESSAGE][PASSED] - Text 'Quality Assurance' is set on object 'Object Repository/V2/Commons/ManageUsersPage/position_title_input'

2020-09-02 19:58:56 - [TEST_STEP][PASSED] - sendKeys(findTestObject("V2/Commons/ManageUsersPage/position_title_input"), Keys.chord(ENTER)): Keys 'ENTER + ' sent to object: 'Object Repository/V2/Commons/ManageUsersPage/position_title_input'

2020-09-02 19:58:56 - [MESSAGE][PASSED] - Keys 'ENTER + ' sent to object: 'Object Repository/V2/Commons/ManageUsersPage/position_title_input'

2020-09-02 19:58:56 - [TEST_STEP][PASSED] - if (permissionValue == "Employee"): Keys 'ENTER + ' sent to object: 'Object Repository/V2/Commons/ManageUsersPage/supervisor_input'

2020-09-02 19:58:56 - [TEST_STEP][PASSED] - verifyElementPresent(findTestObject("V2/Commons/ManageUsersPage/supervisor_input"), DefaultTimeout): Object 'Object Repository/V2/Commons/ManageUsersPage/supervisor_input' is present

2020-09-02 19:58:57 - [MESSAGE][PASSED] - Object 'Object Repository/V2/Commons/ManageUsersPage/supervisor_input' is present

2020-09-02 19:58:57 - [TEST_STEP][PASSED] - setText(findTestObject("V2/Commons/ManageUsersPage/supervisor_input"), user_supervisorName): Text 'Supervisor User' is set on object 'Object Repository/V2/Commons/ManageUsersPage/supervisor_input'

2020-09-02 19:58:57 - [MESSAGE][PASSED] - Text 'Supervisor User' is set on object 'Object Repository/V2/Commons/ManageUsersPage/supervisor_input'

2020-09-02 19:58:57 - [TEST_STEP][PASSED] - sendKeys(findTestObject("V2/Commons/ManageUsersPage/supervisor_input"), Keys.chord(ENTER)): Keys 'ENTER + ' sent to object: 'Object Repository/V2/Commons/ManageUsersPage/supervisor_input'

2020-09-02 19:58:58 - [MESSAGE][PASSED] - Keys 'ENTER + ' sent to object: 'Object Repository/V2/Commons/ManageUsersPage/supervisor_input'

2020-09-02 19:58:58 - [TEST_STEP][PASSED] - verifyElementPresent(findTestObject("Object Repository/V2/Commons/ManageUsersPage/div_User type"), DefaultTimeout): Object 'Object Repository/V2/Commons/ManageUsersPage/div_User type' is present

2020-09-02 19:58:58 - [MESSAGE][PASSED] - Object 'Object Repository/V2/Commons/ManageUsersPage/div_User type' is present

2020-09-02 19:58:58 - [TEST_STEP][PASSED] - click(findTestObject("Object Repository/V2/Commons/ManageUsersPage/input__orgRole")): Object: 'Object Repository/V2/Commons/ManageUsersPage/input__orgRole' is clicked on

2020-09-02 19:58:58 - [MESSAGE][PASSED] - Object: 'Object Repository/V2/Commons/ManageUsersPage/input__orgRole' is clicked on

2020-09-02 19:58:58 - [TEST_STEP][PASSED] - roleOptionObj = tt_CustomKeywords.CustomKeywords.CreateDynamicElement(roleOption, permissionValue, "xpath"): Successfully created new dynamic object: //span[text()='Employee']/parent::div[@role='option']

2020-09-02 19:58:58 - [MESSAGE][PASSED] - Successfully created new dynamic object: //span[text()='Employee']/parent::div[@role='option']

2020-09-02 19:58:58 - [TEST_STEP][PASSED] - click(roleOptionObj): Object: '' is clicked on

2020-09-02 19:58:59 - [MESSAGE][PASSED] - Object: '' is clicked on

2020-09-02 19:58:59 - [TEST_STEP][PASSED] - click(findTestObject("Object Repository/V2/Commons/ManageUsersPage/div_Save")): Object: 'Object Repository/V2/Commons/ManageUsersPage/div_Save' is clicked on

2020-09-02 19:58:59 - [MESSAGE][PASSED] - Object: 'Object Repository/V2/Commons/ManageUsersPage/div_Save' is clicked on

2020-09-02 19:58:59 - [TEST_STEP][PASSED] - waitForElementVisible(findTestObject("V2/Commons/ManageUsersPage/h3_User Saved"), DefaultTimeout): Object 'Object Repository/V2/Commons/ManageUsersPage/h3_User Saved' is visible

2020-09-02 19:59:11 - [MESSAGE][PASSED] - Object 'Object Repository/V2/Commons/ManageUsersPage/h3_User Saved' is visible

2020-09-02 19:59:11 - [TEST_STEP][PASSED] - verifyElementVisible(findTestObject("Object Repository/V2/Commons/ManageUsersPage/h3_User Saved")): Object 'Object Repository/V2/Commons/ManageUsersPage/h3_User Saved' is visible

2020-09-02 19:59:11 - [MESSAGE][PASSED] - Object 'Object Repository/V2/Commons/ManageUsersPage/h3_User Saved' is visible

2020-09-02 19:59:11 - [MESSAGE][PASSED] - Call Test Case 'Test Cases/V2/Test Case/Pre-conditions/PRE_ChangeUserPermissionViaManageUser' successfully

2020-09-02 19:59:11 - [TEST_STEP][PASSED] - callTestCase(findTestCase("V2/Test Case/Pre-conditions/PRE_ActivateNewUser"), ["activationURL":supervisor_activationURL, "email":supervisor_email, "password":password], STOP_ON_FAILURE): Call Test Case 'Test Cases/V2/Test Case/Pre-conditions/PRE_ActivateNewUser' successfully

2020-09-02 19:59:11 - [TEST_CASE][PASSED] - Test Cases/V2/Test Case/Pre-conditions/PRE_ActivateNewUser: Test Cases/V2/Test Case/Pre-conditions/PRE_ActivateNewUser

2020-09-02 19:59:11 - [TEST_STEP][PASSED] - navigateToUrl(activationURL): Navigate to 'https://v2dev.traction.tools/activate?activationKey=89fe1039-d6b4-4881-920c-a9ac65331277&userId=d871cffb-b6ce-4269-9db8-38a7699b9b3b&orgId=60262de6-11f3-40e1-a8c3-5e05659f3ff7&email=tractiontools.user001+ts5saao4@gmail.com&isCreator=0' successfully

2020-09-02 19:59:13 - [MESSAGE][PASSED] - Navigate to 'https://v2dev.traction.tools/activate?activationKey=89fe1039-d6b4-4881-920c-a9ac65331277&userId=d871cffb-b6ce-4269-9db8-38a7699b9b3b&orgId=60262de6-11f3-40e1-a8c3-5e05659f3ff7&email=tractiontools.user001+ts5saao4@gmail.com&isCreator=0' successfully

2020-09-02 19:59:13 - [TEST_STEP][PASSED] - waitForElementVisible(findTestObject("V2/Commons/ActivationPage/input_Email_email"), DefaultTimeout): Object 'Object Repository/V2/Commons/ActivationPage/input_Email_email' is visible

2020-09-02 19:59:14 - [MESSAGE][PASSED] - Object 'Object Repository/V2/Commons/ActivationPage/input_Email_email' is visible

2020-09-02 19:59:14 - [TEST_STEP][PASSED] - actual_email = getAttribute(findTestObject("Object Repository/V2/Commons/ActivationPage/input_Email_email"), "value"): Attribute 'value' of object 'Object Repository/V2/Commons/ActivationPage/input_Email_email' is: 'tractiontools.user001+ts5saao4@gmail.com'

2020-09-02 19:59:14 - [MESSAGE][PASSED] - Attribute 'value' of object 'Object Repository/V2/Commons/ActivationPage/input_Email_email' is: 'tractiontools.user001+ts5saao4@gmail.com'

2020-09-02 19:59:14 - [TEST_STEP][PASSED] - verifyMatch(actual_email, email, false): Actual text 'tractiontools.user001+ts5saao4@gmail.com' and expected text 'tractiontools.user001+ts5saao4@gmail.com' are matched 

2020-09-02 19:59:14 - [MESSAGE][PASSED] - Actual text 'tractiontools.user001+ts5saao4@gmail.com' and expected text 'tractiontools.user001+ts5saao4@gmail.com' are matched 

2020-09-02 19:59:14 - [TEST_STEP][PASSED] - setText(findTestObject("V2/Commons/ActivationPage/input_password"), password): Text 'Qwer123!' is set on object 'Object Repository/V2/Commons/ActivationPage/input_password'

2020-09-02 19:59:15 - [MESSAGE][PASSED] - Text 'Qwer123!' is set on object 'Object Repository/V2/Commons/ActivationPage/input_password'

2020-09-02 19:59:15 - [TEST_STEP][PASSED] - setText(findTestObject("Object Repository/V2/Commons/ActivationPage/input__passwordRepeat"), password): Text 'Qwer123!' is set on object 'Object Repository/V2/Commons/ActivationPage/input__passwordRepeat'

2020-09-02 19:59:16 - [MESSAGE][PASSED] - Text 'Qwer123!' is set on object 'Object Repository/V2/Commons/ActivationPage/input__passwordRepeat'

2020-09-02 19:59:16 - [TEST_STEP][PASSED] - click(findTestObject("V2/Commons/ActivationPage/input_termsandconditions")): Object: 'Object Repository/V2/Commons/ActivationPage/input_termsandconditions' is clicked on

2020-09-02 19:59:16 - [MESSAGE][PASSED] - Object: 'Object Repository/V2/Commons/ActivationPage/input_termsandconditions' is clicked on

2020-09-02 19:59:16 - [TEST_STEP][PASSED] - click(findTestObject("Object Repository/V2/Commons/ActivationPage/div_Create account")): Object: 'Object Repository/V2/Commons/ActivationPage/div_Create account' is clicked on

2020-09-02 19:59:16 - [MESSAGE][PASSED] - Object: 'Object Repository/V2/Commons/ActivationPage/div_Create account' is clicked on

2020-09-02 19:59:16 - [TEST_STEP][PASSED] - waitForElementPresent(findTestObject("V2/Commons/DasboardPage_SidebarMenu/img_Home_logo-big"), DefaultTimeout): Object 'Object Repository/V2/Commons/DasboardPage_SidebarMenu/img_Home_logo-big' is present

2020-09-02 19:59:21 - [MESSAGE][PASSED] - Object 'Object Repository/V2/Commons/DasboardPage_SidebarMenu/img_Home_logo-big' is present

2020-09-02 19:59:21 - [TEST_STEP][PASSED] - verifyElementPresent(findTestObject("V2/Commons/DasboardPage_SidebarMenu/img_Home_logo-big"), 0): Object 'Object Repository/V2/Commons/DasboardPage_SidebarMenu/img_Home_logo-big' is present

2020-09-02 19:59:21 - [MESSAGE][WARNING] - Timeout '0' is invalid. Using default page load timeout: '30'

2020-09-02 19:59:22 - [MESSAGE][PASSED] - Object 'Object Repository/V2/Commons/DasboardPage_SidebarMenu/img_Home_logo-big' is present

2020-09-02 19:59:22 - [MESSAGE][PASSED] - Call Test Case 'Test Cases/V2/Test Case/Pre-conditions/PRE_ActivateNewUser' successfully

2020-09-02 19:59:22 - [TEST_STEP][PASSED] - callTestCase(findTestCase("V2/Test Case/Pre-conditions/PRE_SkipPersonalProfileSetup"), [:], STOP_ON_FAILURE): Call Test Case 'Test Cases/V2/Test Case/Pre-conditions/PRE_SkipPersonalProfileSetup' successfully

2020-09-02 19:59:22 - [TEST_CASE][PASSED] - Test Cases/V2/Test Case/Pre-conditions/PRE_SkipPersonalProfileSetup: Test Cases/V2/Test Case/Pre-conditions/PRE_SkipPersonalProfileSetup

2020-09-02 19:59:22 - [TEST_STEP][PASSED] - waitForElementVisible(findTestObject("V2/Commons/FirstUpdateCompanyAndPersonalInfoModal/confirmPersonalInfoHeader_h1"), DefaultTimeout): Object 'Object Repository/V2/Commons/FirstUpdateCompanyAndPersonalInfoModal/confirmPersonalInfoHeader_h1' is visible

2020-09-02 19:59:23 - [MESSAGE][PASSED] - Object 'Object Repository/V2/Commons/FirstUpdateCompanyAndPersonalInfoModal/confirmPersonalInfoHeader_h1' is visible

2020-09-02 19:59:23 - [TEST_STEP][PASSED] - click(findTestObject("V2/Commons/FirstUpdateCompanyAndPersonalInfoModal/confirmInfoSkip_button")): Object: 'Object Repository/V2/Commons/FirstUpdateCompanyAndPersonalInfoModal/confirmInfoSkip_button' is clicked on

2020-09-02 19:59:23 - [MESSAGE][PASSED] - Object: 'Object Repository/V2/Commons/FirstUpdateCompanyAndPersonalInfoModal/confirmInfoSkip_button' is clicked on

2020-09-02 19:59:23 - [TEST_STEP][PASSED] - waitForElementVisible(findTestObject("V2/Commons/FirstUpdateCompanyAndPersonalInfoModal/letsGetStarted_button"), DefaultTimeout): Object 'Object Repository/V2/Commons/FirstUpdateCompanyAndPersonalInfoModal/letsGetStarted_button' is visible

2020-09-02 19:59:24 - [MESSAGE][PASSED] - Object 'Object Repository/V2/Commons/FirstUpdateCompanyAndPersonalInfoModal/letsGetStarted_button' is visible

2020-09-02 19:59:24 - [TEST_STEP][PASSED] - click(findTestObject("V2/Commons/FirstUpdateCompanyAndPersonalInfoModal/letsGetStarted_button")): Object: 'Object Repository/V2/Commons/FirstUpdateCompanyAndPersonalInfoModal/letsGetStarted_button' is clicked on

2020-09-02 19:59:24 - [MESSAGE][PASSED] - Object: 'Object Repository/V2/Commons/FirstUpdateCompanyAndPersonalInfoModal/letsGetStarted_button' is clicked on

2020-09-02 19:59:24 - [MESSAGE][PASSED] - Call Test Case 'Test Cases/V2/Test Case/Pre-conditions/PRE_SkipPersonalProfileSetup' successfully

2020-09-02 19:59:24 - [TEST_STEP][PASSED] - callTestCase(findTestCase("V2/Test Case/Pre-conditions/PRE_ActivateNewUser"), ["activationURL":employee_activationURL, "email":employee_email, "password":password], STOP_ON_FAILURE): Call Test Case 'Test Cases/V2/Test Case/Pre-conditions/PRE_ActivateNewUser' successfully

2020-09-02 19:59:24 - [TEST_CASE][PASSED] - Test Cases/V2/Test Case/Pre-conditions/PRE_ActivateNewUser: Test Cases/V2/Test Case/Pre-conditions/PRE_ActivateNewUser

2020-09-02 19:59:24 - [TEST_STEP][PASSED] - navigateToUrl(activationURL): Navigate to 'https://v2dev.traction.tools/activate?activationKey=2f13830c-7ad4-4d8b-a56b-e4ab8504024f&userId=d6a209b1-87b2-4dc1-918a-2cb4814ba799&orgId=60262de6-11f3-40e1-a8c3-5e05659f3ff7&email=tractiontools.user001+te58j0vv@gmail.com&isCreator=0' successfully

2020-09-02 19:59:27 - [MESSAGE][PASSED] - Navigate to 'https://v2dev.traction.tools/activate?activationKey=2f13830c-7ad4-4d8b-a56b-e4ab8504024f&userId=d6a209b1-87b2-4dc1-918a-2cb4814ba799&orgId=60262de6-11f3-40e1-a8c3-5e05659f3ff7&email=tractiontools.user001+te58j0vv@gmail.com&isCreator=0' successfully

2020-09-02 19:59:27 - [TEST_STEP][PASSED] - waitForElementVisible(findTestObject("V2/Commons/ActivationPage/input_Email_email"), DefaultTimeout): Object 'Object Repository/V2/Commons/ActivationPage/input_Email_email' is visible

2020-09-02 19:59:28 - [MESSAGE][PASSED] - Object 'Object Repository/V2/Commons/ActivationPage/input_Email_email' is visible

2020-09-02 19:59:28 - [TEST_STEP][PASSED] - actual_email = getAttribute(findTestObject("Object Repository/V2/Commons/ActivationPage/input_Email_email"), "value"): Attribute 'value' of object 'Object Repository/V2/Commons/ActivationPage/input_Email_email' is: 'tractiontools.user001+te58j0vv@gmail.com'

2020-09-02 19:59:28 - [MESSAGE][PASSED] - Attribute 'value' of object 'Object Repository/V2/Commons/ActivationPage/input_Email_email' is: 'tractiontools.user001+te58j0vv@gmail.com'

2020-09-02 19:59:28 - [TEST_STEP][PASSED] - verifyMatch(actual_email, email, false): Actual text 'tractiontools.user001+te58j0vv@gmail.com' and expected text 'tractiontools.user001+te58j0vv@gmail.com' are matched 

2020-09-02 19:59:28 - [MESSAGE][PASSED] - Actual text 'tractiontools.user001+te58j0vv@gmail.com' and expected text 'tractiontools.user001+te58j0vv@gmail.com' are matched 

2020-09-02 19:59:28 - [TEST_STEP][PASSED] - setText(findTestObject("V2/Commons/ActivationPage/input_password"), password): Text 'Qwer123!' is set on object 'Object Repository/V2/Commons/ActivationPage/input_password'

2020-09-02 19:59:29 - [MESSAGE][PASSED] - Text 'Qwer123!' is set on object 'Object Repository/V2/Commons/ActivationPage/input_password'

2020-09-02 19:59:29 - [TEST_STEP][PASSED] - setText(findTestObject("Object Repository/V2/Commons/ActivationPage/input__passwordRepeat"), password): Text 'Qwer123!' is set on object 'Object Repository/V2/Commons/ActivationPage/input__passwordRepeat'

2020-09-02 19:59:29 - [MESSAGE][PASSED] - Text 'Qwer123!' is set on object 'Object Repository/V2/Commons/ActivationPage/input__passwordRepeat'

2020-09-02 19:59:29 - [TEST_STEP][PASSED] - click(findTestObject("V2/Commons/ActivationPage/input_termsandconditions")): Object: 'Object Repository/V2/Commons/ActivationPage/input_termsandconditions' is clicked on

2020-09-02 19:59:30 - [MESSAGE][PASSED] - Object: 'Object Repository/V2/Commons/ActivationPage/input_termsandconditions' is clicked on

2020-09-02 19:59:30 - [TEST_STEP][PASSED] - click(findTestObject("Object Repository/V2/Commons/ActivationPage/div_Create account")): Object: 'Object Repository/V2/Commons/ActivationPage/div_Create account' is clicked on

2020-09-02 19:59:30 - [MESSAGE][PASSED] - Object: 'Object Repository/V2/Commons/ActivationPage/div_Create account' is clicked on

2020-09-02 19:59:30 - [TEST_STEP][PASSED] - waitForElementPresent(findTestObject("V2/Commons/DasboardPage_SidebarMenu/img_Home_logo-big"), DefaultTimeout): Object 'Object Repository/V2/Commons/DasboardPage_SidebarMenu/img_Home_logo-big' is present

2020-09-02 19:59:35 - [MESSAGE][PASSED] - Object 'Object Repository/V2/Commons/DasboardPage_SidebarMenu/img_Home_logo-big' is present

2020-09-02 19:59:35 - [TEST_STEP][PASSED] - verifyElementPresent(findTestObject("V2/Commons/DasboardPage_SidebarMenu/img_Home_logo-big"), 0): Object 'Object Repository/V2/Commons/DasboardPage_SidebarMenu/img_Home_logo-big' is present

2020-09-02 19:59:35 - [MESSAGE][WARNING] - Timeout '0' is invalid. Using default page load timeout: '30'

2020-09-02 19:59:35 - [MESSAGE][PASSED] - Object 'Object Repository/V2/Commons/DasboardPage_SidebarMenu/img_Home_logo-big' is present

2020-09-02 19:59:35 - [MESSAGE][PASSED] - Call Test Case 'Test Cases/V2/Test Case/Pre-conditions/PRE_ActivateNewUser' successfully

2020-09-02 19:59:35 - [TEST_STEP][PASSED] - callTestCase(findTestCase("V2/Test Case/Pre-conditions/PRE_SkipPersonalProfileSetup"), [:], STOP_ON_FAILURE): Call Test Case 'Test Cases/V2/Test Case/Pre-conditions/PRE_SkipPersonalProfileSetup' successfully

2020-09-02 19:59:35 - [TEST_CASE][PASSED] - Test Cases/V2/Test Case/Pre-conditions/PRE_SkipPersonalProfileSetup: Test Cases/V2/Test Case/Pre-conditions/PRE_SkipPersonalProfileSetup

2020-09-02 19:59:35 - [TEST_STEP][PASSED] - waitForElementVisible(findTestObject("V2/Commons/FirstUpdateCompanyAndPersonalInfoModal/confirmPersonalInfoHeader_h1"), DefaultTimeout): Object 'Object Repository/V2/Commons/FirstUpdateCompanyAndPersonalInfoModal/confirmPersonalInfoHeader_h1' is visible

2020-09-02 19:59:36 - [MESSAGE][PASSED] - Object 'Object Repository/V2/Commons/FirstUpdateCompanyAndPersonalInfoModal/confirmPersonalInfoHeader_h1' is visible

2020-09-02 19:59:36 - [TEST_STEP][PASSED] - click(findTestObject("V2/Commons/FirstUpdateCompanyAndPersonalInfoModal/confirmInfoSkip_button")): Object: 'Object Repository/V2/Commons/FirstUpdateCompanyAndPersonalInfoModal/confirmInfoSkip_button' is clicked on

2020-09-02 19:59:36 - [MESSAGE][PASSED] - Object: 'Object Repository/V2/Commons/FirstUpdateCompanyAndPersonalInfoModal/confirmInfoSkip_button' is clicked on

2020-09-02 19:59:36 - [TEST_STEP][PASSED] - waitForElementVisible(findTestObject("V2/Commons/FirstUpdateCompanyAndPersonalInfoModal/letsGetStarted_button"), DefaultTimeout): Object 'Object Repository/V2/Commons/FirstUpdateCompanyAndPersonalInfoModal/letsGetStarted_button' is visible

2020-09-02 19:59:37 - [MESSAGE][PASSED] - Object 'Object Repository/V2/Commons/FirstUpdateCompanyAndPersonalInfoModal/letsGetStarted_button' is visible

2020-09-02 19:59:37 - [TEST_STEP][PASSED] - click(findTestObject("V2/Commons/FirstUpdateCompanyAndPersonalInfoModal/letsGetStarted_button")): Object: 'Object Repository/V2/Commons/FirstUpdateCompanyAndPersonalInfoModal/letsGetStarted_button' is clicked on

2020-09-02 19:59:38 - [MESSAGE][PASSED] - Object: 'Object Repository/V2/Commons/FirstUpdateCompanyAndPersonalInfoModal/letsGetStarted_button' is clicked on

2020-09-02 19:59:38 - [MESSAGE][PASSED] - Call Test Case 'Test Cases/V2/Test Case/Pre-conditions/PRE_SkipPersonalProfileSetup' successfully

2020-09-02 19:59:38 - [MESSAGE][PASSED] - Call Test Case 'Test Cases/V2/Test Case/Pre-conditions/PRE_RegisterAndActivateTTUsers' successfully

2020-09-02 19:59:38 - [TEST_STEP][PASSED] - closeBrowser(): Browser is closed

2020-09-02 19:59:38 - [MESSAGE][PASSED] - Browser is closed

2020-09-02 19:59:38 - [TEST_STEP][PASSED] - path = System.getProperty("user.dir"): null

2020-09-02 19:59:38 - [TEST_STEP][PASSED] - System.setProperty("webdriver.chrome.driver", "C:\Users\Aaron-PC\Documents\Traction Tools\Katalon\Katalon_Studio_Windows_64-7.6.2\Katalon_Studio_Windows_64-7.6.2\configuration\resources\drivers\chromedriver_win32\chromedriver.exe"): null

2020-09-02 19:59:38 - [TEST_STEP][PASSED] - driver1 = new org.openqa.selenium.chrome.ChromeDriver(): null

2020-09-02 19:59:42 - [TEST_STEP][PASSED] - changeWebDriver(driver1): null

2020-09-02 19:59:42 - [TEST_STEP][PASSED] - maximizeWindow(): Current window maximized

2020-09-02 19:59:44 - [MESSAGE][PASSED] - Current window maximized

2020-09-02 19:59:44 - [TEST_STEP][PASSED] - navigateToUrl(V2Url): Navigate to 'https://v2dev.traction.tools' successfully

2020-09-02 19:59:45 - [MESSAGE][PASSED] - Navigate to 'https://v2dev.traction.tools' successfully

2020-09-02 19:59:45 - [TEST_STEP][PASSED] - callTestCase(findTestCase("V2/Test Case/Pre-conditions/PRE_LoginToTractionToolsApplication"), ["username":email, "password":password], STOP_ON_FAILURE): Call Test Case 'Test Cases/V2/Test Case/Pre-conditions/PRE_LoginToTractionToolsApplication' successfully

2020-09-02 19:59:45 - [TEST_CASE][PASSED] - Test Cases/V2/Test Case/Pre-conditions/PRE_LoginToTractionToolsApplication: Test Cases/V2/Test Case/Pre-conditions/PRE_LoginToTractionToolsApplication

2020-09-02 19:59:45 - [TEST_STEP][PASSED] - setText(findTestObject("V2/Commons/LoginPage/input__username"), username): Text 'tractiontools.user001+ta5hgv5s@gmail.com' is set on object 'Object Repository/V2/Commons/LoginPage/input__username'

2020-09-02 19:59:53 - [MESSAGE][PASSED] - Text 'tractiontools.user001+ta5hgv5s@gmail.com' is set on object 'Object Repository/V2/Commons/LoginPage/input__username'

2020-09-02 19:59:53 - [TEST_STEP][PASSED] - setText(findTestObject("V2/Commons/LoginPage/input__password"), password): Text 'Qwer123!' is set on object 'Object Repository/V2/Commons/LoginPage/input__password'

2020-09-02 19:59:53 - [MESSAGE][PASSED] - Text 'Qwer123!' is set on object 'Object Repository/V2/Commons/LoginPage/input__password'

2020-09-02 19:59:53 - [TEST_STEP][PASSED] - click(findTestObject("V2/Commons/LoginPage/div_Login")): Object: 'Object Repository/V2/Commons/LoginPage/div_Login' is clicked on

2020-09-02 19:59:53 - [MESSAGE][PASSED] - Object: 'Object Repository/V2/Commons/LoginPage/div_Login' is clicked on

2020-09-02 19:59:53 - [TEST_STEP][PASSED] - waitForElementVisible(findTestObject("V2/Commons/DasboardPage_SidebarMenu/img_Home_logo-big"), DefaultTimeout): Object 'Object Repository/V2/Commons/DasboardPage_SidebarMenu/img_Home_logo-big' is visible

2020-09-02 19:59:58 - [MESSAGE][PASSED] - Object 'Object Repository/V2/Commons/DasboardPage_SidebarMenu/img_Home_logo-big' is visible

2020-09-02 19:59:58 - [TEST_STEP][PASSED] - verifyElementVisible(findTestObject("V2/Commons/DasboardPage_SidebarMenu/img_Home_logo-big"), STOP_ON_FAILURE): Object 'Object Repository/V2/Commons/DasboardPage_SidebarMenu/img_Home_logo-big' is visible

2020-09-02 19:59:58 - [MESSAGE][PASSED] - Object 'Object Repository/V2/Commons/DasboardPage_SidebarMenu/img_Home_logo-big' is visible

2020-09-02 19:59:58 - [MESSAGE][PASSED] - Call Test Case 'Test Cases/V2/Test Case/Pre-conditions/PRE_LoginToTractionToolsApplication' successfully

2020-09-02 19:59:58 - [TEST_STEP][PASSED] - driver2 = new org.openqa.selenium.chrome.ChromeDriver(): null

2020-09-02 20:00:01 - [TEST_STEP][PASSED] - changeWebDriver(driver2): null

2020-09-02 20:00:01 - [TEST_STEP][PASSED] - maximizeWindow(): Current window maximized

2020-09-02 20:00:03 - [MESSAGE][PASSED] - Current window maximized

2020-09-02 20:00:03 - [TEST_STEP][PASSED] - navigateToUrl(V2Url): Navigate to 'https://v2dev.traction.tools' successfully

2020-09-02 20:00:04 - [MESSAGE][PASSED] - Navigate to 'https://v2dev.traction.tools' successfully

2020-09-02 20:00:04 - [TEST_STEP][PASSED] - callTestCase(findTestCase("V2/Test Case/Pre-conditions/PRE_LoginToTractionToolsApplication"), ["username":supervisor_email, "password":password], STOP_ON_FAILURE): Call Test Case 'Test Cases/V2/Test Case/Pre-conditions/PRE_LoginToTractionToolsApplication' successfully

2020-09-02 20:00:05 - [TEST_CASE][PASSED] - Test Cases/V2/Test Case/Pre-conditions/PRE_LoginToTractionToolsApplication: Test Cases/V2/Test Case/Pre-conditions/PRE_LoginToTractionToolsApplication

2020-09-02 20:00:05 - [TEST_STEP][PASSED] - setText(findTestObject("V2/Commons/LoginPage/input__username"), username): Text 'tractiontools.user001+ts5saao4@gmail.com' is set on object 'Object Repository/V2/Commons/LoginPage/input__username'

2020-09-02 20:00:12 - [MESSAGE][PASSED] - Text 'tractiontools.user001+ts5saao4@gmail.com' is set on object 'Object Repository/V2/Commons/LoginPage/input__username'

2020-09-02 20:00:12 - [TEST_STEP][PASSED] - setText(findTestObject("V2/Commons/LoginPage/input__password"), password): Text 'Qwer123!' is set on object 'Object Repository/V2/Commons/LoginPage/input__password'

2020-09-02 20:00:12 - [MESSAGE][PASSED] - Text 'Qwer123!' is set on object 'Object Repository/V2/Commons/LoginPage/input__password'

2020-09-02 20:00:12 - [TEST_STEP][PASSED] - click(findTestObject("V2/Commons/LoginPage/div_Login")): Object: 'Object Repository/V2/Commons/LoginPage/div_Login' is clicked on

2020-09-02 20:00:13 - [MESSAGE][PASSED] - Object: 'Object Repository/V2/Commons/LoginPage/div_Login' is clicked on

2020-09-02 20:00:13 - [TEST_STEP][PASSED] - waitForElementVisible(findTestObject("V2/Commons/DasboardPage_SidebarMenu/img_Home_logo-big"), DefaultTimeout): Object 'Object Repository/V2/Commons/DasboardPage_SidebarMenu/img_Home_logo-big' is visible

2020-09-02 20:00:17 - [MESSAGE][PASSED] - Object 'Object Repository/V2/Commons/DasboardPage_SidebarMenu/img_Home_logo-big' is visible

2020-09-02 20:00:17 - [TEST_STEP][PASSED] - verifyElementVisible(findTestObject("V2/Commons/DasboardPage_SidebarMenu/img_Home_logo-big"), STOP_ON_FAILURE): Object 'Object Repository/V2/Commons/DasboardPage_SidebarMenu/img_Home_logo-big' is visible

2020-09-02 20:00:17 - [MESSAGE][PASSED] - Object 'Object Repository/V2/Commons/DasboardPage_SidebarMenu/img_Home_logo-big' is visible

2020-09-02 20:00:17 - [MESSAGE][PASSED] - Call Test Case 'Test Cases/V2/Test Case/Pre-conditions/PRE_LoginToTractionToolsApplication' successfully

2020-09-02 20:00:17 - [TEST_STEP][PASSED] - driver3 = new org.openqa.selenium.chrome.ChromeDriver(): null

2020-09-02 20:00:20 - [TEST_STEP][PASSED] - changeWebDriver(driver3): null

2020-09-02 20:00:20 - [TEST_STEP][PASSED] - maximizeWindow(): Current window maximized

2020-09-02 20:00:22 - [MESSAGE][PASSED] - Current window maximized

2020-09-02 20:00:22 - [TEST_STEP][PASSED] - navigateToUrl(V2Url): Navigate to 'https://v2dev.traction.tools' successfully

2020-09-02 20:00:24 - [MESSAGE][PASSED] - Navigate to 'https://v2dev.traction.tools' successfully

2020-09-02 20:00:24 - [TEST_STEP][PASSED] - callTestCase(findTestCase("V2/Test Case/Pre-conditions/PRE_LoginToTractionToolsApplication"), ["username":employee_email, "password":password], STOP_ON_FAILURE): Call Test Case 'Test Cases/V2/Test Case/Pre-conditions/PRE_LoginToTractionToolsApplication' successfully

2020-09-02 20:00:24 - [TEST_CASE][PASSED] - Test Cases/V2/Test Case/Pre-conditions/PRE_LoginToTractionToolsApplication: Test Cases/V2/Test Case/Pre-conditions/PRE_LoginToTractionToolsApplication

2020-09-02 20:00:24 - [TEST_STEP][PASSED] - setText(findTestObject("V2/Commons/LoginPage/input__username"), username): Text 'tractiontools.user001+te58j0vv@gmail.com' is set on object 'Object Repository/V2/Commons/LoginPage/input__username'

2020-09-02 20:00:31 - [MESSAGE][PASSED] - Text 'tractiontools.user001+te58j0vv@gmail.com' is set on object 'Object Repository/V2/Commons/LoginPage/input__username'

2020-09-02 20:00:31 - [TEST_STEP][PASSED] - setText(findTestObject("V2/Commons/LoginPage/input__password"), password): Text 'Qwer123!' is set on object 'Object Repository/V2/Commons/LoginPage/input__password'

2020-09-02 20:00:32 - [MESSAGE][PASSED] - Text 'Qwer123!' is set on object 'Object Repository/V2/Commons/LoginPage/input__password'

2020-09-02 20:00:32 - [TEST_STEP][PASSED] - click(findTestObject("V2/Commons/LoginPage/div_Login")): Object: 'Object Repository/V2/Commons/LoginPage/div_Login' is clicked on

2020-09-02 20:00:32 - [MESSAGE][PASSED] - Object: 'Object Repository/V2/Commons/LoginPage/div_Login' is clicked on

2020-09-02 20:00:32 - [TEST_STEP][PASSED] - waitForElementVisible(findTestObject("V2/Commons/DasboardPage_SidebarMenu/img_Home_logo-big"), DefaultTimeout): Object 'Object Repository/V2/Commons/DasboardPage_SidebarMenu/img_Home_logo-big' is visible

2020-09-02 20:00:36 - [MESSAGE][PASSED] - Object 'Object Repository/V2/Commons/DasboardPage_SidebarMenu/img_Home_logo-big' is visible

2020-09-02 20:00:36 - [TEST_STEP][PASSED] - verifyElementVisible(findTestObject("V2/Commons/DasboardPage_SidebarMenu/img_Home_logo-big"), STOP_ON_FAILURE): Object 'Object Repository/V2/Commons/DasboardPage_SidebarMenu/img_Home_logo-big' is visible

2020-09-02 20:00:36 - [MESSAGE][PASSED] - Object 'Object Repository/V2/Commons/DasboardPage_SidebarMenu/img_Home_logo-big' is visible

2020-09-02 20:00:36 - [MESSAGE][PASSED] - Call Test Case 'Test Cases/V2/Test Case/Pre-conditions/PRE_LoginToTractionToolsApplication' successfully

2020-09-02 20:00:36 - [TEST_STEP][PASSED] - changeWebDriver(driver1): null

2020-09-02 20:00:36 - [TEST_STEP][PASSED] - callTestCase(findTestCase("V2/Test Case/Pre-conditions/PRE_AddMilestone_Rocks"), [:], STOP_ON_FAILURE): Call Test Case 'Test Cases/V2/Test Case/Pre-conditions/PRE_AddMilestone_Rocks' successfully

2020-09-02 20:00:36 - [TEST_CASE][PASSED] - Test Cases/V2/Test Case/Pre-conditions/PRE_AddMilestone_Rocks: Test Cases/V2/Test Case/Pre-conditions/PRE_AddMilestone_Rocks

2020-09-02 20:00:36 - [TEST_STEP][PASSED] - click(findTestObject("Object Repository/V2/Commons/ManageUsersPage/span_Company Settings")): Object: 'Object Repository/V2/Commons/ManageUsersPage/span_Company Settings' is clicked on

2020-09-02 20:00:36 - [MESSAGE][PASSED] - Object: 'Object Repository/V2/Commons/ManageUsersPage/span_Company Settings' is clicked on

2020-09-02 20:00:36 - [TEST_STEP][PASSED] - click(findTestObject("V2/Commons/DasboardPage_SidebarMenu/a_Advance Settings")): Object: 'Object Repository/V2/Commons/DasboardPage_SidebarMenu/a_Advance Settings' is clicked on

2020-09-02 20:00:36 - [MESSAGE][PASSED] - Object: 'Object Repository/V2/Commons/DasboardPage_SidebarMenu/a_Advance Settings' is clicked on

2020-09-02 20:00:36 - [TEST_STEP][PASSED] - waitForElementVisible(findTestObject("V2/Commons/AdvanceSettingsPage/Add_Milestone_Toggle"), DefaultTimeout): Object 'Object Repository/V2/Commons/AdvanceSettingsPage/Add_Milestone_Toggle' is visible

2020-09-02 20:00:36 - [MESSAGE][PASSED] - Object 'Object Repository/V2/Commons/AdvanceSettingsPage/Add_Milestone_Toggle' is visible

2020-09-02 20:00:36 - [TEST_STEP][PASSED] - click(findTestObject("V2/Commons/AdvanceSettingsPage/Add_Milestone_Toggle")): Object: 'Object Repository/V2/Commons/AdvanceSettingsPage/Add_Milestone_Toggle' is clicked on

2020-09-02 20:00:37 - [MESSAGE][PASSED] - Object: 'Object Repository/V2/Commons/AdvanceSettingsPage/Add_Milestone_Toggle' is clicked on

2020-09-02 20:00:37 - [TEST_STEP][PASSED] - A_validateMilestoneChecked = getAttribute(findTestObject("V2/Commons/AdvanceSettingsPage/Verify_Milestone_Toggle"), "checked"): Attribute 'checked' of object 'Object Repository/V2/Commons/AdvanceSettingsPage/Verify_Milestone_Toggle' is: 'true'

2020-09-02 20:00:37 - [MESSAGE][PASSED] - Attribute 'checked' of object 'Object Repository/V2/Commons/AdvanceSettingsPage/Verify_Milestone_Toggle' is: 'true'

2020-09-02 20:00:37 - [TEST_STEP][PASSED] - verifyMatch(A_validateMilestoneChecked, "true", false): Actual text 'true' and expected text 'true' are matched 

2020-09-02 20:00:37 - [MESSAGE][PASSED] - Actual text 'true' and expected text 'true' are matched 

2020-09-02 20:00:37 - [TEST_STEP][PASSED] - click(findTestObject("V2/Commons/AdvanceSettingsPage/Save_Rules")): Object: 'Object Repository/V2/Commons/AdvanceSettingsPage/Save_Rules' is clicked on

2020-09-02 20:00:37 - [MESSAGE][PASSED] - Object: 'Object Repository/V2/Commons/AdvanceSettingsPage/Save_Rules' is clicked on

2020-09-02 20:00:37 - [MESSAGE][PASSED] - Call Test Case 'Test Cases/V2/Test Case/Pre-conditions/PRE_AddMilestone_Rocks' successfully

2020-09-02 20:00:37 - [TEST_STEP][PASSED] - callTestCase(findTestCase("V2/Test Case/Pre-conditions/PRE_CreateL10Meeting"), ["meetingName":meetingName, "meetingAcronym":meetingAcronym, "meetingType":meetingType, "dropdownOptions_obj":"//div[@id='CREATE_MEETING_L10']//span[text()='%s']/parent::div[@role='option']", ... ], STOP_ON_FAILURE): Call Test Case 'Test Cases/V2/Test Case/Pre-conditions/PRE_CreateL10Meeting' successfully

2020-09-02 20:00:37 - [TEST_CASE][PASSED] - Test Cases/V2/Test Case/Pre-conditions/PRE_CreateL10Meeting: Test Cases/V2/Test Case/Pre-conditions/PRE_CreateL10Meeting

2020-09-02 20:00:37 - [TEST_STEP][PASSED] - click(findTestObject("V2/Commons/DasboardPage_SidebarMenu/MeetingsMenu")): Object: 'Object Repository/V2/Commons/DasboardPage_SidebarMenu/MeetingsMenu' is clicked on

2020-09-02 20:00:37 - [MESSAGE][PASSED] - Object: 'Object Repository/V2/Commons/DasboardPage_SidebarMenu/MeetingsMenu' is clicked on

2020-09-02 20:00:37 - [TEST_STEP][PASSED] - click(findTestObject("Object Repository/V2/Commons/MeetingListPage/div_Create a meeting")): Object: 'Object Repository/V2/Commons/MeetingListPage/div_Create a meeting' is clicked on

2020-09-02 20:00:37 - [MESSAGE][PASSED] - Object: 'Object Repository/V2/Commons/MeetingListPage/div_Create a meeting' is clicked on

2020-09-02 20:00:37 - [TEST_STEP][PASSED] - click(findTestObject("Object Repository/V2/Commons/MeetingListPage/button_Level 10")): Object: 'Object Repository/V2/Commons/MeetingListPage/button_Level 10' is clicked on

2020-09-02 20:00:37 - [MESSAGE][PASSED] - Object: 'Object Repository/V2/Commons/MeetingListPage/button_Level 10' is clicked on

2020-09-02 20:00:37 - [TEST_STEP][PASSED] - waitForElementVisible(findTestObject("V2/Commons/CreateL10MeetingDrawer/input__name"), DefaultTimeout): Object 'Object Repository/V2/Commons/CreateL10MeetingDrawer/input__name' is visible

2020-09-02 20:00:38 - [MESSAGE][PASSED] - Object 'Object Repository/V2/Commons/CreateL10MeetingDrawer/input__name' is visible

2020-09-02 20:00:38 - [TEST_STEP][PASSED] - setText(findTestObject("V2/Commons/CreateL10MeetingDrawer/input__name"), meetingName): Text 'Meeting Admin' is set on object 'Object Repository/V2/Commons/CreateL10MeetingDrawer/input__name'

2020-09-02 20:00:38 - [MESSAGE][PASSED] - Text 'Meeting Admin' is set on object 'Object Repository/V2/Commons/CreateL10MeetingDrawer/input__name'

2020-09-02 20:00:38 - [TEST_STEP][PASSED] - setText(findTestObject("V2/Commons/CreateL10MeetingDrawer/input__acronym"), meetingAcronym): Text 'CL10' is set on object 'Object Repository/V2/Commons/CreateL10MeetingDrawer/input__acronym'

2020-09-02 20:00:38 - [MESSAGE][PASSED] - Text 'CL10' is set on object 'Object Repository/V2/Commons/CreateL10MeetingDrawer/input__acronym'

2020-09-02 20:00:38 - [TEST_STEP][PASSED] - click(findTestObject("V2/Commons/CreateL10MeetingDrawer/input__typeOfMeeting")): Object: 'Object Repository/V2/Commons/CreateL10MeetingDrawer/input__typeOfMeeting' is clicked on

2020-09-02 20:00:38 - [MESSAGE][PASSED] - Object: 'Object Repository/V2/Commons/CreateL10MeetingDrawer/input__typeOfMeeting' is clicked on

2020-09-02 20:00:38 - [TEST_STEP][PASSED] - meetingTypeOption_Obj = tt_CustomKeywords.CustomKeywords.CreateDynamicElement(dropdownOptions_obj, meetingType, "xpath"): Successfully created new dynamic object: //div[@id='CREATE_MEETING_L10']//span[text()='Leadership']/parent::div[@role='option']

2020-09-02 20:00:38 - [MESSAGE][PASSED] - Successfully created new dynamic object: //div[@id='CREATE_MEETING_L10']//span[text()='Leadership']/parent::div[@role='option']

2020-09-02 20:00:38 - [TEST_STEP][PASSED] - click(meetingTypeOption_Obj): Object: '' is clicked on

2020-09-02 20:00:39 - [MESSAGE][PASSED] - Object: '' is clicked on

2020-09-02 20:00:39 - [TEST_STEP][PASSED] - click(findTestObject("V2/Commons/CreateL10MeetingDrawer/div_dayOfMeetingDropdownList")): Object: 'Object Repository/V2/Commons/CreateL10MeetingDrawer/div_dayOfMeetingDropdownList' is clicked on

2020-09-02 20:00:39 - [MESSAGE][PASSED] - Object: 'Object Repository/V2/Commons/CreateL10MeetingDrawer/div_dayOfMeetingDropdownList' is clicked on

2020-09-02 20:00:39 - [TEST_STEP][PASSED] - dayOfMeetingOption_Obj = tt_CustomKeywords.CustomKeywords.CreateDynamicElement(dropdownOptions_obj, dayOfMeeting, "xpath"): Successfully created new dynamic object: //div[@id='CREATE_MEETING_L10']//span[text()='Monday']/parent::div[@role='option']

2020-09-02 20:00:39 - [MESSAGE][PASSED] - Successfully created new dynamic object: //div[@id='CREATE_MEETING_L10']//span[text()='Monday']/parent::div[@role='option']

2020-09-02 20:00:39 - [TEST_STEP][PASSED] - click(dayOfMeetingOption_Obj): Object: '' is clicked on

2020-09-02 20:00:39 - [MESSAGE][PASSED] - Object: '' is clicked on

2020-09-02 20:00:39 - [TEST_STEP][PASSED] - click(findTestObject("V2/Commons/CreateL10MeetingDrawer/input_meetingTime")): Object: 'Object Repository/V2/Commons/CreateL10MeetingDrawer/input_meetingTime' is clicked on

2020-09-02 20:00:39 - [MESSAGE][PASSED] - Object: 'Object Repository/V2/Commons/CreateL10MeetingDrawer/input_meetingTime' is clicked on

2020-09-02 20:00:39 - [TEST_STEP][PASSED] - setText(findTestObject("V2/Commons/CreateL10MeetingDrawer/input_meetingTime"), meetingTime): Text '12:00' is set on object 'Object Repository/V2/Commons/CreateL10MeetingDrawer/input_meetingTime'

2020-09-02 20:00:39 - [MESSAGE][PASSED] - Text '12:00' is set on object 'Object Repository/V2/Commons/CreateL10MeetingDrawer/input_meetingTime'

2020-09-02 20:00:39 - [TEST_STEP][PASSED] - sendKeys(findTestObject("V2/Commons/CreateL10MeetingDrawer/input_meetingTime"), Keys.chord(TAB)): Keys 'TAB + ' sent to object: 'Object Repository/V2/Commons/CreateL10MeetingDrawer/input_meetingTime'

2020-09-02 20:00:39 - [MESSAGE][PASSED] - Keys 'TAB + ' sent to object: 'Object Repository/V2/Commons/CreateL10MeetingDrawer/input_meetingTime'

2020-09-02 20:00:39 - [TEST_STEP][PASSED] - click(findTestObject("V2/Commons/CreateL10MeetingDrawer/div_Create Meeting")): Object: 'Object Repository/V2/Commons/CreateL10MeetingDrawer/div_Create Meeting' is clicked on

2020-09-02 20:00:39 - [MESSAGE][PASSED] - Object: 'Object Repository/V2/Commons/CreateL10MeetingDrawer/div_Create Meeting' is clicked on

2020-09-02 20:00:39 - [TEST_STEP][PASSED] - waitForElementVisible(findTestObject("Object Repository/V2/Commons/MeetingListPage/div_Ill do this later"), DefaultTimeout): Object 'Object Repository/V2/Commons/MeetingListPage/div_Ill do this later' is visible

2020-09-02 20:01:14 - [MESSAGE][PASSED] - Object 'Object Repository/V2/Commons/MeetingListPage/div_Ill do this later' is visible

2020-09-02 20:01:14 - [TEST_STEP][PASSED] - verifyElementVisible(findTestObject("Object Repository/V2/Commons/MeetingListPage/div_Ill do this later"), STOP_ON_FAILURE): Object 'Object Repository/V2/Commons/MeetingListPage/div_Ill do this later' is visible

2020-09-02 20:01:14 - [MESSAGE][PASSED] - Object 'Object Repository/V2/Commons/MeetingListPage/div_Ill do this later' is visible

2020-09-02 20:01:14 - [TEST_STEP][PASSED] - click(findTestObject("Object Repository/V2/Commons/MeetingListPage/div_Ill do this later")): Object: 'Object Repository/V2/Commons/MeetingListPage/div_Ill do this later' is clicked on

2020-09-02 20:01:15 - [MESSAGE][PASSED] - Object: 'Object Repository/V2/Commons/MeetingListPage/div_Ill do this later' is clicked on

2020-09-02 20:01:15 - [TEST_STEP][PASSED] - meetingRecordObj = tt_CustomKeywords.CustomKeywords.CreateDynamicElement(meetingRecord_obj, meetingName, "xpath"): Successfully created new dynamic object: //div[@class='detailscontainer__block item']/h4[text()='Meeting Admin']

2020-09-02 20:01:15 - [MESSAGE][PASSED] - Successfully created new dynamic object: //div[@class='detailscontainer__block item']/h4[text()='Meeting Admin']

2020-09-02 20:01:15 - [TEST_STEP][PASSED] - verifyElementPresent(meetingRecordObj, DefaultTimeout): Object '' is present

2020-09-02 20:01:15 - [MESSAGE][PASSED] - Object '' is present

2020-09-02 20:01:15 - [MESSAGE][PASSED] - Call Test Case 'Test Cases/V2/Test Case/Pre-conditions/PRE_CreateL10Meeting' successfully

2020-09-02 20:01:15 - [TEST_STEP][PASSED] - callTestCase(findTestCase("V2/Test Case/Tests/PR-369 - EditMeetingAgenda/Test Cases/Positive/Admin/PR_369_7_EditMeetingCreateRock_Admin"), ["userName":"jeff+075@mytractiontools.com", "passWord":"Skyline69A*", "meetingRowPosition":"3", "editMeetingMenu_Obj":"//div[@id='root']/div/div[2]/div/div/div/div[2]/div/div[%s]/div[3]/button/i", ... ], STOP_ON_FAILURE): Call Test Case 'Test Cases/V2/Test Case/Tests/PR-369 - EditMeetingAgenda/Test Cases/Positive/Admin/PR_369_7_EditMeetingCreateRock_Admin' successfully

2020-09-02 20:01:15 - [TEST_CASE][PASSED] - Test Cases/V2/Test Case/Tests/PR-369 - EditMeetingAgenda/Test Cases/Positive/Admin/PR_369_7_EditMeetingCreateRock_Admin: Test Cases/V2/Test Case/Tests/PR-369 - EditMeetingAgenda/Test Cases/Positive/Admin/PR_369_7_EditMeetingCreateRock_Admin

2020-09-02 20:01:15 - [TEST_STEP][NOT_RUN] - openBrowser(""): NOT_RUN: openBrowser("")

2020-09-02 20:01:15 - [MESSAGE][NOT_RUN] - NOT_RUN: openBrowser("")

2020-09-02 20:01:15 - [TEST_STEP][NOT_RUN] - maximizeWindow(): NOT_RUN: maximizeWindow()

2020-09-02 20:01:15 - [MESSAGE][NOT_RUN] - NOT_RUN: maximizeWindow()

2020-09-02 20:01:15 - [TEST_STEP][NOT_RUN] - navigateToUrl(V2Url): NOT_RUN: navigateToUrl(V2Url)

2020-09-02 20:01:15 - [MESSAGE][NOT_RUN] - NOT_RUN: navigateToUrl(V2Url)

2020-09-02 20:01:15 - [TEST_STEP][NOT_RUN] - setText(findTestObject("V2/PR-369/Page_Login/userName_Field"), "tractiontools.user001+ta58jzbl@gmail.com"): NOT_RUN: setText(findTestObject("V2/PR-369/Page_Login/userName_Field"), "tractiontools.user001+ta58jzbl@gmail.com")

2020-09-02 20:01:15 - [MESSAGE][NOT_RUN] - NOT_RUN: setText(findTestObject("V2/PR-369/Page_Login/userName_Field"), "tractiontools.user001+ta58jzbl@gmail.com")

2020-09-02 20:01:15 - [TEST_STEP][NOT_RUN] - setText(findTestObject("V2/PR-369/Page_Login/passWord_Field"), "Qwer123!"): NOT_RUN: setText(findTestObject("V2/PR-369/Page_Login/passWord_Field"), "Qwer123!")

2020-09-02 20:01:15 - [MESSAGE][NOT_RUN] - NOT_RUN: setText(findTestObject("V2/PR-369/Page_Login/passWord_Field"), "Qwer123!")

2020-09-02 20:01:15 - [TEST_STEP][NOT_RUN] - click(findTestObject("V2/PR-369/Page_Login/Login_Button")): NOT_RUN: click(findTestObject("V2/PR-369/Page_Login/Login_Button"))

2020-09-02 20:01:15 - [MESSAGE][NOT_RUN] - NOT_RUN: click(findTestObject("V2/PR-369/Page_Login/Login_Button"))

2020-09-02 20:01:15 - [TEST_STEP][PASSED] - waitForElementVisible(findTestObject("V2/Commons/DasboardPage_SidebarMenu/MeetingsMenu"), DefaultTimeout): Object 'Object Repository/V2/Commons/DasboardPage_SidebarMenu/MeetingsMenu' is visible

2020-09-02 20:01:15 - [MESSAGE][PASSED] - Object 'Object Repository/V2/Commons/DasboardPage_SidebarMenu/MeetingsMenu' is visible

2020-09-02 20:01:15 - [TEST_STEP][PASSED] - click(findTestObject("V2/Commons/DasboardPage_SidebarMenu/MeetingsMenu")): Object: 'Object Repository/V2/Commons/DasboardPage_SidebarMenu/MeetingsMenu' is clicked on

2020-09-02 20:01:15 - [MESSAGE][PASSED] - Object: 'Object Repository/V2/Commons/DasboardPage_SidebarMenu/MeetingsMenu' is clicked on

2020-09-02 20:01:15 - [TEST_STEP][PASSED] - meetingOpt_Obj = tt_CustomKeywords.CustomKeywords.CreateDynamicElement(meetingOptions_obj, meetingName, "xpath"): Successfully created new dynamic object: //h4[text()='Meeting Admin']/ancestor::div[contains(@class,'ListContainer')]/div[@class='listcontainer__options']/button

2020-09-02 20:01:15 - [MESSAGE][PASSED] - Successfully created new dynamic object: //h4[text()='Meeting Admin']/ancestor::div[contains(@class,'ListContainer')]/div[@class='listcontainer__options']/button

2020-09-02 20:01:15 - [TEST_STEP][PASSED] - click(meetingOpt_Obj): Object: '' is clicked on

2020-09-02 20:01:15 - [MESSAGE][PASSED] - Object: '' is clicked on

2020-09-02 20:01:15 - [TEST_STEP][PASSED] - click(findTestObject("V2/Commons/MeetingListPage/a_Edit meeting")): Object: 'Object Repository/V2/Commons/MeetingListPage/a_Edit meeting' is clicked on

2020-09-02 20:01:15 - [MESSAGE][PASSED] - Object: 'Object Repository/V2/Commons/MeetingListPage/a_Edit meeting' is clicked on

2020-09-02 20:01:15 - [TEST_STEP][PASSED] - waitForElementVisible(findTestObject("V2/PR-369/Edit_Meeting_Rocks/Rocks_Menu"), DefaultTimeout): Object 'Object Repository/V2/PR-369/Edit_Meeting_Rocks/Rocks_Menu' is visible

2020-09-02 20:01:16 - [MESSAGE][PASSED] - Object 'Object Repository/V2/PR-369/Edit_Meeting_Rocks/Rocks_Menu' is visible

2020-09-02 20:01:16 - [TEST_STEP][PASSED] - click(findTestObject("V2/PR-369/Edit_Meeting_Rocks/Rocks_Menu")): Object: 'Object Repository/V2/PR-369/Edit_Meeting_Rocks/Rocks_Menu' is clicked on

2020-09-02 20:01:16 - [MESSAGE][PASSED] - Object: 'Object Repository/V2/PR-369/Edit_Meeting_Rocks/Rocks_Menu' is clicked on

2020-09-02 20:01:16 - [TEST_STEP][PASSED] - click(findTestObject("V2/PR-369/Edit_Meeting_Rocks/CreateRocksButton")): Object: 'Object Repository/V2/PR-369/Edit_Meeting_Rocks/CreateRocksButton' is clicked on

2020-09-02 20:01:16 - [MESSAGE][PASSED] - Object: 'Object Repository/V2/PR-369/Edit_Meeting_Rocks/CreateRocksButton' is clicked on

2020-09-02 20:01:16 - [TEST_STEP][PASSED] - click(findTestObject("V2/PR-369/Edit_Meeting_Rocks/Create_New_Rocks")): Object: 'Object Repository/V2/PR-369/Edit_Meeting_Rocks/Create_New_Rocks' is clicked on

2020-09-02 20:01:17 - [MESSAGE][PASSED] - Object: 'Object Repository/V2/PR-369/Edit_Meeting_Rocks/Create_New_Rocks' is clicked on

2020-09-02 20:01:17 - [TEST_STEP][PASSED] - waitForElementVisible(findTestObject("V2/PR-369/Edit_Meeting_Rocks/Rock_Name_Title"), DefaultTimeout): Object 'Object Repository/V2/PR-369/Edit_Meeting_Rocks/Rock_Name_Title' is visible

2020-09-02 20:01:17 - [MESSAGE][PASSED] - Object 'Object Repository/V2/PR-369/Edit_Meeting_Rocks/Rock_Name_Title' is visible

2020-09-02 20:01:17 - [TEST_STEP][PASSED] - setText(findTestObject("V2/PR-369/Edit_Meeting_Rocks/Rock_Name_Title"), rockName): Text 'QA Edit Meeting Automation Rock Test' is set on object 'Object Repository/V2/PR-369/Edit_Meeting_Rocks/Rock_Name_Title'

2020-09-02 20:01:17 - [MESSAGE][PASSED] - Text 'QA Edit Meeting Automation Rock Test' is set on object 'Object Repository/V2/PR-369/Edit_Meeting_Rocks/Rock_Name_Title'

2020-09-02 20:01:17 - [TEST_STEP][PASSED] - click(findTestObject("V2/PR-369/Edit_Meeting_Rocks/Status_OffTrack_Rock")): Object: 'Object Repository/V2/PR-369/Edit_Meeting_Rocks/Status_OffTrack_Rock' is clicked on

2020-09-02 20:01:17 - [MESSAGE][PASSED] - Object: 'Object Repository/V2/PR-369/Edit_Meeting_Rocks/Status_OffTrack_Rock' is clicked on

2020-09-02 20:01:17 - [TEST_STEP][PASSED] - click(findTestObject("V2/PR-369/Edit_Meeting_Rocks/Accountable_Owner_Field")): Object: 'Object Repository/V2/PR-369/Edit_Meeting_Rocks/Accountable_Owner_Field' is clicked on

2020-09-02 20:01:17 - [MESSAGE][PASSED] - Object: 'Object Repository/V2/PR-369/Edit_Meeting_Rocks/Accountable_Owner_Field' is clicked on

2020-09-02 20:01:17 - [TEST_STEP][PASSED] - accountableOwner = tt_CustomKeywords.CustomKeywords.CreateDynamicElement(owner_Obj, ownerSelected, "xpath"): Successfully created new dynamic object: //div[@data-test-id='createRock']//div[@role='listbox'][@class='visible menu transition']/div[@role='option'][contains(@class,'item')]/span[text()='Admin User']

2020-09-02 20:01:17 - [MESSAGE][PASSED] - Successfully created new dynamic object: //div[@data-test-id='createRock']//div[@role='listbox'][@class='visible menu transition']/div[@role='option'][contains(@class,'item')]/span[text()='Admin User']

2020-09-02 20:01:17 - [TEST_STEP][PASSED] - click(accountableOwner): Object: '' is clicked on

2020-09-02 20:01:17 - [MESSAGE][PASSED] - Object: '' is clicked on

2020-09-02 20:01:17 - [TEST_STEP][PASSED] - click(findTestObject("V2/PR-369/Edit_Meeting_Rocks/Visibility_Level_Field")): Object: 'Object Repository/V2/PR-369/Edit_Meeting_Rocks/Visibility_Level_Field' is clicked on

2020-09-02 20:01:17 - [MESSAGE][PASSED] - Object: 'Object Repository/V2/PR-369/Edit_Meeting_Rocks/Visibility_Level_Field' is clicked on

2020-09-02 20:01:17 - [TEST_STEP][PASSED] - click(findTestObject("V2/PR-369/Edit_Meeting_Rocks/Visibility_Level_Company")): Object: 'Object Repository/V2/PR-369/Edit_Meeting_Rocks/Visibility_Level_Company' is clicked on

2020-09-02 20:01:18 - [MESSAGE][PASSED] - Object: 'Object Repository/V2/PR-369/Edit_Meeting_Rocks/Visibility_Level_Company' is clicked on

2020-09-02 20:01:18 - [TEST_STEP][PASSED] - click(findTestObject("V2/PR-369/Edit_Meeting_Rocks/Rocks_Due_Date_Field")): Object: 'Object Repository/V2/PR-369/Edit_Meeting_Rocks/Rocks_Due_Date_Field' is clicked on

2020-09-02 20:01:18 - [MESSAGE][PASSED] - Object: 'Object Repository/V2/PR-369/Edit_Meeting_Rocks/Rocks_Due_Date_Field' is clicked on

2020-09-02 20:01:18 - [TEST_STEP][PASSED] - click(findTestObject("V2/PR-369/Edit_Meeting_Scorecard/A_Date29")): Object: 'Object Repository/V2/PR-369/Edit_Meeting_Scorecard/A_Date29' is clicked on

2020-09-02 20:01:18 - [MESSAGE][PASSED] - Object: 'Object Repository/V2/PR-369/Edit_Meeting_Scorecard/A_Date29' is clicked on

2020-09-02 20:01:18 - [TEST_STEP][PASSED] - verifyElementVisible(findTestObject("V2/PR-369/Edit_Meeting_Rocks/Verify_Notes_Section")): Object 'Object Repository/V2/PR-369/Edit_Meeting_Rocks/Verify_Notes_Section' is visible

2020-09-02 20:01:18 - [MESSAGE][PASSED] - Object 'Object Repository/V2/PR-369/Edit_Meeting_Rocks/Verify_Notes_Section' is visible

2020-09-02 20:01:18 - [TEST_STEP][PASSED] - setText(findTestObject("V2/PR-369/Edit_Meeting_Rocks/Notes_Comments"), Notes): Text 'Sample Notes' is set on object 'Object Repository/V2/PR-369/Edit_Meeting_Rocks/Notes_Comments'

2020-09-02 20:01:34 - [MESSAGE][PASSED] - Text 'Sample Notes' is set on object 'Object Repository/V2/PR-369/Edit_Meeting_Rocks/Notes_Comments'

2020-09-02 20:01:34 - [TEST_STEP][PASSED] - sendKeys(findTestObject("V2/PR-369/Edit_Meeting_Rocks/Add_Milestone_Button"), Keys.chord(PAGE_DOWN)): Keys 'PAGE_DOWN + ' sent to object: 'Object Repository/V2/PR-369/Edit_Meeting_Rocks/Add_Milestone_Button'

2020-09-02 20:01:34 - [MESSAGE][PASSED] - Keys 'PAGE_DOWN + ' sent to object: 'Object Repository/V2/PR-369/Edit_Meeting_Rocks/Add_Milestone_Button'

2020-09-02 20:01:34 - [TEST_STEP][PASSED] - click(findTestObject("V2/PR-369/Edit_Meeting_Rocks/Add_Milestone_Button")): Object: 'Object Repository/V2/PR-369/Edit_Meeting_Rocks/Add_Milestone_Button' is clicked on

2020-09-02 20:01:34 - [MESSAGE][PASSED] - Object: 'Object Repository/V2/PR-369/Edit_Meeting_Rocks/Add_Milestone_Button' is clicked on

2020-09-02 20:01:34 - [TEST_STEP][PASSED] - setText(findTestObject("V2/PR-369/Edit_Meeting_Rocks/Milestone_Text_Field"), milestoneName): Text 'Milestone 1' is set on object 'Object Repository/V2/PR-369/Edit_Meeting_Rocks/Milestone_Text_Field'

2020-09-02 20:01:35 - [MESSAGE][PASSED] - Text 'Milestone 1' is set on object 'Object Repository/V2/PR-369/Edit_Meeting_Rocks/Milestone_Text_Field'

2020-09-02 20:01:35 - [TEST_STEP][PASSED] - click(findTestObject("V2/PR-369/Edit_Meeting_Rocks/Milestone_date")): Object: 'Object Repository/V2/PR-369/Edit_Meeting_Rocks/Milestone_date' is clicked on

2020-09-02 20:01:35 - [MESSAGE][PASSED] - Object: 'Object Repository/V2/PR-369/Edit_Meeting_Rocks/Milestone_date' is clicked on

2020-09-02 20:01:35 - [TEST_STEP][PASSED] - waitForElementVisible(findTestObject("V2/PR-369/Edit_Meeting_Scorecard/A_Date29"), 0): Object 'Object Repository/V2/PR-369/Edit_Meeting_Scorecard/A_Date29' is visible

2020-09-02 20:01:35 - [MESSAGE][WARNING] - Timeout '0' is invalid. Using default page load timeout: '30'

2020-09-02 20:01:36 - [MESSAGE][PASSED] - Object 'Object Repository/V2/PR-369/Edit_Meeting_Scorecard/A_Date29' is visible

2020-09-02 20:01:36 - [TEST_STEP][PASSED] - click(findTestObject("V2/PR-369/Edit_Meeting_Scorecard/A_Date29")): Object: 'Object Repository/V2/PR-369/Edit_Meeting_Scorecard/A_Date29' is clicked on

2020-09-02 20:01:36 - [MESSAGE][PASSED] - Object: 'Object Repository/V2/PR-369/Edit_Meeting_Scorecard/A_Date29' is clicked on

2020-09-02 20:01:36 - [TEST_STEP][PASSED] - click(findTestObject("V2/PR-369/Edit_Meeting_Rocks/Save_Button")): Object: 'Object Repository/V2/PR-369/Edit_Meeting_Rocks/Save_Button' is clicked on

2020-09-02 20:01:36 - [MESSAGE][PASSED] - Object: 'Object Repository/V2/PR-369/Edit_Meeting_Rocks/Save_Button' is clicked on

2020-09-02 20:01:36 - [TEST_STEP][PASSED] - delay(10): Delayed 10 second(s)

2020-09-02 20:01:46 - [MESSAGE][PASSED] - Delayed 10 second(s)

2020-09-02 20:01:46 - [TEST_STEP][PASSED] - verifyRocks = tt_CustomKeywords.CustomKeywords.CreateDynamicElement(verifyRocks_Obj, rockName, "xpath"): Successfully created new dynamic object: //h2[text()='Rocks']/ancestor::div[contains(@class,'CardStyles')]/div[2]//div[@data-test-id='rock.title'][contains(@class,'TextBodyStyles-sc') and text()='QA Edit Meeting Automation Rock Test']

2020-09-02 20:01:46 - [MESSAGE][PASSED] - Successfully created new dynamic object: //h2[text()='Rocks']/ancestor::div[contains(@class,'CardStyles')]/div[2]//div[@data-test-id='rock.title'][contains(@class,'TextBodyStyles-sc') and text()='QA Edit Meeting Automation Rock Test']

2020-09-02 20:01:46 - [TEST_STEP][PASSED] - verifyElementPresent(verifyRocks, DefaultTimeout): Object '' is present

2020-09-02 20:01:46 - [MESSAGE][PASSED] - Object '' is present

2020-09-02 20:01:46 - [TEST_STEP][PASSED] - verifyMilestone = tt_CustomKeywords.CustomKeywords.CreateDynamicElement(verifyMilestone_Obj, milestoneName, "xpath"): Successfully created new dynamic object: //h2[text()='Rocks']/ancestor::div[contains(@class,'CardStyles')]/div[2]//div[contains(@class,'milestoneListItem__name')]/span[text()='Milestone 1']

2020-09-02 20:01:46 - [MESSAGE][PASSED] - Successfully created new dynamic object: //h2[text()='Rocks']/ancestor::div[contains(@class,'CardStyles')]/div[2]//div[contains(@class,'milestoneListItem__name')]/span[text()='Milestone 1']

2020-09-02 20:01:46 - [TEST_STEP][PASSED] - verifyElementPresent(verifyMilestone, DefaultTimeout): Object '' is present

2020-09-02 20:01:46 - [MESSAGE][PASSED] - Object '' is present

2020-09-02 20:01:46 - [TEST_STEP][NOT_RUN] - click(verifyRocks): NOT_RUN: click(verifyRocks)

2020-09-02 20:01:46 - [MESSAGE][NOT_RUN] - NOT_RUN: click(verifyRocks)

2020-09-02 20:01:46 - [TEST_STEP][NOT_RUN] - delay(10): NOT_RUN: delay(10)

2020-09-02 20:01:46 - [MESSAGE][NOT_RUN] - NOT_RUN: delay(10)

2020-09-02 20:01:46 - [TEST_STEP][NOT_RUN] - click(findTestObject("V2/PR-369/UpdateEditMeetingRocks/Edit_Rock_Name")): NOT_RUN: click(findTestObject("V2/PR-369/UpdateEditMeetingRocks/Edit_Rock_Name"))

2020-09-02 20:01:46 - [MESSAGE][NOT_RUN] - NOT_RUN: click(findTestObject("V2/PR-369/UpdateEditMeetingRocks/Edit_Rock_Name"))

2020-09-02 20:01:46 - [TEST_STEP][NOT_RUN] - sendKeys(findTestObject("V2/PR-369/UpdateEditMeetingRocks/Edit_Rock_Name"), Keys.chord(LEFT_CONTROL, "a", BACK_SPACE)): NOT_RUN: sendKeys(findTestObject("V2/PR-369/UpdateEditMeetingRocks/Edit_Rock_Name"), Keys.chord(LEFT_CONTROL, "a", BACK_SPACE))

2020-09-02 20:01:46 - [MESSAGE][NOT_RUN] - NOT_RUN: sendKeys(findTestObject("V2/PR-369/UpdateEditMeetingRocks/Edit_Rock_Name"), Keys.chord(LEFT_CONTROL, "a", BACK_SPACE))

2020-09-02 20:01:46 - [TEST_STEP][NOT_RUN] - setText(findTestObject("V2/PR-369/UpdateEditMeetingRocks/Edit_Rock_Name"), editRockName): NOT_RUN: setText(findTestObject("V2/PR-369/UpdateEditMeetingRocks/Edit_Rock_Name"), editRockName)

2020-09-02 20:01:46 - [MESSAGE][NOT_RUN] - NOT_RUN: setText(findTestObject("V2/PR-369/UpdateEditMeetingRocks/Edit_Rock_Name"), editRockName)

2020-09-02 20:01:46 - [TEST_STEP][NOT_RUN] - click(findTestObject("V2/PR-369/UpdateEditMeetingRocks/Edit_Status_Done")): NOT_RUN: click(findTestObject("V2/PR-369/UpdateEditMeetingRocks/Edit_Status_Done"))

2020-09-02 20:01:46 - [MESSAGE][NOT_RUN] - NOT_RUN: click(findTestObject("V2/PR-369/UpdateEditMeetingRocks/Edit_Status_Done"))

2020-09-02 20:01:46 - [TEST_STEP][NOT_RUN] - click(findTestObject("V2/PR-369/UpdateEditMeetingRocks/Edit_Accountable_Owner")): NOT_RUN: click(findTestObject("V2/PR-369/UpdateEditMeetingRocks/Edit_Accountable_Owner"))

2020-09-02 20:01:46 - [MESSAGE][NOT_RUN] - NOT_RUN: click(findTestObject("V2/PR-369/UpdateEditMeetingRocks/Edit_Accountable_Owner"))

2020-09-02 20:01:46 - [TEST_STEP][NOT_RUN] - editOwner = tt_CustomKeywords.CustomKeywords.CreateDynamicElement(editOwner_Obj, editOwner, "xpath"): NOT_RUN: editOwner = tt_CustomKeywords.CustomKeywords.CreateDynamicElement(editOwner_Obj, editOwner, "xpath")

2020-09-02 20:01:46 - [MESSAGE][NOT_RUN] - NOT_RUN: editOwner = tt_CustomKeywords.CustomKeywords.CreateDynamicElement(editOwner_Obj, editOwner, "xpath")

2020-09-02 20:01:46 - [TEST_STEP][NOT_RUN] - click(editOwner): NOT_RUN: click(editOwner)

2020-09-02 20:01:46 - [MESSAGE][NOT_RUN] - NOT_RUN: click(editOwner)

2020-09-02 20:01:46 - [TEST_STEP][NOT_RUN] - click(findTestObject("V2/PR-369/UpdateEditMeetingRocks/Edit_Visibility_Level")): NOT_RUN: click(findTestObject("V2/PR-369/UpdateEditMeetingRocks/Edit_Visibility_Level"))

2020-09-02 20:01:46 - [MESSAGE][NOT_RUN] - NOT_RUN: click(findTestObject("V2/PR-369/UpdateEditMeetingRocks/Edit_Visibility_Level"))

2020-09-02 20:01:46 - [TEST_STEP][NOT_RUN] - click(findTestObject("V2/PR-369/UpdateEditMeetingRocks/Edit_Visibility_Level_Department")): NOT_RUN: click(findTestObject("V2/PR-369/UpdateEditMeetingRocks/Edit_Visibility_Level_Department"))

2020-09-02 20:01:46 - [MESSAGE][NOT_RUN] - NOT_RUN: click(findTestObject("V2/PR-369/UpdateEditMeetingRocks/Edit_Visibility_Level_Department"))

2020-09-02 20:01:46 - [TEST_STEP][NOT_RUN] - sendKeys(findTestObject("V2/PR-369/UpdateEditMeetingRocks/Edit_Milestone"), Keys.chord(LEFT_CONTROL, "a", BACK_SPACE)): NOT_RUN: sendKeys(findTestObject("V2/PR-369/UpdateEditMeetingRocks/Edit_Milestone"), Keys.chord(LEFT_CONTROL, "a", BACK_SPACE))

2020-09-02 20:01:46 - [MESSAGE][NOT_RUN] - NOT_RUN: sendKeys(findTestObject("V2/PR-369/UpdateEditMeetingRocks/Edit_Milestone"), Keys.chord(LEFT_CONTROL, "a", BACK_SPACE))

2020-09-02 20:01:46 - [TEST_STEP][NOT_RUN] - setText(findTestObject("V2/PR-369/UpdateEditMeetingRocks/Edit_Milestone"), editMilestoneName): NOT_RUN: setText(findTestObject("V2/PR-369/UpdateEditMeetingRocks/Edit_Milestone"), editMilestoneName)

2020-09-02 20:01:46 - [MESSAGE][NOT_RUN] - NOT_RUN: setText(findTestObject("V2/PR-369/UpdateEditMeetingRocks/Edit_Milestone"), editMilestoneName)

2020-09-02 20:01:46 - [TEST_STEP][NOT_RUN] - click(findTestObject("V2/PR-369/UpdateEditMeetingRocks/Done_CheckBox")): NOT_RUN: click(findTestObject("V2/PR-369/UpdateEditMeetingRocks/Done_CheckBox"))

2020-09-02 20:01:46 - [MESSAGE][NOT_RUN] - NOT_RUN: click(findTestObject("V2/PR-369/UpdateEditMeetingRocks/Done_CheckBox"))

2020-09-02 20:01:46 - [TEST_STEP][NOT_RUN] - click(findTestObject("V2/PR-369/UpdateEditMeetingRocks/Update_Button")): NOT_RUN: click(findTestObject("V2/PR-369/UpdateEditMeetingRocks/Update_Button"))

2020-09-02 20:01:46 - [MESSAGE][NOT_RUN] - NOT_RUN: click(findTestObject("V2/PR-369/UpdateEditMeetingRocks/Update_Button"))

2020-09-02 20:01:46 - [TEST_STEP][NOT_RUN] - delay(10): NOT_RUN: delay(10)

2020-09-02 20:01:46 - [MESSAGE][NOT_RUN] - NOT_RUN: delay(10)

2020-09-02 20:01:46 - [TEST_STEP][NOT_RUN] - editverifyRocks = tt_CustomKeywords.CustomKeywords.CreateDynamicElement(verifyRocks_Obj, editRockName, "xpath"): NOT_RUN: editverifyRocks = tt_CustomKeywords.CustomKeywords.CreateDynamicElement(verifyRocks_Obj, editRockName, "xpath")

2020-09-02 20:01:46 - [MESSAGE][NOT_RUN] - NOT_RUN: editverifyRocks = tt_CustomKeywords.CustomKeywords.CreateDynamicElement(verifyRocks_Obj, editRockName, "xpath")

2020-09-02 20:01:46 - [TEST_STEP][NOT_RUN] - verifyElementPresent(editverifyRocks, DefaultTimeout): NOT_RUN: verifyElementPresent(editverifyRocks, DefaultTimeout)

2020-09-02 20:01:46 - [MESSAGE][NOT_RUN] - NOT_RUN: verifyElementPresent(editverifyRocks, DefaultTimeout)

2020-09-02 20:01:46 - [TEST_STEP][NOT_RUN] - editverifyMilestone = tt_CustomKeywords.CustomKeywords.CreateDynamicElement(verifyMilestone_Obj, editMilestoneName, "xpath"): NOT_RUN: editverifyMilestone = tt_CustomKeywords.CustomKeywords.CreateDynamicElement(verifyMilestone_Obj, editMilestoneName, "xpath")

2020-09-02 20:01:46 - [MESSAGE][NOT_RUN] - NOT_RUN: editverifyMilestone = tt_CustomKeywords.CustomKeywords.CreateDynamicElement(verifyMilestone_Obj, editMilestoneName, "xpath")

2020-09-02 20:01:46 - [TEST_STEP][NOT_RUN] - verifyElementPresent(editverifyMilestone, DefaultTimeout): NOT_RUN: verifyElementPresent(editverifyMilestone, DefaultTimeout)

2020-09-02 20:01:46 - [MESSAGE][NOT_RUN] - NOT_RUN: verifyElementPresent(editverifyMilestone, DefaultTimeout)

2020-09-02 20:01:46 - [MESSAGE][PASSED] - Call Test Case 'Test Cases/V2/Test Case/Tests/PR-369 - EditMeetingAgenda/Test Cases/Positive/Admin/PR_369_7_EditMeetingCreateRock_Admin' successfully

2020-09-02 20:01:46 - [TEST_STEP][PASSED] - changeWebDriver(driver2): null

2020-09-02 20:01:46 - [TEST_STEP][PASSED] - callTestCase(findTestCase("V2/Test Case/Pre-conditions/PRE_CreateL10Meeting - Supervisor"), ["meetingNameS":meetingNameS, "meetingAcronym":meetingAcronym, "meetingType":meetingType, "dropdownOptions_obj":"//div[@id='CREATE_MEETING_L10']//span[text()='%s']/parent::div[@role='option']", ... ], STOP_ON_FAILURE): null]]></system-out>
         <system-err><![CDATA[2020-09-02 19:57:29 - [TEST_CASE][ERROR] - Test Cases/V2/Test Case/Tests/PR-369 - EditMeetingAgenda/Test Cases/Positive/TT_369_2_CreateRock_AllTestCase: Test Cases/V2/Test Case/Tests/PR-369 - EditMeetingAgenda/Test Cases/Positive/TT_369_2_CreateRock_AllTestCase FAILED.
Reason:
java.lang.IllegalArgumentException: Cannot find test case 'Test Cases/V2/Test Case/Pre-conditions/PRE_CreateL10Meeting - Supervisor'
	at com.kms.katalon.core.testcase.TestCaseFactory.findTestCase(TestCaseFactory.java:72)
	at com.kms.katalon.core.testcase.TestCaseFactory$findTestCase.callStatic(Unknown Source)
	at TT_369_2_CreateRock_AllTestCase.run(TT_369_2_CreateRock_AllTestCase:92)
	at com.kms.katalon.core.main.ScriptEngine.run(ScriptEngine.java:194)
	at com.kms.katalon.core.main.ScriptEngine.runScriptAsRawText(ScriptEngine.java:119)
	at com.kms.katalon.core.main.TestCaseExecutor.runScript(TestCaseExecutor.java:339)
	at com.kms.katalon.core.main.TestCaseExecutor.doExecute(TestCaseExecutor.java:330)
	at com.kms.katalon.core.main.TestCaseExecutor.processExecutionPhase(TestCaseExecutor.java:309)
	at com.kms.katalon.core.main.TestCaseExecutor.accessMainPhase(TestCaseExecutor.java:301)
	at com.kms.katalon.core.main.TestCaseExecutor.execute(TestCaseExecutor.java:235)
	at com.kms.katalon.core.main.TestSuiteExecutor.accessTestCaseMainPhase(TestSuiteExecutor.java:191)
	at com.kms.katalon.core.main.TestSuiteExecutor.accessTestSuiteMainPhase(TestSuiteExecutor.java:141)
	at com.kms.katalon.core.main.TestSuiteExecutor.execute(TestSuiteExecutor.java:90)
	at com.kms.katalon.core.main.TestCaseMain.startTestSuite(TestCaseMain.java:157)
	at com.kms.katalon.core.main.TestCaseMain$startTestSuite$0.call(Unknown Source)
	at TempTestSuite1599047848434.run(TempTestSuite1599047848434.groovy:39)]]></system-err>
      </testcase>
      <system-out><![CDATA[2020-09-02 19:57:29 - [TEST_SUITE][ERROR] - PR-369_TestSuite: Test Cases/V2/Test Case/Tests/PR-369 - EditMeetingAgenda/Test Cases/Positive/TT_369_2_CreateRock_AllTestCase FAILED.
Reason:
java.lang.IllegalArgumentException: Cannot find test case 'Test Cases/V2/Test Case/Pre-conditions/PRE_CreateL10Meeting - Supervisor'
	at com.kms.katalon.core.testcase.TestCaseFactory.findTestCase(TestCaseFactory.java:72)
	at com.kms.katalon.core.testcase.TestCaseFactory$findTestCase.callStatic(Unknown Source)
	at TT_369_2_CreateRock_AllTestCase.run(TT_369_2_CreateRock_AllTestCase:92)
	at com.kms.katalon.core.main.ScriptEngine.run(ScriptEngine.java:194)
	at com.kms.katalon.core.main.ScriptEngine.runScriptAsRawText(ScriptEngine.java:119)
	at com.kms.katalon.core.main.TestCaseExecutor.runScript(TestCaseExecutor.java:339)
	at com.kms.katalon.core.main.TestCaseExecutor.doExecute(TestCaseExecutor.java:330)
	at com.kms.katalon.core.main.TestCaseExecutor.processExecutionPhase(TestCaseExecutor.java:309)
	at com.kms.katalon.core.main.TestCaseExecutor.accessMainPhase(TestCaseExecutor.java:301)
	at com.kms.katalon.core.main.TestCaseExecutor.execute(TestCaseExecutor.java:235)
	at com.kms.katalon.core.main.TestSuiteExecutor.accessTestCaseMainPhase(TestSuiteExecutor.java:191)
	at com.kms.katalon.core.main.TestSuiteExecutor.accessTestSuiteMainPhase(TestSuiteExecutor.java:141)
	at com.kms.katalon.core.main.TestSuiteExecutor.execute(TestSuiteExecutor.java:90)
	at com.kms.katalon.core.main.TestCaseMain.startTestSuite(TestCaseMain.java:157)
	at com.kms.katalon.core.main.TestCaseMain$startTestSuite$0.call(Unknown Source)
	at TempTestSuite1599047848434.run(TempTestSuite1599047848434.groovy:39)]]></system-out>
      <system-err><![CDATA[2020-09-02 19:57:29 - [TEST_SUITE][ERROR] - PR-369_TestSuite: Test Cases/V2/Test Case/Tests/PR-369 - EditMeetingAgenda/Test Cases/Positive/TT_369_2_CreateRock_AllTestCase FAILED.
Reason:
java.lang.IllegalArgumentException: Cannot find test case 'Test Cases/V2/Test Case/Pre-conditions/PRE_CreateL10Meeting - Supervisor'
	at com.kms.katalon.core.testcase.TestCaseFactory.findTestCase(TestCaseFactory.java:72)
	at com.kms.katalon.core.testcase.TestCaseFactory$findTestCase.callStatic(Unknown Source)
	at TT_369_2_CreateRock_AllTestCase.run(TT_369_2_CreateRock_AllTestCase:92)
	at com.kms.katalon.core.main.ScriptEngine.run(ScriptEngine.java:194)
	at com.kms.katalon.core.main.ScriptEngine.runScriptAsRawText(ScriptEngine.java:119)
	at com.kms.katalon.core.main.TestCaseExecutor.runScript(TestCaseExecutor.java:339)
	at com.kms.katalon.core.main.TestCaseExecutor.doExecute(TestCaseExecutor.java:330)
	at com.kms.katalon.core.main.TestCaseExecutor.processExecutionPhase(TestCaseExecutor.java:309)
	at com.kms.katalon.core.main.TestCaseExecutor.accessMainPhase(TestCaseExecutor.java:301)
	at com.kms.katalon.core.main.TestCaseExecutor.execute(TestCaseExecutor.java:235)
	at com.kms.katalon.core.main.TestSuiteExecutor.accessTestCaseMainPhase(TestSuiteExecutor.java:191)
	at com.kms.katalon.core.main.TestSuiteExecutor.accessTestSuiteMainPhase(TestSuiteExecutor.java:141)
	at com.kms.katalon.core.main.TestSuiteExecutor.execute(TestSuiteExecutor.java:90)
	at com.kms.katalon.core.main.TestCaseMain.startTestSuite(TestCaseMain.java:157)
	at com.kms.katalon.core.main.TestCaseMain$startTestSuite$0.call(Unknown Source)
	at TempTestSuite1599047848434.run(TempTestSuite1599047848434.groovy:39)]]></system-err>
   </testsuite>
</testsuites>
