<?xml version="1.0" encoding="UTF-8"?>
<testsuites name="PR-341_TestSuite" time="309.224" tests="1" failures="0" errors="0">
   <testsuite name="PR-341_TestSuite" tests="1" failures="0" errors="0" time="309.224" timestamp="2020-09-24 01:19:27" hostname="Aaron-PC - host.docker.internal" id="Test Suites/V2/Tests/PR-341 - Archives/PR-341_TestSuite">
      <properties>
         <property name="deviceName" value=""/>
         <property name="devicePlatform" value=""/>
         <property name="logFolder" value="C:\\Users\\Aaron-PC\\git\\TractionTools\\Reports\\20200924_011926\\V2\\Tests\\PR-341 - Archives\\PR-341_TestSuite\\20200924_011926"/>
         <property name="logFiles" value="C:\\Users\\Aaron-PC\\git\\TractionTools\\Reports\\20200924_011926\\V2\\Tests\\PR-341 - Archives\\PR-341_TestSuite\\20200924_011926\\execution0.log"/>
         <property name="attachments" value=""/>
         <property name="hostName" value="Aaron-PC - host.docker.internal"/>
         <property name="os" value="Windows 10 64bit"/>
         <property name="katalonVersion" value="7.6.6.205"/>
         <property name="browser" value="Chrome 85.0.4183.102"/>
         <property name="hostAddress" value="192.168.1.48"/>
         <property name="sessionId" value="17b1ec05d169a137c33a84f8832480ac"/>
         <property name="seleniumVersion" value="3.141.59"/>
         <property name="proxyInformation" value="ProxyInformation { proxyOption=NO_PROXY, proxyServerType=HTTP, username=, password=********, proxyServerAddress=, proxyServerPort=0, executionList=&quot;&quot;, isApplyToDesiredCapabilities=true }"/>
         <property name="platform" value="Windows 10"/>
      </properties>
      <testcase name="Test Cases/V2/Test Case/Tests/PR-341 - Archives/Test Cases/Positive/TT_341_4_ArchiveTodo_AllTestCase" time="308.567" classname="Test Cases/V2/Test Case/Tests/PR-341 - Archives/Test Cases/Positive/TT_341_4_ArchiveTodo_AllTestCase" status="PASSED">
         <system-out><![CDATA[2020-09-24 01:19:28 - [TEST_CASE][PASSED] - Test Cases/V2/Test Case/Tests/PR-341 - Archives/Test Cases/Positive/TT_341_4_ArchiveTodo_AllTestCase: Test Cases/V2/Test Case/Tests/PR-341 - Archives/Test Cases/Positive/TT_341_4_ArchiveTodo_AllTestCase

2020-09-24 01:19:28 - [TEST_STEP][PASSED] - callTestCase(findTestCase("V2/Test Case/Pre-conditions/PRE_RegisterAndActivateTTUsers"), ["admin_fname":admin_fname, "lastname":lastname, "phonenumber":"9999999999", "company":"Traction Tools", "password":password, ... ], STOP_ON_FAILURE): Call Test Case 'Test Cases/V2/Test Case/Pre-conditions/PRE_RegisterAndActivateTTUsers' successfully

2020-09-24 01:19:28 - [TEST_CASE][PASSED] - Test Cases/V2/Test Case/Pre-conditions/PRE_RegisterAndActivateTTUsers: Test Cases/V2/Test Case/Pre-conditions/PRE_RegisterAndActivateTTUsers

2020-09-24 01:19:29 - [TEST_STEP][PASSED] - email = tt_CustomKeywords.CustomKeywords.GenerateRandomEmailAddress(admin_email_prefix, admin_email_domain, randomTextLength): Successfully generated a random email: tractiontools.user001+ta5expym@gmail.com

2020-09-24 01:19:29 - [MESSAGE][PASSED] - Successfully generated a random email: tractiontools.user001+ta5expym@gmail.com

2020-09-24 01:19:29 - [TEST_STEP][PASSED] - supervisor_email = tt_CustomKeywords.CustomKeywords.GenerateRandomEmailAddress(supervisor_email_prefix, supervisor_email_domain, randomTextLength): Successfully generated a random email: tractiontools.user001+ts5j332m@gmail.com

2020-09-24 01:19:29 - [MESSAGE][PASSED] - Successfully generated a random email: tractiontools.user001+ts5j332m@gmail.com

2020-09-24 01:19:29 - [TEST_STEP][PASSED] - employee_email = tt_CustomKeywords.CustomKeywords.GenerateRandomEmailAddress(employee_email_prefix, employee_email_domain, randomTextLength): Successfully generated a random email: tractiontools.user001+te5dsc80@gmail.com

2020-09-24 01:19:29 - [MESSAGE][PASSED] - Successfully generated a random email: tractiontools.user001+te5dsc80@gmail.com

2020-09-24 01:19:29 - [TEST_STEP][PASSED] - adminDetails = tt_CustomKeywords.CustomKeywords.RegisterUserViaAPIAndGenerateActivateURL(email, admin_fname, lastname, phonenumber, company, "__JSON__{\"howDidYouHearAboutUs\":\"Facebook\",\"implementer\":\"\",\"existingTractionToolsClient\":\"\",\"other\":\"\"}", "__JSON__{\"timeZone\":\"America/Guatemala\",\"brandColor\":\"#023047\",\"q1Start\":null,\"q1End\":null,\"q2Start\":null,\"q2End\":null,\"q3Start\":null,\"q3End\":null,\"q4Start\":null,\"q4End\":null,\"quarterDatesSetsRocks\":false,\"exportUsers\":false,\"exportRocks\":false,\"exportRocksIncludesMilestones\":false,\"exportScorecards\":false,\"exportTodos\":false,\"exportTodosIncludesNotes\":false,\"exportPeopleHeadlines\":false,\"exportPeopleHeadlinesIncludesNotes\":false,\"exportIssues\":false,\"exportIssuesIncludesNotes\":false,\"exportContextAwareTodos\":false,\"dateFormat\":\"MM/DD/YYYY\",\"timeFormat\":\"h:mma\",\"numberFormat\":\"-1,000.99\",\"supervisorsArchiveRestoreUsers\":false,\"supervisorsEditPositions\":false,\"milestonesAvailableToAll\":false,\"customMeetingTemplatesEnabled\":false,\"receiveTodoReminders\":false,\"todoReminderTime\":\"13:00\",\"todoReminderTimeZone\":\"America/Guatemala\",\"todoReminderFrequency\":\"DAILY\",\"vtoMeetingId\":\"\",\"vtoDisplayMode\":\"ALL\",\"coreValues\":[{\"id\":\"1\",\"text\":\"\"},{\"id\":\"2\",\"text\":\"\"},{\"id\":\"3\",\"text\":\"\"}]}", password, V2Url): SUCCESFFULLY registered a new user via API. 
 Generated Activation Link: 
http://local.traction.tools:5000/activate?activationKey=f1089a80-ad6a-4d38-96a8-8715f9162428&userId=38ba5dfd-1719-12ac-d27d-22205f22d67a&orgId=6cba5dfd-15b7-da47-95fc-397f70e5d121&email=tractiontools.user001+ta5expym@gmail.com&teamsId=b8ba5dfd-15f5-2948-e1bc-b9b7a53ad063&meetingsId=0cba5dfd-15e6-38c5-f88b-7416743b0770&adminsId=28ba5dfd-17a3-3865-f5cb-7040a36031e3&usersId=c2ba5dfd-1604-b240-ac40-02b518affa4c&supervisorsId=ceba5dfd-15d6-158f-0f3e-2b8c4f65b8a3&accountabilityChartId=d2ba5dfd-1614-065e-d745-6cc3152d7c88&isCreator=1

2020-09-24 01:19:31 - [MESSAGE][PASSED] - SUCCESFFULLY registered a new user via API. 
 Generated Activation Link: 
http://local.traction.tools:5000/activate?activationKey=f1089a80-ad6a-4d38-96a8-8715f9162428&userId=38ba5dfd-1719-12ac-d27d-22205f22d67a&orgId=6cba5dfd-15b7-da47-95fc-397f70e5d121&email=tractiontools.user001+ta5expym@gmail.com&teamsId=b8ba5dfd-15f5-2948-e1bc-b9b7a53ad063&meetingsId=0cba5dfd-15e6-38c5-f88b-7416743b0770&adminsId=28ba5dfd-17a3-3865-f5cb-7040a36031e3&usersId=c2ba5dfd-1604-b240-ac40-02b518affa4c&supervisorsId=ceba5dfd-15d6-158f-0f3e-2b8c4f65b8a3&accountabilityChartId=d2ba5dfd-1614-065e-d745-6cc3152d7c88&isCreator=1

2020-09-24 01:19:31 - [TEST_STEP][PASSED] - activationURL = adminDetails[0]: null

2020-09-24 01:19:31 - [TEST_STEP][PASSED] - orgID = adminDetails[1]: null

2020-09-24 01:19:31 - [TEST_STEP][PASSED] - out.println("URL: " + activationURL): null

2020-09-24 01:19:31 - [TEST_STEP][PASSED] - out.println("orgID: " + orgID): null

2020-09-24 01:19:31 - [TEST_STEP][PASSED] - supervisorUser_name = supervisor_fname + " " + lastname: null

2020-09-24 01:19:31 - [TEST_STEP][PASSED] - openBrowser(""): Browser is opened with url: ''

2020-09-24 01:19:31 - [MESSAGE][INFO] - Starting 'Chrome' driver

2020-09-24 01:19:31 - [MESSAGE][INFO] - Action delay is set to 0 milliseconds

2020-09-24 01:19:35 - [MESSAGE][PASSED] - Browser is opened with url: ''

2020-09-24 01:19:35 - [TEST_STEP][PASSED] - maximizeWindow(): Current window maximized

2020-09-24 01:19:37 - [MESSAGE][PASSED] - Current window maximized

2020-09-24 01:19:37 - [TEST_STEP][PASSED] - callTestCase(findTestCase("V2/Test Case/Pre-conditions/PRE_ActivateNewUser"), ["activationURL":activationURL, "email":email, "password":password], STOP_ON_FAILURE): Call Test Case 'Test Cases/V2/Test Case/Pre-conditions/PRE_ActivateNewUser' successfully

2020-09-24 01:19:37 - [TEST_CASE][PASSED] - Test Cases/V2/Test Case/Pre-conditions/PRE_ActivateNewUser: Test Cases/V2/Test Case/Pre-conditions/PRE_ActivateNewUser

2020-09-24 01:19:37 - [TEST_STEP][PASSED] - navigateToUrl(activationURL): Navigate to 'http://local.traction.tools:5000/activate?activationKey=f1089a80-ad6a-4d38-96a8-8715f9162428&userId=38ba5dfd-1719-12ac-d27d-22205f22d67a&orgId=6cba5dfd-15b7-da47-95fc-397f70e5d121&email=tractiontools.user001+ta5expym@gmail.com&teamsId=b8ba5dfd-15f5-2948-e1bc-b9b7a53ad063&meetingsId=0cba5dfd-15e6-38c5-f88b-7416743b0770&adminsId=28ba5dfd-17a3-3865-f5cb-7040a36031e3&usersId=c2ba5dfd-1604-b240-ac40-02b518affa4c&supervisorsId=ceba5dfd-15d6-158f-0f3e-2b8c4f65b8a3&accountabilityChartId=d2ba5dfd-1614-065e-d745-6cc3152d7c88&isCreator=1' successfully

2020-09-24 01:19:38 - [MESSAGE][PASSED] - Navigate to 'http://local.traction.tools:5000/activate?activationKey=f1089a80-ad6a-4d38-96a8-8715f9162428&userId=38ba5dfd-1719-12ac-d27d-22205f22d67a&orgId=6cba5dfd-15b7-da47-95fc-397f70e5d121&email=tractiontools.user001+ta5expym@gmail.com&teamsId=b8ba5dfd-15f5-2948-e1bc-b9b7a53ad063&meetingsId=0cba5dfd-15e6-38c5-f88b-7416743b0770&adminsId=28ba5dfd-17a3-3865-f5cb-7040a36031e3&usersId=c2ba5dfd-1604-b240-ac40-02b518affa4c&supervisorsId=ceba5dfd-15d6-158f-0f3e-2b8c4f65b8a3&accountabilityChartId=d2ba5dfd-1614-065e-d745-6cc3152d7c88&isCreator=1' successfully

2020-09-24 01:19:38 - [TEST_STEP][PASSED] - waitForElementVisible(findTestObject("V2/Commons/ActivationPage/input_Email_email"), DefaultTimeout): Object 'Object Repository/V2/Commons/ActivationPage/input_Email_email' is visible

2020-09-24 01:19:40 - [MESSAGE][PASSED] - Object 'Object Repository/V2/Commons/ActivationPage/input_Email_email' is visible

2020-09-24 01:19:40 - [TEST_STEP][PASSED] - actual_email = getAttribute(findTestObject("Object Repository/V2/Commons/ActivationPage/input_Email_email"), "value"): Attribute 'value' of object 'Object Repository/V2/Commons/ActivationPage/input_Email_email' is: 'tractiontools.user001+ta5expym@gmail.com'

2020-09-24 01:19:40 - [MESSAGE][PASSED] - Attribute 'value' of object 'Object Repository/V2/Commons/ActivationPage/input_Email_email' is: 'tractiontools.user001+ta5expym@gmail.com'

2020-09-24 01:19:40 - [TEST_STEP][PASSED] - verifyMatch(actual_email, email, false): Actual text 'tractiontools.user001+ta5expym@gmail.com' and expected text 'tractiontools.user001+ta5expym@gmail.com' are matched 

2020-09-24 01:19:40 - [MESSAGE][PASSED] - Actual text 'tractiontools.user001+ta5expym@gmail.com' and expected text 'tractiontools.user001+ta5expym@gmail.com' are matched 

2020-09-24 01:19:40 - [TEST_STEP][PASSED] - setText(findTestObject("V2/Commons/ActivationPage/input_password"), password): Text 'Qwer123!' is set on object 'Object Repository/V2/Commons/ActivationPage/input_password'

2020-09-24 01:19:41 - [MESSAGE][PASSED] - Text 'Qwer123!' is set on object 'Object Repository/V2/Commons/ActivationPage/input_password'

2020-09-24 01:19:41 - [TEST_STEP][PASSED] - setText(findTestObject("Object Repository/V2/Commons/ActivationPage/input__passwordRepeat"), password): Text 'Qwer123!' is set on object 'Object Repository/V2/Commons/ActivationPage/input__passwordRepeat'

2020-09-24 01:19:42 - [MESSAGE][PASSED] - Text 'Qwer123!' is set on object 'Object Repository/V2/Commons/ActivationPage/input__passwordRepeat'

2020-09-24 01:19:42 - [TEST_STEP][PASSED] - click(findTestObject("V2/Commons/ActivationPage/input_termsandconditions")): Object: 'Object Repository/V2/Commons/ActivationPage/input_termsandconditions' is clicked on

2020-09-24 01:19:42 - [MESSAGE][PASSED] - Object: 'Object Repository/V2/Commons/ActivationPage/input_termsandconditions' is clicked on

2020-09-24 01:19:42 - [TEST_STEP][PASSED] - click(findTestObject("Object Repository/V2/Commons/ActivationPage/div_Create account")): Object: 'Object Repository/V2/Commons/ActivationPage/div_Create account' is clicked on

2020-09-24 01:19:43 - [MESSAGE][PASSED] - Object: 'Object Repository/V2/Commons/ActivationPage/div_Create account' is clicked on

2020-09-24 01:19:43 - [TEST_STEP][PASSED] - waitForElementPresent(findTestObject("V2/Commons/DasboardPage_SidebarMenu/img_Home_logo-big"), DefaultTimeout): Object 'Object Repository/V2/Commons/DasboardPage_SidebarMenu/img_Home_logo-big' is present

2020-09-24 01:19:48 - [MESSAGE][PASSED] - Object 'Object Repository/V2/Commons/DasboardPage_SidebarMenu/img_Home_logo-big' is present

2020-09-24 01:19:48 - [TEST_STEP][PASSED] - verifyElementPresent(findTestObject("V2/Commons/DasboardPage_SidebarMenu/img_Home_logo-big"), 0): Object 'Object Repository/V2/Commons/DasboardPage_SidebarMenu/img_Home_logo-big' is present

2020-09-24 01:19:48 - [MESSAGE][WARNING] - Timeout '0' is invalid. Using default page load timeout: '30'

2020-09-24 01:19:48 - [MESSAGE][PASSED] - Object 'Object Repository/V2/Commons/DasboardPage_SidebarMenu/img_Home_logo-big' is present

2020-09-24 01:19:48 - [MESSAGE][PASSED] - Call Test Case 'Test Cases/V2/Test Case/Pre-conditions/PRE_ActivateNewUser' successfully

2020-09-24 01:19:48 - [TEST_STEP][PASSED] - callTestCase(findTestCase("V2/Test Case/Pre-conditions/PRE_SkipCompanyAndPersonalProfileSetup"), [:], STOP_ON_FAILURE): Call Test Case 'Test Cases/V2/Test Case/Pre-conditions/PRE_SkipCompanyAndPersonalProfileSetup' successfully

2020-09-24 01:19:48 - [TEST_CASE][PASSED] - Test Cases/V2/Test Case/Pre-conditions/PRE_SkipCompanyAndPersonalProfileSetup: Test Cases/V2/Test Case/Pre-conditions/PRE_SkipCompanyAndPersonalProfileSetup

2020-09-24 01:19:48 - [TEST_STEP][PASSED] - waitForElementVisible(findTestObject("V2/Commons/FirstUpdateCompanyAndPersonalInfoModal/confirmCompanyInfoHeader_h1"), DefaultTimeout): Object 'Object Repository/V2/Commons/FirstUpdateCompanyAndPersonalInfoModal/confirmCompanyInfoHeader_h1' is visible

2020-09-24 01:19:49 - [MESSAGE][PASSED] - Object 'Object Repository/V2/Commons/FirstUpdateCompanyAndPersonalInfoModal/confirmCompanyInfoHeader_h1' is visible

2020-09-24 01:19:49 - [TEST_STEP][PASSED] - click(findTestObject("V2/Commons/FirstUpdateCompanyAndPersonalInfoModal/confirmInfoSkip_button")): Object: 'Object Repository/V2/Commons/FirstUpdateCompanyAndPersonalInfoModal/confirmInfoSkip_button' is clicked on

2020-09-24 01:19:49 - [MESSAGE][PASSED] - Object: 'Object Repository/V2/Commons/FirstUpdateCompanyAndPersonalInfoModal/confirmInfoSkip_button' is clicked on

2020-09-24 01:19:49 - [TEST_STEP][PASSED] - waitForElementVisible(findTestObject("V2/Commons/FirstUpdateCompanyAndPersonalInfoModal/confirmPersonalInfoHeader_h1"), DefaultTimeout): Object 'Object Repository/V2/Commons/FirstUpdateCompanyAndPersonalInfoModal/confirmPersonalInfoHeader_h1' is visible

2020-09-24 01:19:50 - [MESSAGE][PASSED] - Object 'Object Repository/V2/Commons/FirstUpdateCompanyAndPersonalInfoModal/confirmPersonalInfoHeader_h1' is visible

2020-09-24 01:19:50 - [TEST_STEP][PASSED] - click(findTestObject("V2/Commons/FirstUpdateCompanyAndPersonalInfoModal/confirmInfoSkip_button")): Object: 'Object Repository/V2/Commons/FirstUpdateCompanyAndPersonalInfoModal/confirmInfoSkip_button' is clicked on

2020-09-24 01:19:50 - [MESSAGE][PASSED] - Object: 'Object Repository/V2/Commons/FirstUpdateCompanyAndPersonalInfoModal/confirmInfoSkip_button' is clicked on

2020-09-24 01:19:50 - [TEST_STEP][PASSED] - waitForElementVisible(findTestObject("V2/Commons/FirstUpdateCompanyAndPersonalInfoModal/letsGetStarted_button"), DefaultTimeout): Object 'Object Repository/V2/Commons/FirstUpdateCompanyAndPersonalInfoModal/letsGetStarted_button' is visible

2020-09-24 01:19:51 - [MESSAGE][PASSED] - Object 'Object Repository/V2/Commons/FirstUpdateCompanyAndPersonalInfoModal/letsGetStarted_button' is visible

2020-09-24 01:19:51 - [TEST_STEP][PASSED] - click(findTestObject("V2/Commons/FirstUpdateCompanyAndPersonalInfoModal/letsGetStarted_button")): Object: 'Object Repository/V2/Commons/FirstUpdateCompanyAndPersonalInfoModal/letsGetStarted_button' is clicked on

2020-09-24 01:19:51 - [MESSAGE][PASSED] - Object: 'Object Repository/V2/Commons/FirstUpdateCompanyAndPersonalInfoModal/letsGetStarted_button' is clicked on

2020-09-24 01:19:51 - [MESSAGE][PASSED] - Call Test Case 'Test Cases/V2/Test Case/Pre-conditions/PRE_SkipCompanyAndPersonalProfileSetup' successfully

2020-09-24 01:19:51 - [TEST_STEP][PASSED] - supervisor_activationURL = tt_CustomKeywords.CustomKeywords.RegisterAndActivateSupervisorUserViaAPI(V2Url, orgID, supervisor_email, password, email, password, supervisor_fname, lastname): SUCCESFFULLY registered a new user via API. 
 Generated Activation Link: 
http://local.traction.tools:5000/activate?activationKey=f534ca51-06b8-41b6-8f12-0fff2853287a&userId=34ba5dfd-40e1-b981-98e3-3b57b291adc0&orgId=6cba5dfd-15b7-da47-95fc-397f70e5d121&email=tractiontools.user001+ts5j332m@gmail.com&isCreator=0

2020-09-24 01:19:52 - [MESSAGE][PASSED] - SUCCESFFULLY registered a new user via API. 
 Generated Activation Link: 
http://local.traction.tools:5000/activate?activationKey=f534ca51-06b8-41b6-8f12-0fff2853287a&userId=34ba5dfd-40e1-b981-98e3-3b57b291adc0&orgId=6cba5dfd-15b7-da47-95fc-397f70e5d121&email=tractiontools.user001+ts5j332m@gmail.com&isCreator=0

2020-09-24 01:19:52 - [TEST_STEP][PASSED] - callTestCase(findTestCase("V2/Test Case/Pre-conditions/PRE_ChangeUserPermissionViaManageUser"), ["showMenuItemsPath":"//div[@class='usercard__detail_container']/div[text()='%s']/ancestor::div[contains(@class,'usercard__content')]//button[@aria-label='Show Menu Items']", "user_email":supervisor_email, ... ], STOP_ON_FAILURE): Call Test Case 'Test Cases/V2/Test Case/Pre-conditions/PRE_ChangeUserPermissionViaManageUser' successfully

2020-09-24 01:19:52 - [TEST_CASE][PASSED] - Test Cases/V2/Test Case/Pre-conditions/PRE_ChangeUserPermissionViaManageUser: Test Cases/V2/Test Case/Pre-conditions/PRE_ChangeUserPermissionViaManageUser

2020-09-24 01:19:52 - [TEST_STEP][PASSED] - click(findTestObject("Object Repository/V2/Commons/ManageUsersPage/span_Company Settings")): Object: 'Object Repository/V2/Commons/ManageUsersPage/span_Company Settings' is clicked on

2020-09-24 01:19:53 - [MESSAGE][PASSED] - Object: 'Object Repository/V2/Commons/ManageUsersPage/span_Company Settings' is clicked on

2020-09-24 01:19:53 - [TEST_STEP][PASSED] - click(findTestObject("V2/Commons/DasboardPage_SidebarMenu/a_Manage Users")): Object: 'Object Repository/V2/Commons/DasboardPage_SidebarMenu/a_Manage Users' is clicked on

2020-09-24 01:19:53 - [MESSAGE][PASSED] - Object: 'Object Repository/V2/Commons/DasboardPage_SidebarMenu/a_Manage Users' is clicked on

2020-09-24 01:19:53 - [TEST_STEP][PASSED] - showMenuItemsObj = tt_CustomKeywords.CustomKeywords.CreateDynamicElement(showMenuItemsPath, user_email, "xpath"): Successfully created new dynamic object: //div[@class='usercard__detail_container']/div[text()='tractiontools.user001+ts5j332m@gmail.com']/ancestor::div[contains(@class,'usercard__content')]//button[@aria-label='Show Menu Items']

2020-09-24 01:19:53 - [MESSAGE][PASSED] - Successfully created new dynamic object: //div[@class='usercard__detail_container']/div[text()='tractiontools.user001+ts5j332m@gmail.com']/ancestor::div[contains(@class,'usercard__content')]//button[@aria-label='Show Menu Items']

2020-09-24 01:19:53 - [TEST_STEP][PASSED] - click(showMenuItemsObj): Object: '' is clicked on

2020-09-24 01:19:54 - [MESSAGE][PASSED] - Object: '' is clicked on

2020-09-24 01:19:54 - [TEST_STEP][PASSED] - click(findTestObject("Object Repository/V2/Commons/ManageUsersPage/div_Edit user")): Object: 'Object Repository/V2/Commons/ManageUsersPage/div_Edit user' is clicked on

2020-09-24 01:19:55 - [MESSAGE][PASSED] - Object: 'Object Repository/V2/Commons/ManageUsersPage/div_Edit user' is clicked on

2020-09-24 01:19:55 - [TEST_STEP][PASSED] - verifyElementPresent(findTestObject("V2/Commons/ManageUsersPage/div_PositionTitle"), DefaultTimeout): Object 'Object Repository/V2/Commons/ManageUsersPage/div_PositionTitle' is present

2020-09-24 01:19:55 - [MESSAGE][PASSED] - Object 'Object Repository/V2/Commons/ManageUsersPage/div_PositionTitle' is present

2020-09-24 01:19:55 - [TEST_STEP][PASSED] - setText(findTestObject("V2/Commons/ManageUsersPage/position_title_input"), position_title): Text 'QA Manager' is set on object 'Object Repository/V2/Commons/ManageUsersPage/position_title_input'

2020-09-24 01:19:56 - [MESSAGE][PASSED] - Text 'QA Manager' is set on object 'Object Repository/V2/Commons/ManageUsersPage/position_title_input'

2020-09-24 01:19:56 - [TEST_STEP][PASSED] - sendKeys(findTestObject("V2/Commons/ManageUsersPage/position_title_input"), Keys.chord(ENTER)): Keys 'ENTER + ' sent to object: 'Object Repository/V2/Commons/ManageUsersPage/position_title_input'

2020-09-24 01:19:56 - [MESSAGE][PASSED] - Keys 'ENTER + ' sent to object: 'Object Repository/V2/Commons/ManageUsersPage/position_title_input'

2020-09-24 01:19:56 - [TEST_STEP][PASSED] - if (permissionValue == "Employee"): null

2020-09-24 01:19:56 - [TEST_STEP][PASSED] - verifyElementPresent(findTestObject("Object Repository/V2/Commons/ManageUsersPage/div_User type"), DefaultTimeout): Object 'Object Repository/V2/Commons/ManageUsersPage/div_User type' is present

2020-09-24 01:19:57 - [MESSAGE][PASSED] - Object 'Object Repository/V2/Commons/ManageUsersPage/div_User type' is present

2020-09-24 01:19:57 - [TEST_STEP][PASSED] - click(findTestObject("Object Repository/V2/Commons/ManageUsersPage/input__orgRole")): Object: 'Object Repository/V2/Commons/ManageUsersPage/input__orgRole' is clicked on

2020-09-24 01:19:57 - [MESSAGE][PASSED] - Object: 'Object Repository/V2/Commons/ManageUsersPage/input__orgRole' is clicked on

2020-09-24 01:19:57 - [TEST_STEP][PASSED] - roleOptionObj = tt_CustomKeywords.CustomKeywords.CreateDynamicElement(roleOption, permissionValue, "xpath"): Successfully created new dynamic object: //span[text()='Supervisor']/parent::div[@role='option']

2020-09-24 01:19:57 - [MESSAGE][PASSED] - Successfully created new dynamic object: //span[text()='Supervisor']/parent::div[@role='option']

2020-09-24 01:19:57 - [TEST_STEP][PASSED] - click(roleOptionObj): Object: '' is clicked on

2020-09-24 01:19:57 - [MESSAGE][PASSED] - Object: '' is clicked on

2020-09-24 01:19:57 - [TEST_STEP][PASSED] - click(findTestObject("Object Repository/V2/Commons/ManageUsersPage/div_Save")): Object: 'Object Repository/V2/Commons/ManageUsersPage/div_Save' is clicked on

2020-09-24 01:19:58 - [MESSAGE][PASSED] - Object: 'Object Repository/V2/Commons/ManageUsersPage/div_Save' is clicked on

2020-09-24 01:19:58 - [TEST_STEP][PASSED] - waitForElementVisible(findTestObject("V2/Commons/ManageUsersPage/h3_User Saved"), DefaultTimeout): Object 'Object Repository/V2/Commons/ManageUsersPage/h3_User Saved' is visible

2020-09-24 01:20:01 - [MESSAGE][PASSED] - Object 'Object Repository/V2/Commons/ManageUsersPage/h3_User Saved' is visible

2020-09-24 01:20:01 - [TEST_STEP][PASSED] - verifyElementVisible(findTestObject("Object Repository/V2/Commons/ManageUsersPage/h3_User Saved")): Object 'Object Repository/V2/Commons/ManageUsersPage/h3_User Saved' is visible

2020-09-24 01:20:01 - [MESSAGE][PASSED] - Object 'Object Repository/V2/Commons/ManageUsersPage/h3_User Saved' is visible

2020-09-24 01:20:01 - [MESSAGE][PASSED] - Call Test Case 'Test Cases/V2/Test Case/Pre-conditions/PRE_ChangeUserPermissionViaManageUser' successfully

2020-09-24 01:20:01 - [TEST_STEP][PASSED] - employee_activationURL = tt_CustomKeywords.CustomKeywords.RegisterAndActivateSupervisorUserViaAPI(V2Url, orgID, employee_email, password, email, password, employee_fname, lastname): SUCCESFFULLY registered a new user via API. 
 Generated Activation Link: 
http://local.traction.tools:5000/activate?activationKey=1f8abc15-4207-4566-82e9-c03c09c81211&userId=b0ba5dfd-5420-c94a-4464-de98d24ca51e&orgId=6cba5dfd-15b7-da47-95fc-397f70e5d121&email=tractiontools.user001+te5dsc80@gmail.com&isCreator=0

2020-09-24 01:20:02 - [MESSAGE][PASSED] - SUCCESFFULLY registered a new user via API. 
 Generated Activation Link: 
http://local.traction.tools:5000/activate?activationKey=1f8abc15-4207-4566-82e9-c03c09c81211&userId=b0ba5dfd-5420-c94a-4464-de98d24ca51e&orgId=6cba5dfd-15b7-da47-95fc-397f70e5d121&email=tractiontools.user001+te5dsc80@gmail.com&isCreator=0

2020-09-24 01:20:02 - [TEST_STEP][PASSED] - callTestCase(findTestCase("V2/Test Case/Pre-conditions/PRE_ChangeUserPermissionViaManageUser"), ["showMenuItemsPath":"//div[@class='usercard__detail_container']/div[text()='%s']/ancestor::div[contains(@class,'usercard__content')]//button[@aria-label='Show Menu Items']", "user_email":employee_email, ... ], STOP_ON_FAILURE): Call Test Case 'Test Cases/V2/Test Case/Pre-conditions/PRE_ChangeUserPermissionViaManageUser' successfully

2020-09-24 01:20:02 - [TEST_CASE][PASSED] - Test Cases/V2/Test Case/Pre-conditions/PRE_ChangeUserPermissionViaManageUser: Test Cases/V2/Test Case/Pre-conditions/PRE_ChangeUserPermissionViaManageUser

2020-09-24 01:20:02 - [TEST_STEP][PASSED] - click(findTestObject("Object Repository/V2/Commons/ManageUsersPage/span_Company Settings")): Object: 'Object Repository/V2/Commons/ManageUsersPage/span_Company Settings' is clicked on

2020-09-24 01:20:02 - [MESSAGE][PASSED] - Object: 'Object Repository/V2/Commons/ManageUsersPage/span_Company Settings' is clicked on

2020-09-24 01:20:02 - [TEST_STEP][PASSED] - click(findTestObject("V2/Commons/DasboardPage_SidebarMenu/a_Manage Users")): Object: 'Object Repository/V2/Commons/DasboardPage_SidebarMenu/a_Manage Users' is clicked on

2020-09-24 01:20:03 - [MESSAGE][PASSED] - Object: 'Object Repository/V2/Commons/DasboardPage_SidebarMenu/a_Manage Users' is clicked on

2020-09-24 01:20:03 - [TEST_STEP][PASSED] - showMenuItemsObj = tt_CustomKeywords.CustomKeywords.CreateDynamicElement(showMenuItemsPath, user_email, "xpath"): Successfully created new dynamic object: //div[@class='usercard__detail_container']/div[text()='tractiontools.user001+te5dsc80@gmail.com']/ancestor::div[contains(@class,'usercard__content')]//button[@aria-label='Show Menu Items']

2020-09-24 01:20:03 - [MESSAGE][PASSED] - Successfully created new dynamic object: //div[@class='usercard__detail_container']/div[text()='tractiontools.user001+te5dsc80@gmail.com']/ancestor::div[contains(@class,'usercard__content')]//button[@aria-label='Show Menu Items']

2020-09-24 01:20:03 - [TEST_STEP][PASSED] - click(showMenuItemsObj): Object: '' is clicked on

2020-09-24 01:20:03 - [MESSAGE][PASSED] - Object: '' is clicked on

2020-09-24 01:20:03 - [TEST_STEP][PASSED] - click(findTestObject("Object Repository/V2/Commons/ManageUsersPage/div_Edit user")): Object: 'Object Repository/V2/Commons/ManageUsersPage/div_Edit user' is clicked on

2020-09-24 01:20:04 - [MESSAGE][PASSED] - Object: 'Object Repository/V2/Commons/ManageUsersPage/div_Edit user' is clicked on

2020-09-24 01:20:04 - [TEST_STEP][PASSED] - verifyElementPresent(findTestObject("V2/Commons/ManageUsersPage/div_PositionTitle"), DefaultTimeout): Object 'Object Repository/V2/Commons/ManageUsersPage/div_PositionTitle' is present

2020-09-24 01:20:04 - [MESSAGE][PASSED] - Object 'Object Repository/V2/Commons/ManageUsersPage/div_PositionTitle' is present

2020-09-24 01:20:04 - [TEST_STEP][PASSED] - setText(findTestObject("V2/Commons/ManageUsersPage/position_title_input"), position_title): Text 'Quality Assurance' is set on object 'Object Repository/V2/Commons/ManageUsersPage/position_title_input'

2020-09-24 01:20:05 - [MESSAGE][PASSED] - Text 'Quality Assurance' is set on object 'Object Repository/V2/Commons/ManageUsersPage/position_title_input'

2020-09-24 01:20:05 - [TEST_STEP][PASSED] - sendKeys(findTestObject("V2/Commons/ManageUsersPage/position_title_input"), Keys.chord(ENTER)): Keys 'ENTER + ' sent to object: 'Object Repository/V2/Commons/ManageUsersPage/position_title_input'

2020-09-24 01:20:06 - [MESSAGE][PASSED] - Keys 'ENTER + ' sent to object: 'Object Repository/V2/Commons/ManageUsersPage/position_title_input'

2020-09-24 01:20:06 - [TEST_STEP][PASSED] - if (permissionValue == "Employee"): Keys 'ENTER + ' sent to object: 'Object Repository/V2/Commons/ManageUsersPage/supervisor_input'

2020-09-24 01:20:06 - [TEST_STEP][PASSED] - verifyElementPresent(findTestObject("V2/Commons/ManageUsersPage/supervisor_input"), DefaultTimeout): Object 'Object Repository/V2/Commons/ManageUsersPage/supervisor_input' is present

2020-09-24 01:20:06 - [MESSAGE][PASSED] - Object 'Object Repository/V2/Commons/ManageUsersPage/supervisor_input' is present

2020-09-24 01:20:06 - [TEST_STEP][PASSED] - setText(findTestObject("V2/Commons/ManageUsersPage/supervisor_input"), user_supervisorName): Text 'Supervisor User' is set on object 'Object Repository/V2/Commons/ManageUsersPage/supervisor_input'

2020-09-24 01:20:07 - [MESSAGE][PASSED] - Text 'Supervisor User' is set on object 'Object Repository/V2/Commons/ManageUsersPage/supervisor_input'

2020-09-24 01:20:07 - [TEST_STEP][PASSED] - sendKeys(findTestObject("V2/Commons/ManageUsersPage/supervisor_input"), Keys.chord(ENTER)): Keys 'ENTER + ' sent to object: 'Object Repository/V2/Commons/ManageUsersPage/supervisor_input'

2020-09-24 01:20:07 - [MESSAGE][PASSED] - Keys 'ENTER + ' sent to object: 'Object Repository/V2/Commons/ManageUsersPage/supervisor_input'

2020-09-24 01:20:07 - [TEST_STEP][PASSED] - verifyElementPresent(findTestObject("Object Repository/V2/Commons/ManageUsersPage/div_User type"), DefaultTimeout): Object 'Object Repository/V2/Commons/ManageUsersPage/div_User type' is present

2020-09-24 01:20:08 - [MESSAGE][PASSED] - Object 'Object Repository/V2/Commons/ManageUsersPage/div_User type' is present

2020-09-24 01:20:08 - [TEST_STEP][PASSED] - click(findTestObject("Object Repository/V2/Commons/ManageUsersPage/input__orgRole")): Object: 'Object Repository/V2/Commons/ManageUsersPage/input__orgRole' is clicked on

2020-09-24 01:20:08 - [MESSAGE][PASSED] - Object: 'Object Repository/V2/Commons/ManageUsersPage/input__orgRole' is clicked on

2020-09-24 01:20:08 - [TEST_STEP][PASSED] - roleOptionObj = tt_CustomKeywords.CustomKeywords.CreateDynamicElement(roleOption, permissionValue, "xpath"): Successfully created new dynamic object: //span[text()='Employee']/parent::div[@role='option']

2020-09-24 01:20:08 - [MESSAGE][PASSED] - Successfully created new dynamic object: //span[text()='Employee']/parent::div[@role='option']

2020-09-24 01:20:08 - [TEST_STEP][PASSED] - click(roleOptionObj): Object: '' is clicked on

2020-09-24 01:20:08 - [MESSAGE][PASSED] - Object: '' is clicked on

2020-09-24 01:20:08 - [TEST_STEP][PASSED] - click(findTestObject("Object Repository/V2/Commons/ManageUsersPage/div_Save")): Object: 'Object Repository/V2/Commons/ManageUsersPage/div_Save' is clicked on

2020-09-24 01:20:09 - [MESSAGE][PASSED] - Object: 'Object Repository/V2/Commons/ManageUsersPage/div_Save' is clicked on

2020-09-24 01:20:09 - [TEST_STEP][PASSED] - waitForElementVisible(findTestObject("V2/Commons/ManageUsersPage/h3_User Saved"), DefaultTimeout): Object 'Object Repository/V2/Commons/ManageUsersPage/h3_User Saved' is visible

2020-09-24 01:20:12 - [MESSAGE][PASSED] - Object 'Object Repository/V2/Commons/ManageUsersPage/h3_User Saved' is visible

2020-09-24 01:20:12 - [TEST_STEP][PASSED] - verifyElementVisible(findTestObject("Object Repository/V2/Commons/ManageUsersPage/h3_User Saved")): Object 'Object Repository/V2/Commons/ManageUsersPage/h3_User Saved' is visible

2020-09-24 01:20:12 - [MESSAGE][PASSED] - Object 'Object Repository/V2/Commons/ManageUsersPage/h3_User Saved' is visible

2020-09-24 01:20:12 - [MESSAGE][PASSED] - Call Test Case 'Test Cases/V2/Test Case/Pre-conditions/PRE_ChangeUserPermissionViaManageUser' successfully

2020-09-24 01:20:12 - [TEST_STEP][PASSED] - callTestCase(findTestCase("V2/Test Case/Pre-conditions/PRE_ActivateNewUser"), ["activationURL":supervisor_activationURL, "email":supervisor_email, "password":password], STOP_ON_FAILURE): Call Test Case 'Test Cases/V2/Test Case/Pre-conditions/PRE_ActivateNewUser' successfully

2020-09-24 01:20:12 - [TEST_CASE][PASSED] - Test Cases/V2/Test Case/Pre-conditions/PRE_ActivateNewUser: Test Cases/V2/Test Case/Pre-conditions/PRE_ActivateNewUser

2020-09-24 01:20:12 - [TEST_STEP][PASSED] - navigateToUrl(activationURL): Navigate to 'http://local.traction.tools:5000/activate?activationKey=f534ca51-06b8-41b6-8f12-0fff2853287a&userId=34ba5dfd-40e1-b981-98e3-3b57b291adc0&orgId=6cba5dfd-15b7-da47-95fc-397f70e5d121&email=tractiontools.user001+ts5j332m@gmail.com&isCreator=0' successfully

2020-09-24 01:20:14 - [MESSAGE][PASSED] - Navigate to 'http://local.traction.tools:5000/activate?activationKey=f534ca51-06b8-41b6-8f12-0fff2853287a&userId=34ba5dfd-40e1-b981-98e3-3b57b291adc0&orgId=6cba5dfd-15b7-da47-95fc-397f70e5d121&email=tractiontools.user001+ts5j332m@gmail.com&isCreator=0' successfully

2020-09-24 01:20:14 - [TEST_STEP][PASSED] - waitForElementVisible(findTestObject("V2/Commons/ActivationPage/input_Email_email"), DefaultTimeout): Object 'Object Repository/V2/Commons/ActivationPage/input_Email_email' is visible

2020-09-24 01:20:16 - [MESSAGE][PASSED] - Object 'Object Repository/V2/Commons/ActivationPage/input_Email_email' is visible

2020-09-24 01:20:16 - [TEST_STEP][PASSED] - actual_email = getAttribute(findTestObject("Object Repository/V2/Commons/ActivationPage/input_Email_email"), "value"): Attribute 'value' of object 'Object Repository/V2/Commons/ActivationPage/input_Email_email' is: 'tractiontools.user001+ts5j332m@gmail.com'

2020-09-24 01:20:16 - [MESSAGE][PASSED] - Attribute 'value' of object 'Object Repository/V2/Commons/ActivationPage/input_Email_email' is: 'tractiontools.user001+ts5j332m@gmail.com'

2020-09-24 01:20:16 - [TEST_STEP][PASSED] - verifyMatch(actual_email, email, false): Actual text 'tractiontools.user001+ts5j332m@gmail.com' and expected text 'tractiontools.user001+ts5j332m@gmail.com' are matched 

2020-09-24 01:20:16 - [MESSAGE][PASSED] - Actual text 'tractiontools.user001+ts5j332m@gmail.com' and expected text 'tractiontools.user001+ts5j332m@gmail.com' are matched 

2020-09-24 01:20:16 - [TEST_STEP][PASSED] - setText(findTestObject("V2/Commons/ActivationPage/input_password"), password): Text 'Qwer123!' is set on object 'Object Repository/V2/Commons/ActivationPage/input_password'

2020-09-24 01:20:17 - [MESSAGE][PASSED] - Text 'Qwer123!' is set on object 'Object Repository/V2/Commons/ActivationPage/input_password'

2020-09-24 01:20:17 - [TEST_STEP][PASSED] - setText(findTestObject("Object Repository/V2/Commons/ActivationPage/input__passwordRepeat"), password): Text 'Qwer123!' is set on object 'Object Repository/V2/Commons/ActivationPage/input__passwordRepeat'

2020-09-24 01:20:17 - [MESSAGE][PASSED] - Text 'Qwer123!' is set on object 'Object Repository/V2/Commons/ActivationPage/input__passwordRepeat'

2020-09-24 01:20:17 - [TEST_STEP][PASSED] - click(findTestObject("V2/Commons/ActivationPage/input_termsandconditions")): Object: 'Object Repository/V2/Commons/ActivationPage/input_termsandconditions' is clicked on

2020-09-24 01:20:18 - [MESSAGE][PASSED] - Object: 'Object Repository/V2/Commons/ActivationPage/input_termsandconditions' is clicked on

2020-09-24 01:20:18 - [TEST_STEP][PASSED] - click(findTestObject("Object Repository/V2/Commons/ActivationPage/div_Create account")): Object: 'Object Repository/V2/Commons/ActivationPage/div_Create account' is clicked on

2020-09-24 01:20:18 - [MESSAGE][PASSED] - Object: 'Object Repository/V2/Commons/ActivationPage/div_Create account' is clicked on

2020-09-24 01:20:18 - [TEST_STEP][PASSED] - waitForElementPresent(findTestObject("V2/Commons/DasboardPage_SidebarMenu/img_Home_logo-big"), DefaultTimeout): Object 'Object Repository/V2/Commons/DasboardPage_SidebarMenu/img_Home_logo-big' is present

2020-09-24 01:20:22 - [MESSAGE][PASSED] - Object 'Object Repository/V2/Commons/DasboardPage_SidebarMenu/img_Home_logo-big' is present

2020-09-24 01:20:22 - [TEST_STEP][PASSED] - verifyElementPresent(findTestObject("V2/Commons/DasboardPage_SidebarMenu/img_Home_logo-big"), 0): Object 'Object Repository/V2/Commons/DasboardPage_SidebarMenu/img_Home_logo-big' is present

2020-09-24 01:20:22 - [MESSAGE][WARNING] - Timeout '0' is invalid. Using default page load timeout: '30'

2020-09-24 01:20:22 - [MESSAGE][PASSED] - Object 'Object Repository/V2/Commons/DasboardPage_SidebarMenu/img_Home_logo-big' is present

2020-09-24 01:20:22 - [MESSAGE][PASSED] - Call Test Case 'Test Cases/V2/Test Case/Pre-conditions/PRE_ActivateNewUser' successfully

2020-09-24 01:20:22 - [TEST_STEP][PASSED] - callTestCase(findTestCase("V2/Test Case/Pre-conditions/PRE_SkipPersonalProfileSetup"), [:], STOP_ON_FAILURE): Call Test Case 'Test Cases/V2/Test Case/Pre-conditions/PRE_SkipPersonalProfileSetup' successfully

2020-09-24 01:20:22 - [TEST_CASE][PASSED] - Test Cases/V2/Test Case/Pre-conditions/PRE_SkipPersonalProfileSetup: Test Cases/V2/Test Case/Pre-conditions/PRE_SkipPersonalProfileSetup

2020-09-24 01:20:22 - [TEST_STEP][PASSED] - waitForElementVisible(findTestObject("V2/Commons/FirstUpdateCompanyAndPersonalInfoModal/confirmPersonalInfoHeader_h1"), DefaultTimeout): Object 'Object Repository/V2/Commons/FirstUpdateCompanyAndPersonalInfoModal/confirmPersonalInfoHeader_h1' is visible

2020-09-24 01:20:23 - [MESSAGE][PASSED] - Object 'Object Repository/V2/Commons/FirstUpdateCompanyAndPersonalInfoModal/confirmPersonalInfoHeader_h1' is visible

2020-09-24 01:20:23 - [TEST_STEP][PASSED] - click(findTestObject("V2/Commons/FirstUpdateCompanyAndPersonalInfoModal/confirmInfoSkip_button")): Object: 'Object Repository/V2/Commons/FirstUpdateCompanyAndPersonalInfoModal/confirmInfoSkip_button' is clicked on

2020-09-24 01:20:23 - [MESSAGE][PASSED] - Object: 'Object Repository/V2/Commons/FirstUpdateCompanyAndPersonalInfoModal/confirmInfoSkip_button' is clicked on

2020-09-24 01:20:23 - [TEST_STEP][PASSED] - waitForElementVisible(findTestObject("V2/Commons/FirstUpdateCompanyAndPersonalInfoModal/letsGetStarted_button"), DefaultTimeout): Object 'Object Repository/V2/Commons/FirstUpdateCompanyAndPersonalInfoModal/letsGetStarted_button' is visible

2020-09-24 01:20:24 - [MESSAGE][PASSED] - Object 'Object Repository/V2/Commons/FirstUpdateCompanyAndPersonalInfoModal/letsGetStarted_button' is visible

2020-09-24 01:20:24 - [TEST_STEP][PASSED] - click(findTestObject("V2/Commons/FirstUpdateCompanyAndPersonalInfoModal/letsGetStarted_button")): Object: 'Object Repository/V2/Commons/FirstUpdateCompanyAndPersonalInfoModal/letsGetStarted_button' is clicked on

2020-09-24 01:20:24 - [MESSAGE][PASSED] - Object: 'Object Repository/V2/Commons/FirstUpdateCompanyAndPersonalInfoModal/letsGetStarted_button' is clicked on

2020-09-24 01:20:24 - [MESSAGE][PASSED] - Call Test Case 'Test Cases/V2/Test Case/Pre-conditions/PRE_SkipPersonalProfileSetup' successfully

2020-09-24 01:20:24 - [TEST_STEP][PASSED] - callTestCase(findTestCase("V2/Test Case/Pre-conditions/PRE_ActivateNewUser"), ["activationURL":employee_activationURL, "email":employee_email, "password":password], STOP_ON_FAILURE): Call Test Case 'Test Cases/V2/Test Case/Pre-conditions/PRE_ActivateNewUser' successfully

2020-09-24 01:20:24 - [TEST_CASE][PASSED] - Test Cases/V2/Test Case/Pre-conditions/PRE_ActivateNewUser: Test Cases/V2/Test Case/Pre-conditions/PRE_ActivateNewUser

2020-09-24 01:20:24 - [TEST_STEP][PASSED] - navigateToUrl(activationURL): Navigate to 'http://local.traction.tools:5000/activate?activationKey=1f8abc15-4207-4566-82e9-c03c09c81211&userId=b0ba5dfd-5420-c94a-4464-de98d24ca51e&orgId=6cba5dfd-15b7-da47-95fc-397f70e5d121&email=tractiontools.user001+te5dsc80@gmail.com&isCreator=0' successfully

2020-09-24 01:20:26 - [MESSAGE][PASSED] - Navigate to 'http://local.traction.tools:5000/activate?activationKey=1f8abc15-4207-4566-82e9-c03c09c81211&userId=b0ba5dfd-5420-c94a-4464-de98d24ca51e&orgId=6cba5dfd-15b7-da47-95fc-397f70e5d121&email=tractiontools.user001+te5dsc80@gmail.com&isCreator=0' successfully

2020-09-24 01:20:26 - [TEST_STEP][PASSED] - waitForElementVisible(findTestObject("V2/Commons/ActivationPage/input_Email_email"), DefaultTimeout): Object 'Object Repository/V2/Commons/ActivationPage/input_Email_email' is visible

2020-09-24 01:20:27 - [MESSAGE][PASSED] - Object 'Object Repository/V2/Commons/ActivationPage/input_Email_email' is visible

2020-09-24 01:20:27 - [TEST_STEP][PASSED] - actual_email = getAttribute(findTestObject("Object Repository/V2/Commons/ActivationPage/input_Email_email"), "value"): Attribute 'value' of object 'Object Repository/V2/Commons/ActivationPage/input_Email_email' is: 'tractiontools.user001+te5dsc80@gmail.com'

2020-09-24 01:20:27 - [MESSAGE][PASSED] - Attribute 'value' of object 'Object Repository/V2/Commons/ActivationPage/input_Email_email' is: 'tractiontools.user001+te5dsc80@gmail.com'

2020-09-24 01:20:27 - [TEST_STEP][PASSED] - verifyMatch(actual_email, email, false): Actual text 'tractiontools.user001+te5dsc80@gmail.com' and expected text 'tractiontools.user001+te5dsc80@gmail.com' are matched 

2020-09-24 01:20:27 - [MESSAGE][PASSED] - Actual text 'tractiontools.user001+te5dsc80@gmail.com' and expected text 'tractiontools.user001+te5dsc80@gmail.com' are matched 

2020-09-24 01:20:27 - [TEST_STEP][PASSED] - setText(findTestObject("V2/Commons/ActivationPage/input_password"), password): Text 'Qwer123!' is set on object 'Object Repository/V2/Commons/ActivationPage/input_password'

2020-09-24 01:20:28 - [MESSAGE][PASSED] - Text 'Qwer123!' is set on object 'Object Repository/V2/Commons/ActivationPage/input_password'

2020-09-24 01:20:28 - [TEST_STEP][PASSED] - setText(findTestObject("Object Repository/V2/Commons/ActivationPage/input__passwordRepeat"), password): Text 'Qwer123!' is set on object 'Object Repository/V2/Commons/ActivationPage/input__passwordRepeat'

2020-09-24 01:20:28 - [MESSAGE][PASSED] - Text 'Qwer123!' is set on object 'Object Repository/V2/Commons/ActivationPage/input__passwordRepeat'

2020-09-24 01:20:28 - [TEST_STEP][PASSED] - click(findTestObject("V2/Commons/ActivationPage/input_termsandconditions")): Object: 'Object Repository/V2/Commons/ActivationPage/input_termsandconditions' is clicked on

2020-09-24 01:20:29 - [MESSAGE][PASSED] - Object: 'Object Repository/V2/Commons/ActivationPage/input_termsandconditions' is clicked on

2020-09-24 01:20:29 - [TEST_STEP][PASSED] - click(findTestObject("Object Repository/V2/Commons/ActivationPage/div_Create account")): Object: 'Object Repository/V2/Commons/ActivationPage/div_Create account' is clicked on

2020-09-24 01:20:29 - [MESSAGE][PASSED] - Object: 'Object Repository/V2/Commons/ActivationPage/div_Create account' is clicked on

2020-09-24 01:20:29 - [TEST_STEP][PASSED] - waitForElementPresent(findTestObject("V2/Commons/DasboardPage_SidebarMenu/img_Home_logo-big"), DefaultTimeout): Object 'Object Repository/V2/Commons/DasboardPage_SidebarMenu/img_Home_logo-big' is present

2020-09-24 01:20:33 - [MESSAGE][PASSED] - Object 'Object Repository/V2/Commons/DasboardPage_SidebarMenu/img_Home_logo-big' is present

2020-09-24 01:20:33 - [TEST_STEP][PASSED] - verifyElementPresent(findTestObject("V2/Commons/DasboardPage_SidebarMenu/img_Home_logo-big"), 0): Object 'Object Repository/V2/Commons/DasboardPage_SidebarMenu/img_Home_logo-big' is present

2020-09-24 01:20:33 - [MESSAGE][WARNING] - Timeout '0' is invalid. Using default page load timeout: '30'

2020-09-24 01:20:33 - [MESSAGE][PASSED] - Object 'Object Repository/V2/Commons/DasboardPage_SidebarMenu/img_Home_logo-big' is present

2020-09-24 01:20:33 - [MESSAGE][PASSED] - Call Test Case 'Test Cases/V2/Test Case/Pre-conditions/PRE_ActivateNewUser' successfully

2020-09-24 01:20:33 - [TEST_STEP][PASSED] - callTestCase(findTestCase("V2/Test Case/Pre-conditions/PRE_SkipPersonalProfileSetup"), [:], STOP_ON_FAILURE): Call Test Case 'Test Cases/V2/Test Case/Pre-conditions/PRE_SkipPersonalProfileSetup' successfully

2020-09-24 01:20:33 - [TEST_CASE][PASSED] - Test Cases/V2/Test Case/Pre-conditions/PRE_SkipPersonalProfileSetup: Test Cases/V2/Test Case/Pre-conditions/PRE_SkipPersonalProfileSetup

2020-09-24 01:20:33 - [TEST_STEP][PASSED] - waitForElementVisible(findTestObject("V2/Commons/FirstUpdateCompanyAndPersonalInfoModal/confirmPersonalInfoHeader_h1"), DefaultTimeout): Object 'Object Repository/V2/Commons/FirstUpdateCompanyAndPersonalInfoModal/confirmPersonalInfoHeader_h1' is visible

2020-09-24 01:20:34 - [MESSAGE][PASSED] - Object 'Object Repository/V2/Commons/FirstUpdateCompanyAndPersonalInfoModal/confirmPersonalInfoHeader_h1' is visible

2020-09-24 01:20:34 - [TEST_STEP][PASSED] - click(findTestObject("V2/Commons/FirstUpdateCompanyAndPersonalInfoModal/confirmInfoSkip_button")): Object: 'Object Repository/V2/Commons/FirstUpdateCompanyAndPersonalInfoModal/confirmInfoSkip_button' is clicked on

2020-09-24 01:20:34 - [MESSAGE][PASSED] - Object: 'Object Repository/V2/Commons/FirstUpdateCompanyAndPersonalInfoModal/confirmInfoSkip_button' is clicked on

2020-09-24 01:20:34 - [TEST_STEP][PASSED] - waitForElementVisible(findTestObject("V2/Commons/FirstUpdateCompanyAndPersonalInfoModal/letsGetStarted_button"), DefaultTimeout): Object 'Object Repository/V2/Commons/FirstUpdateCompanyAndPersonalInfoModal/letsGetStarted_button' is visible

2020-09-24 01:20:35 - [MESSAGE][PASSED] - Object 'Object Repository/V2/Commons/FirstUpdateCompanyAndPersonalInfoModal/letsGetStarted_button' is visible

2020-09-24 01:20:35 - [TEST_STEP][PASSED] - click(findTestObject("V2/Commons/FirstUpdateCompanyAndPersonalInfoModal/letsGetStarted_button")): Object: 'Object Repository/V2/Commons/FirstUpdateCompanyAndPersonalInfoModal/letsGetStarted_button' is clicked on

2020-09-24 01:20:35 - [MESSAGE][PASSED] - Object: 'Object Repository/V2/Commons/FirstUpdateCompanyAndPersonalInfoModal/letsGetStarted_button' is clicked on

2020-09-24 01:20:35 - [MESSAGE][PASSED] - Call Test Case 'Test Cases/V2/Test Case/Pre-conditions/PRE_SkipPersonalProfileSetup' successfully

2020-09-24 01:20:35 - [MESSAGE][PASSED] - Call Test Case 'Test Cases/V2/Test Case/Pre-conditions/PRE_RegisterAndActivateTTUsers' successfully

2020-09-24 01:20:35 - [TEST_STEP][PASSED] - closeBrowser(): Browser is closed

2020-09-24 01:20:36 - [MESSAGE][PASSED] - Browser is closed

2020-09-24 01:20:36 - [TEST_STEP][PASSED] - path = System.getProperty("user.dir"): null

2020-09-24 01:20:36 - [TEST_STEP][PASSED] - System.setProperty("webdriver.chrome.driver", getChromeDriverPath()): null

2020-09-24 01:20:36 - [TEST_STEP][PASSED] - driver1 = new org.openqa.selenium.chrome.ChromeDriver(): null

2020-09-24 01:20:39 - [TEST_STEP][PASSED] - changeWebDriver(driver1): null

2020-09-24 01:20:39 - [TEST_STEP][PASSED] - maximizeWindow(): Current window maximized

2020-09-24 01:20:41 - [MESSAGE][PASSED] - Current window maximized

2020-09-24 01:20:41 - [TEST_STEP][PASSED] - navigateToUrl(V2Url): Navigate to 'http://local.traction.tools:5000' successfully

2020-09-24 01:20:42 - [MESSAGE][PASSED] - Navigate to 'http://local.traction.tools:5000' successfully

2020-09-24 01:20:42 - [TEST_STEP][PASSED] - callTestCase(findTestCase("V2/Test Case/Pre-conditions/PRE_LoginToTractionToolsApplication"), ["username":email, "password":password], STOP_ON_FAILURE): Call Test Case 'Test Cases/V2/Test Case/Pre-conditions/PRE_LoginToTractionToolsApplication' successfully

2020-09-24 01:20:42 - [TEST_CASE][PASSED] - Test Cases/V2/Test Case/Pre-conditions/PRE_LoginToTractionToolsApplication: Test Cases/V2/Test Case/Pre-conditions/PRE_LoginToTractionToolsApplication

2020-09-24 01:20:42 - [TEST_STEP][PASSED] - waitForElementVisible(findTestObject("V2/Commons/LoginPage/input__username"), DefaultTimeout): Object 'Object Repository/V2/Commons/LoginPage/input__username' is visible

2020-09-24 01:20:45 - [MESSAGE][PASSED] - Object 'Object Repository/V2/Commons/LoginPage/input__username' is visible

2020-09-24 01:20:45 - [TEST_STEP][PASSED] - waitForElementVisible(findTestObject("V2/Commons/LoginPage/input__password"), DefaultTimeout): Object 'Object Repository/V2/Commons/LoginPage/input__password' is visible

2020-09-24 01:20:45 - [MESSAGE][PASSED] - Object 'Object Repository/V2/Commons/LoginPage/input__password' is visible

2020-09-24 01:20:45 - [TEST_STEP][PASSED] - setText(findTestObject("V2/Commons/LoginPage/input__username"), username): Text 'tractiontools.user001+ta5expym@gmail.com' is set on object 'Object Repository/V2/Commons/LoginPage/input__username'

2020-09-24 01:20:45 - [MESSAGE][PASSED] - Text 'tractiontools.user001+ta5expym@gmail.com' is set on object 'Object Repository/V2/Commons/LoginPage/input__username'

2020-09-24 01:20:45 - [TEST_STEP][PASSED] - setText(findTestObject("V2/Commons/LoginPage/input__password"), password): Text 'Qwer123!' is set on object 'Object Repository/V2/Commons/LoginPage/input__password'

2020-09-24 01:20:45 - [MESSAGE][PASSED] - Text 'Qwer123!' is set on object 'Object Repository/V2/Commons/LoginPage/input__password'

2020-09-24 01:20:45 - [TEST_STEP][PASSED] - click(findTestObject("V2/Commons/LoginPage/div_Login")): Object: 'Object Repository/V2/Commons/LoginPage/div_Login' is clicked on

2020-09-24 01:20:45 - [MESSAGE][PASSED] - Object: 'Object Repository/V2/Commons/LoginPage/div_Login' is clicked on

2020-09-24 01:20:45 - [TEST_STEP][PASSED] - waitForElementVisible(findTestObject("V2/Commons/DasboardPage_SidebarMenu/img_Home_logo-big"), DefaultTimeout): Object 'Object Repository/V2/Commons/DasboardPage_SidebarMenu/img_Home_logo-big' is visible

2020-09-24 01:20:48 - [MESSAGE][PASSED] - Object 'Object Repository/V2/Commons/DasboardPage_SidebarMenu/img_Home_logo-big' is visible

2020-09-24 01:20:48 - [TEST_STEP][PASSED] - verifyElementVisible(findTestObject("V2/Commons/DasboardPage_SidebarMenu/img_Home_logo-big"), STOP_ON_FAILURE): Object 'Object Repository/V2/Commons/DasboardPage_SidebarMenu/img_Home_logo-big' is visible

2020-09-24 01:20:48 - [MESSAGE][PASSED] - Object 'Object Repository/V2/Commons/DasboardPage_SidebarMenu/img_Home_logo-big' is visible

2020-09-24 01:20:48 - [MESSAGE][PASSED] - Call Test Case 'Test Cases/V2/Test Case/Pre-conditions/PRE_LoginToTractionToolsApplication' successfully

2020-09-24 01:20:48 - [TEST_STEP][PASSED] - driver2 = new org.openqa.selenium.chrome.ChromeDriver(): null

2020-09-24 01:20:51 - [TEST_STEP][PASSED] - changeWebDriver(driver2): null

2020-09-24 01:20:51 - [TEST_STEP][PASSED] - maximizeWindow(): Current window maximized

2020-09-24 01:20:53 - [MESSAGE][PASSED] - Current window maximized

2020-09-24 01:20:53 - [TEST_STEP][PASSED] - navigateToUrl(V2Url): Navigate to 'http://local.traction.tools:5000' successfully

2020-09-24 01:20:54 - [MESSAGE][PASSED] - Navigate to 'http://local.traction.tools:5000' successfully

2020-09-24 01:20:54 - [TEST_STEP][PASSED] - callTestCase(findTestCase("V2/Test Case/Pre-conditions/PRE_LoginToTractionToolsApplication"), ["username":supervisor_email, "password":password], STOP_ON_FAILURE): Call Test Case 'Test Cases/V2/Test Case/Pre-conditions/PRE_LoginToTractionToolsApplication' successfully

2020-09-24 01:20:54 - [TEST_CASE][PASSED] - Test Cases/V2/Test Case/Pre-conditions/PRE_LoginToTractionToolsApplication: Test Cases/V2/Test Case/Pre-conditions/PRE_LoginToTractionToolsApplication

2020-09-24 01:20:54 - [TEST_STEP][PASSED] - waitForElementVisible(findTestObject("V2/Commons/LoginPage/input__username"), DefaultTimeout): Object 'Object Repository/V2/Commons/LoginPage/input__username' is visible

2020-09-24 01:20:56 - [MESSAGE][PASSED] - Object 'Object Repository/V2/Commons/LoginPage/input__username' is visible

2020-09-24 01:20:56 - [TEST_STEP][PASSED] - waitForElementVisible(findTestObject("V2/Commons/LoginPage/input__password"), DefaultTimeout): Object 'Object Repository/V2/Commons/LoginPage/input__password' is visible

2020-09-24 01:20:56 - [MESSAGE][PASSED] - Object 'Object Repository/V2/Commons/LoginPage/input__password' is visible

2020-09-24 01:20:56 - [TEST_STEP][PASSED] - setText(findTestObject("V2/Commons/LoginPage/input__username"), username): Text 'tractiontools.user001+ts5j332m@gmail.com' is set on object 'Object Repository/V2/Commons/LoginPage/input__username'

2020-09-24 01:20:56 - [MESSAGE][PASSED] - Text 'tractiontools.user001+ts5j332m@gmail.com' is set on object 'Object Repository/V2/Commons/LoginPage/input__username'

2020-09-24 01:20:56 - [TEST_STEP][PASSED] - setText(findTestObject("V2/Commons/LoginPage/input__password"), password): Text 'Qwer123!' is set on object 'Object Repository/V2/Commons/LoginPage/input__password'

2020-09-24 01:20:56 - [MESSAGE][PASSED] - Text 'Qwer123!' is set on object 'Object Repository/V2/Commons/LoginPage/input__password'

2020-09-24 01:20:56 - [TEST_STEP][PASSED] - click(findTestObject("V2/Commons/LoginPage/div_Login")): Object: 'Object Repository/V2/Commons/LoginPage/div_Login' is clicked on

2020-09-24 01:20:57 - [MESSAGE][PASSED] - Object: 'Object Repository/V2/Commons/LoginPage/div_Login' is clicked on

2020-09-24 01:20:57 - [TEST_STEP][PASSED] - waitForElementVisible(findTestObject("V2/Commons/DasboardPage_SidebarMenu/img_Home_logo-big"), DefaultTimeout): Object 'Object Repository/V2/Commons/DasboardPage_SidebarMenu/img_Home_logo-big' is visible

2020-09-24 01:20:59 - [MESSAGE][PASSED] - Object 'Object Repository/V2/Commons/DasboardPage_SidebarMenu/img_Home_logo-big' is visible

2020-09-24 01:20:59 - [TEST_STEP][PASSED] - verifyElementVisible(findTestObject("V2/Commons/DasboardPage_SidebarMenu/img_Home_logo-big"), STOP_ON_FAILURE): Object 'Object Repository/V2/Commons/DasboardPage_SidebarMenu/img_Home_logo-big' is visible

2020-09-24 01:20:59 - [MESSAGE][PASSED] - Object 'Object Repository/V2/Commons/DasboardPage_SidebarMenu/img_Home_logo-big' is visible

2020-09-24 01:20:59 - [MESSAGE][PASSED] - Call Test Case 'Test Cases/V2/Test Case/Pre-conditions/PRE_LoginToTractionToolsApplication' successfully

2020-09-24 01:20:59 - [TEST_STEP][PASSED] - driver3 = new org.openqa.selenium.chrome.ChromeDriver(): null

2020-09-24 01:21:03 - [TEST_STEP][PASSED] - changeWebDriver(driver3): null

2020-09-24 01:21:03 - [TEST_STEP][PASSED] - maximizeWindow(): Current window maximized

2020-09-24 01:21:05 - [MESSAGE][PASSED] - Current window maximized

2020-09-24 01:21:05 - [TEST_STEP][PASSED] - navigateToUrl(V2Url): Navigate to 'http://local.traction.tools:5000' successfully

2020-09-24 01:21:06 - [MESSAGE][PASSED] - Navigate to 'http://local.traction.tools:5000' successfully

2020-09-24 01:21:06 - [TEST_STEP][PASSED] - callTestCase(findTestCase("V2/Test Case/Pre-conditions/PRE_LoginToTractionToolsApplication"), ["username":employee_email, "password":password], STOP_ON_FAILURE): Call Test Case 'Test Cases/V2/Test Case/Pre-conditions/PRE_LoginToTractionToolsApplication' successfully

2020-09-24 01:21:06 - [TEST_CASE][PASSED] - Test Cases/V2/Test Case/Pre-conditions/PRE_LoginToTractionToolsApplication: Test Cases/V2/Test Case/Pre-conditions/PRE_LoginToTractionToolsApplication

2020-09-24 01:21:06 - [TEST_STEP][PASSED] - waitForElementVisible(findTestObject("V2/Commons/LoginPage/input__username"), DefaultTimeout): Object 'Object Repository/V2/Commons/LoginPage/input__username' is visible

2020-09-24 01:21:07 - [MESSAGE][PASSED] - Object 'Object Repository/V2/Commons/LoginPage/input__username' is visible

2020-09-24 01:21:07 - [TEST_STEP][PASSED] - waitForElementVisible(findTestObject("V2/Commons/LoginPage/input__password"), DefaultTimeout): Object 'Object Repository/V2/Commons/LoginPage/input__password' is visible

2020-09-24 01:21:07 - [MESSAGE][PASSED] - Object 'Object Repository/V2/Commons/LoginPage/input__password' is visible

2020-09-24 01:21:07 - [TEST_STEP][PASSED] - setText(findTestObject("V2/Commons/LoginPage/input__username"), username): Text 'tractiontools.user001+te5dsc80@gmail.com' is set on object 'Object Repository/V2/Commons/LoginPage/input__username'

2020-09-24 01:21:08 - [MESSAGE][PASSED] - Text 'tractiontools.user001+te5dsc80@gmail.com' is set on object 'Object Repository/V2/Commons/LoginPage/input__username'

2020-09-24 01:21:08 - [TEST_STEP][PASSED] - setText(findTestObject("V2/Commons/LoginPage/input__password"), password): Text 'Qwer123!' is set on object 'Object Repository/V2/Commons/LoginPage/input__password'

2020-09-24 01:21:08 - [MESSAGE][PASSED] - Text 'Qwer123!' is set on object 'Object Repository/V2/Commons/LoginPage/input__password'

2020-09-24 01:21:08 - [TEST_STEP][PASSED] - click(findTestObject("V2/Commons/LoginPage/div_Login")): Object: 'Object Repository/V2/Commons/LoginPage/div_Login' is clicked on

2020-09-24 01:21:08 - [MESSAGE][PASSED] - Object: 'Object Repository/V2/Commons/LoginPage/div_Login' is clicked on

2020-09-24 01:21:08 - [TEST_STEP][PASSED] - waitForElementVisible(findTestObject("V2/Commons/DasboardPage_SidebarMenu/img_Home_logo-big"), DefaultTimeout): Object 'Object Repository/V2/Commons/DasboardPage_SidebarMenu/img_Home_logo-big' is visible

2020-09-24 01:21:12 - [MESSAGE][PASSED] - Object 'Object Repository/V2/Commons/DasboardPage_SidebarMenu/img_Home_logo-big' is visible

2020-09-24 01:21:12 - [TEST_STEP][PASSED] - verifyElementVisible(findTestObject("V2/Commons/DasboardPage_SidebarMenu/img_Home_logo-big"), STOP_ON_FAILURE): Object 'Object Repository/V2/Commons/DasboardPage_SidebarMenu/img_Home_logo-big' is visible

2020-09-24 01:21:12 - [MESSAGE][PASSED] - Object 'Object Repository/V2/Commons/DasboardPage_SidebarMenu/img_Home_logo-big' is visible

2020-09-24 01:21:12 - [MESSAGE][PASSED] - Call Test Case 'Test Cases/V2/Test Case/Pre-conditions/PRE_LoginToTractionToolsApplication' successfully

2020-09-24 01:21:12 - [TEST_STEP][PASSED] - changeWebDriver(driver1): null

2020-09-24 01:21:12 - [TEST_STEP][PASSED] - callTestCase(findTestCase("V2/Test Case/Pre-conditions/PRE_CreateL10Meeting"), ["meetingName":meetingName, "meetingAcronym":meetingAcronym, "meetingType":meetingType, "dropdownOptions_obj":"//div[@id='CREATE_MEETING_L10']//span[text()='%s']/parent::div[@role='option']", ... ], STOP_ON_FAILURE): Call Test Case 'Test Cases/V2/Test Case/Pre-conditions/PRE_CreateL10Meeting' successfully

2020-09-24 01:21:13 - [TEST_CASE][PASSED] - Test Cases/V2/Test Case/Pre-conditions/PRE_CreateL10Meeting: Test Cases/V2/Test Case/Pre-conditions/PRE_CreateL10Meeting

2020-09-24 01:21:13 - [TEST_STEP][PASSED] - click(findTestObject("V2/Commons/DasboardPage_SidebarMenu/MeetingsMenu")): Object: 'Object Repository/V2/Commons/DasboardPage_SidebarMenu/MeetingsMenu' is clicked on

2020-09-24 01:21:13 - [MESSAGE][PASSED] - Object: 'Object Repository/V2/Commons/DasboardPage_SidebarMenu/MeetingsMenu' is clicked on

2020-09-24 01:21:13 - [TEST_STEP][PASSED] - click(findTestObject("Object Repository/V2/Commons/MeetingListPage/div_Create a meeting")): Object: 'Object Repository/V2/Commons/MeetingListPage/div_Create a meeting' is clicked on

2020-09-24 01:21:13 - [MESSAGE][PASSED] - Object: 'Object Repository/V2/Commons/MeetingListPage/div_Create a meeting' is clicked on

2020-09-24 01:21:13 - [TEST_STEP][PASSED] - click(findTestObject("Object Repository/V2/Commons/MeetingListPage/button_Level 10")): Object: 'Object Repository/V2/Commons/MeetingListPage/button_Level 10' is clicked on

2020-09-24 01:21:13 - [MESSAGE][PASSED] - Object: 'Object Repository/V2/Commons/MeetingListPage/button_Level 10' is clicked on

2020-09-24 01:21:13 - [TEST_STEP][PASSED] - waitForElementVisible(findTestObject("V2/Commons/CreateL10MeetingDrawer/input__name"), DefaultTimeout): Object 'Object Repository/V2/Commons/CreateL10MeetingDrawer/input__name' is visible

2020-09-24 01:21:13 - [MESSAGE][PASSED] - Object 'Object Repository/V2/Commons/CreateL10MeetingDrawer/input__name' is visible

2020-09-24 01:21:13 - [TEST_STEP][PASSED] - setText(findTestObject("V2/Commons/CreateL10MeetingDrawer/input__name"), meetingName): Text 'Meeting Admin' is set on object 'Object Repository/V2/Commons/CreateL10MeetingDrawer/input__name'

2020-09-24 01:21:13 - [MESSAGE][PASSED] - Text 'Meeting Admin' is set on object 'Object Repository/V2/Commons/CreateL10MeetingDrawer/input__name'

2020-09-24 01:21:13 - [TEST_STEP][PASSED] - setText(findTestObject("V2/Commons/CreateL10MeetingDrawer/input__acronym"), meetingAcronym): Text 'CL10' is set on object 'Object Repository/V2/Commons/CreateL10MeetingDrawer/input__acronym'

2020-09-24 01:21:14 - [MESSAGE][PASSED] - Text 'CL10' is set on object 'Object Repository/V2/Commons/CreateL10MeetingDrawer/input__acronym'

2020-09-24 01:21:14 - [TEST_STEP][PASSED] - click(findTestObject("V2/Commons/CreateL10MeetingDrawer/input__typeOfMeeting")): Object: 'Object Repository/V2/Commons/CreateL10MeetingDrawer/input__typeOfMeeting' is clicked on

2020-09-24 01:21:14 - [MESSAGE][PASSED] - Object: 'Object Repository/V2/Commons/CreateL10MeetingDrawer/input__typeOfMeeting' is clicked on

2020-09-24 01:21:14 - [TEST_STEP][PASSED] - meetingTypeOption_Obj = tt_CustomKeywords.CustomKeywords.CreateDynamicElement(dropdownOptions_obj, meetingType, "xpath"): Successfully created new dynamic object: //div[@id='CREATE_MEETING_L10']//span[text()='Leadership']/parent::div[@role='option']

2020-09-24 01:21:14 - [MESSAGE][PASSED] - Successfully created new dynamic object: //div[@id='CREATE_MEETING_L10']//span[text()='Leadership']/parent::div[@role='option']

2020-09-24 01:21:14 - [TEST_STEP][PASSED] - click(meetingTypeOption_Obj): Object: '' is clicked on

2020-09-24 01:21:14 - [MESSAGE][PASSED] - Object: '' is clicked on

2020-09-24 01:21:14 - [TEST_STEP][PASSED] - click(findTestObject("V2/Commons/CreateL10MeetingDrawer/div_dayOfMeetingDropdownList")): Object: 'Object Repository/V2/Commons/CreateL10MeetingDrawer/div_dayOfMeetingDropdownList' is clicked on

2020-09-24 01:21:14 - [MESSAGE][PASSED] - Object: 'Object Repository/V2/Commons/CreateL10MeetingDrawer/div_dayOfMeetingDropdownList' is clicked on

2020-09-24 01:21:14 - [TEST_STEP][PASSED] - dayOfMeetingOption_Obj = tt_CustomKeywords.CustomKeywords.CreateDynamicElement(dropdownOptions_obj, dayOfMeeting, "xpath"): Successfully created new dynamic object: //div[@id='CREATE_MEETING_L10']//span[text()='Monday']/parent::div[@role='option']

2020-09-24 01:21:14 - [MESSAGE][PASSED] - Successfully created new dynamic object: //div[@id='CREATE_MEETING_L10']//span[text()='Monday']/parent::div[@role='option']

2020-09-24 01:21:14 - [TEST_STEP][PASSED] - click(dayOfMeetingOption_Obj): Object: '' is clicked on

2020-09-24 01:21:14 - [MESSAGE][PASSED] - Object: '' is clicked on

2020-09-24 01:21:14 - [TEST_STEP][PASSED] - click(findTestObject("V2/Commons/CreateL10MeetingDrawer/input_meetingTime")): Object: 'Object Repository/V2/Commons/CreateL10MeetingDrawer/input_meetingTime' is clicked on

2020-09-24 01:21:14 - [MESSAGE][PASSED] - Object: 'Object Repository/V2/Commons/CreateL10MeetingDrawer/input_meetingTime' is clicked on

2020-09-24 01:21:14 - [TEST_STEP][PASSED] - setText(findTestObject("V2/Commons/CreateL10MeetingDrawer/input_meetingTime"), meetingTime): Text '12:00' is set on object 'Object Repository/V2/Commons/CreateL10MeetingDrawer/input_meetingTime'

2020-09-24 01:21:14 - [MESSAGE][PASSED] - Text '12:00' is set on object 'Object Repository/V2/Commons/CreateL10MeetingDrawer/input_meetingTime'

2020-09-24 01:21:14 - [TEST_STEP][PASSED] - sendKeys(findTestObject("V2/Commons/CreateL10MeetingDrawer/input_meetingTime"), Keys.chord(TAB)): Keys 'TAB + ' sent to object: 'Object Repository/V2/Commons/CreateL10MeetingDrawer/input_meetingTime'

2020-09-24 01:21:14 - [MESSAGE][PASSED] - Keys 'TAB + ' sent to object: 'Object Repository/V2/Commons/CreateL10MeetingDrawer/input_meetingTime'

2020-09-24 01:21:14 - [TEST_STEP][PASSED] - click(findTestObject("V2/Commons/CreateL10MeetingDrawer/div_Create Meeting")): Object: 'Object Repository/V2/Commons/CreateL10MeetingDrawer/div_Create Meeting' is clicked on

2020-09-24 01:21:14 - [MESSAGE][PASSED] - Object: 'Object Repository/V2/Commons/CreateL10MeetingDrawer/div_Create Meeting' is clicked on

2020-09-24 01:21:14 - [TEST_STEP][PASSED] - waitForElementVisible(findTestObject("Object Repository/V2/Commons/MeetingListPage/div_Ill do this later"), DefaultTimeout): Object 'Object Repository/V2/Commons/MeetingListPage/div_Ill do this later' is visible

2020-09-24 01:21:20 - [MESSAGE][PASSED] - Object 'Object Repository/V2/Commons/MeetingListPage/div_Ill do this later' is visible

2020-09-24 01:21:20 - [TEST_STEP][PASSED] - verifyElementVisible(findTestObject("Object Repository/V2/Commons/MeetingListPage/div_Ill do this later"), STOP_ON_FAILURE): Object 'Object Repository/V2/Commons/MeetingListPage/div_Ill do this later' is visible

2020-09-24 01:21:21 - [MESSAGE][PASSED] - Object 'Object Repository/V2/Commons/MeetingListPage/div_Ill do this later' is visible

2020-09-24 01:21:21 - [TEST_STEP][PASSED] - click(findTestObject("Object Repository/V2/Commons/MeetingListPage/div_Ill do this later")): Object: 'Object Repository/V2/Commons/MeetingListPage/div_Ill do this later' is clicked on

2020-09-24 01:21:21 - [MESSAGE][PASSED] - Object: 'Object Repository/V2/Commons/MeetingListPage/div_Ill do this later' is clicked on

2020-09-24 01:21:21 - [TEST_STEP][NOT_RUN] - meetingRecordObj = tt_CustomKeywords.CustomKeywords.CreateDynamicElement(meetingRecord_obj, meetingName, "xpath"): NOT_RUN: meetingRecordObj = tt_CustomKeywords.CustomKeywords.CreateDynamicElement(meetingRecord_obj, meetingName, "xpath")

2020-09-24 01:21:21 - [MESSAGE][NOT_RUN] - NOT_RUN: meetingRecordObj = tt_CustomKeywords.CustomKeywords.CreateDynamicElement(meetingRecord_obj, meetingName, "xpath")

2020-09-24 01:21:21 - [TEST_STEP][PASSED] - waitForElementPresent(findTestObject("V2/Commons/MeetingListPage/D_meetingRecord_meetingName_h2", ["meetingName":meetingName]), DefaultTimeout): Object 'Object Repository/V2/Commons/MeetingListPage/D_meetingRecord_meetingName_h2' is present

2020-09-24 01:21:21 - [MESSAGE][PASSED] - Object 'Object Repository/V2/Commons/MeetingListPage/D_meetingRecord_meetingName_h2' is present

2020-09-24 01:21:21 - [TEST_STEP][PASSED] - verifyElementVisible(findTestObject("V2/Commons/MeetingListPage/D_meetingRecord_meetingName_h2", ["meetingName":meetingName]), STOP_ON_FAILURE): Object 'Object Repository/V2/Commons/MeetingListPage/D_meetingRecord_meetingName_h2' is visible

2020-09-24 01:21:21 - [MESSAGE][PASSED] - Object 'Object Repository/V2/Commons/MeetingListPage/D_meetingRecord_meetingName_h2' is visible

2020-09-24 01:21:21 - [MESSAGE][PASSED] - Call Test Case 'Test Cases/V2/Test Case/Pre-conditions/PRE_CreateL10Meeting' successfully

2020-09-24 01:21:21 - [TEST_STEP][PASSED] - callTestCase(findTestCase("V2/Test Case/Pre-conditions/PRE_AddAllAttendeesToMeeting"), ["meetingName":meetingName, "firstname":supervisor_fname, "lastname":lastname, "userOptionObj":"//span[text()='%s']/parent::div[@role='option']", ... ], STOP_ON_FAILURE): Call Test Case 'Test Cases/V2/Test Case/Pre-conditions/PRE_AddAllAttendeesToMeeting' successfully

2020-09-24 01:21:21 - [TEST_CASE][PASSED] - Test Cases/V2/Test Case/Pre-conditions/PRE_AddAllAttendeesToMeeting: Test Cases/V2/Test Case/Pre-conditions/PRE_AddAllAttendeesToMeeting

2020-09-24 01:21:21 - [TEST_STEP][PASSED] - click(findTestObject("V2/Commons/DasboardPage_SidebarMenu/MeetingsMenu")): Object: 'Object Repository/V2/Commons/DasboardPage_SidebarMenu/MeetingsMenu' is clicked on

2020-09-24 01:21:21 - [MESSAGE][PASSED] - Object: 'Object Repository/V2/Commons/DasboardPage_SidebarMenu/MeetingsMenu' is clicked on

2020-09-24 01:21:21 - [TEST_STEP][PASSED] - attendee_fullname = firstname + " " + lastname: null

2020-09-24 01:21:21 - [TEST_STEP][NOT_RUN] - meetingOpt_Obj = tt_CustomKeywords.CustomKeywords.CreateDynamicElement(meetingOptions_obj, meetingName, "xpath"): NOT_RUN: meetingOpt_Obj = tt_CustomKeywords.CustomKeywords.CreateDynamicElement(meetingOptions_obj, meetingName, "xpath")

2020-09-24 01:21:21 - [MESSAGE][NOT_RUN] - NOT_RUN: meetingOpt_Obj = tt_CustomKeywords.CustomKeywords.CreateDynamicElement(meetingOptions_obj, meetingName, "xpath")

2020-09-24 01:21:21 - [TEST_STEP][NOT_RUN] - click(meetingOpt_Obj): NOT_RUN: click(meetingOpt_Obj)

2020-09-24 01:21:21 - [MESSAGE][NOT_RUN] - NOT_RUN: click(meetingOpt_Obj)

2020-09-24 01:21:21 - [TEST_STEP][PASSED] - click(findTestObject("V2/Commons/MeetingListPage/D_meetingRecord_3DotsOption_div", ["meetingName":meetingName]), STOP_ON_FAILURE): Object: 'Object Repository/V2/Commons/MeetingListPage/D_meetingRecord_3DotsOption_div' is clicked on

2020-09-24 01:21:21 - [MESSAGE][PASSED] - Object: 'Object Repository/V2/Commons/MeetingListPage/D_meetingRecord_3DotsOption_div' is clicked on

2020-09-24 01:21:21 - [TEST_STEP][PASSED] - click(findTestObject("V2/Commons/MeetingListPage/a_Edit meeting")): Object: 'Object Repository/V2/Commons/MeetingListPage/a_Edit meeting' is clicked on

2020-09-24 01:21:21 - [MESSAGE][PASSED] - Object: 'Object Repository/V2/Commons/MeetingListPage/a_Edit meeting' is clicked on

2020-09-24 01:21:21 - [TEST_STEP][PASSED] - waitForElementPresent(findTestObject("V2/Commons/EditMeetingPage/div_Add users"), DefaultTimeout): Object 'Object Repository/V2/Commons/EditMeetingPage/div_Add users' is present

2020-09-24 01:21:22 - [MESSAGE][PASSED] - Object 'Object Repository/V2/Commons/EditMeetingPage/div_Add users' is present

2020-09-24 01:21:22 - [TEST_STEP][PASSED] - delay(5): Delayed 5 second(s)

2020-09-24 01:21:27 - [MESSAGE][PASSED] - Delayed 5 second(s)

2020-09-24 01:21:27 - [TEST_STEP][PASSED] - click(findTestObject("V2/Commons/EditMeetingPage/div_Add users")): Object: 'Object Repository/V2/Commons/EditMeetingPage/div_Add users' is clicked on

2020-09-24 01:21:27 - [MESSAGE][PASSED] - Object: 'Object Repository/V2/Commons/EditMeetingPage/div_Add users' is clicked on

2020-09-24 01:21:27 - [TEST_STEP][PASSED] - delay(5): Delayed 5 second(s)

2020-09-24 01:21:32 - [MESSAGE][PASSED] - Delayed 5 second(s)

2020-09-24 01:21:32 - [TEST_STEP][PASSED] - click(findTestObject("V2/Commons/EditMeetingPage/AddAttendeeUserDropdown")): Object: 'Object Repository/V2/Commons/EditMeetingPage/AddAttendeeUserDropdown' is clicked on

2020-09-24 01:21:32 - [MESSAGE][PASSED] - Object: 'Object Repository/V2/Commons/EditMeetingPage/AddAttendeeUserDropdown' is clicked on

2020-09-24 01:21:32 - [TEST_STEP][PASSED] - attendeeOpt_Obj = tt_CustomKeywords.CustomKeywords.CreateDynamicElement(userOptionObj, attendee_fullname, "xpath"): Successfully created new dynamic object: //span[text()='Supervisor User']/parent::div[@role='option']

2020-09-24 01:21:32 - [MESSAGE][PASSED] - Successfully created new dynamic object: //span[text()='Supervisor User']/parent::div[@role='option']

2020-09-24 01:21:32 - [TEST_STEP][PASSED] - attendeeObjCount = tt_CustomKeywords.CustomKeywords.CountElementInWebPageByDynamicElement(userOptionObj, attendee_fullname, "xpath"): Successfully get the element count. 
Element occurences in Webpage: 2

2020-09-24 01:21:32 - [MESSAGE][PASSED] - Successfully get the element count. 
Element occurences in Webpage: 2

2020-09-24 01:21:32 - [TEST_STEP][PASSED] - attendeeOptSCount = attendeeObjCount.toString(): null

2020-09-24 01:21:32 - [TEST_STEP][PASSED] - out.println(attendeeOptSCount): null

2020-09-24 01:21:32 - [TEST_STEP][PASSED] - attendeeObj_Xpath = attendeeOpt_Obj.findPropertyValue("xpath"): null

2020-09-24 01:21:32 - [TEST_STEP][PASSED] - newAttendeeOpt = "(" + attendeeObj_Xpath + ")[%s]": null

2020-09-24 01:21:32 - [TEST_STEP][PASSED] - out.println(newAttendeeOpt): null

2020-09-24 01:21:32 - [TEST_STEP][PASSED] - newAttendeeOpt_Obj = tt_CustomKeywords.CustomKeywords.CreateDynamicElement(newAttendeeOpt, attendeeOptSCount, "xpath"): Successfully created new dynamic object: (//span[text()='Supervisor User']/parent::div[@role='option'])[2]

2020-09-24 01:21:32 - [MESSAGE][PASSED] - Successfully created new dynamic object: (//span[text()='Supervisor User']/parent::div[@role='option'])[2]

2020-09-24 01:21:32 - [TEST_STEP][PASSED] - click(newAttendeeOpt_Obj): Object: '' is clicked on

2020-09-24 01:21:32 - [MESSAGE][PASSED] - Object: '' is clicked on

2020-09-24 01:21:32 - [TEST_STEP][PASSED] - waitForElementPresent(findTestObject("V2/Commons/EditMeetingPage/AddAttendeeSuccessNotif"), DefaultTimeout): Object 'Object Repository/V2/Commons/EditMeetingPage/AddAttendeeSuccessNotif' is present

2020-09-24 01:21:34 - [MESSAGE][PASSED] - Object 'Object Repository/V2/Commons/EditMeetingPage/AddAttendeeSuccessNotif' is present

2020-09-24 01:21:34 - [TEST_STEP][PASSED] - verifyElementPresent(findTestObject("V2/Commons/EditMeetingPage/AddAttendeeSuccessNotif"), DefaultTimeout): Object 'Object Repository/V2/Commons/EditMeetingPage/AddAttendeeSuccessNotif' is present

2020-09-24 01:21:34 - [MESSAGE][PASSED] - Object 'Object Repository/V2/Commons/EditMeetingPage/AddAttendeeSuccessNotif' is present

2020-09-24 01:21:34 - [TEST_STEP][PASSED] - permissionDrop_Obj = tt_CustomKeywords.CustomKeywords.CreateDynamicElement(permissionDropObj, attendee_fullname, "xpath"): Successfully created new dynamic object: //div[@role='alert' and text()='Supervisor User']/ancestor::div[@class='editAttendees__item']//button[contains(@aria-label,'assign')]/parent::div

2020-09-24 01:21:34 - [MESSAGE][PASSED] - Successfully created new dynamic object: //div[@role='alert' and text()='Supervisor User']/ancestor::div[@class='editAttendees__item']//button[contains(@aria-label,'assign')]/parent::div

2020-09-24 01:21:34 - [TEST_STEP][PASSED] - click(permissionDrop_Obj): Object: '' is clicked on

2020-09-24 01:21:34 - [MESSAGE][PASSED] - Object: '' is clicked on

2020-09-24 01:21:34 - [TEST_STEP][PASSED] - permissionDropOpt_Obj_MA = tt_CustomKeywords.CustomKeywords.CreateDynamicElement(permissionDropOptObj_MA, attendee_fullname, "xpath"): Successfully created new dynamic object: //div[@role='alert' and text()='Supervisor User']/ancestor::div[@class='editAttendees__item']//span[text()='Meeting Admin']/parent::div

2020-09-24 01:21:34 - [MESSAGE][PASSED] - Successfully created new dynamic object: //div[@role='alert' and text()='Supervisor User']/ancestor::div[@class='editAttendees__item']//span[text()='Meeting Admin']/parent::div

2020-09-24 01:21:34 - [TEST_STEP][PASSED] - permissionDropOpt_Obj_FE = tt_CustomKeywords.CustomKeywords.CreateDynamicElement(permissionDropOptObj_FE, attendee_fullname, "xpath"): Successfully created new dynamic object: //div[@role='alert' and text()='Supervisor User']/ancestor::div[@class='editAttendees__item']//span[text()='Full editor']/parent::div

2020-09-24 01:21:34 - [MESSAGE][PASSED] - Successfully created new dynamic object: //div[@role='alert' and text()='Supervisor User']/ancestor::div[@class='editAttendees__item']//span[text()='Full editor']/parent::div

2020-09-24 01:21:34 - [TEST_STEP][PASSED] - permissionDropOpt_Obj_BE = tt_CustomKeywords.CustomKeywords.CreateDynamicElement(permissionDropOptObj_BE, attendee_fullname, "xpath"): Successfully created new dynamic object: //div[@role='alert' and text()='Supervisor User']/ancestor::div[@class='editAttendees__item']//span[text()='Basic editor']/parent::div

2020-09-24 01:21:34 - [MESSAGE][PASSED] - Successfully created new dynamic object: //div[@role='alert' and text()='Supervisor User']/ancestor::div[@class='editAttendees__item']//span[text()='Basic editor']/parent::div

2020-09-24 01:21:34 - [TEST_STEP][PASSED] - if (permission == "Meeting Admin"): null

2020-09-24 01:21:34 - [TEST_STEP][PASSED] - if (permission == "Full editor"): null

2020-09-24 01:21:34 - [TEST_STEP][PASSED] - if (permission == "Basic editor"): null

2020-09-24 01:21:34 - [TEST_STEP][PASSED] - verifyElementPresent(findTestObject("V2/Commons/DasboardPage_SidebarMenu/MeetingsMenu"), DefaultTimeout): Object 'Object Repository/V2/Commons/DasboardPage_SidebarMenu/MeetingsMenu' is present

2020-09-24 01:21:34 - [MESSAGE][PASSED] - Object 'Object Repository/V2/Commons/DasboardPage_SidebarMenu/MeetingsMenu' is present

2020-09-24 01:21:34 - [TEST_STEP][PASSED] - click(findTestObject("V2/Commons/DasboardPage_SidebarMenu/MeetingsMenu")): Object: 'Object Repository/V2/Commons/DasboardPage_SidebarMenu/MeetingsMenu' is clicked on

2020-09-24 01:21:34 - [MESSAGE][PASSED] - Object: 'Object Repository/V2/Commons/DasboardPage_SidebarMenu/MeetingsMenu' is clicked on

2020-09-24 01:21:34 - [TEST_STEP][PASSED] - waitForElementNotPresent(findTestObject("V2/Commons/EditMeetingPage/AddAttendeeSuccessNotif"), DefaultTimeout): Web element with id: 'Object Repository/V2/Commons/EditMeetingPage/AddAttendeeSuccessNotif' located by 'By.xpath: //h3[text()='New attendee added!']' is not present after '60' second(s)

2020-09-24 01:21:41 - [MESSAGE][PASSED] - Web element with id: 'Object Repository/V2/Commons/EditMeetingPage/AddAttendeeSuccessNotif' located by 'By.xpath: //h3[text()='New attendee added!']' is not present after '60' second(s)

2020-09-24 01:21:41 - [MESSAGE][PASSED] - Call Test Case 'Test Cases/V2/Test Case/Pre-conditions/PRE_AddAllAttendeesToMeeting' successfully

2020-09-24 01:21:41 - [TEST_STEP][PASSED] - callTestCase(findTestCase("V2/Test Case/Pre-conditions/PRE_AddAllAttendeesToMeeting"), ["meetingName":meetingName, "firstname":employee_fname, "lastname":lastname, "userOptionObj":"//span[text()='%s']/parent::div[@role='option']", ... ], STOP_ON_FAILURE): Call Test Case 'Test Cases/V2/Test Case/Pre-conditions/PRE_AddAllAttendeesToMeeting' successfully

2020-09-24 01:21:41 - [TEST_CASE][PASSED] - Test Cases/V2/Test Case/Pre-conditions/PRE_AddAllAttendeesToMeeting: Test Cases/V2/Test Case/Pre-conditions/PRE_AddAllAttendeesToMeeting

2020-09-24 01:21:41 - [TEST_STEP][PASSED] - click(findTestObject("V2/Commons/DasboardPage_SidebarMenu/MeetingsMenu")): Object: 'Object Repository/V2/Commons/DasboardPage_SidebarMenu/MeetingsMenu' is clicked on

2020-09-24 01:21:41 - [MESSAGE][PASSED] - Object: 'Object Repository/V2/Commons/DasboardPage_SidebarMenu/MeetingsMenu' is clicked on

2020-09-24 01:21:41 - [TEST_STEP][PASSED] - attendee_fullname = firstname + " " + lastname: null

2020-09-24 01:21:41 - [TEST_STEP][NOT_RUN] - meetingOpt_Obj = tt_CustomKeywords.CustomKeywords.CreateDynamicElement(meetingOptions_obj, meetingName, "xpath"): NOT_RUN: meetingOpt_Obj = tt_CustomKeywords.CustomKeywords.CreateDynamicElement(meetingOptions_obj, meetingName, "xpath")

2020-09-24 01:21:41 - [MESSAGE][NOT_RUN] - NOT_RUN: meetingOpt_Obj = tt_CustomKeywords.CustomKeywords.CreateDynamicElement(meetingOptions_obj, meetingName, "xpath")

2020-09-24 01:21:41 - [TEST_STEP][NOT_RUN] - click(meetingOpt_Obj): NOT_RUN: click(meetingOpt_Obj)

2020-09-24 01:21:41 - [MESSAGE][NOT_RUN] - NOT_RUN: click(meetingOpt_Obj)

2020-09-24 01:21:41 - [TEST_STEP][PASSED] - click(findTestObject("V2/Commons/MeetingListPage/D_meetingRecord_3DotsOption_div", ["meetingName":meetingName]), STOP_ON_FAILURE): Object: 'Object Repository/V2/Commons/MeetingListPage/D_meetingRecord_3DotsOption_div' is clicked on

2020-09-24 01:21:41 - [MESSAGE][PASSED] - Object: 'Object Repository/V2/Commons/MeetingListPage/D_meetingRecord_3DotsOption_div' is clicked on

2020-09-24 01:21:41 - [TEST_STEP][PASSED] - click(findTestObject("V2/Commons/MeetingListPage/a_Edit meeting")): Object: 'Object Repository/V2/Commons/MeetingListPage/a_Edit meeting' is clicked on

2020-09-24 01:21:41 - [MESSAGE][PASSED] - Object: 'Object Repository/V2/Commons/MeetingListPage/a_Edit meeting' is clicked on

2020-09-24 01:21:41 - [TEST_STEP][PASSED] - waitForElementPresent(findTestObject("V2/Commons/EditMeetingPage/div_Add users"), DefaultTimeout): Object 'Object Repository/V2/Commons/EditMeetingPage/div_Add users' is present

2020-09-24 01:21:41 - [MESSAGE][PASSED] - Object 'Object Repository/V2/Commons/EditMeetingPage/div_Add users' is present

2020-09-24 01:21:41 - [TEST_STEP][PASSED] - delay(5): Delayed 5 second(s)

2020-09-24 01:21:46 - [MESSAGE][PASSED] - Delayed 5 second(s)

2020-09-24 01:21:46 - [TEST_STEP][PASSED] - click(findTestObject("V2/Commons/EditMeetingPage/div_Add users")): Object: 'Object Repository/V2/Commons/EditMeetingPage/div_Add users' is clicked on

2020-09-24 01:21:46 - [MESSAGE][PASSED] - Object: 'Object Repository/V2/Commons/EditMeetingPage/div_Add users' is clicked on

2020-09-24 01:21:46 - [TEST_STEP][PASSED] - delay(5): Delayed 5 second(s)

2020-09-24 01:21:51 - [MESSAGE][PASSED] - Delayed 5 second(s)

2020-09-24 01:21:51 - [TEST_STEP][PASSED] - click(findTestObject("V2/Commons/EditMeetingPage/AddAttendeeUserDropdown")): Object: 'Object Repository/V2/Commons/EditMeetingPage/AddAttendeeUserDropdown' is clicked on

2020-09-24 01:21:51 - [MESSAGE][PASSED] - Object: 'Object Repository/V2/Commons/EditMeetingPage/AddAttendeeUserDropdown' is clicked on

2020-09-24 01:21:51 - [TEST_STEP][PASSED] - attendeeOpt_Obj = tt_CustomKeywords.CustomKeywords.CreateDynamicElement(userOptionObj, attendee_fullname, "xpath"): Successfully created new dynamic object: //span[text()='Employee User']/parent::div[@role='option']

2020-09-24 01:21:51 - [MESSAGE][PASSED] - Successfully created new dynamic object: //span[text()='Employee User']/parent::div[@role='option']

2020-09-24 01:21:51 - [TEST_STEP][PASSED] - attendeeObjCount = tt_CustomKeywords.CustomKeywords.CountElementInWebPageByDynamicElement(userOptionObj, attendee_fullname, "xpath"): Successfully get the element count. 
Element occurences in Webpage: 3

2020-09-24 01:21:51 - [MESSAGE][PASSED] - Successfully get the element count. 
Element occurences in Webpage: 3

2020-09-24 01:21:51 - [TEST_STEP][PASSED] - attendeeOptSCount = attendeeObjCount.toString(): null

2020-09-24 01:21:51 - [TEST_STEP][PASSED] - out.println(attendeeOptSCount): null

2020-09-24 01:21:51 - [TEST_STEP][PASSED] - attendeeObj_Xpath = attendeeOpt_Obj.findPropertyValue("xpath"): null

2020-09-24 01:21:51 - [TEST_STEP][PASSED] - newAttendeeOpt = "(" + attendeeObj_Xpath + ")[%s]": null

2020-09-24 01:21:51 - [TEST_STEP][PASSED] - out.println(newAttendeeOpt): null

2020-09-24 01:21:51 - [TEST_STEP][PASSED] - newAttendeeOpt_Obj = tt_CustomKeywords.CustomKeywords.CreateDynamicElement(newAttendeeOpt, attendeeOptSCount, "xpath"): Successfully created new dynamic object: (//span[text()='Employee User']/parent::div[@role='option'])[3]

2020-09-24 01:21:51 - [MESSAGE][PASSED] - Successfully created new dynamic object: (//span[text()='Employee User']/parent::div[@role='option'])[3]

2020-09-24 01:21:51 - [TEST_STEP][PASSED] - click(newAttendeeOpt_Obj): Object: '' is clicked on

2020-09-24 01:21:51 - [MESSAGE][PASSED] - Object: '' is clicked on

2020-09-24 01:21:51 - [TEST_STEP][PASSED] - waitForElementPresent(findTestObject("V2/Commons/EditMeetingPage/AddAttendeeSuccessNotif"), DefaultTimeout): Object 'Object Repository/V2/Commons/EditMeetingPage/AddAttendeeSuccessNotif' is present

2020-09-24 01:21:52 - [MESSAGE][PASSED] - Object 'Object Repository/V2/Commons/EditMeetingPage/AddAttendeeSuccessNotif' is present

2020-09-24 01:21:52 - [TEST_STEP][PASSED] - verifyElementPresent(findTestObject("V2/Commons/EditMeetingPage/AddAttendeeSuccessNotif"), DefaultTimeout): Object 'Object Repository/V2/Commons/EditMeetingPage/AddAttendeeSuccessNotif' is present

2020-09-24 01:21:52 - [MESSAGE][PASSED] - Object 'Object Repository/V2/Commons/EditMeetingPage/AddAttendeeSuccessNotif' is present

2020-09-24 01:21:52 - [TEST_STEP][PASSED] - permissionDrop_Obj = tt_CustomKeywords.CustomKeywords.CreateDynamicElement(permissionDropObj, attendee_fullname, "xpath"): Successfully created new dynamic object: //div[@role='alert' and text()='Employee User']/ancestor::div[@class='editAttendees__item']//button[contains(@aria-label,'assign')]/parent::div

2020-09-24 01:21:52 - [MESSAGE][PASSED] - Successfully created new dynamic object: //div[@role='alert' and text()='Employee User']/ancestor::div[@class='editAttendees__item']//button[contains(@aria-label,'assign')]/parent::div

2020-09-24 01:21:52 - [TEST_STEP][PASSED] - click(permissionDrop_Obj): Object: '' is clicked on

2020-09-24 01:21:52 - [MESSAGE][PASSED] - Object: '' is clicked on

2020-09-24 01:21:52 - [TEST_STEP][PASSED] - permissionDropOpt_Obj_MA = tt_CustomKeywords.CustomKeywords.CreateDynamicElement(permissionDropOptObj_MA, attendee_fullname, "xpath"): Successfully created new dynamic object: //div[@role='alert' and text()='Employee User']/ancestor::div[@class='editAttendees__item']//span[text()='Meeting Admin']/parent::div

2020-09-24 01:21:52 - [MESSAGE][PASSED] - Successfully created new dynamic object: //div[@role='alert' and text()='Employee User']/ancestor::div[@class='editAttendees__item']//span[text()='Meeting Admin']/parent::div

2020-09-24 01:21:52 - [TEST_STEP][PASSED] - permissionDropOpt_Obj_FE = tt_CustomKeywords.CustomKeywords.CreateDynamicElement(permissionDropOptObj_FE, attendee_fullname, "xpath"): Successfully created new dynamic object: //div[@role='alert' and text()='Employee User']/ancestor::div[@class='editAttendees__item']//span[text()='Full editor']/parent::div

2020-09-24 01:21:52 - [MESSAGE][PASSED] - Successfully created new dynamic object: //div[@role='alert' and text()='Employee User']/ancestor::div[@class='editAttendees__item']//span[text()='Full editor']/parent::div

2020-09-24 01:21:52 - [TEST_STEP][PASSED] - permissionDropOpt_Obj_BE = tt_CustomKeywords.CustomKeywords.CreateDynamicElement(permissionDropOptObj_BE, attendee_fullname, "xpath"): Successfully created new dynamic object: //div[@role='alert' and text()='Employee User']/ancestor::div[@class='editAttendees__item']//span[text()='Basic editor']/parent::div

2020-09-24 01:21:52 - [MESSAGE][PASSED] - Successfully created new dynamic object: //div[@role='alert' and text()='Employee User']/ancestor::div[@class='editAttendees__item']//span[text()='Basic editor']/parent::div

2020-09-24 01:21:52 - [TEST_STEP][PASSED] - if (permission == "Meeting Admin"): null

2020-09-24 01:21:52 - [TEST_STEP][PASSED] - if (permission == "Full editor"): null

2020-09-24 01:21:52 - [TEST_STEP][PASSED] - if (permission == "Basic editor"): null

2020-09-24 01:21:52 - [TEST_STEP][PASSED] - verifyElementPresent(findTestObject("V2/Commons/DasboardPage_SidebarMenu/MeetingsMenu"), DefaultTimeout): Object 'Object Repository/V2/Commons/DasboardPage_SidebarMenu/MeetingsMenu' is present

2020-09-24 01:21:52 - [MESSAGE][PASSED] - Object 'Object Repository/V2/Commons/DasboardPage_SidebarMenu/MeetingsMenu' is present

2020-09-24 01:21:52 - [TEST_STEP][PASSED] - click(findTestObject("V2/Commons/DasboardPage_SidebarMenu/MeetingsMenu")): Object: 'Object Repository/V2/Commons/DasboardPage_SidebarMenu/MeetingsMenu' is clicked on

2020-09-24 01:21:53 - [MESSAGE][PASSED] - Object: 'Object Repository/V2/Commons/DasboardPage_SidebarMenu/MeetingsMenu' is clicked on

2020-09-24 01:21:53 - [TEST_STEP][PASSED] - waitForElementNotPresent(findTestObject("V2/Commons/EditMeetingPage/AddAttendeeSuccessNotif"), DefaultTimeout): Web element with id: 'Object Repository/V2/Commons/EditMeetingPage/AddAttendeeSuccessNotif' located by 'By.xpath: //h3[text()='New attendee added!']' is not present after '60' second(s)

2020-09-24 01:21:59 - [MESSAGE][PASSED] - Web element with id: 'Object Repository/V2/Commons/EditMeetingPage/AddAttendeeSuccessNotif' located by 'By.xpath: //h3[text()='New attendee added!']' is not present after '60' second(s)

2020-09-24 01:21:59 - [MESSAGE][PASSED] - Call Test Case 'Test Cases/V2/Test Case/Pre-conditions/PRE_AddAllAttendeesToMeeting' successfully

2020-09-24 01:21:59 - [TEST_STEP][PASSED] - callTestCase(findTestCase("V2/Test Case/Tests/PR-341 - Archives/Test Cases/Positive/Admin/PR_341_4_ArchiveToDo_Admin"), ["userName":"jeff+075@mytractiontools.com", "passWord":"Skyline69A*", "meetingRowPosition":"3", "editMeetingMenu_Obj":"//div[@id='root']/div/div[2]/div/div/div/div[2]/div/div[%s]/div[3]/button/i", ... ], STOP_ON_FAILURE): Call Test Case 'Test Cases/V2/Test Case/Tests/PR-341 - Archives/Test Cases/Positive/Admin/PR_341_4_ArchiveToDo_Admin' successfully

2020-09-24 01:21:59 - [TEST_CASE][PASSED] - Test Cases/V2/Test Case/Tests/PR-341 - Archives/Test Cases/Positive/Admin/PR_341_4_ArchiveToDo_Admin: Test Cases/V2/Test Case/Tests/PR-341 - Archives/Test Cases/Positive/Admin/PR_341_4_ArchiveToDo_Admin

2020-09-24 01:22:00 - [TEST_STEP][PASSED] - waitForElementVisible(findTestObject("V2/Commons/DasboardPage_SidebarMenu/MeetingsMenu"), DefaultTimeout): Object 'Object Repository/V2/Commons/DasboardPage_SidebarMenu/MeetingsMenu' is visible

2020-09-24 01:22:00 - [MESSAGE][PASSED] - Object 'Object Repository/V2/Commons/DasboardPage_SidebarMenu/MeetingsMenu' is visible

2020-09-24 01:22:00 - [TEST_STEP][PASSED] - click(findTestObject("V2/Commons/DasboardPage_SidebarMenu/MeetingsMenu")): Object: 'Object Repository/V2/Commons/DasboardPage_SidebarMenu/MeetingsMenu' is clicked on

2020-09-24 01:22:00 - [MESSAGE][PASSED] - Object: 'Object Repository/V2/Commons/DasboardPage_SidebarMenu/MeetingsMenu' is clicked on

2020-09-24 01:22:00 - [TEST_STEP][PASSED] - tt_CustomKeywords.CustomKeywords.WaitForElementVisibleThenClick(findTestObject("V2/Commons/MeetingListPage/D_meetingRecord_3DotsOption_div", ["meetingName":meetingName]), DefaultTimeout): Successfully verified and clicked the element

2020-09-24 01:22:00 - [MESSAGE][PASSED] - Object 'Object Repository/V2/Commons/MeetingListPage/D_meetingRecord_3DotsOption_div' is visible

2020-09-24 01:22:00 - [MESSAGE][PASSED] - Object 'Object Repository/V2/Commons/MeetingListPage/D_meetingRecord_3DotsOption_div' is visible

2020-09-24 01:22:00 - [MESSAGE][PASSED] - Object: 'Object Repository/V2/Commons/MeetingListPage/D_meetingRecord_3DotsOption_div' is clicked on

2020-09-24 01:22:00 - [MESSAGE][PASSED] - Successfully verified and clicked the element

2020-09-24 01:22:00 - [TEST_STEP][PASSED] - click(findTestObject("V2/Commons/MeetingListPage/a_Edit meeting")): Object: 'Object Repository/V2/Commons/MeetingListPage/a_Edit meeting' is clicked on

2020-09-24 01:22:00 - [MESSAGE][PASSED] - Object: 'Object Repository/V2/Commons/MeetingListPage/a_Edit meeting' is clicked on

2020-09-24 01:22:00 - [TEST_STEP][PASSED] - waitForElementVisible(findTestObject("V2/PR-369/Edit_Meeting_ToDo/ToDo_Menu"), DefaultTimeout): Object 'Object Repository/V2/PR-369/Edit_Meeting_ToDo/ToDo_Menu' is visible

2020-09-24 01:22:00 - [MESSAGE][PASSED] - Object 'Object Repository/V2/PR-369/Edit_Meeting_ToDo/ToDo_Menu' is visible

2020-09-24 01:22:00 - [TEST_STEP][PASSED] - click(findTestObject("V2/PR-369/Edit_Meeting_ToDo/ToDo_Menu")): Object: 'Object Repository/V2/PR-369/Edit_Meeting_ToDo/ToDo_Menu' is clicked on

2020-09-24 01:22:00 - [MESSAGE][PASSED] - Object: 'Object Repository/V2/PR-369/Edit_Meeting_ToDo/ToDo_Menu' is clicked on

2020-09-24 01:22:00 - [TEST_STEP][PASSED] - waitForElementVisible(findTestObject("V2/PR-369/Edit_Meeting_ToDo/CreateToDoButton"), DefaultTimeout): Object 'Object Repository/V2/PR-369/Edit_Meeting_ToDo/CreateToDoButton' is visible

2020-09-24 01:22:00 - [MESSAGE][PASSED] - Object 'Object Repository/V2/PR-369/Edit_Meeting_ToDo/CreateToDoButton' is visible

2020-09-24 01:22:00 - [TEST_STEP][PASSED] - click(findTestObject("V2/PR-369/Edit_Meeting_ToDo/CreateToDoButton")): Object: 'Object Repository/V2/PR-369/Edit_Meeting_ToDo/CreateToDoButton' is clicked on

2020-09-24 01:22:00 - [MESSAGE][PASSED] - Object: 'Object Repository/V2/PR-369/Edit_Meeting_ToDo/CreateToDoButton' is clicked on

2020-09-24 01:22:00 - [TEST_STEP][PASSED] - delay(10): Delayed 10 second(s)

2020-09-24 01:22:10 - [MESSAGE][PASSED] - Delayed 10 second(s)

2020-09-24 01:22:10 - [TEST_STEP][PASSED] - waitForElementVisible(findTestObject("V2/PR-369/Edit_Meeting_ToDo/Edit_Todo_TextField"), DefaultTimeout): Object 'Object Repository/V2/PR-369/Edit_Meeting_ToDo/Edit_Todo_TextField' is visible

2020-09-24 01:22:12 - [MESSAGE][PASSED] - Object 'Object Repository/V2/PR-369/Edit_Meeting_ToDo/Edit_Todo_TextField' is visible

2020-09-24 01:22:12 - [TEST_STEP][PASSED] - setText(findTestObject("V2/PR-369/Edit_Meeting_ToDo/Edit_Todo_TextField"), toDoName): Text 'QA Edit Meeting Automation ToDo Test' is set on object 'Object Repository/V2/PR-369/Edit_Meeting_ToDo/Edit_Todo_TextField'

2020-09-24 01:22:13 - [MESSAGE][PASSED] - Text 'QA Edit Meeting Automation ToDo Test' is set on object 'Object Repository/V2/PR-369/Edit_Meeting_ToDo/Edit_Todo_TextField'

2020-09-24 01:22:13 - [TEST_STEP][PASSED] - click(findTestObject("V2/PR-369/Edit_Meeting_ToDo/Accountable_Owner_TextField")): Object: 'Object Repository/V2/PR-369/Edit_Meeting_ToDo/Accountable_Owner_TextField' is clicked on

2020-09-24 01:22:13 - [MESSAGE][PASSED] - Object: 'Object Repository/V2/PR-369/Edit_Meeting_ToDo/Accountable_Owner_TextField' is clicked on

2020-09-24 01:22:13 - [TEST_STEP][PASSED] - accountableOwner = tt_CustomKeywords.CustomKeywords.CreateDynamicElement(accountableOwner_Obj, accountableOwner, "xpath"): Successfully created new dynamic object: //div[@data-test-id='createTodo']//div[@role='listbox'][@class='visible menu transition']/div[@role='option'][contains(@class,'item')]/span[text()='Admin User']

2020-09-24 01:22:13 - [MESSAGE][PASSED] - Successfully created new dynamic object: //div[@data-test-id='createTodo']//div[@role='listbox'][@class='visible menu transition']/div[@role='option'][contains(@class,'item')]/span[text()='Admin User']

2020-09-24 01:22:13 - [TEST_STEP][PASSED] - click(accountableOwner): Object: '' is clicked on

2020-09-24 01:22:13 - [MESSAGE][PASSED] - Object: '' is clicked on

2020-09-24 01:22:13 - [TEST_STEP][PASSED] - click(findTestObject("V2/PR-369/Edit_Meeting_ToDo/Create_ToDo_Due_Date")): Object: 'Object Repository/V2/PR-369/Edit_Meeting_ToDo/Create_ToDo_Due_Date' is clicked on

2020-09-24 01:22:13 - [MESSAGE][PASSED] - Object: 'Object Repository/V2/PR-369/Edit_Meeting_ToDo/Create_ToDo_Due_Date' is clicked on

2020-09-24 01:22:13 - [TEST_STEP][PASSED] - waitForElementVisible(findTestObject("V2/PR-369/Edit_Meeting_Scorecard/A_Date29"), DefaultTimeout): Object 'Object Repository/V2/PR-369/Edit_Meeting_Scorecard/A_Date29' is visible

2020-09-24 01:22:13 - [MESSAGE][PASSED] - Object 'Object Repository/V2/PR-369/Edit_Meeting_Scorecard/A_Date29' is visible

2020-09-24 01:22:13 - [TEST_STEP][PASSED] - click(findTestObject("V2/PR-369/Edit_Meeting_Scorecard/A_Date29")): Object: 'Object Repository/V2/PR-369/Edit_Meeting_Scorecard/A_Date29' is clicked on

2020-09-24 01:22:13 - [MESSAGE][PASSED] - Object: 'Object Repository/V2/PR-369/Edit_Meeting_Scorecard/A_Date29' is clicked on

2020-09-24 01:22:13 - [TEST_STEP][PASSED] - verifyElementVisible(findTestObject("V2/PR-369/Edit_Meeting_Rocks/Verify_Notes_Section")): Object 'Object Repository/V2/PR-369/Edit_Meeting_Rocks/Verify_Notes_Section' is visible

2020-09-24 01:22:13 - [MESSAGE][PASSED] - Object 'Object Repository/V2/PR-369/Edit_Meeting_Rocks/Verify_Notes_Section' is visible

2020-09-24 01:22:13 - [TEST_STEP][PASSED] - delay(5): Delayed 5 second(s)

2020-09-24 01:22:18 - [MESSAGE][PASSED] - Delayed 5 second(s)

2020-09-24 01:22:18 - [TEST_STEP][PASSED] - setText(findTestObject("V2/PR-369/Edit_Meeting_Rocks/Notes_Comments"), Notes): Text 'Sample Notes' is set on object 'Object Repository/V2/PR-369/Edit_Meeting_Rocks/Notes_Comments'

2020-09-24 01:22:18 - [MESSAGE][PASSED] - Text 'Sample Notes' is set on object 'Object Repository/V2/PR-369/Edit_Meeting_Rocks/Notes_Comments'

2020-09-24 01:22:18 - [TEST_STEP][PASSED] - tt_CustomKeywords.CustomKeywords.WaitForElementVisibleThenClick(findTestObject("V2/PR-341/Edit_Meeting/Todo_Done"), DefaultTimeout): Successfully verified and clicked the element

2020-09-24 01:22:18 - [MESSAGE][PASSED] - Object 'Object Repository/V2/PR-341/Edit_Meeting/Todo_Done' is visible

2020-09-24 01:22:18 - [MESSAGE][PASSED] - Object 'Object Repository/V2/PR-341/Edit_Meeting/Todo_Done' is visible

2020-09-24 01:22:18 - [MESSAGE][PASSED] - Object: 'Object Repository/V2/PR-341/Edit_Meeting/Todo_Done' is clicked on

2020-09-24 01:22:18 - [MESSAGE][PASSED] - Successfully verified and clicked the element

2020-09-24 01:22:18 - [TEST_STEP][PASSED] - click(findTestObject("V2/PR-369/Edit_Meeting_ToDo/Save_Button")): Object: 'Object Repository/V2/PR-369/Edit_Meeting_ToDo/Save_Button' is clicked on

2020-09-24 01:22:19 - [MESSAGE][PASSED] - Object: 'Object Repository/V2/PR-369/Edit_Meeting_ToDo/Save_Button' is clicked on

2020-09-24 01:22:19 - [TEST_STEP][PASSED] - delay(15): Delayed 15 second(s)

2020-09-24 01:22:34 - [MESSAGE][PASSED] - Delayed 15 second(s)

2020-09-24 01:22:34 - [TEST_STEP][PASSED] - verifyToDo = tt_CustomKeywords.CustomKeywords.CreateDynamicElement(verifyToDo_Obj, toDoName, "xpath"): Successfully created new dynamic object: //h2[text()='To-Dos']/ancestor::div[contains(@class,'CardStyles')]//button/div[text()='QA Edit Meeting Automation ToDo Test']

2020-09-24 01:22:34 - [MESSAGE][PASSED] - Successfully created new dynamic object: //h2[text()='To-Dos']/ancestor::div[contains(@class,'CardStyles')]//button/div[text()='QA Edit Meeting Automation ToDo Test']

2020-09-24 01:22:34 - [TEST_STEP][PASSED] - verifyElementPresent(verifyToDo, DefaultTimeout): Object '' is present

2020-09-24 01:22:34 - [MESSAGE][PASSED] - Object '' is present

2020-09-24 01:22:34 - [TEST_STEP][PASSED] - waitForElementVisible(findTestObject("V2/Commons/DasboardPage_SidebarMenu/MeetingsMenu"), DefaultTimeout): Object 'Object Repository/V2/Commons/DasboardPage_SidebarMenu/MeetingsMenu' is visible

2020-09-24 01:22:34 - [MESSAGE][PASSED] - Object 'Object Repository/V2/Commons/DasboardPage_SidebarMenu/MeetingsMenu' is visible

2020-09-24 01:22:34 - [TEST_STEP][PASSED] - click(findTestObject("V2/Commons/DasboardPage_SidebarMenu/MeetingsMenu")): Object: 'Object Repository/V2/Commons/DasboardPage_SidebarMenu/MeetingsMenu' is clicked on

2020-09-24 01:22:34 - [MESSAGE][PASSED] - Object: 'Object Repository/V2/Commons/DasboardPage_SidebarMenu/MeetingsMenu' is clicked on

2020-09-24 01:22:34 - [MESSAGE][PASSED] - Call Test Case 'Test Cases/V2/Test Case/Tests/PR-341 - Archives/Test Cases/Positive/Admin/PR_341_4_ArchiveToDo_Admin' successfully

2020-09-24 01:22:34 - [TEST_STEP][PASSED] - changeWebDriver(driver2): null

2020-09-24 01:22:34 - [TEST_STEP][PASSED] - callTestCase(findTestCase("V2/Test Case/Tests/PR-341 - Archives/Test Cases/Positive/Supervisor/PR_341_4_ArchiveToDo_Supervisor"), ["userName":"jeff+075@mytractiontools.com", "passWord":"Skyline69A*", "meetingRowPosition":"3", "editMeetingMenu_Obj":"//div[@id='root']/div/div[2]/div/div/div/div[2]/div/div[%s]/div[3]/button/i", ... ], STOP_ON_FAILURE): Call Test Case 'Test Cases/V2/Test Case/Tests/PR-341 - Archives/Test Cases/Positive/Supervisor/PR_341_4_ArchiveToDo_Supervisor' successfully

2020-09-24 01:22:34 - [TEST_CASE][PASSED] - Test Cases/V2/Test Case/Tests/PR-341 - Archives/Test Cases/Positive/Supervisor/PR_341_4_ArchiveToDo_Supervisor: Test Cases/V2/Test Case/Tests/PR-341 - Archives/Test Cases/Positive/Supervisor/PR_341_4_ArchiveToDo_Supervisor

2020-09-24 01:22:34 - [TEST_STEP][PASSED] - waitForElementVisible(findTestObject("V2/Commons/DasboardPage_SidebarMenu/MeetingsMenu"), DefaultTimeout): Object 'Object Repository/V2/Commons/DasboardPage_SidebarMenu/MeetingsMenu' is visible

2020-09-24 01:22:34 - [MESSAGE][PASSED] - Object 'Object Repository/V2/Commons/DasboardPage_SidebarMenu/MeetingsMenu' is visible

2020-09-24 01:22:34 - [TEST_STEP][PASSED] - click(findTestObject("V2/Commons/DasboardPage_SidebarMenu/MeetingsMenu")): Object: 'Object Repository/V2/Commons/DasboardPage_SidebarMenu/MeetingsMenu' is clicked on

2020-09-24 01:22:34 - [MESSAGE][PASSED] - Object: 'Object Repository/V2/Commons/DasboardPage_SidebarMenu/MeetingsMenu' is clicked on

2020-09-24 01:22:34 - [TEST_STEP][PASSED] - tt_CustomKeywords.CustomKeywords.WaitForElementVisibleThenClick(findTestObject("V2/Commons/MeetingListPage/D_meetingRecord_3DotsOption_div", ["meetingName":meetingName]), DefaultTimeout): Successfully verified and clicked the element

2020-09-24 01:22:34 - [MESSAGE][PASSED] - Object 'Object Repository/V2/Commons/MeetingListPage/D_meetingRecord_3DotsOption_div' is visible

2020-09-24 01:22:34 - [MESSAGE][PASSED] - Object 'Object Repository/V2/Commons/MeetingListPage/D_meetingRecord_3DotsOption_div' is visible

2020-09-24 01:22:34 - [MESSAGE][PASSED] - Object: 'Object Repository/V2/Commons/MeetingListPage/D_meetingRecord_3DotsOption_div' is clicked on

2020-09-24 01:22:34 - [MESSAGE][PASSED] - Successfully verified and clicked the element

2020-09-24 01:22:34 - [TEST_STEP][PASSED] - click(findTestObject("V2/Commons/MeetingListPage/a_Edit meeting")): Object: 'Object Repository/V2/Commons/MeetingListPage/a_Edit meeting' is clicked on

2020-09-24 01:22:34 - [MESSAGE][PASSED] - Object: 'Object Repository/V2/Commons/MeetingListPage/a_Edit meeting' is clicked on

2020-09-24 01:22:34 - [TEST_STEP][PASSED] - waitForElementVisible(findTestObject("V2/PR-369/Edit_Meeting_ToDo/ToDo_Menu"), DefaultTimeout): Object 'Object Repository/V2/PR-369/Edit_Meeting_ToDo/ToDo_Menu' is visible

2020-09-24 01:22:39 - [MESSAGE][PASSED] - Object 'Object Repository/V2/PR-369/Edit_Meeting_ToDo/ToDo_Menu' is visible

2020-09-24 01:22:39 - [TEST_STEP][PASSED] - click(findTestObject("V2/PR-369/Edit_Meeting_ToDo/ToDo_Menu")): Object: 'Object Repository/V2/PR-369/Edit_Meeting_ToDo/ToDo_Menu' is clicked on

2020-09-24 01:22:39 - [MESSAGE][PASSED] - Object: 'Object Repository/V2/PR-369/Edit_Meeting_ToDo/ToDo_Menu' is clicked on

2020-09-24 01:22:39 - [TEST_STEP][PASSED] - waitForElementVisible(findTestObject("V2/PR-369/Edit_Meeting_ToDo/CreateToDoButton"), DefaultTimeout): Object 'Object Repository/V2/PR-369/Edit_Meeting_ToDo/CreateToDoButton' is visible

2020-09-24 01:22:40 - [MESSAGE][PASSED] - Object 'Object Repository/V2/PR-369/Edit_Meeting_ToDo/CreateToDoButton' is visible

2020-09-24 01:22:40 - [TEST_STEP][PASSED] - click(findTestObject("V2/PR-369/Edit_Meeting_ToDo/CreateToDoButton")): Object: 'Object Repository/V2/PR-369/Edit_Meeting_ToDo/CreateToDoButton' is clicked on

2020-09-24 01:22:40 - [MESSAGE][PASSED] - Object: 'Object Repository/V2/PR-369/Edit_Meeting_ToDo/CreateToDoButton' is clicked on

2020-09-24 01:22:40 - [TEST_STEP][PASSED] - delay(10): Delayed 10 second(s)

2020-09-24 01:22:50 - [MESSAGE][PASSED] - Delayed 10 second(s)

2020-09-24 01:22:50 - [TEST_STEP][PASSED] - waitForElementVisible(findTestObject("V2/PR-369/Edit_Meeting_ToDo/Edit_Todo_TextField"), DefaultTimeout): Object 'Object Repository/V2/PR-369/Edit_Meeting_ToDo/Edit_Todo_TextField' is visible

2020-09-24 01:22:50 - [MESSAGE][PASSED] - Object 'Object Repository/V2/PR-369/Edit_Meeting_ToDo/Edit_Todo_TextField' is visible

2020-09-24 01:22:50 - [TEST_STEP][PASSED] - setText(findTestObject("V2/PR-369/Edit_Meeting_ToDo/Edit_Todo_TextField"), toDoName): Text 'QA Edit Meeting Automation ToDo Test' is set on object 'Object Repository/V2/PR-369/Edit_Meeting_ToDo/Edit_Todo_TextField'

2020-09-24 01:22:50 - [MESSAGE][PASSED] - Text 'QA Edit Meeting Automation ToDo Test' is set on object 'Object Repository/V2/PR-369/Edit_Meeting_ToDo/Edit_Todo_TextField'

2020-09-24 01:22:50 - [TEST_STEP][PASSED] - click(findTestObject("V2/PR-369/Edit_Meeting_ToDo/Accountable_Owner_TextField")): Object: 'Object Repository/V2/PR-369/Edit_Meeting_ToDo/Accountable_Owner_TextField' is clicked on

2020-09-24 01:22:50 - [MESSAGE][PASSED] - Object: 'Object Repository/V2/PR-369/Edit_Meeting_ToDo/Accountable_Owner_TextField' is clicked on

2020-09-24 01:22:50 - [TEST_STEP][PASSED] - accountableOwner = tt_CustomKeywords.CustomKeywords.CreateDynamicElement(accountableOwner_Obj, accountableOwner, "xpath"): Successfully created new dynamic object: //div[@data-test-id='createTodo']//div[@role='listbox'][@class='visible menu transition']/div[@role='option'][contains(@class,'item')]/span[text()='Supervisor User']

2020-09-24 01:22:50 - [MESSAGE][PASSED] - Successfully created new dynamic object: //div[@data-test-id='createTodo']//div[@role='listbox'][@class='visible menu transition']/div[@role='option'][contains(@class,'item')]/span[text()='Supervisor User']

2020-09-24 01:22:50 - [TEST_STEP][PASSED] - click(accountableOwner): Object: '' is clicked on

2020-09-24 01:22:50 - [MESSAGE][PASSED] - Object: '' is clicked on

2020-09-24 01:22:50 - [TEST_STEP][PASSED] - click(findTestObject("V2/PR-369/Edit_Meeting_ToDo/Create_ToDo_Due_Date")): Object: 'Object Repository/V2/PR-369/Edit_Meeting_ToDo/Create_ToDo_Due_Date' is clicked on

2020-09-24 01:22:50 - [MESSAGE][PASSED] - Object: 'Object Repository/V2/PR-369/Edit_Meeting_ToDo/Create_ToDo_Due_Date' is clicked on

2020-09-24 01:22:50 - [TEST_STEP][PASSED] - waitForElementVisible(findTestObject("V2/PR-369/Edit_Meeting_Scorecard/A_Date29"), DefaultTimeout): Object 'Object Repository/V2/PR-369/Edit_Meeting_Scorecard/A_Date29' is visible

2020-09-24 01:22:51 - [MESSAGE][PASSED] - Object 'Object Repository/V2/PR-369/Edit_Meeting_Scorecard/A_Date29' is visible

2020-09-24 01:22:51 - [TEST_STEP][PASSED] - click(findTestObject("V2/PR-369/Edit_Meeting_Scorecard/A_Date29")): Object: 'Object Repository/V2/PR-369/Edit_Meeting_Scorecard/A_Date29' is clicked on

2020-09-24 01:22:51 - [MESSAGE][PASSED] - Object: 'Object Repository/V2/PR-369/Edit_Meeting_Scorecard/A_Date29' is clicked on

2020-09-24 01:22:51 - [TEST_STEP][PASSED] - verifyElementVisible(findTestObject("V2/PR-369/Edit_Meeting_Rocks/Verify_Notes_Section")): Object 'Object Repository/V2/PR-369/Edit_Meeting_Rocks/Verify_Notes_Section' is visible

2020-09-24 01:22:51 - [MESSAGE][PASSED] - Object 'Object Repository/V2/PR-369/Edit_Meeting_Rocks/Verify_Notes_Section' is visible

2020-09-24 01:22:51 - [TEST_STEP][PASSED] - delay(5): Delayed 5 second(s)

2020-09-24 01:22:56 - [MESSAGE][PASSED] - Delayed 5 second(s)

2020-09-24 01:22:56 - [TEST_STEP][PASSED] - setText(findTestObject("V2/PR-369/Edit_Meeting_Rocks/Notes_Comments"), Notes): Text 'Sample Notes' is set on object 'Object Repository/V2/PR-369/Edit_Meeting_Rocks/Notes_Comments'

2020-09-24 01:22:56 - [MESSAGE][PASSED] - Text 'Sample Notes' is set on object 'Object Repository/V2/PR-369/Edit_Meeting_Rocks/Notes_Comments'

2020-09-24 01:22:56 - [TEST_STEP][PASSED] - tt_CustomKeywords.CustomKeywords.WaitForElementVisibleThenClick(findTestObject("V2/PR-341/Edit_Meeting/Todo_Done"), DefaultTimeout): Successfully verified and clicked the element

2020-09-24 01:22:57 - [MESSAGE][PASSED] - Object 'Object Repository/V2/PR-341/Edit_Meeting/Todo_Done' is visible

2020-09-24 01:22:57 - [MESSAGE][PASSED] - Object 'Object Repository/V2/PR-341/Edit_Meeting/Todo_Done' is visible

2020-09-24 01:22:57 - [MESSAGE][PASSED] - Object: 'Object Repository/V2/PR-341/Edit_Meeting/Todo_Done' is clicked on

2020-09-24 01:22:57 - [MESSAGE][PASSED] - Successfully verified and clicked the element

2020-09-24 01:22:57 - [TEST_STEP][PASSED] - click(findTestObject("V2/PR-369/Edit_Meeting_ToDo/Save_Button")): Object: 'Object Repository/V2/PR-369/Edit_Meeting_ToDo/Save_Button' is clicked on

2020-09-24 01:22:57 - [MESSAGE][PASSED] - Object: 'Object Repository/V2/PR-369/Edit_Meeting_ToDo/Save_Button' is clicked on

2020-09-24 01:22:57 - [TEST_STEP][PASSED] - delay(15): Delayed 15 second(s)

2020-09-24 01:23:12 - [MESSAGE][PASSED] - Delayed 15 second(s)

2020-09-24 01:23:12 - [TEST_STEP][PASSED] - verifyToDo = tt_CustomKeywords.CustomKeywords.CreateDynamicElement(verifyToDo_Obj, toDoName, "xpath"): Successfully created new dynamic object: //h2[text()='To-Dos']/ancestor::div[contains(@class,'CardStyles')]//button/div[text()='QA Edit Meeting Automation ToDo Test']

2020-09-24 01:23:12 - [MESSAGE][PASSED] - Successfully created new dynamic object: //h2[text()='To-Dos']/ancestor::div[contains(@class,'CardStyles')]//button/div[text()='QA Edit Meeting Automation ToDo Test']

2020-09-24 01:23:12 - [TEST_STEP][PASSED] - verifyElementPresent(verifyToDo, DefaultTimeout): Object '' is present

2020-09-24 01:23:12 - [MESSAGE][PASSED] - Object '' is present

2020-09-24 01:23:12 - [TEST_STEP][PASSED] - waitForElementVisible(findTestObject("V2/Commons/DasboardPage_SidebarMenu/MeetingsMenu"), DefaultTimeout): Object 'Object Repository/V2/Commons/DasboardPage_SidebarMenu/MeetingsMenu' is visible

2020-09-24 01:23:12 - [MESSAGE][PASSED] - Object 'Object Repository/V2/Commons/DasboardPage_SidebarMenu/MeetingsMenu' is visible

2020-09-24 01:23:12 - [TEST_STEP][PASSED] - click(findTestObject("V2/Commons/DasboardPage_SidebarMenu/MeetingsMenu")): Object: 'Object Repository/V2/Commons/DasboardPage_SidebarMenu/MeetingsMenu' is clicked on

2020-09-24 01:23:12 - [MESSAGE][PASSED] - Object: 'Object Repository/V2/Commons/DasboardPage_SidebarMenu/MeetingsMenu' is clicked on

2020-09-24 01:23:12 - [MESSAGE][PASSED] - Call Test Case 'Test Cases/V2/Test Case/Tests/PR-341 - Archives/Test Cases/Positive/Supervisor/PR_341_4_ArchiveToDo_Supervisor' successfully

2020-09-24 01:23:12 - [TEST_STEP][PASSED] - changeWebDriver(driver3): null

2020-09-24 01:23:12 - [TEST_STEP][PASSED] - callTestCase(findTestCase("V2/Test Case/Tests/PR-341 - Archives/Test Cases/Positive/Employee/PR_341_4_ArchiveToDo_Employee"), ["userName":"jeff+075@mytractiontools.com", "passWord":"Skyline69A*", "meetingRowPosition":"3", "editMeetingMenu_Obj":"//div[@id='root']/div/div[2]/div/div/div/div[2]/div/div[%s]/div[3]/button/i", ... ], STOP_ON_FAILURE): Call Test Case 'Test Cases/V2/Test Case/Tests/PR-341 - Archives/Test Cases/Positive/Employee/PR_341_4_ArchiveToDo_Employee' successfully

2020-09-24 01:23:12 - [TEST_CASE][PASSED] - Test Cases/V2/Test Case/Tests/PR-341 - Archives/Test Cases/Positive/Employee/PR_341_4_ArchiveToDo_Employee: Test Cases/V2/Test Case/Tests/PR-341 - Archives/Test Cases/Positive/Employee/PR_341_4_ArchiveToDo_Employee

2020-09-24 01:23:12 - [TEST_STEP][PASSED] - waitForElementVisible(findTestObject("V2/Commons/DasboardPage_SidebarMenu/MeetingsMenu"), DefaultTimeout): Object 'Object Repository/V2/Commons/DasboardPage_SidebarMenu/MeetingsMenu' is visible

2020-09-24 01:23:12 - [MESSAGE][PASSED] - Object 'Object Repository/V2/Commons/DasboardPage_SidebarMenu/MeetingsMenu' is visible

2020-09-24 01:23:12 - [TEST_STEP][PASSED] - click(findTestObject("V2/Commons/DasboardPage_SidebarMenu/MeetingsMenu")): Object: 'Object Repository/V2/Commons/DasboardPage_SidebarMenu/MeetingsMenu' is clicked on

2020-09-24 01:23:12 - [MESSAGE][PASSED] - Object: 'Object Repository/V2/Commons/DasboardPage_SidebarMenu/MeetingsMenu' is clicked on

2020-09-24 01:23:12 - [TEST_STEP][PASSED] - tt_CustomKeywords.CustomKeywords.WaitForElementVisibleThenClick(findTestObject("V2/Commons/MeetingListPage/D_meetingRecord_3DotsOption_div", ["meetingName":meetingName]), DefaultTimeout): Successfully verified and clicked the element

2020-09-24 01:23:12 - [MESSAGE][PASSED] - Object 'Object Repository/V2/Commons/MeetingListPage/D_meetingRecord_3DotsOption_div' is visible

2020-09-24 01:23:12 - [MESSAGE][PASSED] - Object 'Object Repository/V2/Commons/MeetingListPage/D_meetingRecord_3DotsOption_div' is visible

2020-09-24 01:23:13 - [MESSAGE][PASSED] - Object: 'Object Repository/V2/Commons/MeetingListPage/D_meetingRecord_3DotsOption_div' is clicked on

2020-09-24 01:23:13 - [MESSAGE][PASSED] - Successfully verified and clicked the element

2020-09-24 01:23:13 - [TEST_STEP][PASSED] - click(findTestObject("V2/Commons/MeetingListPage/a_Edit meeting")): Object: 'Object Repository/V2/Commons/MeetingListPage/a_Edit meeting' is clicked on

2020-09-24 01:23:13 - [MESSAGE][PASSED] - Object: 'Object Repository/V2/Commons/MeetingListPage/a_Edit meeting' is clicked on

2020-09-24 01:23:13 - [TEST_STEP][PASSED] - waitForElementVisible(findTestObject("V2/PR-369/Edit_Meeting_ToDo/ToDo_Menu"), DefaultTimeout): Object 'Object Repository/V2/PR-369/Edit_Meeting_ToDo/ToDo_Menu' is visible

2020-09-24 01:23:14 - [MESSAGE][PASSED] - Object 'Object Repository/V2/PR-369/Edit_Meeting_ToDo/ToDo_Menu' is visible

2020-09-24 01:23:14 - [TEST_STEP][PASSED] - click(findTestObject("V2/PR-369/Edit_Meeting_ToDo/ToDo_Menu")): Object: 'Object Repository/V2/PR-369/Edit_Meeting_ToDo/ToDo_Menu' is clicked on

2020-09-24 01:23:14 - [MESSAGE][PASSED] - Object: 'Object Repository/V2/PR-369/Edit_Meeting_ToDo/ToDo_Menu' is clicked on

2020-09-24 01:23:14 - [TEST_STEP][PASSED] - waitForElementVisible(findTestObject("V2/PR-369/Edit_Meeting_ToDo/CreateToDoButton"), DefaultTimeout): Object 'Object Repository/V2/PR-369/Edit_Meeting_ToDo/CreateToDoButton' is visible

2020-09-24 01:23:14 - [MESSAGE][PASSED] - Object 'Object Repository/V2/PR-369/Edit_Meeting_ToDo/CreateToDoButton' is visible

2020-09-24 01:23:14 - [TEST_STEP][PASSED] - click(findTestObject("V2/PR-369/Edit_Meeting_ToDo/CreateToDoButton")): Object: 'Object Repository/V2/PR-369/Edit_Meeting_ToDo/CreateToDoButton' is clicked on

2020-09-24 01:23:14 - [MESSAGE][PASSED] - Object: 'Object Repository/V2/PR-369/Edit_Meeting_ToDo/CreateToDoButton' is clicked on

2020-09-24 01:23:14 - [TEST_STEP][PASSED] - delay(10): Delayed 10 second(s)

2020-09-24 01:23:24 - [MESSAGE][PASSED] - Delayed 10 second(s)

2020-09-24 01:23:24 - [TEST_STEP][PASSED] - waitForElementVisible(findTestObject("V2/PR-369/Edit_Meeting_ToDo/Edit_Todo_TextField"), DefaultTimeout): Object 'Object Repository/V2/PR-369/Edit_Meeting_ToDo/Edit_Todo_TextField' is visible

2020-09-24 01:23:24 - [MESSAGE][PASSED] - Object 'Object Repository/V2/PR-369/Edit_Meeting_ToDo/Edit_Todo_TextField' is visible

2020-09-24 01:23:24 - [TEST_STEP][PASSED] - setText(findTestObject("V2/PR-369/Edit_Meeting_ToDo/Edit_Todo_TextField"), toDoName): Text 'QA Edit Meeting Automation ToDo Test' is set on object 'Object Repository/V2/PR-369/Edit_Meeting_ToDo/Edit_Todo_TextField'

2020-09-24 01:23:25 - [MESSAGE][PASSED] - Text 'QA Edit Meeting Automation ToDo Test' is set on object 'Object Repository/V2/PR-369/Edit_Meeting_ToDo/Edit_Todo_TextField'

2020-09-24 01:23:25 - [TEST_STEP][PASSED] - click(findTestObject("V2/PR-369/Edit_Meeting_ToDo/Accountable_Owner_TextField")): Object: 'Object Repository/V2/PR-369/Edit_Meeting_ToDo/Accountable_Owner_TextField' is clicked on

2020-09-24 01:23:25 - [MESSAGE][PASSED] - Object: 'Object Repository/V2/PR-369/Edit_Meeting_ToDo/Accountable_Owner_TextField' is clicked on

2020-09-24 01:23:25 - [TEST_STEP][PASSED] - accountableOwner = tt_CustomKeywords.CustomKeywords.CreateDynamicElement(accountableOwner_Obj, accountableOwner, "xpath"): Successfully created new dynamic object: //div[@data-test-id='createTodo']//div[@role='listbox'][@class='visible menu transition']/div[@role='option'][contains(@class,'item')]/span[text()='Employee User']

2020-09-24 01:23:25 - [MESSAGE][PASSED] - Successfully created new dynamic object: //div[@data-test-id='createTodo']//div[@role='listbox'][@class='visible menu transition']/div[@role='option'][contains(@class,'item')]/span[text()='Employee User']

2020-09-24 01:23:25 - [TEST_STEP][PASSED] - click(accountableOwner): Object: '' is clicked on

2020-09-24 01:23:25 - [MESSAGE][PASSED] - Object: '' is clicked on

2020-09-24 01:23:25 - [TEST_STEP][PASSED] - click(findTestObject("V2/PR-369/Edit_Meeting_ToDo/Create_ToDo_Due_Date")): Object: 'Object Repository/V2/PR-369/Edit_Meeting_ToDo/Create_ToDo_Due_Date' is clicked on

2020-09-24 01:23:25 - [MESSAGE][PASSED] - Object: 'Object Repository/V2/PR-369/Edit_Meeting_ToDo/Create_ToDo_Due_Date' is clicked on

2020-09-24 01:23:25 - [TEST_STEP][PASSED] - waitForElementVisible(findTestObject("V2/PR-369/Edit_Meeting_Scorecard/A_Date29"), DefaultTimeout): Object 'Object Repository/V2/PR-369/Edit_Meeting_Scorecard/A_Date29' is visible

2020-09-24 01:23:25 - [MESSAGE][PASSED] - Object 'Object Repository/V2/PR-369/Edit_Meeting_Scorecard/A_Date29' is visible

2020-09-24 01:23:25 - [TEST_STEP][PASSED] - click(findTestObject("V2/PR-369/Edit_Meeting_Scorecard/A_Date29")): Object: 'Object Repository/V2/PR-369/Edit_Meeting_Scorecard/A_Date29' is clicked on

2020-09-24 01:23:25 - [MESSAGE][PASSED] - Object: 'Object Repository/V2/PR-369/Edit_Meeting_Scorecard/A_Date29' is clicked on

2020-09-24 01:23:25 - [TEST_STEP][PASSED] - verifyElementVisible(findTestObject("V2/PR-369/Edit_Meeting_Rocks/Verify_Notes_Section")): Object 'Object Repository/V2/PR-369/Edit_Meeting_Rocks/Verify_Notes_Section' is visible

2020-09-24 01:23:25 - [MESSAGE][PASSED] - Object 'Object Repository/V2/PR-369/Edit_Meeting_Rocks/Verify_Notes_Section' is visible

2020-09-24 01:23:25 - [TEST_STEP][PASSED] - delay(5): Delayed 5 second(s)

2020-09-24 01:23:30 - [MESSAGE][PASSED] - Delayed 5 second(s)

2020-09-24 01:23:30 - [TEST_STEP][PASSED] - setText(findTestObject("V2/PR-369/Edit_Meeting_Rocks/Notes_Comments"), Notes): Text 'Sample Notes' is set on object 'Object Repository/V2/PR-369/Edit_Meeting_Rocks/Notes_Comments'

2020-09-24 01:23:30 - [MESSAGE][PASSED] - Text 'Sample Notes' is set on object 'Object Repository/V2/PR-369/Edit_Meeting_Rocks/Notes_Comments'

2020-09-24 01:23:30 - [TEST_STEP][PASSED] - tt_CustomKeywords.CustomKeywords.WaitForElementVisibleThenClick(findTestObject("V2/PR-341/Edit_Meeting/Todo_Done"), DefaultTimeout): Successfully verified and clicked the element

2020-09-24 01:23:30 - [MESSAGE][PASSED] - Object 'Object Repository/V2/PR-341/Edit_Meeting/Todo_Done' is visible

2020-09-24 01:23:30 - [MESSAGE][PASSED] - Object 'Object Repository/V2/PR-341/Edit_Meeting/Todo_Done' is visible

2020-09-24 01:23:30 - [MESSAGE][PASSED] - Object: 'Object Repository/V2/PR-341/Edit_Meeting/Todo_Done' is clicked on

2020-09-24 01:23:30 - [MESSAGE][PASSED] - Successfully verified and clicked the element

2020-09-24 01:23:30 - [TEST_STEP][PASSED] - click(findTestObject("V2/PR-369/Edit_Meeting_ToDo/Save_Button")): Object: 'Object Repository/V2/PR-369/Edit_Meeting_ToDo/Save_Button' is clicked on

2020-09-24 01:23:31 - [MESSAGE][PASSED] - Object: 'Object Repository/V2/PR-369/Edit_Meeting_ToDo/Save_Button' is clicked on

2020-09-24 01:23:31 - [TEST_STEP][PASSED] - delay(15): Delayed 15 second(s)

2020-09-24 01:23:46 - [MESSAGE][PASSED] - Delayed 15 second(s)

2020-09-24 01:23:46 - [TEST_STEP][PASSED] - verifyToDo = tt_CustomKeywords.CustomKeywords.CreateDynamicElement(verifyToDo_Obj, toDoName, "xpath"): Successfully created new dynamic object: //h2[text()='To-Dos']/ancestor::div[contains(@class,'CardStyles')]//button/div[text()='QA Edit Meeting Automation ToDo Test']

2020-09-24 01:23:46 - [MESSAGE][PASSED] - Successfully created new dynamic object: //h2[text()='To-Dos']/ancestor::div[contains(@class,'CardStyles')]//button/div[text()='QA Edit Meeting Automation ToDo Test']

2020-09-24 01:23:46 - [TEST_STEP][PASSED] - verifyElementPresent(verifyToDo, DefaultTimeout): Object '' is present

2020-09-24 01:23:46 - [MESSAGE][PASSED] - Object '' is present

2020-09-24 01:23:46 - [TEST_STEP][PASSED] - waitForElementVisible(findTestObject("V2/Commons/DasboardPage_SidebarMenu/MeetingsMenu"), DefaultTimeout): Object 'Object Repository/V2/Commons/DasboardPage_SidebarMenu/MeetingsMenu' is visible

2020-09-24 01:23:46 - [MESSAGE][PASSED] - Object 'Object Repository/V2/Commons/DasboardPage_SidebarMenu/MeetingsMenu' is visible

2020-09-24 01:23:46 - [TEST_STEP][PASSED] - click(findTestObject("V2/Commons/DasboardPage_SidebarMenu/MeetingsMenu")): Object: 'Object Repository/V2/Commons/DasboardPage_SidebarMenu/MeetingsMenu' is clicked on

2020-09-24 01:23:46 - [MESSAGE][PASSED] - Object: 'Object Repository/V2/Commons/DasboardPage_SidebarMenu/MeetingsMenu' is clicked on

2020-09-24 01:23:46 - [MESSAGE][PASSED] - Call Test Case 'Test Cases/V2/Test Case/Tests/PR-341 - Archives/Test Cases/Positive/Employee/PR_341_4_ArchiveToDo_Employee' successfully

2020-09-24 01:23:46 - [TEST_STEP][PASSED] - changeWebDriver(driver1): null

2020-09-24 01:23:46 - [TEST_STEP][PASSED] - callTestCase(findTestCase("V2/Test Case/Tests/PR-341 - Archives/Test Cases/Positive/Admin/PR_341_4-1_ArchiveTodo_Admin"), ["meetingName":meetingName, "meetingRecord_obj":"//div[@class='detailscontainer__block item']/h4[text()='%s']", "meetingGoToMeeting_Obj":"//div[@class='detailscontainer__block item']/h4[text()='%s']/ancestor::div[contains(@class,'ListContainer')]//div[@class='item']//button[.='Go to meeting']", ... ], STOP_ON_FAILURE): Call Test Case 'Test Cases/V2/Test Case/Tests/PR-341 - Archives/Test Cases/Positive/Admin/PR_341_4-1_ArchiveTodo_Admin' successfully

2020-09-24 01:23:46 - [TEST_CASE][PASSED] - Test Cases/V2/Test Case/Tests/PR-341 - Archives/Test Cases/Positive/Admin/PR_341_4-1_ArchiveTodo_Admin: Test Cases/V2/Test Case/Tests/PR-341 - Archives/Test Cases/Positive/Admin/PR_341_4-1_ArchiveTodo_Admin

2020-09-24 01:23:46 - [TEST_STEP][PASSED] - callTestCase(findTestCase("V2/Test Case/Pre-conditions/PRE_NavigateToStartMeetingPage"), ["meetingName":meetingName, "meetingRecord_obj":"//div[@class='detailscontainer__block item']/h4[text()='%s']", "meetingGoToMeeting_Obj":"//div[@class='detailscontainer__block item']/h4[text()='%s']/ancestor::div[contains(@class,'ListContainer')]//div[@class='item']//button[.='Go to meeting']"], STOP_ON_FAILURE): Call Test Case 'Test Cases/V2/Test Case/Pre-conditions/PRE_NavigateToStartMeetingPage' successfully

2020-09-24 01:23:46 - [TEST_CASE][PASSED] - Test Cases/V2/Test Case/Pre-conditions/PRE_NavigateToStartMeetingPage: Test Cases/V2/Test Case/Pre-conditions/PRE_NavigateToStartMeetingPage

2020-09-24 01:23:46 - [TEST_STEP][PASSED] - click(findTestObject("V2/Commons/DasboardPage_SidebarMenu/MeetingsMenu")): Object: 'Object Repository/V2/Commons/DasboardPage_SidebarMenu/MeetingsMenu' is clicked on

2020-09-24 01:23:46 - [MESSAGE][PASSED] - Object: 'Object Repository/V2/Commons/DasboardPage_SidebarMenu/MeetingsMenu' is clicked on

2020-09-24 01:23:46 - [TEST_STEP][NOT_RUN] - meetingGTM_Obj = tt_CustomKeywords.CustomKeywords.CreateDynamicElement(meetingGoToMeeting_Obj, meetingName, "xpath"): NOT_RUN: meetingGTM_Obj = tt_CustomKeywords.CustomKeywords.CreateDynamicElement(meetingGoToMeeting_Obj, meetingName, "xpath")

2020-09-24 01:23:46 - [MESSAGE][NOT_RUN] - NOT_RUN: meetingGTM_Obj = tt_CustomKeywords.CustomKeywords.CreateDynamicElement(meetingGoToMeeting_Obj, meetingName, "xpath")

2020-09-24 01:23:46 - [TEST_STEP][NOT_RUN] - click(meetingGTM_Obj): NOT_RUN: click(meetingGTM_Obj)

2020-09-24 01:23:46 - [MESSAGE][NOT_RUN] - NOT_RUN: click(meetingGTM_Obj)

2020-09-24 01:23:46 - [TEST_STEP][PASSED] - waitForElementVisible(findTestObject("V2/Commons/MeetingListPage/D_meetingRecord_GoToMeeting_btn", ["meetingName":meetingName]), DefaultTimeout): Object 'Object Repository/V2/Commons/MeetingListPage/D_meetingRecord_GoToMeeting_btn' is visible

2020-09-24 01:23:46 - [MESSAGE][PASSED] - Object 'Object Repository/V2/Commons/MeetingListPage/D_meetingRecord_GoToMeeting_btn' is visible

2020-09-24 01:23:46 - [TEST_STEP][PASSED] - verifyElementVisible(findTestObject("V2/Commons/MeetingListPage/D_meetingRecord_GoToMeeting_btn", ["meetingName":meetingName]), STOP_ON_FAILURE): Object 'Object Repository/V2/Commons/MeetingListPage/D_meetingRecord_GoToMeeting_btn' is visible

2020-09-24 01:23:46 - [MESSAGE][PASSED] - Object 'Object Repository/V2/Commons/MeetingListPage/D_meetingRecord_GoToMeeting_btn' is visible

2020-09-24 01:23:46 - [TEST_STEP][PASSED] - click(findTestObject("V2/Commons/MeetingListPage/D_meetingRecord_GoToMeeting_btn", ["meetingName":meetingName]), STOP_ON_FAILURE): Object: 'Object Repository/V2/Commons/MeetingListPage/D_meetingRecord_GoToMeeting_btn' is clicked on

2020-09-24 01:23:47 - [MESSAGE][PASSED] - Object: 'Object Repository/V2/Commons/MeetingListPage/D_meetingRecord_GoToMeeting_btn' is clicked on

2020-09-24 01:23:47 - [TEST_STEP][PASSED] - waitForElementVisible(findTestObject("V2/Commons/StartMeetingPage/startMeeting_pageTitle_h1"), DefaultTimeout): Object 'Object Repository/V2/Commons/StartMeetingPage/startMeeting_pageTitle_h1' is visible

2020-09-24 01:23:47 - [MESSAGE][PASSED] - Object 'Object Repository/V2/Commons/StartMeetingPage/startMeeting_pageTitle_h1' is visible

2020-09-24 01:23:47 - [TEST_STEP][PASSED] - verifyElementVisible(findTestObject("V2/Commons/StartMeetingPage/startMeeting_pageTitle_h1")): Object 'Object Repository/V2/Commons/StartMeetingPage/startMeeting_pageTitle_h1' is visible

2020-09-24 01:23:47 - [MESSAGE][PASSED] - Object 'Object Repository/V2/Commons/StartMeetingPage/startMeeting_pageTitle_h1' is visible

2020-09-24 01:23:47 - [MESSAGE][PASSED] - Call Test Case 'Test Cases/V2/Test Case/Pre-conditions/PRE_NavigateToStartMeetingPage' successfully

2020-09-24 01:23:47 - [TEST_STEP][PASSED] - tt_CustomKeywords.CustomKeywords.WaitForElementVisibleThenClick(findTestObject("V2/PR-341/Page_Meeting/Start_Meeting"), DefaultTimeout): Successfully verified and clicked the element

2020-09-24 01:23:47 - [MESSAGE][PASSED] - Object 'Object Repository/V2/PR-341/Page_Meeting/Start_Meeting' is visible

2020-09-24 01:23:47 - [MESSAGE][PASSED] - Object 'Object Repository/V2/PR-341/Page_Meeting/Start_Meeting' is visible

2020-09-24 01:23:47 - [MESSAGE][PASSED] - Object: 'Object Repository/V2/PR-341/Page_Meeting/Start_Meeting' is clicked on

2020-09-24 01:23:47 - [MESSAGE][PASSED] - Successfully verified and clicked the element

2020-09-24 01:23:47 - [TEST_STEP][PASSED] - waitForElementVisible(findTestObject("V2/TT-411/RunMeetingPage/Segue/WelcomeText"), DefaultTimeout): Object 'Object Repository/V2/TT-411/RunMeetingPage/Segue/WelcomeText' is visible

2020-09-24 01:23:48 - [MESSAGE][PASSED] - Object 'Object Repository/V2/TT-411/RunMeetingPage/Segue/WelcomeText' is visible

2020-09-24 01:23:48 - [TEST_STEP][PASSED] - verifyElementVisible(findTestObject("V2/TT-411/RunMeetingPage/Segue/WelcomeText")): Object 'Object Repository/V2/TT-411/RunMeetingPage/Segue/WelcomeText' is visible

2020-09-24 01:23:48 - [MESSAGE][PASSED] - Object 'Object Repository/V2/TT-411/RunMeetingPage/Segue/WelcomeText' is visible

2020-09-24 01:23:48 - [TEST_STEP][PASSED] - verifyElementVisible(findTestObject("V2/TT-411/RunMeetingPage/Segue/ShareGoodNewsText")): Object 'Object Repository/V2/TT-411/RunMeetingPage/Segue/ShareGoodNewsText' is visible

2020-09-24 01:23:48 - [MESSAGE][PASSED] - Object 'Object Repository/V2/TT-411/RunMeetingPage/Segue/ShareGoodNewsText' is visible

2020-09-24 01:23:48 - [TEST_STEP][PASSED] - waitForElementVisible(findTestObject("V2/TT-411/RunMeetingPage/Conclude/ConcludeSection_btn"), DefaultTimeout): Object 'Object Repository/V2/TT-411/RunMeetingPage/Conclude/ConcludeSection_btn' is visible

2020-09-24 01:23:48 - [MESSAGE][PASSED] - Object 'Object Repository/V2/TT-411/RunMeetingPage/Conclude/ConcludeSection_btn' is visible

2020-09-24 01:23:48 - [TEST_STEP][PASSED] - verifyElementVisible(findTestObject("V2/TT-411/RunMeetingPage/Conclude/ConcludeSection_btn")): Object 'Object Repository/V2/TT-411/RunMeetingPage/Conclude/ConcludeSection_btn' is visible

2020-09-24 01:23:48 - [MESSAGE][PASSED] - Object 'Object Repository/V2/TT-411/RunMeetingPage/Conclude/ConcludeSection_btn' is visible

2020-09-24 01:23:48 - [TEST_STEP][PASSED] - click(findTestObject("V2/TT-411/RunMeetingPage/Conclude/ConcludeSection_btn")): Object: 'Object Repository/V2/TT-411/RunMeetingPage/Conclude/ConcludeSection_btn' is clicked on

2020-09-24 01:23:48 - [MESSAGE][PASSED] - Object: 'Object Repository/V2/TT-411/RunMeetingPage/Conclude/ConcludeSection_btn' is clicked on

2020-09-24 01:23:48 - [TEST_STEP][PASSED] - waitForElementVisible(findTestObject("V2/TT-411/RunMeetingPage/Conclude/Conclude_btn"), DefaultTimeout): Object 'Object Repository/V2/TT-411/RunMeetingPage/Conclude/Conclude_btn' is visible

2020-09-24 01:23:48 - [MESSAGE][PASSED] - Object 'Object Repository/V2/TT-411/RunMeetingPage/Conclude/Conclude_btn' is visible

2020-09-24 01:23:48 - [TEST_STEP][PASSED] - click(findTestObject("V2/TT-411/RunMeetingPage/Conclude/Conclude_btn")): Object: 'Object Repository/V2/TT-411/RunMeetingPage/Conclude/Conclude_btn' is clicked on

2020-09-24 01:23:48 - [MESSAGE][PASSED] - Object: 'Object Repository/V2/TT-411/RunMeetingPage/Conclude/Conclude_btn' is clicked on

2020-09-24 01:23:48 - [TEST_STEP][PASSED] - delay(20): Delayed 20 second(s)

2020-09-24 01:24:08 - [MESSAGE][PASSED] - Delayed 20 second(s)

2020-09-24 01:24:08 - [TEST_STEP][PASSED] - waitForElementVisible(findTestObject("V2/TT-411/RunMeetingPage/MeetingSummary/MeetingSummaryPanelHeader_h2"), DefaultTimeout): Object 'Object Repository/V2/TT-411/RunMeetingPage/MeetingSummary/MeetingSummaryPanelHeader_h2' is visible

2020-09-24 01:24:08 - [MESSAGE][PASSED] - Object 'Object Repository/V2/TT-411/RunMeetingPage/MeetingSummary/MeetingSummaryPanelHeader_h2' is visible

2020-09-24 01:24:08 - [TEST_STEP][PASSED] - verifyElementVisible(findTestObject("V2/TT-411/RunMeetingPage/MeetingSummary/MeetingSummaryPanelHeader_h2"), STOP_ON_FAILURE): Object 'Object Repository/V2/TT-411/RunMeetingPage/MeetingSummary/MeetingSummaryPanelHeader_h2' is visible

2020-09-24 01:24:09 - [MESSAGE][PASSED] - Object 'Object Repository/V2/TT-411/RunMeetingPage/MeetingSummary/MeetingSummaryPanelHeader_h2' is visible

2020-09-24 01:24:09 - [TEST_STEP][PASSED] - waitForElementVisible(findTestObject("V2/TT-411/RunMeetingPage/MeetingSummary/IssuesSolvedText_span"), DefaultTimeout): Object 'Object Repository/V2/TT-411/RunMeetingPage/MeetingSummary/IssuesSolvedText_span' is visible

2020-09-24 01:24:09 - [MESSAGE][PASSED] - Object 'Object Repository/V2/TT-411/RunMeetingPage/MeetingSummary/IssuesSolvedText_span' is visible

2020-09-24 01:24:09 - [TEST_STEP][PASSED] - verifyElementVisible(findTestObject("V2/TT-411/RunMeetingPage/MeetingSummary/IssuesSolvedText_span"), STOP_ON_FAILURE): Object 'Object Repository/V2/TT-411/RunMeetingPage/MeetingSummary/IssuesSolvedText_span' is visible

2020-09-24 01:24:09 - [MESSAGE][PASSED] - Object 'Object Repository/V2/TT-411/RunMeetingPage/MeetingSummary/IssuesSolvedText_span' is visible

2020-09-24 01:24:09 - [TEST_STEP][PASSED] - waitForElementVisible(findTestObject("V2/TT-411/RunMeetingPage/MeetingSummary/ToDoCompletionText_span"), DefaultTimeout): Object 'Object Repository/V2/TT-411/RunMeetingPage/MeetingSummary/ToDoCompletionText_span' is visible

2020-09-24 01:24:09 - [MESSAGE][PASSED] - Object 'Object Repository/V2/TT-411/RunMeetingPage/MeetingSummary/ToDoCompletionText_span' is visible

2020-09-24 01:24:09 - [TEST_STEP][PASSED] - verifyElementVisible(findTestObject("V2/TT-411/RunMeetingPage/MeetingSummary/ToDoCompletionText_span"), STOP_ON_FAILURE): Object 'Object Repository/V2/TT-411/RunMeetingPage/MeetingSummary/ToDoCompletionText_span' is visible

2020-09-24 01:24:09 - [MESSAGE][PASSED] - Object 'Object Repository/V2/TT-411/RunMeetingPage/MeetingSummary/ToDoCompletionText_span' is visible

2020-09-24 01:24:09 - [TEST_STEP][PASSED] - waitForElementVisible(findTestObject("V2/TT-411/RunMeetingPage/MeetingSummary/AverageRatingText_span"), DefaultTimeout): Object 'Object Repository/V2/TT-411/RunMeetingPage/MeetingSummary/AverageRatingText_span' is visible

2020-09-24 01:24:09 - [MESSAGE][PASSED] - Object 'Object Repository/V2/TT-411/RunMeetingPage/MeetingSummary/AverageRatingText_span' is visible

2020-09-24 01:24:09 - [TEST_STEP][PASSED] - verifyElementVisible(findTestObject("V2/TT-411/RunMeetingPage/MeetingSummary/AverageRatingText_span"), STOP_ON_FAILURE): Object 'Object Repository/V2/TT-411/RunMeetingPage/MeetingSummary/AverageRatingText_span' is visible

2020-09-24 01:24:09 - [MESSAGE][PASSED] - Object 'Object Repository/V2/TT-411/RunMeetingPage/MeetingSummary/AverageRatingText_span' is visible

2020-09-24 01:24:09 - [TEST_STEP][PASSED] - click(findTestObject("V2/TT-411/RunMeetingPage/MeetingSummary/LeaveMeeting_btn")): Object: 'Object Repository/V2/TT-411/RunMeetingPage/MeetingSummary/LeaveMeeting_btn' is clicked on

2020-09-24 01:24:09 - [MESSAGE][PASSED] - Object: 'Object Repository/V2/TT-411/RunMeetingPage/MeetingSummary/LeaveMeeting_btn' is clicked on

2020-09-24 01:24:09 - [TEST_STEP][PASSED] - waitForElementNotPresent(findTestObject("V2/TT-411/RunMeetingPage/MeetingSummary/MeetingSummaryPanelHeader_h2"), DefaultTimeout): Web element with id: 'Object Repository/V2/TT-411/RunMeetingPage/MeetingSummary/MeetingSummaryPanelHeader_h2' located by 'By.xpath: //h2[text()='Meeting Summary']' is not present after '60' second(s)

2020-09-24 01:24:09 - [MESSAGE][PASSED] - Web element with id: 'Object Repository/V2/TT-411/RunMeetingPage/MeetingSummary/MeetingSummaryPanelHeader_h2' located by 'By.xpath: //h2[text()='Meeting Summary']' is not present after '60' second(s)

2020-09-24 01:24:09 - [TEST_STEP][PASSED] - verifyElementNotPresent(findTestObject("V2/TT-411/RunMeetingPage/MeetingSummary/MeetingSummaryPanelHeader_h2"), DefaultTimeout): Web element with id: 'Object Repository/V2/TT-411/RunMeetingPage/MeetingSummary/MeetingSummaryPanelHeader_h2' located by 'By.xpath: //h2[text()='Meeting Summary']' is not present after '60' second(s)

2020-09-24 01:24:09 - [MESSAGE][PASSED] - Web element with id: 'Object Repository/V2/TT-411/RunMeetingPage/MeetingSummary/MeetingSummaryPanelHeader_h2' located by 'By.xpath: //h2[text()='Meeting Summary']' is not present after '60' second(s)

2020-09-24 01:24:09 - [TEST_STEP][PASSED] - waitForElementNotPresent(findTestObject("V2/TT-411/RunMeetingPage/MeetingSummary/IssuesSolvedText_span"), DefaultTimeout): Web element with id: 'Object Repository/V2/TT-411/RunMeetingPage/MeetingSummary/IssuesSolvedText_span' located by 'By.xpath: //span[text()='Issues solved']' is not present after '60' second(s)

2020-09-24 01:24:09 - [MESSAGE][PASSED] - Web element with id: 'Object Repository/V2/TT-411/RunMeetingPage/MeetingSummary/IssuesSolvedText_span' located by 'By.xpath: //span[text()='Issues solved']' is not present after '60' second(s)

2020-09-24 01:24:09 - [TEST_STEP][PASSED] - verifyElementNotPresent(findTestObject("V2/TT-411/RunMeetingPage/MeetingSummary/IssuesSolvedText_span"), DefaultTimeout): Web element with id: 'Object Repository/V2/TT-411/RunMeetingPage/MeetingSummary/IssuesSolvedText_span' located by 'By.xpath: //span[text()='Issues solved']' is not present after '60' second(s)

2020-09-24 01:24:09 - [MESSAGE][PASSED] - Web element with id: 'Object Repository/V2/TT-411/RunMeetingPage/MeetingSummary/IssuesSolvedText_span' located by 'By.xpath: //span[text()='Issues solved']' is not present after '60' second(s)

2020-09-24 01:24:09 - [TEST_STEP][PASSED] - waitForElementNotPresent(findTestObject("V2/TT-411/RunMeetingPage/MeetingSummary/ToDoCompletionText_span"), DefaultTimeout): Web element with id: 'Object Repository/V2/TT-411/RunMeetingPage/MeetingSummary/ToDoCompletionText_span' located by 'By.xpath: //span[text()='To-Do completion']' is not present after '60' second(s)

2020-09-24 01:24:09 - [MESSAGE][PASSED] - Web element with id: 'Object Repository/V2/TT-411/RunMeetingPage/MeetingSummary/ToDoCompletionText_span' located by 'By.xpath: //span[text()='To-Do completion']' is not present after '60' second(s)

2020-09-24 01:24:09 - [TEST_STEP][PASSED] - verifyElementNotPresent(findTestObject("V2/TT-411/RunMeetingPage/MeetingSummary/ToDoCompletionText_span"), DefaultTimeout): Web element with id: 'Object Repository/V2/TT-411/RunMeetingPage/MeetingSummary/ToDoCompletionText_span' located by 'By.xpath: //span[text()='To-Do completion']' is not present after '60' second(s)

2020-09-24 01:24:09 - [MESSAGE][PASSED] - Web element with id: 'Object Repository/V2/TT-411/RunMeetingPage/MeetingSummary/ToDoCompletionText_span' located by 'By.xpath: //span[text()='To-Do completion']' is not present after '60' second(s)

2020-09-24 01:24:09 - [TEST_STEP][PASSED] - waitForElementNotPresent(findTestObject("V2/TT-411/RunMeetingPage/MeetingSummary/AverageRatingText_span"), DefaultTimeout): Web element with id: 'Object Repository/V2/TT-411/RunMeetingPage/MeetingSummary/AverageRatingText_span' located by 'By.xpath: //span[text()='Average rating']' is not present after '60' second(s)

2020-09-24 01:24:09 - [MESSAGE][PASSED] - Web element with id: 'Object Repository/V2/TT-411/RunMeetingPage/MeetingSummary/AverageRatingText_span' located by 'By.xpath: //span[text()='Average rating']' is not present after '60' second(s)

2020-09-24 01:24:09 - [TEST_STEP][PASSED] - verifyElementNotPresent(findTestObject("V2/TT-411/RunMeetingPage/MeetingSummary/AverageRatingText_span"), DefaultTimeout): Web element with id: 'Object Repository/V2/TT-411/RunMeetingPage/MeetingSummary/AverageRatingText_span' located by 'By.xpath: //span[text()='Average rating']' is not present after '60' second(s)

2020-09-24 01:24:09 - [MESSAGE][PASSED] - Web element with id: 'Object Repository/V2/TT-411/RunMeetingPage/MeetingSummary/AverageRatingText_span' located by 'By.xpath: //span[text()='Average rating']' is not present after '60' second(s)

2020-09-24 01:24:09 - [TEST_STEP][NOT_RUN] - waitForElementVisible(findTestObject("V2/PR-341/Page_Meeting/Traction_Logo"), DefaultTimeout): NOT_RUN: waitForElementVisible(findTestObject("V2/PR-341/Page_Meeting/Traction_Logo"), DefaultTimeout)

2020-09-24 01:24:09 - [MESSAGE][NOT_RUN] - NOT_RUN: waitForElementVisible(findTestObject("V2/PR-341/Page_Meeting/Traction_Logo"), DefaultTimeout)

2020-09-24 01:24:09 - [TEST_STEP][NOT_RUN] - click(findTestObject("V2/PR-341/Page_Meeting/Traction_Logo")): NOT_RUN: click(findTestObject("V2/PR-341/Page_Meeting/Traction_Logo"))

2020-09-24 01:24:09 - [MESSAGE][NOT_RUN] - NOT_RUN: click(findTestObject("V2/PR-341/Page_Meeting/Traction_Logo"))

2020-09-24 01:24:09 - [TEST_STEP][NOT_RUN] - meetingOpt_Obj = tt_CustomKeywords.CustomKeywords.CreateDynamicElement(meetingOptions_obj, meetingName, "xpath"): NOT_RUN: meetingOpt_Obj = tt_CustomKeywords.CustomKeywords.CreateDynamicElement(meetingOptions_obj, meetingName, "xpath")

2020-09-24 01:24:09 - [MESSAGE][NOT_RUN] - NOT_RUN: meetingOpt_Obj = tt_CustomKeywords.CustomKeywords.CreateDynamicElement(meetingOptions_obj, meetingName, "xpath")

2020-09-24 01:24:09 - [TEST_STEP][PASSED] - waitForElementVisible(findTestObject("V2/Commons/DasboardPage_SidebarMenu/MeetingsMenu"), DefaultTimeout): Object 'Object Repository/V2/Commons/DasboardPage_SidebarMenu/MeetingsMenu' is visible

2020-09-24 01:24:09 - [MESSAGE][PASSED] - Object 'Object Repository/V2/Commons/DasboardPage_SidebarMenu/MeetingsMenu' is visible

2020-09-24 01:24:09 - [TEST_STEP][PASSED] - click(findTestObject("V2/Commons/DasboardPage_SidebarMenu/MeetingsMenu")): Object: 'Object Repository/V2/Commons/DasboardPage_SidebarMenu/MeetingsMenu' is clicked on

2020-09-24 01:24:09 - [MESSAGE][PASSED] - Object: 'Object Repository/V2/Commons/DasboardPage_SidebarMenu/MeetingsMenu' is clicked on

2020-09-24 01:24:09 - [TEST_STEP][PASSED] - tt_CustomKeywords.CustomKeywords.WaitForElementVisibleThenClick(findTestObject("V2/Commons/MeetingListPage/D_meetingRecord_3DotsOption_div", ["meetingName":meetingName]), DefaultTimeout): Successfully verified and clicked the element

2020-09-24 01:24:10 - [MESSAGE][PASSED] - Object 'Object Repository/V2/Commons/MeetingListPage/D_meetingRecord_3DotsOption_div' is visible

2020-09-24 01:24:10 - [MESSAGE][PASSED] - Object 'Object Repository/V2/Commons/MeetingListPage/D_meetingRecord_3DotsOption_div' is visible

2020-09-24 01:24:10 - [MESSAGE][PASSED] - Object: 'Object Repository/V2/Commons/MeetingListPage/D_meetingRecord_3DotsOption_div' is clicked on

2020-09-24 01:24:10 - [MESSAGE][PASSED] - Successfully verified and clicked the element

2020-09-24 01:24:10 - [TEST_STEP][NOT_RUN] - waitForElementVisible(meetingOpt_Obj, DefaultTimeout): NOT_RUN: waitForElementVisible(meetingOpt_Obj, DefaultTimeout)

2020-09-24 01:24:10 - [MESSAGE][NOT_RUN] - NOT_RUN: waitForElementVisible(meetingOpt_Obj, DefaultTimeout)

2020-09-24 01:24:10 - [TEST_STEP][NOT_RUN] - click(meetingOpt_Obj): NOT_RUN: click(meetingOpt_Obj)

2020-09-24 01:24:10 - [MESSAGE][NOT_RUN] - NOT_RUN: click(meetingOpt_Obj)

2020-09-24 01:24:10 - [TEST_STEP][PASSED] - waitForElementVisible(findTestObject("V2/Commons/MeetingListPage/a_Archives"), DefaultTimeout): Object 'Object Repository/V2/Commons/MeetingListPage/a_Archives' is visible

2020-09-24 01:24:10 - [MESSAGE][PASSED] - Object 'Object Repository/V2/Commons/MeetingListPage/a_Archives' is visible

2020-09-24 01:24:10 - [TEST_STEP][PASSED] - click(findTestObject("V2/Commons/MeetingListPage/a_Archives")): Object: 'Object Repository/V2/Commons/MeetingListPage/a_Archives' is clicked on

2020-09-24 01:24:10 - [MESSAGE][PASSED] - Object: 'Object Repository/V2/Commons/MeetingListPage/a_Archives' is clicked on

2020-09-24 01:24:10 - [TEST_STEP][PASSED] - waitForElementVisible(findTestObject("V2/PR-341/Page_Archives/To-Dos"), DefaultTimeout): Object 'Object Repository/V2/PR-341/Page_Archives/To-Dos' is visible

2020-09-24 01:24:10 - [MESSAGE][PASSED] - Object 'Object Repository/V2/PR-341/Page_Archives/To-Dos' is visible

2020-09-24 01:24:10 - [TEST_STEP][PASSED] - click(findTestObject("V2/PR-341/Page_Archives/To-Dos")): Object: 'Object Repository/V2/PR-341/Page_Archives/To-Dos' is clicked on

2020-09-24 01:24:10 - [MESSAGE][PASSED] - Object: 'Object Repository/V2/PR-341/Page_Archives/To-Dos' is clicked on

2020-09-24 01:24:10 - [TEST_STEP][PASSED] - waitForElementVisible(findTestObject("V2/PR-341/Page_Archives/Verify_Admin_User"), DefaultTimeout): Object 'Object Repository/V2/PR-341/Page_Archives/Verify_Admin_User' is visible

2020-09-24 01:24:10 - [MESSAGE][PASSED] - Object 'Object Repository/V2/PR-341/Page_Archives/Verify_Admin_User' is visible

2020-09-24 01:24:10 - [TEST_STEP][PASSED] - verifyElementPresent(findTestObject("V2/PR-341/Page_Archives/Verify_Admin_User"), DefaultTimeout): Object 'Object Repository/V2/PR-341/Page_Archives/Verify_Admin_User' is present

2020-09-24 01:24:10 - [MESSAGE][PASSED] - Object 'Object Repository/V2/PR-341/Page_Archives/Verify_Admin_User' is present

2020-09-24 01:24:10 - [MESSAGE][PASSED] - Call Test Case 'Test Cases/V2/Test Case/Tests/PR-341 - Archives/Test Cases/Positive/Admin/PR_341_4-1_ArchiveTodo_Admin' successfully

2020-09-24 01:24:10 - [TEST_STEP][PASSED] - changeWebDriver(driver2): null

2020-09-24 01:24:10 - [TEST_STEP][PASSED] - callTestCase(findTestCase("V2/Test Case/Tests/PR-341 - Archives/Test Cases/Positive/Supervisor/PR_341_4-1_ArchiveTodo_Supervisor"), ["meetingName":meetingName, "meetingRecord_obj":"//div[@class='detailscontainer__block item']/h4[text()='%s']", "meetingGoToMeeting_Obj":"//div[@class='detailscontainer__block item']/h4[text()='%s']/ancestor::div[contains(@class,'ListContainer')]//div[@class='item']//button[.='Go to meeting']", ... ], STOP_ON_FAILURE): Call Test Case 'Test Cases/V2/Test Case/Tests/PR-341 - Archives/Test Cases/Positive/Supervisor/PR_341_4-1_ArchiveTodo_Supervisor' successfully

2020-09-24 01:24:10 - [TEST_CASE][PASSED] - Test Cases/V2/Test Case/Tests/PR-341 - Archives/Test Cases/Positive/Supervisor/PR_341_4-1_ArchiveTodo_Supervisor: Test Cases/V2/Test Case/Tests/PR-341 - Archives/Test Cases/Positive/Supervisor/PR_341_4-1_ArchiveTodo_Supervisor

2020-09-24 01:24:10 - [TEST_STEP][PASSED] - tt_CustomKeywords.CustomKeywords.WaitForElementVisibleThenClick(findTestObject("V2/Commons/MeetingListPage/D_meetingRecord_3DotsOption_div", ["meetingName":meetingName]), DefaultTimeout): Successfully verified and clicked the element

2020-09-24 01:24:10 - [MESSAGE][PASSED] - Object 'Object Repository/V2/Commons/MeetingListPage/D_meetingRecord_3DotsOption_div' is visible

2020-09-24 01:24:10 - [MESSAGE][PASSED] - Object 'Object Repository/V2/Commons/MeetingListPage/D_meetingRecord_3DotsOption_div' is visible

2020-09-24 01:24:10 - [MESSAGE][PASSED] - Object: 'Object Repository/V2/Commons/MeetingListPage/D_meetingRecord_3DotsOption_div' is clicked on

2020-09-24 01:24:10 - [MESSAGE][PASSED] - Successfully verified and clicked the element

2020-09-24 01:24:10 - [TEST_STEP][PASSED] - waitForElementVisible(findTestObject("V2/Commons/MeetingListPage/a_Archives"), DefaultTimeout): Object 'Object Repository/V2/Commons/MeetingListPage/a_Archives' is visible

2020-09-24 01:24:10 - [MESSAGE][PASSED] - Object 'Object Repository/V2/Commons/MeetingListPage/a_Archives' is visible

2020-09-24 01:24:10 - [TEST_STEP][PASSED] - click(findTestObject("V2/Commons/MeetingListPage/a_Archives")): Object: 'Object Repository/V2/Commons/MeetingListPage/a_Archives' is clicked on

2020-09-24 01:24:10 - [MESSAGE][PASSED] - Object: 'Object Repository/V2/Commons/MeetingListPage/a_Archives' is clicked on

2020-09-24 01:24:10 - [TEST_STEP][PASSED] - waitForElementVisible(findTestObject("V2/PR-341/Page_Archives/To-Dos"), DefaultTimeout): Object 'Object Repository/V2/PR-341/Page_Archives/To-Dos' is visible

2020-09-24 01:24:11 - [MESSAGE][PASSED] - Object 'Object Repository/V2/PR-341/Page_Archives/To-Dos' is visible

2020-09-24 01:24:11 - [TEST_STEP][PASSED] - click(findTestObject("V2/PR-341/Page_Archives/To-Dos")): Object: 'Object Repository/V2/PR-341/Page_Archives/To-Dos' is clicked on

2020-09-24 01:24:11 - [MESSAGE][PASSED] - Object: 'Object Repository/V2/PR-341/Page_Archives/To-Dos' is clicked on

2020-09-24 01:24:11 - [TEST_STEP][PASSED] - waitForElementVisible(findTestObject("V2/PR-341/Page_Archives/Verify_Supervisor_User"), DefaultTimeout): Object 'Object Repository/V2/PR-341/Page_Archives/Verify_Supervisor_User' is visible

2020-09-24 01:24:11 - [MESSAGE][PASSED] - Object 'Object Repository/V2/PR-341/Page_Archives/Verify_Supervisor_User' is visible

2020-09-24 01:24:11 - [TEST_STEP][PASSED] - verifyElementPresent(findTestObject("V2/PR-341/Page_Archives/Verify_Supervisor_User"), DefaultTimeout): Object 'Object Repository/V2/PR-341/Page_Archives/Verify_Supervisor_User' is present

2020-09-24 01:24:11 - [MESSAGE][PASSED] - Object 'Object Repository/V2/PR-341/Page_Archives/Verify_Supervisor_User' is present

2020-09-24 01:24:11 - [MESSAGE][PASSED] - Call Test Case 'Test Cases/V2/Test Case/Tests/PR-341 - Archives/Test Cases/Positive/Supervisor/PR_341_4-1_ArchiveTodo_Supervisor' successfully

2020-09-24 01:24:11 - [TEST_STEP][PASSED] - changeWebDriver(driver3): null

2020-09-24 01:24:11 - [TEST_STEP][PASSED] - callTestCase(findTestCase("V2/Test Case/Tests/PR-341 - Archives/Test Cases/Positive/Employee/PR_341_4-1_ArchiveTodo_Employee"), ["meetingName":meetingName, "meetingRecord_obj":"//div[@class='detailscontainer__block item']/h4[text()='%s']", "meetingGoToMeeting_Obj":"//div[@class='detailscontainer__block item']/h4[text()='%s']/ancestor::div[contains(@class,'ListContainer')]//div[@class='item']//button[.='Go to meeting']", ... ], STOP_ON_FAILURE): Call Test Case 'Test Cases/V2/Test Case/Tests/PR-341 - Archives/Test Cases/Positive/Employee/PR_341_4-1_ArchiveTodo_Employee' successfully

2020-09-24 01:24:11 - [TEST_CASE][PASSED] - Test Cases/V2/Test Case/Tests/PR-341 - Archives/Test Cases/Positive/Employee/PR_341_4-1_ArchiveTodo_Employee: Test Cases/V2/Test Case/Tests/PR-341 - Archives/Test Cases/Positive/Employee/PR_341_4-1_ArchiveTodo_Employee

2020-09-24 01:24:11 - [TEST_STEP][PASSED] - tt_CustomKeywords.CustomKeywords.WaitForElementVisibleThenClick(findTestObject("V2/Commons/MeetingListPage/D_meetingRecord_3DotsOption_div", ["meetingName":meetingName]), DefaultTimeout): Successfully verified and clicked the element

2020-09-24 01:24:11 - [MESSAGE][PASSED] - Object 'Object Repository/V2/Commons/MeetingListPage/D_meetingRecord_3DotsOption_div' is visible

2020-09-24 01:24:11 - [MESSAGE][PASSED] - Object 'Object Repository/V2/Commons/MeetingListPage/D_meetingRecord_3DotsOption_div' is visible

2020-09-24 01:24:11 - [MESSAGE][PASSED] - Object: 'Object Repository/V2/Commons/MeetingListPage/D_meetingRecord_3DotsOption_div' is clicked on

2020-09-24 01:24:11 - [MESSAGE][PASSED] - Successfully verified and clicked the element

2020-09-24 01:24:11 - [TEST_STEP][PASSED] - waitForElementVisible(findTestObject("V2/Commons/MeetingListPage/a_Archives"), DefaultTimeout): Object 'Object Repository/V2/Commons/MeetingListPage/a_Archives' is visible

2020-09-24 01:24:11 - [MESSAGE][PASSED] - Object 'Object Repository/V2/Commons/MeetingListPage/a_Archives' is visible

2020-09-24 01:24:11 - [TEST_STEP][PASSED] - click(findTestObject("V2/Commons/MeetingListPage/a_Archives")): Object: 'Object Repository/V2/Commons/MeetingListPage/a_Archives' is clicked on

2020-09-24 01:24:11 - [MESSAGE][PASSED] - Object: 'Object Repository/V2/Commons/MeetingListPage/a_Archives' is clicked on

2020-09-24 01:24:11 - [TEST_STEP][PASSED] - waitForElementVisible(findTestObject("V2/PR-341/Page_Archives/To-Dos"), DefaultTimeout): Object 'Object Repository/V2/PR-341/Page_Archives/To-Dos' is visible

2020-09-24 01:24:11 - [MESSAGE][PASSED] - Object 'Object Repository/V2/PR-341/Page_Archives/To-Dos' is visible

2020-09-24 01:24:11 - [TEST_STEP][PASSED] - click(findTestObject("V2/PR-341/Page_Archives/To-Dos")): Object: 'Object Repository/V2/PR-341/Page_Archives/To-Dos' is clicked on

2020-09-24 01:24:11 - [MESSAGE][PASSED] - Object: 'Object Repository/V2/PR-341/Page_Archives/To-Dos' is clicked on

2020-09-24 01:24:11 - [TEST_STEP][PASSED] - waitForElementVisible(findTestObject("V2/PR-341/Page_Archives/Verify_Admin_User"), DefaultTimeout): Object 'Object Repository/V2/PR-341/Page_Archives/Verify_Admin_User' is visible

2020-09-24 01:24:11 - [MESSAGE][PASSED] - Object 'Object Repository/V2/PR-341/Page_Archives/Verify_Admin_User' is visible

2020-09-24 01:24:11 - [TEST_STEP][PASSED] - verifyElementPresent(findTestObject("V2/PR-341/Page_Archives/Verify_Admin_User"), DefaultTimeout): Object 'Object Repository/V2/PR-341/Page_Archives/Verify_Admin_User' is present

2020-09-24 01:24:12 - [MESSAGE][PASSED] - Object 'Object Repository/V2/PR-341/Page_Archives/Verify_Admin_User' is present

2020-09-24 01:24:12 - [MESSAGE][PASSED] - Call Test Case 'Test Cases/V2/Test Case/Tests/PR-341 - Archives/Test Cases/Positive/Employee/PR_341_4-1_ArchiveTodo_Employee' successfully

2020-09-24 01:24:12 - [TEST_STEP][PASSED] - delay(10): Delayed 10 second(s)

2020-09-24 01:24:22 - [MESSAGE][PASSED] - Delayed 10 second(s)

2020-09-24 01:24:22 - [TEST_STEP][PASSED] - tt_CustomKeywords.CustomKeywords.CloseWebDriver(driver3): tt_CustomKeywords.CustomKeywords.CloseWebDriver is PASSED

2020-09-24 01:24:26 - [MESSAGE][PASSED] - tt_CustomKeywords.CustomKeywords.CloseWebDriver is PASSED

2020-09-24 01:24:26 - [TEST_STEP][PASSED] - tt_CustomKeywords.CustomKeywords.CloseWebDriver(driver2): tt_CustomKeywords.CustomKeywords.CloseWebDriver is PASSED

2020-09-24 01:24:31 - [MESSAGE][PASSED] - tt_CustomKeywords.CustomKeywords.CloseWebDriver is PASSED

2020-09-24 01:24:31 - [TEST_STEP][PASSED] - tt_CustomKeywords.CustomKeywords.CloseWebDriver(driver1): tt_CustomKeywords.CustomKeywords.CloseWebDriver is PASSED

2020-09-24 01:24:36 - [MESSAGE][PASSED] - tt_CustomKeywords.CustomKeywords.CloseWebDriver is PASSED]]></system-out>
         <system-err><![CDATA[]]></system-err>
      </testcase>
      <system-out><![CDATA[2020-09-24 01:19:27 - [TEST_SUITE][PASSED] - PR-341_TestSuite: Test Cases/V2/Test Case/Tests/PR-341 - Archives/Test Cases/Positive/TT_341_4_ArchiveTodo_AllTestCase]]></system-out>
      <system-err><![CDATA[]]></system-err>
   </testsuite>
</testsuites>
