<?xml version="1.0" encoding="UTF-8"?>
<testsuites name="PR-369_TestSuite" time="363.622" tests="1" failures="0" errors="0">
   <testsuite name="PR-369_TestSuite" tests="1" failures="0" errors="0" time="363.622" timestamp="2020-09-07 06:48:02" hostname="Aaron-PC - host.docker.internal" id="Test Suites/V2/Tests/PR-369 - EditMeetingAgenda/PR-369_TestSuite">
      <properties>
         <property name="deviceName" value=""/>
         <property name="devicePlatform" value=""/>
         <property name="logFolder" value="C:\\Users\\Aaron-PC\\git\\TractionTools\\Reports\\20200907_064801\\V2\\Tests\\PR-369 - EditMeetingAgenda\\PR-369_TestSuite\\20200907_064801"/>
         <property name="logFiles" value="C:\\Users\\Aaron-PC\\git\\TractionTools\\Reports\\20200907_064801\\V2\\Tests\\PR-369 - EditMeetingAgenda\\PR-369_TestSuite\\20200907_064801\\execution0.log"/>
         <property name="attachments" value=""/>
         <property name="hostName" value="Aaron-PC - host.docker.internal"/>
         <property name="os" value="Windows 10 64bit"/>
         <property name="katalonVersion" value="7.6.6.205"/>
         <property name="browser" value="Chrome 85.0.4183.83"/>
         <property name="hostAddress" value="192.168.1.48"/>
         <property name="sessionId" value="ee704a8a5f5d393a6b6b4f01581c554e"/>
         <property name="seleniumVersion" value="3.141.59"/>
         <property name="proxyInformation" value="ProxyInformation { proxyOption=NO_PROXY, proxyServerType=HTTP, username=, password=********, proxyServerAddress=, proxyServerPort=0, executionList=&quot;&quot;, isApplyToDesiredCapabilities=true }"/>
         <property name="platform" value="Windows 10"/>
      </properties>
      <testcase name="Test Cases/V2/Test Case/Tests/PR-369 - EditMeetingAgenda/Test Cases/Positive/TT_369_3_CreatePeopleHeadline_AllTestCase" time="363.139" classname="Test Cases/V2/Test Case/Tests/PR-369 - EditMeetingAgenda/Test Cases/Positive/TT_369_3_CreatePeopleHeadline_AllTestCase" status="PASSED">
         <system-out><![CDATA[2020-09-07 06:48:03 - [TEST_CASE][PASSED] - Test Cases/V2/Test Case/Tests/PR-369 - EditMeetingAgenda/Test Cases/Positive/TT_369_3_CreatePeopleHeadline_AllTestCase: Test Cases/V2/Test Case/Tests/PR-369 - EditMeetingAgenda/Test Cases/Positive/TT_369_3_CreatePeopleHeadline_AllTestCase

2020-09-07 06:48:03 - [TEST_STEP][PASSED] - callTestCase(findTestCase("V2/Test Case/Pre-conditions/PRE_RegisterAndActivateTTUsers"), ["admin_fname":admin_fname, "lastname":lastname, "phonenumber":"9999999999", "company":"Traction Tools", "password":password, ... ], STOP_ON_FAILURE): Call Test Case 'Test Cases/V2/Test Case/Pre-conditions/PRE_RegisterAndActivateTTUsers' successfully

2020-09-07 06:48:03 - [TEST_CASE][PASSED] - Test Cases/V2/Test Case/Pre-conditions/PRE_RegisterAndActivateTTUsers: Test Cases/V2/Test Case/Pre-conditions/PRE_RegisterAndActivateTTUsers

2020-09-07 06:48:03 - [TEST_STEP][PASSED] - email = tt_CustomKeywords.CustomKeywords.GenerateRandomEmailAddress(admin_email_prefix, admin_email_domain, randomTextLength): Successfully generated a random email: tractiontools.user001+ta5p2r6o@gmail.com

2020-09-07 06:48:03 - [MESSAGE][PASSED] - Successfully generated a random email: tractiontools.user001+ta5p2r6o@gmail.com

2020-09-07 06:48:03 - [TEST_STEP][PASSED] - supervisor_email = tt_CustomKeywords.CustomKeywords.GenerateRandomEmailAddress(supervisor_email_prefix, supervisor_email_domain, randomTextLength): Successfully generated a random email: tractiontools.user001+ts5r9t8y@gmail.com

2020-09-07 06:48:03 - [MESSAGE][PASSED] - Successfully generated a random email: tractiontools.user001+ts5r9t8y@gmail.com

2020-09-07 06:48:03 - [TEST_STEP][PASSED] - employee_email = tt_CustomKeywords.CustomKeywords.GenerateRandomEmailAddress(employee_email_prefix, employee_email_domain, randomTextLength): Successfully generated a random email: tractiontools.user001+te5t1f90@gmail.com

2020-09-07 06:48:03 - [MESSAGE][PASSED] - Successfully generated a random email: tractiontools.user001+te5t1f90@gmail.com

2020-09-07 06:48:03 - [TEST_STEP][PASSED] - adminDetails = tt_CustomKeywords.CustomKeywords.RegisterUserViaAPIAndGenerateActivateURL(email, admin_fname, lastname, phonenumber, company, "__JSON__{\"howDidYouHearAboutUs\":\"Facebook\",\"implementer\":\"\",\"existingTractionToolsClient\":\"\",\"other\":\"\"}", "__JSON__{\"timeZone\":\"America/Guatemala\",\"brandColor\":\"#023047\",\"q1Start\":null,\"q1End\":null,\"q2Start\":null,\"q2End\":null,\"q3Start\":null,\"q3End\":null,\"q4Start\":null,\"q4End\":null,\"quarterDatesSetsRocks\":false,\"exportUsers\":false,\"exportRocks\":false,\"exportRocksIncludesMilestones\":false,\"exportScorecards\":false,\"exportTodos\":false,\"exportTodosIncludesNotes\":false,\"exportPeopleHeadlines\":false,\"exportPeopleHeadlinesIncludesNotes\":false,\"exportIssues\":false,\"exportIssuesIncludesNotes\":false,\"exportContextAwareTodos\":false,\"dateFormat\":\"MM/DD/YYYY\",\"timeFormat\":\"h:mma\",\"numberFormat\":\"-1,000.99\",\"supervisorsArchiveRestoreUsers\":false,\"supervisorsEditPositions\":false,\"milestonesAvailableToAll\":false,\"customMeetingTemplatesEnabled\":false,\"receiveTodoReminders\":false,\"todoReminderTime\":\"13:00\",\"todoReminderTimeZone\":\"America/Guatemala\",\"todoReminderFrequency\":\"DAILY\",\"vtoMeetingId\":\"\",\"vtoDisplayMode\":\"ALL\",\"coreValues\":[{\"id\":\"1\",\"text\":\"\"},{\"id\":\"2\",\"text\":\"\"},{\"id\":\"3\",\"text\":\"\"}]}", password, V2Url): SUCCESFFULLY registered a new user via API. 
 Generated Activation Link: 
https://v2dev.traction.tools/activate?activationKey=3ad6fa04-aea8-4e9f-ad94-5920de18117c&userId=5c7821f1-af17-4972-b6f1-55643d2280ab&orgId=511ee84e-0dd7-4008-9c6b-715307dc7a33&email=tractiontools.user001+ta5p2r6o@gmail.com&teamsId=56881359-67a3-4f2e-9d13-f3ae242604bf&meetingsId=28183c25-3f85-43d0-a01a-8374b54b6cea&adminsId=1b0b6707-63a3-46f7-a9b3-544cb2a225b8&usersId=5dc0089b-0f44-48c6-9aac-66cd2d1f2dbf&supervisorsId=f28c3e29-0188-4764-bc1d-66bdecdfa090&accountabilityChartId=0c472042-ba61-49fe-b330-98cb63dd65c0&isCreator=1

2020-09-07 06:48:23 - [MESSAGE][PASSED] - SUCCESFFULLY registered a new user via API. 
 Generated Activation Link: 
https://v2dev.traction.tools/activate?activationKey=3ad6fa04-aea8-4e9f-ad94-5920de18117c&userId=5c7821f1-af17-4972-b6f1-55643d2280ab&orgId=511ee84e-0dd7-4008-9c6b-715307dc7a33&email=tractiontools.user001+ta5p2r6o@gmail.com&teamsId=56881359-67a3-4f2e-9d13-f3ae242604bf&meetingsId=28183c25-3f85-43d0-a01a-8374b54b6cea&adminsId=1b0b6707-63a3-46f7-a9b3-544cb2a225b8&usersId=5dc0089b-0f44-48c6-9aac-66cd2d1f2dbf&supervisorsId=f28c3e29-0188-4764-bc1d-66bdecdfa090&accountabilityChartId=0c472042-ba61-49fe-b330-98cb63dd65c0&isCreator=1

2020-09-07 06:48:23 - [TEST_STEP][PASSED] - activationURL = adminDetails[0]: null

2020-09-07 06:48:23 - [TEST_STEP][PASSED] - orgID = adminDetails[1]: null

2020-09-07 06:48:23 - [TEST_STEP][PASSED] - out.println("URL: " + activationURL): null

2020-09-07 06:48:23 - [TEST_STEP][PASSED] - out.println("orgID: " + orgID): null

2020-09-07 06:48:23 - [TEST_STEP][PASSED] - supervisorUser_name = supervisor_fname + " " + lastname: null

2020-09-07 06:48:23 - [TEST_STEP][PASSED] - openBrowser(""): Browser is opened with url: ''

2020-09-07 06:48:23 - [MESSAGE][INFO] - Starting 'Chrome' driver

2020-09-07 06:48:23 - [MESSAGE][INFO] - Action delay is set to 0 milliseconds

2020-09-07 06:48:26 - [MESSAGE][PASSED] - Browser is opened with url: ''

2020-09-07 06:48:26 - [TEST_STEP][PASSED] - maximizeWindow(): Current window maximized

2020-09-07 06:48:29 - [MESSAGE][PASSED] - Current window maximized

2020-09-07 06:48:29 - [TEST_STEP][PASSED] - callTestCase(findTestCase("V2/Test Case/Pre-conditions/PRE_ActivateNewUser"), ["activationURL":activationURL, "email":email, "password":password], STOP_ON_FAILURE): Call Test Case 'Test Cases/V2/Test Case/Pre-conditions/PRE_ActivateNewUser' successfully

2020-09-07 06:48:29 - [TEST_CASE][PASSED] - Test Cases/V2/Test Case/Pre-conditions/PRE_ActivateNewUser: Test Cases/V2/Test Case/Pre-conditions/PRE_ActivateNewUser

2020-09-07 06:48:29 - [TEST_STEP][PASSED] - navigateToUrl(activationURL): Navigate to 'https://v2dev.traction.tools/activate?activationKey=3ad6fa04-aea8-4e9f-ad94-5920de18117c&userId=5c7821f1-af17-4972-b6f1-55643d2280ab&orgId=511ee84e-0dd7-4008-9c6b-715307dc7a33&email=tractiontools.user001+ta5p2r6o@gmail.com&teamsId=56881359-67a3-4f2e-9d13-f3ae242604bf&meetingsId=28183c25-3f85-43d0-a01a-8374b54b6cea&adminsId=1b0b6707-63a3-46f7-a9b3-544cb2a225b8&usersId=5dc0089b-0f44-48c6-9aac-66cd2d1f2dbf&supervisorsId=f28c3e29-0188-4764-bc1d-66bdecdfa090&accountabilityChartId=0c472042-ba61-49fe-b330-98cb63dd65c0&isCreator=1' successfully

2020-09-07 06:48:30 - [MESSAGE][PASSED] - Navigate to 'https://v2dev.traction.tools/activate?activationKey=3ad6fa04-aea8-4e9f-ad94-5920de18117c&userId=5c7821f1-af17-4972-b6f1-55643d2280ab&orgId=511ee84e-0dd7-4008-9c6b-715307dc7a33&email=tractiontools.user001+ta5p2r6o@gmail.com&teamsId=56881359-67a3-4f2e-9d13-f3ae242604bf&meetingsId=28183c25-3f85-43d0-a01a-8374b54b6cea&adminsId=1b0b6707-63a3-46f7-a9b3-544cb2a225b8&usersId=5dc0089b-0f44-48c6-9aac-66cd2d1f2dbf&supervisorsId=f28c3e29-0188-4764-bc1d-66bdecdfa090&accountabilityChartId=0c472042-ba61-49fe-b330-98cb63dd65c0&isCreator=1' successfully

2020-09-07 06:48:30 - [TEST_STEP][PASSED] - waitForElementVisible(findTestObject("V2/Commons/ActivationPage/input_Email_email"), DefaultTimeout): Object 'Object Repository/V2/Commons/ActivationPage/input_Email_email' is visible

2020-09-07 06:48:38 - [MESSAGE][PASSED] - Object 'Object Repository/V2/Commons/ActivationPage/input_Email_email' is visible

2020-09-07 06:48:38 - [TEST_STEP][PASSED] - actual_email = getAttribute(findTestObject("Object Repository/V2/Commons/ActivationPage/input_Email_email"), "value"): Attribute 'value' of object 'Object Repository/V2/Commons/ActivationPage/input_Email_email' is: 'tractiontools.user001+ta5p2r6o@gmail.com'

2020-09-07 06:48:38 - [MESSAGE][PASSED] - Attribute 'value' of object 'Object Repository/V2/Commons/ActivationPage/input_Email_email' is: 'tractiontools.user001+ta5p2r6o@gmail.com'

2020-09-07 06:48:38 - [TEST_STEP][PASSED] - verifyMatch(actual_email, email, false): Actual text 'tractiontools.user001+ta5p2r6o@gmail.com' and expected text 'tractiontools.user001+ta5p2r6o@gmail.com' are matched 

2020-09-07 06:48:38 - [MESSAGE][PASSED] - Actual text 'tractiontools.user001+ta5p2r6o@gmail.com' and expected text 'tractiontools.user001+ta5p2r6o@gmail.com' are matched 

2020-09-07 06:48:38 - [TEST_STEP][PASSED] - setText(findTestObject("V2/Commons/ActivationPage/input_password"), password): Text 'Qwer123!' is set on object 'Object Repository/V2/Commons/ActivationPage/input_password'

2020-09-07 06:48:39 - [MESSAGE][PASSED] - Text 'Qwer123!' is set on object 'Object Repository/V2/Commons/ActivationPage/input_password'

2020-09-07 06:48:39 - [TEST_STEP][PASSED] - setText(findTestObject("Object Repository/V2/Commons/ActivationPage/input__passwordRepeat"), password): Text 'Qwer123!' is set on object 'Object Repository/V2/Commons/ActivationPage/input__passwordRepeat'

2020-09-07 06:48:40 - [MESSAGE][PASSED] - Text 'Qwer123!' is set on object 'Object Repository/V2/Commons/ActivationPage/input__passwordRepeat'

2020-09-07 06:48:40 - [TEST_STEP][PASSED] - click(findTestObject("V2/Commons/ActivationPage/input_termsandconditions")): Object: 'Object Repository/V2/Commons/ActivationPage/input_termsandconditions' is clicked on

2020-09-07 06:48:40 - [MESSAGE][PASSED] - Object: 'Object Repository/V2/Commons/ActivationPage/input_termsandconditions' is clicked on

2020-09-07 06:48:40 - [TEST_STEP][PASSED] - click(findTestObject("Object Repository/V2/Commons/ActivationPage/div_Create account")): Object: 'Object Repository/V2/Commons/ActivationPage/div_Create account' is clicked on

2020-09-07 06:48:41 - [MESSAGE][PASSED] - Object: 'Object Repository/V2/Commons/ActivationPage/div_Create account' is clicked on

2020-09-07 06:48:41 - [TEST_STEP][PASSED] - waitForElementPresent(findTestObject("V2/Commons/DasboardPage_SidebarMenu/img_Home_logo-big"), DefaultTimeout): Object 'Object Repository/V2/Commons/DasboardPage_SidebarMenu/img_Home_logo-big' is present

2020-09-07 06:48:54 - [MESSAGE][PASSED] - Object 'Object Repository/V2/Commons/DasboardPage_SidebarMenu/img_Home_logo-big' is present

2020-09-07 06:48:54 - [TEST_STEP][PASSED] - verifyElementPresent(findTestObject("V2/Commons/DasboardPage_SidebarMenu/img_Home_logo-big"), 0): Object 'Object Repository/V2/Commons/DasboardPage_SidebarMenu/img_Home_logo-big' is present

2020-09-07 06:48:54 - [MESSAGE][WARNING] - Timeout '0' is invalid. Using default page load timeout: '30'

2020-09-07 06:48:54 - [MESSAGE][PASSED] - Object 'Object Repository/V2/Commons/DasboardPage_SidebarMenu/img_Home_logo-big' is present

2020-09-07 06:48:54 - [MESSAGE][PASSED] - Call Test Case 'Test Cases/V2/Test Case/Pre-conditions/PRE_ActivateNewUser' successfully

2020-09-07 06:48:54 - [TEST_STEP][PASSED] - callTestCase(findTestCase("V2/Test Case/Pre-conditions/PRE_SkipCompanyAndPersonalProfileSetup"), [:], STOP_ON_FAILURE): Call Test Case 'Test Cases/V2/Test Case/Pre-conditions/PRE_SkipCompanyAndPersonalProfileSetup' successfully

2020-09-07 06:48:54 - [TEST_CASE][PASSED] - Test Cases/V2/Test Case/Pre-conditions/PRE_SkipCompanyAndPersonalProfileSetup: Test Cases/V2/Test Case/Pre-conditions/PRE_SkipCompanyAndPersonalProfileSetup

2020-09-07 06:48:54 - [TEST_STEP][PASSED] - waitForElementVisible(findTestObject("V2/Commons/FirstUpdateCompanyAndPersonalInfoModal/confirmCompanyInfoHeader_h1"), DefaultTimeout): Object 'Object Repository/V2/Commons/FirstUpdateCompanyAndPersonalInfoModal/confirmCompanyInfoHeader_h1' is visible

2020-09-07 06:48:55 - [MESSAGE][PASSED] - Object 'Object Repository/V2/Commons/FirstUpdateCompanyAndPersonalInfoModal/confirmCompanyInfoHeader_h1' is visible

2020-09-07 06:48:55 - [TEST_STEP][PASSED] - click(findTestObject("V2/Commons/FirstUpdateCompanyAndPersonalInfoModal/confirmInfoSkip_button")): Object: 'Object Repository/V2/Commons/FirstUpdateCompanyAndPersonalInfoModal/confirmInfoSkip_button' is clicked on

2020-09-07 06:48:55 - [MESSAGE][PASSED] - Object: 'Object Repository/V2/Commons/FirstUpdateCompanyAndPersonalInfoModal/confirmInfoSkip_button' is clicked on

2020-09-07 06:48:55 - [TEST_STEP][PASSED] - waitForElementVisible(findTestObject("V2/Commons/FirstUpdateCompanyAndPersonalInfoModal/confirmPersonalInfoHeader_h1"), DefaultTimeout): Object 'Object Repository/V2/Commons/FirstUpdateCompanyAndPersonalInfoModal/confirmPersonalInfoHeader_h1' is visible

2020-09-07 06:48:56 - [MESSAGE][PASSED] - Object 'Object Repository/V2/Commons/FirstUpdateCompanyAndPersonalInfoModal/confirmPersonalInfoHeader_h1' is visible

2020-09-07 06:48:56 - [TEST_STEP][PASSED] - click(findTestObject("V2/Commons/FirstUpdateCompanyAndPersonalInfoModal/confirmInfoSkip_button")): Object: 'Object Repository/V2/Commons/FirstUpdateCompanyAndPersonalInfoModal/confirmInfoSkip_button' is clicked on

2020-09-07 06:48:56 - [MESSAGE][PASSED] - Object: 'Object Repository/V2/Commons/FirstUpdateCompanyAndPersonalInfoModal/confirmInfoSkip_button' is clicked on

2020-09-07 06:48:56 - [TEST_STEP][PASSED] - waitForElementVisible(findTestObject("V2/Commons/FirstUpdateCompanyAndPersonalInfoModal/letsGetStarted_button"), DefaultTimeout): Object 'Object Repository/V2/Commons/FirstUpdateCompanyAndPersonalInfoModal/letsGetStarted_button' is visible

2020-09-07 06:48:58 - [MESSAGE][PASSED] - Object 'Object Repository/V2/Commons/FirstUpdateCompanyAndPersonalInfoModal/letsGetStarted_button' is visible

2020-09-07 06:48:58 - [TEST_STEP][PASSED] - click(findTestObject("V2/Commons/FirstUpdateCompanyAndPersonalInfoModal/letsGetStarted_button")): Object: 'Object Repository/V2/Commons/FirstUpdateCompanyAndPersonalInfoModal/letsGetStarted_button' is clicked on

2020-09-07 06:48:58 - [MESSAGE][PASSED] - Object: 'Object Repository/V2/Commons/FirstUpdateCompanyAndPersonalInfoModal/letsGetStarted_button' is clicked on

2020-09-07 06:48:58 - [MESSAGE][PASSED] - Call Test Case 'Test Cases/V2/Test Case/Pre-conditions/PRE_SkipCompanyAndPersonalProfileSetup' successfully

2020-09-07 06:48:58 - [TEST_STEP][PASSED] - supervisor_activationURL = tt_CustomKeywords.CustomKeywords.RegisterAndActivateSupervisorUserViaAPI(V2Url, orgID, supervisor_email, password, email, password, supervisor_fname, lastname): SUCCESFFULLY registered a new user via API. 
 Generated Activation Link: 
https://v2dev.traction.tools/activate?activationKey=f77e8bc2-3d65-4f35-86e7-208900a6f46a&userId=59f70183-d202-415c-980f-515d7b631bcf&orgId=511ee84e-0dd7-4008-9c6b-715307dc7a33&email=tractiontools.user001+ts5r9t8y@gmail.com&isCreator=0

2020-09-07 06:49:03 - [MESSAGE][PASSED] - SUCCESFFULLY registered a new user via API. 
 Generated Activation Link: 
https://v2dev.traction.tools/activate?activationKey=f77e8bc2-3d65-4f35-86e7-208900a6f46a&userId=59f70183-d202-415c-980f-515d7b631bcf&orgId=511ee84e-0dd7-4008-9c6b-715307dc7a33&email=tractiontools.user001+ts5r9t8y@gmail.com&isCreator=0

2020-09-07 06:49:03 - [TEST_STEP][PASSED] - callTestCase(findTestCase("V2/Test Case/Pre-conditions/PRE_ChangeUserPermissionViaManageUser"), ["showMenuItemsPath":"//div[@class='usercard__detail_container']/div[text()='%s']/ancestor::div[contains(@class,'usercard__content')]//button[@aria-label='Show Menu Items']", "user_email":supervisor_email, ... ], STOP_ON_FAILURE): Call Test Case 'Test Cases/V2/Test Case/Pre-conditions/PRE_ChangeUserPermissionViaManageUser' successfully

2020-09-07 06:49:04 - [TEST_CASE][PASSED] - Test Cases/V2/Test Case/Pre-conditions/PRE_ChangeUserPermissionViaManageUser: Test Cases/V2/Test Case/Pre-conditions/PRE_ChangeUserPermissionViaManageUser

2020-09-07 06:49:04 - [TEST_STEP][PASSED] - click(findTestObject("Object Repository/V2/Commons/ManageUsersPage/span_Company Settings")): Object: 'Object Repository/V2/Commons/ManageUsersPage/span_Company Settings' is clicked on

2020-09-07 06:49:04 - [MESSAGE][PASSED] - Object: 'Object Repository/V2/Commons/ManageUsersPage/span_Company Settings' is clicked on

2020-09-07 06:49:04 - [TEST_STEP][PASSED] - click(findTestObject("V2/Commons/DasboardPage_SidebarMenu/a_Manage Users")): Object: 'Object Repository/V2/Commons/DasboardPage_SidebarMenu/a_Manage Users' is clicked on

2020-09-07 06:49:04 - [MESSAGE][PASSED] - Object: 'Object Repository/V2/Commons/DasboardPage_SidebarMenu/a_Manage Users' is clicked on

2020-09-07 06:49:04 - [TEST_STEP][PASSED] - showMenuItemsObj = tt_CustomKeywords.CustomKeywords.CreateDynamicElement(showMenuItemsPath, user_email, "xpath"): Successfully created new dynamic object: //div[@class='usercard__detail_container']/div[text()='tractiontools.user001+ts5r9t8y@gmail.com']/ancestor::div[contains(@class,'usercard__content')]//button[@aria-label='Show Menu Items']

2020-09-07 06:49:04 - [MESSAGE][PASSED] - Successfully created new dynamic object: //div[@class='usercard__detail_container']/div[text()='tractiontools.user001+ts5r9t8y@gmail.com']/ancestor::div[contains(@class,'usercard__content')]//button[@aria-label='Show Menu Items']

2020-09-07 06:49:04 - [TEST_STEP][PASSED] - click(showMenuItemsObj): Object: '' is clicked on

2020-09-07 06:49:06 - [MESSAGE][PASSED] - Object: '' is clicked on

2020-09-07 06:49:06 - [TEST_STEP][PASSED] - click(findTestObject("Object Repository/V2/Commons/ManageUsersPage/div_Edit user")): Object: 'Object Repository/V2/Commons/ManageUsersPage/div_Edit user' is clicked on

2020-09-07 06:49:06 - [MESSAGE][PASSED] - Object: 'Object Repository/V2/Commons/ManageUsersPage/div_Edit user' is clicked on

2020-09-07 06:49:06 - [TEST_STEP][PASSED] - verifyElementPresent(findTestObject("V2/Commons/ManageUsersPage/div_PositionTitle"), DefaultTimeout): Object 'Object Repository/V2/Commons/ManageUsersPage/div_PositionTitle' is present

2020-09-07 06:49:07 - [MESSAGE][PASSED] - Object 'Object Repository/V2/Commons/ManageUsersPage/div_PositionTitle' is present

2020-09-07 06:49:07 - [TEST_STEP][PASSED] - setText(findTestObject("V2/Commons/ManageUsersPage/position_title_input"), position_title): Text 'QA Manager' is set on object 'Object Repository/V2/Commons/ManageUsersPage/position_title_input'

2020-09-07 06:49:07 - [MESSAGE][PASSED] - Text 'QA Manager' is set on object 'Object Repository/V2/Commons/ManageUsersPage/position_title_input'

2020-09-07 06:49:07 - [TEST_STEP][PASSED] - sendKeys(findTestObject("V2/Commons/ManageUsersPage/position_title_input"), Keys.chord(ENTER)): Keys 'ENTER + ' sent to object: 'Object Repository/V2/Commons/ManageUsersPage/position_title_input'

2020-09-07 06:49:08 - [MESSAGE][PASSED] - Keys 'ENTER + ' sent to object: 'Object Repository/V2/Commons/ManageUsersPage/position_title_input'

2020-09-07 06:49:08 - [TEST_STEP][PASSED] - if (permissionValue == "Employee"): null

2020-09-07 06:49:08 - [TEST_STEP][PASSED] - verifyElementPresent(findTestObject("Object Repository/V2/Commons/ManageUsersPage/div_User type"), DefaultTimeout): Object 'Object Repository/V2/Commons/ManageUsersPage/div_User type' is present

2020-09-07 06:49:08 - [MESSAGE][PASSED] - Object 'Object Repository/V2/Commons/ManageUsersPage/div_User type' is present

2020-09-07 06:49:08 - [TEST_STEP][PASSED] - click(findTestObject("Object Repository/V2/Commons/ManageUsersPage/input__orgRole")): Object: 'Object Repository/V2/Commons/ManageUsersPage/input__orgRole' is clicked on

2020-09-07 06:49:08 - [MESSAGE][PASSED] - Object: 'Object Repository/V2/Commons/ManageUsersPage/input__orgRole' is clicked on

2020-09-07 06:49:08 - [TEST_STEP][PASSED] - roleOptionObj = tt_CustomKeywords.CustomKeywords.CreateDynamicElement(roleOption, permissionValue, "xpath"): Successfully created new dynamic object: //span[text()='Supervisor']/parent::div[@role='option']

2020-09-07 06:49:08 - [MESSAGE][PASSED] - Successfully created new dynamic object: //span[text()='Supervisor']/parent::div[@role='option']

2020-09-07 06:49:08 - [TEST_STEP][PASSED] - click(roleOptionObj): Object: '' is clicked on

2020-09-07 06:49:09 - [MESSAGE][PASSED] - Object: '' is clicked on

2020-09-07 06:49:09 - [TEST_STEP][PASSED] - click(findTestObject("Object Repository/V2/Commons/ManageUsersPage/div_Save")): Object: 'Object Repository/V2/Commons/ManageUsersPage/div_Save' is clicked on

2020-09-07 06:49:09 - [MESSAGE][PASSED] - Object: 'Object Repository/V2/Commons/ManageUsersPage/div_Save' is clicked on

2020-09-07 06:49:09 - [TEST_STEP][PASSED] - waitForElementVisible(findTestObject("V2/Commons/ManageUsersPage/h3_User Saved"), DefaultTimeout): Object 'Object Repository/V2/Commons/ManageUsersPage/h3_User Saved' is visible

2020-09-07 06:49:20 - [MESSAGE][PASSED] - Object 'Object Repository/V2/Commons/ManageUsersPage/h3_User Saved' is visible

2020-09-07 06:49:20 - [TEST_STEP][PASSED] - verifyElementVisible(findTestObject("Object Repository/V2/Commons/ManageUsersPage/h3_User Saved")): Object 'Object Repository/V2/Commons/ManageUsersPage/h3_User Saved' is visible

2020-09-07 06:49:20 - [MESSAGE][PASSED] - Object 'Object Repository/V2/Commons/ManageUsersPage/h3_User Saved' is visible

2020-09-07 06:49:20 - [MESSAGE][PASSED] - Call Test Case 'Test Cases/V2/Test Case/Pre-conditions/PRE_ChangeUserPermissionViaManageUser' successfully

2020-09-07 06:49:20 - [TEST_STEP][PASSED] - employee_activationURL = tt_CustomKeywords.CustomKeywords.RegisterAndActivateSupervisorUserViaAPI(V2Url, orgID, employee_email, password, email, password, employee_fname, lastname): SUCCESFFULLY registered a new user via API. 
 Generated Activation Link: 
https://v2dev.traction.tools/activate?activationKey=c7605d47-7b6c-4184-923f-2e1662bb627f&userId=8fc77159-2a85-4c1e-8824-c99989f8da82&orgId=511ee84e-0dd7-4008-9c6b-715307dc7a33&email=tractiontools.user001+te5t1f90@gmail.com&isCreator=0

2020-09-07 06:49:26 - [MESSAGE][PASSED] - SUCCESFFULLY registered a new user via API. 
 Generated Activation Link: 
https://v2dev.traction.tools/activate?activationKey=c7605d47-7b6c-4184-923f-2e1662bb627f&userId=8fc77159-2a85-4c1e-8824-c99989f8da82&orgId=511ee84e-0dd7-4008-9c6b-715307dc7a33&email=tractiontools.user001+te5t1f90@gmail.com&isCreator=0

2020-09-07 06:49:26 - [TEST_STEP][PASSED] - callTestCase(findTestCase("V2/Test Case/Pre-conditions/PRE_ChangeUserPermissionViaManageUser"), ["showMenuItemsPath":"//div[@class='usercard__detail_container']/div[text()='%s']/ancestor::div[contains(@class,'usercard__content')]//button[@aria-label='Show Menu Items']", "user_email":employee_email, ... ], STOP_ON_FAILURE): Call Test Case 'Test Cases/V2/Test Case/Pre-conditions/PRE_ChangeUserPermissionViaManageUser' successfully

2020-09-07 06:49:26 - [TEST_CASE][PASSED] - Test Cases/V2/Test Case/Pre-conditions/PRE_ChangeUserPermissionViaManageUser: Test Cases/V2/Test Case/Pre-conditions/PRE_ChangeUserPermissionViaManageUser

2020-09-07 06:49:26 - [TEST_STEP][PASSED] - click(findTestObject("Object Repository/V2/Commons/ManageUsersPage/span_Company Settings")): Object: 'Object Repository/V2/Commons/ManageUsersPage/span_Company Settings' is clicked on

2020-09-07 06:49:26 - [MESSAGE][PASSED] - Object: 'Object Repository/V2/Commons/ManageUsersPage/span_Company Settings' is clicked on

2020-09-07 06:49:26 - [TEST_STEP][PASSED] - click(findTestObject("V2/Commons/DasboardPage_SidebarMenu/a_Manage Users")): Object: 'Object Repository/V2/Commons/DasboardPage_SidebarMenu/a_Manage Users' is clicked on

2020-09-07 06:49:27 - [MESSAGE][PASSED] - Object: 'Object Repository/V2/Commons/DasboardPage_SidebarMenu/a_Manage Users' is clicked on

2020-09-07 06:49:27 - [TEST_STEP][PASSED] - showMenuItemsObj = tt_CustomKeywords.CustomKeywords.CreateDynamicElement(showMenuItemsPath, user_email, "xpath"): Successfully created new dynamic object: //div[@class='usercard__detail_container']/div[text()='tractiontools.user001+te5t1f90@gmail.com']/ancestor::div[contains(@class,'usercard__content')]//button[@aria-label='Show Menu Items']

2020-09-07 06:49:27 - [MESSAGE][PASSED] - Successfully created new dynamic object: //div[@class='usercard__detail_container']/div[text()='tractiontools.user001+te5t1f90@gmail.com']/ancestor::div[contains(@class,'usercard__content')]//button[@aria-label='Show Menu Items']

2020-09-07 06:49:27 - [TEST_STEP][PASSED] - click(showMenuItemsObj): Object: '' is clicked on

2020-09-07 06:49:27 - [MESSAGE][PASSED] - Object: '' is clicked on

2020-09-07 06:49:27 - [TEST_STEP][PASSED] - click(findTestObject("Object Repository/V2/Commons/ManageUsersPage/div_Edit user")): Object: 'Object Repository/V2/Commons/ManageUsersPage/div_Edit user' is clicked on

2020-09-07 06:49:28 - [MESSAGE][PASSED] - Object: 'Object Repository/V2/Commons/ManageUsersPage/div_Edit user' is clicked on

2020-09-07 06:49:28 - [TEST_STEP][PASSED] - verifyElementPresent(findTestObject("V2/Commons/ManageUsersPage/div_PositionTitle"), DefaultTimeout): Object 'Object Repository/V2/Commons/ManageUsersPage/div_PositionTitle' is present

2020-09-07 06:49:28 - [MESSAGE][PASSED] - Object 'Object Repository/V2/Commons/ManageUsersPage/div_PositionTitle' is present

2020-09-07 06:49:28 - [TEST_STEP][PASSED] - setText(findTestObject("V2/Commons/ManageUsersPage/position_title_input"), position_title): Text 'Quality Assurance' is set on object 'Object Repository/V2/Commons/ManageUsersPage/position_title_input'

2020-09-07 06:49:29 - [MESSAGE][PASSED] - Text 'Quality Assurance' is set on object 'Object Repository/V2/Commons/ManageUsersPage/position_title_input'

2020-09-07 06:49:29 - [TEST_STEP][PASSED] - sendKeys(findTestObject("V2/Commons/ManageUsersPage/position_title_input"), Keys.chord(ENTER)): Keys 'ENTER + ' sent to object: 'Object Repository/V2/Commons/ManageUsersPage/position_title_input'

2020-09-07 06:49:29 - [MESSAGE][PASSED] - Keys 'ENTER + ' sent to object: 'Object Repository/V2/Commons/ManageUsersPage/position_title_input'

2020-09-07 06:49:29 - [TEST_STEP][PASSED] - if (permissionValue == "Employee"): Keys 'ENTER + ' sent to object: 'Object Repository/V2/Commons/ManageUsersPage/supervisor_input'

2020-09-07 06:49:29 - [TEST_STEP][PASSED] - verifyElementPresent(findTestObject("V2/Commons/ManageUsersPage/supervisor_input"), DefaultTimeout): Object 'Object Repository/V2/Commons/ManageUsersPage/supervisor_input' is present

2020-09-07 06:49:29 - [MESSAGE][PASSED] - Object 'Object Repository/V2/Commons/ManageUsersPage/supervisor_input' is present

2020-09-07 06:49:29 - [TEST_STEP][PASSED] - setText(findTestObject("V2/Commons/ManageUsersPage/supervisor_input"), user_supervisorName): Text 'Supervisor User' is set on object 'Object Repository/V2/Commons/ManageUsersPage/supervisor_input'

2020-09-07 06:49:30 - [MESSAGE][PASSED] - Text 'Supervisor User' is set on object 'Object Repository/V2/Commons/ManageUsersPage/supervisor_input'

2020-09-07 06:49:30 - [TEST_STEP][PASSED] - sendKeys(findTestObject("V2/Commons/ManageUsersPage/supervisor_input"), Keys.chord(ENTER)): Keys 'ENTER + ' sent to object: 'Object Repository/V2/Commons/ManageUsersPage/supervisor_input'

2020-09-07 06:49:30 - [MESSAGE][PASSED] - Keys 'ENTER + ' sent to object: 'Object Repository/V2/Commons/ManageUsersPage/supervisor_input'

2020-09-07 06:49:30 - [TEST_STEP][PASSED] - verifyElementPresent(findTestObject("Object Repository/V2/Commons/ManageUsersPage/div_User type"), DefaultTimeout): Object 'Object Repository/V2/Commons/ManageUsersPage/div_User type' is present

2020-09-07 06:49:31 - [MESSAGE][PASSED] - Object 'Object Repository/V2/Commons/ManageUsersPage/div_User type' is present

2020-09-07 06:49:31 - [TEST_STEP][PASSED] - click(findTestObject("Object Repository/V2/Commons/ManageUsersPage/input__orgRole")): Object: 'Object Repository/V2/Commons/ManageUsersPage/input__orgRole' is clicked on

2020-09-07 06:49:31 - [MESSAGE][PASSED] - Object: 'Object Repository/V2/Commons/ManageUsersPage/input__orgRole' is clicked on

2020-09-07 06:49:31 - [TEST_STEP][PASSED] - roleOptionObj = tt_CustomKeywords.CustomKeywords.CreateDynamicElement(roleOption, permissionValue, "xpath"): Successfully created new dynamic object: //span[text()='Employee']/parent::div[@role='option']

2020-09-07 06:49:31 - [MESSAGE][PASSED] - Successfully created new dynamic object: //span[text()='Employee']/parent::div[@role='option']

2020-09-07 06:49:31 - [TEST_STEP][PASSED] - click(roleOptionObj): Object: '' is clicked on

2020-09-07 06:49:32 - [MESSAGE][PASSED] - Object: '' is clicked on

2020-09-07 06:49:32 - [TEST_STEP][PASSED] - click(findTestObject("Object Repository/V2/Commons/ManageUsersPage/div_Save")): Object: 'Object Repository/V2/Commons/ManageUsersPage/div_Save' is clicked on

2020-09-07 06:49:32 - [MESSAGE][PASSED] - Object: 'Object Repository/V2/Commons/ManageUsersPage/div_Save' is clicked on

2020-09-07 06:49:32 - [TEST_STEP][PASSED] - waitForElementVisible(findTestObject("V2/Commons/ManageUsersPage/h3_User Saved"), DefaultTimeout): Object 'Object Repository/V2/Commons/ManageUsersPage/h3_User Saved' is visible

2020-09-07 06:49:43 - [MESSAGE][PASSED] - Object 'Object Repository/V2/Commons/ManageUsersPage/h3_User Saved' is visible

2020-09-07 06:49:43 - [TEST_STEP][PASSED] - verifyElementVisible(findTestObject("Object Repository/V2/Commons/ManageUsersPage/h3_User Saved")): Object 'Object Repository/V2/Commons/ManageUsersPage/h3_User Saved' is visible

2020-09-07 06:49:44 - [MESSAGE][PASSED] - Object 'Object Repository/V2/Commons/ManageUsersPage/h3_User Saved' is visible

2020-09-07 06:49:44 - [MESSAGE][PASSED] - Call Test Case 'Test Cases/V2/Test Case/Pre-conditions/PRE_ChangeUserPermissionViaManageUser' successfully

2020-09-07 06:49:44 - [TEST_STEP][PASSED] - callTestCase(findTestCase("V2/Test Case/Pre-conditions/PRE_ActivateNewUser"), ["activationURL":supervisor_activationURL, "email":supervisor_email, "password":password], STOP_ON_FAILURE): Call Test Case 'Test Cases/V2/Test Case/Pre-conditions/PRE_ActivateNewUser' successfully

2020-09-07 06:49:44 - [TEST_CASE][PASSED] - Test Cases/V2/Test Case/Pre-conditions/PRE_ActivateNewUser: Test Cases/V2/Test Case/Pre-conditions/PRE_ActivateNewUser

2020-09-07 06:49:44 - [TEST_STEP][PASSED] - navigateToUrl(activationURL): Navigate to 'https://v2dev.traction.tools/activate?activationKey=f77e8bc2-3d65-4f35-86e7-208900a6f46a&userId=59f70183-d202-415c-980f-515d7b631bcf&orgId=511ee84e-0dd7-4008-9c6b-715307dc7a33&email=tractiontools.user001+ts5r9t8y@gmail.com&isCreator=0' successfully

2020-09-07 06:49:45 - [MESSAGE][PASSED] - Navigate to 'https://v2dev.traction.tools/activate?activationKey=f77e8bc2-3d65-4f35-86e7-208900a6f46a&userId=59f70183-d202-415c-980f-515d7b631bcf&orgId=511ee84e-0dd7-4008-9c6b-715307dc7a33&email=tractiontools.user001+ts5r9t8y@gmail.com&isCreator=0' successfully

2020-09-07 06:49:45 - [TEST_STEP][PASSED] - waitForElementVisible(findTestObject("V2/Commons/ActivationPage/input_Email_email"), DefaultTimeout): Object 'Object Repository/V2/Commons/ActivationPage/input_Email_email' is visible

2020-09-07 06:49:47 - [MESSAGE][PASSED] - Object 'Object Repository/V2/Commons/ActivationPage/input_Email_email' is visible

2020-09-07 06:49:47 - [TEST_STEP][PASSED] - actual_email = getAttribute(findTestObject("Object Repository/V2/Commons/ActivationPage/input_Email_email"), "value"): Attribute 'value' of object 'Object Repository/V2/Commons/ActivationPage/input_Email_email' is: 'tractiontools.user001+ts5r9t8y@gmail.com'

2020-09-07 06:49:47 - [MESSAGE][PASSED] - Attribute 'value' of object 'Object Repository/V2/Commons/ActivationPage/input_Email_email' is: 'tractiontools.user001+ts5r9t8y@gmail.com'

2020-09-07 06:49:47 - [TEST_STEP][PASSED] - verifyMatch(actual_email, email, false): Actual text 'tractiontools.user001+ts5r9t8y@gmail.com' and expected text 'tractiontools.user001+ts5r9t8y@gmail.com' are matched 

2020-09-07 06:49:47 - [MESSAGE][PASSED] - Actual text 'tractiontools.user001+ts5r9t8y@gmail.com' and expected text 'tractiontools.user001+ts5r9t8y@gmail.com' are matched 

2020-09-07 06:49:47 - [TEST_STEP][PASSED] - setText(findTestObject("V2/Commons/ActivationPage/input_password"), password): Text 'Qwer123!' is set on object 'Object Repository/V2/Commons/ActivationPage/input_password'

2020-09-07 06:49:47 - [MESSAGE][PASSED] - Text 'Qwer123!' is set on object 'Object Repository/V2/Commons/ActivationPage/input_password'

2020-09-07 06:49:47 - [TEST_STEP][PASSED] - setText(findTestObject("Object Repository/V2/Commons/ActivationPage/input__passwordRepeat"), password): Text 'Qwer123!' is set on object 'Object Repository/V2/Commons/ActivationPage/input__passwordRepeat'

2020-09-07 06:49:48 - [MESSAGE][PASSED] - Text 'Qwer123!' is set on object 'Object Repository/V2/Commons/ActivationPage/input__passwordRepeat'

2020-09-07 06:49:48 - [TEST_STEP][PASSED] - click(findTestObject("V2/Commons/ActivationPage/input_termsandconditions")): Object: 'Object Repository/V2/Commons/ActivationPage/input_termsandconditions' is clicked on

2020-09-07 06:49:49 - [MESSAGE][PASSED] - Object: 'Object Repository/V2/Commons/ActivationPage/input_termsandconditions' is clicked on

2020-09-07 06:49:49 - [TEST_STEP][PASSED] - click(findTestObject("Object Repository/V2/Commons/ActivationPage/div_Create account")): Object: 'Object Repository/V2/Commons/ActivationPage/div_Create account' is clicked on

2020-09-07 06:49:49 - [MESSAGE][PASSED] - Object: 'Object Repository/V2/Commons/ActivationPage/div_Create account' is clicked on

2020-09-07 06:49:49 - [TEST_STEP][PASSED] - waitForElementPresent(findTestObject("V2/Commons/DasboardPage_SidebarMenu/img_Home_logo-big"), DefaultTimeout): Object 'Object Repository/V2/Commons/DasboardPage_SidebarMenu/img_Home_logo-big' is present

2020-09-07 06:49:54 - [MESSAGE][PASSED] - Object 'Object Repository/V2/Commons/DasboardPage_SidebarMenu/img_Home_logo-big' is present

2020-09-07 06:49:54 - [TEST_STEP][PASSED] - verifyElementPresent(findTestObject("V2/Commons/DasboardPage_SidebarMenu/img_Home_logo-big"), 0): Object 'Object Repository/V2/Commons/DasboardPage_SidebarMenu/img_Home_logo-big' is present

2020-09-07 06:49:54 - [MESSAGE][WARNING] - Timeout '0' is invalid. Using default page load timeout: '30'

2020-09-07 06:49:54 - [MESSAGE][PASSED] - Object 'Object Repository/V2/Commons/DasboardPage_SidebarMenu/img_Home_logo-big' is present

2020-09-07 06:49:54 - [MESSAGE][PASSED] - Call Test Case 'Test Cases/V2/Test Case/Pre-conditions/PRE_ActivateNewUser' successfully

2020-09-07 06:49:54 - [TEST_STEP][PASSED] - callTestCase(findTestCase("V2/Test Case/Pre-conditions/PRE_SkipPersonalProfileSetup"), [:], STOP_ON_FAILURE): Call Test Case 'Test Cases/V2/Test Case/Pre-conditions/PRE_SkipPersonalProfileSetup' successfully

2020-09-07 06:49:54 - [TEST_CASE][PASSED] - Test Cases/V2/Test Case/Pre-conditions/PRE_SkipPersonalProfileSetup: Test Cases/V2/Test Case/Pre-conditions/PRE_SkipPersonalProfileSetup

2020-09-07 06:49:54 - [TEST_STEP][PASSED] - waitForElementVisible(findTestObject("V2/Commons/FirstUpdateCompanyAndPersonalInfoModal/confirmPersonalInfoHeader_h1"), DefaultTimeout): Object 'Object Repository/V2/Commons/FirstUpdateCompanyAndPersonalInfoModal/confirmPersonalInfoHeader_h1' is visible

2020-09-07 06:49:54 - [MESSAGE][PASSED] - Object 'Object Repository/V2/Commons/FirstUpdateCompanyAndPersonalInfoModal/confirmPersonalInfoHeader_h1' is visible

2020-09-07 06:49:54 - [TEST_STEP][PASSED] - click(findTestObject("V2/Commons/FirstUpdateCompanyAndPersonalInfoModal/confirmInfoSkip_button")): Object: 'Object Repository/V2/Commons/FirstUpdateCompanyAndPersonalInfoModal/confirmInfoSkip_button' is clicked on

2020-09-07 06:49:55 - [MESSAGE][PASSED] - Object: 'Object Repository/V2/Commons/FirstUpdateCompanyAndPersonalInfoModal/confirmInfoSkip_button' is clicked on

2020-09-07 06:49:55 - [TEST_STEP][PASSED] - waitForElementVisible(findTestObject("V2/Commons/FirstUpdateCompanyAndPersonalInfoModal/letsGetStarted_button"), DefaultTimeout): Object 'Object Repository/V2/Commons/FirstUpdateCompanyAndPersonalInfoModal/letsGetStarted_button' is visible

2020-09-07 06:49:56 - [MESSAGE][PASSED] - Object 'Object Repository/V2/Commons/FirstUpdateCompanyAndPersonalInfoModal/letsGetStarted_button' is visible

2020-09-07 06:49:56 - [TEST_STEP][PASSED] - click(findTestObject("V2/Commons/FirstUpdateCompanyAndPersonalInfoModal/letsGetStarted_button")): Object: 'Object Repository/V2/Commons/FirstUpdateCompanyAndPersonalInfoModal/letsGetStarted_button' is clicked on

2020-09-07 06:49:56 - [MESSAGE][PASSED] - Object: 'Object Repository/V2/Commons/FirstUpdateCompanyAndPersonalInfoModal/letsGetStarted_button' is clicked on

2020-09-07 06:49:56 - [MESSAGE][PASSED] - Call Test Case 'Test Cases/V2/Test Case/Pre-conditions/PRE_SkipPersonalProfileSetup' successfully

2020-09-07 06:49:56 - [TEST_STEP][PASSED] - callTestCase(findTestCase("V2/Test Case/Pre-conditions/PRE_ActivateNewUser"), ["activationURL":employee_activationURL, "email":employee_email, "password":password], STOP_ON_FAILURE): Call Test Case 'Test Cases/V2/Test Case/Pre-conditions/PRE_ActivateNewUser' successfully

2020-09-07 06:49:56 - [TEST_CASE][PASSED] - Test Cases/V2/Test Case/Pre-conditions/PRE_ActivateNewUser: Test Cases/V2/Test Case/Pre-conditions/PRE_ActivateNewUser

2020-09-07 06:49:56 - [TEST_STEP][PASSED] - navigateToUrl(activationURL): Navigate to 'https://v2dev.traction.tools/activate?activationKey=c7605d47-7b6c-4184-923f-2e1662bb627f&userId=8fc77159-2a85-4c1e-8824-c99989f8da82&orgId=511ee84e-0dd7-4008-9c6b-715307dc7a33&email=tractiontools.user001+te5t1f90@gmail.com&isCreator=0' successfully

2020-09-07 06:49:58 - [MESSAGE][PASSED] - Navigate to 'https://v2dev.traction.tools/activate?activationKey=c7605d47-7b6c-4184-923f-2e1662bb627f&userId=8fc77159-2a85-4c1e-8824-c99989f8da82&orgId=511ee84e-0dd7-4008-9c6b-715307dc7a33&email=tractiontools.user001+te5t1f90@gmail.com&isCreator=0' successfully

2020-09-07 06:49:58 - [TEST_STEP][PASSED] - waitForElementVisible(findTestObject("V2/Commons/ActivationPage/input_Email_email"), DefaultTimeout): Object 'Object Repository/V2/Commons/ActivationPage/input_Email_email' is visible

2020-09-07 06:49:59 - [MESSAGE][PASSED] - Object 'Object Repository/V2/Commons/ActivationPage/input_Email_email' is visible

2020-09-07 06:49:59 - [TEST_STEP][PASSED] - actual_email = getAttribute(findTestObject("Object Repository/V2/Commons/ActivationPage/input_Email_email"), "value"): Attribute 'value' of object 'Object Repository/V2/Commons/ActivationPage/input_Email_email' is: 'tractiontools.user001+te5t1f90@gmail.com'

2020-09-07 06:50:00 - [MESSAGE][PASSED] - Attribute 'value' of object 'Object Repository/V2/Commons/ActivationPage/input_Email_email' is: 'tractiontools.user001+te5t1f90@gmail.com'

2020-09-07 06:50:00 - [TEST_STEP][PASSED] - verifyMatch(actual_email, email, false): Actual text 'tractiontools.user001+te5t1f90@gmail.com' and expected text 'tractiontools.user001+te5t1f90@gmail.com' are matched 

2020-09-07 06:50:00 - [MESSAGE][PASSED] - Actual text 'tractiontools.user001+te5t1f90@gmail.com' and expected text 'tractiontools.user001+te5t1f90@gmail.com' are matched 

2020-09-07 06:50:00 - [TEST_STEP][PASSED] - setText(findTestObject("V2/Commons/ActivationPage/input_password"), password): Text 'Qwer123!' is set on object 'Object Repository/V2/Commons/ActivationPage/input_password'

2020-09-07 06:50:00 - [MESSAGE][PASSED] - Text 'Qwer123!' is set on object 'Object Repository/V2/Commons/ActivationPage/input_password'

2020-09-07 06:50:00 - [TEST_STEP][PASSED] - setText(findTestObject("Object Repository/V2/Commons/ActivationPage/input__passwordRepeat"), password): Text 'Qwer123!' is set on object 'Object Repository/V2/Commons/ActivationPage/input__passwordRepeat'

2020-09-07 06:50:01 - [MESSAGE][PASSED] - Text 'Qwer123!' is set on object 'Object Repository/V2/Commons/ActivationPage/input__passwordRepeat'

2020-09-07 06:50:01 - [TEST_STEP][PASSED] - click(findTestObject("V2/Commons/ActivationPage/input_termsandconditions")): Object: 'Object Repository/V2/Commons/ActivationPage/input_termsandconditions' is clicked on

2020-09-07 06:50:02 - [MESSAGE][PASSED] - Object: 'Object Repository/V2/Commons/ActivationPage/input_termsandconditions' is clicked on

2020-09-07 06:50:02 - [TEST_STEP][PASSED] - click(findTestObject("Object Repository/V2/Commons/ActivationPage/div_Create account")): Object: 'Object Repository/V2/Commons/ActivationPage/div_Create account' is clicked on

2020-09-07 06:50:02 - [MESSAGE][PASSED] - Object: 'Object Repository/V2/Commons/ActivationPage/div_Create account' is clicked on

2020-09-07 06:50:02 - [TEST_STEP][PASSED] - waitForElementPresent(findTestObject("V2/Commons/DasboardPage_SidebarMenu/img_Home_logo-big"), DefaultTimeout): Object 'Object Repository/V2/Commons/DasboardPage_SidebarMenu/img_Home_logo-big' is present

2020-09-07 06:50:07 - [MESSAGE][PASSED] - Object 'Object Repository/V2/Commons/DasboardPage_SidebarMenu/img_Home_logo-big' is present

2020-09-07 06:50:07 - [TEST_STEP][PASSED] - verifyElementPresent(findTestObject("V2/Commons/DasboardPage_SidebarMenu/img_Home_logo-big"), 0): Object 'Object Repository/V2/Commons/DasboardPage_SidebarMenu/img_Home_logo-big' is present

2020-09-07 06:50:07 - [MESSAGE][WARNING] - Timeout '0' is invalid. Using default page load timeout: '30'

2020-09-07 06:50:07 - [MESSAGE][PASSED] - Object 'Object Repository/V2/Commons/DasboardPage_SidebarMenu/img_Home_logo-big' is present

2020-09-07 06:50:07 - [MESSAGE][PASSED] - Call Test Case 'Test Cases/V2/Test Case/Pre-conditions/PRE_ActivateNewUser' successfully

2020-09-07 06:50:07 - [TEST_STEP][PASSED] - callTestCase(findTestCase("V2/Test Case/Pre-conditions/PRE_SkipPersonalProfileSetup"), [:], STOP_ON_FAILURE): Call Test Case 'Test Cases/V2/Test Case/Pre-conditions/PRE_SkipPersonalProfileSetup' successfully

2020-09-07 06:50:07 - [TEST_CASE][PASSED] - Test Cases/V2/Test Case/Pre-conditions/PRE_SkipPersonalProfileSetup: Test Cases/V2/Test Case/Pre-conditions/PRE_SkipPersonalProfileSetup

2020-09-07 06:50:07 - [TEST_STEP][PASSED] - waitForElementVisible(findTestObject("V2/Commons/FirstUpdateCompanyAndPersonalInfoModal/confirmPersonalInfoHeader_h1"), DefaultTimeout): Object 'Object Repository/V2/Commons/FirstUpdateCompanyAndPersonalInfoModal/confirmPersonalInfoHeader_h1' is visible

2020-09-07 06:50:08 - [MESSAGE][PASSED] - Object 'Object Repository/V2/Commons/FirstUpdateCompanyAndPersonalInfoModal/confirmPersonalInfoHeader_h1' is visible

2020-09-07 06:50:08 - [TEST_STEP][PASSED] - click(findTestObject("V2/Commons/FirstUpdateCompanyAndPersonalInfoModal/confirmInfoSkip_button")): Object: 'Object Repository/V2/Commons/FirstUpdateCompanyAndPersonalInfoModal/confirmInfoSkip_button' is clicked on

2020-09-07 06:50:09 - [MESSAGE][PASSED] - Object: 'Object Repository/V2/Commons/FirstUpdateCompanyAndPersonalInfoModal/confirmInfoSkip_button' is clicked on

2020-09-07 06:50:09 - [TEST_STEP][PASSED] - waitForElementVisible(findTestObject("V2/Commons/FirstUpdateCompanyAndPersonalInfoModal/letsGetStarted_button"), DefaultTimeout): Object 'Object Repository/V2/Commons/FirstUpdateCompanyAndPersonalInfoModal/letsGetStarted_button' is visible

2020-09-07 06:50:10 - [MESSAGE][PASSED] - Object 'Object Repository/V2/Commons/FirstUpdateCompanyAndPersonalInfoModal/letsGetStarted_button' is visible

2020-09-07 06:50:10 - [TEST_STEP][PASSED] - click(findTestObject("V2/Commons/FirstUpdateCompanyAndPersonalInfoModal/letsGetStarted_button")): Object: 'Object Repository/V2/Commons/FirstUpdateCompanyAndPersonalInfoModal/letsGetStarted_button' is clicked on

2020-09-07 06:50:10 - [MESSAGE][PASSED] - Object: 'Object Repository/V2/Commons/FirstUpdateCompanyAndPersonalInfoModal/letsGetStarted_button' is clicked on

2020-09-07 06:50:10 - [MESSAGE][PASSED] - Call Test Case 'Test Cases/V2/Test Case/Pre-conditions/PRE_SkipPersonalProfileSetup' successfully

2020-09-07 06:50:10 - [MESSAGE][PASSED] - Call Test Case 'Test Cases/V2/Test Case/Pre-conditions/PRE_RegisterAndActivateTTUsers' successfully

2020-09-07 06:50:10 - [TEST_STEP][PASSED] - closeBrowser(): Browser is closed

2020-09-07 06:50:10 - [MESSAGE][PASSED] - Browser is closed

2020-09-07 06:50:10 - [TEST_STEP][PASSED] - path = System.getProperty("user.dir"): null

2020-09-07 06:50:10 - [TEST_STEP][PASSED] - System.setProperty("webdriver.chrome.driver", "C:\Users\Aaron-PC\Documents\Traction Tools\Katalon\Katalon_Studio_Windows_64-7.6.2\Katalon_Studio_Windows_64-7.6.2\configuration\resources\drivers\chromedriver_win32\chromedriver.exe"): null

2020-09-07 06:50:10 - [TEST_STEP][PASSED] - driver1 = new org.openqa.selenium.chrome.ChromeDriver(): null

2020-09-07 06:50:14 - [TEST_STEP][PASSED] - changeWebDriver(driver1): null

2020-09-07 06:50:14 - [TEST_STEP][PASSED] - maximizeWindow(): Current window maximized

2020-09-07 06:50:16 - [MESSAGE][PASSED] - Current window maximized

2020-09-07 06:50:16 - [TEST_STEP][PASSED] - navigateToUrl(V2Url): Navigate to 'https://v2dev.traction.tools' successfully

2020-09-07 06:50:17 - [MESSAGE][PASSED] - Navigate to 'https://v2dev.traction.tools' successfully

2020-09-07 06:50:17 - [TEST_STEP][PASSED] - callTestCase(findTestCase("V2/Test Case/Pre-conditions/PRE_LoginToTractionToolsApplication"), ["username":email, "password":password], STOP_ON_FAILURE): Call Test Case 'Test Cases/V2/Test Case/Pre-conditions/PRE_LoginToTractionToolsApplication' successfully

2020-09-07 06:50:17 - [TEST_CASE][PASSED] - Test Cases/V2/Test Case/Pre-conditions/PRE_LoginToTractionToolsApplication: Test Cases/V2/Test Case/Pre-conditions/PRE_LoginToTractionToolsApplication

2020-09-07 06:50:17 - [TEST_STEP][PASSED] - setText(findTestObject("V2/Commons/LoginPage/input__username"), username): Text 'tractiontools.user001+ta5p2r6o@gmail.com' is set on object 'Object Repository/V2/Commons/LoginPage/input__username'

2020-09-07 06:50:25 - [MESSAGE][PASSED] - Text 'tractiontools.user001+ta5p2r6o@gmail.com' is set on object 'Object Repository/V2/Commons/LoginPage/input__username'

2020-09-07 06:50:25 - [TEST_STEP][PASSED] - setText(findTestObject("V2/Commons/LoginPage/input__password"), password): Text 'Qwer123!' is set on object 'Object Repository/V2/Commons/LoginPage/input__password'

2020-09-07 06:50:25 - [MESSAGE][PASSED] - Text 'Qwer123!' is set on object 'Object Repository/V2/Commons/LoginPage/input__password'

2020-09-07 06:50:25 - [TEST_STEP][PASSED] - click(findTestObject("V2/Commons/LoginPage/div_Login")): Object: 'Object Repository/V2/Commons/LoginPage/div_Login' is clicked on

2020-09-07 06:50:25 - [MESSAGE][PASSED] - Object: 'Object Repository/V2/Commons/LoginPage/div_Login' is clicked on

2020-09-07 06:50:25 - [TEST_STEP][PASSED] - waitForElementVisible(findTestObject("V2/Commons/DasboardPage_SidebarMenu/img_Home_logo-big"), DefaultTimeout): Object 'Object Repository/V2/Commons/DasboardPage_SidebarMenu/img_Home_logo-big' is visible

2020-09-07 06:50:30 - [MESSAGE][PASSED] - Object 'Object Repository/V2/Commons/DasboardPage_SidebarMenu/img_Home_logo-big' is visible

2020-09-07 06:50:30 - [TEST_STEP][PASSED] - verifyElementVisible(findTestObject("V2/Commons/DasboardPage_SidebarMenu/img_Home_logo-big"), STOP_ON_FAILURE): Object 'Object Repository/V2/Commons/DasboardPage_SidebarMenu/img_Home_logo-big' is visible

2020-09-07 06:50:30 - [MESSAGE][PASSED] - Object 'Object Repository/V2/Commons/DasboardPage_SidebarMenu/img_Home_logo-big' is visible

2020-09-07 06:50:30 - [MESSAGE][PASSED] - Call Test Case 'Test Cases/V2/Test Case/Pre-conditions/PRE_LoginToTractionToolsApplication' successfully

2020-09-07 06:50:30 - [TEST_STEP][PASSED] - driver2 = new org.openqa.selenium.chrome.ChromeDriver(): null

2020-09-07 06:50:33 - [TEST_STEP][PASSED] - changeWebDriver(driver2): null

2020-09-07 06:50:33 - [TEST_STEP][PASSED] - maximizeWindow(): Current window maximized

2020-09-07 06:50:35 - [MESSAGE][PASSED] - Current window maximized

2020-09-07 06:50:35 - [TEST_STEP][PASSED] - navigateToUrl(V2Url): Navigate to 'https://v2dev.traction.tools' successfully

2020-09-07 06:50:37 - [MESSAGE][PASSED] - Navigate to 'https://v2dev.traction.tools' successfully

2020-09-07 06:50:37 - [TEST_STEP][PASSED] - callTestCase(findTestCase("V2/Test Case/Pre-conditions/PRE_LoginToTractionToolsApplication"), ["username":supervisor_email, "password":password], STOP_ON_FAILURE): Call Test Case 'Test Cases/V2/Test Case/Pre-conditions/PRE_LoginToTractionToolsApplication' successfully

2020-09-07 06:50:37 - [TEST_CASE][PASSED] - Test Cases/V2/Test Case/Pre-conditions/PRE_LoginToTractionToolsApplication: Test Cases/V2/Test Case/Pre-conditions/PRE_LoginToTractionToolsApplication

2020-09-07 06:50:37 - [TEST_STEP][PASSED] - setText(findTestObject("V2/Commons/LoginPage/input__username"), username): Text 'tractiontools.user001+ts5r9t8y@gmail.com' is set on object 'Object Repository/V2/Commons/LoginPage/input__username'

2020-09-07 06:50:44 - [MESSAGE][PASSED] - Text 'tractiontools.user001+ts5r9t8y@gmail.com' is set on object 'Object Repository/V2/Commons/LoginPage/input__username'

2020-09-07 06:50:44 - [TEST_STEP][PASSED] - setText(findTestObject("V2/Commons/LoginPage/input__password"), password): Text 'Qwer123!' is set on object 'Object Repository/V2/Commons/LoginPage/input__password'

2020-09-07 06:50:44 - [MESSAGE][PASSED] - Text 'Qwer123!' is set on object 'Object Repository/V2/Commons/LoginPage/input__password'

2020-09-07 06:50:44 - [TEST_STEP][PASSED] - click(findTestObject("V2/Commons/LoginPage/div_Login")): Object: 'Object Repository/V2/Commons/LoginPage/div_Login' is clicked on

2020-09-07 06:50:44 - [MESSAGE][PASSED] - Object: 'Object Repository/V2/Commons/LoginPage/div_Login' is clicked on

2020-09-07 06:50:44 - [TEST_STEP][PASSED] - waitForElementVisible(findTestObject("V2/Commons/DasboardPage_SidebarMenu/img_Home_logo-big"), DefaultTimeout): Object 'Object Repository/V2/Commons/DasboardPage_SidebarMenu/img_Home_logo-big' is visible

2020-09-07 06:50:48 - [MESSAGE][PASSED] - Object 'Object Repository/V2/Commons/DasboardPage_SidebarMenu/img_Home_logo-big' is visible

2020-09-07 06:50:48 - [TEST_STEP][PASSED] - verifyElementVisible(findTestObject("V2/Commons/DasboardPage_SidebarMenu/img_Home_logo-big"), STOP_ON_FAILURE): Object 'Object Repository/V2/Commons/DasboardPage_SidebarMenu/img_Home_logo-big' is visible

2020-09-07 06:50:48 - [MESSAGE][PASSED] - Object 'Object Repository/V2/Commons/DasboardPage_SidebarMenu/img_Home_logo-big' is visible

2020-09-07 06:50:48 - [MESSAGE][PASSED] - Call Test Case 'Test Cases/V2/Test Case/Pre-conditions/PRE_LoginToTractionToolsApplication' successfully

2020-09-07 06:50:48 - [TEST_STEP][PASSED] - driver3 = new org.openqa.selenium.chrome.ChromeDriver(): null

2020-09-07 06:50:52 - [TEST_STEP][PASSED] - changeWebDriver(driver3): null

2020-09-07 06:50:52 - [TEST_STEP][PASSED] - maximizeWindow(): Current window maximized

2020-09-07 06:50:54 - [MESSAGE][PASSED] - Current window maximized

2020-09-07 06:50:54 - [TEST_STEP][PASSED] - navigateToUrl(V2Url): Navigate to 'https://v2dev.traction.tools' successfully

2020-09-07 06:50:55 - [MESSAGE][PASSED] - Navigate to 'https://v2dev.traction.tools' successfully

2020-09-07 06:50:55 - [TEST_STEP][PASSED] - callTestCase(findTestCase("V2/Test Case/Pre-conditions/PRE_LoginToTractionToolsApplication"), ["username":employee_email, "password":password], STOP_ON_FAILURE): Call Test Case 'Test Cases/V2/Test Case/Pre-conditions/PRE_LoginToTractionToolsApplication' successfully

2020-09-07 06:50:55 - [TEST_CASE][PASSED] - Test Cases/V2/Test Case/Pre-conditions/PRE_LoginToTractionToolsApplication: Test Cases/V2/Test Case/Pre-conditions/PRE_LoginToTractionToolsApplication

2020-09-07 06:50:55 - [TEST_STEP][PASSED] - setText(findTestObject("V2/Commons/LoginPage/input__username"), username): Text 'tractiontools.user001+te5t1f90@gmail.com' is set on object 'Object Repository/V2/Commons/LoginPage/input__username'

2020-09-07 06:51:03 - [MESSAGE][PASSED] - Text 'tractiontools.user001+te5t1f90@gmail.com' is set on object 'Object Repository/V2/Commons/LoginPage/input__username'

2020-09-07 06:51:03 - [TEST_STEP][PASSED] - setText(findTestObject("V2/Commons/LoginPage/input__password"), password): Text 'Qwer123!' is set on object 'Object Repository/V2/Commons/LoginPage/input__password'

2020-09-07 06:51:03 - [MESSAGE][PASSED] - Text 'Qwer123!' is set on object 'Object Repository/V2/Commons/LoginPage/input__password'

2020-09-07 06:51:03 - [TEST_STEP][PASSED] - click(findTestObject("V2/Commons/LoginPage/div_Login")): Object: 'Object Repository/V2/Commons/LoginPage/div_Login' is clicked on

2020-09-07 06:51:03 - [MESSAGE][PASSED] - Object: 'Object Repository/V2/Commons/LoginPage/div_Login' is clicked on

2020-09-07 06:51:03 - [TEST_STEP][PASSED] - waitForElementVisible(findTestObject("V2/Commons/DasboardPage_SidebarMenu/img_Home_logo-big"), DefaultTimeout): Object 'Object Repository/V2/Commons/DasboardPage_SidebarMenu/img_Home_logo-big' is visible

2020-09-07 06:51:08 - [MESSAGE][PASSED] - Object 'Object Repository/V2/Commons/DasboardPage_SidebarMenu/img_Home_logo-big' is visible

2020-09-07 06:51:08 - [TEST_STEP][PASSED] - verifyElementVisible(findTestObject("V2/Commons/DasboardPage_SidebarMenu/img_Home_logo-big"), STOP_ON_FAILURE): Object 'Object Repository/V2/Commons/DasboardPage_SidebarMenu/img_Home_logo-big' is visible

2020-09-07 06:51:08 - [MESSAGE][PASSED] - Object 'Object Repository/V2/Commons/DasboardPage_SidebarMenu/img_Home_logo-big' is visible

2020-09-07 06:51:08 - [MESSAGE][PASSED] - Call Test Case 'Test Cases/V2/Test Case/Pre-conditions/PRE_LoginToTractionToolsApplication' successfully

2020-09-07 06:51:08 - [TEST_STEP][PASSED] - changeWebDriver(driver1): null

2020-09-07 06:51:08 - [TEST_STEP][PASSED] - callTestCase(findTestCase("V2/Test Case/Pre-conditions/PRE_CreateL10Meeting"), ["meetingName":meetingName, "meetingAcronym":meetingAcronym, "meetingType":meetingType, "dropdownOptions_obj":"//div[@id='CREATE_MEETING_L10']//span[text()='%s']/parent::div[@role='option']", ... ], STOP_ON_FAILURE): Call Test Case 'Test Cases/V2/Test Case/Pre-conditions/PRE_CreateL10Meeting' successfully

2020-09-07 06:51:08 - [TEST_CASE][PASSED] - Test Cases/V2/Test Case/Pre-conditions/PRE_CreateL10Meeting: Test Cases/V2/Test Case/Pre-conditions/PRE_CreateL10Meeting

2020-09-07 06:51:08 - [TEST_STEP][PASSED] - click(findTestObject("V2/Commons/DasboardPage_SidebarMenu/MeetingsMenu")): Object: 'Object Repository/V2/Commons/DasboardPage_SidebarMenu/MeetingsMenu' is clicked on

2020-09-07 06:51:08 - [MESSAGE][PASSED] - Object: 'Object Repository/V2/Commons/DasboardPage_SidebarMenu/MeetingsMenu' is clicked on

2020-09-07 06:51:08 - [TEST_STEP][PASSED] - click(findTestObject("Object Repository/V2/Commons/MeetingListPage/div_Create a meeting")): Object: 'Object Repository/V2/Commons/MeetingListPage/div_Create a meeting' is clicked on

2020-09-07 06:51:08 - [MESSAGE][PASSED] - Object: 'Object Repository/V2/Commons/MeetingListPage/div_Create a meeting' is clicked on

2020-09-07 06:51:08 - [TEST_STEP][PASSED] - click(findTestObject("Object Repository/V2/Commons/MeetingListPage/button_Level 10")): Object: 'Object Repository/V2/Commons/MeetingListPage/button_Level 10' is clicked on

2020-09-07 06:51:08 - [MESSAGE][PASSED] - Object: 'Object Repository/V2/Commons/MeetingListPage/button_Level 10' is clicked on

2020-09-07 06:51:08 - [TEST_STEP][PASSED] - waitForElementVisible(findTestObject("V2/Commons/CreateL10MeetingDrawer/input__name"), DefaultTimeout): Object 'Object Repository/V2/Commons/CreateL10MeetingDrawer/input__name' is visible

2020-09-07 06:51:09 - [MESSAGE][PASSED] - Object 'Object Repository/V2/Commons/CreateL10MeetingDrawer/input__name' is visible

2020-09-07 06:51:09 - [TEST_STEP][PASSED] - setText(findTestObject("V2/Commons/CreateL10MeetingDrawer/input__name"), meetingName): Text 'Meeting Admin' is set on object 'Object Repository/V2/Commons/CreateL10MeetingDrawer/input__name'

2020-09-07 06:51:09 - [MESSAGE][PASSED] - Text 'Meeting Admin' is set on object 'Object Repository/V2/Commons/CreateL10MeetingDrawer/input__name'

2020-09-07 06:51:09 - [TEST_STEP][PASSED] - setText(findTestObject("V2/Commons/CreateL10MeetingDrawer/input__acronym"), meetingAcronym): Text 'CL10' is set on object 'Object Repository/V2/Commons/CreateL10MeetingDrawer/input__acronym'

2020-09-07 06:51:09 - [MESSAGE][PASSED] - Text 'CL10' is set on object 'Object Repository/V2/Commons/CreateL10MeetingDrawer/input__acronym'

2020-09-07 06:51:09 - [TEST_STEP][PASSED] - click(findTestObject("V2/Commons/CreateL10MeetingDrawer/input__typeOfMeeting")): Object: 'Object Repository/V2/Commons/CreateL10MeetingDrawer/input__typeOfMeeting' is clicked on

2020-09-07 06:51:09 - [MESSAGE][PASSED] - Object: 'Object Repository/V2/Commons/CreateL10MeetingDrawer/input__typeOfMeeting' is clicked on

2020-09-07 06:51:09 - [TEST_STEP][PASSED] - meetingTypeOption_Obj = tt_CustomKeywords.CustomKeywords.CreateDynamicElement(dropdownOptions_obj, meetingType, "xpath"): Successfully created new dynamic object: //div[@id='CREATE_MEETING_L10']//span[text()='Leadership']/parent::div[@role='option']

2020-09-07 06:51:09 - [MESSAGE][PASSED] - Successfully created new dynamic object: //div[@id='CREATE_MEETING_L10']//span[text()='Leadership']/parent::div[@role='option']

2020-09-07 06:51:09 - [TEST_STEP][PASSED] - click(meetingTypeOption_Obj): Object: '' is clicked on

2020-09-07 06:51:10 - [MESSAGE][PASSED] - Object: '' is clicked on

2020-09-07 06:51:10 - [TEST_STEP][PASSED] - click(findTestObject("V2/Commons/CreateL10MeetingDrawer/div_dayOfMeetingDropdownList")): Object: 'Object Repository/V2/Commons/CreateL10MeetingDrawer/div_dayOfMeetingDropdownList' is clicked on

2020-09-07 06:51:10 - [MESSAGE][PASSED] - Object: 'Object Repository/V2/Commons/CreateL10MeetingDrawer/div_dayOfMeetingDropdownList' is clicked on

2020-09-07 06:51:10 - [TEST_STEP][PASSED] - dayOfMeetingOption_Obj = tt_CustomKeywords.CustomKeywords.CreateDynamicElement(dropdownOptions_obj, dayOfMeeting, "xpath"): Successfully created new dynamic object: //div[@id='CREATE_MEETING_L10']//span[text()='Monday']/parent::div[@role='option']

2020-09-07 06:51:10 - [MESSAGE][PASSED] - Successfully created new dynamic object: //div[@id='CREATE_MEETING_L10']//span[text()='Monday']/parent::div[@role='option']

2020-09-07 06:51:10 - [TEST_STEP][PASSED] - click(dayOfMeetingOption_Obj): Object: '' is clicked on

2020-09-07 06:51:10 - [MESSAGE][PASSED] - Object: '' is clicked on

2020-09-07 06:51:10 - [TEST_STEP][PASSED] - click(findTestObject("V2/Commons/CreateL10MeetingDrawer/input_meetingTime")): Object: 'Object Repository/V2/Commons/CreateL10MeetingDrawer/input_meetingTime' is clicked on

2020-09-07 06:51:10 - [MESSAGE][PASSED] - Object: 'Object Repository/V2/Commons/CreateL10MeetingDrawer/input_meetingTime' is clicked on

2020-09-07 06:51:10 - [TEST_STEP][PASSED] - setText(findTestObject("V2/Commons/CreateL10MeetingDrawer/input_meetingTime"), meetingTime): Text '12:00' is set on object 'Object Repository/V2/Commons/CreateL10MeetingDrawer/input_meetingTime'

2020-09-07 06:51:10 - [MESSAGE][PASSED] - Text '12:00' is set on object 'Object Repository/V2/Commons/CreateL10MeetingDrawer/input_meetingTime'

2020-09-07 06:51:10 - [TEST_STEP][PASSED] - sendKeys(findTestObject("V2/Commons/CreateL10MeetingDrawer/input_meetingTime"), Keys.chord(TAB)): Keys 'TAB + ' sent to object: 'Object Repository/V2/Commons/CreateL10MeetingDrawer/input_meetingTime'

2020-09-07 06:51:10 - [MESSAGE][PASSED] - Keys 'TAB + ' sent to object: 'Object Repository/V2/Commons/CreateL10MeetingDrawer/input_meetingTime'

2020-09-07 06:51:10 - [TEST_STEP][PASSED] - click(findTestObject("V2/Commons/CreateL10MeetingDrawer/div_Create Meeting")): Object: 'Object Repository/V2/Commons/CreateL10MeetingDrawer/div_Create Meeting' is clicked on

2020-09-07 06:51:10 - [MESSAGE][PASSED] - Object: 'Object Repository/V2/Commons/CreateL10MeetingDrawer/div_Create Meeting' is clicked on

2020-09-07 06:51:10 - [TEST_STEP][PASSED] - waitForElementVisible(findTestObject("Object Repository/V2/Commons/MeetingListPage/div_Ill do this later"), DefaultTimeout): Object 'Object Repository/V2/Commons/MeetingListPage/div_Ill do this later' is visible

2020-09-07 06:51:43 - [MESSAGE][PASSED] - Object 'Object Repository/V2/Commons/MeetingListPage/div_Ill do this later' is visible

2020-09-07 06:51:43 - [TEST_STEP][PASSED] - verifyElementVisible(findTestObject("Object Repository/V2/Commons/MeetingListPage/div_Ill do this later"), STOP_ON_FAILURE): Object 'Object Repository/V2/Commons/MeetingListPage/div_Ill do this later' is visible

2020-09-07 06:51:43 - [MESSAGE][PASSED] - Object 'Object Repository/V2/Commons/MeetingListPage/div_Ill do this later' is visible

2020-09-07 06:51:43 - [TEST_STEP][PASSED] - click(findTestObject("Object Repository/V2/Commons/MeetingListPage/div_Ill do this later")): Object: 'Object Repository/V2/Commons/MeetingListPage/div_Ill do this later' is clicked on

2020-09-07 06:51:43 - [MESSAGE][PASSED] - Object: 'Object Repository/V2/Commons/MeetingListPage/div_Ill do this later' is clicked on

2020-09-07 06:51:43 - [TEST_STEP][PASSED] - meetingRecordObj = tt_CustomKeywords.CustomKeywords.CreateDynamicElement(meetingRecord_obj, meetingName, "xpath"): Successfully created new dynamic object: //div[@class='detailscontainer__block item']/h4[text()='Meeting Admin']

2020-09-07 06:51:43 - [MESSAGE][PASSED] - Successfully created new dynamic object: //div[@class='detailscontainer__block item']/h4[text()='Meeting Admin']

2020-09-07 06:51:43 - [TEST_STEP][PASSED] - verifyElementPresent(meetingRecordObj, DefaultTimeout): Object '' is present

2020-09-07 06:51:43 - [MESSAGE][PASSED] - Object '' is present

2020-09-07 06:51:43 - [MESSAGE][PASSED] - Call Test Case 'Test Cases/V2/Test Case/Pre-conditions/PRE_CreateL10Meeting' successfully

2020-09-07 06:51:43 - [TEST_STEP][PASSED] - callTestCase(findTestCase("V2/Test Case/Tests/PR-369 - EditMeetingAgenda/Test Cases/Positive/Admin/PR_369_8_EditMeetingCreatePeopleHeadlines_Admin"), ["userName":"jeff+075@mytractiontools.com", "passWord":"Skyline69A*", "meetingRowPosition":"3", "editMeetingMenu_Obj":"//div[@id='root']/div/div[2]/div/div/div/div[2]/div/div[%s]/div[3]/button/i", ... ], STOP_ON_FAILURE): Call Test Case 'Test Cases/V2/Test Case/Tests/PR-369 - EditMeetingAgenda/Test Cases/Positive/Admin/PR_369_8_EditMeetingCreatePeopleHeadlines_Admin' successfully

2020-09-07 06:51:44 - [TEST_CASE][PASSED] - Test Cases/V2/Test Case/Tests/PR-369 - EditMeetingAgenda/Test Cases/Positive/Admin/PR_369_8_EditMeetingCreatePeopleHeadlines_Admin: Test Cases/V2/Test Case/Tests/PR-369 - EditMeetingAgenda/Test Cases/Positive/Admin/PR_369_8_EditMeetingCreatePeopleHeadlines_Admin

2020-09-07 06:51:44 - [TEST_STEP][PASSED] - waitForElementVisible(findTestObject("V2/Commons/DasboardPage_SidebarMenu/MeetingsMenu"), DefaultTimeout): Object 'Object Repository/V2/Commons/DasboardPage_SidebarMenu/MeetingsMenu' is visible

2020-09-07 06:51:44 - [MESSAGE][PASSED] - Object 'Object Repository/V2/Commons/DasboardPage_SidebarMenu/MeetingsMenu' is visible

2020-09-07 06:51:44 - [TEST_STEP][PASSED] - click(findTestObject("V2/Commons/DasboardPage_SidebarMenu/MeetingsMenu")): Object: 'Object Repository/V2/Commons/DasboardPage_SidebarMenu/MeetingsMenu' is clicked on

2020-09-07 06:51:44 - [MESSAGE][PASSED] - Object: 'Object Repository/V2/Commons/DasboardPage_SidebarMenu/MeetingsMenu' is clicked on

2020-09-07 06:51:44 - [TEST_STEP][PASSED] - meetingOpt_Obj = tt_CustomKeywords.CustomKeywords.CreateDynamicElement(meetingOptions_obj, meetingName, "xpath"): Successfully created new dynamic object: //h4[text()='Meeting Admin']/ancestor::div[contains(@class,'ListContainer')]/div[@class='listcontainer__options']/button

2020-09-07 06:51:44 - [MESSAGE][PASSED] - Successfully created new dynamic object: //h4[text()='Meeting Admin']/ancestor::div[contains(@class,'ListContainer')]/div[@class='listcontainer__options']/button

2020-09-07 06:51:44 - [TEST_STEP][PASSED] - waitForElementVisible(meetingOpt_Obj, DefaultTimeout): Object '' is visible

2020-09-07 06:51:44 - [MESSAGE][PASSED] - Object '' is visible

2020-09-07 06:51:44 - [TEST_STEP][PASSED] - click(meetingOpt_Obj): Object: '' is clicked on

2020-09-07 06:51:44 - [MESSAGE][PASSED] - Object: '' is clicked on

2020-09-07 06:51:44 - [TEST_STEP][PASSED] - click(findTestObject("V2/Commons/MeetingListPage/a_Edit meeting")): Object: 'Object Repository/V2/Commons/MeetingListPage/a_Edit meeting' is clicked on

2020-09-07 06:51:44 - [MESSAGE][PASSED] - Object: 'Object Repository/V2/Commons/MeetingListPage/a_Edit meeting' is clicked on

2020-09-07 06:51:44 - [TEST_STEP][PASSED] - waitForElementVisible(findTestObject("V2/PR-369/Edit_Meeting_People_Headlines/People_Headline_Menu"), DefaultTimeout): Object 'Object Repository/V2/PR-369/Edit_Meeting_People_Headlines/People_Headline_Menu' is visible

2020-09-07 06:51:45 - [MESSAGE][PASSED] - Object 'Object Repository/V2/PR-369/Edit_Meeting_People_Headlines/People_Headline_Menu' is visible

2020-09-07 06:51:45 - [TEST_STEP][PASSED] - click(findTestObject("V2/PR-369/Edit_Meeting_People_Headlines/People_Headline_Menu")): Object: 'Object Repository/V2/PR-369/Edit_Meeting_People_Headlines/People_Headline_Menu' is clicked on

2020-09-07 06:51:45 - [MESSAGE][PASSED] - Object: 'Object Repository/V2/PR-369/Edit_Meeting_People_Headlines/People_Headline_Menu' is clicked on

2020-09-07 06:51:45 - [TEST_STEP][PASSED] - click(findTestObject("V2/PR-369/Edit_Meeting_People_Headlines/CreateHeadlineButton")): Object: 'Object Repository/V2/PR-369/Edit_Meeting_People_Headlines/CreateHeadlineButton' is clicked on

2020-09-07 06:51:45 - [MESSAGE][PASSED] - Object: 'Object Repository/V2/PR-369/Edit_Meeting_People_Headlines/CreateHeadlineButton' is clicked on

2020-09-07 06:51:45 - [TEST_STEP][PASSED] - delay(10): Delayed 10 second(s)

2020-09-07 06:51:55 - [MESSAGE][PASSED] - Delayed 10 second(s)

2020-09-07 06:51:55 - [TEST_STEP][PASSED] - setText(findTestObject("V2/PR-369/Edit_Meeting_People_Headlines/People_Headline_TextField"), headlineName): Text 'QA Automation People Headline Test' is set on object 'Object Repository/V2/PR-369/Edit_Meeting_People_Headlines/People_Headline_TextField'

2020-09-07 06:51:55 - [MESSAGE][PASSED] - Text 'QA Automation People Headline Test' is set on object 'Object Repository/V2/PR-369/Edit_Meeting_People_Headlines/People_Headline_TextField'

2020-09-07 06:51:55 - [TEST_STEP][PASSED] - click(findTestObject("V2/PR-369/Edit_Meeting_People_Headlines/People_Headline_Owner_TextField")): Object: 'Object Repository/V2/PR-369/Edit_Meeting_People_Headlines/People_Headline_Owner_TextField' is clicked on

2020-09-07 06:51:56 - [MESSAGE][PASSED] - Object: 'Object Repository/V2/PR-369/Edit_Meeting_People_Headlines/People_Headline_Owner_TextField' is clicked on

2020-09-07 06:51:56 - [TEST_STEP][PASSED] - ownerSelected = tt_CustomKeywords.CustomKeywords.CreateDynamicElement(ownerObj, ownerName, "xpath"): Successfully created new dynamic object: //div[@data-test-id='createPeopleHeadline']//div[@role='listbox'][@class='visible menu transition']/div[@role='option'][contains(@class,'item')]/span[text()='Admin User']

2020-09-07 06:51:56 - [MESSAGE][PASSED] - Successfully created new dynamic object: //div[@data-test-id='createPeopleHeadline']//div[@role='listbox'][@class='visible menu transition']/div[@role='option'][contains(@class,'item')]/span[text()='Admin User']

2020-09-07 06:51:56 - [TEST_STEP][PASSED] - click(ownerSelected): Object: '' is clicked on

2020-09-07 06:51:56 - [MESSAGE][PASSED] - Object: '' is clicked on

2020-09-07 06:51:56 - [TEST_STEP][PASSED] - verifyElementVisible(findTestObject("V2/PR-369/Edit_Meeting_Rocks/Verify_Notes_Section")): Object 'Object Repository/V2/PR-369/Edit_Meeting_Rocks/Verify_Notes_Section' is visible

2020-09-07 06:51:56 - [MESSAGE][PASSED] - Object 'Object Repository/V2/PR-369/Edit_Meeting_Rocks/Verify_Notes_Section' is visible

2020-09-07 06:51:56 - [TEST_STEP][PASSED] - setText(findTestObject("V2/PR-369/Edit_Meeting_Rocks/Notes_Comments"), Notes): Text 'Sample Notes' is set on object 'Object Repository/V2/PR-369/Edit_Meeting_Rocks/Notes_Comments'

2020-09-07 06:51:56 - [MESSAGE][PASSED] - Text 'Sample Notes' is set on object 'Object Repository/V2/PR-369/Edit_Meeting_Rocks/Notes_Comments'

2020-09-07 06:51:56 - [TEST_STEP][PASSED] - click(findTestObject("V2/PR-369/Edit_Meeting_People_Headlines/Save_Button")): Object: 'Object Repository/V2/PR-369/Edit_Meeting_People_Headlines/Save_Button' is clicked on

2020-09-07 06:51:56 - [MESSAGE][PASSED] - Object: 'Object Repository/V2/PR-369/Edit_Meeting_People_Headlines/Save_Button' is clicked on

2020-09-07 06:51:56 - [TEST_STEP][PASSED] - delay(5): Delayed 5 second(s)

2020-09-07 06:52:01 - [MESSAGE][PASSED] - Delayed 5 second(s)

2020-09-07 06:52:01 - [TEST_STEP][PASSED] - VerifyHeadline = tt_CustomKeywords.CustomKeywords.CreateDynamicElement(headlineVerify_Obj, headlineName, "xpath"): Successfully created new dynamic object: //h2[text()='People Headlines']/ancestor::div[contains(@class,'col')]//div[text()='QA Automation People Headline Test']

2020-09-07 06:52:01 - [MESSAGE][PASSED] - Successfully created new dynamic object: //h2[text()='People Headlines']/ancestor::div[contains(@class,'col')]//div[text()='QA Automation People Headline Test']

2020-09-07 06:52:01 - [TEST_STEP][PASSED] - verifyElementPresent(VerifyHeadline, DefaultTimeout): Object '' is present

2020-09-07 06:52:04 - [MESSAGE][PASSED] - Object '' is present

2020-09-07 06:52:04 - [MESSAGE][PASSED] - Call Test Case 'Test Cases/V2/Test Case/Tests/PR-369 - EditMeetingAgenda/Test Cases/Positive/Admin/PR_369_8_EditMeetingCreatePeopleHeadlines_Admin' successfully

2020-09-07 06:52:04 - [TEST_STEP][PASSED] - changeWebDriver(driver2): null

2020-09-07 06:52:04 - [TEST_STEP][PASSED] - callTestCase(findTestCase("V2/Test Case/Pre-conditions/PRE_CreateL10Meeting"), ["meetingName":meetingNameS, "meetingAcronym":meetingAcronym, "meetingType":meetingType, "dropdownOptions_obj":"//div[@id='CREATE_MEETING_L10']//span[text()='%s']/parent::div[@role='option']", ... ], STOP_ON_FAILURE): Call Test Case 'Test Cases/V2/Test Case/Pre-conditions/PRE_CreateL10Meeting' successfully

2020-09-07 06:52:04 - [TEST_CASE][PASSED] - Test Cases/V2/Test Case/Pre-conditions/PRE_CreateL10Meeting: Test Cases/V2/Test Case/Pre-conditions/PRE_CreateL10Meeting

2020-09-07 06:52:04 - [TEST_STEP][PASSED] - click(findTestObject("V2/Commons/DasboardPage_SidebarMenu/MeetingsMenu")): Object: 'Object Repository/V2/Commons/DasboardPage_SidebarMenu/MeetingsMenu' is clicked on

2020-09-07 06:52:04 - [MESSAGE][PASSED] - Object: 'Object Repository/V2/Commons/DasboardPage_SidebarMenu/MeetingsMenu' is clicked on

2020-09-07 06:52:04 - [TEST_STEP][PASSED] - click(findTestObject("Object Repository/V2/Commons/MeetingListPage/div_Create a meeting")): Object: 'Object Repository/V2/Commons/MeetingListPage/div_Create a meeting' is clicked on

2020-09-07 06:52:05 - [MESSAGE][PASSED] - Object: 'Object Repository/V2/Commons/MeetingListPage/div_Create a meeting' is clicked on

2020-09-07 06:52:05 - [TEST_STEP][PASSED] - click(findTestObject("Object Repository/V2/Commons/MeetingListPage/button_Level 10")): Object: 'Object Repository/V2/Commons/MeetingListPage/button_Level 10' is clicked on

2020-09-07 06:52:05 - [MESSAGE][PASSED] - Object: 'Object Repository/V2/Commons/MeetingListPage/button_Level 10' is clicked on

2020-09-07 06:52:05 - [TEST_STEP][PASSED] - waitForElementVisible(findTestObject("V2/Commons/CreateL10MeetingDrawer/input__name"), DefaultTimeout): Object 'Object Repository/V2/Commons/CreateL10MeetingDrawer/input__name' is visible

2020-09-07 06:52:05 - [MESSAGE][PASSED] - Object 'Object Repository/V2/Commons/CreateL10MeetingDrawer/input__name' is visible

2020-09-07 06:52:05 - [TEST_STEP][PASSED] - setText(findTestObject("V2/Commons/CreateL10MeetingDrawer/input__name"), meetingName): Text 'Meeting Supervisor' is set on object 'Object Repository/V2/Commons/CreateL10MeetingDrawer/input__name'

2020-09-07 06:52:06 - [MESSAGE][PASSED] - Text 'Meeting Supervisor' is set on object 'Object Repository/V2/Commons/CreateL10MeetingDrawer/input__name'

2020-09-07 06:52:06 - [TEST_STEP][PASSED] - setText(findTestObject("V2/Commons/CreateL10MeetingDrawer/input__acronym"), meetingAcronym): Text 'CL10' is set on object 'Object Repository/V2/Commons/CreateL10MeetingDrawer/input__acronym'

2020-09-07 06:52:06 - [MESSAGE][PASSED] - Text 'CL10' is set on object 'Object Repository/V2/Commons/CreateL10MeetingDrawer/input__acronym'

2020-09-07 06:52:06 - [TEST_STEP][PASSED] - click(findTestObject("V2/Commons/CreateL10MeetingDrawer/input__typeOfMeeting")): Object: 'Object Repository/V2/Commons/CreateL10MeetingDrawer/input__typeOfMeeting' is clicked on

2020-09-07 06:52:06 - [MESSAGE][PASSED] - Object: 'Object Repository/V2/Commons/CreateL10MeetingDrawer/input__typeOfMeeting' is clicked on

2020-09-07 06:52:06 - [TEST_STEP][PASSED] - meetingTypeOption_Obj = tt_CustomKeywords.CustomKeywords.CreateDynamicElement(dropdownOptions_obj, meetingType, "xpath"): Successfully created new dynamic object: //div[@id='CREATE_MEETING_L10']//span[text()='Leadership']/parent::div[@role='option']

2020-09-07 06:52:06 - [MESSAGE][PASSED] - Successfully created new dynamic object: //div[@id='CREATE_MEETING_L10']//span[text()='Leadership']/parent::div[@role='option']

2020-09-07 06:52:06 - [TEST_STEP][PASSED] - click(meetingTypeOption_Obj): Object: '' is clicked on

2020-09-07 06:52:06 - [MESSAGE][PASSED] - Object: '' is clicked on

2020-09-07 06:52:06 - [TEST_STEP][PASSED] - click(findTestObject("V2/Commons/CreateL10MeetingDrawer/div_dayOfMeetingDropdownList")): Object: 'Object Repository/V2/Commons/CreateL10MeetingDrawer/div_dayOfMeetingDropdownList' is clicked on

2020-09-07 06:52:06 - [MESSAGE][PASSED] - Object: 'Object Repository/V2/Commons/CreateL10MeetingDrawer/div_dayOfMeetingDropdownList' is clicked on

2020-09-07 06:52:06 - [TEST_STEP][PASSED] - dayOfMeetingOption_Obj = tt_CustomKeywords.CustomKeywords.CreateDynamicElement(dropdownOptions_obj, dayOfMeeting, "xpath"): Successfully created new dynamic object: //div[@id='CREATE_MEETING_L10']//span[text()='Monday']/parent::div[@role='option']

2020-09-07 06:52:06 - [MESSAGE][PASSED] - Successfully created new dynamic object: //div[@id='CREATE_MEETING_L10']//span[text()='Monday']/parent::div[@role='option']

2020-09-07 06:52:06 - [TEST_STEP][PASSED] - click(dayOfMeetingOption_Obj): Object: '' is clicked on

2020-09-07 06:52:06 - [MESSAGE][PASSED] - Object: '' is clicked on

2020-09-07 06:52:06 - [TEST_STEP][PASSED] - click(findTestObject("V2/Commons/CreateL10MeetingDrawer/input_meetingTime")): Object: 'Object Repository/V2/Commons/CreateL10MeetingDrawer/input_meetingTime' is clicked on

2020-09-07 06:52:06 - [MESSAGE][PASSED] - Object: 'Object Repository/V2/Commons/CreateL10MeetingDrawer/input_meetingTime' is clicked on

2020-09-07 06:52:06 - [TEST_STEP][PASSED] - setText(findTestObject("V2/Commons/CreateL10MeetingDrawer/input_meetingTime"), meetingTime): Text '12:00' is set on object 'Object Repository/V2/Commons/CreateL10MeetingDrawer/input_meetingTime'

2020-09-07 06:52:06 - [MESSAGE][PASSED] - Text '12:00' is set on object 'Object Repository/V2/Commons/CreateL10MeetingDrawer/input_meetingTime'

2020-09-07 06:52:06 - [TEST_STEP][PASSED] - sendKeys(findTestObject("V2/Commons/CreateL10MeetingDrawer/input_meetingTime"), Keys.chord(TAB)): Keys 'TAB + ' sent to object: 'Object Repository/V2/Commons/CreateL10MeetingDrawer/input_meetingTime'

2020-09-07 06:52:06 - [MESSAGE][PASSED] - Keys 'TAB + ' sent to object: 'Object Repository/V2/Commons/CreateL10MeetingDrawer/input_meetingTime'

2020-09-07 06:52:06 - [TEST_STEP][PASSED] - click(findTestObject("V2/Commons/CreateL10MeetingDrawer/div_Create Meeting")): Object: 'Object Repository/V2/Commons/CreateL10MeetingDrawer/div_Create Meeting' is clicked on

2020-09-07 06:52:06 - [MESSAGE][PASSED] - Object: 'Object Repository/V2/Commons/CreateL10MeetingDrawer/div_Create Meeting' is clicked on

2020-09-07 06:52:06 - [TEST_STEP][PASSED] - waitForElementVisible(findTestObject("Object Repository/V2/Commons/MeetingListPage/div_Ill do this later"), DefaultTimeout): Object 'Object Repository/V2/Commons/MeetingListPage/div_Ill do this later' is visible

2020-09-07 06:52:38 - [MESSAGE][PASSED] - Object 'Object Repository/V2/Commons/MeetingListPage/div_Ill do this later' is visible

2020-09-07 06:52:38 - [TEST_STEP][PASSED] - verifyElementVisible(findTestObject("Object Repository/V2/Commons/MeetingListPage/div_Ill do this later"), STOP_ON_FAILURE): Object 'Object Repository/V2/Commons/MeetingListPage/div_Ill do this later' is visible

2020-09-07 06:52:38 - [MESSAGE][PASSED] - Object 'Object Repository/V2/Commons/MeetingListPage/div_Ill do this later' is visible

2020-09-07 06:52:38 - [TEST_STEP][PASSED] - click(findTestObject("Object Repository/V2/Commons/MeetingListPage/div_Ill do this later")): Object: 'Object Repository/V2/Commons/MeetingListPage/div_Ill do this later' is clicked on

2020-09-07 06:52:38 - [MESSAGE][PASSED] - Object: 'Object Repository/V2/Commons/MeetingListPage/div_Ill do this later' is clicked on

2020-09-07 06:52:38 - [TEST_STEP][PASSED] - meetingRecordObj = tt_CustomKeywords.CustomKeywords.CreateDynamicElement(meetingRecord_obj, meetingName, "xpath"): Successfully created new dynamic object: //div[@class='detailscontainer__block item']/h4[text()='Meeting Supervisor']

2020-09-07 06:52:38 - [MESSAGE][PASSED] - Successfully created new dynamic object: //div[@class='detailscontainer__block item']/h4[text()='Meeting Supervisor']

2020-09-07 06:52:38 - [TEST_STEP][PASSED] - verifyElementPresent(meetingRecordObj, DefaultTimeout): Object '' is present

2020-09-07 06:52:38 - [MESSAGE][PASSED] - Object '' is present

2020-09-07 06:52:38 - [MESSAGE][PASSED] - Call Test Case 'Test Cases/V2/Test Case/Pre-conditions/PRE_CreateL10Meeting' successfully

2020-09-07 06:52:38 - [TEST_STEP][PASSED] - callTestCase(findTestCase("V2/Test Case/Tests/PR-369 - EditMeetingAgenda/Test Cases/Positive/Supervisor/PR_369_8_EditMeetingCreatePeopleHeadlines_Supervisor"), ["userName":"jeff+075@mytractiontools.com", "passWord":"Skyline69A*", "meetingRowPosition":"3", "editMeetingMenu_Obj":"//div[@id='root']/div/div[2]/div/div/div/div[2]/div/div[%s]/div[3]/button/i", ... ], STOP_ON_FAILURE): Call Test Case 'Test Cases/V2/Test Case/Tests/PR-369 - EditMeetingAgenda/Test Cases/Positive/Supervisor/PR_369_8_EditMeetingCreatePeopleHeadlines_Supervisor' successfully

2020-09-07 06:52:38 - [TEST_CASE][PASSED] - Test Cases/V2/Test Case/Tests/PR-369 - EditMeetingAgenda/Test Cases/Positive/Supervisor/PR_369_8_EditMeetingCreatePeopleHeadlines_Supervisor: Test Cases/V2/Test Case/Tests/PR-369 - EditMeetingAgenda/Test Cases/Positive/Supervisor/PR_369_8_EditMeetingCreatePeopleHeadlines_Supervisor

2020-09-07 06:52:38 - [TEST_STEP][PASSED] - waitForElementVisible(findTestObject("V2/Commons/DasboardPage_SidebarMenu/MeetingsMenu"), DefaultTimeout): Object 'Object Repository/V2/Commons/DasboardPage_SidebarMenu/MeetingsMenu' is visible

2020-09-07 06:52:38 - [MESSAGE][PASSED] - Object 'Object Repository/V2/Commons/DasboardPage_SidebarMenu/MeetingsMenu' is visible

2020-09-07 06:52:38 - [TEST_STEP][PASSED] - click(findTestObject("V2/Commons/DasboardPage_SidebarMenu/MeetingsMenu")): Object: 'Object Repository/V2/Commons/DasboardPage_SidebarMenu/MeetingsMenu' is clicked on

2020-09-07 06:52:38 - [MESSAGE][PASSED] - Object: 'Object Repository/V2/Commons/DasboardPage_SidebarMenu/MeetingsMenu' is clicked on

2020-09-07 06:52:38 - [TEST_STEP][PASSED] - meetingOpt_Obj = tt_CustomKeywords.CustomKeywords.CreateDynamicElement(meetingOptions_obj, meetingName, "xpath"): Successfully created new dynamic object: //h4[text()='Meeting Supervisor']/ancestor::div[contains(@class,'ListContainer')]/div[@class='listcontainer__options']/button

2020-09-07 06:52:38 - [MESSAGE][PASSED] - Successfully created new dynamic object: //h4[text()='Meeting Supervisor']/ancestor::div[contains(@class,'ListContainer')]/div[@class='listcontainer__options']/button

2020-09-07 06:52:38 - [TEST_STEP][PASSED] - waitForElementVisible(meetingOpt_Obj, DefaultTimeout): Object '' is visible

2020-09-07 06:52:38 - [MESSAGE][PASSED] - Object '' is visible

2020-09-07 06:52:38 - [TEST_STEP][PASSED] - click(meetingOpt_Obj): Object: '' is clicked on

2020-09-07 06:52:38 - [MESSAGE][PASSED] - Object: '' is clicked on

2020-09-07 06:52:38 - [TEST_STEP][PASSED] - click(findTestObject("V2/Commons/MeetingListPage/a_Edit meeting")): Object: 'Object Repository/V2/Commons/MeetingListPage/a_Edit meeting' is clicked on

2020-09-07 06:52:38 - [MESSAGE][PASSED] - Object: 'Object Repository/V2/Commons/MeetingListPage/a_Edit meeting' is clicked on

2020-09-07 06:52:38 - [TEST_STEP][PASSED] - waitForElementVisible(findTestObject("V2/PR-369/Edit_Meeting_People_Headlines/People_Headline_Menu"), DefaultTimeout): Object 'Object Repository/V2/PR-369/Edit_Meeting_People_Headlines/People_Headline_Menu' is visible

2020-09-07 06:52:39 - [MESSAGE][PASSED] - Object 'Object Repository/V2/PR-369/Edit_Meeting_People_Headlines/People_Headline_Menu' is visible

2020-09-07 06:52:39 - [TEST_STEP][PASSED] - click(findTestObject("V2/PR-369/Edit_Meeting_People_Headlines/People_Headline_Menu")): Object: 'Object Repository/V2/PR-369/Edit_Meeting_People_Headlines/People_Headline_Menu' is clicked on

2020-09-07 06:52:40 - [MESSAGE][PASSED] - Object: 'Object Repository/V2/PR-369/Edit_Meeting_People_Headlines/People_Headline_Menu' is clicked on

2020-09-07 06:52:40 - [TEST_STEP][PASSED] - click(findTestObject("V2/PR-369/Edit_Meeting_People_Headlines/CreateHeadlineButton")): Object: 'Object Repository/V2/PR-369/Edit_Meeting_People_Headlines/CreateHeadlineButton' is clicked on

2020-09-07 06:52:40 - [MESSAGE][PASSED] - Object: 'Object Repository/V2/PR-369/Edit_Meeting_People_Headlines/CreateHeadlineButton' is clicked on

2020-09-07 06:52:40 - [TEST_STEP][PASSED] - delay(10): Delayed 10 second(s)

2020-09-07 06:52:50 - [MESSAGE][PASSED] - Delayed 10 second(s)

2020-09-07 06:52:50 - [TEST_STEP][PASSED] - setText(findTestObject("V2/PR-369/Edit_Meeting_People_Headlines/People_Headline_TextField"), headlineName): Text 'QA Automation People Headline Test' is set on object 'Object Repository/V2/PR-369/Edit_Meeting_People_Headlines/People_Headline_TextField'

2020-09-07 06:52:50 - [MESSAGE][PASSED] - Text 'QA Automation People Headline Test' is set on object 'Object Repository/V2/PR-369/Edit_Meeting_People_Headlines/People_Headline_TextField'

2020-09-07 06:52:50 - [TEST_STEP][PASSED] - click(findTestObject("V2/PR-369/Edit_Meeting_People_Headlines/People_Headline_Owner_TextField")): Object: 'Object Repository/V2/PR-369/Edit_Meeting_People_Headlines/People_Headline_Owner_TextField' is clicked on

2020-09-07 06:52:50 - [MESSAGE][PASSED] - Object: 'Object Repository/V2/PR-369/Edit_Meeting_People_Headlines/People_Headline_Owner_TextField' is clicked on

2020-09-07 06:52:50 - [TEST_STEP][PASSED] - ownerSelected = tt_CustomKeywords.CustomKeywords.CreateDynamicElement(ownerObj, ownerName, "xpath"): Successfully created new dynamic object: //div[@data-test-id='createPeopleHeadline']//div[@role='listbox'][@class='visible menu transition']/div[@role='option'][contains(@class,'item')]/span[text()='Supervisor User']

2020-09-07 06:52:50 - [MESSAGE][PASSED] - Successfully created new dynamic object: //div[@data-test-id='createPeopleHeadline']//div[@role='listbox'][@class='visible menu transition']/div[@role='option'][contains(@class,'item')]/span[text()='Supervisor User']

2020-09-07 06:52:50 - [TEST_STEP][PASSED] - click(ownerSelected): Object: '' is clicked on

2020-09-07 06:52:50 - [MESSAGE][PASSED] - Object: '' is clicked on

2020-09-07 06:52:50 - [TEST_STEP][PASSED] - verifyElementVisible(findTestObject("V2/PR-369/Edit_Meeting_Rocks/Verify_Notes_Section")): Object 'Object Repository/V2/PR-369/Edit_Meeting_Rocks/Verify_Notes_Section' is visible

2020-09-07 06:52:50 - [MESSAGE][PASSED] - Object 'Object Repository/V2/PR-369/Edit_Meeting_Rocks/Verify_Notes_Section' is visible

2020-09-07 06:52:50 - [TEST_STEP][PASSED] - setText(findTestObject("V2/PR-369/Edit_Meeting_Rocks/Notes_Comments"), Notes): Text 'Sample Notes' is set on object 'Object Repository/V2/PR-369/Edit_Meeting_Rocks/Notes_Comments'

2020-09-07 06:52:50 - [MESSAGE][PASSED] - Text 'Sample Notes' is set on object 'Object Repository/V2/PR-369/Edit_Meeting_Rocks/Notes_Comments'

2020-09-07 06:52:50 - [TEST_STEP][PASSED] - click(findTestObject("V2/PR-369/Edit_Meeting_People_Headlines/Save_Button")): Object: 'Object Repository/V2/PR-369/Edit_Meeting_People_Headlines/Save_Button' is clicked on

2020-09-07 06:52:50 - [MESSAGE][PASSED] - Object: 'Object Repository/V2/PR-369/Edit_Meeting_People_Headlines/Save_Button' is clicked on

2020-09-07 06:52:50 - [TEST_STEP][PASSED] - delay(5): Delayed 5 second(s)

2020-09-07 06:52:55 - [MESSAGE][PASSED] - Delayed 5 second(s)

2020-09-07 06:52:55 - [TEST_STEP][PASSED] - VerifyHeadline = tt_CustomKeywords.CustomKeywords.CreateDynamicElement(headlineVerify_Obj, headlineName, "xpath"): Successfully created new dynamic object: //h2[text()='People Headlines']/ancestor::div[contains(@class,'col')]//div[text()='QA Automation People Headline Test']

2020-09-07 06:52:55 - [MESSAGE][PASSED] - Successfully created new dynamic object: //h2[text()='People Headlines']/ancestor::div[contains(@class,'col')]//div[text()='QA Automation People Headline Test']

2020-09-07 06:52:55 - [TEST_STEP][PASSED] - verifyElementPresent(VerifyHeadline, DefaultTimeout): Object '' is present

2020-09-07 06:52:58 - [MESSAGE][PASSED] - Object '' is present

2020-09-07 06:52:58 - [MESSAGE][PASSED] - Call Test Case 'Test Cases/V2/Test Case/Tests/PR-369 - EditMeetingAgenda/Test Cases/Positive/Supervisor/PR_369_8_EditMeetingCreatePeopleHeadlines_Supervisor' successfully

2020-09-07 06:52:58 - [TEST_STEP][PASSED] - changeWebDriver(driver3): null

2020-09-07 06:52:58 - [TEST_STEP][PASSED] - callTestCase(findTestCase("V2/Test Case/Pre-conditions/PRE_CreateL10Meeting"), ["meetingName":meetingNameE, "meetingAcronym":meetingAcronym, "meetingType":meetingType, "dropdownOptions_obj":"//div[@id='CREATE_MEETING_L10']//span[text()='%s']/parent::div[@role='option']", ... ], STOP_ON_FAILURE): Call Test Case 'Test Cases/V2/Test Case/Pre-conditions/PRE_CreateL10Meeting' successfully

2020-09-07 06:52:58 - [TEST_CASE][PASSED] - Test Cases/V2/Test Case/Pre-conditions/PRE_CreateL10Meeting: Test Cases/V2/Test Case/Pre-conditions/PRE_CreateL10Meeting

2020-09-07 06:52:58 - [TEST_STEP][PASSED] - click(findTestObject("V2/Commons/DasboardPage_SidebarMenu/MeetingsMenu")): Object: 'Object Repository/V2/Commons/DasboardPage_SidebarMenu/MeetingsMenu' is clicked on

2020-09-07 06:52:58 - [MESSAGE][PASSED] - Object: 'Object Repository/V2/Commons/DasboardPage_SidebarMenu/MeetingsMenu' is clicked on

2020-09-07 06:52:58 - [TEST_STEP][PASSED] - click(findTestObject("Object Repository/V2/Commons/MeetingListPage/div_Create a meeting")): Object: 'Object Repository/V2/Commons/MeetingListPage/div_Create a meeting' is clicked on

2020-09-07 06:52:58 - [MESSAGE][PASSED] - Object: 'Object Repository/V2/Commons/MeetingListPage/div_Create a meeting' is clicked on

2020-09-07 06:52:58 - [TEST_STEP][PASSED] - click(findTestObject("Object Repository/V2/Commons/MeetingListPage/button_Level 10")): Object: 'Object Repository/V2/Commons/MeetingListPage/button_Level 10' is clicked on

2020-09-07 06:52:59 - [MESSAGE][PASSED] - Object: 'Object Repository/V2/Commons/MeetingListPage/button_Level 10' is clicked on

2020-09-07 06:52:59 - [TEST_STEP][PASSED] - waitForElementVisible(findTestObject("V2/Commons/CreateL10MeetingDrawer/input__name"), DefaultTimeout): Object 'Object Repository/V2/Commons/CreateL10MeetingDrawer/input__name' is visible

2020-09-07 06:52:59 - [MESSAGE][PASSED] - Object 'Object Repository/V2/Commons/CreateL10MeetingDrawer/input__name' is visible

2020-09-07 06:52:59 - [TEST_STEP][PASSED] - setText(findTestObject("V2/Commons/CreateL10MeetingDrawer/input__name"), meetingName): Text 'Meeting Employee' is set on object 'Object Repository/V2/Commons/CreateL10MeetingDrawer/input__name'

2020-09-07 06:52:59 - [MESSAGE][PASSED] - Text 'Meeting Employee' is set on object 'Object Repository/V2/Commons/CreateL10MeetingDrawer/input__name'

2020-09-07 06:52:59 - [TEST_STEP][PASSED] - setText(findTestObject("V2/Commons/CreateL10MeetingDrawer/input__acronym"), meetingAcronym): Text 'CL10' is set on object 'Object Repository/V2/Commons/CreateL10MeetingDrawer/input__acronym'

2020-09-07 06:52:59 - [MESSAGE][PASSED] - Text 'CL10' is set on object 'Object Repository/V2/Commons/CreateL10MeetingDrawer/input__acronym'

2020-09-07 06:52:59 - [TEST_STEP][PASSED] - click(findTestObject("V2/Commons/CreateL10MeetingDrawer/input__typeOfMeeting")): Object: 'Object Repository/V2/Commons/CreateL10MeetingDrawer/input__typeOfMeeting' is clicked on

2020-09-07 06:52:59 - [MESSAGE][PASSED] - Object: 'Object Repository/V2/Commons/CreateL10MeetingDrawer/input__typeOfMeeting' is clicked on

2020-09-07 06:52:59 - [TEST_STEP][PASSED] - meetingTypeOption_Obj = tt_CustomKeywords.CustomKeywords.CreateDynamicElement(dropdownOptions_obj, meetingType, "xpath"): Successfully created new dynamic object: //div[@id='CREATE_MEETING_L10']//span[text()='Leadership']/parent::div[@role='option']

2020-09-07 06:52:59 - [MESSAGE][PASSED] - Successfully created new dynamic object: //div[@id='CREATE_MEETING_L10']//span[text()='Leadership']/parent::div[@role='option']

2020-09-07 06:52:59 - [TEST_STEP][PASSED] - click(meetingTypeOption_Obj): Object: '' is clicked on

2020-09-07 06:52:59 - [MESSAGE][PASSED] - Object: '' is clicked on

2020-09-07 06:52:59 - [TEST_STEP][PASSED] - click(findTestObject("V2/Commons/CreateL10MeetingDrawer/div_dayOfMeetingDropdownList")): Object: 'Object Repository/V2/Commons/CreateL10MeetingDrawer/div_dayOfMeetingDropdownList' is clicked on

2020-09-07 06:52:59 - [MESSAGE][PASSED] - Object: 'Object Repository/V2/Commons/CreateL10MeetingDrawer/div_dayOfMeetingDropdownList' is clicked on

2020-09-07 06:52:59 - [TEST_STEP][PASSED] - dayOfMeetingOption_Obj = tt_CustomKeywords.CustomKeywords.CreateDynamicElement(dropdownOptions_obj, dayOfMeeting, "xpath"): Successfully created new dynamic object: //div[@id='CREATE_MEETING_L10']//span[text()='Monday']/parent::div[@role='option']

2020-09-07 06:52:59 - [MESSAGE][PASSED] - Successfully created new dynamic object: //div[@id='CREATE_MEETING_L10']//span[text()='Monday']/parent::div[@role='option']

2020-09-07 06:52:59 - [TEST_STEP][PASSED] - click(dayOfMeetingOption_Obj): Object: '' is clicked on

2020-09-07 06:52:59 - [MESSAGE][PASSED] - Object: '' is clicked on

2020-09-07 06:52:59 - [TEST_STEP][PASSED] - click(findTestObject("V2/Commons/CreateL10MeetingDrawer/input_meetingTime")): Object: 'Object Repository/V2/Commons/CreateL10MeetingDrawer/input_meetingTime' is clicked on

2020-09-07 06:52:59 - [MESSAGE][PASSED] - Object: 'Object Repository/V2/Commons/CreateL10MeetingDrawer/input_meetingTime' is clicked on

2020-09-07 06:52:59 - [TEST_STEP][PASSED] - setText(findTestObject("V2/Commons/CreateL10MeetingDrawer/input_meetingTime"), meetingTime): Text '12:00' is set on object 'Object Repository/V2/Commons/CreateL10MeetingDrawer/input_meetingTime'

2020-09-07 06:53:00 - [MESSAGE][PASSED] - Text '12:00' is set on object 'Object Repository/V2/Commons/CreateL10MeetingDrawer/input_meetingTime'

2020-09-07 06:53:00 - [TEST_STEP][PASSED] - sendKeys(findTestObject("V2/Commons/CreateL10MeetingDrawer/input_meetingTime"), Keys.chord(TAB)): Keys 'TAB + ' sent to object: 'Object Repository/V2/Commons/CreateL10MeetingDrawer/input_meetingTime'

2020-09-07 06:53:00 - [MESSAGE][PASSED] - Keys 'TAB + ' sent to object: 'Object Repository/V2/Commons/CreateL10MeetingDrawer/input_meetingTime'

2020-09-07 06:53:00 - [TEST_STEP][PASSED] - click(findTestObject("V2/Commons/CreateL10MeetingDrawer/div_Create Meeting")): Object: 'Object Repository/V2/Commons/CreateL10MeetingDrawer/div_Create Meeting' is clicked on

2020-09-07 06:53:00 - [MESSAGE][PASSED] - Object: 'Object Repository/V2/Commons/CreateL10MeetingDrawer/div_Create Meeting' is clicked on

2020-09-07 06:53:00 - [TEST_STEP][PASSED] - waitForElementVisible(findTestObject("Object Repository/V2/Commons/MeetingListPage/div_Ill do this later"), DefaultTimeout): Object 'Object Repository/V2/Commons/MeetingListPage/div_Ill do this later' is visible

2020-09-07 06:53:31 - [MESSAGE][PASSED] - Object 'Object Repository/V2/Commons/MeetingListPage/div_Ill do this later' is visible

2020-09-07 06:53:31 - [TEST_STEP][PASSED] - verifyElementVisible(findTestObject("Object Repository/V2/Commons/MeetingListPage/div_Ill do this later"), STOP_ON_FAILURE): Object 'Object Repository/V2/Commons/MeetingListPage/div_Ill do this later' is visible

2020-09-07 06:53:31 - [MESSAGE][PASSED] - Object 'Object Repository/V2/Commons/MeetingListPage/div_Ill do this later' is visible

2020-09-07 06:53:31 - [TEST_STEP][PASSED] - click(findTestObject("Object Repository/V2/Commons/MeetingListPage/div_Ill do this later")): Object: 'Object Repository/V2/Commons/MeetingListPage/div_Ill do this later' is clicked on

2020-09-07 06:53:31 - [MESSAGE][PASSED] - Object: 'Object Repository/V2/Commons/MeetingListPage/div_Ill do this later' is clicked on

2020-09-07 06:53:31 - [TEST_STEP][PASSED] - meetingRecordObj = tt_CustomKeywords.CustomKeywords.CreateDynamicElement(meetingRecord_obj, meetingName, "xpath"): Successfully created new dynamic object: //div[@class='detailscontainer__block item']/h4[text()='Meeting Employee']

2020-09-07 06:53:31 - [MESSAGE][PASSED] - Successfully created new dynamic object: //div[@class='detailscontainer__block item']/h4[text()='Meeting Employee']

2020-09-07 06:53:31 - [TEST_STEP][PASSED] - verifyElementPresent(meetingRecordObj, DefaultTimeout): Object '' is present

2020-09-07 06:53:31 - [MESSAGE][PASSED] - Object '' is present

2020-09-07 06:53:31 - [MESSAGE][PASSED] - Call Test Case 'Test Cases/V2/Test Case/Pre-conditions/PRE_CreateL10Meeting' successfully

2020-09-07 06:53:31 - [TEST_STEP][PASSED] - callTestCase(findTestCase("V2/Test Case/Tests/PR-369 - EditMeetingAgenda/Test Cases/Positive/Employee/PR_369_8_EditMeetingCreatePeopleHeadlines_Employee"), ["userName":"jeff+075@mytractiontools.com", "passWord":"Skyline69A*", "meetingRowPosition":"3", "editMeetingMenu_Obj":"//div[@id='root']/div/div[2]/div/div/div/div[2]/div/div[%s]/div[3]/button/i", ... ], STOP_ON_FAILURE): Call Test Case 'Test Cases/V2/Test Case/Tests/PR-369 - EditMeetingAgenda/Test Cases/Positive/Employee/PR_369_8_EditMeetingCreatePeopleHeadlines_Employee' successfully

2020-09-07 06:53:31 - [TEST_CASE][PASSED] - Test Cases/V2/Test Case/Tests/PR-369 - EditMeetingAgenda/Test Cases/Positive/Employee/PR_369_8_EditMeetingCreatePeopleHeadlines_Employee: Test Cases/V2/Test Case/Tests/PR-369 - EditMeetingAgenda/Test Cases/Positive/Employee/PR_369_8_EditMeetingCreatePeopleHeadlines_Employee

2020-09-07 06:53:31 - [TEST_STEP][PASSED] - waitForElementVisible(findTestObject("V2/Commons/DasboardPage_SidebarMenu/MeetingsMenu"), DefaultTimeout): Object 'Object Repository/V2/Commons/DasboardPage_SidebarMenu/MeetingsMenu' is visible

2020-09-07 06:53:31 - [MESSAGE][PASSED] - Object 'Object Repository/V2/Commons/DasboardPage_SidebarMenu/MeetingsMenu' is visible

2020-09-07 06:53:31 - [TEST_STEP][PASSED] - click(findTestObject("V2/Commons/DasboardPage_SidebarMenu/MeetingsMenu")): Object: 'Object Repository/V2/Commons/DasboardPage_SidebarMenu/MeetingsMenu' is clicked on

2020-09-07 06:53:32 - [MESSAGE][PASSED] - Object: 'Object Repository/V2/Commons/DasboardPage_SidebarMenu/MeetingsMenu' is clicked on

2020-09-07 06:53:32 - [TEST_STEP][PASSED] - meetingOpt_Obj = tt_CustomKeywords.CustomKeywords.CreateDynamicElement(meetingOptions_obj, meetingName, "xpath"): Successfully created new dynamic object: //h4[text()='Meeting Employee']/ancestor::div[contains(@class,'ListContainer')]/div[@class='listcontainer__options']/button

2020-09-07 06:53:32 - [MESSAGE][PASSED] - Successfully created new dynamic object: //h4[text()='Meeting Employee']/ancestor::div[contains(@class,'ListContainer')]/div[@class='listcontainer__options']/button

2020-09-07 06:53:32 - [TEST_STEP][PASSED] - waitForElementVisible(meetingOpt_Obj, DefaultTimeout): Object '' is visible

2020-09-07 06:53:32 - [MESSAGE][PASSED] - Object '' is visible

2020-09-07 06:53:32 - [TEST_STEP][PASSED] - click(meetingOpt_Obj): Object: '' is clicked on

2020-09-07 06:53:32 - [MESSAGE][PASSED] - Object: '' is clicked on

2020-09-07 06:53:32 - [TEST_STEP][PASSED] - click(findTestObject("V2/Commons/MeetingListPage/a_Edit meeting")): Object: 'Object Repository/V2/Commons/MeetingListPage/a_Edit meeting' is clicked on

2020-09-07 06:53:32 - [MESSAGE][PASSED] - Object: 'Object Repository/V2/Commons/MeetingListPage/a_Edit meeting' is clicked on

2020-09-07 06:53:32 - [TEST_STEP][PASSED] - waitForElementVisible(findTestObject("V2/PR-369/Edit_Meeting_People_Headlines/People_Headline_Menu"), DefaultTimeout): Object 'Object Repository/V2/PR-369/Edit_Meeting_People_Headlines/People_Headline_Menu' is visible

2020-09-07 06:53:33 - [MESSAGE][PASSED] - Object 'Object Repository/V2/PR-369/Edit_Meeting_People_Headlines/People_Headline_Menu' is visible

2020-09-07 06:53:33 - [TEST_STEP][PASSED] - click(findTestObject("V2/PR-369/Edit_Meeting_People_Headlines/People_Headline_Menu")): Object: 'Object Repository/V2/PR-369/Edit_Meeting_People_Headlines/People_Headline_Menu' is clicked on

2020-09-07 06:53:33 - [MESSAGE][PASSED] - Object: 'Object Repository/V2/PR-369/Edit_Meeting_People_Headlines/People_Headline_Menu' is clicked on

2020-09-07 06:53:33 - [TEST_STEP][PASSED] - click(findTestObject("V2/PR-369/Edit_Meeting_People_Headlines/CreateHeadlineButton")): Object: 'Object Repository/V2/PR-369/Edit_Meeting_People_Headlines/CreateHeadlineButton' is clicked on

2020-09-07 06:53:33 - [MESSAGE][PASSED] - Object: 'Object Repository/V2/PR-369/Edit_Meeting_People_Headlines/CreateHeadlineButton' is clicked on

2020-09-07 06:53:33 - [TEST_STEP][PASSED] - delay(10): Delayed 10 second(s)

2020-09-07 06:53:43 - [MESSAGE][PASSED] - Delayed 10 second(s)

2020-09-07 06:53:43 - [TEST_STEP][PASSED] - setText(findTestObject("V2/PR-369/Edit_Meeting_People_Headlines/People_Headline_TextField"), headlineName): Text 'QA Automation People Headline Test' is set on object 'Object Repository/V2/PR-369/Edit_Meeting_People_Headlines/People_Headline_TextField'

2020-09-07 06:53:43 - [MESSAGE][PASSED] - Text 'QA Automation People Headline Test' is set on object 'Object Repository/V2/PR-369/Edit_Meeting_People_Headlines/People_Headline_TextField'

2020-09-07 06:53:43 - [TEST_STEP][PASSED] - click(findTestObject("V2/PR-369/Edit_Meeting_People_Headlines/People_Headline_Owner_TextField")): Object: 'Object Repository/V2/PR-369/Edit_Meeting_People_Headlines/People_Headline_Owner_TextField' is clicked on

2020-09-07 06:53:43 - [MESSAGE][PASSED] - Object: 'Object Repository/V2/PR-369/Edit_Meeting_People_Headlines/People_Headline_Owner_TextField' is clicked on

2020-09-07 06:53:43 - [TEST_STEP][PASSED] - ownerSelected = tt_CustomKeywords.CustomKeywords.CreateDynamicElement(ownerObj, ownerName, "xpath"): Successfully created new dynamic object: //div[@data-test-id='createPeopleHeadline']//div[@role='listbox'][@class='visible menu transition']/div[@role='option'][contains(@class,'item')]/span[text()='Employee User']

2020-09-07 06:53:43 - [MESSAGE][PASSED] - Successfully created new dynamic object: //div[@data-test-id='createPeopleHeadline']//div[@role='listbox'][@class='visible menu transition']/div[@role='option'][contains(@class,'item')]/span[text()='Employee User']

2020-09-07 06:53:43 - [TEST_STEP][PASSED] - click(ownerSelected): Object: '' is clicked on

2020-09-07 06:53:43 - [MESSAGE][PASSED] - Object: '' is clicked on

2020-09-07 06:53:43 - [TEST_STEP][PASSED] - verifyElementVisible(findTestObject("V2/PR-369/Edit_Meeting_Rocks/Verify_Notes_Section")): Object 'Object Repository/V2/PR-369/Edit_Meeting_Rocks/Verify_Notes_Section' is visible

2020-09-07 06:53:43 - [MESSAGE][PASSED] - Object 'Object Repository/V2/PR-369/Edit_Meeting_Rocks/Verify_Notes_Section' is visible

2020-09-07 06:53:43 - [TEST_STEP][PASSED] - setText(findTestObject("V2/PR-369/Edit_Meeting_Rocks/Notes_Comments"), Notes): Text 'Sample Notes' is set on object 'Object Repository/V2/PR-369/Edit_Meeting_Rocks/Notes_Comments'

2020-09-07 06:53:44 - [MESSAGE][PASSED] - Text 'Sample Notes' is set on object 'Object Repository/V2/PR-369/Edit_Meeting_Rocks/Notes_Comments'

2020-09-07 06:53:44 - [TEST_STEP][PASSED] - click(findTestObject("V2/PR-369/Edit_Meeting_People_Headlines/Save_Button")): Object: 'Object Repository/V2/PR-369/Edit_Meeting_People_Headlines/Save_Button' is clicked on

2020-09-07 06:53:44 - [MESSAGE][PASSED] - Object: 'Object Repository/V2/PR-369/Edit_Meeting_People_Headlines/Save_Button' is clicked on

2020-09-07 06:53:44 - [TEST_STEP][PASSED] - delay(5): Delayed 5 second(s)

2020-09-07 06:53:49 - [MESSAGE][PASSED] - Delayed 5 second(s)

2020-09-07 06:53:49 - [TEST_STEP][PASSED] - VerifyHeadline = tt_CustomKeywords.CustomKeywords.CreateDynamicElement(headlineVerify_Obj, headlineName, "xpath"): Successfully created new dynamic object: //h2[text()='People Headlines']/ancestor::div[contains(@class,'col')]//div[text()='QA Automation People Headline Test']

2020-09-07 06:53:49 - [MESSAGE][PASSED] - Successfully created new dynamic object: //h2[text()='People Headlines']/ancestor::div[contains(@class,'col')]//div[text()='QA Automation People Headline Test']

2020-09-07 06:53:49 - [TEST_STEP][PASSED] - verifyElementPresent(VerifyHeadline, DefaultTimeout): Object '' is present

2020-09-07 06:53:51 - [MESSAGE][PASSED] - Object '' is present

2020-09-07 06:53:51 - [MESSAGE][PASSED] - Call Test Case 'Test Cases/V2/Test Case/Tests/PR-369 - EditMeetingAgenda/Test Cases/Positive/Employee/PR_369_8_EditMeetingCreatePeopleHeadlines_Employee' successfully

2020-09-07 06:53:51 - [TEST_STEP][PASSED] - tt_CustomKeywords.CustomKeywords.CloseWebDriver(driver3): tt_CustomKeywords.CustomKeywords.CloseWebDriver is PASSED

2020-09-07 06:53:56 - [MESSAGE][PASSED] - tt_CustomKeywords.CustomKeywords.CloseWebDriver is PASSED

2020-09-07 06:53:56 - [TEST_STEP][PASSED] - tt_CustomKeywords.CustomKeywords.CloseWebDriver(driver2): tt_CustomKeywords.CustomKeywords.CloseWebDriver is PASSED

2020-09-07 06:54:01 - [MESSAGE][PASSED] - tt_CustomKeywords.CustomKeywords.CloseWebDriver is PASSED

2020-09-07 06:54:01 - [TEST_STEP][PASSED] - tt_CustomKeywords.CustomKeywords.CloseWebDriver(driver1): tt_CustomKeywords.CustomKeywords.CloseWebDriver is PASSED

2020-09-07 06:54:06 - [MESSAGE][PASSED] - tt_CustomKeywords.CustomKeywords.CloseWebDriver is PASSED]]></system-out>
         <system-err><![CDATA[]]></system-err>
      </testcase>
      <system-out><![CDATA[2020-09-07 06:48:02 - [TEST_SUITE][PASSED] - PR-369_TestSuite: Test Cases/V2/Test Case/Tests/PR-369 - EditMeetingAgenda/Test Cases/Positive/TT_369_3_CreatePeopleHeadline_AllTestCase]]></system-out>
      <system-err><![CDATA[]]></system-err>
   </testsuite>
</testsuites>
