<?xml version="1.0" encoding="UTF-8"?>
<testsuites name="TT-238_TestSuite" time="227.508" tests="1" failures="0" errors="0">
   <testsuite name="TT-238_TestSuite" tests="1" failures="0" errors="0" time="227.508" timestamp="2020-09-29 04:38:56" hostname="Aaron-PC - host.docker.internal" id="Test Suites/V2/Tests/TT-238 - VTO/Positive/TT-238_TestSuite">
      <properties>
         <property name="deviceName" value=""/>
         <property name="devicePlatform" value=""/>
         <property name="logFolder" value="C:\\Users\\Aaron-PC\\git\\TractionTools\\Reports\\20200929_043855\\V2\\Tests\\TT-238 - VTO\\Positive\\TT-238_TestSuite\\20200929_043855"/>
         <property name="logFiles" value="C:\\Users\\Aaron-PC\\git\\TractionTools\\Reports\\20200929_043855\\V2\\Tests\\TT-238 - VTO\\Positive\\TT-238_TestSuite\\20200929_043855\\execution0.log"/>
         <property name="attachments" value=""/>
         <property name="hostName" value="Aaron-PC - host.docker.internal"/>
         <property name="os" value="Windows 10 64bit"/>
         <property name="katalonVersion" value="7.6.6.205"/>
         <property name="browser" value="Chrome 85.0.4183.121"/>
         <property name="hostAddress" value="192.168.1.48"/>
         <property name="sessionId" value="a8467e11bc390a3e4db908fb1db753e4"/>
         <property name="seleniumVersion" value="3.141.59"/>
         <property name="proxyInformation" value="ProxyInformation { proxyOption=NO_PROXY, proxyServerType=HTTP, username=, password=********, proxyServerAddress=, proxyServerPort=0, executionList=&quot;&quot;, isApplyToDesiredCapabilities=true }"/>
         <property name="platform" value="Windows 10"/>
      </properties>
      <testcase name="Test Cases/V2/Test Case/Tests/TT-238 - VTO/Test Cases/Positive/TT_369_2_EditCoreValues_AllTestCase" time="226.928" classname="Test Cases/V2/Test Case/Tests/TT-238 - VTO/Test Cases/Positive/TT_369_2_EditCoreValues_AllTestCase" status="PASSED">
         <system-out><![CDATA[2020-09-29 04:38:57 - [TEST_CASE][PASSED] - Test Cases/V2/Test Case/Tests/TT-238 - VTO/Test Cases/Positive/TT_369_2_EditCoreValues_AllTestCase: Test Cases/V2/Test Case/Tests/TT-238 - VTO/Test Cases/Positive/TT_369_2_EditCoreValues_AllTestCase

2020-09-29 04:38:57 - [TEST_STEP][PASSED] - callTestCase(findTestCase("V2/Test Case/Pre-conditions/PRE_RegisterAndActivateTTUsers"), ["admin_fname":admin_fname, "lastname":lastname, "phonenumber":"9999999999", "company":"Traction Tools", "password":password, ... ], STOP_ON_FAILURE): Call Test Case 'Test Cases/V2/Test Case/Pre-conditions/PRE_RegisterAndActivateTTUsers' successfully

2020-09-29 04:38:57 - [TEST_CASE][PASSED] - Test Cases/V2/Test Case/Pre-conditions/PRE_RegisterAndActivateTTUsers: Test Cases/V2/Test Case/Pre-conditions/PRE_RegisterAndActivateTTUsers

2020-09-29 04:38:57 - [TEST_STEP][PASSED] - email = tt_CustomKeywords.CustomKeywords.GenerateRandomEmailAddress(admin_email_prefix, admin_email_domain, randomTextLength): Successfully generated a random email: tractiontools.user001+ta5bgh5z@gmail.com

2020-09-29 04:38:57 - [MESSAGE][PASSED] - Successfully generated a random email: tractiontools.user001+ta5bgh5z@gmail.com

2020-09-29 04:38:57 - [TEST_STEP][PASSED] - supervisor_email = tt_CustomKeywords.CustomKeywords.GenerateRandomEmailAddress(supervisor_email_prefix, supervisor_email_domain, randomTextLength): Successfully generated a random email: tractiontools.user001+ts5ajcnx@gmail.com

2020-09-29 04:38:57 - [MESSAGE][PASSED] - Successfully generated a random email: tractiontools.user001+ts5ajcnx@gmail.com

2020-09-29 04:38:57 - [TEST_STEP][PASSED] - employee_email = tt_CustomKeywords.CustomKeywords.GenerateRandomEmailAddress(employee_email_prefix, employee_email_domain, randomTextLength): Successfully generated a random email: tractiontools.user001+te5gcnuz@gmail.com

2020-09-29 04:38:57 - [MESSAGE][PASSED] - Successfully generated a random email: tractiontools.user001+te5gcnuz@gmail.com

2020-09-29 04:38:57 - [TEST_STEP][PASSED] - adminDetails = tt_CustomKeywords.CustomKeywords.RegisterUserViaAPIAndGenerateActivateURL(email, admin_fname, lastname, phonenumber, company, "__JSON__{\"howDidYouHearAboutUs\":\"Facebook\",\"implementer\":\"\",\"existingTractionToolsClient\":\"\",\"other\":\"\"}", "__JSON__{\"timeZone\":\"America/Guatemala\",\"brandColor\":\"#023047\",\"q1Start\":null,\"q1End\":null,\"q2Start\":null,\"q2End\":null,\"q3Start\":null,\"q3End\":null,\"q4Start\":null,\"q4End\":null,\"quarterDatesSetsRocks\":false,\"exportUsers\":false,\"exportRocks\":false,\"exportRocksIncludesMilestones\":false,\"exportScorecards\":false,\"exportTodos\":false,\"exportTodosIncludesNotes\":false,\"exportPeopleHeadlines\":false,\"exportPeopleHeadlinesIncludesNotes\":false,\"exportIssues\":false,\"exportIssuesIncludesNotes\":false,\"exportContextAwareTodos\":false,\"dateFormat\":\"MM/DD/YYYY\",\"timeFormat\":\"h:mma\",\"numberFormat\":\"-1,000.99\",\"supervisorsArchiveRestoreUsers\":false,\"supervisorsEditPositions\":false,\"milestonesAvailableToAll\":false,\"customMeetingTemplatesEnabled\":false,\"receiveTodoReminders\":false,\"todoReminderTime\":\"13:00\",\"todoReminderTimeZone\":\"America/Guatemala\",\"todoReminderFrequency\":\"DAILY\",\"vtoMeetingId\":\"\",\"vtoDisplayMode\":\"ALL\",\"coreValues\":[{\"id\":\"1\",\"text\":\"\"},{\"id\":\"2\",\"text\":\"\"},{\"id\":\"3\",\"text\":\"\"}]}", password, V2Url): SUCCESFFULLY registered a new user via API. 
 Generated Activation Link: 
https://meetingmaster.dev02.tt-devs.com/activate?activationKey=a84ffda0-ca31-44ee-9f66-4927aabd531a&userId=ceba6b38-4fe5-3c51-97e1-bfa27ed3b601&orgId=dcba6b38-4d2a-c568-0aea-f230d415e68b&email=tractiontools.user001+ta5bgh5z@gmail.com&teamsId=c8ba6b38-4d79-ce6e-c466-ae66f6dd776f&meetingsId=e0ba6b38-4d63-3cdf-f746-38169498cbfb&adminsId=a0ba6b38-508f-995e-cb3b-e0e26705af83&usersId=14ba6b38-4d8e-0643-3e32-87a058ada43c&supervisorsId=a0ba6b38-4d4f-3463-ceaf-ecc538322bde&accountabilityChartId=22ba6b38-4da0-a65d-c7ba-8d5ec0bfc24c&isCreator=1

2020-09-29 04:39:01 - [MESSAGE][PASSED] - SUCCESFFULLY registered a new user via API. 
 Generated Activation Link: 
https://meetingmaster.dev02.tt-devs.com/activate?activationKey=a84ffda0-ca31-44ee-9f66-4927aabd531a&userId=ceba6b38-4fe5-3c51-97e1-bfa27ed3b601&orgId=dcba6b38-4d2a-c568-0aea-f230d415e68b&email=tractiontools.user001+ta5bgh5z@gmail.com&teamsId=c8ba6b38-4d79-ce6e-c466-ae66f6dd776f&meetingsId=e0ba6b38-4d63-3cdf-f746-38169498cbfb&adminsId=a0ba6b38-508f-995e-cb3b-e0e26705af83&usersId=14ba6b38-4d8e-0643-3e32-87a058ada43c&supervisorsId=a0ba6b38-4d4f-3463-ceaf-ecc538322bde&accountabilityChartId=22ba6b38-4da0-a65d-c7ba-8d5ec0bfc24c&isCreator=1

2020-09-29 04:39:01 - [TEST_STEP][PASSED] - activationURL = adminDetails[0]: null

2020-09-29 04:39:01 - [TEST_STEP][PASSED] - orgID = adminDetails[1]: null

2020-09-29 04:39:01 - [TEST_STEP][PASSED] - out.println("URL: " + activationURL): null

2020-09-29 04:39:01 - [TEST_STEP][PASSED] - out.println("orgID: " + orgID): null

2020-09-29 04:39:01 - [TEST_STEP][PASSED] - supervisorUser_name = supervisor_fname + " " + lastname: null

2020-09-29 04:39:01 - [TEST_STEP][PASSED] - openBrowser(""): Browser is opened with url: ''

2020-09-29 04:39:01 - [MESSAGE][INFO] - Starting 'Chrome' driver

2020-09-29 04:39:01 - [MESSAGE][INFO] - Action delay is set to 0 milliseconds

2020-09-29 04:39:04 - [MESSAGE][PASSED] - Browser is opened with url: ''

2020-09-29 04:39:04 - [TEST_STEP][PASSED] - maximizeWindow(): Current window maximized

2020-09-29 04:39:06 - [MESSAGE][PASSED] - Current window maximized

2020-09-29 04:39:06 - [TEST_STEP][PASSED] - callTestCase(findTestCase("V2/Test Case/Pre-conditions/PRE_ActivateNewUser"), ["activationURL":activationURL, "email":email, "password":password], STOP_ON_FAILURE): Call Test Case 'Test Cases/V2/Test Case/Pre-conditions/PRE_ActivateNewUser' successfully

2020-09-29 04:39:07 - [TEST_CASE][PASSED] - Test Cases/V2/Test Case/Pre-conditions/PRE_ActivateNewUser: Test Cases/V2/Test Case/Pre-conditions/PRE_ActivateNewUser

2020-09-29 04:39:07 - [TEST_STEP][PASSED] - navigateToUrl(activationURL): Navigate to 'https://meetingmaster.dev02.tt-devs.com/activate?activationKey=a84ffda0-ca31-44ee-9f66-4927aabd531a&userId=ceba6b38-4fe5-3c51-97e1-bfa27ed3b601&orgId=dcba6b38-4d2a-c568-0aea-f230d415e68b&email=tractiontools.user001+ta5bgh5z@gmail.com&teamsId=c8ba6b38-4d79-ce6e-c466-ae66f6dd776f&meetingsId=e0ba6b38-4d63-3cdf-f746-38169498cbfb&adminsId=a0ba6b38-508f-995e-cb3b-e0e26705af83&usersId=14ba6b38-4d8e-0643-3e32-87a058ada43c&supervisorsId=a0ba6b38-4d4f-3463-ceaf-ecc538322bde&accountabilityChartId=22ba6b38-4da0-a65d-c7ba-8d5ec0bfc24c&isCreator=1' successfully

2020-09-29 04:39:08 - [MESSAGE][PASSED] - Navigate to 'https://meetingmaster.dev02.tt-devs.com/activate?activationKey=a84ffda0-ca31-44ee-9f66-4927aabd531a&userId=ceba6b38-4fe5-3c51-97e1-bfa27ed3b601&orgId=dcba6b38-4d2a-c568-0aea-f230d415e68b&email=tractiontools.user001+ta5bgh5z@gmail.com&teamsId=c8ba6b38-4d79-ce6e-c466-ae66f6dd776f&meetingsId=e0ba6b38-4d63-3cdf-f746-38169498cbfb&adminsId=a0ba6b38-508f-995e-cb3b-e0e26705af83&usersId=14ba6b38-4d8e-0643-3e32-87a058ada43c&supervisorsId=a0ba6b38-4d4f-3463-ceaf-ecc538322bde&accountabilityChartId=22ba6b38-4da0-a65d-c7ba-8d5ec0bfc24c&isCreator=1' successfully

2020-09-29 04:39:08 - [TEST_STEP][PASSED] - waitForElementVisible(findTestObject("V2/Commons/ActivationPage/input_Email_email"), DefaultTimeout): Object 'Object Repository/V2/Commons/ActivationPage/input_Email_email' is visible

2020-09-29 04:39:13 - [MESSAGE][PASSED] - Object 'Object Repository/V2/Commons/ActivationPage/input_Email_email' is visible

2020-09-29 04:39:13 - [TEST_STEP][PASSED] - actual_email = getAttribute(findTestObject("Object Repository/V2/Commons/ActivationPage/input_Email_email"), "value"): Attribute 'value' of object 'Object Repository/V2/Commons/ActivationPage/input_Email_email' is: 'tractiontools.user001+ta5bgh5z@gmail.com'

2020-09-29 04:39:14 - [MESSAGE][PASSED] - Attribute 'value' of object 'Object Repository/V2/Commons/ActivationPage/input_Email_email' is: 'tractiontools.user001+ta5bgh5z@gmail.com'

2020-09-29 04:39:14 - [TEST_STEP][PASSED] - verifyMatch(actual_email, email, false): Actual text 'tractiontools.user001+ta5bgh5z@gmail.com' and expected text 'tractiontools.user001+ta5bgh5z@gmail.com' are matched 

2020-09-29 04:39:14 - [MESSAGE][PASSED] - Actual text 'tractiontools.user001+ta5bgh5z@gmail.com' and expected text 'tractiontools.user001+ta5bgh5z@gmail.com' are matched 

2020-09-29 04:39:14 - [TEST_STEP][PASSED] - setText(findTestObject("V2/Commons/ActivationPage/input_password"), password): Text 'Qwer123!' is set on object 'Object Repository/V2/Commons/ActivationPage/input_password'

2020-09-29 04:39:14 - [MESSAGE][PASSED] - Text 'Qwer123!' is set on object 'Object Repository/V2/Commons/ActivationPage/input_password'

2020-09-29 04:39:14 - [TEST_STEP][PASSED] - setText(findTestObject("Object Repository/V2/Commons/ActivationPage/input__passwordRepeat"), password): Text 'Qwer123!' is set on object 'Object Repository/V2/Commons/ActivationPage/input__passwordRepeat'

2020-09-29 04:39:15 - [MESSAGE][PASSED] - Text 'Qwer123!' is set on object 'Object Repository/V2/Commons/ActivationPage/input__passwordRepeat'

2020-09-29 04:39:15 - [TEST_STEP][PASSED] - click(findTestObject("V2/Commons/ActivationPage/input_termsandconditions")): Object: 'Object Repository/V2/Commons/ActivationPage/input_termsandconditions' is clicked on

2020-09-29 04:39:16 - [MESSAGE][PASSED] - Object: 'Object Repository/V2/Commons/ActivationPage/input_termsandconditions' is clicked on

2020-09-29 04:39:16 - [TEST_STEP][PASSED] - click(findTestObject("Object Repository/V2/Commons/ActivationPage/div_Create account")): Object: 'Object Repository/V2/Commons/ActivationPage/div_Create account' is clicked on

2020-09-29 04:39:16 - [MESSAGE][PASSED] - Object: 'Object Repository/V2/Commons/ActivationPage/div_Create account' is clicked on

2020-09-29 04:39:16 - [TEST_STEP][PASSED] - waitForElementPresent(findTestObject("V2/Commons/DasboardPage_SidebarMenu/img_Home_logo-big"), DefaultTimeout): Object 'Object Repository/V2/Commons/DasboardPage_SidebarMenu/img_Home_logo-big' is present

2020-09-29 04:39:22 - [MESSAGE][PASSED] - Object 'Object Repository/V2/Commons/DasboardPage_SidebarMenu/img_Home_logo-big' is present

2020-09-29 04:39:22 - [TEST_STEP][PASSED] - verifyElementPresent(findTestObject("V2/Commons/DasboardPage_SidebarMenu/img_Home_logo-big"), 0): Object 'Object Repository/V2/Commons/DasboardPage_SidebarMenu/img_Home_logo-big' is present

2020-09-29 04:39:22 - [MESSAGE][WARNING] - Timeout '0' is invalid. Using default page load timeout: '30'

2020-09-29 04:39:22 - [MESSAGE][PASSED] - Object 'Object Repository/V2/Commons/DasboardPage_SidebarMenu/img_Home_logo-big' is present

2020-09-29 04:39:22 - [MESSAGE][PASSED] - Call Test Case 'Test Cases/V2/Test Case/Pre-conditions/PRE_ActivateNewUser' successfully

2020-09-29 04:39:22 - [TEST_STEP][PASSED] - callTestCase(findTestCase("V2/Test Case/Pre-conditions/PRE_SkipCompanyAndPersonalProfileSetup"), [:], STOP_ON_FAILURE): Call Test Case 'Test Cases/V2/Test Case/Pre-conditions/PRE_SkipCompanyAndPersonalProfileSetup' successfully

2020-09-29 04:39:22 - [TEST_CASE][PASSED] - Test Cases/V2/Test Case/Pre-conditions/PRE_SkipCompanyAndPersonalProfileSetup: Test Cases/V2/Test Case/Pre-conditions/PRE_SkipCompanyAndPersonalProfileSetup

2020-09-29 04:39:22 - [TEST_STEP][PASSED] - waitForElementVisible(findTestObject("V2/Commons/FirstUpdateCompanyAndPersonalInfoModal/confirmCompanyInfoHeader_h1"), DefaultTimeout): Object 'Object Repository/V2/Commons/FirstUpdateCompanyAndPersonalInfoModal/confirmCompanyInfoHeader_h1' is visible

2020-09-29 04:39:22 - [MESSAGE][PASSED] - Object 'Object Repository/V2/Commons/FirstUpdateCompanyAndPersonalInfoModal/confirmCompanyInfoHeader_h1' is visible

2020-09-29 04:39:22 - [TEST_STEP][PASSED] - click(findTestObject("V2/Commons/FirstUpdateCompanyAndPersonalInfoModal/confirmInfoSkip_button")): Object: 'Object Repository/V2/Commons/FirstUpdateCompanyAndPersonalInfoModal/confirmInfoSkip_button' is clicked on

2020-09-29 04:39:23 - [MESSAGE][PASSED] - Object: 'Object Repository/V2/Commons/FirstUpdateCompanyAndPersonalInfoModal/confirmInfoSkip_button' is clicked on

2020-09-29 04:39:23 - [TEST_STEP][PASSED] - waitForElementVisible(findTestObject("V2/Commons/FirstUpdateCompanyAndPersonalInfoModal/confirmPersonalInfoHeader_h1"), DefaultTimeout): Object 'Object Repository/V2/Commons/FirstUpdateCompanyAndPersonalInfoModal/confirmPersonalInfoHeader_h1' is visible

2020-09-29 04:39:23 - [MESSAGE][PASSED] - Object 'Object Repository/V2/Commons/FirstUpdateCompanyAndPersonalInfoModal/confirmPersonalInfoHeader_h1' is visible

2020-09-29 04:39:23 - [TEST_STEP][PASSED] - click(findTestObject("V2/Commons/FirstUpdateCompanyAndPersonalInfoModal/confirmInfoSkip_button")): Object: 'Object Repository/V2/Commons/FirstUpdateCompanyAndPersonalInfoModal/confirmInfoSkip_button' is clicked on

2020-09-29 04:39:24 - [MESSAGE][PASSED] - Object: 'Object Repository/V2/Commons/FirstUpdateCompanyAndPersonalInfoModal/confirmInfoSkip_button' is clicked on

2020-09-29 04:39:24 - [TEST_STEP][PASSED] - waitForElementVisible(findTestObject("V2/Commons/FirstUpdateCompanyAndPersonalInfoModal/letsGetStarted_button"), DefaultTimeout): Object 'Object Repository/V2/Commons/FirstUpdateCompanyAndPersonalInfoModal/letsGetStarted_button' is visible

2020-09-29 04:39:24 - [MESSAGE][PASSED] - Object 'Object Repository/V2/Commons/FirstUpdateCompanyAndPersonalInfoModal/letsGetStarted_button' is visible

2020-09-29 04:39:24 - [TEST_STEP][PASSED] - click(findTestObject("V2/Commons/FirstUpdateCompanyAndPersonalInfoModal/letsGetStarted_button")): Object: 'Object Repository/V2/Commons/FirstUpdateCompanyAndPersonalInfoModal/letsGetStarted_button' is clicked on

2020-09-29 04:39:25 - [MESSAGE][PASSED] - Object: 'Object Repository/V2/Commons/FirstUpdateCompanyAndPersonalInfoModal/letsGetStarted_button' is clicked on

2020-09-29 04:39:25 - [MESSAGE][PASSED] - Call Test Case 'Test Cases/V2/Test Case/Pre-conditions/PRE_SkipCompanyAndPersonalProfileSetup' successfully

2020-09-29 04:39:25 - [TEST_STEP][PASSED] - supervisor_activationURL = tt_CustomKeywords.CustomKeywords.RegisterAndActivateSupervisorUserViaAPI(V2Url, orgID, supervisor_email, password, email, password, supervisor_fname, lastname): SUCCESFFULLY registered a new user via API. 
 Generated Activation Link: 
https://meetingmaster.dev02.tt-devs.com/activate?activationKey=53803e8b-0f31-4592-b823-f16ea2af2d24&userId=92ba6b38-8203-6c37-c609-a8ecac247700&orgId=dcba6b38-4d2a-c568-0aea-f230d415e68b&email=tractiontools.user001+ts5ajcnx@gmail.com&isCreator=0

2020-09-29 04:39:26 - [MESSAGE][PASSED] - SUCCESFFULLY registered a new user via API. 
 Generated Activation Link: 
https://meetingmaster.dev02.tt-devs.com/activate?activationKey=53803e8b-0f31-4592-b823-f16ea2af2d24&userId=92ba6b38-8203-6c37-c609-a8ecac247700&orgId=dcba6b38-4d2a-c568-0aea-f230d415e68b&email=tractiontools.user001+ts5ajcnx@gmail.com&isCreator=0

2020-09-29 04:39:26 - [TEST_STEP][PASSED] - callTestCase(findTestCase("V2/Test Case/Pre-conditions/PRE_ChangeUserPermissionViaManageUser"), ["showMenuItemsPath":"//div[@class='usercard__detail_container']/div[text()='%s']/ancestor::div[contains(@class,'usercard__content')]//button[@aria-label='Show Menu Items']", "user_email":supervisor_email, ... ], STOP_ON_FAILURE): Call Test Case 'Test Cases/V2/Test Case/Pre-conditions/PRE_ChangeUserPermissionViaManageUser' successfully

2020-09-29 04:39:26 - [TEST_CASE][PASSED] - Test Cases/V2/Test Case/Pre-conditions/PRE_ChangeUserPermissionViaManageUser: Test Cases/V2/Test Case/Pre-conditions/PRE_ChangeUserPermissionViaManageUser

2020-09-29 04:39:26 - [TEST_STEP][PASSED] - click(findTestObject("Object Repository/V2/Commons/ManageUsersPage/span_Company Settings")): Object: 'Object Repository/V2/Commons/ManageUsersPage/span_Company Settings' is clicked on

2020-09-29 04:39:26 - [MESSAGE][PASSED] - Object: 'Object Repository/V2/Commons/ManageUsersPage/span_Company Settings' is clicked on

2020-09-29 04:39:26 - [TEST_STEP][PASSED] - click(findTestObject("V2/Commons/DasboardPage_SidebarMenu/a_Manage Users")): Object: 'Object Repository/V2/Commons/DasboardPage_SidebarMenu/a_Manage Users' is clicked on

2020-09-29 04:39:27 - [MESSAGE][PASSED] - Object: 'Object Repository/V2/Commons/DasboardPage_SidebarMenu/a_Manage Users' is clicked on

2020-09-29 04:39:27 - [TEST_STEP][PASSED] - showMenuItemsObj = tt_CustomKeywords.CustomKeywords.CreateDynamicElement(showMenuItemsPath, user_email, "xpath"): Successfully created new dynamic object: //div[@class='usercard__detail_container']/div[text()='tractiontools.user001+ts5ajcnx@gmail.com']/ancestor::div[contains(@class,'usercard__content')]//button[@aria-label='Show Menu Items']

2020-09-29 04:39:27 - [MESSAGE][PASSED] - Successfully created new dynamic object: //div[@class='usercard__detail_container']/div[text()='tractiontools.user001+ts5ajcnx@gmail.com']/ancestor::div[contains(@class,'usercard__content')]//button[@aria-label='Show Menu Items']

2020-09-29 04:39:27 - [TEST_STEP][PASSED] - click(showMenuItemsObj): Object: '' is clicked on

2020-09-29 04:39:28 - [MESSAGE][PASSED] - Object: '' is clicked on

2020-09-29 04:39:28 - [TEST_STEP][PASSED] - click(findTestObject("Object Repository/V2/Commons/ManageUsersPage/div_Edit user")): Object: 'Object Repository/V2/Commons/ManageUsersPage/div_Edit user' is clicked on

2020-09-29 04:39:28 - [MESSAGE][PASSED] - Object: 'Object Repository/V2/Commons/ManageUsersPage/div_Edit user' is clicked on

2020-09-29 04:39:28 - [TEST_STEP][PASSED] - verifyElementPresent(findTestObject("V2/Commons/ManageUsersPage/div_PositionTitle"), DefaultTimeout): Object 'Object Repository/V2/Commons/ManageUsersPage/div_PositionTitle' is present

2020-09-29 04:39:29 - [MESSAGE][PASSED] - Object 'Object Repository/V2/Commons/ManageUsersPage/div_PositionTitle' is present

2020-09-29 04:39:29 - [TEST_STEP][PASSED] - setText(findTestObject("V2/Commons/ManageUsersPage/position_title_input"), position_title): Text 'QA Manager' is set on object 'Object Repository/V2/Commons/ManageUsersPage/position_title_input'

2020-09-29 04:39:29 - [MESSAGE][PASSED] - Text 'QA Manager' is set on object 'Object Repository/V2/Commons/ManageUsersPage/position_title_input'

2020-09-29 04:39:29 - [TEST_STEP][PASSED] - sendKeys(findTestObject("V2/Commons/ManageUsersPage/position_title_input"), Keys.chord(ENTER)): Keys 'ENTER + ' sent to object: 'Object Repository/V2/Commons/ManageUsersPage/position_title_input'

2020-09-29 04:39:30 - [MESSAGE][PASSED] - Keys 'ENTER + ' sent to object: 'Object Repository/V2/Commons/ManageUsersPage/position_title_input'

2020-09-29 04:39:30 - [TEST_STEP][PASSED] - if (permissionValue == "Employee"): null

2020-09-29 04:39:30 - [TEST_STEP][PASSED] - verifyElementPresent(findTestObject("Object Repository/V2/Commons/ManageUsersPage/div_User type"), DefaultTimeout): Object 'Object Repository/V2/Commons/ManageUsersPage/div_User type' is present

2020-09-29 04:39:30 - [MESSAGE][PASSED] - Object 'Object Repository/V2/Commons/ManageUsersPage/div_User type' is present

2020-09-29 04:39:30 - [TEST_STEP][PASSED] - click(findTestObject("Object Repository/V2/Commons/ManageUsersPage/input__orgRole")): Object: 'Object Repository/V2/Commons/ManageUsersPage/input__orgRole' is clicked on

2020-09-29 04:39:31 - [MESSAGE][PASSED] - Object: 'Object Repository/V2/Commons/ManageUsersPage/input__orgRole' is clicked on

2020-09-29 04:39:31 - [TEST_STEP][PASSED] - roleOptionObj = tt_CustomKeywords.CustomKeywords.CreateDynamicElement(roleOption, permissionValue, "xpath"): Successfully created new dynamic object: //span[text()='Supervisor']/parent::div[@role='option']

2020-09-29 04:39:31 - [MESSAGE][PASSED] - Successfully created new dynamic object: //span[text()='Supervisor']/parent::div[@role='option']

2020-09-29 04:39:31 - [TEST_STEP][PASSED] - click(roleOptionObj): Object: '' is clicked on

2020-09-29 04:39:31 - [MESSAGE][PASSED] - Object: '' is clicked on

2020-09-29 04:39:31 - [TEST_STEP][PASSED] - click(findTestObject("Object Repository/V2/Commons/ManageUsersPage/div_Save")): Object: 'Object Repository/V2/Commons/ManageUsersPage/div_Save' is clicked on

2020-09-29 04:39:32 - [MESSAGE][PASSED] - Object: 'Object Repository/V2/Commons/ManageUsersPage/div_Save' is clicked on

2020-09-29 04:39:32 - [TEST_STEP][PASSED] - waitForElementVisible(findTestObject("V2/Commons/ManageUsersPage/h3_User Saved"), DefaultTimeout): Object 'Object Repository/V2/Commons/ManageUsersPage/h3_User Saved' is visible

2020-09-29 04:39:34 - [MESSAGE][PASSED] - Object 'Object Repository/V2/Commons/ManageUsersPage/h3_User Saved' is visible

2020-09-29 04:39:34 - [TEST_STEP][PASSED] - verifyElementVisible(findTestObject("Object Repository/V2/Commons/ManageUsersPage/h3_User Saved")): Object 'Object Repository/V2/Commons/ManageUsersPage/h3_User Saved' is visible

2020-09-29 04:39:35 - [MESSAGE][PASSED] - Object 'Object Repository/V2/Commons/ManageUsersPage/h3_User Saved' is visible

2020-09-29 04:39:35 - [MESSAGE][PASSED] - Call Test Case 'Test Cases/V2/Test Case/Pre-conditions/PRE_ChangeUserPermissionViaManageUser' successfully

2020-09-29 04:39:35 - [TEST_STEP][PASSED] - employee_activationURL = tt_CustomKeywords.CustomKeywords.RegisterAndActivateSupervisorUserViaAPI(V2Url, orgID, employee_email, password, email, password, employee_fname, lastname): SUCCESFFULLY registered a new user via API. 
 Generated Activation Link: 
https://meetingmaster.dev02.tt-devs.com/activate?activationKey=1c686486-20fa-4f7f-ad06-71ed54e96ea9&userId=16ba6b38-9569-e09d-5d3d-9182d6dc4f2c&orgId=dcba6b38-4d2a-c568-0aea-f230d415e68b&email=tractiontools.user001+te5gcnuz@gmail.com&isCreator=0

2020-09-29 04:39:36 - [MESSAGE][PASSED] - SUCCESFFULLY registered a new user via API. 
 Generated Activation Link: 
https://meetingmaster.dev02.tt-devs.com/activate?activationKey=1c686486-20fa-4f7f-ad06-71ed54e96ea9&userId=16ba6b38-9569-e09d-5d3d-9182d6dc4f2c&orgId=dcba6b38-4d2a-c568-0aea-f230d415e68b&email=tractiontools.user001+te5gcnuz@gmail.com&isCreator=0

2020-09-29 04:39:36 - [TEST_STEP][PASSED] - callTestCase(findTestCase("V2/Test Case/Pre-conditions/PRE_ChangeUserPermissionViaManageUser"), ["showMenuItemsPath":"//div[@class='usercard__detail_container']/div[text()='%s']/ancestor::div[contains(@class,'usercard__content')]//button[@aria-label='Show Menu Items']", "user_email":employee_email, ... ], STOP_ON_FAILURE): Call Test Case 'Test Cases/V2/Test Case/Pre-conditions/PRE_ChangeUserPermissionViaManageUser' successfully

2020-09-29 04:39:36 - [TEST_CASE][PASSED] - Test Cases/V2/Test Case/Pre-conditions/PRE_ChangeUserPermissionViaManageUser: Test Cases/V2/Test Case/Pre-conditions/PRE_ChangeUserPermissionViaManageUser

2020-09-29 04:39:36 - [TEST_STEP][PASSED] - click(findTestObject("Object Repository/V2/Commons/ManageUsersPage/span_Company Settings")): Object: 'Object Repository/V2/Commons/ManageUsersPage/span_Company Settings' is clicked on

2020-09-29 04:39:36 - [MESSAGE][PASSED] - Object: 'Object Repository/V2/Commons/ManageUsersPage/span_Company Settings' is clicked on

2020-09-29 04:39:36 - [TEST_STEP][PASSED] - click(findTestObject("V2/Commons/DasboardPage_SidebarMenu/a_Manage Users")): Object: 'Object Repository/V2/Commons/DasboardPage_SidebarMenu/a_Manage Users' is clicked on

2020-09-29 04:39:37 - [MESSAGE][PASSED] - Object: 'Object Repository/V2/Commons/DasboardPage_SidebarMenu/a_Manage Users' is clicked on

2020-09-29 04:39:37 - [TEST_STEP][PASSED] - showMenuItemsObj = tt_CustomKeywords.CustomKeywords.CreateDynamicElement(showMenuItemsPath, user_email, "xpath"): Successfully created new dynamic object: //div[@class='usercard__detail_container']/div[text()='tractiontools.user001+te5gcnuz@gmail.com']/ancestor::div[contains(@class,'usercard__content')]//button[@aria-label='Show Menu Items']

2020-09-29 04:39:37 - [MESSAGE][PASSED] - Successfully created new dynamic object: //div[@class='usercard__detail_container']/div[text()='tractiontools.user001+te5gcnuz@gmail.com']/ancestor::div[contains(@class,'usercard__content')]//button[@aria-label='Show Menu Items']

2020-09-29 04:39:37 - [TEST_STEP][PASSED] - click(showMenuItemsObj): Object: '' is clicked on

2020-09-29 04:39:37 - [MESSAGE][PASSED] - Object: '' is clicked on

2020-09-29 04:39:37 - [TEST_STEP][PASSED] - click(findTestObject("Object Repository/V2/Commons/ManageUsersPage/div_Edit user")): Object: 'Object Repository/V2/Commons/ManageUsersPage/div_Edit user' is clicked on

2020-09-29 04:39:38 - [MESSAGE][PASSED] - Object: 'Object Repository/V2/Commons/ManageUsersPage/div_Edit user' is clicked on

2020-09-29 04:39:38 - [TEST_STEP][PASSED] - verifyElementPresent(findTestObject("V2/Commons/ManageUsersPage/div_PositionTitle"), DefaultTimeout): Object 'Object Repository/V2/Commons/ManageUsersPage/div_PositionTitle' is present

2020-09-29 04:39:38 - [MESSAGE][PASSED] - Object 'Object Repository/V2/Commons/ManageUsersPage/div_PositionTitle' is present

2020-09-29 04:39:38 - [TEST_STEP][PASSED] - setText(findTestObject("V2/Commons/ManageUsersPage/position_title_input"), position_title): Text 'Quality Assurance' is set on object 'Object Repository/V2/Commons/ManageUsersPage/position_title_input'

2020-09-29 04:39:39 - [MESSAGE][PASSED] - Text 'Quality Assurance' is set on object 'Object Repository/V2/Commons/ManageUsersPage/position_title_input'

2020-09-29 04:39:39 - [TEST_STEP][PASSED] - sendKeys(findTestObject("V2/Commons/ManageUsersPage/position_title_input"), Keys.chord(ENTER)): Keys 'ENTER + ' sent to object: 'Object Repository/V2/Commons/ManageUsersPage/position_title_input'

2020-09-29 04:39:39 - [MESSAGE][PASSED] - Keys 'ENTER + ' sent to object: 'Object Repository/V2/Commons/ManageUsersPage/position_title_input'

2020-09-29 04:39:39 - [TEST_STEP][PASSED] - if (permissionValue == "Employee"): Keys 'ENTER + ' sent to object: 'Object Repository/V2/Commons/ManageUsersPage/supervisor_input'

2020-09-29 04:39:39 - [TEST_STEP][PASSED] - verifyElementPresent(findTestObject("V2/Commons/ManageUsersPage/supervisor_input"), DefaultTimeout): Object 'Object Repository/V2/Commons/ManageUsersPage/supervisor_input' is present

2020-09-29 04:39:40 - [MESSAGE][PASSED] - Object 'Object Repository/V2/Commons/ManageUsersPage/supervisor_input' is present

2020-09-29 04:39:40 - [TEST_STEP][PASSED] - setText(findTestObject("V2/Commons/ManageUsersPage/supervisor_input"), user_supervisorName): Text 'Supervisor User' is set on object 'Object Repository/V2/Commons/ManageUsersPage/supervisor_input'

2020-09-29 04:39:40 - [MESSAGE][PASSED] - Text 'Supervisor User' is set on object 'Object Repository/V2/Commons/ManageUsersPage/supervisor_input'

2020-09-29 04:39:40 - [TEST_STEP][PASSED] - sendKeys(findTestObject("V2/Commons/ManageUsersPage/supervisor_input"), Keys.chord(ENTER)): Keys 'ENTER + ' sent to object: 'Object Repository/V2/Commons/ManageUsersPage/supervisor_input'

2020-09-29 04:39:41 - [MESSAGE][PASSED] - Keys 'ENTER + ' sent to object: 'Object Repository/V2/Commons/ManageUsersPage/supervisor_input'

2020-09-29 04:39:41 - [TEST_STEP][PASSED] - verifyElementPresent(findTestObject("Object Repository/V2/Commons/ManageUsersPage/div_User type"), DefaultTimeout): Object 'Object Repository/V2/Commons/ManageUsersPage/div_User type' is present

2020-09-29 04:39:41 - [MESSAGE][PASSED] - Object 'Object Repository/V2/Commons/ManageUsersPage/div_User type' is present

2020-09-29 04:39:41 - [TEST_STEP][PASSED] - click(findTestObject("Object Repository/V2/Commons/ManageUsersPage/input__orgRole")): Object: 'Object Repository/V2/Commons/ManageUsersPage/input__orgRole' is clicked on

2020-09-29 04:39:42 - [MESSAGE][PASSED] - Object: 'Object Repository/V2/Commons/ManageUsersPage/input__orgRole' is clicked on

2020-09-29 04:39:42 - [TEST_STEP][PASSED] - roleOptionObj = tt_CustomKeywords.CustomKeywords.CreateDynamicElement(roleOption, permissionValue, "xpath"): Successfully created new dynamic object: //span[text()='Employee']/parent::div[@role='option']

2020-09-29 04:39:42 - [MESSAGE][PASSED] - Successfully created new dynamic object: //span[text()='Employee']/parent::div[@role='option']

2020-09-29 04:39:42 - [TEST_STEP][PASSED] - click(roleOptionObj): Object: '' is clicked on

2020-09-29 04:39:42 - [MESSAGE][PASSED] - Object: '' is clicked on

2020-09-29 04:39:42 - [TEST_STEP][PASSED] - click(findTestObject("Object Repository/V2/Commons/ManageUsersPage/div_Save")): Object: 'Object Repository/V2/Commons/ManageUsersPage/div_Save' is clicked on

2020-09-29 04:39:43 - [MESSAGE][PASSED] - Object: 'Object Repository/V2/Commons/ManageUsersPage/div_Save' is clicked on

2020-09-29 04:39:43 - [TEST_STEP][PASSED] - waitForElementVisible(findTestObject("V2/Commons/ManageUsersPage/h3_User Saved"), DefaultTimeout): Object 'Object Repository/V2/Commons/ManageUsersPage/h3_User Saved' is visible

2020-09-29 04:39:46 - [MESSAGE][PASSED] - Object 'Object Repository/V2/Commons/ManageUsersPage/h3_User Saved' is visible

2020-09-29 04:39:46 - [TEST_STEP][PASSED] - verifyElementVisible(findTestObject("Object Repository/V2/Commons/ManageUsersPage/h3_User Saved")): Object 'Object Repository/V2/Commons/ManageUsersPage/h3_User Saved' is visible

2020-09-29 04:39:46 - [MESSAGE][PASSED] - Object 'Object Repository/V2/Commons/ManageUsersPage/h3_User Saved' is visible

2020-09-29 04:39:46 - [MESSAGE][PASSED] - Call Test Case 'Test Cases/V2/Test Case/Pre-conditions/PRE_ChangeUserPermissionViaManageUser' successfully

2020-09-29 04:39:46 - [TEST_STEP][PASSED] - callTestCase(findTestCase("V2/Test Case/Pre-conditions/PRE_ActivateNewUser"), ["activationURL":supervisor_activationURL, "email":supervisor_email, "password":password], STOP_ON_FAILURE): Call Test Case 'Test Cases/V2/Test Case/Pre-conditions/PRE_ActivateNewUser' successfully

2020-09-29 04:39:46 - [TEST_CASE][PASSED] - Test Cases/V2/Test Case/Pre-conditions/PRE_ActivateNewUser: Test Cases/V2/Test Case/Pre-conditions/PRE_ActivateNewUser

2020-09-29 04:39:46 - [TEST_STEP][PASSED] - navigateToUrl(activationURL): Navigate to 'https://meetingmaster.dev02.tt-devs.com/activate?activationKey=53803e8b-0f31-4592-b823-f16ea2af2d24&userId=92ba6b38-8203-6c37-c609-a8ecac247700&orgId=dcba6b38-4d2a-c568-0aea-f230d415e68b&email=tractiontools.user001+ts5ajcnx@gmail.com&isCreator=0' successfully

2020-09-29 04:39:49 - [MESSAGE][PASSED] - Navigate to 'https://meetingmaster.dev02.tt-devs.com/activate?activationKey=53803e8b-0f31-4592-b823-f16ea2af2d24&userId=92ba6b38-8203-6c37-c609-a8ecac247700&orgId=dcba6b38-4d2a-c568-0aea-f230d415e68b&email=tractiontools.user001+ts5ajcnx@gmail.com&isCreator=0' successfully

2020-09-29 04:39:49 - [TEST_STEP][PASSED] - waitForElementVisible(findTestObject("V2/Commons/ActivationPage/input_Email_email"), DefaultTimeout): Object 'Object Repository/V2/Commons/ActivationPage/input_Email_email' is visible

2020-09-29 04:39:50 - [MESSAGE][PASSED] - Object 'Object Repository/V2/Commons/ActivationPage/input_Email_email' is visible

2020-09-29 04:39:50 - [TEST_STEP][PASSED] - actual_email = getAttribute(findTestObject("Object Repository/V2/Commons/ActivationPage/input_Email_email"), "value"): Attribute 'value' of object 'Object Repository/V2/Commons/ActivationPage/input_Email_email' is: 'tractiontools.user001+ts5ajcnx@gmail.com'

2020-09-29 04:39:50 - [MESSAGE][PASSED] - Attribute 'value' of object 'Object Repository/V2/Commons/ActivationPage/input_Email_email' is: 'tractiontools.user001+ts5ajcnx@gmail.com'

2020-09-29 04:39:50 - [TEST_STEP][PASSED] - verifyMatch(actual_email, email, false): Actual text 'tractiontools.user001+ts5ajcnx@gmail.com' and expected text 'tractiontools.user001+ts5ajcnx@gmail.com' are matched 

2020-09-29 04:39:50 - [MESSAGE][PASSED] - Actual text 'tractiontools.user001+ts5ajcnx@gmail.com' and expected text 'tractiontools.user001+ts5ajcnx@gmail.com' are matched 

2020-09-29 04:39:50 - [TEST_STEP][PASSED] - setText(findTestObject("V2/Commons/ActivationPage/input_password"), password): Text 'Qwer123!' is set on object 'Object Repository/V2/Commons/ActivationPage/input_password'

2020-09-29 04:39:51 - [MESSAGE][PASSED] - Text 'Qwer123!' is set on object 'Object Repository/V2/Commons/ActivationPage/input_password'

2020-09-29 04:39:51 - [TEST_STEP][PASSED] - setText(findTestObject("Object Repository/V2/Commons/ActivationPage/input__passwordRepeat"), password): Text 'Qwer123!' is set on object 'Object Repository/V2/Commons/ActivationPage/input__passwordRepeat'

2020-09-29 04:39:51 - [MESSAGE][PASSED] - Text 'Qwer123!' is set on object 'Object Repository/V2/Commons/ActivationPage/input__passwordRepeat'

2020-09-29 04:39:51 - [TEST_STEP][PASSED] - click(findTestObject("V2/Commons/ActivationPage/input_termsandconditions")): Object: 'Object Repository/V2/Commons/ActivationPage/input_termsandconditions' is clicked on

2020-09-29 04:39:52 - [MESSAGE][PASSED] - Object: 'Object Repository/V2/Commons/ActivationPage/input_termsandconditions' is clicked on

2020-09-29 04:39:52 - [TEST_STEP][PASSED] - click(findTestObject("Object Repository/V2/Commons/ActivationPage/div_Create account")): Object: 'Object Repository/V2/Commons/ActivationPage/div_Create account' is clicked on

2020-09-29 04:39:52 - [MESSAGE][PASSED] - Object: 'Object Repository/V2/Commons/ActivationPage/div_Create account' is clicked on

2020-09-29 04:39:52 - [TEST_STEP][PASSED] - waitForElementPresent(findTestObject("V2/Commons/DasboardPage_SidebarMenu/img_Home_logo-big"), DefaultTimeout): Object 'Object Repository/V2/Commons/DasboardPage_SidebarMenu/img_Home_logo-big' is present

2020-09-29 04:39:56 - [MESSAGE][PASSED] - Object 'Object Repository/V2/Commons/DasboardPage_SidebarMenu/img_Home_logo-big' is present

2020-09-29 04:39:56 - [TEST_STEP][PASSED] - verifyElementPresent(findTestObject("V2/Commons/DasboardPage_SidebarMenu/img_Home_logo-big"), 0): Object 'Object Repository/V2/Commons/DasboardPage_SidebarMenu/img_Home_logo-big' is present

2020-09-29 04:39:56 - [MESSAGE][WARNING] - Timeout '0' is invalid. Using default page load timeout: '30'

2020-09-29 04:39:56 - [MESSAGE][PASSED] - Object 'Object Repository/V2/Commons/DasboardPage_SidebarMenu/img_Home_logo-big' is present

2020-09-29 04:39:56 - [MESSAGE][PASSED] - Call Test Case 'Test Cases/V2/Test Case/Pre-conditions/PRE_ActivateNewUser' successfully

2020-09-29 04:39:56 - [TEST_STEP][PASSED] - callTestCase(findTestCase("V2/Test Case/Pre-conditions/PRE_SkipPersonalProfileSetup"), [:], STOP_ON_FAILURE): Call Test Case 'Test Cases/V2/Test Case/Pre-conditions/PRE_SkipPersonalProfileSetup' successfully

2020-09-29 04:39:56 - [TEST_CASE][PASSED] - Test Cases/V2/Test Case/Pre-conditions/PRE_SkipPersonalProfileSetup: Test Cases/V2/Test Case/Pre-conditions/PRE_SkipPersonalProfileSetup

2020-09-29 04:39:56 - [TEST_STEP][PASSED] - waitForElementVisible(findTestObject("V2/Commons/FirstUpdateCompanyAndPersonalInfoModal/confirmPersonalInfoHeader_h1"), DefaultTimeout): Object 'Object Repository/V2/Commons/FirstUpdateCompanyAndPersonalInfoModal/confirmPersonalInfoHeader_h1' is visible

2020-09-29 04:39:56 - [MESSAGE][PASSED] - Object 'Object Repository/V2/Commons/FirstUpdateCompanyAndPersonalInfoModal/confirmPersonalInfoHeader_h1' is visible

2020-09-29 04:39:56 - [TEST_STEP][PASSED] - click(findTestObject("V2/Commons/FirstUpdateCompanyAndPersonalInfoModal/confirmInfoSkip_button")): Object: 'Object Repository/V2/Commons/FirstUpdateCompanyAndPersonalInfoModal/confirmInfoSkip_button' is clicked on

2020-09-29 04:39:57 - [MESSAGE][PASSED] - Object: 'Object Repository/V2/Commons/FirstUpdateCompanyAndPersonalInfoModal/confirmInfoSkip_button' is clicked on

2020-09-29 04:39:57 - [TEST_STEP][PASSED] - waitForElementVisible(findTestObject("V2/Commons/FirstUpdateCompanyAndPersonalInfoModal/letsGetStarted_button"), DefaultTimeout): Object 'Object Repository/V2/Commons/FirstUpdateCompanyAndPersonalInfoModal/letsGetStarted_button' is visible

2020-09-29 04:39:57 - [MESSAGE][PASSED] - Object 'Object Repository/V2/Commons/FirstUpdateCompanyAndPersonalInfoModal/letsGetStarted_button' is visible

2020-09-29 04:39:57 - [TEST_STEP][PASSED] - click(findTestObject("V2/Commons/FirstUpdateCompanyAndPersonalInfoModal/letsGetStarted_button")): Object: 'Object Repository/V2/Commons/FirstUpdateCompanyAndPersonalInfoModal/letsGetStarted_button' is clicked on

2020-09-29 04:39:58 - [MESSAGE][PASSED] - Object: 'Object Repository/V2/Commons/FirstUpdateCompanyAndPersonalInfoModal/letsGetStarted_button' is clicked on

2020-09-29 04:39:58 - [MESSAGE][PASSED] - Call Test Case 'Test Cases/V2/Test Case/Pre-conditions/PRE_SkipPersonalProfileSetup' successfully

2020-09-29 04:39:58 - [TEST_STEP][PASSED] - callTestCase(findTestCase("V2/Test Case/Pre-conditions/PRE_ActivateNewUser"), ["activationURL":employee_activationURL, "email":employee_email, "password":password], STOP_ON_FAILURE): Call Test Case 'Test Cases/V2/Test Case/Pre-conditions/PRE_ActivateNewUser' successfully

2020-09-29 04:39:58 - [TEST_CASE][PASSED] - Test Cases/V2/Test Case/Pre-conditions/PRE_ActivateNewUser: Test Cases/V2/Test Case/Pre-conditions/PRE_ActivateNewUser

2020-09-29 04:39:58 - [TEST_STEP][PASSED] - navigateToUrl(activationURL): Navigate to 'https://meetingmaster.dev02.tt-devs.com/activate?activationKey=1c686486-20fa-4f7f-ad06-71ed54e96ea9&userId=16ba6b38-9569-e09d-5d3d-9182d6dc4f2c&orgId=dcba6b38-4d2a-c568-0aea-f230d415e68b&email=tractiontools.user001+te5gcnuz@gmail.com&isCreator=0' successfully

2020-09-29 04:40:00 - [MESSAGE][PASSED] - Navigate to 'https://meetingmaster.dev02.tt-devs.com/activate?activationKey=1c686486-20fa-4f7f-ad06-71ed54e96ea9&userId=16ba6b38-9569-e09d-5d3d-9182d6dc4f2c&orgId=dcba6b38-4d2a-c568-0aea-f230d415e68b&email=tractiontools.user001+te5gcnuz@gmail.com&isCreator=0' successfully

2020-09-29 04:40:00 - [TEST_STEP][PASSED] - waitForElementVisible(findTestObject("V2/Commons/ActivationPage/input_Email_email"), DefaultTimeout): Object 'Object Repository/V2/Commons/ActivationPage/input_Email_email' is visible

2020-09-29 04:40:01 - [MESSAGE][PASSED] - Object 'Object Repository/V2/Commons/ActivationPage/input_Email_email' is visible

2020-09-29 04:40:01 - [TEST_STEP][PASSED] - actual_email = getAttribute(findTestObject("Object Repository/V2/Commons/ActivationPage/input_Email_email"), "value"): Attribute 'value' of object 'Object Repository/V2/Commons/ActivationPage/input_Email_email' is: 'tractiontools.user001+te5gcnuz@gmail.com'

2020-09-29 04:40:01 - [MESSAGE][PASSED] - Attribute 'value' of object 'Object Repository/V2/Commons/ActivationPage/input_Email_email' is: 'tractiontools.user001+te5gcnuz@gmail.com'

2020-09-29 04:40:01 - [TEST_STEP][PASSED] - verifyMatch(actual_email, email, false): Actual text 'tractiontools.user001+te5gcnuz@gmail.com' and expected text 'tractiontools.user001+te5gcnuz@gmail.com' are matched 

2020-09-29 04:40:01 - [MESSAGE][PASSED] - Actual text 'tractiontools.user001+te5gcnuz@gmail.com' and expected text 'tractiontools.user001+te5gcnuz@gmail.com' are matched 

2020-09-29 04:40:01 - [TEST_STEP][PASSED] - setText(findTestObject("V2/Commons/ActivationPage/input_password"), password): Text 'Qwer123!' is set on object 'Object Repository/V2/Commons/ActivationPage/input_password'

2020-09-29 04:40:02 - [MESSAGE][PASSED] - Text 'Qwer123!' is set on object 'Object Repository/V2/Commons/ActivationPage/input_password'

2020-09-29 04:40:02 - [TEST_STEP][PASSED] - setText(findTestObject("Object Repository/V2/Commons/ActivationPage/input__passwordRepeat"), password): Text 'Qwer123!' is set on object 'Object Repository/V2/Commons/ActivationPage/input__passwordRepeat'

2020-09-29 04:40:03 - [MESSAGE][PASSED] - Text 'Qwer123!' is set on object 'Object Repository/V2/Commons/ActivationPage/input__passwordRepeat'

2020-09-29 04:40:03 - [TEST_STEP][PASSED] - click(findTestObject("V2/Commons/ActivationPage/input_termsandconditions")): Object: 'Object Repository/V2/Commons/ActivationPage/input_termsandconditions' is clicked on

2020-09-29 04:40:03 - [MESSAGE][PASSED] - Object: 'Object Repository/V2/Commons/ActivationPage/input_termsandconditions' is clicked on

2020-09-29 04:40:03 - [TEST_STEP][PASSED] - click(findTestObject("Object Repository/V2/Commons/ActivationPage/div_Create account")): Object: 'Object Repository/V2/Commons/ActivationPage/div_Create account' is clicked on

2020-09-29 04:40:04 - [MESSAGE][PASSED] - Object: 'Object Repository/V2/Commons/ActivationPage/div_Create account' is clicked on

2020-09-29 04:40:04 - [TEST_STEP][PASSED] - waitForElementPresent(findTestObject("V2/Commons/DasboardPage_SidebarMenu/img_Home_logo-big"), DefaultTimeout): Object 'Object Repository/V2/Commons/DasboardPage_SidebarMenu/img_Home_logo-big' is present

2020-09-29 04:40:08 - [MESSAGE][PASSED] - Object 'Object Repository/V2/Commons/DasboardPage_SidebarMenu/img_Home_logo-big' is present

2020-09-29 04:40:08 - [TEST_STEP][PASSED] - verifyElementPresent(findTestObject("V2/Commons/DasboardPage_SidebarMenu/img_Home_logo-big"), 0): Object 'Object Repository/V2/Commons/DasboardPage_SidebarMenu/img_Home_logo-big' is present

2020-09-29 04:40:08 - [MESSAGE][WARNING] - Timeout '0' is invalid. Using default page load timeout: '30'

2020-09-29 04:40:08 - [MESSAGE][PASSED] - Object 'Object Repository/V2/Commons/DasboardPage_SidebarMenu/img_Home_logo-big' is present

2020-09-29 04:40:08 - [MESSAGE][PASSED] - Call Test Case 'Test Cases/V2/Test Case/Pre-conditions/PRE_ActivateNewUser' successfully

2020-09-29 04:40:08 - [TEST_STEP][PASSED] - callTestCase(findTestCase("V2/Test Case/Pre-conditions/PRE_SkipPersonalProfileSetup"), [:], STOP_ON_FAILURE): Call Test Case 'Test Cases/V2/Test Case/Pre-conditions/PRE_SkipPersonalProfileSetup' successfully

2020-09-29 04:40:08 - [TEST_CASE][PASSED] - Test Cases/V2/Test Case/Pre-conditions/PRE_SkipPersonalProfileSetup: Test Cases/V2/Test Case/Pre-conditions/PRE_SkipPersonalProfileSetup

2020-09-29 04:40:08 - [TEST_STEP][PASSED] - waitForElementVisible(findTestObject("V2/Commons/FirstUpdateCompanyAndPersonalInfoModal/confirmPersonalInfoHeader_h1"), DefaultTimeout): Object 'Object Repository/V2/Commons/FirstUpdateCompanyAndPersonalInfoModal/confirmPersonalInfoHeader_h1' is visible

2020-09-29 04:40:08 - [MESSAGE][PASSED] - Object 'Object Repository/V2/Commons/FirstUpdateCompanyAndPersonalInfoModal/confirmPersonalInfoHeader_h1' is visible

2020-09-29 04:40:08 - [TEST_STEP][PASSED] - click(findTestObject("V2/Commons/FirstUpdateCompanyAndPersonalInfoModal/confirmInfoSkip_button")): Object: 'Object Repository/V2/Commons/FirstUpdateCompanyAndPersonalInfoModal/confirmInfoSkip_button' is clicked on

2020-09-29 04:40:09 - [MESSAGE][PASSED] - Object: 'Object Repository/V2/Commons/FirstUpdateCompanyAndPersonalInfoModal/confirmInfoSkip_button' is clicked on

2020-09-29 04:40:09 - [TEST_STEP][PASSED] - waitForElementVisible(findTestObject("V2/Commons/FirstUpdateCompanyAndPersonalInfoModal/letsGetStarted_button"), DefaultTimeout): Object 'Object Repository/V2/Commons/FirstUpdateCompanyAndPersonalInfoModal/letsGetStarted_button' is visible

2020-09-29 04:40:09 - [MESSAGE][PASSED] - Object 'Object Repository/V2/Commons/FirstUpdateCompanyAndPersonalInfoModal/letsGetStarted_button' is visible

2020-09-29 04:40:09 - [TEST_STEP][PASSED] - click(findTestObject("V2/Commons/FirstUpdateCompanyAndPersonalInfoModal/letsGetStarted_button")): Object: 'Object Repository/V2/Commons/FirstUpdateCompanyAndPersonalInfoModal/letsGetStarted_button' is clicked on

2020-09-29 04:40:10 - [MESSAGE][PASSED] - Object: 'Object Repository/V2/Commons/FirstUpdateCompanyAndPersonalInfoModal/letsGetStarted_button' is clicked on

2020-09-29 04:40:10 - [MESSAGE][PASSED] - Call Test Case 'Test Cases/V2/Test Case/Pre-conditions/PRE_SkipPersonalProfileSetup' successfully

2020-09-29 04:40:10 - [MESSAGE][PASSED] - Call Test Case 'Test Cases/V2/Test Case/Pre-conditions/PRE_RegisterAndActivateTTUsers' successfully

2020-09-29 04:40:10 - [TEST_STEP][PASSED] - closeBrowser(): Browser is closed

2020-09-29 04:40:10 - [MESSAGE][PASSED] - Browser is closed

2020-09-29 04:40:10 - [TEST_STEP][PASSED] - path = System.getProperty("user.dir"): null

2020-09-29 04:40:10 - [TEST_STEP][PASSED] - System.setProperty("webdriver.chrome.driver", getChromeDriverPath()): null

2020-09-29 04:40:10 - [TEST_STEP][PASSED] - driver1 = new org.openqa.selenium.chrome.ChromeDriver(): null

2020-09-29 04:40:14 - [TEST_STEP][PASSED] - changeWebDriver(driver1): null

2020-09-29 04:40:14 - [TEST_STEP][PASSED] - maximizeWindow(): Current window maximized

2020-09-29 04:40:16 - [MESSAGE][PASSED] - Current window maximized

2020-09-29 04:40:16 - [TEST_STEP][PASSED] - navigateToUrl(V2Url): Navigate to 'https://meetingmaster.dev02.tt-devs.com' successfully

2020-09-29 04:40:17 - [MESSAGE][PASSED] - Navigate to 'https://meetingmaster.dev02.tt-devs.com' successfully

2020-09-29 04:40:17 - [TEST_STEP][PASSED] - callTestCase(findTestCase("V2/Test Case/Pre-conditions/PRE_LoginToTractionToolsApplication"), ["username":email, "password":password], STOP_ON_FAILURE): Call Test Case 'Test Cases/V2/Test Case/Pre-conditions/PRE_LoginToTractionToolsApplication' successfully

2020-09-29 04:40:17 - [TEST_CASE][PASSED] - Test Cases/V2/Test Case/Pre-conditions/PRE_LoginToTractionToolsApplication: Test Cases/V2/Test Case/Pre-conditions/PRE_LoginToTractionToolsApplication

2020-09-29 04:40:17 - [TEST_STEP][PASSED] - waitForElementVisible(findTestObject("V2/Commons/LoginPage/input__username"), DefaultTimeout): Object 'Object Repository/V2/Commons/LoginPage/input__username' is visible

2020-09-29 04:40:22 - [MESSAGE][PASSED] - Object 'Object Repository/V2/Commons/LoginPage/input__username' is visible

2020-09-29 04:40:22 - [TEST_STEP][PASSED] - waitForElementVisible(findTestObject("V2/Commons/LoginPage/input__password"), DefaultTimeout): Object 'Object Repository/V2/Commons/LoginPage/input__password' is visible

2020-09-29 04:40:22 - [MESSAGE][PASSED] - Object 'Object Repository/V2/Commons/LoginPage/input__password' is visible

2020-09-29 04:40:22 - [TEST_STEP][PASSED] - setText(findTestObject("V2/Commons/LoginPage/input__username"), username): Text 'tractiontools.user001+ta5bgh5z@gmail.com' is set on object 'Object Repository/V2/Commons/LoginPage/input__username'

2020-09-29 04:40:23 - [MESSAGE][PASSED] - Text 'tractiontools.user001+ta5bgh5z@gmail.com' is set on object 'Object Repository/V2/Commons/LoginPage/input__username'

2020-09-29 04:40:23 - [TEST_STEP][PASSED] - setText(findTestObject("V2/Commons/LoginPage/input__password"), password): Text 'Qwer123!' is set on object 'Object Repository/V2/Commons/LoginPage/input__password'

2020-09-29 04:40:23 - [MESSAGE][PASSED] - Text 'Qwer123!' is set on object 'Object Repository/V2/Commons/LoginPage/input__password'

2020-09-29 04:40:23 - [TEST_STEP][PASSED] - click(findTestObject("V2/Commons/LoginPage/div_Login")): Object: 'Object Repository/V2/Commons/LoginPage/div_Login' is clicked on

2020-09-29 04:40:23 - [MESSAGE][PASSED] - Object: 'Object Repository/V2/Commons/LoginPage/div_Login' is clicked on

2020-09-29 04:40:23 - [TEST_STEP][PASSED] - waitForElementVisible(findTestObject("V2/Commons/DasboardPage_SidebarMenu/img_Home_logo-big"), DefaultTimeout): Object 'Object Repository/V2/Commons/DasboardPage_SidebarMenu/img_Home_logo-big' is visible

2020-09-29 04:40:28 - [MESSAGE][PASSED] - Object 'Object Repository/V2/Commons/DasboardPage_SidebarMenu/img_Home_logo-big' is visible

2020-09-29 04:40:28 - [TEST_STEP][PASSED] - verifyElementVisible(findTestObject("V2/Commons/DasboardPage_SidebarMenu/img_Home_logo-big"), STOP_ON_FAILURE): Object 'Object Repository/V2/Commons/DasboardPage_SidebarMenu/img_Home_logo-big' is visible

2020-09-29 04:40:28 - [MESSAGE][PASSED] - Object 'Object Repository/V2/Commons/DasboardPage_SidebarMenu/img_Home_logo-big' is visible

2020-09-29 04:40:28 - [MESSAGE][PASSED] - Call Test Case 'Test Cases/V2/Test Case/Pre-conditions/PRE_LoginToTractionToolsApplication' successfully

2020-09-29 04:40:28 - [TEST_STEP][PASSED] - driver2 = new org.openqa.selenium.chrome.ChromeDriver(): null

2020-09-29 04:40:31 - [TEST_STEP][PASSED] - changeWebDriver(driver2): null

2020-09-29 04:40:31 - [TEST_STEP][PASSED] - maximizeWindow(): Current window maximized

2020-09-29 04:40:33 - [MESSAGE][PASSED] - Current window maximized

2020-09-29 04:40:33 - [TEST_STEP][PASSED] - navigateToUrl(V2Url): Navigate to 'https://meetingmaster.dev02.tt-devs.com' successfully

2020-09-29 04:40:35 - [MESSAGE][PASSED] - Navigate to 'https://meetingmaster.dev02.tt-devs.com' successfully

2020-09-29 04:40:35 - [TEST_STEP][PASSED] - callTestCase(findTestCase("V2/Test Case/Pre-conditions/PRE_LoginToTractionToolsApplication"), ["username":supervisor_email, "password":password], STOP_ON_FAILURE): Call Test Case 'Test Cases/V2/Test Case/Pre-conditions/PRE_LoginToTractionToolsApplication' successfully

2020-09-29 04:40:35 - [TEST_CASE][PASSED] - Test Cases/V2/Test Case/Pre-conditions/PRE_LoginToTractionToolsApplication: Test Cases/V2/Test Case/Pre-conditions/PRE_LoginToTractionToolsApplication

2020-09-29 04:40:35 - [TEST_STEP][PASSED] - waitForElementVisible(findTestObject("V2/Commons/LoginPage/input__username"), DefaultTimeout): Object 'Object Repository/V2/Commons/LoginPage/input__username' is visible

2020-09-29 04:40:40 - [MESSAGE][PASSED] - Object 'Object Repository/V2/Commons/LoginPage/input__username' is visible

2020-09-29 04:40:40 - [TEST_STEP][PASSED] - waitForElementVisible(findTestObject("V2/Commons/LoginPage/input__password"), DefaultTimeout): Object 'Object Repository/V2/Commons/LoginPage/input__password' is visible

2020-09-29 04:40:40 - [MESSAGE][PASSED] - Object 'Object Repository/V2/Commons/LoginPage/input__password' is visible

2020-09-29 04:40:40 - [TEST_STEP][PASSED] - setText(findTestObject("V2/Commons/LoginPage/input__username"), username): Text 'tractiontools.user001+ts5ajcnx@gmail.com' is set on object 'Object Repository/V2/Commons/LoginPage/input__username'

2020-09-29 04:40:40 - [MESSAGE][PASSED] - Text 'tractiontools.user001+ts5ajcnx@gmail.com' is set on object 'Object Repository/V2/Commons/LoginPage/input__username'

2020-09-29 04:40:40 - [TEST_STEP][PASSED] - setText(findTestObject("V2/Commons/LoginPage/input__password"), password): Text 'Qwer123!' is set on object 'Object Repository/V2/Commons/LoginPage/input__password'

2020-09-29 04:40:40 - [MESSAGE][PASSED] - Text 'Qwer123!' is set on object 'Object Repository/V2/Commons/LoginPage/input__password'

2020-09-29 04:40:40 - [TEST_STEP][PASSED] - click(findTestObject("V2/Commons/LoginPage/div_Login")): Object: 'Object Repository/V2/Commons/LoginPage/div_Login' is clicked on

2020-09-29 04:40:40 - [MESSAGE][PASSED] - Object: 'Object Repository/V2/Commons/LoginPage/div_Login' is clicked on

2020-09-29 04:40:40 - [TEST_STEP][PASSED] - waitForElementVisible(findTestObject("V2/Commons/DasboardPage_SidebarMenu/img_Home_logo-big"), DefaultTimeout): Object 'Object Repository/V2/Commons/DasboardPage_SidebarMenu/img_Home_logo-big' is visible

2020-09-29 04:40:44 - [MESSAGE][PASSED] - Object 'Object Repository/V2/Commons/DasboardPage_SidebarMenu/img_Home_logo-big' is visible

2020-09-29 04:40:44 - [TEST_STEP][PASSED] - verifyElementVisible(findTestObject("V2/Commons/DasboardPage_SidebarMenu/img_Home_logo-big"), STOP_ON_FAILURE): Object 'Object Repository/V2/Commons/DasboardPage_SidebarMenu/img_Home_logo-big' is visible

2020-09-29 04:40:44 - [MESSAGE][PASSED] - Object 'Object Repository/V2/Commons/DasboardPage_SidebarMenu/img_Home_logo-big' is visible

2020-09-29 04:40:44 - [MESSAGE][PASSED] - Call Test Case 'Test Cases/V2/Test Case/Pre-conditions/PRE_LoginToTractionToolsApplication' successfully

2020-09-29 04:40:44 - [TEST_STEP][PASSED] - driver3 = new org.openqa.selenium.chrome.ChromeDriver(): null

2020-09-29 04:40:47 - [TEST_STEP][PASSED] - changeWebDriver(driver3): null

2020-09-29 04:40:47 - [TEST_STEP][PASSED] - maximizeWindow(): Current window maximized

2020-09-29 04:40:49 - [MESSAGE][PASSED] - Current window maximized

2020-09-29 04:40:49 - [TEST_STEP][PASSED] - navigateToUrl(V2Url): Navigate to 'https://meetingmaster.dev02.tt-devs.com' successfully

2020-09-29 04:40:50 - [MESSAGE][PASSED] - Navigate to 'https://meetingmaster.dev02.tt-devs.com' successfully

2020-09-29 04:40:50 - [TEST_STEP][PASSED] - callTestCase(findTestCase("V2/Test Case/Pre-conditions/PRE_LoginToTractionToolsApplication"), ["username":employee_email, "password":password], STOP_ON_FAILURE): Call Test Case 'Test Cases/V2/Test Case/Pre-conditions/PRE_LoginToTractionToolsApplication' successfully

2020-09-29 04:40:50 - [TEST_CASE][PASSED] - Test Cases/V2/Test Case/Pre-conditions/PRE_LoginToTractionToolsApplication: Test Cases/V2/Test Case/Pre-conditions/PRE_LoginToTractionToolsApplication

2020-09-29 04:40:50 - [TEST_STEP][PASSED] - waitForElementVisible(findTestObject("V2/Commons/LoginPage/input__username"), DefaultTimeout): Object 'Object Repository/V2/Commons/LoginPage/input__username' is visible

2020-09-29 04:40:56 - [MESSAGE][PASSED] - Object 'Object Repository/V2/Commons/LoginPage/input__username' is visible

2020-09-29 04:40:56 - [TEST_STEP][PASSED] - waitForElementVisible(findTestObject("V2/Commons/LoginPage/input__password"), DefaultTimeout): Object 'Object Repository/V2/Commons/LoginPage/input__password' is visible

2020-09-29 04:40:56 - [MESSAGE][PASSED] - Object 'Object Repository/V2/Commons/LoginPage/input__password' is visible

2020-09-29 04:40:56 - [TEST_STEP][PASSED] - setText(findTestObject("V2/Commons/LoginPage/input__username"), username): Text 'tractiontools.user001+te5gcnuz@gmail.com' is set on object 'Object Repository/V2/Commons/LoginPage/input__username'

2020-09-29 04:40:56 - [MESSAGE][PASSED] - Text 'tractiontools.user001+te5gcnuz@gmail.com' is set on object 'Object Repository/V2/Commons/LoginPage/input__username'

2020-09-29 04:40:56 - [TEST_STEP][PASSED] - setText(findTestObject("V2/Commons/LoginPage/input__password"), password): Text 'Qwer123!' is set on object 'Object Repository/V2/Commons/LoginPage/input__password'

2020-09-29 04:40:56 - [MESSAGE][PASSED] - Text 'Qwer123!' is set on object 'Object Repository/V2/Commons/LoginPage/input__password'

2020-09-29 04:40:56 - [TEST_STEP][PASSED] - click(findTestObject("V2/Commons/LoginPage/div_Login")): Object: 'Object Repository/V2/Commons/LoginPage/div_Login' is clicked on

2020-09-29 04:40:56 - [MESSAGE][PASSED] - Object: 'Object Repository/V2/Commons/LoginPage/div_Login' is clicked on

2020-09-29 04:40:56 - [TEST_STEP][PASSED] - waitForElementVisible(findTestObject("V2/Commons/DasboardPage_SidebarMenu/img_Home_logo-big"), DefaultTimeout): Object 'Object Repository/V2/Commons/DasboardPage_SidebarMenu/img_Home_logo-big' is visible

2020-09-29 04:40:59 - [MESSAGE][PASSED] - Object 'Object Repository/V2/Commons/DasboardPage_SidebarMenu/img_Home_logo-big' is visible

2020-09-29 04:40:59 - [TEST_STEP][PASSED] - verifyElementVisible(findTestObject("V2/Commons/DasboardPage_SidebarMenu/img_Home_logo-big"), STOP_ON_FAILURE): Object 'Object Repository/V2/Commons/DasboardPage_SidebarMenu/img_Home_logo-big' is visible

2020-09-29 04:40:59 - [MESSAGE][PASSED] - Object 'Object Repository/V2/Commons/DasboardPage_SidebarMenu/img_Home_logo-big' is visible

2020-09-29 04:40:59 - [MESSAGE][PASSED] - Call Test Case 'Test Cases/V2/Test Case/Pre-conditions/PRE_LoginToTractionToolsApplication' successfully

2020-09-29 04:40:59 - [TEST_STEP][PASSED] - changeWebDriver(driver1): null

2020-09-29 04:40:59 - [TEST_STEP][PASSED] - callTestCase(findTestCase("V2/Test Case/Pre-conditions/PRE_CreateL10Meeting"), ["meetingName":meetingName, "meetingAcronym":meetingAcronym, "meetingType":meetingType, "dropdownOptions_obj":"//div[@id='CREATE_MEETING_L10']//span[text()='%s']/parent::div[@role='option']", ... ], STOP_ON_FAILURE): Call Test Case 'Test Cases/V2/Test Case/Pre-conditions/PRE_CreateL10Meeting' successfully

2020-09-29 04:40:59 - [TEST_CASE][PASSED] - Test Cases/V2/Test Case/Pre-conditions/PRE_CreateL10Meeting: Test Cases/V2/Test Case/Pre-conditions/PRE_CreateL10Meeting

2020-09-29 04:40:59 - [TEST_STEP][PASSED] - click(findTestObject("V2/Commons/DasboardPage_SidebarMenu/MeetingsMenu")): Object: 'Object Repository/V2/Commons/DasboardPage_SidebarMenu/MeetingsMenu' is clicked on

2020-09-29 04:40:59 - [MESSAGE][PASSED] - Object: 'Object Repository/V2/Commons/DasboardPage_SidebarMenu/MeetingsMenu' is clicked on

2020-09-29 04:40:59 - [TEST_STEP][PASSED] - click(findTestObject("Object Repository/V2/Commons/MeetingListPage/div_Create a meeting")): Object: 'Object Repository/V2/Commons/MeetingListPage/div_Create a meeting' is clicked on

2020-09-29 04:41:00 - [MESSAGE][PASSED] - Object: 'Object Repository/V2/Commons/MeetingListPage/div_Create a meeting' is clicked on

2020-09-29 04:41:00 - [TEST_STEP][PASSED] - click(findTestObject("Object Repository/V2/Commons/MeetingListPage/button_Level 10")): Object: 'Object Repository/V2/Commons/MeetingListPage/button_Level 10' is clicked on

2020-09-29 04:41:00 - [MESSAGE][PASSED] - Object: 'Object Repository/V2/Commons/MeetingListPage/button_Level 10' is clicked on

2020-09-29 04:41:00 - [TEST_STEP][PASSED] - waitForElementVisible(findTestObject("V2/Commons/CreateL10MeetingDrawer/input__name"), DefaultTimeout): Object 'Object Repository/V2/Commons/CreateL10MeetingDrawer/input__name' is visible

2020-09-29 04:41:00 - [MESSAGE][PASSED] - Object 'Object Repository/V2/Commons/CreateL10MeetingDrawer/input__name' is visible

2020-09-29 04:41:00 - [TEST_STEP][PASSED] - setText(findTestObject("V2/Commons/CreateL10MeetingDrawer/input__name"), meetingName): Text 'Meeting Admin' is set on object 'Object Repository/V2/Commons/CreateL10MeetingDrawer/input__name'

2020-09-29 04:41:00 - [MESSAGE][PASSED] - Text 'Meeting Admin' is set on object 'Object Repository/V2/Commons/CreateL10MeetingDrawer/input__name'

2020-09-29 04:41:00 - [TEST_STEP][PASSED] - setText(findTestObject("V2/Commons/CreateL10MeetingDrawer/input__acronym"), meetingAcronym): Text 'CL10' is set on object 'Object Repository/V2/Commons/CreateL10MeetingDrawer/input__acronym'

2020-09-29 04:41:00 - [MESSAGE][PASSED] - Text 'CL10' is set on object 'Object Repository/V2/Commons/CreateL10MeetingDrawer/input__acronym'

2020-09-29 04:41:00 - [TEST_STEP][PASSED] - click(findTestObject("V2/Commons/CreateL10MeetingDrawer/input__typeOfMeeting")): Object: 'Object Repository/V2/Commons/CreateL10MeetingDrawer/input__typeOfMeeting' is clicked on

2020-09-29 04:41:00 - [MESSAGE][PASSED] - Object: 'Object Repository/V2/Commons/CreateL10MeetingDrawer/input__typeOfMeeting' is clicked on

2020-09-29 04:41:00 - [TEST_STEP][PASSED] - meetingTypeOption_Obj = tt_CustomKeywords.CustomKeywords.CreateDynamicElement(dropdownOptions_obj, meetingType, "xpath"): Successfully created new dynamic object: //div[@id='CREATE_MEETING_L10']//span[text()='Leadership']/parent::div[@role='option']

2020-09-29 04:41:00 - [MESSAGE][PASSED] - Successfully created new dynamic object: //div[@id='CREATE_MEETING_L10']//span[text()='Leadership']/parent::div[@role='option']

2020-09-29 04:41:00 - [TEST_STEP][PASSED] - click(meetingTypeOption_Obj): Object: '' is clicked on

2020-09-29 04:41:00 - [MESSAGE][PASSED] - Object: '' is clicked on

2020-09-29 04:41:00 - [TEST_STEP][PASSED] - click(findTestObject("V2/Commons/CreateL10MeetingDrawer/div_dayOfMeetingDropdownList")): Object: 'Object Repository/V2/Commons/CreateL10MeetingDrawer/div_dayOfMeetingDropdownList' is clicked on

2020-09-29 04:41:01 - [MESSAGE][PASSED] - Object: 'Object Repository/V2/Commons/CreateL10MeetingDrawer/div_dayOfMeetingDropdownList' is clicked on

2020-09-29 04:41:01 - [TEST_STEP][PASSED] - dayOfMeetingOption_Obj = tt_CustomKeywords.CustomKeywords.CreateDynamicElement(dropdownOptions_obj, dayOfMeeting, "xpath"): Successfully created new dynamic object: //div[@id='CREATE_MEETING_L10']//span[text()='Monday']/parent::div[@role='option']

2020-09-29 04:41:01 - [MESSAGE][PASSED] - Successfully created new dynamic object: //div[@id='CREATE_MEETING_L10']//span[text()='Monday']/parent::div[@role='option']

2020-09-29 04:41:01 - [TEST_STEP][PASSED] - click(dayOfMeetingOption_Obj): Object: '' is clicked on

2020-09-29 04:41:01 - [MESSAGE][PASSED] - Object: '' is clicked on

2020-09-29 04:41:01 - [TEST_STEP][PASSED] - click(findTestObject("V2/Commons/CreateL10MeetingDrawer/input_meetingTime")): Object: 'Object Repository/V2/Commons/CreateL10MeetingDrawer/input_meetingTime' is clicked on

2020-09-29 04:41:01 - [MESSAGE][PASSED] - Object: 'Object Repository/V2/Commons/CreateL10MeetingDrawer/input_meetingTime' is clicked on

2020-09-29 04:41:01 - [TEST_STEP][PASSED] - setText(findTestObject("V2/Commons/CreateL10MeetingDrawer/input_meetingTime"), meetingTime): Text '12:00' is set on object 'Object Repository/V2/Commons/CreateL10MeetingDrawer/input_meetingTime'

2020-09-29 04:41:01 - [MESSAGE][PASSED] - Text '12:00' is set on object 'Object Repository/V2/Commons/CreateL10MeetingDrawer/input_meetingTime'

2020-09-29 04:41:01 - [TEST_STEP][PASSED] - sendKeys(findTestObject("V2/Commons/CreateL10MeetingDrawer/input_meetingTime"), Keys.chord(TAB)): Keys 'TAB + ' sent to object: 'Object Repository/V2/Commons/CreateL10MeetingDrawer/input_meetingTime'

2020-09-29 04:41:01 - [MESSAGE][PASSED] - Keys 'TAB + ' sent to object: 'Object Repository/V2/Commons/CreateL10MeetingDrawer/input_meetingTime'

2020-09-29 04:41:01 - [TEST_STEP][PASSED] - click(findTestObject("V2/Commons/CreateL10MeetingDrawer/div_Create Meeting")): Object: 'Object Repository/V2/Commons/CreateL10MeetingDrawer/div_Create Meeting' is clicked on

2020-09-29 04:41:01 - [MESSAGE][PASSED] - Object: 'Object Repository/V2/Commons/CreateL10MeetingDrawer/div_Create Meeting' is clicked on

2020-09-29 04:41:01 - [TEST_STEP][PASSED] - waitForElementVisible(findTestObject("Object Repository/V2/Commons/MeetingListPage/div_Ill do this later"), DefaultTimeout): Object 'Object Repository/V2/Commons/MeetingListPage/div_Ill do this later' is visible

2020-09-29 04:41:07 - [MESSAGE][PASSED] - Object 'Object Repository/V2/Commons/MeetingListPage/div_Ill do this later' is visible

2020-09-29 04:41:07 - [TEST_STEP][PASSED] - verifyElementVisible(findTestObject("Object Repository/V2/Commons/MeetingListPage/div_Ill do this later"), STOP_ON_FAILURE): Object 'Object Repository/V2/Commons/MeetingListPage/div_Ill do this later' is visible

2020-09-29 04:41:07 - [MESSAGE][PASSED] - Object 'Object Repository/V2/Commons/MeetingListPage/div_Ill do this later' is visible

2020-09-29 04:41:07 - [TEST_STEP][PASSED] - click(findTestObject("Object Repository/V2/Commons/MeetingListPage/div_Ill do this later")): Object: 'Object Repository/V2/Commons/MeetingListPage/div_Ill do this later' is clicked on

2020-09-29 04:41:07 - [MESSAGE][PASSED] - Object: 'Object Repository/V2/Commons/MeetingListPage/div_Ill do this later' is clicked on

2020-09-29 04:41:07 - [TEST_STEP][NOT_RUN] - meetingRecordObj = tt_CustomKeywords.CustomKeywords.CreateDynamicElement(meetingRecord_obj, meetingName, "xpath"): NOT_RUN: meetingRecordObj = tt_CustomKeywords.CustomKeywords.CreateDynamicElement(meetingRecord_obj, meetingName, "xpath")

2020-09-29 04:41:07 - [MESSAGE][NOT_RUN] - NOT_RUN: meetingRecordObj = tt_CustomKeywords.CustomKeywords.CreateDynamicElement(meetingRecord_obj, meetingName, "xpath")

2020-09-29 04:41:07 - [TEST_STEP][PASSED] - waitForElementPresent(findTestObject("V2/Commons/MeetingListPage/D_meetingRecord_meetingName_h2", ["meetingName":meetingName]), DefaultTimeout): Object 'Object Repository/V2/Commons/MeetingListPage/D_meetingRecord_meetingName_h2' is present

2020-09-29 04:41:07 - [MESSAGE][PASSED] - Object 'Object Repository/V2/Commons/MeetingListPage/D_meetingRecord_meetingName_h2' is present

2020-09-29 04:41:07 - [TEST_STEP][PASSED] - verifyElementVisible(findTestObject("V2/Commons/MeetingListPage/D_meetingRecord_meetingName_h2", ["meetingName":meetingName]), STOP_ON_FAILURE): Object 'Object Repository/V2/Commons/MeetingListPage/D_meetingRecord_meetingName_h2' is visible

2020-09-29 04:41:07 - [MESSAGE][PASSED] - Object 'Object Repository/V2/Commons/MeetingListPage/D_meetingRecord_meetingName_h2' is visible

2020-09-29 04:41:07 - [MESSAGE][PASSED] - Call Test Case 'Test Cases/V2/Test Case/Pre-conditions/PRE_CreateL10Meeting' successfully

2020-09-29 04:41:07 - [TEST_STEP][PASSED] - callTestCase(findTestCase("V2/Test Case/Pre-conditions/PRE_AddAllAttendeesToMeeting"), ["meetingName":meetingName, "firstname":supervisor_fname, "lastname":lastname, "userOptionObj":"//span[text()='%s']/parent::div[@role='option']", ... ], STOP_ON_FAILURE): Call Test Case 'Test Cases/V2/Test Case/Pre-conditions/PRE_AddAllAttendeesToMeeting' successfully

2020-09-29 04:41:08 - [TEST_CASE][PASSED] - Test Cases/V2/Test Case/Pre-conditions/PRE_AddAllAttendeesToMeeting: Test Cases/V2/Test Case/Pre-conditions/PRE_AddAllAttendeesToMeeting

2020-09-29 04:41:08 - [TEST_STEP][PASSED] - click(findTestObject("V2/Commons/DasboardPage_SidebarMenu/MeetingsMenu")): Object: 'Object Repository/V2/Commons/DasboardPage_SidebarMenu/MeetingsMenu' is clicked on

2020-09-29 04:41:08 - [MESSAGE][PASSED] - Object: 'Object Repository/V2/Commons/DasboardPage_SidebarMenu/MeetingsMenu' is clicked on

2020-09-29 04:41:08 - [TEST_STEP][PASSED] - attendee_fullname = firstname + " " + lastname: null

2020-09-29 04:41:08 - [TEST_STEP][NOT_RUN] - meetingOpt_Obj = tt_CustomKeywords.CustomKeywords.CreateDynamicElement(meetingOptions_obj, meetingName, "xpath"): NOT_RUN: meetingOpt_Obj = tt_CustomKeywords.CustomKeywords.CreateDynamicElement(meetingOptions_obj, meetingName, "xpath")

2020-09-29 04:41:08 - [MESSAGE][NOT_RUN] - NOT_RUN: meetingOpt_Obj = tt_CustomKeywords.CustomKeywords.CreateDynamicElement(meetingOptions_obj, meetingName, "xpath")

2020-09-29 04:41:08 - [TEST_STEP][NOT_RUN] - click(meetingOpt_Obj): NOT_RUN: click(meetingOpt_Obj)

2020-09-29 04:41:08 - [MESSAGE][NOT_RUN] - NOT_RUN: click(meetingOpt_Obj)

2020-09-29 04:41:08 - [TEST_STEP][PASSED] - click(findTestObject("V2/Commons/MeetingListPage/D_meetingRecord_3DotsOption_div", ["meetingName":meetingName]), STOP_ON_FAILURE): Object: 'Object Repository/V2/Commons/MeetingListPage/D_meetingRecord_3DotsOption_div' is clicked on

2020-09-29 04:41:08 - [MESSAGE][PASSED] - Object: 'Object Repository/V2/Commons/MeetingListPage/D_meetingRecord_3DotsOption_div' is clicked on

2020-09-29 04:41:08 - [TEST_STEP][PASSED] - click(findTestObject("V2/Commons/MeetingListPage/a_Edit meeting")): Object: 'Object Repository/V2/Commons/MeetingListPage/a_Edit meeting' is clicked on

2020-09-29 04:41:08 - [MESSAGE][PASSED] - Object: 'Object Repository/V2/Commons/MeetingListPage/a_Edit meeting' is clicked on

2020-09-29 04:41:08 - [TEST_STEP][PASSED] - waitForElementPresent(findTestObject("V2/Commons/EditMeetingPage/div_Add users"), DefaultTimeout): Object 'Object Repository/V2/Commons/EditMeetingPage/div_Add users' is present

2020-09-29 04:41:09 - [MESSAGE][PASSED] - Object 'Object Repository/V2/Commons/EditMeetingPage/div_Add users' is present

2020-09-29 04:41:09 - [TEST_STEP][PASSED] - delay(5): Delayed 5 second(s)

2020-09-29 04:41:14 - [MESSAGE][PASSED] - Delayed 5 second(s)

2020-09-29 04:41:14 - [TEST_STEP][PASSED] - click(findTestObject("V2/Commons/EditMeetingPage/div_Add users")): Object: 'Object Repository/V2/Commons/EditMeetingPage/div_Add users' is clicked on

2020-09-29 04:41:14 - [MESSAGE][PASSED] - Object: 'Object Repository/V2/Commons/EditMeetingPage/div_Add users' is clicked on

2020-09-29 04:41:14 - [TEST_STEP][PASSED] - delay(5): Delayed 5 second(s)

2020-09-29 04:41:19 - [MESSAGE][PASSED] - Delayed 5 second(s)

2020-09-29 04:41:19 - [TEST_STEP][PASSED] - click(findTestObject("V2/Commons/EditMeetingPage/AddAttendeeUserDropdown")): Object: 'Object Repository/V2/Commons/EditMeetingPage/AddAttendeeUserDropdown' is clicked on

2020-09-29 04:41:19 - [MESSAGE][PASSED] - Object: 'Object Repository/V2/Commons/EditMeetingPage/AddAttendeeUserDropdown' is clicked on

2020-09-29 04:41:19 - [TEST_STEP][PASSED] - attendeeOpt_Obj = tt_CustomKeywords.CustomKeywords.CreateDynamicElement(userOptionObj, attendee_fullname, "xpath"): Successfully created new dynamic object: //span[text()='Supervisor User']/parent::div[@role='option']

2020-09-29 04:41:19 - [MESSAGE][PASSED] - Successfully created new dynamic object: //span[text()='Supervisor User']/parent::div[@role='option']

2020-09-29 04:41:19 - [TEST_STEP][PASSED] - attendeeObjCount = tt_CustomKeywords.CustomKeywords.CountElementInWebPageByDynamicElement(userOptionObj, attendee_fullname, "xpath"): Successfully get the element count. 
Element occurences in Webpage: 2

2020-09-29 04:41:19 - [MESSAGE][PASSED] - Successfully get the element count. 
Element occurences in Webpage: 2

2020-09-29 04:41:19 - [TEST_STEP][PASSED] - attendeeOptSCount = attendeeObjCount.toString(): null

2020-09-29 04:41:19 - [TEST_STEP][PASSED] - out.println(attendeeOptSCount): null

2020-09-29 04:41:19 - [TEST_STEP][PASSED] - attendeeObj_Xpath = attendeeOpt_Obj.findPropertyValue("xpath"): null

2020-09-29 04:41:19 - [TEST_STEP][PASSED] - newAttendeeOpt = "(" + attendeeObj_Xpath + ")[%s]": null

2020-09-29 04:41:19 - [TEST_STEP][PASSED] - out.println(newAttendeeOpt): null

2020-09-29 04:41:19 - [TEST_STEP][PASSED] - newAttendeeOpt_Obj = tt_CustomKeywords.CustomKeywords.CreateDynamicElement(newAttendeeOpt, attendeeOptSCount, "xpath"): Successfully created new dynamic object: (//span[text()='Supervisor User']/parent::div[@role='option'])[2]

2020-09-29 04:41:19 - [MESSAGE][PASSED] - Successfully created new dynamic object: (//span[text()='Supervisor User']/parent::div[@role='option'])[2]

2020-09-29 04:41:19 - [TEST_STEP][PASSED] - click(newAttendeeOpt_Obj): Object: '' is clicked on

2020-09-29 04:41:19 - [MESSAGE][PASSED] - Object: '' is clicked on

2020-09-29 04:41:19 - [TEST_STEP][PASSED] - waitForElementPresent(findTestObject("V2/Commons/EditMeetingPage/AddAttendeeSuccessNotif"), DefaultTimeout): Object 'Object Repository/V2/Commons/EditMeetingPage/AddAttendeeSuccessNotif' is present

2020-09-29 04:41:20 - [MESSAGE][PASSED] - Object 'Object Repository/V2/Commons/EditMeetingPage/AddAttendeeSuccessNotif' is present

2020-09-29 04:41:20 - [TEST_STEP][PASSED] - verifyElementPresent(findTestObject("V2/Commons/EditMeetingPage/AddAttendeeSuccessNotif"), DefaultTimeout): Object 'Object Repository/V2/Commons/EditMeetingPage/AddAttendeeSuccessNotif' is present

2020-09-29 04:41:20 - [MESSAGE][PASSED] - Object 'Object Repository/V2/Commons/EditMeetingPage/AddAttendeeSuccessNotif' is present

2020-09-29 04:41:20 - [TEST_STEP][PASSED] - delay(5): Delayed 5 second(s)

2020-09-29 04:41:25 - [MESSAGE][PASSED] - Delayed 5 second(s)

2020-09-29 04:41:25 - [TEST_STEP][PASSED] - permissionDrop_Obj = tt_CustomKeywords.CustomKeywords.CreateDynamicElement(permissionDropObj, attendee_fullname, "xpath"): Successfully created new dynamic object: //div[@role='alert' and text()='Supervisor User']/ancestor::div[@class='editAttendees__item']//button[contains(@aria-label,'assign')]/parent::div

2020-09-29 04:41:25 - [MESSAGE][PASSED] - Successfully created new dynamic object: //div[@role='alert' and text()='Supervisor User']/ancestor::div[@class='editAttendees__item']//button[contains(@aria-label,'assign')]/parent::div

2020-09-29 04:41:25 - [TEST_STEP][PASSED] - click(permissionDrop_Obj): Object: '' is clicked on

2020-09-29 04:41:25 - [MESSAGE][PASSED] - Object: '' is clicked on

2020-09-29 04:41:25 - [TEST_STEP][PASSED] - permissionDropOpt_Obj_MA = tt_CustomKeywords.CustomKeywords.CreateDynamicElement(permissionDropOptObj_MA, attendee_fullname, "xpath"): Successfully created new dynamic object: //div[@role='alert' and text()='Supervisor User']/ancestor::div[@class='editAttendees__item']//span[text()='Meeting Admin']/parent::div

2020-09-29 04:41:25 - [MESSAGE][PASSED] - Successfully created new dynamic object: //div[@role='alert' and text()='Supervisor User']/ancestor::div[@class='editAttendees__item']//span[text()='Meeting Admin']/parent::div

2020-09-29 04:41:25 - [TEST_STEP][PASSED] - permissionDropOpt_Obj_FE = tt_CustomKeywords.CustomKeywords.CreateDynamicElement(permissionDropOptObj_FE, attendee_fullname, "xpath"): Successfully created new dynamic object: //div[@role='alert' and text()='Supervisor User']/ancestor::div[@class='editAttendees__item']//span[text()='Full editor']/parent::div

2020-09-29 04:41:25 - [MESSAGE][PASSED] - Successfully created new dynamic object: //div[@role='alert' and text()='Supervisor User']/ancestor::div[@class='editAttendees__item']//span[text()='Full editor']/parent::div

2020-09-29 04:41:25 - [TEST_STEP][PASSED] - permissionDropOpt_Obj_BE = tt_CustomKeywords.CustomKeywords.CreateDynamicElement(permissionDropOptObj_BE, attendee_fullname, "xpath"): Successfully created new dynamic object: //div[@role='alert' and text()='Supervisor User']/ancestor::div[@class='editAttendees__item']//span[text()='Basic editor']/parent::div

2020-09-29 04:41:25 - [MESSAGE][PASSED] - Successfully created new dynamic object: //div[@role='alert' and text()='Supervisor User']/ancestor::div[@class='editAttendees__item']//span[text()='Basic editor']/parent::div

2020-09-29 04:41:25 - [TEST_STEP][PASSED] - if (permission == "Meeting Admin"): null

2020-09-29 04:41:25 - [TEST_STEP][PASSED] - if (permission == "Full editor"): null

2020-09-29 04:41:25 - [TEST_STEP][PASSED] - if (permission == "Basic editor"): null

2020-09-29 04:41:25 - [TEST_STEP][PASSED] - delay(5): Delayed 5 second(s)

2020-09-29 04:41:30 - [MESSAGE][PASSED] - Delayed 5 second(s)

2020-09-29 04:41:30 - [TEST_STEP][PASSED] - verifyElementPresent(findTestObject("V2/Commons/DasboardPage_SidebarMenu/MeetingsMenu"), DefaultTimeout): Object 'Object Repository/V2/Commons/DasboardPage_SidebarMenu/MeetingsMenu' is present

2020-09-29 04:41:30 - [MESSAGE][PASSED] - Object 'Object Repository/V2/Commons/DasboardPage_SidebarMenu/MeetingsMenu' is present

2020-09-29 04:41:30 - [TEST_STEP][PASSED] - click(findTestObject("V2/Commons/DasboardPage_SidebarMenu/MeetingsMenu")): Object: 'Object Repository/V2/Commons/DasboardPage_SidebarMenu/MeetingsMenu' is clicked on

2020-09-29 04:41:30 - [MESSAGE][PASSED] - Object: 'Object Repository/V2/Commons/DasboardPage_SidebarMenu/MeetingsMenu' is clicked on

2020-09-29 04:41:30 - [TEST_STEP][PASSED] - waitForElementNotPresent(findTestObject("V2/Commons/EditMeetingPage/AddAttendeeSuccessNotif"), DefaultTimeout): Web element with id: 'Object Repository/V2/Commons/EditMeetingPage/AddAttendeeSuccessNotif' located by 'By.xpath: //h3[text()='New attendee added!']' is not present after '60' second(s)

2020-09-29 04:41:30 - [MESSAGE][PASSED] - Web element with id: 'Object Repository/V2/Commons/EditMeetingPage/AddAttendeeSuccessNotif' located by 'By.xpath: //h3[text()='New attendee added!']' is not present after '60' second(s)

2020-09-29 04:41:30 - [MESSAGE][PASSED] - Call Test Case 'Test Cases/V2/Test Case/Pre-conditions/PRE_AddAllAttendeesToMeeting' successfully

2020-09-29 04:41:30 - [TEST_STEP][PASSED] - callTestCase(findTestCase("V2/Test Case/Pre-conditions/PRE_AddAllAttendeesToMeetingEmployee"), ["meetingName":meetingName, "firstname":employee_fname, "lastname":lastname, "userOptionObj":"//span[text()='%s']/parent::div[@role='option']", ... ], STOP_ON_FAILURE): Call Test Case 'Test Cases/V2/Test Case/Pre-conditions/PRE_AddAllAttendeesToMeetingEmployee' successfully

2020-09-29 04:41:30 - [TEST_CASE][PASSED] - Test Cases/V2/Test Case/Pre-conditions/PRE_AddAllAttendeesToMeetingEmployee: Test Cases/V2/Test Case/Pre-conditions/PRE_AddAllAttendeesToMeetingEmployee

2020-09-29 04:41:31 - [TEST_STEP][PASSED] - click(findTestObject("V2/Commons/DasboardPage_SidebarMenu/MeetingsMenu")): Object: 'Object Repository/V2/Commons/DasboardPage_SidebarMenu/MeetingsMenu' is clicked on

2020-09-29 04:41:31 - [MESSAGE][PASSED] - Object: 'Object Repository/V2/Commons/DasboardPage_SidebarMenu/MeetingsMenu' is clicked on

2020-09-29 04:41:31 - [TEST_STEP][PASSED] - attendee_fullname = firstname + " " + lastname: null

2020-09-29 04:41:31 - [TEST_STEP][NOT_RUN] - meetingOpt_Obj = tt_CustomKeywords.CustomKeywords.CreateDynamicElement(meetingOptions_obj, meetingName, "xpath"): NOT_RUN: meetingOpt_Obj = tt_CustomKeywords.CustomKeywords.CreateDynamicElement(meetingOptions_obj, meetingName, "xpath")

2020-09-29 04:41:31 - [MESSAGE][NOT_RUN] - NOT_RUN: meetingOpt_Obj = tt_CustomKeywords.CustomKeywords.CreateDynamicElement(meetingOptions_obj, meetingName, "xpath")

2020-09-29 04:41:31 - [TEST_STEP][NOT_RUN] - click(meetingOpt_Obj): NOT_RUN: click(meetingOpt_Obj)

2020-09-29 04:41:31 - [MESSAGE][NOT_RUN] - NOT_RUN: click(meetingOpt_Obj)

2020-09-29 04:41:31 - [TEST_STEP][PASSED] - click(findTestObject("V2/Commons/MeetingListPage/D_meetingRecord_3DotsOption_div", ["meetingName":meetingName]), STOP_ON_FAILURE): Object: 'Object Repository/V2/Commons/MeetingListPage/D_meetingRecord_3DotsOption_div' is clicked on

2020-09-29 04:41:31 - [MESSAGE][PASSED] - Object: 'Object Repository/V2/Commons/MeetingListPage/D_meetingRecord_3DotsOption_div' is clicked on

2020-09-29 04:41:31 - [TEST_STEP][PASSED] - click(findTestObject("V2/Commons/MeetingListPage/a_Edit meeting")): Object: 'Object Repository/V2/Commons/MeetingListPage/a_Edit meeting' is clicked on

2020-09-29 04:41:31 - [MESSAGE][PASSED] - Object: 'Object Repository/V2/Commons/MeetingListPage/a_Edit meeting' is clicked on

2020-09-29 04:41:31 - [TEST_STEP][PASSED] - waitForElementPresent(findTestObject("V2/Commons/EditMeetingPage/div_Add users"), DefaultTimeout): Object 'Object Repository/V2/Commons/EditMeetingPage/div_Add users' is present

2020-09-29 04:41:31 - [MESSAGE][PASSED] - Object 'Object Repository/V2/Commons/EditMeetingPage/div_Add users' is present

2020-09-29 04:41:31 - [TEST_STEP][PASSED] - delay(5): Delayed 5 second(s)

2020-09-29 04:41:36 - [MESSAGE][PASSED] - Delayed 5 second(s)

2020-09-29 04:41:36 - [TEST_STEP][PASSED] - click(findTestObject("V2/Commons/EditMeetingPage/div_Add users")): Object: 'Object Repository/V2/Commons/EditMeetingPage/div_Add users' is clicked on

2020-09-29 04:41:36 - [MESSAGE][PASSED] - Object: 'Object Repository/V2/Commons/EditMeetingPage/div_Add users' is clicked on

2020-09-29 04:41:36 - [TEST_STEP][PASSED] - delay(5): Delayed 5 second(s)

2020-09-29 04:41:41 - [MESSAGE][PASSED] - Delayed 5 second(s)

2020-09-29 04:41:41 - [TEST_STEP][PASSED] - click(findTestObject("V2/Commons/EditMeetingPage/AddAttendeeUserDropdown")): Object: 'Object Repository/V2/Commons/EditMeetingPage/AddAttendeeUserDropdown' is clicked on

2020-09-29 04:41:41 - [MESSAGE][PASSED] - Object: 'Object Repository/V2/Commons/EditMeetingPage/AddAttendeeUserDropdown' is clicked on

2020-09-29 04:41:41 - [TEST_STEP][PASSED] - attendeeOpt_Obj = tt_CustomKeywords.CustomKeywords.CreateDynamicElement(userOptionObj, attendee_fullname, "xpath"): Successfully created new dynamic object: //span[text()='Employee User']/parent::div[@role='option']

2020-09-29 04:41:41 - [MESSAGE][PASSED] - Successfully created new dynamic object: //span[text()='Employee User']/parent::div[@role='option']

2020-09-29 04:41:41 - [TEST_STEP][PASSED] - attendeeObjCount = tt_CustomKeywords.CustomKeywords.CountElementInWebPageByDynamicElement(userOptionObj, attendee_fullname, "xpath"): Successfully get the element count. 
Element occurences in Webpage: 3

2020-09-29 04:41:41 - [MESSAGE][PASSED] - Successfully get the element count. 
Element occurences in Webpage: 3

2020-09-29 04:41:41 - [TEST_STEP][PASSED] - attendeeOptSCount = attendeeObjCount.toString(): null

2020-09-29 04:41:41 - [TEST_STEP][PASSED] - out.println(attendeeOptSCount): null

2020-09-29 04:41:41 - [TEST_STEP][PASSED] - attendeeObj_Xpath = attendeeOpt_Obj.findPropertyValue("xpath"): null

2020-09-29 04:41:41 - [TEST_STEP][PASSED] - newAttendeeOpt = "(" + attendeeObj_Xpath + ")[%s]": null

2020-09-29 04:41:41 - [TEST_STEP][PASSED] - out.println(newAttendeeOpt): null

2020-09-29 04:41:41 - [TEST_STEP][PASSED] - newAttendeeOpt_Obj = tt_CustomKeywords.CustomKeywords.CreateDynamicElement(newAttendeeOpt, attendeeOptSCount, "xpath"): Successfully created new dynamic object: (//span[text()='Employee User']/parent::div[@role='option'])[3]

2020-09-29 04:41:41 - [MESSAGE][PASSED] - Successfully created new dynamic object: (//span[text()='Employee User']/parent::div[@role='option'])[3]

2020-09-29 04:41:41 - [TEST_STEP][PASSED] - click(newAttendeeOpt_Obj): Object: '' is clicked on

2020-09-29 04:41:41 - [MESSAGE][PASSED] - Object: '' is clicked on

2020-09-29 04:41:41 - [TEST_STEP][PASSED] - waitForElementPresent(findTestObject("V2/Commons/EditMeetingPage/AddAttendeeSuccessNotif"), DefaultTimeout): Object 'Object Repository/V2/Commons/EditMeetingPage/AddAttendeeSuccessNotif' is present

2020-09-29 04:41:42 - [MESSAGE][PASSED] - Object 'Object Repository/V2/Commons/EditMeetingPage/AddAttendeeSuccessNotif' is present

2020-09-29 04:41:42 - [TEST_STEP][PASSED] - verifyElementPresent(findTestObject("V2/Commons/EditMeetingPage/AddAttendeeSuccessNotif"), DefaultTimeout): Object 'Object Repository/V2/Commons/EditMeetingPage/AddAttendeeSuccessNotif' is present

2020-09-29 04:41:42 - [MESSAGE][PASSED] - Object 'Object Repository/V2/Commons/EditMeetingPage/AddAttendeeSuccessNotif' is present

2020-09-29 04:41:42 - [TEST_STEP][PASSED] - delay(5): Delayed 5 second(s)

2020-09-29 04:41:47 - [MESSAGE][PASSED] - Delayed 5 second(s)

2020-09-29 04:41:47 - [TEST_STEP][PASSED] - permissionDrop_Obj = tt_CustomKeywords.CustomKeywords.CreateDynamicElement(permissionDropObj, attendee_fullname, "xpath"): Successfully created new dynamic object: //div[@role='alert' and text()='Employee User']/ancestor::div[@class='editAttendees__item']//button[contains(@aria-label,'assign')]/parent::div

2020-09-29 04:41:47 - [MESSAGE][PASSED] - Successfully created new dynamic object: //div[@role='alert' and text()='Employee User']/ancestor::div[@class='editAttendees__item']//button[contains(@aria-label,'assign')]/parent::div

2020-09-29 04:41:47 - [TEST_STEP][PASSED] - click(permissionDrop_Obj): Object: '' is clicked on

2020-09-29 04:41:47 - [MESSAGE][PASSED] - Object: '' is clicked on

2020-09-29 04:41:47 - [TEST_STEP][PASSED] - permissionDropOpt_Obj_MA = tt_CustomKeywords.CustomKeywords.CreateDynamicElement(permissionDropOptObj_MA, attendee_fullname, "xpath"): Successfully created new dynamic object: //div[@role='alert' and text()='Employee User']/ancestor::div[@class='editAttendees__item']//span[text()='Meeting Admin']/parent::div

2020-09-29 04:41:47 - [MESSAGE][PASSED] - Successfully created new dynamic object: //div[@role='alert' and text()='Employee User']/ancestor::div[@class='editAttendees__item']//span[text()='Meeting Admin']/parent::div

2020-09-29 04:41:47 - [TEST_STEP][PASSED] - permissionDropOpt_Obj_FE = tt_CustomKeywords.CustomKeywords.CreateDynamicElement(permissionDropOptObj_FE, attendee_fullname, "xpath"): Successfully created new dynamic object: //div[@role='alert' and text()='Employee User']/ancestor::div[@class='editAttendees__item']//span[text()='Full editor']/parent::div

2020-09-29 04:41:47 - [MESSAGE][PASSED] - Successfully created new dynamic object: //div[@role='alert' and text()='Employee User']/ancestor::div[@class='editAttendees__item']//span[text()='Full editor']/parent::div

2020-09-29 04:41:47 - [TEST_STEP][PASSED] - permissionDropOpt_Obj_BE = tt_CustomKeywords.CustomKeywords.CreateDynamicElement(permissionDropOptObj_BE, attendee_fullname, "xpath"): Successfully created new dynamic object: //div[@role='alert' and text()='Employee User']/ancestor::div[@class='editAttendees__item']//span[text()='Basic editor']

2020-09-29 04:41:47 - [MESSAGE][PASSED] - Successfully created new dynamic object: //div[@role='alert' and text()='Employee User']/ancestor::div[@class='editAttendees__item']//span[text()='Basic editor']

2020-09-29 04:41:47 - [TEST_STEP][PASSED] - click(permissionDropOpt_Obj_BE): Object: '' is clicked on

2020-09-29 04:41:47 - [MESSAGE][PASSED] - Object: '' is clicked on

2020-09-29 04:41:47 - [TEST_STEP][PASSED] - waitForElementPresent(findTestObject("V2/Commons/EditMeetingPage/AddAttendeePermSuccessNotif"), DefaultTimeout): Object 'Object Repository/V2/Commons/EditMeetingPage/AddAttendeePermSuccessNotif' is present

2020-09-29 04:41:48 - [MESSAGE][PASSED] - Object 'Object Repository/V2/Commons/EditMeetingPage/AddAttendeePermSuccessNotif' is present

2020-09-29 04:41:48 - [TEST_STEP][PASSED] - verifyElementPresent(findTestObject("V2/Commons/EditMeetingPage/AddAttendeePermSuccessNotif"), DefaultTimeout): Object 'Object Repository/V2/Commons/EditMeetingPage/AddAttendeePermSuccessNotif' is present

2020-09-29 04:41:48 - [MESSAGE][PASSED] - Object 'Object Repository/V2/Commons/EditMeetingPage/AddAttendeePermSuccessNotif' is present

2020-09-29 04:41:48 - [TEST_STEP][PASSED] - delay(5): Delayed 5 second(s)

2020-09-29 04:41:53 - [MESSAGE][PASSED] - Delayed 5 second(s)

2020-09-29 04:41:53 - [TEST_STEP][PASSED] - verifyElementPresent(findTestObject("V2/Commons/DasboardPage_SidebarMenu/MeetingsMenu"), DefaultTimeout): Object 'Object Repository/V2/Commons/DasboardPage_SidebarMenu/MeetingsMenu' is present

2020-09-29 04:41:53 - [MESSAGE][PASSED] - Object 'Object Repository/V2/Commons/DasboardPage_SidebarMenu/MeetingsMenu' is present

2020-09-29 04:41:53 - [TEST_STEP][PASSED] - click(findTestObject("V2/Commons/DasboardPage_SidebarMenu/MeetingsMenu")): Object: 'Object Repository/V2/Commons/DasboardPage_SidebarMenu/MeetingsMenu' is clicked on

2020-09-29 04:41:53 - [MESSAGE][PASSED] - Object: 'Object Repository/V2/Commons/DasboardPage_SidebarMenu/MeetingsMenu' is clicked on

2020-09-29 04:41:53 - [TEST_STEP][PASSED] - waitForElementNotPresent(findTestObject("V2/Commons/EditMeetingPage/AddAttendeeSuccessNotif"), DefaultTimeout): Web element with id: 'Object Repository/V2/Commons/EditMeetingPage/AddAttendeeSuccessNotif' located by 'By.xpath: //h3[text()='New attendee added!']' is not present after '60' second(s)

2020-09-29 04:41:53 - [MESSAGE][PASSED] - Web element with id: 'Object Repository/V2/Commons/EditMeetingPage/AddAttendeeSuccessNotif' located by 'By.xpath: //h3[text()='New attendee added!']' is not present after '60' second(s)

2020-09-29 04:41:53 - [MESSAGE][PASSED] - Call Test Case 'Test Cases/V2/Test Case/Pre-conditions/PRE_AddAllAttendeesToMeetingEmployee' successfully

2020-09-29 04:41:53 - [TEST_STEP][PASSED] - callTestCase(findTestCase("V2/Test Case/Tests/TT-238 - VTO/Test Cases/Positive/Admin/TT_238_2_EditCoreValues_Admin"), ["admin_fname":"", "lastname":"", "phonenumber":"9999999999", "company":"Traction Tools", "password":"", "admin_email_prefix":"", ... ], STOP_ON_FAILURE): Call Test Case 'Test Cases/V2/Test Case/Tests/TT-238 - VTO/Test Cases/Positive/Admin/TT_238_2_EditCoreValues_Admin' successfully

2020-09-29 04:41:53 - [TEST_CASE][PASSED] - Test Cases/V2/Test Case/Tests/TT-238 - VTO/Test Cases/Positive/Admin/TT_238_2_EditCoreValues_Admin: Test Cases/V2/Test Case/Tests/TT-238 - VTO/Test Cases/Positive/Admin/TT_238_2_EditCoreValues_Admin

2020-09-29 04:41:53 - [TEST_STEP][PASSED] - waitForElementVisible(findTestObject("V2/TT-238/VTO"), DefaultTimeout): Object 'Object Repository/V2/TT-238/VTO' is visible

2020-09-29 04:41:53 - [MESSAGE][PASSED] - Object 'Object Repository/V2/TT-238/VTO' is visible

2020-09-29 04:41:53 - [TEST_STEP][PASSED] - click(findTestObject("V2/TT-238/VTO")): Object: 'Object Repository/V2/TT-238/VTO' is clicked on

2020-09-29 04:41:53 - [MESSAGE][PASSED] - Object: 'Object Repository/V2/TT-238/VTO' is clicked on

2020-09-29 04:41:53 - [TEST_STEP][PASSED] - waitForElementVisible(findTestObject("V2/TT-238/VTO_CoreValues"), DefaultTimeout): Object 'Object Repository/V2/TT-238/VTO_CoreValues' is visible

2020-09-29 04:41:57 - [MESSAGE][PASSED] - Object 'Object Repository/V2/TT-238/VTO_CoreValues' is visible

2020-09-29 04:41:57 - [TEST_STEP][PASSED] - click(findTestObject("V2/TT-238/VTO_CoreValues")): Object: 'Object Repository/V2/TT-238/VTO_CoreValues' is clicked on

2020-09-29 04:41:57 - [MESSAGE][PASSED] - Object: 'Object Repository/V2/TT-238/VTO_CoreValues' is clicked on

2020-09-29 04:41:57 - [TEST_STEP][PASSED] - sendKeys(findTestObject("V2/TT-238/VTO_CoreValues"), Keys.chord(LEFT_CONTROL, "a", BACK_SPACE)): Keys 'CONTROL + BACK_SPACE + a' sent to object: 'Object Repository/V2/TT-238/VTO_CoreValues'

2020-09-29 04:41:57 - [MESSAGE][PASSED] - Keys 'CONTROL + BACK_SPACE + a' sent to object: 'Object Repository/V2/TT-238/VTO_CoreValues'

2020-09-29 04:41:57 - [TEST_STEP][PASSED] - sendKeys(findTestObject("V2/TT-238/VTO_CoreValues"), "Sample Core Values"): Keys 'Sample Core Values' sent to object: 'Object Repository/V2/TT-238/VTO_CoreValues'

2020-09-29 04:41:57 - [MESSAGE][PASSED] - Keys 'Sample Core Values' sent to object: 'Object Repository/V2/TT-238/VTO_CoreValues'

2020-09-29 04:41:57 - [TEST_STEP][PASSED] - delay(5): Delayed 5 second(s)

2020-09-29 04:42:02 - [MESSAGE][PASSED] - Delayed 5 second(s)

2020-09-29 04:42:02 - [MESSAGE][PASSED] - Call Test Case 'Test Cases/V2/Test Case/Tests/TT-238 - VTO/Test Cases/Positive/Admin/TT_238_2_EditCoreValues_Admin' successfully

2020-09-29 04:42:02 - [TEST_STEP][PASSED] - changeWebDriver(driver2): null

2020-09-29 04:42:02 - [TEST_STEP][PASSED] - callTestCase(findTestCase("V2/Test Case/Tests/TT-238 - VTO/Test Cases/Positive/Supervisor/TT_238_2_EditCoreValues_Supervisor"), ["admin_fname":"", "lastname":"", "phonenumber":"9999999999", "company":"Traction Tools", "password":"", "admin_email_prefix":"", ... ], STOP_ON_FAILURE): Call Test Case 'Test Cases/V2/Test Case/Tests/TT-238 - VTO/Test Cases/Positive/Supervisor/TT_238_2_EditCoreValues_Supervisor' successfully

2020-09-29 04:42:02 - [TEST_CASE][PASSED] - Test Cases/V2/Test Case/Tests/TT-238 - VTO/Test Cases/Positive/Supervisor/TT_238_2_EditCoreValues_Supervisor: Test Cases/V2/Test Case/Tests/TT-238 - VTO/Test Cases/Positive/Supervisor/TT_238_2_EditCoreValues_Supervisor

2020-09-29 04:42:02 - [TEST_STEP][PASSED] - waitForElementVisible(findTestObject("V2/TT-238/VTO"), DefaultTimeout): Object 'Object Repository/V2/TT-238/VTO' is visible

2020-09-29 04:42:02 - [MESSAGE][PASSED] - Object 'Object Repository/V2/TT-238/VTO' is visible

2020-09-29 04:42:02 - [TEST_STEP][PASSED] - click(findTestObject("V2/TT-238/VTO")): Object: 'Object Repository/V2/TT-238/VTO' is clicked on

2020-09-29 04:42:02 - [MESSAGE][PASSED] - Object: 'Object Repository/V2/TT-238/VTO' is clicked on

2020-09-29 04:42:02 - [TEST_STEP][PASSED] - waitForElementVisible(findTestObject("V2/TT-238/VTO_CoreValues"), DefaultTimeout): Object 'Object Repository/V2/TT-238/VTO_CoreValues' is visible

2020-09-29 04:42:06 - [MESSAGE][PASSED] - Object 'Object Repository/V2/TT-238/VTO_CoreValues' is visible

2020-09-29 04:42:06 - [TEST_STEP][PASSED] - click(findTestObject("V2/TT-238/VTO_CoreValues")): Object: 'Object Repository/V2/TT-238/VTO_CoreValues' is clicked on

2020-09-29 04:42:06 - [MESSAGE][PASSED] - Object: 'Object Repository/V2/TT-238/VTO_CoreValues' is clicked on

2020-09-29 04:42:06 - [TEST_STEP][PASSED] - sendKeys(findTestObject("V2/TT-238/VTO_CoreValues"), Keys.chord(LEFT_CONTROL, "a", BACK_SPACE)): Keys 'CONTROL + BACK_SPACE + a' sent to object: 'Object Repository/V2/TT-238/VTO_CoreValues'

2020-09-29 04:42:06 - [MESSAGE][PASSED] - Keys 'CONTROL + BACK_SPACE + a' sent to object: 'Object Repository/V2/TT-238/VTO_CoreValues'

2020-09-29 04:42:06 - [TEST_STEP][PASSED] - sendKeys(findTestObject("V2/TT-238/VTO_CoreValues"), "Sample Core Values"): Keys 'Sample Core Values' sent to object: 'Object Repository/V2/TT-238/VTO_CoreValues'

2020-09-29 04:42:06 - [MESSAGE][PASSED] - Keys 'Sample Core Values' sent to object: 'Object Repository/V2/TT-238/VTO_CoreValues'

2020-09-29 04:42:06 - [TEST_STEP][PASSED] - delay(5): Delayed 5 second(s)

2020-09-29 04:42:11 - [MESSAGE][PASSED] - Delayed 5 second(s)

2020-09-29 04:42:11 - [MESSAGE][PASSED] - Call Test Case 'Test Cases/V2/Test Case/Tests/TT-238 - VTO/Test Cases/Positive/Supervisor/TT_238_2_EditCoreValues_Supervisor' successfully

2020-09-29 04:42:11 - [TEST_STEP][PASSED] - changeWebDriver(driver3): null

2020-09-29 04:42:11 - [TEST_STEP][PASSED] - callTestCase(findTestCase("V2/Test Case/Tests/TT-238 - VTO/Test Cases/Positive/Employee/TT_238_2_EditCoreValues_Employee"), ["admin_fname":"", "lastname":"", "phonenumber":"9999999999", "company":"Traction Tools", "password":"", "admin_email_prefix":"", ... ], STOP_ON_FAILURE): Call Test Case 'Test Cases/V2/Test Case/Tests/TT-238 - VTO/Test Cases/Positive/Employee/TT_238_2_EditCoreValues_Employee' successfully

2020-09-29 04:42:11 - [TEST_CASE][PASSED] - Test Cases/V2/Test Case/Tests/TT-238 - VTO/Test Cases/Positive/Employee/TT_238_2_EditCoreValues_Employee: Test Cases/V2/Test Case/Tests/TT-238 - VTO/Test Cases/Positive/Employee/TT_238_2_EditCoreValues_Employee

2020-09-29 04:42:12 - [TEST_STEP][PASSED] - waitForElementVisible(findTestObject("V2/TT-238/VTO"), DefaultTimeout): Object 'Object Repository/V2/TT-238/VTO' is visible

2020-09-29 04:42:12 - [MESSAGE][PASSED] - Object 'Object Repository/V2/TT-238/VTO' is visible

2020-09-29 04:42:12 - [TEST_STEP][PASSED] - click(findTestObject("V2/TT-238/VTO")): Object: 'Object Repository/V2/TT-238/VTO' is clicked on

2020-09-29 04:42:12 - [MESSAGE][PASSED] - Object: 'Object Repository/V2/TT-238/VTO' is clicked on

2020-09-29 04:42:12 - [TEST_STEP][PASSED] - waitForElementVisible(findTestObject("V2/TT-238/VTO_CoreValues"), DefaultTimeout): Object 'Object Repository/V2/TT-238/VTO_CoreValues' is visible

2020-09-29 04:42:14 - [MESSAGE][PASSED] - Object 'Object Repository/V2/TT-238/VTO_CoreValues' is visible

2020-09-29 04:42:14 - [TEST_STEP][PASSED] - A_coreValues = getAttribute(findTestObject("V2/TT-238/VTO_CoreValues"), "contenteditable"): Attribute 'contenteditable' of object 'Object Repository/V2/TT-238/VTO_CoreValues' is: 'false'

2020-09-29 04:42:14 - [MESSAGE][PASSED] - Attribute 'contenteditable' of object 'Object Repository/V2/TT-238/VTO_CoreValues' is: 'false'

2020-09-29 04:42:14 - [TEST_STEP][PASSED] - tt_CustomKeywords.CustomKeywords.VerifyTextContains(A_coreValues, "false"): Text Matched.

2020-09-29 04:42:14 - [MESSAGE][PASSED] - Text Matched.

2020-09-29 04:42:14 - [TEST_STEP][PASSED] - delay(5): Delayed 5 second(s)

2020-09-29 04:42:19 - [MESSAGE][PASSED] - Delayed 5 second(s)

2020-09-29 04:42:19 - [MESSAGE][PASSED] - Call Test Case 'Test Cases/V2/Test Case/Tests/TT-238 - VTO/Test Cases/Positive/Employee/TT_238_2_EditCoreValues_Employee' successfully

2020-09-29 04:42:19 - [TEST_STEP][PASSED] - delay(10): Delayed 10 second(s)

2020-09-29 04:42:29 - [MESSAGE][PASSED] - Delayed 10 second(s)

2020-09-29 04:42:29 - [TEST_STEP][PASSED] - tt_CustomKeywords.CustomKeywords.CloseWebDriver(driver3): tt_CustomKeywords.CustomKeywords.CloseWebDriver is PASSED

2020-09-29 04:42:34 - [MESSAGE][PASSED] - tt_CustomKeywords.CustomKeywords.CloseWebDriver is PASSED

2020-09-29 04:42:34 - [TEST_STEP][PASSED] - tt_CustomKeywords.CustomKeywords.CloseWebDriver(driver2): tt_CustomKeywords.CustomKeywords.CloseWebDriver is PASSED

2020-09-29 04:42:39 - [MESSAGE][PASSED] - tt_CustomKeywords.CustomKeywords.CloseWebDriver is PASSED

2020-09-29 04:42:39 - [TEST_STEP][PASSED] - tt_CustomKeywords.CustomKeywords.CloseWebDriver(driver1): tt_CustomKeywords.CustomKeywords.CloseWebDriver is PASSED

2020-09-29 04:42:44 - [MESSAGE][PASSED] - tt_CustomKeywords.CustomKeywords.CloseWebDriver is PASSED]]></system-out>
         <system-err><![CDATA[]]></system-err>
      </testcase>
      <system-out><![CDATA[2020-09-29 04:38:56 - [TEST_SUITE][PASSED] - TT-238_TestSuite: Test Cases/V2/Test Case/Tests/TT-238 - VTO/Test Cases/Positive/TT_369_2_EditCoreValues_AllTestCase]]></system-out>
      <system-err><![CDATA[]]></system-err>
   </testsuite>
</testsuites>
