<?xml version="1.0" encoding="UTF-8"?>
<testsuites name="PR-369_TestSuite" time="534.74" tests="1" failures="0" errors="0">
   <testsuite name="PR-369_TestSuite" tests="1" failures="0" errors="0" time="534.74" timestamp="2020-09-09 12:04:23" hostname="Aaron-PC - host.docker.internal" id="Test Suites/V2/Tests/PR-369 - EditMeetingAgenda/PR-369_TestSuite">
      <properties>
         <property name="deviceName" value=""/>
         <property name="devicePlatform" value=""/>
         <property name="logFolder" value="C:\\Users\\Aaron-PC\\git\\TractionTools\\Reports\\20200909_120422\\V2\\Tests\\PR-369 - EditMeetingAgenda\\PR-369_TestSuite\\20200909_120422"/>
         <property name="logFiles" value="C:\\Users\\Aaron-PC\\git\\TractionTools\\Reports\\20200909_120422\\V2\\Tests\\PR-369 - EditMeetingAgenda\\PR-369_TestSuite\\20200909_120422\\execution0.log"/>
         <property name="attachments" value=""/>
         <property name="hostName" value="Aaron-PC - host.docker.internal"/>
         <property name="os" value="Windows 10 64bit"/>
         <property name="katalonVersion" value="7.6.6.205"/>
         <property name="browser" value="Chrome 85.0.4183.83"/>
         <property name="hostAddress" value="192.168.1.48"/>
         <property name="sessionId" value="ad3d692ce03361ac05ab6ed1230c4856"/>
         <property name="seleniumVersion" value="3.141.59"/>
         <property name="proxyInformation" value="ProxyInformation { proxyOption=NO_PROXY, proxyServerType=HTTP, username=, password=********, proxyServerAddress=, proxyServerPort=0, executionList=&quot;&quot;, isApplyToDesiredCapabilities=true }"/>
         <property name="platform" value="Windows 10"/>
      </properties>
      <testcase name="Test Cases/V2/Test Case/Tests/PR-369 - EditMeetingAgenda/Test Cases/Positive/TT_369_8_EditTodo_AllTestCase" time="534.251" classname="Test Cases/V2/Test Case/Tests/PR-369 - EditMeetingAgenda/Test Cases/Positive/TT_369_8_EditTodo_AllTestCase" status="PASSED">
         <system-out><![CDATA[2020-09-09 12:04:23 - [TEST_CASE][PASSED] - Test Cases/V2/Test Case/Tests/PR-369 - EditMeetingAgenda/Test Cases/Positive/TT_369_8_EditTodo_AllTestCase: Test Cases/V2/Test Case/Tests/PR-369 - EditMeetingAgenda/Test Cases/Positive/TT_369_8_EditTodo_AllTestCase

2020-09-09 12:04:24 - [TEST_STEP][PASSED] - callTestCase(findTestCase("V2/Test Case/Pre-conditions/PRE_RegisterAndActivateTTUsers"), ["admin_fname":admin_fname, "lastname":lastname, "phonenumber":"9999999999", "company":"Traction Tools", "password":password, ... ], STOP_ON_FAILURE): Call Test Case 'Test Cases/V2/Test Case/Pre-conditions/PRE_RegisterAndActivateTTUsers' successfully

2020-09-09 12:04:24 - [TEST_CASE][PASSED] - Test Cases/V2/Test Case/Pre-conditions/PRE_RegisterAndActivateTTUsers: Test Cases/V2/Test Case/Pre-conditions/PRE_RegisterAndActivateTTUsers

2020-09-09 12:04:24 - [TEST_STEP][PASSED] - email = tt_CustomKeywords.CustomKeywords.GenerateRandomEmailAddress(admin_email_prefix, admin_email_domain, randomTextLength): Successfully generated a random email: tractiontools.user001+ta5glgsd@gmail.com

2020-09-09 12:04:24 - [MESSAGE][PASSED] - Successfully generated a random email: tractiontools.user001+ta5glgsd@gmail.com

2020-09-09 12:04:24 - [TEST_STEP][PASSED] - supervisor_email = tt_CustomKeywords.CustomKeywords.GenerateRandomEmailAddress(supervisor_email_prefix, supervisor_email_domain, randomTextLength): Successfully generated a random email: tractiontools.user001+ts59pbm5@gmail.com

2020-09-09 12:04:24 - [MESSAGE][PASSED] - Successfully generated a random email: tractiontools.user001+ts59pbm5@gmail.com

2020-09-09 12:04:24 - [TEST_STEP][PASSED] - employee_email = tt_CustomKeywords.CustomKeywords.GenerateRandomEmailAddress(employee_email_prefix, employee_email_domain, randomTextLength): Successfully generated a random email: tractiontools.user001+te5diklc@gmail.com

2020-09-09 12:04:24 - [MESSAGE][PASSED] - Successfully generated a random email: tractiontools.user001+te5diklc@gmail.com

2020-09-09 12:04:24 - [TEST_STEP][PASSED] - adminDetails = tt_CustomKeywords.CustomKeywords.RegisterUserViaAPIAndGenerateActivateURL(email, admin_fname, lastname, phonenumber, company, "__JSON__{\"howDidYouHearAboutUs\":\"Facebook\",\"implementer\":\"\",\"existingTractionToolsClient\":\"\",\"other\":\"\"}", "__JSON__{\"timeZone\":\"America/Guatemala\",\"brandColor\":\"#023047\",\"q1Start\":null,\"q1End\":null,\"q2Start\":null,\"q2End\":null,\"q3Start\":null,\"q3End\":null,\"q4Start\":null,\"q4End\":null,\"quarterDatesSetsRocks\":false,\"exportUsers\":false,\"exportRocks\":false,\"exportRocksIncludesMilestones\":false,\"exportScorecards\":false,\"exportTodos\":false,\"exportTodosIncludesNotes\":false,\"exportPeopleHeadlines\":false,\"exportPeopleHeadlinesIncludesNotes\":false,\"exportIssues\":false,\"exportIssuesIncludesNotes\":false,\"exportContextAwareTodos\":false,\"dateFormat\":\"MM/DD/YYYY\",\"timeFormat\":\"h:mma\",\"numberFormat\":\"-1,000.99\",\"supervisorsArchiveRestoreUsers\":false,\"supervisorsEditPositions\":false,\"milestonesAvailableToAll\":false,\"customMeetingTemplatesEnabled\":false,\"receiveTodoReminders\":false,\"todoReminderTime\":\"13:00\",\"todoReminderTimeZone\":\"America/Guatemala\",\"todoReminderFrequency\":\"DAILY\",\"vtoMeetingId\":\"\",\"vtoDisplayMode\":\"ALL\",\"coreValues\":[{\"id\":\"1\",\"text\":\"\"},{\"id\":\"2\",\"text\":\"\"},{\"id\":\"3\",\"text\":\"\"}]}", password, V2Url): SUCCESFFULLY registered a new user via API. 
 Generated Activation Link: 
https://v2dev.traction.tools/activate?activationKey=9e0fda22-ff7d-48fd-ace6-a32399768e7f&userId=08ff52b7-2634-4406-a75d-476c37556334&orgId=60541671-6144-4d49-b23d-beb82d0cfbe0&email=tractiontools.user001+ta5glgsd@gmail.com&teamsId=cd7b0636-ee14-4d4d-8418-0cf7e633b548&meetingsId=45ae67cf-280f-42e5-b9a1-0b15c151012d&adminsId=a0990ecd-eb0e-4d6b-95c5-432f1ee3b340&usersId=f079ee47-dfa5-4b55-b6c2-70e446ae277e&supervisorsId=d5ce93aa-cf81-4b5f-993e-d31d24f27ffe&accountabilityChartId=23585d76-c99a-4c5a-9ca7-114c00b4338f&isCreator=1

2020-09-09 12:04:42 - [MESSAGE][PASSED] - SUCCESFFULLY registered a new user via API. 
 Generated Activation Link: 
https://v2dev.traction.tools/activate?activationKey=9e0fda22-ff7d-48fd-ace6-a32399768e7f&userId=08ff52b7-2634-4406-a75d-476c37556334&orgId=60541671-6144-4d49-b23d-beb82d0cfbe0&email=tractiontools.user001+ta5glgsd@gmail.com&teamsId=cd7b0636-ee14-4d4d-8418-0cf7e633b548&meetingsId=45ae67cf-280f-42e5-b9a1-0b15c151012d&adminsId=a0990ecd-eb0e-4d6b-95c5-432f1ee3b340&usersId=f079ee47-dfa5-4b55-b6c2-70e446ae277e&supervisorsId=d5ce93aa-cf81-4b5f-993e-d31d24f27ffe&accountabilityChartId=23585d76-c99a-4c5a-9ca7-114c00b4338f&isCreator=1

2020-09-09 12:04:42 - [TEST_STEP][PASSED] - activationURL = adminDetails[0]: null

2020-09-09 12:04:42 - [TEST_STEP][PASSED] - orgID = adminDetails[1]: null

2020-09-09 12:04:42 - [TEST_STEP][PASSED] - out.println("URL: " + activationURL): null

2020-09-09 12:04:42 - [TEST_STEP][PASSED] - out.println("orgID: " + orgID): null

2020-09-09 12:04:42 - [TEST_STEP][PASSED] - supervisorUser_name = supervisor_fname + " " + lastname: null

2020-09-09 12:04:42 - [TEST_STEP][PASSED] - openBrowser(""): Browser is opened with url: ''

2020-09-09 12:04:42 - [MESSAGE][INFO] - Starting 'Chrome' driver

2020-09-09 12:04:42 - [MESSAGE][INFO] - Action delay is set to 0 milliseconds

2020-09-09 12:04:46 - [MESSAGE][PASSED] - Browser is opened with url: ''

2020-09-09 12:04:46 - [TEST_STEP][PASSED] - maximizeWindow(): Current window maximized

2020-09-09 12:04:48 - [MESSAGE][PASSED] - Current window maximized

2020-09-09 12:04:48 - [TEST_STEP][PASSED] - callTestCase(findTestCase("V2/Test Case/Pre-conditions/PRE_ActivateNewUser"), ["activationURL":activationURL, "email":email, "password":password], STOP_ON_FAILURE): Call Test Case 'Test Cases/V2/Test Case/Pre-conditions/PRE_ActivateNewUser' successfully

2020-09-09 12:04:48 - [TEST_CASE][PASSED] - Test Cases/V2/Test Case/Pre-conditions/PRE_ActivateNewUser: Test Cases/V2/Test Case/Pre-conditions/PRE_ActivateNewUser

2020-09-09 12:04:48 - [TEST_STEP][PASSED] - navigateToUrl(activationURL): Navigate to 'https://v2dev.traction.tools/activate?activationKey=9e0fda22-ff7d-48fd-ace6-a32399768e7f&userId=08ff52b7-2634-4406-a75d-476c37556334&orgId=60541671-6144-4d49-b23d-beb82d0cfbe0&email=tractiontools.user001+ta5glgsd@gmail.com&teamsId=cd7b0636-ee14-4d4d-8418-0cf7e633b548&meetingsId=45ae67cf-280f-42e5-b9a1-0b15c151012d&adminsId=a0990ecd-eb0e-4d6b-95c5-432f1ee3b340&usersId=f079ee47-dfa5-4b55-b6c2-70e446ae277e&supervisorsId=d5ce93aa-cf81-4b5f-993e-d31d24f27ffe&accountabilityChartId=23585d76-c99a-4c5a-9ca7-114c00b4338f&isCreator=1' successfully

2020-09-09 12:04:50 - [MESSAGE][PASSED] - Navigate to 'https://v2dev.traction.tools/activate?activationKey=9e0fda22-ff7d-48fd-ace6-a32399768e7f&userId=08ff52b7-2634-4406-a75d-476c37556334&orgId=60541671-6144-4d49-b23d-beb82d0cfbe0&email=tractiontools.user001+ta5glgsd@gmail.com&teamsId=cd7b0636-ee14-4d4d-8418-0cf7e633b548&meetingsId=45ae67cf-280f-42e5-b9a1-0b15c151012d&adminsId=a0990ecd-eb0e-4d6b-95c5-432f1ee3b340&usersId=f079ee47-dfa5-4b55-b6c2-70e446ae277e&supervisorsId=d5ce93aa-cf81-4b5f-993e-d31d24f27ffe&accountabilityChartId=23585d76-c99a-4c5a-9ca7-114c00b4338f&isCreator=1' successfully

2020-09-09 12:04:50 - [TEST_STEP][PASSED] - waitForElementVisible(findTestObject("V2/Commons/ActivationPage/input_Email_email"), DefaultTimeout): Object 'Object Repository/V2/Commons/ActivationPage/input_Email_email' is visible

2020-09-09 12:04:57 - [MESSAGE][PASSED] - Object 'Object Repository/V2/Commons/ActivationPage/input_Email_email' is visible

2020-09-09 12:04:57 - [TEST_STEP][PASSED] - actual_email = getAttribute(findTestObject("Object Repository/V2/Commons/ActivationPage/input_Email_email"), "value"): Attribute 'value' of object 'Object Repository/V2/Commons/ActivationPage/input_Email_email' is: 'tractiontools.user001+ta5glgsd@gmail.com'

2020-09-09 12:04:58 - [MESSAGE][PASSED] - Attribute 'value' of object 'Object Repository/V2/Commons/ActivationPage/input_Email_email' is: 'tractiontools.user001+ta5glgsd@gmail.com'

2020-09-09 12:04:58 - [TEST_STEP][PASSED] - verifyMatch(actual_email, email, false): Actual text 'tractiontools.user001+ta5glgsd@gmail.com' and expected text 'tractiontools.user001+ta5glgsd@gmail.com' are matched 

2020-09-09 12:04:58 - [MESSAGE][PASSED] - Actual text 'tractiontools.user001+ta5glgsd@gmail.com' and expected text 'tractiontools.user001+ta5glgsd@gmail.com' are matched 

2020-09-09 12:04:58 - [TEST_STEP][PASSED] - setText(findTestObject("V2/Commons/ActivationPage/input_password"), password): Text 'Qwer123!' is set on object 'Object Repository/V2/Commons/ActivationPage/input_password'

2020-09-09 12:04:58 - [MESSAGE][PASSED] - Text 'Qwer123!' is set on object 'Object Repository/V2/Commons/ActivationPage/input_password'

2020-09-09 12:04:58 - [TEST_STEP][PASSED] - setText(findTestObject("Object Repository/V2/Commons/ActivationPage/input__passwordRepeat"), password): Text 'Qwer123!' is set on object 'Object Repository/V2/Commons/ActivationPage/input__passwordRepeat'

2020-09-09 12:04:59 - [MESSAGE][PASSED] - Text 'Qwer123!' is set on object 'Object Repository/V2/Commons/ActivationPage/input__passwordRepeat'

2020-09-09 12:04:59 - [TEST_STEP][PASSED] - click(findTestObject("V2/Commons/ActivationPage/input_termsandconditions")): Object: 'Object Repository/V2/Commons/ActivationPage/input_termsandconditions' is clicked on

2020-09-09 12:05:00 - [MESSAGE][PASSED] - Object: 'Object Repository/V2/Commons/ActivationPage/input_termsandconditions' is clicked on

2020-09-09 12:05:00 - [TEST_STEP][PASSED] - click(findTestObject("Object Repository/V2/Commons/ActivationPage/div_Create account")): Object: 'Object Repository/V2/Commons/ActivationPage/div_Create account' is clicked on

2020-09-09 12:05:00 - [MESSAGE][PASSED] - Object: 'Object Repository/V2/Commons/ActivationPage/div_Create account' is clicked on

2020-09-09 12:05:00 - [TEST_STEP][PASSED] - waitForElementPresent(findTestObject("V2/Commons/DasboardPage_SidebarMenu/img_Home_logo-big"), DefaultTimeout): Object 'Object Repository/V2/Commons/DasboardPage_SidebarMenu/img_Home_logo-big' is present

2020-09-09 12:05:12 - [MESSAGE][PASSED] - Object 'Object Repository/V2/Commons/DasboardPage_SidebarMenu/img_Home_logo-big' is present

2020-09-09 12:05:12 - [TEST_STEP][PASSED] - verifyElementPresent(findTestObject("V2/Commons/DasboardPage_SidebarMenu/img_Home_logo-big"), 0): Object 'Object Repository/V2/Commons/DasboardPage_SidebarMenu/img_Home_logo-big' is present

2020-09-09 12:05:12 - [MESSAGE][WARNING] - Timeout '0' is invalid. Using default page load timeout: '30'

2020-09-09 12:05:13 - [MESSAGE][PASSED] - Object 'Object Repository/V2/Commons/DasboardPage_SidebarMenu/img_Home_logo-big' is present

2020-09-09 12:05:13 - [MESSAGE][PASSED] - Call Test Case 'Test Cases/V2/Test Case/Pre-conditions/PRE_ActivateNewUser' successfully

2020-09-09 12:05:13 - [TEST_STEP][PASSED] - callTestCase(findTestCase("V2/Test Case/Pre-conditions/PRE_SkipCompanyAndPersonalProfileSetup"), [:], STOP_ON_FAILURE): Call Test Case 'Test Cases/V2/Test Case/Pre-conditions/PRE_SkipCompanyAndPersonalProfileSetup' successfully

2020-09-09 12:05:13 - [TEST_CASE][PASSED] - Test Cases/V2/Test Case/Pre-conditions/PRE_SkipCompanyAndPersonalProfileSetup: Test Cases/V2/Test Case/Pre-conditions/PRE_SkipCompanyAndPersonalProfileSetup

2020-09-09 12:05:13 - [TEST_STEP][PASSED] - waitForElementVisible(findTestObject("V2/Commons/FirstUpdateCompanyAndPersonalInfoModal/confirmCompanyInfoHeader_h1"), DefaultTimeout): Object 'Object Repository/V2/Commons/FirstUpdateCompanyAndPersonalInfoModal/confirmCompanyInfoHeader_h1' is visible

2020-09-09 12:05:14 - [MESSAGE][PASSED] - Object 'Object Repository/V2/Commons/FirstUpdateCompanyAndPersonalInfoModal/confirmCompanyInfoHeader_h1' is visible

2020-09-09 12:05:14 - [TEST_STEP][PASSED] - click(findTestObject("V2/Commons/FirstUpdateCompanyAndPersonalInfoModal/confirmInfoSkip_button")): Object: 'Object Repository/V2/Commons/FirstUpdateCompanyAndPersonalInfoModal/confirmInfoSkip_button' is clicked on

2020-09-09 12:05:14 - [MESSAGE][PASSED] - Object: 'Object Repository/V2/Commons/FirstUpdateCompanyAndPersonalInfoModal/confirmInfoSkip_button' is clicked on

2020-09-09 12:05:14 - [TEST_STEP][PASSED] - waitForElementVisible(findTestObject("V2/Commons/FirstUpdateCompanyAndPersonalInfoModal/confirmPersonalInfoHeader_h1"), DefaultTimeout): Object 'Object Repository/V2/Commons/FirstUpdateCompanyAndPersonalInfoModal/confirmPersonalInfoHeader_h1' is visible

2020-09-09 12:05:14 - [MESSAGE][PASSED] - Object 'Object Repository/V2/Commons/FirstUpdateCompanyAndPersonalInfoModal/confirmPersonalInfoHeader_h1' is visible

2020-09-09 12:05:14 - [TEST_STEP][PASSED] - click(findTestObject("V2/Commons/FirstUpdateCompanyAndPersonalInfoModal/confirmInfoSkip_button")): Object: 'Object Repository/V2/Commons/FirstUpdateCompanyAndPersonalInfoModal/confirmInfoSkip_button' is clicked on

2020-09-09 12:05:15 - [MESSAGE][PASSED] - Object: 'Object Repository/V2/Commons/FirstUpdateCompanyAndPersonalInfoModal/confirmInfoSkip_button' is clicked on

2020-09-09 12:05:15 - [TEST_STEP][PASSED] - waitForElementVisible(findTestObject("V2/Commons/FirstUpdateCompanyAndPersonalInfoModal/letsGetStarted_button"), DefaultTimeout): Object 'Object Repository/V2/Commons/FirstUpdateCompanyAndPersonalInfoModal/letsGetStarted_button' is visible

2020-09-09 12:05:16 - [MESSAGE][PASSED] - Object 'Object Repository/V2/Commons/FirstUpdateCompanyAndPersonalInfoModal/letsGetStarted_button' is visible

2020-09-09 12:05:16 - [TEST_STEP][PASSED] - click(findTestObject("V2/Commons/FirstUpdateCompanyAndPersonalInfoModal/letsGetStarted_button")): Object: 'Object Repository/V2/Commons/FirstUpdateCompanyAndPersonalInfoModal/letsGetStarted_button' is clicked on

2020-09-09 12:05:16 - [MESSAGE][PASSED] - Object: 'Object Repository/V2/Commons/FirstUpdateCompanyAndPersonalInfoModal/letsGetStarted_button' is clicked on

2020-09-09 12:05:16 - [MESSAGE][PASSED] - Call Test Case 'Test Cases/V2/Test Case/Pre-conditions/PRE_SkipCompanyAndPersonalProfileSetup' successfully

2020-09-09 12:05:16 - [TEST_STEP][PASSED] - supervisor_activationURL = tt_CustomKeywords.CustomKeywords.RegisterAndActivateSupervisorUserViaAPI(V2Url, orgID, supervisor_email, password, email, password, supervisor_fname, lastname): SUCCESFFULLY registered a new user via API. 
 Generated Activation Link: 
https://v2dev.traction.tools/activate?activationKey=6d5bb7ad-5a4c-44a3-a62e-62edd6d53748&userId=2ef2543a-bd2a-4ce1-8632-d60875bbfdab&orgId=60541671-6144-4d49-b23d-beb82d0cfbe0&email=tractiontools.user001+ts59pbm5@gmail.com&isCreator=0

2020-09-09 12:05:22 - [MESSAGE][PASSED] - SUCCESFFULLY registered a new user via API. 
 Generated Activation Link: 
https://v2dev.traction.tools/activate?activationKey=6d5bb7ad-5a4c-44a3-a62e-62edd6d53748&userId=2ef2543a-bd2a-4ce1-8632-d60875bbfdab&orgId=60541671-6144-4d49-b23d-beb82d0cfbe0&email=tractiontools.user001+ts59pbm5@gmail.com&isCreator=0

2020-09-09 12:05:22 - [TEST_STEP][PASSED] - callTestCase(findTestCase("V2/Test Case/Pre-conditions/PRE_ChangeUserPermissionViaManageUser"), ["showMenuItemsPath":"//div[@class='usercard__detail_container']/div[text()='%s']/ancestor::div[contains(@class,'usercard__content')]//button[@aria-label='Show Menu Items']", "user_email":supervisor_email, ... ], STOP_ON_FAILURE): Call Test Case 'Test Cases/V2/Test Case/Pre-conditions/PRE_ChangeUserPermissionViaManageUser' successfully

2020-09-09 12:05:22 - [TEST_CASE][PASSED] - Test Cases/V2/Test Case/Pre-conditions/PRE_ChangeUserPermissionViaManageUser: Test Cases/V2/Test Case/Pre-conditions/PRE_ChangeUserPermissionViaManageUser

2020-09-09 12:05:22 - [TEST_STEP][PASSED] - click(findTestObject("Object Repository/V2/Commons/ManageUsersPage/span_Company Settings")): Object: 'Object Repository/V2/Commons/ManageUsersPage/span_Company Settings' is clicked on

2020-09-09 12:05:23 - [MESSAGE][PASSED] - Object: 'Object Repository/V2/Commons/ManageUsersPage/span_Company Settings' is clicked on

2020-09-09 12:05:23 - [TEST_STEP][PASSED] - click(findTestObject("V2/Commons/DasboardPage_SidebarMenu/a_Manage Users")): Object: 'Object Repository/V2/Commons/DasboardPage_SidebarMenu/a_Manage Users' is clicked on

2020-09-09 12:05:23 - [MESSAGE][PASSED] - Object: 'Object Repository/V2/Commons/DasboardPage_SidebarMenu/a_Manage Users' is clicked on

2020-09-09 12:05:23 - [TEST_STEP][PASSED] - showMenuItemsObj = tt_CustomKeywords.CustomKeywords.CreateDynamicElement(showMenuItemsPath, user_email, "xpath"): Successfully created new dynamic object: //div[@class='usercard__detail_container']/div[text()='tractiontools.user001+ts59pbm5@gmail.com']/ancestor::div[contains(@class,'usercard__content')]//button[@aria-label='Show Menu Items']

2020-09-09 12:05:23 - [MESSAGE][PASSED] - Successfully created new dynamic object: //div[@class='usercard__detail_container']/div[text()='tractiontools.user001+ts59pbm5@gmail.com']/ancestor::div[contains(@class,'usercard__content')]//button[@aria-label='Show Menu Items']

2020-09-09 12:05:23 - [TEST_STEP][PASSED] - click(showMenuItemsObj): Object: '' is clicked on

2020-09-09 12:05:24 - [MESSAGE][PASSED] - Object: '' is clicked on

2020-09-09 12:05:25 - [TEST_STEP][PASSED] - click(findTestObject("Object Repository/V2/Commons/ManageUsersPage/div_Edit user")): Object: 'Object Repository/V2/Commons/ManageUsersPage/div_Edit user' is clicked on

2020-09-09 12:05:25 - [MESSAGE][PASSED] - Object: 'Object Repository/V2/Commons/ManageUsersPage/div_Edit user' is clicked on

2020-09-09 12:05:25 - [TEST_STEP][PASSED] - verifyElementPresent(findTestObject("V2/Commons/ManageUsersPage/div_PositionTitle"), DefaultTimeout): Object 'Object Repository/V2/Commons/ManageUsersPage/div_PositionTitle' is present

2020-09-09 12:05:25 - [MESSAGE][PASSED] - Object 'Object Repository/V2/Commons/ManageUsersPage/div_PositionTitle' is present

2020-09-09 12:05:25 - [TEST_STEP][PASSED] - setText(findTestObject("V2/Commons/ManageUsersPage/position_title_input"), position_title): Text 'QA Manager' is set on object 'Object Repository/V2/Commons/ManageUsersPage/position_title_input'

2020-09-09 12:05:26 - [MESSAGE][PASSED] - Text 'QA Manager' is set on object 'Object Repository/V2/Commons/ManageUsersPage/position_title_input'

2020-09-09 12:05:26 - [TEST_STEP][PASSED] - sendKeys(findTestObject("V2/Commons/ManageUsersPage/position_title_input"), Keys.chord(ENTER)): Keys 'ENTER + ' sent to object: 'Object Repository/V2/Commons/ManageUsersPage/position_title_input'

2020-09-09 12:05:27 - [MESSAGE][PASSED] - Keys 'ENTER + ' sent to object: 'Object Repository/V2/Commons/ManageUsersPage/position_title_input'

2020-09-09 12:05:27 - [TEST_STEP][PASSED] - if (permissionValue == "Employee"): null

2020-09-09 12:05:27 - [TEST_STEP][PASSED] - verifyElementPresent(findTestObject("Object Repository/V2/Commons/ManageUsersPage/div_User type"), DefaultTimeout): Object 'Object Repository/V2/Commons/ManageUsersPage/div_User type' is present

2020-09-09 12:05:27 - [MESSAGE][PASSED] - Object 'Object Repository/V2/Commons/ManageUsersPage/div_User type' is present

2020-09-09 12:05:27 - [TEST_STEP][PASSED] - click(findTestObject("Object Repository/V2/Commons/ManageUsersPage/input__orgRole")): Object: 'Object Repository/V2/Commons/ManageUsersPage/input__orgRole' is clicked on

2020-09-09 12:05:27 - [MESSAGE][PASSED] - Object: 'Object Repository/V2/Commons/ManageUsersPage/input__orgRole' is clicked on

2020-09-09 12:05:27 - [TEST_STEP][PASSED] - roleOptionObj = tt_CustomKeywords.CustomKeywords.CreateDynamicElement(roleOption, permissionValue, "xpath"): Successfully created new dynamic object: //span[text()='Supervisor']/parent::div[@role='option']

2020-09-09 12:05:27 - [MESSAGE][PASSED] - Successfully created new dynamic object: //span[text()='Supervisor']/parent::div[@role='option']

2020-09-09 12:05:27 - [TEST_STEP][PASSED] - click(roleOptionObj): Object: '' is clicked on

2020-09-09 12:05:28 - [MESSAGE][PASSED] - Object: '' is clicked on

2020-09-09 12:05:28 - [TEST_STEP][PASSED] - click(findTestObject("Object Repository/V2/Commons/ManageUsersPage/div_Save")): Object: 'Object Repository/V2/Commons/ManageUsersPage/div_Save' is clicked on

2020-09-09 12:05:28 - [MESSAGE][PASSED] - Object: 'Object Repository/V2/Commons/ManageUsersPage/div_Save' is clicked on

2020-09-09 12:05:28 - [TEST_STEP][PASSED] - waitForElementVisible(findTestObject("V2/Commons/ManageUsersPage/h3_User Saved"), DefaultTimeout): Object 'Object Repository/V2/Commons/ManageUsersPage/h3_User Saved' is visible

2020-09-09 12:05:38 - [MESSAGE][PASSED] - Object 'Object Repository/V2/Commons/ManageUsersPage/h3_User Saved' is visible

2020-09-09 12:05:38 - [TEST_STEP][PASSED] - verifyElementVisible(findTestObject("Object Repository/V2/Commons/ManageUsersPage/h3_User Saved")): Object 'Object Repository/V2/Commons/ManageUsersPage/h3_User Saved' is visible

2020-09-09 12:05:39 - [MESSAGE][PASSED] - Object 'Object Repository/V2/Commons/ManageUsersPage/h3_User Saved' is visible

2020-09-09 12:05:39 - [MESSAGE][PASSED] - Call Test Case 'Test Cases/V2/Test Case/Pre-conditions/PRE_ChangeUserPermissionViaManageUser' successfully

2020-09-09 12:05:39 - [TEST_STEP][PASSED] - employee_activationURL = tt_CustomKeywords.CustomKeywords.RegisterAndActivateSupervisorUserViaAPI(V2Url, orgID, employee_email, password, email, password, employee_fname, lastname): SUCCESFFULLY registered a new user via API. 
 Generated Activation Link: 
https://v2dev.traction.tools/activate?activationKey=bf8f8666-8d10-4f6d-8c6c-5298b97a9889&userId=c0e894a0-e0d9-4afa-907a-131799960883&orgId=60541671-6144-4d49-b23d-beb82d0cfbe0&email=tractiontools.user001+te5diklc@gmail.com&isCreator=0

2020-09-09 12:05:44 - [MESSAGE][PASSED] - SUCCESFFULLY registered a new user via API. 
 Generated Activation Link: 
https://v2dev.traction.tools/activate?activationKey=bf8f8666-8d10-4f6d-8c6c-5298b97a9889&userId=c0e894a0-e0d9-4afa-907a-131799960883&orgId=60541671-6144-4d49-b23d-beb82d0cfbe0&email=tractiontools.user001+te5diklc@gmail.com&isCreator=0

2020-09-09 12:05:44 - [TEST_STEP][PASSED] - callTestCase(findTestCase("V2/Test Case/Pre-conditions/PRE_ChangeUserPermissionViaManageUser"), ["showMenuItemsPath":"//div[@class='usercard__detail_container']/div[text()='%s']/ancestor::div[contains(@class,'usercard__content')]//button[@aria-label='Show Menu Items']", "user_email":employee_email, ... ], STOP_ON_FAILURE): Call Test Case 'Test Cases/V2/Test Case/Pre-conditions/PRE_ChangeUserPermissionViaManageUser' successfully

2020-09-09 12:05:44 - [TEST_CASE][PASSED] - Test Cases/V2/Test Case/Pre-conditions/PRE_ChangeUserPermissionViaManageUser: Test Cases/V2/Test Case/Pre-conditions/PRE_ChangeUserPermissionViaManageUser

2020-09-09 12:05:44 - [TEST_STEP][PASSED] - click(findTestObject("Object Repository/V2/Commons/ManageUsersPage/span_Company Settings")): Object: 'Object Repository/V2/Commons/ManageUsersPage/span_Company Settings' is clicked on

2020-09-09 12:05:45 - [MESSAGE][PASSED] - Object: 'Object Repository/V2/Commons/ManageUsersPage/span_Company Settings' is clicked on

2020-09-09 12:05:45 - [TEST_STEP][PASSED] - click(findTestObject("V2/Commons/DasboardPage_SidebarMenu/a_Manage Users")): Object: 'Object Repository/V2/Commons/DasboardPage_SidebarMenu/a_Manage Users' is clicked on

2020-09-09 12:05:45 - [MESSAGE][PASSED] - Object: 'Object Repository/V2/Commons/DasboardPage_SidebarMenu/a_Manage Users' is clicked on

2020-09-09 12:05:45 - [TEST_STEP][PASSED] - showMenuItemsObj = tt_CustomKeywords.CustomKeywords.CreateDynamicElement(showMenuItemsPath, user_email, "xpath"): Successfully created new dynamic object: //div[@class='usercard__detail_container']/div[text()='tractiontools.user001+te5diklc@gmail.com']/ancestor::div[contains(@class,'usercard__content')]//button[@aria-label='Show Menu Items']

2020-09-09 12:05:45 - [MESSAGE][PASSED] - Successfully created new dynamic object: //div[@class='usercard__detail_container']/div[text()='tractiontools.user001+te5diklc@gmail.com']/ancestor::div[contains(@class,'usercard__content')]//button[@aria-label='Show Menu Items']

2020-09-09 12:05:45 - [TEST_STEP][PASSED] - click(showMenuItemsObj): Object: '' is clicked on

2020-09-09 12:05:46 - [MESSAGE][PASSED] - Object: '' is clicked on

2020-09-09 12:05:46 - [TEST_STEP][PASSED] - click(findTestObject("Object Repository/V2/Commons/ManageUsersPage/div_Edit user")): Object: 'Object Repository/V2/Commons/ManageUsersPage/div_Edit user' is clicked on

2020-09-09 12:05:46 - [MESSAGE][PASSED] - Object: 'Object Repository/V2/Commons/ManageUsersPage/div_Edit user' is clicked on

2020-09-09 12:05:46 - [TEST_STEP][PASSED] - verifyElementPresent(findTestObject("V2/Commons/ManageUsersPage/div_PositionTitle"), DefaultTimeout): Object 'Object Repository/V2/Commons/ManageUsersPage/div_PositionTitle' is present

2020-09-09 12:05:47 - [MESSAGE][PASSED] - Object 'Object Repository/V2/Commons/ManageUsersPage/div_PositionTitle' is present

2020-09-09 12:05:47 - [TEST_STEP][PASSED] - setText(findTestObject("V2/Commons/ManageUsersPage/position_title_input"), position_title): Text 'Quality Assurance' is set on object 'Object Repository/V2/Commons/ManageUsersPage/position_title_input'

2020-09-09 12:05:47 - [MESSAGE][PASSED] - Text 'Quality Assurance' is set on object 'Object Repository/V2/Commons/ManageUsersPage/position_title_input'

2020-09-09 12:05:47 - [TEST_STEP][PASSED] - sendKeys(findTestObject("V2/Commons/ManageUsersPage/position_title_input"), Keys.chord(ENTER)): Keys 'ENTER + ' sent to object: 'Object Repository/V2/Commons/ManageUsersPage/position_title_input'

2020-09-09 12:05:48 - [MESSAGE][PASSED] - Keys 'ENTER + ' sent to object: 'Object Repository/V2/Commons/ManageUsersPage/position_title_input'

2020-09-09 12:05:48 - [TEST_STEP][PASSED] - if (permissionValue == "Employee"): Keys 'ENTER + ' sent to object: 'Object Repository/V2/Commons/ManageUsersPage/supervisor_input'

2020-09-09 12:05:48 - [TEST_STEP][PASSED] - verifyElementPresent(findTestObject("V2/Commons/ManageUsersPage/supervisor_input"), DefaultTimeout): Object 'Object Repository/V2/Commons/ManageUsersPage/supervisor_input' is present

2020-09-09 12:05:48 - [MESSAGE][PASSED] - Object 'Object Repository/V2/Commons/ManageUsersPage/supervisor_input' is present

2020-09-09 12:05:48 - [TEST_STEP][PASSED] - setText(findTestObject("V2/Commons/ManageUsersPage/supervisor_input"), user_supervisorName): Text 'Supervisor User' is set on object 'Object Repository/V2/Commons/ManageUsersPage/supervisor_input'

2020-09-09 12:05:49 - [MESSAGE][PASSED] - Text 'Supervisor User' is set on object 'Object Repository/V2/Commons/ManageUsersPage/supervisor_input'

2020-09-09 12:05:49 - [TEST_STEP][PASSED] - sendKeys(findTestObject("V2/Commons/ManageUsersPage/supervisor_input"), Keys.chord(ENTER)): Keys 'ENTER + ' sent to object: 'Object Repository/V2/Commons/ManageUsersPage/supervisor_input'

2020-09-09 12:05:49 - [MESSAGE][PASSED] - Keys 'ENTER + ' sent to object: 'Object Repository/V2/Commons/ManageUsersPage/supervisor_input'

2020-09-09 12:05:49 - [TEST_STEP][PASSED] - verifyElementPresent(findTestObject("Object Repository/V2/Commons/ManageUsersPage/div_User type"), DefaultTimeout): Object 'Object Repository/V2/Commons/ManageUsersPage/div_User type' is present

2020-09-09 12:05:50 - [MESSAGE][PASSED] - Object 'Object Repository/V2/Commons/ManageUsersPage/div_User type' is present

2020-09-09 12:05:50 - [TEST_STEP][PASSED] - click(findTestObject("Object Repository/V2/Commons/ManageUsersPage/input__orgRole")): Object: 'Object Repository/V2/Commons/ManageUsersPage/input__orgRole' is clicked on

2020-09-09 12:05:50 - [MESSAGE][PASSED] - Object: 'Object Repository/V2/Commons/ManageUsersPage/input__orgRole' is clicked on

2020-09-09 12:05:50 - [TEST_STEP][PASSED] - roleOptionObj = tt_CustomKeywords.CustomKeywords.CreateDynamicElement(roleOption, permissionValue, "xpath"): Successfully created new dynamic object: //span[text()='Employee']/parent::div[@role='option']

2020-09-09 12:05:50 - [MESSAGE][PASSED] - Successfully created new dynamic object: //span[text()='Employee']/parent::div[@role='option']

2020-09-09 12:05:50 - [TEST_STEP][PASSED] - click(roleOptionObj): Object: '' is clicked on

2020-09-09 12:05:51 - [MESSAGE][PASSED] - Object: '' is clicked on

2020-09-09 12:05:51 - [TEST_STEP][PASSED] - click(findTestObject("Object Repository/V2/Commons/ManageUsersPage/div_Save")): Object: 'Object Repository/V2/Commons/ManageUsersPage/div_Save' is clicked on

2020-09-09 12:05:51 - [MESSAGE][PASSED] - Object: 'Object Repository/V2/Commons/ManageUsersPage/div_Save' is clicked on

2020-09-09 12:05:51 - [TEST_STEP][PASSED] - waitForElementVisible(findTestObject("V2/Commons/ManageUsersPage/h3_User Saved"), DefaultTimeout): Object 'Object Repository/V2/Commons/ManageUsersPage/h3_User Saved' is visible

2020-09-09 12:06:03 - [MESSAGE][PASSED] - Object 'Object Repository/V2/Commons/ManageUsersPage/h3_User Saved' is visible

2020-09-09 12:06:03 - [TEST_STEP][PASSED] - verifyElementVisible(findTestObject("Object Repository/V2/Commons/ManageUsersPage/h3_User Saved")): Object 'Object Repository/V2/Commons/ManageUsersPage/h3_User Saved' is visible

2020-09-09 12:06:03 - [MESSAGE][PASSED] - Object 'Object Repository/V2/Commons/ManageUsersPage/h3_User Saved' is visible

2020-09-09 12:06:03 - [MESSAGE][PASSED] - Call Test Case 'Test Cases/V2/Test Case/Pre-conditions/PRE_ChangeUserPermissionViaManageUser' successfully

2020-09-09 12:06:03 - [TEST_STEP][PASSED] - callTestCase(findTestCase("V2/Test Case/Pre-conditions/PRE_ActivateNewUser"), ["activationURL":supervisor_activationURL, "email":supervisor_email, "password":password], STOP_ON_FAILURE): Call Test Case 'Test Cases/V2/Test Case/Pre-conditions/PRE_ActivateNewUser' successfully

2020-09-09 12:06:03 - [TEST_CASE][PASSED] - Test Cases/V2/Test Case/Pre-conditions/PRE_ActivateNewUser: Test Cases/V2/Test Case/Pre-conditions/PRE_ActivateNewUser

2020-09-09 12:06:03 - [TEST_STEP][PASSED] - navigateToUrl(activationURL): Navigate to 'https://v2dev.traction.tools/activate?activationKey=6d5bb7ad-5a4c-44a3-a62e-62edd6d53748&userId=2ef2543a-bd2a-4ce1-8632-d60875bbfdab&orgId=60541671-6144-4d49-b23d-beb82d0cfbe0&email=tractiontools.user001+ts59pbm5@gmail.com&isCreator=0' successfully

2020-09-09 12:06:05 - [MESSAGE][PASSED] - Navigate to 'https://v2dev.traction.tools/activate?activationKey=6d5bb7ad-5a4c-44a3-a62e-62edd6d53748&userId=2ef2543a-bd2a-4ce1-8632-d60875bbfdab&orgId=60541671-6144-4d49-b23d-beb82d0cfbe0&email=tractiontools.user001+ts59pbm5@gmail.com&isCreator=0' successfully

2020-09-09 12:06:05 - [TEST_STEP][PASSED] - waitForElementVisible(findTestObject("V2/Commons/ActivationPage/input_Email_email"), DefaultTimeout): Object 'Object Repository/V2/Commons/ActivationPage/input_Email_email' is visible

2020-09-09 12:06:06 - [MESSAGE][PASSED] - Object 'Object Repository/V2/Commons/ActivationPage/input_Email_email' is visible

2020-09-09 12:06:06 - [TEST_STEP][PASSED] - actual_email = getAttribute(findTestObject("Object Repository/V2/Commons/ActivationPage/input_Email_email"), "value"): Attribute 'value' of object 'Object Repository/V2/Commons/ActivationPage/input_Email_email' is: 'tractiontools.user001+ts59pbm5@gmail.com'

2020-09-09 12:06:06 - [MESSAGE][PASSED] - Attribute 'value' of object 'Object Repository/V2/Commons/ActivationPage/input_Email_email' is: 'tractiontools.user001+ts59pbm5@gmail.com'

2020-09-09 12:06:06 - [TEST_STEP][PASSED] - verifyMatch(actual_email, email, false): Actual text 'tractiontools.user001+ts59pbm5@gmail.com' and expected text 'tractiontools.user001+ts59pbm5@gmail.com' are matched 

2020-09-09 12:06:06 - [MESSAGE][PASSED] - Actual text 'tractiontools.user001+ts59pbm5@gmail.com' and expected text 'tractiontools.user001+ts59pbm5@gmail.com' are matched 

2020-09-09 12:06:06 - [TEST_STEP][PASSED] - setText(findTestObject("V2/Commons/ActivationPage/input_password"), password): Text 'Qwer123!' is set on object 'Object Repository/V2/Commons/ActivationPage/input_password'

2020-09-09 12:06:07 - [MESSAGE][PASSED] - Text 'Qwer123!' is set on object 'Object Repository/V2/Commons/ActivationPage/input_password'

2020-09-09 12:06:07 - [TEST_STEP][PASSED] - setText(findTestObject("Object Repository/V2/Commons/ActivationPage/input__passwordRepeat"), password): Text 'Qwer123!' is set on object 'Object Repository/V2/Commons/ActivationPage/input__passwordRepeat'

2020-09-09 12:06:07 - [MESSAGE][PASSED] - Text 'Qwer123!' is set on object 'Object Repository/V2/Commons/ActivationPage/input__passwordRepeat'

2020-09-09 12:06:07 - [TEST_STEP][PASSED] - click(findTestObject("V2/Commons/ActivationPage/input_termsandconditions")): Object: 'Object Repository/V2/Commons/ActivationPage/input_termsandconditions' is clicked on

2020-09-09 12:06:08 - [MESSAGE][PASSED] - Object: 'Object Repository/V2/Commons/ActivationPage/input_termsandconditions' is clicked on

2020-09-09 12:06:08 - [TEST_STEP][PASSED] - click(findTestObject("Object Repository/V2/Commons/ActivationPage/div_Create account")): Object: 'Object Repository/V2/Commons/ActivationPage/div_Create account' is clicked on

2020-09-09 12:06:08 - [MESSAGE][PASSED] - Object: 'Object Repository/V2/Commons/ActivationPage/div_Create account' is clicked on

2020-09-09 12:06:08 - [TEST_STEP][PASSED] - waitForElementPresent(findTestObject("V2/Commons/DasboardPage_SidebarMenu/img_Home_logo-big"), DefaultTimeout): Object 'Object Repository/V2/Commons/DasboardPage_SidebarMenu/img_Home_logo-big' is present

2020-09-09 12:06:13 - [MESSAGE][PASSED] - Object 'Object Repository/V2/Commons/DasboardPage_SidebarMenu/img_Home_logo-big' is present

2020-09-09 12:06:13 - [TEST_STEP][PASSED] - verifyElementPresent(findTestObject("V2/Commons/DasboardPage_SidebarMenu/img_Home_logo-big"), 0): Object 'Object Repository/V2/Commons/DasboardPage_SidebarMenu/img_Home_logo-big' is present

2020-09-09 12:06:13 - [MESSAGE][WARNING] - Timeout '0' is invalid. Using default page load timeout: '30'

2020-09-09 12:06:14 - [MESSAGE][PASSED] - Object 'Object Repository/V2/Commons/DasboardPage_SidebarMenu/img_Home_logo-big' is present

2020-09-09 12:06:14 - [MESSAGE][PASSED] - Call Test Case 'Test Cases/V2/Test Case/Pre-conditions/PRE_ActivateNewUser' successfully

2020-09-09 12:06:14 - [TEST_STEP][PASSED] - callTestCase(findTestCase("V2/Test Case/Pre-conditions/PRE_SkipPersonalProfileSetup"), [:], STOP_ON_FAILURE): Call Test Case 'Test Cases/V2/Test Case/Pre-conditions/PRE_SkipPersonalProfileSetup' successfully

2020-09-09 12:06:14 - [TEST_CASE][PASSED] - Test Cases/V2/Test Case/Pre-conditions/PRE_SkipPersonalProfileSetup: Test Cases/V2/Test Case/Pre-conditions/PRE_SkipPersonalProfileSetup

2020-09-09 12:06:14 - [TEST_STEP][PASSED] - waitForElementVisible(findTestObject("V2/Commons/FirstUpdateCompanyAndPersonalInfoModal/confirmPersonalInfoHeader_h1"), DefaultTimeout): Object 'Object Repository/V2/Commons/FirstUpdateCompanyAndPersonalInfoModal/confirmPersonalInfoHeader_h1' is visible

2020-09-09 12:06:14 - [MESSAGE][PASSED] - Object 'Object Repository/V2/Commons/FirstUpdateCompanyAndPersonalInfoModal/confirmPersonalInfoHeader_h1' is visible

2020-09-09 12:06:14 - [TEST_STEP][PASSED] - click(findTestObject("V2/Commons/FirstUpdateCompanyAndPersonalInfoModal/confirmInfoSkip_button")): Object: 'Object Repository/V2/Commons/FirstUpdateCompanyAndPersonalInfoModal/confirmInfoSkip_button' is clicked on

2020-09-09 12:06:15 - [MESSAGE][PASSED] - Object: 'Object Repository/V2/Commons/FirstUpdateCompanyAndPersonalInfoModal/confirmInfoSkip_button' is clicked on

2020-09-09 12:06:15 - [TEST_STEP][PASSED] - waitForElementVisible(findTestObject("V2/Commons/FirstUpdateCompanyAndPersonalInfoModal/letsGetStarted_button"), DefaultTimeout): Object 'Object Repository/V2/Commons/FirstUpdateCompanyAndPersonalInfoModal/letsGetStarted_button' is visible

2020-09-09 12:06:16 - [MESSAGE][PASSED] - Object 'Object Repository/V2/Commons/FirstUpdateCompanyAndPersonalInfoModal/letsGetStarted_button' is visible

2020-09-09 12:06:16 - [TEST_STEP][PASSED] - click(findTestObject("V2/Commons/FirstUpdateCompanyAndPersonalInfoModal/letsGetStarted_button")): Object: 'Object Repository/V2/Commons/FirstUpdateCompanyAndPersonalInfoModal/letsGetStarted_button' is clicked on

2020-09-09 12:06:16 - [MESSAGE][PASSED] - Object: 'Object Repository/V2/Commons/FirstUpdateCompanyAndPersonalInfoModal/letsGetStarted_button' is clicked on

2020-09-09 12:06:16 - [MESSAGE][PASSED] - Call Test Case 'Test Cases/V2/Test Case/Pre-conditions/PRE_SkipPersonalProfileSetup' successfully

2020-09-09 12:06:16 - [TEST_STEP][PASSED] - callTestCase(findTestCase("V2/Test Case/Pre-conditions/PRE_ActivateNewUser"), ["activationURL":employee_activationURL, "email":employee_email, "password":password], STOP_ON_FAILURE): Call Test Case 'Test Cases/V2/Test Case/Pre-conditions/PRE_ActivateNewUser' successfully

2020-09-09 12:06:16 - [TEST_CASE][PASSED] - Test Cases/V2/Test Case/Pre-conditions/PRE_ActivateNewUser: Test Cases/V2/Test Case/Pre-conditions/PRE_ActivateNewUser

2020-09-09 12:06:16 - [TEST_STEP][PASSED] - navigateToUrl(activationURL): Navigate to 'https://v2dev.traction.tools/activate?activationKey=bf8f8666-8d10-4f6d-8c6c-5298b97a9889&userId=c0e894a0-e0d9-4afa-907a-131799960883&orgId=60541671-6144-4d49-b23d-beb82d0cfbe0&email=tractiontools.user001+te5diklc@gmail.com&isCreator=0' successfully

2020-09-09 12:06:18 - [MESSAGE][PASSED] - Navigate to 'https://v2dev.traction.tools/activate?activationKey=bf8f8666-8d10-4f6d-8c6c-5298b97a9889&userId=c0e894a0-e0d9-4afa-907a-131799960883&orgId=60541671-6144-4d49-b23d-beb82d0cfbe0&email=tractiontools.user001+te5diklc@gmail.com&isCreator=0' successfully

2020-09-09 12:06:18 - [TEST_STEP][PASSED] - waitForElementVisible(findTestObject("V2/Commons/ActivationPage/input_Email_email"), DefaultTimeout): Object 'Object Repository/V2/Commons/ActivationPage/input_Email_email' is visible

2020-09-09 12:06:19 - [MESSAGE][PASSED] - Object 'Object Repository/V2/Commons/ActivationPage/input_Email_email' is visible

2020-09-09 12:06:19 - [TEST_STEP][PASSED] - actual_email = getAttribute(findTestObject("Object Repository/V2/Commons/ActivationPage/input_Email_email"), "value"): Attribute 'value' of object 'Object Repository/V2/Commons/ActivationPage/input_Email_email' is: 'tractiontools.user001+te5diklc@gmail.com'

2020-09-09 12:06:19 - [MESSAGE][PASSED] - Attribute 'value' of object 'Object Repository/V2/Commons/ActivationPage/input_Email_email' is: 'tractiontools.user001+te5diklc@gmail.com'

2020-09-09 12:06:19 - [TEST_STEP][PASSED] - verifyMatch(actual_email, email, false): Actual text 'tractiontools.user001+te5diklc@gmail.com' and expected text 'tractiontools.user001+te5diklc@gmail.com' are matched 

2020-09-09 12:06:19 - [MESSAGE][PASSED] - Actual text 'tractiontools.user001+te5diklc@gmail.com' and expected text 'tractiontools.user001+te5diklc@gmail.com' are matched 

2020-09-09 12:06:19 - [TEST_STEP][PASSED] - setText(findTestObject("V2/Commons/ActivationPage/input_password"), password): Text 'Qwer123!' is set on object 'Object Repository/V2/Commons/ActivationPage/input_password'

2020-09-09 12:06:20 - [MESSAGE][PASSED] - Text 'Qwer123!' is set on object 'Object Repository/V2/Commons/ActivationPage/input_password'

2020-09-09 12:06:20 - [TEST_STEP][PASSED] - setText(findTestObject("Object Repository/V2/Commons/ActivationPage/input__passwordRepeat"), password): Text 'Qwer123!' is set on object 'Object Repository/V2/Commons/ActivationPage/input__passwordRepeat'

2020-09-09 12:06:21 - [MESSAGE][PASSED] - Text 'Qwer123!' is set on object 'Object Repository/V2/Commons/ActivationPage/input__passwordRepeat'

2020-09-09 12:06:21 - [TEST_STEP][PASSED] - click(findTestObject("V2/Commons/ActivationPage/input_termsandconditions")): Object: 'Object Repository/V2/Commons/ActivationPage/input_termsandconditions' is clicked on

2020-09-09 12:06:21 - [MESSAGE][PASSED] - Object: 'Object Repository/V2/Commons/ActivationPage/input_termsandconditions' is clicked on

2020-09-09 12:06:21 - [TEST_STEP][PASSED] - click(findTestObject("Object Repository/V2/Commons/ActivationPage/div_Create account")): Object: 'Object Repository/V2/Commons/ActivationPage/div_Create account' is clicked on

2020-09-09 12:06:22 - [MESSAGE][PASSED] - Object: 'Object Repository/V2/Commons/ActivationPage/div_Create account' is clicked on

2020-09-09 12:06:22 - [TEST_STEP][PASSED] - waitForElementPresent(findTestObject("V2/Commons/DasboardPage_SidebarMenu/img_Home_logo-big"), DefaultTimeout): Object 'Object Repository/V2/Commons/DasboardPage_SidebarMenu/img_Home_logo-big' is present

2020-09-09 12:06:26 - [MESSAGE][PASSED] - Object 'Object Repository/V2/Commons/DasboardPage_SidebarMenu/img_Home_logo-big' is present

2020-09-09 12:06:26 - [TEST_STEP][PASSED] - verifyElementPresent(findTestObject("V2/Commons/DasboardPage_SidebarMenu/img_Home_logo-big"), 0): Object 'Object Repository/V2/Commons/DasboardPage_SidebarMenu/img_Home_logo-big' is present

2020-09-09 12:06:26 - [MESSAGE][WARNING] - Timeout '0' is invalid. Using default page load timeout: '30'

2020-09-09 12:06:27 - [MESSAGE][PASSED] - Object 'Object Repository/V2/Commons/DasboardPage_SidebarMenu/img_Home_logo-big' is present

2020-09-09 12:06:27 - [MESSAGE][PASSED] - Call Test Case 'Test Cases/V2/Test Case/Pre-conditions/PRE_ActivateNewUser' successfully

2020-09-09 12:06:27 - [TEST_STEP][PASSED] - callTestCase(findTestCase("V2/Test Case/Pre-conditions/PRE_SkipPersonalProfileSetup"), [:], STOP_ON_FAILURE): Call Test Case 'Test Cases/V2/Test Case/Pre-conditions/PRE_SkipPersonalProfileSetup' successfully

2020-09-09 12:06:27 - [TEST_CASE][PASSED] - Test Cases/V2/Test Case/Pre-conditions/PRE_SkipPersonalProfileSetup: Test Cases/V2/Test Case/Pre-conditions/PRE_SkipPersonalProfileSetup

2020-09-09 12:06:27 - [TEST_STEP][PASSED] - waitForElementVisible(findTestObject("V2/Commons/FirstUpdateCompanyAndPersonalInfoModal/confirmPersonalInfoHeader_h1"), DefaultTimeout): Object 'Object Repository/V2/Commons/FirstUpdateCompanyAndPersonalInfoModal/confirmPersonalInfoHeader_h1' is visible

2020-09-09 12:06:28 - [MESSAGE][PASSED] - Object 'Object Repository/V2/Commons/FirstUpdateCompanyAndPersonalInfoModal/confirmPersonalInfoHeader_h1' is visible

2020-09-09 12:06:28 - [TEST_STEP][PASSED] - click(findTestObject("V2/Commons/FirstUpdateCompanyAndPersonalInfoModal/confirmInfoSkip_button")): Object: 'Object Repository/V2/Commons/FirstUpdateCompanyAndPersonalInfoModal/confirmInfoSkip_button' is clicked on

2020-09-09 12:06:28 - [MESSAGE][PASSED] - Object: 'Object Repository/V2/Commons/FirstUpdateCompanyAndPersonalInfoModal/confirmInfoSkip_button' is clicked on

2020-09-09 12:06:28 - [TEST_STEP][PASSED] - waitForElementVisible(findTestObject("V2/Commons/FirstUpdateCompanyAndPersonalInfoModal/letsGetStarted_button"), DefaultTimeout): Object 'Object Repository/V2/Commons/FirstUpdateCompanyAndPersonalInfoModal/letsGetStarted_button' is visible

2020-09-09 12:06:29 - [MESSAGE][PASSED] - Object 'Object Repository/V2/Commons/FirstUpdateCompanyAndPersonalInfoModal/letsGetStarted_button' is visible

2020-09-09 12:06:29 - [TEST_STEP][PASSED] - click(findTestObject("V2/Commons/FirstUpdateCompanyAndPersonalInfoModal/letsGetStarted_button")): Object: 'Object Repository/V2/Commons/FirstUpdateCompanyAndPersonalInfoModal/letsGetStarted_button' is clicked on

2020-09-09 12:06:30 - [MESSAGE][PASSED] - Object: 'Object Repository/V2/Commons/FirstUpdateCompanyAndPersonalInfoModal/letsGetStarted_button' is clicked on

2020-09-09 12:06:30 - [MESSAGE][PASSED] - Call Test Case 'Test Cases/V2/Test Case/Pre-conditions/PRE_SkipPersonalProfileSetup' successfully

2020-09-09 12:06:30 - [MESSAGE][PASSED] - Call Test Case 'Test Cases/V2/Test Case/Pre-conditions/PRE_RegisterAndActivateTTUsers' successfully

2020-09-09 12:06:30 - [TEST_STEP][PASSED] - closeBrowser(): Browser is closed

2020-09-09 12:06:30 - [MESSAGE][PASSED] - Browser is closed

2020-09-09 12:06:30 - [TEST_STEP][PASSED] - path = System.getProperty("user.dir"): null

2020-09-09 12:06:30 - [TEST_STEP][PASSED] - System.setProperty("webdriver.chrome.driver", "C:\Users\Aaron-PC\Documents\Traction Tools\Katalon\Katalon_Studio_Windows_64-7.6.2\Katalon_Studio_Windows_64-7.6.2\configuration\resources\drivers\chromedriver_win32\chromedriver.exe"): null

2020-09-09 12:06:30 - [TEST_STEP][PASSED] - driver1 = new org.openqa.selenium.chrome.ChromeDriver(): null

2020-09-09 12:06:34 - [TEST_STEP][PASSED] - changeWebDriver(driver1): null

2020-09-09 12:06:34 - [TEST_STEP][PASSED] - maximizeWindow(): Current window maximized

2020-09-09 12:06:36 - [MESSAGE][PASSED] - Current window maximized

2020-09-09 12:06:36 - [TEST_STEP][PASSED] - navigateToUrl(V2Url): Navigate to 'https://v2dev.traction.tools' successfully

2020-09-09 12:06:37 - [MESSAGE][PASSED] - Navigate to 'https://v2dev.traction.tools' successfully

2020-09-09 12:06:37 - [TEST_STEP][PASSED] - callTestCase(findTestCase("V2/Test Case/Pre-conditions/PRE_LoginToTractionToolsApplication"), ["username":email, "password":password], STOP_ON_FAILURE): Call Test Case 'Test Cases/V2/Test Case/Pre-conditions/PRE_LoginToTractionToolsApplication' successfully

2020-09-09 12:06:37 - [TEST_CASE][PASSED] - Test Cases/V2/Test Case/Pre-conditions/PRE_LoginToTractionToolsApplication: Test Cases/V2/Test Case/Pre-conditions/PRE_LoginToTractionToolsApplication

2020-09-09 12:06:37 - [TEST_STEP][PASSED] - setText(findTestObject("V2/Commons/LoginPage/input__username"), username): Text 'tractiontools.user001+ta5glgsd@gmail.com' is set on object 'Object Repository/V2/Commons/LoginPage/input__username'

2020-09-09 12:06:45 - [MESSAGE][PASSED] - Text 'tractiontools.user001+ta5glgsd@gmail.com' is set on object 'Object Repository/V2/Commons/LoginPage/input__username'

2020-09-09 12:06:45 - [TEST_STEP][PASSED] - setText(findTestObject("V2/Commons/LoginPage/input__password"), password): Text 'Qwer123!' is set on object 'Object Repository/V2/Commons/LoginPage/input__password'

2020-09-09 12:06:46 - [MESSAGE][PASSED] - Text 'Qwer123!' is set on object 'Object Repository/V2/Commons/LoginPage/input__password'

2020-09-09 12:06:46 - [TEST_STEP][PASSED] - click(findTestObject("V2/Commons/LoginPage/div_Login")): Object: 'Object Repository/V2/Commons/LoginPage/div_Login' is clicked on

2020-09-09 12:07:17 - [MESSAGE][INFO] - Unable to find the element located by 'By.xpath: //div[@id='root']/div/div/div[2]/div/form/button'. Please recheck the objects properties to make sure the desired element is located. 

2020-09-09 12:07:17 - [MESSAGE][WARNING] - [SELF-HEALING] Failed to find element with id 'Object Repository/V2/Commons/LoginPage/div_Login'. Try using Self-healing.

2020-09-09 12:07:17 - [MESSAGE][WARNING] - [SELF-HEALING] The current locator of test object 'Object Repository/V2/Commons/LoginPage/div_Login' was broken. Propose an alternative one: '(.//*[normalize-space(text()) and normalize-space(.)='*'])[2]/following::div[3]'.

2020-09-09 12:07:17 - [MESSAGE][PASSED] - Object: 'Object Repository/V2/Commons/LoginPage/div_Login' is clicked on

2020-09-09 12:07:17 - [TEST_STEP][PASSED] - waitForElementVisible(findTestObject("V2/Commons/DasboardPage_SidebarMenu/img_Home_logo-big"), DefaultTimeout): Object 'Object Repository/V2/Commons/DasboardPage_SidebarMenu/img_Home_logo-big' is visible

2020-09-09 12:07:21 - [MESSAGE][PASSED] - Object 'Object Repository/V2/Commons/DasboardPage_SidebarMenu/img_Home_logo-big' is visible

2020-09-09 12:07:21 - [TEST_STEP][PASSED] - verifyElementVisible(findTestObject("V2/Commons/DasboardPage_SidebarMenu/img_Home_logo-big"), STOP_ON_FAILURE): Object 'Object Repository/V2/Commons/DasboardPage_SidebarMenu/img_Home_logo-big' is visible

2020-09-09 12:07:22 - [MESSAGE][PASSED] - Object 'Object Repository/V2/Commons/DasboardPage_SidebarMenu/img_Home_logo-big' is visible

2020-09-09 12:07:22 - [MESSAGE][INFO] - 

2020-09-09 12:07:22 - [MESSAGE][INFO] - ===================== Self-healing Report ====================

2020-09-09 12:07:22 - [MESSAGE][INFO] - One of the failed test object locators has been recovered by Self-healing. Please refer to the Self-healing Insights tab for more details.

2020-09-09 12:07:22 - [MESSAGE][INFO] - To learn more about Self-healing, please read https://docs.katalon.com/katalon-studio/docs/self-healing.html

2020-09-09 12:07:22 - [MESSAGE][INFO] - ==============================================================

2020-09-09 12:07:22 - [MESSAGE][PASSED] - Call Test Case 'Test Cases/V2/Test Case/Pre-conditions/PRE_LoginToTractionToolsApplication' successfully

2020-09-09 12:07:22 - [TEST_STEP][PASSED] - driver2 = new org.openqa.selenium.chrome.ChromeDriver(): null

2020-09-09 12:07:25 - [TEST_STEP][PASSED] - changeWebDriver(driver2): null

2020-09-09 12:07:25 - [TEST_STEP][PASSED] - maximizeWindow(): Current window maximized

2020-09-09 12:07:27 - [MESSAGE][PASSED] - Current window maximized

2020-09-09 12:07:27 - [TEST_STEP][PASSED] - navigateToUrl(V2Url): Navigate to 'https://v2dev.traction.tools' successfully

2020-09-09 12:07:29 - [MESSAGE][PASSED] - Navigate to 'https://v2dev.traction.tools' successfully

2020-09-09 12:07:29 - [TEST_STEP][PASSED] - callTestCase(findTestCase("V2/Test Case/Pre-conditions/PRE_LoginToTractionToolsApplication"), ["username":supervisor_email, "password":password], STOP_ON_FAILURE): Call Test Case 'Test Cases/V2/Test Case/Pre-conditions/PRE_LoginToTractionToolsApplication' successfully

2020-09-09 12:07:29 - [TEST_CASE][PASSED] - Test Cases/V2/Test Case/Pre-conditions/PRE_LoginToTractionToolsApplication: Test Cases/V2/Test Case/Pre-conditions/PRE_LoginToTractionToolsApplication

2020-09-09 12:07:29 - [TEST_STEP][PASSED] - setText(findTestObject("V2/Commons/LoginPage/input__username"), username): Text 'tractiontools.user001+ts59pbm5@gmail.com' is set on object 'Object Repository/V2/Commons/LoginPage/input__username'

2020-09-09 12:07:45 - [MESSAGE][PASSED] - Text 'tractiontools.user001+ts59pbm5@gmail.com' is set on object 'Object Repository/V2/Commons/LoginPage/input__username'

2020-09-09 12:07:45 - [TEST_STEP][PASSED] - setText(findTestObject("V2/Commons/LoginPage/input__password"), password): Text 'Qwer123!' is set on object 'Object Repository/V2/Commons/LoginPage/input__password'

2020-09-09 12:07:45 - [MESSAGE][PASSED] - Text 'Qwer123!' is set on object 'Object Repository/V2/Commons/LoginPage/input__password'

2020-09-09 12:07:45 - [TEST_STEP][PASSED] - click(findTestObject("V2/Commons/LoginPage/div_Login")): Object: 'Object Repository/V2/Commons/LoginPage/div_Login' is clicked on

2020-09-09 12:08:16 - [MESSAGE][INFO] - Unable to find the element located by 'By.xpath: //div[@id='root']/div/div/div[2]/div/form/button'. Please recheck the objects properties to make sure the desired element is located. 

2020-09-09 12:08:16 - [MESSAGE][WARNING] - [SELF-HEALING] Failed to find element with id 'Object Repository/V2/Commons/LoginPage/div_Login'. Try using Self-healing.

2020-09-09 12:08:16 - [MESSAGE][WARNING] - [SELF-HEALING] The current locator of test object 'Object Repository/V2/Commons/LoginPage/div_Login' was broken. Propose an alternative one: '(.//*[normalize-space(text()) and normalize-space(.)='*'])[2]/following::div[3]'.

2020-09-09 12:08:17 - [MESSAGE][PASSED] - Object: 'Object Repository/V2/Commons/LoginPage/div_Login' is clicked on

2020-09-09 12:08:17 - [TEST_STEP][PASSED] - waitForElementVisible(findTestObject("V2/Commons/DasboardPage_SidebarMenu/img_Home_logo-big"), DefaultTimeout): Object 'Object Repository/V2/Commons/DasboardPage_SidebarMenu/img_Home_logo-big' is visible

2020-09-09 12:08:24 - [MESSAGE][PASSED] - Object 'Object Repository/V2/Commons/DasboardPage_SidebarMenu/img_Home_logo-big' is visible

2020-09-09 12:08:24 - [TEST_STEP][PASSED] - verifyElementVisible(findTestObject("V2/Commons/DasboardPage_SidebarMenu/img_Home_logo-big"), STOP_ON_FAILURE): Object 'Object Repository/V2/Commons/DasboardPage_SidebarMenu/img_Home_logo-big' is visible

2020-09-09 12:08:24 - [MESSAGE][PASSED] - Object 'Object Repository/V2/Commons/DasboardPage_SidebarMenu/img_Home_logo-big' is visible

2020-09-09 12:08:24 - [MESSAGE][INFO] - 

2020-09-09 12:08:24 - [MESSAGE][INFO] - ===================== Self-healing Report ====================

2020-09-09 12:08:24 - [MESSAGE][INFO] - One of the failed test object locators has been recovered by Self-healing. Please refer to the Self-healing Insights tab for more details.

2020-09-09 12:08:24 - [MESSAGE][INFO] - To learn more about Self-healing, please read https://docs.katalon.com/katalon-studio/docs/self-healing.html

2020-09-09 12:08:24 - [MESSAGE][INFO] - ==============================================================

2020-09-09 12:08:24 - [MESSAGE][PASSED] - Call Test Case 'Test Cases/V2/Test Case/Pre-conditions/PRE_LoginToTractionToolsApplication' successfully

2020-09-09 12:08:24 - [TEST_STEP][PASSED] - driver3 = new org.openqa.selenium.chrome.ChromeDriver(): null

2020-09-09 12:08:27 - [TEST_STEP][PASSED] - changeWebDriver(driver3): null

2020-09-09 12:08:27 - [TEST_STEP][PASSED] - maximizeWindow(): Current window maximized

2020-09-09 12:08:29 - [MESSAGE][PASSED] - Current window maximized

2020-09-09 12:08:29 - [TEST_STEP][PASSED] - navigateToUrl(V2Url): Navigate to 'https://v2dev.traction.tools' successfully

2020-09-09 12:08:31 - [MESSAGE][PASSED] - Navigate to 'https://v2dev.traction.tools' successfully

2020-09-09 12:08:31 - [TEST_STEP][PASSED] - callTestCase(findTestCase("V2/Test Case/Pre-conditions/PRE_LoginToTractionToolsApplication"), ["username":employee_email, "password":password], STOP_ON_FAILURE): Call Test Case 'Test Cases/V2/Test Case/Pre-conditions/PRE_LoginToTractionToolsApplication' successfully

2020-09-09 12:08:31 - [TEST_CASE][PASSED] - Test Cases/V2/Test Case/Pre-conditions/PRE_LoginToTractionToolsApplication: Test Cases/V2/Test Case/Pre-conditions/PRE_LoginToTractionToolsApplication

2020-09-09 12:08:31 - [TEST_STEP][PASSED] - setText(findTestObject("V2/Commons/LoginPage/input__username"), username): Text 'tractiontools.user001+te5diklc@gmail.com' is set on object 'Object Repository/V2/Commons/LoginPage/input__username'

2020-09-09 12:08:38 - [MESSAGE][PASSED] - Text 'tractiontools.user001+te5diklc@gmail.com' is set on object 'Object Repository/V2/Commons/LoginPage/input__username'

2020-09-09 12:08:38 - [TEST_STEP][PASSED] - setText(findTestObject("V2/Commons/LoginPage/input__password"), password): Text 'Qwer123!' is set on object 'Object Repository/V2/Commons/LoginPage/input__password'

2020-09-09 12:08:38 - [MESSAGE][PASSED] - Text 'Qwer123!' is set on object 'Object Repository/V2/Commons/LoginPage/input__password'

2020-09-09 12:08:38 - [TEST_STEP][PASSED] - click(findTestObject("V2/Commons/LoginPage/div_Login")): Object: 'Object Repository/V2/Commons/LoginPage/div_Login' is clicked on

2020-09-09 12:09:09 - [MESSAGE][INFO] - Unable to find the element located by 'By.xpath: //div[@id='root']/div/div/div[2]/div/form/button'. Please recheck the objects properties to make sure the desired element is located. 

2020-09-09 12:09:09 - [MESSAGE][WARNING] - [SELF-HEALING] Failed to find element with id 'Object Repository/V2/Commons/LoginPage/div_Login'. Try using Self-healing.

2020-09-09 12:09:09 - [MESSAGE][WARNING] - [SELF-HEALING] The current locator of test object 'Object Repository/V2/Commons/LoginPage/div_Login' was broken. Propose an alternative one: '(.//*[normalize-space(text()) and normalize-space(.)='*'])[2]/following::div[3]'.

2020-09-09 12:09:09 - [MESSAGE][PASSED] - Object: 'Object Repository/V2/Commons/LoginPage/div_Login' is clicked on

2020-09-09 12:09:09 - [TEST_STEP][PASSED] - waitForElementVisible(findTestObject("V2/Commons/DasboardPage_SidebarMenu/img_Home_logo-big"), DefaultTimeout): Object 'Object Repository/V2/Commons/DasboardPage_SidebarMenu/img_Home_logo-big' is visible

2020-09-09 12:09:13 - [MESSAGE][PASSED] - Object 'Object Repository/V2/Commons/DasboardPage_SidebarMenu/img_Home_logo-big' is visible

2020-09-09 12:09:13 - [TEST_STEP][PASSED] - verifyElementVisible(findTestObject("V2/Commons/DasboardPage_SidebarMenu/img_Home_logo-big"), STOP_ON_FAILURE): Object 'Object Repository/V2/Commons/DasboardPage_SidebarMenu/img_Home_logo-big' is visible

2020-09-09 12:09:13 - [MESSAGE][PASSED] - Object 'Object Repository/V2/Commons/DasboardPage_SidebarMenu/img_Home_logo-big' is visible

2020-09-09 12:09:13 - [MESSAGE][INFO] - 

2020-09-09 12:09:13 - [MESSAGE][INFO] - ===================== Self-healing Report ====================

2020-09-09 12:09:13 - [MESSAGE][INFO] - One of the failed test object locators has been recovered by Self-healing. Please refer to the Self-healing Insights tab for more details.

2020-09-09 12:09:13 - [MESSAGE][INFO] - To learn more about Self-healing, please read https://docs.katalon.com/katalon-studio/docs/self-healing.html

2020-09-09 12:09:13 - [MESSAGE][INFO] - ==============================================================

2020-09-09 12:09:13 - [MESSAGE][PASSED] - Call Test Case 'Test Cases/V2/Test Case/Pre-conditions/PRE_LoginToTractionToolsApplication' successfully

2020-09-09 12:09:13 - [TEST_STEP][PASSED] - changeWebDriver(driver1): null

2020-09-09 12:09:13 - [TEST_STEP][PASSED] - callTestCase(findTestCase("V2/Test Case/Pre-conditions/PRE_CreateL10Meeting"), ["meetingName":meetingName, "meetingAcronym":meetingAcronym, "meetingType":meetingType, "dropdownOptions_obj":"//div[@id='CREATE_MEETING_L10']//span[text()='%s']/parent::div[@role='option']", ... ], STOP_ON_FAILURE): Call Test Case 'Test Cases/V2/Test Case/Pre-conditions/PRE_CreateL10Meeting' successfully

2020-09-09 12:09:13 - [TEST_CASE][PASSED] - Test Cases/V2/Test Case/Pre-conditions/PRE_CreateL10Meeting: Test Cases/V2/Test Case/Pre-conditions/PRE_CreateL10Meeting

2020-09-09 12:09:14 - [TEST_STEP][PASSED] - click(findTestObject("V2/Commons/DasboardPage_SidebarMenu/MeetingsMenu")): Object: 'Object Repository/V2/Commons/DasboardPage_SidebarMenu/MeetingsMenu' is clicked on

2020-09-09 12:09:14 - [MESSAGE][PASSED] - Object: 'Object Repository/V2/Commons/DasboardPage_SidebarMenu/MeetingsMenu' is clicked on

2020-09-09 12:09:14 - [TEST_STEP][PASSED] - click(findTestObject("Object Repository/V2/Commons/MeetingListPage/div_Create a meeting")): Object: 'Object Repository/V2/Commons/MeetingListPage/div_Create a meeting' is clicked on

2020-09-09 12:09:14 - [MESSAGE][PASSED] - Object: 'Object Repository/V2/Commons/MeetingListPage/div_Create a meeting' is clicked on

2020-09-09 12:09:14 - [TEST_STEP][PASSED] - click(findTestObject("Object Repository/V2/Commons/MeetingListPage/button_Level 10")): Object: 'Object Repository/V2/Commons/MeetingListPage/button_Level 10' is clicked on

2020-09-09 12:09:14 - [MESSAGE][PASSED] - Object: 'Object Repository/V2/Commons/MeetingListPage/button_Level 10' is clicked on

2020-09-09 12:09:14 - [TEST_STEP][PASSED] - waitForElementVisible(findTestObject("V2/Commons/CreateL10MeetingDrawer/input__name"), DefaultTimeout): Object 'Object Repository/V2/Commons/CreateL10MeetingDrawer/input__name' is visible

2020-09-09 12:09:15 - [MESSAGE][PASSED] - Object 'Object Repository/V2/Commons/CreateL10MeetingDrawer/input__name' is visible

2020-09-09 12:09:15 - [TEST_STEP][PASSED] - setText(findTestObject("V2/Commons/CreateL10MeetingDrawer/input__name"), meetingName): Text 'Meeting Admin' is set on object 'Object Repository/V2/Commons/CreateL10MeetingDrawer/input__name'

2020-09-09 12:09:15 - [MESSAGE][PASSED] - Text 'Meeting Admin' is set on object 'Object Repository/V2/Commons/CreateL10MeetingDrawer/input__name'

2020-09-09 12:09:15 - [TEST_STEP][PASSED] - setText(findTestObject("V2/Commons/CreateL10MeetingDrawer/input__acronym"), meetingAcronym): Text 'CL10' is set on object 'Object Repository/V2/Commons/CreateL10MeetingDrawer/input__acronym'

2020-09-09 12:09:15 - [MESSAGE][PASSED] - Text 'CL10' is set on object 'Object Repository/V2/Commons/CreateL10MeetingDrawer/input__acronym'

2020-09-09 12:09:15 - [TEST_STEP][PASSED] - click(findTestObject("V2/Commons/CreateL10MeetingDrawer/input__typeOfMeeting")): Object: 'Object Repository/V2/Commons/CreateL10MeetingDrawer/input__typeOfMeeting' is clicked on

2020-09-09 12:09:15 - [MESSAGE][PASSED] - Object: 'Object Repository/V2/Commons/CreateL10MeetingDrawer/input__typeOfMeeting' is clicked on

2020-09-09 12:09:15 - [TEST_STEP][PASSED] - meetingTypeOption_Obj = tt_CustomKeywords.CustomKeywords.CreateDynamicElement(dropdownOptions_obj, meetingType, "xpath"): Successfully created new dynamic object: //div[@id='CREATE_MEETING_L10']//span[text()='Leadership']/parent::div[@role='option']

2020-09-09 12:09:15 - [MESSAGE][PASSED] - Successfully created new dynamic object: //div[@id='CREATE_MEETING_L10']//span[text()='Leadership']/parent::div[@role='option']

2020-09-09 12:09:15 - [TEST_STEP][PASSED] - click(meetingTypeOption_Obj): Object: '' is clicked on

2020-09-09 12:09:15 - [MESSAGE][PASSED] - Object: '' is clicked on

2020-09-09 12:09:15 - [TEST_STEP][PASSED] - click(findTestObject("V2/Commons/CreateL10MeetingDrawer/div_dayOfMeetingDropdownList")): Object: 'Object Repository/V2/Commons/CreateL10MeetingDrawer/div_dayOfMeetingDropdownList' is clicked on

2020-09-09 12:09:15 - [MESSAGE][PASSED] - Object: 'Object Repository/V2/Commons/CreateL10MeetingDrawer/div_dayOfMeetingDropdownList' is clicked on

2020-09-09 12:09:15 - [TEST_STEP][PASSED] - dayOfMeetingOption_Obj = tt_CustomKeywords.CustomKeywords.CreateDynamicElement(dropdownOptions_obj, dayOfMeeting, "xpath"): Successfully created new dynamic object: //div[@id='CREATE_MEETING_L10']//span[text()='Monday']/parent::div[@role='option']

2020-09-09 12:09:15 - [MESSAGE][PASSED] - Successfully created new dynamic object: //div[@id='CREATE_MEETING_L10']//span[text()='Monday']/parent::div[@role='option']

2020-09-09 12:09:15 - [TEST_STEP][PASSED] - click(dayOfMeetingOption_Obj): Object: '' is clicked on

2020-09-09 12:09:15 - [MESSAGE][PASSED] - Object: '' is clicked on

2020-09-09 12:09:15 - [TEST_STEP][PASSED] - click(findTestObject("V2/Commons/CreateL10MeetingDrawer/input_meetingTime")): Object: 'Object Repository/V2/Commons/CreateL10MeetingDrawer/input_meetingTime' is clicked on

2020-09-09 12:09:15 - [MESSAGE][PASSED] - Object: 'Object Repository/V2/Commons/CreateL10MeetingDrawer/input_meetingTime' is clicked on

2020-09-09 12:09:16 - [TEST_STEP][PASSED] - setText(findTestObject("V2/Commons/CreateL10MeetingDrawer/input_meetingTime"), meetingTime): Text '12:00' is set on object 'Object Repository/V2/Commons/CreateL10MeetingDrawer/input_meetingTime'

2020-09-09 12:09:16 - [MESSAGE][PASSED] - Text '12:00' is set on object 'Object Repository/V2/Commons/CreateL10MeetingDrawer/input_meetingTime'

2020-09-09 12:09:16 - [TEST_STEP][PASSED] - sendKeys(findTestObject("V2/Commons/CreateL10MeetingDrawer/input_meetingTime"), Keys.chord(TAB)): Keys 'TAB + ' sent to object: 'Object Repository/V2/Commons/CreateL10MeetingDrawer/input_meetingTime'

2020-09-09 12:09:16 - [MESSAGE][PASSED] - Keys 'TAB + ' sent to object: 'Object Repository/V2/Commons/CreateL10MeetingDrawer/input_meetingTime'

2020-09-09 12:09:16 - [TEST_STEP][PASSED] - click(findTestObject("V2/Commons/CreateL10MeetingDrawer/div_Create Meeting")): Object: 'Object Repository/V2/Commons/CreateL10MeetingDrawer/div_Create Meeting' is clicked on

2020-09-09 12:09:16 - [MESSAGE][PASSED] - Object: 'Object Repository/V2/Commons/CreateL10MeetingDrawer/div_Create Meeting' is clicked on

2020-09-09 12:09:16 - [TEST_STEP][PASSED] - waitForElementVisible(findTestObject("Object Repository/V2/Commons/MeetingListPage/div_Ill do this later"), DefaultTimeout): Object 'Object Repository/V2/Commons/MeetingListPage/div_Ill do this later' is visible

2020-09-09 12:09:49 - [MESSAGE][PASSED] - Object 'Object Repository/V2/Commons/MeetingListPage/div_Ill do this later' is visible

2020-09-09 12:09:49 - [TEST_STEP][PASSED] - verifyElementVisible(findTestObject("Object Repository/V2/Commons/MeetingListPage/div_Ill do this later"), STOP_ON_FAILURE): Object 'Object Repository/V2/Commons/MeetingListPage/div_Ill do this later' is visible

2020-09-09 12:09:49 - [MESSAGE][PASSED] - Object 'Object Repository/V2/Commons/MeetingListPage/div_Ill do this later' is visible

2020-09-09 12:09:49 - [TEST_STEP][PASSED] - click(findTestObject("Object Repository/V2/Commons/MeetingListPage/div_Ill do this later")): Object: 'Object Repository/V2/Commons/MeetingListPage/div_Ill do this later' is clicked on

2020-09-09 12:09:50 - [MESSAGE][PASSED] - Object: 'Object Repository/V2/Commons/MeetingListPage/div_Ill do this later' is clicked on

2020-09-09 12:09:50 - [TEST_STEP][PASSED] - meetingRecordObj = tt_CustomKeywords.CustomKeywords.CreateDynamicElement(meetingRecord_obj, meetingName, "xpath"): Successfully created new dynamic object: //div[@class='detailscontainer__block item']/h4[text()='Meeting Admin']

2020-09-09 12:09:50 - [MESSAGE][PASSED] - Successfully created new dynamic object: //div[@class='detailscontainer__block item']/h4[text()='Meeting Admin']

2020-09-09 12:09:50 - [TEST_STEP][PASSED] - verifyElementPresent(meetingRecordObj, DefaultTimeout): Object '' is present

2020-09-09 12:09:50 - [MESSAGE][PASSED] - Object '' is present

2020-09-09 12:09:50 - [MESSAGE][PASSED] - Call Test Case 'Test Cases/V2/Test Case/Pre-conditions/PRE_CreateL10Meeting' successfully

2020-09-09 12:09:50 - [TEST_STEP][PASSED] - callTestCase(findTestCase("V2/Test Case/Pre-conditions/PRE_AddAllAttendeesToMeeting"), ["meetingName":meetingName, "firstname":supervisor_fname, "lastname":lastname, "userOptionObj":"//span[text()='%s']/parent::div[@role='option']", ... ], STOP_ON_FAILURE): Call Test Case 'Test Cases/V2/Test Case/Pre-conditions/PRE_AddAllAttendeesToMeeting' successfully

2020-09-09 12:09:50 - [TEST_CASE][PASSED] - Test Cases/V2/Test Case/Pre-conditions/PRE_AddAllAttendeesToMeeting: Test Cases/V2/Test Case/Pre-conditions/PRE_AddAllAttendeesToMeeting

2020-09-09 12:09:50 - [TEST_STEP][PASSED] - click(findTestObject("V2/Commons/DasboardPage_SidebarMenu/MeetingsMenu")): Object: 'Object Repository/V2/Commons/DasboardPage_SidebarMenu/MeetingsMenu' is clicked on

2020-09-09 12:09:50 - [MESSAGE][PASSED] - Object: 'Object Repository/V2/Commons/DasboardPage_SidebarMenu/MeetingsMenu' is clicked on

2020-09-09 12:09:50 - [TEST_STEP][PASSED] - attendee_fullname = firstname + " " + lastname: null

2020-09-09 12:09:50 - [TEST_STEP][PASSED] - meetingOpt_Obj = tt_CustomKeywords.CustomKeywords.CreateDynamicElement(meetingOptions_obj, meetingName, "xpath"): Successfully created new dynamic object: //h4[text()='Meeting Admin']/ancestor::div[contains(@class,'ListContainer')]/div[@class='listcontainer__options']/button

2020-09-09 12:09:50 - [MESSAGE][PASSED] - Successfully created new dynamic object: //h4[text()='Meeting Admin']/ancestor::div[contains(@class,'ListContainer')]/div[@class='listcontainer__options']/button

2020-09-09 12:09:50 - [TEST_STEP][PASSED] - click(meetingOpt_Obj): Object: '' is clicked on

2020-09-09 12:09:50 - [MESSAGE][PASSED] - Object: '' is clicked on

2020-09-09 12:09:50 - [TEST_STEP][PASSED] - click(findTestObject("V2/Commons/MeetingListPage/a_Edit meeting")): Object: 'Object Repository/V2/Commons/MeetingListPage/a_Edit meeting' is clicked on

2020-09-09 12:09:50 - [MESSAGE][PASSED] - Object: 'Object Repository/V2/Commons/MeetingListPage/a_Edit meeting' is clicked on

2020-09-09 12:09:50 - [TEST_STEP][PASSED] - waitForElementPresent(findTestObject("V2/Commons/EditMeetingPage/div_Add users"), DefaultTimeout): Object 'Object Repository/V2/Commons/EditMeetingPage/div_Add users' is present

2020-09-09 12:09:51 - [MESSAGE][PASSED] - Object 'Object Repository/V2/Commons/EditMeetingPage/div_Add users' is present

2020-09-09 12:09:51 - [TEST_STEP][PASSED] - click(findTestObject("V2/Commons/EditMeetingPage/div_Add users")): Object: 'Object Repository/V2/Commons/EditMeetingPage/div_Add users' is clicked on

2020-09-09 12:09:51 - [MESSAGE][PASSED] - Object: 'Object Repository/V2/Commons/EditMeetingPage/div_Add users' is clicked on

2020-09-09 12:09:51 - [TEST_STEP][PASSED] - delay(15): Delayed 15 second(s)

2020-09-09 12:10:06 - [MESSAGE][PASSED] - Delayed 15 second(s)

2020-09-09 12:10:06 - [TEST_STEP][PASSED] - click(findTestObject("V2/Commons/EditMeetingPage/AddAttendeeUserDropdown")): Object: 'Object Repository/V2/Commons/EditMeetingPage/AddAttendeeUserDropdown' is clicked on

2020-09-09 12:10:06 - [MESSAGE][PASSED] - Object: 'Object Repository/V2/Commons/EditMeetingPage/AddAttendeeUserDropdown' is clicked on

2020-09-09 12:10:06 - [TEST_STEP][PASSED] - attendeeOpt_Obj = tt_CustomKeywords.CustomKeywords.CreateDynamicElement(userOptionObj, attendee_fullname, "xpath"): Successfully created new dynamic object: //span[text()='Supervisor User']/parent::div[@role='option']

2020-09-09 12:10:06 - [MESSAGE][PASSED] - Successfully created new dynamic object: //span[text()='Supervisor User']/parent::div[@role='option']

2020-09-09 12:10:06 - [TEST_STEP][PASSED] - attendeeObjCount = tt_CustomKeywords.CustomKeywords.CountElementInWebPageByDynamicElement(userOptionObj, attendee_fullname, "xpath"): Successfully get the element count. 
Element occurences in Webpage: 2

2020-09-09 12:10:06 - [MESSAGE][PASSED] - Successfully get the element count. 
Element occurences in Webpage: 2

2020-09-09 12:10:06 - [TEST_STEP][PASSED] - attendeeOptSCount = attendeeObjCount.toString(): null

2020-09-09 12:10:06 - [TEST_STEP][PASSED] - out.println(attendeeOptSCount): null

2020-09-09 12:10:06 - [TEST_STEP][PASSED] - attendeeObj_Xpath = attendeeOpt_Obj.findPropertyValue("xpath"): null

2020-09-09 12:10:06 - [TEST_STEP][PASSED] - newAttendeeOpt = "(" + attendeeObj_Xpath + ")[%s]": null

2020-09-09 12:10:06 - [TEST_STEP][PASSED] - out.println(newAttendeeOpt): null

2020-09-09 12:10:06 - [TEST_STEP][PASSED] - newAttendeeOpt_Obj = tt_CustomKeywords.CustomKeywords.CreateDynamicElement(newAttendeeOpt, attendeeOptSCount, "xpath"): Successfully created new dynamic object: (//span[text()='Supervisor User']/parent::div[@role='option'])[2]

2020-09-09 12:10:06 - [MESSAGE][PASSED] - Successfully created new dynamic object: (//span[text()='Supervisor User']/parent::div[@role='option'])[2]

2020-09-09 12:10:06 - [TEST_STEP][PASSED] - click(newAttendeeOpt_Obj): Object: '' is clicked on

2020-09-09 12:10:06 - [MESSAGE][PASSED] - Object: '' is clicked on

2020-09-09 12:10:06 - [TEST_STEP][PASSED] - waitForElementPresent(findTestObject("V2/Commons/EditMeetingPage/AddAttendeeSuccessNotif"), DefaultTimeout): Object 'Object Repository/V2/Commons/EditMeetingPage/AddAttendeeSuccessNotif' is present

2020-09-09 12:10:13 - [MESSAGE][PASSED] - Object 'Object Repository/V2/Commons/EditMeetingPage/AddAttendeeSuccessNotif' is present

2020-09-09 12:10:13 - [TEST_STEP][PASSED] - verifyElementPresent(findTestObject("V2/Commons/EditMeetingPage/AddAttendeeSuccessNotif"), DefaultTimeout): Object 'Object Repository/V2/Commons/EditMeetingPage/AddAttendeeSuccessNotif' is present

2020-09-09 12:10:13 - [MESSAGE][PASSED] - Object 'Object Repository/V2/Commons/EditMeetingPage/AddAttendeeSuccessNotif' is present

2020-09-09 12:10:13 - [TEST_STEP][PASSED] - permissionDrop_Obj = tt_CustomKeywords.CustomKeywords.CreateDynamicElement(permissionDropObj, attendee_fullname, "xpath"): Successfully created new dynamic object: //div[@role='alert' and text()='Supervisor User']/ancestor::div[@class='editAttendees__item']//button[contains(@aria-label,'assign')]/parent::div

2020-09-09 12:10:13 - [MESSAGE][PASSED] - Successfully created new dynamic object: //div[@role='alert' and text()='Supervisor User']/ancestor::div[@class='editAttendees__item']//button[contains(@aria-label,'assign')]/parent::div

2020-09-09 12:10:13 - [TEST_STEP][PASSED] - click(permissionDrop_Obj): Object: '' is clicked on

2020-09-09 12:10:13 - [MESSAGE][PASSED] - Object: '' is clicked on

2020-09-09 12:10:13 - [TEST_STEP][PASSED] - permissionDropOpt_Obj_MA = tt_CustomKeywords.CustomKeywords.CreateDynamicElement(permissionDropOptObj_MA, attendee_fullname, "xpath"): Successfully created new dynamic object: //div[@role='alert' and text()='Supervisor User']/ancestor::div[@class='editAttendees__item']//span[text()='Meeting Admin']/parent::div

2020-09-09 12:10:13 - [MESSAGE][PASSED] - Successfully created new dynamic object: //div[@role='alert' and text()='Supervisor User']/ancestor::div[@class='editAttendees__item']//span[text()='Meeting Admin']/parent::div

2020-09-09 12:10:13 - [TEST_STEP][PASSED] - permissionDropOpt_Obj_FE = tt_CustomKeywords.CustomKeywords.CreateDynamicElement(permissionDropOptObj_FE, attendee_fullname, "xpath"): Successfully created new dynamic object: //div[@role='alert' and text()='Supervisor User']/ancestor::div[@class='editAttendees__item']//span[text()='Full editor']/parent::div

2020-09-09 12:10:13 - [MESSAGE][PASSED] - Successfully created new dynamic object: //div[@role='alert' and text()='Supervisor User']/ancestor::div[@class='editAttendees__item']//span[text()='Full editor']/parent::div

2020-09-09 12:10:13 - [TEST_STEP][PASSED] - permissionDropOpt_Obj_BE = tt_CustomKeywords.CustomKeywords.CreateDynamicElement(permissionDropOptObj_BE, attendee_fullname, "xpath"): Successfully created new dynamic object: //div[@role='alert' and text()='Supervisor User']/ancestor::div[@class='editAttendees__item']//span[text()='Basic editor']/parent::div

2020-09-09 12:10:13 - [MESSAGE][PASSED] - Successfully created new dynamic object: //div[@role='alert' and text()='Supervisor User']/ancestor::div[@class='editAttendees__item']//span[text()='Basic editor']/parent::div

2020-09-09 12:10:13 - [TEST_STEP][PASSED] - if (permission == "Meeting Admin"): null

2020-09-09 12:10:13 - [TEST_STEP][PASSED] - if (permission == "Full editor"): null

2020-09-09 12:10:13 - [TEST_STEP][PASSED] - if (permission == "Basic editor"): null

2020-09-09 12:10:13 - [TEST_STEP][PASSED] - verifyElementPresent(findTestObject("V2/Commons/DasboardPage_SidebarMenu/MeetingsMenu"), DefaultTimeout): Object 'Object Repository/V2/Commons/DasboardPage_SidebarMenu/MeetingsMenu' is present

2020-09-09 12:10:13 - [MESSAGE][PASSED] - Object 'Object Repository/V2/Commons/DasboardPage_SidebarMenu/MeetingsMenu' is present

2020-09-09 12:10:13 - [TEST_STEP][PASSED] - click(findTestObject("V2/Commons/DasboardPage_SidebarMenu/MeetingsMenu")): Object: 'Object Repository/V2/Commons/DasboardPage_SidebarMenu/MeetingsMenu' is clicked on

2020-09-09 12:10:13 - [MESSAGE][PASSED] - Object: 'Object Repository/V2/Commons/DasboardPage_SidebarMenu/MeetingsMenu' is clicked on

2020-09-09 12:10:13 - [MESSAGE][PASSED] - Call Test Case 'Test Cases/V2/Test Case/Pre-conditions/PRE_AddAllAttendeesToMeeting' successfully

2020-09-09 12:10:13 - [TEST_STEP][PASSED] - callTestCase(findTestCase("V2/Test Case/Pre-conditions/PRE_AddAllAttendeesToMeeting"), ["meetingName":meetingName, "firstname":employee_fname, "lastname":lastname, "userOptionObj":"//span[text()='%s']/parent::div[@role='option']", ... ], STOP_ON_FAILURE): Call Test Case 'Test Cases/V2/Test Case/Pre-conditions/PRE_AddAllAttendeesToMeeting' successfully

2020-09-09 12:10:13 - [TEST_CASE][PASSED] - Test Cases/V2/Test Case/Pre-conditions/PRE_AddAllAttendeesToMeeting: Test Cases/V2/Test Case/Pre-conditions/PRE_AddAllAttendeesToMeeting

2020-09-09 12:10:13 - [TEST_STEP][PASSED] - click(findTestObject("V2/Commons/DasboardPage_SidebarMenu/MeetingsMenu")): Object: 'Object Repository/V2/Commons/DasboardPage_SidebarMenu/MeetingsMenu' is clicked on

2020-09-09 12:10:13 - [MESSAGE][PASSED] - Object: 'Object Repository/V2/Commons/DasboardPage_SidebarMenu/MeetingsMenu' is clicked on

2020-09-09 12:10:13 - [TEST_STEP][PASSED] - attendee_fullname = firstname + " " + lastname: null

2020-09-09 12:10:13 - [TEST_STEP][PASSED] - meetingOpt_Obj = tt_CustomKeywords.CustomKeywords.CreateDynamicElement(meetingOptions_obj, meetingName, "xpath"): Successfully created new dynamic object: //h4[text()='Meeting Admin']/ancestor::div[contains(@class,'ListContainer')]/div[@class='listcontainer__options']/button

2020-09-09 12:10:13 - [MESSAGE][PASSED] - Successfully created new dynamic object: //h4[text()='Meeting Admin']/ancestor::div[contains(@class,'ListContainer')]/div[@class='listcontainer__options']/button

2020-09-09 12:10:13 - [TEST_STEP][PASSED] - click(meetingOpt_Obj): Object: '' is clicked on

2020-09-09 12:10:13 - [MESSAGE][PASSED] - Object: '' is clicked on

2020-09-09 12:10:13 - [TEST_STEP][PASSED] - click(findTestObject("V2/Commons/MeetingListPage/a_Edit meeting")): Object: 'Object Repository/V2/Commons/MeetingListPage/a_Edit meeting' is clicked on

2020-09-09 12:10:13 - [MESSAGE][PASSED] - Object: 'Object Repository/V2/Commons/MeetingListPage/a_Edit meeting' is clicked on

2020-09-09 12:10:13 - [TEST_STEP][PASSED] - waitForElementPresent(findTestObject("V2/Commons/EditMeetingPage/div_Add users"), DefaultTimeout): Object 'Object Repository/V2/Commons/EditMeetingPage/div_Add users' is present

2020-09-09 12:10:13 - [MESSAGE][PASSED] - Object 'Object Repository/V2/Commons/EditMeetingPage/div_Add users' is present

2020-09-09 12:10:13 - [TEST_STEP][PASSED] - click(findTestObject("V2/Commons/EditMeetingPage/div_Add users")): Object: 'Object Repository/V2/Commons/EditMeetingPage/div_Add users' is clicked on

2020-09-09 12:10:13 - [MESSAGE][PASSED] - Object: 'Object Repository/V2/Commons/EditMeetingPage/div_Add users' is clicked on

2020-09-09 12:10:13 - [TEST_STEP][PASSED] - delay(15): Delayed 15 second(s)

2020-09-09 12:10:28 - [MESSAGE][PASSED] - Delayed 15 second(s)

2020-09-09 12:10:28 - [TEST_STEP][PASSED] - click(findTestObject("V2/Commons/EditMeetingPage/AddAttendeeUserDropdown")): Object: 'Object Repository/V2/Commons/EditMeetingPage/AddAttendeeUserDropdown' is clicked on

2020-09-09 12:10:28 - [MESSAGE][PASSED] - Object: 'Object Repository/V2/Commons/EditMeetingPage/AddAttendeeUserDropdown' is clicked on

2020-09-09 12:10:28 - [TEST_STEP][PASSED] - attendeeOpt_Obj = tt_CustomKeywords.CustomKeywords.CreateDynamicElement(userOptionObj, attendee_fullname, "xpath"): Successfully created new dynamic object: //span[text()='Employee User']/parent::div[@role='option']

2020-09-09 12:10:28 - [MESSAGE][PASSED] - Successfully created new dynamic object: //span[text()='Employee User']/parent::div[@role='option']

2020-09-09 12:10:28 - [TEST_STEP][PASSED] - attendeeObjCount = tt_CustomKeywords.CustomKeywords.CountElementInWebPageByDynamicElement(userOptionObj, attendee_fullname, "xpath"): Successfully get the element count. 
Element occurences in Webpage: 3

2020-09-09 12:10:29 - [MESSAGE][PASSED] - Successfully get the element count. 
Element occurences in Webpage: 3

2020-09-09 12:10:29 - [TEST_STEP][PASSED] - attendeeOptSCount = attendeeObjCount.toString(): null

2020-09-09 12:10:29 - [TEST_STEP][PASSED] - out.println(attendeeOptSCount): null

2020-09-09 12:10:29 - [TEST_STEP][PASSED] - attendeeObj_Xpath = attendeeOpt_Obj.findPropertyValue("xpath"): null

2020-09-09 12:10:29 - [TEST_STEP][PASSED] - newAttendeeOpt = "(" + attendeeObj_Xpath + ")[%s]": null

2020-09-09 12:10:29 - [TEST_STEP][PASSED] - out.println(newAttendeeOpt): null

2020-09-09 12:10:29 - [TEST_STEP][PASSED] - newAttendeeOpt_Obj = tt_CustomKeywords.CustomKeywords.CreateDynamicElement(newAttendeeOpt, attendeeOptSCount, "xpath"): Successfully created new dynamic object: (//span[text()='Employee User']/parent::div[@role='option'])[3]

2020-09-09 12:10:29 - [MESSAGE][PASSED] - Successfully created new dynamic object: (//span[text()='Employee User']/parent::div[@role='option'])[3]

2020-09-09 12:10:29 - [TEST_STEP][PASSED] - click(newAttendeeOpt_Obj): Object: '' is clicked on

2020-09-09 12:10:29 - [MESSAGE][PASSED] - Object: '' is clicked on

2020-09-09 12:10:29 - [TEST_STEP][PASSED] - waitForElementPresent(findTestObject("V2/Commons/EditMeetingPage/AddAttendeeSuccessNotif"), DefaultTimeout): Object 'Object Repository/V2/Commons/EditMeetingPage/AddAttendeeSuccessNotif' is present

2020-09-09 12:10:35 - [MESSAGE][PASSED] - Object 'Object Repository/V2/Commons/EditMeetingPage/AddAttendeeSuccessNotif' is present

2020-09-09 12:10:35 - [TEST_STEP][PASSED] - verifyElementPresent(findTestObject("V2/Commons/EditMeetingPage/AddAttendeeSuccessNotif"), DefaultTimeout): Object 'Object Repository/V2/Commons/EditMeetingPage/AddAttendeeSuccessNotif' is present

2020-09-09 12:10:35 - [MESSAGE][PASSED] - Object 'Object Repository/V2/Commons/EditMeetingPage/AddAttendeeSuccessNotif' is present

2020-09-09 12:10:35 - [TEST_STEP][PASSED] - permissionDrop_Obj = tt_CustomKeywords.CustomKeywords.CreateDynamicElement(permissionDropObj, attendee_fullname, "xpath"): Successfully created new dynamic object: //div[@role='alert' and text()='Employee User']/ancestor::div[@class='editAttendees__item']//button[contains(@aria-label,'assign')]/parent::div

2020-09-09 12:10:35 - [MESSAGE][PASSED] - Successfully created new dynamic object: //div[@role='alert' and text()='Employee User']/ancestor::div[@class='editAttendees__item']//button[contains(@aria-label,'assign')]/parent::div

2020-09-09 12:10:35 - [TEST_STEP][PASSED] - click(permissionDrop_Obj): Object: '' is clicked on

2020-09-09 12:10:35 - [MESSAGE][PASSED] - Object: '' is clicked on

2020-09-09 12:10:35 - [TEST_STEP][PASSED] - permissionDropOpt_Obj_MA = tt_CustomKeywords.CustomKeywords.CreateDynamicElement(permissionDropOptObj_MA, attendee_fullname, "xpath"): Successfully created new dynamic object: //div[@role='alert' and text()='Employee User']/ancestor::div[@class='editAttendees__item']//span[text()='Meeting Admin']/parent::div

2020-09-09 12:10:35 - [MESSAGE][PASSED] - Successfully created new dynamic object: //div[@role='alert' and text()='Employee User']/ancestor::div[@class='editAttendees__item']//span[text()='Meeting Admin']/parent::div

2020-09-09 12:10:35 - [TEST_STEP][PASSED] - permissionDropOpt_Obj_FE = tt_CustomKeywords.CustomKeywords.CreateDynamicElement(permissionDropOptObj_FE, attendee_fullname, "xpath"): Successfully created new dynamic object: //div[@role='alert' and text()='Employee User']/ancestor::div[@class='editAttendees__item']//span[text()='Full editor']/parent::div

2020-09-09 12:10:35 - [MESSAGE][PASSED] - Successfully created new dynamic object: //div[@role='alert' and text()='Employee User']/ancestor::div[@class='editAttendees__item']//span[text()='Full editor']/parent::div

2020-09-09 12:10:35 - [TEST_STEP][PASSED] - permissionDropOpt_Obj_BE = tt_CustomKeywords.CustomKeywords.CreateDynamicElement(permissionDropOptObj_BE, attendee_fullname, "xpath"): Successfully created new dynamic object: //div[@role='alert' and text()='Employee User']/ancestor::div[@class='editAttendees__item']//span[text()='Basic editor']/parent::div

2020-09-09 12:10:35 - [MESSAGE][PASSED] - Successfully created new dynamic object: //div[@role='alert' and text()='Employee User']/ancestor::div[@class='editAttendees__item']//span[text()='Basic editor']/parent::div

2020-09-09 12:10:35 - [TEST_STEP][PASSED] - if (permission == "Meeting Admin"): null

2020-09-09 12:10:35 - [TEST_STEP][PASSED] - if (permission == "Full editor"): null

2020-09-09 12:10:35 - [TEST_STEP][PASSED] - if (permission == "Basic editor"): null

2020-09-09 12:10:35 - [TEST_STEP][PASSED] - verifyElementPresent(findTestObject("V2/Commons/DasboardPage_SidebarMenu/MeetingsMenu"), DefaultTimeout): Object 'Object Repository/V2/Commons/DasboardPage_SidebarMenu/MeetingsMenu' is present

2020-09-09 12:10:35 - [MESSAGE][PASSED] - Object 'Object Repository/V2/Commons/DasboardPage_SidebarMenu/MeetingsMenu' is present

2020-09-09 12:10:35 - [TEST_STEP][PASSED] - click(findTestObject("V2/Commons/DasboardPage_SidebarMenu/MeetingsMenu")): Object: 'Object Repository/V2/Commons/DasboardPage_SidebarMenu/MeetingsMenu' is clicked on

2020-09-09 12:10:35 - [MESSAGE][PASSED] - Object: 'Object Repository/V2/Commons/DasboardPage_SidebarMenu/MeetingsMenu' is clicked on

2020-09-09 12:10:35 - [MESSAGE][PASSED] - Call Test Case 'Test Cases/V2/Test Case/Pre-conditions/PRE_AddAllAttendeesToMeeting' successfully

2020-09-09 12:10:35 - [TEST_STEP][PASSED] - callTestCase(findTestCase("V2/Test Case/Tests/PR-369 - EditMeetingAgenda/Test Cases/Positive/Admin/PR_369_13_EditMeetingEditToDo_Admin"), ["userName":"jeff+075@mytractiontools.com", "passWord":"Skyline69A*", "meetingRowPosition":"3", "editMeetingMenu_Obj":"//div[@id='root']/div/div[2]/div/div/div/div[2]/div/div[%s]/div[3]/button/i", ... ], STOP_ON_FAILURE): Call Test Case 'Test Cases/V2/Test Case/Tests/PR-369 - EditMeetingAgenda/Test Cases/Positive/Admin/PR_369_13_EditMeetingEditToDo_Admin' successfully

2020-09-09 12:10:35 - [TEST_CASE][PASSED] - Test Cases/V2/Test Case/Tests/PR-369 - EditMeetingAgenda/Test Cases/Positive/Admin/PR_369_13_EditMeetingEditToDo_Admin: Test Cases/V2/Test Case/Tests/PR-369 - EditMeetingAgenda/Test Cases/Positive/Admin/PR_369_13_EditMeetingEditToDo_Admin

2020-09-09 12:10:35 - [TEST_STEP][PASSED] - waitForElementVisible(findTestObject("V2/Commons/DasboardPage_SidebarMenu/MeetingsMenu"), DefaultTimeout): Object 'Object Repository/V2/Commons/DasboardPage_SidebarMenu/MeetingsMenu' is visible

2020-09-09 12:10:35 - [MESSAGE][PASSED] - Object 'Object Repository/V2/Commons/DasboardPage_SidebarMenu/MeetingsMenu' is visible

2020-09-09 12:10:35 - [TEST_STEP][PASSED] - click(findTestObject("V2/Commons/DasboardPage_SidebarMenu/MeetingsMenu")): Object: 'Object Repository/V2/Commons/DasboardPage_SidebarMenu/MeetingsMenu' is clicked on

2020-09-09 12:10:35 - [MESSAGE][PASSED] - Object: 'Object Repository/V2/Commons/DasboardPage_SidebarMenu/MeetingsMenu' is clicked on

2020-09-09 12:10:35 - [TEST_STEP][PASSED] - meetingOpt_Obj = tt_CustomKeywords.CustomKeywords.CreateDynamicElement(meetingOptions_obj, meetingName, "xpath"): Successfully created new dynamic object: //h4[text()='Meeting Admin']/ancestor::div[contains(@class,'ListContainer')]/div[@class='listcontainer__options']/button

2020-09-09 12:10:35 - [MESSAGE][PASSED] - Successfully created new dynamic object: //h4[text()='Meeting Admin']/ancestor::div[contains(@class,'ListContainer')]/div[@class='listcontainer__options']/button

2020-09-09 12:10:35 - [TEST_STEP][PASSED] - waitForElementVisible(meetingOpt_Obj, DefaultTimeout): Object '' is visible

2020-09-09 12:10:35 - [MESSAGE][PASSED] - Object '' is visible

2020-09-09 12:10:35 - [TEST_STEP][PASSED] - click(meetingOpt_Obj): Object: '' is clicked on

2020-09-09 12:10:35 - [MESSAGE][PASSED] - Object: '' is clicked on

2020-09-09 12:10:35 - [TEST_STEP][PASSED] - click(findTestObject("V2/Commons/MeetingListPage/a_Edit meeting")): Object: 'Object Repository/V2/Commons/MeetingListPage/a_Edit meeting' is clicked on

2020-09-09 12:10:36 - [MESSAGE][PASSED] - Object: 'Object Repository/V2/Commons/MeetingListPage/a_Edit meeting' is clicked on

2020-09-09 12:10:36 - [TEST_STEP][PASSED] - waitForElementVisible(findTestObject("V2/PR-369/Edit_Meeting_ToDo/ToDo_Menu"), DefaultTimeout): Object 'Object Repository/V2/PR-369/Edit_Meeting_ToDo/ToDo_Menu' is visible

2020-09-09 12:10:36 - [MESSAGE][PASSED] - Object 'Object Repository/V2/PR-369/Edit_Meeting_ToDo/ToDo_Menu' is visible

2020-09-09 12:10:36 - [TEST_STEP][PASSED] - click(findTestObject("V2/PR-369/Edit_Meeting_ToDo/ToDo_Menu")): Object: 'Object Repository/V2/PR-369/Edit_Meeting_ToDo/ToDo_Menu' is clicked on

2020-09-09 12:10:36 - [MESSAGE][PASSED] - Object: 'Object Repository/V2/PR-369/Edit_Meeting_ToDo/ToDo_Menu' is clicked on

2020-09-09 12:10:36 - [TEST_STEP][PASSED] - waitForElementVisible(findTestObject("V2/PR-369/Edit_Meeting_ToDo/CreateToDoButton"), DefaultTimeout): Object 'Object Repository/V2/PR-369/Edit_Meeting_ToDo/CreateToDoButton' is visible

2020-09-09 12:10:36 - [MESSAGE][PASSED] - Object 'Object Repository/V2/PR-369/Edit_Meeting_ToDo/CreateToDoButton' is visible

2020-09-09 12:10:36 - [TEST_STEP][PASSED] - click(findTestObject("V2/PR-369/Edit_Meeting_ToDo/CreateToDoButton")): Object: 'Object Repository/V2/PR-369/Edit_Meeting_ToDo/CreateToDoButton' is clicked on

2020-09-09 12:10:36 - [MESSAGE][PASSED] - Object: 'Object Repository/V2/PR-369/Edit_Meeting_ToDo/CreateToDoButton' is clicked on

2020-09-09 12:10:36 - [TEST_STEP][PASSED] - delay(10): Delayed 10 second(s)

2020-09-09 12:10:46 - [MESSAGE][PASSED] - Delayed 10 second(s)

2020-09-09 12:10:46 - [TEST_STEP][PASSED] - waitForElementVisible(findTestObject("V2/PR-369/Edit_Meeting_ToDo/Edit_Todo_TextField"), DefaultTimeout): Object 'Object Repository/V2/PR-369/Edit_Meeting_ToDo/Edit_Todo_TextField' is visible

2020-09-09 12:10:46 - [MESSAGE][PASSED] - Object 'Object Repository/V2/PR-369/Edit_Meeting_ToDo/Edit_Todo_TextField' is visible

2020-09-09 12:10:46 - [TEST_STEP][PASSED] - setText(findTestObject("V2/PR-369/Edit_Meeting_ToDo/Edit_Todo_TextField"), toDoName): Text 'QA Edit Meeting Automation ToDo Test' is set on object 'Object Repository/V2/PR-369/Edit_Meeting_ToDo/Edit_Todo_TextField'

2020-09-09 12:10:46 - [MESSAGE][PASSED] - Text 'QA Edit Meeting Automation ToDo Test' is set on object 'Object Repository/V2/PR-369/Edit_Meeting_ToDo/Edit_Todo_TextField'

2020-09-09 12:10:46 - [TEST_STEP][PASSED] - click(findTestObject("V2/PR-369/Edit_Meeting_ToDo/Accountable_Owner_TextField")): Object: 'Object Repository/V2/PR-369/Edit_Meeting_ToDo/Accountable_Owner_TextField' is clicked on

2020-09-09 12:10:46 - [MESSAGE][PASSED] - Object: 'Object Repository/V2/PR-369/Edit_Meeting_ToDo/Accountable_Owner_TextField' is clicked on

2020-09-09 12:10:46 - [TEST_STEP][PASSED] - accountableOwner = tt_CustomKeywords.CustomKeywords.CreateDynamicElement(accountableOwner_Obj, accountableOwner, "xpath"): Successfully created new dynamic object: //div[@data-test-id='createTodo']//div[@role='listbox'][@class='visible menu transition']/div[@role='option'][contains(@class,'item')]/span[text()='Admin User']

2020-09-09 12:10:46 - [MESSAGE][PASSED] - Successfully created new dynamic object: //div[@data-test-id='createTodo']//div[@role='listbox'][@class='visible menu transition']/div[@role='option'][contains(@class,'item')]/span[text()='Admin User']

2020-09-09 12:10:46 - [TEST_STEP][PASSED] - click(accountableOwner): Object: '' is clicked on

2020-09-09 12:10:46 - [MESSAGE][PASSED] - Object: '' is clicked on

2020-09-09 12:10:46 - [TEST_STEP][PASSED] - click(findTestObject("V2/PR-369/Edit_Meeting_ToDo/Create_ToDo_Due_Date")): Object: 'Object Repository/V2/PR-369/Edit_Meeting_ToDo/Create_ToDo_Due_Date' is clicked on

2020-09-09 12:10:46 - [MESSAGE][PASSED] - Object: 'Object Repository/V2/PR-369/Edit_Meeting_ToDo/Create_ToDo_Due_Date' is clicked on

2020-09-09 12:10:46 - [TEST_STEP][PASSED] - waitForElementVisible(findTestObject("V2/PR-369/Edit_Meeting_Scorecard/A_Date29"), DefaultTimeout): Object 'Object Repository/V2/PR-369/Edit_Meeting_Scorecard/A_Date29' is visible

2020-09-09 12:10:47 - [MESSAGE][PASSED] - Object 'Object Repository/V2/PR-369/Edit_Meeting_Scorecard/A_Date29' is visible

2020-09-09 12:10:47 - [TEST_STEP][PASSED] - click(findTestObject("V2/PR-369/Edit_Meeting_Scorecard/A_Date29")): Object: 'Object Repository/V2/PR-369/Edit_Meeting_Scorecard/A_Date29' is clicked on

2020-09-09 12:10:47 - [MESSAGE][PASSED] - Object: 'Object Repository/V2/PR-369/Edit_Meeting_Scorecard/A_Date29' is clicked on

2020-09-09 12:10:47 - [TEST_STEP][PASSED] - verifyElementVisible(findTestObject("V2/PR-369/Edit_Meeting_Rocks/Verify_Notes_Section")): Object 'Object Repository/V2/PR-369/Edit_Meeting_Rocks/Verify_Notes_Section' is visible

2020-09-09 12:10:47 - [MESSAGE][PASSED] - Object 'Object Repository/V2/PR-369/Edit_Meeting_Rocks/Verify_Notes_Section' is visible

2020-09-09 12:10:47 - [TEST_STEP][PASSED] - setText(findTestObject("V2/PR-369/Edit_Meeting_Rocks/Notes_Comments"), Notes): Text 'Sample Notes' is set on object 'Object Repository/V2/PR-369/Edit_Meeting_Rocks/Notes_Comments'

2020-09-09 12:10:47 - [MESSAGE][PASSED] - Text 'Sample Notes' is set on object 'Object Repository/V2/PR-369/Edit_Meeting_Rocks/Notes_Comments'

2020-09-09 12:10:47 - [TEST_STEP][PASSED] - click(findTestObject("V2/PR-369/Edit_Meeting_ToDo/Save_Button")): Object: 'Object Repository/V2/PR-369/Edit_Meeting_ToDo/Save_Button' is clicked on

2020-09-09 12:10:47 - [MESSAGE][PASSED] - Object: 'Object Repository/V2/PR-369/Edit_Meeting_ToDo/Save_Button' is clicked on

2020-09-09 12:10:47 - [TEST_STEP][PASSED] - delay(15): Delayed 15 second(s)

2020-09-09 12:11:02 - [MESSAGE][PASSED] - Delayed 15 second(s)

2020-09-09 12:11:02 - [TEST_STEP][PASSED] - verifyToDo = tt_CustomKeywords.CustomKeywords.CreateDynamicElement(verifyToDo_Obj, toDoName, "xpath"): Successfully created new dynamic object: //h2[text()='To-Dos']/ancestor::div[contains(@class,'CardStyles')]//button/div[text()='QA Edit Meeting Automation ToDo Test']

2020-09-09 12:11:02 - [MESSAGE][PASSED] - Successfully created new dynamic object: //h2[text()='To-Dos']/ancestor::div[contains(@class,'CardStyles')]//button/div[text()='QA Edit Meeting Automation ToDo Test']

2020-09-09 12:11:02 - [TEST_STEP][PASSED] - verifyElementPresent(verifyToDo, DefaultTimeout): Object '' is present

2020-09-09 12:11:03 - [MESSAGE][PASSED] - Object '' is present

2020-09-09 12:11:03 - [TEST_STEP][PASSED] - waitForElementVisible(verifyToDo, DefaultTimeout): Object '' is visible

2020-09-09 12:11:03 - [MESSAGE][PASSED] - Object '' is visible

2020-09-09 12:11:03 - [TEST_STEP][PASSED] - click(verifyToDo): Object: '' is clicked on

2020-09-09 12:11:03 - [MESSAGE][PASSED] - Object: '' is clicked on

2020-09-09 12:11:03 - [TEST_STEP][PASSED] - delay(10): Delayed 10 second(s)

2020-09-09 12:11:13 - [MESSAGE][PASSED] - Delayed 10 second(s)

2020-09-09 12:11:13 - [TEST_STEP][PASSED] - waitForElementVisible(findTestObject("V2/PR-369/UpdateEditMeetingToDo/Edit_ToDo_Name_TextField"), DefaultTimeout): Object 'Object Repository/V2/PR-369/UpdateEditMeetingToDo/Edit_ToDo_Name_TextField' is visible

2020-09-09 12:11:13 - [MESSAGE][PASSED] - Object 'Object Repository/V2/PR-369/UpdateEditMeetingToDo/Edit_ToDo_Name_TextField' is visible

2020-09-09 12:11:13 - [TEST_STEP][PASSED] - click(findTestObject("V2/PR-369/UpdateEditMeetingToDo/Edit_ToDo_Name_TextField"), STOP_ON_FAILURE): Object: 'Object Repository/V2/PR-369/UpdateEditMeetingToDo/Edit_ToDo_Name_TextField' is clicked on

2020-09-09 12:11:13 - [MESSAGE][PASSED] - Object: 'Object Repository/V2/PR-369/UpdateEditMeetingToDo/Edit_ToDo_Name_TextField' is clicked on

2020-09-09 12:11:13 - [TEST_STEP][NOT_RUN] - sendKeys(findTestObject("V2/PR-369/UpdateEditMeetingToDo/Edit_ToDo_Name_TextField - Copy"), Keys.chord(LEFT_CONTROL, "a", BACK_SPACE)): NOT_RUN: sendKeys(findTestObject("V2/PR-369/UpdateEditMeetingToDo/Edit_ToDo_Name_TextField - Copy"), Keys.chord(LEFT_CONTROL, "a", BACK_SPACE))

2020-09-09 12:11:13 - [MESSAGE][NOT_RUN] - NOT_RUN: sendKeys(findTestObject("V2/PR-369/UpdateEditMeetingToDo/Edit_ToDo_Name_TextField - Copy"), Keys.chord(LEFT_CONTROL, "a", BACK_SPACE))

2020-09-09 12:11:13 - [TEST_STEP][PASSED] - tt_CustomKeywords.CustomKeywords.ClearElementText(findTestObject("V2/PR-369/UpdateEditMeetingToDo/Edit_ToDo_Name_TextField")): tt_CustomKeywords.CustomKeywords.ClearElementText is PASSED

2020-09-09 12:11:13 - [MESSAGE][PASSED] - Execute JavaScript 'arguments[0].value=''' successfully

2020-09-09 12:11:13 - [MESSAGE][PASSED] - tt_CustomKeywords.CustomKeywords.ClearElementText is PASSED

2020-09-09 12:11:13 - [TEST_STEP][PASSED] - setText(findTestObject("V2/PR-369/UpdateEditMeetingToDo/Edit_ToDo_Name_TextField"), editToDoName): Text 'Updated QA Edit Meeting Automation ToDo Test' is set on object 'Object Repository/V2/PR-369/UpdateEditMeetingToDo/Edit_ToDo_Name_TextField'

2020-09-09 12:11:13 - [MESSAGE][PASSED] - Text 'Updated QA Edit Meeting Automation ToDo Test' is set on object 'Object Repository/V2/PR-369/UpdateEditMeetingToDo/Edit_ToDo_Name_TextField'

2020-09-09 12:11:13 - [TEST_STEP][PASSED] - waitForElementVisible(findTestObject("V2/PR-369/UpdateEditMeetingToDo/Edit_Accountable_Owner"), DefaultTimeout): Object 'Object Repository/V2/PR-369/UpdateEditMeetingToDo/Edit_Accountable_Owner' is visible

2020-09-09 12:11:13 - [MESSAGE][PASSED] - Object 'Object Repository/V2/PR-369/UpdateEditMeetingToDo/Edit_Accountable_Owner' is visible

2020-09-09 12:11:13 - [TEST_STEP][PASSED] - click(findTestObject("V2/PR-369/UpdateEditMeetingToDo/Edit_Accountable_Owner")): Object: 'Object Repository/V2/PR-369/UpdateEditMeetingToDo/Edit_Accountable_Owner' is clicked on

2020-09-09 12:11:13 - [MESSAGE][PASSED] - Object: 'Object Repository/V2/PR-369/UpdateEditMeetingToDo/Edit_Accountable_Owner' is clicked on

2020-09-09 12:11:13 - [TEST_STEP][PASSED] - editaccountableOwner = tt_CustomKeywords.CustomKeywords.CreateDynamicElement(editaccountableOwner_Obj, editAccountableOwner, "xpath"): Successfully created new dynamic object: //div[@data-test-id='editTodo']//div[@role='listbox'][@class='visible menu transition']/div[@role='option'][contains(@class,'item')]/span[text()='Admin User']

2020-09-09 12:11:13 - [MESSAGE][PASSED] - Successfully created new dynamic object: //div[@data-test-id='editTodo']//div[@role='listbox'][@class='visible menu transition']/div[@role='option'][contains(@class,'item')]/span[text()='Admin User']

2020-09-09 12:11:13 - [TEST_STEP][PASSED] - waitForElementVisible(editaccountableOwner, DefaultTimeout): Object '' is visible

2020-09-09 12:11:13 - [MESSAGE][PASSED] - Object '' is visible

2020-09-09 12:11:13 - [TEST_STEP][PASSED] - click(editaccountableOwner): Object: '' is clicked on

2020-09-09 12:11:13 - [MESSAGE][PASSED] - Object: '' is clicked on

2020-09-09 12:11:13 - [TEST_STEP][PASSED] - waitForElementVisible(findTestObject("V2/PR-369/UpdateEditMeetingToDo/Edit_Due_Date"), DefaultTimeout): Object 'Object Repository/V2/PR-369/UpdateEditMeetingToDo/Edit_Due_Date' is visible

2020-09-09 12:11:13 - [MESSAGE][PASSED] - Object 'Object Repository/V2/PR-369/UpdateEditMeetingToDo/Edit_Due_Date' is visible

2020-09-09 12:11:13 - [TEST_STEP][PASSED] - click(findTestObject("V2/PR-369/UpdateEditMeetingToDo/Edit_Due_Date")): Object: 'Object Repository/V2/PR-369/UpdateEditMeetingToDo/Edit_Due_Date' is clicked on

2020-09-09 12:11:14 - [MESSAGE][PASSED] - Object: 'Object Repository/V2/PR-369/UpdateEditMeetingToDo/Edit_Due_Date' is clicked on

2020-09-09 12:11:14 - [TEST_STEP][PASSED] - waitForElementVisible(findTestObject("V2/PR-369/Edit_Meeting_Scorecard/A_Date29"), DefaultTimeout): Object 'Object Repository/V2/PR-369/Edit_Meeting_Scorecard/A_Date29' is visible

2020-09-09 12:11:14 - [MESSAGE][PASSED] - Object 'Object Repository/V2/PR-369/Edit_Meeting_Scorecard/A_Date29' is visible

2020-09-09 12:11:14 - [TEST_STEP][PASSED] - click(findTestObject("V2/PR-369/Edit_Meeting_Scorecard/A_Date29")): Object: 'Object Repository/V2/PR-369/Edit_Meeting_Scorecard/A_Date29' is clicked on

2020-09-09 12:11:14 - [MESSAGE][PASSED] - Object: 'Object Repository/V2/PR-369/Edit_Meeting_Scorecard/A_Date29' is clicked on

2020-09-09 12:11:14 - [TEST_STEP][PASSED] - waitForElementVisible(findTestObject("V2/PR-369/UpdateEditMeetingToDo/Edit_Done_Checkbox"), DefaultTimeout): Object 'Object Repository/V2/PR-369/UpdateEditMeetingToDo/Edit_Done_Checkbox' is visible

2020-09-09 12:11:14 - [MESSAGE][PASSED] - Object 'Object Repository/V2/PR-369/UpdateEditMeetingToDo/Edit_Done_Checkbox' is visible

2020-09-09 12:11:14 - [TEST_STEP][PASSED] - click(findTestObject("V2/PR-369/UpdateEditMeetingToDo/Edit_Done_Checkbox")): Object: 'Object Repository/V2/PR-369/UpdateEditMeetingToDo/Edit_Done_Checkbox' is clicked on

2020-09-09 12:11:14 - [MESSAGE][PASSED] - Object: 'Object Repository/V2/PR-369/UpdateEditMeetingToDo/Edit_Done_Checkbox' is clicked on

2020-09-09 12:11:14 - [TEST_STEP][PASSED] - waitForElementVisible(findTestObject("V2/PR-369/UpdateEditMeetingToDo/Update_Button"), DefaultTimeout): Object 'Object Repository/V2/PR-369/UpdateEditMeetingToDo/Update_Button' is visible

2020-09-09 12:11:14 - [MESSAGE][PASSED] - Object 'Object Repository/V2/PR-369/UpdateEditMeetingToDo/Update_Button' is visible

2020-09-09 12:11:14 - [TEST_STEP][PASSED] - click(findTestObject("V2/PR-369/UpdateEditMeetingToDo/Update_Button")): Object: 'Object Repository/V2/PR-369/UpdateEditMeetingToDo/Update_Button' is clicked on

2020-09-09 12:11:14 - [MESSAGE][PASSED] - Object: 'Object Repository/V2/PR-369/UpdateEditMeetingToDo/Update_Button' is clicked on

2020-09-09 12:11:14 - [TEST_STEP][PASSED] - delay(5): Delayed 5 second(s)

2020-09-09 12:11:19 - [MESSAGE][PASSED] - Delayed 5 second(s)

2020-09-09 12:11:19 - [TEST_STEP][PASSED] - verifyEditTodo = tt_CustomKeywords.CustomKeywords.CreateDynamicElement(verifyToDo_Obj, editToDoName, "xpath"): Successfully created new dynamic object: //h2[text()='To-Dos']/ancestor::div[contains(@class,'CardStyles')]//button/div[text()='Updated QA Edit Meeting Automation ToDo Test']

2020-09-09 12:11:19 - [MESSAGE][PASSED] - Successfully created new dynamic object: //h2[text()='To-Dos']/ancestor::div[contains(@class,'CardStyles')]//button/div[text()='Updated QA Edit Meeting Automation ToDo Test']

2020-09-09 12:11:19 - [TEST_STEP][PASSED] - verifyElementPresent(verifyEditTodo, DefaultTimeout): Object '' is present

2020-09-09 12:11:20 - [MESSAGE][PASSED] - Object '' is present

2020-09-09 12:11:20 - [MESSAGE][PASSED] - Call Test Case 'Test Cases/V2/Test Case/Tests/PR-369 - EditMeetingAgenda/Test Cases/Positive/Admin/PR_369_13_EditMeetingEditToDo_Admin' successfully

2020-09-09 12:11:20 - [TEST_STEP][PASSED] - changeWebDriver(driver2): null

2020-09-09 12:11:20 - [TEST_STEP][PASSED] - callTestCase(findTestCase("V2/Test Case/Tests/PR-369 - EditMeetingAgenda/Test Cases/Positive/Supervisor/PR_369_13_EditMeetingEditToDo_Supervisor"), ["userName":"jeff+075@mytractiontools.com", "passWord":"Skyline69A*", "meetingRowPosition":"3", "editMeetingMenu_Obj":"//div[@id='root']/div/div[2]/div/div/div/div[2]/div/div[%s]/div[3]/button/i", ... ], STOP_ON_FAILURE): Call Test Case 'Test Cases/V2/Test Case/Tests/PR-369 - EditMeetingAgenda/Test Cases/Positive/Supervisor/PR_369_13_EditMeetingEditToDo_Supervisor' successfully

2020-09-09 12:11:20 - [TEST_CASE][PASSED] - Test Cases/V2/Test Case/Tests/PR-369 - EditMeetingAgenda/Test Cases/Positive/Supervisor/PR_369_13_EditMeetingEditToDo_Supervisor: Test Cases/V2/Test Case/Tests/PR-369 - EditMeetingAgenda/Test Cases/Positive/Supervisor/PR_369_13_EditMeetingEditToDo_Supervisor

2020-09-09 12:11:20 - [TEST_STEP][PASSED] - waitForElementVisible(findTestObject("V2/Commons/DasboardPage_SidebarMenu/MeetingsMenu"), DefaultTimeout): Object 'Object Repository/V2/Commons/DasboardPage_SidebarMenu/MeetingsMenu' is visible

2020-09-09 12:11:20 - [MESSAGE][PASSED] - Object 'Object Repository/V2/Commons/DasboardPage_SidebarMenu/MeetingsMenu' is visible

2020-09-09 12:11:20 - [TEST_STEP][PASSED] - click(findTestObject("V2/Commons/DasboardPage_SidebarMenu/MeetingsMenu")): Object: 'Object Repository/V2/Commons/DasboardPage_SidebarMenu/MeetingsMenu' is clicked on

2020-09-09 12:11:20 - [MESSAGE][PASSED] - Object: 'Object Repository/V2/Commons/DasboardPage_SidebarMenu/MeetingsMenu' is clicked on

2020-09-09 12:11:20 - [TEST_STEP][PASSED] - meetingOpt_Obj = tt_CustomKeywords.CustomKeywords.CreateDynamicElement(meetingOptions_obj, meetingName, "xpath"): Successfully created new dynamic object: //h4[text()='Meeting Admin']/ancestor::div[contains(@class,'ListContainer')]/div[@class='listcontainer__options']/button

2020-09-09 12:11:20 - [MESSAGE][PASSED] - Successfully created new dynamic object: //h4[text()='Meeting Admin']/ancestor::div[contains(@class,'ListContainer')]/div[@class='listcontainer__options']/button

2020-09-09 12:11:20 - [TEST_STEP][PASSED] - waitForElementVisible(meetingOpt_Obj, DefaultTimeout): Object '' is visible

2020-09-09 12:11:21 - [MESSAGE][PASSED] - Object '' is visible

2020-09-09 12:11:21 - [TEST_STEP][PASSED] - click(meetingOpt_Obj): Object: '' is clicked on

2020-09-09 12:11:21 - [MESSAGE][PASSED] - Object: '' is clicked on

2020-09-09 12:11:21 - [TEST_STEP][PASSED] - click(findTestObject("V2/Commons/MeetingListPage/a_Edit meeting")): Object: 'Object Repository/V2/Commons/MeetingListPage/a_Edit meeting' is clicked on

2020-09-09 12:11:21 - [MESSAGE][PASSED] - Object: 'Object Repository/V2/Commons/MeetingListPage/a_Edit meeting' is clicked on

2020-09-09 12:11:21 - [TEST_STEP][PASSED] - waitForElementVisible(findTestObject("V2/PR-369/Edit_Meeting_ToDo/ToDo_Menu"), DefaultTimeout): Object 'Object Repository/V2/PR-369/Edit_Meeting_ToDo/ToDo_Menu' is visible

2020-09-09 12:11:23 - [MESSAGE][PASSED] - Object 'Object Repository/V2/PR-369/Edit_Meeting_ToDo/ToDo_Menu' is visible

2020-09-09 12:11:23 - [TEST_STEP][PASSED] - click(findTestObject("V2/PR-369/Edit_Meeting_ToDo/ToDo_Menu")): Object: 'Object Repository/V2/PR-369/Edit_Meeting_ToDo/ToDo_Menu' is clicked on

2020-09-09 12:11:23 - [MESSAGE][PASSED] - Object: 'Object Repository/V2/PR-369/Edit_Meeting_ToDo/ToDo_Menu' is clicked on

2020-09-09 12:11:23 - [TEST_STEP][PASSED] - waitForElementVisible(findTestObject("V2/PR-369/Edit_Meeting_ToDo/CreateToDoButton"), DefaultTimeout): Object 'Object Repository/V2/PR-369/Edit_Meeting_ToDo/CreateToDoButton' is visible

2020-09-09 12:11:23 - [MESSAGE][PASSED] - Object 'Object Repository/V2/PR-369/Edit_Meeting_ToDo/CreateToDoButton' is visible

2020-09-09 12:11:23 - [TEST_STEP][PASSED] - click(findTestObject("V2/PR-369/Edit_Meeting_ToDo/CreateToDoButton")): Object: 'Object Repository/V2/PR-369/Edit_Meeting_ToDo/CreateToDoButton' is clicked on

2020-09-09 12:11:23 - [MESSAGE][PASSED] - Object: 'Object Repository/V2/PR-369/Edit_Meeting_ToDo/CreateToDoButton' is clicked on

2020-09-09 12:11:23 - [TEST_STEP][PASSED] - delay(10): Delayed 10 second(s)

2020-09-09 12:11:33 - [MESSAGE][PASSED] - Delayed 10 second(s)

2020-09-09 12:11:33 - [TEST_STEP][PASSED] - waitForElementVisible(findTestObject("V2/PR-369/Edit_Meeting_ToDo/Edit_Todo_TextField"), DefaultTimeout): Object 'Object Repository/V2/PR-369/Edit_Meeting_ToDo/Edit_Todo_TextField' is visible

2020-09-09 12:11:33 - [MESSAGE][PASSED] - Object 'Object Repository/V2/PR-369/Edit_Meeting_ToDo/Edit_Todo_TextField' is visible

2020-09-09 12:11:33 - [TEST_STEP][PASSED] - setText(findTestObject("V2/PR-369/Edit_Meeting_ToDo/Edit_Todo_TextField"), toDoName): Text 'QA Edit Meeting Automation ToDo Test' is set on object 'Object Repository/V2/PR-369/Edit_Meeting_ToDo/Edit_Todo_TextField'

2020-09-09 12:11:34 - [MESSAGE][PASSED] - Text 'QA Edit Meeting Automation ToDo Test' is set on object 'Object Repository/V2/PR-369/Edit_Meeting_ToDo/Edit_Todo_TextField'

2020-09-09 12:11:34 - [TEST_STEP][PASSED] - click(findTestObject("V2/PR-369/Edit_Meeting_ToDo/Accountable_Owner_TextField")): Object: 'Object Repository/V2/PR-369/Edit_Meeting_ToDo/Accountable_Owner_TextField' is clicked on

2020-09-09 12:11:34 - [MESSAGE][PASSED] - Object: 'Object Repository/V2/PR-369/Edit_Meeting_ToDo/Accountable_Owner_TextField' is clicked on

2020-09-09 12:11:34 - [TEST_STEP][PASSED] - accountableOwner = tt_CustomKeywords.CustomKeywords.CreateDynamicElement(accountableOwner_Obj, accountableOwner, "xpath"): Successfully created new dynamic object: //div[@data-test-id='createTodo']//div[@role='listbox'][@class='visible menu transition']/div[@role='option'][contains(@class,'item')]/span[text()='Supervisor User']

2020-09-09 12:11:34 - [MESSAGE][PASSED] - Successfully created new dynamic object: //div[@data-test-id='createTodo']//div[@role='listbox'][@class='visible menu transition']/div[@role='option'][contains(@class,'item')]/span[text()='Supervisor User']

2020-09-09 12:11:34 - [TEST_STEP][PASSED] - click(accountableOwner): Object: '' is clicked on

2020-09-09 12:11:34 - [MESSAGE][PASSED] - Object: '' is clicked on

2020-09-09 12:11:34 - [TEST_STEP][PASSED] - click(findTestObject("V2/PR-369/Edit_Meeting_ToDo/Create_ToDo_Due_Date")): Object: 'Object Repository/V2/PR-369/Edit_Meeting_ToDo/Create_ToDo_Due_Date' is clicked on

2020-09-09 12:11:34 - [MESSAGE][PASSED] - Object: 'Object Repository/V2/PR-369/Edit_Meeting_ToDo/Create_ToDo_Due_Date' is clicked on

2020-09-09 12:11:34 - [TEST_STEP][PASSED] - waitForElementVisible(findTestObject("V2/PR-369/Edit_Meeting_Scorecard/A_Date29"), DefaultTimeout): Object 'Object Repository/V2/PR-369/Edit_Meeting_Scorecard/A_Date29' is visible

2020-09-09 12:11:34 - [MESSAGE][PASSED] - Object 'Object Repository/V2/PR-369/Edit_Meeting_Scorecard/A_Date29' is visible

2020-09-09 12:11:34 - [TEST_STEP][PASSED] - click(findTestObject("V2/PR-369/Edit_Meeting_Scorecard/A_Date29")): Object: 'Object Repository/V2/PR-369/Edit_Meeting_Scorecard/A_Date29' is clicked on

2020-09-09 12:11:34 - [MESSAGE][PASSED] - Object: 'Object Repository/V2/PR-369/Edit_Meeting_Scorecard/A_Date29' is clicked on

2020-09-09 12:11:34 - [TEST_STEP][PASSED] - verifyElementVisible(findTestObject("V2/PR-369/Edit_Meeting_Rocks/Verify_Notes_Section")): Object 'Object Repository/V2/PR-369/Edit_Meeting_Rocks/Verify_Notes_Section' is visible

2020-09-09 12:11:34 - [MESSAGE][PASSED] - Object 'Object Repository/V2/PR-369/Edit_Meeting_Rocks/Verify_Notes_Section' is visible

2020-09-09 12:11:34 - [TEST_STEP][PASSED] - setText(findTestObject("V2/PR-369/Edit_Meeting_Rocks/Notes_Comments"), Notes): Text 'Sample Notes' is set on object 'Object Repository/V2/PR-369/Edit_Meeting_Rocks/Notes_Comments'

2020-09-09 12:11:34 - [MESSAGE][PASSED] - Text 'Sample Notes' is set on object 'Object Repository/V2/PR-369/Edit_Meeting_Rocks/Notes_Comments'

2020-09-09 12:11:34 - [TEST_STEP][PASSED] - click(findTestObject("V2/PR-369/Edit_Meeting_ToDo/Save_Button")): Object: 'Object Repository/V2/PR-369/Edit_Meeting_ToDo/Save_Button' is clicked on

2020-09-09 12:11:34 - [MESSAGE][PASSED] - Object: 'Object Repository/V2/PR-369/Edit_Meeting_ToDo/Save_Button' is clicked on

2020-09-09 12:11:34 - [TEST_STEP][PASSED] - delay(15): Delayed 15 second(s)

2020-09-09 12:11:49 - [MESSAGE][PASSED] - Delayed 15 second(s)

2020-09-09 12:11:49 - [TEST_STEP][PASSED] - verifyToDo = tt_CustomKeywords.CustomKeywords.CreateDynamicElement(verifyToDo_Obj, toDoName, "xpath"): Successfully created new dynamic object: //h2[text()='To-Dos']/ancestor::div[contains(@class,'CardStyles')]//button/div[text()='QA Edit Meeting Automation ToDo Test']

2020-09-09 12:11:49 - [MESSAGE][PASSED] - Successfully created new dynamic object: //h2[text()='To-Dos']/ancestor::div[contains(@class,'CardStyles')]//button/div[text()='QA Edit Meeting Automation ToDo Test']

2020-09-09 12:11:49 - [TEST_STEP][PASSED] - verifyElementPresent(verifyToDo, DefaultTimeout): Object '' is present

2020-09-09 12:11:49 - [MESSAGE][PASSED] - Object '' is present

2020-09-09 12:11:49 - [TEST_STEP][PASSED] - waitForElementVisible(verifyToDo, DefaultTimeout): Object '' is visible

2020-09-09 12:11:49 - [MESSAGE][PASSED] - Object '' is visible

2020-09-09 12:11:49 - [TEST_STEP][PASSED] - click(verifyToDo): Object: '' is clicked on

2020-09-09 12:11:49 - [MESSAGE][PASSED] - Object: '' is clicked on

2020-09-09 12:11:49 - [TEST_STEP][PASSED] - delay(10): Delayed 10 second(s)

2020-09-09 12:11:59 - [MESSAGE][PASSED] - Delayed 10 second(s)

2020-09-09 12:11:59 - [TEST_STEP][PASSED] - waitForElementVisible(findTestObject("V2/PR-369/UpdateEditMeetingToDo/Edit_ToDo_Name_TextField"), DefaultTimeout): Object 'Object Repository/V2/PR-369/UpdateEditMeetingToDo/Edit_ToDo_Name_TextField' is visible

2020-09-09 12:12:00 - [MESSAGE][PASSED] - Object 'Object Repository/V2/PR-369/UpdateEditMeetingToDo/Edit_ToDo_Name_TextField' is visible

2020-09-09 12:12:00 - [TEST_STEP][PASSED] - click(findTestObject("V2/PR-369/UpdateEditMeetingToDo/Edit_ToDo_Name_TextField"), STOP_ON_FAILURE): Object: 'Object Repository/V2/PR-369/UpdateEditMeetingToDo/Edit_ToDo_Name_TextField' is clicked on

2020-09-09 12:12:00 - [MESSAGE][PASSED] - Object: 'Object Repository/V2/PR-369/UpdateEditMeetingToDo/Edit_ToDo_Name_TextField' is clicked on

2020-09-09 12:12:00 - [TEST_STEP][NOT_RUN] - sendKeys(findTestObject("V2/PR-369/UpdateEditMeetingToDo/Edit_ToDo_Name_TextField - Copy"), Keys.chord(LEFT_CONTROL, "a", BACK_SPACE)): NOT_RUN: sendKeys(findTestObject("V2/PR-369/UpdateEditMeetingToDo/Edit_ToDo_Name_TextField - Copy"), Keys.chord(LEFT_CONTROL, "a", BACK_SPACE))

2020-09-09 12:12:00 - [MESSAGE][NOT_RUN] - NOT_RUN: sendKeys(findTestObject("V2/PR-369/UpdateEditMeetingToDo/Edit_ToDo_Name_TextField - Copy"), Keys.chord(LEFT_CONTROL, "a", BACK_SPACE))

2020-09-09 12:12:00 - [TEST_STEP][PASSED] - tt_CustomKeywords.CustomKeywords.ClearElementText(findTestObject("V2/PR-369/UpdateEditMeetingToDo/Edit_ToDo_Name_TextField")): tt_CustomKeywords.CustomKeywords.ClearElementText is PASSED

2020-09-09 12:12:00 - [MESSAGE][PASSED] - Execute JavaScript 'arguments[0].value=''' successfully

2020-09-09 12:12:00 - [MESSAGE][PASSED] - tt_CustomKeywords.CustomKeywords.ClearElementText is PASSED

2020-09-09 12:12:00 - [TEST_STEP][PASSED] - setText(findTestObject("V2/PR-369/UpdateEditMeetingToDo/Edit_ToDo_Name_TextField"), editToDoName): Text 'Updated QA Edit Meeting Automation ToDo Test' is set on object 'Object Repository/V2/PR-369/UpdateEditMeetingToDo/Edit_ToDo_Name_TextField'

2020-09-09 12:12:00 - [MESSAGE][PASSED] - Text 'Updated QA Edit Meeting Automation ToDo Test' is set on object 'Object Repository/V2/PR-369/UpdateEditMeetingToDo/Edit_ToDo_Name_TextField'

2020-09-09 12:12:00 - [TEST_STEP][PASSED] - waitForElementVisible(findTestObject("V2/PR-369/UpdateEditMeetingToDo/Edit_Accountable_Owner"), DefaultTimeout): Object 'Object Repository/V2/PR-369/UpdateEditMeetingToDo/Edit_Accountable_Owner' is visible

2020-09-09 12:12:00 - [MESSAGE][PASSED] - Object 'Object Repository/V2/PR-369/UpdateEditMeetingToDo/Edit_Accountable_Owner' is visible

2020-09-09 12:12:00 - [TEST_STEP][PASSED] - click(findTestObject("V2/PR-369/UpdateEditMeetingToDo/Edit_Accountable_Owner")): Object: 'Object Repository/V2/PR-369/UpdateEditMeetingToDo/Edit_Accountable_Owner' is clicked on

2020-09-09 12:12:00 - [MESSAGE][PASSED] - Object: 'Object Repository/V2/PR-369/UpdateEditMeetingToDo/Edit_Accountable_Owner' is clicked on

2020-09-09 12:12:00 - [TEST_STEP][PASSED] - editaccountableOwner = tt_CustomKeywords.CustomKeywords.CreateDynamicElement(editaccountableOwner_Obj, editAccountableOwner, "xpath"): Successfully created new dynamic object: //div[@data-test-id='editTodo']//div[@role='listbox'][@class='visible menu transition']/div[@role='option'][contains(@class,'item')]/span[text()='Supervisor User']

2020-09-09 12:12:00 - [MESSAGE][PASSED] - Successfully created new dynamic object: //div[@data-test-id='editTodo']//div[@role='listbox'][@class='visible menu transition']/div[@role='option'][contains(@class,'item')]/span[text()='Supervisor User']

2020-09-09 12:12:00 - [TEST_STEP][PASSED] - waitForElementVisible(editaccountableOwner, DefaultTimeout): Object '' is visible

2020-09-09 12:12:00 - [MESSAGE][PASSED] - Object '' is visible

2020-09-09 12:12:00 - [TEST_STEP][PASSED] - click(editaccountableOwner): Object: '' is clicked on

2020-09-09 12:12:00 - [MESSAGE][PASSED] - Object: '' is clicked on

2020-09-09 12:12:00 - [TEST_STEP][PASSED] - waitForElementVisible(findTestObject("V2/PR-369/UpdateEditMeetingToDo/Edit_Due_Date"), DefaultTimeout): Object 'Object Repository/V2/PR-369/UpdateEditMeetingToDo/Edit_Due_Date' is visible

2020-09-09 12:12:00 - [MESSAGE][PASSED] - Object 'Object Repository/V2/PR-369/UpdateEditMeetingToDo/Edit_Due_Date' is visible

2020-09-09 12:12:00 - [TEST_STEP][PASSED] - click(findTestObject("V2/PR-369/UpdateEditMeetingToDo/Edit_Due_Date")): Object: 'Object Repository/V2/PR-369/UpdateEditMeetingToDo/Edit_Due_Date' is clicked on

2020-09-09 12:12:00 - [MESSAGE][PASSED] - Object: 'Object Repository/V2/PR-369/UpdateEditMeetingToDo/Edit_Due_Date' is clicked on

2020-09-09 12:12:00 - [TEST_STEP][PASSED] - waitForElementVisible(findTestObject("V2/PR-369/Edit_Meeting_Scorecard/A_Date29"), DefaultTimeout): Object 'Object Repository/V2/PR-369/Edit_Meeting_Scorecard/A_Date29' is visible

2020-09-09 12:12:01 - [MESSAGE][PASSED] - Object 'Object Repository/V2/PR-369/Edit_Meeting_Scorecard/A_Date29' is visible

2020-09-09 12:12:01 - [TEST_STEP][PASSED] - click(findTestObject("V2/PR-369/Edit_Meeting_Scorecard/A_Date29")): Object: 'Object Repository/V2/PR-369/Edit_Meeting_Scorecard/A_Date29' is clicked on

2020-09-09 12:12:01 - [MESSAGE][PASSED] - Object: 'Object Repository/V2/PR-369/Edit_Meeting_Scorecard/A_Date29' is clicked on

2020-09-09 12:12:01 - [TEST_STEP][PASSED] - waitForElementVisible(findTestObject("V2/PR-369/UpdateEditMeetingToDo/Edit_Done_Checkbox"), DefaultTimeout): Object 'Object Repository/V2/PR-369/UpdateEditMeetingToDo/Edit_Done_Checkbox' is visible

2020-09-09 12:12:01 - [MESSAGE][PASSED] - Object 'Object Repository/V2/PR-369/UpdateEditMeetingToDo/Edit_Done_Checkbox' is visible

2020-09-09 12:12:01 - [TEST_STEP][PASSED] - click(findTestObject("V2/PR-369/UpdateEditMeetingToDo/Edit_Done_Checkbox")): Object: 'Object Repository/V2/PR-369/UpdateEditMeetingToDo/Edit_Done_Checkbox' is clicked on

2020-09-09 12:12:01 - [MESSAGE][PASSED] - Object: 'Object Repository/V2/PR-369/UpdateEditMeetingToDo/Edit_Done_Checkbox' is clicked on

2020-09-09 12:12:01 - [TEST_STEP][PASSED] - waitForElementVisible(findTestObject("V2/PR-369/UpdateEditMeetingToDo/Update_Button"), DefaultTimeout): Object 'Object Repository/V2/PR-369/UpdateEditMeetingToDo/Update_Button' is visible

2020-09-09 12:12:01 - [MESSAGE][PASSED] - Object 'Object Repository/V2/PR-369/UpdateEditMeetingToDo/Update_Button' is visible

2020-09-09 12:12:01 - [TEST_STEP][PASSED] - click(findTestObject("V2/PR-369/UpdateEditMeetingToDo/Update_Button")): Object: 'Object Repository/V2/PR-369/UpdateEditMeetingToDo/Update_Button' is clicked on

2020-09-09 12:12:01 - [MESSAGE][PASSED] - Object: 'Object Repository/V2/PR-369/UpdateEditMeetingToDo/Update_Button' is clicked on

2020-09-09 12:12:01 - [TEST_STEP][PASSED] - delay(5): Delayed 5 second(s)

2020-09-09 12:12:06 - [MESSAGE][PASSED] - Delayed 5 second(s)

2020-09-09 12:12:06 - [TEST_STEP][PASSED] - verifyEditTodo = tt_CustomKeywords.CustomKeywords.CreateDynamicElement(verifyToDo_Obj, editToDoName, "xpath"): Successfully created new dynamic object: //h2[text()='To-Dos']/ancestor::div[contains(@class,'CardStyles')]//button/div[text()='Updated QA Edit Meeting Automation ToDo Test']

2020-09-09 12:12:06 - [MESSAGE][PASSED] - Successfully created new dynamic object: //h2[text()='To-Dos']/ancestor::div[contains(@class,'CardStyles')]//button/div[text()='Updated QA Edit Meeting Automation ToDo Test']

2020-09-09 12:12:06 - [TEST_STEP][PASSED] - verifyElementPresent(verifyEditTodo, DefaultTimeout): Object '' is present

2020-09-09 12:12:06 - [MESSAGE][PASSED] - Object '' is present

2020-09-09 12:12:06 - [MESSAGE][PASSED] - Call Test Case 'Test Cases/V2/Test Case/Tests/PR-369 - EditMeetingAgenda/Test Cases/Positive/Supervisor/PR_369_13_EditMeetingEditToDo_Supervisor' successfully

2020-09-09 12:12:06 - [TEST_STEP][PASSED] - changeWebDriver(driver3): null

2020-09-09 12:12:06 - [TEST_STEP][PASSED] - callTestCase(findTestCase("V2/Test Case/Tests/PR-369 - EditMeetingAgenda/Test Cases/Positive/Employee/PR_369_13_EditMeetingEditToDo_Employee"), ["userName":"jeff+075@mytractiontools.com", "passWord":"Skyline69A*", "meetingRowPosition":"3", "editMeetingMenu_Obj":"//div[@id='root']/div/div[2]/div/div/div/div[2]/div/div[%s]/div[3]/button/i", ... ], STOP_ON_FAILURE): Call Test Case 'Test Cases/V2/Test Case/Tests/PR-369 - EditMeetingAgenda/Test Cases/Positive/Employee/PR_369_13_EditMeetingEditToDo_Employee' successfully

2020-09-09 12:12:06 - [TEST_CASE][PASSED] - Test Cases/V2/Test Case/Tests/PR-369 - EditMeetingAgenda/Test Cases/Positive/Employee/PR_369_13_EditMeetingEditToDo_Employee: Test Cases/V2/Test Case/Tests/PR-369 - EditMeetingAgenda/Test Cases/Positive/Employee/PR_369_13_EditMeetingEditToDo_Employee

2020-09-09 12:12:06 - [TEST_STEP][PASSED] - waitForElementVisible(findTestObject("V2/Commons/DasboardPage_SidebarMenu/MeetingsMenu"), DefaultTimeout): Object 'Object Repository/V2/Commons/DasboardPage_SidebarMenu/MeetingsMenu' is visible

2020-09-09 12:12:06 - [MESSAGE][PASSED] - Object 'Object Repository/V2/Commons/DasboardPage_SidebarMenu/MeetingsMenu' is visible

2020-09-09 12:12:06 - [TEST_STEP][PASSED] - click(findTestObject("V2/Commons/DasboardPage_SidebarMenu/MeetingsMenu")): Object: 'Object Repository/V2/Commons/DasboardPage_SidebarMenu/MeetingsMenu' is clicked on

2020-09-09 12:12:06 - [MESSAGE][PASSED] - Object: 'Object Repository/V2/Commons/DasboardPage_SidebarMenu/MeetingsMenu' is clicked on

2020-09-09 12:12:06 - [TEST_STEP][PASSED] - meetingOpt_Obj = tt_CustomKeywords.CustomKeywords.CreateDynamicElement(meetingOptions_obj, meetingName, "xpath"): Successfully created new dynamic object: //h4[text()='Meeting Admin']/ancestor::div[contains(@class,'ListContainer')]/div[@class='listcontainer__options']/button

2020-09-09 12:12:06 - [MESSAGE][PASSED] - Successfully created new dynamic object: //h4[text()='Meeting Admin']/ancestor::div[contains(@class,'ListContainer')]/div[@class='listcontainer__options']/button

2020-09-09 12:12:06 - [TEST_STEP][PASSED] - waitForElementVisible(meetingOpt_Obj, DefaultTimeout): Object '' is visible

2020-09-09 12:12:07 - [MESSAGE][PASSED] - Object '' is visible

2020-09-09 12:12:07 - [TEST_STEP][PASSED] - click(meetingOpt_Obj): Object: '' is clicked on

2020-09-09 12:12:07 - [MESSAGE][PASSED] - Object: '' is clicked on

2020-09-09 12:12:07 - [TEST_STEP][PASSED] - click(findTestObject("V2/Commons/MeetingListPage/a_Edit meeting")): Object: 'Object Repository/V2/Commons/MeetingListPage/a_Edit meeting' is clicked on

2020-09-09 12:12:08 - [MESSAGE][PASSED] - Object: 'Object Repository/V2/Commons/MeetingListPage/a_Edit meeting' is clicked on

2020-09-09 12:12:08 - [TEST_STEP][PASSED] - waitForElementVisible(findTestObject("V2/PR-369/Edit_Meeting_ToDo/ToDo_Menu"), DefaultTimeout): Object 'Object Repository/V2/PR-369/Edit_Meeting_ToDo/ToDo_Menu' is visible

2020-09-09 12:12:09 - [MESSAGE][PASSED] - Object 'Object Repository/V2/PR-369/Edit_Meeting_ToDo/ToDo_Menu' is visible

2020-09-09 12:12:09 - [TEST_STEP][PASSED] - click(findTestObject("V2/PR-369/Edit_Meeting_ToDo/ToDo_Menu")): Object: 'Object Repository/V2/PR-369/Edit_Meeting_ToDo/ToDo_Menu' is clicked on

2020-09-09 12:12:09 - [MESSAGE][PASSED] - Object: 'Object Repository/V2/PR-369/Edit_Meeting_ToDo/ToDo_Menu' is clicked on

2020-09-09 12:12:09 - [TEST_STEP][PASSED] - waitForElementVisible(findTestObject("V2/PR-369/Edit_Meeting_ToDo/CreateToDoButton"), DefaultTimeout): Object 'Object Repository/V2/PR-369/Edit_Meeting_ToDo/CreateToDoButton' is visible

2020-09-09 12:12:09 - [MESSAGE][PASSED] - Object 'Object Repository/V2/PR-369/Edit_Meeting_ToDo/CreateToDoButton' is visible

2020-09-09 12:12:09 - [TEST_STEP][PASSED] - click(findTestObject("V2/PR-369/Edit_Meeting_ToDo/CreateToDoButton")): Object: 'Object Repository/V2/PR-369/Edit_Meeting_ToDo/CreateToDoButton' is clicked on

2020-09-09 12:12:09 - [MESSAGE][PASSED] - Object: 'Object Repository/V2/PR-369/Edit_Meeting_ToDo/CreateToDoButton' is clicked on

2020-09-09 12:12:09 - [TEST_STEP][PASSED] - delay(10): Delayed 10 second(s)

2020-09-09 12:12:19 - [MESSAGE][PASSED] - Delayed 10 second(s)

2020-09-09 12:12:19 - [TEST_STEP][PASSED] - waitForElementVisible(findTestObject("V2/PR-369/Edit_Meeting_ToDo/Edit_Todo_TextField"), DefaultTimeout): Object 'Object Repository/V2/PR-369/Edit_Meeting_ToDo/Edit_Todo_TextField' is visible

2020-09-09 12:12:19 - [MESSAGE][PASSED] - Object 'Object Repository/V2/PR-369/Edit_Meeting_ToDo/Edit_Todo_TextField' is visible

2020-09-09 12:12:19 - [TEST_STEP][PASSED] - setText(findTestObject("V2/PR-369/Edit_Meeting_ToDo/Edit_Todo_TextField"), toDoName): Text 'QA Edit Meeting Automation ToDo Test' is set on object 'Object Repository/V2/PR-369/Edit_Meeting_ToDo/Edit_Todo_TextField'

2020-09-09 12:12:20 - [MESSAGE][PASSED] - Text 'QA Edit Meeting Automation ToDo Test' is set on object 'Object Repository/V2/PR-369/Edit_Meeting_ToDo/Edit_Todo_TextField'

2020-09-09 12:12:20 - [TEST_STEP][PASSED] - click(findTestObject("V2/PR-369/Edit_Meeting_ToDo/Accountable_Owner_TextField")): Object: 'Object Repository/V2/PR-369/Edit_Meeting_ToDo/Accountable_Owner_TextField' is clicked on

2020-09-09 12:12:20 - [MESSAGE][PASSED] - Object: 'Object Repository/V2/PR-369/Edit_Meeting_ToDo/Accountable_Owner_TextField' is clicked on

2020-09-09 12:12:20 - [TEST_STEP][PASSED] - accountableOwner = tt_CustomKeywords.CustomKeywords.CreateDynamicElement(accountableOwner_Obj, accountableOwner, "xpath"): Successfully created new dynamic object: //div[@data-test-id='createTodo']//div[@role='listbox'][@class='visible menu transition']/div[@role='option'][contains(@class,'item')]/span[text()='Employee User']

2020-09-09 12:12:20 - [MESSAGE][PASSED] - Successfully created new dynamic object: //div[@data-test-id='createTodo']//div[@role='listbox'][@class='visible menu transition']/div[@role='option'][contains(@class,'item')]/span[text()='Employee User']

2020-09-09 12:12:20 - [TEST_STEP][PASSED] - click(accountableOwner): Object: '' is clicked on

2020-09-09 12:12:20 - [MESSAGE][PASSED] - Object: '' is clicked on

2020-09-09 12:12:20 - [TEST_STEP][PASSED] - click(findTestObject("V2/PR-369/Edit_Meeting_ToDo/Create_ToDo_Due_Date")): Object: 'Object Repository/V2/PR-369/Edit_Meeting_ToDo/Create_ToDo_Due_Date' is clicked on

2020-09-09 12:12:20 - [MESSAGE][PASSED] - Object: 'Object Repository/V2/PR-369/Edit_Meeting_ToDo/Create_ToDo_Due_Date' is clicked on

2020-09-09 12:12:20 - [TEST_STEP][PASSED] - waitForElementVisible(findTestObject("V2/PR-369/Edit_Meeting_Scorecard/A_Date29"), DefaultTimeout): Object 'Object Repository/V2/PR-369/Edit_Meeting_Scorecard/A_Date29' is visible

2020-09-09 12:12:20 - [MESSAGE][PASSED] - Object 'Object Repository/V2/PR-369/Edit_Meeting_Scorecard/A_Date29' is visible

2020-09-09 12:12:20 - [TEST_STEP][PASSED] - click(findTestObject("V2/PR-369/Edit_Meeting_Scorecard/A_Date29")): Object: 'Object Repository/V2/PR-369/Edit_Meeting_Scorecard/A_Date29' is clicked on

2020-09-09 12:12:20 - [MESSAGE][PASSED] - Object: 'Object Repository/V2/PR-369/Edit_Meeting_Scorecard/A_Date29' is clicked on

2020-09-09 12:12:20 - [TEST_STEP][PASSED] - verifyElementVisible(findTestObject("V2/PR-369/Edit_Meeting_Rocks/Verify_Notes_Section")): Object 'Object Repository/V2/PR-369/Edit_Meeting_Rocks/Verify_Notes_Section' is visible

2020-09-09 12:12:21 - [MESSAGE][PASSED] - Object 'Object Repository/V2/PR-369/Edit_Meeting_Rocks/Verify_Notes_Section' is visible

2020-09-09 12:12:21 - [TEST_STEP][PASSED] - setText(findTestObject("V2/PR-369/Edit_Meeting_Rocks/Notes_Comments"), Notes): Text 'Sample Notes' is set on object 'Object Repository/V2/PR-369/Edit_Meeting_Rocks/Notes_Comments'

2020-09-09 12:12:21 - [MESSAGE][PASSED] - Text 'Sample Notes' is set on object 'Object Repository/V2/PR-369/Edit_Meeting_Rocks/Notes_Comments'

2020-09-09 12:12:21 - [TEST_STEP][PASSED] - click(findTestObject("V2/PR-369/Edit_Meeting_ToDo/Save_Button")): Object: 'Object Repository/V2/PR-369/Edit_Meeting_ToDo/Save_Button' is clicked on

2020-09-09 12:12:21 - [MESSAGE][PASSED] - Object: 'Object Repository/V2/PR-369/Edit_Meeting_ToDo/Save_Button' is clicked on

2020-09-09 12:12:21 - [TEST_STEP][PASSED] - delay(15): Delayed 15 second(s)

2020-09-09 12:12:36 - [MESSAGE][PASSED] - Delayed 15 second(s)

2020-09-09 12:12:36 - [TEST_STEP][PASSED] - verifyToDo = tt_CustomKeywords.CustomKeywords.CreateDynamicElement(verifyToDo_Obj, toDoName, "xpath"): Successfully created new dynamic object: //h2[text()='To-Dos']/ancestor::div[contains(@class,'CardStyles')]//button/div[text()='QA Edit Meeting Automation ToDo Test']

2020-09-09 12:12:36 - [MESSAGE][PASSED] - Successfully created new dynamic object: //h2[text()='To-Dos']/ancestor::div[contains(@class,'CardStyles')]//button/div[text()='QA Edit Meeting Automation ToDo Test']

2020-09-09 12:12:36 - [TEST_STEP][PASSED] - verifyElementPresent(verifyToDo, DefaultTimeout): Object '' is present

2020-09-09 12:12:36 - [MESSAGE][PASSED] - Object '' is present

2020-09-09 12:12:36 - [TEST_STEP][PASSED] - waitForElementVisible(verifyToDo, DefaultTimeout): Object '' is visible

2020-09-09 12:12:36 - [MESSAGE][PASSED] - Object '' is visible

2020-09-09 12:12:36 - [TEST_STEP][PASSED] - click(verifyToDo): Object: '' is clicked on

2020-09-09 12:12:36 - [MESSAGE][PASSED] - Object: '' is clicked on

2020-09-09 12:12:36 - [TEST_STEP][PASSED] - delay(10): Delayed 10 second(s)

2020-09-09 12:12:46 - [MESSAGE][PASSED] - Delayed 10 second(s)

2020-09-09 12:12:46 - [TEST_STEP][PASSED] - waitForElementVisible(findTestObject("V2/PR-369/UpdateEditMeetingToDo/Edit_ToDo_Name_TextField"), DefaultTimeout): Object 'Object Repository/V2/PR-369/UpdateEditMeetingToDo/Edit_ToDo_Name_TextField' is visible

2020-09-09 12:12:46 - [MESSAGE][PASSED] - Object 'Object Repository/V2/PR-369/UpdateEditMeetingToDo/Edit_ToDo_Name_TextField' is visible

2020-09-09 12:12:46 - [TEST_STEP][PASSED] - click(findTestObject("V2/PR-369/UpdateEditMeetingToDo/Edit_ToDo_Name_TextField"), STOP_ON_FAILURE): Object: 'Object Repository/V2/PR-369/UpdateEditMeetingToDo/Edit_ToDo_Name_TextField' is clicked on

2020-09-09 12:12:46 - [MESSAGE][PASSED] - Object: 'Object Repository/V2/PR-369/UpdateEditMeetingToDo/Edit_ToDo_Name_TextField' is clicked on

2020-09-09 12:12:46 - [TEST_STEP][NOT_RUN] - sendKeys(findTestObject("V2/PR-369/UpdateEditMeetingToDo/Edit_ToDo_Name_TextField - Copy"), Keys.chord(LEFT_CONTROL, "a", BACK_SPACE)): NOT_RUN: sendKeys(findTestObject("V2/PR-369/UpdateEditMeetingToDo/Edit_ToDo_Name_TextField - Copy"), Keys.chord(LEFT_CONTROL, "a", BACK_SPACE))

2020-09-09 12:12:46 - [MESSAGE][NOT_RUN] - NOT_RUN: sendKeys(findTestObject("V2/PR-369/UpdateEditMeetingToDo/Edit_ToDo_Name_TextField - Copy"), Keys.chord(LEFT_CONTROL, "a", BACK_SPACE))

2020-09-09 12:12:46 - [TEST_STEP][PASSED] - tt_CustomKeywords.CustomKeywords.ClearElementText(findTestObject("V2/PR-369/UpdateEditMeetingToDo/Edit_ToDo_Name_TextField")): tt_CustomKeywords.CustomKeywords.ClearElementText is PASSED

2020-09-09 12:12:46 - [MESSAGE][PASSED] - Execute JavaScript 'arguments[0].value=''' successfully

2020-09-09 12:12:46 - [MESSAGE][PASSED] - tt_CustomKeywords.CustomKeywords.ClearElementText is PASSED

2020-09-09 12:12:46 - [TEST_STEP][PASSED] - setText(findTestObject("V2/PR-369/UpdateEditMeetingToDo/Edit_ToDo_Name_TextField"), editToDoName): Text 'Updated QA Edit Meeting Automation ToDo Test' is set on object 'Object Repository/V2/PR-369/UpdateEditMeetingToDo/Edit_ToDo_Name_TextField'

2020-09-09 12:12:47 - [MESSAGE][PASSED] - Text 'Updated QA Edit Meeting Automation ToDo Test' is set on object 'Object Repository/V2/PR-369/UpdateEditMeetingToDo/Edit_ToDo_Name_TextField'

2020-09-09 12:12:47 - [TEST_STEP][PASSED] - waitForElementVisible(findTestObject("V2/PR-369/UpdateEditMeetingToDo/Edit_Accountable_Owner"), DefaultTimeout): Object 'Object Repository/V2/PR-369/UpdateEditMeetingToDo/Edit_Accountable_Owner' is visible

2020-09-09 12:12:47 - [MESSAGE][PASSED] - Object 'Object Repository/V2/PR-369/UpdateEditMeetingToDo/Edit_Accountable_Owner' is visible

2020-09-09 12:12:47 - [TEST_STEP][PASSED] - click(findTestObject("V2/PR-369/UpdateEditMeetingToDo/Edit_Accountable_Owner")): Object: 'Object Repository/V2/PR-369/UpdateEditMeetingToDo/Edit_Accountable_Owner' is clicked on

2020-09-09 12:12:47 - [MESSAGE][PASSED] - Object: 'Object Repository/V2/PR-369/UpdateEditMeetingToDo/Edit_Accountable_Owner' is clicked on

2020-09-09 12:12:47 - [TEST_STEP][PASSED] - editaccountableOwner = tt_CustomKeywords.CustomKeywords.CreateDynamicElement(editaccountableOwner_Obj, editAccountableOwner, "xpath"): Successfully created new dynamic object: //div[@data-test-id='editTodo']//div[@role='listbox'][@class='visible menu transition']/div[@role='option'][contains(@class,'item')]/span[text()='Employee User']

2020-09-09 12:12:47 - [MESSAGE][PASSED] - Successfully created new dynamic object: //div[@data-test-id='editTodo']//div[@role='listbox'][@class='visible menu transition']/div[@role='option'][contains(@class,'item')]/span[text()='Employee User']

2020-09-09 12:12:47 - [TEST_STEP][PASSED] - waitForElementVisible(editaccountableOwner, DefaultTimeout): Object '' is visible

2020-09-09 12:12:47 - [MESSAGE][PASSED] - Object '' is visible

2020-09-09 12:12:47 - [TEST_STEP][PASSED] - click(editaccountableOwner): Object: '' is clicked on

2020-09-09 12:12:47 - [MESSAGE][PASSED] - Object: '' is clicked on

2020-09-09 12:12:47 - [TEST_STEP][PASSED] - waitForElementVisible(findTestObject("V2/PR-369/UpdateEditMeetingToDo/Edit_Due_Date"), DefaultTimeout): Object 'Object Repository/V2/PR-369/UpdateEditMeetingToDo/Edit_Due_Date' is visible

2020-09-09 12:12:47 - [MESSAGE][PASSED] - Object 'Object Repository/V2/PR-369/UpdateEditMeetingToDo/Edit_Due_Date' is visible

2020-09-09 12:12:47 - [TEST_STEP][PASSED] - click(findTestObject("V2/PR-369/UpdateEditMeetingToDo/Edit_Due_Date")): Object: 'Object Repository/V2/PR-369/UpdateEditMeetingToDo/Edit_Due_Date' is clicked on

2020-09-09 12:12:47 - [MESSAGE][PASSED] - Object: 'Object Repository/V2/PR-369/UpdateEditMeetingToDo/Edit_Due_Date' is clicked on

2020-09-09 12:12:47 - [TEST_STEP][PASSED] - waitForElementVisible(findTestObject("V2/PR-369/Edit_Meeting_Scorecard/A_Date29"), DefaultTimeout): Object 'Object Repository/V2/PR-369/Edit_Meeting_Scorecard/A_Date29' is visible

2020-09-09 12:12:47 - [MESSAGE][PASSED] - Object 'Object Repository/V2/PR-369/Edit_Meeting_Scorecard/A_Date29' is visible

2020-09-09 12:12:47 - [TEST_STEP][PASSED] - click(findTestObject("V2/PR-369/Edit_Meeting_Scorecard/A_Date29")): Object: 'Object Repository/V2/PR-369/Edit_Meeting_Scorecard/A_Date29' is clicked on

2020-09-09 12:12:47 - [MESSAGE][PASSED] - Object: 'Object Repository/V2/PR-369/Edit_Meeting_Scorecard/A_Date29' is clicked on

2020-09-09 12:12:47 - [TEST_STEP][PASSED] - waitForElementVisible(findTestObject("V2/PR-369/UpdateEditMeetingToDo/Edit_Done_Checkbox"), DefaultTimeout): Object 'Object Repository/V2/PR-369/UpdateEditMeetingToDo/Edit_Done_Checkbox' is visible

2020-09-09 12:12:47 - [MESSAGE][PASSED] - Object 'Object Repository/V2/PR-369/UpdateEditMeetingToDo/Edit_Done_Checkbox' is visible

2020-09-09 12:12:47 - [TEST_STEP][PASSED] - click(findTestObject("V2/PR-369/UpdateEditMeetingToDo/Edit_Done_Checkbox")): Object: 'Object Repository/V2/PR-369/UpdateEditMeetingToDo/Edit_Done_Checkbox' is clicked on

2020-09-09 12:12:47 - [MESSAGE][PASSED] - Object: 'Object Repository/V2/PR-369/UpdateEditMeetingToDo/Edit_Done_Checkbox' is clicked on

2020-09-09 12:12:47 - [TEST_STEP][PASSED] - waitForElementVisible(findTestObject("V2/PR-369/UpdateEditMeetingToDo/Update_Button"), DefaultTimeout): Object 'Object Repository/V2/PR-369/UpdateEditMeetingToDo/Update_Button' is visible

2020-09-09 12:12:47 - [MESSAGE][PASSED] - Object 'Object Repository/V2/PR-369/UpdateEditMeetingToDo/Update_Button' is visible

2020-09-09 12:12:47 - [TEST_STEP][PASSED] - click(findTestObject("V2/PR-369/UpdateEditMeetingToDo/Update_Button")): Object: 'Object Repository/V2/PR-369/UpdateEditMeetingToDo/Update_Button' is clicked on

2020-09-09 12:12:48 - [MESSAGE][PASSED] - Object: 'Object Repository/V2/PR-369/UpdateEditMeetingToDo/Update_Button' is clicked on

2020-09-09 12:12:48 - [TEST_STEP][PASSED] - delay(5): Delayed 5 second(s)

2020-09-09 12:12:53 - [MESSAGE][PASSED] - Delayed 5 second(s)

2020-09-09 12:12:53 - [TEST_STEP][PASSED] - verifyEditTodo = tt_CustomKeywords.CustomKeywords.CreateDynamicElement(verifyToDo_Obj, editToDoName, "xpath"): Successfully created new dynamic object: //h2[text()='To-Dos']/ancestor::div[contains(@class,'CardStyles')]//button/div[text()='Updated QA Edit Meeting Automation ToDo Test']

2020-09-09 12:12:53 - [MESSAGE][PASSED] - Successfully created new dynamic object: //h2[text()='To-Dos']/ancestor::div[contains(@class,'CardStyles')]//button/div[text()='Updated QA Edit Meeting Automation ToDo Test']

2020-09-09 12:12:53 - [TEST_STEP][PASSED] - verifyElementPresent(verifyEditTodo, DefaultTimeout): Object '' is present

2020-09-09 12:12:53 - [MESSAGE][PASSED] - Object '' is present

2020-09-09 12:12:53 - [MESSAGE][PASSED] - Call Test Case 'Test Cases/V2/Test Case/Tests/PR-369 - EditMeetingAgenda/Test Cases/Positive/Employee/PR_369_13_EditMeetingEditToDo_Employee' successfully

2020-09-09 12:12:53 - [TEST_STEP][PASSED] - delay(10): Delayed 10 second(s)

2020-09-09 12:13:03 - [MESSAGE][PASSED] - Delayed 10 second(s)

2020-09-09 12:13:03 - [TEST_STEP][PASSED] - tt_CustomKeywords.CustomKeywords.CloseWebDriver(driver3): tt_CustomKeywords.CustomKeywords.CloseWebDriver is PASSED

2020-09-09 12:13:07 - [MESSAGE][PASSED] - tt_CustomKeywords.CustomKeywords.CloseWebDriver is PASSED

2020-09-09 12:13:07 - [TEST_STEP][PASSED] - tt_CustomKeywords.CustomKeywords.CloseWebDriver(driver2): tt_CustomKeywords.CustomKeywords.CloseWebDriver is PASSED

2020-09-09 12:13:12 - [MESSAGE][PASSED] - tt_CustomKeywords.CustomKeywords.CloseWebDriver is PASSED

2020-09-09 12:13:12 - [TEST_STEP][PASSED] - tt_CustomKeywords.CustomKeywords.CloseWebDriver(driver1): tt_CustomKeywords.CustomKeywords.CloseWebDriver is PASSED

2020-09-09 12:13:17 - [MESSAGE][PASSED] - tt_CustomKeywords.CustomKeywords.CloseWebDriver is PASSED]]></system-out>
         <system-err><![CDATA[]]></system-err>
      </testcase>
      <system-out><![CDATA[2020-09-09 12:04:23 - [TEST_SUITE][PASSED] - PR-369_TestSuite: Test Cases/V2/Test Case/Tests/PR-369 - EditMeetingAgenda/Test Cases/Positive/TT_369_8_EditTodo_AllTestCase]]></system-out>
      <system-err><![CDATA[]]></system-err>
   </testsuite>
</testsuites>
