<?xml version="1.0" encoding="UTF-8"?>
<testsuites name="TT-363_TestSuite" time="2544.554" tests="7" failures="3" errors="0">
   <testsuite name="TT-363_TestSuite" tests="7" failures="3" errors="0" time="2544.554" timestamp="2020-09-23 23:21:51" hostname="Aaron-PC - host.docker.internal" id="Test Suites/V2/Tests/TT-363 - Meeting List/TT-363_TestSuite">
      <properties>
         <property name="deviceName" value=""/>
         <property name="devicePlatform" value=""/>
         <property name="logFolder" value="C:\\Users\\Aaron-PC\\git\\TractionTools\\Reports\\20200923_232149\\V2\\Tests\\TT-363 - Meeting List\\TT-363_TestSuite\\20200923_232149"/>
         <property name="logFiles" value="C:\\Users\\Aaron-PC\\git\\TractionTools\\Reports\\20200923_232149\\V2\\Tests\\TT-363 - Meeting List\\TT-363_TestSuite\\20200923_232149\\execution0.log"/>
         <property name="attachments" value="C:\\Users\\Aaron-PC\\git\\TractionTools\\Reports\\20200923_232149\\V2\\Tests\\TT-363 - Meeting List\\TT-363_TestSuite\\20200923_232149\\1600876495092.png, C:\\Users\\Aaron-PC\\git\\TractionTools\\Reports\\20200923_232149\\V2\\Tests\\TT-363 - Meeting List\\TT-363_TestSuite\\20200923_232149\\1600876772763.png, C:\\Users\\Aaron-PC\\git\\TractionTools\\Reports\\20200923_232149\\V2\\Tests\\TT-363 - Meeting List\\TT-363_TestSuite\\20200923_232149\\1600876773081.png, C:\\Users\\Aaron-PC\\git\\TractionTools\\Reports\\20200923_232149\\V2\\Tests\\TT-363 - Meeting List\\TT-363_TestSuite\\20200923_232149\\1600877054117.png"/>
         <property name="hostName" value="Aaron-PC - host.docker.internal"/>
         <property name="os" value="Windows 10 64bit"/>
         <property name="katalonVersion" value="7.6.6.205"/>
         <property name="browser" value="Chrome 85.0.4183.102"/>
         <property name="hostAddress" value="192.168.1.48"/>
         <property name="sessionId" value="e81c32635693afcce7749282031bcc2d"/>
         <property name="seleniumVersion" value="3.141.59"/>
         <property name="proxyInformation" value="ProxyInformation { proxyOption=NO_PROXY, proxyServerType=HTTP, username=, password=********, proxyServerAddress=, proxyServerPort=0, executionList=&quot;&quot;, isApplyToDesiredCapabilities=true }"/>
         <property name="platform" value="Windows 10"/>
      </properties>
      <testcase name="Test Cases/V2/Test Case/Tests/TT-363 - Meeting List/Positive/TT_363_1_CreateL10Meeting_AllTestCase" time="164.958" classname="Test Cases/V2/Test Case/Tests/TT-363 - Meeting List/Positive/TT_363_1_CreateL10Meeting_AllTestCase" status="PASSED">
         <system-out><![CDATA[2020-09-23 23:21:51 - [TEST_CASE][PASSED] - Test Cases/V2/Test Case/Tests/TT-363 - Meeting List/Positive/TT_363_1_CreateL10Meeting_AllTestCase: Test Cases/V2/Test Case/Tests/TT-363 - Meeting List/Positive/TT_363_1_CreateL10Meeting_AllTestCase

2020-09-23 23:21:51 - [TEST_STEP][PASSED] - callTestCase(findTestCase("V2/Test Case/Pre-conditions/PRE_RegisterAndActivateTTUsers"), ["admin_fname":admin_fname, "lastname":lastname, "phonenumber":"9999999999", "company":"Traction Tools", "password":password, ... ], STOP_ON_FAILURE): Call Test Case 'Test Cases/V2/Test Case/Pre-conditions/PRE_RegisterAndActivateTTUsers' successfully

2020-09-23 23:21:52 - [TEST_CASE][PASSED] - Test Cases/V2/Test Case/Pre-conditions/PRE_RegisterAndActivateTTUsers: Test Cases/V2/Test Case/Pre-conditions/PRE_RegisterAndActivateTTUsers

2020-09-23 23:21:52 - [TEST_STEP][PASSED] - email = tt_CustomKeywords.CustomKeywords.GenerateRandomEmailAddress(admin_email_prefix, admin_email_domain, randomTextLength): Successfully generated a random email: tractiontools.user001+ta5bc8ol@gmail.com

2020-09-23 23:21:52 - [MESSAGE][PASSED] - Successfully generated a random email: tractiontools.user001+ta5bc8ol@gmail.com

2020-09-23 23:21:52 - [TEST_STEP][PASSED] - supervisor_email = tt_CustomKeywords.CustomKeywords.GenerateRandomEmailAddress(supervisor_email_prefix, supervisor_email_domain, randomTextLength): Successfully generated a random email: tractiontools.user001+ts5l90bs@gmail.com

2020-09-23 23:21:52 - [MESSAGE][PASSED] - Successfully generated a random email: tractiontools.user001+ts5l90bs@gmail.com

2020-09-23 23:21:52 - [TEST_STEP][PASSED] - employee_email = tt_CustomKeywords.CustomKeywords.GenerateRandomEmailAddress(employee_email_prefix, employee_email_domain, randomTextLength): Successfully generated a random email: tractiontools.user001+te5iv31a@gmail.com

2020-09-23 23:21:52 - [MESSAGE][PASSED] - Successfully generated a random email: tractiontools.user001+te5iv31a@gmail.com

2020-09-23 23:21:52 - [TEST_STEP][PASSED] - adminDetails = tt_CustomKeywords.CustomKeywords.RegisterUserViaAPIAndGenerateActivateURL(email, admin_fname, lastname, phonenumber, company, "__JSON__{\"howDidYouHearAboutUs\":\"Facebook\",\"implementer\":\"\",\"existingTractionToolsClient\":\"\",\"other\":\"\"}", "__JSON__{\"timeZone\":\"America/Guatemala\",\"brandColor\":\"#023047\",\"q1Start\":null,\"q1End\":null,\"q2Start\":null,\"q2End\":null,\"q3Start\":null,\"q3End\":null,\"q4Start\":null,\"q4End\":null,\"quarterDatesSetsRocks\":false,\"exportUsers\":false,\"exportRocks\":false,\"exportRocksIncludesMilestones\":false,\"exportScorecards\":false,\"exportTodos\":false,\"exportTodosIncludesNotes\":false,\"exportPeopleHeadlines\":false,\"exportPeopleHeadlinesIncludesNotes\":false,\"exportIssues\":false,\"exportIssuesIncludesNotes\":false,\"exportContextAwareTodos\":false,\"dateFormat\":\"MM/DD/YYYY\",\"timeFormat\":\"h:mma\",\"numberFormat\":\"-1,000.99\",\"supervisorsArchiveRestoreUsers\":false,\"supervisorsEditPositions\":false,\"milestonesAvailableToAll\":false,\"customMeetingTemplatesEnabled\":false,\"receiveTodoReminders\":false,\"todoReminderTime\":\"13:00\",\"todoReminderTimeZone\":\"America/Guatemala\",\"todoReminderFrequency\":\"DAILY\",\"vtoMeetingId\":\"\",\"vtoDisplayMode\":\"ALL\",\"coreValues\":[{\"id\":\"1\",\"text\":\"\"},{\"id\":\"2\",\"text\":\"\"},{\"id\":\"3\",\"text\":\"\"}]}", password, V2Url): SUCCESFFULLY registered a new user via API. 
 Generated Activation Link: 
http://local.traction.tools:5000/activate?activationKey=fe68ceb9-70e1-4460-8614-6d7553601331&userId=0cba5dc7-44d6-8e79-7a85-69e8abc770a2&orgId=aeba5dc7-4376-4a1c-7672-49b3353371e0&email=tractiontools.user001+ta5bc8ol@gmail.com&teamsId=38ba5dc7-43ca-22d8-2155-a2761b1de84f&meetingsId=dcba5dc7-43b7-0326-6039-bfadf89c67d0&adminsId=02ba5dc7-459f-1f71-498f-5e2d7eb5ee71&usersId=6aba5dc7-43d9-c23e-2b56-d560779db7d9&supervisorsId=4aba5dc7-43a2-ce9a-cb93-bcfb1f941351&accountabilityChartId=9cba5dc7-43e9-7b4a-ee5e-f80d54138fe5&isCreator=1

2020-09-23 23:21:57 - [MESSAGE][PASSED] - SUCCESFFULLY registered a new user via API. 
 Generated Activation Link: 
http://local.traction.tools:5000/activate?activationKey=fe68ceb9-70e1-4460-8614-6d7553601331&userId=0cba5dc7-44d6-8e79-7a85-69e8abc770a2&orgId=aeba5dc7-4376-4a1c-7672-49b3353371e0&email=tractiontools.user001+ta5bc8ol@gmail.com&teamsId=38ba5dc7-43ca-22d8-2155-a2761b1de84f&meetingsId=dcba5dc7-43b7-0326-6039-bfadf89c67d0&adminsId=02ba5dc7-459f-1f71-498f-5e2d7eb5ee71&usersId=6aba5dc7-43d9-c23e-2b56-d560779db7d9&supervisorsId=4aba5dc7-43a2-ce9a-cb93-bcfb1f941351&accountabilityChartId=9cba5dc7-43e9-7b4a-ee5e-f80d54138fe5&isCreator=1

2020-09-23 23:21:57 - [TEST_STEP][PASSED] - activationURL = adminDetails[0]: null

2020-09-23 23:21:57 - [TEST_STEP][PASSED] - orgID = adminDetails[1]: null

2020-09-23 23:21:57 - [TEST_STEP][PASSED] - out.println("URL: " + activationURL): null

2020-09-23 23:21:57 - [TEST_STEP][PASSED] - out.println("orgID: " + orgID): null

2020-09-23 23:21:57 - [TEST_STEP][PASSED] - supervisorUser_name = supervisor_fname + " " + lastname: null

2020-09-23 23:21:57 - [TEST_STEP][PASSED] - openBrowser(""): Browser is opened with url: ''

2020-09-23 23:21:57 - [MESSAGE][INFO] - Starting 'Chrome' driver

2020-09-23 23:21:57 - [MESSAGE][INFO] - Action delay is set to 0 milliseconds

2020-09-23 23:22:00 - [MESSAGE][PASSED] - Browser is opened with url: ''

2020-09-23 23:22:00 - [TEST_STEP][PASSED] - maximizeWindow(): Current window maximized

2020-09-23 23:22:03 - [MESSAGE][PASSED] - Current window maximized

2020-09-23 23:22:03 - [TEST_STEP][PASSED] - callTestCase(findTestCase("V2/Test Case/Pre-conditions/PRE_ActivateNewUser"), ["activationURL":activationURL, "email":email, "password":password], STOP_ON_FAILURE): Call Test Case 'Test Cases/V2/Test Case/Pre-conditions/PRE_ActivateNewUser' successfully

2020-09-23 23:22:03 - [TEST_CASE][PASSED] - Test Cases/V2/Test Case/Pre-conditions/PRE_ActivateNewUser: Test Cases/V2/Test Case/Pre-conditions/PRE_ActivateNewUser

2020-09-23 23:22:03 - [TEST_STEP][PASSED] - navigateToUrl(activationURL): Navigate to 'http://local.traction.tools:5000/activate?activationKey=fe68ceb9-70e1-4460-8614-6d7553601331&userId=0cba5dc7-44d6-8e79-7a85-69e8abc770a2&orgId=aeba5dc7-4376-4a1c-7672-49b3353371e0&email=tractiontools.user001+ta5bc8ol@gmail.com&teamsId=38ba5dc7-43ca-22d8-2155-a2761b1de84f&meetingsId=dcba5dc7-43b7-0326-6039-bfadf89c67d0&adminsId=02ba5dc7-459f-1f71-498f-5e2d7eb5ee71&usersId=6aba5dc7-43d9-c23e-2b56-d560779db7d9&supervisorsId=4aba5dc7-43a2-ce9a-cb93-bcfb1f941351&accountabilityChartId=9cba5dc7-43e9-7b4a-ee5e-f80d54138fe5&isCreator=1' successfully

2020-09-23 23:22:04 - [MESSAGE][PASSED] - Navigate to 'http://local.traction.tools:5000/activate?activationKey=fe68ceb9-70e1-4460-8614-6d7553601331&userId=0cba5dc7-44d6-8e79-7a85-69e8abc770a2&orgId=aeba5dc7-4376-4a1c-7672-49b3353371e0&email=tractiontools.user001+ta5bc8ol@gmail.com&teamsId=38ba5dc7-43ca-22d8-2155-a2761b1de84f&meetingsId=dcba5dc7-43b7-0326-6039-bfadf89c67d0&adminsId=02ba5dc7-459f-1f71-498f-5e2d7eb5ee71&usersId=6aba5dc7-43d9-c23e-2b56-d560779db7d9&supervisorsId=4aba5dc7-43a2-ce9a-cb93-bcfb1f941351&accountabilityChartId=9cba5dc7-43e9-7b4a-ee5e-f80d54138fe5&isCreator=1' successfully

2020-09-23 23:22:04 - [TEST_STEP][PASSED] - waitForElementVisible(findTestObject("V2/Commons/ActivationPage/input_Email_email"), DefaultTimeout): Object 'Object Repository/V2/Commons/ActivationPage/input_Email_email' is visible

2020-09-23 23:22:06 - [MESSAGE][PASSED] - Object 'Object Repository/V2/Commons/ActivationPage/input_Email_email' is visible

2020-09-23 23:22:06 - [TEST_STEP][PASSED] - actual_email = getAttribute(findTestObject("Object Repository/V2/Commons/ActivationPage/input_Email_email"), "value"): Attribute 'value' of object 'Object Repository/V2/Commons/ActivationPage/input_Email_email' is: 'tractiontools.user001+ta5bc8ol@gmail.com'

2020-09-23 23:22:06 - [MESSAGE][PASSED] - Attribute 'value' of object 'Object Repository/V2/Commons/ActivationPage/input_Email_email' is: 'tractiontools.user001+ta5bc8ol@gmail.com'

2020-09-23 23:22:06 - [TEST_STEP][PASSED] - verifyMatch(actual_email, email, false): Actual text 'tractiontools.user001+ta5bc8ol@gmail.com' and expected text 'tractiontools.user001+ta5bc8ol@gmail.com' are matched 

2020-09-23 23:22:06 - [MESSAGE][PASSED] - Actual text 'tractiontools.user001+ta5bc8ol@gmail.com' and expected text 'tractiontools.user001+ta5bc8ol@gmail.com' are matched 

2020-09-23 23:22:06 - [TEST_STEP][PASSED] - setText(findTestObject("V2/Commons/ActivationPage/input_password"), password): Text 'Qwer123!' is set on object 'Object Repository/V2/Commons/ActivationPage/input_password'

2020-09-23 23:22:07 - [MESSAGE][PASSED] - Text 'Qwer123!' is set on object 'Object Repository/V2/Commons/ActivationPage/input_password'

2020-09-23 23:22:07 - [TEST_STEP][PASSED] - setText(findTestObject("Object Repository/V2/Commons/ActivationPage/input__passwordRepeat"), password): Text 'Qwer123!' is set on object 'Object Repository/V2/Commons/ActivationPage/input__passwordRepeat'

2020-09-23 23:22:08 - [MESSAGE][PASSED] - Text 'Qwer123!' is set on object 'Object Repository/V2/Commons/ActivationPage/input__passwordRepeat'

2020-09-23 23:22:08 - [TEST_STEP][PASSED] - click(findTestObject("V2/Commons/ActivationPage/input_termsandconditions")): Object: 'Object Repository/V2/Commons/ActivationPage/input_termsandconditions' is clicked on

2020-09-23 23:22:08 - [MESSAGE][PASSED] - Object: 'Object Repository/V2/Commons/ActivationPage/input_termsandconditions' is clicked on

2020-09-23 23:22:08 - [TEST_STEP][PASSED] - click(findTestObject("Object Repository/V2/Commons/ActivationPage/div_Create account")): Object: 'Object Repository/V2/Commons/ActivationPage/div_Create account' is clicked on

2020-09-23 23:22:09 - [MESSAGE][PASSED] - Object: 'Object Repository/V2/Commons/ActivationPage/div_Create account' is clicked on

2020-09-23 23:22:09 - [TEST_STEP][PASSED] - waitForElementPresent(findTestObject("V2/Commons/DasboardPage_SidebarMenu/img_Home_logo-big"), DefaultTimeout): Object 'Object Repository/V2/Commons/DasboardPage_SidebarMenu/img_Home_logo-big' is present

2020-09-23 23:22:14 - [MESSAGE][PASSED] - Object 'Object Repository/V2/Commons/DasboardPage_SidebarMenu/img_Home_logo-big' is present

2020-09-23 23:22:14 - [TEST_STEP][PASSED] - verifyElementPresent(findTestObject("V2/Commons/DasboardPage_SidebarMenu/img_Home_logo-big"), 0): Object 'Object Repository/V2/Commons/DasboardPage_SidebarMenu/img_Home_logo-big' is present

2020-09-23 23:22:14 - [MESSAGE][WARNING] - Timeout '0' is invalid. Using default page load timeout: '30'

2020-09-23 23:22:14 - [MESSAGE][PASSED] - Object 'Object Repository/V2/Commons/DasboardPage_SidebarMenu/img_Home_logo-big' is present

2020-09-23 23:22:14 - [MESSAGE][PASSED] - Call Test Case 'Test Cases/V2/Test Case/Pre-conditions/PRE_ActivateNewUser' successfully

2020-09-23 23:22:14 - [TEST_STEP][PASSED] - callTestCase(findTestCase("V2/Test Case/Pre-conditions/PRE_SkipCompanyAndPersonalProfileSetup"), [:], STOP_ON_FAILURE): Call Test Case 'Test Cases/V2/Test Case/Pre-conditions/PRE_SkipCompanyAndPersonalProfileSetup' successfully

2020-09-23 23:22:14 - [TEST_CASE][PASSED] - Test Cases/V2/Test Case/Pre-conditions/PRE_SkipCompanyAndPersonalProfileSetup: Test Cases/V2/Test Case/Pre-conditions/PRE_SkipCompanyAndPersonalProfileSetup

2020-09-23 23:22:14 - [TEST_STEP][PASSED] - waitForElementVisible(findTestObject("V2/Commons/FirstUpdateCompanyAndPersonalInfoModal/confirmCompanyInfoHeader_h1"), DefaultTimeout): Object 'Object Repository/V2/Commons/FirstUpdateCompanyAndPersonalInfoModal/confirmCompanyInfoHeader_h1' is visible

2020-09-23 23:22:14 - [MESSAGE][PASSED] - Object 'Object Repository/V2/Commons/FirstUpdateCompanyAndPersonalInfoModal/confirmCompanyInfoHeader_h1' is visible

2020-09-23 23:22:14 - [TEST_STEP][PASSED] - click(findTestObject("V2/Commons/FirstUpdateCompanyAndPersonalInfoModal/confirmInfoSkip_button")): Object: 'Object Repository/V2/Commons/FirstUpdateCompanyAndPersonalInfoModal/confirmInfoSkip_button' is clicked on

2020-09-23 23:22:15 - [MESSAGE][PASSED] - Object: 'Object Repository/V2/Commons/FirstUpdateCompanyAndPersonalInfoModal/confirmInfoSkip_button' is clicked on

2020-09-23 23:22:15 - [TEST_STEP][PASSED] - waitForElementVisible(findTestObject("V2/Commons/FirstUpdateCompanyAndPersonalInfoModal/confirmPersonalInfoHeader_h1"), DefaultTimeout): Object 'Object Repository/V2/Commons/FirstUpdateCompanyAndPersonalInfoModal/confirmPersonalInfoHeader_h1' is visible

2020-09-23 23:22:15 - [MESSAGE][PASSED] - Object 'Object Repository/V2/Commons/FirstUpdateCompanyAndPersonalInfoModal/confirmPersonalInfoHeader_h1' is visible

2020-09-23 23:22:15 - [TEST_STEP][PASSED] - click(findTestObject("V2/Commons/FirstUpdateCompanyAndPersonalInfoModal/confirmInfoSkip_button")): Object: 'Object Repository/V2/Commons/FirstUpdateCompanyAndPersonalInfoModal/confirmInfoSkip_button' is clicked on

2020-09-23 23:22:16 - [MESSAGE][PASSED] - Object: 'Object Repository/V2/Commons/FirstUpdateCompanyAndPersonalInfoModal/confirmInfoSkip_button' is clicked on

2020-09-23 23:22:16 - [TEST_STEP][PASSED] - waitForElementVisible(findTestObject("V2/Commons/FirstUpdateCompanyAndPersonalInfoModal/letsGetStarted_button"), DefaultTimeout): Object 'Object Repository/V2/Commons/FirstUpdateCompanyAndPersonalInfoModal/letsGetStarted_button' is visible

2020-09-23 23:22:17 - [MESSAGE][PASSED] - Object 'Object Repository/V2/Commons/FirstUpdateCompanyAndPersonalInfoModal/letsGetStarted_button' is visible

2020-09-23 23:22:17 - [TEST_STEP][PASSED] - click(findTestObject("V2/Commons/FirstUpdateCompanyAndPersonalInfoModal/letsGetStarted_button")): Object: 'Object Repository/V2/Commons/FirstUpdateCompanyAndPersonalInfoModal/letsGetStarted_button' is clicked on

2020-09-23 23:22:17 - [MESSAGE][PASSED] - Object: 'Object Repository/V2/Commons/FirstUpdateCompanyAndPersonalInfoModal/letsGetStarted_button' is clicked on

2020-09-23 23:22:17 - [MESSAGE][PASSED] - Call Test Case 'Test Cases/V2/Test Case/Pre-conditions/PRE_SkipCompanyAndPersonalProfileSetup' successfully

2020-09-23 23:22:17 - [TEST_STEP][PASSED] - supervisor_activationURL = tt_CustomKeywords.CustomKeywords.RegisterAndActivateSupervisorUserViaAPI(V2Url, orgID, supervisor_email, password, email, password, supervisor_fname, lastname): SUCCESFFULLY registered a new user via API. 
 Generated Activation Link: 
http://local.traction.tools:5000/activate?activationKey=35047664-a3f6-49c6-93db-67385c6e3412&userId=e6ba5dc7-70d1-ce63-e347-533337385050&orgId=aeba5dc7-4376-4a1c-7672-49b3353371e0&email=tractiontools.user001+ts5l90bs@gmail.com&isCreator=0

2020-09-23 23:22:19 - [MESSAGE][PASSED] - SUCCESFFULLY registered a new user via API. 
 Generated Activation Link: 
http://local.traction.tools:5000/activate?activationKey=35047664-a3f6-49c6-93db-67385c6e3412&userId=e6ba5dc7-70d1-ce63-e347-533337385050&orgId=aeba5dc7-4376-4a1c-7672-49b3353371e0&email=tractiontools.user001+ts5l90bs@gmail.com&isCreator=0

2020-09-23 23:22:19 - [TEST_STEP][PASSED] - callTestCase(findTestCase("V2/Test Case/Pre-conditions/PRE_ChangeUserPermissionViaManageUser"), ["showMenuItemsPath":"//div[@class='usercard__detail_container']/div[text()='%s']/ancestor::div[contains(@class,'usercard__content')]//button[@aria-label='Show Menu Items']", "user_email":supervisor_email, ... ], STOP_ON_FAILURE): Call Test Case 'Test Cases/V2/Test Case/Pre-conditions/PRE_ChangeUserPermissionViaManageUser' successfully

2020-09-23 23:22:19 - [TEST_CASE][PASSED] - Test Cases/V2/Test Case/Pre-conditions/PRE_ChangeUserPermissionViaManageUser: Test Cases/V2/Test Case/Pre-conditions/PRE_ChangeUserPermissionViaManageUser

2020-09-23 23:22:19 - [TEST_STEP][PASSED] - click(findTestObject("Object Repository/V2/Commons/ManageUsersPage/span_Company Settings")): Object: 'Object Repository/V2/Commons/ManageUsersPage/span_Company Settings' is clicked on

2020-09-23 23:22:19 - [MESSAGE][PASSED] - Object: 'Object Repository/V2/Commons/ManageUsersPage/span_Company Settings' is clicked on

2020-09-23 23:22:19 - [TEST_STEP][PASSED] - click(findTestObject("V2/Commons/DasboardPage_SidebarMenu/a_Manage Users")): Object: 'Object Repository/V2/Commons/DasboardPage_SidebarMenu/a_Manage Users' is clicked on

2020-09-23 23:22:20 - [MESSAGE][PASSED] - Object: 'Object Repository/V2/Commons/DasboardPage_SidebarMenu/a_Manage Users' is clicked on

2020-09-23 23:22:20 - [TEST_STEP][PASSED] - showMenuItemsObj = tt_CustomKeywords.CustomKeywords.CreateDynamicElement(showMenuItemsPath, user_email, "xpath"): Successfully created new dynamic object: //div[@class='usercard__detail_container']/div[text()='tractiontools.user001+ts5l90bs@gmail.com']/ancestor::div[contains(@class,'usercard__content')]//button[@aria-label='Show Menu Items']

2020-09-23 23:22:20 - [MESSAGE][PASSED] - Successfully created new dynamic object: //div[@class='usercard__detail_container']/div[text()='tractiontools.user001+ts5l90bs@gmail.com']/ancestor::div[contains(@class,'usercard__content')]//button[@aria-label='Show Menu Items']

2020-09-23 23:22:20 - [TEST_STEP][PASSED] - click(showMenuItemsObj): Object: '' is clicked on

2020-09-23 23:22:21 - [MESSAGE][PASSED] - Object: '' is clicked on

2020-09-23 23:22:21 - [TEST_STEP][PASSED] - click(findTestObject("Object Repository/V2/Commons/ManageUsersPage/div_Edit user")): Object: 'Object Repository/V2/Commons/ManageUsersPage/div_Edit user' is clicked on

2020-09-23 23:22:21 - [MESSAGE][PASSED] - Object: 'Object Repository/V2/Commons/ManageUsersPage/div_Edit user' is clicked on

2020-09-23 23:22:21 - [TEST_STEP][PASSED] - verifyElementPresent(findTestObject("V2/Commons/ManageUsersPage/div_PositionTitle"), DefaultTimeout): Object 'Object Repository/V2/Commons/ManageUsersPage/div_PositionTitle' is present

2020-09-23 23:22:22 - [MESSAGE][PASSED] - Object 'Object Repository/V2/Commons/ManageUsersPage/div_PositionTitle' is present

2020-09-23 23:22:22 - [TEST_STEP][PASSED] - setText(findTestObject("V2/Commons/ManageUsersPage/position_title_input"), position_title): Text 'QA Manager' is set on object 'Object Repository/V2/Commons/ManageUsersPage/position_title_input'

2020-09-23 23:22:22 - [MESSAGE][PASSED] - Text 'QA Manager' is set on object 'Object Repository/V2/Commons/ManageUsersPage/position_title_input'

2020-09-23 23:22:22 - [TEST_STEP][PASSED] - sendKeys(findTestObject("V2/Commons/ManageUsersPage/position_title_input"), Keys.chord(ENTER)): Keys 'ENTER + ' sent to object: 'Object Repository/V2/Commons/ManageUsersPage/position_title_input'

2020-09-23 23:22:23 - [MESSAGE][PASSED] - Keys 'ENTER + ' sent to object: 'Object Repository/V2/Commons/ManageUsersPage/position_title_input'

2020-09-23 23:22:23 - [TEST_STEP][PASSED] - if (permissionValue == "Employee"): null

2020-09-23 23:22:23 - [TEST_STEP][PASSED] - verifyElementPresent(findTestObject("Object Repository/V2/Commons/ManageUsersPage/div_User type"), DefaultTimeout): Object 'Object Repository/V2/Commons/ManageUsersPage/div_User type' is present

2020-09-23 23:22:23 - [MESSAGE][PASSED] - Object 'Object Repository/V2/Commons/ManageUsersPage/div_User type' is present

2020-09-23 23:22:23 - [TEST_STEP][PASSED] - click(findTestObject("Object Repository/V2/Commons/ManageUsersPage/input__orgRole")): Object: 'Object Repository/V2/Commons/ManageUsersPage/input__orgRole' is clicked on

2020-09-23 23:22:23 - [MESSAGE][PASSED] - Object: 'Object Repository/V2/Commons/ManageUsersPage/input__orgRole' is clicked on

2020-09-23 23:22:23 - [TEST_STEP][PASSED] - roleOptionObj = tt_CustomKeywords.CustomKeywords.CreateDynamicElement(roleOption, permissionValue, "xpath"): Successfully created new dynamic object: //span[text()='Supervisor']/parent::div[@role='option']

2020-09-23 23:22:23 - [MESSAGE][PASSED] - Successfully created new dynamic object: //span[text()='Supervisor']/parent::div[@role='option']

2020-09-23 23:22:23 - [TEST_STEP][PASSED] - click(roleOptionObj): Object: '' is clicked on

2020-09-23 23:22:24 - [MESSAGE][PASSED] - Object: '' is clicked on

2020-09-23 23:22:24 - [TEST_STEP][PASSED] - click(findTestObject("Object Repository/V2/Commons/ManageUsersPage/div_Save")): Object: 'Object Repository/V2/Commons/ManageUsersPage/div_Save' is clicked on

2020-09-23 23:22:24 - [MESSAGE][PASSED] - Object: 'Object Repository/V2/Commons/ManageUsersPage/div_Save' is clicked on

2020-09-23 23:22:24 - [TEST_STEP][PASSED] - waitForElementVisible(findTestObject("V2/Commons/ManageUsersPage/h3_User Saved"), DefaultTimeout): Object 'Object Repository/V2/Commons/ManageUsersPage/h3_User Saved' is visible

2020-09-23 23:22:27 - [MESSAGE][PASSED] - Object 'Object Repository/V2/Commons/ManageUsersPage/h3_User Saved' is visible

2020-09-23 23:22:27 - [TEST_STEP][PASSED] - verifyElementVisible(findTestObject("Object Repository/V2/Commons/ManageUsersPage/h3_User Saved")): Object 'Object Repository/V2/Commons/ManageUsersPage/h3_User Saved' is visible

2020-09-23 23:22:28 - [MESSAGE][PASSED] - Object 'Object Repository/V2/Commons/ManageUsersPage/h3_User Saved' is visible

2020-09-23 23:22:28 - [MESSAGE][PASSED] - Call Test Case 'Test Cases/V2/Test Case/Pre-conditions/PRE_ChangeUserPermissionViaManageUser' successfully

2020-09-23 23:22:28 - [TEST_STEP][PASSED] - employee_activationURL = tt_CustomKeywords.CustomKeywords.RegisterAndActivateSupervisorUserViaAPI(V2Url, orgID, employee_email, password, email, password, employee_fname, lastname): SUCCESFFULLY registered a new user via API. 
 Generated Activation Link: 
http://local.traction.tools:5000/activate?activationKey=881188a6-ef80-49a9-996e-39999a06cdab&userId=6eba5dc7-8492-50d2-2b3c-e509cf291dc2&orgId=aeba5dc7-4376-4a1c-7672-49b3353371e0&email=tractiontools.user001+te5iv31a@gmail.com&isCreator=0

2020-09-23 23:22:29 - [MESSAGE][PASSED] - SUCCESFFULLY registered a new user via API. 
 Generated Activation Link: 
http://local.traction.tools:5000/activate?activationKey=881188a6-ef80-49a9-996e-39999a06cdab&userId=6eba5dc7-8492-50d2-2b3c-e509cf291dc2&orgId=aeba5dc7-4376-4a1c-7672-49b3353371e0&email=tractiontools.user001+te5iv31a@gmail.com&isCreator=0

2020-09-23 23:22:29 - [TEST_STEP][PASSED] - callTestCase(findTestCase("V2/Test Case/Pre-conditions/PRE_ChangeUserPermissionViaManageUser"), ["showMenuItemsPath":"//div[@class='usercard__detail_container']/div[text()='%s']/ancestor::div[contains(@class,'usercard__content')]//button[@aria-label='Show Menu Items']", "user_email":employee_email, ... ], STOP_ON_FAILURE): Call Test Case 'Test Cases/V2/Test Case/Pre-conditions/PRE_ChangeUserPermissionViaManageUser' successfully

2020-09-23 23:22:29 - [TEST_CASE][PASSED] - Test Cases/V2/Test Case/Pre-conditions/PRE_ChangeUserPermissionViaManageUser: Test Cases/V2/Test Case/Pre-conditions/PRE_ChangeUserPermissionViaManageUser

2020-09-23 23:22:29 - [TEST_STEP][PASSED] - click(findTestObject("Object Repository/V2/Commons/ManageUsersPage/span_Company Settings")): Object: 'Object Repository/V2/Commons/ManageUsersPage/span_Company Settings' is clicked on

2020-09-23 23:22:29 - [MESSAGE][PASSED] - Object: 'Object Repository/V2/Commons/ManageUsersPage/span_Company Settings' is clicked on

2020-09-23 23:22:29 - [TEST_STEP][PASSED] - click(findTestObject("V2/Commons/DasboardPage_SidebarMenu/a_Manage Users")): Object: 'Object Repository/V2/Commons/DasboardPage_SidebarMenu/a_Manage Users' is clicked on

2020-09-23 23:22:30 - [MESSAGE][PASSED] - Object: 'Object Repository/V2/Commons/DasboardPage_SidebarMenu/a_Manage Users' is clicked on

2020-09-23 23:22:30 - [TEST_STEP][PASSED] - showMenuItemsObj = tt_CustomKeywords.CustomKeywords.CreateDynamicElement(showMenuItemsPath, user_email, "xpath"): Successfully created new dynamic object: //div[@class='usercard__detail_container']/div[text()='tractiontools.user001+te5iv31a@gmail.com']/ancestor::div[contains(@class,'usercard__content')]//button[@aria-label='Show Menu Items']

2020-09-23 23:22:30 - [MESSAGE][PASSED] - Successfully created new dynamic object: //div[@class='usercard__detail_container']/div[text()='tractiontools.user001+te5iv31a@gmail.com']/ancestor::div[contains(@class,'usercard__content')]//button[@aria-label='Show Menu Items']

2020-09-23 23:22:30 - [TEST_STEP][PASSED] - click(showMenuItemsObj): Object: '' is clicked on

2020-09-23 23:22:30 - [MESSAGE][PASSED] - Object: '' is clicked on

2020-09-23 23:22:30 - [TEST_STEP][PASSED] - click(findTestObject("Object Repository/V2/Commons/ManageUsersPage/div_Edit user")): Object: 'Object Repository/V2/Commons/ManageUsersPage/div_Edit user' is clicked on

2020-09-23 23:22:31 - [MESSAGE][PASSED] - Object: 'Object Repository/V2/Commons/ManageUsersPage/div_Edit user' is clicked on

2020-09-23 23:22:31 - [TEST_STEP][PASSED] - verifyElementPresent(findTestObject("V2/Commons/ManageUsersPage/div_PositionTitle"), DefaultTimeout): Object 'Object Repository/V2/Commons/ManageUsersPage/div_PositionTitle' is present

2020-09-23 23:22:31 - [MESSAGE][PASSED] - Object 'Object Repository/V2/Commons/ManageUsersPage/div_PositionTitle' is present

2020-09-23 23:22:31 - [TEST_STEP][PASSED] - setText(findTestObject("V2/Commons/ManageUsersPage/position_title_input"), position_title): Text 'Quality Assurance' is set on object 'Object Repository/V2/Commons/ManageUsersPage/position_title_input'

2020-09-23 23:22:32 - [MESSAGE][PASSED] - Text 'Quality Assurance' is set on object 'Object Repository/V2/Commons/ManageUsersPage/position_title_input'

2020-09-23 23:22:32 - [TEST_STEP][PASSED] - sendKeys(findTestObject("V2/Commons/ManageUsersPage/position_title_input"), Keys.chord(ENTER)): Keys 'ENTER + ' sent to object: 'Object Repository/V2/Commons/ManageUsersPage/position_title_input'

2020-09-23 23:22:32 - [MESSAGE][PASSED] - Keys 'ENTER + ' sent to object: 'Object Repository/V2/Commons/ManageUsersPage/position_title_input'

2020-09-23 23:22:32 - [TEST_STEP][PASSED] - if (permissionValue == "Employee"): Keys 'ENTER + ' sent to object: 'Object Repository/V2/Commons/ManageUsersPage/supervisor_input'

2020-09-23 23:22:32 - [TEST_STEP][PASSED] - verifyElementPresent(findTestObject("V2/Commons/ManageUsersPage/supervisor_input"), DefaultTimeout): Object 'Object Repository/V2/Commons/ManageUsersPage/supervisor_input' is present

2020-09-23 23:22:33 - [MESSAGE][PASSED] - Object 'Object Repository/V2/Commons/ManageUsersPage/supervisor_input' is present

2020-09-23 23:22:33 - [TEST_STEP][PASSED] - setText(findTestObject("V2/Commons/ManageUsersPage/supervisor_input"), user_supervisorName): Text 'Supervisor User' is set on object 'Object Repository/V2/Commons/ManageUsersPage/supervisor_input'

2020-09-23 23:22:33 - [MESSAGE][PASSED] - Text 'Supervisor User' is set on object 'Object Repository/V2/Commons/ManageUsersPage/supervisor_input'

2020-09-23 23:22:33 - [TEST_STEP][PASSED] - sendKeys(findTestObject("V2/Commons/ManageUsersPage/supervisor_input"), Keys.chord(ENTER)): Keys 'ENTER + ' sent to object: 'Object Repository/V2/Commons/ManageUsersPage/supervisor_input'

2020-09-23 23:22:34 - [MESSAGE][PASSED] - Keys 'ENTER + ' sent to object: 'Object Repository/V2/Commons/ManageUsersPage/supervisor_input'

2020-09-23 23:22:34 - [TEST_STEP][PASSED] - verifyElementPresent(findTestObject("Object Repository/V2/Commons/ManageUsersPage/div_User type"), DefaultTimeout): Object 'Object Repository/V2/Commons/ManageUsersPage/div_User type' is present

2020-09-23 23:22:34 - [MESSAGE][PASSED] - Object 'Object Repository/V2/Commons/ManageUsersPage/div_User type' is present

2020-09-23 23:22:34 - [TEST_STEP][PASSED] - click(findTestObject("Object Repository/V2/Commons/ManageUsersPage/input__orgRole")): Object: 'Object Repository/V2/Commons/ManageUsersPage/input__orgRole' is clicked on

2020-09-23 23:22:35 - [MESSAGE][PASSED] - Object: 'Object Repository/V2/Commons/ManageUsersPage/input__orgRole' is clicked on

2020-09-23 23:22:35 - [TEST_STEP][PASSED] - roleOptionObj = tt_CustomKeywords.CustomKeywords.CreateDynamicElement(roleOption, permissionValue, "xpath"): Successfully created new dynamic object: //span[text()='Employee']/parent::div[@role='option']

2020-09-23 23:22:35 - [MESSAGE][PASSED] - Successfully created new dynamic object: //span[text()='Employee']/parent::div[@role='option']

2020-09-23 23:22:35 - [TEST_STEP][PASSED] - click(roleOptionObj): Object: '' is clicked on

2020-09-23 23:22:35 - [MESSAGE][PASSED] - Object: '' is clicked on

2020-09-23 23:22:35 - [TEST_STEP][PASSED] - click(findTestObject("Object Repository/V2/Commons/ManageUsersPage/div_Save")): Object: 'Object Repository/V2/Commons/ManageUsersPage/div_Save' is clicked on

2020-09-23 23:22:36 - [MESSAGE][PASSED] - Object: 'Object Repository/V2/Commons/ManageUsersPage/div_Save' is clicked on

2020-09-23 23:22:36 - [TEST_STEP][PASSED] - waitForElementVisible(findTestObject("V2/Commons/ManageUsersPage/h3_User Saved"), DefaultTimeout): Object 'Object Repository/V2/Commons/ManageUsersPage/h3_User Saved' is visible

2020-09-23 23:22:39 - [MESSAGE][PASSED] - Object 'Object Repository/V2/Commons/ManageUsersPage/h3_User Saved' is visible

2020-09-23 23:22:39 - [TEST_STEP][PASSED] - verifyElementVisible(findTestObject("Object Repository/V2/Commons/ManageUsersPage/h3_User Saved")): Object 'Object Repository/V2/Commons/ManageUsersPage/h3_User Saved' is visible

2020-09-23 23:22:39 - [MESSAGE][PASSED] - Object 'Object Repository/V2/Commons/ManageUsersPage/h3_User Saved' is visible

2020-09-23 23:22:39 - [MESSAGE][PASSED] - Call Test Case 'Test Cases/V2/Test Case/Pre-conditions/PRE_ChangeUserPermissionViaManageUser' successfully

2020-09-23 23:22:39 - [TEST_STEP][PASSED] - callTestCase(findTestCase("V2/Test Case/Pre-conditions/PRE_ActivateNewUser"), ["activationURL":supervisor_activationURL, "email":supervisor_email, "password":password], STOP_ON_FAILURE): Call Test Case 'Test Cases/V2/Test Case/Pre-conditions/PRE_ActivateNewUser' successfully

2020-09-23 23:22:39 - [TEST_CASE][PASSED] - Test Cases/V2/Test Case/Pre-conditions/PRE_ActivateNewUser: Test Cases/V2/Test Case/Pre-conditions/PRE_ActivateNewUser

2020-09-23 23:22:39 - [TEST_STEP][PASSED] - navigateToUrl(activationURL): Navigate to 'http://local.traction.tools:5000/activate?activationKey=35047664-a3f6-49c6-93db-67385c6e3412&userId=e6ba5dc7-70d1-ce63-e347-533337385050&orgId=aeba5dc7-4376-4a1c-7672-49b3353371e0&email=tractiontools.user001+ts5l90bs@gmail.com&isCreator=0' successfully

2020-09-23 23:22:41 - [MESSAGE][PASSED] - Navigate to 'http://local.traction.tools:5000/activate?activationKey=35047664-a3f6-49c6-93db-67385c6e3412&userId=e6ba5dc7-70d1-ce63-e347-533337385050&orgId=aeba5dc7-4376-4a1c-7672-49b3353371e0&email=tractiontools.user001+ts5l90bs@gmail.com&isCreator=0' successfully

2020-09-23 23:22:41 - [TEST_STEP][PASSED] - waitForElementVisible(findTestObject("V2/Commons/ActivationPage/input_Email_email"), DefaultTimeout): Object 'Object Repository/V2/Commons/ActivationPage/input_Email_email' is visible

2020-09-23 23:22:43 - [MESSAGE][PASSED] - Object 'Object Repository/V2/Commons/ActivationPage/input_Email_email' is visible

2020-09-23 23:22:43 - [TEST_STEP][PASSED] - actual_email = getAttribute(findTestObject("Object Repository/V2/Commons/ActivationPage/input_Email_email"), "value"): Attribute 'value' of object 'Object Repository/V2/Commons/ActivationPage/input_Email_email' is: 'tractiontools.user001+ts5l90bs@gmail.com'

2020-09-23 23:22:43 - [MESSAGE][PASSED] - Attribute 'value' of object 'Object Repository/V2/Commons/ActivationPage/input_Email_email' is: 'tractiontools.user001+ts5l90bs@gmail.com'

2020-09-23 23:22:43 - [TEST_STEP][PASSED] - verifyMatch(actual_email, email, false): Actual text 'tractiontools.user001+ts5l90bs@gmail.com' and expected text 'tractiontools.user001+ts5l90bs@gmail.com' are matched 

2020-09-23 23:22:43 - [MESSAGE][PASSED] - Actual text 'tractiontools.user001+ts5l90bs@gmail.com' and expected text 'tractiontools.user001+ts5l90bs@gmail.com' are matched 

2020-09-23 23:22:43 - [TEST_STEP][PASSED] - setText(findTestObject("V2/Commons/ActivationPage/input_password"), password): Text 'Qwer123!' is set on object 'Object Repository/V2/Commons/ActivationPage/input_password'

2020-09-23 23:22:44 - [MESSAGE][PASSED] - Text 'Qwer123!' is set on object 'Object Repository/V2/Commons/ActivationPage/input_password'

2020-09-23 23:22:44 - [TEST_STEP][PASSED] - setText(findTestObject("Object Repository/V2/Commons/ActivationPage/input__passwordRepeat"), password): Text 'Qwer123!' is set on object 'Object Repository/V2/Commons/ActivationPage/input__passwordRepeat'

2020-09-23 23:22:44 - [MESSAGE][PASSED] - Text 'Qwer123!' is set on object 'Object Repository/V2/Commons/ActivationPage/input__passwordRepeat'

2020-09-23 23:22:44 - [TEST_STEP][PASSED] - click(findTestObject("V2/Commons/ActivationPage/input_termsandconditions")): Object: 'Object Repository/V2/Commons/ActivationPage/input_termsandconditions' is clicked on

2020-09-23 23:22:45 - [MESSAGE][PASSED] - Object: 'Object Repository/V2/Commons/ActivationPage/input_termsandconditions' is clicked on

2020-09-23 23:22:45 - [TEST_STEP][PASSED] - click(findTestObject("Object Repository/V2/Commons/ActivationPage/div_Create account")): Object: 'Object Repository/V2/Commons/ActivationPage/div_Create account' is clicked on

2020-09-23 23:22:45 - [MESSAGE][PASSED] - Object: 'Object Repository/V2/Commons/ActivationPage/div_Create account' is clicked on

2020-09-23 23:22:45 - [TEST_STEP][PASSED] - waitForElementPresent(findTestObject("V2/Commons/DasboardPage_SidebarMenu/img_Home_logo-big"), DefaultTimeout): Object 'Object Repository/V2/Commons/DasboardPage_SidebarMenu/img_Home_logo-big' is present

2020-09-23 23:22:49 - [MESSAGE][PASSED] - Object 'Object Repository/V2/Commons/DasboardPage_SidebarMenu/img_Home_logo-big' is present

2020-09-23 23:22:49 - [TEST_STEP][PASSED] - verifyElementPresent(findTestObject("V2/Commons/DasboardPage_SidebarMenu/img_Home_logo-big"), 0): Object 'Object Repository/V2/Commons/DasboardPage_SidebarMenu/img_Home_logo-big' is present

2020-09-23 23:22:49 - [MESSAGE][WARNING] - Timeout '0' is invalid. Using default page load timeout: '30'

2020-09-23 23:22:49 - [MESSAGE][PASSED] - Object 'Object Repository/V2/Commons/DasboardPage_SidebarMenu/img_Home_logo-big' is present

2020-09-23 23:22:49 - [MESSAGE][PASSED] - Call Test Case 'Test Cases/V2/Test Case/Pre-conditions/PRE_ActivateNewUser' successfully

2020-09-23 23:22:49 - [TEST_STEP][PASSED] - callTestCase(findTestCase("V2/Test Case/Pre-conditions/PRE_SkipPersonalProfileSetup"), [:], STOP_ON_FAILURE): Call Test Case 'Test Cases/V2/Test Case/Pre-conditions/PRE_SkipPersonalProfileSetup' successfully

2020-09-23 23:22:49 - [TEST_CASE][PASSED] - Test Cases/V2/Test Case/Pre-conditions/PRE_SkipPersonalProfileSetup: Test Cases/V2/Test Case/Pre-conditions/PRE_SkipPersonalProfileSetup

2020-09-23 23:22:49 - [TEST_STEP][PASSED] - waitForElementVisible(findTestObject("V2/Commons/FirstUpdateCompanyAndPersonalInfoModal/confirmPersonalInfoHeader_h1"), DefaultTimeout): Object 'Object Repository/V2/Commons/FirstUpdateCompanyAndPersonalInfoModal/confirmPersonalInfoHeader_h1' is visible

2020-09-23 23:22:50 - [MESSAGE][PASSED] - Object 'Object Repository/V2/Commons/FirstUpdateCompanyAndPersonalInfoModal/confirmPersonalInfoHeader_h1' is visible

2020-09-23 23:22:50 - [TEST_STEP][PASSED] - click(findTestObject("V2/Commons/FirstUpdateCompanyAndPersonalInfoModal/confirmInfoSkip_button")): Object: 'Object Repository/V2/Commons/FirstUpdateCompanyAndPersonalInfoModal/confirmInfoSkip_button' is clicked on

2020-09-23 23:22:50 - [MESSAGE][PASSED] - Object: 'Object Repository/V2/Commons/FirstUpdateCompanyAndPersonalInfoModal/confirmInfoSkip_button' is clicked on

2020-09-23 23:22:50 - [TEST_STEP][PASSED] - waitForElementVisible(findTestObject("V2/Commons/FirstUpdateCompanyAndPersonalInfoModal/letsGetStarted_button"), DefaultTimeout): Object 'Object Repository/V2/Commons/FirstUpdateCompanyAndPersonalInfoModal/letsGetStarted_button' is visible

2020-09-23 23:22:51 - [MESSAGE][PASSED] - Object 'Object Repository/V2/Commons/FirstUpdateCompanyAndPersonalInfoModal/letsGetStarted_button' is visible

2020-09-23 23:22:51 - [TEST_STEP][PASSED] - click(findTestObject("V2/Commons/FirstUpdateCompanyAndPersonalInfoModal/letsGetStarted_button")): Object: 'Object Repository/V2/Commons/FirstUpdateCompanyAndPersonalInfoModal/letsGetStarted_button' is clicked on

2020-09-23 23:22:51 - [MESSAGE][PASSED] - Object: 'Object Repository/V2/Commons/FirstUpdateCompanyAndPersonalInfoModal/letsGetStarted_button' is clicked on

2020-09-23 23:22:51 - [MESSAGE][PASSED] - Call Test Case 'Test Cases/V2/Test Case/Pre-conditions/PRE_SkipPersonalProfileSetup' successfully

2020-09-23 23:22:51 - [TEST_STEP][PASSED] - callTestCase(findTestCase("V2/Test Case/Pre-conditions/PRE_ActivateNewUser"), ["activationURL":employee_activationURL, "email":employee_email, "password":password], STOP_ON_FAILURE): Call Test Case 'Test Cases/V2/Test Case/Pre-conditions/PRE_ActivateNewUser' successfully

2020-09-23 23:22:51 - [TEST_CASE][PASSED] - Test Cases/V2/Test Case/Pre-conditions/PRE_ActivateNewUser: Test Cases/V2/Test Case/Pre-conditions/PRE_ActivateNewUser

2020-09-23 23:22:51 - [TEST_STEP][PASSED] - navigateToUrl(activationURL): Navigate to 'http://local.traction.tools:5000/activate?activationKey=881188a6-ef80-49a9-996e-39999a06cdab&userId=6eba5dc7-8492-50d2-2b3c-e509cf291dc2&orgId=aeba5dc7-4376-4a1c-7672-49b3353371e0&email=tractiontools.user001+te5iv31a@gmail.com&isCreator=0' successfully

2020-09-23 23:22:52 - [MESSAGE][PASSED] - Navigate to 'http://local.traction.tools:5000/activate?activationKey=881188a6-ef80-49a9-996e-39999a06cdab&userId=6eba5dc7-8492-50d2-2b3c-e509cf291dc2&orgId=aeba5dc7-4376-4a1c-7672-49b3353371e0&email=tractiontools.user001+te5iv31a@gmail.com&isCreator=0' successfully

2020-09-23 23:22:52 - [TEST_STEP][PASSED] - waitForElementVisible(findTestObject("V2/Commons/ActivationPage/input_Email_email"), DefaultTimeout): Object 'Object Repository/V2/Commons/ActivationPage/input_Email_email' is visible

2020-09-23 23:22:54 - [MESSAGE][PASSED] - Object 'Object Repository/V2/Commons/ActivationPage/input_Email_email' is visible

2020-09-23 23:22:54 - [TEST_STEP][PASSED] - actual_email = getAttribute(findTestObject("Object Repository/V2/Commons/ActivationPage/input_Email_email"), "value"): Attribute 'value' of object 'Object Repository/V2/Commons/ActivationPage/input_Email_email' is: 'tractiontools.user001+te5iv31a@gmail.com'

2020-09-23 23:22:54 - [MESSAGE][PASSED] - Attribute 'value' of object 'Object Repository/V2/Commons/ActivationPage/input_Email_email' is: 'tractiontools.user001+te5iv31a@gmail.com'

2020-09-23 23:22:54 - [TEST_STEP][PASSED] - verifyMatch(actual_email, email, false): Actual text 'tractiontools.user001+te5iv31a@gmail.com' and expected text 'tractiontools.user001+te5iv31a@gmail.com' are matched 

2020-09-23 23:22:54 - [MESSAGE][PASSED] - Actual text 'tractiontools.user001+te5iv31a@gmail.com' and expected text 'tractiontools.user001+te5iv31a@gmail.com' are matched 

2020-09-23 23:22:54 - [TEST_STEP][PASSED] - setText(findTestObject("V2/Commons/ActivationPage/input_password"), password): Text 'Qwer123!' is set on object 'Object Repository/V2/Commons/ActivationPage/input_password'

2020-09-23 23:22:54 - [MESSAGE][PASSED] - Text 'Qwer123!' is set on object 'Object Repository/V2/Commons/ActivationPage/input_password'

2020-09-23 23:22:54 - [TEST_STEP][PASSED] - setText(findTestObject("Object Repository/V2/Commons/ActivationPage/input__passwordRepeat"), password): Text 'Qwer123!' is set on object 'Object Repository/V2/Commons/ActivationPage/input__passwordRepeat'

2020-09-23 23:22:55 - [MESSAGE][PASSED] - Text 'Qwer123!' is set on object 'Object Repository/V2/Commons/ActivationPage/input__passwordRepeat'

2020-09-23 23:22:55 - [TEST_STEP][PASSED] - click(findTestObject("V2/Commons/ActivationPage/input_termsandconditions")): Object: 'Object Repository/V2/Commons/ActivationPage/input_termsandconditions' is clicked on

2020-09-23 23:22:56 - [MESSAGE][PASSED] - Object: 'Object Repository/V2/Commons/ActivationPage/input_termsandconditions' is clicked on

2020-09-23 23:22:56 - [TEST_STEP][PASSED] - click(findTestObject("Object Repository/V2/Commons/ActivationPage/div_Create account")): Object: 'Object Repository/V2/Commons/ActivationPage/div_Create account' is clicked on

2020-09-23 23:22:56 - [MESSAGE][PASSED] - Object: 'Object Repository/V2/Commons/ActivationPage/div_Create account' is clicked on

2020-09-23 23:22:56 - [TEST_STEP][PASSED] - waitForElementPresent(findTestObject("V2/Commons/DasboardPage_SidebarMenu/img_Home_logo-big"), DefaultTimeout): Object 'Object Repository/V2/Commons/DasboardPage_SidebarMenu/img_Home_logo-big' is present

2020-09-23 23:23:00 - [MESSAGE][PASSED] - Object 'Object Repository/V2/Commons/DasboardPage_SidebarMenu/img_Home_logo-big' is present

2020-09-23 23:23:00 - [TEST_STEP][PASSED] - verifyElementPresent(findTestObject("V2/Commons/DasboardPage_SidebarMenu/img_Home_logo-big"), 0): Object 'Object Repository/V2/Commons/DasboardPage_SidebarMenu/img_Home_logo-big' is present

2020-09-23 23:23:00 - [MESSAGE][WARNING] - Timeout '0' is invalid. Using default page load timeout: '30'

2020-09-23 23:23:00 - [MESSAGE][PASSED] - Object 'Object Repository/V2/Commons/DasboardPage_SidebarMenu/img_Home_logo-big' is present

2020-09-23 23:23:00 - [MESSAGE][PASSED] - Call Test Case 'Test Cases/V2/Test Case/Pre-conditions/PRE_ActivateNewUser' successfully

2020-09-23 23:23:00 - [TEST_STEP][PASSED] - callTestCase(findTestCase("V2/Test Case/Pre-conditions/PRE_SkipPersonalProfileSetup"), [:], STOP_ON_FAILURE): Call Test Case 'Test Cases/V2/Test Case/Pre-conditions/PRE_SkipPersonalProfileSetup' successfully

2020-09-23 23:23:00 - [TEST_CASE][PASSED] - Test Cases/V2/Test Case/Pre-conditions/PRE_SkipPersonalProfileSetup: Test Cases/V2/Test Case/Pre-conditions/PRE_SkipPersonalProfileSetup

2020-09-23 23:23:00 - [TEST_STEP][PASSED] - waitForElementVisible(findTestObject("V2/Commons/FirstUpdateCompanyAndPersonalInfoModal/confirmPersonalInfoHeader_h1"), DefaultTimeout): Object 'Object Repository/V2/Commons/FirstUpdateCompanyAndPersonalInfoModal/confirmPersonalInfoHeader_h1' is visible

2020-09-23 23:23:00 - [MESSAGE][PASSED] - Object 'Object Repository/V2/Commons/FirstUpdateCompanyAndPersonalInfoModal/confirmPersonalInfoHeader_h1' is visible

2020-09-23 23:23:00 - [TEST_STEP][PASSED] - click(findTestObject("V2/Commons/FirstUpdateCompanyAndPersonalInfoModal/confirmInfoSkip_button")): Object: 'Object Repository/V2/Commons/FirstUpdateCompanyAndPersonalInfoModal/confirmInfoSkip_button' is clicked on

2020-09-23 23:23:01 - [MESSAGE][PASSED] - Object: 'Object Repository/V2/Commons/FirstUpdateCompanyAndPersonalInfoModal/confirmInfoSkip_button' is clicked on

2020-09-23 23:23:01 - [TEST_STEP][PASSED] - waitForElementVisible(findTestObject("V2/Commons/FirstUpdateCompanyAndPersonalInfoModal/letsGetStarted_button"), DefaultTimeout): Object 'Object Repository/V2/Commons/FirstUpdateCompanyAndPersonalInfoModal/letsGetStarted_button' is visible

2020-09-23 23:23:01 - [MESSAGE][PASSED] - Object 'Object Repository/V2/Commons/FirstUpdateCompanyAndPersonalInfoModal/letsGetStarted_button' is visible

2020-09-23 23:23:01 - [TEST_STEP][PASSED] - click(findTestObject("V2/Commons/FirstUpdateCompanyAndPersonalInfoModal/letsGetStarted_button")): Object: 'Object Repository/V2/Commons/FirstUpdateCompanyAndPersonalInfoModal/letsGetStarted_button' is clicked on

2020-09-23 23:23:02 - [MESSAGE][PASSED] - Object: 'Object Repository/V2/Commons/FirstUpdateCompanyAndPersonalInfoModal/letsGetStarted_button' is clicked on

2020-09-23 23:23:02 - [MESSAGE][PASSED] - Call Test Case 'Test Cases/V2/Test Case/Pre-conditions/PRE_SkipPersonalProfileSetup' successfully

2020-09-23 23:23:02 - [MESSAGE][PASSED] - Call Test Case 'Test Cases/V2/Test Case/Pre-conditions/PRE_RegisterAndActivateTTUsers' successfully

2020-09-23 23:23:02 - [TEST_STEP][PASSED] - closeBrowser(): Browser is closed

2020-09-23 23:23:02 - [MESSAGE][PASSED] - Browser is closed

2020-09-23 23:23:02 - [TEST_STEP][PASSED] - path = System.getProperty("user.dir"): null

2020-09-23 23:23:02 - [TEST_STEP][PASSED] - System.setProperty("webdriver.chrome.driver", getChromeDriverPath()): null

2020-09-23 23:23:02 - [TEST_STEP][PASSED] - driver1 = new org.openqa.selenium.chrome.ChromeDriver(): null

2020-09-23 23:23:06 - [TEST_STEP][PASSED] - changeWebDriver(driver1): null

2020-09-23 23:23:06 - [TEST_STEP][PASSED] - maximizeWindow(): Current window maximized

2020-09-23 23:23:08 - [MESSAGE][PASSED] - Current window maximized

2020-09-23 23:23:08 - [TEST_STEP][PASSED] - navigateToUrl(V2Url): Navigate to 'http://local.traction.tools:5000' successfully

2020-09-23 23:23:09 - [MESSAGE][PASSED] - Navigate to 'http://local.traction.tools:5000' successfully

2020-09-23 23:23:09 - [TEST_STEP][PASSED] - callTestCase(findTestCase("V2/Test Case/Pre-conditions/PRE_LoginToTractionToolsApplication"), ["username":email, "password":password], STOP_ON_FAILURE): Call Test Case 'Test Cases/V2/Test Case/Pre-conditions/PRE_LoginToTractionToolsApplication' successfully

2020-09-23 23:23:09 - [TEST_CASE][PASSED] - Test Cases/V2/Test Case/Pre-conditions/PRE_LoginToTractionToolsApplication: Test Cases/V2/Test Case/Pre-conditions/PRE_LoginToTractionToolsApplication

2020-09-23 23:23:09 - [TEST_STEP][PASSED] - waitForElementVisible(findTestObject("V2/Commons/LoginPage/input__username"), DefaultTimeout): Object 'Object Repository/V2/Commons/LoginPage/input__username' is visible

2020-09-23 23:23:11 - [MESSAGE][PASSED] - Object 'Object Repository/V2/Commons/LoginPage/input__username' is visible

2020-09-23 23:23:11 - [TEST_STEP][PASSED] - waitForElementVisible(findTestObject("V2/Commons/LoginPage/input__password"), DefaultTimeout): Object 'Object Repository/V2/Commons/LoginPage/input__password' is visible

2020-09-23 23:23:11 - [MESSAGE][PASSED] - Object 'Object Repository/V2/Commons/LoginPage/input__password' is visible

2020-09-23 23:23:11 - [TEST_STEP][PASSED] - setText(findTestObject("V2/Commons/LoginPage/input__username"), username): Text 'tractiontools.user001+ta5bc8ol@gmail.com' is set on object 'Object Repository/V2/Commons/LoginPage/input__username'

2020-09-23 23:23:11 - [MESSAGE][PASSED] - Text 'tractiontools.user001+ta5bc8ol@gmail.com' is set on object 'Object Repository/V2/Commons/LoginPage/input__username'

2020-09-23 23:23:11 - [TEST_STEP][PASSED] - setText(findTestObject("V2/Commons/LoginPage/input__password"), password): Text 'Qwer123!' is set on object 'Object Repository/V2/Commons/LoginPage/input__password'

2020-09-23 23:23:11 - [MESSAGE][PASSED] - Text 'Qwer123!' is set on object 'Object Repository/V2/Commons/LoginPage/input__password'

2020-09-23 23:23:11 - [TEST_STEP][PASSED] - click(findTestObject("V2/Commons/LoginPage/div_Login")): Object: 'Object Repository/V2/Commons/LoginPage/div_Login' is clicked on

2020-09-23 23:23:11 - [MESSAGE][PASSED] - Object: 'Object Repository/V2/Commons/LoginPage/div_Login' is clicked on

2020-09-23 23:23:11 - [TEST_STEP][PASSED] - waitForElementVisible(findTestObject("V2/Commons/DasboardPage_SidebarMenu/img_Home_logo-big"), DefaultTimeout): Object 'Object Repository/V2/Commons/DasboardPage_SidebarMenu/img_Home_logo-big' is visible

2020-09-23 23:23:16 - [MESSAGE][PASSED] - Object 'Object Repository/V2/Commons/DasboardPage_SidebarMenu/img_Home_logo-big' is visible

2020-09-23 23:23:16 - [TEST_STEP][PASSED] - verifyElementVisible(findTestObject("V2/Commons/DasboardPage_SidebarMenu/img_Home_logo-big"), STOP_ON_FAILURE): Object 'Object Repository/V2/Commons/DasboardPage_SidebarMenu/img_Home_logo-big' is visible

2020-09-23 23:23:16 - [MESSAGE][PASSED] - Object 'Object Repository/V2/Commons/DasboardPage_SidebarMenu/img_Home_logo-big' is visible

2020-09-23 23:23:16 - [MESSAGE][PASSED] - Call Test Case 'Test Cases/V2/Test Case/Pre-conditions/PRE_LoginToTractionToolsApplication' successfully

2020-09-23 23:23:16 - [TEST_STEP][PASSED] - driver2 = new org.openqa.selenium.chrome.ChromeDriver(): null

2020-09-23 23:23:19 - [TEST_STEP][PASSED] - changeWebDriver(driver2): null

2020-09-23 23:23:19 - [TEST_STEP][PASSED] - maximizeWindow(): Current window maximized

2020-09-23 23:23:21 - [MESSAGE][PASSED] - Current window maximized

2020-09-23 23:23:21 - [TEST_STEP][PASSED] - navigateToUrl(V2Url): Navigate to 'http://local.traction.tools:5000' successfully

2020-09-23 23:23:22 - [MESSAGE][PASSED] - Navigate to 'http://local.traction.tools:5000' successfully

2020-09-23 23:23:22 - [TEST_STEP][PASSED] - callTestCase(findTestCase("V2/Test Case/Pre-conditions/PRE_LoginToTractionToolsApplication"), ["username":supervisor_email, "password":password], STOP_ON_FAILURE): Call Test Case 'Test Cases/V2/Test Case/Pre-conditions/PRE_LoginToTractionToolsApplication' successfully

2020-09-23 23:23:22 - [TEST_CASE][PASSED] - Test Cases/V2/Test Case/Pre-conditions/PRE_LoginToTractionToolsApplication: Test Cases/V2/Test Case/Pre-conditions/PRE_LoginToTractionToolsApplication

2020-09-23 23:23:22 - [TEST_STEP][PASSED] - waitForElementVisible(findTestObject("V2/Commons/LoginPage/input__username"), DefaultTimeout): Object 'Object Repository/V2/Commons/LoginPage/input__username' is visible

2020-09-23 23:23:24 - [MESSAGE][PASSED] - Object 'Object Repository/V2/Commons/LoginPage/input__username' is visible

2020-09-23 23:23:24 - [TEST_STEP][PASSED] - waitForElementVisible(findTestObject("V2/Commons/LoginPage/input__password"), DefaultTimeout): Object 'Object Repository/V2/Commons/LoginPage/input__password' is visible

2020-09-23 23:23:24 - [MESSAGE][PASSED] - Object 'Object Repository/V2/Commons/LoginPage/input__password' is visible

2020-09-23 23:23:24 - [TEST_STEP][PASSED] - setText(findTestObject("V2/Commons/LoginPage/input__username"), username): Text 'tractiontools.user001+ts5l90bs@gmail.com' is set on object 'Object Repository/V2/Commons/LoginPage/input__username'

2020-09-23 23:23:24 - [MESSAGE][PASSED] - Text 'tractiontools.user001+ts5l90bs@gmail.com' is set on object 'Object Repository/V2/Commons/LoginPage/input__username'

2020-09-23 23:23:24 - [TEST_STEP][PASSED] - setText(findTestObject("V2/Commons/LoginPage/input__password"), password): Text 'Qwer123!' is set on object 'Object Repository/V2/Commons/LoginPage/input__password'

2020-09-23 23:23:24 - [MESSAGE][PASSED] - Text 'Qwer123!' is set on object 'Object Repository/V2/Commons/LoginPage/input__password'

2020-09-23 23:23:24 - [TEST_STEP][PASSED] - click(findTestObject("V2/Commons/LoginPage/div_Login")): Object: 'Object Repository/V2/Commons/LoginPage/div_Login' is clicked on

2020-09-23 23:23:24 - [MESSAGE][PASSED] - Object: 'Object Repository/V2/Commons/LoginPage/div_Login' is clicked on

2020-09-23 23:23:24 - [TEST_STEP][PASSED] - waitForElementVisible(findTestObject("V2/Commons/DasboardPage_SidebarMenu/img_Home_logo-big"), DefaultTimeout): Object 'Object Repository/V2/Commons/DasboardPage_SidebarMenu/img_Home_logo-big' is visible

2020-09-23 23:23:27 - [MESSAGE][PASSED] - Object 'Object Repository/V2/Commons/DasboardPage_SidebarMenu/img_Home_logo-big' is visible

2020-09-23 23:23:27 - [TEST_STEP][PASSED] - verifyElementVisible(findTestObject("V2/Commons/DasboardPage_SidebarMenu/img_Home_logo-big"), STOP_ON_FAILURE): Object 'Object Repository/V2/Commons/DasboardPage_SidebarMenu/img_Home_logo-big' is visible

2020-09-23 23:23:27 - [MESSAGE][PASSED] - Object 'Object Repository/V2/Commons/DasboardPage_SidebarMenu/img_Home_logo-big' is visible

2020-09-23 23:23:27 - [MESSAGE][PASSED] - Call Test Case 'Test Cases/V2/Test Case/Pre-conditions/PRE_LoginToTractionToolsApplication' successfully

2020-09-23 23:23:27 - [TEST_STEP][PASSED] - driver3 = new org.openqa.selenium.chrome.ChromeDriver(): null

2020-09-23 23:23:31 - [TEST_STEP][PASSED] - changeWebDriver(driver3): null

2020-09-23 23:23:31 - [TEST_STEP][PASSED] - maximizeWindow(): Current window maximized

2020-09-23 23:23:33 - [MESSAGE][PASSED] - Current window maximized

2020-09-23 23:23:33 - [TEST_STEP][PASSED] - navigateToUrl(V2Url): Navigate to 'http://local.traction.tools:5000' successfully

2020-09-23 23:23:34 - [MESSAGE][PASSED] - Navigate to 'http://local.traction.tools:5000' successfully

2020-09-23 23:23:34 - [TEST_STEP][PASSED] - callTestCase(findTestCase("V2/Test Case/Pre-conditions/PRE_LoginToTractionToolsApplication"), ["username":employee_email, "password":password], STOP_ON_FAILURE): Call Test Case 'Test Cases/V2/Test Case/Pre-conditions/PRE_LoginToTractionToolsApplication' successfully

2020-09-23 23:23:34 - [TEST_CASE][PASSED] - Test Cases/V2/Test Case/Pre-conditions/PRE_LoginToTractionToolsApplication: Test Cases/V2/Test Case/Pre-conditions/PRE_LoginToTractionToolsApplication

2020-09-23 23:23:34 - [TEST_STEP][PASSED] - waitForElementVisible(findTestObject("V2/Commons/LoginPage/input__username"), DefaultTimeout): Object 'Object Repository/V2/Commons/LoginPage/input__username' is visible

2020-09-23 23:23:35 - [MESSAGE][PASSED] - Object 'Object Repository/V2/Commons/LoginPage/input__username' is visible

2020-09-23 23:23:35 - [TEST_STEP][PASSED] - waitForElementVisible(findTestObject("V2/Commons/LoginPage/input__password"), DefaultTimeout): Object 'Object Repository/V2/Commons/LoginPage/input__password' is visible

2020-09-23 23:23:35 - [MESSAGE][PASSED] - Object 'Object Repository/V2/Commons/LoginPage/input__password' is visible

2020-09-23 23:23:35 - [TEST_STEP][PASSED] - setText(findTestObject("V2/Commons/LoginPage/input__username"), username): Text 'tractiontools.user001+te5iv31a@gmail.com' is set on object 'Object Repository/V2/Commons/LoginPage/input__username'

2020-09-23 23:23:36 - [MESSAGE][PASSED] - Text 'tractiontools.user001+te5iv31a@gmail.com' is set on object 'Object Repository/V2/Commons/LoginPage/input__username'

2020-09-23 23:23:36 - [TEST_STEP][PASSED] - setText(findTestObject("V2/Commons/LoginPage/input__password"), password): Text 'Qwer123!' is set on object 'Object Repository/V2/Commons/LoginPage/input__password'

2020-09-23 23:23:36 - [MESSAGE][PASSED] - Text 'Qwer123!' is set on object 'Object Repository/V2/Commons/LoginPage/input__password'

2020-09-23 23:23:36 - [TEST_STEP][PASSED] - click(findTestObject("V2/Commons/LoginPage/div_Login")): Object: 'Object Repository/V2/Commons/LoginPage/div_Login' is clicked on

2020-09-23 23:23:36 - [MESSAGE][PASSED] - Object: 'Object Repository/V2/Commons/LoginPage/div_Login' is clicked on

2020-09-23 23:23:36 - [TEST_STEP][PASSED] - waitForElementVisible(findTestObject("V2/Commons/DasboardPage_SidebarMenu/img_Home_logo-big"), DefaultTimeout): Object 'Object Repository/V2/Commons/DasboardPage_SidebarMenu/img_Home_logo-big' is visible

2020-09-23 23:23:38 - [MESSAGE][PASSED] - Object 'Object Repository/V2/Commons/DasboardPage_SidebarMenu/img_Home_logo-big' is visible

2020-09-23 23:23:38 - [TEST_STEP][PASSED] - verifyElementVisible(findTestObject("V2/Commons/DasboardPage_SidebarMenu/img_Home_logo-big"), STOP_ON_FAILURE): Object 'Object Repository/V2/Commons/DasboardPage_SidebarMenu/img_Home_logo-big' is visible

2020-09-23 23:23:38 - [MESSAGE][PASSED] - Object 'Object Repository/V2/Commons/DasboardPage_SidebarMenu/img_Home_logo-big' is visible

2020-09-23 23:23:38 - [MESSAGE][PASSED] - Call Test Case 'Test Cases/V2/Test Case/Pre-conditions/PRE_LoginToTractionToolsApplication' successfully

2020-09-23 23:23:38 - [TEST_STEP][PASSED] - changeWebDriver(driver1): null

2020-09-23 23:23:38 - [TEST_STEP][PASSED] - callTestCase(findTestCase("V2/Test Case/Tests/TT-363 - Meeting List/Positive/Admin/TT_363_1-1_CreateL10MeetingforMonday_Admin"), ["username":"", "password":"", "meetingName":meetingName, "meetingAcronym":meetingAcronym, "meetingDescription":meetingDescription, ... ], STOP_ON_FAILURE): Call Test Case 'Test Cases/V2/Test Case/Tests/TT-363 - Meeting List/Positive/Admin/TT_363_1-1_CreateL10MeetingforMonday_Admin' successfully

2020-09-23 23:23:38 - [TEST_CASE][PASSED] - Test Cases/V2/Test Case/Tests/TT-363 - Meeting List/Positive/Admin/TT_363_1-1_CreateL10MeetingforMonday_Admin: Test Cases/V2/Test Case/Tests/TT-363 - Meeting List/Positive/Admin/TT_363_1-1_CreateL10MeetingforMonday_Admin

2020-09-23 23:23:39 - [TEST_STEP][PASSED] - verifyElementPresent(findTestObject("V2/TT-363/Page_Dashboard/span_Meetings"), DefaultTimeout): Object 'Object Repository/V2/TT-363/Page_Dashboard/span_Meetings' is present

2020-09-23 23:23:39 - [MESSAGE][PASSED] - Object 'Object Repository/V2/TT-363/Page_Dashboard/span_Meetings' is present

2020-09-23 23:23:39 - [TEST_STEP][PASSED] - click(findTestObject("V2/TT-363/Page_Dashboard/span_Meetings")): Object: 'Object Repository/V2/TT-363/Page_Dashboard/span_Meetings' is clicked on

2020-09-23 23:23:39 - [MESSAGE][PASSED] - Object: 'Object Repository/V2/TT-363/Page_Dashboard/span_Meetings' is clicked on

2020-09-23 23:23:39 - [TEST_STEP][PASSED] - click(findTestObject("Object Repository/V2/TT-363/Page_Meeting/div_Create a meeting")): Object: 'Object Repository/V2/TT-363/Page_Meeting/div_Create a meeting' is clicked on

2020-09-23 23:23:39 - [MESSAGE][PASSED] - Object: 'Object Repository/V2/TT-363/Page_Meeting/div_Create a meeting' is clicked on

2020-09-23 23:23:39 - [TEST_STEP][PASSED] - click(findTestObject("Object Repository/V2/TT-363/Page_Meeting/button_Level 10")): Object: 'Object Repository/V2/TT-363/Page_Meeting/button_Level 10' is clicked on

2020-09-23 23:23:39 - [MESSAGE][PASSED] - Object: 'Object Repository/V2/TT-363/Page_Meeting/button_Level 10' is clicked on

2020-09-23 23:23:39 - [TEST_STEP][PASSED] - waitForElementVisible(findTestObject("Object Repository/V2/TT-363/Page_Meeting/input__name"), DefaultTimeout): Object 'Object Repository/V2/TT-363/Page_Meeting/input__name' is visible

2020-09-23 23:23:40 - [MESSAGE][PASSED] - Object 'Object Repository/V2/TT-363/Page_Meeting/input__name' is visible

2020-09-23 23:23:40 - [TEST_STEP][PASSED] - setText(findTestObject("Object Repository/V2/TT-363/Page_Meeting/input__name"), meetingName): Text 'Meeting Admin' is set on object 'Object Repository/V2/TT-363/Page_Meeting/input__name'

2020-09-23 23:23:40 - [MESSAGE][PASSED] - Text 'Meeting Admin' is set on object 'Object Repository/V2/TT-363/Page_Meeting/input__name'

2020-09-23 23:23:40 - [TEST_STEP][PASSED] - setText(findTestObject("Object Repository/V2/TT-363/Page_Meeting/input__acronym"), meetingAcronym): Text 'CL10' is set on object 'Object Repository/V2/TT-363/Page_Meeting/input__acronym'

2020-09-23 23:23:40 - [MESSAGE][PASSED] - Text 'CL10' is set on object 'Object Repository/V2/TT-363/Page_Meeting/input__acronym'

2020-09-23 23:23:40 - [TEST_STEP][PASSED] - setText(findTestObject("Object Repository/V2/TT-363/Page_Meeting/input_Meeting description (max 100 characte_8187fa"), meetingDescription): Text 'L10 Meeting' is set on object 'Object Repository/V2/TT-363/Page_Meeting/input_Meeting description (max 100 characte_8187fa'

2020-09-23 23:23:40 - [MESSAGE][PASSED] - Text 'L10 Meeting' is set on object 'Object Repository/V2/TT-363/Page_Meeting/input_Meeting description (max 100 characte_8187fa'

2020-09-23 23:23:40 - [TEST_STEP][PASSED] - click(findTestObject("Object Repository/V2/TT-363/Page_Meeting/input__typeOfMeeting")): Object: 'Object Repository/V2/TT-363/Page_Meeting/input__typeOfMeeting' is clicked on

2020-09-23 23:23:40 - [MESSAGE][PASSED] - Object: 'Object Repository/V2/TT-363/Page_Meeting/input__typeOfMeeting' is clicked on

2020-09-23 23:23:40 - [TEST_STEP][PASSED] - click(findTestObject("V2/TT-363/Page_Meeting/div_Leadership")): Object: 'Object Repository/V2/TT-363/Page_Meeting/div_Leadership' is clicked on

2020-09-23 23:23:40 - [MESSAGE][PASSED] - Object: 'Object Repository/V2/TT-363/Page_Meeting/div_Leadership' is clicked on

2020-09-23 23:23:40 - [TEST_STEP][PASSED] - click(findTestObject("Object Repository/V2/TT-363/Page_Meeting/div_Select a dayMondayTuesdayWednesdayThurs_fcb808")): Object: 'Object Repository/V2/TT-363/Page_Meeting/div_Select a dayMondayTuesdayWednesdayThurs_fcb808' is clicked on

2020-09-23 23:23:40 - [MESSAGE][PASSED] - Object: 'Object Repository/V2/TT-363/Page_Meeting/div_Select a dayMondayTuesdayWednesdayThurs_fcb808' is clicked on

2020-09-23 23:23:40 - [TEST_STEP][PASSED] - click(findTestObject("V2/TT-363/Page_Meeting/div_Monday")): Object: 'Object Repository/V2/TT-363/Page_Meeting/div_Monday' is clicked on

2020-09-23 23:23:40 - [MESSAGE][PASSED] - Object: 'Object Repository/V2/TT-363/Page_Meeting/div_Monday' is clicked on

2020-09-23 23:23:40 - [TEST_STEP][PASSED] - click(findTestObject("Object Repository/V2/TT-363/Page_Meeting/div_000")): Object: 'Object Repository/V2/TT-363/Page_Meeting/div_000' is clicked on

2020-09-23 23:23:41 - [MESSAGE][PASSED] - Object: 'Object Repository/V2/TT-363/Page_Meeting/div_000' is clicked on

2020-09-23 23:23:41 - [TEST_STEP][PASSED] - click(findTestObject("Object Repository/V2/TT-363/Page_Meeting/span_0800")): Object: 'Object Repository/V2/TT-363/Page_Meeting/span_0800' is clicked on

2020-09-23 23:23:41 - [MESSAGE][PASSED] - Object: 'Object Repository/V2/TT-363/Page_Meeting/span_0800' is clicked on

2020-09-23 23:23:41 - [TEST_STEP][PASSED] - setText(findTestObject("Object Repository/V2/TT-363/Page_Meeting/input_Video conference URL_meetingLink"), videoConference): Text 'https://yourvideoconference.com/sample' is set on object 'Object Repository/V2/TT-363/Page_Meeting/input_Video conference URL_meetingLink'

2020-09-23 23:23:41 - [MESSAGE][PASSED] - Text 'https://yourvideoconference.com/sample' is set on object 'Object Repository/V2/TT-363/Page_Meeting/input_Video conference URL_meetingLink'

2020-09-23 23:23:41 - [TEST_STEP][PASSED] - click(findTestObject("Object Repository/V2/TT-363/Page_Meeting/div_Create Meeting")): Object: 'Object Repository/V2/TT-363/Page_Meeting/div_Create Meeting' is clicked on

2020-09-23 23:23:41 - [MESSAGE][PASSED] - Object: 'Object Repository/V2/TT-363/Page_Meeting/div_Create Meeting' is clicked on

2020-09-23 23:23:41 - [TEST_STEP][PASSED] - waitForElementVisible(findTestObject("Object Repository/V2/TT-363/Page_Meeting/div_Ill do this later"), DefaultTimeout): Object 'Object Repository/V2/TT-363/Page_Meeting/div_Ill do this later' is visible

2020-09-23 23:23:47 - [MESSAGE][PASSED] - Object 'Object Repository/V2/TT-363/Page_Meeting/div_Ill do this later' is visible

2020-09-23 23:23:47 - [TEST_STEP][PASSED] - click(findTestObject("Object Repository/V2/TT-363/Page_Meeting/div_Ill do this later")): Object: 'Object Repository/V2/TT-363/Page_Meeting/div_Ill do this later' is clicked on

2020-09-23 23:23:47 - [MESSAGE][PASSED] - Object: 'Object Repository/V2/TT-363/Page_Meeting/div_Ill do this later' is clicked on

2020-09-23 23:23:47 - [TEST_STEP][PASSED] - createMeetingRecordObj = tt_CustomKeywords.CustomKeywords.CreateDynamicElement("//div[@class="container__col detailscontainer__block"]/h2/div[text()='%s']", meetingName, "xpath"): Successfully created new dynamic object: //div[@class="container__col detailscontainer__block"]/h2/div[text()='Meeting Admin']

2020-09-23 23:23:47 - [MESSAGE][PASSED] - Successfully created new dynamic object: //div[@class="container__col detailscontainer__block"]/h2/div[text()='Meeting Admin']

2020-09-23 23:23:47 - [TEST_STEP][PASSED] - verifyElementPresent(createMeetingRecordObj, DefaultTimeout): Object '' is present

2020-09-23 23:23:47 - [MESSAGE][PASSED] - Object '' is present

2020-09-23 23:23:47 - [TEST_STEP][PASSED] - delay(5): Delayed 5 second(s)

2020-09-23 23:23:52 - [MESSAGE][PASSED] - Delayed 5 second(s)

2020-09-23 23:23:52 - [MESSAGE][PASSED] - Call Test Case 'Test Cases/V2/Test Case/Tests/TT-363 - Meeting List/Positive/Admin/TT_363_1-1_CreateL10MeetingforMonday_Admin' successfully

2020-09-23 23:23:52 - [TEST_STEP][PASSED] - changeWebDriver(driver2): null

2020-09-23 23:23:52 - [TEST_STEP][PASSED] - callTestCase(findTestCase("V2/Test Case/Tests/TT-363 - Meeting List/Positive/Supervisor/TT_363_1-1_CreateL10MeetingforMonday_Supervisor"), ["username":"", "password":"", "meetingNameS":meetingNameS, "meetingAcronym":meetingAcronym, "meetingDescription":meetingDescription, ... ], STOP_ON_FAILURE): Call Test Case 'Test Cases/V2/Test Case/Tests/TT-363 - Meeting List/Positive/Supervisor/TT_363_1-1_CreateL10MeetingforMonday_Supervisor' successfully

2020-09-23 23:23:52 - [TEST_CASE][PASSED] - Test Cases/V2/Test Case/Tests/TT-363 - Meeting List/Positive/Supervisor/TT_363_1-1_CreateL10MeetingforMonday_Supervisor: Test Cases/V2/Test Case/Tests/TT-363 - Meeting List/Positive/Supervisor/TT_363_1-1_CreateL10MeetingforMonday_Supervisor

2020-09-23 23:23:53 - [TEST_STEP][NOT_RUN] - openBrowser(""): NOT_RUN: openBrowser("")

2020-09-23 23:23:53 - [MESSAGE][NOT_RUN] - NOT_RUN: openBrowser("")

2020-09-23 23:23:53 - [TEST_STEP][NOT_RUN] - maximizeWindow(): NOT_RUN: maximizeWindow()

2020-09-23 23:23:53 - [MESSAGE][NOT_RUN] - NOT_RUN: maximizeWindow()

2020-09-23 23:23:53 - [TEST_STEP][NOT_RUN] - navigateToUrl(V2Url): NOT_RUN: navigateToUrl(V2Url)

2020-09-23 23:23:53 - [MESSAGE][NOT_RUN] - NOT_RUN: navigateToUrl(V2Url)

2020-09-23 23:23:53 - [TEST_STEP][NOT_RUN] - delay(7): NOT_RUN: delay(7)

2020-09-23 23:23:53 - [MESSAGE][NOT_RUN] - NOT_RUN: delay(7)

2020-09-23 23:23:53 - [TEST_STEP][NOT_RUN] - waitForElementClickable(findTestObject("V2/TT-363/Page_Login/input__username"), 30): NOT_RUN: waitForElementClickable(findTestObject("V2/TT-363/Page_Login/input__username"), 30)

2020-09-23 23:23:53 - [MESSAGE][NOT_RUN] - NOT_RUN: waitForElementClickable(findTestObject("V2/TT-363/Page_Login/input__username"), 30)

2020-09-23 23:23:53 - [TEST_STEP][NOT_RUN] - setText(findTestObject("V2/TT-363/Page_Login/input__username"), username): NOT_RUN: setText(findTestObject("V2/TT-363/Page_Login/input__username"), username)

2020-09-23 23:23:53 - [MESSAGE][NOT_RUN] - NOT_RUN: setText(findTestObject("V2/TT-363/Page_Login/input__username"), username)

2020-09-23 23:23:53 - [TEST_STEP][NOT_RUN] - setText(findTestObject("Object Repository/V2/TT-363/Page_Login/input__password"), password): NOT_RUN: setText(findTestObject("Object Repository/V2/TT-363/Page_Login/input__password"), password)

2020-09-23 23:23:53 - [MESSAGE][NOT_RUN] - NOT_RUN: setText(findTestObject("Object Repository/V2/TT-363/Page_Login/input__password"), password)

2020-09-23 23:23:53 - [TEST_STEP][NOT_RUN] - click(findTestObject("Object Repository/V2/TT-363/Page_Login/div_Login")): NOT_RUN: click(findTestObject("Object Repository/V2/TT-363/Page_Login/div_Login"))

2020-09-23 23:23:53 - [MESSAGE][NOT_RUN] - NOT_RUN: click(findTestObject("Object Repository/V2/TT-363/Page_Login/div_Login"))

2020-09-23 23:23:53 - [TEST_STEP][PASSED] - verifyElementPresent(findTestObject("V2/TT-363/Page_Dashboard/span_Meetings"), DefaultTimeout): Object 'Object Repository/V2/TT-363/Page_Dashboard/span_Meetings' is present

2020-09-23 23:23:53 - [MESSAGE][PASSED] - Object 'Object Repository/V2/TT-363/Page_Dashboard/span_Meetings' is present

2020-09-23 23:23:53 - [TEST_STEP][PASSED] - click(findTestObject("V2/TT-363/Page_Dashboard/span_Meetings")): Object: 'Object Repository/V2/TT-363/Page_Dashboard/span_Meetings' is clicked on

2020-09-23 23:23:53 - [MESSAGE][PASSED] - Object: 'Object Repository/V2/TT-363/Page_Dashboard/span_Meetings' is clicked on

2020-09-23 23:23:53 - [TEST_STEP][PASSED] - click(findTestObject("Object Repository/V2/TT-363/Page_Meeting/div_Create a meeting")): Object: 'Object Repository/V2/TT-363/Page_Meeting/div_Create a meeting' is clicked on

2020-09-23 23:23:53 - [MESSAGE][PASSED] - Object: 'Object Repository/V2/TT-363/Page_Meeting/div_Create a meeting' is clicked on

2020-09-23 23:23:53 - [TEST_STEP][PASSED] - click(findTestObject("Object Repository/V2/TT-363/Page_Meeting/button_Level 10")): Object: 'Object Repository/V2/TT-363/Page_Meeting/button_Level 10' is clicked on

2020-09-23 23:23:53 - [MESSAGE][PASSED] - Object: 'Object Repository/V2/TT-363/Page_Meeting/button_Level 10' is clicked on

2020-09-23 23:23:53 - [TEST_STEP][PASSED] - waitForElementVisible(findTestObject("Object Repository/V2/TT-363/Page_Meeting/input__name"), DefaultTimeout): Object 'Object Repository/V2/TT-363/Page_Meeting/input__name' is visible

2020-09-23 23:23:54 - [MESSAGE][PASSED] - Object 'Object Repository/V2/TT-363/Page_Meeting/input__name' is visible

2020-09-23 23:23:54 - [TEST_STEP][PASSED] - setText(findTestObject("Object Repository/V2/TT-363/Page_Meeting/input__name"), meetingNameS): Text 'Meeting Supervisor' is set on object 'Object Repository/V2/TT-363/Page_Meeting/input__name'

2020-09-23 23:23:54 - [MESSAGE][PASSED] - Text 'Meeting Supervisor' is set on object 'Object Repository/V2/TT-363/Page_Meeting/input__name'

2020-09-23 23:23:54 - [TEST_STEP][PASSED] - setText(findTestObject("Object Repository/V2/TT-363/Page_Meeting/input__acronym"), meetingAcronym): Text 'CL10' is set on object 'Object Repository/V2/TT-363/Page_Meeting/input__acronym'

2020-09-23 23:23:54 - [MESSAGE][PASSED] - Text 'CL10' is set on object 'Object Repository/V2/TT-363/Page_Meeting/input__acronym'

2020-09-23 23:23:54 - [TEST_STEP][PASSED] - setText(findTestObject("Object Repository/V2/TT-363/Page_Meeting/input_Meeting description (max 100 characte_8187fa"), meetingDescription): Text 'L10 Meeting' is set on object 'Object Repository/V2/TT-363/Page_Meeting/input_Meeting description (max 100 characte_8187fa'

2020-09-23 23:23:54 - [MESSAGE][PASSED] - Text 'L10 Meeting' is set on object 'Object Repository/V2/TT-363/Page_Meeting/input_Meeting description (max 100 characte_8187fa'

2020-09-23 23:23:54 - [TEST_STEP][PASSED] - click(findTestObject("Object Repository/V2/TT-363/Page_Meeting/input__typeOfMeeting")): Object: 'Object Repository/V2/TT-363/Page_Meeting/input__typeOfMeeting' is clicked on

2020-09-23 23:23:54 - [MESSAGE][PASSED] - Object: 'Object Repository/V2/TT-363/Page_Meeting/input__typeOfMeeting' is clicked on

2020-09-23 23:23:54 - [TEST_STEP][PASSED] - click(findTestObject("V2/TT-363/Page_Meeting/div_Leadership")): Object: 'Object Repository/V2/TT-363/Page_Meeting/div_Leadership' is clicked on

2020-09-23 23:23:54 - [MESSAGE][PASSED] - Object: 'Object Repository/V2/TT-363/Page_Meeting/div_Leadership' is clicked on

2020-09-23 23:23:54 - [TEST_STEP][PASSED] - click(findTestObject("Object Repository/V2/TT-363/Page_Meeting/div_Select a dayMondayTuesdayWednesdayThurs_fcb808")): Object: 'Object Repository/V2/TT-363/Page_Meeting/div_Select a dayMondayTuesdayWednesdayThurs_fcb808' is clicked on

2020-09-23 23:23:54 - [MESSAGE][PASSED] - Object: 'Object Repository/V2/TT-363/Page_Meeting/div_Select a dayMondayTuesdayWednesdayThurs_fcb808' is clicked on

2020-09-23 23:23:54 - [TEST_STEP][PASSED] - click(findTestObject("V2/TT-363/Page_Meeting/div_Monday")): Object: 'Object Repository/V2/TT-363/Page_Meeting/div_Monday' is clicked on

2020-09-23 23:23:54 - [MESSAGE][PASSED] - Object: 'Object Repository/V2/TT-363/Page_Meeting/div_Monday' is clicked on

2020-09-23 23:23:54 - [TEST_STEP][PASSED] - click(findTestObject("Object Repository/V2/TT-363/Page_Meeting/div_000")): Object: 'Object Repository/V2/TT-363/Page_Meeting/div_000' is clicked on

2020-09-23 23:23:55 - [MESSAGE][PASSED] - Object: 'Object Repository/V2/TT-363/Page_Meeting/div_000' is clicked on

2020-09-23 23:23:55 - [TEST_STEP][PASSED] - click(findTestObject("Object Repository/V2/TT-363/Page_Meeting/span_0800")): Object: 'Object Repository/V2/TT-363/Page_Meeting/span_0800' is clicked on

2020-09-23 23:23:55 - [MESSAGE][PASSED] - Object: 'Object Repository/V2/TT-363/Page_Meeting/span_0800' is clicked on

2020-09-23 23:23:55 - [TEST_STEP][PASSED] - setText(findTestObject("Object Repository/V2/TT-363/Page_Meeting/input_Video conference URL_meetingLink"), videoConference): Text 'https://yourvideoconference.com/sample' is set on object 'Object Repository/V2/TT-363/Page_Meeting/input_Video conference URL_meetingLink'

2020-09-23 23:23:55 - [MESSAGE][PASSED] - Text 'https://yourvideoconference.com/sample' is set on object 'Object Repository/V2/TT-363/Page_Meeting/input_Video conference URL_meetingLink'

2020-09-23 23:23:55 - [TEST_STEP][PASSED] - click(findTestObject("Object Repository/V2/TT-363/Page_Meeting/div_Create Meeting")): Object: 'Object Repository/V2/TT-363/Page_Meeting/div_Create Meeting' is clicked on

2020-09-23 23:23:55 - [MESSAGE][PASSED] - Object: 'Object Repository/V2/TT-363/Page_Meeting/div_Create Meeting' is clicked on

2020-09-23 23:23:55 - [TEST_STEP][PASSED] - waitForElementVisible(findTestObject("Object Repository/V2/TT-363/Page_Meeting/div_Ill do this later"), DefaultTimeout): Object 'Object Repository/V2/TT-363/Page_Meeting/div_Ill do this later' is visible

2020-09-23 23:24:02 - [MESSAGE][PASSED] - Object 'Object Repository/V2/TT-363/Page_Meeting/div_Ill do this later' is visible

2020-09-23 23:24:02 - [TEST_STEP][PASSED] - click(findTestObject("Object Repository/V2/TT-363/Page_Meeting/div_Ill do this later")): Object: 'Object Repository/V2/TT-363/Page_Meeting/div_Ill do this later' is clicked on

2020-09-23 23:24:02 - [MESSAGE][PASSED] - Object: 'Object Repository/V2/TT-363/Page_Meeting/div_Ill do this later' is clicked on

2020-09-23 23:24:02 - [TEST_STEP][PASSED] - createMeetingRecordObjSupervisor = tt_CustomKeywords.CustomKeywords.CreateDynamicElement("//div[@class="container__col detailscontainer__block"]/h2/div[text()='%s']", meetingNameS, "xpath"): Successfully created new dynamic object: //div[@class="container__col detailscontainer__block"]/h2/div[text()='Meeting Supervisor']

2020-09-23 23:24:02 - [MESSAGE][PASSED] - Successfully created new dynamic object: //div[@class="container__col detailscontainer__block"]/h2/div[text()='Meeting Supervisor']

2020-09-23 23:24:02 - [TEST_STEP][PASSED] - verifyElementPresent(createMeetingRecordObjSupervisor, DefaultTimeout): Object '' is present

2020-09-23 23:24:02 - [MESSAGE][PASSED] - Object '' is present

2020-09-23 23:24:02 - [TEST_STEP][PASSED] - delay(5): Delayed 5 second(s)

2020-09-23 23:24:07 - [MESSAGE][PASSED] - Delayed 5 second(s)

2020-09-23 23:24:07 - [MESSAGE][PASSED] - Call Test Case 'Test Cases/V2/Test Case/Tests/TT-363 - Meeting List/Positive/Supervisor/TT_363_1-1_CreateL10MeetingforMonday_Supervisor' successfully

2020-09-23 23:24:07 - [TEST_STEP][PASSED] - changeWebDriver(driver3): null

2020-09-23 23:24:07 - [TEST_STEP][PASSED] - callTestCase(findTestCase("V2/Test Case/Tests/TT-363 - Meeting List/Positive/Employee/TT_363_1-1_CreateL10MeetingforMonday_Employee"), ["username":"", "password":"", "meetingNameE":meetingNameE, "meetingAcronym":meetingAcronym, "meetingDescription":meetingDescription, ... ], STOP_ON_FAILURE): Call Test Case 'Test Cases/V2/Test Case/Tests/TT-363 - Meeting List/Positive/Employee/TT_363_1-1_CreateL10MeetingforMonday_Employee' successfully

2020-09-23 23:24:07 - [TEST_CASE][PASSED] - Test Cases/V2/Test Case/Tests/TT-363 - Meeting List/Positive/Employee/TT_363_1-1_CreateL10MeetingforMonday_Employee: Test Cases/V2/Test Case/Tests/TT-363 - Meeting List/Positive/Employee/TT_363_1-1_CreateL10MeetingforMonday_Employee

2020-09-23 23:24:07 - [TEST_STEP][NOT_RUN] - openBrowser(""): NOT_RUN: openBrowser("")

2020-09-23 23:24:07 - [MESSAGE][NOT_RUN] - NOT_RUN: openBrowser("")

2020-09-23 23:24:07 - [TEST_STEP][NOT_RUN] - maximizeWindow(): NOT_RUN: maximizeWindow()

2020-09-23 23:24:07 - [MESSAGE][NOT_RUN] - NOT_RUN: maximizeWindow()

2020-09-23 23:24:07 - [TEST_STEP][NOT_RUN] - navigateToUrl(V2Url): NOT_RUN: navigateToUrl(V2Url)

2020-09-23 23:24:07 - [MESSAGE][NOT_RUN] - NOT_RUN: navigateToUrl(V2Url)

2020-09-23 23:24:07 - [TEST_STEP][NOT_RUN] - delay(7): NOT_RUN: delay(7)

2020-09-23 23:24:07 - [MESSAGE][NOT_RUN] - NOT_RUN: delay(7)

2020-09-23 23:24:07 - [TEST_STEP][NOT_RUN] - waitForElementClickable(findTestObject("V2/TT-363/Page_Login/input__username"), 30): NOT_RUN: waitForElementClickable(findTestObject("V2/TT-363/Page_Login/input__username"), 30)

2020-09-23 23:24:07 - [MESSAGE][NOT_RUN] - NOT_RUN: waitForElementClickable(findTestObject("V2/TT-363/Page_Login/input__username"), 30)

2020-09-23 23:24:07 - [TEST_STEP][NOT_RUN] - setText(findTestObject("V2/TT-363/Page_Login/input__username"), username): NOT_RUN: setText(findTestObject("V2/TT-363/Page_Login/input__username"), username)

2020-09-23 23:24:07 - [MESSAGE][NOT_RUN] - NOT_RUN: setText(findTestObject("V2/TT-363/Page_Login/input__username"), username)

2020-09-23 23:24:07 - [TEST_STEP][NOT_RUN] - setText(findTestObject("Object Repository/V2/TT-363/Page_Login/input__password"), password): NOT_RUN: setText(findTestObject("Object Repository/V2/TT-363/Page_Login/input__password"), password)

2020-09-23 23:24:07 - [MESSAGE][NOT_RUN] - NOT_RUN: setText(findTestObject("Object Repository/V2/TT-363/Page_Login/input__password"), password)

2020-09-23 23:24:07 - [TEST_STEP][NOT_RUN] - click(findTestObject("Object Repository/V2/TT-363/Page_Login/div_Login")): NOT_RUN: click(findTestObject("Object Repository/V2/TT-363/Page_Login/div_Login"))

2020-09-23 23:24:07 - [MESSAGE][NOT_RUN] - NOT_RUN: click(findTestObject("Object Repository/V2/TT-363/Page_Login/div_Login"))

2020-09-23 23:24:07 - [TEST_STEP][PASSED] - verifyElementPresent(findTestObject("V2/TT-363/Page_Dashboard/span_Meetings"), DefaultTimeout): Object 'Object Repository/V2/TT-363/Page_Dashboard/span_Meetings' is present

2020-09-23 23:24:07 - [MESSAGE][PASSED] - Object 'Object Repository/V2/TT-363/Page_Dashboard/span_Meetings' is present

2020-09-23 23:24:07 - [TEST_STEP][PASSED] - click(findTestObject("V2/TT-363/Page_Dashboard/span_Meetings")): Object: 'Object Repository/V2/TT-363/Page_Dashboard/span_Meetings' is clicked on

2020-09-23 23:24:08 - [MESSAGE][PASSED] - Object: 'Object Repository/V2/TT-363/Page_Dashboard/span_Meetings' is clicked on

2020-09-23 23:24:08 - [TEST_STEP][PASSED] - click(findTestObject("Object Repository/V2/TT-363/Page_Meeting/div_Create a meeting")): Object: 'Object Repository/V2/TT-363/Page_Meeting/div_Create a meeting' is clicked on

2020-09-23 23:24:08 - [MESSAGE][PASSED] - Object: 'Object Repository/V2/TT-363/Page_Meeting/div_Create a meeting' is clicked on

2020-09-23 23:24:08 - [TEST_STEP][PASSED] - click(findTestObject("Object Repository/V2/TT-363/Page_Meeting/button_Level 10")): Object: 'Object Repository/V2/TT-363/Page_Meeting/button_Level 10' is clicked on

2020-09-23 23:24:08 - [MESSAGE][PASSED] - Object: 'Object Repository/V2/TT-363/Page_Meeting/button_Level 10' is clicked on

2020-09-23 23:24:08 - [TEST_STEP][PASSED] - waitForElementVisible(findTestObject("Object Repository/V2/TT-363/Page_Meeting/input__name"), DefaultTimeout): Object 'Object Repository/V2/TT-363/Page_Meeting/input__name' is visible

2020-09-23 23:24:08 - [MESSAGE][PASSED] - Object 'Object Repository/V2/TT-363/Page_Meeting/input__name' is visible

2020-09-23 23:24:08 - [TEST_STEP][PASSED] - setText(findTestObject("Object Repository/V2/TT-363/Page_Meeting/input__name"), meetingNameE): Text 'Meeting Employee' is set on object 'Object Repository/V2/TT-363/Page_Meeting/input__name'

2020-09-23 23:24:08 - [MESSAGE][PASSED] - Text 'Meeting Employee' is set on object 'Object Repository/V2/TT-363/Page_Meeting/input__name'

2020-09-23 23:24:08 - [TEST_STEP][PASSED] - setText(findTestObject("Object Repository/V2/TT-363/Page_Meeting/input__acronym"), meetingAcronym): Text 'CL10' is set on object 'Object Repository/V2/TT-363/Page_Meeting/input__acronym'

2020-09-23 23:24:08 - [MESSAGE][PASSED] - Text 'CL10' is set on object 'Object Repository/V2/TT-363/Page_Meeting/input__acronym'

2020-09-23 23:24:08 - [TEST_STEP][PASSED] - setText(findTestObject("Object Repository/V2/TT-363/Page_Meeting/input_Meeting description (max 100 characte_8187fa"), meetingDescription): Text 'L10 Meeting' is set on object 'Object Repository/V2/TT-363/Page_Meeting/input_Meeting description (max 100 characte_8187fa'

2020-09-23 23:24:09 - [MESSAGE][PASSED] - Text 'L10 Meeting' is set on object 'Object Repository/V2/TT-363/Page_Meeting/input_Meeting description (max 100 characte_8187fa'

2020-09-23 23:24:09 - [TEST_STEP][PASSED] - click(findTestObject("Object Repository/V2/TT-363/Page_Meeting/input__typeOfMeeting")): Object: 'Object Repository/V2/TT-363/Page_Meeting/input__typeOfMeeting' is clicked on

2020-09-23 23:24:09 - [MESSAGE][PASSED] - Object: 'Object Repository/V2/TT-363/Page_Meeting/input__typeOfMeeting' is clicked on

2020-09-23 23:24:09 - [TEST_STEP][PASSED] - click(findTestObject("V2/TT-363/Page_Meeting/div_Leadership")): Object: 'Object Repository/V2/TT-363/Page_Meeting/div_Leadership' is clicked on

2020-09-23 23:24:09 - [MESSAGE][PASSED] - Object: 'Object Repository/V2/TT-363/Page_Meeting/div_Leadership' is clicked on

2020-09-23 23:24:09 - [TEST_STEP][PASSED] - click(findTestObject("Object Repository/V2/TT-363/Page_Meeting/div_Select a dayMondayTuesdayWednesdayThurs_fcb808")): Object: 'Object Repository/V2/TT-363/Page_Meeting/div_Select a dayMondayTuesdayWednesdayThurs_fcb808' is clicked on

2020-09-23 23:24:09 - [MESSAGE][PASSED] - Object: 'Object Repository/V2/TT-363/Page_Meeting/div_Select a dayMondayTuesdayWednesdayThurs_fcb808' is clicked on

2020-09-23 23:24:09 - [TEST_STEP][PASSED] - click(findTestObject("V2/TT-363/Page_Meeting/div_Monday")): Object: 'Object Repository/V2/TT-363/Page_Meeting/div_Monday' is clicked on

2020-09-23 23:24:09 - [MESSAGE][PASSED] - Object: 'Object Repository/V2/TT-363/Page_Meeting/div_Monday' is clicked on

2020-09-23 23:24:09 - [TEST_STEP][PASSED] - click(findTestObject("Object Repository/V2/TT-363/Page_Meeting/div_000")): Object: 'Object Repository/V2/TT-363/Page_Meeting/div_000' is clicked on

2020-09-23 23:24:09 - [MESSAGE][PASSED] - Object: 'Object Repository/V2/TT-363/Page_Meeting/div_000' is clicked on

2020-09-23 23:24:09 - [TEST_STEP][PASSED] - click(findTestObject("Object Repository/V2/TT-363/Page_Meeting/span_0800")): Object: 'Object Repository/V2/TT-363/Page_Meeting/span_0800' is clicked on

2020-09-23 23:24:09 - [MESSAGE][PASSED] - Object: 'Object Repository/V2/TT-363/Page_Meeting/span_0800' is clicked on

2020-09-23 23:24:09 - [TEST_STEP][PASSED] - setText(findTestObject("Object Repository/V2/TT-363/Page_Meeting/input_Video conference URL_meetingLink"), videoConference): Text 'https://yourvideoconference.com/sample' is set on object 'Object Repository/V2/TT-363/Page_Meeting/input_Video conference URL_meetingLink'

2020-09-23 23:24:09 - [MESSAGE][PASSED] - Text 'https://yourvideoconference.com/sample' is set on object 'Object Repository/V2/TT-363/Page_Meeting/input_Video conference URL_meetingLink'

2020-09-23 23:24:09 - [TEST_STEP][PASSED] - click(findTestObject("Object Repository/V2/TT-363/Page_Meeting/div_Create Meeting")): Object: 'Object Repository/V2/TT-363/Page_Meeting/div_Create Meeting' is clicked on

2020-09-23 23:24:10 - [MESSAGE][PASSED] - Object: 'Object Repository/V2/TT-363/Page_Meeting/div_Create Meeting' is clicked on

2020-09-23 23:24:10 - [TEST_STEP][PASSED] - waitForElementVisible(findTestObject("Object Repository/V2/TT-363/Page_Meeting/div_Ill do this later"), DefaultTimeout): Object 'Object Repository/V2/TT-363/Page_Meeting/div_Ill do this later' is visible

2020-09-23 23:24:16 - [MESSAGE][PASSED] - Object 'Object Repository/V2/TT-363/Page_Meeting/div_Ill do this later' is visible

2020-09-23 23:24:16 - [TEST_STEP][PASSED] - click(findTestObject("Object Repository/V2/TT-363/Page_Meeting/div_Ill do this later")): Object: 'Object Repository/V2/TT-363/Page_Meeting/div_Ill do this later' is clicked on

2020-09-23 23:24:16 - [MESSAGE][PASSED] - Object: 'Object Repository/V2/TT-363/Page_Meeting/div_Ill do this later' is clicked on

2020-09-23 23:24:16 - [TEST_STEP][PASSED] - createMeetingRecordObjEmployee = tt_CustomKeywords.CustomKeywords.CreateDynamicElement("//div[@class="container__col detailscontainer__block"]/h2/div[text()='%s']", meetingNameE, "xpath"): Successfully created new dynamic object: //div[@class="container__col detailscontainer__block"]/h2/div[text()='Meeting Employee']

2020-09-23 23:24:16 - [MESSAGE][PASSED] - Successfully created new dynamic object: //div[@class="container__col detailscontainer__block"]/h2/div[text()='Meeting Employee']

2020-09-23 23:24:16 - [TEST_STEP][PASSED] - verifyElementPresent(createMeetingRecordObjEmployee, DefaultTimeout): Object '' is present

2020-09-23 23:24:16 - [MESSAGE][PASSED] - Object '' is present

2020-09-23 23:24:16 - [TEST_STEP][PASSED] - delay(5): Delayed 5 second(s)

2020-09-23 23:24:21 - [MESSAGE][PASSED] - Delayed 5 second(s)

2020-09-23 23:24:21 - [MESSAGE][PASSED] - Call Test Case 'Test Cases/V2/Test Case/Tests/TT-363 - Meeting List/Positive/Employee/TT_363_1-1_CreateL10MeetingforMonday_Employee' successfully

2020-09-23 23:24:21 - [TEST_STEP][PASSED] - changeWebDriver(driver1): null

2020-09-23 23:24:21 - [TEST_STEP][PASSED] - createMeetingRecordObjSupervisor = tt_CustomKeywords.CustomKeywords.CreateDynamicElement("//div[@class="container__col detailscontainer__block"]/h2/div[text()='%s']", meetingNameS, "xpath"): Successfully created new dynamic object: //div[@class="container__col detailscontainer__block"]/h2/div[text()='Meeting Supervisor']

2020-09-23 23:24:21 - [MESSAGE][PASSED] - Successfully created new dynamic object: //div[@class="container__col detailscontainer__block"]/h2/div[text()='Meeting Supervisor']

2020-09-23 23:24:21 - [TEST_STEP][PASSED] - verifyElementPresent(createMeetingRecordObjSupervisor, DefaultTimeout): Object '' is present

2020-09-23 23:24:21 - [MESSAGE][PASSED] - Object '' is present

2020-09-23 23:24:21 - [TEST_STEP][PASSED] - createMeetingRecordObjEmployee = tt_CustomKeywords.CustomKeywords.CreateDynamicElement("//div[@class="container__col detailscontainer__block"]/h2/div[text()='%s']", meetingNameE, "xpath"): Successfully created new dynamic object: //div[@class="container__col detailscontainer__block"]/h2/div[text()='Meeting Employee']

2020-09-23 23:24:21 - [MESSAGE][PASSED] - Successfully created new dynamic object: //div[@class="container__col detailscontainer__block"]/h2/div[text()='Meeting Employee']

2020-09-23 23:24:21 - [TEST_STEP][PASSED] - verifyElementPresent(createMeetingRecordObjEmployee, DefaultTimeout): Object '' is present

2020-09-23 23:24:21 - [MESSAGE][PASSED] - Object '' is present

2020-09-23 23:24:21 - [TEST_STEP][PASSED] - tt_CustomKeywords.CustomKeywords.CloseWebDriver(driver3): tt_CustomKeywords.CustomKeywords.CloseWebDriver is PASSED

2020-09-23 23:24:26 - [MESSAGE][PASSED] - tt_CustomKeywords.CustomKeywords.CloseWebDriver is PASSED

2020-09-23 23:24:26 - [TEST_STEP][PASSED] - tt_CustomKeywords.CustomKeywords.CloseWebDriver(driver2): tt_CustomKeywords.CustomKeywords.CloseWebDriver is PASSED

2020-09-23 23:24:31 - [MESSAGE][PASSED] - tt_CustomKeywords.CustomKeywords.CloseWebDriver is PASSED

2020-09-23 23:24:31 - [TEST_STEP][PASSED] - tt_CustomKeywords.CustomKeywords.CloseWebDriver(driver1): tt_CustomKeywords.CustomKeywords.CloseWebDriver is PASSED

2020-09-23 23:24:36 - [MESSAGE][PASSED] - tt_CustomKeywords.CustomKeywords.CloseWebDriver is PASSED]]></system-out>
         <system-err><![CDATA[]]></system-err>
      </testcase>
      <testcase name="Test Cases/V2/Test Case/Tests/TT-363 - Meeting List/Positive/TT_363_2_CreateSPMeeting_AllTestCase" time="158.98" classname="Test Cases/V2/Test Case/Tests/TT-363 - Meeting List/Positive/TT_363_2_CreateSPMeeting_AllTestCase" status="PASSED">
         <system-out><![CDATA[2020-09-23 23:24:36 - [TEST_CASE][PASSED] - Test Cases/V2/Test Case/Tests/TT-363 - Meeting List/Positive/TT_363_2_CreateSPMeeting_AllTestCase: Test Cases/V2/Test Case/Tests/TT-363 - Meeting List/Positive/TT_363_2_CreateSPMeeting_AllTestCase

2020-09-23 23:24:36 - [TEST_STEP][PASSED] - callTestCase(findTestCase("V2/Test Case/Pre-conditions/PRE_RegisterAndActivateTTUsers"), ["admin_fname":admin_fname, "lastname":lastname, "phonenumber":"9999999999", "company":"Traction Tools", "password":password, ... ], STOP_ON_FAILURE): Call Test Case 'Test Cases/V2/Test Case/Pre-conditions/PRE_RegisterAndActivateTTUsers' successfully

2020-09-23 23:24:36 - [TEST_CASE][PASSED] - Test Cases/V2/Test Case/Pre-conditions/PRE_RegisterAndActivateTTUsers: Test Cases/V2/Test Case/Pre-conditions/PRE_RegisterAndActivateTTUsers

2020-09-23 23:24:36 - [TEST_STEP][PASSED] - email = tt_CustomKeywords.CustomKeywords.GenerateRandomEmailAddress(admin_email_prefix, admin_email_domain, randomTextLength): Successfully generated a random email: tractiontools.user001+ta57cgu7@gmail.com

2020-09-23 23:24:36 - [MESSAGE][PASSED] - Successfully generated a random email: tractiontools.user001+ta57cgu7@gmail.com

2020-09-23 23:24:36 - [TEST_STEP][PASSED] - supervisor_email = tt_CustomKeywords.CustomKeywords.GenerateRandomEmailAddress(supervisor_email_prefix, supervisor_email_domain, randomTextLength): Successfully generated a random email: tractiontools.user001+ts5xymxm@gmail.com

2020-09-23 23:24:36 - [MESSAGE][PASSED] - Successfully generated a random email: tractiontools.user001+ts5xymxm@gmail.com

2020-09-23 23:24:36 - [TEST_STEP][PASSED] - employee_email = tt_CustomKeywords.CustomKeywords.GenerateRandomEmailAddress(employee_email_prefix, employee_email_domain, randomTextLength): Successfully generated a random email: tractiontools.user001+te5l1egd@gmail.com

2020-09-23 23:24:36 - [MESSAGE][PASSED] - Successfully generated a random email: tractiontools.user001+te5l1egd@gmail.com

2020-09-23 23:24:36 - [TEST_STEP][PASSED] - adminDetails = tt_CustomKeywords.CustomKeywords.RegisterUserViaAPIAndGenerateActivateURL(email, admin_fname, lastname, phonenumber, company, "__JSON__{\"howDidYouHearAboutUs\":\"Facebook\",\"implementer\":\"\",\"existingTractionToolsClient\":\"\",\"other\":\"\"}", "__JSON__{\"timeZone\":\"America/Guatemala\",\"brandColor\":\"#023047\",\"q1Start\":null,\"q1End\":null,\"q2Start\":null,\"q2End\":null,\"q3Start\":null,\"q3End\":null,\"q4Start\":null,\"q4End\":null,\"quarterDatesSetsRocks\":false,\"exportUsers\":false,\"exportRocks\":false,\"exportRocksIncludesMilestones\":false,\"exportScorecards\":false,\"exportTodos\":false,\"exportTodosIncludesNotes\":false,\"exportPeopleHeadlines\":false,\"exportPeopleHeadlinesIncludesNotes\":false,\"exportIssues\":false,\"exportIssuesIncludesNotes\":false,\"exportContextAwareTodos\":false,\"dateFormat\":\"MM/DD/YYYY\",\"timeFormat\":\"h:mma\",\"numberFormat\":\"-1,000.99\",\"supervisorsArchiveRestoreUsers\":false,\"supervisorsEditPositions\":false,\"milestonesAvailableToAll\":false,\"customMeetingTemplatesEnabled\":false,\"receiveTodoReminders\":false,\"todoReminderTime\":\"13:00\",\"todoReminderTimeZone\":\"America/Guatemala\",\"todoReminderFrequency\":\"DAILY\",\"vtoMeetingId\":\"\",\"vtoDisplayMode\":\"ALL\",\"coreValues\":[{\"id\":\"1\",\"text\":\"\"},{\"id\":\"2\",\"text\":\"\"},{\"id\":\"3\",\"text\":\"\"}]}", password, V2Url): SUCCESFFULLY registered a new user via API. 
 Generated Activation Link: 
http://local.traction.tools:5000/activate?activationKey=a47381c0-1605-4ac1-b65e-8a3015a9acaf&userId=a0ba5dc8-8552-d238-d62b-726d8b4b37b9&orgId=4cba5dc8-83e1-8081-56b2-8a7654d061a8&email=tractiontools.user001+ta57cgu7@gmail.com&teamsId=86ba5dc8-8440-e101-23e0-4a17313d81e6&meetingsId=caba5dc8-8428-16fd-ae9d-62b24c494ce1&adminsId=26ba5dc8-8635-c162-65c9-c09f0ade59c0&usersId=acba5dc8-8457-d3a6-7db0-e64f03ac6cf9&supervisorsId=a0ba5dc8-8410-9aa4-d222-204f9b64a566&accountabilityChartId=a6ba5dc8-846a-edd2-0e97-d6fc02f56d3b&isCreator=1

2020-09-23 23:24:41 - [MESSAGE][PASSED] - SUCCESFFULLY registered a new user via API. 
 Generated Activation Link: 
http://local.traction.tools:5000/activate?activationKey=a47381c0-1605-4ac1-b65e-8a3015a9acaf&userId=a0ba5dc8-8552-d238-d62b-726d8b4b37b9&orgId=4cba5dc8-83e1-8081-56b2-8a7654d061a8&email=tractiontools.user001+ta57cgu7@gmail.com&teamsId=86ba5dc8-8440-e101-23e0-4a17313d81e6&meetingsId=caba5dc8-8428-16fd-ae9d-62b24c494ce1&adminsId=26ba5dc8-8635-c162-65c9-c09f0ade59c0&usersId=acba5dc8-8457-d3a6-7db0-e64f03ac6cf9&supervisorsId=a0ba5dc8-8410-9aa4-d222-204f9b64a566&accountabilityChartId=a6ba5dc8-846a-edd2-0e97-d6fc02f56d3b&isCreator=1

2020-09-23 23:24:41 - [TEST_STEP][PASSED] - activationURL = adminDetails[0]: null

2020-09-23 23:24:41 - [TEST_STEP][PASSED] - orgID = adminDetails[1]: null

2020-09-23 23:24:41 - [TEST_STEP][PASSED] - out.println("URL: " + activationURL): null

2020-09-23 23:24:41 - [TEST_STEP][PASSED] - out.println("orgID: " + orgID): null

2020-09-23 23:24:41 - [TEST_STEP][PASSED] - supervisorUser_name = supervisor_fname + " " + lastname: null

2020-09-23 23:24:41 - [TEST_STEP][PASSED] - openBrowser(""): Browser is opened with url: ''

2020-09-23 23:24:41 - [MESSAGE][INFO] - Starting 'Chrome' driver

2020-09-23 23:24:41 - [MESSAGE][INFO] - Action delay is set to 0 milliseconds

2020-09-23 23:24:44 - [MESSAGE][PASSED] - Browser is opened with url: ''

2020-09-23 23:24:44 - [TEST_STEP][PASSED] - maximizeWindow(): Current window maximized

2020-09-23 23:24:46 - [MESSAGE][PASSED] - Current window maximized

2020-09-23 23:24:46 - [TEST_STEP][PASSED] - callTestCase(findTestCase("V2/Test Case/Pre-conditions/PRE_ActivateNewUser"), ["activationURL":activationURL, "email":email, "password":password], STOP_ON_FAILURE): Call Test Case 'Test Cases/V2/Test Case/Pre-conditions/PRE_ActivateNewUser' successfully

2020-09-23 23:24:46 - [TEST_CASE][PASSED] - Test Cases/V2/Test Case/Pre-conditions/PRE_ActivateNewUser: Test Cases/V2/Test Case/Pre-conditions/PRE_ActivateNewUser

2020-09-23 23:24:46 - [TEST_STEP][PASSED] - navigateToUrl(activationURL): Navigate to 'http://local.traction.tools:5000/activate?activationKey=a47381c0-1605-4ac1-b65e-8a3015a9acaf&userId=a0ba5dc8-8552-d238-d62b-726d8b4b37b9&orgId=4cba5dc8-83e1-8081-56b2-8a7654d061a8&email=tractiontools.user001+ta57cgu7@gmail.com&teamsId=86ba5dc8-8440-e101-23e0-4a17313d81e6&meetingsId=caba5dc8-8428-16fd-ae9d-62b24c494ce1&adminsId=26ba5dc8-8635-c162-65c9-c09f0ade59c0&usersId=acba5dc8-8457-d3a6-7db0-e64f03ac6cf9&supervisorsId=a0ba5dc8-8410-9aa4-d222-204f9b64a566&accountabilityChartId=a6ba5dc8-846a-edd2-0e97-d6fc02f56d3b&isCreator=1' successfully

2020-09-23 23:24:47 - [MESSAGE][PASSED] - Navigate to 'http://local.traction.tools:5000/activate?activationKey=a47381c0-1605-4ac1-b65e-8a3015a9acaf&userId=a0ba5dc8-8552-d238-d62b-726d8b4b37b9&orgId=4cba5dc8-83e1-8081-56b2-8a7654d061a8&email=tractiontools.user001+ta57cgu7@gmail.com&teamsId=86ba5dc8-8440-e101-23e0-4a17313d81e6&meetingsId=caba5dc8-8428-16fd-ae9d-62b24c494ce1&adminsId=26ba5dc8-8635-c162-65c9-c09f0ade59c0&usersId=acba5dc8-8457-d3a6-7db0-e64f03ac6cf9&supervisorsId=a0ba5dc8-8410-9aa4-d222-204f9b64a566&accountabilityChartId=a6ba5dc8-846a-edd2-0e97-d6fc02f56d3b&isCreator=1' successfully

2020-09-23 23:24:47 - [TEST_STEP][PASSED] - waitForElementVisible(findTestObject("V2/Commons/ActivationPage/input_Email_email"), DefaultTimeout): Object 'Object Repository/V2/Commons/ActivationPage/input_Email_email' is visible

2020-09-23 23:24:49 - [MESSAGE][PASSED] - Object 'Object Repository/V2/Commons/ActivationPage/input_Email_email' is visible

2020-09-23 23:24:49 - [TEST_STEP][PASSED] - actual_email = getAttribute(findTestObject("Object Repository/V2/Commons/ActivationPage/input_Email_email"), "value"): Attribute 'value' of object 'Object Repository/V2/Commons/ActivationPage/input_Email_email' is: 'tractiontools.user001+ta57cgu7@gmail.com'

2020-09-23 23:24:49 - [MESSAGE][PASSED] - Attribute 'value' of object 'Object Repository/V2/Commons/ActivationPage/input_Email_email' is: 'tractiontools.user001+ta57cgu7@gmail.com'

2020-09-23 23:24:49 - [TEST_STEP][PASSED] - verifyMatch(actual_email, email, false): Actual text 'tractiontools.user001+ta57cgu7@gmail.com' and expected text 'tractiontools.user001+ta57cgu7@gmail.com' are matched 

2020-09-23 23:24:49 - [MESSAGE][PASSED] - Actual text 'tractiontools.user001+ta57cgu7@gmail.com' and expected text 'tractiontools.user001+ta57cgu7@gmail.com' are matched 

2020-09-23 23:24:49 - [TEST_STEP][PASSED] - setText(findTestObject("V2/Commons/ActivationPage/input_password"), password): Text 'Qwer123!' is set on object 'Object Repository/V2/Commons/ActivationPage/input_password'

2020-09-23 23:24:50 - [MESSAGE][PASSED] - Text 'Qwer123!' is set on object 'Object Repository/V2/Commons/ActivationPage/input_password'

2020-09-23 23:24:50 - [TEST_STEP][PASSED] - setText(findTestObject("Object Repository/V2/Commons/ActivationPage/input__passwordRepeat"), password): Text 'Qwer123!' is set on object 'Object Repository/V2/Commons/ActivationPage/input__passwordRepeat'

2020-09-23 23:24:51 - [MESSAGE][PASSED] - Text 'Qwer123!' is set on object 'Object Repository/V2/Commons/ActivationPage/input__passwordRepeat'

2020-09-23 23:24:51 - [TEST_STEP][PASSED] - click(findTestObject("V2/Commons/ActivationPage/input_termsandconditions")): Object: 'Object Repository/V2/Commons/ActivationPage/input_termsandconditions' is clicked on

2020-09-23 23:24:51 - [MESSAGE][PASSED] - Object: 'Object Repository/V2/Commons/ActivationPage/input_termsandconditions' is clicked on

2020-09-23 23:24:51 - [TEST_STEP][PASSED] - click(findTestObject("Object Repository/V2/Commons/ActivationPage/div_Create account")): Object: 'Object Repository/V2/Commons/ActivationPage/div_Create account' is clicked on

2020-09-23 23:24:52 - [MESSAGE][PASSED] - Object: 'Object Repository/V2/Commons/ActivationPage/div_Create account' is clicked on

2020-09-23 23:24:52 - [TEST_STEP][PASSED] - waitForElementPresent(findTestObject("V2/Commons/DasboardPage_SidebarMenu/img_Home_logo-big"), DefaultTimeout): Object 'Object Repository/V2/Commons/DasboardPage_SidebarMenu/img_Home_logo-big' is present

2020-09-23 23:24:57 - [MESSAGE][PASSED] - Object 'Object Repository/V2/Commons/DasboardPage_SidebarMenu/img_Home_logo-big' is present

2020-09-23 23:24:57 - [TEST_STEP][PASSED] - verifyElementPresent(findTestObject("V2/Commons/DasboardPage_SidebarMenu/img_Home_logo-big"), 0): Object 'Object Repository/V2/Commons/DasboardPage_SidebarMenu/img_Home_logo-big' is present

2020-09-23 23:24:57 - [MESSAGE][WARNING] - Timeout '0' is invalid. Using default page load timeout: '30'

2020-09-23 23:24:58 - [MESSAGE][PASSED] - Object 'Object Repository/V2/Commons/DasboardPage_SidebarMenu/img_Home_logo-big' is present

2020-09-23 23:24:58 - [MESSAGE][PASSED] - Call Test Case 'Test Cases/V2/Test Case/Pre-conditions/PRE_ActivateNewUser' successfully

2020-09-23 23:24:58 - [TEST_STEP][PASSED] - callTestCase(findTestCase("V2/Test Case/Pre-conditions/PRE_SkipCompanyAndPersonalProfileSetup"), [:], STOP_ON_FAILURE): Call Test Case 'Test Cases/V2/Test Case/Pre-conditions/PRE_SkipCompanyAndPersonalProfileSetup' successfully

2020-09-23 23:24:58 - [TEST_CASE][PASSED] - Test Cases/V2/Test Case/Pre-conditions/PRE_SkipCompanyAndPersonalProfileSetup: Test Cases/V2/Test Case/Pre-conditions/PRE_SkipCompanyAndPersonalProfileSetup

2020-09-23 23:24:58 - [TEST_STEP][PASSED] - waitForElementVisible(findTestObject("V2/Commons/FirstUpdateCompanyAndPersonalInfoModal/confirmCompanyInfoHeader_h1"), DefaultTimeout): Object 'Object Repository/V2/Commons/FirstUpdateCompanyAndPersonalInfoModal/confirmCompanyInfoHeader_h1' is visible

2020-09-23 23:24:58 - [MESSAGE][PASSED] - Object 'Object Repository/V2/Commons/FirstUpdateCompanyAndPersonalInfoModal/confirmCompanyInfoHeader_h1' is visible

2020-09-23 23:24:58 - [TEST_STEP][PASSED] - click(findTestObject("V2/Commons/FirstUpdateCompanyAndPersonalInfoModal/confirmInfoSkip_button")): Object: 'Object Repository/V2/Commons/FirstUpdateCompanyAndPersonalInfoModal/confirmInfoSkip_button' is clicked on

2020-09-23 23:24:58 - [MESSAGE][PASSED] - Object: 'Object Repository/V2/Commons/FirstUpdateCompanyAndPersonalInfoModal/confirmInfoSkip_button' is clicked on

2020-09-23 23:24:58 - [TEST_STEP][PASSED] - waitForElementVisible(findTestObject("V2/Commons/FirstUpdateCompanyAndPersonalInfoModal/confirmPersonalInfoHeader_h1"), DefaultTimeout): Object 'Object Repository/V2/Commons/FirstUpdateCompanyAndPersonalInfoModal/confirmPersonalInfoHeader_h1' is visible

2020-09-23 23:24:59 - [MESSAGE][PASSED] - Object 'Object Repository/V2/Commons/FirstUpdateCompanyAndPersonalInfoModal/confirmPersonalInfoHeader_h1' is visible

2020-09-23 23:24:59 - [TEST_STEP][PASSED] - click(findTestObject("V2/Commons/FirstUpdateCompanyAndPersonalInfoModal/confirmInfoSkip_button")): Object: 'Object Repository/V2/Commons/FirstUpdateCompanyAndPersonalInfoModal/confirmInfoSkip_button' is clicked on

2020-09-23 23:24:59 - [MESSAGE][PASSED] - Object: 'Object Repository/V2/Commons/FirstUpdateCompanyAndPersonalInfoModal/confirmInfoSkip_button' is clicked on

2020-09-23 23:24:59 - [TEST_STEP][PASSED] - waitForElementVisible(findTestObject("V2/Commons/FirstUpdateCompanyAndPersonalInfoModal/letsGetStarted_button"), DefaultTimeout): Object 'Object Repository/V2/Commons/FirstUpdateCompanyAndPersonalInfoModal/letsGetStarted_button' is visible

2020-09-23 23:25:00 - [MESSAGE][PASSED] - Object 'Object Repository/V2/Commons/FirstUpdateCompanyAndPersonalInfoModal/letsGetStarted_button' is visible

2020-09-23 23:25:00 - [TEST_STEP][PASSED] - click(findTestObject("V2/Commons/FirstUpdateCompanyAndPersonalInfoModal/letsGetStarted_button")): Object: 'Object Repository/V2/Commons/FirstUpdateCompanyAndPersonalInfoModal/letsGetStarted_button' is clicked on

2020-09-23 23:25:01 - [MESSAGE][PASSED] - Object: 'Object Repository/V2/Commons/FirstUpdateCompanyAndPersonalInfoModal/letsGetStarted_button' is clicked on

2020-09-23 23:25:01 - [MESSAGE][PASSED] - Call Test Case 'Test Cases/V2/Test Case/Pre-conditions/PRE_SkipCompanyAndPersonalProfileSetup' successfully

2020-09-23 23:25:01 - [TEST_STEP][PASSED] - supervisor_activationURL = tt_CustomKeywords.CustomKeywords.RegisterAndActivateSupervisorUserViaAPI(V2Url, orgID, supervisor_email, password, email, password, supervisor_fname, lastname): SUCCESFFULLY registered a new user via API. 
 Generated Activation Link: 
http://local.traction.tools:5000/activate?activationKey=56b9451d-70d5-4a2d-a132-07a0e388884b&userId=90ba5dc8-af21-86bc-a9f9-c92e797e39c4&orgId=4cba5dc8-83e1-8081-56b2-8a7654d061a8&email=tractiontools.user001+ts5xymxm@gmail.com&isCreator=0

2020-09-23 23:25:02 - [MESSAGE][PASSED] - SUCCESFFULLY registered a new user via API. 
 Generated Activation Link: 
http://local.traction.tools:5000/activate?activationKey=56b9451d-70d5-4a2d-a132-07a0e388884b&userId=90ba5dc8-af21-86bc-a9f9-c92e797e39c4&orgId=4cba5dc8-83e1-8081-56b2-8a7654d061a8&email=tractiontools.user001+ts5xymxm@gmail.com&isCreator=0

2020-09-23 23:25:02 - [TEST_STEP][PASSED] - callTestCase(findTestCase("V2/Test Case/Pre-conditions/PRE_ChangeUserPermissionViaManageUser"), ["showMenuItemsPath":"//div[@class='usercard__detail_container']/div[text()='%s']/ancestor::div[contains(@class,'usercard__content')]//button[@aria-label='Show Menu Items']", "user_email":supervisor_email, ... ], STOP_ON_FAILURE): Call Test Case 'Test Cases/V2/Test Case/Pre-conditions/PRE_ChangeUserPermissionViaManageUser' successfully

2020-09-23 23:25:02 - [TEST_CASE][PASSED] - Test Cases/V2/Test Case/Pre-conditions/PRE_ChangeUserPermissionViaManageUser: Test Cases/V2/Test Case/Pre-conditions/PRE_ChangeUserPermissionViaManageUser

2020-09-23 23:25:02 - [TEST_STEP][PASSED] - click(findTestObject("Object Repository/V2/Commons/ManageUsersPage/span_Company Settings")): Object: 'Object Repository/V2/Commons/ManageUsersPage/span_Company Settings' is clicked on

2020-09-23 23:25:02 - [MESSAGE][PASSED] - Object: 'Object Repository/V2/Commons/ManageUsersPage/span_Company Settings' is clicked on

2020-09-23 23:25:02 - [TEST_STEP][PASSED] - click(findTestObject("V2/Commons/DasboardPage_SidebarMenu/a_Manage Users")): Object: 'Object Repository/V2/Commons/DasboardPage_SidebarMenu/a_Manage Users' is clicked on

2020-09-23 23:25:03 - [MESSAGE][PASSED] - Object: 'Object Repository/V2/Commons/DasboardPage_SidebarMenu/a_Manage Users' is clicked on

2020-09-23 23:25:03 - [TEST_STEP][PASSED] - showMenuItemsObj = tt_CustomKeywords.CustomKeywords.CreateDynamicElement(showMenuItemsPath, user_email, "xpath"): Successfully created new dynamic object: //div[@class='usercard__detail_container']/div[text()='tractiontools.user001+ts5xymxm@gmail.com']/ancestor::div[contains(@class,'usercard__content')]//button[@aria-label='Show Menu Items']

2020-09-23 23:25:03 - [MESSAGE][PASSED] - Successfully created new dynamic object: //div[@class='usercard__detail_container']/div[text()='tractiontools.user001+ts5xymxm@gmail.com']/ancestor::div[contains(@class,'usercard__content')]//button[@aria-label='Show Menu Items']

2020-09-23 23:25:03 - [TEST_STEP][PASSED] - click(showMenuItemsObj): Object: '' is clicked on

2020-09-23 23:25:03 - [MESSAGE][PASSED] - Object: '' is clicked on

2020-09-23 23:25:03 - [TEST_STEP][PASSED] - click(findTestObject("Object Repository/V2/Commons/ManageUsersPage/div_Edit user")): Object: 'Object Repository/V2/Commons/ManageUsersPage/div_Edit user' is clicked on

2020-09-23 23:25:04 - [MESSAGE][PASSED] - Object: 'Object Repository/V2/Commons/ManageUsersPage/div_Edit user' is clicked on

2020-09-23 23:25:04 - [TEST_STEP][PASSED] - verifyElementPresent(findTestObject("V2/Commons/ManageUsersPage/div_PositionTitle"), DefaultTimeout): Object 'Object Repository/V2/Commons/ManageUsersPage/div_PositionTitle' is present

2020-09-23 23:25:04 - [MESSAGE][PASSED] - Object 'Object Repository/V2/Commons/ManageUsersPage/div_PositionTitle' is present

2020-09-23 23:25:04 - [TEST_STEP][PASSED] - setText(findTestObject("V2/Commons/ManageUsersPage/position_title_input"), position_title): Text 'QA Manager' is set on object 'Object Repository/V2/Commons/ManageUsersPage/position_title_input'

2020-09-23 23:25:05 - [MESSAGE][PASSED] - Text 'QA Manager' is set on object 'Object Repository/V2/Commons/ManageUsersPage/position_title_input'

2020-09-23 23:25:05 - [TEST_STEP][PASSED] - sendKeys(findTestObject("V2/Commons/ManageUsersPage/position_title_input"), Keys.chord(ENTER)): Keys 'ENTER + ' sent to object: 'Object Repository/V2/Commons/ManageUsersPage/position_title_input'

2020-09-23 23:25:06 - [MESSAGE][PASSED] - Keys 'ENTER + ' sent to object: 'Object Repository/V2/Commons/ManageUsersPage/position_title_input'

2020-09-23 23:25:06 - [TEST_STEP][PASSED] - if (permissionValue == "Employee"): null

2020-09-23 23:25:06 - [TEST_STEP][PASSED] - verifyElementPresent(findTestObject("Object Repository/V2/Commons/ManageUsersPage/div_User type"), DefaultTimeout): Object 'Object Repository/V2/Commons/ManageUsersPage/div_User type' is present

2020-09-23 23:25:06 - [MESSAGE][PASSED] - Object 'Object Repository/V2/Commons/ManageUsersPage/div_User type' is present

2020-09-23 23:25:06 - [TEST_STEP][PASSED] - click(findTestObject("Object Repository/V2/Commons/ManageUsersPage/input__orgRole")): Object: 'Object Repository/V2/Commons/ManageUsersPage/input__orgRole' is clicked on

2020-09-23 23:25:06 - [MESSAGE][PASSED] - Object: 'Object Repository/V2/Commons/ManageUsersPage/input__orgRole' is clicked on

2020-09-23 23:25:06 - [TEST_STEP][PASSED] - roleOptionObj = tt_CustomKeywords.CustomKeywords.CreateDynamicElement(roleOption, permissionValue, "xpath"): Successfully created new dynamic object: //span[text()='Supervisor']/parent::div[@role='option']

2020-09-23 23:25:06 - [MESSAGE][PASSED] - Successfully created new dynamic object: //span[text()='Supervisor']/parent::div[@role='option']

2020-09-23 23:25:06 - [TEST_STEP][PASSED] - click(roleOptionObj): Object: '' is clicked on

2020-09-23 23:25:07 - [MESSAGE][PASSED] - Object: '' is clicked on

2020-09-23 23:25:07 - [TEST_STEP][PASSED] - click(findTestObject("Object Repository/V2/Commons/ManageUsersPage/div_Save")): Object: 'Object Repository/V2/Commons/ManageUsersPage/div_Save' is clicked on

2020-09-23 23:25:07 - [MESSAGE][PASSED] - Object: 'Object Repository/V2/Commons/ManageUsersPage/div_Save' is clicked on

2020-09-23 23:25:07 - [TEST_STEP][PASSED] - waitForElementVisible(findTestObject("V2/Commons/ManageUsersPage/h3_User Saved"), DefaultTimeout): Object 'Object Repository/V2/Commons/ManageUsersPage/h3_User Saved' is visible

2020-09-23 23:25:10 - [MESSAGE][PASSED] - Object 'Object Repository/V2/Commons/ManageUsersPage/h3_User Saved' is visible

2020-09-23 23:25:10 - [TEST_STEP][PASSED] - verifyElementVisible(findTestObject("Object Repository/V2/Commons/ManageUsersPage/h3_User Saved")): Object 'Object Repository/V2/Commons/ManageUsersPage/h3_User Saved' is visible

2020-09-23 23:25:11 - [MESSAGE][PASSED] - Object 'Object Repository/V2/Commons/ManageUsersPage/h3_User Saved' is visible

2020-09-23 23:25:11 - [MESSAGE][PASSED] - Call Test Case 'Test Cases/V2/Test Case/Pre-conditions/PRE_ChangeUserPermissionViaManageUser' successfully

2020-09-23 23:25:11 - [TEST_STEP][PASSED] - employee_activationURL = tt_CustomKeywords.CustomKeywords.RegisterAndActivateSupervisorUserViaAPI(V2Url, orgID, employee_email, password, email, password, employee_fname, lastname): SUCCESFFULLY registered a new user via API. 
 Generated Activation Link: 
http://local.traction.tools:5000/activate?activationKey=58919e96-cd1e-495e-b77e-db9aca369e60&userId=b8ba5dc8-c2b6-9d0e-b67b-7350944655a9&orgId=4cba5dc8-83e1-8081-56b2-8a7654d061a8&email=tractiontools.user001+te5l1egd@gmail.com&isCreator=0

2020-09-23 23:25:12 - [MESSAGE][PASSED] - SUCCESFFULLY registered a new user via API. 
 Generated Activation Link: 
http://local.traction.tools:5000/activate?activationKey=58919e96-cd1e-495e-b77e-db9aca369e60&userId=b8ba5dc8-c2b6-9d0e-b67b-7350944655a9&orgId=4cba5dc8-83e1-8081-56b2-8a7654d061a8&email=tractiontools.user001+te5l1egd@gmail.com&isCreator=0

2020-09-23 23:25:12 - [TEST_STEP][PASSED] - callTestCase(findTestCase("V2/Test Case/Pre-conditions/PRE_ChangeUserPermissionViaManageUser"), ["showMenuItemsPath":"//div[@class='usercard__detail_container']/div[text()='%s']/ancestor::div[contains(@class,'usercard__content')]//button[@aria-label='Show Menu Items']", "user_email":employee_email, ... ], STOP_ON_FAILURE): Call Test Case 'Test Cases/V2/Test Case/Pre-conditions/PRE_ChangeUserPermissionViaManageUser' successfully

2020-09-23 23:25:12 - [TEST_CASE][PASSED] - Test Cases/V2/Test Case/Pre-conditions/PRE_ChangeUserPermissionViaManageUser: Test Cases/V2/Test Case/Pre-conditions/PRE_ChangeUserPermissionViaManageUser

2020-09-23 23:25:12 - [TEST_STEP][PASSED] - click(findTestObject("Object Repository/V2/Commons/ManageUsersPage/span_Company Settings")): Object: 'Object Repository/V2/Commons/ManageUsersPage/span_Company Settings' is clicked on

2020-09-23 23:25:12 - [MESSAGE][PASSED] - Object: 'Object Repository/V2/Commons/ManageUsersPage/span_Company Settings' is clicked on

2020-09-23 23:25:12 - [TEST_STEP][PASSED] - click(findTestObject("V2/Commons/DasboardPage_SidebarMenu/a_Manage Users")): Object: 'Object Repository/V2/Commons/DasboardPage_SidebarMenu/a_Manage Users' is clicked on

2020-09-23 23:25:13 - [MESSAGE][PASSED] - Object: 'Object Repository/V2/Commons/DasboardPage_SidebarMenu/a_Manage Users' is clicked on

2020-09-23 23:25:13 - [TEST_STEP][PASSED] - showMenuItemsObj = tt_CustomKeywords.CustomKeywords.CreateDynamicElement(showMenuItemsPath, user_email, "xpath"): Successfully created new dynamic object: //div[@class='usercard__detail_container']/div[text()='tractiontools.user001+te5l1egd@gmail.com']/ancestor::div[contains(@class,'usercard__content')]//button[@aria-label='Show Menu Items']

2020-09-23 23:25:13 - [MESSAGE][PASSED] - Successfully created new dynamic object: //div[@class='usercard__detail_container']/div[text()='tractiontools.user001+te5l1egd@gmail.com']/ancestor::div[contains(@class,'usercard__content')]//button[@aria-label='Show Menu Items']

2020-09-23 23:25:13 - [TEST_STEP][PASSED] - click(showMenuItemsObj): Object: '' is clicked on

2020-09-23 23:25:13 - [MESSAGE][PASSED] - Object: '' is clicked on

2020-09-23 23:25:13 - [TEST_STEP][PASSED] - click(findTestObject("Object Repository/V2/Commons/ManageUsersPage/div_Edit user")): Object: 'Object Repository/V2/Commons/ManageUsersPage/div_Edit user' is clicked on

2020-09-23 23:25:14 - [MESSAGE][PASSED] - Object: 'Object Repository/V2/Commons/ManageUsersPage/div_Edit user' is clicked on

2020-09-23 23:25:14 - [TEST_STEP][PASSED] - verifyElementPresent(findTestObject("V2/Commons/ManageUsersPage/div_PositionTitle"), DefaultTimeout): Object 'Object Repository/V2/Commons/ManageUsersPage/div_PositionTitle' is present

2020-09-23 23:25:14 - [MESSAGE][PASSED] - Object 'Object Repository/V2/Commons/ManageUsersPage/div_PositionTitle' is present

2020-09-23 23:25:14 - [TEST_STEP][PASSED] - setText(findTestObject("V2/Commons/ManageUsersPage/position_title_input"), position_title): Text 'Quality Assurance' is set on object 'Object Repository/V2/Commons/ManageUsersPage/position_title_input'

2020-09-23 23:25:15 - [MESSAGE][PASSED] - Text 'Quality Assurance' is set on object 'Object Repository/V2/Commons/ManageUsersPage/position_title_input'

2020-09-23 23:25:15 - [TEST_STEP][PASSED] - sendKeys(findTestObject("V2/Commons/ManageUsersPage/position_title_input"), Keys.chord(ENTER)): Keys 'ENTER + ' sent to object: 'Object Repository/V2/Commons/ManageUsersPage/position_title_input'

2020-09-23 23:25:15 - [MESSAGE][PASSED] - Keys 'ENTER + ' sent to object: 'Object Repository/V2/Commons/ManageUsersPage/position_title_input'

2020-09-23 23:25:15 - [TEST_STEP][PASSED] - if (permissionValue == "Employee"): Keys 'ENTER + ' sent to object: 'Object Repository/V2/Commons/ManageUsersPage/supervisor_input'

2020-09-23 23:25:15 - [TEST_STEP][PASSED] - verifyElementPresent(findTestObject("V2/Commons/ManageUsersPage/supervisor_input"), DefaultTimeout): Object 'Object Repository/V2/Commons/ManageUsersPage/supervisor_input' is present

2020-09-23 23:25:16 - [MESSAGE][PASSED] - Object 'Object Repository/V2/Commons/ManageUsersPage/supervisor_input' is present

2020-09-23 23:25:16 - [TEST_STEP][PASSED] - setText(findTestObject("V2/Commons/ManageUsersPage/supervisor_input"), user_supervisorName): Text 'Supervisor User' is set on object 'Object Repository/V2/Commons/ManageUsersPage/supervisor_input'

2020-09-23 23:25:16 - [MESSAGE][PASSED] - Text 'Supervisor User' is set on object 'Object Repository/V2/Commons/ManageUsersPage/supervisor_input'

2020-09-23 23:25:16 - [TEST_STEP][PASSED] - sendKeys(findTestObject("V2/Commons/ManageUsersPage/supervisor_input"), Keys.chord(ENTER)): Keys 'ENTER + ' sent to object: 'Object Repository/V2/Commons/ManageUsersPage/supervisor_input'

2020-09-23 23:25:17 - [MESSAGE][PASSED] - Keys 'ENTER + ' sent to object: 'Object Repository/V2/Commons/ManageUsersPage/supervisor_input'

2020-09-23 23:25:17 - [TEST_STEP][PASSED] - verifyElementPresent(findTestObject("Object Repository/V2/Commons/ManageUsersPage/div_User type"), DefaultTimeout): Object 'Object Repository/V2/Commons/ManageUsersPage/div_User type' is present

2020-09-23 23:25:17 - [MESSAGE][PASSED] - Object 'Object Repository/V2/Commons/ManageUsersPage/div_User type' is present

2020-09-23 23:25:17 - [TEST_STEP][PASSED] - click(findTestObject("Object Repository/V2/Commons/ManageUsersPage/input__orgRole")): Object: 'Object Repository/V2/Commons/ManageUsersPage/input__orgRole' is clicked on

2020-09-23 23:25:18 - [MESSAGE][PASSED] - Object: 'Object Repository/V2/Commons/ManageUsersPage/input__orgRole' is clicked on

2020-09-23 23:25:18 - [TEST_STEP][PASSED] - roleOptionObj = tt_CustomKeywords.CustomKeywords.CreateDynamicElement(roleOption, permissionValue, "xpath"): Successfully created new dynamic object: //span[text()='Employee']/parent::div[@role='option']

2020-09-23 23:25:18 - [MESSAGE][PASSED] - Successfully created new dynamic object: //span[text()='Employee']/parent::div[@role='option']

2020-09-23 23:25:18 - [TEST_STEP][PASSED] - click(roleOptionObj): Object: '' is clicked on

2020-09-23 23:25:18 - [MESSAGE][PASSED] - Object: '' is clicked on

2020-09-23 23:25:18 - [TEST_STEP][PASSED] - click(findTestObject("Object Repository/V2/Commons/ManageUsersPage/div_Save")): Object: 'Object Repository/V2/Commons/ManageUsersPage/div_Save' is clicked on

2020-09-23 23:25:19 - [MESSAGE][PASSED] - Object: 'Object Repository/V2/Commons/ManageUsersPage/div_Save' is clicked on

2020-09-23 23:25:19 - [TEST_STEP][PASSED] - waitForElementVisible(findTestObject("V2/Commons/ManageUsersPage/h3_User Saved"), DefaultTimeout): Object 'Object Repository/V2/Commons/ManageUsersPage/h3_User Saved' is visible

2020-09-23 23:25:22 - [MESSAGE][PASSED] - Object 'Object Repository/V2/Commons/ManageUsersPage/h3_User Saved' is visible

2020-09-23 23:25:22 - [TEST_STEP][PASSED] - verifyElementVisible(findTestObject("Object Repository/V2/Commons/ManageUsersPage/h3_User Saved")): Object 'Object Repository/V2/Commons/ManageUsersPage/h3_User Saved' is visible

2020-09-23 23:25:22 - [MESSAGE][PASSED] - Object 'Object Repository/V2/Commons/ManageUsersPage/h3_User Saved' is visible

2020-09-23 23:25:22 - [MESSAGE][PASSED] - Call Test Case 'Test Cases/V2/Test Case/Pre-conditions/PRE_ChangeUserPermissionViaManageUser' successfully

2020-09-23 23:25:22 - [TEST_STEP][PASSED] - callTestCase(findTestCase("V2/Test Case/Pre-conditions/PRE_ActivateNewUser"), ["activationURL":supervisor_activationURL, "email":supervisor_email, "password":password], STOP_ON_FAILURE): Call Test Case 'Test Cases/V2/Test Case/Pre-conditions/PRE_ActivateNewUser' successfully

2020-09-23 23:25:23 - [TEST_CASE][PASSED] - Test Cases/V2/Test Case/Pre-conditions/PRE_ActivateNewUser: Test Cases/V2/Test Case/Pre-conditions/PRE_ActivateNewUser

2020-09-23 23:25:23 - [TEST_STEP][PASSED] - navigateToUrl(activationURL): Navigate to 'http://local.traction.tools:5000/activate?activationKey=56b9451d-70d5-4a2d-a132-07a0e388884b&userId=90ba5dc8-af21-86bc-a9f9-c92e797e39c4&orgId=4cba5dc8-83e1-8081-56b2-8a7654d061a8&email=tractiontools.user001+ts5xymxm@gmail.com&isCreator=0' successfully

2020-09-23 23:25:24 - [MESSAGE][PASSED] - Navigate to 'http://local.traction.tools:5000/activate?activationKey=56b9451d-70d5-4a2d-a132-07a0e388884b&userId=90ba5dc8-af21-86bc-a9f9-c92e797e39c4&orgId=4cba5dc8-83e1-8081-56b2-8a7654d061a8&email=tractiontools.user001+ts5xymxm@gmail.com&isCreator=0' successfully

2020-09-23 23:25:24 - [TEST_STEP][PASSED] - waitForElementVisible(findTestObject("V2/Commons/ActivationPage/input_Email_email"), DefaultTimeout): Object 'Object Repository/V2/Commons/ActivationPage/input_Email_email' is visible

2020-09-23 23:25:26 - [MESSAGE][PASSED] - Object 'Object Repository/V2/Commons/ActivationPage/input_Email_email' is visible

2020-09-23 23:25:26 - [TEST_STEP][PASSED] - actual_email = getAttribute(findTestObject("Object Repository/V2/Commons/ActivationPage/input_Email_email"), "value"): Attribute 'value' of object 'Object Repository/V2/Commons/ActivationPage/input_Email_email' is: 'tractiontools.user001+ts5xymxm@gmail.com'

2020-09-23 23:25:26 - [MESSAGE][PASSED] - Attribute 'value' of object 'Object Repository/V2/Commons/ActivationPage/input_Email_email' is: 'tractiontools.user001+ts5xymxm@gmail.com'

2020-09-23 23:25:26 - [TEST_STEP][PASSED] - verifyMatch(actual_email, email, false): Actual text 'tractiontools.user001+ts5xymxm@gmail.com' and expected text 'tractiontools.user001+ts5xymxm@gmail.com' are matched 

2020-09-23 23:25:26 - [MESSAGE][PASSED] - Actual text 'tractiontools.user001+ts5xymxm@gmail.com' and expected text 'tractiontools.user001+ts5xymxm@gmail.com' are matched 

2020-09-23 23:25:26 - [TEST_STEP][PASSED] - setText(findTestObject("V2/Commons/ActivationPage/input_password"), password): Text 'Qwer123!' is set on object 'Object Repository/V2/Commons/ActivationPage/input_password'

2020-09-23 23:25:26 - [MESSAGE][PASSED] - Text 'Qwer123!' is set on object 'Object Repository/V2/Commons/ActivationPage/input_password'

2020-09-23 23:25:26 - [TEST_STEP][PASSED] - setText(findTestObject("Object Repository/V2/Commons/ActivationPage/input__passwordRepeat"), password): Text 'Qwer123!' is set on object 'Object Repository/V2/Commons/ActivationPage/input__passwordRepeat'

2020-09-23 23:25:27 - [MESSAGE][PASSED] - Text 'Qwer123!' is set on object 'Object Repository/V2/Commons/ActivationPage/input__passwordRepeat'

2020-09-23 23:25:27 - [TEST_STEP][PASSED] - click(findTestObject("V2/Commons/ActivationPage/input_termsandconditions")): Object: 'Object Repository/V2/Commons/ActivationPage/input_termsandconditions' is clicked on

2020-09-23 23:25:28 - [MESSAGE][PASSED] - Object: 'Object Repository/V2/Commons/ActivationPage/input_termsandconditions' is clicked on

2020-09-23 23:25:28 - [TEST_STEP][PASSED] - click(findTestObject("Object Repository/V2/Commons/ActivationPage/div_Create account")): Object: 'Object Repository/V2/Commons/ActivationPage/div_Create account' is clicked on

2020-09-23 23:25:28 - [MESSAGE][PASSED] - Object: 'Object Repository/V2/Commons/ActivationPage/div_Create account' is clicked on

2020-09-23 23:25:28 - [TEST_STEP][PASSED] - waitForElementPresent(findTestObject("V2/Commons/DasboardPage_SidebarMenu/img_Home_logo-big"), DefaultTimeout): Object 'Object Repository/V2/Commons/DasboardPage_SidebarMenu/img_Home_logo-big' is present

2020-09-23 23:25:32 - [MESSAGE][PASSED] - Object 'Object Repository/V2/Commons/DasboardPage_SidebarMenu/img_Home_logo-big' is present

2020-09-23 23:25:32 - [TEST_STEP][PASSED] - verifyElementPresent(findTestObject("V2/Commons/DasboardPage_SidebarMenu/img_Home_logo-big"), 0): Object 'Object Repository/V2/Commons/DasboardPage_SidebarMenu/img_Home_logo-big' is present

2020-09-23 23:25:32 - [MESSAGE][WARNING] - Timeout '0' is invalid. Using default page load timeout: '30'

2020-09-23 23:25:32 - [MESSAGE][PASSED] - Object 'Object Repository/V2/Commons/DasboardPage_SidebarMenu/img_Home_logo-big' is present

2020-09-23 23:25:32 - [MESSAGE][PASSED] - Call Test Case 'Test Cases/V2/Test Case/Pre-conditions/PRE_ActivateNewUser' successfully

2020-09-23 23:25:32 - [TEST_STEP][PASSED] - callTestCase(findTestCase("V2/Test Case/Pre-conditions/PRE_SkipPersonalProfileSetup"), [:], STOP_ON_FAILURE): Call Test Case 'Test Cases/V2/Test Case/Pre-conditions/PRE_SkipPersonalProfileSetup' successfully

2020-09-23 23:25:32 - [TEST_CASE][PASSED] - Test Cases/V2/Test Case/Pre-conditions/PRE_SkipPersonalProfileSetup: Test Cases/V2/Test Case/Pre-conditions/PRE_SkipPersonalProfileSetup

2020-09-23 23:25:32 - [TEST_STEP][PASSED] - waitForElementVisible(findTestObject("V2/Commons/FirstUpdateCompanyAndPersonalInfoModal/confirmPersonalInfoHeader_h1"), DefaultTimeout): Object 'Object Repository/V2/Commons/FirstUpdateCompanyAndPersonalInfoModal/confirmPersonalInfoHeader_h1' is visible

2020-09-23 23:25:32 - [MESSAGE][PASSED] - Object 'Object Repository/V2/Commons/FirstUpdateCompanyAndPersonalInfoModal/confirmPersonalInfoHeader_h1' is visible

2020-09-23 23:25:32 - [TEST_STEP][PASSED] - click(findTestObject("V2/Commons/FirstUpdateCompanyAndPersonalInfoModal/confirmInfoSkip_button")): Object: 'Object Repository/V2/Commons/FirstUpdateCompanyAndPersonalInfoModal/confirmInfoSkip_button' is clicked on

2020-09-23 23:25:33 - [MESSAGE][PASSED] - Object: 'Object Repository/V2/Commons/FirstUpdateCompanyAndPersonalInfoModal/confirmInfoSkip_button' is clicked on

2020-09-23 23:25:33 - [TEST_STEP][PASSED] - waitForElementVisible(findTestObject("V2/Commons/FirstUpdateCompanyAndPersonalInfoModal/letsGetStarted_button"), DefaultTimeout): Object 'Object Repository/V2/Commons/FirstUpdateCompanyAndPersonalInfoModal/letsGetStarted_button' is visible

2020-09-23 23:25:33 - [MESSAGE][PASSED] - Object 'Object Repository/V2/Commons/FirstUpdateCompanyAndPersonalInfoModal/letsGetStarted_button' is visible

2020-09-23 23:25:33 - [TEST_STEP][PASSED] - click(findTestObject("V2/Commons/FirstUpdateCompanyAndPersonalInfoModal/letsGetStarted_button")): Object: 'Object Repository/V2/Commons/FirstUpdateCompanyAndPersonalInfoModal/letsGetStarted_button' is clicked on

2020-09-23 23:25:34 - [MESSAGE][PASSED] - Object: 'Object Repository/V2/Commons/FirstUpdateCompanyAndPersonalInfoModal/letsGetStarted_button' is clicked on

2020-09-23 23:25:34 - [MESSAGE][PASSED] - Call Test Case 'Test Cases/V2/Test Case/Pre-conditions/PRE_SkipPersonalProfileSetup' successfully

2020-09-23 23:25:34 - [TEST_STEP][PASSED] - callTestCase(findTestCase("V2/Test Case/Pre-conditions/PRE_ActivateNewUser"), ["activationURL":employee_activationURL, "email":employee_email, "password":password], STOP_ON_FAILURE): Call Test Case 'Test Cases/V2/Test Case/Pre-conditions/PRE_ActivateNewUser' successfully

2020-09-23 23:25:34 - [TEST_CASE][PASSED] - Test Cases/V2/Test Case/Pre-conditions/PRE_ActivateNewUser: Test Cases/V2/Test Case/Pre-conditions/PRE_ActivateNewUser

2020-09-23 23:25:34 - [TEST_STEP][PASSED] - navigateToUrl(activationURL): Navigate to 'http://local.traction.tools:5000/activate?activationKey=58919e96-cd1e-495e-b77e-db9aca369e60&userId=b8ba5dc8-c2b6-9d0e-b67b-7350944655a9&orgId=4cba5dc8-83e1-8081-56b2-8a7654d061a8&email=tractiontools.user001+te5l1egd@gmail.com&isCreator=0' successfully

2020-09-23 23:25:35 - [MESSAGE][PASSED] - Navigate to 'http://local.traction.tools:5000/activate?activationKey=58919e96-cd1e-495e-b77e-db9aca369e60&userId=b8ba5dc8-c2b6-9d0e-b67b-7350944655a9&orgId=4cba5dc8-83e1-8081-56b2-8a7654d061a8&email=tractiontools.user001+te5l1egd@gmail.com&isCreator=0' successfully

2020-09-23 23:25:35 - [TEST_STEP][PASSED] - waitForElementVisible(findTestObject("V2/Commons/ActivationPage/input_Email_email"), DefaultTimeout): Object 'Object Repository/V2/Commons/ActivationPage/input_Email_email' is visible

2020-09-23 23:25:36 - [MESSAGE][PASSED] - Object 'Object Repository/V2/Commons/ActivationPage/input_Email_email' is visible

2020-09-23 23:25:36 - [TEST_STEP][PASSED] - actual_email = getAttribute(findTestObject("Object Repository/V2/Commons/ActivationPage/input_Email_email"), "value"): Attribute 'value' of object 'Object Repository/V2/Commons/ActivationPage/input_Email_email' is: 'tractiontools.user001+te5l1egd@gmail.com'

2020-09-23 23:25:37 - [MESSAGE][PASSED] - Attribute 'value' of object 'Object Repository/V2/Commons/ActivationPage/input_Email_email' is: 'tractiontools.user001+te5l1egd@gmail.com'

2020-09-23 23:25:37 - [TEST_STEP][PASSED] - verifyMatch(actual_email, email, false): Actual text 'tractiontools.user001+te5l1egd@gmail.com' and expected text 'tractiontools.user001+te5l1egd@gmail.com' are matched 

2020-09-23 23:25:37 - [MESSAGE][PASSED] - Actual text 'tractiontools.user001+te5l1egd@gmail.com' and expected text 'tractiontools.user001+te5l1egd@gmail.com' are matched 

2020-09-23 23:25:37 - [TEST_STEP][PASSED] - setText(findTestObject("V2/Commons/ActivationPage/input_password"), password): Text 'Qwer123!' is set on object 'Object Repository/V2/Commons/ActivationPage/input_password'

2020-09-23 23:25:37 - [MESSAGE][PASSED] - Text 'Qwer123!' is set on object 'Object Repository/V2/Commons/ActivationPage/input_password'

2020-09-23 23:25:37 - [TEST_STEP][PASSED] - setText(findTestObject("Object Repository/V2/Commons/ActivationPage/input__passwordRepeat"), password): Text 'Qwer123!' is set on object 'Object Repository/V2/Commons/ActivationPage/input__passwordRepeat'

2020-09-23 23:25:38 - [MESSAGE][PASSED] - Text 'Qwer123!' is set on object 'Object Repository/V2/Commons/ActivationPage/input__passwordRepeat'

2020-09-23 23:25:38 - [TEST_STEP][PASSED] - click(findTestObject("V2/Commons/ActivationPage/input_termsandconditions")): Object: 'Object Repository/V2/Commons/ActivationPage/input_termsandconditions' is clicked on

2020-09-23 23:25:38 - [MESSAGE][PASSED] - Object: 'Object Repository/V2/Commons/ActivationPage/input_termsandconditions' is clicked on

2020-09-23 23:25:38 - [TEST_STEP][PASSED] - click(findTestObject("Object Repository/V2/Commons/ActivationPage/div_Create account")): Object: 'Object Repository/V2/Commons/ActivationPage/div_Create account' is clicked on

2020-09-23 23:25:39 - [MESSAGE][PASSED] - Object: 'Object Repository/V2/Commons/ActivationPage/div_Create account' is clicked on

2020-09-23 23:25:39 - [TEST_STEP][PASSED] - waitForElementPresent(findTestObject("V2/Commons/DasboardPage_SidebarMenu/img_Home_logo-big"), DefaultTimeout): Object 'Object Repository/V2/Commons/DasboardPage_SidebarMenu/img_Home_logo-big' is present

2020-09-23 23:25:42 - [MESSAGE][PASSED] - Object 'Object Repository/V2/Commons/DasboardPage_SidebarMenu/img_Home_logo-big' is present

2020-09-23 23:25:42 - [TEST_STEP][PASSED] - verifyElementPresent(findTestObject("V2/Commons/DasboardPage_SidebarMenu/img_Home_logo-big"), 0): Object 'Object Repository/V2/Commons/DasboardPage_SidebarMenu/img_Home_logo-big' is present

2020-09-23 23:25:42 - [MESSAGE][WARNING] - Timeout '0' is invalid. Using default page load timeout: '30'

2020-09-23 23:25:43 - [MESSAGE][PASSED] - Object 'Object Repository/V2/Commons/DasboardPage_SidebarMenu/img_Home_logo-big' is present

2020-09-23 23:25:43 - [MESSAGE][PASSED] - Call Test Case 'Test Cases/V2/Test Case/Pre-conditions/PRE_ActivateNewUser' successfully

2020-09-23 23:25:43 - [TEST_STEP][PASSED] - callTestCase(findTestCase("V2/Test Case/Pre-conditions/PRE_SkipPersonalProfileSetup"), [:], STOP_ON_FAILURE): Call Test Case 'Test Cases/V2/Test Case/Pre-conditions/PRE_SkipPersonalProfileSetup' successfully

2020-09-23 23:25:43 - [TEST_CASE][PASSED] - Test Cases/V2/Test Case/Pre-conditions/PRE_SkipPersonalProfileSetup: Test Cases/V2/Test Case/Pre-conditions/PRE_SkipPersonalProfileSetup

2020-09-23 23:25:43 - [TEST_STEP][PASSED] - waitForElementVisible(findTestObject("V2/Commons/FirstUpdateCompanyAndPersonalInfoModal/confirmPersonalInfoHeader_h1"), DefaultTimeout): Object 'Object Repository/V2/Commons/FirstUpdateCompanyAndPersonalInfoModal/confirmPersonalInfoHeader_h1' is visible

2020-09-23 23:25:43 - [MESSAGE][PASSED] - Object 'Object Repository/V2/Commons/FirstUpdateCompanyAndPersonalInfoModal/confirmPersonalInfoHeader_h1' is visible

2020-09-23 23:25:43 - [TEST_STEP][PASSED] - click(findTestObject("V2/Commons/FirstUpdateCompanyAndPersonalInfoModal/confirmInfoSkip_button")): Object: 'Object Repository/V2/Commons/FirstUpdateCompanyAndPersonalInfoModal/confirmInfoSkip_button' is clicked on

2020-09-23 23:25:43 - [MESSAGE][PASSED] - Object: 'Object Repository/V2/Commons/FirstUpdateCompanyAndPersonalInfoModal/confirmInfoSkip_button' is clicked on

2020-09-23 23:25:43 - [TEST_STEP][PASSED] - waitForElementVisible(findTestObject("V2/Commons/FirstUpdateCompanyAndPersonalInfoModal/letsGetStarted_button"), DefaultTimeout): Object 'Object Repository/V2/Commons/FirstUpdateCompanyAndPersonalInfoModal/letsGetStarted_button' is visible

2020-09-23 23:25:44 - [MESSAGE][PASSED] - Object 'Object Repository/V2/Commons/FirstUpdateCompanyAndPersonalInfoModal/letsGetStarted_button' is visible

2020-09-23 23:25:44 - [TEST_STEP][PASSED] - click(findTestObject("V2/Commons/FirstUpdateCompanyAndPersonalInfoModal/letsGetStarted_button")): Object: 'Object Repository/V2/Commons/FirstUpdateCompanyAndPersonalInfoModal/letsGetStarted_button' is clicked on

2020-09-23 23:25:44 - [MESSAGE][PASSED] - Object: 'Object Repository/V2/Commons/FirstUpdateCompanyAndPersonalInfoModal/letsGetStarted_button' is clicked on

2020-09-23 23:25:44 - [MESSAGE][PASSED] - Call Test Case 'Test Cases/V2/Test Case/Pre-conditions/PRE_SkipPersonalProfileSetup' successfully

2020-09-23 23:25:44 - [MESSAGE][PASSED] - Call Test Case 'Test Cases/V2/Test Case/Pre-conditions/PRE_RegisterAndActivateTTUsers' successfully

2020-09-23 23:25:44 - [TEST_STEP][PASSED] - closeBrowser(): Browser is closed

2020-09-23 23:25:45 - [MESSAGE][PASSED] - Browser is closed

2020-09-23 23:25:45 - [TEST_STEP][PASSED] - path = System.getProperty("user.dir"): null

2020-09-23 23:25:45 - [TEST_STEP][PASSED] - System.setProperty("webdriver.chrome.driver", getChromeDriverPath()): null

2020-09-23 23:25:45 - [TEST_STEP][PASSED] - driver1 = new org.openqa.selenium.chrome.ChromeDriver(): null

2020-09-23 23:25:48 - [TEST_STEP][PASSED] - changeWebDriver(driver1): null

2020-09-23 23:25:48 - [TEST_STEP][PASSED] - maximizeWindow(): Current window maximized

2020-09-23 23:25:50 - [MESSAGE][PASSED] - Current window maximized

2020-09-23 23:25:50 - [TEST_STEP][PASSED] - navigateToUrl(V2Url): Navigate to 'http://local.traction.tools:5000' successfully

2020-09-23 23:25:51 - [MESSAGE][PASSED] - Navigate to 'http://local.traction.tools:5000' successfully

2020-09-23 23:25:51 - [TEST_STEP][PASSED] - callTestCase(findTestCase("V2/Test Case/Pre-conditions/PRE_LoginToTractionToolsApplication"), ["username":email, "password":password], STOP_ON_FAILURE): Call Test Case 'Test Cases/V2/Test Case/Pre-conditions/PRE_LoginToTractionToolsApplication' successfully

2020-09-23 23:25:51 - [TEST_CASE][PASSED] - Test Cases/V2/Test Case/Pre-conditions/PRE_LoginToTractionToolsApplication: Test Cases/V2/Test Case/Pre-conditions/PRE_LoginToTractionToolsApplication

2020-09-23 23:25:51 - [TEST_STEP][PASSED] - waitForElementVisible(findTestObject("V2/Commons/LoginPage/input__username"), DefaultTimeout): Object 'Object Repository/V2/Commons/LoginPage/input__username' is visible

2020-09-23 23:25:53 - [MESSAGE][PASSED] - Object 'Object Repository/V2/Commons/LoginPage/input__username' is visible

2020-09-23 23:25:53 - [TEST_STEP][PASSED] - waitForElementVisible(findTestObject("V2/Commons/LoginPage/input__password"), DefaultTimeout): Object 'Object Repository/V2/Commons/LoginPage/input__password' is visible

2020-09-23 23:25:53 - [MESSAGE][PASSED] - Object 'Object Repository/V2/Commons/LoginPage/input__password' is visible

2020-09-23 23:25:53 - [TEST_STEP][PASSED] - setText(findTestObject("V2/Commons/LoginPage/input__username"), username): Text 'tractiontools.user001+ta57cgu7@gmail.com' is set on object 'Object Repository/V2/Commons/LoginPage/input__username'

2020-09-23 23:25:53 - [MESSAGE][PASSED] - Text 'tractiontools.user001+ta57cgu7@gmail.com' is set on object 'Object Repository/V2/Commons/LoginPage/input__username'

2020-09-23 23:25:53 - [TEST_STEP][PASSED] - setText(findTestObject("V2/Commons/LoginPage/input__password"), password): Text 'Qwer123!' is set on object 'Object Repository/V2/Commons/LoginPage/input__password'

2020-09-23 23:25:53 - [MESSAGE][PASSED] - Text 'Qwer123!' is set on object 'Object Repository/V2/Commons/LoginPage/input__password'

2020-09-23 23:25:53 - [TEST_STEP][PASSED] - click(findTestObject("V2/Commons/LoginPage/div_Login")): Object: 'Object Repository/V2/Commons/LoginPage/div_Login' is clicked on

2020-09-23 23:25:53 - [MESSAGE][PASSED] - Object: 'Object Repository/V2/Commons/LoginPage/div_Login' is clicked on

2020-09-23 23:25:53 - [TEST_STEP][PASSED] - waitForElementVisible(findTestObject("V2/Commons/DasboardPage_SidebarMenu/img_Home_logo-big"), DefaultTimeout): Object 'Object Repository/V2/Commons/DasboardPage_SidebarMenu/img_Home_logo-big' is visible

2020-09-23 23:25:56 - [MESSAGE][PASSED] - Object 'Object Repository/V2/Commons/DasboardPage_SidebarMenu/img_Home_logo-big' is visible

2020-09-23 23:25:56 - [TEST_STEP][PASSED] - verifyElementVisible(findTestObject("V2/Commons/DasboardPage_SidebarMenu/img_Home_logo-big"), STOP_ON_FAILURE): Object 'Object Repository/V2/Commons/DasboardPage_SidebarMenu/img_Home_logo-big' is visible

2020-09-23 23:25:56 - [MESSAGE][PASSED] - Object 'Object Repository/V2/Commons/DasboardPage_SidebarMenu/img_Home_logo-big' is visible

2020-09-23 23:25:56 - [MESSAGE][PASSED] - Call Test Case 'Test Cases/V2/Test Case/Pre-conditions/PRE_LoginToTractionToolsApplication' successfully

2020-09-23 23:25:56 - [TEST_STEP][PASSED] - driver2 = new org.openqa.selenium.chrome.ChromeDriver(): null

2020-09-23 23:25:59 - [TEST_STEP][PASSED] - changeWebDriver(driver2): null

2020-09-23 23:25:59 - [TEST_STEP][PASSED] - maximizeWindow(): Current window maximized

2020-09-23 23:26:02 - [MESSAGE][PASSED] - Current window maximized

2020-09-23 23:26:02 - [TEST_STEP][PASSED] - navigateToUrl(V2Url): Navigate to 'http://local.traction.tools:5000' successfully

2020-09-23 23:26:02 - [MESSAGE][PASSED] - Navigate to 'http://local.traction.tools:5000' successfully

2020-09-23 23:26:02 - [TEST_STEP][PASSED] - callTestCase(findTestCase("V2/Test Case/Pre-conditions/PRE_LoginToTractionToolsApplication"), ["username":supervisor_email, "password":password], STOP_ON_FAILURE): Call Test Case 'Test Cases/V2/Test Case/Pre-conditions/PRE_LoginToTractionToolsApplication' successfully

2020-09-23 23:26:02 - [TEST_CASE][PASSED] - Test Cases/V2/Test Case/Pre-conditions/PRE_LoginToTractionToolsApplication: Test Cases/V2/Test Case/Pre-conditions/PRE_LoginToTractionToolsApplication

2020-09-23 23:26:02 - [TEST_STEP][PASSED] - waitForElementVisible(findTestObject("V2/Commons/LoginPage/input__username"), DefaultTimeout): Object 'Object Repository/V2/Commons/LoginPage/input__username' is visible

2020-09-23 23:26:04 - [MESSAGE][PASSED] - Object 'Object Repository/V2/Commons/LoginPage/input__username' is visible

2020-09-23 23:26:04 - [TEST_STEP][PASSED] - waitForElementVisible(findTestObject("V2/Commons/LoginPage/input__password"), DefaultTimeout): Object 'Object Repository/V2/Commons/LoginPage/input__password' is visible

2020-09-23 23:26:04 - [MESSAGE][PASSED] - Object 'Object Repository/V2/Commons/LoginPage/input__password' is visible

2020-09-23 23:26:04 - [TEST_STEP][PASSED] - setText(findTestObject("V2/Commons/LoginPage/input__username"), username): Text 'tractiontools.user001+ts5xymxm@gmail.com' is set on object 'Object Repository/V2/Commons/LoginPage/input__username'

2020-09-23 23:26:04 - [MESSAGE][PASSED] - Text 'tractiontools.user001+ts5xymxm@gmail.com' is set on object 'Object Repository/V2/Commons/LoginPage/input__username'

2020-09-23 23:26:04 - [TEST_STEP][PASSED] - setText(findTestObject("V2/Commons/LoginPage/input__password"), password): Text 'Qwer123!' is set on object 'Object Repository/V2/Commons/LoginPage/input__password'

2020-09-23 23:26:04 - [MESSAGE][PASSED] - Text 'Qwer123!' is set on object 'Object Repository/V2/Commons/LoginPage/input__password'

2020-09-23 23:26:04 - [TEST_STEP][PASSED] - click(findTestObject("V2/Commons/LoginPage/div_Login")): Object: 'Object Repository/V2/Commons/LoginPage/div_Login' is clicked on

2020-09-23 23:26:04 - [MESSAGE][PASSED] - Object: 'Object Repository/V2/Commons/LoginPage/div_Login' is clicked on

2020-09-23 23:26:04 - [TEST_STEP][PASSED] - waitForElementVisible(findTestObject("V2/Commons/DasboardPage_SidebarMenu/img_Home_logo-big"), DefaultTimeout): Object 'Object Repository/V2/Commons/DasboardPage_SidebarMenu/img_Home_logo-big' is visible

2020-09-23 23:26:07 - [MESSAGE][PASSED] - Object 'Object Repository/V2/Commons/DasboardPage_SidebarMenu/img_Home_logo-big' is visible

2020-09-23 23:26:07 - [TEST_STEP][PASSED] - verifyElementVisible(findTestObject("V2/Commons/DasboardPage_SidebarMenu/img_Home_logo-big"), STOP_ON_FAILURE): Object 'Object Repository/V2/Commons/DasboardPage_SidebarMenu/img_Home_logo-big' is visible

2020-09-23 23:26:07 - [MESSAGE][PASSED] - Object 'Object Repository/V2/Commons/DasboardPage_SidebarMenu/img_Home_logo-big' is visible

2020-09-23 23:26:07 - [MESSAGE][PASSED] - Call Test Case 'Test Cases/V2/Test Case/Pre-conditions/PRE_LoginToTractionToolsApplication' successfully

2020-09-23 23:26:07 - [TEST_STEP][PASSED] - driver3 = new org.openqa.selenium.chrome.ChromeDriver(): null

2020-09-23 23:26:10 - [TEST_STEP][PASSED] - changeWebDriver(driver3): null

2020-09-23 23:26:10 - [TEST_STEP][PASSED] - maximizeWindow(): Current window maximized

2020-09-23 23:26:13 - [MESSAGE][PASSED] - Current window maximized

2020-09-23 23:26:13 - [TEST_STEP][PASSED] - navigateToUrl(V2Url): Navigate to 'http://local.traction.tools:5000' successfully

2020-09-23 23:26:14 - [MESSAGE][PASSED] - Navigate to 'http://local.traction.tools:5000' successfully

2020-09-23 23:26:14 - [TEST_STEP][PASSED] - callTestCase(findTestCase("V2/Test Case/Pre-conditions/PRE_LoginToTractionToolsApplication"), ["username":employee_email, "password":password], STOP_ON_FAILURE): Call Test Case 'Test Cases/V2/Test Case/Pre-conditions/PRE_LoginToTractionToolsApplication' successfully

2020-09-23 23:26:14 - [TEST_CASE][PASSED] - Test Cases/V2/Test Case/Pre-conditions/PRE_LoginToTractionToolsApplication: Test Cases/V2/Test Case/Pre-conditions/PRE_LoginToTractionToolsApplication

2020-09-23 23:26:14 - [TEST_STEP][PASSED] - waitForElementVisible(findTestObject("V2/Commons/LoginPage/input__username"), DefaultTimeout): Object 'Object Repository/V2/Commons/LoginPage/input__username' is visible

2020-09-23 23:26:15 - [MESSAGE][PASSED] - Object 'Object Repository/V2/Commons/LoginPage/input__username' is visible

2020-09-23 23:26:15 - [TEST_STEP][PASSED] - waitForElementVisible(findTestObject("V2/Commons/LoginPage/input__password"), DefaultTimeout): Object 'Object Repository/V2/Commons/LoginPage/input__password' is visible

2020-09-23 23:26:15 - [MESSAGE][PASSED] - Object 'Object Repository/V2/Commons/LoginPage/input__password' is visible

2020-09-23 23:26:15 - [TEST_STEP][PASSED] - setText(findTestObject("V2/Commons/LoginPage/input__username"), username): Text 'tractiontools.user001+te5l1egd@gmail.com' is set on object 'Object Repository/V2/Commons/LoginPage/input__username'

2020-09-23 23:26:15 - [MESSAGE][PASSED] - Text 'tractiontools.user001+te5l1egd@gmail.com' is set on object 'Object Repository/V2/Commons/LoginPage/input__username'

2020-09-23 23:26:15 - [TEST_STEP][PASSED] - setText(findTestObject("V2/Commons/LoginPage/input__password"), password): Text 'Qwer123!' is set on object 'Object Repository/V2/Commons/LoginPage/input__password'

2020-09-23 23:26:16 - [MESSAGE][PASSED] - Text 'Qwer123!' is set on object 'Object Repository/V2/Commons/LoginPage/input__password'

2020-09-23 23:26:16 - [TEST_STEP][PASSED] - click(findTestObject("V2/Commons/LoginPage/div_Login")): Object: 'Object Repository/V2/Commons/LoginPage/div_Login' is clicked on

2020-09-23 23:26:16 - [MESSAGE][PASSED] - Object: 'Object Repository/V2/Commons/LoginPage/div_Login' is clicked on

2020-09-23 23:26:16 - [TEST_STEP][PASSED] - waitForElementVisible(findTestObject("V2/Commons/DasboardPage_SidebarMenu/img_Home_logo-big"), DefaultTimeout): Object 'Object Repository/V2/Commons/DasboardPage_SidebarMenu/img_Home_logo-big' is visible

2020-09-23 23:26:18 - [MESSAGE][PASSED] - Object 'Object Repository/V2/Commons/DasboardPage_SidebarMenu/img_Home_logo-big' is visible

2020-09-23 23:26:18 - [TEST_STEP][PASSED] - verifyElementVisible(findTestObject("V2/Commons/DasboardPage_SidebarMenu/img_Home_logo-big"), STOP_ON_FAILURE): Object 'Object Repository/V2/Commons/DasboardPage_SidebarMenu/img_Home_logo-big' is visible

2020-09-23 23:26:18 - [MESSAGE][PASSED] - Object 'Object Repository/V2/Commons/DasboardPage_SidebarMenu/img_Home_logo-big' is visible

2020-09-23 23:26:18 - [MESSAGE][PASSED] - Call Test Case 'Test Cases/V2/Test Case/Pre-conditions/PRE_LoginToTractionToolsApplication' successfully

2020-09-23 23:26:18 - [TEST_STEP][PASSED] - changeWebDriver(driver1): null

2020-09-23 23:26:18 - [TEST_STEP][PASSED] - callTestCase(findTestCase("V2/Test Case/Tests/TT-363 - Meeting List/Positive/Admin/TT_363_24_CreateSPMeeting_Admin"), ["username":"", "password":"", "meetingName":meetingName, "meetingAcronym":meetingAcronym, "meetingDescription":meetingDescription, ... ], STOP_ON_FAILURE): Call Test Case 'Test Cases/V2/Test Case/Tests/TT-363 - Meeting List/Positive/Admin/TT_363_24_CreateSPMeeting_Admin' successfully

2020-09-23 23:26:18 - [TEST_CASE][PASSED] - Test Cases/V2/Test Case/Tests/TT-363 - Meeting List/Positive/Admin/TT_363_24_CreateSPMeeting_Admin: Test Cases/V2/Test Case/Tests/TT-363 - Meeting List/Positive/Admin/TT_363_24_CreateSPMeeting_Admin

2020-09-23 23:26:18 - [TEST_STEP][NOT_RUN] - openBrowser(""): NOT_RUN: openBrowser("")

2020-09-23 23:26:18 - [MESSAGE][NOT_RUN] - NOT_RUN: openBrowser("")

2020-09-23 23:26:18 - [TEST_STEP][NOT_RUN] - maximizeWindow(): NOT_RUN: maximizeWindow()

2020-09-23 23:26:18 - [MESSAGE][NOT_RUN] - NOT_RUN: maximizeWindow()

2020-09-23 23:26:18 - [TEST_STEP][NOT_RUN] - navigateToUrl(V2Url): NOT_RUN: navigateToUrl(V2Url)

2020-09-23 23:26:18 - [MESSAGE][NOT_RUN] - NOT_RUN: navigateToUrl(V2Url)

2020-09-23 23:26:18 - [TEST_STEP][NOT_RUN] - delay(7): NOT_RUN: delay(7)

2020-09-23 23:26:18 - [MESSAGE][NOT_RUN] - NOT_RUN: delay(7)

2020-09-23 23:26:18 - [TEST_STEP][NOT_RUN] - waitForElementClickable(findTestObject("V2/TT-363/Page_Login/input__username"), 30): NOT_RUN: waitForElementClickable(findTestObject("V2/TT-363/Page_Login/input__username"), 30)

2020-09-23 23:26:18 - [MESSAGE][NOT_RUN] - NOT_RUN: waitForElementClickable(findTestObject("V2/TT-363/Page_Login/input__username"), 30)

2020-09-23 23:26:18 - [TEST_STEP][NOT_RUN] - setText(findTestObject("V2/TT-363/Page_Login/input__username"), username): NOT_RUN: setText(findTestObject("V2/TT-363/Page_Login/input__username"), username)

2020-09-23 23:26:18 - [MESSAGE][NOT_RUN] - NOT_RUN: setText(findTestObject("V2/TT-363/Page_Login/input__username"), username)

2020-09-23 23:26:18 - [TEST_STEP][NOT_RUN] - setText(findTestObject("Object Repository/V2/TT-363/Page_Login/input__password"), password): NOT_RUN: setText(findTestObject("Object Repository/V2/TT-363/Page_Login/input__password"), password)

2020-09-23 23:26:18 - [MESSAGE][NOT_RUN] - NOT_RUN: setText(findTestObject("Object Repository/V2/TT-363/Page_Login/input__password"), password)

2020-09-23 23:26:18 - [TEST_STEP][NOT_RUN] - click(findTestObject("Object Repository/V2/TT-363/Page_Login/div_Login")): NOT_RUN: click(findTestObject("Object Repository/V2/TT-363/Page_Login/div_Login"))

2020-09-23 23:26:18 - [MESSAGE][NOT_RUN] - NOT_RUN: click(findTestObject("Object Repository/V2/TT-363/Page_Login/div_Login"))

2020-09-23 23:26:18 - [TEST_STEP][PASSED] - verifyElementPresent(findTestObject("V2/TT-363/Page_Dashboard/span_Meetings"), DefaultTimeout): Object 'Object Repository/V2/TT-363/Page_Dashboard/span_Meetings' is present

2020-09-23 23:26:18 - [MESSAGE][PASSED] - Object 'Object Repository/V2/TT-363/Page_Dashboard/span_Meetings' is present

2020-09-23 23:26:18 - [TEST_STEP][PASSED] - click(findTestObject("V2/TT-363/Page_Dashboard/span_Meetings")): Object: 'Object Repository/V2/TT-363/Page_Dashboard/span_Meetings' is clicked on

2020-09-23 23:26:18 - [MESSAGE][PASSED] - Object: 'Object Repository/V2/TT-363/Page_Dashboard/span_Meetings' is clicked on

2020-09-23 23:26:18 - [TEST_STEP][PASSED] - click(findTestObject("Object Repository/V2/TT-363/Page_Meeting/div_Create a meeting")): Object: 'Object Repository/V2/TT-363/Page_Meeting/div_Create a meeting' is clicked on

2020-09-23 23:26:19 - [MESSAGE][PASSED] - Object: 'Object Repository/V2/TT-363/Page_Meeting/div_Create a meeting' is clicked on

2020-09-23 23:26:19 - [TEST_STEP][PASSED] - click(findTestObject("Object Repository/V2/TT-363/Page_Meeting/button_Level 10")): Object: 'Object Repository/V2/TT-363/Page_Meeting/button_Level 10' is clicked on

2020-09-23 23:26:19 - [MESSAGE][PASSED] - Object: 'Object Repository/V2/TT-363/Page_Meeting/button_Level 10' is clicked on

2020-09-23 23:26:19 - [TEST_STEP][PASSED] - waitForElementVisible(findTestObject("Object Repository/V2/TT-363/Page_Meeting/input__name"), DefaultTimeout): Object 'Object Repository/V2/TT-363/Page_Meeting/input__name' is visible

2020-09-23 23:26:19 - [MESSAGE][PASSED] - Object 'Object Repository/V2/TT-363/Page_Meeting/input__name' is visible

2020-09-23 23:26:19 - [TEST_STEP][PASSED] - setText(findTestObject("Object Repository/V2/TT-363/Page_Meeting/input__name"), meetingName): Text 'SP Meeting Admin' is set on object 'Object Repository/V2/TT-363/Page_Meeting/input__name'

2020-09-23 23:26:19 - [MESSAGE][PASSED] - Text 'SP Meeting Admin' is set on object 'Object Repository/V2/TT-363/Page_Meeting/input__name'

2020-09-23 23:26:19 - [TEST_STEP][PASSED] - setText(findTestObject("Object Repository/V2/TT-363/Page_Meeting/input__acronym"), meetingAcronym): Text 'CSP' is set on object 'Object Repository/V2/TT-363/Page_Meeting/input__acronym'

2020-09-23 23:26:19 - [MESSAGE][PASSED] - Text 'CSP' is set on object 'Object Repository/V2/TT-363/Page_Meeting/input__acronym'

2020-09-23 23:26:19 - [TEST_STEP][PASSED] - setText(findTestObject("Object Repository/V2/TT-363/Page_Meeting/input_Meeting description (max 100 characte_8187fa"), meetingDescription): Text 'L10 Meeting' is set on object 'Object Repository/V2/TT-363/Page_Meeting/input_Meeting description (max 100 characte_8187fa'

2020-09-23 23:26:19 - [MESSAGE][PASSED] - Text 'L10 Meeting' is set on object 'Object Repository/V2/TT-363/Page_Meeting/input_Meeting description (max 100 characte_8187fa'

2020-09-23 23:26:19 - [TEST_STEP][PASSED] - click(findTestObject("Object Repository/V2/TT-363/Page_Meeting/input__typeOfMeeting")): Object: 'Object Repository/V2/TT-363/Page_Meeting/input__typeOfMeeting' is clicked on

2020-09-23 23:26:20 - [MESSAGE][PASSED] - Object: 'Object Repository/V2/TT-363/Page_Meeting/input__typeOfMeeting' is clicked on

2020-09-23 23:26:20 - [TEST_STEP][PASSED] - click(findTestObject("V2/TT-363/Page_Meeting/div_Leadership")): Object: 'Object Repository/V2/TT-363/Page_Meeting/div_Leadership' is clicked on

2020-09-23 23:26:20 - [MESSAGE][PASSED] - Object: 'Object Repository/V2/TT-363/Page_Meeting/div_Leadership' is clicked on

2020-09-23 23:26:20 - [TEST_STEP][PASSED] - click(findTestObject("Object Repository/V2/TT-363/Page_Meeting/div_Select a dayMondayTuesdayWednesdayThurs_fcb808")): Object: 'Object Repository/V2/TT-363/Page_Meeting/div_Select a dayMondayTuesdayWednesdayThurs_fcb808' is clicked on

2020-09-23 23:26:20 - [MESSAGE][PASSED] - Object: 'Object Repository/V2/TT-363/Page_Meeting/div_Select a dayMondayTuesdayWednesdayThurs_fcb808' is clicked on

2020-09-23 23:26:20 - [TEST_STEP][PASSED] - click(findTestObject("V2/TT-363/Page_Meeting/div_Monday")): Object: 'Object Repository/V2/TT-363/Page_Meeting/div_Monday' is clicked on

2020-09-23 23:26:20 - [MESSAGE][PASSED] - Object: 'Object Repository/V2/TT-363/Page_Meeting/div_Monday' is clicked on

2020-09-23 23:26:20 - [TEST_STEP][PASSED] - click(findTestObject("Object Repository/V2/TT-363/Page_Meeting/div_000")): Object: 'Object Repository/V2/TT-363/Page_Meeting/div_000' is clicked on

2020-09-23 23:26:20 - [MESSAGE][PASSED] - Object: 'Object Repository/V2/TT-363/Page_Meeting/div_000' is clicked on

2020-09-23 23:26:20 - [TEST_STEP][PASSED] - click(findTestObject("Object Repository/V2/TT-363/Page_Meeting/span_0800")): Object: 'Object Repository/V2/TT-363/Page_Meeting/span_0800' is clicked on

2020-09-23 23:26:20 - [MESSAGE][PASSED] - Object: 'Object Repository/V2/TT-363/Page_Meeting/span_0800' is clicked on

2020-09-23 23:26:20 - [TEST_STEP][PASSED] - setText(findTestObject("Object Repository/V2/TT-363/Page_Meeting/input_Video conference URL_meetingLink"), videoConference): Text 'https://yourvideoconference.com/sample' is set on object 'Object Repository/V2/TT-363/Page_Meeting/input_Video conference URL_meetingLink'

2020-09-23 23:26:20 - [MESSAGE][PASSED] - Text 'https://yourvideoconference.com/sample' is set on object 'Object Repository/V2/TT-363/Page_Meeting/input_Video conference URL_meetingLink'

2020-09-23 23:26:20 - [TEST_STEP][PASSED] - click(findTestObject("Object Repository/V2/TT-363/Page_Meeting/div_Create Meeting")): Object: 'Object Repository/V2/TT-363/Page_Meeting/div_Create Meeting' is clicked on

2020-09-23 23:26:20 - [MESSAGE][PASSED] - Object: 'Object Repository/V2/TT-363/Page_Meeting/div_Create Meeting' is clicked on

2020-09-23 23:26:20 - [TEST_STEP][PASSED] - waitForElementVisible(findTestObject("Object Repository/V2/TT-363/Page_Meeting/div_Ill do this later"), DefaultTimeout): Object 'Object Repository/V2/TT-363/Page_Meeting/div_Ill do this later' is visible

2020-09-23 23:26:27 - [MESSAGE][PASSED] - Object 'Object Repository/V2/TT-363/Page_Meeting/div_Ill do this later' is visible

2020-09-23 23:26:27 - [TEST_STEP][PASSED] - click(findTestObject("Object Repository/V2/TT-363/Page_Meeting/div_Ill do this later")): Object: 'Object Repository/V2/TT-363/Page_Meeting/div_Ill do this later' is clicked on

2020-09-23 23:26:27 - [MESSAGE][PASSED] - Object: 'Object Repository/V2/TT-363/Page_Meeting/div_Ill do this later' is clicked on

2020-09-23 23:26:27 - [TEST_STEP][PASSED] - createMeetingRecordObj = tt_CustomKeywords.CustomKeywords.CreateDynamicElement("//div[@class="container__col detailscontainer__block"]/h2/div[text()='%s']", meetingName, "xpath"): Successfully created new dynamic object: //div[@class="container__col detailscontainer__block"]/h2/div[text()='SP Meeting Admin']

2020-09-23 23:26:27 - [MESSAGE][PASSED] - Successfully created new dynamic object: //div[@class="container__col detailscontainer__block"]/h2/div[text()='SP Meeting Admin']

2020-09-23 23:26:27 - [TEST_STEP][PASSED] - verifyElementPresent(createMeetingRecordObj, DefaultTimeout): Object '' is present

2020-09-23 23:26:27 - [MESSAGE][PASSED] - Object '' is present

2020-09-23 23:26:27 - [TEST_STEP][PASSED] - delay(5): Delayed 5 second(s)

2020-09-23 23:26:32 - [MESSAGE][PASSED] - Delayed 5 second(s)

2020-09-23 23:26:32 - [MESSAGE][PASSED] - Call Test Case 'Test Cases/V2/Test Case/Tests/TT-363 - Meeting List/Positive/Admin/TT_363_24_CreateSPMeeting_Admin' successfully

2020-09-23 23:26:32 - [TEST_STEP][PASSED] - changeWebDriver(driver2): null

2020-09-23 23:26:32 - [TEST_STEP][PASSED] - callTestCase(findTestCase("V2/Test Case/Tests/TT-363 - Meeting List/Positive/Supervisor/TT_363_24_CreateSPMeeting_Supervisor"), ["username":"", "password":"", "meetingNameS":meetingNameS, "meetingAcronym":meetingAcronym, "meetingDescription":meetingDescription, ... ], STOP_ON_FAILURE): Call Test Case 'Test Cases/V2/Test Case/Tests/TT-363 - Meeting List/Positive/Supervisor/TT_363_24_CreateSPMeeting_Supervisor' successfully

2020-09-23 23:26:32 - [TEST_CASE][PASSED] - Test Cases/V2/Test Case/Tests/TT-363 - Meeting List/Positive/Supervisor/TT_363_24_CreateSPMeeting_Supervisor: Test Cases/V2/Test Case/Tests/TT-363 - Meeting List/Positive/Supervisor/TT_363_24_CreateSPMeeting_Supervisor

2020-09-23 23:26:32 - [TEST_STEP][NOT_RUN] - openBrowser(""): NOT_RUN: openBrowser("")

2020-09-23 23:26:32 - [MESSAGE][NOT_RUN] - NOT_RUN: openBrowser("")

2020-09-23 23:26:32 - [TEST_STEP][NOT_RUN] - maximizeWindow(): NOT_RUN: maximizeWindow()

2020-09-23 23:26:32 - [MESSAGE][NOT_RUN] - NOT_RUN: maximizeWindow()

2020-09-23 23:26:32 - [TEST_STEP][NOT_RUN] - navigateToUrl(V2Url): NOT_RUN: navigateToUrl(V2Url)

2020-09-23 23:26:32 - [MESSAGE][NOT_RUN] - NOT_RUN: navigateToUrl(V2Url)

2020-09-23 23:26:32 - [TEST_STEP][NOT_RUN] - delay(7): NOT_RUN: delay(7)

2020-09-23 23:26:32 - [MESSAGE][NOT_RUN] - NOT_RUN: delay(7)

2020-09-23 23:26:32 - [TEST_STEP][NOT_RUN] - waitForElementClickable(findTestObject("V2/TT-363/Page_Login/input__username"), 30): NOT_RUN: waitForElementClickable(findTestObject("V2/TT-363/Page_Login/input__username"), 30)

2020-09-23 23:26:32 - [MESSAGE][NOT_RUN] - NOT_RUN: waitForElementClickable(findTestObject("V2/TT-363/Page_Login/input__username"), 30)

2020-09-23 23:26:32 - [TEST_STEP][NOT_RUN] - setText(findTestObject("V2/TT-363/Page_Login/input__username"), username): NOT_RUN: setText(findTestObject("V2/TT-363/Page_Login/input__username"), username)

2020-09-23 23:26:32 - [MESSAGE][NOT_RUN] - NOT_RUN: setText(findTestObject("V2/TT-363/Page_Login/input__username"), username)

2020-09-23 23:26:32 - [TEST_STEP][NOT_RUN] - setText(findTestObject("Object Repository/V2/TT-363/Page_Login/input__password"), password): NOT_RUN: setText(findTestObject("Object Repository/V2/TT-363/Page_Login/input__password"), password)

2020-09-23 23:26:32 - [MESSAGE][NOT_RUN] - NOT_RUN: setText(findTestObject("Object Repository/V2/TT-363/Page_Login/input__password"), password)

2020-09-23 23:26:32 - [TEST_STEP][NOT_RUN] - click(findTestObject("Object Repository/V2/TT-363/Page_Login/div_Login")): NOT_RUN: click(findTestObject("Object Repository/V2/TT-363/Page_Login/div_Login"))

2020-09-23 23:26:32 - [MESSAGE][NOT_RUN] - NOT_RUN: click(findTestObject("Object Repository/V2/TT-363/Page_Login/div_Login"))

2020-09-23 23:26:32 - [TEST_STEP][PASSED] - verifyElementPresent(findTestObject("V2/TT-363/Page_Dashboard/span_Meetings"), DefaultTimeout): Object 'Object Repository/V2/TT-363/Page_Dashboard/span_Meetings' is present

2020-09-23 23:26:32 - [MESSAGE][PASSED] - Object 'Object Repository/V2/TT-363/Page_Dashboard/span_Meetings' is present

2020-09-23 23:26:32 - [TEST_STEP][PASSED] - click(findTestObject("V2/TT-363/Page_Dashboard/span_Meetings")): Object: 'Object Repository/V2/TT-363/Page_Dashboard/span_Meetings' is clicked on

2020-09-23 23:26:32 - [MESSAGE][PASSED] - Object: 'Object Repository/V2/TT-363/Page_Dashboard/span_Meetings' is clicked on

2020-09-23 23:26:32 - [TEST_STEP][PASSED] - click(findTestObject("Object Repository/V2/TT-363/Page_Meeting/div_Create a meeting")): Object: 'Object Repository/V2/TT-363/Page_Meeting/div_Create a meeting' is clicked on

2020-09-23 23:26:32 - [MESSAGE][PASSED] - Object: 'Object Repository/V2/TT-363/Page_Meeting/div_Create a meeting' is clicked on

2020-09-23 23:26:32 - [TEST_STEP][PASSED] - click(findTestObject("Object Repository/V2/TT-363/Page_Meeting/button_Level 10")): Object: 'Object Repository/V2/TT-363/Page_Meeting/button_Level 10' is clicked on

2020-09-23 23:26:33 - [MESSAGE][PASSED] - Object: 'Object Repository/V2/TT-363/Page_Meeting/button_Level 10' is clicked on

2020-09-23 23:26:33 - [TEST_STEP][PASSED] - waitForElementVisible(findTestObject("Object Repository/V2/TT-363/Page_Meeting/input__name"), DefaultTimeout): Object 'Object Repository/V2/TT-363/Page_Meeting/input__name' is visible

2020-09-23 23:26:33 - [MESSAGE][PASSED] - Object 'Object Repository/V2/TT-363/Page_Meeting/input__name' is visible

2020-09-23 23:26:33 - [TEST_STEP][PASSED] - setText(findTestObject("Object Repository/V2/TT-363/Page_Meeting/input__name"), meetingNameS): Text 'SP Meeting Supervisor' is set on object 'Object Repository/V2/TT-363/Page_Meeting/input__name'

2020-09-23 23:26:33 - [MESSAGE][PASSED] - Text 'SP Meeting Supervisor' is set on object 'Object Repository/V2/TT-363/Page_Meeting/input__name'

2020-09-23 23:26:33 - [TEST_STEP][PASSED] - setText(findTestObject("Object Repository/V2/TT-363/Page_Meeting/input__acronym"), meetingAcronym): Text 'CSP' is set on object 'Object Repository/V2/TT-363/Page_Meeting/input__acronym'

2020-09-23 23:26:33 - [MESSAGE][PASSED] - Text 'CSP' is set on object 'Object Repository/V2/TT-363/Page_Meeting/input__acronym'

2020-09-23 23:26:33 - [TEST_STEP][PASSED] - setText(findTestObject("Object Repository/V2/TT-363/Page_Meeting/input_Meeting description (max 100 characte_8187fa"), meetingDescription): Text 'L10 Meeting' is set on object 'Object Repository/V2/TT-363/Page_Meeting/input_Meeting description (max 100 characte_8187fa'

2020-09-23 23:26:33 - [MESSAGE][PASSED] - Text 'L10 Meeting' is set on object 'Object Repository/V2/TT-363/Page_Meeting/input_Meeting description (max 100 characte_8187fa'

2020-09-23 23:26:33 - [TEST_STEP][PASSED] - click(findTestObject("Object Repository/V2/TT-363/Page_Meeting/input__typeOfMeeting")): Object: 'Object Repository/V2/TT-363/Page_Meeting/input__typeOfMeeting' is clicked on

2020-09-23 23:26:33 - [MESSAGE][PASSED] - Object: 'Object Repository/V2/TT-363/Page_Meeting/input__typeOfMeeting' is clicked on

2020-09-23 23:26:33 - [TEST_STEP][PASSED] - click(findTestObject("V2/TT-363/Page_Meeting/div_Leadership")): Object: 'Object Repository/V2/TT-363/Page_Meeting/div_Leadership' is clicked on

2020-09-23 23:26:34 - [MESSAGE][PASSED] - Object: 'Object Repository/V2/TT-363/Page_Meeting/div_Leadership' is clicked on

2020-09-23 23:26:34 - [TEST_STEP][PASSED] - click(findTestObject("Object Repository/V2/TT-363/Page_Meeting/div_Select a dayMondayTuesdayWednesdayThurs_fcb808")): Object: 'Object Repository/V2/TT-363/Page_Meeting/div_Select a dayMondayTuesdayWednesdayThurs_fcb808' is clicked on

2020-09-23 23:26:34 - [MESSAGE][PASSED] - Object: 'Object Repository/V2/TT-363/Page_Meeting/div_Select a dayMondayTuesdayWednesdayThurs_fcb808' is clicked on

2020-09-23 23:26:34 - [TEST_STEP][PASSED] - click(findTestObject("V2/TT-363/Page_Meeting/div_Monday")): Object: 'Object Repository/V2/TT-363/Page_Meeting/div_Monday' is clicked on

2020-09-23 23:26:34 - [MESSAGE][PASSED] - Object: 'Object Repository/V2/TT-363/Page_Meeting/div_Monday' is clicked on

2020-09-23 23:26:34 - [TEST_STEP][PASSED] - click(findTestObject("Object Repository/V2/TT-363/Page_Meeting/div_000")): Object: 'Object Repository/V2/TT-363/Page_Meeting/div_000' is clicked on

2020-09-23 23:26:34 - [MESSAGE][PASSED] - Object: 'Object Repository/V2/TT-363/Page_Meeting/div_000' is clicked on

2020-09-23 23:26:34 - [TEST_STEP][PASSED] - click(findTestObject("Object Repository/V2/TT-363/Page_Meeting/span_0800")): Object: 'Object Repository/V2/TT-363/Page_Meeting/span_0800' is clicked on

2020-09-23 23:26:34 - [MESSAGE][PASSED] - Object: 'Object Repository/V2/TT-363/Page_Meeting/span_0800' is clicked on

2020-09-23 23:26:34 - [TEST_STEP][PASSED] - setText(findTestObject("Object Repository/V2/TT-363/Page_Meeting/input_Video conference URL_meetingLink"), videoConference): Text 'https://yourvideoconference.com/sample' is set on object 'Object Repository/V2/TT-363/Page_Meeting/input_Video conference URL_meetingLink'

2020-09-23 23:26:34 - [MESSAGE][PASSED] - Text 'https://yourvideoconference.com/sample' is set on object 'Object Repository/V2/TT-363/Page_Meeting/input_Video conference URL_meetingLink'

2020-09-23 23:26:34 - [TEST_STEP][PASSED] - click(findTestObject("Object Repository/V2/TT-363/Page_Meeting/div_Create Meeting")): Object: 'Object Repository/V2/TT-363/Page_Meeting/div_Create Meeting' is clicked on

2020-09-23 23:26:34 - [MESSAGE][PASSED] - Object: 'Object Repository/V2/TT-363/Page_Meeting/div_Create Meeting' is clicked on

2020-09-23 23:26:34 - [TEST_STEP][PASSED] - waitForElementVisible(findTestObject("Object Repository/V2/TT-363/Page_Meeting/div_Ill do this later"), DefaultTimeout): Object 'Object Repository/V2/TT-363/Page_Meeting/div_Ill do this later' is visible

2020-09-23 23:26:41 - [MESSAGE][PASSED] - Object 'Object Repository/V2/TT-363/Page_Meeting/div_Ill do this later' is visible

2020-09-23 23:26:41 - [TEST_STEP][PASSED] - click(findTestObject("Object Repository/V2/TT-363/Page_Meeting/div_Ill do this later")): Object: 'Object Repository/V2/TT-363/Page_Meeting/div_Ill do this later' is clicked on

2020-09-23 23:26:41 - [MESSAGE][PASSED] - Object: 'Object Repository/V2/TT-363/Page_Meeting/div_Ill do this later' is clicked on

2020-09-23 23:26:41 - [TEST_STEP][PASSED] - createMeetingRecordObjSupervisor = tt_CustomKeywords.CustomKeywords.CreateDynamicElement("//div[@class="container__col detailscontainer__block"]/h2/div[text()='%s']", meetingNameS, "xpath"): Successfully created new dynamic object: //div[@class="container__col detailscontainer__block"]/h2/div[text()='SP Meeting Supervisor']

2020-09-23 23:26:41 - [MESSAGE][PASSED] - Successfully created new dynamic object: //div[@class="container__col detailscontainer__block"]/h2/div[text()='SP Meeting Supervisor']

2020-09-23 23:26:41 - [TEST_STEP][PASSED] - verifyElementPresent(createMeetingRecordObjSupervisor, DefaultTimeout): Object '' is present

2020-09-23 23:26:41 - [MESSAGE][PASSED] - Object '' is present

2020-09-23 23:26:41 - [TEST_STEP][PASSED] - delay(5): Delayed 5 second(s)

2020-09-23 23:26:46 - [MESSAGE][PASSED] - Delayed 5 second(s)

2020-09-23 23:26:46 - [MESSAGE][PASSED] - Call Test Case 'Test Cases/V2/Test Case/Tests/TT-363 - Meeting List/Positive/Supervisor/TT_363_24_CreateSPMeeting_Supervisor' successfully

2020-09-23 23:26:46 - [TEST_STEP][PASSED] - changeWebDriver(driver3): null

2020-09-23 23:26:46 - [TEST_STEP][PASSED] - callTestCase(findTestCase("V2/Test Case/Tests/TT-363 - Meeting List/Positive/Employee/TT_363_24_CreateSPMeeting_Employee"), ["username":"", "password":"", "meetingNameE":meetingNameE, "meetingAcronym":meetingAcronym, "meetingDescription":meetingDescription, ... ], STOP_ON_FAILURE): Call Test Case 'Test Cases/V2/Test Case/Tests/TT-363 - Meeting List/Positive/Employee/TT_363_24_CreateSPMeeting_Employee' successfully

2020-09-23 23:26:46 - [TEST_CASE][PASSED] - Test Cases/V2/Test Case/Tests/TT-363 - Meeting List/Positive/Employee/TT_363_24_CreateSPMeeting_Employee: Test Cases/V2/Test Case/Tests/TT-363 - Meeting List/Positive/Employee/TT_363_24_CreateSPMeeting_Employee

2020-09-23 23:26:46 - [TEST_STEP][PASSED] - verifyElementPresent(findTestObject("V2/TT-363/Page_Dashboard/span_Meetings"), DefaultTimeout): Object 'Object Repository/V2/TT-363/Page_Dashboard/span_Meetings' is present

2020-09-23 23:26:46 - [MESSAGE][PASSED] - Object 'Object Repository/V2/TT-363/Page_Dashboard/span_Meetings' is present

2020-09-23 23:26:46 - [TEST_STEP][PASSED] - click(findTestObject("V2/TT-363/Page_Dashboard/span_Meetings")): Object: 'Object Repository/V2/TT-363/Page_Dashboard/span_Meetings' is clicked on

2020-09-23 23:26:46 - [MESSAGE][PASSED] - Object: 'Object Repository/V2/TT-363/Page_Dashboard/span_Meetings' is clicked on

2020-09-23 23:26:46 - [TEST_STEP][PASSED] - click(findTestObject("Object Repository/V2/TT-363/Page_Meeting/div_Create a meeting")): Object: 'Object Repository/V2/TT-363/Page_Meeting/div_Create a meeting' is clicked on

2020-09-23 23:26:46 - [MESSAGE][PASSED] - Object: 'Object Repository/V2/TT-363/Page_Meeting/div_Create a meeting' is clicked on

2020-09-23 23:26:46 - [TEST_STEP][PASSED] - click(findTestObject("Object Repository/V2/TT-363/Page_Meeting/button_Level 10")): Object: 'Object Repository/V2/TT-363/Page_Meeting/button_Level 10' is clicked on

2020-09-23 23:26:47 - [MESSAGE][PASSED] - Object: 'Object Repository/V2/TT-363/Page_Meeting/button_Level 10' is clicked on

2020-09-23 23:26:47 - [TEST_STEP][PASSED] - waitForElementVisible(findTestObject("Object Repository/V2/TT-363/Page_Meeting/input__name"), DefaultTimeout): Object 'Object Repository/V2/TT-363/Page_Meeting/input__name' is visible

2020-09-23 23:26:47 - [MESSAGE][PASSED] - Object 'Object Repository/V2/TT-363/Page_Meeting/input__name' is visible

2020-09-23 23:26:47 - [TEST_STEP][PASSED] - setText(findTestObject("Object Repository/V2/TT-363/Page_Meeting/input__name"), meetingNameE): Text 'SP Meeting Employee' is set on object 'Object Repository/V2/TT-363/Page_Meeting/input__name'

2020-09-23 23:26:47 - [MESSAGE][PASSED] - Text 'SP Meeting Employee' is set on object 'Object Repository/V2/TT-363/Page_Meeting/input__name'

2020-09-23 23:26:47 - [TEST_STEP][PASSED] - setText(findTestObject("Object Repository/V2/TT-363/Page_Meeting/input__acronym"), meetingAcronym): Text 'CSP' is set on object 'Object Repository/V2/TT-363/Page_Meeting/input__acronym'

2020-09-23 23:26:47 - [MESSAGE][PASSED] - Text 'CSP' is set on object 'Object Repository/V2/TT-363/Page_Meeting/input__acronym'

2020-09-23 23:26:47 - [TEST_STEP][PASSED] - setText(findTestObject("Object Repository/V2/TT-363/Page_Meeting/input_Meeting description (max 100 characte_8187fa"), meetingDescription): Text 'L10 Meeting' is set on object 'Object Repository/V2/TT-363/Page_Meeting/input_Meeting description (max 100 characte_8187fa'

2020-09-23 23:26:47 - [MESSAGE][PASSED] - Text 'L10 Meeting' is set on object 'Object Repository/V2/TT-363/Page_Meeting/input_Meeting description (max 100 characte_8187fa'

2020-09-23 23:26:47 - [TEST_STEP][PASSED] - click(findTestObject("Object Repository/V2/TT-363/Page_Meeting/input__typeOfMeeting")): Object: 'Object Repository/V2/TT-363/Page_Meeting/input__typeOfMeeting' is clicked on

2020-09-23 23:26:47 - [MESSAGE][PASSED] - Object: 'Object Repository/V2/TT-363/Page_Meeting/input__typeOfMeeting' is clicked on

2020-09-23 23:26:47 - [TEST_STEP][PASSED] - click(findTestObject("V2/TT-363/Page_Meeting/div_Leadership")): Object: 'Object Repository/V2/TT-363/Page_Meeting/div_Leadership' is clicked on

2020-09-23 23:26:47 - [MESSAGE][PASSED] - Object: 'Object Repository/V2/TT-363/Page_Meeting/div_Leadership' is clicked on

2020-09-23 23:26:47 - [TEST_STEP][PASSED] - click(findTestObject("Object Repository/V2/TT-363/Page_Meeting/div_Select a dayMondayTuesdayWednesdayThurs_fcb808")): Object: 'Object Repository/V2/TT-363/Page_Meeting/div_Select a dayMondayTuesdayWednesdayThurs_fcb808' is clicked on

2020-09-23 23:26:48 - [MESSAGE][PASSED] - Object: 'Object Repository/V2/TT-363/Page_Meeting/div_Select a dayMondayTuesdayWednesdayThurs_fcb808' is clicked on

2020-09-23 23:26:48 - [TEST_STEP][PASSED] - click(findTestObject("V2/TT-363/Page_Meeting/div_Monday")): Object: 'Object Repository/V2/TT-363/Page_Meeting/div_Monday' is clicked on

2020-09-23 23:26:48 - [MESSAGE][PASSED] - Object: 'Object Repository/V2/TT-363/Page_Meeting/div_Monday' is clicked on

2020-09-23 23:26:48 - [TEST_STEP][PASSED] - click(findTestObject("Object Repository/V2/TT-363/Page_Meeting/div_000")): Object: 'Object Repository/V2/TT-363/Page_Meeting/div_000' is clicked on

2020-09-23 23:26:48 - [MESSAGE][PASSED] - Object: 'Object Repository/V2/TT-363/Page_Meeting/div_000' is clicked on

2020-09-23 23:26:48 - [TEST_STEP][PASSED] - click(findTestObject("Object Repository/V2/TT-363/Page_Meeting/span_0800")): Object: 'Object Repository/V2/TT-363/Page_Meeting/span_0800' is clicked on

2020-09-23 23:26:48 - [MESSAGE][PASSED] - Object: 'Object Repository/V2/TT-363/Page_Meeting/span_0800' is clicked on

2020-09-23 23:26:48 - [TEST_STEP][PASSED] - setText(findTestObject("Object Repository/V2/TT-363/Page_Meeting/input_Video conference URL_meetingLink"), videoConference): Text 'https://yourvideoconference.com/sample' is set on object 'Object Repository/V2/TT-363/Page_Meeting/input_Video conference URL_meetingLink'

2020-09-23 23:26:48 - [MESSAGE][PASSED] - Text 'https://yourvideoconference.com/sample' is set on object 'Object Repository/V2/TT-363/Page_Meeting/input_Video conference URL_meetingLink'

2020-09-23 23:26:48 - [TEST_STEP][PASSED] - click(findTestObject("Object Repository/V2/TT-363/Page_Meeting/div_Create Meeting")): Object: 'Object Repository/V2/TT-363/Page_Meeting/div_Create Meeting' is clicked on

2020-09-23 23:26:48 - [MESSAGE][PASSED] - Object: 'Object Repository/V2/TT-363/Page_Meeting/div_Create Meeting' is clicked on

2020-09-23 23:26:48 - [TEST_STEP][PASSED] - waitForElementVisible(findTestObject("Object Repository/V2/TT-363/Page_Meeting/div_Ill do this later"), DefaultTimeout): Object 'Object Repository/V2/TT-363/Page_Meeting/div_Ill do this later' is visible

2020-09-23 23:26:55 - [MESSAGE][PASSED] - Object 'Object Repository/V2/TT-363/Page_Meeting/div_Ill do this later' is visible

2020-09-23 23:26:55 - [TEST_STEP][PASSED] - click(findTestObject("Object Repository/V2/TT-363/Page_Meeting/div_Ill do this later")): Object: 'Object Repository/V2/TT-363/Page_Meeting/div_Ill do this later' is clicked on

2020-09-23 23:26:55 - [MESSAGE][PASSED] - Object: 'Object Repository/V2/TT-363/Page_Meeting/div_Ill do this later' is clicked on

2020-09-23 23:26:55 - [TEST_STEP][PASSED] - createMeetingRecordObjEmployee = tt_CustomKeywords.CustomKeywords.CreateDynamicElement("//div[@class="container__col detailscontainer__block"]/h2/div[text()='%s']", meetingNameE, "xpath"): Successfully created new dynamic object: //div[@class="container__col detailscontainer__block"]/h2/div[text()='SP Meeting Employee']

2020-09-23 23:26:55 - [MESSAGE][PASSED] - Successfully created new dynamic object: //div[@class="container__col detailscontainer__block"]/h2/div[text()='SP Meeting Employee']

2020-09-23 23:26:55 - [TEST_STEP][PASSED] - verifyElementPresent(createMeetingRecordObjEmployee, DefaultTimeout): Object '' is present

2020-09-23 23:26:55 - [MESSAGE][PASSED] - Object '' is present

2020-09-23 23:26:55 - [TEST_STEP][PASSED] - delay(5): Delayed 5 second(s)

2020-09-23 23:27:00 - [MESSAGE][PASSED] - Delayed 5 second(s)

2020-09-23 23:27:00 - [MESSAGE][PASSED] - Call Test Case 'Test Cases/V2/Test Case/Tests/TT-363 - Meeting List/Positive/Employee/TT_363_24_CreateSPMeeting_Employee' successfully

2020-09-23 23:27:00 - [TEST_STEP][PASSED] - changeWebDriver(driver1): null

2020-09-23 23:27:00 - [TEST_STEP][PASSED] - createMeetingRecordObjSupervisor = tt_CustomKeywords.CustomKeywords.CreateDynamicElement("//div[@class="container__col detailscontainer__block"]/h2/div[text()='%s']", meetingNameS, "xpath"): Successfully created new dynamic object: //div[@class="container__col detailscontainer__block"]/h2/div[text()='SP Meeting Supervisor']

2020-09-23 23:27:00 - [MESSAGE][PASSED] - Successfully created new dynamic object: //div[@class="container__col detailscontainer__block"]/h2/div[text()='SP Meeting Supervisor']

2020-09-23 23:27:00 - [TEST_STEP][PASSED] - verifyElementPresent(createMeetingRecordObjSupervisor, DefaultTimeout): Object '' is present

2020-09-23 23:27:00 - [MESSAGE][PASSED] - Object '' is present

2020-09-23 23:27:00 - [TEST_STEP][PASSED] - createMeetingRecordObjEmployee = tt_CustomKeywords.CustomKeywords.CreateDynamicElement("//div[@class="container__col detailscontainer__block"]/h2/div[text()='%s']", meetingNameE, "xpath"): Successfully created new dynamic object: //div[@class="container__col detailscontainer__block"]/h2/div[text()='SP Meeting Employee']

2020-09-23 23:27:00 - [MESSAGE][PASSED] - Successfully created new dynamic object: //div[@class="container__col detailscontainer__block"]/h2/div[text()='SP Meeting Employee']

2020-09-23 23:27:00 - [TEST_STEP][PASSED] - verifyElementPresent(createMeetingRecordObjEmployee, DefaultTimeout): Object '' is present

2020-09-23 23:27:00 - [MESSAGE][PASSED] - Object '' is present

2020-09-23 23:27:00 - [TEST_STEP][PASSED] - tt_CustomKeywords.CustomKeywords.CloseWebDriver(driver3): tt_CustomKeywords.CustomKeywords.CloseWebDriver is PASSED

2020-09-23 23:27:05 - [MESSAGE][PASSED] - tt_CustomKeywords.CustomKeywords.CloseWebDriver is PASSED

2020-09-23 23:27:05 - [TEST_STEP][PASSED] - tt_CustomKeywords.CustomKeywords.CloseWebDriver(driver2): tt_CustomKeywords.CustomKeywords.CloseWebDriver is PASSED

2020-09-23 23:27:10 - [MESSAGE][PASSED] - tt_CustomKeywords.CustomKeywords.CloseWebDriver is PASSED

2020-09-23 23:27:10 - [TEST_STEP][PASSED] - tt_CustomKeywords.CustomKeywords.CloseWebDriver(driver1): tt_CustomKeywords.CustomKeywords.CloseWebDriver is PASSED

2020-09-23 23:27:15 - [MESSAGE][PASSED] - tt_CustomKeywords.CustomKeywords.CloseWebDriver is PASSED]]></system-out>
         <system-err><![CDATA[]]></system-err>
      </testcase>
      <testcase name="Test Cases/V2/Test Case/Tests/TT-363 - Meeting List/Positive/TT_363_3_EditMeetingBasicInformation_AllTestCase" time="668.374" classname="Test Cases/V2/Test Case/Tests/TT-363 - Meeting List/Positive/TT_363_3_EditMeetingBasicInformation_AllTestCase" status="PASSED">
         <system-out><![CDATA[2020-09-23 23:27:15 - [TEST_CASE][PASSED] - Test Cases/V2/Test Case/Tests/TT-363 - Meeting List/Positive/TT_363_3_EditMeetingBasicInformation_AllTestCase: Test Cases/V2/Test Case/Tests/TT-363 - Meeting List/Positive/TT_363_3_EditMeetingBasicInformation_AllTestCase

2020-09-23 23:27:15 - [TEST_STEP][PASSED] - callTestCase(findTestCase("V2/Test Case/Pre-conditions/PRE_RegisterAndActivateTTUsers"), ["admin_fname":admin_fname, "lastname":lastname, "phonenumber":"9999999999", "company":"Traction Tools", "password":password, ... ], STOP_ON_FAILURE): Call Test Case 'Test Cases/V2/Test Case/Pre-conditions/PRE_RegisterAndActivateTTUsers' successfully

2020-09-23 23:27:15 - [TEST_CASE][PASSED] - Test Cases/V2/Test Case/Pre-conditions/PRE_RegisterAndActivateTTUsers: Test Cases/V2/Test Case/Pre-conditions/PRE_RegisterAndActivateTTUsers

2020-09-23 23:27:15 - [TEST_STEP][PASSED] - email = tt_CustomKeywords.CustomKeywords.GenerateRandomEmailAddress(admin_email_prefix, admin_email_domain, randomTextLength): Successfully generated a random email: tractiontools.user001+ta511vzl@gmail.com

2020-09-23 23:27:15 - [MESSAGE][PASSED] - Successfully generated a random email: tractiontools.user001+ta511vzl@gmail.com

2020-09-23 23:27:15 - [TEST_STEP][PASSED] - supervisor_email = tt_CustomKeywords.CustomKeywords.GenerateRandomEmailAddress(supervisor_email_prefix, supervisor_email_domain, randomTextLength): Successfully generated a random email: tractiontools.user001+ts5qavth@gmail.com

2020-09-23 23:27:15 - [MESSAGE][PASSED] - Successfully generated a random email: tractiontools.user001+ts5qavth@gmail.com

2020-09-23 23:27:15 - [TEST_STEP][PASSED] - employee_email = tt_CustomKeywords.CustomKeywords.GenerateRandomEmailAddress(employee_email_prefix, employee_email_domain, randomTextLength): Successfully generated a random email: tractiontools.user001+te5rcfeb@gmail.com

2020-09-23 23:27:15 - [MESSAGE][PASSED] - Successfully generated a random email: tractiontools.user001+te5rcfeb@gmail.com

2020-09-23 23:27:15 - [TEST_STEP][PASSED] - adminDetails = tt_CustomKeywords.CustomKeywords.RegisterUserViaAPIAndGenerateActivateURL(email, admin_fname, lastname, phonenumber, company, "__JSON__{\"howDidYouHearAboutUs\":\"Facebook\",\"implementer\":\"\",\"existingTractionToolsClient\":\"\",\"other\":\"\"}", "__JSON__{\"timeZone\":\"America/Guatemala\",\"brandColor\":\"#023047\",\"q1Start\":null,\"q1End\":null,\"q2Start\":null,\"q2End\":null,\"q3Start\":null,\"q3End\":null,\"q4Start\":null,\"q4End\":null,\"quarterDatesSetsRocks\":false,\"exportUsers\":false,\"exportRocks\":false,\"exportRocksIncludesMilestones\":false,\"exportScorecards\":false,\"exportTodos\":false,\"exportTodosIncludesNotes\":false,\"exportPeopleHeadlines\":false,\"exportPeopleHeadlinesIncludesNotes\":false,\"exportIssues\":false,\"exportIssuesIncludesNotes\":false,\"exportContextAwareTodos\":false,\"dateFormat\":\"MM/DD/YYYY\",\"timeFormat\":\"h:mma\",\"numberFormat\":\"-1,000.99\",\"supervisorsArchiveRestoreUsers\":false,\"supervisorsEditPositions\":false,\"milestonesAvailableToAll\":false,\"customMeetingTemplatesEnabled\":false,\"receiveTodoReminders\":false,\"todoReminderTime\":\"13:00\",\"todoReminderTimeZone\":\"America/Guatemala\",\"todoReminderFrequency\":\"DAILY\",\"vtoMeetingId\":\"\",\"vtoDisplayMode\":\"ALL\",\"coreValues\":[{\"id\":\"1\",\"text\":\"\"},{\"id\":\"2\",\"text\":\"\"},{\"id\":\"3\",\"text\":\"\"}]}", password, V2Url): SUCCESFFULLY registered a new user via API. 
 Generated Activation Link: 
http://local.traction.tools:5000/activate?activationKey=93eed035-d991-45d4-8288-203edc56cb46&userId=c4ba5dc9-bc74-d9e7-dce8-13bd900e0b29&orgId=14ba5dc9-b9eb-ccda-e437-1d0fe66ddb63&email=tractiontools.user001+ta511vzl@gmail.com&teamsId=a0ba5dc9-ba2e-a9a8-aab9-94d21f2bd012&meetingsId=9eba5dc9-ba1f-2509-9314-84cefef9629d&adminsId=70ba5dc9-bd58-959c-e932-16e5fdcf6e7a&usersId=58ba5dc9-ba3d-5ca0-7c12-0bc4ea0db5e7&supervisorsId=fcba5dc9-ba0f-c307-5026-ee3ee99e0cde&accountabilityChartId=c2ba5dc9-ba4b-87b5-ecbe-65b544ad80f0&isCreator=1

2020-09-23 23:27:20 - [MESSAGE][PASSED] - SUCCESFFULLY registered a new user via API. 
 Generated Activation Link: 
http://local.traction.tools:5000/activate?activationKey=93eed035-d991-45d4-8288-203edc56cb46&userId=c4ba5dc9-bc74-d9e7-dce8-13bd900e0b29&orgId=14ba5dc9-b9eb-ccda-e437-1d0fe66ddb63&email=tractiontools.user001+ta511vzl@gmail.com&teamsId=a0ba5dc9-ba2e-a9a8-aab9-94d21f2bd012&meetingsId=9eba5dc9-ba1f-2509-9314-84cefef9629d&adminsId=70ba5dc9-bd58-959c-e932-16e5fdcf6e7a&usersId=58ba5dc9-ba3d-5ca0-7c12-0bc4ea0db5e7&supervisorsId=fcba5dc9-ba0f-c307-5026-ee3ee99e0cde&accountabilityChartId=c2ba5dc9-ba4b-87b5-ecbe-65b544ad80f0&isCreator=1

2020-09-23 23:27:20 - [TEST_STEP][PASSED] - activationURL = adminDetails[0]: null

2020-09-23 23:27:20 - [TEST_STEP][PASSED] - orgID = adminDetails[1]: null

2020-09-23 23:27:20 - [TEST_STEP][PASSED] - out.println("URL: " + activationURL): null

2020-09-23 23:27:20 - [TEST_STEP][PASSED] - out.println("orgID: " + orgID): null

2020-09-23 23:27:20 - [TEST_STEP][PASSED] - supervisorUser_name = supervisor_fname + " " + lastname: null

2020-09-23 23:27:20 - [TEST_STEP][PASSED] - openBrowser(""): Browser is opened with url: ''

2020-09-23 23:27:20 - [MESSAGE][INFO] - Starting 'Chrome' driver

2020-09-23 23:27:20 - [MESSAGE][INFO] - Action delay is set to 0 milliseconds

2020-09-23 23:27:23 - [MESSAGE][PASSED] - Browser is opened with url: ''

2020-09-23 23:27:23 - [TEST_STEP][PASSED] - maximizeWindow(): Current window maximized

2020-09-23 23:27:25 - [MESSAGE][PASSED] - Current window maximized

2020-09-23 23:27:25 - [TEST_STEP][PASSED] - callTestCase(findTestCase("V2/Test Case/Pre-conditions/PRE_ActivateNewUser"), ["activationURL":activationURL, "email":email, "password":password], STOP_ON_FAILURE): Call Test Case 'Test Cases/V2/Test Case/Pre-conditions/PRE_ActivateNewUser' successfully

2020-09-23 23:27:26 - [TEST_CASE][PASSED] - Test Cases/V2/Test Case/Pre-conditions/PRE_ActivateNewUser: Test Cases/V2/Test Case/Pre-conditions/PRE_ActivateNewUser

2020-09-23 23:27:26 - [TEST_STEP][PASSED] - navigateToUrl(activationURL): Navigate to 'http://local.traction.tools:5000/activate?activationKey=93eed035-d991-45d4-8288-203edc56cb46&userId=c4ba5dc9-bc74-d9e7-dce8-13bd900e0b29&orgId=14ba5dc9-b9eb-ccda-e437-1d0fe66ddb63&email=tractiontools.user001+ta511vzl@gmail.com&teamsId=a0ba5dc9-ba2e-a9a8-aab9-94d21f2bd012&meetingsId=9eba5dc9-ba1f-2509-9314-84cefef9629d&adminsId=70ba5dc9-bd58-959c-e932-16e5fdcf6e7a&usersId=58ba5dc9-ba3d-5ca0-7c12-0bc4ea0db5e7&supervisorsId=fcba5dc9-ba0f-c307-5026-ee3ee99e0cde&accountabilityChartId=c2ba5dc9-ba4b-87b5-ecbe-65b544ad80f0&isCreator=1' successfully

2020-09-23 23:27:26 - [MESSAGE][PASSED] - Navigate to 'http://local.traction.tools:5000/activate?activationKey=93eed035-d991-45d4-8288-203edc56cb46&userId=c4ba5dc9-bc74-d9e7-dce8-13bd900e0b29&orgId=14ba5dc9-b9eb-ccda-e437-1d0fe66ddb63&email=tractiontools.user001+ta511vzl@gmail.com&teamsId=a0ba5dc9-ba2e-a9a8-aab9-94d21f2bd012&meetingsId=9eba5dc9-ba1f-2509-9314-84cefef9629d&adminsId=70ba5dc9-bd58-959c-e932-16e5fdcf6e7a&usersId=58ba5dc9-ba3d-5ca0-7c12-0bc4ea0db5e7&supervisorsId=fcba5dc9-ba0f-c307-5026-ee3ee99e0cde&accountabilityChartId=c2ba5dc9-ba4b-87b5-ecbe-65b544ad80f0&isCreator=1' successfully

2020-09-23 23:27:26 - [TEST_STEP][PASSED] - waitForElementVisible(findTestObject("V2/Commons/ActivationPage/input_Email_email"), DefaultTimeout): Object 'Object Repository/V2/Commons/ActivationPage/input_Email_email' is visible

2020-09-23 23:27:28 - [MESSAGE][PASSED] - Object 'Object Repository/V2/Commons/ActivationPage/input_Email_email' is visible

2020-09-23 23:27:28 - [TEST_STEP][PASSED] - actual_email = getAttribute(findTestObject("Object Repository/V2/Commons/ActivationPage/input_Email_email"), "value"): Attribute 'value' of object 'Object Repository/V2/Commons/ActivationPage/input_Email_email' is: 'tractiontools.user001+ta511vzl@gmail.com'

2020-09-23 23:27:29 - [MESSAGE][PASSED] - Attribute 'value' of object 'Object Repository/V2/Commons/ActivationPage/input_Email_email' is: 'tractiontools.user001+ta511vzl@gmail.com'

2020-09-23 23:27:29 - [TEST_STEP][PASSED] - verifyMatch(actual_email, email, false): Actual text 'tractiontools.user001+ta511vzl@gmail.com' and expected text 'tractiontools.user001+ta511vzl@gmail.com' are matched 

2020-09-23 23:27:29 - [MESSAGE][PASSED] - Actual text 'tractiontools.user001+ta511vzl@gmail.com' and expected text 'tractiontools.user001+ta511vzl@gmail.com' are matched 

2020-09-23 23:27:29 - [TEST_STEP][PASSED] - setText(findTestObject("V2/Commons/ActivationPage/input_password"), password): Text 'Qwer123!' is set on object 'Object Repository/V2/Commons/ActivationPage/input_password'

2020-09-23 23:27:29 - [MESSAGE][PASSED] - Text 'Qwer123!' is set on object 'Object Repository/V2/Commons/ActivationPage/input_password'

2020-09-23 23:27:29 - [TEST_STEP][PASSED] - setText(findTestObject("Object Repository/V2/Commons/ActivationPage/input__passwordRepeat"), password): Text 'Qwer123!' is set on object 'Object Repository/V2/Commons/ActivationPage/input__passwordRepeat'

2020-09-23 23:27:30 - [MESSAGE][PASSED] - Text 'Qwer123!' is set on object 'Object Repository/V2/Commons/ActivationPage/input__passwordRepeat'

2020-09-23 23:27:30 - [TEST_STEP][PASSED] - click(findTestObject("V2/Commons/ActivationPage/input_termsandconditions")): Object: 'Object Repository/V2/Commons/ActivationPage/input_termsandconditions' is clicked on

2020-09-23 23:27:30 - [MESSAGE][PASSED] - Object: 'Object Repository/V2/Commons/ActivationPage/input_termsandconditions' is clicked on

2020-09-23 23:27:30 - [TEST_STEP][PASSED] - click(findTestObject("Object Repository/V2/Commons/ActivationPage/div_Create account")): Object: 'Object Repository/V2/Commons/ActivationPage/div_Create account' is clicked on

2020-09-23 23:27:31 - [MESSAGE][PASSED] - Object: 'Object Repository/V2/Commons/ActivationPage/div_Create account' is clicked on

2020-09-23 23:27:31 - [TEST_STEP][PASSED] - waitForElementPresent(findTestObject("V2/Commons/DasboardPage_SidebarMenu/img_Home_logo-big"), DefaultTimeout): Object 'Object Repository/V2/Commons/DasboardPage_SidebarMenu/img_Home_logo-big' is present

2020-09-23 23:27:36 - [MESSAGE][PASSED] - Object 'Object Repository/V2/Commons/DasboardPage_SidebarMenu/img_Home_logo-big' is present

2020-09-23 23:27:36 - [TEST_STEP][PASSED] - verifyElementPresent(findTestObject("V2/Commons/DasboardPage_SidebarMenu/img_Home_logo-big"), 0): Object 'Object Repository/V2/Commons/DasboardPage_SidebarMenu/img_Home_logo-big' is present

2020-09-23 23:27:36 - [MESSAGE][WARNING] - Timeout '0' is invalid. Using default page load timeout: '30'

2020-09-23 23:27:37 - [MESSAGE][PASSED] - Object 'Object Repository/V2/Commons/DasboardPage_SidebarMenu/img_Home_logo-big' is present

2020-09-23 23:27:37 - [MESSAGE][PASSED] - Call Test Case 'Test Cases/V2/Test Case/Pre-conditions/PRE_ActivateNewUser' successfully

2020-09-23 23:27:37 - [TEST_STEP][PASSED] - callTestCase(findTestCase("V2/Test Case/Pre-conditions/PRE_SkipCompanyAndPersonalProfileSetup"), [:], STOP_ON_FAILURE): Call Test Case 'Test Cases/V2/Test Case/Pre-conditions/PRE_SkipCompanyAndPersonalProfileSetup' successfully

2020-09-23 23:27:37 - [TEST_CASE][PASSED] - Test Cases/V2/Test Case/Pre-conditions/PRE_SkipCompanyAndPersonalProfileSetup: Test Cases/V2/Test Case/Pre-conditions/PRE_SkipCompanyAndPersonalProfileSetup

2020-09-23 23:27:37 - [TEST_STEP][PASSED] - waitForElementVisible(findTestObject("V2/Commons/FirstUpdateCompanyAndPersonalInfoModal/confirmCompanyInfoHeader_h1"), DefaultTimeout): Object 'Object Repository/V2/Commons/FirstUpdateCompanyAndPersonalInfoModal/confirmCompanyInfoHeader_h1' is visible

2020-09-23 23:27:37 - [MESSAGE][PASSED] - Object 'Object Repository/V2/Commons/FirstUpdateCompanyAndPersonalInfoModal/confirmCompanyInfoHeader_h1' is visible

2020-09-23 23:27:37 - [TEST_STEP][PASSED] - click(findTestObject("V2/Commons/FirstUpdateCompanyAndPersonalInfoModal/confirmInfoSkip_button")): Object: 'Object Repository/V2/Commons/FirstUpdateCompanyAndPersonalInfoModal/confirmInfoSkip_button' is clicked on

2020-09-23 23:27:37 - [MESSAGE][PASSED] - Object: 'Object Repository/V2/Commons/FirstUpdateCompanyAndPersonalInfoModal/confirmInfoSkip_button' is clicked on

2020-09-23 23:27:37 - [TEST_STEP][PASSED] - waitForElementVisible(findTestObject("V2/Commons/FirstUpdateCompanyAndPersonalInfoModal/confirmPersonalInfoHeader_h1"), DefaultTimeout): Object 'Object Repository/V2/Commons/FirstUpdateCompanyAndPersonalInfoModal/confirmPersonalInfoHeader_h1' is visible

2020-09-23 23:27:38 - [MESSAGE][PASSED] - Object 'Object Repository/V2/Commons/FirstUpdateCompanyAndPersonalInfoModal/confirmPersonalInfoHeader_h1' is visible

2020-09-23 23:27:38 - [TEST_STEP][PASSED] - click(findTestObject("V2/Commons/FirstUpdateCompanyAndPersonalInfoModal/confirmInfoSkip_button")): Object: 'Object Repository/V2/Commons/FirstUpdateCompanyAndPersonalInfoModal/confirmInfoSkip_button' is clicked on

2020-09-23 23:27:38 - [MESSAGE][PASSED] - Object: 'Object Repository/V2/Commons/FirstUpdateCompanyAndPersonalInfoModal/confirmInfoSkip_button' is clicked on

2020-09-23 23:27:38 - [TEST_STEP][PASSED] - waitForElementVisible(findTestObject("V2/Commons/FirstUpdateCompanyAndPersonalInfoModal/letsGetStarted_button"), DefaultTimeout): Object 'Object Repository/V2/Commons/FirstUpdateCompanyAndPersonalInfoModal/letsGetStarted_button' is visible

2020-09-23 23:27:39 - [MESSAGE][PASSED] - Object 'Object Repository/V2/Commons/FirstUpdateCompanyAndPersonalInfoModal/letsGetStarted_button' is visible

2020-09-23 23:27:39 - [TEST_STEP][PASSED] - click(findTestObject("V2/Commons/FirstUpdateCompanyAndPersonalInfoModal/letsGetStarted_button")): Object: 'Object Repository/V2/Commons/FirstUpdateCompanyAndPersonalInfoModal/letsGetStarted_button' is clicked on

2020-09-23 23:27:39 - [MESSAGE][PASSED] - Object: 'Object Repository/V2/Commons/FirstUpdateCompanyAndPersonalInfoModal/letsGetStarted_button' is clicked on

2020-09-23 23:27:39 - [MESSAGE][PASSED] - Call Test Case 'Test Cases/V2/Test Case/Pre-conditions/PRE_SkipCompanyAndPersonalProfileSetup' successfully

2020-09-23 23:27:39 - [TEST_STEP][PASSED] - supervisor_activationURL = tt_CustomKeywords.CustomKeywords.RegisterAndActivateSupervisorUserViaAPI(V2Url, orgID, supervisor_email, password, email, password, supervisor_fname, lastname): SUCCESFFULLY registered a new user via API. 
 Generated Activation Link: 
http://local.traction.tools:5000/activate?activationKey=deefe337-fd37-490b-b222-13922b0b3232&userId=d8ba5dc9-e564-b898-9df8-4ccf1bf39776&orgId=14ba5dc9-b9eb-ccda-e437-1d0fe66ddb63&email=tractiontools.user001+ts5qavth@gmail.com&isCreator=0

2020-09-23 23:27:41 - [MESSAGE][PASSED] - SUCCESFFULLY registered a new user via API. 
 Generated Activation Link: 
http://local.traction.tools:5000/activate?activationKey=deefe337-fd37-490b-b222-13922b0b3232&userId=d8ba5dc9-e564-b898-9df8-4ccf1bf39776&orgId=14ba5dc9-b9eb-ccda-e437-1d0fe66ddb63&email=tractiontools.user001+ts5qavth@gmail.com&isCreator=0

2020-09-23 23:27:41 - [TEST_STEP][PASSED] - callTestCase(findTestCase("V2/Test Case/Pre-conditions/PRE_ChangeUserPermissionViaManageUser"), ["showMenuItemsPath":"//div[@class='usercard__detail_container']/div[text()='%s']/ancestor::div[contains(@class,'usercard__content')]//button[@aria-label='Show Menu Items']", "user_email":supervisor_email, ... ], STOP_ON_FAILURE): Call Test Case 'Test Cases/V2/Test Case/Pre-conditions/PRE_ChangeUserPermissionViaManageUser' successfully

2020-09-23 23:27:41 - [TEST_CASE][PASSED] - Test Cases/V2/Test Case/Pre-conditions/PRE_ChangeUserPermissionViaManageUser: Test Cases/V2/Test Case/Pre-conditions/PRE_ChangeUserPermissionViaManageUser

2020-09-23 23:27:41 - [TEST_STEP][PASSED] - click(findTestObject("Object Repository/V2/Commons/ManageUsersPage/span_Company Settings")): Object: 'Object Repository/V2/Commons/ManageUsersPage/span_Company Settings' is clicked on

2020-09-23 23:27:41 - [MESSAGE][PASSED] - Object: 'Object Repository/V2/Commons/ManageUsersPage/span_Company Settings' is clicked on

2020-09-23 23:27:41 - [TEST_STEP][PASSED] - click(findTestObject("V2/Commons/DasboardPage_SidebarMenu/a_Manage Users")): Object: 'Object Repository/V2/Commons/DasboardPage_SidebarMenu/a_Manage Users' is clicked on

2020-09-23 23:27:42 - [MESSAGE][PASSED] - Object: 'Object Repository/V2/Commons/DasboardPage_SidebarMenu/a_Manage Users' is clicked on

2020-09-23 23:27:42 - [TEST_STEP][PASSED] - showMenuItemsObj = tt_CustomKeywords.CustomKeywords.CreateDynamicElement(showMenuItemsPath, user_email, "xpath"): Successfully created new dynamic object: //div[@class='usercard__detail_container']/div[text()='tractiontools.user001+ts5qavth@gmail.com']/ancestor::div[contains(@class,'usercard__content')]//button[@aria-label='Show Menu Items']

2020-09-23 23:27:42 - [MESSAGE][PASSED] - Successfully created new dynamic object: //div[@class='usercard__detail_container']/div[text()='tractiontools.user001+ts5qavth@gmail.com']/ancestor::div[contains(@class,'usercard__content')]//button[@aria-label='Show Menu Items']

2020-09-23 23:27:42 - [TEST_STEP][PASSED] - click(showMenuItemsObj): Object: '' is clicked on

2020-09-23 23:27:42 - [MESSAGE][PASSED] - Object: '' is clicked on

2020-09-23 23:27:42 - [TEST_STEP][PASSED] - click(findTestObject("Object Repository/V2/Commons/ManageUsersPage/div_Edit user")): Object: 'Object Repository/V2/Commons/ManageUsersPage/div_Edit user' is clicked on

2020-09-23 23:27:43 - [MESSAGE][PASSED] - Object: 'Object Repository/V2/Commons/ManageUsersPage/div_Edit user' is clicked on

2020-09-23 23:27:43 - [TEST_STEP][PASSED] - verifyElementPresent(findTestObject("V2/Commons/ManageUsersPage/div_PositionTitle"), DefaultTimeout): Object 'Object Repository/V2/Commons/ManageUsersPage/div_PositionTitle' is present

2020-09-23 23:27:43 - [MESSAGE][PASSED] - Object 'Object Repository/V2/Commons/ManageUsersPage/div_PositionTitle' is present

2020-09-23 23:27:43 - [TEST_STEP][PASSED] - setText(findTestObject("V2/Commons/ManageUsersPage/position_title_input"), position_title): Text 'QA Manager' is set on object 'Object Repository/V2/Commons/ManageUsersPage/position_title_input'

2020-09-23 23:27:44 - [MESSAGE][PASSED] - Text 'QA Manager' is set on object 'Object Repository/V2/Commons/ManageUsersPage/position_title_input'

2020-09-23 23:27:44 - [TEST_STEP][PASSED] - sendKeys(findTestObject("V2/Commons/ManageUsersPage/position_title_input"), Keys.chord(ENTER)): Keys 'ENTER + ' sent to object: 'Object Repository/V2/Commons/ManageUsersPage/position_title_input'

2020-09-23 23:27:44 - [MESSAGE][PASSED] - Keys 'ENTER + ' sent to object: 'Object Repository/V2/Commons/ManageUsersPage/position_title_input'

2020-09-23 23:27:44 - [TEST_STEP][PASSED] - if (permissionValue == "Employee"): null

2020-09-23 23:27:44 - [TEST_STEP][PASSED] - verifyElementPresent(findTestObject("Object Repository/V2/Commons/ManageUsersPage/div_User type"), DefaultTimeout): Object 'Object Repository/V2/Commons/ManageUsersPage/div_User type' is present

2020-09-23 23:27:45 - [MESSAGE][PASSED] - Object 'Object Repository/V2/Commons/ManageUsersPage/div_User type' is present

2020-09-23 23:27:45 - [TEST_STEP][PASSED] - click(findTestObject("Object Repository/V2/Commons/ManageUsersPage/input__orgRole")): Object: 'Object Repository/V2/Commons/ManageUsersPage/input__orgRole' is clicked on

2020-09-23 23:27:45 - [MESSAGE][PASSED] - Object: 'Object Repository/V2/Commons/ManageUsersPage/input__orgRole' is clicked on

2020-09-23 23:27:45 - [TEST_STEP][PASSED] - roleOptionObj = tt_CustomKeywords.CustomKeywords.CreateDynamicElement(roleOption, permissionValue, "xpath"): Successfully created new dynamic object: //span[text()='Supervisor']/parent::div[@role='option']

2020-09-23 23:27:45 - [MESSAGE][PASSED] - Successfully created new dynamic object: //span[text()='Supervisor']/parent::div[@role='option']

2020-09-23 23:27:45 - [TEST_STEP][PASSED] - click(roleOptionObj): Object: '' is clicked on

2020-09-23 23:27:46 - [MESSAGE][PASSED] - Object: '' is clicked on

2020-09-23 23:27:46 - [TEST_STEP][PASSED] - click(findTestObject("Object Repository/V2/Commons/ManageUsersPage/div_Save")): Object: 'Object Repository/V2/Commons/ManageUsersPage/div_Save' is clicked on

2020-09-23 23:27:46 - [MESSAGE][PASSED] - Object: 'Object Repository/V2/Commons/ManageUsersPage/div_Save' is clicked on

2020-09-23 23:27:46 - [TEST_STEP][PASSED] - waitForElementVisible(findTestObject("V2/Commons/ManageUsersPage/h3_User Saved"), DefaultTimeout): Object 'Object Repository/V2/Commons/ManageUsersPage/h3_User Saved' is visible

2020-09-23 23:27:49 - [MESSAGE][PASSED] - Object 'Object Repository/V2/Commons/ManageUsersPage/h3_User Saved' is visible

2020-09-23 23:27:49 - [TEST_STEP][PASSED] - verifyElementVisible(findTestObject("Object Repository/V2/Commons/ManageUsersPage/h3_User Saved")): Object 'Object Repository/V2/Commons/ManageUsersPage/h3_User Saved' is visible

2020-09-23 23:27:49 - [MESSAGE][PASSED] - Object 'Object Repository/V2/Commons/ManageUsersPage/h3_User Saved' is visible

2020-09-23 23:27:49 - [MESSAGE][PASSED] - Call Test Case 'Test Cases/V2/Test Case/Pre-conditions/PRE_ChangeUserPermissionViaManageUser' successfully

2020-09-23 23:27:49 - [TEST_STEP][PASSED] - employee_activationURL = tt_CustomKeywords.CustomKeywords.RegisterAndActivateSupervisorUserViaAPI(V2Url, orgID, employee_email, password, email, password, employee_fname, lastname): SUCCESFFULLY registered a new user via API. 
 Generated Activation Link: 
http://local.traction.tools:5000/activate?activationKey=8b950cb2-ba36-44bc-9a92-7a1b2b7ac583&userId=d2ba5dc9-f897-babe-0cb3-ce573064b5d6&orgId=14ba5dc9-b9eb-ccda-e437-1d0fe66ddb63&email=tractiontools.user001+te5rcfeb@gmail.com&isCreator=0

2020-09-23 23:27:51 - [MESSAGE][PASSED] - SUCCESFFULLY registered a new user via API. 
 Generated Activation Link: 
http://local.traction.tools:5000/activate?activationKey=8b950cb2-ba36-44bc-9a92-7a1b2b7ac583&userId=d2ba5dc9-f897-babe-0cb3-ce573064b5d6&orgId=14ba5dc9-b9eb-ccda-e437-1d0fe66ddb63&email=tractiontools.user001+te5rcfeb@gmail.com&isCreator=0

2020-09-23 23:27:51 - [TEST_STEP][PASSED] - callTestCase(findTestCase("V2/Test Case/Pre-conditions/PRE_ChangeUserPermissionViaManageUser"), ["showMenuItemsPath":"//div[@class='usercard__detail_container']/div[text()='%s']/ancestor::div[contains(@class,'usercard__content')]//button[@aria-label='Show Menu Items']", "user_email":employee_email, ... ], STOP_ON_FAILURE): Call Test Case 'Test Cases/V2/Test Case/Pre-conditions/PRE_ChangeUserPermissionViaManageUser' successfully

2020-09-23 23:27:51 - [TEST_CASE][PASSED] - Test Cases/V2/Test Case/Pre-conditions/PRE_ChangeUserPermissionViaManageUser: Test Cases/V2/Test Case/Pre-conditions/PRE_ChangeUserPermissionViaManageUser

2020-09-23 23:27:51 - [TEST_STEP][PASSED] - click(findTestObject("Object Repository/V2/Commons/ManageUsersPage/span_Company Settings")): Object: 'Object Repository/V2/Commons/ManageUsersPage/span_Company Settings' is clicked on

2020-09-23 23:27:51 - [MESSAGE][PASSED] - Object: 'Object Repository/V2/Commons/ManageUsersPage/span_Company Settings' is clicked on

2020-09-23 23:27:51 - [TEST_STEP][PASSED] - click(findTestObject("V2/Commons/DasboardPage_SidebarMenu/a_Manage Users")): Object: 'Object Repository/V2/Commons/DasboardPage_SidebarMenu/a_Manage Users' is clicked on

2020-09-23 23:27:52 - [MESSAGE][PASSED] - Object: 'Object Repository/V2/Commons/DasboardPage_SidebarMenu/a_Manage Users' is clicked on

2020-09-23 23:27:52 - [TEST_STEP][PASSED] - showMenuItemsObj = tt_CustomKeywords.CustomKeywords.CreateDynamicElement(showMenuItemsPath, user_email, "xpath"): Successfully created new dynamic object: //div[@class='usercard__detail_container']/div[text()='tractiontools.user001+te5rcfeb@gmail.com']/ancestor::div[contains(@class,'usercard__content')]//button[@aria-label='Show Menu Items']

2020-09-23 23:27:52 - [MESSAGE][PASSED] - Successfully created new dynamic object: //div[@class='usercard__detail_container']/div[text()='tractiontools.user001+te5rcfeb@gmail.com']/ancestor::div[contains(@class,'usercard__content')]//button[@aria-label='Show Menu Items']

2020-09-23 23:27:52 - [TEST_STEP][PASSED] - click(showMenuItemsObj): Object: '' is clicked on

2020-09-23 23:27:52 - [MESSAGE][PASSED] - Object: '' is clicked on

2020-09-23 23:27:52 - [TEST_STEP][PASSED] - click(findTestObject("Object Repository/V2/Commons/ManageUsersPage/div_Edit user")): Object: 'Object Repository/V2/Commons/ManageUsersPage/div_Edit user' is clicked on

2020-09-23 23:27:52 - [MESSAGE][PASSED] - Object: 'Object Repository/V2/Commons/ManageUsersPage/div_Edit user' is clicked on

2020-09-23 23:27:52 - [TEST_STEP][PASSED] - verifyElementPresent(findTestObject("V2/Commons/ManageUsersPage/div_PositionTitle"), DefaultTimeout): Object 'Object Repository/V2/Commons/ManageUsersPage/div_PositionTitle' is present

2020-09-23 23:27:53 - [MESSAGE][PASSED] - Object 'Object Repository/V2/Commons/ManageUsersPage/div_PositionTitle' is present

2020-09-23 23:27:53 - [TEST_STEP][PASSED] - setText(findTestObject("V2/Commons/ManageUsersPage/position_title_input"), position_title): Text 'Quality Assurance' is set on object 'Object Repository/V2/Commons/ManageUsersPage/position_title_input'

2020-09-23 23:27:53 - [MESSAGE][PASSED] - Text 'Quality Assurance' is set on object 'Object Repository/V2/Commons/ManageUsersPage/position_title_input'

2020-09-23 23:27:53 - [TEST_STEP][PASSED] - sendKeys(findTestObject("V2/Commons/ManageUsersPage/position_title_input"), Keys.chord(ENTER)): Keys 'ENTER + ' sent to object: 'Object Repository/V2/Commons/ManageUsersPage/position_title_input'

2020-09-23 23:27:54 - [MESSAGE][PASSED] - Keys 'ENTER + ' sent to object: 'Object Repository/V2/Commons/ManageUsersPage/position_title_input'

2020-09-23 23:27:54 - [TEST_STEP][PASSED] - if (permissionValue == "Employee"): Keys 'ENTER + ' sent to object: 'Object Repository/V2/Commons/ManageUsersPage/supervisor_input'

2020-09-23 23:27:54 - [TEST_STEP][PASSED] - verifyElementPresent(findTestObject("V2/Commons/ManageUsersPage/supervisor_input"), DefaultTimeout): Object 'Object Repository/V2/Commons/ManageUsersPage/supervisor_input' is present

2020-09-23 23:27:55 - [MESSAGE][PASSED] - Object 'Object Repository/V2/Commons/ManageUsersPage/supervisor_input' is present

2020-09-23 23:27:55 - [TEST_STEP][PASSED] - setText(findTestObject("V2/Commons/ManageUsersPage/supervisor_input"), user_supervisorName): Text 'Supervisor User' is set on object 'Object Repository/V2/Commons/ManageUsersPage/supervisor_input'

2020-09-23 23:27:55 - [MESSAGE][PASSED] - Text 'Supervisor User' is set on object 'Object Repository/V2/Commons/ManageUsersPage/supervisor_input'

2020-09-23 23:27:55 - [TEST_STEP][PASSED] - sendKeys(findTestObject("V2/Commons/ManageUsersPage/supervisor_input"), Keys.chord(ENTER)): Keys 'ENTER + ' sent to object: 'Object Repository/V2/Commons/ManageUsersPage/supervisor_input'

2020-09-23 23:27:56 - [MESSAGE][PASSED] - Keys 'ENTER + ' sent to object: 'Object Repository/V2/Commons/ManageUsersPage/supervisor_input'

2020-09-23 23:27:56 - [TEST_STEP][PASSED] - verifyElementPresent(findTestObject("Object Repository/V2/Commons/ManageUsersPage/div_User type"), DefaultTimeout): Object 'Object Repository/V2/Commons/ManageUsersPage/div_User type' is present

2020-09-23 23:27:57 - [MESSAGE][PASSED] - Object 'Object Repository/V2/Commons/ManageUsersPage/div_User type' is present

2020-09-23 23:27:57 - [TEST_STEP][PASSED] - click(findTestObject("Object Repository/V2/Commons/ManageUsersPage/input__orgRole")): Object: 'Object Repository/V2/Commons/ManageUsersPage/input__orgRole' is clicked on

2020-09-23 23:27:57 - [MESSAGE][PASSED] - Object: 'Object Repository/V2/Commons/ManageUsersPage/input__orgRole' is clicked on

2020-09-23 23:27:57 - [TEST_STEP][PASSED] - roleOptionObj = tt_CustomKeywords.CustomKeywords.CreateDynamicElement(roleOption, permissionValue, "xpath"): Successfully created new dynamic object: //span[text()='Employee']/parent::div[@role='option']

2020-09-23 23:27:57 - [MESSAGE][PASSED] - Successfully created new dynamic object: //span[text()='Employee']/parent::div[@role='option']

2020-09-23 23:27:57 - [TEST_STEP][PASSED] - click(roleOptionObj): Object: '' is clicked on

2020-09-23 23:27:57 - [MESSAGE][PASSED] - Object: '' is clicked on

2020-09-23 23:27:57 - [TEST_STEP][PASSED] - click(findTestObject("Object Repository/V2/Commons/ManageUsersPage/div_Save")): Object: 'Object Repository/V2/Commons/ManageUsersPage/div_Save' is clicked on

2020-09-23 23:27:58 - [MESSAGE][PASSED] - Object: 'Object Repository/V2/Commons/ManageUsersPage/div_Save' is clicked on

2020-09-23 23:27:58 - [TEST_STEP][PASSED] - waitForElementVisible(findTestObject("V2/Commons/ManageUsersPage/h3_User Saved"), DefaultTimeout): Object 'Object Repository/V2/Commons/ManageUsersPage/h3_User Saved' is visible

2020-09-23 23:28:01 - [MESSAGE][PASSED] - Object 'Object Repository/V2/Commons/ManageUsersPage/h3_User Saved' is visible

2020-09-23 23:28:01 - [TEST_STEP][PASSED] - verifyElementVisible(findTestObject("Object Repository/V2/Commons/ManageUsersPage/h3_User Saved")): Object 'Object Repository/V2/Commons/ManageUsersPage/h3_User Saved' is visible

2020-09-23 23:28:01 - [MESSAGE][PASSED] - Object 'Object Repository/V2/Commons/ManageUsersPage/h3_User Saved' is visible

2020-09-23 23:28:01 - [MESSAGE][PASSED] - Call Test Case 'Test Cases/V2/Test Case/Pre-conditions/PRE_ChangeUserPermissionViaManageUser' successfully

2020-09-23 23:28:01 - [TEST_STEP][PASSED] - callTestCase(findTestCase("V2/Test Case/Pre-conditions/PRE_ActivateNewUser"), ["activationURL":supervisor_activationURL, "email":supervisor_email, "password":password], STOP_ON_FAILURE): Call Test Case 'Test Cases/V2/Test Case/Pre-conditions/PRE_ActivateNewUser' successfully

2020-09-23 23:28:02 - [TEST_CASE][PASSED] - Test Cases/V2/Test Case/Pre-conditions/PRE_ActivateNewUser: Test Cases/V2/Test Case/Pre-conditions/PRE_ActivateNewUser

2020-09-23 23:28:02 - [TEST_STEP][PASSED] - navigateToUrl(activationURL): Navigate to 'http://local.traction.tools:5000/activate?activationKey=deefe337-fd37-490b-b222-13922b0b3232&userId=d8ba5dc9-e564-b898-9df8-4ccf1bf39776&orgId=14ba5dc9-b9eb-ccda-e437-1d0fe66ddb63&email=tractiontools.user001+ts5qavth@gmail.com&isCreator=0' successfully

2020-09-23 23:28:03 - [MESSAGE][PASSED] - Navigate to 'http://local.traction.tools:5000/activate?activationKey=deefe337-fd37-490b-b222-13922b0b3232&userId=d8ba5dc9-e564-b898-9df8-4ccf1bf39776&orgId=14ba5dc9-b9eb-ccda-e437-1d0fe66ddb63&email=tractiontools.user001+ts5qavth@gmail.com&isCreator=0' successfully

2020-09-23 23:28:03 - [TEST_STEP][PASSED] - waitForElementVisible(findTestObject("V2/Commons/ActivationPage/input_Email_email"), DefaultTimeout): Object 'Object Repository/V2/Commons/ActivationPage/input_Email_email' is visible

2020-09-23 23:28:05 - [MESSAGE][PASSED] - Object 'Object Repository/V2/Commons/ActivationPage/input_Email_email' is visible

2020-09-23 23:28:05 - [TEST_STEP][PASSED] - actual_email = getAttribute(findTestObject("Object Repository/V2/Commons/ActivationPage/input_Email_email"), "value"): Attribute 'value' of object 'Object Repository/V2/Commons/ActivationPage/input_Email_email' is: 'tractiontools.user001+ts5qavth@gmail.com'

2020-09-23 23:28:05 - [MESSAGE][PASSED] - Attribute 'value' of object 'Object Repository/V2/Commons/ActivationPage/input_Email_email' is: 'tractiontools.user001+ts5qavth@gmail.com'

2020-09-23 23:28:05 - [TEST_STEP][PASSED] - verifyMatch(actual_email, email, false): Actual text 'tractiontools.user001+ts5qavth@gmail.com' and expected text 'tractiontools.user001+ts5qavth@gmail.com' are matched 

2020-09-23 23:28:05 - [MESSAGE][PASSED] - Actual text 'tractiontools.user001+ts5qavth@gmail.com' and expected text 'tractiontools.user001+ts5qavth@gmail.com' are matched 

2020-09-23 23:28:05 - [TEST_STEP][PASSED] - setText(findTestObject("V2/Commons/ActivationPage/input_password"), password): Text 'Qwer123!' is set on object 'Object Repository/V2/Commons/ActivationPage/input_password'

2020-09-23 23:28:05 - [MESSAGE][PASSED] - Text 'Qwer123!' is set on object 'Object Repository/V2/Commons/ActivationPage/input_password'

2020-09-23 23:28:05 - [TEST_STEP][PASSED] - setText(findTestObject("Object Repository/V2/Commons/ActivationPage/input__passwordRepeat"), password): Text 'Qwer123!' is set on object 'Object Repository/V2/Commons/ActivationPage/input__passwordRepeat'

2020-09-23 23:28:06 - [MESSAGE][PASSED] - Text 'Qwer123!' is set on object 'Object Repository/V2/Commons/ActivationPage/input__passwordRepeat'

2020-09-23 23:28:06 - [TEST_STEP][PASSED] - click(findTestObject("V2/Commons/ActivationPage/input_termsandconditions")): Object: 'Object Repository/V2/Commons/ActivationPage/input_termsandconditions' is clicked on

2020-09-23 23:28:07 - [MESSAGE][PASSED] - Object: 'Object Repository/V2/Commons/ActivationPage/input_termsandconditions' is clicked on

2020-09-23 23:28:07 - [TEST_STEP][PASSED] - click(findTestObject("Object Repository/V2/Commons/ActivationPage/div_Create account")): Object: 'Object Repository/V2/Commons/ActivationPage/div_Create account' is clicked on

2020-09-23 23:28:07 - [MESSAGE][PASSED] - Object: 'Object Repository/V2/Commons/ActivationPage/div_Create account' is clicked on

2020-09-23 23:28:07 - [TEST_STEP][PASSED] - waitForElementPresent(findTestObject("V2/Commons/DasboardPage_SidebarMenu/img_Home_logo-big"), DefaultTimeout): Object 'Object Repository/V2/Commons/DasboardPage_SidebarMenu/img_Home_logo-big' is present

2020-09-23 23:28:11 - [MESSAGE][PASSED] - Object 'Object Repository/V2/Commons/DasboardPage_SidebarMenu/img_Home_logo-big' is present

2020-09-23 23:28:11 - [TEST_STEP][PASSED] - verifyElementPresent(findTestObject("V2/Commons/DasboardPage_SidebarMenu/img_Home_logo-big"), 0): Object 'Object Repository/V2/Commons/DasboardPage_SidebarMenu/img_Home_logo-big' is present

2020-09-23 23:28:11 - [MESSAGE][WARNING] - Timeout '0' is invalid. Using default page load timeout: '30'

2020-09-23 23:28:11 - [MESSAGE][PASSED] - Object 'Object Repository/V2/Commons/DasboardPage_SidebarMenu/img_Home_logo-big' is present

2020-09-23 23:28:11 - [MESSAGE][PASSED] - Call Test Case 'Test Cases/V2/Test Case/Pre-conditions/PRE_ActivateNewUser' successfully

2020-09-23 23:28:11 - [TEST_STEP][PASSED] - callTestCase(findTestCase("V2/Test Case/Pre-conditions/PRE_SkipPersonalProfileSetup"), [:], STOP_ON_FAILURE): Call Test Case 'Test Cases/V2/Test Case/Pre-conditions/PRE_SkipPersonalProfileSetup' successfully

2020-09-23 23:28:11 - [TEST_CASE][PASSED] - Test Cases/V2/Test Case/Pre-conditions/PRE_SkipPersonalProfileSetup: Test Cases/V2/Test Case/Pre-conditions/PRE_SkipPersonalProfileSetup

2020-09-23 23:28:11 - [TEST_STEP][PASSED] - waitForElementVisible(findTestObject("V2/Commons/FirstUpdateCompanyAndPersonalInfoModal/confirmPersonalInfoHeader_h1"), DefaultTimeout): Object 'Object Repository/V2/Commons/FirstUpdateCompanyAndPersonalInfoModal/confirmPersonalInfoHeader_h1' is visible

2020-09-23 23:28:12 - [MESSAGE][PASSED] - Object 'Object Repository/V2/Commons/FirstUpdateCompanyAndPersonalInfoModal/confirmPersonalInfoHeader_h1' is visible

2020-09-23 23:28:12 - [TEST_STEP][PASSED] - click(findTestObject("V2/Commons/FirstUpdateCompanyAndPersonalInfoModal/confirmInfoSkip_button")): Object: 'Object Repository/V2/Commons/FirstUpdateCompanyAndPersonalInfoModal/confirmInfoSkip_button' is clicked on

2020-09-23 23:28:12 - [MESSAGE][PASSED] - Object: 'Object Repository/V2/Commons/FirstUpdateCompanyAndPersonalInfoModal/confirmInfoSkip_button' is clicked on

2020-09-23 23:28:12 - [TEST_STEP][PASSED] - waitForElementVisible(findTestObject("V2/Commons/FirstUpdateCompanyAndPersonalInfoModal/letsGetStarted_button"), DefaultTimeout): Object 'Object Repository/V2/Commons/FirstUpdateCompanyAndPersonalInfoModal/letsGetStarted_button' is visible

2020-09-23 23:28:13 - [MESSAGE][PASSED] - Object 'Object Repository/V2/Commons/FirstUpdateCompanyAndPersonalInfoModal/letsGetStarted_button' is visible

2020-09-23 23:28:13 - [TEST_STEP][PASSED] - click(findTestObject("V2/Commons/FirstUpdateCompanyAndPersonalInfoModal/letsGetStarted_button")): Object: 'Object Repository/V2/Commons/FirstUpdateCompanyAndPersonalInfoModal/letsGetStarted_button' is clicked on

2020-09-23 23:28:13 - [MESSAGE][PASSED] - Object: 'Object Repository/V2/Commons/FirstUpdateCompanyAndPersonalInfoModal/letsGetStarted_button' is clicked on

2020-09-23 23:28:13 - [MESSAGE][PASSED] - Call Test Case 'Test Cases/V2/Test Case/Pre-conditions/PRE_SkipPersonalProfileSetup' successfully

2020-09-23 23:28:13 - [TEST_STEP][PASSED] - callTestCase(findTestCase("V2/Test Case/Pre-conditions/PRE_ActivateNewUser"), ["activationURL":employee_activationURL, "email":employee_email, "password":password], STOP_ON_FAILURE): Call Test Case 'Test Cases/V2/Test Case/Pre-conditions/PRE_ActivateNewUser' successfully

2020-09-23 23:28:13 - [TEST_CASE][PASSED] - Test Cases/V2/Test Case/Pre-conditions/PRE_ActivateNewUser: Test Cases/V2/Test Case/Pre-conditions/PRE_ActivateNewUser

2020-09-23 23:28:13 - [TEST_STEP][PASSED] - navigateToUrl(activationURL): Navigate to 'http://local.traction.tools:5000/activate?activationKey=8b950cb2-ba36-44bc-9a92-7a1b2b7ac583&userId=d2ba5dc9-f897-babe-0cb3-ce573064b5d6&orgId=14ba5dc9-b9eb-ccda-e437-1d0fe66ddb63&email=tractiontools.user001+te5rcfeb@gmail.com&isCreator=0' successfully

2020-09-23 23:28:14 - [MESSAGE][PASSED] - Navigate to 'http://local.traction.tools:5000/activate?activationKey=8b950cb2-ba36-44bc-9a92-7a1b2b7ac583&userId=d2ba5dc9-f897-babe-0cb3-ce573064b5d6&orgId=14ba5dc9-b9eb-ccda-e437-1d0fe66ddb63&email=tractiontools.user001+te5rcfeb@gmail.com&isCreator=0' successfully

2020-09-23 23:28:14 - [TEST_STEP][PASSED] - waitForElementVisible(findTestObject("V2/Commons/ActivationPage/input_Email_email"), DefaultTimeout): Object 'Object Repository/V2/Commons/ActivationPage/input_Email_email' is visible

2020-09-23 23:28:15 - [MESSAGE][PASSED] - Object 'Object Repository/V2/Commons/ActivationPage/input_Email_email' is visible

2020-09-23 23:28:15 - [TEST_STEP][PASSED] - actual_email = getAttribute(findTestObject("Object Repository/V2/Commons/ActivationPage/input_Email_email"), "value"): Attribute 'value' of object 'Object Repository/V2/Commons/ActivationPage/input_Email_email' is: 'tractiontools.user001+te5rcfeb@gmail.com'

2020-09-23 23:28:16 - [MESSAGE][PASSED] - Attribute 'value' of object 'Object Repository/V2/Commons/ActivationPage/input_Email_email' is: 'tractiontools.user001+te5rcfeb@gmail.com'

2020-09-23 23:28:16 - [TEST_STEP][PASSED] - verifyMatch(actual_email, email, false): Actual text 'tractiontools.user001+te5rcfeb@gmail.com' and expected text 'tractiontools.user001+te5rcfeb@gmail.com' are matched 

2020-09-23 23:28:16 - [MESSAGE][PASSED] - Actual text 'tractiontools.user001+te5rcfeb@gmail.com' and expected text 'tractiontools.user001+te5rcfeb@gmail.com' are matched 

2020-09-23 23:28:16 - [TEST_STEP][PASSED] - setText(findTestObject("V2/Commons/ActivationPage/input_password"), password): Text 'Qwer123!' is set on object 'Object Repository/V2/Commons/ActivationPage/input_password'

2020-09-23 23:28:16 - [MESSAGE][PASSED] - Text 'Qwer123!' is set on object 'Object Repository/V2/Commons/ActivationPage/input_password'

2020-09-23 23:28:16 - [TEST_STEP][PASSED] - setText(findTestObject("Object Repository/V2/Commons/ActivationPage/input__passwordRepeat"), password): Text 'Qwer123!' is set on object 'Object Repository/V2/Commons/ActivationPage/input__passwordRepeat'

2020-09-23 23:28:17 - [MESSAGE][PASSED] - Text 'Qwer123!' is set on object 'Object Repository/V2/Commons/ActivationPage/input__passwordRepeat'

2020-09-23 23:28:17 - [TEST_STEP][PASSED] - click(findTestObject("V2/Commons/ActivationPage/input_termsandconditions")): Object: 'Object Repository/V2/Commons/ActivationPage/input_termsandconditions' is clicked on

2020-09-23 23:28:18 - [MESSAGE][PASSED] - Object: 'Object Repository/V2/Commons/ActivationPage/input_termsandconditions' is clicked on

2020-09-23 23:28:18 - [TEST_STEP][PASSED] - click(findTestObject("Object Repository/V2/Commons/ActivationPage/div_Create account")): Object: 'Object Repository/V2/Commons/ActivationPage/div_Create account' is clicked on

2020-09-23 23:28:18 - [MESSAGE][PASSED] - Object: 'Object Repository/V2/Commons/ActivationPage/div_Create account' is clicked on

2020-09-23 23:28:18 - [TEST_STEP][PASSED] - waitForElementPresent(findTestObject("V2/Commons/DasboardPage_SidebarMenu/img_Home_logo-big"), DefaultTimeout): Object 'Object Repository/V2/Commons/DasboardPage_SidebarMenu/img_Home_logo-big' is present

2020-09-23 23:28:22 - [MESSAGE][PASSED] - Object 'Object Repository/V2/Commons/DasboardPage_SidebarMenu/img_Home_logo-big' is present

2020-09-23 23:28:22 - [TEST_STEP][PASSED] - verifyElementPresent(findTestObject("V2/Commons/DasboardPage_SidebarMenu/img_Home_logo-big"), 0): Object 'Object Repository/V2/Commons/DasboardPage_SidebarMenu/img_Home_logo-big' is present

2020-09-23 23:28:22 - [MESSAGE][WARNING] - Timeout '0' is invalid. Using default page load timeout: '30'

2020-09-23 23:28:22 - [MESSAGE][PASSED] - Object 'Object Repository/V2/Commons/DasboardPage_SidebarMenu/img_Home_logo-big' is present

2020-09-23 23:28:22 - [MESSAGE][PASSED] - Call Test Case 'Test Cases/V2/Test Case/Pre-conditions/PRE_ActivateNewUser' successfully

2020-09-23 23:28:22 - [TEST_STEP][PASSED] - callTestCase(findTestCase("V2/Test Case/Pre-conditions/PRE_SkipPersonalProfileSetup"), [:], STOP_ON_FAILURE): Call Test Case 'Test Cases/V2/Test Case/Pre-conditions/PRE_SkipPersonalProfileSetup' successfully

2020-09-23 23:28:22 - [TEST_CASE][PASSED] - Test Cases/V2/Test Case/Pre-conditions/PRE_SkipPersonalProfileSetup: Test Cases/V2/Test Case/Pre-conditions/PRE_SkipPersonalProfileSetup

2020-09-23 23:28:22 - [TEST_STEP][PASSED] - waitForElementVisible(findTestObject("V2/Commons/FirstUpdateCompanyAndPersonalInfoModal/confirmPersonalInfoHeader_h1"), DefaultTimeout): Object 'Object Repository/V2/Commons/FirstUpdateCompanyAndPersonalInfoModal/confirmPersonalInfoHeader_h1' is visible

2020-09-23 23:28:22 - [MESSAGE][PASSED] - Object 'Object Repository/V2/Commons/FirstUpdateCompanyAndPersonalInfoModal/confirmPersonalInfoHeader_h1' is visible

2020-09-23 23:28:22 - [TEST_STEP][PASSED] - click(findTestObject("V2/Commons/FirstUpdateCompanyAndPersonalInfoModal/confirmInfoSkip_button")): Object: 'Object Repository/V2/Commons/FirstUpdateCompanyAndPersonalInfoModal/confirmInfoSkip_button' is clicked on

2020-09-23 23:28:23 - [MESSAGE][PASSED] - Object: 'Object Repository/V2/Commons/FirstUpdateCompanyAndPersonalInfoModal/confirmInfoSkip_button' is clicked on

2020-09-23 23:28:23 - [TEST_STEP][PASSED] - waitForElementVisible(findTestObject("V2/Commons/FirstUpdateCompanyAndPersonalInfoModal/letsGetStarted_button"), DefaultTimeout): Object 'Object Repository/V2/Commons/FirstUpdateCompanyAndPersonalInfoModal/letsGetStarted_button' is visible

2020-09-23 23:28:23 - [MESSAGE][PASSED] - Object 'Object Repository/V2/Commons/FirstUpdateCompanyAndPersonalInfoModal/letsGetStarted_button' is visible

2020-09-23 23:28:23 - [TEST_STEP][PASSED] - click(findTestObject("V2/Commons/FirstUpdateCompanyAndPersonalInfoModal/letsGetStarted_button")): Object: 'Object Repository/V2/Commons/FirstUpdateCompanyAndPersonalInfoModal/letsGetStarted_button' is clicked on

2020-09-23 23:28:24 - [MESSAGE][PASSED] - Object: 'Object Repository/V2/Commons/FirstUpdateCompanyAndPersonalInfoModal/letsGetStarted_button' is clicked on

2020-09-23 23:28:24 - [MESSAGE][PASSED] - Call Test Case 'Test Cases/V2/Test Case/Pre-conditions/PRE_SkipPersonalProfileSetup' successfully

2020-09-23 23:28:24 - [MESSAGE][PASSED] - Call Test Case 'Test Cases/V2/Test Case/Pre-conditions/PRE_RegisterAndActivateTTUsers' successfully

2020-09-23 23:28:24 - [TEST_STEP][PASSED] - closeBrowser(): Browser is closed

2020-09-23 23:28:24 - [MESSAGE][PASSED] - Browser is closed

2020-09-23 23:28:24 - [TEST_STEP][PASSED] - path = System.getProperty("user.dir"): null

2020-09-23 23:28:24 - [TEST_STEP][PASSED] - System.setProperty("webdriver.chrome.driver", getChromeDriverPath()): null

2020-09-23 23:28:24 - [TEST_STEP][PASSED] - driver1 = new org.openqa.selenium.chrome.ChromeDriver(): null

2020-09-23 23:28:28 - [TEST_STEP][PASSED] - changeWebDriver(driver1): null

2020-09-23 23:28:28 - [TEST_STEP][PASSED] - maximizeWindow(): Current window maximized

2020-09-23 23:28:30 - [MESSAGE][PASSED] - Current window maximized

2020-09-23 23:28:30 - [TEST_STEP][PASSED] - navigateToUrl(V2Url): Navigate to 'http://local.traction.tools:5000' successfully

2020-09-23 23:28:31 - [MESSAGE][PASSED] - Navigate to 'http://local.traction.tools:5000' successfully

2020-09-23 23:28:31 - [TEST_STEP][PASSED] - callTestCase(findTestCase("V2/Test Case/Pre-conditions/PRE_LoginToTractionToolsApplication"), ["username":email, "password":password], STOP_ON_FAILURE): Call Test Case 'Test Cases/V2/Test Case/Pre-conditions/PRE_LoginToTractionToolsApplication' successfully

2020-09-23 23:28:31 - [TEST_CASE][PASSED] - Test Cases/V2/Test Case/Pre-conditions/PRE_LoginToTractionToolsApplication: Test Cases/V2/Test Case/Pre-conditions/PRE_LoginToTractionToolsApplication

2020-09-23 23:28:31 - [TEST_STEP][PASSED] - waitForElementVisible(findTestObject("V2/Commons/LoginPage/input__username"), DefaultTimeout): Object 'Object Repository/V2/Commons/LoginPage/input__username' is visible

2020-09-23 23:28:32 - [MESSAGE][PASSED] - Object 'Object Repository/V2/Commons/LoginPage/input__username' is visible

2020-09-23 23:28:32 - [TEST_STEP][PASSED] - waitForElementVisible(findTestObject("V2/Commons/LoginPage/input__password"), DefaultTimeout): Object 'Object Repository/V2/Commons/LoginPage/input__password' is visible

2020-09-23 23:28:32 - [MESSAGE][PASSED] - Object 'Object Repository/V2/Commons/LoginPage/input__password' is visible

2020-09-23 23:28:32 - [TEST_STEP][PASSED] - setText(findTestObject("V2/Commons/LoginPage/input__username"), username): Text 'tractiontools.user001+ta511vzl@gmail.com' is set on object 'Object Repository/V2/Commons/LoginPage/input__username'

2020-09-23 23:28:33 - [MESSAGE][PASSED] - Text 'tractiontools.user001+ta511vzl@gmail.com' is set on object 'Object Repository/V2/Commons/LoginPage/input__username'

2020-09-23 23:28:33 - [TEST_STEP][PASSED] - setText(findTestObject("V2/Commons/LoginPage/input__password"), password): Text 'Qwer123!' is set on object 'Object Repository/V2/Commons/LoginPage/input__password'

2020-09-23 23:28:33 - [MESSAGE][PASSED] - Text 'Qwer123!' is set on object 'Object Repository/V2/Commons/LoginPage/input__password'

2020-09-23 23:28:33 - [TEST_STEP][PASSED] - click(findTestObject("V2/Commons/LoginPage/div_Login")): Object: 'Object Repository/V2/Commons/LoginPage/div_Login' is clicked on

2020-09-23 23:28:33 - [MESSAGE][PASSED] - Object: 'Object Repository/V2/Commons/LoginPage/div_Login' is clicked on

2020-09-23 23:28:33 - [TEST_STEP][PASSED] - waitForElementVisible(findTestObject("V2/Commons/DasboardPage_SidebarMenu/img_Home_logo-big"), DefaultTimeout): Object 'Object Repository/V2/Commons/DasboardPage_SidebarMenu/img_Home_logo-big' is visible

2020-09-23 23:28:38 - [MESSAGE][PASSED] - Object 'Object Repository/V2/Commons/DasboardPage_SidebarMenu/img_Home_logo-big' is visible

2020-09-23 23:28:38 - [TEST_STEP][PASSED] - verifyElementVisible(findTestObject("V2/Commons/DasboardPage_SidebarMenu/img_Home_logo-big"), STOP_ON_FAILURE): Object 'Object Repository/V2/Commons/DasboardPage_SidebarMenu/img_Home_logo-big' is visible

2020-09-23 23:28:38 - [MESSAGE][PASSED] - Object 'Object Repository/V2/Commons/DasboardPage_SidebarMenu/img_Home_logo-big' is visible

2020-09-23 23:28:38 - [MESSAGE][PASSED] - Call Test Case 'Test Cases/V2/Test Case/Pre-conditions/PRE_LoginToTractionToolsApplication' successfully

2020-09-23 23:28:38 - [TEST_STEP][PASSED] - driver2 = new org.openqa.selenium.chrome.ChromeDriver(): null

2020-09-23 23:28:41 - [TEST_STEP][PASSED] - changeWebDriver(driver2): null

2020-09-23 23:28:41 - [TEST_STEP][PASSED] - maximizeWindow(): Current window maximized

2020-09-23 23:28:43 - [MESSAGE][PASSED] - Current window maximized

2020-09-23 23:28:43 - [TEST_STEP][PASSED] - navigateToUrl(V2Url): Navigate to 'http://local.traction.tools:5000' successfully

2020-09-23 23:28:44 - [MESSAGE][PASSED] - Navigate to 'http://local.traction.tools:5000' successfully

2020-09-23 23:28:44 - [TEST_STEP][PASSED] - callTestCase(findTestCase("V2/Test Case/Pre-conditions/PRE_LoginToTractionToolsApplication"), ["username":supervisor_email, "password":password], STOP_ON_FAILURE): Call Test Case 'Test Cases/V2/Test Case/Pre-conditions/PRE_LoginToTractionToolsApplication' successfully

2020-09-23 23:28:44 - [TEST_CASE][PASSED] - Test Cases/V2/Test Case/Pre-conditions/PRE_LoginToTractionToolsApplication: Test Cases/V2/Test Case/Pre-conditions/PRE_LoginToTractionToolsApplication

2020-09-23 23:28:44 - [TEST_STEP][PASSED] - waitForElementVisible(findTestObject("V2/Commons/LoginPage/input__username"), DefaultTimeout): Object 'Object Repository/V2/Commons/LoginPage/input__username' is visible

2020-09-23 23:28:46 - [MESSAGE][PASSED] - Object 'Object Repository/V2/Commons/LoginPage/input__username' is visible

2020-09-23 23:28:46 - [TEST_STEP][PASSED] - waitForElementVisible(findTestObject("V2/Commons/LoginPage/input__password"), DefaultTimeout): Object 'Object Repository/V2/Commons/LoginPage/input__password' is visible

2020-09-23 23:28:46 - [MESSAGE][PASSED] - Object 'Object Repository/V2/Commons/LoginPage/input__password' is visible

2020-09-23 23:28:46 - [TEST_STEP][PASSED] - setText(findTestObject("V2/Commons/LoginPage/input__username"), username): Text 'tractiontools.user001+ts5qavth@gmail.com' is set on object 'Object Repository/V2/Commons/LoginPage/input__username'

2020-09-23 23:28:46 - [MESSAGE][PASSED] - Text 'tractiontools.user001+ts5qavth@gmail.com' is set on object 'Object Repository/V2/Commons/LoginPage/input__username'

2020-09-23 23:28:46 - [TEST_STEP][PASSED] - setText(findTestObject("V2/Commons/LoginPage/input__password"), password): Text 'Qwer123!' is set on object 'Object Repository/V2/Commons/LoginPage/input__password'

2020-09-23 23:28:46 - [MESSAGE][PASSED] - Text 'Qwer123!' is set on object 'Object Repository/V2/Commons/LoginPage/input__password'

2020-09-23 23:28:46 - [TEST_STEP][PASSED] - click(findTestObject("V2/Commons/LoginPage/div_Login")): Object: 'Object Repository/V2/Commons/LoginPage/div_Login' is clicked on

2020-09-23 23:28:46 - [MESSAGE][PASSED] - Object: 'Object Repository/V2/Commons/LoginPage/div_Login' is clicked on

2020-09-23 23:28:46 - [TEST_STEP][PASSED] - waitForElementVisible(findTestObject("V2/Commons/DasboardPage_SidebarMenu/img_Home_logo-big"), DefaultTimeout): Object 'Object Repository/V2/Commons/DasboardPage_SidebarMenu/img_Home_logo-big' is visible

2020-09-23 23:28:49 - [MESSAGE][PASSED] - Object 'Object Repository/V2/Commons/DasboardPage_SidebarMenu/img_Home_logo-big' is visible

2020-09-23 23:28:49 - [TEST_STEP][PASSED] - verifyElementVisible(findTestObject("V2/Commons/DasboardPage_SidebarMenu/img_Home_logo-big"), STOP_ON_FAILURE): Object 'Object Repository/V2/Commons/DasboardPage_SidebarMenu/img_Home_logo-big' is visible

2020-09-23 23:28:49 - [MESSAGE][PASSED] - Object 'Object Repository/V2/Commons/DasboardPage_SidebarMenu/img_Home_logo-big' is visible

2020-09-23 23:28:49 - [MESSAGE][PASSED] - Call Test Case 'Test Cases/V2/Test Case/Pre-conditions/PRE_LoginToTractionToolsApplication' successfully

2020-09-23 23:28:49 - [TEST_STEP][PASSED] - driver3 = new org.openqa.selenium.chrome.ChromeDriver(): null

2020-09-23 23:28:52 - [TEST_STEP][PASSED] - changeWebDriver(driver3): null

2020-09-23 23:28:52 - [TEST_STEP][PASSED] - maximizeWindow(): Current window maximized

2020-09-23 23:28:54 - [MESSAGE][PASSED] - Current window maximized

2020-09-23 23:28:54 - [TEST_STEP][PASSED] - navigateToUrl(V2Url): Navigate to 'http://local.traction.tools:5000' successfully

2020-09-23 23:28:55 - [MESSAGE][PASSED] - Navigate to 'http://local.traction.tools:5000' successfully

2020-09-23 23:28:55 - [TEST_STEP][PASSED] - callTestCase(findTestCase("V2/Test Case/Pre-conditions/PRE_LoginToTractionToolsApplication"), ["username":employee_email, "password":password], STOP_ON_FAILURE): Call Test Case 'Test Cases/V2/Test Case/Pre-conditions/PRE_LoginToTractionToolsApplication' successfully

2020-09-23 23:28:55 - [TEST_CASE][PASSED] - Test Cases/V2/Test Case/Pre-conditions/PRE_LoginToTractionToolsApplication: Test Cases/V2/Test Case/Pre-conditions/PRE_LoginToTractionToolsApplication

2020-09-23 23:28:55 - [TEST_STEP][PASSED] - waitForElementVisible(findTestObject("V2/Commons/LoginPage/input__username"), DefaultTimeout): Object 'Object Repository/V2/Commons/LoginPage/input__username' is visible

2020-09-23 23:28:57 - [MESSAGE][PASSED] - Object 'Object Repository/V2/Commons/LoginPage/input__username' is visible

2020-09-23 23:28:57 - [TEST_STEP][PASSED] - waitForElementVisible(findTestObject("V2/Commons/LoginPage/input__password"), DefaultTimeout): Object 'Object Repository/V2/Commons/LoginPage/input__password' is visible

2020-09-23 23:28:57 - [MESSAGE][PASSED] - Object 'Object Repository/V2/Commons/LoginPage/input__password' is visible

2020-09-23 23:28:57 - [TEST_STEP][PASSED] - setText(findTestObject("V2/Commons/LoginPage/input__username"), username): Text 'tractiontools.user001+te5rcfeb@gmail.com' is set on object 'Object Repository/V2/Commons/LoginPage/input__username'

2020-09-23 23:28:57 - [MESSAGE][PASSED] - Text 'tractiontools.user001+te5rcfeb@gmail.com' is set on object 'Object Repository/V2/Commons/LoginPage/input__username'

2020-09-23 23:28:57 - [TEST_STEP][PASSED] - setText(findTestObject("V2/Commons/LoginPage/input__password"), password): Text 'Qwer123!' is set on object 'Object Repository/V2/Commons/LoginPage/input__password'

2020-09-23 23:28:57 - [MESSAGE][PASSED] - Text 'Qwer123!' is set on object 'Object Repository/V2/Commons/LoginPage/input__password'

2020-09-23 23:28:57 - [TEST_STEP][PASSED] - click(findTestObject("V2/Commons/LoginPage/div_Login")): Object: 'Object Repository/V2/Commons/LoginPage/div_Login' is clicked on

2020-09-23 23:28:58 - [MESSAGE][PASSED] - Object: 'Object Repository/V2/Commons/LoginPage/div_Login' is clicked on

2020-09-23 23:28:58 - [TEST_STEP][PASSED] - waitForElementVisible(findTestObject("V2/Commons/DasboardPage_SidebarMenu/img_Home_logo-big"), DefaultTimeout): Object 'Object Repository/V2/Commons/DasboardPage_SidebarMenu/img_Home_logo-big' is visible

2020-09-23 23:29:00 - [MESSAGE][PASSED] - Object 'Object Repository/V2/Commons/DasboardPage_SidebarMenu/img_Home_logo-big' is visible

2020-09-23 23:29:00 - [TEST_STEP][PASSED] - verifyElementVisible(findTestObject("V2/Commons/DasboardPage_SidebarMenu/img_Home_logo-big"), STOP_ON_FAILURE): Object 'Object Repository/V2/Commons/DasboardPage_SidebarMenu/img_Home_logo-big' is visible

2020-09-23 23:29:00 - [MESSAGE][PASSED] - Object 'Object Repository/V2/Commons/DasboardPage_SidebarMenu/img_Home_logo-big' is visible

2020-09-23 23:29:00 - [MESSAGE][PASSED] - Call Test Case 'Test Cases/V2/Test Case/Pre-conditions/PRE_LoginToTractionToolsApplication' successfully

2020-09-23 23:29:00 - [TEST_STEP][PASSED] - changeWebDriver(driver1): null

2020-09-23 23:29:00 - [TEST_STEP][PASSED] - callTestCase(findTestCase("V2/Test Case/Tests/TT-363 - Meeting List/Positive/Admin/TT_363_25_EditMeetingBI_Admin"), ["username":"", "password":"", "meetingName":meetingName, "meetingAcronym":meetingAcronym, "meetingDescription":meetingDescription, ... ], STOP_ON_FAILURE): Call Test Case 'Test Cases/V2/Test Case/Tests/TT-363 - Meeting List/Positive/Admin/TT_363_25_EditMeetingBI_Admin' successfully

2020-09-23 23:29:00 - [TEST_CASE][PASSED] - Test Cases/V2/Test Case/Tests/TT-363 - Meeting List/Positive/Admin/TT_363_25_EditMeetingBI_Admin: Test Cases/V2/Test Case/Tests/TT-363 - Meeting List/Positive/Admin/TT_363_25_EditMeetingBI_Admin

2020-09-23 23:29:00 - [TEST_STEP][NOT_RUN] - openBrowser(""): NOT_RUN: openBrowser("")

2020-09-23 23:29:00 - [MESSAGE][NOT_RUN] - NOT_RUN: openBrowser("")

2020-09-23 23:29:00 - [TEST_STEP][NOT_RUN] - maximizeWindow(): NOT_RUN: maximizeWindow()

2020-09-23 23:29:00 - [MESSAGE][NOT_RUN] - NOT_RUN: maximizeWindow()

2020-09-23 23:29:00 - [TEST_STEP][NOT_RUN] - navigateToUrl(V2Url): NOT_RUN: navigateToUrl(V2Url)

2020-09-23 23:29:00 - [MESSAGE][NOT_RUN] - NOT_RUN: navigateToUrl(V2Url)

2020-09-23 23:29:00 - [TEST_STEP][NOT_RUN] - delay(7): NOT_RUN: delay(7)

2020-09-23 23:29:00 - [MESSAGE][NOT_RUN] - NOT_RUN: delay(7)

2020-09-23 23:29:00 - [TEST_STEP][NOT_RUN] - waitForElementClickable(findTestObject("V2/TT-363/Page_Login/input__username"), 30): NOT_RUN: waitForElementClickable(findTestObject("V2/TT-363/Page_Login/input__username"), 30)

2020-09-23 23:29:00 - [MESSAGE][NOT_RUN] - NOT_RUN: waitForElementClickable(findTestObject("V2/TT-363/Page_Login/input__username"), 30)

2020-09-23 23:29:00 - [TEST_STEP][NOT_RUN] - setText(findTestObject("V2/TT-363/Page_Login/input__username"), username): NOT_RUN: setText(findTestObject("V2/TT-363/Page_Login/input__username"), username)

2020-09-23 23:29:00 - [MESSAGE][NOT_RUN] - NOT_RUN: setText(findTestObject("V2/TT-363/Page_Login/input__username"), username)

2020-09-23 23:29:00 - [TEST_STEP][NOT_RUN] - setText(findTestObject("Object Repository/V2/TT-363/Page_Login/input__password"), password): NOT_RUN: setText(findTestObject("Object Repository/V2/TT-363/Page_Login/input__password"), password)

2020-09-23 23:29:00 - [MESSAGE][NOT_RUN] - NOT_RUN: setText(findTestObject("Object Repository/V2/TT-363/Page_Login/input__password"), password)

2020-09-23 23:29:00 - [TEST_STEP][NOT_RUN] - click(findTestObject("Object Repository/V2/TT-363/Page_Login/div_Login")): NOT_RUN: click(findTestObject("Object Repository/V2/TT-363/Page_Login/div_Login"))

2020-09-23 23:29:00 - [MESSAGE][NOT_RUN] - NOT_RUN: click(findTestObject("Object Repository/V2/TT-363/Page_Login/div_Login"))

2020-09-23 23:29:00 - [TEST_STEP][PASSED] - verifyElementPresent(findTestObject("V2/TT-363/Page_Dashboard/span_Meetings"), DefaultTimeout): Object 'Object Repository/V2/TT-363/Page_Dashboard/span_Meetings' is present

2020-09-23 23:29:00 - [MESSAGE][PASSED] - Object 'Object Repository/V2/TT-363/Page_Dashboard/span_Meetings' is present

2020-09-23 23:29:00 - [TEST_STEP][PASSED] - click(findTestObject("V2/TT-363/Page_Dashboard/span_Meetings")): Object: 'Object Repository/V2/TT-363/Page_Dashboard/span_Meetings' is clicked on

2020-09-23 23:29:00 - [MESSAGE][PASSED] - Object: 'Object Repository/V2/TT-363/Page_Dashboard/span_Meetings' is clicked on

2020-09-23 23:29:00 - [TEST_STEP][PASSED] - click(findTestObject("Object Repository/V2/TT-363/Page_Meeting/div_Create a meeting")): Object: 'Object Repository/V2/TT-363/Page_Meeting/div_Create a meeting' is clicked on

2020-09-23 23:29:01 - [MESSAGE][PASSED] - Object: 'Object Repository/V2/TT-363/Page_Meeting/div_Create a meeting' is clicked on

2020-09-23 23:29:01 - [TEST_STEP][PASSED] - click(findTestObject("Object Repository/V2/TT-363/Page_Meeting/button_Level 10")): Object: 'Object Repository/V2/TT-363/Page_Meeting/button_Level 10' is clicked on

2020-09-23 23:29:01 - [MESSAGE][PASSED] - Object: 'Object Repository/V2/TT-363/Page_Meeting/button_Level 10' is clicked on

2020-09-23 23:29:01 - [TEST_STEP][PASSED] - waitForElementVisible(findTestObject("Object Repository/V2/TT-363/Page_Meeting/input__name"), DefaultTimeout): Object 'Object Repository/V2/TT-363/Page_Meeting/input__name' is visible

2020-09-23 23:29:01 - [MESSAGE][PASSED] - Object 'Object Repository/V2/TT-363/Page_Meeting/input__name' is visible

2020-09-23 23:29:01 - [TEST_STEP][PASSED] - setText(findTestObject("Object Repository/V2/TT-363/Page_Meeting/input__name"), meetingName): Text 'SP Meeting Admin' is set on object 'Object Repository/V2/TT-363/Page_Meeting/input__name'

2020-09-23 23:29:02 - [MESSAGE][PASSED] - Text 'SP Meeting Admin' is set on object 'Object Repository/V2/TT-363/Page_Meeting/input__name'

2020-09-23 23:29:02 - [TEST_STEP][PASSED] - setText(findTestObject("Object Repository/V2/TT-363/Page_Meeting/input__acronym"), meetingAcronym): Text 'CSP' is set on object 'Object Repository/V2/TT-363/Page_Meeting/input__acronym'

2020-09-23 23:29:02 - [MESSAGE][PASSED] - Text 'CSP' is set on object 'Object Repository/V2/TT-363/Page_Meeting/input__acronym'

2020-09-23 23:29:02 - [TEST_STEP][PASSED] - setText(findTestObject("Object Repository/V2/TT-363/Page_Meeting/input_Meeting description (max 100 characte_8187fa"), meetingDescription): Text 'L10 Meeting' is set on object 'Object Repository/V2/TT-363/Page_Meeting/input_Meeting description (max 100 characte_8187fa'

2020-09-23 23:29:02 - [MESSAGE][PASSED] - Text 'L10 Meeting' is set on object 'Object Repository/V2/TT-363/Page_Meeting/input_Meeting description (max 100 characte_8187fa'

2020-09-23 23:29:02 - [TEST_STEP][PASSED] - click(findTestObject("Object Repository/V2/TT-363/Page_Meeting/input__typeOfMeeting")): Object: 'Object Repository/V2/TT-363/Page_Meeting/input__typeOfMeeting' is clicked on

2020-09-23 23:29:02 - [MESSAGE][PASSED] - Object: 'Object Repository/V2/TT-363/Page_Meeting/input__typeOfMeeting' is clicked on

2020-09-23 23:29:02 - [TEST_STEP][PASSED] - click(findTestObject("V2/TT-363/Page_Meeting/div_Leadership")): Object: 'Object Repository/V2/TT-363/Page_Meeting/div_Leadership' is clicked on

2020-09-23 23:29:02 - [MESSAGE][PASSED] - Object: 'Object Repository/V2/TT-363/Page_Meeting/div_Leadership' is clicked on

2020-09-23 23:29:02 - [TEST_STEP][PASSED] - click(findTestObject("Object Repository/V2/TT-363/Page_Meeting/div_Select a dayMondayTuesdayWednesdayThurs_fcb808")): Object: 'Object Repository/V2/TT-363/Page_Meeting/div_Select a dayMondayTuesdayWednesdayThurs_fcb808' is clicked on

2020-09-23 23:29:02 - [MESSAGE][PASSED] - Object: 'Object Repository/V2/TT-363/Page_Meeting/div_Select a dayMondayTuesdayWednesdayThurs_fcb808' is clicked on

2020-09-23 23:29:02 - [TEST_STEP][PASSED] - click(findTestObject("V2/TT-363/Page_Meeting/div_Monday")): Object: 'Object Repository/V2/TT-363/Page_Meeting/div_Monday' is clicked on

2020-09-23 23:29:02 - [MESSAGE][PASSED] - Object: 'Object Repository/V2/TT-363/Page_Meeting/div_Monday' is clicked on

2020-09-23 23:29:02 - [TEST_STEP][PASSED] - click(findTestObject("Object Repository/V2/TT-363/Page_Meeting/div_000")): Object: 'Object Repository/V2/TT-363/Page_Meeting/div_000' is clicked on

2020-09-23 23:29:02 - [MESSAGE][PASSED] - Object: 'Object Repository/V2/TT-363/Page_Meeting/div_000' is clicked on

2020-09-23 23:29:02 - [TEST_STEP][PASSED] - click(findTestObject("Object Repository/V2/TT-363/Page_Meeting/span_0800")): Object: 'Object Repository/V2/TT-363/Page_Meeting/span_0800' is clicked on

2020-09-23 23:29:02 - [MESSAGE][PASSED] - Object: 'Object Repository/V2/TT-363/Page_Meeting/span_0800' is clicked on

2020-09-23 23:29:02 - [TEST_STEP][PASSED] - setText(findTestObject("Object Repository/V2/TT-363/Page_Meeting/input_Video conference URL_meetingLink"), videoConference): Text 'https://yourvideoconference.com/sample' is set on object 'Object Repository/V2/TT-363/Page_Meeting/input_Video conference URL_meetingLink'

2020-09-23 23:29:03 - [MESSAGE][PASSED] - Text 'https://yourvideoconference.com/sample' is set on object 'Object Repository/V2/TT-363/Page_Meeting/input_Video conference URL_meetingLink'

2020-09-23 23:29:03 - [TEST_STEP][PASSED] - click(findTestObject("Object Repository/V2/TT-363/Page_Meeting/div_Create Meeting")): Object: 'Object Repository/V2/TT-363/Page_Meeting/div_Create Meeting' is clicked on

2020-09-23 23:29:03 - [MESSAGE][PASSED] - Object: 'Object Repository/V2/TT-363/Page_Meeting/div_Create Meeting' is clicked on

2020-09-23 23:29:03 - [TEST_STEP][PASSED] - waitForElementVisible(findTestObject("Object Repository/V2/TT-363/Page_Meeting/div_Ill do this later"), DefaultTimeout): Object 'Object Repository/V2/TT-363/Page_Meeting/div_Ill do this later' is visible

2020-09-23 23:29:09 - [MESSAGE][PASSED] - Object 'Object Repository/V2/TT-363/Page_Meeting/div_Ill do this later' is visible

2020-09-23 23:29:09 - [TEST_STEP][PASSED] - click(findTestObject("Object Repository/V2/TT-363/Page_Meeting/div_Ill do this later")): Object: 'Object Repository/V2/TT-363/Page_Meeting/div_Ill do this later' is clicked on

2020-09-23 23:29:10 - [MESSAGE][PASSED] - Object: 'Object Repository/V2/TT-363/Page_Meeting/div_Ill do this later' is clicked on

2020-09-23 23:29:10 - [TEST_STEP][PASSED] - createMeetingRecordObj = tt_CustomKeywords.CustomKeywords.CreateDynamicElement("//div[@class="container__col detailscontainer__block"]/h2/div[text()='%s']", meetingName, "xpath"): Successfully created new dynamic object: //div[@class="container__col detailscontainer__block"]/h2/div[text()='SP Meeting Admin']

2020-09-23 23:29:10 - [MESSAGE][PASSED] - Successfully created new dynamic object: //div[@class="container__col detailscontainer__block"]/h2/div[text()='SP Meeting Admin']

2020-09-23 23:29:10 - [TEST_STEP][PASSED] - verifyElementPresent(createMeetingRecordObj, DefaultTimeout): Object '' is present

2020-09-23 23:29:10 - [MESSAGE][PASSED] - Object '' is present

2020-09-23 23:29:10 - [TEST_STEP][PASSED] - delay(5): Delayed 5 second(s)

2020-09-23 23:29:15 - [MESSAGE][PASSED] - Delayed 5 second(s)

2020-09-23 23:29:15 - [TEST_STEP][PASSED] - waitForElementVisible(findTestObject("Object Repository/V2/TT-363/Page_Meeting/Edit_Meeting/Page_Meeting/button_Go to meeting_BtnIconNakedStyles-sc-_e4abf2"), DefaultTimeout): Object 'Object Repository/V2/TT-363/Page_Meeting/Edit_Meeting/Page_Meeting/button_Go to meeting_BtnIconNakedStyles-sc-_e4abf2' is visible

2020-09-23 23:29:15 - [MESSAGE][PASSED] - Object 'Object Repository/V2/TT-363/Page_Meeting/Edit_Meeting/Page_Meeting/button_Go to meeting_BtnIconNakedStyles-sc-_e4abf2' is visible

2020-09-23 23:29:15 - [TEST_STEP][PASSED] - click(findTestObject("Object Repository/V2/TT-363/Page_Meeting/Edit_Meeting/Page_Meeting/button_Go to meeting_BtnIconNakedStyles-sc-_e4abf2")): Object: 'Object Repository/V2/TT-363/Page_Meeting/Edit_Meeting/Page_Meeting/button_Go to meeting_BtnIconNakedStyles-sc-_e4abf2' is clicked on

2020-09-23 23:29:15 - [MESSAGE][PASSED] - Object: 'Object Repository/V2/TT-363/Page_Meeting/Edit_Meeting/Page_Meeting/button_Go to meeting_BtnIconNakedStyles-sc-_e4abf2' is clicked on

2020-09-23 23:29:15 - [TEST_STEP][PASSED] - click(findTestObject("Object Repository/V2/TT-363/Page_Meeting/Edit_Meeting/Page_Meeting/a_Edit meeting")): Object: 'Object Repository/V2/TT-363/Page_Meeting/Edit_Meeting/Page_Meeting/a_Edit meeting' is clicked on

2020-09-23 23:29:15 - [MESSAGE][PASSED] - Object: 'Object Repository/V2/TT-363/Page_Meeting/Edit_Meeting/Page_Meeting/a_Edit meeting' is clicked on

2020-09-23 23:29:15 - [TEST_STEP][PASSED] - waitForElementPresent(findTestObject("Object Repository/V2/TT-363/Page_Meeting/Edit_Meeting/Page_Edit Meeting/input__meeting title"), DefaultTimeout): Object 'Object Repository/V2/TT-363/Page_Meeting/Edit_Meeting/Page_Edit Meeting/input__meeting title' is present

2020-09-23 23:29:16 - [MESSAGE][PASSED] - Object 'Object Repository/V2/TT-363/Page_Meeting/Edit_Meeting/Page_Edit Meeting/input__meeting title' is present

2020-09-23 23:29:16 - [TEST_STEP][PASSED] - click(findTestObject("Object Repository/V2/TT-363/Page_Meeting/Edit_Meeting/Page_Edit Meeting/div_GeneralBasic informationVideo conferenc_ee1ae7")): Object: 'Object Repository/V2/TT-363/Page_Meeting/Edit_Meeting/Page_Edit Meeting/div_GeneralBasic informationVideo conferenc_ee1ae7' is clicked on

2020-09-23 23:29:16 - [MESSAGE][PASSED] - Object: 'Object Repository/V2/TT-363/Page_Meeting/Edit_Meeting/Page_Edit Meeting/div_GeneralBasic informationVideo conferenc_ee1ae7' is clicked on

2020-09-23 23:29:16 - [TEST_STEP][PASSED] - setText(findTestObject("Object Repository/V2/TT-363/Page_Meeting/Edit_Meeting/Page_Edit Meeting/input__meeting title"), meetingTitle): Text 'Edit Meeting Admin' is set on object 'Object Repository/V2/TT-363/Page_Meeting/Edit_Meeting/Page_Edit Meeting/input__meeting title'

2020-09-23 23:29:16 - [MESSAGE][PASSED] - Text 'Edit Meeting Admin' is set on object 'Object Repository/V2/TT-363/Page_Meeting/Edit_Meeting/Page_Edit Meeting/input__meeting title'

2020-09-23 23:29:16 - [TEST_STEP][PASSED] - click(findTestObject("Object Repository/V2/TT-363/Page_Meeting/Edit_Meeting/Page_Edit Meeting/input__acronym")): Object: 'Object Repository/V2/TT-363/Page_Meeting/Edit_Meeting/Page_Edit Meeting/input__acronym' is clicked on

2020-09-23 23:29:16 - [MESSAGE][PASSED] - Object: 'Object Repository/V2/TT-363/Page_Meeting/Edit_Meeting/Page_Edit Meeting/input__acronym' is clicked on

2020-09-23 23:29:16 - [TEST_STEP][PASSED] - setText(findTestObject("Object Repository/V2/TT-363/Page_Meeting/Edit_Meeting/Page_Edit Meeting/input__acronym"), meetingAcronym): Text 'CSP' is set on object 'Object Repository/V2/TT-363/Page_Meeting/Edit_Meeting/Page_Edit Meeting/input__acronym'

2020-09-23 23:29:16 - [MESSAGE][PASSED] - Text 'CSP' is set on object 'Object Repository/V2/TT-363/Page_Meeting/Edit_Meeting/Page_Edit Meeting/input__acronym'

2020-09-23 23:29:16 - [TEST_STEP][PASSED] - click(findTestObject("Object Repository/V2/TT-363/Page_Meeting/Edit_Meeting/Page_Edit Meeting/input_Meeting description (max 100 characte_8187fa")): Object: 'Object Repository/V2/TT-363/Page_Meeting/Edit_Meeting/Page_Edit Meeting/input_Meeting description (max 100 characte_8187fa' is clicked on

2020-09-23 23:29:16 - [MESSAGE][PASSED] - Object: 'Object Repository/V2/TT-363/Page_Meeting/Edit_Meeting/Page_Edit Meeting/input_Meeting description (max 100 characte_8187fa' is clicked on

2020-09-23 23:29:16 - [TEST_STEP][PASSED] - click(findTestObject("Object Repository/V2/TT-363/Page_Meeting/Edit_Meeting/Page_Edit Meeting/div_Meeting name Acronym Meeting descriptio_78e662")): Object: 'Object Repository/V2/TT-363/Page_Meeting/Edit_Meeting/Page_Edit Meeting/div_Meeting name Acronym Meeting descriptio_78e662' is clicked on

2020-09-23 23:29:47 - [MESSAGE][INFO] - Unable to find the element located by 'By.xpath: //div[@id='root']/div/div[2]/div/div/div[2]/div[2]/div/div[3]'. Please recheck the objects properties to make sure the desired element is located. 

2020-09-23 23:29:47 - [MESSAGE][WARNING] - [SELF-HEALING] Failed to find element with id 'Object Repository/V2/TT-363/Page_Meeting/Edit_Meeting/Page_Edit Meeting/div_Meeting name Acronym Meeting descriptio_78e662'. Try using Self-healing.

2020-09-23 23:29:47 - [MESSAGE][INFO] - [SELF-HEALING] Failed Locator: '//div[@id='root']/div/div[2]/div/div/div[2]/div[2]/div/div[3]'.

2020-09-23 23:29:47 - [MESSAGE][INFO] - [SELF-HEALING] Working Locator: '(.//*[normalize-space(text()) and normalize-space(.)='Basic information'])[2]/following::div[1]'.

2020-09-23 23:29:48 - [MESSAGE][INFO] - [SELF-HEALING] Screenshot: C:/Users/Aaron-PC/git/TractionTools/Reports/Self-healing/Object Repository/V2/TT-363/Page_Meeting/Edit_Meeting/Page_Edit Meeting/div_Meeting name Acronym Meeting descriptio_78e662_neighbor.png

2020-09-23 23:29:48 - [MESSAGE][WARNING] - [SELF-HEALING] The current locator of test object 'Object Repository/V2/TT-363/Page_Meeting/Edit_Meeting/Page_Edit Meeting/div_Meeting name Acronym Meeting descriptio_78e662' was broken. Propose an alternative one: '(.//*[normalize-space(text()) and normalize-space(.)='Basic information'])[2]/following::div[1]'.

2020-09-23 23:29:48 - [MESSAGE][PASSED] - Object: 'Object Repository/V2/TT-363/Page_Meeting/Edit_Meeting/Page_Edit Meeting/div_Meeting name Acronym Meeting descriptio_78e662' is clicked on

2020-09-23 23:29:48 - [TEST_STEP][PASSED] - setText(findTestObject("Object Repository/V2/TT-363/Page_Meeting/Edit_Meeting/Page_Edit Meeting/input_Meeting description (max 100 characte_8187fa"), meetingDescription): Text 'L10 Meeting' is set on object 'Object Repository/V2/TT-363/Page_Meeting/Edit_Meeting/Page_Edit Meeting/input_Meeting description (max 100 characte_8187fa'

2020-09-23 23:29:48 - [MESSAGE][PASSED] - Text 'L10 Meeting' is set on object 'Object Repository/V2/TT-363/Page_Meeting/Edit_Meeting/Page_Edit Meeting/input_Meeting description (max 100 characte_8187fa'

2020-09-23 23:29:48 - [TEST_STEP][PASSED] - click(findTestObject("Object Repository/V2/TT-363/Page_Meeting/Edit_Meeting/Page_Edit Meeting/i__IconStyles-sc-181ai5j-0 fspyWU icon-arro_0a3203")): Object: 'Object Repository/V2/TT-363/Page_Meeting/Edit_Meeting/Page_Edit Meeting/i__IconStyles-sc-181ai5j-0 fspyWU icon-arro_0a3203' is clicked on

2020-09-23 23:30:19 - [MESSAGE][INFO] - Unable to find the element located by 'By.xpath: //div[@id='root']/div/div[2]/div/div/div[2]/div[2]/div/div[3]/form/div[4]/div/div/button/i'. Please recheck the objects properties to make sure the desired element is located. 

2020-09-23 23:30:19 - [MESSAGE][WARNING] - [SELF-HEALING] Failed to find element with id 'Object Repository/V2/TT-363/Page_Meeting/Edit_Meeting/Page_Edit Meeting/i__IconStyles-sc-181ai5j-0 fspyWU icon-arro_0a3203'. Try using Self-healing.

2020-09-23 23:30:19 - [MESSAGE][INFO] - [SELF-HEALING] Failed Locator: '//div[@id='root']/div/div[2]/div/div/div[2]/div[2]/div/div[3]/form/div[4]/div/div/button/i'.

2020-09-23 23:30:19 - [MESSAGE][INFO] - [SELF-HEALING] Working Locator: '//form/div[4]/div/div/button/i'.

2020-09-23 23:30:19 - [MESSAGE][INFO] - [SELF-HEALING] Screenshot: C:/Users/Aaron-PC/git/TractionTools/Reports/Self-healing/Object Repository/V2/TT-363/Page_Meeting/Edit_Meeting/Page_Edit Meeting/i__IconStyles-sc-181ai5j-0 fspyWU icon-arro_0a3203_position.png

2020-09-23 23:30:19 - [MESSAGE][WARNING] - [SELF-HEALING] The current locator of test object 'Object Repository/V2/TT-363/Page_Meeting/Edit_Meeting/Page_Edit Meeting/i__IconStyles-sc-181ai5j-0 fspyWU icon-arro_0a3203' was broken. Propose an alternative one: '//form/div[4]/div/div/button/i'.

2020-09-23 23:30:19 - [MESSAGE][PASSED] - Object: 'Object Repository/V2/TT-363/Page_Meeting/Edit_Meeting/Page_Edit Meeting/i__IconStyles-sc-181ai5j-0 fspyWU icon-arro_0a3203' is clicked on

2020-09-23 23:30:19 - [TEST_STEP][PASSED] - click(findTestObject("Object Repository/V2/TT-363/Page_Meeting/Edit_Meeting/Page_Edit Meeting/div_Departmental")): Object: 'Object Repository/V2/TT-363/Page_Meeting/Edit_Meeting/Page_Edit Meeting/div_Departmental' is clicked on

2020-09-23 23:30:50 - [MESSAGE][INFO] - Unable to find the element located by 'By.xpath: //div[@id='root']/div/div[2]/div/div/div[2]/div[2]/div/div[3]/form/div[4]/div/div/div/div[2]/div[2]'. Please recheck the objects properties to make sure the desired element is located. 

2020-09-23 23:30:50 - [MESSAGE][WARNING] - [SELF-HEALING] Failed to find element with id 'Object Repository/V2/TT-363/Page_Meeting/Edit_Meeting/Page_Edit Meeting/div_Departmental'. Try using Self-healing.

2020-09-23 23:30:51 - [MESSAGE][INFO] - [SELF-HEALING] Failed Locator: '//div[@id='root']/div/div[2]/div/div/div[2]/div[2]/div/div[3]/form/div[4]/div/div/div/div[2]/div[2]'.

2020-09-23 23:30:51 - [MESSAGE][INFO] - [SELF-HEALING] Working Locator: '(.//*[normalize-space(text()) and normalize-space(.)='Leadership'])[2]/following::div[1]'.

2020-09-23 23:30:51 - [MESSAGE][INFO] - [SELF-HEALING] Screenshot: C:/Users/Aaron-PC/git/TractionTools/Reports/Self-healing/Object Repository/V2/TT-363/Page_Meeting/Edit_Meeting/Page_Edit Meeting/div_Departmental_neighbor.png

2020-09-23 23:30:51 - [MESSAGE][WARNING] - [SELF-HEALING] The current locator of test object 'Object Repository/V2/TT-363/Page_Meeting/Edit_Meeting/Page_Edit Meeting/div_Departmental' was broken. Propose an alternative one: '(.//*[normalize-space(text()) and normalize-space(.)='Leadership'])[2]/following::div[1]'.

2020-09-23 23:30:51 - [MESSAGE][PASSED] - Object: 'Object Repository/V2/TT-363/Page_Meeting/Edit_Meeting/Page_Edit Meeting/div_Departmental' is clicked on

2020-09-23 23:30:51 - [TEST_STEP][PASSED] - click(findTestObject("Object Repository/V2/TT-363/Page_Meeting/Edit_Meeting/Page_Edit Meeting/button___StyledButton-sc-9nsd91-0 hrKrVT")): Object: 'Object Repository/V2/TT-363/Page_Meeting/Edit_Meeting/Page_Edit Meeting/button___StyledButton-sc-9nsd91-0 hrKrVT' is clicked on

2020-09-23 23:30:51 - [MESSAGE][PASSED] - Object: 'Object Repository/V2/TT-363/Page_Meeting/Edit_Meeting/Page_Edit Meeting/button___StyledButton-sc-9nsd91-0 hrKrVT' is clicked on

2020-09-23 23:30:51 - [TEST_STEP][PASSED] - click(findTestObject("Object Repository/V2/TT-363/Page_Meeting/Edit_Meeting/Page_Edit Meeting/div_MondayMondayTuesdayWednesdayThursdayFri_d9280e")): Object: 'Object Repository/V2/TT-363/Page_Meeting/Edit_Meeting/Page_Edit Meeting/div_MondayMondayTuesdayWednesdayThursdayFri_d9280e' is clicked on

2020-09-23 23:30:51 - [MESSAGE][PASSED] - Object: 'Object Repository/V2/TT-363/Page_Meeting/Edit_Meeting/Page_Edit Meeting/div_MondayMondayTuesdayWednesdayThursdayFri_d9280e' is clicked on

2020-09-23 23:30:51 - [TEST_STEP][PASSED] - click(findTestObject("Object Repository/V2/TT-363/Page_Meeting/Edit_Meeting/Page_Edit Meeting/div_Tuesday")): Object: 'Object Repository/V2/TT-363/Page_Meeting/Edit_Meeting/Page_Edit Meeting/div_Tuesday' is clicked on

2020-09-23 23:31:22 - [MESSAGE][INFO] - Unable to find the element located by 'By.xpath: //div[@id='root']/div/div[2]/div/div/div[2]/div[2]/div/div[3]/form/div[6]/div/div/div/div[2]/div[2]'. Please recheck the objects properties to make sure the desired element is located. 

2020-09-23 23:31:22 - [MESSAGE][WARNING] - [SELF-HEALING] Failed to find element with id 'Object Repository/V2/TT-363/Page_Meeting/Edit_Meeting/Page_Edit Meeting/div_Tuesday'. Try using Self-healing.

2020-09-23 23:31:22 - [MESSAGE][INFO] - [SELF-HEALING] Failed Locator: '//div[@id='root']/div/div[2]/div/div/div[2]/div[2]/div/div[3]/form/div[6]/div/div/div/div[2]/div[2]'.

2020-09-23 23:31:22 - [MESSAGE][INFO] - [SELF-HEALING] Working Locator: '(.//*[normalize-space(text()) and normalize-space(.)='Monday'])[2]/following::div[1]'.

2020-09-23 23:31:22 - [MESSAGE][INFO] - [SELF-HEALING] Screenshot: C:/Users/Aaron-PC/git/TractionTools/Reports/Self-healing/Object Repository/V2/TT-363/Page_Meeting/Edit_Meeting/Page_Edit Meeting/div_Tuesday_neighbor.png

2020-09-23 23:31:22 - [MESSAGE][WARNING] - [SELF-HEALING] The current locator of test object 'Object Repository/V2/TT-363/Page_Meeting/Edit_Meeting/Page_Edit Meeting/div_Tuesday' was broken. Propose an alternative one: '(.//*[normalize-space(text()) and normalize-space(.)='Monday'])[2]/following::div[1]'.

2020-09-23 23:31:22 - [MESSAGE][PASSED] - Object: 'Object Repository/V2/TT-363/Page_Meeting/Edit_Meeting/Page_Edit Meeting/div_Tuesday' is clicked on

2020-09-23 23:31:22 - [TEST_STEP][PASSED] - click(findTestObject("Object Repository/V2/TT-363/Page_Meeting/Edit_Meeting/Page_Edit Meeting/input_am_meeting-time")): Object: 'Object Repository/V2/TT-363/Page_Meeting/Edit_Meeting/Page_Edit Meeting/input_am_meeting-time' is clicked on

2020-09-23 23:31:22 - [MESSAGE][PASSED] - Object: 'Object Repository/V2/TT-363/Page_Meeting/Edit_Meeting/Page_Edit Meeting/input_am_meeting-time' is clicked on

2020-09-23 23:31:22 - [TEST_STEP][PASSED] - click(findTestObject("Object Repository/V2/TT-363/Page_Meeting/Edit_Meeting/Page_Edit Meeting/div_ampm700")): Object: 'Object Repository/V2/TT-363/Page_Meeting/Edit_Meeting/Page_Edit Meeting/div_ampm700' is clicked on

2020-09-23 23:31:53 - [MESSAGE][INFO] - Unable to find the element located by 'By.xpath: //div[@id='root']/div/div[2]/div/div/div[2]/div[2]/div/div[3]/form/div[7]/div/div/div/div[2]/div[8]'. Please recheck the objects properties to make sure the desired element is located. 

2020-09-23 23:31:53 - [MESSAGE][WARNING] - [SELF-HEALING] Failed to find element with id 'Object Repository/V2/TT-363/Page_Meeting/Edit_Meeting/Page_Edit Meeting/div_ampm700'. Try using Self-healing.

2020-09-23 23:31:53 - [MESSAGE][INFO] - [SELF-HEALING] Failed Locator: '//div[@id='root']/div/div[2]/div/div/div[2]/div[2]/div/div[3]/form/div[7]/div/div/div/div[2]/div[8]'.

2020-09-23 23:31:53 - [MESSAGE][INFO] - [SELF-HEALING] Working Locator: '(.//*[normalize-space(text()) and normalize-space(.)='am/pm'])[7]/following::div[1]'.

2020-09-23 23:31:54 - [MESSAGE][INFO] - [SELF-HEALING] Screenshot: C:/Users/Aaron-PC/git/TractionTools/Reports/Self-healing/Object Repository/V2/TT-363/Page_Meeting/Edit_Meeting/Page_Edit Meeting/div_ampm700_neighbor.png

2020-09-23 23:31:54 - [MESSAGE][WARNING] - [SELF-HEALING] The current locator of test object 'Object Repository/V2/TT-363/Page_Meeting/Edit_Meeting/Page_Edit Meeting/div_ampm700' was broken. Propose an alternative one: '(.//*[normalize-space(text()) and normalize-space(.)='am/pm'])[7]/following::div[1]'.

2020-09-23 23:31:54 - [MESSAGE][PASSED] - Object: 'Object Repository/V2/TT-363/Page_Meeting/Edit_Meeting/Page_Edit Meeting/div_ampm700' is clicked on

2020-09-23 23:31:54 - [TEST_STEP][PASSED] - click(findTestObject("Object Repository/V2/TT-363/Page_Meeting/Edit_Meeting/Edit_Meeting2/Page_Edit Meeting/div_Save")): Object: 'Object Repository/V2/TT-363/Page_Meeting/Edit_Meeting/Edit_Meeting2/Page_Edit Meeting/div_Save' is clicked on

2020-09-23 23:31:54 - [MESSAGE][PASSED] - Object: 'Object Repository/V2/TT-363/Page_Meeting/Edit_Meeting/Edit_Meeting2/Page_Edit Meeting/div_Save' is clicked on

2020-09-23 23:31:54 - [TEST_STEP][PASSED] - delay(5): Delayed 5 second(s)

2020-09-23 23:31:59 - [MESSAGE][PASSED] - Delayed 5 second(s)

2020-09-23 23:31:59 - [TEST_STEP][PASSED] - click(findTestObject("Object Repository/V2/TT-363/Page_Meeting/Edit_Meeting/Page_Dashboard/span_Meetings")): Object: 'Object Repository/V2/TT-363/Page_Meeting/Edit_Meeting/Page_Dashboard/span_Meetings' is clicked on

2020-09-23 23:31:59 - [MESSAGE][PASSED] - Object: 'Object Repository/V2/TT-363/Page_Meeting/Edit_Meeting/Page_Dashboard/span_Meetings' is clicked on

2020-09-23 23:31:59 - [TEST_STEP][PASSED] - delay(5): Delayed 5 second(s)

2020-09-23 23:32:04 - [MESSAGE][PASSED] - Delayed 5 second(s)

2020-09-23 23:32:04 - [TEST_STEP][PASSED] - editMeetingRecordObj = tt_CustomKeywords.CustomKeywords.CreateDynamicElement("//div[@class="container__col detailscontainer__block"]/h2/div[text()='%s']", meetingTitle, "xpath"): Successfully created new dynamic object: //div[@class="container__col detailscontainer__block"]/h2/div[text()='Edit Meeting Admin']

2020-09-23 23:32:04 - [MESSAGE][PASSED] - Successfully created new dynamic object: //div[@class="container__col detailscontainer__block"]/h2/div[text()='Edit Meeting Admin']

2020-09-23 23:32:04 - [TEST_STEP][PASSED] - verifyElementPresent(editMeetingRecordObj, DefaultTimeout): Object '' is present

2020-09-23 23:32:04 - [MESSAGE][PASSED] - Object '' is present

2020-09-23 23:32:04 - [MESSAGE][INFO] - 

2020-09-23 23:32:04 - [MESSAGE][INFO] - ===================== Self-healing Report ====================

2020-09-23 23:32:04 - [MESSAGE][INFO] - One of the failed test object locators has been recovered by Self-healing. Please refer to the Self-healing Insights tab for more details.

2020-09-23 23:32:04 - [MESSAGE][INFO] - To learn more about Self-healing, please read https://docs.katalon.com/katalon-studio/docs/self-healing.html

2020-09-23 23:32:04 - [MESSAGE][INFO] - ==============================================================

2020-09-23 23:32:04 - [MESSAGE][PASSED] - Call Test Case 'Test Cases/V2/Test Case/Tests/TT-363 - Meeting List/Positive/Admin/TT_363_25_EditMeetingBI_Admin' successfully

2020-09-23 23:32:04 - [TEST_STEP][PASSED] - changeWebDriver(driver2): null

2020-09-23 23:32:04 - [TEST_STEP][PASSED] - callTestCase(findTestCase("V2/Test Case/Tests/TT-363 - Meeting List/Positive/Supervisor/TT_363_25_EditMeetingBI_Supervisor"), ["username":"", "password":"", "meetingNameS":meetingNameS, "meetingAcronym":meetingAcronym, "meetingDescription":meetingDescription, ... ], STOP_ON_FAILURE): Call Test Case 'Test Cases/V2/Test Case/Tests/TT-363 - Meeting List/Positive/Supervisor/TT_363_25_EditMeetingBI_Supervisor' successfully

2020-09-23 23:32:04 - [TEST_CASE][PASSED] - Test Cases/V2/Test Case/Tests/TT-363 - Meeting List/Positive/Supervisor/TT_363_25_EditMeetingBI_Supervisor: Test Cases/V2/Test Case/Tests/TT-363 - Meeting List/Positive/Supervisor/TT_363_25_EditMeetingBI_Supervisor

2020-09-23 23:32:04 - [TEST_STEP][NOT_RUN] - openBrowser(""): NOT_RUN: openBrowser("")

2020-09-23 23:32:04 - [MESSAGE][NOT_RUN] - NOT_RUN: openBrowser("")

2020-09-23 23:32:04 - [TEST_STEP][NOT_RUN] - maximizeWindow(): NOT_RUN: maximizeWindow()

2020-09-23 23:32:04 - [MESSAGE][NOT_RUN] - NOT_RUN: maximizeWindow()

2020-09-23 23:32:04 - [TEST_STEP][NOT_RUN] - navigateToUrl(V2Url): NOT_RUN: navigateToUrl(V2Url)

2020-09-23 23:32:04 - [MESSAGE][NOT_RUN] - NOT_RUN: navigateToUrl(V2Url)

2020-09-23 23:32:04 - [TEST_STEP][NOT_RUN] - delay(7): NOT_RUN: delay(7)

2020-09-23 23:32:04 - [MESSAGE][NOT_RUN] - NOT_RUN: delay(7)

2020-09-23 23:32:04 - [TEST_STEP][NOT_RUN] - waitForElementClickable(findTestObject("V2/TT-363/Page_Login/input__username"), 30): NOT_RUN: waitForElementClickable(findTestObject("V2/TT-363/Page_Login/input__username"), 30)

2020-09-23 23:32:04 - [MESSAGE][NOT_RUN] - NOT_RUN: waitForElementClickable(findTestObject("V2/TT-363/Page_Login/input__username"), 30)

2020-09-23 23:32:04 - [TEST_STEP][NOT_RUN] - setText(findTestObject("V2/TT-363/Page_Login/input__username"), username): NOT_RUN: setText(findTestObject("V2/TT-363/Page_Login/input__username"), username)

2020-09-23 23:32:04 - [MESSAGE][NOT_RUN] - NOT_RUN: setText(findTestObject("V2/TT-363/Page_Login/input__username"), username)

2020-09-23 23:32:04 - [TEST_STEP][NOT_RUN] - setText(findTestObject("Object Repository/V2/TT-363/Page_Login/input__password"), password): NOT_RUN: setText(findTestObject("Object Repository/V2/TT-363/Page_Login/input__password"), password)

2020-09-23 23:32:04 - [MESSAGE][NOT_RUN] - NOT_RUN: setText(findTestObject("Object Repository/V2/TT-363/Page_Login/input__password"), password)

2020-09-23 23:32:04 - [TEST_STEP][NOT_RUN] - click(findTestObject("Object Repository/V2/TT-363/Page_Login/div_Login")): NOT_RUN: click(findTestObject("Object Repository/V2/TT-363/Page_Login/div_Login"))

2020-09-23 23:32:04 - [MESSAGE][NOT_RUN] - NOT_RUN: click(findTestObject("Object Repository/V2/TT-363/Page_Login/div_Login"))

2020-09-23 23:32:04 - [TEST_STEP][PASSED] - verifyElementPresent(findTestObject("V2/TT-363/Page_Dashboard/span_Meetings"), DefaultTimeout): Object 'Object Repository/V2/TT-363/Page_Dashboard/span_Meetings' is present

2020-09-23 23:32:04 - [MESSAGE][PASSED] - Object 'Object Repository/V2/TT-363/Page_Dashboard/span_Meetings' is present

2020-09-23 23:32:04 - [TEST_STEP][PASSED] - click(findTestObject("V2/TT-363/Page_Dashboard/span_Meetings")): Object: 'Object Repository/V2/TT-363/Page_Dashboard/span_Meetings' is clicked on

2020-09-23 23:32:04 - [MESSAGE][PASSED] - Object: 'Object Repository/V2/TT-363/Page_Dashboard/span_Meetings' is clicked on

2020-09-23 23:32:04 - [TEST_STEP][PASSED] - click(findTestObject("Object Repository/V2/TT-363/Page_Meeting/div_Create a meeting")): Object: 'Object Repository/V2/TT-363/Page_Meeting/div_Create a meeting' is clicked on

2020-09-23 23:32:05 - [MESSAGE][PASSED] - Object: 'Object Repository/V2/TT-363/Page_Meeting/div_Create a meeting' is clicked on

2020-09-23 23:32:05 - [TEST_STEP][PASSED] - click(findTestObject("Object Repository/V2/TT-363/Page_Meeting/button_Level 10")): Object: 'Object Repository/V2/TT-363/Page_Meeting/button_Level 10' is clicked on

2020-09-23 23:32:05 - [MESSAGE][PASSED] - Object: 'Object Repository/V2/TT-363/Page_Meeting/button_Level 10' is clicked on

2020-09-23 23:32:05 - [TEST_STEP][PASSED] - waitForElementVisible(findTestObject("Object Repository/V2/TT-363/Page_Meeting/input__name"), DefaultTimeout): Object 'Object Repository/V2/TT-363/Page_Meeting/input__name' is visible

2020-09-23 23:32:05 - [MESSAGE][PASSED] - Object 'Object Repository/V2/TT-363/Page_Meeting/input__name' is visible

2020-09-23 23:32:05 - [TEST_STEP][PASSED] - setText(findTestObject("Object Repository/V2/TT-363/Page_Meeting/input__name"), meetingNameS): Text 'SP Meeting Supervisor' is set on object 'Object Repository/V2/TT-363/Page_Meeting/input__name'

2020-09-23 23:32:05 - [MESSAGE][PASSED] - Text 'SP Meeting Supervisor' is set on object 'Object Repository/V2/TT-363/Page_Meeting/input__name'

2020-09-23 23:32:05 - [TEST_STEP][PASSED] - setText(findTestObject("Object Repository/V2/TT-363/Page_Meeting/input__acronym"), meetingAcronym): Text 'CSP' is set on object 'Object Repository/V2/TT-363/Page_Meeting/input__acronym'

2020-09-23 23:32:05 - [MESSAGE][PASSED] - Text 'CSP' is set on object 'Object Repository/V2/TT-363/Page_Meeting/input__acronym'

2020-09-23 23:32:05 - [TEST_STEP][PASSED] - setText(findTestObject("Object Repository/V2/TT-363/Page_Meeting/input_Meeting description (max 100 characte_8187fa"), meetingDescription): Text 'L10 Meeting' is set on object 'Object Repository/V2/TT-363/Page_Meeting/input_Meeting description (max 100 characte_8187fa'

2020-09-23 23:32:05 - [MESSAGE][PASSED] - Text 'L10 Meeting' is set on object 'Object Repository/V2/TT-363/Page_Meeting/input_Meeting description (max 100 characte_8187fa'

2020-09-23 23:32:05 - [TEST_STEP][PASSED] - click(findTestObject("Object Repository/V2/TT-363/Page_Meeting/input__typeOfMeeting")): Object: 'Object Repository/V2/TT-363/Page_Meeting/input__typeOfMeeting' is clicked on

2020-09-23 23:32:06 - [MESSAGE][PASSED] - Object: 'Object Repository/V2/TT-363/Page_Meeting/input__typeOfMeeting' is clicked on

2020-09-23 23:32:06 - [TEST_STEP][PASSED] - click(findTestObject("V2/TT-363/Page_Meeting/div_Leadership")): Object: 'Object Repository/V2/TT-363/Page_Meeting/div_Leadership' is clicked on

2020-09-23 23:32:06 - [MESSAGE][PASSED] - Object: 'Object Repository/V2/TT-363/Page_Meeting/div_Leadership' is clicked on

2020-09-23 23:32:06 - [TEST_STEP][PASSED] - click(findTestObject("Object Repository/V2/TT-363/Page_Meeting/div_Select a dayMondayTuesdayWednesdayThurs_fcb808")): Object: 'Object Repository/V2/TT-363/Page_Meeting/div_Select a dayMondayTuesdayWednesdayThurs_fcb808' is clicked on

2020-09-23 23:32:06 - [MESSAGE][PASSED] - Object: 'Object Repository/V2/TT-363/Page_Meeting/div_Select a dayMondayTuesdayWednesdayThurs_fcb808' is clicked on

2020-09-23 23:32:06 - [TEST_STEP][PASSED] - click(findTestObject("V2/TT-363/Page_Meeting/div_Monday")): Object: 'Object Repository/V2/TT-363/Page_Meeting/div_Monday' is clicked on

2020-09-23 23:32:06 - [MESSAGE][PASSED] - Object: 'Object Repository/V2/TT-363/Page_Meeting/div_Monday' is clicked on

2020-09-23 23:32:06 - [TEST_STEP][PASSED] - click(findTestObject("Object Repository/V2/TT-363/Page_Meeting/div_000")): Object: 'Object Repository/V2/TT-363/Page_Meeting/div_000' is clicked on

2020-09-23 23:32:06 - [MESSAGE][PASSED] - Object: 'Object Repository/V2/TT-363/Page_Meeting/div_000' is clicked on

2020-09-23 23:32:06 - [TEST_STEP][PASSED] - click(findTestObject("Object Repository/V2/TT-363/Page_Meeting/span_0800")): Object: 'Object Repository/V2/TT-363/Page_Meeting/span_0800' is clicked on

2020-09-23 23:32:06 - [MESSAGE][PASSED] - Object: 'Object Repository/V2/TT-363/Page_Meeting/span_0800' is clicked on

2020-09-23 23:32:06 - [TEST_STEP][PASSED] - setText(findTestObject("Object Repository/V2/TT-363/Page_Meeting/input_Video conference URL_meetingLink"), videoConference): Text 'https://yourvideoconference.com/sample' is set on object 'Object Repository/V2/TT-363/Page_Meeting/input_Video conference URL_meetingLink'

2020-09-23 23:32:06 - [MESSAGE][PASSED] - Text 'https://yourvideoconference.com/sample' is set on object 'Object Repository/V2/TT-363/Page_Meeting/input_Video conference URL_meetingLink'

2020-09-23 23:32:06 - [TEST_STEP][PASSED] - click(findTestObject("Object Repository/V2/TT-363/Page_Meeting/div_Create Meeting")): Object: 'Object Repository/V2/TT-363/Page_Meeting/div_Create Meeting' is clicked on

2020-09-23 23:32:06 - [MESSAGE][PASSED] - Object: 'Object Repository/V2/TT-363/Page_Meeting/div_Create Meeting' is clicked on

2020-09-23 23:32:06 - [TEST_STEP][PASSED] - waitForElementVisible(findTestObject("Object Repository/V2/TT-363/Page_Meeting/div_Ill do this later"), DefaultTimeout): Object 'Object Repository/V2/TT-363/Page_Meeting/div_Ill do this later' is visible

2020-09-23 23:32:13 - [MESSAGE][PASSED] - Object 'Object Repository/V2/TT-363/Page_Meeting/div_Ill do this later' is visible

2020-09-23 23:32:13 - [TEST_STEP][PASSED] - click(findTestObject("Object Repository/V2/TT-363/Page_Meeting/div_Ill do this later")): Object: 'Object Repository/V2/TT-363/Page_Meeting/div_Ill do this later' is clicked on

2020-09-23 23:32:13 - [MESSAGE][PASSED] - Object: 'Object Repository/V2/TT-363/Page_Meeting/div_Ill do this later' is clicked on

2020-09-23 23:32:13 - [TEST_STEP][PASSED] - createMeetingRecordObjSupervisor = tt_CustomKeywords.CustomKeywords.CreateDynamicElement("//div[@class="container__col detailscontainer__block"]/h2/div[text()='%s']", meetingNameS, "xpath"): Successfully created new dynamic object: //div[@class="container__col detailscontainer__block"]/h2/div[text()='SP Meeting Supervisor']

2020-09-23 23:32:13 - [MESSAGE][PASSED] - Successfully created new dynamic object: //div[@class="container__col detailscontainer__block"]/h2/div[text()='SP Meeting Supervisor']

2020-09-23 23:32:13 - [TEST_STEP][PASSED] - verifyElementPresent(createMeetingRecordObjSupervisor, DefaultTimeout): Object '' is present

2020-09-23 23:32:13 - [MESSAGE][PASSED] - Object '' is present

2020-09-23 23:32:13 - [TEST_STEP][PASSED] - delay(5): Delayed 5 second(s)

2020-09-23 23:32:18 - [MESSAGE][PASSED] - Delayed 5 second(s)

2020-09-23 23:32:18 - [TEST_STEP][PASSED] - waitForElementVisible(findTestObject("Object Repository/V2/TT-363/Page_Meeting/Edit_Meeting/Page_Meeting/button_Go to meeting_BtnIconNakedStyles-sc-_e4abf2"), DefaultTimeout): Object 'Object Repository/V2/TT-363/Page_Meeting/Edit_Meeting/Page_Meeting/button_Go to meeting_BtnIconNakedStyles-sc-_e4abf2' is visible

2020-09-23 23:32:18 - [MESSAGE][PASSED] - Object 'Object Repository/V2/TT-363/Page_Meeting/Edit_Meeting/Page_Meeting/button_Go to meeting_BtnIconNakedStyles-sc-_e4abf2' is visible

2020-09-23 23:32:18 - [TEST_STEP][PASSED] - click(findTestObject("Object Repository/V2/TT-363/Page_Meeting/Edit_Meeting/Page_Meeting/button_Go to meeting_BtnIconNakedStyles-sc-_e4abf2")): Object: 'Object Repository/V2/TT-363/Page_Meeting/Edit_Meeting/Page_Meeting/button_Go to meeting_BtnIconNakedStyles-sc-_e4abf2' is clicked on

2020-09-23 23:32:18 - [MESSAGE][PASSED] - Object: 'Object Repository/V2/TT-363/Page_Meeting/Edit_Meeting/Page_Meeting/button_Go to meeting_BtnIconNakedStyles-sc-_e4abf2' is clicked on

2020-09-23 23:32:18 - [TEST_STEP][PASSED] - click(findTestObject("Object Repository/V2/TT-363/Page_Meeting/Edit_Meeting/Page_Meeting/a_Edit meeting")): Object: 'Object Repository/V2/TT-363/Page_Meeting/Edit_Meeting/Page_Meeting/a_Edit meeting' is clicked on

2020-09-23 23:32:18 - [MESSAGE][PASSED] - Object: 'Object Repository/V2/TT-363/Page_Meeting/Edit_Meeting/Page_Meeting/a_Edit meeting' is clicked on

2020-09-23 23:32:18 - [TEST_STEP][PASSED] - waitForElementPresent(findTestObject("Object Repository/V2/TT-363/Page_Meeting/Edit_Meeting/Page_Edit Meeting/input__meeting title"), DefaultTimeout): Object 'Object Repository/V2/TT-363/Page_Meeting/Edit_Meeting/Page_Edit Meeting/input__meeting title' is present

2020-09-23 23:32:19 - [MESSAGE][PASSED] - Object 'Object Repository/V2/TT-363/Page_Meeting/Edit_Meeting/Page_Edit Meeting/input__meeting title' is present

2020-09-23 23:32:19 - [TEST_STEP][PASSED] - click(findTestObject("Object Repository/V2/TT-363/Page_Meeting/Edit_Meeting/Page_Edit Meeting/div_GeneralBasic informationVideo conferenc_ee1ae7")): Object: 'Object Repository/V2/TT-363/Page_Meeting/Edit_Meeting/Page_Edit Meeting/div_GeneralBasic informationVideo conferenc_ee1ae7' is clicked on

2020-09-23 23:32:19 - [MESSAGE][PASSED] - Object: 'Object Repository/V2/TT-363/Page_Meeting/Edit_Meeting/Page_Edit Meeting/div_GeneralBasic informationVideo conferenc_ee1ae7' is clicked on

2020-09-23 23:32:19 - [TEST_STEP][PASSED] - setText(findTestObject("Object Repository/V2/TT-363/Page_Meeting/Edit_Meeting/Page_Edit Meeting/input__meeting title"), meetingTitleS): Text 'Edit Meeting Supervisor' is set on object 'Object Repository/V2/TT-363/Page_Meeting/Edit_Meeting/Page_Edit Meeting/input__meeting title'

2020-09-23 23:32:19 - [MESSAGE][PASSED] - Text 'Edit Meeting Supervisor' is set on object 'Object Repository/V2/TT-363/Page_Meeting/Edit_Meeting/Page_Edit Meeting/input__meeting title'

2020-09-23 23:32:19 - [TEST_STEP][PASSED] - click(findTestObject("Object Repository/V2/TT-363/Page_Meeting/Edit_Meeting/Page_Edit Meeting/input__acronym")): Object: 'Object Repository/V2/TT-363/Page_Meeting/Edit_Meeting/Page_Edit Meeting/input__acronym' is clicked on

2020-09-23 23:32:19 - [MESSAGE][PASSED] - Object: 'Object Repository/V2/TT-363/Page_Meeting/Edit_Meeting/Page_Edit Meeting/input__acronym' is clicked on

2020-09-23 23:32:19 - [TEST_STEP][PASSED] - setText(findTestObject("Object Repository/V2/TT-363/Page_Meeting/Edit_Meeting/Page_Edit Meeting/input__acronym"), meetingAcronym): Text 'CSP' is set on object 'Object Repository/V2/TT-363/Page_Meeting/Edit_Meeting/Page_Edit Meeting/input__acronym'

2020-09-23 23:32:20 - [MESSAGE][PASSED] - Text 'CSP' is set on object 'Object Repository/V2/TT-363/Page_Meeting/Edit_Meeting/Page_Edit Meeting/input__acronym'

2020-09-23 23:32:20 - [TEST_STEP][PASSED] - click(findTestObject("Object Repository/V2/TT-363/Page_Meeting/Edit_Meeting/Page_Edit Meeting/input_Meeting description (max 100 characte_8187fa")): Object: 'Object Repository/V2/TT-363/Page_Meeting/Edit_Meeting/Page_Edit Meeting/input_Meeting description (max 100 characte_8187fa' is clicked on

2020-09-23 23:32:20 - [MESSAGE][PASSED] - Object: 'Object Repository/V2/TT-363/Page_Meeting/Edit_Meeting/Page_Edit Meeting/input_Meeting description (max 100 characte_8187fa' is clicked on

2020-09-23 23:32:20 - [TEST_STEP][PASSED] - click(findTestObject("Object Repository/V2/TT-363/Page_Meeting/Edit_Meeting/Page_Edit Meeting/div_Meeting name Acronym Meeting descriptio_78e662")): Object: 'Object Repository/V2/TT-363/Page_Meeting/Edit_Meeting/Page_Edit Meeting/div_Meeting name Acronym Meeting descriptio_78e662' is clicked on

2020-09-23 23:32:51 - [MESSAGE][INFO] - Unable to find the element located by 'By.xpath: //div[@id='root']/div/div[2]/div/div/div[2]/div[2]/div/div[3]'. Please recheck the objects properties to make sure the desired element is located. 

2020-09-23 23:32:51 - [MESSAGE][WARNING] - [SELF-HEALING] Failed to find element with id 'Object Repository/V2/TT-363/Page_Meeting/Edit_Meeting/Page_Edit Meeting/div_Meeting name Acronym Meeting descriptio_78e662'. Try using Self-healing.

2020-09-23 23:32:51 - [MESSAGE][WARNING] - [SELF-HEALING] The current locator of test object 'Object Repository/V2/TT-363/Page_Meeting/Edit_Meeting/Page_Edit Meeting/div_Meeting name Acronym Meeting descriptio_78e662' was broken. Propose an alternative one: '(.//*[normalize-space(text()) and normalize-space(.)='Basic information'])[2]/following::div[1]'.

2020-09-23 23:32:51 - [MESSAGE][PASSED] - Object: 'Object Repository/V2/TT-363/Page_Meeting/Edit_Meeting/Page_Edit Meeting/div_Meeting name Acronym Meeting descriptio_78e662' is clicked on

2020-09-23 23:32:51 - [TEST_STEP][PASSED] - setText(findTestObject("Object Repository/V2/TT-363/Page_Meeting/Edit_Meeting/Page_Edit Meeting/input_Meeting description (max 100 characte_8187fa"), meetingDescription): Text 'L10 Meeting' is set on object 'Object Repository/V2/TT-363/Page_Meeting/Edit_Meeting/Page_Edit Meeting/input_Meeting description (max 100 characte_8187fa'

2020-09-23 23:32:51 - [MESSAGE][PASSED] - Text 'L10 Meeting' is set on object 'Object Repository/V2/TT-363/Page_Meeting/Edit_Meeting/Page_Edit Meeting/input_Meeting description (max 100 characte_8187fa'

2020-09-23 23:32:51 - [TEST_STEP][PASSED] - click(findTestObject("Object Repository/V2/TT-363/Page_Meeting/Edit_Meeting/Page_Edit Meeting/i__IconStyles-sc-181ai5j-0 fspyWU icon-arro_0a3203")): Object: 'Object Repository/V2/TT-363/Page_Meeting/Edit_Meeting/Page_Edit Meeting/i__IconStyles-sc-181ai5j-0 fspyWU icon-arro_0a3203' is clicked on

2020-09-23 23:33:22 - [MESSAGE][INFO] - Unable to find the element located by 'By.xpath: //div[@id='root']/div/div[2]/div/div/div[2]/div[2]/div/div[3]/form/div[4]/div/div/button/i'. Please recheck the objects properties to make sure the desired element is located. 

2020-09-23 23:33:22 - [MESSAGE][WARNING] - [SELF-HEALING] Failed to find element with id 'Object Repository/V2/TT-363/Page_Meeting/Edit_Meeting/Page_Edit Meeting/i__IconStyles-sc-181ai5j-0 fspyWU icon-arro_0a3203'. Try using Self-healing.

2020-09-23 23:33:22 - [MESSAGE][WARNING] - [SELF-HEALING] The current locator of test object 'Object Repository/V2/TT-363/Page_Meeting/Edit_Meeting/Page_Edit Meeting/i__IconStyles-sc-181ai5j-0 fspyWU icon-arro_0a3203' was broken. Propose an alternative one: '//form/div[4]/div/div/button/i'.

2020-09-23 23:33:22 - [MESSAGE][PASSED] - Object: 'Object Repository/V2/TT-363/Page_Meeting/Edit_Meeting/Page_Edit Meeting/i__IconStyles-sc-181ai5j-0 fspyWU icon-arro_0a3203' is clicked on

2020-09-23 23:33:22 - [TEST_STEP][PASSED] - click(findTestObject("Object Repository/V2/TT-363/Page_Meeting/Edit_Meeting/Page_Edit Meeting/div_Departmental")): Object: 'Object Repository/V2/TT-363/Page_Meeting/Edit_Meeting/Page_Edit Meeting/div_Departmental' is clicked on

2020-09-23 23:33:53 - [MESSAGE][INFO] - Unable to find the element located by 'By.xpath: //div[@id='root']/div/div[2]/div/div/div[2]/div[2]/div/div[3]/form/div[4]/div/div/div/div[2]/div[2]'. Please recheck the objects properties to make sure the desired element is located. 

2020-09-23 23:33:53 - [MESSAGE][WARNING] - [SELF-HEALING] Failed to find element with id 'Object Repository/V2/TT-363/Page_Meeting/Edit_Meeting/Page_Edit Meeting/div_Departmental'. Try using Self-healing.

2020-09-23 23:33:53 - [MESSAGE][WARNING] - [SELF-HEALING] The current locator of test object 'Object Repository/V2/TT-363/Page_Meeting/Edit_Meeting/Page_Edit Meeting/div_Departmental' was broken. Propose an alternative one: '(.//*[normalize-space(text()) and normalize-space(.)='Leadership'])[2]/following::div[1]'.

2020-09-23 23:33:53 - [MESSAGE][PASSED] - Object: 'Object Repository/V2/TT-363/Page_Meeting/Edit_Meeting/Page_Edit Meeting/div_Departmental' is clicked on

2020-09-23 23:33:53 - [TEST_STEP][PASSED] - click(findTestObject("Object Repository/V2/TT-363/Page_Meeting/Edit_Meeting/Page_Edit Meeting/button___StyledButton-sc-9nsd91-0 hrKrVT")): Object: 'Object Repository/V2/TT-363/Page_Meeting/Edit_Meeting/Page_Edit Meeting/button___StyledButton-sc-9nsd91-0 hrKrVT' is clicked on

2020-09-23 23:33:53 - [MESSAGE][PASSED] - Object: 'Object Repository/V2/TT-363/Page_Meeting/Edit_Meeting/Page_Edit Meeting/button___StyledButton-sc-9nsd91-0 hrKrVT' is clicked on

2020-09-23 23:33:53 - [TEST_STEP][PASSED] - click(findTestObject("Object Repository/V2/TT-363/Page_Meeting/Edit_Meeting/Page_Edit Meeting/div_MondayMondayTuesdayWednesdayThursdayFri_d9280e")): Object: 'Object Repository/V2/TT-363/Page_Meeting/Edit_Meeting/Page_Edit Meeting/div_MondayMondayTuesdayWednesdayThursdayFri_d9280e' is clicked on

2020-09-23 23:33:53 - [MESSAGE][PASSED] - Object: 'Object Repository/V2/TT-363/Page_Meeting/Edit_Meeting/Page_Edit Meeting/div_MondayMondayTuesdayWednesdayThursdayFri_d9280e' is clicked on

2020-09-23 23:33:53 - [TEST_STEP][PASSED] - click(findTestObject("Object Repository/V2/TT-363/Page_Meeting/Edit_Meeting/Page_Edit Meeting/div_Tuesday")): Object: 'Object Repository/V2/TT-363/Page_Meeting/Edit_Meeting/Page_Edit Meeting/div_Tuesday' is clicked on

2020-09-23 23:34:24 - [MESSAGE][INFO] - Unable to find the element located by 'By.xpath: //div[@id='root']/div/div[2]/div/div/div[2]/div[2]/div/div[3]/form/div[6]/div/div/div/div[2]/div[2]'. Please recheck the objects properties to make sure the desired element is located. 

2020-09-23 23:34:24 - [MESSAGE][WARNING] - [SELF-HEALING] Failed to find element with id 'Object Repository/V2/TT-363/Page_Meeting/Edit_Meeting/Page_Edit Meeting/div_Tuesday'. Try using Self-healing.

2020-09-23 23:34:24 - [MESSAGE][WARNING] - [SELF-HEALING] The current locator of test object 'Object Repository/V2/TT-363/Page_Meeting/Edit_Meeting/Page_Edit Meeting/div_Tuesday' was broken. Propose an alternative one: '(.//*[normalize-space(text()) and normalize-space(.)='Monday'])[2]/following::div[1]'.

2020-09-23 23:34:24 - [MESSAGE][PASSED] - Object: 'Object Repository/V2/TT-363/Page_Meeting/Edit_Meeting/Page_Edit Meeting/div_Tuesday' is clicked on

2020-09-23 23:34:24 - [TEST_STEP][PASSED] - click(findTestObject("Object Repository/V2/TT-363/Page_Meeting/Edit_Meeting/Page_Edit Meeting/input_am_meeting-time")): Object: 'Object Repository/V2/TT-363/Page_Meeting/Edit_Meeting/Page_Edit Meeting/input_am_meeting-time' is clicked on

2020-09-23 23:34:24 - [MESSAGE][PASSED] - Object: 'Object Repository/V2/TT-363/Page_Meeting/Edit_Meeting/Page_Edit Meeting/input_am_meeting-time' is clicked on

2020-09-23 23:34:24 - [TEST_STEP][PASSED] - click(findTestObject("Object Repository/V2/TT-363/Page_Meeting/Edit_Meeting/Page_Edit Meeting/div_ampm700")): Object: 'Object Repository/V2/TT-363/Page_Meeting/Edit_Meeting/Page_Edit Meeting/div_ampm700' is clicked on

2020-09-23 23:34:55 - [MESSAGE][INFO] - Unable to find the element located by 'By.xpath: //div[@id='root']/div/div[2]/div/div/div[2]/div[2]/div/div[3]/form/div[7]/div/div/div/div[2]/div[8]'. Please recheck the objects properties to make sure the desired element is located. 

2020-09-23 23:34:55 - [MESSAGE][WARNING] - [SELF-HEALING] Failed to find element with id 'Object Repository/V2/TT-363/Page_Meeting/Edit_Meeting/Page_Edit Meeting/div_ampm700'. Try using Self-healing.

2020-09-23 23:34:55 - [MESSAGE][WARNING] - [SELF-HEALING] The current locator of test object 'Object Repository/V2/TT-363/Page_Meeting/Edit_Meeting/Page_Edit Meeting/div_ampm700' was broken. Propose an alternative one: '(.//*[normalize-space(text()) and normalize-space(.)='am/pm'])[7]/following::div[1]'.

2020-09-23 23:34:55 - [MESSAGE][PASSED] - Object: 'Object Repository/V2/TT-363/Page_Meeting/Edit_Meeting/Page_Edit Meeting/div_ampm700' is clicked on

2020-09-23 23:34:55 - [TEST_STEP][PASSED] - click(findTestObject("Object Repository/V2/TT-363/Page_Meeting/Edit_Meeting/Edit_Meeting2/Page_Edit Meeting/div_Save")): Object: 'Object Repository/V2/TT-363/Page_Meeting/Edit_Meeting/Edit_Meeting2/Page_Edit Meeting/div_Save' is clicked on

2020-09-23 23:34:56 - [MESSAGE][PASSED] - Object: 'Object Repository/V2/TT-363/Page_Meeting/Edit_Meeting/Edit_Meeting2/Page_Edit Meeting/div_Save' is clicked on

2020-09-23 23:34:56 - [TEST_STEP][PASSED] - delay(5): Delayed 5 second(s)

2020-09-23 23:35:01 - [MESSAGE][PASSED] - Delayed 5 second(s)

2020-09-23 23:35:01 - [TEST_STEP][PASSED] - click(findTestObject("Object Repository/V2/TT-363/Page_Meeting/Edit_Meeting/Page_Dashboard/span_Meetings")): Object: 'Object Repository/V2/TT-363/Page_Meeting/Edit_Meeting/Page_Dashboard/span_Meetings' is clicked on

2020-09-23 23:35:01 - [MESSAGE][PASSED] - Object: 'Object Repository/V2/TT-363/Page_Meeting/Edit_Meeting/Page_Dashboard/span_Meetings' is clicked on

2020-09-23 23:35:01 - [TEST_STEP][PASSED] - delay(5): Delayed 5 second(s)

2020-09-23 23:35:06 - [MESSAGE][PASSED] - Delayed 5 second(s)

2020-09-23 23:35:06 - [TEST_STEP][PASSED] - editMeetingRecordObjSupervisor = tt_CustomKeywords.CustomKeywords.CreateDynamicElement("//div[@class="container__col detailscontainer__block"]/h2/div[text()='%s']", meetingTitleS, "xpath"): Successfully created new dynamic object: //div[@class="container__col detailscontainer__block"]/h2/div[text()='Edit Meeting Supervisor']

2020-09-23 23:35:06 - [MESSAGE][PASSED] - Successfully created new dynamic object: //div[@class="container__col detailscontainer__block"]/h2/div[text()='Edit Meeting Supervisor']

2020-09-23 23:35:06 - [TEST_STEP][PASSED] - verifyElementPresent(editMeetingRecordObjSupervisor, DefaultTimeout): Object '' is present

2020-09-23 23:35:06 - [MESSAGE][PASSED] - Object '' is present

2020-09-23 23:35:06 - [MESSAGE][INFO] - 

2020-09-23 23:35:06 - [MESSAGE][INFO] - ===================== Self-healing Report ====================

2020-09-23 23:35:06 - [MESSAGE][INFO] - One of the failed test object locators has been recovered by Self-healing. Please refer to the Self-healing Insights tab for more details.

2020-09-23 23:35:06 - [MESSAGE][INFO] - To learn more about Self-healing, please read https://docs.katalon.com/katalon-studio/docs/self-healing.html

2020-09-23 23:35:06 - [MESSAGE][INFO] - ==============================================================

2020-09-23 23:35:06 - [MESSAGE][PASSED] - Call Test Case 'Test Cases/V2/Test Case/Tests/TT-363 - Meeting List/Positive/Supervisor/TT_363_25_EditMeetingBI_Supervisor' successfully

2020-09-23 23:35:06 - [TEST_STEP][PASSED] - changeWebDriver(driver3): null

2020-09-23 23:35:06 - [TEST_STEP][PASSED] - callTestCase(findTestCase("V2/Test Case/Tests/TT-363 - Meeting List/Positive/Employee/TT_363_25_EditMeetingBI_Employee"), ["username":"", "password":"", "meetingNameE":meetingNameE, "meetingAcronym":meetingAcronym, "meetingDescription":meetingDescription, ... ], STOP_ON_FAILURE): Call Test Case 'Test Cases/V2/Test Case/Tests/TT-363 - Meeting List/Positive/Employee/TT_363_25_EditMeetingBI_Employee' successfully

2020-09-23 23:35:06 - [TEST_CASE][PASSED] - Test Cases/V2/Test Case/Tests/TT-363 - Meeting List/Positive/Employee/TT_363_25_EditMeetingBI_Employee: Test Cases/V2/Test Case/Tests/TT-363 - Meeting List/Positive/Employee/TT_363_25_EditMeetingBI_Employee

2020-09-23 23:35:06 - [TEST_STEP][NOT_RUN] - openBrowser(""): NOT_RUN: openBrowser("")

2020-09-23 23:35:06 - [MESSAGE][NOT_RUN] - NOT_RUN: openBrowser("")

2020-09-23 23:35:06 - [TEST_STEP][NOT_RUN] - maximizeWindow(): NOT_RUN: maximizeWindow()

2020-09-23 23:35:06 - [MESSAGE][NOT_RUN] - NOT_RUN: maximizeWindow()

2020-09-23 23:35:06 - [TEST_STEP][NOT_RUN] - navigateToUrl(V2Url): NOT_RUN: navigateToUrl(V2Url)

2020-09-23 23:35:06 - [MESSAGE][NOT_RUN] - NOT_RUN: navigateToUrl(V2Url)

2020-09-23 23:35:06 - [TEST_STEP][NOT_RUN] - delay(7): NOT_RUN: delay(7)

2020-09-23 23:35:06 - [MESSAGE][NOT_RUN] - NOT_RUN: delay(7)

2020-09-23 23:35:06 - [TEST_STEP][NOT_RUN] - waitForElementClickable(findTestObject("V2/TT-363/Page_Login/input__username"), 30): NOT_RUN: waitForElementClickable(findTestObject("V2/TT-363/Page_Login/input__username"), 30)

2020-09-23 23:35:06 - [MESSAGE][NOT_RUN] - NOT_RUN: waitForElementClickable(findTestObject("V2/TT-363/Page_Login/input__username"), 30)

2020-09-23 23:35:06 - [TEST_STEP][NOT_RUN] - setText(findTestObject("V2/TT-363/Page_Login/input__username"), username): NOT_RUN: setText(findTestObject("V2/TT-363/Page_Login/input__username"), username)

2020-09-23 23:35:06 - [MESSAGE][NOT_RUN] - NOT_RUN: setText(findTestObject("V2/TT-363/Page_Login/input__username"), username)

2020-09-23 23:35:06 - [TEST_STEP][NOT_RUN] - setText(findTestObject("Object Repository/V2/TT-363/Page_Login/input__password"), password): NOT_RUN: setText(findTestObject("Object Repository/V2/TT-363/Page_Login/input__password"), password)

2020-09-23 23:35:06 - [MESSAGE][NOT_RUN] - NOT_RUN: setText(findTestObject("Object Repository/V2/TT-363/Page_Login/input__password"), password)

2020-09-23 23:35:06 - [TEST_STEP][NOT_RUN] - click(findTestObject("Object Repository/V2/TT-363/Page_Login/div_Login")): NOT_RUN: click(findTestObject("Object Repository/V2/TT-363/Page_Login/div_Login"))

2020-09-23 23:35:06 - [MESSAGE][NOT_RUN] - NOT_RUN: click(findTestObject("Object Repository/V2/TT-363/Page_Login/div_Login"))

2020-09-23 23:35:06 - [TEST_STEP][PASSED] - verifyElementPresent(findTestObject("V2/TT-363/Page_Dashboard/span_Meetings"), DefaultTimeout): Object 'Object Repository/V2/TT-363/Page_Dashboard/span_Meetings' is present

2020-09-23 23:35:06 - [MESSAGE][PASSED] - Object 'Object Repository/V2/TT-363/Page_Dashboard/span_Meetings' is present

2020-09-23 23:35:06 - [TEST_STEP][PASSED] - click(findTestObject("V2/TT-363/Page_Dashboard/span_Meetings")): Object: 'Object Repository/V2/TT-363/Page_Dashboard/span_Meetings' is clicked on

2020-09-23 23:35:06 - [MESSAGE][PASSED] - Object: 'Object Repository/V2/TT-363/Page_Dashboard/span_Meetings' is clicked on

2020-09-23 23:35:06 - [TEST_STEP][PASSED] - click(findTestObject("Object Repository/V2/TT-363/Page_Meeting/div_Create a meeting")): Object: 'Object Repository/V2/TT-363/Page_Meeting/div_Create a meeting' is clicked on

2020-09-23 23:35:06 - [MESSAGE][PASSED] - Object: 'Object Repository/V2/TT-363/Page_Meeting/div_Create a meeting' is clicked on

2020-09-23 23:35:06 - [TEST_STEP][PASSED] - click(findTestObject("Object Repository/V2/TT-363/Page_Meeting/button_Level 10")): Object: 'Object Repository/V2/TT-363/Page_Meeting/button_Level 10' is clicked on

2020-09-23 23:35:06 - [MESSAGE][PASSED] - Object: 'Object Repository/V2/TT-363/Page_Meeting/button_Level 10' is clicked on

2020-09-23 23:35:06 - [TEST_STEP][PASSED] - waitForElementVisible(findTestObject("Object Repository/V2/TT-363/Page_Meeting/input__name"), DefaultTimeout): Object 'Object Repository/V2/TT-363/Page_Meeting/input__name' is visible

2020-09-23 23:35:06 - [MESSAGE][PASSED] - Object 'Object Repository/V2/TT-363/Page_Meeting/input__name' is visible

2020-09-23 23:35:06 - [TEST_STEP][PASSED] - setText(findTestObject("Object Repository/V2/TT-363/Page_Meeting/input__name"), meetingNameE): Text 'SP Meeting Employee' is set on object 'Object Repository/V2/TT-363/Page_Meeting/input__name'

2020-09-23 23:35:07 - [MESSAGE][PASSED] - Text 'SP Meeting Employee' is set on object 'Object Repository/V2/TT-363/Page_Meeting/input__name'

2020-09-23 23:35:07 - [TEST_STEP][PASSED] - setText(findTestObject("Object Repository/V2/TT-363/Page_Meeting/input__acronym"), meetingAcronym): Text 'CSP' is set on object 'Object Repository/V2/TT-363/Page_Meeting/input__acronym'

2020-09-23 23:35:07 - [MESSAGE][PASSED] - Text 'CSP' is set on object 'Object Repository/V2/TT-363/Page_Meeting/input__acronym'

2020-09-23 23:35:07 - [TEST_STEP][PASSED] - setText(findTestObject("Object Repository/V2/TT-363/Page_Meeting/input_Meeting description (max 100 characte_8187fa"), meetingDescription): Text 'L10 Meeting' is set on object 'Object Repository/V2/TT-363/Page_Meeting/input_Meeting description (max 100 characte_8187fa'

2020-09-23 23:35:07 - [MESSAGE][PASSED] - Text 'L10 Meeting' is set on object 'Object Repository/V2/TT-363/Page_Meeting/input_Meeting description (max 100 characte_8187fa'

2020-09-23 23:35:07 - [TEST_STEP][PASSED] - click(findTestObject("Object Repository/V2/TT-363/Page_Meeting/input__typeOfMeeting")): Object: 'Object Repository/V2/TT-363/Page_Meeting/input__typeOfMeeting' is clicked on

2020-09-23 23:35:07 - [MESSAGE][PASSED] - Object: 'Object Repository/V2/TT-363/Page_Meeting/input__typeOfMeeting' is clicked on

2020-09-23 23:35:07 - [TEST_STEP][PASSED] - click(findTestObject("V2/TT-363/Page_Meeting/div_Leadership")): Object: 'Object Repository/V2/TT-363/Page_Meeting/div_Leadership' is clicked on

2020-09-23 23:35:07 - [MESSAGE][PASSED] - Object: 'Object Repository/V2/TT-363/Page_Meeting/div_Leadership' is clicked on

2020-09-23 23:35:07 - [TEST_STEP][PASSED] - click(findTestObject("Object Repository/V2/TT-363/Page_Meeting/div_Select a dayMondayTuesdayWednesdayThurs_fcb808")): Object: 'Object Repository/V2/TT-363/Page_Meeting/div_Select a dayMondayTuesdayWednesdayThurs_fcb808' is clicked on

2020-09-23 23:35:07 - [MESSAGE][PASSED] - Object: 'Object Repository/V2/TT-363/Page_Meeting/div_Select a dayMondayTuesdayWednesdayThurs_fcb808' is clicked on

2020-09-23 23:35:07 - [TEST_STEP][PASSED] - click(findTestObject("V2/TT-363/Page_Meeting/div_Monday")): Object: 'Object Repository/V2/TT-363/Page_Meeting/div_Monday' is clicked on

2020-09-23 23:35:08 - [MESSAGE][PASSED] - Object: 'Object Repository/V2/TT-363/Page_Meeting/div_Monday' is clicked on

2020-09-23 23:35:08 - [TEST_STEP][PASSED] - click(findTestObject("Object Repository/V2/TT-363/Page_Meeting/div_000")): Object: 'Object Repository/V2/TT-363/Page_Meeting/div_000' is clicked on

2020-09-23 23:35:08 - [MESSAGE][PASSED] - Object: 'Object Repository/V2/TT-363/Page_Meeting/div_000' is clicked on

2020-09-23 23:35:08 - [TEST_STEP][PASSED] - click(findTestObject("Object Repository/V2/TT-363/Page_Meeting/span_0800")): Object: 'Object Repository/V2/TT-363/Page_Meeting/span_0800' is clicked on

2020-09-23 23:35:08 - [MESSAGE][PASSED] - Object: 'Object Repository/V2/TT-363/Page_Meeting/span_0800' is clicked on

2020-09-23 23:35:08 - [TEST_STEP][PASSED] - setText(findTestObject("Object Repository/V2/TT-363/Page_Meeting/input_Video conference URL_meetingLink"), videoConference): Text 'https://yourvideoconference.com/sample' is set on object 'Object Repository/V2/TT-363/Page_Meeting/input_Video conference URL_meetingLink'

2020-09-23 23:35:08 - [MESSAGE][PASSED] - Text 'https://yourvideoconference.com/sample' is set on object 'Object Repository/V2/TT-363/Page_Meeting/input_Video conference URL_meetingLink'

2020-09-23 23:35:08 - [TEST_STEP][PASSED] - click(findTestObject("Object Repository/V2/TT-363/Page_Meeting/div_Create Meeting")): Object: 'Object Repository/V2/TT-363/Page_Meeting/div_Create Meeting' is clicked on

2020-09-23 23:35:08 - [MESSAGE][PASSED] - Object: 'Object Repository/V2/TT-363/Page_Meeting/div_Create Meeting' is clicked on

2020-09-23 23:35:08 - [TEST_STEP][PASSED] - waitForElementVisible(findTestObject("Object Repository/V2/TT-363/Page_Meeting/div_Ill do this later"), DefaultTimeout): Object 'Object Repository/V2/TT-363/Page_Meeting/div_Ill do this later' is visible

2020-09-23 23:35:15 - [MESSAGE][PASSED] - Object 'Object Repository/V2/TT-363/Page_Meeting/div_Ill do this later' is visible

2020-09-23 23:35:15 - [TEST_STEP][PASSED] - click(findTestObject("Object Repository/V2/TT-363/Page_Meeting/div_Ill do this later")): Object: 'Object Repository/V2/TT-363/Page_Meeting/div_Ill do this later' is clicked on

2020-09-23 23:35:15 - [MESSAGE][PASSED] - Object: 'Object Repository/V2/TT-363/Page_Meeting/div_Ill do this later' is clicked on

2020-09-23 23:35:15 - [TEST_STEP][PASSED] - createMeetingRecordObjEmployee = tt_CustomKeywords.CustomKeywords.CreateDynamicElement("//div[@class="container__col detailscontainer__block"]/h2/div[text()='%s']", meetingNameE, "xpath"): Successfully created new dynamic object: //div[@class="container__col detailscontainer__block"]/h2/div[text()='SP Meeting Employee']

2020-09-23 23:35:15 - [MESSAGE][PASSED] - Successfully created new dynamic object: //div[@class="container__col detailscontainer__block"]/h2/div[text()='SP Meeting Employee']

2020-09-23 23:35:15 - [TEST_STEP][PASSED] - verifyElementPresent(createMeetingRecordObjEmployee, DefaultTimeout): Object '' is present

2020-09-23 23:35:15 - [MESSAGE][PASSED] - Object '' is present

2020-09-23 23:35:15 - [TEST_STEP][PASSED] - delay(5): Delayed 5 second(s)

2020-09-23 23:35:20 - [MESSAGE][PASSED] - Delayed 5 second(s)

2020-09-23 23:35:20 - [TEST_STEP][PASSED] - waitForElementVisible(findTestObject("Object Repository/V2/TT-363/Page_Meeting/Edit_Meeting/Page_Meeting/button_Go to meeting_BtnIconNakedStyles-sc-_e4abf2"), DefaultTimeout): Object 'Object Repository/V2/TT-363/Page_Meeting/Edit_Meeting/Page_Meeting/button_Go to meeting_BtnIconNakedStyles-sc-_e4abf2' is visible

2020-09-23 23:35:21 - [MESSAGE][PASSED] - Object 'Object Repository/V2/TT-363/Page_Meeting/Edit_Meeting/Page_Meeting/button_Go to meeting_BtnIconNakedStyles-sc-_e4abf2' is visible

2020-09-23 23:35:21 - [TEST_STEP][PASSED] - click(findTestObject("Object Repository/V2/TT-363/Page_Meeting/Edit_Meeting/Page_Meeting/button_Go to meeting_BtnIconNakedStyles-sc-_e4abf2")): Object: 'Object Repository/V2/TT-363/Page_Meeting/Edit_Meeting/Page_Meeting/button_Go to meeting_BtnIconNakedStyles-sc-_e4abf2' is clicked on

2020-09-23 23:35:21 - [MESSAGE][PASSED] - Object: 'Object Repository/V2/TT-363/Page_Meeting/Edit_Meeting/Page_Meeting/button_Go to meeting_BtnIconNakedStyles-sc-_e4abf2' is clicked on

2020-09-23 23:35:21 - [TEST_STEP][PASSED] - click(findTestObject("Object Repository/V2/TT-363/Page_Meeting/Edit_Meeting/Page_Meeting/a_Edit meeting")): Object: 'Object Repository/V2/TT-363/Page_Meeting/Edit_Meeting/Page_Meeting/a_Edit meeting' is clicked on

2020-09-23 23:35:21 - [MESSAGE][PASSED] - Object: 'Object Repository/V2/TT-363/Page_Meeting/Edit_Meeting/Page_Meeting/a_Edit meeting' is clicked on

2020-09-23 23:35:21 - [TEST_STEP][PASSED] - waitForElementPresent(findTestObject("Object Repository/V2/TT-363/Page_Meeting/Edit_Meeting/Page_Edit Meeting/input__meeting title"), DefaultTimeout): Object 'Object Repository/V2/TT-363/Page_Meeting/Edit_Meeting/Page_Edit Meeting/input__meeting title' is present

2020-09-23 23:35:22 - [MESSAGE][PASSED] - Object 'Object Repository/V2/TT-363/Page_Meeting/Edit_Meeting/Page_Edit Meeting/input__meeting title' is present

2020-09-23 23:35:22 - [TEST_STEP][PASSED] - click(findTestObject("Object Repository/V2/TT-363/Page_Meeting/Edit_Meeting/Page_Edit Meeting/div_GeneralBasic informationVideo conferenc_ee1ae7")): Object: 'Object Repository/V2/TT-363/Page_Meeting/Edit_Meeting/Page_Edit Meeting/div_GeneralBasic informationVideo conferenc_ee1ae7' is clicked on

2020-09-23 23:35:22 - [MESSAGE][PASSED] - Object: 'Object Repository/V2/TT-363/Page_Meeting/Edit_Meeting/Page_Edit Meeting/div_GeneralBasic informationVideo conferenc_ee1ae7' is clicked on

2020-09-23 23:35:22 - [TEST_STEP][PASSED] - setText(findTestObject("Object Repository/V2/TT-363/Page_Meeting/Edit_Meeting/Page_Edit Meeting/input__meeting title"), meetingTitleE): Text 'Edit Meeting Employee' is set on object 'Object Repository/V2/TT-363/Page_Meeting/Edit_Meeting/Page_Edit Meeting/input__meeting title'

2020-09-23 23:35:22 - [MESSAGE][PASSED] - Text 'Edit Meeting Employee' is set on object 'Object Repository/V2/TT-363/Page_Meeting/Edit_Meeting/Page_Edit Meeting/input__meeting title'

2020-09-23 23:35:22 - [TEST_STEP][PASSED] - click(findTestObject("Object Repository/V2/TT-363/Page_Meeting/Edit_Meeting/Page_Edit Meeting/input__acronym")): Object: 'Object Repository/V2/TT-363/Page_Meeting/Edit_Meeting/Page_Edit Meeting/input__acronym' is clicked on

2020-09-23 23:35:22 - [MESSAGE][PASSED] - Object: 'Object Repository/V2/TT-363/Page_Meeting/Edit_Meeting/Page_Edit Meeting/input__acronym' is clicked on

2020-09-23 23:35:22 - [TEST_STEP][PASSED] - setText(findTestObject("Object Repository/V2/TT-363/Page_Meeting/Edit_Meeting/Page_Edit Meeting/input__acronym"), meetingAcronym): Text 'CSP' is set on object 'Object Repository/V2/TT-363/Page_Meeting/Edit_Meeting/Page_Edit Meeting/input__acronym'

2020-09-23 23:35:22 - [MESSAGE][PASSED] - Text 'CSP' is set on object 'Object Repository/V2/TT-363/Page_Meeting/Edit_Meeting/Page_Edit Meeting/input__acronym'

2020-09-23 23:35:22 - [TEST_STEP][PASSED] - click(findTestObject("Object Repository/V2/TT-363/Page_Meeting/Edit_Meeting/Page_Edit Meeting/input_Meeting description (max 100 characte_8187fa")): Object: 'Object Repository/V2/TT-363/Page_Meeting/Edit_Meeting/Page_Edit Meeting/input_Meeting description (max 100 characte_8187fa' is clicked on

2020-09-23 23:35:22 - [MESSAGE][PASSED] - Object: 'Object Repository/V2/TT-363/Page_Meeting/Edit_Meeting/Page_Edit Meeting/input_Meeting description (max 100 characte_8187fa' is clicked on

2020-09-23 23:35:22 - [TEST_STEP][PASSED] - click(findTestObject("Object Repository/V2/TT-363/Page_Meeting/Edit_Meeting/Page_Edit Meeting/div_Meeting name Acronym Meeting descriptio_78e662")): Object: 'Object Repository/V2/TT-363/Page_Meeting/Edit_Meeting/Page_Edit Meeting/div_Meeting name Acronym Meeting descriptio_78e662' is clicked on

2020-09-23 23:35:53 - [MESSAGE][INFO] - Unable to find the element located by 'By.xpath: //div[@id='root']/div/div[2]/div/div/div[2]/div[2]/div/div[3]'. Please recheck the objects properties to make sure the desired element is located. 

2020-09-23 23:35:53 - [MESSAGE][WARNING] - [SELF-HEALING] Failed to find element with id 'Object Repository/V2/TT-363/Page_Meeting/Edit_Meeting/Page_Edit Meeting/div_Meeting name Acronym Meeting descriptio_78e662'. Try using Self-healing.

2020-09-23 23:35:53 - [MESSAGE][WARNING] - [SELF-HEALING] The current locator of test object 'Object Repository/V2/TT-363/Page_Meeting/Edit_Meeting/Page_Edit Meeting/div_Meeting name Acronym Meeting descriptio_78e662' was broken. Propose an alternative one: '(.//*[normalize-space(text()) and normalize-space(.)='Basic information'])[2]/following::div[1]'.

2020-09-23 23:35:53 - [MESSAGE][PASSED] - Object: 'Object Repository/V2/TT-363/Page_Meeting/Edit_Meeting/Page_Edit Meeting/div_Meeting name Acronym Meeting descriptio_78e662' is clicked on

2020-09-23 23:35:53 - [TEST_STEP][PASSED] - setText(findTestObject("Object Repository/V2/TT-363/Page_Meeting/Edit_Meeting/Page_Edit Meeting/input_Meeting description (max 100 characte_8187fa"), meetingDescription): Text 'L10 Meeting' is set on object 'Object Repository/V2/TT-363/Page_Meeting/Edit_Meeting/Page_Edit Meeting/input_Meeting description (max 100 characte_8187fa'

2020-09-23 23:35:54 - [MESSAGE][PASSED] - Text 'L10 Meeting' is set on object 'Object Repository/V2/TT-363/Page_Meeting/Edit_Meeting/Page_Edit Meeting/input_Meeting description (max 100 characte_8187fa'

2020-09-23 23:35:54 - [TEST_STEP][PASSED] - click(findTestObject("Object Repository/V2/TT-363/Page_Meeting/Edit_Meeting/Page_Edit Meeting/i__IconStyles-sc-181ai5j-0 fspyWU icon-arro_0a3203")): Object: 'Object Repository/V2/TT-363/Page_Meeting/Edit_Meeting/Page_Edit Meeting/i__IconStyles-sc-181ai5j-0 fspyWU icon-arro_0a3203' is clicked on

2020-09-23 23:36:25 - [MESSAGE][INFO] - Unable to find the element located by 'By.xpath: //div[@id='root']/div/div[2]/div/div/div[2]/div[2]/div/div[3]/form/div[4]/div/div/button/i'. Please recheck the objects properties to make sure the desired element is located. 

2020-09-23 23:36:25 - [MESSAGE][WARNING] - [SELF-HEALING] Failed to find element with id 'Object Repository/V2/TT-363/Page_Meeting/Edit_Meeting/Page_Edit Meeting/i__IconStyles-sc-181ai5j-0 fspyWU icon-arro_0a3203'. Try using Self-healing.

2020-09-23 23:36:25 - [MESSAGE][WARNING] - [SELF-HEALING] The current locator of test object 'Object Repository/V2/TT-363/Page_Meeting/Edit_Meeting/Page_Edit Meeting/i__IconStyles-sc-181ai5j-0 fspyWU icon-arro_0a3203' was broken. Propose an alternative one: '//form/div[4]/div/div/button/i'.

2020-09-23 23:36:25 - [MESSAGE][PASSED] - Object: 'Object Repository/V2/TT-363/Page_Meeting/Edit_Meeting/Page_Edit Meeting/i__IconStyles-sc-181ai5j-0 fspyWU icon-arro_0a3203' is clicked on

2020-09-23 23:36:25 - [TEST_STEP][PASSED] - click(findTestObject("Object Repository/V2/TT-363/Page_Meeting/Edit_Meeting/Page_Edit Meeting/div_Departmental")): Object: 'Object Repository/V2/TT-363/Page_Meeting/Edit_Meeting/Page_Edit Meeting/div_Departmental' is clicked on

2020-09-23 23:36:56 - [MESSAGE][INFO] - Unable to find the element located by 'By.xpath: //div[@id='root']/div/div[2]/div/div/div[2]/div[2]/div/div[3]/form/div[4]/div/div/div/div[2]/div[2]'. Please recheck the objects properties to make sure the desired element is located. 

2020-09-23 23:36:56 - [MESSAGE][WARNING] - [SELF-HEALING] Failed to find element with id 'Object Repository/V2/TT-363/Page_Meeting/Edit_Meeting/Page_Edit Meeting/div_Departmental'. Try using Self-healing.

2020-09-23 23:36:56 - [MESSAGE][WARNING] - [SELF-HEALING] The current locator of test object 'Object Repository/V2/TT-363/Page_Meeting/Edit_Meeting/Page_Edit Meeting/div_Departmental' was broken. Propose an alternative one: '(.//*[normalize-space(text()) and normalize-space(.)='Leadership'])[2]/following::div[1]'.

2020-09-23 23:36:56 - [MESSAGE][PASSED] - Object: 'Object Repository/V2/TT-363/Page_Meeting/Edit_Meeting/Page_Edit Meeting/div_Departmental' is clicked on

2020-09-23 23:36:56 - [TEST_STEP][PASSED] - click(findTestObject("Object Repository/V2/TT-363/Page_Meeting/Edit_Meeting/Page_Edit Meeting/button___StyledButton-sc-9nsd91-0 hrKrVT")): Object: 'Object Repository/V2/TT-363/Page_Meeting/Edit_Meeting/Page_Edit Meeting/button___StyledButton-sc-9nsd91-0 hrKrVT' is clicked on

2020-09-23 23:36:56 - [MESSAGE][PASSED] - Object: 'Object Repository/V2/TT-363/Page_Meeting/Edit_Meeting/Page_Edit Meeting/button___StyledButton-sc-9nsd91-0 hrKrVT' is clicked on

2020-09-23 23:36:56 - [TEST_STEP][PASSED] - click(findTestObject("Object Repository/V2/TT-363/Page_Meeting/Edit_Meeting/Page_Edit Meeting/div_MondayMondayTuesdayWednesdayThursdayFri_d9280e")): Object: 'Object Repository/V2/TT-363/Page_Meeting/Edit_Meeting/Page_Edit Meeting/div_MondayMondayTuesdayWednesdayThursdayFri_d9280e' is clicked on

2020-09-23 23:36:56 - [MESSAGE][PASSED] - Object: 'Object Repository/V2/TT-363/Page_Meeting/Edit_Meeting/Page_Edit Meeting/div_MondayMondayTuesdayWednesdayThursdayFri_d9280e' is clicked on

2020-09-23 23:36:56 - [TEST_STEP][PASSED] - click(findTestObject("Object Repository/V2/TT-363/Page_Meeting/Edit_Meeting/Page_Edit Meeting/div_Tuesday")): Object: 'Object Repository/V2/TT-363/Page_Meeting/Edit_Meeting/Page_Edit Meeting/div_Tuesday' is clicked on

2020-09-23 23:37:27 - [MESSAGE][INFO] - Unable to find the element located by 'By.xpath: //div[@id='root']/div/div[2]/div/div/div[2]/div[2]/div/div[3]/form/div[6]/div/div/div/div[2]/div[2]'. Please recheck the objects properties to make sure the desired element is located. 

2020-09-23 23:37:27 - [MESSAGE][WARNING] - [SELF-HEALING] Failed to find element with id 'Object Repository/V2/TT-363/Page_Meeting/Edit_Meeting/Page_Edit Meeting/div_Tuesday'. Try using Self-healing.

2020-09-23 23:37:27 - [MESSAGE][WARNING] - [SELF-HEALING] The current locator of test object 'Object Repository/V2/TT-363/Page_Meeting/Edit_Meeting/Page_Edit Meeting/div_Tuesday' was broken. Propose an alternative one: '(.//*[normalize-space(text()) and normalize-space(.)='Monday'])[2]/following::div[1]'.

2020-09-23 23:37:27 - [MESSAGE][PASSED] - Object: 'Object Repository/V2/TT-363/Page_Meeting/Edit_Meeting/Page_Edit Meeting/div_Tuesday' is clicked on

2020-09-23 23:37:27 - [TEST_STEP][PASSED] - click(findTestObject("Object Repository/V2/TT-363/Page_Meeting/Edit_Meeting/Page_Edit Meeting/input_am_meeting-time")): Object: 'Object Repository/V2/TT-363/Page_Meeting/Edit_Meeting/Page_Edit Meeting/input_am_meeting-time' is clicked on

2020-09-23 23:37:27 - [MESSAGE][PASSED] - Object: 'Object Repository/V2/TT-363/Page_Meeting/Edit_Meeting/Page_Edit Meeting/input_am_meeting-time' is clicked on

2020-09-23 23:37:27 - [TEST_STEP][PASSED] - click(findTestObject("Object Repository/V2/TT-363/Page_Meeting/Edit_Meeting/Page_Edit Meeting/div_ampm700")): Object: 'Object Repository/V2/TT-363/Page_Meeting/Edit_Meeting/Page_Edit Meeting/div_ampm700' is clicked on

2020-09-23 23:37:58 - [MESSAGE][INFO] - Unable to find the element located by 'By.xpath: //div[@id='root']/div/div[2]/div/div/div[2]/div[2]/div/div[3]/form/div[7]/div/div/div/div[2]/div[8]'. Please recheck the objects properties to make sure the desired element is located. 

2020-09-23 23:37:58 - [MESSAGE][WARNING] - [SELF-HEALING] Failed to find element with id 'Object Repository/V2/TT-363/Page_Meeting/Edit_Meeting/Page_Edit Meeting/div_ampm700'. Try using Self-healing.

2020-09-23 23:37:58 - [MESSAGE][WARNING] - [SELF-HEALING] The current locator of test object 'Object Repository/V2/TT-363/Page_Meeting/Edit_Meeting/Page_Edit Meeting/div_ampm700' was broken. Propose an alternative one: '(.//*[normalize-space(text()) and normalize-space(.)='am/pm'])[7]/following::div[1]'.

2020-09-23 23:37:58 - [MESSAGE][PASSED] - Object: 'Object Repository/V2/TT-363/Page_Meeting/Edit_Meeting/Page_Edit Meeting/div_ampm700' is clicked on

2020-09-23 23:37:58 - [TEST_STEP][PASSED] - click(findTestObject("Object Repository/V2/TT-363/Page_Meeting/Edit_Meeting/Edit_Meeting2/Page_Edit Meeting/div_Save")): Object: 'Object Repository/V2/TT-363/Page_Meeting/Edit_Meeting/Edit_Meeting2/Page_Edit Meeting/div_Save' is clicked on

2020-09-23 23:37:58 - [MESSAGE][PASSED] - Object: 'Object Repository/V2/TT-363/Page_Meeting/Edit_Meeting/Edit_Meeting2/Page_Edit Meeting/div_Save' is clicked on

2020-09-23 23:37:58 - [TEST_STEP][PASSED] - delay(5): Delayed 5 second(s)

2020-09-23 23:38:03 - [MESSAGE][PASSED] - Delayed 5 second(s)

2020-09-23 23:38:03 - [TEST_STEP][PASSED] - click(findTestObject("Object Repository/V2/TT-363/Page_Meeting/Edit_Meeting/Page_Dashboard/span_Meetings")): Object: 'Object Repository/V2/TT-363/Page_Meeting/Edit_Meeting/Page_Dashboard/span_Meetings' is clicked on

2020-09-23 23:38:04 - [MESSAGE][PASSED] - Object: 'Object Repository/V2/TT-363/Page_Meeting/Edit_Meeting/Page_Dashboard/span_Meetings' is clicked on

2020-09-23 23:38:04 - [TEST_STEP][PASSED] - delay(5): Delayed 5 second(s)

2020-09-23 23:38:09 - [MESSAGE][PASSED] - Delayed 5 second(s)

2020-09-23 23:38:09 - [TEST_STEP][PASSED] - editMeetingRecordObjEmployee = tt_CustomKeywords.CustomKeywords.CreateDynamicElement("//div[@class="container__col detailscontainer__block"]/h2/div[text()='%s']", meetingTitleE, "xpath"): Successfully created new dynamic object: //div[@class="container__col detailscontainer__block"]/h2/div[text()='Edit Meeting Employee']

2020-09-23 23:38:09 - [MESSAGE][PASSED] - Successfully created new dynamic object: //div[@class="container__col detailscontainer__block"]/h2/div[text()='Edit Meeting Employee']

2020-09-23 23:38:09 - [TEST_STEP][PASSED] - verifyElementPresent(editMeetingRecordObjEmployee, DefaultTimeout): Object '' is present

2020-09-23 23:38:09 - [MESSAGE][PASSED] - Object '' is present

2020-09-23 23:38:09 - [MESSAGE][INFO] - 

2020-09-23 23:38:09 - [MESSAGE][INFO] - ===================== Self-healing Report ====================

2020-09-23 23:38:09 - [MESSAGE][INFO] - One of the failed test object locators has been recovered by Self-healing. Please refer to the Self-healing Insights tab for more details.

2020-09-23 23:38:09 - [MESSAGE][INFO] - To learn more about Self-healing, please read https://docs.katalon.com/katalon-studio/docs/self-healing.html

2020-09-23 23:38:09 - [MESSAGE][INFO] - ==============================================================

2020-09-23 23:38:09 - [MESSAGE][PASSED] - Call Test Case 'Test Cases/V2/Test Case/Tests/TT-363 - Meeting List/Positive/Employee/TT_363_25_EditMeetingBI_Employee' successfully

2020-09-23 23:38:09 - [TEST_STEP][PASSED] - changeWebDriver(driver1): null

2020-09-23 23:38:09 - [TEST_STEP][PASSED] - editMeetingRecordObjAdmin = tt_CustomKeywords.CustomKeywords.CreateDynamicElement("//div[@class="container__col detailscontainer__block"]/h2/div[text()='%s']", meetingTitle, "xpath"): Successfully created new dynamic object: //div[@class="container__col detailscontainer__block"]/h2/div[text()='Edit Meeting Admin']

2020-09-23 23:38:09 - [MESSAGE][PASSED] - Successfully created new dynamic object: //div[@class="container__col detailscontainer__block"]/h2/div[text()='Edit Meeting Admin']

2020-09-23 23:38:09 - [TEST_STEP][PASSED] - verifyElementPresent(editMeetingRecordObjAdmin, DefaultTimeout): Object '' is present

2020-09-23 23:38:09 - [MESSAGE][PASSED] - Object '' is present

2020-09-23 23:38:09 - [TEST_STEP][PASSED] - editMeetingRecordObjSupervisor = tt_CustomKeywords.CustomKeywords.CreateDynamicElement("//div[@class="container__col detailscontainer__block"]/h2/div[text()='%s']", meetingTitleS, "xpath"): Successfully created new dynamic object: //div[@class="container__col detailscontainer__block"]/h2/div[text()='Edit Meeting Supervisor']

2020-09-23 23:38:09 - [MESSAGE][PASSED] - Successfully created new dynamic object: //div[@class="container__col detailscontainer__block"]/h2/div[text()='Edit Meeting Supervisor']

2020-09-23 23:38:09 - [TEST_STEP][PASSED] - verifyElementPresent(editMeetingRecordObjSupervisor, DefaultTimeout): Object '' is present

2020-09-23 23:38:09 - [MESSAGE][PASSED] - Object '' is present

2020-09-23 23:38:09 - [TEST_STEP][PASSED] - editMeetingRecordObjEmployee = tt_CustomKeywords.CustomKeywords.CreateDynamicElement("//div[@class="container__col detailscontainer__block"]/h2/div[text()='%s']", meetingTitleE, "xpath"): Successfully created new dynamic object: //div[@class="container__col detailscontainer__block"]/h2/div[text()='Edit Meeting Employee']

2020-09-23 23:38:09 - [MESSAGE][PASSED] - Successfully created new dynamic object: //div[@class="container__col detailscontainer__block"]/h2/div[text()='Edit Meeting Employee']

2020-09-23 23:38:09 - [TEST_STEP][PASSED] - verifyElementPresent(editMeetingRecordObjEmployee, DefaultTimeout): Object '' is present

2020-09-23 23:38:09 - [MESSAGE][PASSED] - Object '' is present

2020-09-23 23:38:09 - [TEST_STEP][PASSED] - tt_CustomKeywords.CustomKeywords.CloseWebDriver(driver3): tt_CustomKeywords.CustomKeywords.CloseWebDriver is PASSED

2020-09-23 23:38:14 - [MESSAGE][PASSED] - tt_CustomKeywords.CustomKeywords.CloseWebDriver is PASSED

2020-09-23 23:38:14 - [TEST_STEP][PASSED] - tt_CustomKeywords.CustomKeywords.CloseWebDriver(driver2): tt_CustomKeywords.CustomKeywords.CloseWebDriver is PASSED

2020-09-23 23:38:19 - [MESSAGE][PASSED] - tt_CustomKeywords.CustomKeywords.CloseWebDriver is PASSED

2020-09-23 23:38:19 - [TEST_STEP][PASSED] - tt_CustomKeywords.CustomKeywords.CloseWebDriver(driver1): tt_CustomKeywords.CustomKeywords.CloseWebDriver is PASSED

2020-09-23 23:38:24 - [MESSAGE][PASSED] - tt_CustomKeywords.CustomKeywords.CloseWebDriver is PASSED]]></system-out>
         <system-err><![CDATA[]]></system-err>
      </testcase>
      <testcase name="Test Cases/V2/Test Case/Tests/TT-363 - Meeting List/Positive/TT_363_4_EditMeetingVideoConference_AllTestCase" time="788.552" classname="Test Cases/V2/Test Case/Tests/TT-363 - Meeting List/Positive/TT_363_4_EditMeetingVideoConference_AllTestCase" status="PASSED">
         <system-out><![CDATA[2020-09-23 23:38:24 - [TEST_CASE][PASSED] - Test Cases/V2/Test Case/Tests/TT-363 - Meeting List/Positive/TT_363_4_EditMeetingVideoConference_AllTestCase: Test Cases/V2/Test Case/Tests/TT-363 - Meeting List/Positive/TT_363_4_EditMeetingVideoConference_AllTestCase

2020-09-23 23:38:24 - [TEST_STEP][PASSED] - callTestCase(findTestCase("V2/Test Case/Pre-conditions/PRE_RegisterAndActivateTTUsers"), ["admin_fname":admin_fname, "lastname":lastname, "phonenumber":"9999999999", "company":"Traction Tools", "password":password, ... ], STOP_ON_FAILURE): Call Test Case 'Test Cases/V2/Test Case/Pre-conditions/PRE_RegisterAndActivateTTUsers' successfully

2020-09-23 23:38:24 - [TEST_CASE][PASSED] - Test Cases/V2/Test Case/Pre-conditions/PRE_RegisterAndActivateTTUsers: Test Cases/V2/Test Case/Pre-conditions/PRE_RegisterAndActivateTTUsers

2020-09-23 23:38:24 - [TEST_STEP][PASSED] - email = tt_CustomKeywords.CustomKeywords.GenerateRandomEmailAddress(admin_email_prefix, admin_email_domain, randomTextLength): Successfully generated a random email: tractiontools.user001+ta5cdhf3@gmail.com

2020-09-23 23:38:24 - [MESSAGE][PASSED] - Successfully generated a random email: tractiontools.user001+ta5cdhf3@gmail.com

2020-09-23 23:38:24 - [TEST_STEP][PASSED] - supervisor_email = tt_CustomKeywords.CustomKeywords.GenerateRandomEmailAddress(supervisor_email_prefix, supervisor_email_domain, randomTextLength): Successfully generated a random email: tractiontools.user001+ts5lcgpn@gmail.com

2020-09-23 23:38:24 - [MESSAGE][PASSED] - Successfully generated a random email: tractiontools.user001+ts5lcgpn@gmail.com

2020-09-23 23:38:24 - [TEST_STEP][PASSED] - employee_email = tt_CustomKeywords.CustomKeywords.GenerateRandomEmailAddress(employee_email_prefix, employee_email_domain, randomTextLength): Successfully generated a random email: tractiontools.user001+te51quyf@gmail.com

2020-09-23 23:38:24 - [MESSAGE][PASSED] - Successfully generated a random email: tractiontools.user001+te51quyf@gmail.com

2020-09-23 23:38:24 - [TEST_STEP][PASSED] - adminDetails = tt_CustomKeywords.CustomKeywords.RegisterUserViaAPIAndGenerateActivateURL(email, admin_fname, lastname, phonenumber, company, "__JSON__{\"howDidYouHearAboutUs\":\"Facebook\",\"implementer\":\"\",\"existingTractionToolsClient\":\"\",\"other\":\"\"}", "__JSON__{\"timeZone\":\"America/Guatemala\",\"brandColor\":\"#023047\",\"q1Start\":null,\"q1End\":null,\"q2Start\":null,\"q2End\":null,\"q3Start\":null,\"q3End\":null,\"q4Start\":null,\"q4End\":null,\"quarterDatesSetsRocks\":false,\"exportUsers\":false,\"exportRocks\":false,\"exportRocksIncludesMilestones\":false,\"exportScorecards\":false,\"exportTodos\":false,\"exportTodosIncludesNotes\":false,\"exportPeopleHeadlines\":false,\"exportPeopleHeadlinesIncludesNotes\":false,\"exportIssues\":false,\"exportIssuesIncludesNotes\":false,\"exportContextAwareTodos\":false,\"dateFormat\":\"MM/DD/YYYY\",\"timeFormat\":\"h:mma\",\"numberFormat\":\"-1,000.99\",\"supervisorsArchiveRestoreUsers\":false,\"supervisorsEditPositions\":false,\"milestonesAvailableToAll\":false,\"customMeetingTemplatesEnabled\":false,\"receiveTodoReminders\":false,\"todoReminderTime\":\"13:00\",\"todoReminderTimeZone\":\"America/Guatemala\",\"todoReminderFrequency\":\"DAILY\",\"vtoMeetingId\":\"\",\"vtoDisplayMode\":\"ALL\",\"coreValues\":[{\"id\":\"1\",\"text\":\"\"},{\"id\":\"2\",\"text\":\"\"},{\"id\":\"3\",\"text\":\"\"}]}", password, V2Url): SUCCESFFULLY registered a new user via API. 
 Generated Activation Link: 
http://local.traction.tools:5000/activate?activationKey=c12c77bf-7c08-43a4-9d31-6fc0f24b1ad2&userId=3aba5dce-d1dc-5cc6-cabb-66b083060d81&orgId=92ba5dce-d01f-96f2-bde0-74a795dd5a59&email=tractiontools.user001+ta5cdhf3@gmail.com&teamsId=84ba5dce-d069-818b-a19d-b3ddaf340689&meetingsId=7cba5dce-d054-5b8b-fc78-af679b26ee08&adminsId=ccba5dce-d2bc-2a15-29d0-58b5ce9c0554&usersId=30ba5dce-d07a-2cb0-c601-33d0559bebb8&supervisorsId=44ba5dce-d03e-188f-679d-a50d367a3fbc&accountabilityChartId=42ba5dce-d08a-99f8-fef8-9ec9de319557&isCreator=1

2020-09-23 23:38:26 - [MESSAGE][PASSED] - SUCCESFFULLY registered a new user via API. 
 Generated Activation Link: 
http://local.traction.tools:5000/activate?activationKey=c12c77bf-7c08-43a4-9d31-6fc0f24b1ad2&userId=3aba5dce-d1dc-5cc6-cabb-66b083060d81&orgId=92ba5dce-d01f-96f2-bde0-74a795dd5a59&email=tractiontools.user001+ta5cdhf3@gmail.com&teamsId=84ba5dce-d069-818b-a19d-b3ddaf340689&meetingsId=7cba5dce-d054-5b8b-fc78-af679b26ee08&adminsId=ccba5dce-d2bc-2a15-29d0-58b5ce9c0554&usersId=30ba5dce-d07a-2cb0-c601-33d0559bebb8&supervisorsId=44ba5dce-d03e-188f-679d-a50d367a3fbc&accountabilityChartId=42ba5dce-d08a-99f8-fef8-9ec9de319557&isCreator=1

2020-09-23 23:38:26 - [TEST_STEP][PASSED] - activationURL = adminDetails[0]: null

2020-09-23 23:38:26 - [TEST_STEP][PASSED] - orgID = adminDetails[1]: null

2020-09-23 23:38:26 - [TEST_STEP][PASSED] - out.println("URL: " + activationURL): null

2020-09-23 23:38:26 - [TEST_STEP][PASSED] - out.println("orgID: " + orgID): null

2020-09-23 23:38:26 - [TEST_STEP][PASSED] - supervisorUser_name = supervisor_fname + " " + lastname: null

2020-09-23 23:38:26 - [TEST_STEP][PASSED] - openBrowser(""): Browser is opened with url: ''

2020-09-23 23:38:26 - [MESSAGE][INFO] - Starting 'Chrome' driver

2020-09-23 23:38:26 - [MESSAGE][INFO] - Action delay is set to 0 milliseconds

2020-09-23 23:38:30 - [MESSAGE][PASSED] - Browser is opened with url: ''

2020-09-23 23:38:30 - [TEST_STEP][PASSED] - maximizeWindow(): Current window maximized

2020-09-23 23:38:32 - [MESSAGE][PASSED] - Current window maximized

2020-09-23 23:38:32 - [TEST_STEP][PASSED] - callTestCase(findTestCase("V2/Test Case/Pre-conditions/PRE_ActivateNewUser"), ["activationURL":activationURL, "email":email, "password":password], STOP_ON_FAILURE): Call Test Case 'Test Cases/V2/Test Case/Pre-conditions/PRE_ActivateNewUser' successfully

2020-09-23 23:38:32 - [TEST_CASE][PASSED] - Test Cases/V2/Test Case/Pre-conditions/PRE_ActivateNewUser: Test Cases/V2/Test Case/Pre-conditions/PRE_ActivateNewUser

2020-09-23 23:38:32 - [TEST_STEP][PASSED] - navigateToUrl(activationURL): Navigate to 'http://local.traction.tools:5000/activate?activationKey=c12c77bf-7c08-43a4-9d31-6fc0f24b1ad2&userId=3aba5dce-d1dc-5cc6-cabb-66b083060d81&orgId=92ba5dce-d01f-96f2-bde0-74a795dd5a59&email=tractiontools.user001+ta5cdhf3@gmail.com&teamsId=84ba5dce-d069-818b-a19d-b3ddaf340689&meetingsId=7cba5dce-d054-5b8b-fc78-af679b26ee08&adminsId=ccba5dce-d2bc-2a15-29d0-58b5ce9c0554&usersId=30ba5dce-d07a-2cb0-c601-33d0559bebb8&supervisorsId=44ba5dce-d03e-188f-679d-a50d367a3fbc&accountabilityChartId=42ba5dce-d08a-99f8-fef8-9ec9de319557&isCreator=1' successfully

2020-09-23 23:38:33 - [MESSAGE][PASSED] - Navigate to 'http://local.traction.tools:5000/activate?activationKey=c12c77bf-7c08-43a4-9d31-6fc0f24b1ad2&userId=3aba5dce-d1dc-5cc6-cabb-66b083060d81&orgId=92ba5dce-d01f-96f2-bde0-74a795dd5a59&email=tractiontools.user001+ta5cdhf3@gmail.com&teamsId=84ba5dce-d069-818b-a19d-b3ddaf340689&meetingsId=7cba5dce-d054-5b8b-fc78-af679b26ee08&adminsId=ccba5dce-d2bc-2a15-29d0-58b5ce9c0554&usersId=30ba5dce-d07a-2cb0-c601-33d0559bebb8&supervisorsId=44ba5dce-d03e-188f-679d-a50d367a3fbc&accountabilityChartId=42ba5dce-d08a-99f8-fef8-9ec9de319557&isCreator=1' successfully

2020-09-23 23:38:33 - [TEST_STEP][PASSED] - waitForElementVisible(findTestObject("V2/Commons/ActivationPage/input_Email_email"), DefaultTimeout): Object 'Object Repository/V2/Commons/ActivationPage/input_Email_email' is visible

2020-09-23 23:38:35 - [MESSAGE][PASSED] - Object 'Object Repository/V2/Commons/ActivationPage/input_Email_email' is visible

2020-09-23 23:38:35 - [TEST_STEP][PASSED] - actual_email = getAttribute(findTestObject("Object Repository/V2/Commons/ActivationPage/input_Email_email"), "value"): Attribute 'value' of object 'Object Repository/V2/Commons/ActivationPage/input_Email_email' is: 'tractiontools.user001+ta5cdhf3@gmail.com'

2020-09-23 23:38:35 - [MESSAGE][PASSED] - Attribute 'value' of object 'Object Repository/V2/Commons/ActivationPage/input_Email_email' is: 'tractiontools.user001+ta5cdhf3@gmail.com'

2020-09-23 23:38:35 - [TEST_STEP][PASSED] - verifyMatch(actual_email, email, false): Actual text 'tractiontools.user001+ta5cdhf3@gmail.com' and expected text 'tractiontools.user001+ta5cdhf3@gmail.com' are matched 

2020-09-23 23:38:35 - [MESSAGE][PASSED] - Actual text 'tractiontools.user001+ta5cdhf3@gmail.com' and expected text 'tractiontools.user001+ta5cdhf3@gmail.com' are matched 

2020-09-23 23:38:35 - [TEST_STEP][PASSED] - setText(findTestObject("V2/Commons/ActivationPage/input_password"), password): Text 'Qwer123!' is set on object 'Object Repository/V2/Commons/ActivationPage/input_password'

2020-09-23 23:38:36 - [MESSAGE][PASSED] - Text 'Qwer123!' is set on object 'Object Repository/V2/Commons/ActivationPage/input_password'

2020-09-23 23:38:36 - [TEST_STEP][PASSED] - setText(findTestObject("Object Repository/V2/Commons/ActivationPage/input__passwordRepeat"), password): Text 'Qwer123!' is set on object 'Object Repository/V2/Commons/ActivationPage/input__passwordRepeat'

2020-09-23 23:38:36 - [MESSAGE][PASSED] - Text 'Qwer123!' is set on object 'Object Repository/V2/Commons/ActivationPage/input__passwordRepeat'

2020-09-23 23:38:36 - [TEST_STEP][PASSED] - click(findTestObject("V2/Commons/ActivationPage/input_termsandconditions")): Object: 'Object Repository/V2/Commons/ActivationPage/input_termsandconditions' is clicked on

2020-09-23 23:38:37 - [MESSAGE][PASSED] - Object: 'Object Repository/V2/Commons/ActivationPage/input_termsandconditions' is clicked on

2020-09-23 23:38:37 - [TEST_STEP][PASSED] - click(findTestObject("Object Repository/V2/Commons/ActivationPage/div_Create account")): Object: 'Object Repository/V2/Commons/ActivationPage/div_Create account' is clicked on

2020-09-23 23:38:37 - [MESSAGE][PASSED] - Object: 'Object Repository/V2/Commons/ActivationPage/div_Create account' is clicked on

2020-09-23 23:38:37 - [TEST_STEP][PASSED] - waitForElementPresent(findTestObject("V2/Commons/DasboardPage_SidebarMenu/img_Home_logo-big"), DefaultTimeout): Object 'Object Repository/V2/Commons/DasboardPage_SidebarMenu/img_Home_logo-big' is present

2020-09-23 23:38:42 - [MESSAGE][PASSED] - Object 'Object Repository/V2/Commons/DasboardPage_SidebarMenu/img_Home_logo-big' is present

2020-09-23 23:38:42 - [TEST_STEP][PASSED] - verifyElementPresent(findTestObject("V2/Commons/DasboardPage_SidebarMenu/img_Home_logo-big"), 0): Object 'Object Repository/V2/Commons/DasboardPage_SidebarMenu/img_Home_logo-big' is present

2020-09-23 23:38:42 - [MESSAGE][WARNING] - Timeout '0' is invalid. Using default page load timeout: '30'

2020-09-23 23:38:43 - [MESSAGE][PASSED] - Object 'Object Repository/V2/Commons/DasboardPage_SidebarMenu/img_Home_logo-big' is present

2020-09-23 23:38:43 - [MESSAGE][PASSED] - Call Test Case 'Test Cases/V2/Test Case/Pre-conditions/PRE_ActivateNewUser' successfully

2020-09-23 23:38:43 - [TEST_STEP][PASSED] - callTestCase(findTestCase("V2/Test Case/Pre-conditions/PRE_SkipCompanyAndPersonalProfileSetup"), [:], STOP_ON_FAILURE): Call Test Case 'Test Cases/V2/Test Case/Pre-conditions/PRE_SkipCompanyAndPersonalProfileSetup' successfully

2020-09-23 23:38:43 - [TEST_CASE][PASSED] - Test Cases/V2/Test Case/Pre-conditions/PRE_SkipCompanyAndPersonalProfileSetup: Test Cases/V2/Test Case/Pre-conditions/PRE_SkipCompanyAndPersonalProfileSetup

2020-09-23 23:38:43 - [TEST_STEP][PASSED] - waitForElementVisible(findTestObject("V2/Commons/FirstUpdateCompanyAndPersonalInfoModal/confirmCompanyInfoHeader_h1"), DefaultTimeout): Object 'Object Repository/V2/Commons/FirstUpdateCompanyAndPersonalInfoModal/confirmCompanyInfoHeader_h1' is visible

2020-09-23 23:38:43 - [MESSAGE][PASSED] - Object 'Object Repository/V2/Commons/FirstUpdateCompanyAndPersonalInfoModal/confirmCompanyInfoHeader_h1' is visible

2020-09-23 23:38:43 - [TEST_STEP][PASSED] - click(findTestObject("V2/Commons/FirstUpdateCompanyAndPersonalInfoModal/confirmInfoSkip_button")): Object: 'Object Repository/V2/Commons/FirstUpdateCompanyAndPersonalInfoModal/confirmInfoSkip_button' is clicked on

2020-09-23 23:38:43 - [MESSAGE][PASSED] - Object: 'Object Repository/V2/Commons/FirstUpdateCompanyAndPersonalInfoModal/confirmInfoSkip_button' is clicked on

2020-09-23 23:38:43 - [TEST_STEP][PASSED] - waitForElementVisible(findTestObject("V2/Commons/FirstUpdateCompanyAndPersonalInfoModal/confirmPersonalInfoHeader_h1"), DefaultTimeout): Object 'Object Repository/V2/Commons/FirstUpdateCompanyAndPersonalInfoModal/confirmPersonalInfoHeader_h1' is visible

2020-09-23 23:38:44 - [MESSAGE][PASSED] - Object 'Object Repository/V2/Commons/FirstUpdateCompanyAndPersonalInfoModal/confirmPersonalInfoHeader_h1' is visible

2020-09-23 23:38:44 - [TEST_STEP][PASSED] - click(findTestObject("V2/Commons/FirstUpdateCompanyAndPersonalInfoModal/confirmInfoSkip_button")): Object: 'Object Repository/V2/Commons/FirstUpdateCompanyAndPersonalInfoModal/confirmInfoSkip_button' is clicked on

2020-09-23 23:38:44 - [MESSAGE][PASSED] - Object: 'Object Repository/V2/Commons/FirstUpdateCompanyAndPersonalInfoModal/confirmInfoSkip_button' is clicked on

2020-09-23 23:38:44 - [TEST_STEP][PASSED] - waitForElementVisible(findTestObject("V2/Commons/FirstUpdateCompanyAndPersonalInfoModal/letsGetStarted_button"), DefaultTimeout): Object 'Object Repository/V2/Commons/FirstUpdateCompanyAndPersonalInfoModal/letsGetStarted_button' is visible

2020-09-23 23:38:45 - [MESSAGE][PASSED] - Object 'Object Repository/V2/Commons/FirstUpdateCompanyAndPersonalInfoModal/letsGetStarted_button' is visible

2020-09-23 23:38:45 - [TEST_STEP][PASSED] - click(findTestObject("V2/Commons/FirstUpdateCompanyAndPersonalInfoModal/letsGetStarted_button")): Object: 'Object Repository/V2/Commons/FirstUpdateCompanyAndPersonalInfoModal/letsGetStarted_button' is clicked on

2020-09-23 23:38:45 - [MESSAGE][PASSED] - Object: 'Object Repository/V2/Commons/FirstUpdateCompanyAndPersonalInfoModal/letsGetStarted_button' is clicked on

2020-09-23 23:38:45 - [MESSAGE][PASSED] - Call Test Case 'Test Cases/V2/Test Case/Pre-conditions/PRE_SkipCompanyAndPersonalProfileSetup' successfully

2020-09-23 23:38:45 - [TEST_STEP][PASSED] - supervisor_activationURL = tt_CustomKeywords.CustomKeywords.RegisterAndActivateSupervisorUserViaAPI(V2Url, orgID, supervisor_email, password, email, password, supervisor_fname, lastname): SUCCESFFULLY registered a new user via API. 
 Generated Activation Link: 
http://local.traction.tools:5000/activate?activationKey=c7869324-fe08-42ef-b0fa-0c31bf333dd4&userId=74ba5dce-f9db-1498-9fd7-0a2cd96547e6&orgId=92ba5dce-d01f-96f2-bde0-74a795dd5a59&email=tractiontools.user001+ts5lcgpn@gmail.com&isCreator=0

2020-09-23 23:38:46 - [MESSAGE][PASSED] - SUCCESFFULLY registered a new user via API. 
 Generated Activation Link: 
http://local.traction.tools:5000/activate?activationKey=c7869324-fe08-42ef-b0fa-0c31bf333dd4&userId=74ba5dce-f9db-1498-9fd7-0a2cd96547e6&orgId=92ba5dce-d01f-96f2-bde0-74a795dd5a59&email=tractiontools.user001+ts5lcgpn@gmail.com&isCreator=0

2020-09-23 23:38:46 - [TEST_STEP][PASSED] - callTestCase(findTestCase("V2/Test Case/Pre-conditions/PRE_ChangeUserPermissionViaManageUser"), ["showMenuItemsPath":"//div[@class='usercard__detail_container']/div[text()='%s']/ancestor::div[contains(@class,'usercard__content')]//button[@aria-label='Show Menu Items']", "user_email":supervisor_email, ... ], STOP_ON_FAILURE): Call Test Case 'Test Cases/V2/Test Case/Pre-conditions/PRE_ChangeUserPermissionViaManageUser' successfully

2020-09-23 23:38:47 - [TEST_CASE][PASSED] - Test Cases/V2/Test Case/Pre-conditions/PRE_ChangeUserPermissionViaManageUser: Test Cases/V2/Test Case/Pre-conditions/PRE_ChangeUserPermissionViaManageUser

2020-09-23 23:38:47 - [TEST_STEP][PASSED] - click(findTestObject("Object Repository/V2/Commons/ManageUsersPage/span_Company Settings")): Object: 'Object Repository/V2/Commons/ManageUsersPage/span_Company Settings' is clicked on

2020-09-23 23:38:47 - [MESSAGE][PASSED] - Object: 'Object Repository/V2/Commons/ManageUsersPage/span_Company Settings' is clicked on

2020-09-23 23:38:47 - [TEST_STEP][PASSED] - click(findTestObject("V2/Commons/DasboardPage_SidebarMenu/a_Manage Users")): Object: 'Object Repository/V2/Commons/DasboardPage_SidebarMenu/a_Manage Users' is clicked on

2020-09-23 23:38:47 - [MESSAGE][PASSED] - Object: 'Object Repository/V2/Commons/DasboardPage_SidebarMenu/a_Manage Users' is clicked on

2020-09-23 23:38:47 - [TEST_STEP][PASSED] - showMenuItemsObj = tt_CustomKeywords.CustomKeywords.CreateDynamicElement(showMenuItemsPath, user_email, "xpath"): Successfully created new dynamic object: //div[@class='usercard__detail_container']/div[text()='tractiontools.user001+ts5lcgpn@gmail.com']/ancestor::div[contains(@class,'usercard__content')]//button[@aria-label='Show Menu Items']

2020-09-23 23:38:47 - [MESSAGE][PASSED] - Successfully created new dynamic object: //div[@class='usercard__detail_container']/div[text()='tractiontools.user001+ts5lcgpn@gmail.com']/ancestor::div[contains(@class,'usercard__content')]//button[@aria-label='Show Menu Items']

2020-09-23 23:38:47 - [TEST_STEP][PASSED] - click(showMenuItemsObj): Object: '' is clicked on

2020-09-23 23:38:48 - [MESSAGE][PASSED] - Object: '' is clicked on

2020-09-23 23:38:48 - [TEST_STEP][PASSED] - click(findTestObject("Object Repository/V2/Commons/ManageUsersPage/div_Edit user")): Object: 'Object Repository/V2/Commons/ManageUsersPage/div_Edit user' is clicked on

2020-09-23 23:38:48 - [MESSAGE][PASSED] - Object: 'Object Repository/V2/Commons/ManageUsersPage/div_Edit user' is clicked on

2020-09-23 23:38:48 - [TEST_STEP][PASSED] - verifyElementPresent(findTestObject("V2/Commons/ManageUsersPage/div_PositionTitle"), DefaultTimeout): Object 'Object Repository/V2/Commons/ManageUsersPage/div_PositionTitle' is present

2020-09-23 23:38:49 - [MESSAGE][PASSED] - Object 'Object Repository/V2/Commons/ManageUsersPage/div_PositionTitle' is present

2020-09-23 23:38:49 - [TEST_STEP][PASSED] - setText(findTestObject("V2/Commons/ManageUsersPage/position_title_input"), position_title): Text 'QA Manager' is set on object 'Object Repository/V2/Commons/ManageUsersPage/position_title_input'

2020-09-23 23:38:49 - [MESSAGE][PASSED] - Text 'QA Manager' is set on object 'Object Repository/V2/Commons/ManageUsersPage/position_title_input'

2020-09-23 23:38:49 - [TEST_STEP][PASSED] - sendKeys(findTestObject("V2/Commons/ManageUsersPage/position_title_input"), Keys.chord(ENTER)): Keys 'ENTER + ' sent to object: 'Object Repository/V2/Commons/ManageUsersPage/position_title_input'

2020-09-23 23:38:50 - [MESSAGE][PASSED] - Keys 'ENTER + ' sent to object: 'Object Repository/V2/Commons/ManageUsersPage/position_title_input'

2020-09-23 23:38:50 - [TEST_STEP][PASSED] - if (permissionValue == "Employee"): null

2020-09-23 23:38:50 - [TEST_STEP][PASSED] - verifyElementPresent(findTestObject("Object Repository/V2/Commons/ManageUsersPage/div_User type"), DefaultTimeout): Object 'Object Repository/V2/Commons/ManageUsersPage/div_User type' is present

2020-09-23 23:38:50 - [MESSAGE][PASSED] - Object 'Object Repository/V2/Commons/ManageUsersPage/div_User type' is present

2020-09-23 23:38:50 - [TEST_STEP][PASSED] - click(findTestObject("Object Repository/V2/Commons/ManageUsersPage/input__orgRole")): Object: 'Object Repository/V2/Commons/ManageUsersPage/input__orgRole' is clicked on

2020-09-23 23:38:51 - [MESSAGE][PASSED] - Object: 'Object Repository/V2/Commons/ManageUsersPage/input__orgRole' is clicked on

2020-09-23 23:38:51 - [TEST_STEP][PASSED] - roleOptionObj = tt_CustomKeywords.CustomKeywords.CreateDynamicElement(roleOption, permissionValue, "xpath"): Successfully created new dynamic object: //span[text()='Supervisor']/parent::div[@role='option']

2020-09-23 23:38:51 - [MESSAGE][PASSED] - Successfully created new dynamic object: //span[text()='Supervisor']/parent::div[@role='option']

2020-09-23 23:38:51 - [TEST_STEP][PASSED] - click(roleOptionObj): Object: '' is clicked on

2020-09-23 23:38:51 - [MESSAGE][PASSED] - Object: '' is clicked on

2020-09-23 23:38:51 - [TEST_STEP][PASSED] - click(findTestObject("Object Repository/V2/Commons/ManageUsersPage/div_Save")): Object: 'Object Repository/V2/Commons/ManageUsersPage/div_Save' is clicked on

2020-09-23 23:38:52 - [MESSAGE][PASSED] - Object: 'Object Repository/V2/Commons/ManageUsersPage/div_Save' is clicked on

2020-09-23 23:38:52 - [TEST_STEP][PASSED] - waitForElementVisible(findTestObject("V2/Commons/ManageUsersPage/h3_User Saved"), DefaultTimeout): Object 'Object Repository/V2/Commons/ManageUsersPage/h3_User Saved' is visible

2020-09-23 23:38:54 - [MESSAGE][PASSED] - Object 'Object Repository/V2/Commons/ManageUsersPage/h3_User Saved' is visible

2020-09-23 23:38:54 - [TEST_STEP][PASSED] - verifyElementVisible(findTestObject("Object Repository/V2/Commons/ManageUsersPage/h3_User Saved")): Object 'Object Repository/V2/Commons/ManageUsersPage/h3_User Saved' is visible

2020-09-23 23:38:55 - [MESSAGE][PASSED] - Object 'Object Repository/V2/Commons/ManageUsersPage/h3_User Saved' is visible

2020-09-23 23:38:55 - [MESSAGE][PASSED] - Call Test Case 'Test Cases/V2/Test Case/Pre-conditions/PRE_ChangeUserPermissionViaManageUser' successfully

2020-09-23 23:38:55 - [TEST_STEP][PASSED] - employee_activationURL = tt_CustomKeywords.CustomKeywords.RegisterAndActivateSupervisorUserViaAPI(V2Url, orgID, employee_email, password, email, password, employee_fname, lastname): SUCCESFFULLY registered a new user via API. 
 Generated Activation Link: 
http://local.traction.tools:5000/activate?activationKey=fbff8adc-01e9-4d97-bf77-4eddef29ebc5&userId=a0ba5dcf-0c52-8c5b-3b8f-5f92e21990ba&orgId=92ba5dce-d01f-96f2-bde0-74a795dd5a59&email=tractiontools.user001+te51quyf@gmail.com&isCreator=0

2020-09-23 23:38:56 - [MESSAGE][PASSED] - SUCCESFFULLY registered a new user via API. 
 Generated Activation Link: 
http://local.traction.tools:5000/activate?activationKey=fbff8adc-01e9-4d97-bf77-4eddef29ebc5&userId=a0ba5dcf-0c52-8c5b-3b8f-5f92e21990ba&orgId=92ba5dce-d01f-96f2-bde0-74a795dd5a59&email=tractiontools.user001+te51quyf@gmail.com&isCreator=0

2020-09-23 23:38:56 - [TEST_STEP][PASSED] - callTestCase(findTestCase("V2/Test Case/Pre-conditions/PRE_ChangeUserPermissionViaManageUser"), ["showMenuItemsPath":"//div[@class='usercard__detail_container']/div[text()='%s']/ancestor::div[contains(@class,'usercard__content')]//button[@aria-label='Show Menu Items']", "user_email":employee_email, ... ], STOP_ON_FAILURE): Call Test Case 'Test Cases/V2/Test Case/Pre-conditions/PRE_ChangeUserPermissionViaManageUser' successfully

2020-09-23 23:38:56 - [TEST_CASE][PASSED] - Test Cases/V2/Test Case/Pre-conditions/PRE_ChangeUserPermissionViaManageUser: Test Cases/V2/Test Case/Pre-conditions/PRE_ChangeUserPermissionViaManageUser

2020-09-23 23:38:56 - [TEST_STEP][PASSED] - click(findTestObject("Object Repository/V2/Commons/ManageUsersPage/span_Company Settings")): Object: 'Object Repository/V2/Commons/ManageUsersPage/span_Company Settings' is clicked on

2020-09-23 23:38:56 - [MESSAGE][PASSED] - Object: 'Object Repository/V2/Commons/ManageUsersPage/span_Company Settings' is clicked on

2020-09-23 23:38:56 - [TEST_STEP][PASSED] - click(findTestObject("V2/Commons/DasboardPage_SidebarMenu/a_Manage Users")): Object: 'Object Repository/V2/Commons/DasboardPage_SidebarMenu/a_Manage Users' is clicked on

2020-09-23 23:38:57 - [MESSAGE][PASSED] - Object: 'Object Repository/V2/Commons/DasboardPage_SidebarMenu/a_Manage Users' is clicked on

2020-09-23 23:38:57 - [TEST_STEP][PASSED] - showMenuItemsObj = tt_CustomKeywords.CustomKeywords.CreateDynamicElement(showMenuItemsPath, user_email, "xpath"): Successfully created new dynamic object: //div[@class='usercard__detail_container']/div[text()='tractiontools.user001+te51quyf@gmail.com']/ancestor::div[contains(@class,'usercard__content')]//button[@aria-label='Show Menu Items']

2020-09-23 23:38:57 - [MESSAGE][PASSED] - Successfully created new dynamic object: //div[@class='usercard__detail_container']/div[text()='tractiontools.user001+te51quyf@gmail.com']/ancestor::div[contains(@class,'usercard__content')]//button[@aria-label='Show Menu Items']

2020-09-23 23:38:57 - [TEST_STEP][PASSED] - click(showMenuItemsObj): Object: '' is clicked on

2020-09-23 23:38:57 - [MESSAGE][PASSED] - Object: '' is clicked on

2020-09-23 23:38:57 - [TEST_STEP][PASSED] - click(findTestObject("Object Repository/V2/Commons/ManageUsersPage/div_Edit user")): Object: 'Object Repository/V2/Commons/ManageUsersPage/div_Edit user' is clicked on

2020-09-23 23:38:58 - [MESSAGE][PASSED] - Object: 'Object Repository/V2/Commons/ManageUsersPage/div_Edit user' is clicked on

2020-09-23 23:38:58 - [TEST_STEP][PASSED] - verifyElementPresent(findTestObject("V2/Commons/ManageUsersPage/div_PositionTitle"), DefaultTimeout): Object 'Object Repository/V2/Commons/ManageUsersPage/div_PositionTitle' is present

2020-09-23 23:38:58 - [MESSAGE][PASSED] - Object 'Object Repository/V2/Commons/ManageUsersPage/div_PositionTitle' is present

2020-09-23 23:38:58 - [TEST_STEP][PASSED] - setText(findTestObject("V2/Commons/ManageUsersPage/position_title_input"), position_title): Text 'Quality Assurance' is set on object 'Object Repository/V2/Commons/ManageUsersPage/position_title_input'

2020-09-23 23:38:59 - [MESSAGE][PASSED] - Text 'Quality Assurance' is set on object 'Object Repository/V2/Commons/ManageUsersPage/position_title_input'

2020-09-23 23:38:59 - [TEST_STEP][PASSED] - sendKeys(findTestObject("V2/Commons/ManageUsersPage/position_title_input"), Keys.chord(ENTER)): Keys 'ENTER + ' sent to object: 'Object Repository/V2/Commons/ManageUsersPage/position_title_input'

2020-09-23 23:38:59 - [MESSAGE][PASSED] - Keys 'ENTER + ' sent to object: 'Object Repository/V2/Commons/ManageUsersPage/position_title_input'

2020-09-23 23:38:59 - [TEST_STEP][PASSED] - if (permissionValue == "Employee"): Keys 'ENTER + ' sent to object: 'Object Repository/V2/Commons/ManageUsersPage/supervisor_input'

2020-09-23 23:38:59 - [TEST_STEP][PASSED] - verifyElementPresent(findTestObject("V2/Commons/ManageUsersPage/supervisor_input"), DefaultTimeout): Object 'Object Repository/V2/Commons/ManageUsersPage/supervisor_input' is present

2020-09-23 23:39:00 - [MESSAGE][PASSED] - Object 'Object Repository/V2/Commons/ManageUsersPage/supervisor_input' is present

2020-09-23 23:39:00 - [TEST_STEP][PASSED] - setText(findTestObject("V2/Commons/ManageUsersPage/supervisor_input"), user_supervisorName): Text 'Supervisor User' is set on object 'Object Repository/V2/Commons/ManageUsersPage/supervisor_input'

2020-09-23 23:39:00 - [MESSAGE][PASSED] - Text 'Supervisor User' is set on object 'Object Repository/V2/Commons/ManageUsersPage/supervisor_input'

2020-09-23 23:39:00 - [TEST_STEP][PASSED] - sendKeys(findTestObject("V2/Commons/ManageUsersPage/supervisor_input"), Keys.chord(ENTER)): Keys 'ENTER + ' sent to object: 'Object Repository/V2/Commons/ManageUsersPage/supervisor_input'

2020-09-23 23:39:01 - [MESSAGE][PASSED] - Keys 'ENTER + ' sent to object: 'Object Repository/V2/Commons/ManageUsersPage/supervisor_input'

2020-09-23 23:39:01 - [TEST_STEP][PASSED] - verifyElementPresent(findTestObject("Object Repository/V2/Commons/ManageUsersPage/div_User type"), DefaultTimeout): Object 'Object Repository/V2/Commons/ManageUsersPage/div_User type' is present

2020-09-23 23:39:01 - [MESSAGE][PASSED] - Object 'Object Repository/V2/Commons/ManageUsersPage/div_User type' is present

2020-09-23 23:39:01 - [TEST_STEP][PASSED] - click(findTestObject("Object Repository/V2/Commons/ManageUsersPage/input__orgRole")): Object: 'Object Repository/V2/Commons/ManageUsersPage/input__orgRole' is clicked on

2020-09-23 23:39:02 - [MESSAGE][PASSED] - Object: 'Object Repository/V2/Commons/ManageUsersPage/input__orgRole' is clicked on

2020-09-23 23:39:02 - [TEST_STEP][PASSED] - roleOptionObj = tt_CustomKeywords.CustomKeywords.CreateDynamicElement(roleOption, permissionValue, "xpath"): Successfully created new dynamic object: //span[text()='Employee']/parent::div[@role='option']

2020-09-23 23:39:02 - [MESSAGE][PASSED] - Successfully created new dynamic object: //span[text()='Employee']/parent::div[@role='option']

2020-09-23 23:39:02 - [TEST_STEP][PASSED] - click(roleOptionObj): Object: '' is clicked on

2020-09-23 23:39:02 - [MESSAGE][PASSED] - Object: '' is clicked on

2020-09-23 23:39:02 - [TEST_STEP][PASSED] - click(findTestObject("Object Repository/V2/Commons/ManageUsersPage/div_Save")): Object: 'Object Repository/V2/Commons/ManageUsersPage/div_Save' is clicked on

2020-09-23 23:39:03 - [MESSAGE][PASSED] - Object: 'Object Repository/V2/Commons/ManageUsersPage/div_Save' is clicked on

2020-09-23 23:39:03 - [TEST_STEP][PASSED] - waitForElementVisible(findTestObject("V2/Commons/ManageUsersPage/h3_User Saved"), DefaultTimeout): Object 'Object Repository/V2/Commons/ManageUsersPage/h3_User Saved' is visible

2020-09-23 23:39:06 - [MESSAGE][PASSED] - Object 'Object Repository/V2/Commons/ManageUsersPage/h3_User Saved' is visible

2020-09-23 23:39:06 - [TEST_STEP][PASSED] - verifyElementVisible(findTestObject("Object Repository/V2/Commons/ManageUsersPage/h3_User Saved")): Object 'Object Repository/V2/Commons/ManageUsersPage/h3_User Saved' is visible

2020-09-23 23:39:06 - [MESSAGE][PASSED] - Object 'Object Repository/V2/Commons/ManageUsersPage/h3_User Saved' is visible

2020-09-23 23:39:06 - [MESSAGE][PASSED] - Call Test Case 'Test Cases/V2/Test Case/Pre-conditions/PRE_ChangeUserPermissionViaManageUser' successfully

2020-09-23 23:39:06 - [TEST_STEP][PASSED] - callTestCase(findTestCase("V2/Test Case/Pre-conditions/PRE_ActivateNewUser"), ["activationURL":supervisor_activationURL, "email":supervisor_email, "password":password], STOP_ON_FAILURE): Call Test Case 'Test Cases/V2/Test Case/Pre-conditions/PRE_ActivateNewUser' successfully

2020-09-23 23:39:06 - [TEST_CASE][PASSED] - Test Cases/V2/Test Case/Pre-conditions/PRE_ActivateNewUser: Test Cases/V2/Test Case/Pre-conditions/PRE_ActivateNewUser

2020-09-23 23:39:06 - [TEST_STEP][PASSED] - navigateToUrl(activationURL): Navigate to 'http://local.traction.tools:5000/activate?activationKey=c7869324-fe08-42ef-b0fa-0c31bf333dd4&userId=74ba5dce-f9db-1498-9fd7-0a2cd96547e6&orgId=92ba5dce-d01f-96f2-bde0-74a795dd5a59&email=tractiontools.user001+ts5lcgpn@gmail.com&isCreator=0' successfully

2020-09-23 23:39:08 - [MESSAGE][PASSED] - Navigate to 'http://local.traction.tools:5000/activate?activationKey=c7869324-fe08-42ef-b0fa-0c31bf333dd4&userId=74ba5dce-f9db-1498-9fd7-0a2cd96547e6&orgId=92ba5dce-d01f-96f2-bde0-74a795dd5a59&email=tractiontools.user001+ts5lcgpn@gmail.com&isCreator=0' successfully

2020-09-23 23:39:08 - [TEST_STEP][PASSED] - waitForElementVisible(findTestObject("V2/Commons/ActivationPage/input_Email_email"), DefaultTimeout): Object 'Object Repository/V2/Commons/ActivationPage/input_Email_email' is visible

2020-09-23 23:39:10 - [MESSAGE][PASSED] - Object 'Object Repository/V2/Commons/ActivationPage/input_Email_email' is visible

2020-09-23 23:39:10 - [TEST_STEP][PASSED] - actual_email = getAttribute(findTestObject("Object Repository/V2/Commons/ActivationPage/input_Email_email"), "value"): Attribute 'value' of object 'Object Repository/V2/Commons/ActivationPage/input_Email_email' is: 'tractiontools.user001+ts5lcgpn@gmail.com'

2020-09-23 23:39:10 - [MESSAGE][PASSED] - Attribute 'value' of object 'Object Repository/V2/Commons/ActivationPage/input_Email_email' is: 'tractiontools.user001+ts5lcgpn@gmail.com'

2020-09-23 23:39:10 - [TEST_STEP][PASSED] - verifyMatch(actual_email, email, false): Actual text 'tractiontools.user001+ts5lcgpn@gmail.com' and expected text 'tractiontools.user001+ts5lcgpn@gmail.com' are matched 

2020-09-23 23:39:10 - [MESSAGE][PASSED] - Actual text 'tractiontools.user001+ts5lcgpn@gmail.com' and expected text 'tractiontools.user001+ts5lcgpn@gmail.com' are matched 

2020-09-23 23:39:10 - [TEST_STEP][PASSED] - setText(findTestObject("V2/Commons/ActivationPage/input_password"), password): Text 'Qwer123!' is set on object 'Object Repository/V2/Commons/ActivationPage/input_password'

2020-09-23 23:39:11 - [MESSAGE][PASSED] - Text 'Qwer123!' is set on object 'Object Repository/V2/Commons/ActivationPage/input_password'

2020-09-23 23:39:11 - [TEST_STEP][PASSED] - setText(findTestObject("Object Repository/V2/Commons/ActivationPage/input__passwordRepeat"), password): Text 'Qwer123!' is set on object 'Object Repository/V2/Commons/ActivationPage/input__passwordRepeat'

2020-09-23 23:39:11 - [MESSAGE][PASSED] - Text 'Qwer123!' is set on object 'Object Repository/V2/Commons/ActivationPage/input__passwordRepeat'

2020-09-23 23:39:11 - [TEST_STEP][PASSED] - click(findTestObject("V2/Commons/ActivationPage/input_termsandconditions")): Object: 'Object Repository/V2/Commons/ActivationPage/input_termsandconditions' is clicked on

2020-09-23 23:39:12 - [MESSAGE][PASSED] - Object: 'Object Repository/V2/Commons/ActivationPage/input_termsandconditions' is clicked on

2020-09-23 23:39:12 - [TEST_STEP][PASSED] - click(findTestObject("Object Repository/V2/Commons/ActivationPage/div_Create account")): Object: 'Object Repository/V2/Commons/ActivationPage/div_Create account' is clicked on

2020-09-23 23:39:12 - [MESSAGE][PASSED] - Object: 'Object Repository/V2/Commons/ActivationPage/div_Create account' is clicked on

2020-09-23 23:39:12 - [TEST_STEP][PASSED] - waitForElementPresent(findTestObject("V2/Commons/DasboardPage_SidebarMenu/img_Home_logo-big"), DefaultTimeout): Object 'Object Repository/V2/Commons/DasboardPage_SidebarMenu/img_Home_logo-big' is present

2020-09-23 23:39:16 - [MESSAGE][PASSED] - Object 'Object Repository/V2/Commons/DasboardPage_SidebarMenu/img_Home_logo-big' is present

2020-09-23 23:39:16 - [TEST_STEP][PASSED] - verifyElementPresent(findTestObject("V2/Commons/DasboardPage_SidebarMenu/img_Home_logo-big"), 0): Object 'Object Repository/V2/Commons/DasboardPage_SidebarMenu/img_Home_logo-big' is present

2020-09-23 23:39:16 - [MESSAGE][WARNING] - Timeout '0' is invalid. Using default page load timeout: '30'

2020-09-23 23:39:16 - [MESSAGE][PASSED] - Object 'Object Repository/V2/Commons/DasboardPage_SidebarMenu/img_Home_logo-big' is present

2020-09-23 23:39:16 - [MESSAGE][PASSED] - Call Test Case 'Test Cases/V2/Test Case/Pre-conditions/PRE_ActivateNewUser' successfully

2020-09-23 23:39:16 - [TEST_STEP][PASSED] - callTestCase(findTestCase("V2/Test Case/Pre-conditions/PRE_SkipPersonalProfileSetup"), [:], STOP_ON_FAILURE): Call Test Case 'Test Cases/V2/Test Case/Pre-conditions/PRE_SkipPersonalProfileSetup' successfully

2020-09-23 23:39:16 - [TEST_CASE][PASSED] - Test Cases/V2/Test Case/Pre-conditions/PRE_SkipPersonalProfileSetup: Test Cases/V2/Test Case/Pre-conditions/PRE_SkipPersonalProfileSetup

2020-09-23 23:39:16 - [TEST_STEP][PASSED] - waitForElementVisible(findTestObject("V2/Commons/FirstUpdateCompanyAndPersonalInfoModal/confirmPersonalInfoHeader_h1"), DefaultTimeout): Object 'Object Repository/V2/Commons/FirstUpdateCompanyAndPersonalInfoModal/confirmPersonalInfoHeader_h1' is visible

2020-09-23 23:39:17 - [MESSAGE][PASSED] - Object 'Object Repository/V2/Commons/FirstUpdateCompanyAndPersonalInfoModal/confirmPersonalInfoHeader_h1' is visible

2020-09-23 23:39:17 - [TEST_STEP][PASSED] - click(findTestObject("V2/Commons/FirstUpdateCompanyAndPersonalInfoModal/confirmInfoSkip_button")): Object: 'Object Repository/V2/Commons/FirstUpdateCompanyAndPersonalInfoModal/confirmInfoSkip_button' is clicked on

2020-09-23 23:39:17 - [MESSAGE][PASSED] - Object: 'Object Repository/V2/Commons/FirstUpdateCompanyAndPersonalInfoModal/confirmInfoSkip_button' is clicked on

2020-09-23 23:39:17 - [TEST_STEP][PASSED] - waitForElementVisible(findTestObject("V2/Commons/FirstUpdateCompanyAndPersonalInfoModal/letsGetStarted_button"), DefaultTimeout): Object 'Object Repository/V2/Commons/FirstUpdateCompanyAndPersonalInfoModal/letsGetStarted_button' is visible

2020-09-23 23:39:18 - [MESSAGE][PASSED] - Object 'Object Repository/V2/Commons/FirstUpdateCompanyAndPersonalInfoModal/letsGetStarted_button' is visible

2020-09-23 23:39:18 - [TEST_STEP][PASSED] - click(findTestObject("V2/Commons/FirstUpdateCompanyAndPersonalInfoModal/letsGetStarted_button")): Object: 'Object Repository/V2/Commons/FirstUpdateCompanyAndPersonalInfoModal/letsGetStarted_button' is clicked on

2020-09-23 23:39:18 - [MESSAGE][PASSED] - Object: 'Object Repository/V2/Commons/FirstUpdateCompanyAndPersonalInfoModal/letsGetStarted_button' is clicked on

2020-09-23 23:39:18 - [MESSAGE][PASSED] - Call Test Case 'Test Cases/V2/Test Case/Pre-conditions/PRE_SkipPersonalProfileSetup' successfully

2020-09-23 23:39:18 - [TEST_STEP][PASSED] - callTestCase(findTestCase("V2/Test Case/Pre-conditions/PRE_ActivateNewUser"), ["activationURL":employee_activationURL, "email":employee_email, "password":password], STOP_ON_FAILURE): Call Test Case 'Test Cases/V2/Test Case/Pre-conditions/PRE_ActivateNewUser' successfully

2020-09-23 23:39:18 - [TEST_CASE][PASSED] - Test Cases/V2/Test Case/Pre-conditions/PRE_ActivateNewUser: Test Cases/V2/Test Case/Pre-conditions/PRE_ActivateNewUser

2020-09-23 23:39:18 - [TEST_STEP][PASSED] - navigateToUrl(activationURL): Navigate to 'http://local.traction.tools:5000/activate?activationKey=fbff8adc-01e9-4d97-bf77-4eddef29ebc5&userId=a0ba5dcf-0c52-8c5b-3b8f-5f92e21990ba&orgId=92ba5dce-d01f-96f2-bde0-74a795dd5a59&email=tractiontools.user001+te51quyf@gmail.com&isCreator=0' successfully

2020-09-23 23:39:19 - [MESSAGE][PASSED] - Navigate to 'http://local.traction.tools:5000/activate?activationKey=fbff8adc-01e9-4d97-bf77-4eddef29ebc5&userId=a0ba5dcf-0c52-8c5b-3b8f-5f92e21990ba&orgId=92ba5dce-d01f-96f2-bde0-74a795dd5a59&email=tractiontools.user001+te51quyf@gmail.com&isCreator=0' successfully

2020-09-23 23:39:19 - [TEST_STEP][PASSED] - waitForElementVisible(findTestObject("V2/Commons/ActivationPage/input_Email_email"), DefaultTimeout): Object 'Object Repository/V2/Commons/ActivationPage/input_Email_email' is visible

2020-09-23 23:39:20 - [MESSAGE][PASSED] - Object 'Object Repository/V2/Commons/ActivationPage/input_Email_email' is visible

2020-09-23 23:39:20 - [TEST_STEP][PASSED] - actual_email = getAttribute(findTestObject("Object Repository/V2/Commons/ActivationPage/input_Email_email"), "value"): Attribute 'value' of object 'Object Repository/V2/Commons/ActivationPage/input_Email_email' is: 'tractiontools.user001+te51quyf@gmail.com'

2020-09-23 23:39:21 - [MESSAGE][PASSED] - Attribute 'value' of object 'Object Repository/V2/Commons/ActivationPage/input_Email_email' is: 'tractiontools.user001+te51quyf@gmail.com'

2020-09-23 23:39:21 - [TEST_STEP][PASSED] - verifyMatch(actual_email, email, false): Actual text 'tractiontools.user001+te51quyf@gmail.com' and expected text 'tractiontools.user001+te51quyf@gmail.com' are matched 

2020-09-23 23:39:21 - [MESSAGE][PASSED] - Actual text 'tractiontools.user001+te51quyf@gmail.com' and expected text 'tractiontools.user001+te51quyf@gmail.com' are matched 

2020-09-23 23:39:21 - [TEST_STEP][PASSED] - setText(findTestObject("V2/Commons/ActivationPage/input_password"), password): Text 'Qwer123!' is set on object 'Object Repository/V2/Commons/ActivationPage/input_password'

2020-09-23 23:39:21 - [MESSAGE][PASSED] - Text 'Qwer123!' is set on object 'Object Repository/V2/Commons/ActivationPage/input_password'

2020-09-23 23:39:21 - [TEST_STEP][PASSED] - setText(findTestObject("Object Repository/V2/Commons/ActivationPage/input__passwordRepeat"), password): Text 'Qwer123!' is set on object 'Object Repository/V2/Commons/ActivationPage/input__passwordRepeat'

2020-09-23 23:39:22 - [MESSAGE][PASSED] - Text 'Qwer123!' is set on object 'Object Repository/V2/Commons/ActivationPage/input__passwordRepeat'

2020-09-23 23:39:22 - [TEST_STEP][PASSED] - click(findTestObject("V2/Commons/ActivationPage/input_termsandconditions")): Object: 'Object Repository/V2/Commons/ActivationPage/input_termsandconditions' is clicked on

2020-09-23 23:39:23 - [MESSAGE][PASSED] - Object: 'Object Repository/V2/Commons/ActivationPage/input_termsandconditions' is clicked on

2020-09-23 23:39:23 - [TEST_STEP][PASSED] - click(findTestObject("Object Repository/V2/Commons/ActivationPage/div_Create account")): Object: 'Object Repository/V2/Commons/ActivationPage/div_Create account' is clicked on

2020-09-23 23:39:23 - [MESSAGE][PASSED] - Object: 'Object Repository/V2/Commons/ActivationPage/div_Create account' is clicked on

2020-09-23 23:39:23 - [TEST_STEP][PASSED] - waitForElementPresent(findTestObject("V2/Commons/DasboardPage_SidebarMenu/img_Home_logo-big"), DefaultTimeout): Object 'Object Repository/V2/Commons/DasboardPage_SidebarMenu/img_Home_logo-big' is present

2020-09-23 23:39:27 - [MESSAGE][PASSED] - Object 'Object Repository/V2/Commons/DasboardPage_SidebarMenu/img_Home_logo-big' is present

2020-09-23 23:39:27 - [TEST_STEP][PASSED] - verifyElementPresent(findTestObject("V2/Commons/DasboardPage_SidebarMenu/img_Home_logo-big"), 0): Object 'Object Repository/V2/Commons/DasboardPage_SidebarMenu/img_Home_logo-big' is present

2020-09-23 23:39:27 - [MESSAGE][WARNING] - Timeout '0' is invalid. Using default page load timeout: '30'

2020-09-23 23:39:27 - [MESSAGE][PASSED] - Object 'Object Repository/V2/Commons/DasboardPage_SidebarMenu/img_Home_logo-big' is present

2020-09-23 23:39:27 - [MESSAGE][PASSED] - Call Test Case 'Test Cases/V2/Test Case/Pre-conditions/PRE_ActivateNewUser' successfully

2020-09-23 23:39:27 - [TEST_STEP][PASSED] - callTestCase(findTestCase("V2/Test Case/Pre-conditions/PRE_SkipPersonalProfileSetup"), [:], STOP_ON_FAILURE): Call Test Case 'Test Cases/V2/Test Case/Pre-conditions/PRE_SkipPersonalProfileSetup' successfully

2020-09-23 23:39:27 - [TEST_CASE][PASSED] - Test Cases/V2/Test Case/Pre-conditions/PRE_SkipPersonalProfileSetup: Test Cases/V2/Test Case/Pre-conditions/PRE_SkipPersonalProfileSetup

2020-09-23 23:39:27 - [TEST_STEP][PASSED] - waitForElementVisible(findTestObject("V2/Commons/FirstUpdateCompanyAndPersonalInfoModal/confirmPersonalInfoHeader_h1"), DefaultTimeout): Object 'Object Repository/V2/Commons/FirstUpdateCompanyAndPersonalInfoModal/confirmPersonalInfoHeader_h1' is visible

2020-09-23 23:39:27 - [MESSAGE][PASSED] - Object 'Object Repository/V2/Commons/FirstUpdateCompanyAndPersonalInfoModal/confirmPersonalInfoHeader_h1' is visible

2020-09-23 23:39:27 - [TEST_STEP][PASSED] - click(findTestObject("V2/Commons/FirstUpdateCompanyAndPersonalInfoModal/confirmInfoSkip_button")): Object: 'Object Repository/V2/Commons/FirstUpdateCompanyAndPersonalInfoModal/confirmInfoSkip_button' is clicked on

2020-09-23 23:39:27 - [MESSAGE][PASSED] - Object: 'Object Repository/V2/Commons/FirstUpdateCompanyAndPersonalInfoModal/confirmInfoSkip_button' is clicked on

2020-09-23 23:39:27 - [TEST_STEP][PASSED] - waitForElementVisible(findTestObject("V2/Commons/FirstUpdateCompanyAndPersonalInfoModal/letsGetStarted_button"), DefaultTimeout): Object 'Object Repository/V2/Commons/FirstUpdateCompanyAndPersonalInfoModal/letsGetStarted_button' is visible

2020-09-23 23:39:28 - [MESSAGE][PASSED] - Object 'Object Repository/V2/Commons/FirstUpdateCompanyAndPersonalInfoModal/letsGetStarted_button' is visible

2020-09-23 23:39:28 - [TEST_STEP][PASSED] - click(findTestObject("V2/Commons/FirstUpdateCompanyAndPersonalInfoModal/letsGetStarted_button")): Object: 'Object Repository/V2/Commons/FirstUpdateCompanyAndPersonalInfoModal/letsGetStarted_button' is clicked on

2020-09-23 23:39:28 - [MESSAGE][PASSED] - Object: 'Object Repository/V2/Commons/FirstUpdateCompanyAndPersonalInfoModal/letsGetStarted_button' is clicked on

2020-09-23 23:39:28 - [MESSAGE][PASSED] - Call Test Case 'Test Cases/V2/Test Case/Pre-conditions/PRE_SkipPersonalProfileSetup' successfully

2020-09-23 23:39:28 - [MESSAGE][PASSED] - Call Test Case 'Test Cases/V2/Test Case/Pre-conditions/PRE_RegisterAndActivateTTUsers' successfully

2020-09-23 23:39:28 - [TEST_STEP][PASSED] - closeBrowser(): Browser is closed

2020-09-23 23:39:29 - [MESSAGE][PASSED] - Browser is closed

2020-09-23 23:39:29 - [TEST_STEP][PASSED] - path = System.getProperty("user.dir"): null

2020-09-23 23:39:29 - [TEST_STEP][PASSED] - System.setProperty("webdriver.chrome.driver", getChromeDriverPath()): null

2020-09-23 23:39:29 - [TEST_STEP][PASSED] - driver1 = new org.openqa.selenium.chrome.ChromeDriver(): null

2020-09-23 23:39:33 - [TEST_STEP][PASSED] - changeWebDriver(driver1): null

2020-09-23 23:39:33 - [TEST_STEP][PASSED] - maximizeWindow(): Current window maximized

2020-09-23 23:39:35 - [MESSAGE][PASSED] - Current window maximized

2020-09-23 23:39:35 - [TEST_STEP][PASSED] - navigateToUrl(V2Url): Navigate to 'http://local.traction.tools:5000' successfully

2020-09-23 23:39:36 - [MESSAGE][PASSED] - Navigate to 'http://local.traction.tools:5000' successfully

2020-09-23 23:39:36 - [TEST_STEP][PASSED] - callTestCase(findTestCase("V2/Test Case/Pre-conditions/PRE_LoginToTractionToolsApplication"), ["username":email, "password":password], STOP_ON_FAILURE): Call Test Case 'Test Cases/V2/Test Case/Pre-conditions/PRE_LoginToTractionToolsApplication' successfully

2020-09-23 23:39:36 - [TEST_CASE][PASSED] - Test Cases/V2/Test Case/Pre-conditions/PRE_LoginToTractionToolsApplication: Test Cases/V2/Test Case/Pre-conditions/PRE_LoginToTractionToolsApplication

2020-09-23 23:39:36 - [TEST_STEP][PASSED] - waitForElementVisible(findTestObject("V2/Commons/LoginPage/input__username"), DefaultTimeout): Object 'Object Repository/V2/Commons/LoginPage/input__username' is visible

2020-09-23 23:39:37 - [MESSAGE][PASSED] - Object 'Object Repository/V2/Commons/LoginPage/input__username' is visible

2020-09-23 23:39:37 - [TEST_STEP][PASSED] - waitForElementVisible(findTestObject("V2/Commons/LoginPage/input__password"), DefaultTimeout): Object 'Object Repository/V2/Commons/LoginPage/input__password' is visible

2020-09-23 23:39:37 - [MESSAGE][PASSED] - Object 'Object Repository/V2/Commons/LoginPage/input__password' is visible

2020-09-23 23:39:37 - [TEST_STEP][PASSED] - setText(findTestObject("V2/Commons/LoginPage/input__username"), username): Text 'tractiontools.user001+ta5cdhf3@gmail.com' is set on object 'Object Repository/V2/Commons/LoginPage/input__username'

2020-09-23 23:39:38 - [MESSAGE][PASSED] - Text 'tractiontools.user001+ta5cdhf3@gmail.com' is set on object 'Object Repository/V2/Commons/LoginPage/input__username'

2020-09-23 23:39:38 - [TEST_STEP][PASSED] - setText(findTestObject("V2/Commons/LoginPage/input__password"), password): Text 'Qwer123!' is set on object 'Object Repository/V2/Commons/LoginPage/input__password'

2020-09-23 23:39:38 - [MESSAGE][PASSED] - Text 'Qwer123!' is set on object 'Object Repository/V2/Commons/LoginPage/input__password'

2020-09-23 23:39:38 - [TEST_STEP][PASSED] - click(findTestObject("V2/Commons/LoginPage/div_Login")): Object: 'Object Repository/V2/Commons/LoginPage/div_Login' is clicked on

2020-09-23 23:39:38 - [MESSAGE][PASSED] - Object: 'Object Repository/V2/Commons/LoginPage/div_Login' is clicked on

2020-09-23 23:39:38 - [TEST_STEP][PASSED] - waitForElementVisible(findTestObject("V2/Commons/DasboardPage_SidebarMenu/img_Home_logo-big"), DefaultTimeout): Object 'Object Repository/V2/Commons/DasboardPage_SidebarMenu/img_Home_logo-big' is visible

2020-09-23 23:39:42 - [MESSAGE][PASSED] - Object 'Object Repository/V2/Commons/DasboardPage_SidebarMenu/img_Home_logo-big' is visible

2020-09-23 23:39:42 - [TEST_STEP][PASSED] - verifyElementVisible(findTestObject("V2/Commons/DasboardPage_SidebarMenu/img_Home_logo-big"), STOP_ON_FAILURE): Object 'Object Repository/V2/Commons/DasboardPage_SidebarMenu/img_Home_logo-big' is visible

2020-09-23 23:39:42 - [MESSAGE][PASSED] - Object 'Object Repository/V2/Commons/DasboardPage_SidebarMenu/img_Home_logo-big' is visible

2020-09-23 23:39:42 - [MESSAGE][PASSED] - Call Test Case 'Test Cases/V2/Test Case/Pre-conditions/PRE_LoginToTractionToolsApplication' successfully

2020-09-23 23:39:42 - [TEST_STEP][PASSED] - driver2 = new org.openqa.selenium.chrome.ChromeDriver(): null

2020-09-23 23:39:46 - [TEST_STEP][PASSED] - changeWebDriver(driver2): null

2020-09-23 23:39:46 - [TEST_STEP][PASSED] - maximizeWindow(): Current window maximized

2020-09-23 23:39:48 - [MESSAGE][PASSED] - Current window maximized

2020-09-23 23:39:48 - [TEST_STEP][PASSED] - navigateToUrl(V2Url): Navigate to 'http://local.traction.tools:5000' successfully

2020-09-23 23:39:49 - [MESSAGE][PASSED] - Navigate to 'http://local.traction.tools:5000' successfully

2020-09-23 23:39:49 - [TEST_STEP][PASSED] - callTestCase(findTestCase("V2/Test Case/Pre-conditions/PRE_LoginToTractionToolsApplication"), ["username":supervisor_email, "password":password], STOP_ON_FAILURE): Call Test Case 'Test Cases/V2/Test Case/Pre-conditions/PRE_LoginToTractionToolsApplication' successfully

2020-09-23 23:39:49 - [TEST_CASE][PASSED] - Test Cases/V2/Test Case/Pre-conditions/PRE_LoginToTractionToolsApplication: Test Cases/V2/Test Case/Pre-conditions/PRE_LoginToTractionToolsApplication

2020-09-23 23:39:49 - [TEST_STEP][PASSED] - waitForElementVisible(findTestObject("V2/Commons/LoginPage/input__username"), DefaultTimeout): Object 'Object Repository/V2/Commons/LoginPage/input__username' is visible

2020-09-23 23:39:50 - [MESSAGE][PASSED] - Object 'Object Repository/V2/Commons/LoginPage/input__username' is visible

2020-09-23 23:39:50 - [TEST_STEP][PASSED] - waitForElementVisible(findTestObject("V2/Commons/LoginPage/input__password"), DefaultTimeout): Object 'Object Repository/V2/Commons/LoginPage/input__password' is visible

2020-09-23 23:39:50 - [MESSAGE][PASSED] - Object 'Object Repository/V2/Commons/LoginPage/input__password' is visible

2020-09-23 23:39:50 - [TEST_STEP][PASSED] - setText(findTestObject("V2/Commons/LoginPage/input__username"), username): Text 'tractiontools.user001+ts5lcgpn@gmail.com' is set on object 'Object Repository/V2/Commons/LoginPage/input__username'

2020-09-23 23:39:51 - [MESSAGE][PASSED] - Text 'tractiontools.user001+ts5lcgpn@gmail.com' is set on object 'Object Repository/V2/Commons/LoginPage/input__username'

2020-09-23 23:39:51 - [TEST_STEP][PASSED] - setText(findTestObject("V2/Commons/LoginPage/input__password"), password): Text 'Qwer123!' is set on object 'Object Repository/V2/Commons/LoginPage/input__password'

2020-09-23 23:39:51 - [MESSAGE][PASSED] - Text 'Qwer123!' is set on object 'Object Repository/V2/Commons/LoginPage/input__password'

2020-09-23 23:39:51 - [TEST_STEP][PASSED] - click(findTestObject("V2/Commons/LoginPage/div_Login")): Object: 'Object Repository/V2/Commons/LoginPage/div_Login' is clicked on

2020-09-23 23:39:51 - [MESSAGE][PASSED] - Object: 'Object Repository/V2/Commons/LoginPage/div_Login' is clicked on

2020-09-23 23:39:51 - [TEST_STEP][PASSED] - waitForElementVisible(findTestObject("V2/Commons/DasboardPage_SidebarMenu/img_Home_logo-big"), DefaultTimeout): Object 'Object Repository/V2/Commons/DasboardPage_SidebarMenu/img_Home_logo-big' is visible

2020-09-23 23:39:53 - [MESSAGE][PASSED] - Object 'Object Repository/V2/Commons/DasboardPage_SidebarMenu/img_Home_logo-big' is visible

2020-09-23 23:39:53 - [TEST_STEP][PASSED] - verifyElementVisible(findTestObject("V2/Commons/DasboardPage_SidebarMenu/img_Home_logo-big"), STOP_ON_FAILURE): Object 'Object Repository/V2/Commons/DasboardPage_SidebarMenu/img_Home_logo-big' is visible

2020-09-23 23:39:53 - [MESSAGE][PASSED] - Object 'Object Repository/V2/Commons/DasboardPage_SidebarMenu/img_Home_logo-big' is visible

2020-09-23 23:39:53 - [MESSAGE][PASSED] - Call Test Case 'Test Cases/V2/Test Case/Pre-conditions/PRE_LoginToTractionToolsApplication' successfully

2020-09-23 23:39:53 - [TEST_STEP][PASSED] - driver3 = new org.openqa.selenium.chrome.ChromeDriver(): null

2020-09-23 23:39:57 - [TEST_STEP][PASSED] - changeWebDriver(driver3): null

2020-09-23 23:39:57 - [TEST_STEP][PASSED] - maximizeWindow(): Current window maximized

2020-09-23 23:39:59 - [MESSAGE][PASSED] - Current window maximized

2020-09-23 23:39:59 - [TEST_STEP][PASSED] - navigateToUrl(V2Url): Navigate to 'http://local.traction.tools:5000' successfully

2020-09-23 23:40:00 - [MESSAGE][PASSED] - Navigate to 'http://local.traction.tools:5000' successfully

2020-09-23 23:40:00 - [TEST_STEP][PASSED] - callTestCase(findTestCase("V2/Test Case/Pre-conditions/PRE_LoginToTractionToolsApplication"), ["username":employee_email, "password":password], STOP_ON_FAILURE): Call Test Case 'Test Cases/V2/Test Case/Pre-conditions/PRE_LoginToTractionToolsApplication' successfully

2020-09-23 23:40:00 - [TEST_CASE][PASSED] - Test Cases/V2/Test Case/Pre-conditions/PRE_LoginToTractionToolsApplication: Test Cases/V2/Test Case/Pre-conditions/PRE_LoginToTractionToolsApplication

2020-09-23 23:40:00 - [TEST_STEP][PASSED] - waitForElementVisible(findTestObject("V2/Commons/LoginPage/input__username"), DefaultTimeout): Object 'Object Repository/V2/Commons/LoginPage/input__username' is visible

2020-09-23 23:40:01 - [MESSAGE][PASSED] - Object 'Object Repository/V2/Commons/LoginPage/input__username' is visible

2020-09-23 23:40:01 - [TEST_STEP][PASSED] - waitForElementVisible(findTestObject("V2/Commons/LoginPage/input__password"), DefaultTimeout): Object 'Object Repository/V2/Commons/LoginPage/input__password' is visible

2020-09-23 23:40:01 - [MESSAGE][PASSED] - Object 'Object Repository/V2/Commons/LoginPage/input__password' is visible

2020-09-23 23:40:01 - [TEST_STEP][PASSED] - setText(findTestObject("V2/Commons/LoginPage/input__username"), username): Text 'tractiontools.user001+te51quyf@gmail.com' is set on object 'Object Repository/V2/Commons/LoginPage/input__username'

2020-09-23 23:40:02 - [MESSAGE][PASSED] - Text 'tractiontools.user001+te51quyf@gmail.com' is set on object 'Object Repository/V2/Commons/LoginPage/input__username'

2020-09-23 23:40:02 - [TEST_STEP][PASSED] - setText(findTestObject("V2/Commons/LoginPage/input__password"), password): Text 'Qwer123!' is set on object 'Object Repository/V2/Commons/LoginPage/input__password'

2020-09-23 23:40:02 - [MESSAGE][PASSED] - Text 'Qwer123!' is set on object 'Object Repository/V2/Commons/LoginPage/input__password'

2020-09-23 23:40:02 - [TEST_STEP][PASSED] - click(findTestObject("V2/Commons/LoginPage/div_Login")): Object: 'Object Repository/V2/Commons/LoginPage/div_Login' is clicked on

2020-09-23 23:40:02 - [MESSAGE][PASSED] - Object: 'Object Repository/V2/Commons/LoginPage/div_Login' is clicked on

2020-09-23 23:40:02 - [TEST_STEP][PASSED] - waitForElementVisible(findTestObject("V2/Commons/DasboardPage_SidebarMenu/img_Home_logo-big"), DefaultTimeout): Object 'Object Repository/V2/Commons/DasboardPage_SidebarMenu/img_Home_logo-big' is visible

2020-09-23 23:40:04 - [MESSAGE][PASSED] - Object 'Object Repository/V2/Commons/DasboardPage_SidebarMenu/img_Home_logo-big' is visible

2020-09-23 23:40:04 - [TEST_STEP][PASSED] - verifyElementVisible(findTestObject("V2/Commons/DasboardPage_SidebarMenu/img_Home_logo-big"), STOP_ON_FAILURE): Object 'Object Repository/V2/Commons/DasboardPage_SidebarMenu/img_Home_logo-big' is visible

2020-09-23 23:40:04 - [MESSAGE][PASSED] - Object 'Object Repository/V2/Commons/DasboardPage_SidebarMenu/img_Home_logo-big' is visible

2020-09-23 23:40:04 - [MESSAGE][PASSED] - Call Test Case 'Test Cases/V2/Test Case/Pre-conditions/PRE_LoginToTractionToolsApplication' successfully

2020-09-23 23:40:04 - [TEST_STEP][PASSED] - changeWebDriver(driver1): null

2020-09-23 23:40:04 - [TEST_STEP][PASSED] - callTestCase(findTestCase("V2/Test Case/Tests/TT-363 - Meeting List/Positive/Admin/TT_363_25_EditMeetingBI_Admin"), ["username":"", "password":"", "meetingName":meetingName, "meetingAcronym":meetingAcronym, "meetingDescription":meetingDescription, ... ], STOP_ON_FAILURE): Call Test Case 'Test Cases/V2/Test Case/Tests/TT-363 - Meeting List/Positive/Admin/TT_363_25_EditMeetingBI_Admin' successfully

2020-09-23 23:40:04 - [TEST_CASE][PASSED] - Test Cases/V2/Test Case/Tests/TT-363 - Meeting List/Positive/Admin/TT_363_25_EditMeetingBI_Admin: Test Cases/V2/Test Case/Tests/TT-363 - Meeting List/Positive/Admin/TT_363_25_EditMeetingBI_Admin

2020-09-23 23:40:04 - [TEST_STEP][NOT_RUN] - openBrowser(""): NOT_RUN: openBrowser("")

2020-09-23 23:40:04 - [MESSAGE][NOT_RUN] - NOT_RUN: openBrowser("")

2020-09-23 23:40:04 - [TEST_STEP][NOT_RUN] - maximizeWindow(): NOT_RUN: maximizeWindow()

2020-09-23 23:40:04 - [MESSAGE][NOT_RUN] - NOT_RUN: maximizeWindow()

2020-09-23 23:40:04 - [TEST_STEP][NOT_RUN] - navigateToUrl(V2Url): NOT_RUN: navigateToUrl(V2Url)

2020-09-23 23:40:04 - [MESSAGE][NOT_RUN] - NOT_RUN: navigateToUrl(V2Url)

2020-09-23 23:40:04 - [TEST_STEP][NOT_RUN] - delay(7): NOT_RUN: delay(7)

2020-09-23 23:40:04 - [MESSAGE][NOT_RUN] - NOT_RUN: delay(7)

2020-09-23 23:40:04 - [TEST_STEP][NOT_RUN] - waitForElementClickable(findTestObject("V2/TT-363/Page_Login/input__username"), 30): NOT_RUN: waitForElementClickable(findTestObject("V2/TT-363/Page_Login/input__username"), 30)

2020-09-23 23:40:04 - [MESSAGE][NOT_RUN] - NOT_RUN: waitForElementClickable(findTestObject("V2/TT-363/Page_Login/input__username"), 30)

2020-09-23 23:40:04 - [TEST_STEP][NOT_RUN] - setText(findTestObject("V2/TT-363/Page_Login/input__username"), username): NOT_RUN: setText(findTestObject("V2/TT-363/Page_Login/input__username"), username)

2020-09-23 23:40:04 - [MESSAGE][NOT_RUN] - NOT_RUN: setText(findTestObject("V2/TT-363/Page_Login/input__username"), username)

2020-09-23 23:40:04 - [TEST_STEP][NOT_RUN] - setText(findTestObject("Object Repository/V2/TT-363/Page_Login/input__password"), password): NOT_RUN: setText(findTestObject("Object Repository/V2/TT-363/Page_Login/input__password"), password)

2020-09-23 23:40:04 - [MESSAGE][NOT_RUN] - NOT_RUN: setText(findTestObject("Object Repository/V2/TT-363/Page_Login/input__password"), password)

2020-09-23 23:40:04 - [TEST_STEP][NOT_RUN] - click(findTestObject("Object Repository/V2/TT-363/Page_Login/div_Login")): NOT_RUN: click(findTestObject("Object Repository/V2/TT-363/Page_Login/div_Login"))

2020-09-23 23:40:04 - [MESSAGE][NOT_RUN] - NOT_RUN: click(findTestObject("Object Repository/V2/TT-363/Page_Login/div_Login"))

2020-09-23 23:40:04 - [TEST_STEP][PASSED] - verifyElementPresent(findTestObject("V2/TT-363/Page_Dashboard/span_Meetings"), DefaultTimeout): Object 'Object Repository/V2/TT-363/Page_Dashboard/span_Meetings' is present

2020-09-23 23:40:05 - [MESSAGE][PASSED] - Object 'Object Repository/V2/TT-363/Page_Dashboard/span_Meetings' is present

2020-09-23 23:40:05 - [TEST_STEP][PASSED] - click(findTestObject("V2/TT-363/Page_Dashboard/span_Meetings")): Object: 'Object Repository/V2/TT-363/Page_Dashboard/span_Meetings' is clicked on

2020-09-23 23:40:05 - [MESSAGE][PASSED] - Object: 'Object Repository/V2/TT-363/Page_Dashboard/span_Meetings' is clicked on

2020-09-23 23:40:05 - [TEST_STEP][PASSED] - click(findTestObject("Object Repository/V2/TT-363/Page_Meeting/div_Create a meeting")): Object: 'Object Repository/V2/TT-363/Page_Meeting/div_Create a meeting' is clicked on

2020-09-23 23:40:05 - [MESSAGE][PASSED] - Object: 'Object Repository/V2/TT-363/Page_Meeting/div_Create a meeting' is clicked on

2020-09-23 23:40:05 - [TEST_STEP][PASSED] - click(findTestObject("Object Repository/V2/TT-363/Page_Meeting/button_Level 10")): Object: 'Object Repository/V2/TT-363/Page_Meeting/button_Level 10' is clicked on

2020-09-23 23:40:05 - [MESSAGE][PASSED] - Object: 'Object Repository/V2/TT-363/Page_Meeting/button_Level 10' is clicked on

2020-09-23 23:40:05 - [TEST_STEP][PASSED] - waitForElementVisible(findTestObject("Object Repository/V2/TT-363/Page_Meeting/input__name"), DefaultTimeout): Object 'Object Repository/V2/TT-363/Page_Meeting/input__name' is visible

2020-09-23 23:40:05 - [MESSAGE][PASSED] - Object 'Object Repository/V2/TT-363/Page_Meeting/input__name' is visible

2020-09-23 23:40:05 - [TEST_STEP][PASSED] - setText(findTestObject("Object Repository/V2/TT-363/Page_Meeting/input__name"), meetingName): Text 'SP Meeting Admin' is set on object 'Object Repository/V2/TT-363/Page_Meeting/input__name'

2020-09-23 23:40:05 - [MESSAGE][PASSED] - Text 'SP Meeting Admin' is set on object 'Object Repository/V2/TT-363/Page_Meeting/input__name'

2020-09-23 23:40:05 - [TEST_STEP][PASSED] - setText(findTestObject("Object Repository/V2/TT-363/Page_Meeting/input__acronym"), meetingAcronym): Text 'CSP' is set on object 'Object Repository/V2/TT-363/Page_Meeting/input__acronym'

2020-09-23 23:40:05 - [MESSAGE][PASSED] - Text 'CSP' is set on object 'Object Repository/V2/TT-363/Page_Meeting/input__acronym'

2020-09-23 23:40:05 - [TEST_STEP][PASSED] - setText(findTestObject("Object Repository/V2/TT-363/Page_Meeting/input_Meeting description (max 100 characte_8187fa"), meetingDescription): Text 'L10 Meeting' is set on object 'Object Repository/V2/TT-363/Page_Meeting/input_Meeting description (max 100 characte_8187fa'

2020-09-23 23:40:06 - [MESSAGE][PASSED] - Text 'L10 Meeting' is set on object 'Object Repository/V2/TT-363/Page_Meeting/input_Meeting description (max 100 characte_8187fa'

2020-09-23 23:40:06 - [TEST_STEP][PASSED] - click(findTestObject("Object Repository/V2/TT-363/Page_Meeting/input__typeOfMeeting")): Object: 'Object Repository/V2/TT-363/Page_Meeting/input__typeOfMeeting' is clicked on

2020-09-23 23:40:06 - [MESSAGE][PASSED] - Object: 'Object Repository/V2/TT-363/Page_Meeting/input__typeOfMeeting' is clicked on

2020-09-23 23:40:06 - [TEST_STEP][PASSED] - click(findTestObject("V2/TT-363/Page_Meeting/div_Leadership")): Object: 'Object Repository/V2/TT-363/Page_Meeting/div_Leadership' is clicked on

2020-09-23 23:40:06 - [MESSAGE][PASSED] - Object: 'Object Repository/V2/TT-363/Page_Meeting/div_Leadership' is clicked on

2020-09-23 23:40:06 - [TEST_STEP][PASSED] - click(findTestObject("Object Repository/V2/TT-363/Page_Meeting/div_Select a dayMondayTuesdayWednesdayThurs_fcb808")): Object: 'Object Repository/V2/TT-363/Page_Meeting/div_Select a dayMondayTuesdayWednesdayThurs_fcb808' is clicked on

2020-09-23 23:40:06 - [MESSAGE][PASSED] - Object: 'Object Repository/V2/TT-363/Page_Meeting/div_Select a dayMondayTuesdayWednesdayThurs_fcb808' is clicked on

2020-09-23 23:40:06 - [TEST_STEP][PASSED] - click(findTestObject("V2/TT-363/Page_Meeting/div_Monday")): Object: 'Object Repository/V2/TT-363/Page_Meeting/div_Monday' is clicked on

2020-09-23 23:40:06 - [MESSAGE][PASSED] - Object: 'Object Repository/V2/TT-363/Page_Meeting/div_Monday' is clicked on

2020-09-23 23:40:06 - [TEST_STEP][PASSED] - click(findTestObject("Object Repository/V2/TT-363/Page_Meeting/div_000")): Object: 'Object Repository/V2/TT-363/Page_Meeting/div_000' is clicked on

2020-09-23 23:40:06 - [MESSAGE][PASSED] - Object: 'Object Repository/V2/TT-363/Page_Meeting/div_000' is clicked on

2020-09-23 23:40:06 - [TEST_STEP][PASSED] - click(findTestObject("Object Repository/V2/TT-363/Page_Meeting/span_0800")): Object: 'Object Repository/V2/TT-363/Page_Meeting/span_0800' is clicked on

2020-09-23 23:40:06 - [MESSAGE][PASSED] - Object: 'Object Repository/V2/TT-363/Page_Meeting/span_0800' is clicked on

2020-09-23 23:40:06 - [TEST_STEP][PASSED] - setText(findTestObject("Object Repository/V2/TT-363/Page_Meeting/input_Video conference URL_meetingLink"), videoConference): Text 'https://yourvideoconference.com/sample' is set on object 'Object Repository/V2/TT-363/Page_Meeting/input_Video conference URL_meetingLink'

2020-09-23 23:40:07 - [MESSAGE][PASSED] - Text 'https://yourvideoconference.com/sample' is set on object 'Object Repository/V2/TT-363/Page_Meeting/input_Video conference URL_meetingLink'

2020-09-23 23:40:07 - [TEST_STEP][PASSED] - click(findTestObject("Object Repository/V2/TT-363/Page_Meeting/div_Create Meeting")): Object: 'Object Repository/V2/TT-363/Page_Meeting/div_Create Meeting' is clicked on

2020-09-23 23:40:07 - [MESSAGE][PASSED] - Object: 'Object Repository/V2/TT-363/Page_Meeting/div_Create Meeting' is clicked on

2020-09-23 23:40:07 - [TEST_STEP][PASSED] - waitForElementVisible(findTestObject("Object Repository/V2/TT-363/Page_Meeting/div_Ill do this later"), DefaultTimeout): Object 'Object Repository/V2/TT-363/Page_Meeting/div_Ill do this later' is visible

2020-09-23 23:40:13 - [MESSAGE][PASSED] - Object 'Object Repository/V2/TT-363/Page_Meeting/div_Ill do this later' is visible

2020-09-23 23:40:13 - [TEST_STEP][PASSED] - click(findTestObject("Object Repository/V2/TT-363/Page_Meeting/div_Ill do this later")): Object: 'Object Repository/V2/TT-363/Page_Meeting/div_Ill do this later' is clicked on

2020-09-23 23:40:13 - [MESSAGE][PASSED] - Object: 'Object Repository/V2/TT-363/Page_Meeting/div_Ill do this later' is clicked on

2020-09-23 23:40:13 - [TEST_STEP][PASSED] - createMeetingRecordObj = tt_CustomKeywords.CustomKeywords.CreateDynamicElement("//div[@class="container__col detailscontainer__block"]/h2/div[text()='%s']", meetingName, "xpath"): Successfully created new dynamic object: //div[@class="container__col detailscontainer__block"]/h2/div[text()='SP Meeting Admin']

2020-09-23 23:40:13 - [MESSAGE][PASSED] - Successfully created new dynamic object: //div[@class="container__col detailscontainer__block"]/h2/div[text()='SP Meeting Admin']

2020-09-23 23:40:13 - [TEST_STEP][PASSED] - verifyElementPresent(createMeetingRecordObj, DefaultTimeout): Object '' is present

2020-09-23 23:40:13 - [MESSAGE][PASSED] - Object '' is present

2020-09-23 23:40:13 - [TEST_STEP][PASSED] - delay(5): Delayed 5 second(s)

2020-09-23 23:40:18 - [MESSAGE][PASSED] - Delayed 5 second(s)

2020-09-23 23:40:18 - [TEST_STEP][PASSED] - waitForElementVisible(findTestObject("Object Repository/V2/TT-363/Page_Meeting/Edit_Meeting/Page_Meeting/button_Go to meeting_BtnIconNakedStyles-sc-_e4abf2"), DefaultTimeout): Object 'Object Repository/V2/TT-363/Page_Meeting/Edit_Meeting/Page_Meeting/button_Go to meeting_BtnIconNakedStyles-sc-_e4abf2' is visible

2020-09-23 23:40:18 - [MESSAGE][PASSED] - Object 'Object Repository/V2/TT-363/Page_Meeting/Edit_Meeting/Page_Meeting/button_Go to meeting_BtnIconNakedStyles-sc-_e4abf2' is visible

2020-09-23 23:40:18 - [TEST_STEP][PASSED] - click(findTestObject("Object Repository/V2/TT-363/Page_Meeting/Edit_Meeting/Page_Meeting/button_Go to meeting_BtnIconNakedStyles-sc-_e4abf2")): Object: 'Object Repository/V2/TT-363/Page_Meeting/Edit_Meeting/Page_Meeting/button_Go to meeting_BtnIconNakedStyles-sc-_e4abf2' is clicked on

2020-09-23 23:40:18 - [MESSAGE][PASSED] - Object: 'Object Repository/V2/TT-363/Page_Meeting/Edit_Meeting/Page_Meeting/button_Go to meeting_BtnIconNakedStyles-sc-_e4abf2' is clicked on

2020-09-23 23:40:18 - [TEST_STEP][PASSED] - click(findTestObject("Object Repository/V2/TT-363/Page_Meeting/Edit_Meeting/Page_Meeting/a_Edit meeting")): Object: 'Object Repository/V2/TT-363/Page_Meeting/Edit_Meeting/Page_Meeting/a_Edit meeting' is clicked on

2020-09-23 23:40:19 - [MESSAGE][PASSED] - Object: 'Object Repository/V2/TT-363/Page_Meeting/Edit_Meeting/Page_Meeting/a_Edit meeting' is clicked on

2020-09-23 23:40:19 - [TEST_STEP][PASSED] - waitForElementPresent(findTestObject("Object Repository/V2/TT-363/Page_Meeting/Edit_Meeting/Page_Edit Meeting/input__meeting title"), DefaultTimeout): Object 'Object Repository/V2/TT-363/Page_Meeting/Edit_Meeting/Page_Edit Meeting/input__meeting title' is present

2020-09-23 23:40:19 - [MESSAGE][PASSED] - Object 'Object Repository/V2/TT-363/Page_Meeting/Edit_Meeting/Page_Edit Meeting/input__meeting title' is present

2020-09-23 23:40:19 - [TEST_STEP][PASSED] - click(findTestObject("Object Repository/V2/TT-363/Page_Meeting/Edit_Meeting/Page_Edit Meeting/div_GeneralBasic informationVideo conferenc_ee1ae7")): Object: 'Object Repository/V2/TT-363/Page_Meeting/Edit_Meeting/Page_Edit Meeting/div_GeneralBasic informationVideo conferenc_ee1ae7' is clicked on

2020-09-23 23:40:19 - [MESSAGE][PASSED] - Object: 'Object Repository/V2/TT-363/Page_Meeting/Edit_Meeting/Page_Edit Meeting/div_GeneralBasic informationVideo conferenc_ee1ae7' is clicked on

2020-09-23 23:40:19 - [TEST_STEP][PASSED] - setText(findTestObject("Object Repository/V2/TT-363/Page_Meeting/Edit_Meeting/Page_Edit Meeting/input__meeting title"), meetingTitle): Text 'Edit Meeting Admin' is set on object 'Object Repository/V2/TT-363/Page_Meeting/Edit_Meeting/Page_Edit Meeting/input__meeting title'

2020-09-23 23:40:20 - [MESSAGE][PASSED] - Text 'Edit Meeting Admin' is set on object 'Object Repository/V2/TT-363/Page_Meeting/Edit_Meeting/Page_Edit Meeting/input__meeting title'

2020-09-23 23:40:20 - [TEST_STEP][PASSED] - click(findTestObject("Object Repository/V2/TT-363/Page_Meeting/Edit_Meeting/Page_Edit Meeting/input__acronym")): Object: 'Object Repository/V2/TT-363/Page_Meeting/Edit_Meeting/Page_Edit Meeting/input__acronym' is clicked on

2020-09-23 23:40:20 - [MESSAGE][PASSED] - Object: 'Object Repository/V2/TT-363/Page_Meeting/Edit_Meeting/Page_Edit Meeting/input__acronym' is clicked on

2020-09-23 23:40:20 - [TEST_STEP][PASSED] - setText(findTestObject("Object Repository/V2/TT-363/Page_Meeting/Edit_Meeting/Page_Edit Meeting/input__acronym"), meetingAcronym): Text 'CSP' is set on object 'Object Repository/V2/TT-363/Page_Meeting/Edit_Meeting/Page_Edit Meeting/input__acronym'

2020-09-23 23:40:20 - [MESSAGE][PASSED] - Text 'CSP' is set on object 'Object Repository/V2/TT-363/Page_Meeting/Edit_Meeting/Page_Edit Meeting/input__acronym'

2020-09-23 23:40:20 - [TEST_STEP][PASSED] - click(findTestObject("Object Repository/V2/TT-363/Page_Meeting/Edit_Meeting/Page_Edit Meeting/input_Meeting description (max 100 characte_8187fa")): Object: 'Object Repository/V2/TT-363/Page_Meeting/Edit_Meeting/Page_Edit Meeting/input_Meeting description (max 100 characte_8187fa' is clicked on

2020-09-23 23:40:20 - [MESSAGE][PASSED] - Object: 'Object Repository/V2/TT-363/Page_Meeting/Edit_Meeting/Page_Edit Meeting/input_Meeting description (max 100 characte_8187fa' is clicked on

2020-09-23 23:40:20 - [TEST_STEP][PASSED] - click(findTestObject("Object Repository/V2/TT-363/Page_Meeting/Edit_Meeting/Page_Edit Meeting/div_Meeting name Acronym Meeting descriptio_78e662")): Object: 'Object Repository/V2/TT-363/Page_Meeting/Edit_Meeting/Page_Edit Meeting/div_Meeting name Acronym Meeting descriptio_78e662' is clicked on

2020-09-23 23:40:51 - [MESSAGE][INFO] - Unable to find the element located by 'By.xpath: //div[@id='root']/div/div[2]/div/div/div[2]/div[2]/div/div[3]'. Please recheck the objects properties to make sure the desired element is located. 

2020-09-23 23:40:51 - [MESSAGE][WARNING] - [SELF-HEALING] Failed to find element with id 'Object Repository/V2/TT-363/Page_Meeting/Edit_Meeting/Page_Edit Meeting/div_Meeting name Acronym Meeting descriptio_78e662'. Try using Self-healing.

2020-09-23 23:40:51 - [MESSAGE][WARNING] - [SELF-HEALING] The current locator of test object 'Object Repository/V2/TT-363/Page_Meeting/Edit_Meeting/Page_Edit Meeting/div_Meeting name Acronym Meeting descriptio_78e662' was broken. Propose an alternative one: '(.//*[normalize-space(text()) and normalize-space(.)='Basic information'])[2]/following::div[1]'.

2020-09-23 23:40:51 - [MESSAGE][PASSED] - Object: 'Object Repository/V2/TT-363/Page_Meeting/Edit_Meeting/Page_Edit Meeting/div_Meeting name Acronym Meeting descriptio_78e662' is clicked on

2020-09-23 23:40:51 - [TEST_STEP][PASSED] - setText(findTestObject("Object Repository/V2/TT-363/Page_Meeting/Edit_Meeting/Page_Edit Meeting/input_Meeting description (max 100 characte_8187fa"), meetingDescription): Text 'L10 Meeting' is set on object 'Object Repository/V2/TT-363/Page_Meeting/Edit_Meeting/Page_Edit Meeting/input_Meeting description (max 100 characte_8187fa'

2020-09-23 23:40:51 - [MESSAGE][PASSED] - Text 'L10 Meeting' is set on object 'Object Repository/V2/TT-363/Page_Meeting/Edit_Meeting/Page_Edit Meeting/input_Meeting description (max 100 characte_8187fa'

2020-09-23 23:40:51 - [TEST_STEP][PASSED] - click(findTestObject("Object Repository/V2/TT-363/Page_Meeting/Edit_Meeting/Page_Edit Meeting/i__IconStyles-sc-181ai5j-0 fspyWU icon-arro_0a3203")): Object: 'Object Repository/V2/TT-363/Page_Meeting/Edit_Meeting/Page_Edit Meeting/i__IconStyles-sc-181ai5j-0 fspyWU icon-arro_0a3203' is clicked on

2020-09-23 23:41:22 - [MESSAGE][INFO] - Unable to find the element located by 'By.xpath: //div[@id='root']/div/div[2]/div/div/div[2]/div[2]/div/div[3]/form/div[4]/div/div/button/i'. Please recheck the objects properties to make sure the desired element is located. 

2020-09-23 23:41:22 - [MESSAGE][WARNING] - [SELF-HEALING] Failed to find element with id 'Object Repository/V2/TT-363/Page_Meeting/Edit_Meeting/Page_Edit Meeting/i__IconStyles-sc-181ai5j-0 fspyWU icon-arro_0a3203'. Try using Self-healing.

2020-09-23 23:41:22 - [MESSAGE][WARNING] - [SELF-HEALING] The current locator of test object 'Object Repository/V2/TT-363/Page_Meeting/Edit_Meeting/Page_Edit Meeting/i__IconStyles-sc-181ai5j-0 fspyWU icon-arro_0a3203' was broken. Propose an alternative one: '//form/div[4]/div/div/button/i'.

2020-09-23 23:41:22 - [MESSAGE][PASSED] - Object: 'Object Repository/V2/TT-363/Page_Meeting/Edit_Meeting/Page_Edit Meeting/i__IconStyles-sc-181ai5j-0 fspyWU icon-arro_0a3203' is clicked on

2020-09-23 23:41:22 - [TEST_STEP][PASSED] - click(findTestObject("Object Repository/V2/TT-363/Page_Meeting/Edit_Meeting/Page_Edit Meeting/div_Departmental")): Object: 'Object Repository/V2/TT-363/Page_Meeting/Edit_Meeting/Page_Edit Meeting/div_Departmental' is clicked on

2020-09-23 23:41:53 - [MESSAGE][INFO] - Unable to find the element located by 'By.xpath: //div[@id='root']/div/div[2]/div/div/div[2]/div[2]/div/div[3]/form/div[4]/div/div/div/div[2]/div[2]'. Please recheck the objects properties to make sure the desired element is located. 

2020-09-23 23:41:53 - [MESSAGE][WARNING] - [SELF-HEALING] Failed to find element with id 'Object Repository/V2/TT-363/Page_Meeting/Edit_Meeting/Page_Edit Meeting/div_Departmental'. Try using Self-healing.

2020-09-23 23:41:53 - [MESSAGE][WARNING] - [SELF-HEALING] The current locator of test object 'Object Repository/V2/TT-363/Page_Meeting/Edit_Meeting/Page_Edit Meeting/div_Departmental' was broken. Propose an alternative one: '(.//*[normalize-space(text()) and normalize-space(.)='Leadership'])[2]/following::div[1]'.

2020-09-23 23:41:54 - [MESSAGE][PASSED] - Object: 'Object Repository/V2/TT-363/Page_Meeting/Edit_Meeting/Page_Edit Meeting/div_Departmental' is clicked on

2020-09-23 23:41:54 - [TEST_STEP][PASSED] - click(findTestObject("Object Repository/V2/TT-363/Page_Meeting/Edit_Meeting/Page_Edit Meeting/button___StyledButton-sc-9nsd91-0 hrKrVT")): Object: 'Object Repository/V2/TT-363/Page_Meeting/Edit_Meeting/Page_Edit Meeting/button___StyledButton-sc-9nsd91-0 hrKrVT' is clicked on

2020-09-23 23:41:54 - [MESSAGE][PASSED] - Object: 'Object Repository/V2/TT-363/Page_Meeting/Edit_Meeting/Page_Edit Meeting/button___StyledButton-sc-9nsd91-0 hrKrVT' is clicked on

2020-09-23 23:41:54 - [TEST_STEP][PASSED] - click(findTestObject("Object Repository/V2/TT-363/Page_Meeting/Edit_Meeting/Page_Edit Meeting/div_MondayMondayTuesdayWednesdayThursdayFri_d9280e")): Object: 'Object Repository/V2/TT-363/Page_Meeting/Edit_Meeting/Page_Edit Meeting/div_MondayMondayTuesdayWednesdayThursdayFri_d9280e' is clicked on

2020-09-23 23:41:54 - [MESSAGE][PASSED] - Object: 'Object Repository/V2/TT-363/Page_Meeting/Edit_Meeting/Page_Edit Meeting/div_MondayMondayTuesdayWednesdayThursdayFri_d9280e' is clicked on

2020-09-23 23:41:54 - [TEST_STEP][PASSED] - click(findTestObject("Object Repository/V2/TT-363/Page_Meeting/Edit_Meeting/Page_Edit Meeting/div_Tuesday")): Object: 'Object Repository/V2/TT-363/Page_Meeting/Edit_Meeting/Page_Edit Meeting/div_Tuesday' is clicked on

2020-09-23 23:42:25 - [MESSAGE][INFO] - Unable to find the element located by 'By.xpath: //div[@id='root']/div/div[2]/div/div/div[2]/div[2]/div/div[3]/form/div[6]/div/div/div/div[2]/div[2]'. Please recheck the objects properties to make sure the desired element is located. 

2020-09-23 23:42:25 - [MESSAGE][WARNING] - [SELF-HEALING] Failed to find element with id 'Object Repository/V2/TT-363/Page_Meeting/Edit_Meeting/Page_Edit Meeting/div_Tuesday'. Try using Self-healing.

2020-09-23 23:42:25 - [MESSAGE][WARNING] - [SELF-HEALING] The current locator of test object 'Object Repository/V2/TT-363/Page_Meeting/Edit_Meeting/Page_Edit Meeting/div_Tuesday' was broken. Propose an alternative one: '(.//*[normalize-space(text()) and normalize-space(.)='Monday'])[2]/following::div[1]'.

2020-09-23 23:42:25 - [MESSAGE][PASSED] - Object: 'Object Repository/V2/TT-363/Page_Meeting/Edit_Meeting/Page_Edit Meeting/div_Tuesday' is clicked on

2020-09-23 23:42:25 - [TEST_STEP][PASSED] - click(findTestObject("Object Repository/V2/TT-363/Page_Meeting/Edit_Meeting/Page_Edit Meeting/input_am_meeting-time")): Object: 'Object Repository/V2/TT-363/Page_Meeting/Edit_Meeting/Page_Edit Meeting/input_am_meeting-time' is clicked on

2020-09-23 23:42:25 - [MESSAGE][PASSED] - Object: 'Object Repository/V2/TT-363/Page_Meeting/Edit_Meeting/Page_Edit Meeting/input_am_meeting-time' is clicked on

2020-09-23 23:42:25 - [TEST_STEP][PASSED] - click(findTestObject("Object Repository/V2/TT-363/Page_Meeting/Edit_Meeting/Page_Edit Meeting/div_ampm700")): Object: 'Object Repository/V2/TT-363/Page_Meeting/Edit_Meeting/Page_Edit Meeting/div_ampm700' is clicked on

2020-09-23 23:42:56 - [MESSAGE][INFO] - Unable to find the element located by 'By.xpath: //div[@id='root']/div/div[2]/div/div/div[2]/div[2]/div/div[3]/form/div[7]/div/div/div/div[2]/div[8]'. Please recheck the objects properties to make sure the desired element is located. 

2020-09-23 23:42:56 - [MESSAGE][WARNING] - [SELF-HEALING] Failed to find element with id 'Object Repository/V2/TT-363/Page_Meeting/Edit_Meeting/Page_Edit Meeting/div_ampm700'. Try using Self-healing.

2020-09-23 23:42:56 - [MESSAGE][WARNING] - [SELF-HEALING] The current locator of test object 'Object Repository/V2/TT-363/Page_Meeting/Edit_Meeting/Page_Edit Meeting/div_ampm700' was broken. Propose an alternative one: '(.//*[normalize-space(text()) and normalize-space(.)='am/pm'])[7]/following::div[1]'.

2020-09-23 23:42:56 - [MESSAGE][PASSED] - Object: 'Object Repository/V2/TT-363/Page_Meeting/Edit_Meeting/Page_Edit Meeting/div_ampm700' is clicked on

2020-09-23 23:42:56 - [TEST_STEP][PASSED] - click(findTestObject("Object Repository/V2/TT-363/Page_Meeting/Edit_Meeting/Edit_Meeting2/Page_Edit Meeting/div_Save")): Object: 'Object Repository/V2/TT-363/Page_Meeting/Edit_Meeting/Edit_Meeting2/Page_Edit Meeting/div_Save' is clicked on

2020-09-23 23:42:56 - [MESSAGE][PASSED] - Object: 'Object Repository/V2/TT-363/Page_Meeting/Edit_Meeting/Edit_Meeting2/Page_Edit Meeting/div_Save' is clicked on

2020-09-23 23:42:56 - [TEST_STEP][PASSED] - delay(5): Delayed 5 second(s)

2020-09-23 23:43:01 - [MESSAGE][PASSED] - Delayed 5 second(s)

2020-09-23 23:43:01 - [TEST_STEP][PASSED] - click(findTestObject("Object Repository/V2/TT-363/Page_Meeting/Edit_Meeting/Page_Dashboard/span_Meetings")): Object: 'Object Repository/V2/TT-363/Page_Meeting/Edit_Meeting/Page_Dashboard/span_Meetings' is clicked on

2020-09-23 23:43:01 - [MESSAGE][PASSED] - Object: 'Object Repository/V2/TT-363/Page_Meeting/Edit_Meeting/Page_Dashboard/span_Meetings' is clicked on

2020-09-23 23:43:01 - [TEST_STEP][PASSED] - delay(5): Delayed 5 second(s)

2020-09-23 23:43:06 - [MESSAGE][PASSED] - Delayed 5 second(s)

2020-09-23 23:43:06 - [TEST_STEP][PASSED] - editMeetingRecordObj = tt_CustomKeywords.CustomKeywords.CreateDynamicElement("//div[@class="container__col detailscontainer__block"]/h2/div[text()='%s']", meetingTitle, "xpath"): Successfully created new dynamic object: //div[@class="container__col detailscontainer__block"]/h2/div[text()='Edit Meeting Admin']

2020-09-23 23:43:06 - [MESSAGE][PASSED] - Successfully created new dynamic object: //div[@class="container__col detailscontainer__block"]/h2/div[text()='Edit Meeting Admin']

2020-09-23 23:43:06 - [TEST_STEP][PASSED] - verifyElementPresent(editMeetingRecordObj, DefaultTimeout): Object '' is present

2020-09-23 23:43:06 - [MESSAGE][PASSED] - Object '' is present

2020-09-23 23:43:06 - [MESSAGE][INFO] - 

2020-09-23 23:43:06 - [MESSAGE][INFO] - ===================== Self-healing Report ====================

2020-09-23 23:43:06 - [MESSAGE][INFO] - One of the failed test object locators has been recovered by Self-healing. Please refer to the Self-healing Insights tab for more details.

2020-09-23 23:43:06 - [MESSAGE][INFO] - To learn more about Self-healing, please read https://docs.katalon.com/katalon-studio/docs/self-healing.html

2020-09-23 23:43:06 - [MESSAGE][INFO] - ==============================================================

2020-09-23 23:43:06 - [MESSAGE][PASSED] - Call Test Case 'Test Cases/V2/Test Case/Tests/TT-363 - Meeting List/Positive/Admin/TT_363_25_EditMeetingBI_Admin' successfully

2020-09-23 23:43:06 - [TEST_STEP][PASSED] - waitForElementVisible(findTestObject("Object Repository/V2/TT-363/Page_Meeting/Edit_Meeting/Page_Meeting/button_Go to meeting_BtnIconNakedStyles-sc-_e4abf2"), DefaultTimeout): Object 'Object Repository/V2/TT-363/Page_Meeting/Edit_Meeting/Page_Meeting/button_Go to meeting_BtnIconNakedStyles-sc-_e4abf2' is visible

2020-09-23 23:43:06 - [MESSAGE][PASSED] - Object 'Object Repository/V2/TT-363/Page_Meeting/Edit_Meeting/Page_Meeting/button_Go to meeting_BtnIconNakedStyles-sc-_e4abf2' is visible

2020-09-23 23:43:06 - [TEST_STEP][PASSED] - click(findTestObject("Object Repository/V2/TT-363/Page_Meeting/Edit_Meeting/Page_Meeting/button_Go to meeting_BtnIconNakedStyles-sc-_e4abf2")): Object: 'Object Repository/V2/TT-363/Page_Meeting/Edit_Meeting/Page_Meeting/button_Go to meeting_BtnIconNakedStyles-sc-_e4abf2' is clicked on

2020-09-23 23:43:06 - [MESSAGE][PASSED] - Object: 'Object Repository/V2/TT-363/Page_Meeting/Edit_Meeting/Page_Meeting/button_Go to meeting_BtnIconNakedStyles-sc-_e4abf2' is clicked on

2020-09-23 23:43:06 - [TEST_STEP][PASSED] - click(findTestObject("Object Repository/V2/TT-363/Page_Meeting/Edit_Meeting/Page_Meeting/a_Edit meeting")): Object: 'Object Repository/V2/TT-363/Page_Meeting/Edit_Meeting/Page_Meeting/a_Edit meeting' is clicked on

2020-09-23 23:43:07 - [MESSAGE][PASSED] - Object: 'Object Repository/V2/TT-363/Page_Meeting/Edit_Meeting/Page_Meeting/a_Edit meeting' is clicked on

2020-09-23 23:43:07 - [TEST_STEP][PASSED] - waitForElementPresent(findTestObject("Object Repository/V2/TT-363/Page_Meeting/Edit_Meeting/Page_Edit Meeting/input__meeting title"), DefaultTimeout): Object 'Object Repository/V2/TT-363/Page_Meeting/Edit_Meeting/Page_Edit Meeting/input__meeting title' is present

2020-09-23 23:43:07 - [MESSAGE][PASSED] - Object 'Object Repository/V2/TT-363/Page_Meeting/Edit_Meeting/Page_Edit Meeting/input__meeting title' is present

2020-09-23 23:43:07 - [TEST_STEP][PASSED] - clearText(findTestObject("Object Repository/V2/TT-363/Page_Meeting/Edit_Meeting/Edit_Meeting2/Page_Edit Meeting/input_Video conference URL_meetingLink"), STOP_ON_FAILURE): Text of object 'Object Repository/V2/TT-363/Page_Meeting/Edit_Meeting/Edit_Meeting2/Page_Edit Meeting/input_Video conference URL_meetingLink' is cleared

2020-09-23 23:43:07 - [MESSAGE][PASSED] - Text of object 'Object Repository/V2/TT-363/Page_Meeting/Edit_Meeting/Edit_Meeting2/Page_Edit Meeting/input_Video conference URL_meetingLink' is cleared

2020-09-23 23:43:07 - [TEST_STEP][PASSED] - setText(findTestObject("Object Repository/V2/TT-363/Page_Meeting/Edit_Meeting/Edit_Meeting2/Page_Edit Meeting/input_Video conference URL_meetingLink"), videoConference): Text 'https://yourvideoconference.com/sample' is set on object 'Object Repository/V2/TT-363/Page_Meeting/Edit_Meeting/Edit_Meeting2/Page_Edit Meeting/input_Video conference URL_meetingLink'

2020-09-23 23:43:07 - [MESSAGE][PASSED] - Text 'https://yourvideoconference.com/sample' is set on object 'Object Repository/V2/TT-363/Page_Meeting/Edit_Meeting/Edit_Meeting2/Page_Edit Meeting/input_Video conference URL_meetingLink'

2020-09-23 23:43:07 - [TEST_STEP][PASSED] - click(findTestObject("V2/TT-363/Page_Meeting/Edit_Meeting/Page_Edit Meeting/div_Save2")): Object: 'Object Repository/V2/TT-363/Page_Meeting/Edit_Meeting/Page_Edit Meeting/div_Save2' is clicked on

2020-09-23 23:43:38 - [MESSAGE][INFO] - Unable to find the element located by 'By.xpath: //*[@id="root"]/div/div[2]/div/div/div[2]/div[2]/div[2]/div[3]/form/div[3]/button[2]/div'. Please recheck the objects properties to make sure the desired element is located. 

2020-09-23 23:43:38 - [MESSAGE][WARNING] - [SELF-HEALING] Failed to find element with id 'Object Repository/V2/TT-363/Page_Meeting/Edit_Meeting/Page_Edit Meeting/div_Save2'. Try using Self-healing.

2020-09-23 23:43:38 - [MESSAGE][INFO] - [SELF-HEALING] Failed Locator: '//div[@id='root']/div/div[2]/div/div/div[2]/div[2]/div/div[3]/form/div[9]/button[2]/div'.

2020-09-23 23:43:38 - [MESSAGE][INFO] - [SELF-HEALING] Working Locator: '(.//*[normalize-space(text()) and normalize-space(.)='Cancel'])[1]/following::div[1]'.

2020-09-23 23:43:38 - [MESSAGE][INFO] - [SELF-HEALING] Screenshot: C:/Users/Aaron-PC/git/TractionTools/Reports/Self-healing/Object Repository/V2/TT-363/Page_Meeting/Edit_Meeting/Page_Edit Meeting/div_Save2_neighbor.png

2020-09-23 23:43:38 - [MESSAGE][WARNING] - [SELF-HEALING] The current locator of test object 'Object Repository/V2/TT-363/Page_Meeting/Edit_Meeting/Page_Edit Meeting/div_Save2' was broken. Propose an alternative one: '(.//*[normalize-space(text()) and normalize-space(.)='Cancel'])[1]/following::div[1]'.

2020-09-23 23:43:38 - [MESSAGE][PASSED] - Object: 'Object Repository/V2/TT-363/Page_Meeting/Edit_Meeting/Page_Edit Meeting/div_Save2' is clicked on

2020-09-23 23:43:38 - [TEST_STEP][PASSED] - delay(10): Delayed 10 second(s)

2020-09-23 23:43:48 - [MESSAGE][PASSED] - Delayed 10 second(s)

2020-09-23 23:43:48 - [TEST_STEP][PASSED] - verifyElementPresent(findTestObject("V2/TT-363/Page_Dashboard/span_Meetings"), DefaultTimeout): Object 'Object Repository/V2/TT-363/Page_Dashboard/span_Meetings' is present

2020-09-23 23:43:48 - [MESSAGE][PASSED] - Object 'Object Repository/V2/TT-363/Page_Dashboard/span_Meetings' is present

2020-09-23 23:43:48 - [TEST_STEP][PASSED] - click(findTestObject("V2/TT-363/Page_Dashboard/span_Meetings")): Object: 'Object Repository/V2/TT-363/Page_Dashboard/span_Meetings' is clicked on

2020-09-23 23:43:48 - [MESSAGE][PASSED] - Object: 'Object Repository/V2/TT-363/Page_Dashboard/span_Meetings' is clicked on

2020-09-23 23:43:48 - [TEST_STEP][PASSED] - changeWebDriver(driver2): null

2020-09-23 23:43:48 - [TEST_STEP][PASSED] - callTestCase(findTestCase("V2/Test Case/Tests/TT-363 - Meeting List/Positive/Supervisor/TT_363_25_EditMeetingBI_Supervisor"), ["username":"", "password":"", "meetingNameS":meetingNameS, "meetingAcronym":meetingAcronym, "meetingDescription":meetingDescription, ... ], STOP_ON_FAILURE): Call Test Case 'Test Cases/V2/Test Case/Tests/TT-363 - Meeting List/Positive/Supervisor/TT_363_25_EditMeetingBI_Supervisor' successfully

2020-09-23 23:43:48 - [TEST_CASE][PASSED] - Test Cases/V2/Test Case/Tests/TT-363 - Meeting List/Positive/Supervisor/TT_363_25_EditMeetingBI_Supervisor: Test Cases/V2/Test Case/Tests/TT-363 - Meeting List/Positive/Supervisor/TT_363_25_EditMeetingBI_Supervisor

2020-09-23 23:43:48 - [TEST_STEP][NOT_RUN] - openBrowser(""): NOT_RUN: openBrowser("")

2020-09-23 23:43:48 - [MESSAGE][NOT_RUN] - NOT_RUN: openBrowser("")

2020-09-23 23:43:48 - [TEST_STEP][NOT_RUN] - maximizeWindow(): NOT_RUN: maximizeWindow()

2020-09-23 23:43:48 - [MESSAGE][NOT_RUN] - NOT_RUN: maximizeWindow()

2020-09-23 23:43:48 - [TEST_STEP][NOT_RUN] - navigateToUrl(V2Url): NOT_RUN: navigateToUrl(V2Url)

2020-09-23 23:43:48 - [MESSAGE][NOT_RUN] - NOT_RUN: navigateToUrl(V2Url)

2020-09-23 23:43:48 - [TEST_STEP][NOT_RUN] - delay(7): NOT_RUN: delay(7)

2020-09-23 23:43:48 - [MESSAGE][NOT_RUN] - NOT_RUN: delay(7)

2020-09-23 23:43:48 - [TEST_STEP][NOT_RUN] - waitForElementClickable(findTestObject("V2/TT-363/Page_Login/input__username"), 30): NOT_RUN: waitForElementClickable(findTestObject("V2/TT-363/Page_Login/input__username"), 30)

2020-09-23 23:43:48 - [MESSAGE][NOT_RUN] - NOT_RUN: waitForElementClickable(findTestObject("V2/TT-363/Page_Login/input__username"), 30)

2020-09-23 23:43:48 - [TEST_STEP][NOT_RUN] - setText(findTestObject("V2/TT-363/Page_Login/input__username"), username): NOT_RUN: setText(findTestObject("V2/TT-363/Page_Login/input__username"), username)

2020-09-23 23:43:48 - [MESSAGE][NOT_RUN] - NOT_RUN: setText(findTestObject("V2/TT-363/Page_Login/input__username"), username)

2020-09-23 23:43:48 - [TEST_STEP][NOT_RUN] - setText(findTestObject("Object Repository/V2/TT-363/Page_Login/input__password"), password): NOT_RUN: setText(findTestObject("Object Repository/V2/TT-363/Page_Login/input__password"), password)

2020-09-23 23:43:48 - [MESSAGE][NOT_RUN] - NOT_RUN: setText(findTestObject("Object Repository/V2/TT-363/Page_Login/input__password"), password)

2020-09-23 23:43:48 - [TEST_STEP][NOT_RUN] - click(findTestObject("Object Repository/V2/TT-363/Page_Login/div_Login")): NOT_RUN: click(findTestObject("Object Repository/V2/TT-363/Page_Login/div_Login"))

2020-09-23 23:43:48 - [MESSAGE][NOT_RUN] - NOT_RUN: click(findTestObject("Object Repository/V2/TT-363/Page_Login/div_Login"))

2020-09-23 23:43:48 - [TEST_STEP][PASSED] - verifyElementPresent(findTestObject("V2/TT-363/Page_Dashboard/span_Meetings"), DefaultTimeout): Object 'Object Repository/V2/TT-363/Page_Dashboard/span_Meetings' is present

2020-09-23 23:43:49 - [MESSAGE][PASSED] - Object 'Object Repository/V2/TT-363/Page_Dashboard/span_Meetings' is present

2020-09-23 23:43:49 - [TEST_STEP][PASSED] - click(findTestObject("V2/TT-363/Page_Dashboard/span_Meetings")): Object: 'Object Repository/V2/TT-363/Page_Dashboard/span_Meetings' is clicked on

2020-09-23 23:43:49 - [MESSAGE][PASSED] - Object: 'Object Repository/V2/TT-363/Page_Dashboard/span_Meetings' is clicked on

2020-09-23 23:43:49 - [TEST_STEP][PASSED] - click(findTestObject("Object Repository/V2/TT-363/Page_Meeting/div_Create a meeting")): Object: 'Object Repository/V2/TT-363/Page_Meeting/div_Create a meeting' is clicked on

2020-09-23 23:43:49 - [MESSAGE][PASSED] - Object: 'Object Repository/V2/TT-363/Page_Meeting/div_Create a meeting' is clicked on

2020-09-23 23:43:49 - [TEST_STEP][PASSED] - click(findTestObject("Object Repository/V2/TT-363/Page_Meeting/button_Level 10")): Object: 'Object Repository/V2/TT-363/Page_Meeting/button_Level 10' is clicked on

2020-09-23 23:43:49 - [MESSAGE][PASSED] - Object: 'Object Repository/V2/TT-363/Page_Meeting/button_Level 10' is clicked on

2020-09-23 23:43:49 - [TEST_STEP][PASSED] - waitForElementVisible(findTestObject("Object Repository/V2/TT-363/Page_Meeting/input__name"), DefaultTimeout): Object 'Object Repository/V2/TT-363/Page_Meeting/input__name' is visible

2020-09-23 23:43:49 - [MESSAGE][PASSED] - Object 'Object Repository/V2/TT-363/Page_Meeting/input__name' is visible

2020-09-23 23:43:49 - [TEST_STEP][PASSED] - setText(findTestObject("Object Repository/V2/TT-363/Page_Meeting/input__name"), meetingNameS): Text 'SP Meeting Supervisor' is set on object 'Object Repository/V2/TT-363/Page_Meeting/input__name'

2020-09-23 23:43:49 - [MESSAGE][PASSED] - Text 'SP Meeting Supervisor' is set on object 'Object Repository/V2/TT-363/Page_Meeting/input__name'

2020-09-23 23:43:49 - [TEST_STEP][PASSED] - setText(findTestObject("Object Repository/V2/TT-363/Page_Meeting/input__acronym"), meetingAcronym): Text 'CSP' is set on object 'Object Repository/V2/TT-363/Page_Meeting/input__acronym'

2020-09-23 23:43:49 - [MESSAGE][PASSED] - Text 'CSP' is set on object 'Object Repository/V2/TT-363/Page_Meeting/input__acronym'

2020-09-23 23:43:49 - [TEST_STEP][PASSED] - setText(findTestObject("Object Repository/V2/TT-363/Page_Meeting/input_Meeting description (max 100 characte_8187fa"), meetingDescription): Text 'L10 Meeting' is set on object 'Object Repository/V2/TT-363/Page_Meeting/input_Meeting description (max 100 characte_8187fa'

2020-09-23 23:43:50 - [MESSAGE][PASSED] - Text 'L10 Meeting' is set on object 'Object Repository/V2/TT-363/Page_Meeting/input_Meeting description (max 100 characte_8187fa'

2020-09-23 23:43:50 - [TEST_STEP][PASSED] - click(findTestObject("Object Repository/V2/TT-363/Page_Meeting/input__typeOfMeeting")): Object: 'Object Repository/V2/TT-363/Page_Meeting/input__typeOfMeeting' is clicked on

2020-09-23 23:43:50 - [MESSAGE][PASSED] - Object: 'Object Repository/V2/TT-363/Page_Meeting/input__typeOfMeeting' is clicked on

2020-09-23 23:43:50 - [TEST_STEP][PASSED] - click(findTestObject("V2/TT-363/Page_Meeting/div_Leadership")): Object: 'Object Repository/V2/TT-363/Page_Meeting/div_Leadership' is clicked on

2020-09-23 23:43:50 - [MESSAGE][PASSED] - Object: 'Object Repository/V2/TT-363/Page_Meeting/div_Leadership' is clicked on

2020-09-23 23:43:50 - [TEST_STEP][PASSED] - click(findTestObject("Object Repository/V2/TT-363/Page_Meeting/div_Select a dayMondayTuesdayWednesdayThurs_fcb808")): Object: 'Object Repository/V2/TT-363/Page_Meeting/div_Select a dayMondayTuesdayWednesdayThurs_fcb808' is clicked on

2020-09-23 23:43:50 - [MESSAGE][PASSED] - Object: 'Object Repository/V2/TT-363/Page_Meeting/div_Select a dayMondayTuesdayWednesdayThurs_fcb808' is clicked on

2020-09-23 23:43:50 - [TEST_STEP][PASSED] - click(findTestObject("V2/TT-363/Page_Meeting/div_Monday")): Object: 'Object Repository/V2/TT-363/Page_Meeting/div_Monday' is clicked on

2020-09-23 23:43:50 - [MESSAGE][PASSED] - Object: 'Object Repository/V2/TT-363/Page_Meeting/div_Monday' is clicked on

2020-09-23 23:43:50 - [TEST_STEP][PASSED] - click(findTestObject("Object Repository/V2/TT-363/Page_Meeting/div_000")): Object: 'Object Repository/V2/TT-363/Page_Meeting/div_000' is clicked on

2020-09-23 23:43:50 - [MESSAGE][PASSED] - Object: 'Object Repository/V2/TT-363/Page_Meeting/div_000' is clicked on

2020-09-23 23:43:50 - [TEST_STEP][PASSED] - click(findTestObject("Object Repository/V2/TT-363/Page_Meeting/span_0800")): Object: 'Object Repository/V2/TT-363/Page_Meeting/span_0800' is clicked on

2020-09-23 23:43:50 - [MESSAGE][PASSED] - Object: 'Object Repository/V2/TT-363/Page_Meeting/span_0800' is clicked on

2020-09-23 23:43:50 - [TEST_STEP][PASSED] - setText(findTestObject("Object Repository/V2/TT-363/Page_Meeting/input_Video conference URL_meetingLink"), videoConference): Text 'https://yourvideoconference.com/sample' is set on object 'Object Repository/V2/TT-363/Page_Meeting/input_Video conference URL_meetingLink'

2020-09-23 23:43:51 - [MESSAGE][PASSED] - Text 'https://yourvideoconference.com/sample' is set on object 'Object Repository/V2/TT-363/Page_Meeting/input_Video conference URL_meetingLink'

2020-09-23 23:43:51 - [TEST_STEP][PASSED] - click(findTestObject("Object Repository/V2/TT-363/Page_Meeting/div_Create Meeting")): Object: 'Object Repository/V2/TT-363/Page_Meeting/div_Create Meeting' is clicked on

2020-09-23 23:43:51 - [MESSAGE][PASSED] - Object: 'Object Repository/V2/TT-363/Page_Meeting/div_Create Meeting' is clicked on

2020-09-23 23:43:51 - [TEST_STEP][PASSED] - waitForElementVisible(findTestObject("Object Repository/V2/TT-363/Page_Meeting/div_Ill do this later"), DefaultTimeout): Object 'Object Repository/V2/TT-363/Page_Meeting/div_Ill do this later' is visible

2020-09-23 23:43:58 - [MESSAGE][PASSED] - Object 'Object Repository/V2/TT-363/Page_Meeting/div_Ill do this later' is visible

2020-09-23 23:43:58 - [TEST_STEP][PASSED] - click(findTestObject("Object Repository/V2/TT-363/Page_Meeting/div_Ill do this later")): Object: 'Object Repository/V2/TT-363/Page_Meeting/div_Ill do this later' is clicked on

2020-09-23 23:43:58 - [MESSAGE][PASSED] - Object: 'Object Repository/V2/TT-363/Page_Meeting/div_Ill do this later' is clicked on

2020-09-23 23:43:58 - [TEST_STEP][PASSED] - createMeetingRecordObjSupervisor = tt_CustomKeywords.CustomKeywords.CreateDynamicElement("//div[@class="container__col detailscontainer__block"]/h2/div[text()='%s']", meetingNameS, "xpath"): Successfully created new dynamic object: //div[@class="container__col detailscontainer__block"]/h2/div[text()='SP Meeting Supervisor']

2020-09-23 23:43:58 - [MESSAGE][PASSED] - Successfully created new dynamic object: //div[@class="container__col detailscontainer__block"]/h2/div[text()='SP Meeting Supervisor']

2020-09-23 23:43:58 - [TEST_STEP][PASSED] - verifyElementPresent(createMeetingRecordObjSupervisor, DefaultTimeout): Object '' is present

2020-09-23 23:43:58 - [MESSAGE][PASSED] - Object '' is present

2020-09-23 23:43:58 - [TEST_STEP][PASSED] - delay(5): Delayed 5 second(s)

2020-09-23 23:44:03 - [MESSAGE][PASSED] - Delayed 5 second(s)

2020-09-23 23:44:03 - [TEST_STEP][PASSED] - waitForElementVisible(findTestObject("Object Repository/V2/TT-363/Page_Meeting/Edit_Meeting/Page_Meeting/button_Go to meeting_BtnIconNakedStyles-sc-_e4abf2"), DefaultTimeout): Object 'Object Repository/V2/TT-363/Page_Meeting/Edit_Meeting/Page_Meeting/button_Go to meeting_BtnIconNakedStyles-sc-_e4abf2' is visible

2020-09-23 23:44:03 - [MESSAGE][PASSED] - Object 'Object Repository/V2/TT-363/Page_Meeting/Edit_Meeting/Page_Meeting/button_Go to meeting_BtnIconNakedStyles-sc-_e4abf2' is visible

2020-09-23 23:44:03 - [TEST_STEP][PASSED] - click(findTestObject("Object Repository/V2/TT-363/Page_Meeting/Edit_Meeting/Page_Meeting/button_Go to meeting_BtnIconNakedStyles-sc-_e4abf2")): Object: 'Object Repository/V2/TT-363/Page_Meeting/Edit_Meeting/Page_Meeting/button_Go to meeting_BtnIconNakedStyles-sc-_e4abf2' is clicked on

2020-09-23 23:44:03 - [MESSAGE][PASSED] - Object: 'Object Repository/V2/TT-363/Page_Meeting/Edit_Meeting/Page_Meeting/button_Go to meeting_BtnIconNakedStyles-sc-_e4abf2' is clicked on

2020-09-23 23:44:03 - [TEST_STEP][PASSED] - click(findTestObject("Object Repository/V2/TT-363/Page_Meeting/Edit_Meeting/Page_Meeting/a_Edit meeting")): Object: 'Object Repository/V2/TT-363/Page_Meeting/Edit_Meeting/Page_Meeting/a_Edit meeting' is clicked on

2020-09-23 23:44:03 - [MESSAGE][PASSED] - Object: 'Object Repository/V2/TT-363/Page_Meeting/Edit_Meeting/Page_Meeting/a_Edit meeting' is clicked on

2020-09-23 23:44:03 - [TEST_STEP][PASSED] - waitForElementPresent(findTestObject("Object Repository/V2/TT-363/Page_Meeting/Edit_Meeting/Page_Edit Meeting/input__meeting title"), DefaultTimeout): Object 'Object Repository/V2/TT-363/Page_Meeting/Edit_Meeting/Page_Edit Meeting/input__meeting title' is present

2020-09-23 23:44:04 - [MESSAGE][PASSED] - Object 'Object Repository/V2/TT-363/Page_Meeting/Edit_Meeting/Page_Edit Meeting/input__meeting title' is present

2020-09-23 23:44:04 - [TEST_STEP][PASSED] - click(findTestObject("Object Repository/V2/TT-363/Page_Meeting/Edit_Meeting/Page_Edit Meeting/div_GeneralBasic informationVideo conferenc_ee1ae7")): Object: 'Object Repository/V2/TT-363/Page_Meeting/Edit_Meeting/Page_Edit Meeting/div_GeneralBasic informationVideo conferenc_ee1ae7' is clicked on

2020-09-23 23:44:04 - [MESSAGE][PASSED] - Object: 'Object Repository/V2/TT-363/Page_Meeting/Edit_Meeting/Page_Edit Meeting/div_GeneralBasic informationVideo conferenc_ee1ae7' is clicked on

2020-09-23 23:44:04 - [TEST_STEP][PASSED] - setText(findTestObject("Object Repository/V2/TT-363/Page_Meeting/Edit_Meeting/Page_Edit Meeting/input__meeting title"), meetingTitleS): Text 'Edit Meeting Supervisor' is set on object 'Object Repository/V2/TT-363/Page_Meeting/Edit_Meeting/Page_Edit Meeting/input__meeting title'

2020-09-23 23:44:05 - [MESSAGE][PASSED] - Text 'Edit Meeting Supervisor' is set on object 'Object Repository/V2/TT-363/Page_Meeting/Edit_Meeting/Page_Edit Meeting/input__meeting title'

2020-09-23 23:44:05 - [TEST_STEP][PASSED] - click(findTestObject("Object Repository/V2/TT-363/Page_Meeting/Edit_Meeting/Page_Edit Meeting/input__acronym")): Object: 'Object Repository/V2/TT-363/Page_Meeting/Edit_Meeting/Page_Edit Meeting/input__acronym' is clicked on

2020-09-23 23:44:05 - [MESSAGE][PASSED] - Object: 'Object Repository/V2/TT-363/Page_Meeting/Edit_Meeting/Page_Edit Meeting/input__acronym' is clicked on

2020-09-23 23:44:05 - [TEST_STEP][PASSED] - setText(findTestObject("Object Repository/V2/TT-363/Page_Meeting/Edit_Meeting/Page_Edit Meeting/input__acronym"), meetingAcronym): Text 'CSP' is set on object 'Object Repository/V2/TT-363/Page_Meeting/Edit_Meeting/Page_Edit Meeting/input__acronym'

2020-09-23 23:44:05 - [MESSAGE][PASSED] - Text 'CSP' is set on object 'Object Repository/V2/TT-363/Page_Meeting/Edit_Meeting/Page_Edit Meeting/input__acronym'

2020-09-23 23:44:05 - [TEST_STEP][PASSED] - click(findTestObject("Object Repository/V2/TT-363/Page_Meeting/Edit_Meeting/Page_Edit Meeting/input_Meeting description (max 100 characte_8187fa")): Object: 'Object Repository/V2/TT-363/Page_Meeting/Edit_Meeting/Page_Edit Meeting/input_Meeting description (max 100 characte_8187fa' is clicked on

2020-09-23 23:44:05 - [MESSAGE][PASSED] - Object: 'Object Repository/V2/TT-363/Page_Meeting/Edit_Meeting/Page_Edit Meeting/input_Meeting description (max 100 characte_8187fa' is clicked on

2020-09-23 23:44:05 - [TEST_STEP][PASSED] - click(findTestObject("Object Repository/V2/TT-363/Page_Meeting/Edit_Meeting/Page_Edit Meeting/div_Meeting name Acronym Meeting descriptio_78e662")): Object: 'Object Repository/V2/TT-363/Page_Meeting/Edit_Meeting/Page_Edit Meeting/div_Meeting name Acronym Meeting descriptio_78e662' is clicked on

2020-09-23 23:44:36 - [MESSAGE][INFO] - Unable to find the element located by 'By.xpath: //div[@id='root']/div/div[2]/div/div/div[2]/div[2]/div/div[3]'. Please recheck the objects properties to make sure the desired element is located. 

2020-09-23 23:44:36 - [MESSAGE][WARNING] - [SELF-HEALING] Failed to find element with id 'Object Repository/V2/TT-363/Page_Meeting/Edit_Meeting/Page_Edit Meeting/div_Meeting name Acronym Meeting descriptio_78e662'. Try using Self-healing.

2020-09-23 23:44:36 - [MESSAGE][WARNING] - [SELF-HEALING] The current locator of test object 'Object Repository/V2/TT-363/Page_Meeting/Edit_Meeting/Page_Edit Meeting/div_Meeting name Acronym Meeting descriptio_78e662' was broken. Propose an alternative one: '(.//*[normalize-space(text()) and normalize-space(.)='Basic information'])[2]/following::div[1]'.

2020-09-23 23:44:36 - [MESSAGE][PASSED] - Object: 'Object Repository/V2/TT-363/Page_Meeting/Edit_Meeting/Page_Edit Meeting/div_Meeting name Acronym Meeting descriptio_78e662' is clicked on

2020-09-23 23:44:36 - [TEST_STEP][PASSED] - setText(findTestObject("Object Repository/V2/TT-363/Page_Meeting/Edit_Meeting/Page_Edit Meeting/input_Meeting description (max 100 characte_8187fa"), meetingDescription): Text 'L10 Meeting' is set on object 'Object Repository/V2/TT-363/Page_Meeting/Edit_Meeting/Page_Edit Meeting/input_Meeting description (max 100 characte_8187fa'

2020-09-23 23:44:36 - [MESSAGE][PASSED] - Text 'L10 Meeting' is set on object 'Object Repository/V2/TT-363/Page_Meeting/Edit_Meeting/Page_Edit Meeting/input_Meeting description (max 100 characte_8187fa'

2020-09-23 23:44:36 - [TEST_STEP][PASSED] - click(findTestObject("Object Repository/V2/TT-363/Page_Meeting/Edit_Meeting/Page_Edit Meeting/i__IconStyles-sc-181ai5j-0 fspyWU icon-arro_0a3203")): Object: 'Object Repository/V2/TT-363/Page_Meeting/Edit_Meeting/Page_Edit Meeting/i__IconStyles-sc-181ai5j-0 fspyWU icon-arro_0a3203' is clicked on

2020-09-23 23:45:07 - [MESSAGE][INFO] - Unable to find the element located by 'By.xpath: //div[@id='root']/div/div[2]/div/div/div[2]/div[2]/div/div[3]/form/div[4]/div/div/button/i'. Please recheck the objects properties to make sure the desired element is located. 

2020-09-23 23:45:07 - [MESSAGE][WARNING] - [SELF-HEALING] Failed to find element with id 'Object Repository/V2/TT-363/Page_Meeting/Edit_Meeting/Page_Edit Meeting/i__IconStyles-sc-181ai5j-0 fspyWU icon-arro_0a3203'. Try using Self-healing.

2020-09-23 23:45:07 - [MESSAGE][WARNING] - [SELF-HEALING] The current locator of test object 'Object Repository/V2/TT-363/Page_Meeting/Edit_Meeting/Page_Edit Meeting/i__IconStyles-sc-181ai5j-0 fspyWU icon-arro_0a3203' was broken. Propose an alternative one: '//form/div[4]/div/div/button/i'.

2020-09-23 23:45:07 - [MESSAGE][PASSED] - Object: 'Object Repository/V2/TT-363/Page_Meeting/Edit_Meeting/Page_Edit Meeting/i__IconStyles-sc-181ai5j-0 fspyWU icon-arro_0a3203' is clicked on

2020-09-23 23:45:07 - [TEST_STEP][PASSED] - click(findTestObject("Object Repository/V2/TT-363/Page_Meeting/Edit_Meeting/Page_Edit Meeting/div_Departmental")): Object: 'Object Repository/V2/TT-363/Page_Meeting/Edit_Meeting/Page_Edit Meeting/div_Departmental' is clicked on

2020-09-23 23:45:38 - [MESSAGE][INFO] - Unable to find the element located by 'By.xpath: //div[@id='root']/div/div[2]/div/div/div[2]/div[2]/div/div[3]/form/div[4]/div/div/div/div[2]/div[2]'. Please recheck the objects properties to make sure the desired element is located. 

2020-09-23 23:45:38 - [MESSAGE][WARNING] - [SELF-HEALING] Failed to find element with id 'Object Repository/V2/TT-363/Page_Meeting/Edit_Meeting/Page_Edit Meeting/div_Departmental'. Try using Self-healing.

2020-09-23 23:45:38 - [MESSAGE][WARNING] - [SELF-HEALING] The current locator of test object 'Object Repository/V2/TT-363/Page_Meeting/Edit_Meeting/Page_Edit Meeting/div_Departmental' was broken. Propose an alternative one: '(.//*[normalize-space(text()) and normalize-space(.)='Leadership'])[2]/following::div[1]'.

2020-09-23 23:45:38 - [MESSAGE][PASSED] - Object: 'Object Repository/V2/TT-363/Page_Meeting/Edit_Meeting/Page_Edit Meeting/div_Departmental' is clicked on

2020-09-23 23:45:38 - [TEST_STEP][PASSED] - click(findTestObject("Object Repository/V2/TT-363/Page_Meeting/Edit_Meeting/Page_Edit Meeting/button___StyledButton-sc-9nsd91-0 hrKrVT")): Object: 'Object Repository/V2/TT-363/Page_Meeting/Edit_Meeting/Page_Edit Meeting/button___StyledButton-sc-9nsd91-0 hrKrVT' is clicked on

2020-09-23 23:45:38 - [MESSAGE][PASSED] - Object: 'Object Repository/V2/TT-363/Page_Meeting/Edit_Meeting/Page_Edit Meeting/button___StyledButton-sc-9nsd91-0 hrKrVT' is clicked on

2020-09-23 23:45:38 - [TEST_STEP][PASSED] - click(findTestObject("Object Repository/V2/TT-363/Page_Meeting/Edit_Meeting/Page_Edit Meeting/div_MondayMondayTuesdayWednesdayThursdayFri_d9280e")): Object: 'Object Repository/V2/TT-363/Page_Meeting/Edit_Meeting/Page_Edit Meeting/div_MondayMondayTuesdayWednesdayThursdayFri_d9280e' is clicked on

2020-09-23 23:45:38 - [MESSAGE][PASSED] - Object: 'Object Repository/V2/TT-363/Page_Meeting/Edit_Meeting/Page_Edit Meeting/div_MondayMondayTuesdayWednesdayThursdayFri_d9280e' is clicked on

2020-09-23 23:45:38 - [TEST_STEP][PASSED] - click(findTestObject("Object Repository/V2/TT-363/Page_Meeting/Edit_Meeting/Page_Edit Meeting/div_Tuesday")): Object: 'Object Repository/V2/TT-363/Page_Meeting/Edit_Meeting/Page_Edit Meeting/div_Tuesday' is clicked on

2020-09-23 23:46:09 - [MESSAGE][INFO] - Unable to find the element located by 'By.xpath: //div[@id='root']/div/div[2]/div/div/div[2]/div[2]/div/div[3]/form/div[6]/div/div/div/div[2]/div[2]'. Please recheck the objects properties to make sure the desired element is located. 

2020-09-23 23:46:09 - [MESSAGE][WARNING] - [SELF-HEALING] Failed to find element with id 'Object Repository/V2/TT-363/Page_Meeting/Edit_Meeting/Page_Edit Meeting/div_Tuesday'. Try using Self-healing.

2020-09-23 23:46:09 - [MESSAGE][WARNING] - [SELF-HEALING] The current locator of test object 'Object Repository/V2/TT-363/Page_Meeting/Edit_Meeting/Page_Edit Meeting/div_Tuesday' was broken. Propose an alternative one: '(.//*[normalize-space(text()) and normalize-space(.)='Monday'])[2]/following::div[1]'.

2020-09-23 23:46:09 - [MESSAGE][PASSED] - Object: 'Object Repository/V2/TT-363/Page_Meeting/Edit_Meeting/Page_Edit Meeting/div_Tuesday' is clicked on

2020-09-23 23:46:09 - [TEST_STEP][PASSED] - click(findTestObject("Object Repository/V2/TT-363/Page_Meeting/Edit_Meeting/Page_Edit Meeting/input_am_meeting-time")): Object: 'Object Repository/V2/TT-363/Page_Meeting/Edit_Meeting/Page_Edit Meeting/input_am_meeting-time' is clicked on

2020-09-23 23:46:10 - [MESSAGE][PASSED] - Object: 'Object Repository/V2/TT-363/Page_Meeting/Edit_Meeting/Page_Edit Meeting/input_am_meeting-time' is clicked on

2020-09-23 23:46:10 - [TEST_STEP][PASSED] - click(findTestObject("Object Repository/V2/TT-363/Page_Meeting/Edit_Meeting/Page_Edit Meeting/div_ampm700")): Object: 'Object Repository/V2/TT-363/Page_Meeting/Edit_Meeting/Page_Edit Meeting/div_ampm700' is clicked on

2020-09-23 23:46:41 - [MESSAGE][INFO] - Unable to find the element located by 'By.xpath: //div[@id='root']/div/div[2]/div/div/div[2]/div[2]/div/div[3]/form/div[7]/div/div/div/div[2]/div[8]'. Please recheck the objects properties to make sure the desired element is located. 

2020-09-23 23:46:41 - [MESSAGE][WARNING] - [SELF-HEALING] Failed to find element with id 'Object Repository/V2/TT-363/Page_Meeting/Edit_Meeting/Page_Edit Meeting/div_ampm700'. Try using Self-healing.

2020-09-23 23:46:41 - [MESSAGE][WARNING] - [SELF-HEALING] The current locator of test object 'Object Repository/V2/TT-363/Page_Meeting/Edit_Meeting/Page_Edit Meeting/div_ampm700' was broken. Propose an alternative one: '(.//*[normalize-space(text()) and normalize-space(.)='am/pm'])[7]/following::div[1]'.

2020-09-23 23:46:41 - [MESSAGE][PASSED] - Object: 'Object Repository/V2/TT-363/Page_Meeting/Edit_Meeting/Page_Edit Meeting/div_ampm700' is clicked on

2020-09-23 23:46:41 - [TEST_STEP][PASSED] - click(findTestObject("Object Repository/V2/TT-363/Page_Meeting/Edit_Meeting/Edit_Meeting2/Page_Edit Meeting/div_Save")): Object: 'Object Repository/V2/TT-363/Page_Meeting/Edit_Meeting/Edit_Meeting2/Page_Edit Meeting/div_Save' is clicked on

2020-09-23 23:46:41 - [MESSAGE][PASSED] - Object: 'Object Repository/V2/TT-363/Page_Meeting/Edit_Meeting/Edit_Meeting2/Page_Edit Meeting/div_Save' is clicked on

2020-09-23 23:46:41 - [TEST_STEP][PASSED] - delay(5): Delayed 5 second(s)

2020-09-23 23:46:46 - [MESSAGE][PASSED] - Delayed 5 second(s)

2020-09-23 23:46:46 - [TEST_STEP][PASSED] - click(findTestObject("Object Repository/V2/TT-363/Page_Meeting/Edit_Meeting/Page_Dashboard/span_Meetings")): Object: 'Object Repository/V2/TT-363/Page_Meeting/Edit_Meeting/Page_Dashboard/span_Meetings' is clicked on

2020-09-23 23:46:46 - [MESSAGE][PASSED] - Object: 'Object Repository/V2/TT-363/Page_Meeting/Edit_Meeting/Page_Dashboard/span_Meetings' is clicked on

2020-09-23 23:46:46 - [TEST_STEP][PASSED] - delay(5): Delayed 5 second(s)

2020-09-23 23:46:51 - [MESSAGE][PASSED] - Delayed 5 second(s)

2020-09-23 23:46:51 - [TEST_STEP][PASSED] - editMeetingRecordObjSupervisor = tt_CustomKeywords.CustomKeywords.CreateDynamicElement("//div[@class="container__col detailscontainer__block"]/h2/div[text()='%s']", meetingTitleS, "xpath"): Successfully created new dynamic object: //div[@class="container__col detailscontainer__block"]/h2/div[text()='Edit Meeting Supervisor']

2020-09-23 23:46:51 - [MESSAGE][PASSED] - Successfully created new dynamic object: //div[@class="container__col detailscontainer__block"]/h2/div[text()='Edit Meeting Supervisor']

2020-09-23 23:46:51 - [TEST_STEP][PASSED] - verifyElementPresent(editMeetingRecordObjSupervisor, DefaultTimeout): Object '' is present

2020-09-23 23:46:51 - [MESSAGE][PASSED] - Object '' is present

2020-09-23 23:46:51 - [MESSAGE][INFO] - 

2020-09-23 23:46:51 - [MESSAGE][INFO] - ===================== Self-healing Report ====================

2020-09-23 23:46:51 - [MESSAGE][INFO] - One of the failed test object locators has been recovered by Self-healing. Please refer to the Self-healing Insights tab for more details.

2020-09-23 23:46:51 - [MESSAGE][INFO] - To learn more about Self-healing, please read https://docs.katalon.com/katalon-studio/docs/self-healing.html

2020-09-23 23:46:51 - [MESSAGE][INFO] - ==============================================================

2020-09-23 23:46:51 - [MESSAGE][PASSED] - Call Test Case 'Test Cases/V2/Test Case/Tests/TT-363 - Meeting List/Positive/Supervisor/TT_363_25_EditMeetingBI_Supervisor' successfully

2020-09-23 23:46:51 - [TEST_STEP][PASSED] - waitForElementVisible(findTestObject("Object Repository/V2/TT-363/Page_Meeting/Edit_Meeting/Page_Meeting/button_Go to meeting_BtnIconNakedStyles-sc-_e4abf2"), DefaultTimeout): Object 'Object Repository/V2/TT-363/Page_Meeting/Edit_Meeting/Page_Meeting/button_Go to meeting_BtnIconNakedStyles-sc-_e4abf2' is visible

2020-09-23 23:46:51 - [MESSAGE][PASSED] - Object 'Object Repository/V2/TT-363/Page_Meeting/Edit_Meeting/Page_Meeting/button_Go to meeting_BtnIconNakedStyles-sc-_e4abf2' is visible

2020-09-23 23:46:51 - [TEST_STEP][PASSED] - click(findTestObject("Object Repository/V2/TT-363/Page_Meeting/Edit_Meeting/Page_Meeting/button_Go to meeting_BtnIconNakedStyles-sc-_e4abf2")): Object: 'Object Repository/V2/TT-363/Page_Meeting/Edit_Meeting/Page_Meeting/button_Go to meeting_BtnIconNakedStyles-sc-_e4abf2' is clicked on

2020-09-23 23:46:51 - [MESSAGE][PASSED] - Object: 'Object Repository/V2/TT-363/Page_Meeting/Edit_Meeting/Page_Meeting/button_Go to meeting_BtnIconNakedStyles-sc-_e4abf2' is clicked on

2020-09-23 23:46:51 - [TEST_STEP][PASSED] - click(findTestObject("Object Repository/V2/TT-363/Page_Meeting/Edit_Meeting/Page_Meeting/a_Edit meeting")): Object: 'Object Repository/V2/TT-363/Page_Meeting/Edit_Meeting/Page_Meeting/a_Edit meeting' is clicked on

2020-09-23 23:46:51 - [MESSAGE][PASSED] - Object: 'Object Repository/V2/TT-363/Page_Meeting/Edit_Meeting/Page_Meeting/a_Edit meeting' is clicked on

2020-09-23 23:46:51 - [TEST_STEP][PASSED] - waitForElementPresent(findTestObject("Object Repository/V2/TT-363/Page_Meeting/Edit_Meeting/Page_Edit Meeting/input__meeting title"), DefaultTimeout): Object 'Object Repository/V2/TT-363/Page_Meeting/Edit_Meeting/Page_Edit Meeting/input__meeting title' is present

2020-09-23 23:46:51 - [MESSAGE][PASSED] - Object 'Object Repository/V2/TT-363/Page_Meeting/Edit_Meeting/Page_Edit Meeting/input__meeting title' is present

2020-09-23 23:46:51 - [TEST_STEP][PASSED] - clearText(findTestObject("Object Repository/V2/TT-363/Page_Meeting/Edit_Meeting/Edit_Meeting2/Page_Edit Meeting/input_Video conference URL_meetingLink"), STOP_ON_FAILURE): Text of object 'Object Repository/V2/TT-363/Page_Meeting/Edit_Meeting/Edit_Meeting2/Page_Edit Meeting/input_Video conference URL_meetingLink' is cleared

2020-09-23 23:46:51 - [MESSAGE][PASSED] - Text of object 'Object Repository/V2/TT-363/Page_Meeting/Edit_Meeting/Edit_Meeting2/Page_Edit Meeting/input_Video conference URL_meetingLink' is cleared

2020-09-23 23:46:51 - [TEST_STEP][PASSED] - setText(findTestObject("Object Repository/V2/TT-363/Page_Meeting/Edit_Meeting/Edit_Meeting2/Page_Edit Meeting/input_Video conference URL_meetingLink"), videoConference): Text 'https://yourvideoconference.com/sample' is set on object 'Object Repository/V2/TT-363/Page_Meeting/Edit_Meeting/Edit_Meeting2/Page_Edit Meeting/input_Video conference URL_meetingLink'

2020-09-23 23:46:52 - [MESSAGE][PASSED] - Text 'https://yourvideoconference.com/sample' is set on object 'Object Repository/V2/TT-363/Page_Meeting/Edit_Meeting/Edit_Meeting2/Page_Edit Meeting/input_Video conference URL_meetingLink'

2020-09-23 23:46:52 - [TEST_STEP][PASSED] - click(findTestObject("V2/TT-363/Page_Meeting/Edit_Meeting/Page_Edit Meeting/div_Save2")): Object: 'Object Repository/V2/TT-363/Page_Meeting/Edit_Meeting/Page_Edit Meeting/div_Save2' is clicked on

2020-09-23 23:47:23 - [MESSAGE][INFO] - Unable to find the element located by 'By.xpath: //*[@id="root"]/div/div[2]/div/div/div[2]/div[2]/div[2]/div[3]/form/div[3]/button[2]/div'. Please recheck the objects properties to make sure the desired element is located. 

2020-09-23 23:47:23 - [MESSAGE][WARNING] - [SELF-HEALING] Failed to find element with id 'Object Repository/V2/TT-363/Page_Meeting/Edit_Meeting/Page_Edit Meeting/div_Save2'. Try using Self-healing.

2020-09-23 23:47:23 - [MESSAGE][WARNING] - [SELF-HEALING] The current locator of test object 'Object Repository/V2/TT-363/Page_Meeting/Edit_Meeting/Page_Edit Meeting/div_Save2' was broken. Propose an alternative one: '(.//*[normalize-space(text()) and normalize-space(.)='Cancel'])[1]/following::div[1]'.

2020-09-23 23:47:23 - [MESSAGE][PASSED] - Object: 'Object Repository/V2/TT-363/Page_Meeting/Edit_Meeting/Page_Edit Meeting/div_Save2' is clicked on

2020-09-23 23:47:23 - [TEST_STEP][PASSED] - delay(10): Delayed 10 second(s)

2020-09-23 23:47:33 - [MESSAGE][PASSED] - Delayed 10 second(s)

2020-09-23 23:47:33 - [TEST_STEP][PASSED] - verifyElementPresent(findTestObject("V2/TT-363/Page_Dashboard/span_Meetings"), DefaultTimeout): Object 'Object Repository/V2/TT-363/Page_Dashboard/span_Meetings' is present

2020-09-23 23:47:33 - [MESSAGE][PASSED] - Object 'Object Repository/V2/TT-363/Page_Dashboard/span_Meetings' is present

2020-09-23 23:47:33 - [TEST_STEP][PASSED] - click(findTestObject("V2/TT-363/Page_Dashboard/span_Meetings")): Object: 'Object Repository/V2/TT-363/Page_Dashboard/span_Meetings' is clicked on

2020-09-23 23:47:33 - [MESSAGE][PASSED] - Object: 'Object Repository/V2/TT-363/Page_Dashboard/span_Meetings' is clicked on

2020-09-23 23:47:33 - [TEST_STEP][PASSED] - changeWebDriver(driver3): null

2020-09-23 23:47:33 - [TEST_STEP][PASSED] - callTestCase(findTestCase("V2/Test Case/Tests/TT-363 - Meeting List/Positive/Employee/TT_363_25_EditMeetingBI_Employee"), ["username":"", "password":"", "meetingNameE":meetingNameE, "meetingAcronym":meetingAcronym, "meetingDescription":meetingDescription, ... ], STOP_ON_FAILURE): Call Test Case 'Test Cases/V2/Test Case/Tests/TT-363 - Meeting List/Positive/Employee/TT_363_25_EditMeetingBI_Employee' successfully

2020-09-23 23:47:33 - [TEST_CASE][PASSED] - Test Cases/V2/Test Case/Tests/TT-363 - Meeting List/Positive/Employee/TT_363_25_EditMeetingBI_Employee: Test Cases/V2/Test Case/Tests/TT-363 - Meeting List/Positive/Employee/TT_363_25_EditMeetingBI_Employee

2020-09-23 23:47:33 - [TEST_STEP][NOT_RUN] - openBrowser(""): NOT_RUN: openBrowser("")

2020-09-23 23:47:33 - [MESSAGE][NOT_RUN] - NOT_RUN: openBrowser("")

2020-09-23 23:47:33 - [TEST_STEP][NOT_RUN] - maximizeWindow(): NOT_RUN: maximizeWindow()

2020-09-23 23:47:33 - [MESSAGE][NOT_RUN] - NOT_RUN: maximizeWindow()

2020-09-23 23:47:33 - [TEST_STEP][NOT_RUN] - navigateToUrl(V2Url): NOT_RUN: navigateToUrl(V2Url)

2020-09-23 23:47:33 - [MESSAGE][NOT_RUN] - NOT_RUN: navigateToUrl(V2Url)

2020-09-23 23:47:33 - [TEST_STEP][NOT_RUN] - delay(7): NOT_RUN: delay(7)

2020-09-23 23:47:33 - [MESSAGE][NOT_RUN] - NOT_RUN: delay(7)

2020-09-23 23:47:33 - [TEST_STEP][NOT_RUN] - waitForElementClickable(findTestObject("V2/TT-363/Page_Login/input__username"), 30): NOT_RUN: waitForElementClickable(findTestObject("V2/TT-363/Page_Login/input__username"), 30)

2020-09-23 23:47:33 - [MESSAGE][NOT_RUN] - NOT_RUN: waitForElementClickable(findTestObject("V2/TT-363/Page_Login/input__username"), 30)

2020-09-23 23:47:33 - [TEST_STEP][NOT_RUN] - setText(findTestObject("V2/TT-363/Page_Login/input__username"), username): NOT_RUN: setText(findTestObject("V2/TT-363/Page_Login/input__username"), username)

2020-09-23 23:47:33 - [MESSAGE][NOT_RUN] - NOT_RUN: setText(findTestObject("V2/TT-363/Page_Login/input__username"), username)

2020-09-23 23:47:33 - [TEST_STEP][NOT_RUN] - setText(findTestObject("Object Repository/V2/TT-363/Page_Login/input__password"), password): NOT_RUN: setText(findTestObject("Object Repository/V2/TT-363/Page_Login/input__password"), password)

2020-09-23 23:47:33 - [MESSAGE][NOT_RUN] - NOT_RUN: setText(findTestObject("Object Repository/V2/TT-363/Page_Login/input__password"), password)

2020-09-23 23:47:33 - [TEST_STEP][NOT_RUN] - click(findTestObject("Object Repository/V2/TT-363/Page_Login/div_Login")): NOT_RUN: click(findTestObject("Object Repository/V2/TT-363/Page_Login/div_Login"))

2020-09-23 23:47:33 - [MESSAGE][NOT_RUN] - NOT_RUN: click(findTestObject("Object Repository/V2/TT-363/Page_Login/div_Login"))

2020-09-23 23:47:33 - [TEST_STEP][PASSED] - verifyElementPresent(findTestObject("V2/TT-363/Page_Dashboard/span_Meetings"), DefaultTimeout): Object 'Object Repository/V2/TT-363/Page_Dashboard/span_Meetings' is present

2020-09-23 23:47:33 - [MESSAGE][PASSED] - Object 'Object Repository/V2/TT-363/Page_Dashboard/span_Meetings' is present

2020-09-23 23:47:33 - [TEST_STEP][PASSED] - click(findTestObject("V2/TT-363/Page_Dashboard/span_Meetings")): Object: 'Object Repository/V2/TT-363/Page_Dashboard/span_Meetings' is clicked on

2020-09-23 23:47:33 - [MESSAGE][PASSED] - Object: 'Object Repository/V2/TT-363/Page_Dashboard/span_Meetings' is clicked on

2020-09-23 23:47:33 - [TEST_STEP][PASSED] - click(findTestObject("Object Repository/V2/TT-363/Page_Meeting/div_Create a meeting")): Object: 'Object Repository/V2/TT-363/Page_Meeting/div_Create a meeting' is clicked on

2020-09-23 23:47:33 - [MESSAGE][PASSED] - Object: 'Object Repository/V2/TT-363/Page_Meeting/div_Create a meeting' is clicked on

2020-09-23 23:47:33 - [TEST_STEP][PASSED] - click(findTestObject("Object Repository/V2/TT-363/Page_Meeting/button_Level 10")): Object: 'Object Repository/V2/TT-363/Page_Meeting/button_Level 10' is clicked on

2020-09-23 23:47:33 - [MESSAGE][PASSED] - Object: 'Object Repository/V2/TT-363/Page_Meeting/button_Level 10' is clicked on

2020-09-23 23:47:33 - [TEST_STEP][PASSED] - waitForElementVisible(findTestObject("Object Repository/V2/TT-363/Page_Meeting/input__name"), DefaultTimeout): Object 'Object Repository/V2/TT-363/Page_Meeting/input__name' is visible

2020-09-23 23:47:33 - [MESSAGE][PASSED] - Object 'Object Repository/V2/TT-363/Page_Meeting/input__name' is visible

2020-09-23 23:47:33 - [TEST_STEP][PASSED] - setText(findTestObject("Object Repository/V2/TT-363/Page_Meeting/input__name"), meetingNameE): Text 'SP Meeting Employee' is set on object 'Object Repository/V2/TT-363/Page_Meeting/input__name'

2020-09-23 23:47:34 - [MESSAGE][PASSED] - Text 'SP Meeting Employee' is set on object 'Object Repository/V2/TT-363/Page_Meeting/input__name'

2020-09-23 23:47:34 - [TEST_STEP][PASSED] - setText(findTestObject("Object Repository/V2/TT-363/Page_Meeting/input__acronym"), meetingAcronym): Text 'CSP' is set on object 'Object Repository/V2/TT-363/Page_Meeting/input__acronym'

2020-09-23 23:47:34 - [MESSAGE][PASSED] - Text 'CSP' is set on object 'Object Repository/V2/TT-363/Page_Meeting/input__acronym'

2020-09-23 23:47:34 - [TEST_STEP][PASSED] - setText(findTestObject("Object Repository/V2/TT-363/Page_Meeting/input_Meeting description (max 100 characte_8187fa"), meetingDescription): Text 'L10 Meeting' is set on object 'Object Repository/V2/TT-363/Page_Meeting/input_Meeting description (max 100 characte_8187fa'

2020-09-23 23:47:34 - [MESSAGE][PASSED] - Text 'L10 Meeting' is set on object 'Object Repository/V2/TT-363/Page_Meeting/input_Meeting description (max 100 characte_8187fa'

2020-09-23 23:47:34 - [TEST_STEP][PASSED] - click(findTestObject("Object Repository/V2/TT-363/Page_Meeting/input__typeOfMeeting")): Object: 'Object Repository/V2/TT-363/Page_Meeting/input__typeOfMeeting' is clicked on

2020-09-23 23:47:34 - [MESSAGE][PASSED] - Object: 'Object Repository/V2/TT-363/Page_Meeting/input__typeOfMeeting' is clicked on

2020-09-23 23:47:34 - [TEST_STEP][PASSED] - click(findTestObject("V2/TT-363/Page_Meeting/div_Leadership")): Object: 'Object Repository/V2/TT-363/Page_Meeting/div_Leadership' is clicked on

2020-09-23 23:47:34 - [MESSAGE][PASSED] - Object: 'Object Repository/V2/TT-363/Page_Meeting/div_Leadership' is clicked on

2020-09-23 23:47:34 - [TEST_STEP][PASSED] - click(findTestObject("Object Repository/V2/TT-363/Page_Meeting/div_Select a dayMondayTuesdayWednesdayThurs_fcb808")): Object: 'Object Repository/V2/TT-363/Page_Meeting/div_Select a dayMondayTuesdayWednesdayThurs_fcb808' is clicked on

2020-09-23 23:47:34 - [MESSAGE][PASSED] - Object: 'Object Repository/V2/TT-363/Page_Meeting/div_Select a dayMondayTuesdayWednesdayThurs_fcb808' is clicked on

2020-09-23 23:47:34 - [TEST_STEP][PASSED] - click(findTestObject("V2/TT-363/Page_Meeting/div_Monday")): Object: 'Object Repository/V2/TT-363/Page_Meeting/div_Monday' is clicked on

2020-09-23 23:47:34 - [MESSAGE][PASSED] - Object: 'Object Repository/V2/TT-363/Page_Meeting/div_Monday' is clicked on

2020-09-23 23:47:34 - [TEST_STEP][PASSED] - click(findTestObject("Object Repository/V2/TT-363/Page_Meeting/div_000")): Object: 'Object Repository/V2/TT-363/Page_Meeting/div_000' is clicked on

2020-09-23 23:47:34 - [MESSAGE][PASSED] - Object: 'Object Repository/V2/TT-363/Page_Meeting/div_000' is clicked on

2020-09-23 23:47:34 - [TEST_STEP][PASSED] - click(findTestObject("Object Repository/V2/TT-363/Page_Meeting/span_0800")): Object: 'Object Repository/V2/TT-363/Page_Meeting/span_0800' is clicked on

2020-09-23 23:47:35 - [MESSAGE][PASSED] - Object: 'Object Repository/V2/TT-363/Page_Meeting/span_0800' is clicked on

2020-09-23 23:47:35 - [TEST_STEP][PASSED] - setText(findTestObject("Object Repository/V2/TT-363/Page_Meeting/input_Video conference URL_meetingLink"), videoConference): Text 'https://yourvideoconference.com/sample' is set on object 'Object Repository/V2/TT-363/Page_Meeting/input_Video conference URL_meetingLink'

2020-09-23 23:47:35 - [MESSAGE][PASSED] - Text 'https://yourvideoconference.com/sample' is set on object 'Object Repository/V2/TT-363/Page_Meeting/input_Video conference URL_meetingLink'

2020-09-23 23:47:35 - [TEST_STEP][PASSED] - click(findTestObject("Object Repository/V2/TT-363/Page_Meeting/div_Create Meeting")): Object: 'Object Repository/V2/TT-363/Page_Meeting/div_Create Meeting' is clicked on

2020-09-23 23:47:35 - [MESSAGE][PASSED] - Object: 'Object Repository/V2/TT-363/Page_Meeting/div_Create Meeting' is clicked on

2020-09-23 23:47:35 - [TEST_STEP][PASSED] - waitForElementVisible(findTestObject("Object Repository/V2/TT-363/Page_Meeting/div_Ill do this later"), DefaultTimeout): Object 'Object Repository/V2/TT-363/Page_Meeting/div_Ill do this later' is visible

2020-09-23 23:47:42 - [MESSAGE][PASSED] - Object 'Object Repository/V2/TT-363/Page_Meeting/div_Ill do this later' is visible

2020-09-23 23:47:42 - [TEST_STEP][PASSED] - click(findTestObject("Object Repository/V2/TT-363/Page_Meeting/div_Ill do this later")): Object: 'Object Repository/V2/TT-363/Page_Meeting/div_Ill do this later' is clicked on

2020-09-23 23:47:42 - [MESSAGE][PASSED] - Object: 'Object Repository/V2/TT-363/Page_Meeting/div_Ill do this later' is clicked on

2020-09-23 23:47:42 - [TEST_STEP][PASSED] - createMeetingRecordObjEmployee = tt_CustomKeywords.CustomKeywords.CreateDynamicElement("//div[@class="container__col detailscontainer__block"]/h2/div[text()='%s']", meetingNameE, "xpath"): Successfully created new dynamic object: //div[@class="container__col detailscontainer__block"]/h2/div[text()='SP Meeting Employee']

2020-09-23 23:47:42 - [MESSAGE][PASSED] - Successfully created new dynamic object: //div[@class="container__col detailscontainer__block"]/h2/div[text()='SP Meeting Employee']

2020-09-23 23:47:42 - [TEST_STEP][PASSED] - verifyElementPresent(createMeetingRecordObjEmployee, DefaultTimeout): Object '' is present

2020-09-23 23:47:42 - [MESSAGE][PASSED] - Object '' is present

2020-09-23 23:47:42 - [TEST_STEP][PASSED] - delay(5): Delayed 5 second(s)

2020-09-23 23:47:47 - [MESSAGE][PASSED] - Delayed 5 second(s)

2020-09-23 23:47:47 - [TEST_STEP][PASSED] - waitForElementVisible(findTestObject("Object Repository/V2/TT-363/Page_Meeting/Edit_Meeting/Page_Meeting/button_Go to meeting_BtnIconNakedStyles-sc-_e4abf2"), DefaultTimeout): Object 'Object Repository/V2/TT-363/Page_Meeting/Edit_Meeting/Page_Meeting/button_Go to meeting_BtnIconNakedStyles-sc-_e4abf2' is visible

2020-09-23 23:47:47 - [MESSAGE][PASSED] - Object 'Object Repository/V2/TT-363/Page_Meeting/Edit_Meeting/Page_Meeting/button_Go to meeting_BtnIconNakedStyles-sc-_e4abf2' is visible

2020-09-23 23:47:47 - [TEST_STEP][PASSED] - click(findTestObject("Object Repository/V2/TT-363/Page_Meeting/Edit_Meeting/Page_Meeting/button_Go to meeting_BtnIconNakedStyles-sc-_e4abf2")): Object: 'Object Repository/V2/TT-363/Page_Meeting/Edit_Meeting/Page_Meeting/button_Go to meeting_BtnIconNakedStyles-sc-_e4abf2' is clicked on

2020-09-23 23:47:47 - [MESSAGE][PASSED] - Object: 'Object Repository/V2/TT-363/Page_Meeting/Edit_Meeting/Page_Meeting/button_Go to meeting_BtnIconNakedStyles-sc-_e4abf2' is clicked on

2020-09-23 23:47:47 - [TEST_STEP][PASSED] - click(findTestObject("Object Repository/V2/TT-363/Page_Meeting/Edit_Meeting/Page_Meeting/a_Edit meeting")): Object: 'Object Repository/V2/TT-363/Page_Meeting/Edit_Meeting/Page_Meeting/a_Edit meeting' is clicked on

2020-09-23 23:47:47 - [MESSAGE][PASSED] - Object: 'Object Repository/V2/TT-363/Page_Meeting/Edit_Meeting/Page_Meeting/a_Edit meeting' is clicked on

2020-09-23 23:47:47 - [TEST_STEP][PASSED] - waitForElementPresent(findTestObject("Object Repository/V2/TT-363/Page_Meeting/Edit_Meeting/Page_Edit Meeting/input__meeting title"), DefaultTimeout): Object 'Object Repository/V2/TT-363/Page_Meeting/Edit_Meeting/Page_Edit Meeting/input__meeting title' is present

2020-09-23 23:47:48 - [MESSAGE][PASSED] - Object 'Object Repository/V2/TT-363/Page_Meeting/Edit_Meeting/Page_Edit Meeting/input__meeting title' is present

2020-09-23 23:47:48 - [TEST_STEP][PASSED] - click(findTestObject("Object Repository/V2/TT-363/Page_Meeting/Edit_Meeting/Page_Edit Meeting/div_GeneralBasic informationVideo conferenc_ee1ae7")): Object: 'Object Repository/V2/TT-363/Page_Meeting/Edit_Meeting/Page_Edit Meeting/div_GeneralBasic informationVideo conferenc_ee1ae7' is clicked on

2020-09-23 23:47:48 - [MESSAGE][PASSED] - Object: 'Object Repository/V2/TT-363/Page_Meeting/Edit_Meeting/Page_Edit Meeting/div_GeneralBasic informationVideo conferenc_ee1ae7' is clicked on

2020-09-23 23:47:48 - [TEST_STEP][PASSED] - setText(findTestObject("Object Repository/V2/TT-363/Page_Meeting/Edit_Meeting/Page_Edit Meeting/input__meeting title"), meetingTitleE): Text 'Edit Meeting Employee' is set on object 'Object Repository/V2/TT-363/Page_Meeting/Edit_Meeting/Page_Edit Meeting/input__meeting title'

2020-09-23 23:47:49 - [MESSAGE][PASSED] - Text 'Edit Meeting Employee' is set on object 'Object Repository/V2/TT-363/Page_Meeting/Edit_Meeting/Page_Edit Meeting/input__meeting title'

2020-09-23 23:47:49 - [TEST_STEP][PASSED] - click(findTestObject("Object Repository/V2/TT-363/Page_Meeting/Edit_Meeting/Page_Edit Meeting/input__acronym")): Object: 'Object Repository/V2/TT-363/Page_Meeting/Edit_Meeting/Page_Edit Meeting/input__acronym' is clicked on

2020-09-23 23:47:49 - [MESSAGE][PASSED] - Object: 'Object Repository/V2/TT-363/Page_Meeting/Edit_Meeting/Page_Edit Meeting/input__acronym' is clicked on

2020-09-23 23:47:49 - [TEST_STEP][PASSED] - setText(findTestObject("Object Repository/V2/TT-363/Page_Meeting/Edit_Meeting/Page_Edit Meeting/input__acronym"), meetingAcronym): Text 'CSP' is set on object 'Object Repository/V2/TT-363/Page_Meeting/Edit_Meeting/Page_Edit Meeting/input__acronym'

2020-09-23 23:47:49 - [MESSAGE][PASSED] - Text 'CSP' is set on object 'Object Repository/V2/TT-363/Page_Meeting/Edit_Meeting/Page_Edit Meeting/input__acronym'

2020-09-23 23:47:49 - [TEST_STEP][PASSED] - click(findTestObject("Object Repository/V2/TT-363/Page_Meeting/Edit_Meeting/Page_Edit Meeting/input_Meeting description (max 100 characte_8187fa")): Object: 'Object Repository/V2/TT-363/Page_Meeting/Edit_Meeting/Page_Edit Meeting/input_Meeting description (max 100 characte_8187fa' is clicked on

2020-09-23 23:47:49 - [MESSAGE][PASSED] - Object: 'Object Repository/V2/TT-363/Page_Meeting/Edit_Meeting/Page_Edit Meeting/input_Meeting description (max 100 characte_8187fa' is clicked on

2020-09-23 23:47:49 - [TEST_STEP][PASSED] - click(findTestObject("Object Repository/V2/TT-363/Page_Meeting/Edit_Meeting/Page_Edit Meeting/div_Meeting name Acronym Meeting descriptio_78e662")): Object: 'Object Repository/V2/TT-363/Page_Meeting/Edit_Meeting/Page_Edit Meeting/div_Meeting name Acronym Meeting descriptio_78e662' is clicked on

2020-09-23 23:48:20 - [MESSAGE][INFO] - Unable to find the element located by 'By.xpath: //div[@id='root']/div/div[2]/div/div/div[2]/div[2]/div/div[3]'. Please recheck the objects properties to make sure the desired element is located. 

2020-09-23 23:48:20 - [MESSAGE][WARNING] - [SELF-HEALING] Failed to find element with id 'Object Repository/V2/TT-363/Page_Meeting/Edit_Meeting/Page_Edit Meeting/div_Meeting name Acronym Meeting descriptio_78e662'. Try using Self-healing.

2020-09-23 23:48:20 - [MESSAGE][WARNING] - [SELF-HEALING] The current locator of test object 'Object Repository/V2/TT-363/Page_Meeting/Edit_Meeting/Page_Edit Meeting/div_Meeting name Acronym Meeting descriptio_78e662' was broken. Propose an alternative one: '(.//*[normalize-space(text()) and normalize-space(.)='Basic information'])[2]/following::div[1]'.

2020-09-23 23:48:20 - [MESSAGE][PASSED] - Object: 'Object Repository/V2/TT-363/Page_Meeting/Edit_Meeting/Page_Edit Meeting/div_Meeting name Acronym Meeting descriptio_78e662' is clicked on

2020-09-23 23:48:20 - [TEST_STEP][PASSED] - setText(findTestObject("Object Repository/V2/TT-363/Page_Meeting/Edit_Meeting/Page_Edit Meeting/input_Meeting description (max 100 characte_8187fa"), meetingDescription): Text 'L10 Meeting' is set on object 'Object Repository/V2/TT-363/Page_Meeting/Edit_Meeting/Page_Edit Meeting/input_Meeting description (max 100 characte_8187fa'

2020-09-23 23:48:20 - [MESSAGE][PASSED] - Text 'L10 Meeting' is set on object 'Object Repository/V2/TT-363/Page_Meeting/Edit_Meeting/Page_Edit Meeting/input_Meeting description (max 100 characte_8187fa'

2020-09-23 23:48:20 - [TEST_STEP][PASSED] - click(findTestObject("Object Repository/V2/TT-363/Page_Meeting/Edit_Meeting/Page_Edit Meeting/i__IconStyles-sc-181ai5j-0 fspyWU icon-arro_0a3203")): Object: 'Object Repository/V2/TT-363/Page_Meeting/Edit_Meeting/Page_Edit Meeting/i__IconStyles-sc-181ai5j-0 fspyWU icon-arro_0a3203' is clicked on

2020-09-23 23:48:51 - [MESSAGE][INFO] - Unable to find the element located by 'By.xpath: //div[@id='root']/div/div[2]/div/div/div[2]/div[2]/div/div[3]/form/div[4]/div/div/button/i'. Please recheck the objects properties to make sure the desired element is located. 

2020-09-23 23:48:51 - [MESSAGE][WARNING] - [SELF-HEALING] Failed to find element with id 'Object Repository/V2/TT-363/Page_Meeting/Edit_Meeting/Page_Edit Meeting/i__IconStyles-sc-181ai5j-0 fspyWU icon-arro_0a3203'. Try using Self-healing.

2020-09-23 23:48:51 - [MESSAGE][WARNING] - [SELF-HEALING] The current locator of test object 'Object Repository/V2/TT-363/Page_Meeting/Edit_Meeting/Page_Edit Meeting/i__IconStyles-sc-181ai5j-0 fspyWU icon-arro_0a3203' was broken. Propose an alternative one: '//form/div[4]/div/div/button/i'.

2020-09-23 23:48:51 - [MESSAGE][PASSED] - Object: 'Object Repository/V2/TT-363/Page_Meeting/Edit_Meeting/Page_Edit Meeting/i__IconStyles-sc-181ai5j-0 fspyWU icon-arro_0a3203' is clicked on

2020-09-23 23:48:51 - [TEST_STEP][PASSED] - click(findTestObject("Object Repository/V2/TT-363/Page_Meeting/Edit_Meeting/Page_Edit Meeting/div_Departmental")): Object: 'Object Repository/V2/TT-363/Page_Meeting/Edit_Meeting/Page_Edit Meeting/div_Departmental' is clicked on

2020-09-23 23:49:23 - [MESSAGE][INFO] - Unable to find the element located by 'By.xpath: //div[@id='root']/div/div[2]/div/div/div[2]/div[2]/div/div[3]/form/div[4]/div/div/div/div[2]/div[2]'. Please recheck the objects properties to make sure the desired element is located. 

2020-09-23 23:49:23 - [MESSAGE][WARNING] - [SELF-HEALING] Failed to find element with id 'Object Repository/V2/TT-363/Page_Meeting/Edit_Meeting/Page_Edit Meeting/div_Departmental'. Try using Self-healing.

2020-09-23 23:49:23 - [MESSAGE][WARNING] - [SELF-HEALING] The current locator of test object 'Object Repository/V2/TT-363/Page_Meeting/Edit_Meeting/Page_Edit Meeting/div_Departmental' was broken. Propose an alternative one: '(.//*[normalize-space(text()) and normalize-space(.)='Leadership'])[2]/following::div[1]'.

2020-09-23 23:49:23 - [MESSAGE][PASSED] - Object: 'Object Repository/V2/TT-363/Page_Meeting/Edit_Meeting/Page_Edit Meeting/div_Departmental' is clicked on

2020-09-23 23:49:23 - [TEST_STEP][PASSED] - click(findTestObject("Object Repository/V2/TT-363/Page_Meeting/Edit_Meeting/Page_Edit Meeting/button___StyledButton-sc-9nsd91-0 hrKrVT")): Object: 'Object Repository/V2/TT-363/Page_Meeting/Edit_Meeting/Page_Edit Meeting/button___StyledButton-sc-9nsd91-0 hrKrVT' is clicked on

2020-09-23 23:49:23 - [MESSAGE][PASSED] - Object: 'Object Repository/V2/TT-363/Page_Meeting/Edit_Meeting/Page_Edit Meeting/button___StyledButton-sc-9nsd91-0 hrKrVT' is clicked on

2020-09-23 23:49:23 - [TEST_STEP][PASSED] - click(findTestObject("Object Repository/V2/TT-363/Page_Meeting/Edit_Meeting/Page_Edit Meeting/div_MondayMondayTuesdayWednesdayThursdayFri_d9280e")): Object: 'Object Repository/V2/TT-363/Page_Meeting/Edit_Meeting/Page_Edit Meeting/div_MondayMondayTuesdayWednesdayThursdayFri_d9280e' is clicked on

2020-09-23 23:49:23 - [MESSAGE][PASSED] - Object: 'Object Repository/V2/TT-363/Page_Meeting/Edit_Meeting/Page_Edit Meeting/div_MondayMondayTuesdayWednesdayThursdayFri_d9280e' is clicked on

2020-09-23 23:49:23 - [TEST_STEP][PASSED] - click(findTestObject("Object Repository/V2/TT-363/Page_Meeting/Edit_Meeting/Page_Edit Meeting/div_Tuesday")): Object: 'Object Repository/V2/TT-363/Page_Meeting/Edit_Meeting/Page_Edit Meeting/div_Tuesday' is clicked on

2020-09-23 23:49:54 - [MESSAGE][INFO] - Unable to find the element located by 'By.xpath: //div[@id='root']/div/div[2]/div/div/div[2]/div[2]/div/div[3]/form/div[6]/div/div/div/div[2]/div[2]'. Please recheck the objects properties to make sure the desired element is located. 

2020-09-23 23:49:54 - [MESSAGE][WARNING] - [SELF-HEALING] Failed to find element with id 'Object Repository/V2/TT-363/Page_Meeting/Edit_Meeting/Page_Edit Meeting/div_Tuesday'. Try using Self-healing.

2020-09-23 23:49:54 - [MESSAGE][WARNING] - [SELF-HEALING] The current locator of test object 'Object Repository/V2/TT-363/Page_Meeting/Edit_Meeting/Page_Edit Meeting/div_Tuesday' was broken. Propose an alternative one: '(.//*[normalize-space(text()) and normalize-space(.)='Monday'])[2]/following::div[1]'.

2020-09-23 23:49:54 - [MESSAGE][PASSED] - Object: 'Object Repository/V2/TT-363/Page_Meeting/Edit_Meeting/Page_Edit Meeting/div_Tuesday' is clicked on

2020-09-23 23:49:54 - [TEST_STEP][PASSED] - click(findTestObject("Object Repository/V2/TT-363/Page_Meeting/Edit_Meeting/Page_Edit Meeting/input_am_meeting-time")): Object: 'Object Repository/V2/TT-363/Page_Meeting/Edit_Meeting/Page_Edit Meeting/input_am_meeting-time' is clicked on

2020-09-23 23:49:54 - [MESSAGE][PASSED] - Object: 'Object Repository/V2/TT-363/Page_Meeting/Edit_Meeting/Page_Edit Meeting/input_am_meeting-time' is clicked on

2020-09-23 23:49:54 - [TEST_STEP][PASSED] - click(findTestObject("Object Repository/V2/TT-363/Page_Meeting/Edit_Meeting/Page_Edit Meeting/div_ampm700")): Object: 'Object Repository/V2/TT-363/Page_Meeting/Edit_Meeting/Page_Edit Meeting/div_ampm700' is clicked on

2020-09-23 23:50:25 - [MESSAGE][INFO] - Unable to find the element located by 'By.xpath: //div[@id='root']/div/div[2]/div/div/div[2]/div[2]/div/div[3]/form/div[7]/div/div/div/div[2]/div[8]'. Please recheck the objects properties to make sure the desired element is located. 

2020-09-23 23:50:25 - [MESSAGE][WARNING] - [SELF-HEALING] Failed to find element with id 'Object Repository/V2/TT-363/Page_Meeting/Edit_Meeting/Page_Edit Meeting/div_ampm700'. Try using Self-healing.

2020-09-23 23:50:25 - [MESSAGE][WARNING] - [SELF-HEALING] The current locator of test object 'Object Repository/V2/TT-363/Page_Meeting/Edit_Meeting/Page_Edit Meeting/div_ampm700' was broken. Propose an alternative one: '(.//*[normalize-space(text()) and normalize-space(.)='am/pm'])[7]/following::div[1]'.

2020-09-23 23:50:25 - [MESSAGE][PASSED] - Object: 'Object Repository/V2/TT-363/Page_Meeting/Edit_Meeting/Page_Edit Meeting/div_ampm700' is clicked on

2020-09-23 23:50:25 - [TEST_STEP][PASSED] - click(findTestObject("Object Repository/V2/TT-363/Page_Meeting/Edit_Meeting/Edit_Meeting2/Page_Edit Meeting/div_Save")): Object: 'Object Repository/V2/TT-363/Page_Meeting/Edit_Meeting/Edit_Meeting2/Page_Edit Meeting/div_Save' is clicked on

2020-09-23 23:50:25 - [MESSAGE][PASSED] - Object: 'Object Repository/V2/TT-363/Page_Meeting/Edit_Meeting/Edit_Meeting2/Page_Edit Meeting/div_Save' is clicked on

2020-09-23 23:50:25 - [TEST_STEP][PASSED] - delay(5): Delayed 5 second(s)

2020-09-23 23:50:30 - [MESSAGE][PASSED] - Delayed 5 second(s)

2020-09-23 23:50:30 - [TEST_STEP][PASSED] - click(findTestObject("Object Repository/V2/TT-363/Page_Meeting/Edit_Meeting/Page_Dashboard/span_Meetings")): Object: 'Object Repository/V2/TT-363/Page_Meeting/Edit_Meeting/Page_Dashboard/span_Meetings' is clicked on

2020-09-23 23:50:30 - [MESSAGE][PASSED] - Object: 'Object Repository/V2/TT-363/Page_Meeting/Edit_Meeting/Page_Dashboard/span_Meetings' is clicked on

2020-09-23 23:50:30 - [TEST_STEP][PASSED] - delay(5): Delayed 5 second(s)

2020-09-23 23:50:35 - [MESSAGE][PASSED] - Delayed 5 second(s)

2020-09-23 23:50:35 - [TEST_STEP][PASSED] - editMeetingRecordObjEmployee = tt_CustomKeywords.CustomKeywords.CreateDynamicElement("//div[@class="container__col detailscontainer__block"]/h2/div[text()='%s']", meetingTitleE, "xpath"): Successfully created new dynamic object: //div[@class="container__col detailscontainer__block"]/h2/div[text()='Edit Meeting Employee']

2020-09-23 23:50:35 - [MESSAGE][PASSED] - Successfully created new dynamic object: //div[@class="container__col detailscontainer__block"]/h2/div[text()='Edit Meeting Employee']

2020-09-23 23:50:35 - [TEST_STEP][PASSED] - verifyElementPresent(editMeetingRecordObjEmployee, DefaultTimeout): Object '' is present

2020-09-23 23:50:35 - [MESSAGE][PASSED] - Object '' is present

2020-09-23 23:50:35 - [MESSAGE][INFO] - 

2020-09-23 23:50:35 - [MESSAGE][INFO] - ===================== Self-healing Report ====================

2020-09-23 23:50:35 - [MESSAGE][INFO] - One of the failed test object locators has been recovered by Self-healing. Please refer to the Self-healing Insights tab for more details.

2020-09-23 23:50:35 - [MESSAGE][INFO] - To learn more about Self-healing, please read https://docs.katalon.com/katalon-studio/docs/self-healing.html

2020-09-23 23:50:35 - [MESSAGE][INFO] - ==============================================================

2020-09-23 23:50:35 - [MESSAGE][PASSED] - Call Test Case 'Test Cases/V2/Test Case/Tests/TT-363 - Meeting List/Positive/Employee/TT_363_25_EditMeetingBI_Employee' successfully

2020-09-23 23:50:35 - [TEST_STEP][PASSED] - waitForElementVisible(findTestObject("Object Repository/V2/TT-363/Page_Meeting/Edit_Meeting/Page_Meeting/button_Go to meeting_BtnIconNakedStyles-sc-_e4abf2"), DefaultTimeout): Object 'Object Repository/V2/TT-363/Page_Meeting/Edit_Meeting/Page_Meeting/button_Go to meeting_BtnIconNakedStyles-sc-_e4abf2' is visible

2020-09-23 23:50:35 - [MESSAGE][PASSED] - Object 'Object Repository/V2/TT-363/Page_Meeting/Edit_Meeting/Page_Meeting/button_Go to meeting_BtnIconNakedStyles-sc-_e4abf2' is visible

2020-09-23 23:50:35 - [TEST_STEP][PASSED] - click(findTestObject("Object Repository/V2/TT-363/Page_Meeting/Edit_Meeting/Page_Meeting/button_Go to meeting_BtnIconNakedStyles-sc-_e4abf2")): Object: 'Object Repository/V2/TT-363/Page_Meeting/Edit_Meeting/Page_Meeting/button_Go to meeting_BtnIconNakedStyles-sc-_e4abf2' is clicked on

2020-09-23 23:50:35 - [MESSAGE][PASSED] - Object: 'Object Repository/V2/TT-363/Page_Meeting/Edit_Meeting/Page_Meeting/button_Go to meeting_BtnIconNakedStyles-sc-_e4abf2' is clicked on

2020-09-23 23:50:35 - [TEST_STEP][PASSED] - click(findTestObject("Object Repository/V2/TT-363/Page_Meeting/Edit_Meeting/Page_Meeting/a_Edit meeting")): Object: 'Object Repository/V2/TT-363/Page_Meeting/Edit_Meeting/Page_Meeting/a_Edit meeting' is clicked on

2020-09-23 23:50:36 - [MESSAGE][PASSED] - Object: 'Object Repository/V2/TT-363/Page_Meeting/Edit_Meeting/Page_Meeting/a_Edit meeting' is clicked on

2020-09-23 23:50:36 - [TEST_STEP][PASSED] - waitForElementPresent(findTestObject("Object Repository/V2/TT-363/Page_Meeting/Edit_Meeting/Page_Edit Meeting/input__meeting title"), DefaultTimeout): Object 'Object Repository/V2/TT-363/Page_Meeting/Edit_Meeting/Page_Edit Meeting/input__meeting title' is present

2020-09-23 23:50:36 - [MESSAGE][PASSED] - Object 'Object Repository/V2/TT-363/Page_Meeting/Edit_Meeting/Page_Edit Meeting/input__meeting title' is present

2020-09-23 23:50:36 - [TEST_STEP][PASSED] - clearText(findTestObject("Object Repository/V2/TT-363/Page_Meeting/Edit_Meeting/Edit_Meeting2/Page_Edit Meeting/input_Video conference URL_meetingLink"), STOP_ON_FAILURE): Text of object 'Object Repository/V2/TT-363/Page_Meeting/Edit_Meeting/Edit_Meeting2/Page_Edit Meeting/input_Video conference URL_meetingLink' is cleared

2020-09-23 23:50:36 - [MESSAGE][PASSED] - Text of object 'Object Repository/V2/TT-363/Page_Meeting/Edit_Meeting/Edit_Meeting2/Page_Edit Meeting/input_Video conference URL_meetingLink' is cleared

2020-09-23 23:50:36 - [TEST_STEP][PASSED] - setText(findTestObject("Object Repository/V2/TT-363/Page_Meeting/Edit_Meeting/Edit_Meeting2/Page_Edit Meeting/input_Video conference URL_meetingLink"), videoConference): Text 'https://yourvideoconference.com/sample' is set on object 'Object Repository/V2/TT-363/Page_Meeting/Edit_Meeting/Edit_Meeting2/Page_Edit Meeting/input_Video conference URL_meetingLink'

2020-09-23 23:50:36 - [MESSAGE][PASSED] - Text 'https://yourvideoconference.com/sample' is set on object 'Object Repository/V2/TT-363/Page_Meeting/Edit_Meeting/Edit_Meeting2/Page_Edit Meeting/input_Video conference URL_meetingLink'

2020-09-23 23:50:36 - [TEST_STEP][PASSED] - click(findTestObject("V2/TT-363/Page_Meeting/Edit_Meeting/Page_Edit Meeting/div_Save2")): Object: 'Object Repository/V2/TT-363/Page_Meeting/Edit_Meeting/Page_Edit Meeting/div_Save2' is clicked on

2020-09-23 23:51:07 - [MESSAGE][INFO] - Unable to find the element located by 'By.xpath: //*[@id="root"]/div/div[2]/div/div/div[2]/div[2]/div[2]/div[3]/form/div[3]/button[2]/div'. Please recheck the objects properties to make sure the desired element is located. 

2020-09-23 23:51:07 - [MESSAGE][WARNING] - [SELF-HEALING] Failed to find element with id 'Object Repository/V2/TT-363/Page_Meeting/Edit_Meeting/Page_Edit Meeting/div_Save2'. Try using Self-healing.

2020-09-23 23:51:07 - [MESSAGE][WARNING] - [SELF-HEALING] The current locator of test object 'Object Repository/V2/TT-363/Page_Meeting/Edit_Meeting/Page_Edit Meeting/div_Save2' was broken. Propose an alternative one: '(.//*[normalize-space(text()) and normalize-space(.)='Cancel'])[1]/following::div[1]'.

2020-09-23 23:51:07 - [MESSAGE][PASSED] - Object: 'Object Repository/V2/TT-363/Page_Meeting/Edit_Meeting/Page_Edit Meeting/div_Save2' is clicked on

2020-09-23 23:51:07 - [TEST_STEP][PASSED] - delay(10): Delayed 10 second(s)

2020-09-23 23:51:17 - [MESSAGE][PASSED] - Delayed 10 second(s)

2020-09-23 23:51:17 - [TEST_STEP][PASSED] - verifyElementPresent(findTestObject("V2/TT-363/Page_Dashboard/span_Meetings"), DefaultTimeout): Object 'Object Repository/V2/TT-363/Page_Dashboard/span_Meetings' is present

2020-09-23 23:51:17 - [MESSAGE][PASSED] - Object 'Object Repository/V2/TT-363/Page_Dashboard/span_Meetings' is present

2020-09-23 23:51:17 - [TEST_STEP][PASSED] - click(findTestObject("V2/TT-363/Page_Dashboard/span_Meetings")): Object: 'Object Repository/V2/TT-363/Page_Dashboard/span_Meetings' is clicked on

2020-09-23 23:51:17 - [MESSAGE][PASSED] - Object: 'Object Repository/V2/TT-363/Page_Dashboard/span_Meetings' is clicked on

2020-09-23 23:51:17 - [TEST_STEP][PASSED] - changeWebDriver(driver1): null

2020-09-23 23:51:17 - [TEST_STEP][PASSED] - editMeetingRecordObjAdmin = tt_CustomKeywords.CustomKeywords.CreateDynamicElement("//div[@class="container__col detailscontainer__block"]/h2/div[text()='%s']", meetingTitle, "xpath"): Successfully created new dynamic object: //div[@class="container__col detailscontainer__block"]/h2/div[text()='Edit Meeting Admin']

2020-09-23 23:51:17 - [MESSAGE][PASSED] - Successfully created new dynamic object: //div[@class="container__col detailscontainer__block"]/h2/div[text()='Edit Meeting Admin']

2020-09-23 23:51:17 - [TEST_STEP][PASSED] - verifyElementPresent(editMeetingRecordObjAdmin, DefaultTimeout): Object '' is present

2020-09-23 23:51:17 - [MESSAGE][PASSED] - Object '' is present

2020-09-23 23:51:17 - [TEST_STEP][PASSED] - editMeetingRecordObjSupervisor = tt_CustomKeywords.CustomKeywords.CreateDynamicElement("//div[@class="container__col detailscontainer__block"]/h2/div[text()='%s']", meetingTitleS, "xpath"): Successfully created new dynamic object: //div[@class="container__col detailscontainer__block"]/h2/div[text()='Edit Meeting Supervisor']

2020-09-23 23:51:17 - [MESSAGE][PASSED] - Successfully created new dynamic object: //div[@class="container__col detailscontainer__block"]/h2/div[text()='Edit Meeting Supervisor']

2020-09-23 23:51:17 - [TEST_STEP][PASSED] - verifyElementPresent(editMeetingRecordObjSupervisor, DefaultTimeout): Object '' is present

2020-09-23 23:51:17 - [MESSAGE][PASSED] - Object '' is present

2020-09-23 23:51:17 - [TEST_STEP][PASSED] - editMeetingRecordObjEmployee = tt_CustomKeywords.CustomKeywords.CreateDynamicElement("//div[@class="container__col detailscontainer__block"]/h2/div[text()='%s']", meetingTitleE, "xpath"): Successfully created new dynamic object: //div[@class="container__col detailscontainer__block"]/h2/div[text()='Edit Meeting Employee']

2020-09-23 23:51:17 - [MESSAGE][PASSED] - Successfully created new dynamic object: //div[@class="container__col detailscontainer__block"]/h2/div[text()='Edit Meeting Employee']

2020-09-23 23:51:17 - [TEST_STEP][PASSED] - verifyElementPresent(editMeetingRecordObjEmployee, DefaultTimeout): Object '' is present

2020-09-23 23:51:17 - [MESSAGE][PASSED] - Object '' is present

2020-09-23 23:51:17 - [TEST_STEP][PASSED] - tt_CustomKeywords.CustomKeywords.CloseWebDriver(driver3): tt_CustomKeywords.CustomKeywords.CloseWebDriver is PASSED

2020-09-23 23:51:22 - [MESSAGE][PASSED] - tt_CustomKeywords.CustomKeywords.CloseWebDriver is PASSED

2020-09-23 23:51:22 - [TEST_STEP][PASSED] - tt_CustomKeywords.CustomKeywords.CloseWebDriver(driver2): tt_CustomKeywords.CustomKeywords.CloseWebDriver is PASSED

2020-09-23 23:51:27 - [MESSAGE][PASSED] - tt_CustomKeywords.CustomKeywords.CloseWebDriver is PASSED

2020-09-23 23:51:27 - [TEST_STEP][PASSED] - tt_CustomKeywords.CustomKeywords.CloseWebDriver(driver1): tt_CustomKeywords.CustomKeywords.CloseWebDriver is PASSED

2020-09-23 23:51:32 - [MESSAGE][PASSED] - tt_CustomKeywords.CustomKeywords.CloseWebDriver is PASSED]]></system-out>
         <system-err><![CDATA[]]></system-err>
      </testcase>
      <testcase name="Test Cases/V2/Test Case/Tests/TT-363 - Meeting List/Positive/TT_363_5_AddRole_AllTestCase" time="202.627" classname="Test Cases/V2/Test Case/Tests/TT-363 - Meeting List/Positive/TT_363_5_AddRole_AllTestCase" status="FAILED">
         <failure type="FAILED" message="Test Cases/V2/Test Case/Tests/TT-363 - Meeting List/Positive/TT_363_5_AddRole_AllTestCase FAILED.
Reason:
com.kms.katalon.core.exception.StepFailedException: Call Test Case 'Test Cases/V2/Test Case/Tests/TT-363 - Meeting List/Positive/Admin/TT_363_1-1_CreateL10MeetingforMonday_Admin' failed
	at com.kms.katalon.core.keyword.builtin.CallTestCaseKeyword$_callTestCase_closure1.doCall(CallTestCaseKeyword.groovy:63)
	at com.kms.katalon.core.keyword.builtin.CallTestCaseKeyword$_callTestCase_closure1.call(CallTestCaseKeyword.groovy)
	at com.kms.katalon.core.keyword.internal.KeywordMain.runKeyword(KeywordMain.groovy:68)
	at com.kms.katalon.core.keyword.builtin.CallTestCaseKeyword.callTestCase(CallTestCaseKeyword.groovy:81)
	at com.kms.katalon.core.keyword.builtin.CallTestCaseKeyword.execute(CallTestCaseKeyword.groovy:44)
	at com.kms.katalon.core.keyword.internal.KeywordExecutor.executeKeywordForPlatform(KeywordExecutor.groovy:73)
	at com.kms.katalon.core.keyword.BuiltinKeywords.callTestCase(BuiltinKeywords.groovy:334)
	at TT_363_5_AddRole_AllTestCase.run(TT_363_5_AddRole_AllTestCase:71)
	at com.kms.katalon.core.main.ScriptEngine.run(ScriptEngine.java:194)
	at com.kms.katalon.core.main.ScriptEngine.runScriptAsRawText(ScriptEngine.java:119)
	at com.kms.katalon.core.main.TestCaseExecutor.runScript(TestCaseExecutor.java:339)
	at com.kms.katalon.core.main.TestCaseExecutor.doExecute(TestCaseExecutor.java:330)
	at com.kms.katalon.core.main.TestCaseExecutor.processExecutionPhase(TestCaseExecutor.java:309)
	at com.kms.katalon.core.main.TestCaseExecutor.accessMainPhase(TestCaseExecutor.java:301)
	at com.kms.katalon.core.main.TestCaseExecutor.execute(TestCaseExecutor.java:235)
	at com.kms.katalon.core.main.TestSuiteExecutor.accessTestCaseMainPhase(TestSuiteExecutor.java:191)
	at com.kms.katalon.core.main.TestSuiteExecutor.accessTestSuiteMainPhase(TestSuiteExecutor.java:141)
	at com.kms.katalon.core.main.TestSuiteExecutor.execute(TestSuiteExecutor.java:90)
	at com.kms.katalon.core.main.TestCaseMain.startTestSuite(TestCaseMain.java:157)
	at com.kms.katalon.core.main.TestCaseMain$startTestSuite$0.call(Unknown Source)
	at TempTestSuite1600874509971.run(TempTestSuite1600874509971.groovy:39)
Caused by: com.kms.katalon.core.exception.StepFailedException: Unable to click on object 'Object Repository/V2/TT-363/Page_Meeting/div_Ill do this later'
	at com.kms.katalon.core.webui.keyword.internal.WebUIKeywordMain.stepFailed(WebUIKeywordMain.groovy:64)
	at com.kms.katalon.core.webui.keyword.internal.WebUIKeywordMain.runKeyword(WebUIKeywordMain.groovy:26)
	at com.kms.katalon.core.webui.keyword.builtin.ClickKeyword.click(ClickKeyword.groovy:76)
	at com.kms.katalon.core.webui.keyword.builtin.ClickKeyword.execute(ClickKeyword.groovy:43)
	at com.kms.katalon.core.keyword.internal.KeywordExecutor.executeKeywordForPlatform(KeywordExecutor.groovy:73)
	at com.kms.katalon.core.webui.keyword.WebUiBuiltInKeywords.click(WebUiBuiltInKeywords.groovy:616)
	at com.kms.katalon.core.webui.keyword.WebUiBuiltInKeywords$click$5.call(Unknown Source)
	at TT_363_1-1_CreateL10MeetingforMonday_Admin.run(TT_363_1-1_CreateL10MeetingforMonday_Admin:55)
	at com.kms.katalon.core.main.ScriptEngine.run(ScriptEngine.java:194)
	at com.kms.katalon.core.main.ScriptEngine.runScriptAsRawText(ScriptEngine.java:119)
	at com.kms.katalon.core.main.TestCaseExecutor.runScript(TestCaseExecutor.java:339)
	at com.kms.katalon.core.main.TestCaseExecutor.doExecute(TestCaseExecutor.java:330)
	at com.kms.katalon.core.main.TestCaseExecutor.processExecutionPhase(TestCaseExecutor.java:309)
	at com.kms.katalon.core.main.TestCaseExecutor.accessMainPhase(TestCaseExecutor.java:301)
	at com.kms.katalon.core.main.TestCaseExecutor.execute(TestCaseExecutor.java:235)
	at com.kms.katalon.core.main.TestCaseMain.runTestCase(TestCaseMain.java:114)
	at com.kms.katalon.core.keyword.builtin.CallTestCaseKeyword$_callTestCase_closure1.doCall(CallTestCaseKeyword.groovy:59)
	... 20 more
Caused by: com.kms.katalon.core.webui.exception.WebElementNotFoundException: Web element with id: 'Object Repository/V2/TT-363/Page_Meeting/div_Ill do this later' located by '//div[@id='CREATE_MEETING_SUCCESS_MODAL']/div[2]/div[3]/button[2]/div/div' not found
	at com.kms.katalon.core.webui.common.WebUiCommonHelper.findWebElement(WebUiCommonHelper.java:1368)
	at com.kms.katalon.core.webui.keyword.internal.WebUIAbstractKeyword.findWebElement(WebUIAbstractKeyword.groovy:27)
	at com.kms.katalon.core.webui.keyword.internal.WebUIAbstractKeyword.findWebElement(WebUIAbstractKeyword.groovy:26)
	at com.kms.katalon.core.webui.keyword.builtin.ClickKeyword$_click_closure1.doCall(ClickKeyword.groovy:67)
	at com.kms.katalon.core.webui.keyword.builtin.ClickKeyword$_click_closure1.call(ClickKeyword.groovy)
	at com.kms.katalon.core.webui.keyword.internal.WebUIKeywordMain.runKeyword(WebUIKeywordMain.groovy:20)
	... 35 more
"/>
         <system-out><![CDATA[2020-09-23 23:51:32 - [TEST_CASE][FAILED] - Test Cases/V2/Test Case/Tests/TT-363 - Meeting List/Positive/TT_363_5_AddRole_AllTestCase: Test Cases/V2/Test Case/Tests/TT-363 - Meeting List/Positive/TT_363_5_AddRole_AllTestCase FAILED.
Reason:
com.kms.katalon.core.exception.StepFailedException: Call Test Case 'Test Cases/V2/Test Case/Tests/TT-363 - Meeting List/Positive/Admin/TT_363_1-1_CreateL10MeetingforMonday_Admin' failed
	at com.kms.katalon.core.keyword.builtin.CallTestCaseKeyword$_callTestCase_closure1.doCall(CallTestCaseKeyword.groovy:63)
	at com.kms.katalon.core.keyword.builtin.CallTestCaseKeyword$_callTestCase_closure1.call(CallTestCaseKeyword.groovy)
	at com.kms.katalon.core.keyword.internal.KeywordMain.runKeyword(KeywordMain.groovy:68)
	at com.kms.katalon.core.keyword.builtin.CallTestCaseKeyword.callTestCase(CallTestCaseKeyword.groovy:81)
	at com.kms.katalon.core.keyword.builtin.CallTestCaseKeyword.execute(CallTestCaseKeyword.groovy:44)
	at com.kms.katalon.core.keyword.internal.KeywordExecutor.executeKeywordForPlatform(KeywordExecutor.groovy:73)
	at com.kms.katalon.core.keyword.BuiltinKeywords.callTestCase(BuiltinKeywords.groovy:334)
	at TT_363_5_AddRole_AllTestCase.run(TT_363_5_AddRole_AllTestCase:71)
	at com.kms.katalon.core.main.ScriptEngine.run(ScriptEngine.java:194)
	at com.kms.katalon.core.main.ScriptEngine.runScriptAsRawText(ScriptEngine.java:119)
	at com.kms.katalon.core.main.TestCaseExecutor.runScript(TestCaseExecutor.java:339)
	at com.kms.katalon.core.main.TestCaseExecutor.doExecute(TestCaseExecutor.java:330)
	at com.kms.katalon.core.main.TestCaseExecutor.processExecutionPhase(TestCaseExecutor.java:309)
	at com.kms.katalon.core.main.TestCaseExecutor.accessMainPhase(TestCaseExecutor.java:301)
	at com.kms.katalon.core.main.TestCaseExecutor.execute(TestCaseExecutor.java:235)
	at com.kms.katalon.core.main.TestSuiteExecutor.accessTestCaseMainPhase(TestSuiteExecutor.java:191)
	at com.kms.katalon.core.main.TestSuiteExecutor.accessTestSuiteMainPhase(TestSuiteExecutor.java:141)
	at com.kms.katalon.core.main.TestSuiteExecutor.execute(TestSuiteExecutor.java:90)
	at com.kms.katalon.core.main.TestCaseMain.startTestSuite(TestCaseMain.java:157)
	at com.kms.katalon.core.main.TestCaseMain$startTestSuite$0.call(Unknown Source)
	at TempTestSuite1600874509971.run(TempTestSuite1600874509971.groovy:39)
Caused by: com.kms.katalon.core.exception.StepFailedException: Unable to click on object 'Object Repository/V2/TT-363/Page_Meeting/div_Ill do this later'
	at com.kms.katalon.core.webui.keyword.internal.WebUIKeywordMain.stepFailed(WebUIKeywordMain.groovy:64)
	at com.kms.katalon.core.webui.keyword.internal.WebUIKeywordMain.runKeyword(WebUIKeywordMain.groovy:26)
	at com.kms.katalon.core.webui.keyword.builtin.ClickKeyword.click(ClickKeyword.groovy:76)
	at com.kms.katalon.core.webui.keyword.builtin.ClickKeyword.execute(ClickKeyword.groovy:43)
	at com.kms.katalon.core.keyword.internal.KeywordExecutor.executeKeywordForPlatform(KeywordExecutor.groovy:73)
	at com.kms.katalon.core.webui.keyword.WebUiBuiltInKeywords.click(WebUiBuiltInKeywords.groovy:616)
	at com.kms.katalon.core.webui.keyword.WebUiBuiltInKeywords$click$5.call(Unknown Source)
	at TT_363_1-1_CreateL10MeetingforMonday_Admin.run(TT_363_1-1_CreateL10MeetingforMonday_Admin:55)
	at com.kms.katalon.core.main.ScriptEngine.run(ScriptEngine.java:194)
	at com.kms.katalon.core.main.ScriptEngine.runScriptAsRawText(ScriptEngine.java:119)
	at com.kms.katalon.core.main.TestCaseExecutor.runScript(TestCaseExecutor.java:339)
	at com.kms.katalon.core.main.TestCaseExecutor.doExecute(TestCaseExecutor.java:330)
	at com.kms.katalon.core.main.TestCaseExecutor.processExecutionPhase(TestCaseExecutor.java:309)
	at com.kms.katalon.core.main.TestCaseExecutor.accessMainPhase(TestCaseExecutor.java:301)
	at com.kms.katalon.core.main.TestCaseExecutor.execute(TestCaseExecutor.java:235)
	at com.kms.katalon.core.main.TestCaseMain.runTestCase(TestCaseMain.java:114)
	at com.kms.katalon.core.keyword.builtin.CallTestCaseKeyword$_callTestCase_closure1.doCall(CallTestCaseKeyword.groovy:59)
	... 20 more
Caused by: com.kms.katalon.core.webui.exception.WebElementNotFoundException: Web element with id: 'Object Repository/V2/TT-363/Page_Meeting/div_Ill do this later' located by '//div[@id='CREATE_MEETING_SUCCESS_MODAL']/div[2]/div[3]/button[2]/div/div' not found
	at com.kms.katalon.core.webui.common.WebUiCommonHelper.findWebElement(WebUiCommonHelper.java:1368)
	at com.kms.katalon.core.webui.keyword.internal.WebUIAbstractKeyword.findWebElement(WebUIAbstractKeyword.groovy:27)
	at com.kms.katalon.core.webui.keyword.internal.WebUIAbstractKeyword.findWebElement(WebUIAbstractKeyword.groovy:26)
	at com.kms.katalon.core.webui.keyword.builtin.ClickKeyword$_click_closure1.doCall(ClickKeyword.groovy:67)
	at com.kms.katalon.core.webui.keyword.builtin.ClickKeyword$_click_closure1.call(ClickKeyword.groovy)
	at com.kms.katalon.core.webui.keyword.internal.WebUIKeywordMain.runKeyword(WebUIKeywordMain.groovy:20)
	... 35 more


2020-09-23 23:51:32 - [TEST_STEP][PASSED] - callTestCase(findTestCase("V2/Test Case/Pre-conditions/PRE_RegisterAndActivateTTUsers"), ["admin_fname":admin_fname, "lastname":lastname, "phonenumber":"9999999999", "company":"Traction Tools", "password":password, ... ], STOP_ON_FAILURE): Call Test Case 'Test Cases/V2/Test Case/Pre-conditions/PRE_RegisterAndActivateTTUsers' successfully

2020-09-23 23:51:33 - [TEST_CASE][PASSED] - Test Cases/V2/Test Case/Pre-conditions/PRE_RegisterAndActivateTTUsers: Test Cases/V2/Test Case/Pre-conditions/PRE_RegisterAndActivateTTUsers

2020-09-23 23:51:33 - [TEST_STEP][PASSED] - email = tt_CustomKeywords.CustomKeywords.GenerateRandomEmailAddress(admin_email_prefix, admin_email_domain, randomTextLength): Successfully generated a random email: tractiontools.user001+ta5aq7hu@gmail.com

2020-09-23 23:51:33 - [MESSAGE][PASSED] - Successfully generated a random email: tractiontools.user001+ta5aq7hu@gmail.com

2020-09-23 23:51:33 - [TEST_STEP][PASSED] - supervisor_email = tt_CustomKeywords.CustomKeywords.GenerateRandomEmailAddress(supervisor_email_prefix, supervisor_email_domain, randomTextLength): Successfully generated a random email: tractiontools.user001+ts5r65z9@gmail.com

2020-09-23 23:51:33 - [MESSAGE][PASSED] - Successfully generated a random email: tractiontools.user001+ts5r65z9@gmail.com

2020-09-23 23:51:33 - [TEST_STEP][PASSED] - employee_email = tt_CustomKeywords.CustomKeywords.GenerateRandomEmailAddress(employee_email_prefix, employee_email_domain, randomTextLength): Successfully generated a random email: tractiontools.user001+te5xbrke@gmail.com

2020-09-23 23:51:33 - [MESSAGE][PASSED] - Successfully generated a random email: tractiontools.user001+te5xbrke@gmail.com

2020-09-23 23:51:33 - [TEST_STEP][PASSED] - adminDetails = tt_CustomKeywords.CustomKeywords.RegisterUserViaAPIAndGenerateActivateURL(email, admin_fname, lastname, phonenumber, company, "__JSON__{\"howDidYouHearAboutUs\":\"Facebook\",\"implementer\":\"\",\"existingTractionToolsClient\":\"\",\"other\":\"\"}", "__JSON__{\"timeZone\":\"America/Guatemala\",\"brandColor\":\"#023047\",\"q1Start\":null,\"q1End\":null,\"q2Start\":null,\"q2End\":null,\"q3Start\":null,\"q3End\":null,\"q4Start\":null,\"q4End\":null,\"quarterDatesSetsRocks\":false,\"exportUsers\":false,\"exportRocks\":false,\"exportRocksIncludesMilestones\":false,\"exportScorecards\":false,\"exportTodos\":false,\"exportTodosIncludesNotes\":false,\"exportPeopleHeadlines\":false,\"exportPeopleHeadlinesIncludesNotes\":false,\"exportIssues\":false,\"exportIssuesIncludesNotes\":false,\"exportContextAwareTodos\":false,\"dateFormat\":\"MM/DD/YYYY\",\"timeFormat\":\"h:mma\",\"numberFormat\":\"-1,000.99\",\"supervisorsArchiveRestoreUsers\":false,\"supervisorsEditPositions\":false,\"milestonesAvailableToAll\":false,\"customMeetingTemplatesEnabled\":false,\"receiveTodoReminders\":false,\"todoReminderTime\":\"13:00\",\"todoReminderTimeZone\":\"America/Guatemala\",\"todoReminderFrequency\":\"DAILY\",\"vtoMeetingId\":\"\",\"vtoDisplayMode\":\"ALL\",\"coreValues\":[{\"id\":\"1\",\"text\":\"\"},{\"id\":\"2\",\"text\":\"\"},{\"id\":\"3\",\"text\":\"\"}]}", password, V2Url): SUCCESFFULLY registered a new user via API. 
 Generated Activation Link: 
http://local.traction.tools:5000/activate?activationKey=e5389dae-d00d-4fa6-9b78-6b3e921bfb78&userId=1aba5dd4-d639-ec5d-15f0-9abb85b891c8&orgId=2aba5dd4-d43e-d7eb-16b8-51a6c68a417d&email=tractiontools.user001+ta5aq7hu@gmail.com&teamsId=1aba5dd4-d49f-b8f9-bc9d-b3e88fa89265&meetingsId=ecba5dd4-d47f-57f2-ea58-17c089cec5b8&adminsId=66ba5dd4-d6de-271e-d5ce-09f326e3d61e&usersId=e4ba5dd4-d4c0-a511-7d38-a2c5755387e4&supervisorsId=a8ba5dd4-d469-cc8a-8e79-321e23b4f465&accountabilityChartId=3eba5dd4-d4e3-d823-41a7-558f852ef520&isCreator=1

2020-09-23 23:51:35 - [MESSAGE][PASSED] - SUCCESFFULLY registered a new user via API. 
 Generated Activation Link: 
http://local.traction.tools:5000/activate?activationKey=e5389dae-d00d-4fa6-9b78-6b3e921bfb78&userId=1aba5dd4-d639-ec5d-15f0-9abb85b891c8&orgId=2aba5dd4-d43e-d7eb-16b8-51a6c68a417d&email=tractiontools.user001+ta5aq7hu@gmail.com&teamsId=1aba5dd4-d49f-b8f9-bc9d-b3e88fa89265&meetingsId=ecba5dd4-d47f-57f2-ea58-17c089cec5b8&adminsId=66ba5dd4-d6de-271e-d5ce-09f326e3d61e&usersId=e4ba5dd4-d4c0-a511-7d38-a2c5755387e4&supervisorsId=a8ba5dd4-d469-cc8a-8e79-321e23b4f465&accountabilityChartId=3eba5dd4-d4e3-d823-41a7-558f852ef520&isCreator=1

2020-09-23 23:51:35 - [TEST_STEP][PASSED] - activationURL = adminDetails[0]: null

2020-09-23 23:51:35 - [TEST_STEP][PASSED] - orgID = adminDetails[1]: null

2020-09-23 23:51:35 - [TEST_STEP][PASSED] - out.println("URL: " + activationURL): null

2020-09-23 23:51:35 - [TEST_STEP][PASSED] - out.println("orgID: " + orgID): null

2020-09-23 23:51:35 - [TEST_STEP][PASSED] - supervisorUser_name = supervisor_fname + " " + lastname: null

2020-09-23 23:51:35 - [TEST_STEP][PASSED] - openBrowser(""): Browser is opened with url: ''

2020-09-23 23:51:35 - [MESSAGE][INFO] - Starting 'Chrome' driver

2020-09-23 23:51:35 - [MESSAGE][INFO] - Action delay is set to 0 milliseconds

2020-09-23 23:51:38 - [MESSAGE][PASSED] - Browser is opened with url: ''

2020-09-23 23:51:38 - [TEST_STEP][PASSED] - maximizeWindow(): Current window maximized

2020-09-23 23:51:40 - [MESSAGE][PASSED] - Current window maximized

2020-09-23 23:51:40 - [TEST_STEP][PASSED] - callTestCase(findTestCase("V2/Test Case/Pre-conditions/PRE_ActivateNewUser"), ["activationURL":activationURL, "email":email, "password":password], STOP_ON_FAILURE): Call Test Case 'Test Cases/V2/Test Case/Pre-conditions/PRE_ActivateNewUser' successfully

2020-09-23 23:51:40 - [TEST_CASE][PASSED] - Test Cases/V2/Test Case/Pre-conditions/PRE_ActivateNewUser: Test Cases/V2/Test Case/Pre-conditions/PRE_ActivateNewUser

2020-09-23 23:51:40 - [TEST_STEP][PASSED] - navigateToUrl(activationURL): Navigate to 'http://local.traction.tools:5000/activate?activationKey=e5389dae-d00d-4fa6-9b78-6b3e921bfb78&userId=1aba5dd4-d639-ec5d-15f0-9abb85b891c8&orgId=2aba5dd4-d43e-d7eb-16b8-51a6c68a417d&email=tractiontools.user001+ta5aq7hu@gmail.com&teamsId=1aba5dd4-d49f-b8f9-bc9d-b3e88fa89265&meetingsId=ecba5dd4-d47f-57f2-ea58-17c089cec5b8&adminsId=66ba5dd4-d6de-271e-d5ce-09f326e3d61e&usersId=e4ba5dd4-d4c0-a511-7d38-a2c5755387e4&supervisorsId=a8ba5dd4-d469-cc8a-8e79-321e23b4f465&accountabilityChartId=3eba5dd4-d4e3-d823-41a7-558f852ef520&isCreator=1' successfully

2020-09-23 23:51:41 - [MESSAGE][PASSED] - Navigate to 'http://local.traction.tools:5000/activate?activationKey=e5389dae-d00d-4fa6-9b78-6b3e921bfb78&userId=1aba5dd4-d639-ec5d-15f0-9abb85b891c8&orgId=2aba5dd4-d43e-d7eb-16b8-51a6c68a417d&email=tractiontools.user001+ta5aq7hu@gmail.com&teamsId=1aba5dd4-d49f-b8f9-bc9d-b3e88fa89265&meetingsId=ecba5dd4-d47f-57f2-ea58-17c089cec5b8&adminsId=66ba5dd4-d6de-271e-d5ce-09f326e3d61e&usersId=e4ba5dd4-d4c0-a511-7d38-a2c5755387e4&supervisorsId=a8ba5dd4-d469-cc8a-8e79-321e23b4f465&accountabilityChartId=3eba5dd4-d4e3-d823-41a7-558f852ef520&isCreator=1' successfully

2020-09-23 23:51:41 - [TEST_STEP][PASSED] - waitForElementVisible(findTestObject("V2/Commons/ActivationPage/input_Email_email"), DefaultTimeout): Object 'Object Repository/V2/Commons/ActivationPage/input_Email_email' is visible

2020-09-23 23:51:43 - [MESSAGE][PASSED] - Object 'Object Repository/V2/Commons/ActivationPage/input_Email_email' is visible

2020-09-23 23:51:43 - [TEST_STEP][PASSED] - actual_email = getAttribute(findTestObject("Object Repository/V2/Commons/ActivationPage/input_Email_email"), "value"): Attribute 'value' of object 'Object Repository/V2/Commons/ActivationPage/input_Email_email' is: 'tractiontools.user001+ta5aq7hu@gmail.com'

2020-09-23 23:51:44 - [MESSAGE][PASSED] - Attribute 'value' of object 'Object Repository/V2/Commons/ActivationPage/input_Email_email' is: 'tractiontools.user001+ta5aq7hu@gmail.com'

2020-09-23 23:51:44 - [TEST_STEP][PASSED] - verifyMatch(actual_email, email, false): Actual text 'tractiontools.user001+ta5aq7hu@gmail.com' and expected text 'tractiontools.user001+ta5aq7hu@gmail.com' are matched 

2020-09-23 23:51:44 - [MESSAGE][PASSED] - Actual text 'tractiontools.user001+ta5aq7hu@gmail.com' and expected text 'tractiontools.user001+ta5aq7hu@gmail.com' are matched 

2020-09-23 23:51:44 - [TEST_STEP][PASSED] - setText(findTestObject("V2/Commons/ActivationPage/input_password"), password): Text 'Qwer123!' is set on object 'Object Repository/V2/Commons/ActivationPage/input_password'

2020-09-23 23:51:44 - [MESSAGE][PASSED] - Text 'Qwer123!' is set on object 'Object Repository/V2/Commons/ActivationPage/input_password'

2020-09-23 23:51:44 - [TEST_STEP][PASSED] - setText(findTestObject("Object Repository/V2/Commons/ActivationPage/input__passwordRepeat"), password): Text 'Qwer123!' is set on object 'Object Repository/V2/Commons/ActivationPage/input__passwordRepeat'

2020-09-23 23:51:45 - [MESSAGE][PASSED] - Text 'Qwer123!' is set on object 'Object Repository/V2/Commons/ActivationPage/input__passwordRepeat'

2020-09-23 23:51:45 - [TEST_STEP][PASSED] - click(findTestObject("V2/Commons/ActivationPage/input_termsandconditions")): Object: 'Object Repository/V2/Commons/ActivationPage/input_termsandconditions' is clicked on

2020-09-23 23:51:45 - [MESSAGE][PASSED] - Object: 'Object Repository/V2/Commons/ActivationPage/input_termsandconditions' is clicked on

2020-09-23 23:51:45 - [TEST_STEP][PASSED] - click(findTestObject("Object Repository/V2/Commons/ActivationPage/div_Create account")): Object: 'Object Repository/V2/Commons/ActivationPage/div_Create account' is clicked on

2020-09-23 23:51:46 - [MESSAGE][PASSED] - Object: 'Object Repository/V2/Commons/ActivationPage/div_Create account' is clicked on

2020-09-23 23:51:46 - [TEST_STEP][PASSED] - waitForElementPresent(findTestObject("V2/Commons/DasboardPage_SidebarMenu/img_Home_logo-big"), DefaultTimeout): Object 'Object Repository/V2/Commons/DasboardPage_SidebarMenu/img_Home_logo-big' is present

2020-09-23 23:51:51 - [MESSAGE][PASSED] - Object 'Object Repository/V2/Commons/DasboardPage_SidebarMenu/img_Home_logo-big' is present

2020-09-23 23:51:51 - [TEST_STEP][PASSED] - verifyElementPresent(findTestObject("V2/Commons/DasboardPage_SidebarMenu/img_Home_logo-big"), 0): Object 'Object Repository/V2/Commons/DasboardPage_SidebarMenu/img_Home_logo-big' is present

2020-09-23 23:51:51 - [MESSAGE][WARNING] - Timeout '0' is invalid. Using default page load timeout: '30'

2020-09-23 23:51:52 - [MESSAGE][PASSED] - Object 'Object Repository/V2/Commons/DasboardPage_SidebarMenu/img_Home_logo-big' is present

2020-09-23 23:51:52 - [MESSAGE][PASSED] - Call Test Case 'Test Cases/V2/Test Case/Pre-conditions/PRE_ActivateNewUser' successfully

2020-09-23 23:51:52 - [TEST_STEP][PASSED] - callTestCase(findTestCase("V2/Test Case/Pre-conditions/PRE_SkipCompanyAndPersonalProfileSetup"), [:], STOP_ON_FAILURE): Call Test Case 'Test Cases/V2/Test Case/Pre-conditions/PRE_SkipCompanyAndPersonalProfileSetup' successfully

2020-09-23 23:51:52 - [TEST_CASE][PASSED] - Test Cases/V2/Test Case/Pre-conditions/PRE_SkipCompanyAndPersonalProfileSetup: Test Cases/V2/Test Case/Pre-conditions/PRE_SkipCompanyAndPersonalProfileSetup

2020-09-23 23:51:52 - [TEST_STEP][PASSED] - waitForElementVisible(findTestObject("V2/Commons/FirstUpdateCompanyAndPersonalInfoModal/confirmCompanyInfoHeader_h1"), DefaultTimeout): Object 'Object Repository/V2/Commons/FirstUpdateCompanyAndPersonalInfoModal/confirmCompanyInfoHeader_h1' is visible

2020-09-23 23:51:52 - [MESSAGE][PASSED] - Object 'Object Repository/V2/Commons/FirstUpdateCompanyAndPersonalInfoModal/confirmCompanyInfoHeader_h1' is visible

2020-09-23 23:51:52 - [TEST_STEP][PASSED] - click(findTestObject("V2/Commons/FirstUpdateCompanyAndPersonalInfoModal/confirmInfoSkip_button")): Object: 'Object Repository/V2/Commons/FirstUpdateCompanyAndPersonalInfoModal/confirmInfoSkip_button' is clicked on

2020-09-23 23:51:52 - [MESSAGE][PASSED] - Object: 'Object Repository/V2/Commons/FirstUpdateCompanyAndPersonalInfoModal/confirmInfoSkip_button' is clicked on

2020-09-23 23:51:52 - [TEST_STEP][PASSED] - waitForElementVisible(findTestObject("V2/Commons/FirstUpdateCompanyAndPersonalInfoModal/confirmPersonalInfoHeader_h1"), DefaultTimeout): Object 'Object Repository/V2/Commons/FirstUpdateCompanyAndPersonalInfoModal/confirmPersonalInfoHeader_h1' is visible

2020-09-23 23:51:53 - [MESSAGE][PASSED] - Object 'Object Repository/V2/Commons/FirstUpdateCompanyAndPersonalInfoModal/confirmPersonalInfoHeader_h1' is visible

2020-09-23 23:51:53 - [TEST_STEP][PASSED] - click(findTestObject("V2/Commons/FirstUpdateCompanyAndPersonalInfoModal/confirmInfoSkip_button")): Object: 'Object Repository/V2/Commons/FirstUpdateCompanyAndPersonalInfoModal/confirmInfoSkip_button' is clicked on

2020-09-23 23:51:53 - [MESSAGE][PASSED] - Object: 'Object Repository/V2/Commons/FirstUpdateCompanyAndPersonalInfoModal/confirmInfoSkip_button' is clicked on

2020-09-23 23:51:53 - [TEST_STEP][PASSED] - waitForElementVisible(findTestObject("V2/Commons/FirstUpdateCompanyAndPersonalInfoModal/letsGetStarted_button"), DefaultTimeout): Object 'Object Repository/V2/Commons/FirstUpdateCompanyAndPersonalInfoModal/letsGetStarted_button' is visible

2020-09-23 23:51:54 - [MESSAGE][PASSED] - Object 'Object Repository/V2/Commons/FirstUpdateCompanyAndPersonalInfoModal/letsGetStarted_button' is visible

2020-09-23 23:51:54 - [TEST_STEP][PASSED] - click(findTestObject("V2/Commons/FirstUpdateCompanyAndPersonalInfoModal/letsGetStarted_button")): Object: 'Object Repository/V2/Commons/FirstUpdateCompanyAndPersonalInfoModal/letsGetStarted_button' is clicked on

2020-09-23 23:51:55 - [MESSAGE][PASSED] - Object: 'Object Repository/V2/Commons/FirstUpdateCompanyAndPersonalInfoModal/letsGetStarted_button' is clicked on

2020-09-23 23:51:55 - [MESSAGE][PASSED] - Call Test Case 'Test Cases/V2/Test Case/Pre-conditions/PRE_SkipCompanyAndPersonalProfileSetup' successfully

2020-09-23 23:51:55 - [TEST_STEP][PASSED] - supervisor_activationURL = tt_CustomKeywords.CustomKeywords.RegisterAndActivateSupervisorUserViaAPI(V2Url, orgID, supervisor_email, password, email, password, supervisor_fname, lastname): SUCCESFFULLY registered a new user via API. 
 Generated Activation Link: 
http://local.traction.tools:5000/activate?activationKey=9b9e713c-16ec-4db8-976f-19a52ef8e892&userId=a0ba5dd4-ffc4-35fb-c856-700447a5bb69&orgId=2aba5dd4-d43e-d7eb-16b8-51a6c68a417d&email=tractiontools.user001+ts5r65z9@gmail.com&isCreator=0

2020-09-23 23:51:56 - [MESSAGE][PASSED] - SUCCESFFULLY registered a new user via API. 
 Generated Activation Link: 
http://local.traction.tools:5000/activate?activationKey=9b9e713c-16ec-4db8-976f-19a52ef8e892&userId=a0ba5dd4-ffc4-35fb-c856-700447a5bb69&orgId=2aba5dd4-d43e-d7eb-16b8-51a6c68a417d&email=tractiontools.user001+ts5r65z9@gmail.com&isCreator=0

2020-09-23 23:51:56 - [TEST_STEP][PASSED] - callTestCase(findTestCase("V2/Test Case/Pre-conditions/PRE_ChangeUserPermissionViaManageUser"), ["showMenuItemsPath":"//div[@class='usercard__detail_container']/div[text()='%s']/ancestor::div[contains(@class,'usercard__content')]//button[@aria-label='Show Menu Items']", "user_email":supervisor_email, ... ], STOP_ON_FAILURE): Call Test Case 'Test Cases/V2/Test Case/Pre-conditions/PRE_ChangeUserPermissionViaManageUser' successfully

2020-09-23 23:51:56 - [TEST_CASE][PASSED] - Test Cases/V2/Test Case/Pre-conditions/PRE_ChangeUserPermissionViaManageUser: Test Cases/V2/Test Case/Pre-conditions/PRE_ChangeUserPermissionViaManageUser

2020-09-23 23:51:56 - [TEST_STEP][PASSED] - click(findTestObject("Object Repository/V2/Commons/ManageUsersPage/span_Company Settings")): Object: 'Object Repository/V2/Commons/ManageUsersPage/span_Company Settings' is clicked on

2020-09-23 23:51:56 - [MESSAGE][PASSED] - Object: 'Object Repository/V2/Commons/ManageUsersPage/span_Company Settings' is clicked on

2020-09-23 23:51:56 - [TEST_STEP][PASSED] - click(findTestObject("V2/Commons/DasboardPage_SidebarMenu/a_Manage Users")): Object: 'Object Repository/V2/Commons/DasboardPage_SidebarMenu/a_Manage Users' is clicked on

2020-09-23 23:51:57 - [MESSAGE][PASSED] - Object: 'Object Repository/V2/Commons/DasboardPage_SidebarMenu/a_Manage Users' is clicked on

2020-09-23 23:51:57 - [TEST_STEP][PASSED] - showMenuItemsObj = tt_CustomKeywords.CustomKeywords.CreateDynamicElement(showMenuItemsPath, user_email, "xpath"): Successfully created new dynamic object: //div[@class='usercard__detail_container']/div[text()='tractiontools.user001+ts5r65z9@gmail.com']/ancestor::div[contains(@class,'usercard__content')]//button[@aria-label='Show Menu Items']

2020-09-23 23:51:57 - [MESSAGE][PASSED] - Successfully created new dynamic object: //div[@class='usercard__detail_container']/div[text()='tractiontools.user001+ts5r65z9@gmail.com']/ancestor::div[contains(@class,'usercard__content')]//button[@aria-label='Show Menu Items']

2020-09-23 23:51:57 - [TEST_STEP][PASSED] - click(showMenuItemsObj): Object: '' is clicked on

2020-09-23 23:51:58 - [MESSAGE][PASSED] - Object: '' is clicked on

2020-09-23 23:51:58 - [TEST_STEP][PASSED] - click(findTestObject("Object Repository/V2/Commons/ManageUsersPage/div_Edit user")): Object: 'Object Repository/V2/Commons/ManageUsersPage/div_Edit user' is clicked on

2020-09-23 23:51:58 - [MESSAGE][PASSED] - Object: 'Object Repository/V2/Commons/ManageUsersPage/div_Edit user' is clicked on

2020-09-23 23:51:58 - [TEST_STEP][PASSED] - verifyElementPresent(findTestObject("V2/Commons/ManageUsersPage/div_PositionTitle"), DefaultTimeout): Object 'Object Repository/V2/Commons/ManageUsersPage/div_PositionTitle' is present

2020-09-23 23:51:59 - [MESSAGE][PASSED] - Object 'Object Repository/V2/Commons/ManageUsersPage/div_PositionTitle' is present

2020-09-23 23:51:59 - [TEST_STEP][PASSED] - setText(findTestObject("V2/Commons/ManageUsersPage/position_title_input"), position_title): Text 'QA Manager' is set on object 'Object Repository/V2/Commons/ManageUsersPage/position_title_input'

2020-09-23 23:51:59 - [MESSAGE][PASSED] - Text 'QA Manager' is set on object 'Object Repository/V2/Commons/ManageUsersPage/position_title_input'

2020-09-23 23:51:59 - [TEST_STEP][PASSED] - sendKeys(findTestObject("V2/Commons/ManageUsersPage/position_title_input"), Keys.chord(ENTER)): Keys 'ENTER + ' sent to object: 'Object Repository/V2/Commons/ManageUsersPage/position_title_input'

2020-09-23 23:52:00 - [MESSAGE][PASSED] - Keys 'ENTER + ' sent to object: 'Object Repository/V2/Commons/ManageUsersPage/position_title_input'

2020-09-23 23:52:00 - [TEST_STEP][PASSED] - if (permissionValue == "Employee"): null

2020-09-23 23:52:00 - [TEST_STEP][PASSED] - verifyElementPresent(findTestObject("Object Repository/V2/Commons/ManageUsersPage/div_User type"), DefaultTimeout): Object 'Object Repository/V2/Commons/ManageUsersPage/div_User type' is present

2020-09-23 23:52:00 - [MESSAGE][PASSED] - Object 'Object Repository/V2/Commons/ManageUsersPage/div_User type' is present

2020-09-23 23:52:00 - [TEST_STEP][PASSED] - click(findTestObject("Object Repository/V2/Commons/ManageUsersPage/input__orgRole")): Object: 'Object Repository/V2/Commons/ManageUsersPage/input__orgRole' is clicked on

2020-09-23 23:52:01 - [MESSAGE][PASSED] - Object: 'Object Repository/V2/Commons/ManageUsersPage/input__orgRole' is clicked on

2020-09-23 23:52:01 - [TEST_STEP][PASSED] - roleOptionObj = tt_CustomKeywords.CustomKeywords.CreateDynamicElement(roleOption, permissionValue, "xpath"): Successfully created new dynamic object: //span[text()='Supervisor']/parent::div[@role='option']

2020-09-23 23:52:01 - [MESSAGE][PASSED] - Successfully created new dynamic object: //span[text()='Supervisor']/parent::div[@role='option']

2020-09-23 23:52:01 - [TEST_STEP][PASSED] - click(roleOptionObj): Object: '' is clicked on

2020-09-23 23:52:01 - [MESSAGE][PASSED] - Object: '' is clicked on

2020-09-23 23:52:01 - [TEST_STEP][PASSED] - click(findTestObject("Object Repository/V2/Commons/ManageUsersPage/div_Save")): Object: 'Object Repository/V2/Commons/ManageUsersPage/div_Save' is clicked on

2020-09-23 23:52:02 - [MESSAGE][PASSED] - Object: 'Object Repository/V2/Commons/ManageUsersPage/div_Save' is clicked on

2020-09-23 23:52:02 - [TEST_STEP][PASSED] - waitForElementVisible(findTestObject("V2/Commons/ManageUsersPage/h3_User Saved"), DefaultTimeout): Object 'Object Repository/V2/Commons/ManageUsersPage/h3_User Saved' is visible

2020-09-23 23:52:05 - [MESSAGE][PASSED] - Object 'Object Repository/V2/Commons/ManageUsersPage/h3_User Saved' is visible

2020-09-23 23:52:05 - [TEST_STEP][PASSED] - verifyElementVisible(findTestObject("Object Repository/V2/Commons/ManageUsersPage/h3_User Saved")): Object 'Object Repository/V2/Commons/ManageUsersPage/h3_User Saved' is visible

2020-09-23 23:52:05 - [MESSAGE][PASSED] - Object 'Object Repository/V2/Commons/ManageUsersPage/h3_User Saved' is visible

2020-09-23 23:52:05 - [MESSAGE][PASSED] - Call Test Case 'Test Cases/V2/Test Case/Pre-conditions/PRE_ChangeUserPermissionViaManageUser' successfully

2020-09-23 23:52:05 - [TEST_STEP][PASSED] - employee_activationURL = tt_CustomKeywords.CustomKeywords.RegisterAndActivateSupervisorUserViaAPI(V2Url, orgID, employee_email, password, email, password, employee_fname, lastname): SUCCESFFULLY registered a new user via API. 
 Generated Activation Link: 
http://local.traction.tools:5000/activate?activationKey=f54f32d1-31ab-429a-9f0c-4f48c8950a59&userId=ceba5dd5-13c6-6c40-b338-c518a4b5d16f&orgId=2aba5dd4-d43e-d7eb-16b8-51a6c68a417d&email=tractiontools.user001+te5xbrke@gmail.com&isCreator=0

2020-09-23 23:52:06 - [MESSAGE][PASSED] - SUCCESFFULLY registered a new user via API. 
 Generated Activation Link: 
http://local.traction.tools:5000/activate?activationKey=f54f32d1-31ab-429a-9f0c-4f48c8950a59&userId=ceba5dd5-13c6-6c40-b338-c518a4b5d16f&orgId=2aba5dd4-d43e-d7eb-16b8-51a6c68a417d&email=tractiontools.user001+te5xbrke@gmail.com&isCreator=0

2020-09-23 23:52:06 - [TEST_STEP][PASSED] - callTestCase(findTestCase("V2/Test Case/Pre-conditions/PRE_ChangeUserPermissionViaManageUser"), ["showMenuItemsPath":"//div[@class='usercard__detail_container']/div[text()='%s']/ancestor::div[contains(@class,'usercard__content')]//button[@aria-label='Show Menu Items']", "user_email":employee_email, ... ], STOP_ON_FAILURE): Call Test Case 'Test Cases/V2/Test Case/Pre-conditions/PRE_ChangeUserPermissionViaManageUser' successfully

2020-09-23 23:52:06 - [TEST_CASE][PASSED] - Test Cases/V2/Test Case/Pre-conditions/PRE_ChangeUserPermissionViaManageUser: Test Cases/V2/Test Case/Pre-conditions/PRE_ChangeUserPermissionViaManageUser

2020-09-23 23:52:06 - [TEST_STEP][PASSED] - click(findTestObject("Object Repository/V2/Commons/ManageUsersPage/span_Company Settings")): Object: 'Object Repository/V2/Commons/ManageUsersPage/span_Company Settings' is clicked on

2020-09-23 23:52:07 - [MESSAGE][PASSED] - Object: 'Object Repository/V2/Commons/ManageUsersPage/span_Company Settings' is clicked on

2020-09-23 23:52:07 - [TEST_STEP][PASSED] - click(findTestObject("V2/Commons/DasboardPage_SidebarMenu/a_Manage Users")): Object: 'Object Repository/V2/Commons/DasboardPage_SidebarMenu/a_Manage Users' is clicked on

2020-09-23 23:52:07 - [MESSAGE][PASSED] - Object: 'Object Repository/V2/Commons/DasboardPage_SidebarMenu/a_Manage Users' is clicked on

2020-09-23 23:52:07 - [TEST_STEP][PASSED] - showMenuItemsObj = tt_CustomKeywords.CustomKeywords.CreateDynamicElement(showMenuItemsPath, user_email, "xpath"): Successfully created new dynamic object: //div[@class='usercard__detail_container']/div[text()='tractiontools.user001+te5xbrke@gmail.com']/ancestor::div[contains(@class,'usercard__content')]//button[@aria-label='Show Menu Items']

2020-09-23 23:52:07 - [MESSAGE][PASSED] - Successfully created new dynamic object: //div[@class='usercard__detail_container']/div[text()='tractiontools.user001+te5xbrke@gmail.com']/ancestor::div[contains(@class,'usercard__content')]//button[@aria-label='Show Menu Items']

2020-09-23 23:52:07 - [TEST_STEP][PASSED] - click(showMenuItemsObj): Object: '' is clicked on

2020-09-23 23:52:08 - [MESSAGE][PASSED] - Object: '' is clicked on

2020-09-23 23:52:08 - [TEST_STEP][PASSED] - click(findTestObject("Object Repository/V2/Commons/ManageUsersPage/div_Edit user")): Object: 'Object Repository/V2/Commons/ManageUsersPage/div_Edit user' is clicked on

2020-09-23 23:52:08 - [MESSAGE][PASSED] - Object: 'Object Repository/V2/Commons/ManageUsersPage/div_Edit user' is clicked on

2020-09-23 23:52:08 - [TEST_STEP][PASSED] - verifyElementPresent(findTestObject("V2/Commons/ManageUsersPage/div_PositionTitle"), DefaultTimeout): Object 'Object Repository/V2/Commons/ManageUsersPage/div_PositionTitle' is present

2020-09-23 23:52:09 - [MESSAGE][PASSED] - Object 'Object Repository/V2/Commons/ManageUsersPage/div_PositionTitle' is present

2020-09-23 23:52:09 - [TEST_STEP][PASSED] - setText(findTestObject("V2/Commons/ManageUsersPage/position_title_input"), position_title): Text 'Quality Assurance' is set on object 'Object Repository/V2/Commons/ManageUsersPage/position_title_input'

2020-09-23 23:52:09 - [MESSAGE][PASSED] - Text 'Quality Assurance' is set on object 'Object Repository/V2/Commons/ManageUsersPage/position_title_input'

2020-09-23 23:52:09 - [TEST_STEP][PASSED] - sendKeys(findTestObject("V2/Commons/ManageUsersPage/position_title_input"), Keys.chord(ENTER)): Keys 'ENTER + ' sent to object: 'Object Repository/V2/Commons/ManageUsersPage/position_title_input'

2020-09-23 23:52:10 - [MESSAGE][PASSED] - Keys 'ENTER + ' sent to object: 'Object Repository/V2/Commons/ManageUsersPage/position_title_input'

2020-09-23 23:52:10 - [TEST_STEP][PASSED] - if (permissionValue == "Employee"): Keys 'ENTER + ' sent to object: 'Object Repository/V2/Commons/ManageUsersPage/supervisor_input'

2020-09-23 23:52:10 - [TEST_STEP][PASSED] - verifyElementPresent(findTestObject("V2/Commons/ManageUsersPage/supervisor_input"), DefaultTimeout): Object 'Object Repository/V2/Commons/ManageUsersPage/supervisor_input' is present

2020-09-23 23:52:10 - [MESSAGE][PASSED] - Object 'Object Repository/V2/Commons/ManageUsersPage/supervisor_input' is present

2020-09-23 23:52:10 - [TEST_STEP][PASSED] - setText(findTestObject("V2/Commons/ManageUsersPage/supervisor_input"), user_supervisorName): Text 'Supervisor User' is set on object 'Object Repository/V2/Commons/ManageUsersPage/supervisor_input'

2020-09-23 23:52:11 - [MESSAGE][PASSED] - Text 'Supervisor User' is set on object 'Object Repository/V2/Commons/ManageUsersPage/supervisor_input'

2020-09-23 23:52:11 - [TEST_STEP][PASSED] - sendKeys(findTestObject("V2/Commons/ManageUsersPage/supervisor_input"), Keys.chord(ENTER)): Keys 'ENTER + ' sent to object: 'Object Repository/V2/Commons/ManageUsersPage/supervisor_input'

2020-09-23 23:52:11 - [MESSAGE][PASSED] - Keys 'ENTER + ' sent to object: 'Object Repository/V2/Commons/ManageUsersPage/supervisor_input'

2020-09-23 23:52:11 - [TEST_STEP][PASSED] - verifyElementPresent(findTestObject("Object Repository/V2/Commons/ManageUsersPage/div_User type"), DefaultTimeout): Object 'Object Repository/V2/Commons/ManageUsersPage/div_User type' is present

2020-09-23 23:52:12 - [MESSAGE][PASSED] - Object 'Object Repository/V2/Commons/ManageUsersPage/div_User type' is present

2020-09-23 23:52:12 - [TEST_STEP][PASSED] - click(findTestObject("Object Repository/V2/Commons/ManageUsersPage/input__orgRole")): Object: 'Object Repository/V2/Commons/ManageUsersPage/input__orgRole' is clicked on

2020-09-23 23:52:12 - [MESSAGE][PASSED] - Object: 'Object Repository/V2/Commons/ManageUsersPage/input__orgRole' is clicked on

2020-09-23 23:52:12 - [TEST_STEP][PASSED] - roleOptionObj = tt_CustomKeywords.CustomKeywords.CreateDynamicElement(roleOption, permissionValue, "xpath"): Successfully created new dynamic object: //span[text()='Employee']/parent::div[@role='option']

2020-09-23 23:52:12 - [MESSAGE][PASSED] - Successfully created new dynamic object: //span[text()='Employee']/parent::div[@role='option']

2020-09-23 23:52:12 - [TEST_STEP][PASSED] - click(roleOptionObj): Object: '' is clicked on

2020-09-23 23:52:12 - [MESSAGE][PASSED] - Object: '' is clicked on

2020-09-23 23:52:12 - [TEST_STEP][PASSED] - click(findTestObject("Object Repository/V2/Commons/ManageUsersPage/div_Save")): Object: 'Object Repository/V2/Commons/ManageUsersPage/div_Save' is clicked on

2020-09-23 23:52:13 - [MESSAGE][PASSED] - Object: 'Object Repository/V2/Commons/ManageUsersPage/div_Save' is clicked on

2020-09-23 23:52:13 - [TEST_STEP][PASSED] - waitForElementVisible(findTestObject("V2/Commons/ManageUsersPage/h3_User Saved"), DefaultTimeout): Object 'Object Repository/V2/Commons/ManageUsersPage/h3_User Saved' is visible

2020-09-23 23:52:16 - [MESSAGE][PASSED] - Object 'Object Repository/V2/Commons/ManageUsersPage/h3_User Saved' is visible

2020-09-23 23:52:16 - [TEST_STEP][PASSED] - verifyElementVisible(findTestObject("Object Repository/V2/Commons/ManageUsersPage/h3_User Saved")): Object 'Object Repository/V2/Commons/ManageUsersPage/h3_User Saved' is visible

2020-09-23 23:52:17 - [MESSAGE][PASSED] - Object 'Object Repository/V2/Commons/ManageUsersPage/h3_User Saved' is visible

2020-09-23 23:52:17 - [MESSAGE][PASSED] - Call Test Case 'Test Cases/V2/Test Case/Pre-conditions/PRE_ChangeUserPermissionViaManageUser' successfully

2020-09-23 23:52:17 - [TEST_STEP][PASSED] - callTestCase(findTestCase("V2/Test Case/Pre-conditions/PRE_ActivateNewUser"), ["activationURL":supervisor_activationURL, "email":supervisor_email, "password":password], STOP_ON_FAILURE): Call Test Case 'Test Cases/V2/Test Case/Pre-conditions/PRE_ActivateNewUser' successfully

2020-09-23 23:52:17 - [TEST_CASE][PASSED] - Test Cases/V2/Test Case/Pre-conditions/PRE_ActivateNewUser: Test Cases/V2/Test Case/Pre-conditions/PRE_ActivateNewUser

2020-09-23 23:52:17 - [TEST_STEP][PASSED] - navigateToUrl(activationURL): Navigate to 'http://local.traction.tools:5000/activate?activationKey=9b9e713c-16ec-4db8-976f-19a52ef8e892&userId=a0ba5dd4-ffc4-35fb-c856-700447a5bb69&orgId=2aba5dd4-d43e-d7eb-16b8-51a6c68a417d&email=tractiontools.user001+ts5r65z9@gmail.com&isCreator=0' successfully

2020-09-23 23:52:18 - [MESSAGE][PASSED] - Navigate to 'http://local.traction.tools:5000/activate?activationKey=9b9e713c-16ec-4db8-976f-19a52ef8e892&userId=a0ba5dd4-ffc4-35fb-c856-700447a5bb69&orgId=2aba5dd4-d43e-d7eb-16b8-51a6c68a417d&email=tractiontools.user001+ts5r65z9@gmail.com&isCreator=0' successfully

2020-09-23 23:52:18 - [TEST_STEP][PASSED] - waitForElementVisible(findTestObject("V2/Commons/ActivationPage/input_Email_email"), DefaultTimeout): Object 'Object Repository/V2/Commons/ActivationPage/input_Email_email' is visible

2020-09-23 23:52:20 - [MESSAGE][PASSED] - Object 'Object Repository/V2/Commons/ActivationPage/input_Email_email' is visible

2020-09-23 23:52:20 - [TEST_STEP][PASSED] - actual_email = getAttribute(findTestObject("Object Repository/V2/Commons/ActivationPage/input_Email_email"), "value"): Attribute 'value' of object 'Object Repository/V2/Commons/ActivationPage/input_Email_email' is: 'tractiontools.user001+ts5r65z9@gmail.com'

2020-09-23 23:52:20 - [MESSAGE][PASSED] - Attribute 'value' of object 'Object Repository/V2/Commons/ActivationPage/input_Email_email' is: 'tractiontools.user001+ts5r65z9@gmail.com'

2020-09-23 23:52:20 - [TEST_STEP][PASSED] - verifyMatch(actual_email, email, false): Actual text 'tractiontools.user001+ts5r65z9@gmail.com' and expected text 'tractiontools.user001+ts5r65z9@gmail.com' are matched 

2020-09-23 23:52:20 - [MESSAGE][PASSED] - Actual text 'tractiontools.user001+ts5r65z9@gmail.com' and expected text 'tractiontools.user001+ts5r65z9@gmail.com' are matched 

2020-09-23 23:52:20 - [TEST_STEP][PASSED] - setText(findTestObject("V2/Commons/ActivationPage/input_password"), password): Text 'Qwer123!' is set on object 'Object Repository/V2/Commons/ActivationPage/input_password'

2020-09-23 23:52:21 - [MESSAGE][PASSED] - Text 'Qwer123!' is set on object 'Object Repository/V2/Commons/ActivationPage/input_password'

2020-09-23 23:52:21 - [TEST_STEP][PASSED] - setText(findTestObject("Object Repository/V2/Commons/ActivationPage/input__passwordRepeat"), password): Text 'Qwer123!' is set on object 'Object Repository/V2/Commons/ActivationPage/input__passwordRepeat'

2020-09-23 23:52:21 - [MESSAGE][PASSED] - Text 'Qwer123!' is set on object 'Object Repository/V2/Commons/ActivationPage/input__passwordRepeat'

2020-09-23 23:52:21 - [TEST_STEP][PASSED] - click(findTestObject("V2/Commons/ActivationPage/input_termsandconditions")): Object: 'Object Repository/V2/Commons/ActivationPage/input_termsandconditions' is clicked on

2020-09-23 23:52:22 - [MESSAGE][PASSED] - Object: 'Object Repository/V2/Commons/ActivationPage/input_termsandconditions' is clicked on

2020-09-23 23:52:22 - [TEST_STEP][PASSED] - click(findTestObject("Object Repository/V2/Commons/ActivationPage/div_Create account")): Object: 'Object Repository/V2/Commons/ActivationPage/div_Create account' is clicked on

2020-09-23 23:52:22 - [MESSAGE][PASSED] - Object: 'Object Repository/V2/Commons/ActivationPage/div_Create account' is clicked on

2020-09-23 23:52:22 - [TEST_STEP][PASSED] - waitForElementPresent(findTestObject("V2/Commons/DasboardPage_SidebarMenu/img_Home_logo-big"), DefaultTimeout): Object 'Object Repository/V2/Commons/DasboardPage_SidebarMenu/img_Home_logo-big' is present

2020-09-23 23:52:26 - [MESSAGE][PASSED] - Object 'Object Repository/V2/Commons/DasboardPage_SidebarMenu/img_Home_logo-big' is present

2020-09-23 23:52:26 - [TEST_STEP][PASSED] - verifyElementPresent(findTestObject("V2/Commons/DasboardPage_SidebarMenu/img_Home_logo-big"), 0): Object 'Object Repository/V2/Commons/DasboardPage_SidebarMenu/img_Home_logo-big' is present

2020-09-23 23:52:26 - [MESSAGE][WARNING] - Timeout '0' is invalid. Using default page load timeout: '30'

2020-09-23 23:52:26 - [MESSAGE][PASSED] - Object 'Object Repository/V2/Commons/DasboardPage_SidebarMenu/img_Home_logo-big' is present

2020-09-23 23:52:26 - [MESSAGE][PASSED] - Call Test Case 'Test Cases/V2/Test Case/Pre-conditions/PRE_ActivateNewUser' successfully

2020-09-23 23:52:26 - [TEST_STEP][PASSED] - callTestCase(findTestCase("V2/Test Case/Pre-conditions/PRE_SkipPersonalProfileSetup"), [:], STOP_ON_FAILURE): Call Test Case 'Test Cases/V2/Test Case/Pre-conditions/PRE_SkipPersonalProfileSetup' successfully

2020-09-23 23:52:26 - [TEST_CASE][PASSED] - Test Cases/V2/Test Case/Pre-conditions/PRE_SkipPersonalProfileSetup: Test Cases/V2/Test Case/Pre-conditions/PRE_SkipPersonalProfileSetup

2020-09-23 23:52:26 - [TEST_STEP][PASSED] - waitForElementVisible(findTestObject("V2/Commons/FirstUpdateCompanyAndPersonalInfoModal/confirmPersonalInfoHeader_h1"), DefaultTimeout): Object 'Object Repository/V2/Commons/FirstUpdateCompanyAndPersonalInfoModal/confirmPersonalInfoHeader_h1' is visible

2020-09-23 23:52:27 - [MESSAGE][PASSED] - Object 'Object Repository/V2/Commons/FirstUpdateCompanyAndPersonalInfoModal/confirmPersonalInfoHeader_h1' is visible

2020-09-23 23:52:27 - [TEST_STEP][PASSED] - click(findTestObject("V2/Commons/FirstUpdateCompanyAndPersonalInfoModal/confirmInfoSkip_button")): Object: 'Object Repository/V2/Commons/FirstUpdateCompanyAndPersonalInfoModal/confirmInfoSkip_button' is clicked on

2020-09-23 23:52:27 - [MESSAGE][PASSED] - Object: 'Object Repository/V2/Commons/FirstUpdateCompanyAndPersonalInfoModal/confirmInfoSkip_button' is clicked on

2020-09-23 23:52:27 - [TEST_STEP][PASSED] - waitForElementVisible(findTestObject("V2/Commons/FirstUpdateCompanyAndPersonalInfoModal/letsGetStarted_button"), DefaultTimeout): Object 'Object Repository/V2/Commons/FirstUpdateCompanyAndPersonalInfoModal/letsGetStarted_button' is visible

2020-09-23 23:52:28 - [MESSAGE][PASSED] - Object 'Object Repository/V2/Commons/FirstUpdateCompanyAndPersonalInfoModal/letsGetStarted_button' is visible

2020-09-23 23:52:28 - [TEST_STEP][PASSED] - click(findTestObject("V2/Commons/FirstUpdateCompanyAndPersonalInfoModal/letsGetStarted_button")): Object: 'Object Repository/V2/Commons/FirstUpdateCompanyAndPersonalInfoModal/letsGetStarted_button' is clicked on

2020-09-23 23:52:28 - [MESSAGE][PASSED] - Object: 'Object Repository/V2/Commons/FirstUpdateCompanyAndPersonalInfoModal/letsGetStarted_button' is clicked on

2020-09-23 23:52:28 - [MESSAGE][PASSED] - Call Test Case 'Test Cases/V2/Test Case/Pre-conditions/PRE_SkipPersonalProfileSetup' successfully

2020-09-23 23:52:28 - [TEST_STEP][PASSED] - callTestCase(findTestCase("V2/Test Case/Pre-conditions/PRE_ActivateNewUser"), ["activationURL":employee_activationURL, "email":employee_email, "password":password], STOP_ON_FAILURE): Call Test Case 'Test Cases/V2/Test Case/Pre-conditions/PRE_ActivateNewUser' successfully

2020-09-23 23:52:28 - [TEST_CASE][PASSED] - Test Cases/V2/Test Case/Pre-conditions/PRE_ActivateNewUser: Test Cases/V2/Test Case/Pre-conditions/PRE_ActivateNewUser

2020-09-23 23:52:28 - [TEST_STEP][PASSED] - navigateToUrl(activationURL): Navigate to 'http://local.traction.tools:5000/activate?activationKey=f54f32d1-31ab-429a-9f0c-4f48c8950a59&userId=ceba5dd5-13c6-6c40-b338-c518a4b5d16f&orgId=2aba5dd4-d43e-d7eb-16b8-51a6c68a417d&email=tractiontools.user001+te5xbrke@gmail.com&isCreator=0' successfully

2020-09-23 23:52:29 - [MESSAGE][PASSED] - Navigate to 'http://local.traction.tools:5000/activate?activationKey=f54f32d1-31ab-429a-9f0c-4f48c8950a59&userId=ceba5dd5-13c6-6c40-b338-c518a4b5d16f&orgId=2aba5dd4-d43e-d7eb-16b8-51a6c68a417d&email=tractiontools.user001+te5xbrke@gmail.com&isCreator=0' successfully

2020-09-23 23:52:29 - [TEST_STEP][PASSED] - waitForElementVisible(findTestObject("V2/Commons/ActivationPage/input_Email_email"), DefaultTimeout): Object 'Object Repository/V2/Commons/ActivationPage/input_Email_email' is visible

2020-09-23 23:52:31 - [MESSAGE][PASSED] - Object 'Object Repository/V2/Commons/ActivationPage/input_Email_email' is visible

2020-09-23 23:52:31 - [TEST_STEP][PASSED] - actual_email = getAttribute(findTestObject("Object Repository/V2/Commons/ActivationPage/input_Email_email"), "value"): Attribute 'value' of object 'Object Repository/V2/Commons/ActivationPage/input_Email_email' is: 'tractiontools.user001+te5xbrke@gmail.com'

2020-09-23 23:52:31 - [MESSAGE][PASSED] - Attribute 'value' of object 'Object Repository/V2/Commons/ActivationPage/input_Email_email' is: 'tractiontools.user001+te5xbrke@gmail.com'

2020-09-23 23:52:31 - [TEST_STEP][PASSED] - verifyMatch(actual_email, email, false): Actual text 'tractiontools.user001+te5xbrke@gmail.com' and expected text 'tractiontools.user001+te5xbrke@gmail.com' are matched 

2020-09-23 23:52:31 - [MESSAGE][PASSED] - Actual text 'tractiontools.user001+te5xbrke@gmail.com' and expected text 'tractiontools.user001+te5xbrke@gmail.com' are matched 

2020-09-23 23:52:31 - [TEST_STEP][PASSED] - setText(findTestObject("V2/Commons/ActivationPage/input_password"), password): Text 'Qwer123!' is set on object 'Object Repository/V2/Commons/ActivationPage/input_password'

2020-09-23 23:52:31 - [MESSAGE][PASSED] - Text 'Qwer123!' is set on object 'Object Repository/V2/Commons/ActivationPage/input_password'

2020-09-23 23:52:31 - [TEST_STEP][PASSED] - setText(findTestObject("Object Repository/V2/Commons/ActivationPage/input__passwordRepeat"), password): Text 'Qwer123!' is set on object 'Object Repository/V2/Commons/ActivationPage/input__passwordRepeat'

2020-09-23 23:52:32 - [MESSAGE][PASSED] - Text 'Qwer123!' is set on object 'Object Repository/V2/Commons/ActivationPage/input__passwordRepeat'

2020-09-23 23:52:32 - [TEST_STEP][PASSED] - click(findTestObject("V2/Commons/ActivationPage/input_termsandconditions")): Object: 'Object Repository/V2/Commons/ActivationPage/input_termsandconditions' is clicked on

2020-09-23 23:52:33 - [MESSAGE][PASSED] - Object: 'Object Repository/V2/Commons/ActivationPage/input_termsandconditions' is clicked on

2020-09-23 23:52:33 - [TEST_STEP][PASSED] - click(findTestObject("Object Repository/V2/Commons/ActivationPage/div_Create account")): Object: 'Object Repository/V2/Commons/ActivationPage/div_Create account' is clicked on

2020-09-23 23:52:33 - [MESSAGE][PASSED] - Object: 'Object Repository/V2/Commons/ActivationPage/div_Create account' is clicked on

2020-09-23 23:52:33 - [TEST_STEP][PASSED] - waitForElementPresent(findTestObject("V2/Commons/DasboardPage_SidebarMenu/img_Home_logo-big"), DefaultTimeout): Object 'Object Repository/V2/Commons/DasboardPage_SidebarMenu/img_Home_logo-big' is present

2020-09-23 23:52:37 - [MESSAGE][PASSED] - Object 'Object Repository/V2/Commons/DasboardPage_SidebarMenu/img_Home_logo-big' is present

2020-09-23 23:52:37 - [TEST_STEP][PASSED] - verifyElementPresent(findTestObject("V2/Commons/DasboardPage_SidebarMenu/img_Home_logo-big"), 0): Object 'Object Repository/V2/Commons/DasboardPage_SidebarMenu/img_Home_logo-big' is present

2020-09-23 23:52:37 - [MESSAGE][WARNING] - Timeout '0' is invalid. Using default page load timeout: '30'

2020-09-23 23:52:37 - [MESSAGE][PASSED] - Object 'Object Repository/V2/Commons/DasboardPage_SidebarMenu/img_Home_logo-big' is present

2020-09-23 23:52:37 - [MESSAGE][PASSED] - Call Test Case 'Test Cases/V2/Test Case/Pre-conditions/PRE_ActivateNewUser' successfully

2020-09-23 23:52:37 - [TEST_STEP][PASSED] - callTestCase(findTestCase("V2/Test Case/Pre-conditions/PRE_SkipPersonalProfileSetup"), [:], STOP_ON_FAILURE): Call Test Case 'Test Cases/V2/Test Case/Pre-conditions/PRE_SkipPersonalProfileSetup' successfully

2020-09-23 23:52:37 - [TEST_CASE][PASSED] - Test Cases/V2/Test Case/Pre-conditions/PRE_SkipPersonalProfileSetup: Test Cases/V2/Test Case/Pre-conditions/PRE_SkipPersonalProfileSetup

2020-09-23 23:52:37 - [TEST_STEP][PASSED] - waitForElementVisible(findTestObject("V2/Commons/FirstUpdateCompanyAndPersonalInfoModal/confirmPersonalInfoHeader_h1"), DefaultTimeout): Object 'Object Repository/V2/Commons/FirstUpdateCompanyAndPersonalInfoModal/confirmPersonalInfoHeader_h1' is visible

2020-09-23 23:52:37 - [MESSAGE][PASSED] - Object 'Object Repository/V2/Commons/FirstUpdateCompanyAndPersonalInfoModal/confirmPersonalInfoHeader_h1' is visible

2020-09-23 23:52:37 - [TEST_STEP][PASSED] - click(findTestObject("V2/Commons/FirstUpdateCompanyAndPersonalInfoModal/confirmInfoSkip_button")): Object: 'Object Repository/V2/Commons/FirstUpdateCompanyAndPersonalInfoModal/confirmInfoSkip_button' is clicked on

2020-09-23 23:52:38 - [MESSAGE][PASSED] - Object: 'Object Repository/V2/Commons/FirstUpdateCompanyAndPersonalInfoModal/confirmInfoSkip_button' is clicked on

2020-09-23 23:52:38 - [TEST_STEP][PASSED] - waitForElementVisible(findTestObject("V2/Commons/FirstUpdateCompanyAndPersonalInfoModal/letsGetStarted_button"), DefaultTimeout): Object 'Object Repository/V2/Commons/FirstUpdateCompanyAndPersonalInfoModal/letsGetStarted_button' is visible

2020-09-23 23:52:38 - [MESSAGE][PASSED] - Object 'Object Repository/V2/Commons/FirstUpdateCompanyAndPersonalInfoModal/letsGetStarted_button' is visible

2020-09-23 23:52:38 - [TEST_STEP][PASSED] - click(findTestObject("V2/Commons/FirstUpdateCompanyAndPersonalInfoModal/letsGetStarted_button")): Object: 'Object Repository/V2/Commons/FirstUpdateCompanyAndPersonalInfoModal/letsGetStarted_button' is clicked on

2020-09-23 23:52:39 - [MESSAGE][PASSED] - Object: 'Object Repository/V2/Commons/FirstUpdateCompanyAndPersonalInfoModal/letsGetStarted_button' is clicked on

2020-09-23 23:52:39 - [MESSAGE][PASSED] - Call Test Case 'Test Cases/V2/Test Case/Pre-conditions/PRE_SkipPersonalProfileSetup' successfully

2020-09-23 23:52:39 - [MESSAGE][PASSED] - Call Test Case 'Test Cases/V2/Test Case/Pre-conditions/PRE_RegisterAndActivateTTUsers' successfully

2020-09-23 23:52:39 - [TEST_STEP][PASSED] - closeBrowser(): Browser is closed

2020-09-23 23:52:39 - [MESSAGE][PASSED] - Browser is closed

2020-09-23 23:52:39 - [TEST_STEP][PASSED] - path = System.getProperty("user.dir"): null

2020-09-23 23:52:39 - [TEST_STEP][PASSED] - System.setProperty("webdriver.chrome.driver", getChromeDriverPath()): null

2020-09-23 23:52:39 - [TEST_STEP][PASSED] - driver1 = new org.openqa.selenium.chrome.ChromeDriver(): null

2020-09-23 23:52:43 - [TEST_STEP][PASSED] - changeWebDriver(driver1): null

2020-09-23 23:52:43 - [TEST_STEP][PASSED] - maximizeWindow(): Current window maximized

2020-09-23 23:52:45 - [MESSAGE][PASSED] - Current window maximized

2020-09-23 23:52:45 - [TEST_STEP][PASSED] - navigateToUrl(V2Url): Navigate to 'http://local.traction.tools:5000' successfully

2020-09-23 23:52:46 - [MESSAGE][PASSED] - Navigate to 'http://local.traction.tools:5000' successfully

2020-09-23 23:52:46 - [TEST_STEP][PASSED] - callTestCase(findTestCase("V2/Test Case/Pre-conditions/PRE_LoginToTractionToolsApplication"), ["username":email, "password":password], STOP_ON_FAILURE): Call Test Case 'Test Cases/V2/Test Case/Pre-conditions/PRE_LoginToTractionToolsApplication' successfully

2020-09-23 23:52:46 - [TEST_CASE][PASSED] - Test Cases/V2/Test Case/Pre-conditions/PRE_LoginToTractionToolsApplication: Test Cases/V2/Test Case/Pre-conditions/PRE_LoginToTractionToolsApplication

2020-09-23 23:52:46 - [TEST_STEP][PASSED] - waitForElementVisible(findTestObject("V2/Commons/LoginPage/input__username"), DefaultTimeout): Object 'Object Repository/V2/Commons/LoginPage/input__username' is visible

2020-09-23 23:52:50 - [MESSAGE][PASSED] - Object 'Object Repository/V2/Commons/LoginPage/input__username' is visible

2020-09-23 23:52:50 - [TEST_STEP][PASSED] - waitForElementVisible(findTestObject("V2/Commons/LoginPage/input__password"), DefaultTimeout): Object 'Object Repository/V2/Commons/LoginPage/input__password' is visible

2020-09-23 23:52:50 - [MESSAGE][PASSED] - Object 'Object Repository/V2/Commons/LoginPage/input__password' is visible

2020-09-23 23:52:50 - [TEST_STEP][PASSED] - setText(findTestObject("V2/Commons/LoginPage/input__username"), username): Text 'tractiontools.user001+ta5aq7hu@gmail.com' is set on object 'Object Repository/V2/Commons/LoginPage/input__username'

2020-09-23 23:52:50 - [MESSAGE][PASSED] - Text 'tractiontools.user001+ta5aq7hu@gmail.com' is set on object 'Object Repository/V2/Commons/LoginPage/input__username'

2020-09-23 23:52:50 - [TEST_STEP][PASSED] - setText(findTestObject("V2/Commons/LoginPage/input__password"), password): Text 'Qwer123!' is set on object 'Object Repository/V2/Commons/LoginPage/input__password'

2020-09-23 23:52:51 - [MESSAGE][PASSED] - Text 'Qwer123!' is set on object 'Object Repository/V2/Commons/LoginPage/input__password'

2020-09-23 23:52:51 - [TEST_STEP][PASSED] - click(findTestObject("V2/Commons/LoginPage/div_Login")): Object: 'Object Repository/V2/Commons/LoginPage/div_Login' is clicked on

2020-09-23 23:52:51 - [MESSAGE][PASSED] - Object: 'Object Repository/V2/Commons/LoginPage/div_Login' is clicked on

2020-09-23 23:52:51 - [TEST_STEP][PASSED] - waitForElementVisible(findTestObject("V2/Commons/DasboardPage_SidebarMenu/img_Home_logo-big"), DefaultTimeout): Object 'Object Repository/V2/Commons/DasboardPage_SidebarMenu/img_Home_logo-big' is visible

2020-09-23 23:52:54 - [MESSAGE][PASSED] - Object 'Object Repository/V2/Commons/DasboardPage_SidebarMenu/img_Home_logo-big' is visible

2020-09-23 23:52:54 - [TEST_STEP][PASSED] - verifyElementVisible(findTestObject("V2/Commons/DasboardPage_SidebarMenu/img_Home_logo-big"), STOP_ON_FAILURE): Object 'Object Repository/V2/Commons/DasboardPage_SidebarMenu/img_Home_logo-big' is visible

2020-09-23 23:52:54 - [MESSAGE][PASSED] - Object 'Object Repository/V2/Commons/DasboardPage_SidebarMenu/img_Home_logo-big' is visible

2020-09-23 23:52:54 - [MESSAGE][PASSED] - Call Test Case 'Test Cases/V2/Test Case/Pre-conditions/PRE_LoginToTractionToolsApplication' successfully

2020-09-23 23:52:54 - [TEST_STEP][PASSED] - driver2 = new org.openqa.selenium.chrome.ChromeDriver(): null

2020-09-23 23:52:57 - [TEST_STEP][PASSED] - changeWebDriver(driver2): null

2020-09-23 23:52:57 - [TEST_STEP][PASSED] - maximizeWindow(): Current window maximized

2020-09-23 23:52:59 - [MESSAGE][PASSED] - Current window maximized

2020-09-23 23:52:59 - [TEST_STEP][PASSED] - navigateToUrl(V2Url): Navigate to 'http://local.traction.tools:5000' successfully

2020-09-23 23:53:00 - [MESSAGE][PASSED] - Navigate to 'http://local.traction.tools:5000' successfully

2020-09-23 23:53:00 - [TEST_STEP][PASSED] - callTestCase(findTestCase("V2/Test Case/Pre-conditions/PRE_LoginToTractionToolsApplication"), ["username":supervisor_email, "password":password], STOP_ON_FAILURE): Call Test Case 'Test Cases/V2/Test Case/Pre-conditions/PRE_LoginToTractionToolsApplication' successfully

2020-09-23 23:53:00 - [TEST_CASE][PASSED] - Test Cases/V2/Test Case/Pre-conditions/PRE_LoginToTractionToolsApplication: Test Cases/V2/Test Case/Pre-conditions/PRE_LoginToTractionToolsApplication

2020-09-23 23:53:00 - [TEST_STEP][PASSED] - waitForElementVisible(findTestObject("V2/Commons/LoginPage/input__username"), DefaultTimeout): Object 'Object Repository/V2/Commons/LoginPage/input__username' is visible

2020-09-23 23:53:02 - [MESSAGE][PASSED] - Object 'Object Repository/V2/Commons/LoginPage/input__username' is visible

2020-09-23 23:53:02 - [TEST_STEP][PASSED] - waitForElementVisible(findTestObject("V2/Commons/LoginPage/input__password"), DefaultTimeout): Object 'Object Repository/V2/Commons/LoginPage/input__password' is visible

2020-09-23 23:53:02 - [MESSAGE][PASSED] - Object 'Object Repository/V2/Commons/LoginPage/input__password' is visible

2020-09-23 23:53:02 - [TEST_STEP][PASSED] - setText(findTestObject("V2/Commons/LoginPage/input__username"), username): Text 'tractiontools.user001+ts5r65z9@gmail.com' is set on object 'Object Repository/V2/Commons/LoginPage/input__username'

2020-09-23 23:53:02 - [MESSAGE][PASSED] - Text 'tractiontools.user001+ts5r65z9@gmail.com' is set on object 'Object Repository/V2/Commons/LoginPage/input__username'

2020-09-23 23:53:02 - [TEST_STEP][PASSED] - setText(findTestObject("V2/Commons/LoginPage/input__password"), password): Text 'Qwer123!' is set on object 'Object Repository/V2/Commons/LoginPage/input__password'

2020-09-23 23:53:02 - [MESSAGE][PASSED] - Text 'Qwer123!' is set on object 'Object Repository/V2/Commons/LoginPage/input__password'

2020-09-23 23:53:02 - [TEST_STEP][PASSED] - click(findTestObject("V2/Commons/LoginPage/div_Login")): Object: 'Object Repository/V2/Commons/LoginPage/div_Login' is clicked on

2020-09-23 23:53:02 - [MESSAGE][PASSED] - Object: 'Object Repository/V2/Commons/LoginPage/div_Login' is clicked on

2020-09-23 23:53:02 - [TEST_STEP][PASSED] - waitForElementVisible(findTestObject("V2/Commons/DasboardPage_SidebarMenu/img_Home_logo-big"), DefaultTimeout): Object 'Object Repository/V2/Commons/DasboardPage_SidebarMenu/img_Home_logo-big' is visible

2020-09-23 23:53:05 - [MESSAGE][PASSED] - Object 'Object Repository/V2/Commons/DasboardPage_SidebarMenu/img_Home_logo-big' is visible

2020-09-23 23:53:05 - [TEST_STEP][PASSED] - verifyElementVisible(findTestObject("V2/Commons/DasboardPage_SidebarMenu/img_Home_logo-big"), STOP_ON_FAILURE): Object 'Object Repository/V2/Commons/DasboardPage_SidebarMenu/img_Home_logo-big' is visible

2020-09-23 23:53:05 - [MESSAGE][PASSED] - Object 'Object Repository/V2/Commons/DasboardPage_SidebarMenu/img_Home_logo-big' is visible

2020-09-23 23:53:05 - [MESSAGE][PASSED] - Call Test Case 'Test Cases/V2/Test Case/Pre-conditions/PRE_LoginToTractionToolsApplication' successfully

2020-09-23 23:53:05 - [TEST_STEP][PASSED] - driver3 = new org.openqa.selenium.chrome.ChromeDriver(): null

2020-09-23 23:53:09 - [TEST_STEP][PASSED] - changeWebDriver(driver3): null

2020-09-23 23:53:09 - [TEST_STEP][PASSED] - maximizeWindow(): Current window maximized

2020-09-23 23:53:11 - [MESSAGE][PASSED] - Current window maximized

2020-09-23 23:53:11 - [TEST_STEP][PASSED] - navigateToUrl(V2Url): Navigate to 'http://local.traction.tools:5000' successfully

2020-09-23 23:53:12 - [MESSAGE][PASSED] - Navigate to 'http://local.traction.tools:5000' successfully

2020-09-23 23:53:12 - [TEST_STEP][PASSED] - callTestCase(findTestCase("V2/Test Case/Pre-conditions/PRE_LoginToTractionToolsApplication"), ["username":employee_email, "password":password], STOP_ON_FAILURE): Call Test Case 'Test Cases/V2/Test Case/Pre-conditions/PRE_LoginToTractionToolsApplication' successfully

2020-09-23 23:53:12 - [TEST_CASE][PASSED] - Test Cases/V2/Test Case/Pre-conditions/PRE_LoginToTractionToolsApplication: Test Cases/V2/Test Case/Pre-conditions/PRE_LoginToTractionToolsApplication

2020-09-23 23:53:12 - [TEST_STEP][PASSED] - waitForElementVisible(findTestObject("V2/Commons/LoginPage/input__username"), DefaultTimeout): Object 'Object Repository/V2/Commons/LoginPage/input__username' is visible

2020-09-23 23:53:13 - [MESSAGE][PASSED] - Object 'Object Repository/V2/Commons/LoginPage/input__username' is visible

2020-09-23 23:53:13 - [TEST_STEP][PASSED] - waitForElementVisible(findTestObject("V2/Commons/LoginPage/input__password"), DefaultTimeout): Object 'Object Repository/V2/Commons/LoginPage/input__password' is visible

2020-09-23 23:53:13 - [MESSAGE][PASSED] - Object 'Object Repository/V2/Commons/LoginPage/input__password' is visible

2020-09-23 23:53:13 - [TEST_STEP][PASSED] - setText(findTestObject("V2/Commons/LoginPage/input__username"), username): Text 'tractiontools.user001+te5xbrke@gmail.com' is set on object 'Object Repository/V2/Commons/LoginPage/input__username'

2020-09-23 23:53:14 - [MESSAGE][PASSED] - Text 'tractiontools.user001+te5xbrke@gmail.com' is set on object 'Object Repository/V2/Commons/LoginPage/input__username'

2020-09-23 23:53:14 - [TEST_STEP][PASSED] - setText(findTestObject("V2/Commons/LoginPage/input__password"), password): Text 'Qwer123!' is set on object 'Object Repository/V2/Commons/LoginPage/input__password'

2020-09-23 23:53:14 - [MESSAGE][PASSED] - Text 'Qwer123!' is set on object 'Object Repository/V2/Commons/LoginPage/input__password'

2020-09-23 23:53:14 - [TEST_STEP][PASSED] - click(findTestObject("V2/Commons/LoginPage/div_Login")): Object: 'Object Repository/V2/Commons/LoginPage/div_Login' is clicked on

2020-09-23 23:53:14 - [MESSAGE][PASSED] - Object: 'Object Repository/V2/Commons/LoginPage/div_Login' is clicked on

2020-09-23 23:53:14 - [TEST_STEP][PASSED] - waitForElementVisible(findTestObject("V2/Commons/DasboardPage_SidebarMenu/img_Home_logo-big"), DefaultTimeout): Object 'Object Repository/V2/Commons/DasboardPage_SidebarMenu/img_Home_logo-big' is visible

2020-09-23 23:53:16 - [MESSAGE][PASSED] - Object 'Object Repository/V2/Commons/DasboardPage_SidebarMenu/img_Home_logo-big' is visible

2020-09-23 23:53:16 - [TEST_STEP][PASSED] - verifyElementVisible(findTestObject("V2/Commons/DasboardPage_SidebarMenu/img_Home_logo-big"), STOP_ON_FAILURE): Object 'Object Repository/V2/Commons/DasboardPage_SidebarMenu/img_Home_logo-big' is visible

2020-09-23 23:53:16 - [MESSAGE][PASSED] - Object 'Object Repository/V2/Commons/DasboardPage_SidebarMenu/img_Home_logo-big' is visible

2020-09-23 23:53:16 - [MESSAGE][PASSED] - Call Test Case 'Test Cases/V2/Test Case/Pre-conditions/PRE_LoginToTractionToolsApplication' successfully

2020-09-23 23:53:16 - [TEST_STEP][PASSED] - changeWebDriver(driver1): null

2020-09-23 23:53:16 - [TEST_STEP][FAILED] - callTestCase(findTestCase("V2/Test Case/Tests/TT-363 - Meeting List/Positive/Admin/TT_363_1-1_CreateL10MeetingforMonday_Admin"), ["username":"", "password":"", "meetingName":meetingName, "meetingAcronym":meetingAcronym, "meetingDescription":meetingDescription, ... ], STOP_ON_FAILURE): Unable to call Test Case 'Test Cases/V2/Test Case/Tests/TT-363 - Meeting List/Positive/Admin/TT_363_1-1_CreateL10MeetingforMonday_Admin' (Root cause: com.kms.katalon.core.exception.StepFailedException: Call Test Case 'Test Cases/V2/Test Case/Tests/TT-363 - Meeting List/Positive/Admin/TT_363_1-1_CreateL10MeetingforMonday_Admin' failed
	at com.kms.katalon.core.keyword.builtin.CallTestCaseKeyword$_callTestCase_closure1.doCall(CallTestCaseKeyword.groovy:63)
	at com.kms.katalon.core.keyword.builtin.CallTestCaseKeyword$_callTestCase_closure1.call(CallTestCaseKeyword.groovy)
	at com.kms.katalon.core.keyword.internal.KeywordMain.runKeyword(KeywordMain.groovy:68)
	at com.kms.katalon.core.keyword.builtin.CallTestCaseKeyword.callTestCase(CallTestCaseKeyword.groovy:81)
	at com.kms.katalon.core.keyword.builtin.CallTestCaseKeyword.execute(CallTestCaseKeyword.groovy:44)
	at com.kms.katalon.core.keyword.internal.KeywordExecutor.executeKeywordForPlatform(KeywordExecutor.groovy:73)
	at com.kms.katalon.core.keyword.BuiltinKeywords.callTestCase(BuiltinKeywords.groovy:334)
	at TT_363_5_AddRole_AllTestCase.run(TT_363_5_AddRole_AllTestCase:71)
	at com.kms.katalon.core.main.ScriptEngine.run(ScriptEngine.java:194)
	at com.kms.katalon.core.main.ScriptEngine.runScriptAsRawText(ScriptEngine.java:119)
	at com.kms.katalon.core.main.TestCaseExecutor.runScript(TestCaseExecutor.java:339)
	at com.kms.katalon.core.main.TestCaseExecutor.doExecute(TestCaseExecutor.java:330)
	at com.kms.katalon.core.main.TestCaseExecutor.processExecutionPhase(TestCaseExecutor.java:309)
	at com.kms.katalon.core.main.TestCaseExecutor.accessMainPhase(TestCaseExecutor.java:301)
	at com.kms.katalon.core.main.TestCaseExecutor.execute(TestCaseExecutor.java:235)
	at com.kms.katalon.core.main.TestSuiteExecutor.accessTestCaseMainPhase(TestSuiteExecutor.java:191)
	at com.kms.katalon.core.main.TestSuiteExecutor.accessTestSuiteMainPhase(TestSuiteExecutor.java:141)
	at com.kms.katalon.core.main.TestSuiteExecutor.execute(TestSuiteExecutor.java:90)
	at com.kms.katalon.core.main.TestCaseMain.startTestSuite(TestCaseMain.java:157)
	at com.kms.katalon.core.main.TestCaseMain$startTestSuite$0.call(Unknown Source)
	at TempTestSuite1600874509971.run(TempTestSuite1600874509971.groovy:39)
Caused by: com.kms.katalon.core.exception.StepFailedException: Unable to click on object 'Object Repository/V2/TT-363/Page_Meeting/div_Ill do this later'
	at com.kms.katalon.core.webui.keyword.internal.WebUIKeywordMain.stepFailed(WebUIKeywordMain.groovy:64)
	at com.kms.katalon.core.webui.keyword.internal.WebUIKeywordMain.runKeyword(WebUIKeywordMain.groovy:26)
	at com.kms.katalon.core.webui.keyword.builtin.ClickKeyword.click(ClickKeyword.groovy:76)
	at com.kms.katalon.core.webui.keyword.builtin.ClickKeyword.execute(ClickKeyword.groovy:43)
	at com.kms.katalon.core.keyword.internal.KeywordExecutor.executeKeywordForPlatform(KeywordExecutor.groovy:73)
	at com.kms.katalon.core.webui.keyword.WebUiBuiltInKeywords.click(WebUiBuiltInKeywords.groovy:616)
	at com.kms.katalon.core.webui.keyword.WebUiBuiltInKeywords$click$5.call(Unknown Source)
	at TT_363_1-1_CreateL10MeetingforMonday_Admin.run(TT_363_1-1_CreateL10MeetingforMonday_Admin:55)
	at com.kms.katalon.core.main.ScriptEngine.run(ScriptEngine.java:194)
	at com.kms.katalon.core.main.ScriptEngine.runScriptAsRawText(ScriptEngine.java:119)
	at com.kms.katalon.core.main.TestCaseExecutor.runScript(TestCaseExecutor.java:339)
	at com.kms.katalon.core.main.TestCaseExecutor.doExecute(TestCaseExecutor.java:330)
	at com.kms.katalon.core.main.TestCaseExecutor.processExecutionPhase(TestCaseExecutor.java:309)
	at com.kms.katalon.core.main.TestCaseExecutor.accessMainPhase(TestCaseExecutor.java:301)
	at com.kms.katalon.core.main.TestCaseExecutor.execute(TestCaseExecutor.java:235)
	at com.kms.katalon.core.main.TestCaseMain.runTestCase(TestCaseMain.java:114)
	at com.kms.katalon.core.keyword.builtin.CallTestCaseKeyword$_callTestCase_closure1.doCall(CallTestCaseKeyword.groovy:59)
	... 20 more
Caused by: com.kms.katalon.core.webui.exception.WebElementNotFoundException: Web element with id: 'Object Repository/V2/TT-363/Page_Meeting/div_Ill do this later' located by '//div[@id='CREATE_MEETING_SUCCESS_MODAL']/div[2]/div[3]/button[2]/div/div' not found
	at com.kms.katalon.core.webui.common.WebUiCommonHelper.findWebElement(WebUiCommonHelper.java:1368)
	at com.kms.katalon.core.webui.keyword.internal.WebUIAbstractKeyword.findWebElement(WebUIAbstractKeyword.groovy:27)
	at com.kms.katalon.core.webui.keyword.internal.WebUIAbstractKeyword.findWebElement(WebUIAbstractKeyword.groovy:26)
	at com.kms.katalon.core.webui.keyword.builtin.ClickKeyword$_click_closure1.doCall(ClickKeyword.groovy:67)
	at com.kms.katalon.core.webui.keyword.builtin.ClickKeyword$_click_closure1.call(ClickKeyword.groovy)
	at com.kms.katalon.core.webui.keyword.internal.WebUIKeywordMain.runKeyword(WebUIKeywordMain.groovy:20)
	... 35 more
)

2020-09-23 23:53:16 - [TEST_CASE][FAILED] - Test Cases/V2/Test Case/Tests/TT-363 - Meeting List/Positive/Admin/TT_363_1-1_CreateL10MeetingforMonday_Admin: Test Cases/V2/Test Case/Tests/TT-363 - Meeting List/Positive/Admin/TT_363_1-1_CreateL10MeetingforMonday_Admin FAILED.
Reason:
com.kms.katalon.core.exception.StepFailedException: Unable to click on object 'Object Repository/V2/TT-363/Page_Meeting/div_Ill do this later'
	at com.kms.katalon.core.webui.keyword.internal.WebUIKeywordMain.stepFailed(WebUIKeywordMain.groovy:64)
	at com.kms.katalon.core.webui.keyword.internal.WebUIKeywordMain.runKeyword(WebUIKeywordMain.groovy:26)
	at com.kms.katalon.core.webui.keyword.builtin.ClickKeyword.click(ClickKeyword.groovy:76)
	at com.kms.katalon.core.webui.keyword.builtin.ClickKeyword.execute(ClickKeyword.groovy:43)
	at com.kms.katalon.core.keyword.internal.KeywordExecutor.executeKeywordForPlatform(KeywordExecutor.groovy:73)
	at com.kms.katalon.core.webui.keyword.WebUiBuiltInKeywords.click(WebUiBuiltInKeywords.groovy:616)
	at com.kms.katalon.core.webui.keyword.WebUiBuiltInKeywords$click$5.call(Unknown Source)
	at TT_363_1-1_CreateL10MeetingforMonday_Admin.run(TT_363_1-1_CreateL10MeetingforMonday_Admin:55)
	at com.kms.katalon.core.main.ScriptEngine.run(ScriptEngine.java:194)
	at com.kms.katalon.core.main.ScriptEngine.runScriptAsRawText(ScriptEngine.java:119)
	at com.kms.katalon.core.main.TestCaseExecutor.runScript(TestCaseExecutor.java:339)
	at com.kms.katalon.core.main.TestCaseExecutor.doExecute(TestCaseExecutor.java:330)
	at com.kms.katalon.core.main.TestCaseExecutor.processExecutionPhase(TestCaseExecutor.java:309)
	at com.kms.katalon.core.main.TestCaseExecutor.accessMainPhase(TestCaseExecutor.java:301)
	at com.kms.katalon.core.main.TestCaseExecutor.execute(TestCaseExecutor.java:235)
	at com.kms.katalon.core.main.TestCaseMain.runTestCase(TestCaseMain.java:114)
	at com.kms.katalon.core.keyword.builtin.CallTestCaseKeyword$_callTestCase_closure1.doCall(CallTestCaseKeyword.groovy:59)
	at com.kms.katalon.core.keyword.builtin.CallTestCaseKeyword$_callTestCase_closure1.call(CallTestCaseKeyword.groovy)
	at com.kms.katalon.core.keyword.internal.KeywordMain.runKeyword(KeywordMain.groovy:68)
	at com.kms.katalon.core.keyword.builtin.CallTestCaseKeyword.callTestCase(CallTestCaseKeyword.groovy:81)
	at com.kms.katalon.core.keyword.builtin.CallTestCaseKeyword.execute(CallTestCaseKeyword.groovy:44)
	at com.kms.katalon.core.keyword.internal.KeywordExecutor.executeKeywordForPlatform(KeywordExecutor.groovy:73)
	at com.kms.katalon.core.keyword.BuiltinKeywords.callTestCase(BuiltinKeywords.groovy:334)
	at TT_363_5_AddRole_AllTestCase.run(TT_363_5_AddRole_AllTestCase:71)
	at com.kms.katalon.core.main.ScriptEngine.run(ScriptEngine.java:194)
	at com.kms.katalon.core.main.ScriptEngine.runScriptAsRawText(ScriptEngine.java:119)
	at com.kms.katalon.core.main.TestCaseExecutor.runScript(TestCaseExecutor.java:339)
	at com.kms.katalon.core.main.TestCaseExecutor.doExecute(TestCaseExecutor.java:330)
	at com.kms.katalon.core.main.TestCaseExecutor.processExecutionPhase(TestCaseExecutor.java:309)
	at com.kms.katalon.core.main.TestCaseExecutor.accessMainPhase(TestCaseExecutor.java:301)
	at com.kms.katalon.core.main.TestCaseExecutor.execute(TestCaseExecutor.java:235)
	at com.kms.katalon.core.main.TestSuiteExecutor.accessTestCaseMainPhase(TestSuiteExecutor.java:191)
	at com.kms.katalon.core.main.TestSuiteExecutor.accessTestSuiteMainPhase(TestSuiteExecutor.java:141)
	at com.kms.katalon.core.main.TestSuiteExecutor.execute(TestSuiteExecutor.java:90)
	at com.kms.katalon.core.main.TestCaseMain.startTestSuite(TestCaseMain.java:157)
	at com.kms.katalon.core.main.TestCaseMain$startTestSuite$0.call(Unknown Source)
	at TempTestSuite1600874509971.run(TempTestSuite1600874509971.groovy:39)
Caused by: com.kms.katalon.core.webui.exception.WebElementNotFoundException: Web element with id: 'Object Repository/V2/TT-363/Page_Meeting/div_Ill do this later' located by '//div[@id='CREATE_MEETING_SUCCESS_MODAL']/div[2]/div[3]/button[2]/div/div' not found
	at com.kms.katalon.core.webui.common.WebUiCommonHelper.findWebElement(WebUiCommonHelper.java:1368)
	at com.kms.katalon.core.webui.keyword.internal.WebUIAbstractKeyword.findWebElement(WebUIAbstractKeyword.groovy:27)
	at com.kms.katalon.core.webui.keyword.internal.WebUIAbstractKeyword.findWebElement(WebUIAbstractKeyword.groovy:26)
	at com.kms.katalon.core.webui.keyword.builtin.ClickKeyword$_click_closure1.doCall(ClickKeyword.groovy:67)
	at com.kms.katalon.core.webui.keyword.builtin.ClickKeyword$_click_closure1.call(ClickKeyword.groovy)
	at com.kms.katalon.core.webui.keyword.internal.WebUIKeywordMain.runKeyword(WebUIKeywordMain.groovy:20)
	... 35 more


2020-09-23 23:53:16 - [TEST_STEP][PASSED] - verifyElementPresent(findTestObject("V2/TT-363/Page_Dashboard/span_Meetings"), DefaultTimeout): Object 'Object Repository/V2/TT-363/Page_Dashboard/span_Meetings' is present

2020-09-23 23:53:16 - [MESSAGE][PASSED] - Object 'Object Repository/V2/TT-363/Page_Dashboard/span_Meetings' is present

2020-09-23 23:53:16 - [TEST_STEP][PASSED] - click(findTestObject("V2/TT-363/Page_Dashboard/span_Meetings")): Object: 'Object Repository/V2/TT-363/Page_Dashboard/span_Meetings' is clicked on

2020-09-23 23:53:16 - [MESSAGE][PASSED] - Object: 'Object Repository/V2/TT-363/Page_Dashboard/span_Meetings' is clicked on

2020-09-23 23:53:16 - [TEST_STEP][PASSED] - click(findTestObject("Object Repository/V2/TT-363/Page_Meeting/div_Create a meeting")): Object: 'Object Repository/V2/TT-363/Page_Meeting/div_Create a meeting' is clicked on

2020-09-23 23:53:17 - [MESSAGE][PASSED] - Object: 'Object Repository/V2/TT-363/Page_Meeting/div_Create a meeting' is clicked on

2020-09-23 23:53:17 - [TEST_STEP][PASSED] - click(findTestObject("Object Repository/V2/TT-363/Page_Meeting/button_Level 10")): Object: 'Object Repository/V2/TT-363/Page_Meeting/button_Level 10' is clicked on

2020-09-23 23:53:17 - [MESSAGE][PASSED] - Object: 'Object Repository/V2/TT-363/Page_Meeting/button_Level 10' is clicked on

2020-09-23 23:53:17 - [TEST_STEP][PASSED] - waitForElementVisible(findTestObject("Object Repository/V2/TT-363/Page_Meeting/input__name"), DefaultTimeout): Object 'Object Repository/V2/TT-363/Page_Meeting/input__name' is visible

2020-09-23 23:53:17 - [MESSAGE][PASSED] - Object 'Object Repository/V2/TT-363/Page_Meeting/input__name' is visible

2020-09-23 23:53:17 - [TEST_STEP][PASSED] - setText(findTestObject("Object Repository/V2/TT-363/Page_Meeting/input__name"), meetingName): Text 'SP Meeting Admin' is set on object 'Object Repository/V2/TT-363/Page_Meeting/input__name'

2020-09-23 23:53:17 - [MESSAGE][PASSED] - Text 'SP Meeting Admin' is set on object 'Object Repository/V2/TT-363/Page_Meeting/input__name'

2020-09-23 23:53:17 - [TEST_STEP][PASSED] - setText(findTestObject("Object Repository/V2/TT-363/Page_Meeting/input__acronym"), meetingAcronym): Text 'CSP' is set on object 'Object Repository/V2/TT-363/Page_Meeting/input__acronym'

2020-09-23 23:53:17 - [MESSAGE][PASSED] - Text 'CSP' is set on object 'Object Repository/V2/TT-363/Page_Meeting/input__acronym'

2020-09-23 23:53:17 - [TEST_STEP][PASSED] - setText(findTestObject("Object Repository/V2/TT-363/Page_Meeting/input_Meeting description (max 100 characte_8187fa"), meetingDescription): Text 'L10 Meeting' is set on object 'Object Repository/V2/TT-363/Page_Meeting/input_Meeting description (max 100 characte_8187fa'

2020-09-23 23:53:18 - [MESSAGE][PASSED] - Text 'L10 Meeting' is set on object 'Object Repository/V2/TT-363/Page_Meeting/input_Meeting description (max 100 characte_8187fa'

2020-09-23 23:53:18 - [TEST_STEP][PASSED] - click(findTestObject("Object Repository/V2/TT-363/Page_Meeting/input__typeOfMeeting")): Object: 'Object Repository/V2/TT-363/Page_Meeting/input__typeOfMeeting' is clicked on

2020-09-23 23:53:18 - [MESSAGE][PASSED] - Object: 'Object Repository/V2/TT-363/Page_Meeting/input__typeOfMeeting' is clicked on

2020-09-23 23:53:18 - [TEST_STEP][PASSED] - click(findTestObject("V2/TT-363/Page_Meeting/div_Leadership")): Object: 'Object Repository/V2/TT-363/Page_Meeting/div_Leadership' is clicked on

2020-09-23 23:53:18 - [MESSAGE][PASSED] - Object: 'Object Repository/V2/TT-363/Page_Meeting/div_Leadership' is clicked on

2020-09-23 23:53:18 - [TEST_STEP][PASSED] - click(findTestObject("Object Repository/V2/TT-363/Page_Meeting/div_Select a dayMondayTuesdayWednesdayThurs_fcb808")): Object: 'Object Repository/V2/TT-363/Page_Meeting/div_Select a dayMondayTuesdayWednesdayThurs_fcb808' is clicked on

2020-09-23 23:53:18 - [MESSAGE][PASSED] - Object: 'Object Repository/V2/TT-363/Page_Meeting/div_Select a dayMondayTuesdayWednesdayThurs_fcb808' is clicked on

2020-09-23 23:53:18 - [TEST_STEP][PASSED] - click(findTestObject("V2/TT-363/Page_Meeting/div_Monday")): Object: 'Object Repository/V2/TT-363/Page_Meeting/div_Monday' is clicked on

2020-09-23 23:53:18 - [MESSAGE][PASSED] - Object: 'Object Repository/V2/TT-363/Page_Meeting/div_Monday' is clicked on

2020-09-23 23:53:18 - [TEST_STEP][PASSED] - click(findTestObject("Object Repository/V2/TT-363/Page_Meeting/div_000")): Object: 'Object Repository/V2/TT-363/Page_Meeting/div_000' is clicked on

2020-09-23 23:53:18 - [MESSAGE][PASSED] - Object: 'Object Repository/V2/TT-363/Page_Meeting/div_000' is clicked on

2020-09-23 23:53:18 - [TEST_STEP][PASSED] - click(findTestObject("Object Repository/V2/TT-363/Page_Meeting/span_0800")): Object: 'Object Repository/V2/TT-363/Page_Meeting/span_0800' is clicked on

2020-09-23 23:53:18 - [MESSAGE][PASSED] - Object: 'Object Repository/V2/TT-363/Page_Meeting/span_0800' is clicked on

2020-09-23 23:53:18 - [TEST_STEP][PASSED] - setText(findTestObject("Object Repository/V2/TT-363/Page_Meeting/input_Video conference URL_meetingLink"), videoConference): Text 'https://yourvideoconference.com/sample' is set on object 'Object Repository/V2/TT-363/Page_Meeting/input_Video conference URL_meetingLink'

2020-09-23 23:53:18 - [MESSAGE][PASSED] - Text 'https://yourvideoconference.com/sample' is set on object 'Object Repository/V2/TT-363/Page_Meeting/input_Video conference URL_meetingLink'

2020-09-23 23:53:18 - [TEST_STEP][PASSED] - click(findTestObject("Object Repository/V2/TT-363/Page_Meeting/div_Create Meeting")): Object: 'Object Repository/V2/TT-363/Page_Meeting/div_Create Meeting' is clicked on

2020-09-23 23:53:18 - [MESSAGE][PASSED] - Object: 'Object Repository/V2/TT-363/Page_Meeting/div_Create Meeting' is clicked on

2020-09-23 23:53:18 - [TEST_STEP][PASSED] - waitForElementVisible(findTestObject("Object Repository/V2/TT-363/Page_Meeting/div_Ill do this later"), DefaultTimeout): Web element with id: 'Object Repository/V2/TT-363/Page_Meeting/div_Ill do this later' located by '//div[@id='CREATE_MEETING_SUCCESS_MODAL']/div[2]/div[3]/button[2]/div/div' not found

2020-09-23 23:54:20 - [MESSAGE][INFO] - Unable to find the element located by 'By.xpath: //div[@id='CREATE_MEETING_SUCCESS_MODAL']/div[2]/div[3]/button[2]/div/div'. Please recheck the objects properties to make sure the desired element is located. 

2020-09-23 23:54:20 - [MESSAGE][WARNING] - [SELF-HEALING] Failed to find element with id 'Object Repository/V2/TT-363/Page_Meeting/div_Ill do this later'. Try using Self-healing.

2020-09-23 23:54:20 - [MESSAGE][INFO] - [SELF-HEALING] Failed Locator: '//div[@id='CREATE_MEETING_SUCCESS_MODAL']/div[2]/div[3]/button[2]/div/div'.

2020-09-23 23:54:20 - [MESSAGE][INFO] - [SELF-HEALING] Failed Locator: '(.//*[normalize-space(text()) and normalize-space(.)='Populate meeting'])[1]/following::div[2]'.

2020-09-23 23:54:20 - [MESSAGE][INFO] - [SELF-HEALING] Failed Locator: '(.//*[normalize-space(text()) and normalize-space(.)='Now let’s start adding attendees and content to the agenda.'])[1]/following::div[5]'.

2020-09-23 23:54:20 - [MESSAGE][INFO] - [SELF-HEALING] Failed Locator: '//div[4]/div/div/div[2]/div[3]/button[2]/div/div'.

2020-09-23 23:54:20 - [MESSAGE][INFO] - [SELF-HEALING] Failed Locator: '//div[@id='CREATE_MEETING_SUCCESS_MODAL']/div[2]/div[3]/button[2]/div/div'.

2020-09-23 23:54:20 - [MESSAGE][INFO] - [SELF-HEALING] Failed Locator: '(.//*[normalize-space(text()) and normalize-space(.)='Populate meeting'])[1]/following::div[2]'.

2020-09-23 23:54:20 - [MESSAGE][INFO] - [SELF-HEALING] Failed Locator: '(.//*[normalize-space(text()) and normalize-space(.)='Now let’s start adding attendees and content to the agenda.'])[1]/following::div[5]'.

2020-09-23 23:54:20 - [MESSAGE][INFO] - [SELF-HEALING] Failed Locator: '//div[4]/div/div/div[2]/div[3]/button[2]/div/div'.

2020-09-23 23:54:20 - [MESSAGE][INFO] - [SELF-HEALING] Failed Locator: '//div[@id='CREATE_MEETING_SUCCESS_MODAL']/div[2]/div[3]/button[2]/div/div'.

2020-09-23 23:54:20 - [MESSAGE][INFO] - [SELF-HEALING] Failed Locator: '(.//*[normalize-space(text()) and normalize-space(.)='Populate meeting'])[1]/following::div[2]'.

2020-09-23 23:54:20 - [MESSAGE][INFO] - [SELF-HEALING] Failed Locator: '(.//*[normalize-space(text()) and normalize-space(.)='Now let’s start adding attendees and content to the agenda.'])[1]/following::div[5]'.

2020-09-23 23:54:20 - [MESSAGE][INFO] - [SELF-HEALING] Failed Locator: '//div[4]/div/div/div[2]/div[3]/button[2]/div/div'.

2020-09-23 23:54:20 - [MESSAGE][INFO] - [SELF-HEALING] Failed Locator: '//div[@id='CREATE_MEETING_SUCCESS_MODAL']/div[2]/div[3]/button[2]/div/div'.

2020-09-23 23:54:20 - [MESSAGE][INFO] - [SELF-HEALING] Failed Locator: '(.//*[normalize-space(text()) and normalize-space(.)='Populate meeting'])[1]/following::div[2]'.

2020-09-23 23:54:20 - [MESSAGE][INFO] - [SELF-HEALING] Failed Locator: '(.//*[normalize-space(text()) and normalize-space(.)='Now let’s start adding attendees and content to the agenda.'])[1]/following::div[5]'.

2020-09-23 23:54:20 - [MESSAGE][INFO] - [SELF-HEALING] Failed Locator: '//div[4]/div/div/div[2]/div[3]/button[2]/div/div'.

2020-09-23 23:54:20 - [MESSAGE][INFO] - [SELF-HEALING] Failed Locator: '//div[@id='CREATE_MEETING_SUCCESS_MODAL']/div[2]/div[3]/button[2]/div/div'.

2020-09-23 23:54:20 - [MESSAGE][INFO] - [SELF-HEALING] Failed Locator: '(.//*[normalize-space(text()) and normalize-space(.)='Populate meeting'])[1]/following::div[2]'.

2020-09-23 23:54:20 - [MESSAGE][INFO] - [SELF-HEALING] Failed Locator: '(.//*[normalize-space(text()) and normalize-space(.)='Now let’s start adding attendees and content to the agenda.'])[1]/following::div[5]'.

2020-09-23 23:54:20 - [MESSAGE][INFO] - [SELF-HEALING] Failed Locator: '//div[4]/div/div/div[2]/div[3]/button[2]/div/div'.

2020-09-23 23:54:20 - [MESSAGE][INFO] - [SELF-HEALING] Failed Locator: '//div[@id='CREATE_MEETING_SUCCESS_MODAL']/div[2]/div[3]/button[2]/div/div'.

2020-09-23 23:54:20 - [MESSAGE][INFO] - [SELF-HEALING] Failed Locator: '(.//*[normalize-space(text()) and normalize-space(.)='Populate meeting'])[1]/following::div[2]'.

2020-09-23 23:54:20 - [MESSAGE][INFO] - [SELF-HEALING] Failed Locator: '(.//*[normalize-space(text()) and normalize-space(.)='Now let’s start adding attendees and content to the agenda.'])[1]/following::div[5]'.

2020-09-23 23:54:20 - [MESSAGE][INFO] - [SELF-HEALING] Failed Locator: '//div[4]/div/div/div[2]/div[3]/button[2]/div/div'.

2020-09-23 23:54:20 - [MESSAGE][INFO] - [SELF-HEALING] Failed Locator: '//div[@id='CREATE_MEETING_SUCCESS_MODAL']/div[2]/div[3]/button[2]/div/div'.

2020-09-23 23:54:20 - [MESSAGE][INFO] - [SELF-HEALING] Failed Locator: '(.//*[normalize-space(text()) and normalize-space(.)='Populate meeting'])[1]/following::div[2]'.

2020-09-23 23:54:20 - [MESSAGE][INFO] - [SELF-HEALING] Failed Locator: '(.//*[normalize-space(text()) and normalize-space(.)='Now let’s start adding attendees and content to the agenda.'])[1]/following::div[5]'.

2020-09-23 23:54:20 - [MESSAGE][INFO] - [SELF-HEALING] Failed Locator: '//div[4]/div/div/div[2]/div[3]/button[2]/div/div'.

2020-09-23 23:54:20 - [MESSAGE][INFO] - [SELF-HEALING] Failed Locator: '//div[@id='CREATE_MEETING_SUCCESS_MODAL']/div[2]/div[3]/button[2]/div/div'.

2020-09-23 23:54:20 - [MESSAGE][INFO] - [SELF-HEALING] Failed Locator: '(.//*[normalize-space(text()) and normalize-space(.)='Populate meeting'])[1]/following::div[2]'.

2020-09-23 23:54:20 - [MESSAGE][INFO] - [SELF-HEALING] Failed Locator: '(.//*[normalize-space(text()) and normalize-space(.)='Now let’s start adding attendees and content to the agenda.'])[1]/following::div[5]'.

2020-09-23 23:54:20 - [MESSAGE][INFO] - [SELF-HEALING] Failed Locator: '//div[4]/div/div/div[2]/div[3]/button[2]/div/div'.

2020-09-23 23:54:20 - [MESSAGE][INFO] - [SELF-HEALING] Failed Locator: '//div[@id='CREATE_MEETING_SUCCESS_MODAL']/div[2]/div[3]/button[2]/div/div'.

2020-09-23 23:54:20 - [MESSAGE][INFO] - [SELF-HEALING] Failed Locator: '(.//*[normalize-space(text()) and normalize-space(.)='Populate meeting'])[1]/following::div[2]'.

2020-09-23 23:54:20 - [MESSAGE][INFO] - [SELF-HEALING] Failed Locator: '(.//*[normalize-space(text()) and normalize-space(.)='Now let’s start adding attendees and content to the agenda.'])[1]/following::div[5]'.

2020-09-23 23:54:20 - [MESSAGE][INFO] - [SELF-HEALING] Failed Locator: '//div[4]/div/div/div[2]/div[3]/button[2]/div/div'.

2020-09-23 23:54:20 - [MESSAGE][INFO] - [SELF-HEALING] Failed Locator: '//div[@id='CREATE_MEETING_SUCCESS_MODAL']/div[2]/div[3]/button[2]/div/div'.

2020-09-23 23:54:20 - [MESSAGE][INFO] - [SELF-HEALING] Failed Locator: '(.//*[normalize-space(text()) and normalize-space(.)='Populate meeting'])[1]/following::div[2]'.

2020-09-23 23:54:20 - [MESSAGE][INFO] - [SELF-HEALING] Failed Locator: '(.//*[normalize-space(text()) and normalize-space(.)='Now let’s start adding attendees and content to the agenda.'])[1]/following::div[5]'.

2020-09-23 23:54:20 - [MESSAGE][INFO] - [SELF-HEALING] Failed Locator: '//div[4]/div/div/div[2]/div[3]/button[2]/div/div'.

2020-09-23 23:54:20 - [MESSAGE][INFO] - [SELF-HEALING] Failed Locator: '//div[@id='CREATE_MEETING_SUCCESS_MODAL']/div[2]/div[3]/button[2]/div/div'.

2020-09-23 23:54:20 - [MESSAGE][INFO] - [SELF-HEALING] Failed Locator: '(.//*[normalize-space(text()) and normalize-space(.)='Populate meeting'])[1]/following::div[2]'.

2020-09-23 23:54:20 - [MESSAGE][INFO] - [SELF-HEALING] Failed Locator: '(.//*[normalize-space(text()) and normalize-space(.)='Now let’s start adding attendees and content to the agenda.'])[1]/following::div[5]'.

2020-09-23 23:54:20 - [MESSAGE][INFO] - [SELF-HEALING] Failed Locator: '//div[4]/div/div/div[2]/div[3]/button[2]/div/div'.

2020-09-23 23:54:20 - [MESSAGE][INFO] - [SELF-HEALING] Failed Locator: '//div[@id='CREATE_MEETING_SUCCESS_MODAL']/div[2]/div[3]/button[2]/div/div'.

2020-09-23 23:54:20 - [MESSAGE][INFO] - [SELF-HEALING] Failed Locator: '(.//*[normalize-space(text()) and normalize-space(.)='Populate meeting'])[1]/following::div[2]'.

2020-09-23 23:54:20 - [MESSAGE][INFO] - [SELF-HEALING] Failed Locator: '(.//*[normalize-space(text()) and normalize-space(.)='Now let’s start adding attendees and content to the agenda.'])[1]/following::div[5]'.

2020-09-23 23:54:20 - [MESSAGE][INFO] - [SELF-HEALING] Failed Locator: '//div[4]/div/div/div[2]/div[3]/button[2]/div/div'.

2020-09-23 23:54:20 - [MESSAGE][INFO] - [SELF-HEALING] Failed Locator: '//div[@id='CREATE_MEETING_SUCCESS_MODAL']/div[2]/div[3]/button[2]/div/div'.

2020-09-23 23:54:20 - [MESSAGE][INFO] - [SELF-HEALING] Failed Locator: '(.//*[normalize-space(text()) and normalize-space(.)='Populate meeting'])[1]/following::div[2]'.

2020-09-23 23:54:20 - [MESSAGE][INFO] - [SELF-HEALING] Failed Locator: '(.//*[normalize-space(text()) and normalize-space(.)='Now let’s start adding attendees and content to the agenda.'])[1]/following::div[5]'.

2020-09-23 23:54:20 - [MESSAGE][INFO] - [SELF-HEALING] Failed Locator: '//div[4]/div/div/div[2]/div[3]/button[2]/div/div'.

2020-09-23 23:54:20 - [MESSAGE][INFO] - [SELF-HEALING] Failed Locator: '//div[@id='CREATE_MEETING_SUCCESS_MODAL']/div[2]/div[3]/button[2]/div/div'.

2020-09-23 23:54:20 - [MESSAGE][INFO] - [SELF-HEALING] Failed Locator: '(.//*[normalize-space(text()) and normalize-space(.)='Populate meeting'])[1]/following::div[2]'.

2020-09-23 23:54:20 - [MESSAGE][INFO] - [SELF-HEALING] Failed Locator: '(.//*[normalize-space(text()) and normalize-space(.)='Now let’s start adding attendees and content to the agenda.'])[1]/following::div[5]'.

2020-09-23 23:54:20 - [MESSAGE][INFO] - [SELF-HEALING] Failed Locator: '//div[4]/div/div/div[2]/div[3]/button[2]/div/div'.

2020-09-23 23:54:20 - [MESSAGE][INFO] - [SELF-HEALING] Failed Locator: '//div[@id='CREATE_MEETING_SUCCESS_MODAL']/div[2]/div[3]/button[2]/div/div'.

2020-09-23 23:54:20 - [MESSAGE][INFO] - [SELF-HEALING] Failed Locator: '(.//*[normalize-space(text()) and normalize-space(.)='Populate meeting'])[1]/following::div[2]'.

2020-09-23 23:54:20 - [MESSAGE][INFO] - [SELF-HEALING] Failed Locator: '(.//*[normalize-space(text()) and normalize-space(.)='Now let’s start adding attendees and content to the agenda.'])[1]/following::div[5]'.

2020-09-23 23:54:20 - [MESSAGE][INFO] - [SELF-HEALING] Failed Locator: '//div[4]/div/div/div[2]/div[3]/button[2]/div/div'.

2020-09-23 23:54:20 - [MESSAGE][INFO] - [SELF-HEALING] Failed Locator: '//div[@id='CREATE_MEETING_SUCCESS_MODAL']/div[2]/div[3]/button[2]/div/div'.

2020-09-23 23:54:20 - [MESSAGE][INFO] - [SELF-HEALING] Failed Locator: '(.//*[normalize-space(text()) and normalize-space(.)='Populate meeting'])[1]/following::div[2]'.

2020-09-23 23:54:20 - [MESSAGE][INFO] - [SELF-HEALING] Failed Locator: '(.//*[normalize-space(text()) and normalize-space(.)='Now let’s start adding attendees and content to the agenda.'])[1]/following::div[5]'.

2020-09-23 23:54:20 - [MESSAGE][INFO] - [SELF-HEALING] Failed Locator: '//div[4]/div/div/div[2]/div[3]/button[2]/div/div'.

2020-09-23 23:54:20 - [MESSAGE][INFO] - [SELF-HEALING] Failed Locator: '//div[@id='CREATE_MEETING_SUCCESS_MODAL']/div[2]/div[3]/button[2]/div/div'.

2020-09-23 23:54:20 - [MESSAGE][INFO] - [SELF-HEALING] Failed Locator: '(.//*[normalize-space(text()) and normalize-space(.)='Populate meeting'])[1]/following::div[2]'.

2020-09-23 23:54:20 - [MESSAGE][INFO] - [SELF-HEALING] Failed Locator: '(.//*[normalize-space(text()) and normalize-space(.)='Now let’s start adding attendees and content to the agenda.'])[1]/following::div[5]'.

2020-09-23 23:54:20 - [MESSAGE][INFO] - [SELF-HEALING] Failed Locator: '//div[4]/div/div/div[2]/div[3]/button[2]/div/div'.

2020-09-23 23:54:20 - [MESSAGE][INFO] - [SELF-HEALING] Failed Locator: '//div[@id='CREATE_MEETING_SUCCESS_MODAL']/div[2]/div[3]/button[2]/div/div'.

2020-09-23 23:54:20 - [MESSAGE][INFO] - [SELF-HEALING] Failed Locator: '(.//*[normalize-space(text()) and normalize-space(.)='Populate meeting'])[1]/following::div[2]'.

2020-09-23 23:54:20 - [MESSAGE][INFO] - [SELF-HEALING] Failed Locator: '(.//*[normalize-space(text()) and normalize-space(.)='Now let’s start adding attendees and content to the agenda.'])[1]/following::div[5]'.

2020-09-23 23:54:20 - [MESSAGE][INFO] - [SELF-HEALING] Failed Locator: '//div[4]/div/div/div[2]/div[3]/button[2]/div/div'.

2020-09-23 23:54:20 - [MESSAGE][INFO] - [SELF-HEALING] Failed Locator: '//div[@id='CREATE_MEETING_SUCCESS_MODAL']/div[2]/div[3]/button[2]/div/div'.

2020-09-23 23:54:20 - [MESSAGE][INFO] - [SELF-HEALING] Failed Locator: '(.//*[normalize-space(text()) and normalize-space(.)='Populate meeting'])[1]/following::div[2]'.

2020-09-23 23:54:20 - [MESSAGE][INFO] - [SELF-HEALING] Failed Locator: '(.//*[normalize-space(text()) and normalize-space(.)='Now let’s start adding attendees and content to the agenda.'])[1]/following::div[5]'.

2020-09-23 23:54:20 - [MESSAGE][INFO] - [SELF-HEALING] Failed Locator: '//div[4]/div/div/div[2]/div[3]/button[2]/div/div'.

2020-09-23 23:54:20 - [MESSAGE][INFO] - [SELF-HEALING] Failed Locator: '//div[@id='CREATE_MEETING_SUCCESS_MODAL']/div[2]/div[3]/button[2]/div/div'.

2020-09-23 23:54:20 - [MESSAGE][INFO] - [SELF-HEALING] Failed Locator: '(.//*[normalize-space(text()) and normalize-space(.)='Populate meeting'])[1]/following::div[2]'.

2020-09-23 23:54:20 - [MESSAGE][INFO] - [SELF-HEALING] Failed Locator: '(.//*[normalize-space(text()) and normalize-space(.)='Now let’s start adding attendees and content to the agenda.'])[1]/following::div[5]'.

2020-09-23 23:54:20 - [MESSAGE][INFO] - [SELF-HEALING] Failed Locator: '//div[4]/div/div/div[2]/div[3]/button[2]/div/div'.

2020-09-23 23:54:20 - [MESSAGE][INFO] - [SELF-HEALING] Failed Locator: '//div[@id='CREATE_MEETING_SUCCESS_MODAL']/div[2]/div[3]/button[2]/div/div'.

2020-09-23 23:54:20 - [MESSAGE][INFO] - [SELF-HEALING] Failed Locator: '(.//*[normalize-space(text()) and normalize-space(.)='Populate meeting'])[1]/following::div[2]'.

2020-09-23 23:54:20 - [MESSAGE][INFO] - [SELF-HEALING] Failed Locator: '(.//*[normalize-space(text()) and normalize-space(.)='Now let’s start adding attendees and content to the agenda.'])[1]/following::div[5]'.

2020-09-23 23:54:20 - [MESSAGE][INFO] - [SELF-HEALING] Failed Locator: '//div[4]/div/div/div[2]/div[3]/button[2]/div/div'.

2020-09-23 23:54:20 - [MESSAGE][INFO] - [SELF-HEALING] Failed Locator: '//div[@id='CREATE_MEETING_SUCCESS_MODAL']/div[2]/div[3]/button[2]/div/div'.

2020-09-23 23:54:20 - [MESSAGE][INFO] - [SELF-HEALING] Failed Locator: '(.//*[normalize-space(text()) and normalize-space(.)='Populate meeting'])[1]/following::div[2]'.

2020-09-23 23:54:20 - [MESSAGE][INFO] - [SELF-HEALING] Failed Locator: '(.//*[normalize-space(text()) and normalize-space(.)='Now let’s start adding attendees and content to the agenda.'])[1]/following::div[5]'.

2020-09-23 23:54:20 - [MESSAGE][INFO] - [SELF-HEALING] Failed Locator: '//div[4]/div/div/div[2]/div[3]/button[2]/div/div'.

2020-09-23 23:54:20 - [MESSAGE][INFO] - [SELF-HEALING] Failed Locator: '//div[@id='CREATE_MEETING_SUCCESS_MODAL']/div[2]/div[3]/button[2]/div/div'.

2020-09-23 23:54:20 - [MESSAGE][INFO] - [SELF-HEALING] Failed Locator: '(.//*[normalize-space(text()) and normalize-space(.)='Populate meeting'])[1]/following::div[2]'.

2020-09-23 23:54:20 - [MESSAGE][INFO] - [SELF-HEALING] Failed Locator: '(.//*[normalize-space(text()) and normalize-space(.)='Now let’s start adding attendees and content to the agenda.'])[1]/following::div[5]'.

2020-09-23 23:54:20 - [MESSAGE][INFO] - [SELF-HEALING] Failed Locator: '//div[4]/div/div/div[2]/div[3]/button[2]/div/div'.

2020-09-23 23:54:20 - [MESSAGE][INFO] - [SELF-HEALING] Failed Locator: '//div[@id='CREATE_MEETING_SUCCESS_MODAL']/div[2]/div[3]/button[2]/div/div'.

2020-09-23 23:54:20 - [MESSAGE][INFO] - [SELF-HEALING] Failed Locator: '(.//*[normalize-space(text()) and normalize-space(.)='Populate meeting'])[1]/following::div[2]'.

2020-09-23 23:54:20 - [MESSAGE][INFO] - [SELF-HEALING] Failed Locator: '(.//*[normalize-space(text()) and normalize-space(.)='Now let’s start adding attendees and content to the agenda.'])[1]/following::div[5]'.

2020-09-23 23:54:20 - [MESSAGE][INFO] - [SELF-HEALING] Failed Locator: '//div[4]/div/div/div[2]/div[3]/button[2]/div/div'.

2020-09-23 23:54:21 - [MESSAGE][INFO] - [SELF-HEALING] Failed Locator: '//div[@id='CREATE_MEETING_SUCCESS_MODAL']/div[2]/div[3]/button[2]/div/div'.

2020-09-23 23:54:21 - [MESSAGE][INFO] - [SELF-HEALING] Failed Locator: '(.//*[normalize-space(text()) and normalize-space(.)='Populate meeting'])[1]/following::div[2]'.

2020-09-23 23:54:21 - [MESSAGE][INFO] - [SELF-HEALING] Failed Locator: '(.//*[normalize-space(text()) and normalize-space(.)='Now let’s start adding attendees and content to the agenda.'])[1]/following::div[5]'.

2020-09-23 23:54:21 - [MESSAGE][INFO] - [SELF-HEALING] Failed Locator: '//div[4]/div/div/div[2]/div[3]/button[2]/div/div'.

2020-09-23 23:54:22 - [MESSAGE][INFO] - Unable to find the element located by 'By.xpath: //*[(text() = concat('I' , "'" , 'll do this later') or . = concat('I' , "'" , 'll do this later'))]'. Please recheck the objects properties to make sure the desired element is located. 

2020-09-23 23:54:22 - [MESSAGE][WARNING] - [SELF-HEALING] Cannot find elements when the selector is null

2020-09-23 23:54:22 - [MESSAGE][WARNING] - Web element with id: 'Object Repository/V2/TT-363/Page_Meeting/div_Ill do this later' located by '//div[@id='CREATE_MEETING_SUCCESS_MODAL']/div[2]/div[3]/button[2]/div/div' not found

2020-09-23 23:54:22 - [TEST_STEP][FAILED] - click(findTestObject("Object Repository/V2/TT-363/Page_Meeting/div_Ill do this later")): Unable to click on object 'Object Repository/V2/TT-363/Page_Meeting/div_Ill do this later' (Root cause: com.kms.katalon.core.exception.StepFailedException: Unable to click on object 'Object Repository/V2/TT-363/Page_Meeting/div_Ill do this later'
	at com.kms.katalon.core.webui.keyword.internal.WebUIKeywordMain.stepFailed(WebUIKeywordMain.groovy:64)
	at com.kms.katalon.core.webui.keyword.internal.WebUIKeywordMain.runKeyword(WebUIKeywordMain.groovy:26)
	at com.kms.katalon.core.webui.keyword.builtin.ClickKeyword.click(ClickKeyword.groovy:76)
	at com.kms.katalon.core.webui.keyword.builtin.ClickKeyword.execute(ClickKeyword.groovy:43)
	at com.kms.katalon.core.keyword.internal.KeywordExecutor.executeKeywordForPlatform(KeywordExecutor.groovy:73)
	at com.kms.katalon.core.webui.keyword.WebUiBuiltInKeywords.click(WebUiBuiltInKeywords.groovy:616)
	at com.kms.katalon.core.webui.keyword.WebUiBuiltInKeywords$click$5.call(Unknown Source)
	at TT_363_1-1_CreateL10MeetingforMonday_Admin.run(TT_363_1-1_CreateL10MeetingforMonday_Admin:55)
	at com.kms.katalon.core.main.ScriptEngine.run(ScriptEngine.java:194)
	at com.kms.katalon.core.main.ScriptEngine.runScriptAsRawText(ScriptEngine.java:119)
	at com.kms.katalon.core.main.TestCaseExecutor.runScript(TestCaseExecutor.java:339)
	at com.kms.katalon.core.main.TestCaseExecutor.doExecute(TestCaseExecutor.java:330)
	at com.kms.katalon.core.main.TestCaseExecutor.processExecutionPhase(TestCaseExecutor.java:309)
	at com.kms.katalon.core.main.TestCaseExecutor.accessMainPhase(TestCaseExecutor.java:301)
	at com.kms.katalon.core.main.TestCaseExecutor.execute(TestCaseExecutor.java:235)
	at com.kms.katalon.core.main.TestCaseMain.runTestCase(TestCaseMain.java:114)
	at com.kms.katalon.core.keyword.builtin.CallTestCaseKeyword$_callTestCase_closure1.doCall(CallTestCaseKeyword.groovy:59)
	at com.kms.katalon.core.keyword.builtin.CallTestCaseKeyword$_callTestCase_closure1.call(CallTestCaseKeyword.groovy)
	at com.kms.katalon.core.keyword.internal.KeywordMain.runKeyword(KeywordMain.groovy:68)
	at com.kms.katalon.core.keyword.builtin.CallTestCaseKeyword.callTestCase(CallTestCaseKeyword.groovy:81)
	at com.kms.katalon.core.keyword.builtin.CallTestCaseKeyword.execute(CallTestCaseKeyword.groovy:44)
	at com.kms.katalon.core.keyword.internal.KeywordExecutor.executeKeywordForPlatform(KeywordExecutor.groovy:73)
	at com.kms.katalon.core.keyword.BuiltinKeywords.callTestCase(BuiltinKeywords.groovy:334)
	at TT_363_5_AddRole_AllTestCase.run(TT_363_5_AddRole_AllTestCase:71)
	at com.kms.katalon.core.main.ScriptEngine.run(ScriptEngine.java:194)
	at com.kms.katalon.core.main.ScriptEngine.runScriptAsRawText(ScriptEngine.java:119)
	at com.kms.katalon.core.main.TestCaseExecutor.runScript(TestCaseExecutor.java:339)
	at com.kms.katalon.core.main.TestCaseExecutor.doExecute(TestCaseExecutor.java:330)
	at com.kms.katalon.core.main.TestCaseExecutor.processExecutionPhase(TestCaseExecutor.java:309)
	at com.kms.katalon.core.main.TestCaseExecutor.accessMainPhase(TestCaseExecutor.java:301)
	at com.kms.katalon.core.main.TestCaseExecutor.execute(TestCaseExecutor.java:235)
	at com.kms.katalon.core.main.TestSuiteExecutor.accessTestCaseMainPhase(TestSuiteExecutor.java:191)
	at com.kms.katalon.core.main.TestSuiteExecutor.accessTestSuiteMainPhase(TestSuiteExecutor.java:141)
	at com.kms.katalon.core.main.TestSuiteExecutor.execute(TestSuiteExecutor.java:90)
	at com.kms.katalon.core.main.TestCaseMain.startTestSuite(TestCaseMain.java:157)
	at com.kms.katalon.core.main.TestCaseMain$startTestSuite$0.call(Unknown Source)
	at TempTestSuite1600874509971.run(TempTestSuite1600874509971.groovy:39)
Caused by: com.kms.katalon.core.webui.exception.WebElementNotFoundException: Web element with id: 'Object Repository/V2/TT-363/Page_Meeting/div_Ill do this later' located by '//div[@id='CREATE_MEETING_SUCCESS_MODAL']/div[2]/div[3]/button[2]/div/div' not found
	at com.kms.katalon.core.webui.common.WebUiCommonHelper.findWebElement(WebUiCommonHelper.java:1368)
	at com.kms.katalon.core.webui.keyword.internal.WebUIAbstractKeyword.findWebElement(WebUIAbstractKeyword.groovy:27)
	at com.kms.katalon.core.webui.keyword.internal.WebUIAbstractKeyword.findWebElement(WebUIAbstractKeyword.groovy:26)
	at com.kms.katalon.core.webui.keyword.builtin.ClickKeyword$_click_closure1.doCall(ClickKeyword.groovy:67)
	at com.kms.katalon.core.webui.keyword.builtin.ClickKeyword$_click_closure1.call(ClickKeyword.groovy)
	at com.kms.katalon.core.webui.keyword.internal.WebUIKeywordMain.runKeyword(WebUIKeywordMain.groovy:20)
	at com.kms.katalon.core.webui.keyword.builtin.ClickKeyword.click(ClickKeyword.groovy:76)
	at com.kms.katalon.core.webui.keyword.builtin.ClickKeyword.execute(ClickKeyword.groovy:43)
	at com.kms.katalon.core.keyword.internal.KeywordExecutor.executeKeywordForPlatform(KeywordExecutor.groovy:73)
	at com.kms.katalon.core.webui.keyword.WebUiBuiltInKeywords.click(WebUiBuiltInKeywords.groovy:616)
	at com.kms.katalon.core.webui.keyword.WebUiBuiltInKeywords$click$5.call(Unknown Source)
	at Script1598579306686.run(Script1598579306686.groovy:55)
	at com.kms.katalon.core.main.ScriptEngine.run(ScriptEngine.java:194)
	at com.kms.katalon.core.main.ScriptEngine.runScriptAsRawText(ScriptEngine.java:119)
	at com.kms.katalon.core.main.TestCaseExecutor.runScript(TestCaseExecutor.java:339)
	at com.kms.katalon.core.main.TestCaseExecutor.doExecute(TestCaseExecutor.java:330)
	at com.kms.katalon.core.main.TestCaseExecutor.processExecutionPhase(TestCaseExecutor.java:309)
	at com.kms.katalon.core.main.TestCaseExecutor.accessMainPhase(TestCaseExecutor.java:301)
	at com.kms.katalon.core.main.TestCaseExecutor.execute(TestCaseExecutor.java:235)
	at com.kms.katalon.core.main.TestCaseMain.runTestCase(TestCaseMain.java:114)
	at com.kms.katalon.core.keyword.builtin.CallTestCaseKeyword$_callTestCase_closure1.doCall(CallTestCaseKeyword.groovy:59)
	at com.kms.katalon.core.keyword.builtin.CallTestCaseKeyword$_callTestCase_closure1.call(CallTestCaseKeyword.groovy)
	at com.kms.katalon.core.keyword.internal.KeywordMain.runKeyword(KeywordMain.groovy:68)
	at com.kms.katalon.core.keyword.builtin.CallTestCaseKeyword.callTestCase(CallTestCaseKeyword.groovy:81)
	at com.kms.katalon.core.keyword.builtin.CallTestCaseKeyword.execute(CallTestCaseKeyword.groovy:44)
	at com.kms.katalon.core.keyword.internal.KeywordExecutor.executeKeywordForPlatform(KeywordExecutor.groovy:73)
	at com.kms.katalon.core.keyword.BuiltinKeywords.callTestCase(BuiltinKeywords.groovy:334)
	at Script1598637171456.run(Script1598637171456.groovy:71)
	... 13 more
)

2020-09-23 23:54:53 - [MESSAGE][INFO] - Unable to find the element located by 'By.xpath: //div[@id='CREATE_MEETING_SUCCESS_MODAL']/div[2]/div[3]/button[2]/div/div'. Please recheck the objects properties to make sure the desired element is located. 

2020-09-23 23:54:53 - [MESSAGE][WARNING] - [SELF-HEALING] Failed to find element with id 'Object Repository/V2/TT-363/Page_Meeting/div_Ill do this later'. Try using Self-healing.

2020-09-23 23:54:53 - [MESSAGE][INFO] - [SELF-HEALING] Failed Locator: '//div[@id='CREATE_MEETING_SUCCESS_MODAL']/div[2]/div[3]/button[2]/div/div'.

2020-09-23 23:54:53 - [MESSAGE][INFO] - [SELF-HEALING] Failed Locator: '(.//*[normalize-space(text()) and normalize-space(.)='Populate meeting'])[1]/following::div[2]'.

2020-09-23 23:54:53 - [MESSAGE][INFO] - [SELF-HEALING] Failed Locator: '(.//*[normalize-space(text()) and normalize-space(.)='Now let’s start adding attendees and content to the agenda.'])[1]/following::div[5]'.

2020-09-23 23:54:53 - [MESSAGE][INFO] - [SELF-HEALING] Failed Locator: '//div[4]/div/div/div[2]/div[3]/button[2]/div/div'.

2020-09-23 23:54:53 - [MESSAGE][INFO] - [SELF-HEALING] Failed Locator: '//div[@id='CREATE_MEETING_SUCCESS_MODAL']/div[2]/div[3]/button[2]/div/div'.

2020-09-23 23:54:53 - [MESSAGE][INFO] - [SELF-HEALING] Failed Locator: '(.//*[normalize-space(text()) and normalize-space(.)='Populate meeting'])[1]/following::div[2]'.

2020-09-23 23:54:53 - [MESSAGE][INFO] - [SELF-HEALING] Failed Locator: '(.//*[normalize-space(text()) and normalize-space(.)='Now let’s start adding attendees and content to the agenda.'])[1]/following::div[5]'.

2020-09-23 23:54:53 - [MESSAGE][INFO] - [SELF-HEALING] Failed Locator: '//div[4]/div/div/div[2]/div[3]/button[2]/div/div'.

2020-09-23 23:54:53 - [MESSAGE][INFO] - [SELF-HEALING] Failed Locator: '//div[@id='CREATE_MEETING_SUCCESS_MODAL']/div[2]/div[3]/button[2]/div/div'.

2020-09-23 23:54:53 - [MESSAGE][INFO] - [SELF-HEALING] Failed Locator: '(.//*[normalize-space(text()) and normalize-space(.)='Populate meeting'])[1]/following::div[2]'.

2020-09-23 23:54:53 - [MESSAGE][INFO] - [SELF-HEALING] Failed Locator: '(.//*[normalize-space(text()) and normalize-space(.)='Now let’s start adding attendees and content to the agenda.'])[1]/following::div[5]'.

2020-09-23 23:54:53 - [MESSAGE][INFO] - [SELF-HEALING] Failed Locator: '//div[4]/div/div/div[2]/div[3]/button[2]/div/div'.

2020-09-23 23:54:53 - [MESSAGE][INFO] - [SELF-HEALING] Failed Locator: '//div[@id='CREATE_MEETING_SUCCESS_MODAL']/div[2]/div[3]/button[2]/div/div'.

2020-09-23 23:54:53 - [MESSAGE][INFO] - [SELF-HEALING] Failed Locator: '(.//*[normalize-space(text()) and normalize-space(.)='Populate meeting'])[1]/following::div[2]'.

2020-09-23 23:54:53 - [MESSAGE][INFO] - [SELF-HEALING] Failed Locator: '(.//*[normalize-space(text()) and normalize-space(.)='Now let’s start adding attendees and content to the agenda.'])[1]/following::div[5]'.

2020-09-23 23:54:53 - [MESSAGE][INFO] - [SELF-HEALING] Failed Locator: '//div[4]/div/div/div[2]/div[3]/button[2]/div/div'.

2020-09-23 23:54:53 - [MESSAGE][INFO] - [SELF-HEALING] Failed Locator: '//div[@id='CREATE_MEETING_SUCCESS_MODAL']/div[2]/div[3]/button[2]/div/div'.

2020-09-23 23:54:53 - [MESSAGE][INFO] - [SELF-HEALING] Failed Locator: '(.//*[normalize-space(text()) and normalize-space(.)='Populate meeting'])[1]/following::div[2]'.

2020-09-23 23:54:53 - [MESSAGE][INFO] - [SELF-HEALING] Failed Locator: '(.//*[normalize-space(text()) and normalize-space(.)='Now let’s start adding attendees and content to the agenda.'])[1]/following::div[5]'.

2020-09-23 23:54:53 - [MESSAGE][INFO] - [SELF-HEALING] Failed Locator: '//div[4]/div/div/div[2]/div[3]/button[2]/div/div'.

2020-09-23 23:54:53 - [MESSAGE][INFO] - [SELF-HEALING] Failed Locator: '//div[@id='CREATE_MEETING_SUCCESS_MODAL']/div[2]/div[3]/button[2]/div/div'.

2020-09-23 23:54:53 - [MESSAGE][INFO] - [SELF-HEALING] Failed Locator: '(.//*[normalize-space(text()) and normalize-space(.)='Populate meeting'])[1]/following::div[2]'.

2020-09-23 23:54:53 - [MESSAGE][INFO] - [SELF-HEALING] Failed Locator: '(.//*[normalize-space(text()) and normalize-space(.)='Now let’s start adding attendees and content to the agenda.'])[1]/following::div[5]'.

2020-09-23 23:54:53 - [MESSAGE][INFO] - [SELF-HEALING] Failed Locator: '//div[4]/div/div/div[2]/div[3]/button[2]/div/div'.

2020-09-23 23:54:53 - [MESSAGE][INFO] - [SELF-HEALING] Failed Locator: '//div[@id='CREATE_MEETING_SUCCESS_MODAL']/div[2]/div[3]/button[2]/div/div'.

2020-09-23 23:54:53 - [MESSAGE][INFO] - [SELF-HEALING] Failed Locator: '(.//*[normalize-space(text()) and normalize-space(.)='Populate meeting'])[1]/following::div[2]'.

2020-09-23 23:54:53 - [MESSAGE][INFO] - [SELF-HEALING] Failed Locator: '(.//*[normalize-space(text()) and normalize-space(.)='Now let’s start adding attendees and content to the agenda.'])[1]/following::div[5]'.

2020-09-23 23:54:53 - [MESSAGE][INFO] - [SELF-HEALING] Failed Locator: '//div[4]/div/div/div[2]/div[3]/button[2]/div/div'.

2020-09-23 23:54:53 - [MESSAGE][INFO] - [SELF-HEALING] Failed Locator: '//div[@id='CREATE_MEETING_SUCCESS_MODAL']/div[2]/div[3]/button[2]/div/div'.

2020-09-23 23:54:53 - [MESSAGE][INFO] - [SELF-HEALING] Failed Locator: '(.//*[normalize-space(text()) and normalize-space(.)='Populate meeting'])[1]/following::div[2]'.

2020-09-23 23:54:53 - [MESSAGE][INFO] - [SELF-HEALING] Failed Locator: '(.//*[normalize-space(text()) and normalize-space(.)='Now let’s start adding attendees and content to the agenda.'])[1]/following::div[5]'.

2020-09-23 23:54:53 - [MESSAGE][INFO] - [SELF-HEALING] Failed Locator: '//div[4]/div/div/div[2]/div[3]/button[2]/div/div'.

2020-09-23 23:54:53 - [MESSAGE][INFO] - [SELF-HEALING] Failed Locator: '//div[@id='CREATE_MEETING_SUCCESS_MODAL']/div[2]/div[3]/button[2]/div/div'.

2020-09-23 23:54:53 - [MESSAGE][INFO] - [SELF-HEALING] Failed Locator: '(.//*[normalize-space(text()) and normalize-space(.)='Populate meeting'])[1]/following::div[2]'.

2020-09-23 23:54:53 - [MESSAGE][INFO] - [SELF-HEALING] Failed Locator: '(.//*[normalize-space(text()) and normalize-space(.)='Now let’s start adding attendees and content to the agenda.'])[1]/following::div[5]'.

2020-09-23 23:54:53 - [MESSAGE][INFO] - [SELF-HEALING] Failed Locator: '//div[4]/div/div/div[2]/div[3]/button[2]/div/div'.

2020-09-23 23:54:53 - [MESSAGE][INFO] - [SELF-HEALING] Failed Locator: '//div[@id='CREATE_MEETING_SUCCESS_MODAL']/div[2]/div[3]/button[2]/div/div'.

2020-09-23 23:54:53 - [MESSAGE][INFO] - [SELF-HEALING] Failed Locator: '(.//*[normalize-space(text()) and normalize-space(.)='Populate meeting'])[1]/following::div[2]'.

2020-09-23 23:54:53 - [MESSAGE][INFO] - [SELF-HEALING] Failed Locator: '(.//*[normalize-space(text()) and normalize-space(.)='Now let’s start adding attendees and content to the agenda.'])[1]/following::div[5]'.

2020-09-23 23:54:53 - [MESSAGE][INFO] - [SELF-HEALING] Failed Locator: '//div[4]/div/div/div[2]/div[3]/button[2]/div/div'.

2020-09-23 23:54:53 - [MESSAGE][INFO] - [SELF-HEALING] Failed Locator: '//div[@id='CREATE_MEETING_SUCCESS_MODAL']/div[2]/div[3]/button[2]/div/div'.

2020-09-23 23:54:53 - [MESSAGE][INFO] - [SELF-HEALING] Failed Locator: '(.//*[normalize-space(text()) and normalize-space(.)='Populate meeting'])[1]/following::div[2]'.

2020-09-23 23:54:53 - [MESSAGE][INFO] - [SELF-HEALING] Failed Locator: '(.//*[normalize-space(text()) and normalize-space(.)='Now let’s start adding attendees and content to the agenda.'])[1]/following::div[5]'.

2020-09-23 23:54:53 - [MESSAGE][INFO] - [SELF-HEALING] Failed Locator: '//div[4]/div/div/div[2]/div[3]/button[2]/div/div'.

2020-09-23 23:54:53 - [MESSAGE][INFO] - [SELF-HEALING] Failed Locator: '//div[@id='CREATE_MEETING_SUCCESS_MODAL']/div[2]/div[3]/button[2]/div/div'.

2020-09-23 23:54:53 - [MESSAGE][INFO] - [SELF-HEALING] Failed Locator: '(.//*[normalize-space(text()) and normalize-space(.)='Populate meeting'])[1]/following::div[2]'.

2020-09-23 23:54:53 - [MESSAGE][INFO] - [SELF-HEALING] Failed Locator: '(.//*[normalize-space(text()) and normalize-space(.)='Now let’s start adding attendees and content to the agenda.'])[1]/following::div[5]'.

2020-09-23 23:54:53 - [MESSAGE][INFO] - [SELF-HEALING] Failed Locator: '//div[4]/div/div/div[2]/div[3]/button[2]/div/div'.

2020-09-23 23:54:53 - [MESSAGE][INFO] - [SELF-HEALING] Failed Locator: '//div[@id='CREATE_MEETING_SUCCESS_MODAL']/div[2]/div[3]/button[2]/div/div'.

2020-09-23 23:54:53 - [MESSAGE][INFO] - [SELF-HEALING] Failed Locator: '(.//*[normalize-space(text()) and normalize-space(.)='Populate meeting'])[1]/following::div[2]'.

2020-09-23 23:54:53 - [MESSAGE][INFO] - [SELF-HEALING] Failed Locator: '(.//*[normalize-space(text()) and normalize-space(.)='Now let’s start adding attendees and content to the agenda.'])[1]/following::div[5]'.

2020-09-23 23:54:53 - [MESSAGE][INFO] - [SELF-HEALING] Failed Locator: '//div[4]/div/div/div[2]/div[3]/button[2]/div/div'.

2020-09-23 23:54:53 - [MESSAGE][INFO] - [SELF-HEALING] Failed Locator: '//div[@id='CREATE_MEETING_SUCCESS_MODAL']/div[2]/div[3]/button[2]/div/div'.

2020-09-23 23:54:53 - [MESSAGE][INFO] - [SELF-HEALING] Failed Locator: '(.//*[normalize-space(text()) and normalize-space(.)='Populate meeting'])[1]/following::div[2]'.

2020-09-23 23:54:53 - [MESSAGE][INFO] - [SELF-HEALING] Failed Locator: '(.//*[normalize-space(text()) and normalize-space(.)='Now let’s start adding attendees and content to the agenda.'])[1]/following::div[5]'.

2020-09-23 23:54:53 - [MESSAGE][INFO] - [SELF-HEALING] Failed Locator: '//div[4]/div/div/div[2]/div[3]/button[2]/div/div'.

2020-09-23 23:54:53 - [MESSAGE][INFO] - [SELF-HEALING] Failed Locator: '//div[@id='CREATE_MEETING_SUCCESS_MODAL']/div[2]/div[3]/button[2]/div/div'.

2020-09-23 23:54:53 - [MESSAGE][INFO] - [SELF-HEALING] Failed Locator: '(.//*[normalize-space(text()) and normalize-space(.)='Populate meeting'])[1]/following::div[2]'.

2020-09-23 23:54:53 - [MESSAGE][INFO] - [SELF-HEALING] Failed Locator: '(.//*[normalize-space(text()) and normalize-space(.)='Now let’s start adding attendees and content to the agenda.'])[1]/following::div[5]'.

2020-09-23 23:54:53 - [MESSAGE][INFO] - [SELF-HEALING] Failed Locator: '//div[4]/div/div/div[2]/div[3]/button[2]/div/div'.

2020-09-23 23:54:53 - [MESSAGE][INFO] - [SELF-HEALING] Failed Locator: '//div[@id='CREATE_MEETING_SUCCESS_MODAL']/div[2]/div[3]/button[2]/div/div'.

2020-09-23 23:54:53 - [MESSAGE][INFO] - [SELF-HEALING] Failed Locator: '(.//*[normalize-space(text()) and normalize-space(.)='Populate meeting'])[1]/following::div[2]'.

2020-09-23 23:54:53 - [MESSAGE][INFO] - [SELF-HEALING] Failed Locator: '(.//*[normalize-space(text()) and normalize-space(.)='Now let’s start adding attendees and content to the agenda.'])[1]/following::div[5]'.

2020-09-23 23:54:53 - [MESSAGE][INFO] - [SELF-HEALING] Failed Locator: '//div[4]/div/div/div[2]/div[3]/button[2]/div/div'.

2020-09-23 23:54:53 - [MESSAGE][INFO] - [SELF-HEALING] Failed Locator: '//div[@id='CREATE_MEETING_SUCCESS_MODAL']/div[2]/div[3]/button[2]/div/div'.

2020-09-23 23:54:53 - [MESSAGE][INFO] - [SELF-HEALING] Failed Locator: '(.//*[normalize-space(text()) and normalize-space(.)='Populate meeting'])[1]/following::div[2]'.

2020-09-23 23:54:53 - [MESSAGE][INFO] - [SELF-HEALING] Failed Locator: '(.//*[normalize-space(text()) and normalize-space(.)='Now let’s start adding attendees and content to the agenda.'])[1]/following::div[5]'.

2020-09-23 23:54:53 - [MESSAGE][INFO] - [SELF-HEALING] Failed Locator: '//div[4]/div/div/div[2]/div[3]/button[2]/div/div'.

2020-09-23 23:54:53 - [MESSAGE][INFO] - [SELF-HEALING] Failed Locator: '//div[@id='CREATE_MEETING_SUCCESS_MODAL']/div[2]/div[3]/button[2]/div/div'.

2020-09-23 23:54:53 - [MESSAGE][INFO] - [SELF-HEALING] Failed Locator: '(.//*[normalize-space(text()) and normalize-space(.)='Populate meeting'])[1]/following::div[2]'.

2020-09-23 23:54:53 - [MESSAGE][INFO] - [SELF-HEALING] Failed Locator: '(.//*[normalize-space(text()) and normalize-space(.)='Now let’s start adding attendees and content to the agenda.'])[1]/following::div[5]'.

2020-09-23 23:54:53 - [MESSAGE][INFO] - [SELF-HEALING] Failed Locator: '//div[4]/div/div/div[2]/div[3]/button[2]/div/div'.

2020-09-23 23:54:53 - [MESSAGE][INFO] - [SELF-HEALING] Failed Locator: '//div[@id='CREATE_MEETING_SUCCESS_MODAL']/div[2]/div[3]/button[2]/div/div'.

2020-09-23 23:54:53 - [MESSAGE][INFO] - [SELF-HEALING] Failed Locator: '(.//*[normalize-space(text()) and normalize-space(.)='Populate meeting'])[1]/following::div[2]'.

2020-09-23 23:54:53 - [MESSAGE][INFO] - [SELF-HEALING] Failed Locator: '(.//*[normalize-space(text()) and normalize-space(.)='Now let’s start adding attendees and content to the agenda.'])[1]/following::div[5]'.

2020-09-23 23:54:53 - [MESSAGE][INFO] - [SELF-HEALING] Failed Locator: '//div[4]/div/div/div[2]/div[3]/button[2]/div/div'.

2020-09-23 23:54:53 - [MESSAGE][INFO] - [SELF-HEALING] Failed Locator: '//div[@id='CREATE_MEETING_SUCCESS_MODAL']/div[2]/div[3]/button[2]/div/div'.

2020-09-23 23:54:53 - [MESSAGE][INFO] - [SELF-HEALING] Failed Locator: '(.//*[normalize-space(text()) and normalize-space(.)='Populate meeting'])[1]/following::div[2]'.

2020-09-23 23:54:53 - [MESSAGE][INFO] - [SELF-HEALING] Failed Locator: '(.//*[normalize-space(text()) and normalize-space(.)='Now let’s start adding attendees and content to the agenda.'])[1]/following::div[5]'.

2020-09-23 23:54:53 - [MESSAGE][INFO] - [SELF-HEALING] Failed Locator: '//div[4]/div/div/div[2]/div[3]/button[2]/div/div'.

2020-09-23 23:54:53 - [MESSAGE][INFO] - [SELF-HEALING] Failed Locator: '//div[@id='CREATE_MEETING_SUCCESS_MODAL']/div[2]/div[3]/button[2]/div/div'.

2020-09-23 23:54:53 - [MESSAGE][INFO] - [SELF-HEALING] Failed Locator: '(.//*[normalize-space(text()) and normalize-space(.)='Populate meeting'])[1]/following::div[2]'.

2020-09-23 23:54:53 - [MESSAGE][INFO] - [SELF-HEALING] Failed Locator: '(.//*[normalize-space(text()) and normalize-space(.)='Now let’s start adding attendees and content to the agenda.'])[1]/following::div[5]'.

2020-09-23 23:54:53 - [MESSAGE][INFO] - [SELF-HEALING] Failed Locator: '//div[4]/div/div/div[2]/div[3]/button[2]/div/div'.

2020-09-23 23:54:53 - [MESSAGE][INFO] - [SELF-HEALING] Failed Locator: '//div[@id='CREATE_MEETING_SUCCESS_MODAL']/div[2]/div[3]/button[2]/div/div'.

2020-09-23 23:54:53 - [MESSAGE][INFO] - [SELF-HEALING] Failed Locator: '(.//*[normalize-space(text()) and normalize-space(.)='Populate meeting'])[1]/following::div[2]'.

2020-09-23 23:54:53 - [MESSAGE][INFO] - [SELF-HEALING] Failed Locator: '(.//*[normalize-space(text()) and normalize-space(.)='Now let’s start adding attendees and content to the agenda.'])[1]/following::div[5]'.

2020-09-23 23:54:54 - [MESSAGE][INFO] - [SELF-HEALING] Failed Locator: '//div[4]/div/div/div[2]/div[3]/button[2]/div/div'.

2020-09-23 23:54:54 - [MESSAGE][INFO] - [SELF-HEALING] Failed Locator: '//div[@id='CREATE_MEETING_SUCCESS_MODAL']/div[2]/div[3]/button[2]/div/div'.

2020-09-23 23:54:54 - [MESSAGE][INFO] - [SELF-HEALING] Failed Locator: '(.//*[normalize-space(text()) and normalize-space(.)='Populate meeting'])[1]/following::div[2]'.

2020-09-23 23:54:54 - [MESSAGE][INFO] - [SELF-HEALING] Failed Locator: '(.//*[normalize-space(text()) and normalize-space(.)='Now let’s start adding attendees and content to the agenda.'])[1]/following::div[5]'.

2020-09-23 23:54:54 - [MESSAGE][INFO] - [SELF-HEALING] Failed Locator: '//div[4]/div/div/div[2]/div[3]/button[2]/div/div'.

2020-09-23 23:54:54 - [MESSAGE][INFO] - [SELF-HEALING] Failed Locator: '//div[@id='CREATE_MEETING_SUCCESS_MODAL']/div[2]/div[3]/button[2]/div/div'.

2020-09-23 23:54:54 - [MESSAGE][INFO] - [SELF-HEALING] Failed Locator: '(.//*[normalize-space(text()) and normalize-space(.)='Populate meeting'])[1]/following::div[2]'.

2020-09-23 23:54:54 - [MESSAGE][INFO] - [SELF-HEALING] Failed Locator: '(.//*[normalize-space(text()) and normalize-space(.)='Now let’s start adding attendees and content to the agenda.'])[1]/following::div[5]'.

2020-09-23 23:54:54 - [MESSAGE][INFO] - [SELF-HEALING] Failed Locator: '//div[4]/div/div/div[2]/div[3]/button[2]/div/div'.

2020-09-23 23:54:55 - [MESSAGE][INFO] - Unable to find the element located by 'By.xpath: //*[(text() = concat('I' , "'" , 'll do this later') or . = concat('I' , "'" , 'll do this later'))]'. Please recheck the objects properties to make sure the desired element is located. 

2020-09-23 23:54:55 - [MESSAGE][WARNING] - [SELF-HEALING] Cannot find elements when the selector is null

2020-09-23 23:54:55 - [MESSAGE][FAILED] - Unable to click on object 'Object Repository/V2/TT-363/Page_Meeting/div_Ill do this later' (Root cause: com.kms.katalon.core.exception.StepFailedException: Unable to click on object 'Object Repository/V2/TT-363/Page_Meeting/div_Ill do this later'
	at com.kms.katalon.core.webui.keyword.internal.WebUIKeywordMain.stepFailed(WebUIKeywordMain.groovy:64)
	at com.kms.katalon.core.webui.keyword.internal.WebUIKeywordMain.runKeyword(WebUIKeywordMain.groovy:26)
	at com.kms.katalon.core.webui.keyword.builtin.ClickKeyword.click(ClickKeyword.groovy:76)
	at com.kms.katalon.core.webui.keyword.builtin.ClickKeyword.execute(ClickKeyword.groovy:43)
	at com.kms.katalon.core.keyword.internal.KeywordExecutor.executeKeywordForPlatform(KeywordExecutor.groovy:73)
	at com.kms.katalon.core.webui.keyword.WebUiBuiltInKeywords.click(WebUiBuiltInKeywords.groovy:616)
	at com.kms.katalon.core.webui.keyword.WebUiBuiltInKeywords$click$5.call(Unknown Source)
	at TT_363_1-1_CreateL10MeetingforMonday_Admin.run(TT_363_1-1_CreateL10MeetingforMonday_Admin:55)
	at com.kms.katalon.core.main.ScriptEngine.run(ScriptEngine.java:194)
	at com.kms.katalon.core.main.ScriptEngine.runScriptAsRawText(ScriptEngine.java:119)
	at com.kms.katalon.core.main.TestCaseExecutor.runScript(TestCaseExecutor.java:339)
	at com.kms.katalon.core.main.TestCaseExecutor.doExecute(TestCaseExecutor.java:330)
	at com.kms.katalon.core.main.TestCaseExecutor.processExecutionPhase(TestCaseExecutor.java:309)
	at com.kms.katalon.core.main.TestCaseExecutor.accessMainPhase(TestCaseExecutor.java:301)
	at com.kms.katalon.core.main.TestCaseExecutor.execute(TestCaseExecutor.java:235)
	at com.kms.katalon.core.main.TestCaseMain.runTestCase(TestCaseMain.java:114)
	at com.kms.katalon.core.keyword.builtin.CallTestCaseKeyword$_callTestCase_closure1.doCall(CallTestCaseKeyword.groovy:59)
	at com.kms.katalon.core.keyword.builtin.CallTestCaseKeyword$_callTestCase_closure1.call(CallTestCaseKeyword.groovy)
	at com.kms.katalon.core.keyword.internal.KeywordMain.runKeyword(KeywordMain.groovy:68)
	at com.kms.katalon.core.keyword.builtin.CallTestCaseKeyword.callTestCase(CallTestCaseKeyword.groovy:81)
	at com.kms.katalon.core.keyword.builtin.CallTestCaseKeyword.execute(CallTestCaseKeyword.groovy:44)
	at com.kms.katalon.core.keyword.internal.KeywordExecutor.executeKeywordForPlatform(KeywordExecutor.groovy:73)
	at com.kms.katalon.core.keyword.BuiltinKeywords.callTestCase(BuiltinKeywords.groovy:334)
	at TT_363_5_AddRole_AllTestCase.run(TT_363_5_AddRole_AllTestCase:71)
	at com.kms.katalon.core.main.ScriptEngine.run(ScriptEngine.java:194)
	at com.kms.katalon.core.main.ScriptEngine.runScriptAsRawText(ScriptEngine.java:119)
	at com.kms.katalon.core.main.TestCaseExecutor.runScript(TestCaseExecutor.java:339)
	at com.kms.katalon.core.main.TestCaseExecutor.doExecute(TestCaseExecutor.java:330)
	at com.kms.katalon.core.main.TestCaseExecutor.processExecutionPhase(TestCaseExecutor.java:309)
	at com.kms.katalon.core.main.TestCaseExecutor.accessMainPhase(TestCaseExecutor.java:301)
	at com.kms.katalon.core.main.TestCaseExecutor.execute(TestCaseExecutor.java:235)
	at com.kms.katalon.core.main.TestSuiteExecutor.accessTestCaseMainPhase(TestSuiteExecutor.java:191)
	at com.kms.katalon.core.main.TestSuiteExecutor.accessTestSuiteMainPhase(TestSuiteExecutor.java:141)
	at com.kms.katalon.core.main.TestSuiteExecutor.execute(TestSuiteExecutor.java:90)
	at com.kms.katalon.core.main.TestCaseMain.startTestSuite(TestCaseMain.java:157)
	at com.kms.katalon.core.main.TestCaseMain$startTestSuite$0.call(Unknown Source)
	at TempTestSuite1600874509971.run(TempTestSuite1600874509971.groovy:39)
Caused by: com.kms.katalon.core.webui.exception.WebElementNotFoundException: Web element with id: 'Object Repository/V2/TT-363/Page_Meeting/div_Ill do this later' located by '//div[@id='CREATE_MEETING_SUCCESS_MODAL']/div[2]/div[3]/button[2]/div/div' not found
	at com.kms.katalon.core.webui.common.WebUiCommonHelper.findWebElement(WebUiCommonHelper.java:1368)
	at com.kms.katalon.core.webui.keyword.internal.WebUIAbstractKeyword.findWebElement(WebUIAbstractKeyword.groovy:27)
	at com.kms.katalon.core.webui.keyword.internal.WebUIAbstractKeyword.findWebElement(WebUIAbstractKeyword.groovy:26)
	at com.kms.katalon.core.webui.keyword.builtin.ClickKeyword$_click_closure1.doCall(ClickKeyword.groovy:67)
	at com.kms.katalon.core.webui.keyword.builtin.ClickKeyword$_click_closure1.call(ClickKeyword.groovy)
	at com.kms.katalon.core.webui.keyword.internal.WebUIKeywordMain.runKeyword(WebUIKeywordMain.groovy:20)
	at com.kms.katalon.core.webui.keyword.builtin.ClickKeyword.click(ClickKeyword.groovy:76)
	at com.kms.katalon.core.webui.keyword.builtin.ClickKeyword.execute(ClickKeyword.groovy:43)
	at com.kms.katalon.core.keyword.internal.KeywordExecutor.executeKeywordForPlatform(KeywordExecutor.groovy:73)
	at com.kms.katalon.core.webui.keyword.WebUiBuiltInKeywords.click(WebUiBuiltInKeywords.groovy:616)
	at com.kms.katalon.core.webui.keyword.WebUiBuiltInKeywords$click$5.call(Unknown Source)
	at Script1598579306686.run(Script1598579306686.groovy:55)
	at com.kms.katalon.core.main.ScriptEngine.run(ScriptEngine.java:194)
	at com.kms.katalon.core.main.ScriptEngine.runScriptAsRawText(ScriptEngine.java:119)
	at com.kms.katalon.core.main.TestCaseExecutor.runScript(TestCaseExecutor.java:339)
	at com.kms.katalon.core.main.TestCaseExecutor.doExecute(TestCaseExecutor.java:330)
	at com.kms.katalon.core.main.TestCaseExecutor.processExecutionPhase(TestCaseExecutor.java:309)
	at com.kms.katalon.core.main.TestCaseExecutor.accessMainPhase(TestCaseExecutor.java:301)
	at com.kms.katalon.core.main.TestCaseExecutor.execute(TestCaseExecutor.java:235)
	at com.kms.katalon.core.main.TestCaseMain.runTestCase(TestCaseMain.java:114)
	at com.kms.katalon.core.keyword.builtin.CallTestCaseKeyword$_callTestCase_closure1.doCall(CallTestCaseKeyword.groovy:59)
	at com.kms.katalon.core.keyword.builtin.CallTestCaseKeyword$_callTestCase_closure1.call(CallTestCaseKeyword.groovy)
	at com.kms.katalon.core.keyword.internal.KeywordMain.runKeyword(KeywordMain.groovy:68)
	at com.kms.katalon.core.keyword.builtin.CallTestCaseKeyword.callTestCase(CallTestCaseKeyword.groovy:81)
	at com.kms.katalon.core.keyword.builtin.CallTestCaseKeyword.execute(CallTestCaseKeyword.groovy:44)
	at com.kms.katalon.core.keyword.internal.KeywordExecutor.executeKeywordForPlatform(KeywordExecutor.groovy:73)
	at com.kms.katalon.core.keyword.BuiltinKeywords.callTestCase(BuiltinKeywords.groovy:334)
	at Script1598637171456.run(Script1598637171456.groovy:71)
	... 13 more
)
[[ATTACHMENT|C:\\Users\\Aaron-PC\\git\\TractionTools\\Reports\\20200923_232149\\V2\\Tests\\TT-363 - Meeting List\\TT-363_TestSuite\\20200923_232149\\1600876495092.png]]

2020-09-23 23:54:55 - [MESSAGE][FAILED] - Unable to call Test Case 'Test Cases/V2/Test Case/Tests/TT-363 - Meeting List/Positive/Admin/TT_363_1-1_CreateL10MeetingforMonday_Admin' (Root cause: com.kms.katalon.core.exception.StepFailedException: Call Test Case 'Test Cases/V2/Test Case/Tests/TT-363 - Meeting List/Positive/Admin/TT_363_1-1_CreateL10MeetingforMonday_Admin' failed
	at com.kms.katalon.core.keyword.builtin.CallTestCaseKeyword$_callTestCase_closure1.doCall(CallTestCaseKeyword.groovy:63)
	at com.kms.katalon.core.keyword.builtin.CallTestCaseKeyword$_callTestCase_closure1.call(CallTestCaseKeyword.groovy)
	at com.kms.katalon.core.keyword.internal.KeywordMain.runKeyword(KeywordMain.groovy:68)
	at com.kms.katalon.core.keyword.builtin.CallTestCaseKeyword.callTestCase(CallTestCaseKeyword.groovy:81)
	at com.kms.katalon.core.keyword.builtin.CallTestCaseKeyword.execute(CallTestCaseKeyword.groovy:44)
	at com.kms.katalon.core.keyword.internal.KeywordExecutor.executeKeywordForPlatform(KeywordExecutor.groovy:73)
	at com.kms.katalon.core.keyword.BuiltinKeywords.callTestCase(BuiltinKeywords.groovy:334)
	at TT_363_5_AddRole_AllTestCase.run(TT_363_5_AddRole_AllTestCase:71)
	at com.kms.katalon.core.main.ScriptEngine.run(ScriptEngine.java:194)
	at com.kms.katalon.core.main.ScriptEngine.runScriptAsRawText(ScriptEngine.java:119)
	at com.kms.katalon.core.main.TestCaseExecutor.runScript(TestCaseExecutor.java:339)
	at com.kms.katalon.core.main.TestCaseExecutor.doExecute(TestCaseExecutor.java:330)
	at com.kms.katalon.core.main.TestCaseExecutor.processExecutionPhase(TestCaseExecutor.java:309)
	at com.kms.katalon.core.main.TestCaseExecutor.accessMainPhase(TestCaseExecutor.java:301)
	at com.kms.katalon.core.main.TestCaseExecutor.execute(TestCaseExecutor.java:235)
	at com.kms.katalon.core.main.TestSuiteExecutor.accessTestCaseMainPhase(TestSuiteExecutor.java:191)
	at com.kms.katalon.core.main.TestSuiteExecutor.accessTestSuiteMainPhase(TestSuiteExecutor.java:141)
	at com.kms.katalon.core.main.TestSuiteExecutor.execute(TestSuiteExecutor.java:90)
	at com.kms.katalon.core.main.TestCaseMain.startTestSuite(TestCaseMain.java:157)
	at com.kms.katalon.core.main.TestCaseMain$startTestSuite$0.call(Unknown Source)
	at TempTestSuite1600874509971.run(TempTestSuite1600874509971.groovy:39)
Caused by: com.kms.katalon.core.exception.StepFailedException: Unable to click on object 'Object Repository/V2/TT-363/Page_Meeting/div_Ill do this later'
	at com.kms.katalon.core.webui.keyword.internal.WebUIKeywordMain.stepFailed(WebUIKeywordMain.groovy:64)
	at com.kms.katalon.core.webui.keyword.internal.WebUIKeywordMain.runKeyword(WebUIKeywordMain.groovy:26)
	at com.kms.katalon.core.webui.keyword.builtin.ClickKeyword.click(ClickKeyword.groovy:76)
	at com.kms.katalon.core.webui.keyword.builtin.ClickKeyword.execute(ClickKeyword.groovy:43)
	at com.kms.katalon.core.keyword.internal.KeywordExecutor.executeKeywordForPlatform(KeywordExecutor.groovy:73)
	at com.kms.katalon.core.webui.keyword.WebUiBuiltInKeywords.click(WebUiBuiltInKeywords.groovy:616)
	at com.kms.katalon.core.webui.keyword.WebUiBuiltInKeywords$click$5.call(Unknown Source)
	at TT_363_1-1_CreateL10MeetingforMonday_Admin.run(TT_363_1-1_CreateL10MeetingforMonday_Admin:55)
	at com.kms.katalon.core.main.ScriptEngine.run(ScriptEngine.java:194)
	at com.kms.katalon.core.main.ScriptEngine.runScriptAsRawText(ScriptEngine.java:119)
	at com.kms.katalon.core.main.TestCaseExecutor.runScript(TestCaseExecutor.java:339)
	at com.kms.katalon.core.main.TestCaseExecutor.doExecute(TestCaseExecutor.java:330)
	at com.kms.katalon.core.main.TestCaseExecutor.processExecutionPhase(TestCaseExecutor.java:309)
	at com.kms.katalon.core.main.TestCaseExecutor.accessMainPhase(TestCaseExecutor.java:301)
	at com.kms.katalon.core.main.TestCaseExecutor.execute(TestCaseExecutor.java:235)
	at com.kms.katalon.core.main.TestCaseMain.runTestCase(TestCaseMain.java:114)
	at com.kms.katalon.core.keyword.builtin.CallTestCaseKeyword$_callTestCase_closure1.doCall(CallTestCaseKeyword.groovy:59)
	... 20 more
Caused by: com.kms.katalon.core.webui.exception.WebElementNotFoundException: Web element with id: 'Object Repository/V2/TT-363/Page_Meeting/div_Ill do this later' located by '//div[@id='CREATE_MEETING_SUCCESS_MODAL']/div[2]/div[3]/button[2]/div/div' not found
	at com.kms.katalon.core.webui.common.WebUiCommonHelper.findWebElement(WebUiCommonHelper.java:1368)
	at com.kms.katalon.core.webui.keyword.internal.WebUIAbstractKeyword.findWebElement(WebUIAbstractKeyword.groovy:27)
	at com.kms.katalon.core.webui.keyword.internal.WebUIAbstractKeyword.findWebElement(WebUIAbstractKeyword.groovy:26)
	at com.kms.katalon.core.webui.keyword.builtin.ClickKeyword$_click_closure1.doCall(ClickKeyword.groovy:67)
	at com.kms.katalon.core.webui.keyword.builtin.ClickKeyword$_click_closure1.call(ClickKeyword.groovy)
	at com.kms.katalon.core.webui.keyword.internal.WebUIKeywordMain.runKeyword(WebUIKeywordMain.groovy:20)
	... 35 more
)]]></system-out>
         <system-err><![CDATA[2020-09-23 23:51:32 - [TEST_CASE][FAILED] - Test Cases/V2/Test Case/Tests/TT-363 - Meeting List/Positive/TT_363_5_AddRole_AllTestCase: Test Cases/V2/Test Case/Tests/TT-363 - Meeting List/Positive/TT_363_5_AddRole_AllTestCase FAILED.
Reason:
com.kms.katalon.core.exception.StepFailedException: Call Test Case 'Test Cases/V2/Test Case/Tests/TT-363 - Meeting List/Positive/Admin/TT_363_1-1_CreateL10MeetingforMonday_Admin' failed
	at com.kms.katalon.core.keyword.builtin.CallTestCaseKeyword$_callTestCase_closure1.doCall(CallTestCaseKeyword.groovy:63)
	at com.kms.katalon.core.keyword.builtin.CallTestCaseKeyword$_callTestCase_closure1.call(CallTestCaseKeyword.groovy)
	at com.kms.katalon.core.keyword.internal.KeywordMain.runKeyword(KeywordMain.groovy:68)
	at com.kms.katalon.core.keyword.builtin.CallTestCaseKeyword.callTestCase(CallTestCaseKeyword.groovy:81)
	at com.kms.katalon.core.keyword.builtin.CallTestCaseKeyword.execute(CallTestCaseKeyword.groovy:44)
	at com.kms.katalon.core.keyword.internal.KeywordExecutor.executeKeywordForPlatform(KeywordExecutor.groovy:73)
	at com.kms.katalon.core.keyword.BuiltinKeywords.callTestCase(BuiltinKeywords.groovy:334)
	at TT_363_5_AddRole_AllTestCase.run(TT_363_5_AddRole_AllTestCase:71)
	at com.kms.katalon.core.main.ScriptEngine.run(ScriptEngine.java:194)
	at com.kms.katalon.core.main.ScriptEngine.runScriptAsRawText(ScriptEngine.java:119)
	at com.kms.katalon.core.main.TestCaseExecutor.runScript(TestCaseExecutor.java:339)
	at com.kms.katalon.core.main.TestCaseExecutor.doExecute(TestCaseExecutor.java:330)
	at com.kms.katalon.core.main.TestCaseExecutor.processExecutionPhase(TestCaseExecutor.java:309)
	at com.kms.katalon.core.main.TestCaseExecutor.accessMainPhase(TestCaseExecutor.java:301)
	at com.kms.katalon.core.main.TestCaseExecutor.execute(TestCaseExecutor.java:235)
	at com.kms.katalon.core.main.TestSuiteExecutor.accessTestCaseMainPhase(TestSuiteExecutor.java:191)
	at com.kms.katalon.core.main.TestSuiteExecutor.accessTestSuiteMainPhase(TestSuiteExecutor.java:141)
	at com.kms.katalon.core.main.TestSuiteExecutor.execute(TestSuiteExecutor.java:90)
	at com.kms.katalon.core.main.TestCaseMain.startTestSuite(TestCaseMain.java:157)
	at com.kms.katalon.core.main.TestCaseMain$startTestSuite$0.call(Unknown Source)
	at TempTestSuite1600874509971.run(TempTestSuite1600874509971.groovy:39)
Caused by: com.kms.katalon.core.exception.StepFailedException: Unable to click on object 'Object Repository/V2/TT-363/Page_Meeting/div_Ill do this later'
	at com.kms.katalon.core.webui.keyword.internal.WebUIKeywordMain.stepFailed(WebUIKeywordMain.groovy:64)
	at com.kms.katalon.core.webui.keyword.internal.WebUIKeywordMain.runKeyword(WebUIKeywordMain.groovy:26)
	at com.kms.katalon.core.webui.keyword.builtin.ClickKeyword.click(ClickKeyword.groovy:76)
	at com.kms.katalon.core.webui.keyword.builtin.ClickKeyword.execute(ClickKeyword.groovy:43)
	at com.kms.katalon.core.keyword.internal.KeywordExecutor.executeKeywordForPlatform(KeywordExecutor.groovy:73)
	at com.kms.katalon.core.webui.keyword.WebUiBuiltInKeywords.click(WebUiBuiltInKeywords.groovy:616)
	at com.kms.katalon.core.webui.keyword.WebUiBuiltInKeywords$click$5.call(Unknown Source)
	at TT_363_1-1_CreateL10MeetingforMonday_Admin.run(TT_363_1-1_CreateL10MeetingforMonday_Admin:55)
	at com.kms.katalon.core.main.ScriptEngine.run(ScriptEngine.java:194)
	at com.kms.katalon.core.main.ScriptEngine.runScriptAsRawText(ScriptEngine.java:119)
	at com.kms.katalon.core.main.TestCaseExecutor.runScript(TestCaseExecutor.java:339)
	at com.kms.katalon.core.main.TestCaseExecutor.doExecute(TestCaseExecutor.java:330)
	at com.kms.katalon.core.main.TestCaseExecutor.processExecutionPhase(TestCaseExecutor.java:309)
	at com.kms.katalon.core.main.TestCaseExecutor.accessMainPhase(TestCaseExecutor.java:301)
	at com.kms.katalon.core.main.TestCaseExecutor.execute(TestCaseExecutor.java:235)
	at com.kms.katalon.core.main.TestCaseMain.runTestCase(TestCaseMain.java:114)
	at com.kms.katalon.core.keyword.builtin.CallTestCaseKeyword$_callTestCase_closure1.doCall(CallTestCaseKeyword.groovy:59)
	... 20 more
Caused by: com.kms.katalon.core.webui.exception.WebElementNotFoundException: Web element with id: 'Object Repository/V2/TT-363/Page_Meeting/div_Ill do this later' located by '//div[@id='CREATE_MEETING_SUCCESS_MODAL']/div[2]/div[3]/button[2]/div/div' not found
	at com.kms.katalon.core.webui.common.WebUiCommonHelper.findWebElement(WebUiCommonHelper.java:1368)
	at com.kms.katalon.core.webui.keyword.internal.WebUIAbstractKeyword.findWebElement(WebUIAbstractKeyword.groovy:27)
	at com.kms.katalon.core.webui.keyword.internal.WebUIAbstractKeyword.findWebElement(WebUIAbstractKeyword.groovy:26)
	at com.kms.katalon.core.webui.keyword.builtin.ClickKeyword$_click_closure1.doCall(ClickKeyword.groovy:67)
	at com.kms.katalon.core.webui.keyword.builtin.ClickKeyword$_click_closure1.call(ClickKeyword.groovy)
	at com.kms.katalon.core.webui.keyword.internal.WebUIKeywordMain.runKeyword(WebUIKeywordMain.groovy:20)
	... 35 more]]></system-err>
      </testcase>
      <testcase name="Test Cases/V2/Test Case/Tests/TT-363 - Meeting List/Positive/TT_363_6_EditMeetingBasicInformation_AllTestCase" time="277.886" classname="Test Cases/V2/Test Case/Tests/TT-363 - Meeting List/Positive/TT_363_6_EditMeetingBasicInformation_AllTestCase" status="FAILED">
         <failure type="FAILED" message="Test Cases/V2/Test Case/Tests/TT-363 - Meeting List/Positive/TT_363_6_EditMeetingBasicInformation_AllTestCase FAILED.
Reason:
com.kms.katalon.core.exception.StepFailedException: Unable to verify object 'Object Repository/V2/TT-363/Page_Meeting/Edit_Meeting/Page_Edit Meeting/input__meeting title' to be NOT clickable
	at com.kms.katalon.core.webui.keyword.internal.WebUIKeywordMain.stepFailed(WebUIKeywordMain.groovy:64)
	at com.kms.katalon.core.webui.keyword.internal.WebUIKeywordMain.runKeyword(WebUIKeywordMain.groovy:26)
	at com.kms.katalon.core.webui.keyword.builtin.VerifyElementNotClickableKeyword.verifyElementNotClickable(VerifyElementNotClickableKeyword.groovy:96)
	at com.kms.katalon.core.webui.keyword.builtin.VerifyElementNotClickableKeyword.execute(VerifyElementNotClickableKeyword.groovy:67)
	at com.kms.katalon.core.keyword.internal.KeywordExecutor.executeKeywordForPlatform(KeywordExecutor.groovy:73)
	at com.kms.katalon.core.webui.keyword.WebUiBuiltInKeywords.verifyElementNotClickable(WebUiBuiltInKeywords.groovy:577)
	at com.kms.katalon.core.webui.keyword.WebUiBuiltInKeywords$verifyElementNotClickable$15.call(Unknown Source)
	at TT_363_6_EditMeetingBasicInformation_AllTestCase.run(TT_363_6_EditMeetingBasicInformation_AllTestCase:109)
	at com.kms.katalon.core.main.ScriptEngine.run(ScriptEngine.java:194)
	at com.kms.katalon.core.main.ScriptEngine.runScriptAsRawText(ScriptEngine.java:119)
	at com.kms.katalon.core.main.TestCaseExecutor.runScript(TestCaseExecutor.java:339)
	at com.kms.katalon.core.main.TestCaseExecutor.doExecute(TestCaseExecutor.java:330)
	at com.kms.katalon.core.main.TestCaseExecutor.processExecutionPhase(TestCaseExecutor.java:309)
	at com.kms.katalon.core.main.TestCaseExecutor.accessMainPhase(TestCaseExecutor.java:301)
	at com.kms.katalon.core.main.TestCaseExecutor.execute(TestCaseExecutor.java:235)
	at com.kms.katalon.core.main.TestSuiteExecutor.accessTestCaseMainPhase(TestSuiteExecutor.java:191)
	at com.kms.katalon.core.main.TestSuiteExecutor.accessTestSuiteMainPhase(TestSuiteExecutor.java:141)
	at com.kms.katalon.core.main.TestSuiteExecutor.execute(TestSuiteExecutor.java:90)
	at com.kms.katalon.core.main.TestCaseMain.startTestSuite(TestCaseMain.java:157)
	at com.kms.katalon.core.main.TestCaseMain$startTestSuite$0.call(Unknown Source)
	at TempTestSuite1600874509971.run(TempTestSuite1600874509971.groovy:39)
Caused by: com.kms.katalon.core.exception.StepFailedException: Object 'Object Repository/V2/TT-363/Page_Meeting/Edit_Meeting/Page_Edit Meeting/input__meeting title' is clickable
	at com.kms.katalon.core.webui.keyword.internal.WebUIKeywordMain.stepFailed(WebUIKeywordMain.groovy:64)
	at com.kms.katalon.core.webui.keyword.builtin.VerifyElementNotClickableKeyword$_verifyElementNotClickable_closure1.doCall(VerifyElementNotClickableKeyword.groovy:80)
	at com.kms.katalon.core.webui.keyword.builtin.VerifyElementNotClickableKeyword$_verifyElementNotClickable_closure1.call(VerifyElementNotClickableKeyword.groovy)
	at com.kms.katalon.core.webui.keyword.internal.WebUIKeywordMain.runKeyword(WebUIKeywordMain.groovy:20)
	... 19 more
"/>
         <system-out><![CDATA[2020-09-23 23:54:55 - [TEST_CASE][FAILED] - Test Cases/V2/Test Case/Tests/TT-363 - Meeting List/Positive/TT_363_6_EditMeetingBasicInformation_AllTestCase: Test Cases/V2/Test Case/Tests/TT-363 - Meeting List/Positive/TT_363_6_EditMeetingBasicInformation_AllTestCase FAILED.
Reason:
com.kms.katalon.core.exception.StepFailedException: Unable to verify object 'Object Repository/V2/TT-363/Page_Meeting/Edit_Meeting/Page_Edit Meeting/input__meeting title' to be NOT clickable
	at com.kms.katalon.core.webui.keyword.internal.WebUIKeywordMain.stepFailed(WebUIKeywordMain.groovy:64)
	at com.kms.katalon.core.webui.keyword.internal.WebUIKeywordMain.runKeyword(WebUIKeywordMain.groovy:26)
	at com.kms.katalon.core.webui.keyword.builtin.VerifyElementNotClickableKeyword.verifyElementNotClickable(VerifyElementNotClickableKeyword.groovy:96)
	at com.kms.katalon.core.webui.keyword.builtin.VerifyElementNotClickableKeyword.execute(VerifyElementNotClickableKeyword.groovy:67)
	at com.kms.katalon.core.keyword.internal.KeywordExecutor.executeKeywordForPlatform(KeywordExecutor.groovy:73)
	at com.kms.katalon.core.webui.keyword.WebUiBuiltInKeywords.verifyElementNotClickable(WebUiBuiltInKeywords.groovy:577)
	at com.kms.katalon.core.webui.keyword.WebUiBuiltInKeywords$verifyElementNotClickable$15.call(Unknown Source)
	at TT_363_6_EditMeetingBasicInformation_AllTestCase.run(TT_363_6_EditMeetingBasicInformation_AllTestCase:109)
	at com.kms.katalon.core.main.ScriptEngine.run(ScriptEngine.java:194)
	at com.kms.katalon.core.main.ScriptEngine.runScriptAsRawText(ScriptEngine.java:119)
	at com.kms.katalon.core.main.TestCaseExecutor.runScript(TestCaseExecutor.java:339)
	at com.kms.katalon.core.main.TestCaseExecutor.doExecute(TestCaseExecutor.java:330)
	at com.kms.katalon.core.main.TestCaseExecutor.processExecutionPhase(TestCaseExecutor.java:309)
	at com.kms.katalon.core.main.TestCaseExecutor.accessMainPhase(TestCaseExecutor.java:301)
	at com.kms.katalon.core.main.TestCaseExecutor.execute(TestCaseExecutor.java:235)
	at com.kms.katalon.core.main.TestSuiteExecutor.accessTestCaseMainPhase(TestSuiteExecutor.java:191)
	at com.kms.katalon.core.main.TestSuiteExecutor.accessTestSuiteMainPhase(TestSuiteExecutor.java:141)
	at com.kms.katalon.core.main.TestSuiteExecutor.execute(TestSuiteExecutor.java:90)
	at com.kms.katalon.core.main.TestCaseMain.startTestSuite(TestCaseMain.java:157)
	at com.kms.katalon.core.main.TestCaseMain$startTestSuite$0.call(Unknown Source)
	at TempTestSuite1600874509971.run(TempTestSuite1600874509971.groovy:39)
Caused by: com.kms.katalon.core.exception.StepFailedException: Object 'Object Repository/V2/TT-363/Page_Meeting/Edit_Meeting/Page_Edit Meeting/input__meeting title' is clickable
	at com.kms.katalon.core.webui.keyword.internal.WebUIKeywordMain.stepFailed(WebUIKeywordMain.groovy:64)
	at com.kms.katalon.core.webui.keyword.builtin.VerifyElementNotClickableKeyword$_verifyElementNotClickable_closure1.doCall(VerifyElementNotClickableKeyword.groovy:80)
	at com.kms.katalon.core.webui.keyword.builtin.VerifyElementNotClickableKeyword$_verifyElementNotClickable_closure1.call(VerifyElementNotClickableKeyword.groovy)
	at com.kms.katalon.core.webui.keyword.internal.WebUIKeywordMain.runKeyword(WebUIKeywordMain.groovy:20)
	... 19 more


2020-09-23 23:54:55 - [TEST_STEP][PASSED] - callTestCase(findTestCase("V2/Test Case/Pre-conditions/PRE_RegisterAndActivateTTUsers"), ["admin_fname":admin_fname, "lastname":lastname, "phonenumber":"9999999999", "company":"Traction Tools", "password":password, ... ], STOP_ON_FAILURE): Call Test Case 'Test Cases/V2/Test Case/Pre-conditions/PRE_RegisterAndActivateTTUsers' successfully

2020-09-23 23:54:55 - [TEST_CASE][PASSED] - Test Cases/V2/Test Case/Pre-conditions/PRE_RegisterAndActivateTTUsers: Test Cases/V2/Test Case/Pre-conditions/PRE_RegisterAndActivateTTUsers

2020-09-23 23:54:55 - [TEST_STEP][PASSED] - email = tt_CustomKeywords.CustomKeywords.GenerateRandomEmailAddress(admin_email_prefix, admin_email_domain, randomTextLength): Successfully generated a random email: tractiontools.user001+ta583nz1@gmail.com

2020-09-23 23:54:55 - [MESSAGE][PASSED] - Successfully generated a random email: tractiontools.user001+ta583nz1@gmail.com

2020-09-23 23:54:55 - [TEST_STEP][PASSED] - supervisor_email = tt_CustomKeywords.CustomKeywords.GenerateRandomEmailAddress(supervisor_email_prefix, supervisor_email_domain, randomTextLength): Successfully generated a random email: tractiontools.user001+ts5p2pdx@gmail.com

2020-09-23 23:54:55 - [MESSAGE][PASSED] - Successfully generated a random email: tractiontools.user001+ts5p2pdx@gmail.com

2020-09-23 23:54:55 - [TEST_STEP][PASSED] - employee_email = tt_CustomKeywords.CustomKeywords.GenerateRandomEmailAddress(employee_email_prefix, employee_email_domain, randomTextLength): Successfully generated a random email: tractiontools.user001+te5nig99@gmail.com

2020-09-23 23:54:55 - [MESSAGE][PASSED] - Successfully generated a random email: tractiontools.user001+te5nig99@gmail.com

2020-09-23 23:54:55 - [TEST_STEP][PASSED] - adminDetails = tt_CustomKeywords.CustomKeywords.RegisterUserViaAPIAndGenerateActivateURL(email, admin_fname, lastname, phonenumber, company, "__JSON__{\"howDidYouHearAboutUs\":\"Facebook\",\"implementer\":\"\",\"existingTractionToolsClient\":\"\",\"other\":\"\"}", "__JSON__{\"timeZone\":\"America/Guatemala\",\"brandColor\":\"#023047\",\"q1Start\":null,\"q1End\":null,\"q2Start\":null,\"q2End\":null,\"q3Start\":null,\"q3End\":null,\"q4Start\":null,\"q4End\":null,\"quarterDatesSetsRocks\":false,\"exportUsers\":false,\"exportRocks\":false,\"exportRocksIncludesMilestones\":false,\"exportScorecards\":false,\"exportTodos\":false,\"exportTodosIncludesNotes\":false,\"exportPeopleHeadlines\":false,\"exportPeopleHeadlinesIncludesNotes\":false,\"exportIssues\":false,\"exportIssuesIncludesNotes\":false,\"exportContextAwareTodos\":false,\"dateFormat\":\"MM/DD/YYYY\",\"timeFormat\":\"h:mma\",\"numberFormat\":\"-1,000.99\",\"supervisorsArchiveRestoreUsers\":false,\"supervisorsEditPositions\":false,\"milestonesAvailableToAll\":false,\"customMeetingTemplatesEnabled\":false,\"receiveTodoReminders\":false,\"todoReminderTime\":\"13:00\",\"todoReminderTimeZone\":\"America/Guatemala\",\"todoReminderFrequency\":\"DAILY\",\"vtoMeetingId\":\"\",\"vtoDisplayMode\":\"ALL\",\"coreValues\":[{\"id\":\"1\",\"text\":\"\"},{\"id\":\"2\",\"text\":\"\"},{\"id\":\"3\",\"text\":\"\"}]}", password, V2Url): SUCCESFFULLY registered a new user via API. 
 Generated Activation Link: 
http://local.traction.tools:5000/activate?activationKey=55b4f1f8-7a26-4c01-ae92-29d80c0b09cb&userId=22ba5dd6-619b-11fa-8fb6-d342bbd9acf8&orgId=06ba5dd6-6045-b35b-a8b5-fc4999d83ceb&email=tractiontools.user001+ta583nz1@gmail.com&teamsId=74ba5dd6-608b-db64-f921-f6bfc5d64de1&meetingsId=7eba5dd6-607a-d541-8177-610e9de783ff&adminsId=54ba5dd6-6226-3a31-7f03-e8bb8668b642&usersId=2cba5dd6-609b-2083-2a5a-3f6f1d1a15f0&supervisorsId=10ba5dd6-606a-a5d1-01dc-3e0ffd3c3831&accountabilityChartId=ecba5dd6-60ac-c866-1663-b6564e6acc7f&isCreator=1

2020-09-23 23:54:57 - [MESSAGE][PASSED] - SUCCESFFULLY registered a new user via API. 
 Generated Activation Link: 
http://local.traction.tools:5000/activate?activationKey=55b4f1f8-7a26-4c01-ae92-29d80c0b09cb&userId=22ba5dd6-619b-11fa-8fb6-d342bbd9acf8&orgId=06ba5dd6-6045-b35b-a8b5-fc4999d83ceb&email=tractiontools.user001+ta583nz1@gmail.com&teamsId=74ba5dd6-608b-db64-f921-f6bfc5d64de1&meetingsId=7eba5dd6-607a-d541-8177-610e9de783ff&adminsId=54ba5dd6-6226-3a31-7f03-e8bb8668b642&usersId=2cba5dd6-609b-2083-2a5a-3f6f1d1a15f0&supervisorsId=10ba5dd6-606a-a5d1-01dc-3e0ffd3c3831&accountabilityChartId=ecba5dd6-60ac-c866-1663-b6564e6acc7f&isCreator=1

2020-09-23 23:54:57 - [TEST_STEP][PASSED] - activationURL = adminDetails[0]: null

2020-09-23 23:54:57 - [TEST_STEP][PASSED] - orgID = adminDetails[1]: null

2020-09-23 23:54:57 - [TEST_STEP][PASSED] - out.println("URL: " + activationURL): null

2020-09-23 23:54:57 - [TEST_STEP][PASSED] - out.println("orgID: " + orgID): null

2020-09-23 23:54:57 - [TEST_STEP][PASSED] - supervisorUser_name = supervisor_fname + " " + lastname: null

2020-09-23 23:54:57 - [TEST_STEP][PASSED] - openBrowser(""): Browser is opened with url: ''

2020-09-23 23:54:57 - [MESSAGE][WARNING] - A browser is already opened. Closing browser and opening a new one

2020-09-23 23:54:58 - [MESSAGE][INFO] - Starting 'Chrome' driver

2020-09-23 23:54:58 - [MESSAGE][INFO] - Action delay is set to 0 milliseconds

2020-09-23 23:55:01 - [MESSAGE][PASSED] - Browser is opened with url: ''

2020-09-23 23:55:01 - [TEST_STEP][PASSED] - maximizeWindow(): Current window maximized

2020-09-23 23:55:04 - [MESSAGE][PASSED] - Current window maximized

2020-09-23 23:55:04 - [TEST_STEP][PASSED] - callTestCase(findTestCase("V2/Test Case/Pre-conditions/PRE_ActivateNewUser"), ["activationURL":activationURL, "email":email, "password":password], STOP_ON_FAILURE): Call Test Case 'Test Cases/V2/Test Case/Pre-conditions/PRE_ActivateNewUser' successfully

2020-09-23 23:55:04 - [TEST_CASE][PASSED] - Test Cases/V2/Test Case/Pre-conditions/PRE_ActivateNewUser: Test Cases/V2/Test Case/Pre-conditions/PRE_ActivateNewUser

2020-09-23 23:55:04 - [TEST_STEP][PASSED] - navigateToUrl(activationURL): Navigate to 'http://local.traction.tools:5000/activate?activationKey=55b4f1f8-7a26-4c01-ae92-29d80c0b09cb&userId=22ba5dd6-619b-11fa-8fb6-d342bbd9acf8&orgId=06ba5dd6-6045-b35b-a8b5-fc4999d83ceb&email=tractiontools.user001+ta583nz1@gmail.com&teamsId=74ba5dd6-608b-db64-f921-f6bfc5d64de1&meetingsId=7eba5dd6-607a-d541-8177-610e9de783ff&adminsId=54ba5dd6-6226-3a31-7f03-e8bb8668b642&usersId=2cba5dd6-609b-2083-2a5a-3f6f1d1a15f0&supervisorsId=10ba5dd6-606a-a5d1-01dc-3e0ffd3c3831&accountabilityChartId=ecba5dd6-60ac-c866-1663-b6564e6acc7f&isCreator=1' successfully

2020-09-23 23:55:05 - [MESSAGE][PASSED] - Navigate to 'http://local.traction.tools:5000/activate?activationKey=55b4f1f8-7a26-4c01-ae92-29d80c0b09cb&userId=22ba5dd6-619b-11fa-8fb6-d342bbd9acf8&orgId=06ba5dd6-6045-b35b-a8b5-fc4999d83ceb&email=tractiontools.user001+ta583nz1@gmail.com&teamsId=74ba5dd6-608b-db64-f921-f6bfc5d64de1&meetingsId=7eba5dd6-607a-d541-8177-610e9de783ff&adminsId=54ba5dd6-6226-3a31-7f03-e8bb8668b642&usersId=2cba5dd6-609b-2083-2a5a-3f6f1d1a15f0&supervisorsId=10ba5dd6-606a-a5d1-01dc-3e0ffd3c3831&accountabilityChartId=ecba5dd6-60ac-c866-1663-b6564e6acc7f&isCreator=1' successfully

2020-09-23 23:55:05 - [TEST_STEP][PASSED] - waitForElementVisible(findTestObject("V2/Commons/ActivationPage/input_Email_email"), DefaultTimeout): Object 'Object Repository/V2/Commons/ActivationPage/input_Email_email' is visible

2020-09-23 23:55:07 - [MESSAGE][PASSED] - Object 'Object Repository/V2/Commons/ActivationPage/input_Email_email' is visible

2020-09-23 23:55:07 - [TEST_STEP][PASSED] - actual_email = getAttribute(findTestObject("Object Repository/V2/Commons/ActivationPage/input_Email_email"), "value"): Attribute 'value' of object 'Object Repository/V2/Commons/ActivationPage/input_Email_email' is: 'tractiontools.user001+ta583nz1@gmail.com'

2020-09-23 23:55:07 - [MESSAGE][PASSED] - Attribute 'value' of object 'Object Repository/V2/Commons/ActivationPage/input_Email_email' is: 'tractiontools.user001+ta583nz1@gmail.com'

2020-09-23 23:55:07 - [TEST_STEP][PASSED] - verifyMatch(actual_email, email, false): Actual text 'tractiontools.user001+ta583nz1@gmail.com' and expected text 'tractiontools.user001+ta583nz1@gmail.com' are matched 

2020-09-23 23:55:07 - [MESSAGE][PASSED] - Actual text 'tractiontools.user001+ta583nz1@gmail.com' and expected text 'tractiontools.user001+ta583nz1@gmail.com' are matched 

2020-09-23 23:55:07 - [TEST_STEP][PASSED] - setText(findTestObject("V2/Commons/ActivationPage/input_password"), password): Text 'Qwer123!' is set on object 'Object Repository/V2/Commons/ActivationPage/input_password'

2020-09-23 23:55:07 - [MESSAGE][PASSED] - Text 'Qwer123!' is set on object 'Object Repository/V2/Commons/ActivationPage/input_password'

2020-09-23 23:55:07 - [TEST_STEP][PASSED] - setText(findTestObject("Object Repository/V2/Commons/ActivationPage/input__passwordRepeat"), password): Text 'Qwer123!' is set on object 'Object Repository/V2/Commons/ActivationPage/input__passwordRepeat'

2020-09-23 23:55:08 - [MESSAGE][PASSED] - Text 'Qwer123!' is set on object 'Object Repository/V2/Commons/ActivationPage/input__passwordRepeat'

2020-09-23 23:55:08 - [TEST_STEP][PASSED] - click(findTestObject("V2/Commons/ActivationPage/input_termsandconditions")): Object: 'Object Repository/V2/Commons/ActivationPage/input_termsandconditions' is clicked on

2020-09-23 23:55:09 - [MESSAGE][PASSED] - Object: 'Object Repository/V2/Commons/ActivationPage/input_termsandconditions' is clicked on

2020-09-23 23:55:09 - [TEST_STEP][PASSED] - click(findTestObject("Object Repository/V2/Commons/ActivationPage/div_Create account")): Object: 'Object Repository/V2/Commons/ActivationPage/div_Create account' is clicked on

2020-09-23 23:55:09 - [MESSAGE][PASSED] - Object: 'Object Repository/V2/Commons/ActivationPage/div_Create account' is clicked on

2020-09-23 23:55:09 - [TEST_STEP][PASSED] - waitForElementPresent(findTestObject("V2/Commons/DasboardPage_SidebarMenu/img_Home_logo-big"), DefaultTimeout): Object 'Object Repository/V2/Commons/DasboardPage_SidebarMenu/img_Home_logo-big' is present

2020-09-23 23:55:15 - [MESSAGE][PASSED] - Object 'Object Repository/V2/Commons/DasboardPage_SidebarMenu/img_Home_logo-big' is present

2020-09-23 23:55:15 - [TEST_STEP][PASSED] - verifyElementPresent(findTestObject("V2/Commons/DasboardPage_SidebarMenu/img_Home_logo-big"), 0): Object 'Object Repository/V2/Commons/DasboardPage_SidebarMenu/img_Home_logo-big' is present

2020-09-23 23:55:15 - [MESSAGE][WARNING] - Timeout '0' is invalid. Using default page load timeout: '30'

2020-09-23 23:55:15 - [MESSAGE][PASSED] - Object 'Object Repository/V2/Commons/DasboardPage_SidebarMenu/img_Home_logo-big' is present

2020-09-23 23:55:15 - [MESSAGE][PASSED] - Call Test Case 'Test Cases/V2/Test Case/Pre-conditions/PRE_ActivateNewUser' successfully

2020-09-23 23:55:15 - [TEST_STEP][PASSED] - callTestCase(findTestCase("V2/Test Case/Pre-conditions/PRE_SkipCompanyAndPersonalProfileSetup"), [:], STOP_ON_FAILURE): Call Test Case 'Test Cases/V2/Test Case/Pre-conditions/PRE_SkipCompanyAndPersonalProfileSetup' successfully

2020-09-23 23:55:15 - [TEST_CASE][PASSED] - Test Cases/V2/Test Case/Pre-conditions/PRE_SkipCompanyAndPersonalProfileSetup: Test Cases/V2/Test Case/Pre-conditions/PRE_SkipCompanyAndPersonalProfileSetup

2020-09-23 23:55:15 - [TEST_STEP][PASSED] - waitForElementVisible(findTestObject("V2/Commons/FirstUpdateCompanyAndPersonalInfoModal/confirmCompanyInfoHeader_h1"), DefaultTimeout): Object 'Object Repository/V2/Commons/FirstUpdateCompanyAndPersonalInfoModal/confirmCompanyInfoHeader_h1' is visible

2020-09-23 23:55:15 - [MESSAGE][PASSED] - Object 'Object Repository/V2/Commons/FirstUpdateCompanyAndPersonalInfoModal/confirmCompanyInfoHeader_h1' is visible

2020-09-23 23:55:15 - [TEST_STEP][PASSED] - click(findTestObject("V2/Commons/FirstUpdateCompanyAndPersonalInfoModal/confirmInfoSkip_button")): Object: 'Object Repository/V2/Commons/FirstUpdateCompanyAndPersonalInfoModal/confirmInfoSkip_button' is clicked on

2020-09-23 23:55:16 - [MESSAGE][PASSED] - Object: 'Object Repository/V2/Commons/FirstUpdateCompanyAndPersonalInfoModal/confirmInfoSkip_button' is clicked on

2020-09-23 23:55:16 - [TEST_STEP][PASSED] - waitForElementVisible(findTestObject("V2/Commons/FirstUpdateCompanyAndPersonalInfoModal/confirmPersonalInfoHeader_h1"), DefaultTimeout): Object 'Object Repository/V2/Commons/FirstUpdateCompanyAndPersonalInfoModal/confirmPersonalInfoHeader_h1' is visible

2020-09-23 23:55:17 - [MESSAGE][PASSED] - Object 'Object Repository/V2/Commons/FirstUpdateCompanyAndPersonalInfoModal/confirmPersonalInfoHeader_h1' is visible

2020-09-23 23:55:17 - [TEST_STEP][PASSED] - click(findTestObject("V2/Commons/FirstUpdateCompanyAndPersonalInfoModal/confirmInfoSkip_button")): Object: 'Object Repository/V2/Commons/FirstUpdateCompanyAndPersonalInfoModal/confirmInfoSkip_button' is clicked on

2020-09-23 23:55:17 - [MESSAGE][PASSED] - Object: 'Object Repository/V2/Commons/FirstUpdateCompanyAndPersonalInfoModal/confirmInfoSkip_button' is clicked on

2020-09-23 23:55:17 - [TEST_STEP][PASSED] - waitForElementVisible(findTestObject("V2/Commons/FirstUpdateCompanyAndPersonalInfoModal/letsGetStarted_button"), DefaultTimeout): Object 'Object Repository/V2/Commons/FirstUpdateCompanyAndPersonalInfoModal/letsGetStarted_button' is visible

2020-09-23 23:55:18 - [MESSAGE][PASSED] - Object 'Object Repository/V2/Commons/FirstUpdateCompanyAndPersonalInfoModal/letsGetStarted_button' is visible

2020-09-23 23:55:18 - [TEST_STEP][PASSED] - click(findTestObject("V2/Commons/FirstUpdateCompanyAndPersonalInfoModal/letsGetStarted_button")): Object: 'Object Repository/V2/Commons/FirstUpdateCompanyAndPersonalInfoModal/letsGetStarted_button' is clicked on

2020-09-23 23:55:18 - [MESSAGE][PASSED] - Object: 'Object Repository/V2/Commons/FirstUpdateCompanyAndPersonalInfoModal/letsGetStarted_button' is clicked on

2020-09-23 23:55:18 - [MESSAGE][PASSED] - Call Test Case 'Test Cases/V2/Test Case/Pre-conditions/PRE_SkipCompanyAndPersonalProfileSetup' successfully

2020-09-23 23:55:18 - [TEST_STEP][PASSED] - supervisor_activationURL = tt_CustomKeywords.CustomKeywords.RegisterAndActivateSupervisorUserViaAPI(V2Url, orgID, supervisor_email, password, email, password, supervisor_fname, lastname): SUCCESFFULLY registered a new user via API. 
 Generated Activation Link: 
http://local.traction.tools:5000/activate?activationKey=8cdab300-a7a6-4acb-aec1-4c8e8660ba26&userId=a8ba5dd6-8ce0-6e79-54e8-a1ae7d548f41&orgId=06ba5dd6-6045-b35b-a8b5-fc4999d83ceb&email=tractiontools.user001+ts5p2pdx@gmail.com&isCreator=0

2020-09-23 23:55:20 - [MESSAGE][PASSED] - SUCCESFFULLY registered a new user via API. 
 Generated Activation Link: 
http://local.traction.tools:5000/activate?activationKey=8cdab300-a7a6-4acb-aec1-4c8e8660ba26&userId=a8ba5dd6-8ce0-6e79-54e8-a1ae7d548f41&orgId=06ba5dd6-6045-b35b-a8b5-fc4999d83ceb&email=tractiontools.user001+ts5p2pdx@gmail.com&isCreator=0

2020-09-23 23:55:20 - [TEST_STEP][PASSED] - callTestCase(findTestCase("V2/Test Case/Pre-conditions/PRE_ChangeUserPermissionViaManageUser"), ["showMenuItemsPath":"//div[@class='usercard__detail_container']/div[text()='%s']/ancestor::div[contains(@class,'usercard__content')]//button[@aria-label='Show Menu Items']", "user_email":supervisor_email, ... ], STOP_ON_FAILURE): Call Test Case 'Test Cases/V2/Test Case/Pre-conditions/PRE_ChangeUserPermissionViaManageUser' successfully

2020-09-23 23:55:20 - [TEST_CASE][PASSED] - Test Cases/V2/Test Case/Pre-conditions/PRE_ChangeUserPermissionViaManageUser: Test Cases/V2/Test Case/Pre-conditions/PRE_ChangeUserPermissionViaManageUser

2020-09-23 23:55:20 - [TEST_STEP][PASSED] - click(findTestObject("Object Repository/V2/Commons/ManageUsersPage/span_Company Settings")): Object: 'Object Repository/V2/Commons/ManageUsersPage/span_Company Settings' is clicked on

2020-09-23 23:55:20 - [MESSAGE][PASSED] - Object: 'Object Repository/V2/Commons/ManageUsersPage/span_Company Settings' is clicked on

2020-09-23 23:55:20 - [TEST_STEP][PASSED] - click(findTestObject("V2/Commons/DasboardPage_SidebarMenu/a_Manage Users")): Object: 'Object Repository/V2/Commons/DasboardPage_SidebarMenu/a_Manage Users' is clicked on

2020-09-23 23:55:20 - [MESSAGE][PASSED] - Object: 'Object Repository/V2/Commons/DasboardPage_SidebarMenu/a_Manage Users' is clicked on

2020-09-23 23:55:20 - [TEST_STEP][PASSED] - showMenuItemsObj = tt_CustomKeywords.CustomKeywords.CreateDynamicElement(showMenuItemsPath, user_email, "xpath"): Successfully created new dynamic object: //div[@class='usercard__detail_container']/div[text()='tractiontools.user001+ts5p2pdx@gmail.com']/ancestor::div[contains(@class,'usercard__content')]//button[@aria-label='Show Menu Items']

2020-09-23 23:55:20 - [MESSAGE][PASSED] - Successfully created new dynamic object: //div[@class='usercard__detail_container']/div[text()='tractiontools.user001+ts5p2pdx@gmail.com']/ancestor::div[contains(@class,'usercard__content')]//button[@aria-label='Show Menu Items']

2020-09-23 23:55:20 - [TEST_STEP][PASSED] - click(showMenuItemsObj): Object: '' is clicked on

2020-09-23 23:55:21 - [MESSAGE][PASSED] - Object: '' is clicked on

2020-09-23 23:55:21 - [TEST_STEP][PASSED] - click(findTestObject("Object Repository/V2/Commons/ManageUsersPage/div_Edit user")): Object: 'Object Repository/V2/Commons/ManageUsersPage/div_Edit user' is clicked on

2020-09-23 23:55:22 - [MESSAGE][PASSED] - Object: 'Object Repository/V2/Commons/ManageUsersPage/div_Edit user' is clicked on

2020-09-23 23:55:22 - [TEST_STEP][PASSED] - verifyElementPresent(findTestObject("V2/Commons/ManageUsersPage/div_PositionTitle"), DefaultTimeout): Object 'Object Repository/V2/Commons/ManageUsersPage/div_PositionTitle' is present

2020-09-23 23:55:22 - [MESSAGE][PASSED] - Object 'Object Repository/V2/Commons/ManageUsersPage/div_PositionTitle' is present

2020-09-23 23:55:22 - [TEST_STEP][PASSED] - setText(findTestObject("V2/Commons/ManageUsersPage/position_title_input"), position_title): Text 'QA Manager' is set on object 'Object Repository/V2/Commons/ManageUsersPage/position_title_input'

2020-09-23 23:55:23 - [MESSAGE][PASSED] - Text 'QA Manager' is set on object 'Object Repository/V2/Commons/ManageUsersPage/position_title_input'

2020-09-23 23:55:23 - [TEST_STEP][PASSED] - sendKeys(findTestObject("V2/Commons/ManageUsersPage/position_title_input"), Keys.chord(ENTER)): Keys 'ENTER + ' sent to object: 'Object Repository/V2/Commons/ManageUsersPage/position_title_input'

2020-09-23 23:55:23 - [MESSAGE][PASSED] - Keys 'ENTER + ' sent to object: 'Object Repository/V2/Commons/ManageUsersPage/position_title_input'

2020-09-23 23:55:23 - [TEST_STEP][PASSED] - if (permissionValue == "Employee"): null

2020-09-23 23:55:23 - [TEST_STEP][PASSED] - verifyElementPresent(findTestObject("Object Repository/V2/Commons/ManageUsersPage/div_User type"), DefaultTimeout): Object 'Object Repository/V2/Commons/ManageUsersPage/div_User type' is present

2020-09-23 23:55:24 - [MESSAGE][PASSED] - Object 'Object Repository/V2/Commons/ManageUsersPage/div_User type' is present

2020-09-23 23:55:24 - [TEST_STEP][PASSED] - click(findTestObject("Object Repository/V2/Commons/ManageUsersPage/input__orgRole")): Object: 'Object Repository/V2/Commons/ManageUsersPage/input__orgRole' is clicked on

2020-09-23 23:55:24 - [MESSAGE][PASSED] - Object: 'Object Repository/V2/Commons/ManageUsersPage/input__orgRole' is clicked on

2020-09-23 23:55:24 - [TEST_STEP][PASSED] - roleOptionObj = tt_CustomKeywords.CustomKeywords.CreateDynamicElement(roleOption, permissionValue, "xpath"): Successfully created new dynamic object: //span[text()='Supervisor']/parent::div[@role='option']

2020-09-23 23:55:24 - [MESSAGE][PASSED] - Successfully created new dynamic object: //span[text()='Supervisor']/parent::div[@role='option']

2020-09-23 23:55:24 - [TEST_STEP][PASSED] - click(roleOptionObj): Object: '' is clicked on

2020-09-23 23:55:25 - [MESSAGE][PASSED] - Object: '' is clicked on

2020-09-23 23:55:25 - [TEST_STEP][PASSED] - click(findTestObject("Object Repository/V2/Commons/ManageUsersPage/div_Save")): Object: 'Object Repository/V2/Commons/ManageUsersPage/div_Save' is clicked on

2020-09-23 23:55:25 - [MESSAGE][PASSED] - Object: 'Object Repository/V2/Commons/ManageUsersPage/div_Save' is clicked on

2020-09-23 23:55:25 - [TEST_STEP][PASSED] - waitForElementVisible(findTestObject("V2/Commons/ManageUsersPage/h3_User Saved"), DefaultTimeout): Object 'Object Repository/V2/Commons/ManageUsersPage/h3_User Saved' is visible

2020-09-23 23:55:28 - [MESSAGE][PASSED] - Object 'Object Repository/V2/Commons/ManageUsersPage/h3_User Saved' is visible

2020-09-23 23:55:28 - [TEST_STEP][PASSED] - verifyElementVisible(findTestObject("Object Repository/V2/Commons/ManageUsersPage/h3_User Saved")): Object 'Object Repository/V2/Commons/ManageUsersPage/h3_User Saved' is visible

2020-09-23 23:55:28 - [MESSAGE][PASSED] - Object 'Object Repository/V2/Commons/ManageUsersPage/h3_User Saved' is visible

2020-09-23 23:55:28 - [MESSAGE][PASSED] - Call Test Case 'Test Cases/V2/Test Case/Pre-conditions/PRE_ChangeUserPermissionViaManageUser' successfully

2020-09-23 23:55:28 - [TEST_STEP][PASSED] - employee_activationURL = tt_CustomKeywords.CustomKeywords.RegisterAndActivateSupervisorUserViaAPI(V2Url, orgID, employee_email, password, email, password, employee_fname, lastname): SUCCESFFULLY registered a new user via API. 
 Generated Activation Link: 
http://local.traction.tools:5000/activate?activationKey=f9c7a467-77e2-43bd-9a3a-a2ce22ab43e3&userId=5cba5dd6-a181-e03e-63bd-4ada935d303e&orgId=06ba5dd6-6045-b35b-a8b5-fc4999d83ceb&email=tractiontools.user001+te5nig99@gmail.com&isCreator=0

2020-09-23 23:55:30 - [MESSAGE][PASSED] - SUCCESFFULLY registered a new user via API. 
 Generated Activation Link: 
http://local.traction.tools:5000/activate?activationKey=f9c7a467-77e2-43bd-9a3a-a2ce22ab43e3&userId=5cba5dd6-a181-e03e-63bd-4ada935d303e&orgId=06ba5dd6-6045-b35b-a8b5-fc4999d83ceb&email=tractiontools.user001+te5nig99@gmail.com&isCreator=0

2020-09-23 23:55:30 - [TEST_STEP][PASSED] - callTestCase(findTestCase("V2/Test Case/Pre-conditions/PRE_ChangeUserPermissionViaManageUser"), ["showMenuItemsPath":"//div[@class='usercard__detail_container']/div[text()='%s']/ancestor::div[contains(@class,'usercard__content')]//button[@aria-label='Show Menu Items']", "user_email":employee_email, ... ], STOP_ON_FAILURE): Call Test Case 'Test Cases/V2/Test Case/Pre-conditions/PRE_ChangeUserPermissionViaManageUser' successfully

2020-09-23 23:55:30 - [TEST_CASE][PASSED] - Test Cases/V2/Test Case/Pre-conditions/PRE_ChangeUserPermissionViaManageUser: Test Cases/V2/Test Case/Pre-conditions/PRE_ChangeUserPermissionViaManageUser

2020-09-23 23:55:30 - [TEST_STEP][PASSED] - click(findTestObject("Object Repository/V2/Commons/ManageUsersPage/span_Company Settings")): Object: 'Object Repository/V2/Commons/ManageUsersPage/span_Company Settings' is clicked on

2020-09-23 23:55:30 - [MESSAGE][PASSED] - Object: 'Object Repository/V2/Commons/ManageUsersPage/span_Company Settings' is clicked on

2020-09-23 23:55:30 - [TEST_STEP][PASSED] - click(findTestObject("V2/Commons/DasboardPage_SidebarMenu/a_Manage Users")): Object: 'Object Repository/V2/Commons/DasboardPage_SidebarMenu/a_Manage Users' is clicked on

2020-09-23 23:55:31 - [MESSAGE][PASSED] - Object: 'Object Repository/V2/Commons/DasboardPage_SidebarMenu/a_Manage Users' is clicked on

2020-09-23 23:55:31 - [TEST_STEP][PASSED] - showMenuItemsObj = tt_CustomKeywords.CustomKeywords.CreateDynamicElement(showMenuItemsPath, user_email, "xpath"): Successfully created new dynamic object: //div[@class='usercard__detail_container']/div[text()='tractiontools.user001+te5nig99@gmail.com']/ancestor::div[contains(@class,'usercard__content')]//button[@aria-label='Show Menu Items']

2020-09-23 23:55:31 - [MESSAGE][PASSED] - Successfully created new dynamic object: //div[@class='usercard__detail_container']/div[text()='tractiontools.user001+te5nig99@gmail.com']/ancestor::div[contains(@class,'usercard__content')]//button[@aria-label='Show Menu Items']

2020-09-23 23:55:31 - [TEST_STEP][PASSED] - click(showMenuItemsObj): Object: '' is clicked on

2020-09-23 23:55:31 - [MESSAGE][PASSED] - Object: '' is clicked on

2020-09-23 23:55:31 - [TEST_STEP][PASSED] - click(findTestObject("Object Repository/V2/Commons/ManageUsersPage/div_Edit user")): Object: 'Object Repository/V2/Commons/ManageUsersPage/div_Edit user' is clicked on

2020-09-23 23:55:32 - [MESSAGE][PASSED] - Object: 'Object Repository/V2/Commons/ManageUsersPage/div_Edit user' is clicked on

2020-09-23 23:55:32 - [TEST_STEP][PASSED] - verifyElementPresent(findTestObject("V2/Commons/ManageUsersPage/div_PositionTitle"), DefaultTimeout): Object 'Object Repository/V2/Commons/ManageUsersPage/div_PositionTitle' is present

2020-09-23 23:55:32 - [MESSAGE][PASSED] - Object 'Object Repository/V2/Commons/ManageUsersPage/div_PositionTitle' is present

2020-09-23 23:55:32 - [TEST_STEP][PASSED] - setText(findTestObject("V2/Commons/ManageUsersPage/position_title_input"), position_title): Text 'Quality Assurance' is set on object 'Object Repository/V2/Commons/ManageUsersPage/position_title_input'

2020-09-23 23:55:33 - [MESSAGE][PASSED] - Text 'Quality Assurance' is set on object 'Object Repository/V2/Commons/ManageUsersPage/position_title_input'

2020-09-23 23:55:33 - [TEST_STEP][PASSED] - sendKeys(findTestObject("V2/Commons/ManageUsersPage/position_title_input"), Keys.chord(ENTER)): Keys 'ENTER + ' sent to object: 'Object Repository/V2/Commons/ManageUsersPage/position_title_input'

2020-09-23 23:55:34 - [MESSAGE][PASSED] - Keys 'ENTER + ' sent to object: 'Object Repository/V2/Commons/ManageUsersPage/position_title_input'

2020-09-23 23:55:34 - [TEST_STEP][PASSED] - if (permissionValue == "Employee"): Keys 'ENTER + ' sent to object: 'Object Repository/V2/Commons/ManageUsersPage/supervisor_input'

2020-09-23 23:55:34 - [TEST_STEP][PASSED] - verifyElementPresent(findTestObject("V2/Commons/ManageUsersPage/supervisor_input"), DefaultTimeout): Object 'Object Repository/V2/Commons/ManageUsersPage/supervisor_input' is present

2020-09-23 23:55:34 - [MESSAGE][PASSED] - Object 'Object Repository/V2/Commons/ManageUsersPage/supervisor_input' is present

2020-09-23 23:55:34 - [TEST_STEP][PASSED] - setText(findTestObject("V2/Commons/ManageUsersPage/supervisor_input"), user_supervisorName): Text 'Supervisor User' is set on object 'Object Repository/V2/Commons/ManageUsersPage/supervisor_input'

2020-09-23 23:55:35 - [MESSAGE][PASSED] - Text 'Supervisor User' is set on object 'Object Repository/V2/Commons/ManageUsersPage/supervisor_input'

2020-09-23 23:55:35 - [TEST_STEP][PASSED] - sendKeys(findTestObject("V2/Commons/ManageUsersPage/supervisor_input"), Keys.chord(ENTER)): Keys 'ENTER + ' sent to object: 'Object Repository/V2/Commons/ManageUsersPage/supervisor_input'

2020-09-23 23:55:35 - [MESSAGE][PASSED] - Keys 'ENTER + ' sent to object: 'Object Repository/V2/Commons/ManageUsersPage/supervisor_input'

2020-09-23 23:55:35 - [TEST_STEP][PASSED] - verifyElementPresent(findTestObject("Object Repository/V2/Commons/ManageUsersPage/div_User type"), DefaultTimeout): Object 'Object Repository/V2/Commons/ManageUsersPage/div_User type' is present

2020-09-23 23:55:35 - [MESSAGE][PASSED] - Object 'Object Repository/V2/Commons/ManageUsersPage/div_User type' is present

2020-09-23 23:55:35 - [TEST_STEP][PASSED] - click(findTestObject("Object Repository/V2/Commons/ManageUsersPage/input__orgRole")): Object: 'Object Repository/V2/Commons/ManageUsersPage/input__orgRole' is clicked on

2020-09-23 23:55:36 - [MESSAGE][PASSED] - Object: 'Object Repository/V2/Commons/ManageUsersPage/input__orgRole' is clicked on

2020-09-23 23:55:36 - [TEST_STEP][PASSED] - roleOptionObj = tt_CustomKeywords.CustomKeywords.CreateDynamicElement(roleOption, permissionValue, "xpath"): Successfully created new dynamic object: //span[text()='Employee']/parent::div[@role='option']

2020-09-23 23:55:36 - [MESSAGE][PASSED] - Successfully created new dynamic object: //span[text()='Employee']/parent::div[@role='option']

2020-09-23 23:55:36 - [TEST_STEP][PASSED] - click(roleOptionObj): Object: '' is clicked on

2020-09-23 23:55:36 - [MESSAGE][PASSED] - Object: '' is clicked on

2020-09-23 23:55:36 - [TEST_STEP][PASSED] - click(findTestObject("Object Repository/V2/Commons/ManageUsersPage/div_Save")): Object: 'Object Repository/V2/Commons/ManageUsersPage/div_Save' is clicked on

2020-09-23 23:55:37 - [MESSAGE][PASSED] - Object: 'Object Repository/V2/Commons/ManageUsersPage/div_Save' is clicked on

2020-09-23 23:55:37 - [TEST_STEP][PASSED] - waitForElementVisible(findTestObject("V2/Commons/ManageUsersPage/h3_User Saved"), DefaultTimeout): Object 'Object Repository/V2/Commons/ManageUsersPage/h3_User Saved' is visible

2020-09-23 23:55:40 - [MESSAGE][PASSED] - Object 'Object Repository/V2/Commons/ManageUsersPage/h3_User Saved' is visible

2020-09-23 23:55:40 - [TEST_STEP][PASSED] - verifyElementVisible(findTestObject("Object Repository/V2/Commons/ManageUsersPage/h3_User Saved")): Object 'Object Repository/V2/Commons/ManageUsersPage/h3_User Saved' is visible

2020-09-23 23:55:41 - [MESSAGE][PASSED] - Object 'Object Repository/V2/Commons/ManageUsersPage/h3_User Saved' is visible

2020-09-23 23:55:41 - [MESSAGE][PASSED] - Call Test Case 'Test Cases/V2/Test Case/Pre-conditions/PRE_ChangeUserPermissionViaManageUser' successfully

2020-09-23 23:55:41 - [TEST_STEP][PASSED] - callTestCase(findTestCase("V2/Test Case/Pre-conditions/PRE_ActivateNewUser"), ["activationURL":supervisor_activationURL, "email":supervisor_email, "password":password], STOP_ON_FAILURE): Call Test Case 'Test Cases/V2/Test Case/Pre-conditions/PRE_ActivateNewUser' successfully

2020-09-23 23:55:41 - [TEST_CASE][PASSED] - Test Cases/V2/Test Case/Pre-conditions/PRE_ActivateNewUser: Test Cases/V2/Test Case/Pre-conditions/PRE_ActivateNewUser

2020-09-23 23:55:41 - [TEST_STEP][PASSED] - navigateToUrl(activationURL): Navigate to 'http://local.traction.tools:5000/activate?activationKey=8cdab300-a7a6-4acb-aec1-4c8e8660ba26&userId=a8ba5dd6-8ce0-6e79-54e8-a1ae7d548f41&orgId=06ba5dd6-6045-b35b-a8b5-fc4999d83ceb&email=tractiontools.user001+ts5p2pdx@gmail.com&isCreator=0' successfully

2020-09-23 23:55:42 - [MESSAGE][PASSED] - Navigate to 'http://local.traction.tools:5000/activate?activationKey=8cdab300-a7a6-4acb-aec1-4c8e8660ba26&userId=a8ba5dd6-8ce0-6e79-54e8-a1ae7d548f41&orgId=06ba5dd6-6045-b35b-a8b5-fc4999d83ceb&email=tractiontools.user001+ts5p2pdx@gmail.com&isCreator=0' successfully

2020-09-23 23:55:42 - [TEST_STEP][PASSED] - waitForElementVisible(findTestObject("V2/Commons/ActivationPage/input_Email_email"), DefaultTimeout): Object 'Object Repository/V2/Commons/ActivationPage/input_Email_email' is visible

2020-09-23 23:55:44 - [MESSAGE][PASSED] - Object 'Object Repository/V2/Commons/ActivationPage/input_Email_email' is visible

2020-09-23 23:55:44 - [TEST_STEP][PASSED] - actual_email = getAttribute(findTestObject("Object Repository/V2/Commons/ActivationPage/input_Email_email"), "value"): Attribute 'value' of object 'Object Repository/V2/Commons/ActivationPage/input_Email_email' is: 'tractiontools.user001+ts5p2pdx@gmail.com'

2020-09-23 23:55:44 - [MESSAGE][PASSED] - Attribute 'value' of object 'Object Repository/V2/Commons/ActivationPage/input_Email_email' is: 'tractiontools.user001+ts5p2pdx@gmail.com'

2020-09-23 23:55:44 - [TEST_STEP][PASSED] - verifyMatch(actual_email, email, false): Actual text 'tractiontools.user001+ts5p2pdx@gmail.com' and expected text 'tractiontools.user001+ts5p2pdx@gmail.com' are matched 

2020-09-23 23:55:44 - [MESSAGE][PASSED] - Actual text 'tractiontools.user001+ts5p2pdx@gmail.com' and expected text 'tractiontools.user001+ts5p2pdx@gmail.com' are matched 

2020-09-23 23:55:44 - [TEST_STEP][PASSED] - setText(findTestObject("V2/Commons/ActivationPage/input_password"), password): Text 'Qwer123!' is set on object 'Object Repository/V2/Commons/ActivationPage/input_password'

2020-09-23 23:55:45 - [MESSAGE][PASSED] - Text 'Qwer123!' is set on object 'Object Repository/V2/Commons/ActivationPage/input_password'

2020-09-23 23:55:45 - [TEST_STEP][PASSED] - setText(findTestObject("Object Repository/V2/Commons/ActivationPage/input__passwordRepeat"), password): Text 'Qwer123!' is set on object 'Object Repository/V2/Commons/ActivationPage/input__passwordRepeat'

2020-09-23 23:55:45 - [MESSAGE][PASSED] - Text 'Qwer123!' is set on object 'Object Repository/V2/Commons/ActivationPage/input__passwordRepeat'

2020-09-23 23:55:45 - [TEST_STEP][PASSED] - click(findTestObject("V2/Commons/ActivationPage/input_termsandconditions")): Object: 'Object Repository/V2/Commons/ActivationPage/input_termsandconditions' is clicked on

2020-09-23 23:55:46 - [MESSAGE][PASSED] - Object: 'Object Repository/V2/Commons/ActivationPage/input_termsandconditions' is clicked on

2020-09-23 23:55:46 - [TEST_STEP][PASSED] - click(findTestObject("Object Repository/V2/Commons/ActivationPage/div_Create account")): Object: 'Object Repository/V2/Commons/ActivationPage/div_Create account' is clicked on

2020-09-23 23:55:46 - [MESSAGE][PASSED] - Object: 'Object Repository/V2/Commons/ActivationPage/div_Create account' is clicked on

2020-09-23 23:55:46 - [TEST_STEP][PASSED] - waitForElementPresent(findTestObject("V2/Commons/DasboardPage_SidebarMenu/img_Home_logo-big"), DefaultTimeout): Object 'Object Repository/V2/Commons/DasboardPage_SidebarMenu/img_Home_logo-big' is present

2020-09-23 23:55:50 - [MESSAGE][PASSED] - Object 'Object Repository/V2/Commons/DasboardPage_SidebarMenu/img_Home_logo-big' is present

2020-09-23 23:55:50 - [TEST_STEP][PASSED] - verifyElementPresent(findTestObject("V2/Commons/DasboardPage_SidebarMenu/img_Home_logo-big"), 0): Object 'Object Repository/V2/Commons/DasboardPage_SidebarMenu/img_Home_logo-big' is present

2020-09-23 23:55:50 - [MESSAGE][WARNING] - Timeout '0' is invalid. Using default page load timeout: '30'

2020-09-23 23:55:50 - [MESSAGE][PASSED] - Object 'Object Repository/V2/Commons/DasboardPage_SidebarMenu/img_Home_logo-big' is present

2020-09-23 23:55:50 - [MESSAGE][PASSED] - Call Test Case 'Test Cases/V2/Test Case/Pre-conditions/PRE_ActivateNewUser' successfully

2020-09-23 23:55:50 - [TEST_STEP][PASSED] - callTestCase(findTestCase("V2/Test Case/Pre-conditions/PRE_SkipPersonalProfileSetup"), [:], STOP_ON_FAILURE): Call Test Case 'Test Cases/V2/Test Case/Pre-conditions/PRE_SkipPersonalProfileSetup' successfully

2020-09-23 23:55:50 - [TEST_CASE][PASSED] - Test Cases/V2/Test Case/Pre-conditions/PRE_SkipPersonalProfileSetup: Test Cases/V2/Test Case/Pre-conditions/PRE_SkipPersonalProfileSetup

2020-09-23 23:55:50 - [TEST_STEP][PASSED] - waitForElementVisible(findTestObject("V2/Commons/FirstUpdateCompanyAndPersonalInfoModal/confirmPersonalInfoHeader_h1"), DefaultTimeout): Object 'Object Repository/V2/Commons/FirstUpdateCompanyAndPersonalInfoModal/confirmPersonalInfoHeader_h1' is visible

2020-09-23 23:55:51 - [MESSAGE][PASSED] - Object 'Object Repository/V2/Commons/FirstUpdateCompanyAndPersonalInfoModal/confirmPersonalInfoHeader_h1' is visible

2020-09-23 23:55:51 - [TEST_STEP][PASSED] - click(findTestObject("V2/Commons/FirstUpdateCompanyAndPersonalInfoModal/confirmInfoSkip_button")): Object: 'Object Repository/V2/Commons/FirstUpdateCompanyAndPersonalInfoModal/confirmInfoSkip_button' is clicked on

2020-09-23 23:55:51 - [MESSAGE][PASSED] - Object: 'Object Repository/V2/Commons/FirstUpdateCompanyAndPersonalInfoModal/confirmInfoSkip_button' is clicked on

2020-09-23 23:55:51 - [TEST_STEP][PASSED] - waitForElementVisible(findTestObject("V2/Commons/FirstUpdateCompanyAndPersonalInfoModal/letsGetStarted_button"), DefaultTimeout): Object 'Object Repository/V2/Commons/FirstUpdateCompanyAndPersonalInfoModal/letsGetStarted_button' is visible

2020-09-23 23:55:52 - [MESSAGE][PASSED] - Object 'Object Repository/V2/Commons/FirstUpdateCompanyAndPersonalInfoModal/letsGetStarted_button' is visible

2020-09-23 23:55:52 - [TEST_STEP][PASSED] - click(findTestObject("V2/Commons/FirstUpdateCompanyAndPersonalInfoModal/letsGetStarted_button")): Object: 'Object Repository/V2/Commons/FirstUpdateCompanyAndPersonalInfoModal/letsGetStarted_button' is clicked on

2020-09-23 23:55:52 - [MESSAGE][PASSED] - Object: 'Object Repository/V2/Commons/FirstUpdateCompanyAndPersonalInfoModal/letsGetStarted_button' is clicked on

2020-09-23 23:55:52 - [MESSAGE][PASSED] - Call Test Case 'Test Cases/V2/Test Case/Pre-conditions/PRE_SkipPersonalProfileSetup' successfully

2020-09-23 23:55:52 - [TEST_STEP][PASSED] - callTestCase(findTestCase("V2/Test Case/Pre-conditions/PRE_ActivateNewUser"), ["activationURL":employee_activationURL, "email":employee_email, "password":password], STOP_ON_FAILURE): Call Test Case 'Test Cases/V2/Test Case/Pre-conditions/PRE_ActivateNewUser' successfully

2020-09-23 23:55:52 - [TEST_CASE][PASSED] - Test Cases/V2/Test Case/Pre-conditions/PRE_ActivateNewUser: Test Cases/V2/Test Case/Pre-conditions/PRE_ActivateNewUser

2020-09-23 23:55:52 - [TEST_STEP][PASSED] - navigateToUrl(activationURL): Navigate to 'http://local.traction.tools:5000/activate?activationKey=f9c7a467-77e2-43bd-9a3a-a2ce22ab43e3&userId=5cba5dd6-a181-e03e-63bd-4ada935d303e&orgId=06ba5dd6-6045-b35b-a8b5-fc4999d83ceb&email=tractiontools.user001+te5nig99@gmail.com&isCreator=0' successfully

2020-09-23 23:55:54 - [MESSAGE][PASSED] - Navigate to 'http://local.traction.tools:5000/activate?activationKey=f9c7a467-77e2-43bd-9a3a-a2ce22ab43e3&userId=5cba5dd6-a181-e03e-63bd-4ada935d303e&orgId=06ba5dd6-6045-b35b-a8b5-fc4999d83ceb&email=tractiontools.user001+te5nig99@gmail.com&isCreator=0' successfully

2020-09-23 23:55:54 - [TEST_STEP][PASSED] - waitForElementVisible(findTestObject("V2/Commons/ActivationPage/input_Email_email"), DefaultTimeout): Object 'Object Repository/V2/Commons/ActivationPage/input_Email_email' is visible

2020-09-23 23:55:55 - [MESSAGE][PASSED] - Object 'Object Repository/V2/Commons/ActivationPage/input_Email_email' is visible

2020-09-23 23:55:55 - [TEST_STEP][PASSED] - actual_email = getAttribute(findTestObject("Object Repository/V2/Commons/ActivationPage/input_Email_email"), "value"): Attribute 'value' of object 'Object Repository/V2/Commons/ActivationPage/input_Email_email' is: 'tractiontools.user001+te5nig99@gmail.com'

2020-09-23 23:55:55 - [MESSAGE][PASSED] - Attribute 'value' of object 'Object Repository/V2/Commons/ActivationPage/input_Email_email' is: 'tractiontools.user001+te5nig99@gmail.com'

2020-09-23 23:55:55 - [TEST_STEP][PASSED] - verifyMatch(actual_email, email, false): Actual text 'tractiontools.user001+te5nig99@gmail.com' and expected text 'tractiontools.user001+te5nig99@gmail.com' are matched 

2020-09-23 23:55:55 - [MESSAGE][PASSED] - Actual text 'tractiontools.user001+te5nig99@gmail.com' and expected text 'tractiontools.user001+te5nig99@gmail.com' are matched 

2020-09-23 23:55:55 - [TEST_STEP][PASSED] - setText(findTestObject("V2/Commons/ActivationPage/input_password"), password): Text 'Qwer123!' is set on object 'Object Repository/V2/Commons/ActivationPage/input_password'

2020-09-23 23:55:56 - [MESSAGE][PASSED] - Text 'Qwer123!' is set on object 'Object Repository/V2/Commons/ActivationPage/input_password'

2020-09-23 23:55:56 - [TEST_STEP][PASSED] - setText(findTestObject("Object Repository/V2/Commons/ActivationPage/input__passwordRepeat"), password): Text 'Qwer123!' is set on object 'Object Repository/V2/Commons/ActivationPage/input__passwordRepeat'

2020-09-23 23:55:57 - [MESSAGE][PASSED] - Text 'Qwer123!' is set on object 'Object Repository/V2/Commons/ActivationPage/input__passwordRepeat'

2020-09-23 23:55:57 - [TEST_STEP][PASSED] - click(findTestObject("V2/Commons/ActivationPage/input_termsandconditions")): Object: 'Object Repository/V2/Commons/ActivationPage/input_termsandconditions' is clicked on

2020-09-23 23:55:57 - [MESSAGE][PASSED] - Object: 'Object Repository/V2/Commons/ActivationPage/input_termsandconditions' is clicked on

2020-09-23 23:55:57 - [TEST_STEP][PASSED] - click(findTestObject("Object Repository/V2/Commons/ActivationPage/div_Create account")): Object: 'Object Repository/V2/Commons/ActivationPage/div_Create account' is clicked on

2020-09-23 23:55:58 - [MESSAGE][PASSED] - Object: 'Object Repository/V2/Commons/ActivationPage/div_Create account' is clicked on

2020-09-23 23:55:58 - [TEST_STEP][PASSED] - waitForElementPresent(findTestObject("V2/Commons/DasboardPage_SidebarMenu/img_Home_logo-big"), DefaultTimeout): Object 'Object Repository/V2/Commons/DasboardPage_SidebarMenu/img_Home_logo-big' is present

2020-09-23 23:56:01 - [MESSAGE][PASSED] - Object 'Object Repository/V2/Commons/DasboardPage_SidebarMenu/img_Home_logo-big' is present

2020-09-23 23:56:01 - [TEST_STEP][PASSED] - verifyElementPresent(findTestObject("V2/Commons/DasboardPage_SidebarMenu/img_Home_logo-big"), 0): Object 'Object Repository/V2/Commons/DasboardPage_SidebarMenu/img_Home_logo-big' is present

2020-09-23 23:56:01 - [MESSAGE][WARNING] - Timeout '0' is invalid. Using default page load timeout: '30'

2020-09-23 23:56:02 - [MESSAGE][PASSED] - Object 'Object Repository/V2/Commons/DasboardPage_SidebarMenu/img_Home_logo-big' is present

2020-09-23 23:56:02 - [MESSAGE][PASSED] - Call Test Case 'Test Cases/V2/Test Case/Pre-conditions/PRE_ActivateNewUser' successfully

2020-09-23 23:56:02 - [TEST_STEP][PASSED] - callTestCase(findTestCase("V2/Test Case/Pre-conditions/PRE_SkipPersonalProfileSetup"), [:], STOP_ON_FAILURE): Call Test Case 'Test Cases/V2/Test Case/Pre-conditions/PRE_SkipPersonalProfileSetup' successfully

2020-09-23 23:56:02 - [TEST_CASE][PASSED] - Test Cases/V2/Test Case/Pre-conditions/PRE_SkipPersonalProfileSetup: Test Cases/V2/Test Case/Pre-conditions/PRE_SkipPersonalProfileSetup

2020-09-23 23:56:02 - [TEST_STEP][PASSED] - waitForElementVisible(findTestObject("V2/Commons/FirstUpdateCompanyAndPersonalInfoModal/confirmPersonalInfoHeader_h1"), DefaultTimeout): Object 'Object Repository/V2/Commons/FirstUpdateCompanyAndPersonalInfoModal/confirmPersonalInfoHeader_h1' is visible

2020-09-23 23:56:02 - [MESSAGE][PASSED] - Object 'Object Repository/V2/Commons/FirstUpdateCompanyAndPersonalInfoModal/confirmPersonalInfoHeader_h1' is visible

2020-09-23 23:56:02 - [TEST_STEP][PASSED] - click(findTestObject("V2/Commons/FirstUpdateCompanyAndPersonalInfoModal/confirmInfoSkip_button")): Object: 'Object Repository/V2/Commons/FirstUpdateCompanyAndPersonalInfoModal/confirmInfoSkip_button' is clicked on

2020-09-23 23:56:02 - [MESSAGE][PASSED] - Object: 'Object Repository/V2/Commons/FirstUpdateCompanyAndPersonalInfoModal/confirmInfoSkip_button' is clicked on

2020-09-23 23:56:02 - [TEST_STEP][PASSED] - waitForElementVisible(findTestObject("V2/Commons/FirstUpdateCompanyAndPersonalInfoModal/letsGetStarted_button"), DefaultTimeout): Object 'Object Repository/V2/Commons/FirstUpdateCompanyAndPersonalInfoModal/letsGetStarted_button' is visible

2020-09-23 23:56:03 - [MESSAGE][PASSED] - Object 'Object Repository/V2/Commons/FirstUpdateCompanyAndPersonalInfoModal/letsGetStarted_button' is visible

2020-09-23 23:56:03 - [TEST_STEP][PASSED] - click(findTestObject("V2/Commons/FirstUpdateCompanyAndPersonalInfoModal/letsGetStarted_button")): Object: 'Object Repository/V2/Commons/FirstUpdateCompanyAndPersonalInfoModal/letsGetStarted_button' is clicked on

2020-09-23 23:56:03 - [MESSAGE][PASSED] - Object: 'Object Repository/V2/Commons/FirstUpdateCompanyAndPersonalInfoModal/letsGetStarted_button' is clicked on

2020-09-23 23:56:03 - [MESSAGE][PASSED] - Call Test Case 'Test Cases/V2/Test Case/Pre-conditions/PRE_SkipPersonalProfileSetup' successfully

2020-09-23 23:56:03 - [MESSAGE][PASSED] - Call Test Case 'Test Cases/V2/Test Case/Pre-conditions/PRE_RegisterAndActivateTTUsers' successfully

2020-09-23 23:56:03 - [TEST_STEP][PASSED] - closeBrowser(): Browser is closed

2020-09-23 23:56:04 - [MESSAGE][PASSED] - Browser is closed

2020-09-23 23:56:04 - [TEST_STEP][PASSED] - path = System.getProperty("user.dir"): null

2020-09-23 23:56:04 - [TEST_STEP][PASSED] - System.setProperty("webdriver.chrome.driver", getChromeDriverPath()): null

2020-09-23 23:56:04 - [TEST_STEP][PASSED] - driver1 = new org.openqa.selenium.chrome.ChromeDriver(): null

2020-09-23 23:56:07 - [TEST_STEP][PASSED] - changeWebDriver(driver1): null

2020-09-23 23:56:07 - [TEST_STEP][PASSED] - maximizeWindow(): Current window maximized

2020-09-23 23:56:10 - [MESSAGE][PASSED] - Current window maximized

2020-09-23 23:56:10 - [TEST_STEP][PASSED] - navigateToUrl(V2Url): Navigate to 'http://local.traction.tools:5000' successfully

2020-09-23 23:56:10 - [MESSAGE][PASSED] - Navigate to 'http://local.traction.tools:5000' successfully

2020-09-23 23:56:10 - [TEST_STEP][PASSED] - callTestCase(findTestCase("V2/Test Case/Pre-conditions/PRE_LoginToTractionToolsApplication"), ["username":email, "password":password], STOP_ON_FAILURE): Call Test Case 'Test Cases/V2/Test Case/Pre-conditions/PRE_LoginToTractionToolsApplication' successfully

2020-09-23 23:56:10 - [TEST_CASE][PASSED] - Test Cases/V2/Test Case/Pre-conditions/PRE_LoginToTractionToolsApplication: Test Cases/V2/Test Case/Pre-conditions/PRE_LoginToTractionToolsApplication

2020-09-23 23:56:10 - [TEST_STEP][PASSED] - waitForElementVisible(findTestObject("V2/Commons/LoginPage/input__username"), DefaultTimeout): Object 'Object Repository/V2/Commons/LoginPage/input__username' is visible

2020-09-23 23:56:13 - [MESSAGE][PASSED] - Object 'Object Repository/V2/Commons/LoginPage/input__username' is visible

2020-09-23 23:56:13 - [TEST_STEP][PASSED] - waitForElementVisible(findTestObject("V2/Commons/LoginPage/input__password"), DefaultTimeout): Object 'Object Repository/V2/Commons/LoginPage/input__password' is visible

2020-09-23 23:56:13 - [MESSAGE][PASSED] - Object 'Object Repository/V2/Commons/LoginPage/input__password' is visible

2020-09-23 23:56:13 - [TEST_STEP][PASSED] - setText(findTestObject("V2/Commons/LoginPage/input__username"), username): Text 'tractiontools.user001+ta583nz1@gmail.com' is set on object 'Object Repository/V2/Commons/LoginPage/input__username'

2020-09-23 23:56:13 - [MESSAGE][PASSED] - Text 'tractiontools.user001+ta583nz1@gmail.com' is set on object 'Object Repository/V2/Commons/LoginPage/input__username'

2020-09-23 23:56:13 - [TEST_STEP][PASSED] - setText(findTestObject("V2/Commons/LoginPage/input__password"), password): Text 'Qwer123!' is set on object 'Object Repository/V2/Commons/LoginPage/input__password'

2020-09-23 23:56:13 - [MESSAGE][PASSED] - Text 'Qwer123!' is set on object 'Object Repository/V2/Commons/LoginPage/input__password'

2020-09-23 23:56:13 - [TEST_STEP][PASSED] - click(findTestObject("V2/Commons/LoginPage/div_Login")): Object: 'Object Repository/V2/Commons/LoginPage/div_Login' is clicked on

2020-09-23 23:56:13 - [MESSAGE][PASSED] - Object: 'Object Repository/V2/Commons/LoginPage/div_Login' is clicked on

2020-09-23 23:56:13 - [TEST_STEP][PASSED] - waitForElementVisible(findTestObject("V2/Commons/DasboardPage_SidebarMenu/img_Home_logo-big"), DefaultTimeout): Object 'Object Repository/V2/Commons/DasboardPage_SidebarMenu/img_Home_logo-big' is visible

2020-09-23 23:56:18 - [MESSAGE][PASSED] - Object 'Object Repository/V2/Commons/DasboardPage_SidebarMenu/img_Home_logo-big' is visible

2020-09-23 23:56:18 - [TEST_STEP][PASSED] - verifyElementVisible(findTestObject("V2/Commons/DasboardPage_SidebarMenu/img_Home_logo-big"), STOP_ON_FAILURE): Object 'Object Repository/V2/Commons/DasboardPage_SidebarMenu/img_Home_logo-big' is visible

2020-09-23 23:56:18 - [MESSAGE][PASSED] - Object 'Object Repository/V2/Commons/DasboardPage_SidebarMenu/img_Home_logo-big' is visible

2020-09-23 23:56:18 - [MESSAGE][PASSED] - Call Test Case 'Test Cases/V2/Test Case/Pre-conditions/PRE_LoginToTractionToolsApplication' successfully

2020-09-23 23:56:18 - [TEST_STEP][PASSED] - driver2 = new org.openqa.selenium.chrome.ChromeDriver(): null

2020-09-23 23:56:21 - [TEST_STEP][PASSED] - changeWebDriver(driver2): null

2020-09-23 23:56:21 - [TEST_STEP][PASSED] - maximizeWindow(): Current window maximized

2020-09-23 23:56:24 - [MESSAGE][PASSED] - Current window maximized

2020-09-23 23:56:24 - [TEST_STEP][PASSED] - navigateToUrl(V2Url): Navigate to 'http://local.traction.tools:5000' successfully

2020-09-23 23:56:25 - [MESSAGE][PASSED] - Navigate to 'http://local.traction.tools:5000' successfully

2020-09-23 23:56:25 - [TEST_STEP][PASSED] - callTestCase(findTestCase("V2/Test Case/Pre-conditions/PRE_LoginToTractionToolsApplication"), ["username":supervisor_email, "password":password], STOP_ON_FAILURE): Call Test Case 'Test Cases/V2/Test Case/Pre-conditions/PRE_LoginToTractionToolsApplication' successfully

2020-09-23 23:56:25 - [TEST_CASE][PASSED] - Test Cases/V2/Test Case/Pre-conditions/PRE_LoginToTractionToolsApplication: Test Cases/V2/Test Case/Pre-conditions/PRE_LoginToTractionToolsApplication

2020-09-23 23:56:25 - [TEST_STEP][PASSED] - waitForElementVisible(findTestObject("V2/Commons/LoginPage/input__username"), DefaultTimeout): Object 'Object Repository/V2/Commons/LoginPage/input__username' is visible

2020-09-23 23:56:26 - [MESSAGE][PASSED] - Object 'Object Repository/V2/Commons/LoginPage/input__username' is visible

2020-09-23 23:56:26 - [TEST_STEP][PASSED] - waitForElementVisible(findTestObject("V2/Commons/LoginPage/input__password"), DefaultTimeout): Object 'Object Repository/V2/Commons/LoginPage/input__password' is visible

2020-09-23 23:56:26 - [MESSAGE][PASSED] - Object 'Object Repository/V2/Commons/LoginPage/input__password' is visible

2020-09-23 23:56:26 - [TEST_STEP][PASSED] - setText(findTestObject("V2/Commons/LoginPage/input__username"), username): Text 'tractiontools.user001+ts5p2pdx@gmail.com' is set on object 'Object Repository/V2/Commons/LoginPage/input__username'

2020-09-23 23:56:27 - [MESSAGE][PASSED] - Text 'tractiontools.user001+ts5p2pdx@gmail.com' is set on object 'Object Repository/V2/Commons/LoginPage/input__username'

2020-09-23 23:56:27 - [TEST_STEP][PASSED] - setText(findTestObject("V2/Commons/LoginPage/input__password"), password): Text 'Qwer123!' is set on object 'Object Repository/V2/Commons/LoginPage/input__password'

2020-09-23 23:56:27 - [MESSAGE][PASSED] - Text 'Qwer123!' is set on object 'Object Repository/V2/Commons/LoginPage/input__password'

2020-09-23 23:56:27 - [TEST_STEP][PASSED] - click(findTestObject("V2/Commons/LoginPage/div_Login")): Object: 'Object Repository/V2/Commons/LoginPage/div_Login' is clicked on

2020-09-23 23:56:27 - [MESSAGE][PASSED] - Object: 'Object Repository/V2/Commons/LoginPage/div_Login' is clicked on

2020-09-23 23:56:27 - [TEST_STEP][PASSED] - waitForElementVisible(findTestObject("V2/Commons/DasboardPage_SidebarMenu/img_Home_logo-big"), DefaultTimeout): Object 'Object Repository/V2/Commons/DasboardPage_SidebarMenu/img_Home_logo-big' is visible

2020-09-23 23:56:29 - [MESSAGE][PASSED] - Object 'Object Repository/V2/Commons/DasboardPage_SidebarMenu/img_Home_logo-big' is visible

2020-09-23 23:56:29 - [TEST_STEP][PASSED] - verifyElementVisible(findTestObject("V2/Commons/DasboardPage_SidebarMenu/img_Home_logo-big"), STOP_ON_FAILURE): Object 'Object Repository/V2/Commons/DasboardPage_SidebarMenu/img_Home_logo-big' is visible

2020-09-23 23:56:29 - [MESSAGE][PASSED] - Object 'Object Repository/V2/Commons/DasboardPage_SidebarMenu/img_Home_logo-big' is visible

2020-09-23 23:56:29 - [MESSAGE][PASSED] - Call Test Case 'Test Cases/V2/Test Case/Pre-conditions/PRE_LoginToTractionToolsApplication' successfully

2020-09-23 23:56:29 - [TEST_STEP][PASSED] - driver3 = new org.openqa.selenium.chrome.ChromeDriver(): null

2020-09-23 23:56:33 - [TEST_STEP][PASSED] - changeWebDriver(driver3): null

2020-09-23 23:56:33 - [TEST_STEP][PASSED] - maximizeWindow(): Current window maximized

2020-09-23 23:56:35 - [MESSAGE][PASSED] - Current window maximized

2020-09-23 23:56:35 - [TEST_STEP][PASSED] - navigateToUrl(V2Url): Navigate to 'http://local.traction.tools:5000' successfully

2020-09-23 23:56:36 - [MESSAGE][PASSED] - Navigate to 'http://local.traction.tools:5000' successfully

2020-09-23 23:56:36 - [TEST_STEP][PASSED] - callTestCase(findTestCase("V2/Test Case/Pre-conditions/PRE_LoginToTractionToolsApplication"), ["username":employee_email, "password":password], STOP_ON_FAILURE): Call Test Case 'Test Cases/V2/Test Case/Pre-conditions/PRE_LoginToTractionToolsApplication' successfully

2020-09-23 23:56:36 - [TEST_CASE][PASSED] - Test Cases/V2/Test Case/Pre-conditions/PRE_LoginToTractionToolsApplication: Test Cases/V2/Test Case/Pre-conditions/PRE_LoginToTractionToolsApplication

2020-09-23 23:56:36 - [TEST_STEP][PASSED] - waitForElementVisible(findTestObject("V2/Commons/LoginPage/input__username"), DefaultTimeout): Object 'Object Repository/V2/Commons/LoginPage/input__username' is visible

2020-09-23 23:56:37 - [MESSAGE][PASSED] - Object 'Object Repository/V2/Commons/LoginPage/input__username' is visible

2020-09-23 23:56:37 - [TEST_STEP][PASSED] - waitForElementVisible(findTestObject("V2/Commons/LoginPage/input__password"), DefaultTimeout): Object 'Object Repository/V2/Commons/LoginPage/input__password' is visible

2020-09-23 23:56:37 - [MESSAGE][PASSED] - Object 'Object Repository/V2/Commons/LoginPage/input__password' is visible

2020-09-23 23:56:37 - [TEST_STEP][PASSED] - setText(findTestObject("V2/Commons/LoginPage/input__username"), username): Text 'tractiontools.user001+te5nig99@gmail.com' is set on object 'Object Repository/V2/Commons/LoginPage/input__username'

2020-09-23 23:56:38 - [MESSAGE][PASSED] - Text 'tractiontools.user001+te5nig99@gmail.com' is set on object 'Object Repository/V2/Commons/LoginPage/input__username'

2020-09-23 23:56:38 - [TEST_STEP][PASSED] - setText(findTestObject("V2/Commons/LoginPage/input__password"), password): Text 'Qwer123!' is set on object 'Object Repository/V2/Commons/LoginPage/input__password'

2020-09-23 23:56:38 - [MESSAGE][PASSED] - Text 'Qwer123!' is set on object 'Object Repository/V2/Commons/LoginPage/input__password'

2020-09-23 23:56:38 - [TEST_STEP][PASSED] - click(findTestObject("V2/Commons/LoginPage/div_Login")): Object: 'Object Repository/V2/Commons/LoginPage/div_Login' is clicked on

2020-09-23 23:56:38 - [MESSAGE][PASSED] - Object: 'Object Repository/V2/Commons/LoginPage/div_Login' is clicked on

2020-09-23 23:56:38 - [TEST_STEP][PASSED] - waitForElementVisible(findTestObject("V2/Commons/DasboardPage_SidebarMenu/img_Home_logo-big"), DefaultTimeout): Object 'Object Repository/V2/Commons/DasboardPage_SidebarMenu/img_Home_logo-big' is visible

2020-09-23 23:56:41 - [MESSAGE][PASSED] - Object 'Object Repository/V2/Commons/DasboardPage_SidebarMenu/img_Home_logo-big' is visible

2020-09-23 23:56:41 - [TEST_STEP][PASSED] - verifyElementVisible(findTestObject("V2/Commons/DasboardPage_SidebarMenu/img_Home_logo-big"), STOP_ON_FAILURE): Object 'Object Repository/V2/Commons/DasboardPage_SidebarMenu/img_Home_logo-big' is visible

2020-09-23 23:56:41 - [MESSAGE][PASSED] - Object 'Object Repository/V2/Commons/DasboardPage_SidebarMenu/img_Home_logo-big' is visible

2020-09-23 23:56:41 - [MESSAGE][PASSED] - Call Test Case 'Test Cases/V2/Test Case/Pre-conditions/PRE_LoginToTractionToolsApplication' successfully

2020-09-23 23:56:41 - [TEST_STEP][PASSED] - changeWebDriver(driver1): null

2020-09-23 23:56:41 - [TEST_STEP][PASSED] - callTestCase(findTestCase("V2/Test Case/Pre-conditions/PRE_CreateL10Meeting"), ["meetingName":meetingName, "meetingAcronym":meetingAcronym, "meetingType":meetingType, "dropdownOptions_obj":"//div[@id='CREATE_MEETING_L10']//span[text()='%s']/parent::div[@role='option']", ... ], STOP_ON_FAILURE): Call Test Case 'Test Cases/V2/Test Case/Pre-conditions/PRE_CreateL10Meeting' successfully

2020-09-23 23:56:41 - [TEST_CASE][PASSED] - Test Cases/V2/Test Case/Pre-conditions/PRE_CreateL10Meeting: Test Cases/V2/Test Case/Pre-conditions/PRE_CreateL10Meeting

2020-09-23 23:56:41 - [TEST_STEP][PASSED] - click(findTestObject("V2/Commons/DasboardPage_SidebarMenu/MeetingsMenu")): Object: 'Object Repository/V2/Commons/DasboardPage_SidebarMenu/MeetingsMenu' is clicked on

2020-09-23 23:56:41 - [MESSAGE][PASSED] - Object: 'Object Repository/V2/Commons/DasboardPage_SidebarMenu/MeetingsMenu' is clicked on

2020-09-23 23:56:41 - [TEST_STEP][PASSED] - click(findTestObject("Object Repository/V2/Commons/MeetingListPage/div_Create a meeting")): Object: 'Object Repository/V2/Commons/MeetingListPage/div_Create a meeting' is clicked on

2020-09-23 23:56:41 - [MESSAGE][PASSED] - Object: 'Object Repository/V2/Commons/MeetingListPage/div_Create a meeting' is clicked on

2020-09-23 23:56:41 - [TEST_STEP][PASSED] - click(findTestObject("Object Repository/V2/Commons/MeetingListPage/button_Level 10")): Object: 'Object Repository/V2/Commons/MeetingListPage/button_Level 10' is clicked on

2020-09-23 23:56:41 - [MESSAGE][PASSED] - Object: 'Object Repository/V2/Commons/MeetingListPage/button_Level 10' is clicked on

2020-09-23 23:56:41 - [TEST_STEP][PASSED] - waitForElementVisible(findTestObject("V2/Commons/CreateL10MeetingDrawer/input__name"), DefaultTimeout): Object 'Object Repository/V2/Commons/CreateL10MeetingDrawer/input__name' is visible

2020-09-23 23:56:42 - [MESSAGE][PASSED] - Object 'Object Repository/V2/Commons/CreateL10MeetingDrawer/input__name' is visible

2020-09-23 23:56:42 - [TEST_STEP][PASSED] - setText(findTestObject("V2/Commons/CreateL10MeetingDrawer/input__name"), meetingName): Text 'SP Meeting Admin' is set on object 'Object Repository/V2/Commons/CreateL10MeetingDrawer/input__name'

2020-09-23 23:56:42 - [MESSAGE][PASSED] - Text 'SP Meeting Admin' is set on object 'Object Repository/V2/Commons/CreateL10MeetingDrawer/input__name'

2020-09-23 23:56:42 - [TEST_STEP][PASSED] - setText(findTestObject("V2/Commons/CreateL10MeetingDrawer/input__acronym"), meetingAcronym): Text 'CSP' is set on object 'Object Repository/V2/Commons/CreateL10MeetingDrawer/input__acronym'

2020-09-23 23:56:42 - [MESSAGE][PASSED] - Text 'CSP' is set on object 'Object Repository/V2/Commons/CreateL10MeetingDrawer/input__acronym'

2020-09-23 23:56:42 - [TEST_STEP][PASSED] - click(findTestObject("V2/Commons/CreateL10MeetingDrawer/input__typeOfMeeting")): Object: 'Object Repository/V2/Commons/CreateL10MeetingDrawer/input__typeOfMeeting' is clicked on

2020-09-23 23:56:42 - [MESSAGE][PASSED] - Object: 'Object Repository/V2/Commons/CreateL10MeetingDrawer/input__typeOfMeeting' is clicked on

2020-09-23 23:56:42 - [TEST_STEP][PASSED] - meetingTypeOption_Obj = tt_CustomKeywords.CustomKeywords.CreateDynamicElement(dropdownOptions_obj, meetingType, "xpath"): Successfully created new dynamic object: //div[@id='CREATE_MEETING_L10']//span[text()='Leadership']/parent::div[@role='option']

2020-09-23 23:56:42 - [MESSAGE][PASSED] - Successfully created new dynamic object: //div[@id='CREATE_MEETING_L10']//span[text()='Leadership']/parent::div[@role='option']

2020-09-23 23:56:42 - [TEST_STEP][PASSED] - click(meetingTypeOption_Obj): Object: '' is clicked on

2020-09-23 23:56:42 - [MESSAGE][PASSED] - Object: '' is clicked on

2020-09-23 23:56:42 - [TEST_STEP][PASSED] - click(findTestObject("V2/Commons/CreateL10MeetingDrawer/div_dayOfMeetingDropdownList")): Object: 'Object Repository/V2/Commons/CreateL10MeetingDrawer/div_dayOfMeetingDropdownList' is clicked on

2020-09-23 23:56:42 - [MESSAGE][PASSED] - Object: 'Object Repository/V2/Commons/CreateL10MeetingDrawer/div_dayOfMeetingDropdownList' is clicked on

2020-09-23 23:56:42 - [TEST_STEP][PASSED] - dayOfMeetingOption_Obj = tt_CustomKeywords.CustomKeywords.CreateDynamicElement(dropdownOptions_obj, dayOfMeeting, "xpath"): Successfully created new dynamic object: //div[@id='CREATE_MEETING_L10']//span[text()='Monday']/parent::div[@role='option']

2020-09-23 23:56:42 - [MESSAGE][PASSED] - Successfully created new dynamic object: //div[@id='CREATE_MEETING_L10']//span[text()='Monday']/parent::div[@role='option']

2020-09-23 23:56:42 - [TEST_STEP][PASSED] - click(dayOfMeetingOption_Obj): Object: '' is clicked on

2020-09-23 23:56:42 - [MESSAGE][PASSED] - Object: '' is clicked on

2020-09-23 23:56:42 - [TEST_STEP][PASSED] - click(findTestObject("V2/Commons/CreateL10MeetingDrawer/input_meetingTime")): Object: 'Object Repository/V2/Commons/CreateL10MeetingDrawer/input_meetingTime' is clicked on

2020-09-23 23:56:42 - [MESSAGE][PASSED] - Object: 'Object Repository/V2/Commons/CreateL10MeetingDrawer/input_meetingTime' is clicked on

2020-09-23 23:56:42 - [TEST_STEP][PASSED] - setText(findTestObject("V2/Commons/CreateL10MeetingDrawer/input_meetingTime"), meetingTime): Text '12:00' is set on object 'Object Repository/V2/Commons/CreateL10MeetingDrawer/input_meetingTime'

2020-09-23 23:56:42 - [MESSAGE][PASSED] - Text '12:00' is set on object 'Object Repository/V2/Commons/CreateL10MeetingDrawer/input_meetingTime'

2020-09-23 23:56:42 - [TEST_STEP][PASSED] - sendKeys(findTestObject("V2/Commons/CreateL10MeetingDrawer/input_meetingTime"), Keys.chord(TAB)): Keys 'TAB + ' sent to object: 'Object Repository/V2/Commons/CreateL10MeetingDrawer/input_meetingTime'

2020-09-23 23:56:43 - [MESSAGE][PASSED] - Keys 'TAB + ' sent to object: 'Object Repository/V2/Commons/CreateL10MeetingDrawer/input_meetingTime'

2020-09-23 23:56:43 - [TEST_STEP][PASSED] - click(findTestObject("V2/Commons/CreateL10MeetingDrawer/div_Create Meeting")): Object: 'Object Repository/V2/Commons/CreateL10MeetingDrawer/div_Create Meeting' is clicked on

2020-09-23 23:56:43 - [MESSAGE][PASSED] - Object: 'Object Repository/V2/Commons/CreateL10MeetingDrawer/div_Create Meeting' is clicked on

2020-09-23 23:56:43 - [TEST_STEP][PASSED] - waitForElementVisible(findTestObject("Object Repository/V2/Commons/MeetingListPage/div_Ill do this later"), DefaultTimeout): Object 'Object Repository/V2/Commons/MeetingListPage/div_Ill do this later' is visible

2020-09-23 23:56:49 - [MESSAGE][PASSED] - Object 'Object Repository/V2/Commons/MeetingListPage/div_Ill do this later' is visible

2020-09-23 23:56:49 - [TEST_STEP][PASSED] - verifyElementVisible(findTestObject("Object Repository/V2/Commons/MeetingListPage/div_Ill do this later"), STOP_ON_FAILURE): Object 'Object Repository/V2/Commons/MeetingListPage/div_Ill do this later' is visible

2020-09-23 23:56:49 - [MESSAGE][PASSED] - Object 'Object Repository/V2/Commons/MeetingListPage/div_Ill do this later' is visible

2020-09-23 23:56:49 - [TEST_STEP][PASSED] - click(findTestObject("Object Repository/V2/Commons/MeetingListPage/div_Ill do this later")): Object: 'Object Repository/V2/Commons/MeetingListPage/div_Ill do this later' is clicked on

2020-09-23 23:56:50 - [MESSAGE][PASSED] - Object: 'Object Repository/V2/Commons/MeetingListPage/div_Ill do this later' is clicked on

2020-09-23 23:56:50 - [TEST_STEP][NOT_RUN] - meetingRecordObj = tt_CustomKeywords.CustomKeywords.CreateDynamicElement(meetingRecord_obj, meetingName, "xpath"): NOT_RUN: meetingRecordObj = tt_CustomKeywords.CustomKeywords.CreateDynamicElement(meetingRecord_obj, meetingName, "xpath")

2020-09-23 23:56:50 - [MESSAGE][NOT_RUN] - NOT_RUN: meetingRecordObj = tt_CustomKeywords.CustomKeywords.CreateDynamicElement(meetingRecord_obj, meetingName, "xpath")

2020-09-23 23:56:50 - [TEST_STEP][PASSED] - waitForElementPresent(findTestObject("V2/Commons/MeetingListPage/D_meetingRecord_meetingName_h2", ["meetingName":meetingName]), DefaultTimeout): Object 'Object Repository/V2/Commons/MeetingListPage/D_meetingRecord_meetingName_h2' is present

2020-09-23 23:56:50 - [MESSAGE][PASSED] - Object 'Object Repository/V2/Commons/MeetingListPage/D_meetingRecord_meetingName_h2' is present

2020-09-23 23:56:50 - [TEST_STEP][PASSED] - verifyElementVisible(findTestObject("V2/Commons/MeetingListPage/D_meetingRecord_meetingName_h2", ["meetingName":meetingName]), STOP_ON_FAILURE): Object 'Object Repository/V2/Commons/MeetingListPage/D_meetingRecord_meetingName_h2' is visible

2020-09-23 23:56:50 - [MESSAGE][PASSED] - Object 'Object Repository/V2/Commons/MeetingListPage/D_meetingRecord_meetingName_h2' is visible

2020-09-23 23:56:50 - [MESSAGE][PASSED] - Call Test Case 'Test Cases/V2/Test Case/Pre-conditions/PRE_CreateL10Meeting' successfully

2020-09-23 23:56:50 - [TEST_STEP][PASSED] - callTestCase(findTestCase("V2/Test Case/Pre-conditions/PRE_AddAllAttendeesToMeeting"), ["meetingName":meetingName, "firstname":employee_fname, "lastname":lastname, "userOptionObj":"(//span[text()='%s']/parent::div[@role='option'])[2]", ... ], STOP_ON_FAILURE): Call Test Case 'Test Cases/V2/Test Case/Pre-conditions/PRE_AddAllAttendeesToMeeting' successfully

2020-09-23 23:56:50 - [TEST_CASE][PASSED] - Test Cases/V2/Test Case/Pre-conditions/PRE_AddAllAttendeesToMeeting: Test Cases/V2/Test Case/Pre-conditions/PRE_AddAllAttendeesToMeeting

2020-09-23 23:56:50 - [TEST_STEP][PASSED] - click(findTestObject("V2/Commons/DasboardPage_SidebarMenu/MeetingsMenu")): Object: 'Object Repository/V2/Commons/DasboardPage_SidebarMenu/MeetingsMenu' is clicked on

2020-09-23 23:56:50 - [MESSAGE][PASSED] - Object: 'Object Repository/V2/Commons/DasboardPage_SidebarMenu/MeetingsMenu' is clicked on

2020-09-23 23:56:50 - [TEST_STEP][PASSED] - attendee_fullname = firstname + " " + lastname: null

2020-09-23 23:56:50 - [TEST_STEP][NOT_RUN] - meetingOpt_Obj = tt_CustomKeywords.CustomKeywords.CreateDynamicElement(meetingOptions_obj, meetingName, "xpath"): NOT_RUN: meetingOpt_Obj = tt_CustomKeywords.CustomKeywords.CreateDynamicElement(meetingOptions_obj, meetingName, "xpath")

2020-09-23 23:56:50 - [MESSAGE][NOT_RUN] - NOT_RUN: meetingOpt_Obj = tt_CustomKeywords.CustomKeywords.CreateDynamicElement(meetingOptions_obj, meetingName, "xpath")

2020-09-23 23:56:50 - [TEST_STEP][NOT_RUN] - click(meetingOpt_Obj): NOT_RUN: click(meetingOpt_Obj)

2020-09-23 23:56:50 - [MESSAGE][NOT_RUN] - NOT_RUN: click(meetingOpt_Obj)

2020-09-23 23:56:50 - [TEST_STEP][PASSED] - click(findTestObject("V2/Commons/MeetingListPage/D_meetingRecord_3DotsOption_div", ["meetingName":meetingName]), STOP_ON_FAILURE): Object: 'Object Repository/V2/Commons/MeetingListPage/D_meetingRecord_3DotsOption_div' is clicked on

2020-09-23 23:56:50 - [MESSAGE][PASSED] - Object: 'Object Repository/V2/Commons/MeetingListPage/D_meetingRecord_3DotsOption_div' is clicked on

2020-09-23 23:56:50 - [TEST_STEP][PASSED] - click(findTestObject("V2/Commons/MeetingListPage/a_Edit meeting")): Object: 'Object Repository/V2/Commons/MeetingListPage/a_Edit meeting' is clicked on

2020-09-23 23:56:50 - [MESSAGE][PASSED] - Object: 'Object Repository/V2/Commons/MeetingListPage/a_Edit meeting' is clicked on

2020-09-23 23:56:50 - [TEST_STEP][PASSED] - waitForElementPresent(findTestObject("V2/Commons/EditMeetingPage/div_Add users"), DefaultTimeout): Object 'Object Repository/V2/Commons/EditMeetingPage/div_Add users' is present

2020-09-23 23:56:51 - [MESSAGE][PASSED] - Object 'Object Repository/V2/Commons/EditMeetingPage/div_Add users' is present

2020-09-23 23:56:51 - [TEST_STEP][PASSED] - delay(5): Delayed 5 second(s)

2020-09-23 23:56:56 - [MESSAGE][PASSED] - Delayed 5 second(s)

2020-09-23 23:56:56 - [TEST_STEP][PASSED] - click(findTestObject("V2/Commons/EditMeetingPage/div_Add users")): Object: 'Object Repository/V2/Commons/EditMeetingPage/div_Add users' is clicked on

2020-09-23 23:56:56 - [MESSAGE][PASSED] - Object: 'Object Repository/V2/Commons/EditMeetingPage/div_Add users' is clicked on

2020-09-23 23:56:56 - [TEST_STEP][PASSED] - delay(5): Delayed 5 second(s)

2020-09-23 23:57:01 - [MESSAGE][PASSED] - Delayed 5 second(s)

2020-09-23 23:57:01 - [TEST_STEP][PASSED] - click(findTestObject("V2/Commons/EditMeetingPage/AddAttendeeUserDropdown")): Object: 'Object Repository/V2/Commons/EditMeetingPage/AddAttendeeUserDropdown' is clicked on

2020-09-23 23:57:01 - [MESSAGE][PASSED] - Object: 'Object Repository/V2/Commons/EditMeetingPage/AddAttendeeUserDropdown' is clicked on

2020-09-23 23:57:01 - [TEST_STEP][PASSED] - attendeeOpt_Obj = tt_CustomKeywords.CustomKeywords.CreateDynamicElement(userOptionObj, attendee_fullname, "xpath"): Successfully created new dynamic object: (//span[text()='Employee User']/parent::div[@role='option'])[2]

2020-09-23 23:57:01 - [MESSAGE][PASSED] - Successfully created new dynamic object: (//span[text()='Employee User']/parent::div[@role='option'])[2]

2020-09-23 23:57:01 - [TEST_STEP][PASSED] - attendeeObjCount = tt_CustomKeywords.CustomKeywords.CountElementInWebPageByDynamicElement(userOptionObj, attendee_fullname, "xpath"): Successfully get the element count. 
Element occurences in Webpage: 1

2020-09-23 23:57:01 - [MESSAGE][PASSED] - Successfully get the element count. 
Element occurences in Webpage: 1

2020-09-23 23:57:01 - [TEST_STEP][PASSED] - attendeeOptSCount = attendeeObjCount.toString(): null

2020-09-23 23:57:01 - [TEST_STEP][PASSED] - out.println(attendeeOptSCount): null

2020-09-23 23:57:01 - [TEST_STEP][PASSED] - attendeeObj_Xpath = attendeeOpt_Obj.findPropertyValue("xpath"): null

2020-09-23 23:57:01 - [TEST_STEP][PASSED] - newAttendeeOpt = "(" + attendeeObj_Xpath + ")[%s]": null

2020-09-23 23:57:01 - [TEST_STEP][PASSED] - out.println(newAttendeeOpt): null

2020-09-23 23:57:01 - [TEST_STEP][PASSED] - newAttendeeOpt_Obj = tt_CustomKeywords.CustomKeywords.CreateDynamicElement(newAttendeeOpt, attendeeOptSCount, "xpath"): Successfully created new dynamic object: ((//span[text()='Employee User']/parent::div[@role='option'])[2])[1]

2020-09-23 23:57:01 - [MESSAGE][PASSED] - Successfully created new dynamic object: ((//span[text()='Employee User']/parent::div[@role='option'])[2])[1]

2020-09-23 23:57:01 - [TEST_STEP][PASSED] - click(newAttendeeOpt_Obj): Object: '' is clicked on

2020-09-23 23:57:01 - [MESSAGE][PASSED] - Object: '' is clicked on

2020-09-23 23:57:01 - [TEST_STEP][PASSED] - waitForElementPresent(findTestObject("V2/Commons/EditMeetingPage/AddAttendeeSuccessNotif"), DefaultTimeout): Object 'Object Repository/V2/Commons/EditMeetingPage/AddAttendeeSuccessNotif' is present

2020-09-23 23:57:02 - [MESSAGE][PASSED] - Object 'Object Repository/V2/Commons/EditMeetingPage/AddAttendeeSuccessNotif' is present

2020-09-23 23:57:02 - [TEST_STEP][PASSED] - verifyElementPresent(findTestObject("V2/Commons/EditMeetingPage/AddAttendeeSuccessNotif"), DefaultTimeout): Object 'Object Repository/V2/Commons/EditMeetingPage/AddAttendeeSuccessNotif' is present

2020-09-23 23:57:02 - [MESSAGE][PASSED] - Object 'Object Repository/V2/Commons/EditMeetingPage/AddAttendeeSuccessNotif' is present

2020-09-23 23:57:02 - [TEST_STEP][PASSED] - permissionDrop_Obj = tt_CustomKeywords.CustomKeywords.CreateDynamicElement(permissionDropObj, attendee_fullname, "xpath"): Successfully created new dynamic object: //div[@role='alert' and text()='Employee User']/ancestor::div[@class='editAttendees__item']//button[contains(@aria-label,'assign')]/parent::div

2020-09-23 23:57:02 - [MESSAGE][PASSED] - Successfully created new dynamic object: //div[@role='alert' and text()='Employee User']/ancestor::div[@class='editAttendees__item']//button[contains(@aria-label,'assign')]/parent::div

2020-09-23 23:57:02 - [TEST_STEP][PASSED] - click(permissionDrop_Obj): Object: '' is clicked on

2020-09-23 23:57:02 - [MESSAGE][PASSED] - Object: '' is clicked on

2020-09-23 23:57:02 - [TEST_STEP][PASSED] - permissionDropOpt_Obj_MA = tt_CustomKeywords.CustomKeywords.CreateDynamicElement(permissionDropOptObj_MA, attendee_fullname, "xpath"): Successfully created new dynamic object: //div[@role='alert' and text()='Employee User']/ancestor::div[@class='editAttendees__item']//span[text()='Meeting Admin']/parent::div

2020-09-23 23:57:02 - [MESSAGE][PASSED] - Successfully created new dynamic object: //div[@role='alert' and text()='Employee User']/ancestor::div[@class='editAttendees__item']//span[text()='Meeting Admin']/parent::div

2020-09-23 23:57:02 - [TEST_STEP][PASSED] - permissionDropOpt_Obj_FE = tt_CustomKeywords.CustomKeywords.CreateDynamicElement(permissionDropOptObj_FE, attendee_fullname, "xpath"): Successfully created new dynamic object: //div[@role='alert' and text()='Employee User']/ancestor::div[@class='editAttendees__item']//span[text()='Full editor']/parent::div

2020-09-23 23:57:02 - [MESSAGE][PASSED] - Successfully created new dynamic object: //div[@role='alert' and text()='Employee User']/ancestor::div[@class='editAttendees__item']//span[text()='Full editor']/parent::div

2020-09-23 23:57:02 - [TEST_STEP][PASSED] - permissionDropOpt_Obj_BE = tt_CustomKeywords.CustomKeywords.CreateDynamicElement(permissionDropOptObj_BE, attendee_fullname, "xpath"): Successfully created new dynamic object: //div[@role='alert' and text()='Employee User']/ancestor::div[@class='editAttendees__item']//span[text()='Basic editor']/parent::div

2020-09-23 23:57:02 - [MESSAGE][PASSED] - Successfully created new dynamic object: //div[@role='alert' and text()='Employee User']/ancestor::div[@class='editAttendees__item']//span[text()='Basic editor']/parent::div

2020-09-23 23:57:02 - [TEST_STEP][PASSED] - if (permission == "Meeting Admin"): null

2020-09-23 23:57:02 - [TEST_STEP][PASSED] - if (permission == "Full editor"): null

2020-09-23 23:57:02 - [TEST_STEP][PASSED] - if (permission == "Basic editor"): Object 'Object Repository/V2/Commons/EditMeetingPage/AddAttendeePermSuccessNotif' is present

2020-09-23 23:57:02 - [TEST_STEP][PASSED] - delay(2): Delayed 2 second(s)

2020-09-23 23:57:04 - [MESSAGE][PASSED] - Delayed 2 second(s)

2020-09-23 23:57:04 - [TEST_STEP][PASSED] - click(permissionDropOpt_Obj_BE): Object: '' is clicked on

2020-09-23 23:57:04 - [MESSAGE][PASSED] - Object: '' is clicked on

2020-09-23 23:57:04 - [TEST_STEP][PASSED] - waitForElementPresent(findTestObject("V2/Commons/EditMeetingPage/AddAttendeePermSuccessNotif"), DefaultTimeout): Object 'Object Repository/V2/Commons/EditMeetingPage/AddAttendeePermSuccessNotif' is present

2020-09-23 23:57:05 - [MESSAGE][PASSED] - Object 'Object Repository/V2/Commons/EditMeetingPage/AddAttendeePermSuccessNotif' is present

2020-09-23 23:57:05 - [TEST_STEP][PASSED] - verifyElementPresent(findTestObject("V2/Commons/EditMeetingPage/AddAttendeePermSuccessNotif"), DefaultTimeout): Object 'Object Repository/V2/Commons/EditMeetingPage/AddAttendeePermSuccessNotif' is present

2020-09-23 23:57:05 - [MESSAGE][PASSED] - Object 'Object Repository/V2/Commons/EditMeetingPage/AddAttendeePermSuccessNotif' is present

2020-09-23 23:57:05 - [TEST_STEP][PASSED] - verifyElementPresent(findTestObject("V2/Commons/DasboardPage_SidebarMenu/MeetingsMenu"), DefaultTimeout): Object 'Object Repository/V2/Commons/DasboardPage_SidebarMenu/MeetingsMenu' is present

2020-09-23 23:57:05 - [MESSAGE][PASSED] - Object 'Object Repository/V2/Commons/DasboardPage_SidebarMenu/MeetingsMenu' is present

2020-09-23 23:57:05 - [TEST_STEP][PASSED] - click(findTestObject("V2/Commons/DasboardPage_SidebarMenu/MeetingsMenu")): Object: 'Object Repository/V2/Commons/DasboardPage_SidebarMenu/MeetingsMenu' is clicked on

2020-09-23 23:57:05 - [MESSAGE][PASSED] - Object: 'Object Repository/V2/Commons/DasboardPage_SidebarMenu/MeetingsMenu' is clicked on

2020-09-23 23:57:05 - [TEST_STEP][PASSED] - waitForElementNotPresent(findTestObject("V2/Commons/EditMeetingPage/AddAttendeeSuccessNotif"), DefaultTimeout): Web element with id: 'Object Repository/V2/Commons/EditMeetingPage/AddAttendeeSuccessNotif' located by 'By.xpath: //h3[text()='New attendee added!']' is not present after '60' second(s)

2020-09-23 23:57:09 - [MESSAGE][PASSED] - Web element with id: 'Object Repository/V2/Commons/EditMeetingPage/AddAttendeeSuccessNotif' located by 'By.xpath: //h3[text()='New attendee added!']' is not present after '60' second(s)

2020-09-23 23:57:09 - [MESSAGE][PASSED] - Call Test Case 'Test Cases/V2/Test Case/Pre-conditions/PRE_AddAllAttendeesToMeeting' successfully

2020-09-23 23:57:09 - [TEST_STEP][PASSED] - callTestCase(findTestCase("V2/Test Case/Pre-conditions/PRE_AddAllAttendeesToMeeting"), ["meetingName":meetingName, "firstname":supervisor_fname, "lastname":lastname, "userOptionObj":"(//span[text()='%s']/parent::div[@role='option'])[3]", ... ], STOP_ON_FAILURE): Call Test Case 'Test Cases/V2/Test Case/Pre-conditions/PRE_AddAllAttendeesToMeeting' successfully

2020-09-23 23:57:09 - [TEST_CASE][PASSED] - Test Cases/V2/Test Case/Pre-conditions/PRE_AddAllAttendeesToMeeting: Test Cases/V2/Test Case/Pre-conditions/PRE_AddAllAttendeesToMeeting

2020-09-23 23:57:09 - [TEST_STEP][PASSED] - click(findTestObject("V2/Commons/DasboardPage_SidebarMenu/MeetingsMenu")): Object: 'Object Repository/V2/Commons/DasboardPage_SidebarMenu/MeetingsMenu' is clicked on

2020-09-23 23:57:09 - [MESSAGE][PASSED] - Object: 'Object Repository/V2/Commons/DasboardPage_SidebarMenu/MeetingsMenu' is clicked on

2020-09-23 23:57:09 - [TEST_STEP][PASSED] - attendee_fullname = firstname + " " + lastname: null

2020-09-23 23:57:09 - [TEST_STEP][NOT_RUN] - meetingOpt_Obj = tt_CustomKeywords.CustomKeywords.CreateDynamicElement(meetingOptions_obj, meetingName, "xpath"): NOT_RUN: meetingOpt_Obj = tt_CustomKeywords.CustomKeywords.CreateDynamicElement(meetingOptions_obj, meetingName, "xpath")

2020-09-23 23:57:09 - [MESSAGE][NOT_RUN] - NOT_RUN: meetingOpt_Obj = tt_CustomKeywords.CustomKeywords.CreateDynamicElement(meetingOptions_obj, meetingName, "xpath")

2020-09-23 23:57:09 - [TEST_STEP][NOT_RUN] - click(meetingOpt_Obj): NOT_RUN: click(meetingOpt_Obj)

2020-09-23 23:57:09 - [MESSAGE][NOT_RUN] - NOT_RUN: click(meetingOpt_Obj)

2020-09-23 23:57:09 - [TEST_STEP][PASSED] - click(findTestObject("V2/Commons/MeetingListPage/D_meetingRecord_3DotsOption_div", ["meetingName":meetingName]), STOP_ON_FAILURE): Object: 'Object Repository/V2/Commons/MeetingListPage/D_meetingRecord_3DotsOption_div' is clicked on

2020-09-23 23:57:10 - [MESSAGE][PASSED] - Object: 'Object Repository/V2/Commons/MeetingListPage/D_meetingRecord_3DotsOption_div' is clicked on

2020-09-23 23:57:10 - [TEST_STEP][PASSED] - click(findTestObject("V2/Commons/MeetingListPage/a_Edit meeting")): Object: 'Object Repository/V2/Commons/MeetingListPage/a_Edit meeting' is clicked on

2020-09-23 23:57:10 - [MESSAGE][PASSED] - Object: 'Object Repository/V2/Commons/MeetingListPage/a_Edit meeting' is clicked on

2020-09-23 23:57:10 - [TEST_STEP][PASSED] - waitForElementPresent(findTestObject("V2/Commons/EditMeetingPage/div_Add users"), DefaultTimeout): Object 'Object Repository/V2/Commons/EditMeetingPage/div_Add users' is present

2020-09-23 23:57:10 - [MESSAGE][PASSED] - Object 'Object Repository/V2/Commons/EditMeetingPage/div_Add users' is present

2020-09-23 23:57:10 - [TEST_STEP][PASSED] - delay(5): Delayed 5 second(s)

2020-09-23 23:57:15 - [MESSAGE][PASSED] - Delayed 5 second(s)

2020-09-23 23:57:15 - [TEST_STEP][PASSED] - click(findTestObject("V2/Commons/EditMeetingPage/div_Add users")): Object: 'Object Repository/V2/Commons/EditMeetingPage/div_Add users' is clicked on

2020-09-23 23:57:15 - [MESSAGE][PASSED] - Object: 'Object Repository/V2/Commons/EditMeetingPage/div_Add users' is clicked on

2020-09-23 23:57:15 - [TEST_STEP][PASSED] - delay(5): Delayed 5 second(s)

2020-09-23 23:57:20 - [MESSAGE][PASSED] - Delayed 5 second(s)

2020-09-23 23:57:20 - [TEST_STEP][PASSED] - click(findTestObject("V2/Commons/EditMeetingPage/AddAttendeeUserDropdown")): Object: 'Object Repository/V2/Commons/EditMeetingPage/AddAttendeeUserDropdown' is clicked on

2020-09-23 23:57:20 - [MESSAGE][PASSED] - Object: 'Object Repository/V2/Commons/EditMeetingPage/AddAttendeeUserDropdown' is clicked on

2020-09-23 23:57:20 - [TEST_STEP][PASSED] - attendeeOpt_Obj = tt_CustomKeywords.CustomKeywords.CreateDynamicElement(userOptionObj, attendee_fullname, "xpath"): Successfully created new dynamic object: (//span[text()='Supervisor User']/parent::div[@role='option'])[3]

2020-09-23 23:57:20 - [MESSAGE][PASSED] - Successfully created new dynamic object: (//span[text()='Supervisor User']/parent::div[@role='option'])[3]

2020-09-23 23:57:20 - [TEST_STEP][PASSED] - attendeeObjCount = tt_CustomKeywords.CustomKeywords.CountElementInWebPageByDynamicElement(userOptionObj, attendee_fullname, "xpath"): Successfully get the element count. 
Element occurences in Webpage: 1

2020-09-23 23:57:20 - [MESSAGE][PASSED] - Successfully get the element count. 
Element occurences in Webpage: 1

2020-09-23 23:57:20 - [TEST_STEP][PASSED] - attendeeOptSCount = attendeeObjCount.toString(): null

2020-09-23 23:57:20 - [TEST_STEP][PASSED] - out.println(attendeeOptSCount): null

2020-09-23 23:57:20 - [TEST_STEP][PASSED] - attendeeObj_Xpath = attendeeOpt_Obj.findPropertyValue("xpath"): null

2020-09-23 23:57:20 - [TEST_STEP][PASSED] - newAttendeeOpt = "(" + attendeeObj_Xpath + ")[%s]": null

2020-09-23 23:57:20 - [TEST_STEP][PASSED] - out.println(newAttendeeOpt): null

2020-09-23 23:57:20 - [TEST_STEP][PASSED] - newAttendeeOpt_Obj = tt_CustomKeywords.CustomKeywords.CreateDynamicElement(newAttendeeOpt, attendeeOptSCount, "xpath"): Successfully created new dynamic object: ((//span[text()='Supervisor User']/parent::div[@role='option'])[3])[1]

2020-09-23 23:57:20 - [MESSAGE][PASSED] - Successfully created new dynamic object: ((//span[text()='Supervisor User']/parent::div[@role='option'])[3])[1]

2020-09-23 23:57:20 - [TEST_STEP][PASSED] - click(newAttendeeOpt_Obj): Object: '' is clicked on

2020-09-23 23:57:20 - [MESSAGE][PASSED] - Object: '' is clicked on

2020-09-23 23:57:20 - [TEST_STEP][PASSED] - waitForElementPresent(findTestObject("V2/Commons/EditMeetingPage/AddAttendeeSuccessNotif"), DefaultTimeout): Object 'Object Repository/V2/Commons/EditMeetingPage/AddAttendeeSuccessNotif' is present

2020-09-23 23:57:21 - [MESSAGE][PASSED] - Object 'Object Repository/V2/Commons/EditMeetingPage/AddAttendeeSuccessNotif' is present

2020-09-23 23:57:21 - [TEST_STEP][PASSED] - verifyElementPresent(findTestObject("V2/Commons/EditMeetingPage/AddAttendeeSuccessNotif"), DefaultTimeout): Object 'Object Repository/V2/Commons/EditMeetingPage/AddAttendeeSuccessNotif' is present

2020-09-23 23:57:21 - [MESSAGE][PASSED] - Object 'Object Repository/V2/Commons/EditMeetingPage/AddAttendeeSuccessNotif' is present

2020-09-23 23:57:21 - [TEST_STEP][PASSED] - permissionDrop_Obj = tt_CustomKeywords.CustomKeywords.CreateDynamicElement(permissionDropObj, attendee_fullname, "xpath"): Successfully created new dynamic object: //div[@role='alert' and text()='Supervisor User']/ancestor::div[@class='editAttendees__item']//button[contains(@aria-label,'assign')]/parent::div

2020-09-23 23:57:21 - [MESSAGE][PASSED] - Successfully created new dynamic object: //div[@role='alert' and text()='Supervisor User']/ancestor::div[@class='editAttendees__item']//button[contains(@aria-label,'assign')]/parent::div

2020-09-23 23:57:21 - [TEST_STEP][PASSED] - click(permissionDrop_Obj): Object: '' is clicked on

2020-09-23 23:57:21 - [MESSAGE][PASSED] - Object: '' is clicked on

2020-09-23 23:57:21 - [TEST_STEP][PASSED] - permissionDropOpt_Obj_MA = tt_CustomKeywords.CustomKeywords.CreateDynamicElement(permissionDropOptObj_MA, attendee_fullname, "xpath"): Successfully created new dynamic object: //div[@role='alert' and text()='Supervisor User']/ancestor::div[@class='editAttendees__item']//span[text()='Meeting Admin']/parent::div

2020-09-23 23:57:21 - [MESSAGE][PASSED] - Successfully created new dynamic object: //div[@role='alert' and text()='Supervisor User']/ancestor::div[@class='editAttendees__item']//span[text()='Meeting Admin']/parent::div

2020-09-23 23:57:21 - [TEST_STEP][PASSED] - permissionDropOpt_Obj_FE = tt_CustomKeywords.CustomKeywords.CreateDynamicElement(permissionDropOptObj_FE, attendee_fullname, "xpath"): Successfully created new dynamic object: //div[@role='alert' and text()='Supervisor User']/ancestor::div[@class='editAttendees__item']//span[text()='Full editor']/parent::div

2020-09-23 23:57:21 - [MESSAGE][PASSED] - Successfully created new dynamic object: //div[@role='alert' and text()='Supervisor User']/ancestor::div[@class='editAttendees__item']//span[text()='Full editor']/parent::div

2020-09-23 23:57:21 - [TEST_STEP][PASSED] - permissionDropOpt_Obj_BE = tt_CustomKeywords.CustomKeywords.CreateDynamicElement(permissionDropOptObj_BE, attendee_fullname, "xpath"): Successfully created new dynamic object: //div[@role='alert' and text()='Supervisor User']/ancestor::div[@class='editAttendees__item']//span[text()='Basic editor']/parent::div

2020-09-23 23:57:21 - [MESSAGE][PASSED] - Successfully created new dynamic object: //div[@role='alert' and text()='Supervisor User']/ancestor::div[@class='editAttendees__item']//span[text()='Basic editor']/parent::div

2020-09-23 23:57:21 - [TEST_STEP][PASSED] - if (permission == "Meeting Admin"): null

2020-09-23 23:57:21 - [TEST_STEP][PASSED] - if (permission == "Full editor"): Object: '' is clicked on

2020-09-23 23:57:21 - [TEST_STEP][PASSED] - delay(2): Delayed 2 second(s)

2020-09-23 23:57:23 - [MESSAGE][PASSED] - Delayed 2 second(s)

2020-09-23 23:57:23 - [TEST_STEP][PASSED] - click(permissionDropOpt_Obj_FE): Object: '' is clicked on

2020-09-23 23:57:23 - [MESSAGE][PASSED] - Object: '' is clicked on

2020-09-23 23:57:23 - [TEST_STEP][PASSED] - if (permission == "Basic editor"): null

2020-09-23 23:57:23 - [TEST_STEP][PASSED] - verifyElementPresent(findTestObject("V2/Commons/DasboardPage_SidebarMenu/MeetingsMenu"), DefaultTimeout): Object 'Object Repository/V2/Commons/DasboardPage_SidebarMenu/MeetingsMenu' is present

2020-09-23 23:57:23 - [MESSAGE][PASSED] - Object 'Object Repository/V2/Commons/DasboardPage_SidebarMenu/MeetingsMenu' is present

2020-09-23 23:57:23 - [TEST_STEP][PASSED] - click(findTestObject("V2/Commons/DasboardPage_SidebarMenu/MeetingsMenu")): Object: 'Object Repository/V2/Commons/DasboardPage_SidebarMenu/MeetingsMenu' is clicked on

2020-09-23 23:57:24 - [MESSAGE][PASSED] - Object: 'Object Repository/V2/Commons/DasboardPage_SidebarMenu/MeetingsMenu' is clicked on

2020-09-23 23:57:24 - [TEST_STEP][PASSED] - waitForElementNotPresent(findTestObject("V2/Commons/EditMeetingPage/AddAttendeeSuccessNotif"), DefaultTimeout): Web element with id: 'Object Repository/V2/Commons/EditMeetingPage/AddAttendeeSuccessNotif' located by 'By.xpath: //h3[text()='New attendee added!']' is not present after '60' second(s)

2020-09-23 23:57:28 - [MESSAGE][PASSED] - Web element with id: 'Object Repository/V2/Commons/EditMeetingPage/AddAttendeeSuccessNotif' located by 'By.xpath: //h3[text()='New attendee added!']' is not present after '60' second(s)

2020-09-23 23:57:28 - [MESSAGE][PASSED] - Call Test Case 'Test Cases/V2/Test Case/Pre-conditions/PRE_AddAllAttendeesToMeeting' successfully

2020-09-23 23:57:28 - [TEST_STEP][PASSED] - changeWebDriver(driver3): null

2020-09-23 23:57:28 - [TEST_STEP][PASSED] - click(findTestObject("V2/Commons/DasboardPage_SidebarMenu/MeetingsMenu")): Object: 'Object Repository/V2/Commons/DasboardPage_SidebarMenu/MeetingsMenu' is clicked on

2020-09-23 23:57:28 - [MESSAGE][PASSED] - Object: 'Object Repository/V2/Commons/DasboardPage_SidebarMenu/MeetingsMenu' is clicked on

2020-09-23 23:57:28 - [TEST_STEP][PASSED] - waitForElementPresent(findTestObject("V2/Commons/MeetingListPage/D_meetingRecord_meetingName_h2", ["meetingName":meetingName]), DefaultTimeout): Object 'Object Repository/V2/Commons/MeetingListPage/D_meetingRecord_meetingName_h2' is present

2020-09-23 23:57:28 - [MESSAGE][PASSED] - Object 'Object Repository/V2/Commons/MeetingListPage/D_meetingRecord_meetingName_h2' is present

2020-09-23 23:57:28 - [TEST_STEP][PASSED] - verifyElementVisible(findTestObject("V2/Commons/MeetingListPage/D_meetingRecord_meetingName_h2", ["meetingName":meetingName]), STOP_ON_FAILURE): Object 'Object Repository/V2/Commons/MeetingListPage/D_meetingRecord_meetingName_h2' is visible

2020-09-23 23:57:29 - [MESSAGE][PASSED] - Object 'Object Repository/V2/Commons/MeetingListPage/D_meetingRecord_meetingName_h2' is visible

2020-09-23 23:57:29 - [TEST_STEP][PASSED] - waitForElementPresent(findTestObject("Object Repository/V2/TT-363/Page_Meeting/Edit_Meeting/Page_Edit Meeting/input__meeting title"), DefaultTimeout): Object 'Object Repository/V2/TT-363/Page_Meeting/Edit_Meeting/Page_Edit Meeting/input__meeting title' is present

2020-09-23 23:58:30 - [MESSAGE][INFO] - Unable to find the element located by 'By.xpath: //input[@id='name']'. Please recheck the objects properties to make sure the desired element is located. 

2020-09-23 23:58:30 - [MESSAGE][WARNING] - [SELF-HEALING] Failed to find element with id 'Object Repository/V2/TT-363/Page_Meeting/Edit_Meeting/Page_Edit Meeting/input__meeting title'. Try using Self-healing.

2020-09-23 23:58:30 - [MESSAGE][INFO] - [SELF-HEALING] Failed Locator: '//input[@id='name']'.

2020-09-23 23:58:30 - [MESSAGE][INFO] - [SELF-HEALING] Failed Locator: '//div[@id='root']/div/div[2]/div/div/div[2]/div[2]/div/div[3]/form/div/div/div/input'.

2020-09-23 23:58:30 - [MESSAGE][INFO] - [SELF-HEALING] Working Locator: '//input'.

2020-09-23 23:58:30 - [MESSAGE][INFO] - [SELF-HEALING] Screenshot: C:/Users/Aaron-PC/git/TractionTools/Reports/Self-healing/Object Repository/V2/TT-363/Page_Meeting/Edit_Meeting/Page_Edit Meeting/input__meeting title_position.png

2020-09-23 23:58:30 - [MESSAGE][WARNING] - [SELF-HEALING] The current locator of test object 'Object Repository/V2/TT-363/Page_Meeting/Edit_Meeting/Page_Edit Meeting/input__meeting title' was broken. Propose an alternative one: '//input'.

2020-09-23 23:58:30 - [MESSAGE][PASSED] - Object 'Object Repository/V2/TT-363/Page_Meeting/Edit_Meeting/Page_Edit Meeting/input__meeting title' is present

2020-09-23 23:58:30 - [TEST_STEP][PASSED] - click(findTestObject("Object Repository/V2/TT-363/Page_Meeting/Edit_Meeting/Page_Edit Meeting/div_GeneralBasic informationVideo conferenc_ee1ae7")): Object: 'Object Repository/V2/TT-363/Page_Meeting/Edit_Meeting/Page_Edit Meeting/div_GeneralBasic informationVideo conferenc_ee1ae7' is clicked on

2020-09-23 23:59:01 - [MESSAGE][INFO] - Unable to find the element located by 'By.xpath: //a[@href='#video-conference']'. Please recheck the objects properties to make sure the desired element is located. 

2020-09-23 23:59:01 - [MESSAGE][WARNING] - [SELF-HEALING] Failed to find element with id 'Object Repository/V2/TT-363/Page_Meeting/Edit_Meeting/Page_Edit Meeting/div_GeneralBasic informationVideo conferenc_ee1ae7'. Try using Self-healing.

2020-09-23 23:59:01 - [MESSAGE][INFO] - [SELF-HEALING] Failed Locator: '//div[@id='root']/div/div[2]/div/div/div[2]'.

2020-09-23 23:59:01 - [MESSAGE][INFO] - [SELF-HEALING] Failed Locator: '(.//*[normalize-space(text()) and normalize-space(.)='ASDFF'])[1]/following::div[1]'.

2020-09-23 23:59:01 - [MESSAGE][INFO] - [SELF-HEALING] Failed Locator: '(.//*[normalize-space(text()) and normalize-space(.)='Edit meeting:'])[1]/following::div[1]'.

2020-09-23 23:59:01 - [MESSAGE][INFO] - [SELF-HEALING] Working Locator: '//div[2]/div/div/div[2]'.

2020-09-23 23:59:01 - [MESSAGE][INFO] - [SELF-HEALING] Screenshot: C:/Users/Aaron-PC/git/TractionTools/Reports/Self-healing/Object Repository/V2/TT-363/Page_Meeting/Edit_Meeting/Page_Edit Meeting/div_GeneralBasic informationVideo conferenc_ee1ae7_position.png

2020-09-23 23:59:01 - [MESSAGE][WARNING] - [SELF-HEALING] The current locator of test object 'Object Repository/V2/TT-363/Page_Meeting/Edit_Meeting/Page_Edit Meeting/div_GeneralBasic informationVideo conferenc_ee1ae7' was broken. Propose an alternative one: '//div[2]/div/div/div[2]'.

2020-09-23 23:59:01 - [MESSAGE][PASSED] - Object: 'Object Repository/V2/TT-363/Page_Meeting/Edit_Meeting/Page_Edit Meeting/div_GeneralBasic informationVideo conferenc_ee1ae7' is clicked on

2020-09-23 23:59:01 - [TEST_STEP][FAILED] - verifyElementNotClickable(findTestObject("Object Repository/V2/TT-363/Page_Meeting/Edit_Meeting/Page_Edit Meeting/input__meeting title"), STOP_ON_FAILURE): Unable to verify object 'Object Repository/V2/TT-363/Page_Meeting/Edit_Meeting/Page_Edit Meeting/input__meeting title' to be NOT clickable (Root cause: com.kms.katalon.core.exception.StepFailedException: Unable to verify object 'Object Repository/V2/TT-363/Page_Meeting/Edit_Meeting/Page_Edit Meeting/input__meeting title' to be NOT clickable
	at com.kms.katalon.core.webui.keyword.internal.WebUIKeywordMain.stepFailed(WebUIKeywordMain.groovy:64)
	at com.kms.katalon.core.webui.keyword.internal.WebUIKeywordMain.runKeyword(WebUIKeywordMain.groovy:26)
	at com.kms.katalon.core.webui.keyword.builtin.VerifyElementNotClickableKeyword.verifyElementNotClickable(VerifyElementNotClickableKeyword.groovy:96)
	at com.kms.katalon.core.webui.keyword.builtin.VerifyElementNotClickableKeyword.execute(VerifyElementNotClickableKeyword.groovy:67)
	at com.kms.katalon.core.keyword.internal.KeywordExecutor.executeKeywordForPlatform(KeywordExecutor.groovy:73)
	at com.kms.katalon.core.webui.keyword.WebUiBuiltInKeywords.verifyElementNotClickable(WebUiBuiltInKeywords.groovy:577)
	at com.kms.katalon.core.webui.keyword.WebUiBuiltInKeywords$verifyElementNotClickable$15.call(Unknown Source)
	at TT_363_6_EditMeetingBasicInformation_AllTestCase.run(TT_363_6_EditMeetingBasicInformation_AllTestCase:109)
	at com.kms.katalon.core.main.ScriptEngine.run(ScriptEngine.java:194)
	at com.kms.katalon.core.main.ScriptEngine.runScriptAsRawText(ScriptEngine.java:119)
	at com.kms.katalon.core.main.TestCaseExecutor.runScript(TestCaseExecutor.java:339)
	at com.kms.katalon.core.main.TestCaseExecutor.doExecute(TestCaseExecutor.java:330)
	at com.kms.katalon.core.main.TestCaseExecutor.processExecutionPhase(TestCaseExecutor.java:309)
	at com.kms.katalon.core.main.TestCaseExecutor.accessMainPhase(TestCaseExecutor.java:301)
	at com.kms.katalon.core.main.TestCaseExecutor.execute(TestCaseExecutor.java:235)
	at com.kms.katalon.core.main.TestSuiteExecutor.accessTestCaseMainPhase(TestSuiteExecutor.java:191)
	at com.kms.katalon.core.main.TestSuiteExecutor.accessTestSuiteMainPhase(TestSuiteExecutor.java:141)
	at com.kms.katalon.core.main.TestSuiteExecutor.execute(TestSuiteExecutor.java:90)
	at com.kms.katalon.core.main.TestCaseMain.startTestSuite(TestCaseMain.java:157)
	at com.kms.katalon.core.main.TestCaseMain$startTestSuite$0.call(Unknown Source)
	at TempTestSuite1600874509971.run(TempTestSuite1600874509971.groovy:39)
Caused by: com.kms.katalon.core.exception.StepFailedException: Object 'Object Repository/V2/TT-363/Page_Meeting/Edit_Meeting/Page_Edit Meeting/input__meeting title' is clickable
	at com.kms.katalon.core.webui.keyword.internal.WebUIKeywordMain.stepFailed(WebUIKeywordMain.groovy:64)
	at com.kms.katalon.core.webui.keyword.builtin.VerifyElementNotClickableKeyword$_verifyElementNotClickable_closure1.doCall(VerifyElementNotClickableKeyword.groovy:80)
	at com.kms.katalon.core.webui.keyword.builtin.VerifyElementNotClickableKeyword$_verifyElementNotClickable_closure1.call(VerifyElementNotClickableKeyword.groovy)
	at com.kms.katalon.core.webui.keyword.internal.WebUIKeywordMain.runKeyword(WebUIKeywordMain.groovy:20)
	... 19 more
)

2020-09-23 23:59:32 - [MESSAGE][INFO] - Unable to find the element located by 'By.xpath: //input[@id='name']'. Please recheck the objects properties to make sure the desired element is located. 

2020-09-23 23:59:32 - [MESSAGE][WARNING] - [SELF-HEALING] Failed to find element with id 'Object Repository/V2/TT-363/Page_Meeting/Edit_Meeting/Page_Edit Meeting/input__meeting title'. Try using Self-healing.

2020-09-23 23:59:32 - [MESSAGE][WARNING] - [SELF-HEALING] The current locator of test object 'Object Repository/V2/TT-363/Page_Meeting/Edit_Meeting/Page_Edit Meeting/input__meeting title' was broken. Propose an alternative one: '//input'.

2020-09-23 23:59:33 - [MESSAGE][FAILED] - Object 'Object Repository/V2/TT-363/Page_Meeting/Edit_Meeting/Page_Edit Meeting/input__meeting title' is clickable (Root cause: com.kms.katalon.core.exception.StepFailedException: Object 'Object Repository/V2/TT-363/Page_Meeting/Edit_Meeting/Page_Edit Meeting/input__meeting title' is clickable
	at com.kms.katalon.core.webui.keyword.internal.WebUIKeywordMain.stepFailed(WebUIKeywordMain.groovy:64)
	at com.kms.katalon.core.webui.keyword.builtin.VerifyElementNotClickableKeyword$_verifyElementNotClickable_closure1.doCall(VerifyElementNotClickableKeyword.groovy:80)
	at com.kms.katalon.core.webui.keyword.builtin.VerifyElementNotClickableKeyword$_verifyElementNotClickable_closure1.call(VerifyElementNotClickableKeyword.groovy)
	at com.kms.katalon.core.webui.keyword.internal.WebUIKeywordMain.runKeyword(WebUIKeywordMain.groovy:20)
	at com.kms.katalon.core.webui.keyword.builtin.VerifyElementNotClickableKeyword.verifyElementNotClickable(VerifyElementNotClickableKeyword.groovy:96)
	at com.kms.katalon.core.webui.keyword.builtin.VerifyElementNotClickableKeyword.execute(VerifyElementNotClickableKeyword.groovy:67)
	at com.kms.katalon.core.keyword.internal.KeywordExecutor.executeKeywordForPlatform(KeywordExecutor.groovy:73)
	at com.kms.katalon.core.webui.keyword.WebUiBuiltInKeywords.verifyElementNotClickable(WebUiBuiltInKeywords.groovy:577)
	at com.kms.katalon.core.webui.keyword.WebUiBuiltInKeywords$verifyElementNotClickable$15.call(Unknown Source)
	at TT_363_6_EditMeetingBasicInformation_AllTestCase.run(TT_363_6_EditMeetingBasicInformation_AllTestCase:109)
	at com.kms.katalon.core.main.ScriptEngine.run(ScriptEngine.java:194)
	at com.kms.katalon.core.main.ScriptEngine.runScriptAsRawText(ScriptEngine.java:119)
	at com.kms.katalon.core.main.TestCaseExecutor.runScript(TestCaseExecutor.java:339)
	at com.kms.katalon.core.main.TestCaseExecutor.doExecute(TestCaseExecutor.java:330)
	at com.kms.katalon.core.main.TestCaseExecutor.processExecutionPhase(TestCaseExecutor.java:309)
	at com.kms.katalon.core.main.TestCaseExecutor.accessMainPhase(TestCaseExecutor.java:301)
	at com.kms.katalon.core.main.TestCaseExecutor.execute(TestCaseExecutor.java:235)
	at com.kms.katalon.core.main.TestSuiteExecutor.accessTestCaseMainPhase(TestSuiteExecutor.java:191)
	at com.kms.katalon.core.main.TestSuiteExecutor.accessTestSuiteMainPhase(TestSuiteExecutor.java:141)
	at com.kms.katalon.core.main.TestSuiteExecutor.execute(TestSuiteExecutor.java:90)
	at com.kms.katalon.core.main.TestCaseMain.startTestSuite(TestCaseMain.java:157)
	at com.kms.katalon.core.main.TestCaseMain$startTestSuite$0.call(Unknown Source)
	at TempTestSuite1600874509971.run(TempTestSuite1600874509971.groovy:39)
)
[[ATTACHMENT|C:\\Users\\Aaron-PC\\git\\TractionTools\\Reports\\20200923_232149\\V2\\Tests\\TT-363 - Meeting List\\TT-363_TestSuite\\20200923_232149\\1600876772763.png]]

2020-09-23 23:59:33 - [MESSAGE][FAILED] - Unable to verify object 'Object Repository/V2/TT-363/Page_Meeting/Edit_Meeting/Page_Edit Meeting/input__meeting title' to be NOT clickable (Root cause: com.kms.katalon.core.exception.StepFailedException: Unable to verify object 'Object Repository/V2/TT-363/Page_Meeting/Edit_Meeting/Page_Edit Meeting/input__meeting title' to be NOT clickable
	at com.kms.katalon.core.webui.keyword.internal.WebUIKeywordMain.stepFailed(WebUIKeywordMain.groovy:64)
	at com.kms.katalon.core.webui.keyword.internal.WebUIKeywordMain.runKeyword(WebUIKeywordMain.groovy:26)
	at com.kms.katalon.core.webui.keyword.builtin.VerifyElementNotClickableKeyword.verifyElementNotClickable(VerifyElementNotClickableKeyword.groovy:96)
	at com.kms.katalon.core.webui.keyword.builtin.VerifyElementNotClickableKeyword.execute(VerifyElementNotClickableKeyword.groovy:67)
	at com.kms.katalon.core.keyword.internal.KeywordExecutor.executeKeywordForPlatform(KeywordExecutor.groovy:73)
	at com.kms.katalon.core.webui.keyword.WebUiBuiltInKeywords.verifyElementNotClickable(WebUiBuiltInKeywords.groovy:577)
	at com.kms.katalon.core.webui.keyword.WebUiBuiltInKeywords$verifyElementNotClickable$15.call(Unknown Source)
	at TT_363_6_EditMeetingBasicInformation_AllTestCase.run(TT_363_6_EditMeetingBasicInformation_AllTestCase:109)
	at com.kms.katalon.core.main.ScriptEngine.run(ScriptEngine.java:194)
	at com.kms.katalon.core.main.ScriptEngine.runScriptAsRawText(ScriptEngine.java:119)
	at com.kms.katalon.core.main.TestCaseExecutor.runScript(TestCaseExecutor.java:339)
	at com.kms.katalon.core.main.TestCaseExecutor.doExecute(TestCaseExecutor.java:330)
	at com.kms.katalon.core.main.TestCaseExecutor.processExecutionPhase(TestCaseExecutor.java:309)
	at com.kms.katalon.core.main.TestCaseExecutor.accessMainPhase(TestCaseExecutor.java:301)
	at com.kms.katalon.core.main.TestCaseExecutor.execute(TestCaseExecutor.java:235)
	at com.kms.katalon.core.main.TestSuiteExecutor.accessTestCaseMainPhase(TestSuiteExecutor.java:191)
	at com.kms.katalon.core.main.TestSuiteExecutor.accessTestSuiteMainPhase(TestSuiteExecutor.java:141)
	at com.kms.katalon.core.main.TestSuiteExecutor.execute(TestSuiteExecutor.java:90)
	at com.kms.katalon.core.main.TestCaseMain.startTestSuite(TestCaseMain.java:157)
	at com.kms.katalon.core.main.TestCaseMain$startTestSuite$0.call(Unknown Source)
	at TempTestSuite1600874509971.run(TempTestSuite1600874509971.groovy:39)
Caused by: com.kms.katalon.core.exception.StepFailedException: Object 'Object Repository/V2/TT-363/Page_Meeting/Edit_Meeting/Page_Edit Meeting/input__meeting title' is clickable
	at com.kms.katalon.core.webui.keyword.internal.WebUIKeywordMain.stepFailed(WebUIKeywordMain.groovy:64)
	at com.kms.katalon.core.webui.keyword.builtin.VerifyElementNotClickableKeyword$_verifyElementNotClickable_closure1.doCall(VerifyElementNotClickableKeyword.groovy:80)
	at com.kms.katalon.core.webui.keyword.builtin.VerifyElementNotClickableKeyword$_verifyElementNotClickable_closure1.call(VerifyElementNotClickableKeyword.groovy)
	at com.kms.katalon.core.webui.keyword.internal.WebUIKeywordMain.runKeyword(WebUIKeywordMain.groovy:20)
	... 19 more
)
[[ATTACHMENT|C:\\Users\\Aaron-PC\\git\\TractionTools\\Reports\\20200923_232149\\V2\\Tests\\TT-363 - Meeting List\\TT-363_TestSuite\\20200923_232149\\1600876773081.png]]]]></system-out>
         <system-err><![CDATA[2020-09-23 23:54:55 - [TEST_CASE][FAILED] - Test Cases/V2/Test Case/Tests/TT-363 - Meeting List/Positive/TT_363_6_EditMeetingBasicInformation_AllTestCase: Test Cases/V2/Test Case/Tests/TT-363 - Meeting List/Positive/TT_363_6_EditMeetingBasicInformation_AllTestCase FAILED.
Reason:
com.kms.katalon.core.exception.StepFailedException: Unable to verify object 'Object Repository/V2/TT-363/Page_Meeting/Edit_Meeting/Page_Edit Meeting/input__meeting title' to be NOT clickable
	at com.kms.katalon.core.webui.keyword.internal.WebUIKeywordMain.stepFailed(WebUIKeywordMain.groovy:64)
	at com.kms.katalon.core.webui.keyword.internal.WebUIKeywordMain.runKeyword(WebUIKeywordMain.groovy:26)
	at com.kms.katalon.core.webui.keyword.builtin.VerifyElementNotClickableKeyword.verifyElementNotClickable(VerifyElementNotClickableKeyword.groovy:96)
	at com.kms.katalon.core.webui.keyword.builtin.VerifyElementNotClickableKeyword.execute(VerifyElementNotClickableKeyword.groovy:67)
	at com.kms.katalon.core.keyword.internal.KeywordExecutor.executeKeywordForPlatform(KeywordExecutor.groovy:73)
	at com.kms.katalon.core.webui.keyword.WebUiBuiltInKeywords.verifyElementNotClickable(WebUiBuiltInKeywords.groovy:577)
	at com.kms.katalon.core.webui.keyword.WebUiBuiltInKeywords$verifyElementNotClickable$15.call(Unknown Source)
	at TT_363_6_EditMeetingBasicInformation_AllTestCase.run(TT_363_6_EditMeetingBasicInformation_AllTestCase:109)
	at com.kms.katalon.core.main.ScriptEngine.run(ScriptEngine.java:194)
	at com.kms.katalon.core.main.ScriptEngine.runScriptAsRawText(ScriptEngine.java:119)
	at com.kms.katalon.core.main.TestCaseExecutor.runScript(TestCaseExecutor.java:339)
	at com.kms.katalon.core.main.TestCaseExecutor.doExecute(TestCaseExecutor.java:330)
	at com.kms.katalon.core.main.TestCaseExecutor.processExecutionPhase(TestCaseExecutor.java:309)
	at com.kms.katalon.core.main.TestCaseExecutor.accessMainPhase(TestCaseExecutor.java:301)
	at com.kms.katalon.core.main.TestCaseExecutor.execute(TestCaseExecutor.java:235)
	at com.kms.katalon.core.main.TestSuiteExecutor.accessTestCaseMainPhase(TestSuiteExecutor.java:191)
	at com.kms.katalon.core.main.TestSuiteExecutor.accessTestSuiteMainPhase(TestSuiteExecutor.java:141)
	at com.kms.katalon.core.main.TestSuiteExecutor.execute(TestSuiteExecutor.java:90)
	at com.kms.katalon.core.main.TestCaseMain.startTestSuite(TestCaseMain.java:157)
	at com.kms.katalon.core.main.TestCaseMain$startTestSuite$0.call(Unknown Source)
	at TempTestSuite1600874509971.run(TempTestSuite1600874509971.groovy:39)
Caused by: com.kms.katalon.core.exception.StepFailedException: Object 'Object Repository/V2/TT-363/Page_Meeting/Edit_Meeting/Page_Edit Meeting/input__meeting title' is clickable
	at com.kms.katalon.core.webui.keyword.internal.WebUIKeywordMain.stepFailed(WebUIKeywordMain.groovy:64)
	at com.kms.katalon.core.webui.keyword.builtin.VerifyElementNotClickableKeyword$_verifyElementNotClickable_closure1.doCall(VerifyElementNotClickableKeyword.groovy:80)
	at com.kms.katalon.core.webui.keyword.builtin.VerifyElementNotClickableKeyword$_verifyElementNotClickable_closure1.call(VerifyElementNotClickableKeyword.groovy)
	at com.kms.katalon.core.webui.keyword.internal.WebUIKeywordMain.runKeyword(WebUIKeywordMain.groovy:20)
	... 19 more]]></system-err>
      </testcase>
      <testcase name="Test Cases/V2/Test Case/Tests/TT-363 - Meeting List/Positive/TT_363_7_EditMeetingVideoConference_AllTestCase" time="280.983" classname="Test Cases/V2/Test Case/Tests/TT-363 - Meeting List/Positive/TT_363_7_EditMeetingVideoConference_AllTestCase" status="FAILED">
         <failure type="FAILED" message="Test Cases/V2/Test Case/Tests/TT-363 - Meeting List/Positive/TT_363_7_EditMeetingVideoConference_AllTestCase FAILED.
Reason:
com.kms.katalon.core.exception.StepFailedException: Unable to get attribute 'disabled' of object 'Object Repository/V2/TT-363/AllTestCase/editMeeting_Disabled_VC'
	at com.kms.katalon.core.webui.keyword.internal.WebUIKeywordMain.stepFailed(WebUIKeywordMain.groovy:64)
	at com.kms.katalon.core.webui.keyword.internal.WebUIKeywordMain.runKeyword(WebUIKeywordMain.groovy:26)
	at com.kms.katalon.core.webui.keyword.builtin.GetAttributeKeyword.getAttribute(GetAttributeKeyword.groovy:93)
	at com.kms.katalon.core.webui.keyword.builtin.GetAttributeKeyword.execute(GetAttributeKeyword.groovy:68)
	at com.kms.katalon.core.keyword.internal.KeywordExecutor.executeKeywordForPlatform(KeywordExecutor.groovy:73)
	at com.kms.katalon.core.webui.keyword.WebUiBuiltInKeywords.getAttribute(WebUiBuiltInKeywords.groovy:947)
	at com.kms.katalon.core.webui.keyword.WebUiBuiltInKeywords$getAttribute$3.call(Unknown Source)
	at TT_363_7_EditMeetingVideoConference_AllTestCase.run(TT_363_7_EditMeetingVideoConference_AllTestCase:109)
	at com.kms.katalon.core.main.ScriptEngine.run(ScriptEngine.java:194)
	at com.kms.katalon.core.main.ScriptEngine.runScriptAsRawText(ScriptEngine.java:119)
	at com.kms.katalon.core.main.TestCaseExecutor.runScript(TestCaseExecutor.java:339)
	at com.kms.katalon.core.main.TestCaseExecutor.doExecute(TestCaseExecutor.java:330)
	at com.kms.katalon.core.main.TestCaseExecutor.processExecutionPhase(TestCaseExecutor.java:309)
	at com.kms.katalon.core.main.TestCaseExecutor.accessMainPhase(TestCaseExecutor.java:301)
	at com.kms.katalon.core.main.TestCaseExecutor.execute(TestCaseExecutor.java:235)
	at com.kms.katalon.core.main.TestSuiteExecutor.accessTestCaseMainPhase(TestSuiteExecutor.java:191)
	at com.kms.katalon.core.main.TestSuiteExecutor.accessTestSuiteMainPhase(TestSuiteExecutor.java:141)
	at com.kms.katalon.core.main.TestSuiteExecutor.execute(TestSuiteExecutor.java:90)
	at com.kms.katalon.core.main.TestCaseMain.startTestSuite(TestCaseMain.java:157)
	at com.kms.katalon.core.main.TestCaseMain$startTestSuite$0.call(Unknown Source)
	at TempTestSuite1600874509971.run(TempTestSuite1600874509971.groovy:39)
Caused by: com.kms.katalon.core.webui.exception.WebElementNotFoundException: Web element with id: 'Object Repository/V2/TT-363/AllTestCase/editMeeting_Disabled_VC' located by '//input[@id='meetingLink']/parent::div' not found
	at com.kms.katalon.core.webui.common.WebUiCommonHelper.findWebElement(WebUiCommonHelper.java:1368)
	at com.kms.katalon.core.webui.keyword.internal.WebUIAbstractKeyword.findWebElement(WebUIAbstractKeyword.groovy:27)
	at com.kms.katalon.core.webui.keyword.internal.WebUIAbstractKeyword.findWebElement(WebUIAbstractKeyword.groovy:26)
	at com.kms.katalon.core.webui.keyword.builtin.GetAttributeKeyword$_getAttribute_closure1.doCall(GetAttributeKeyword.groovy:83)
	at com.kms.katalon.core.webui.keyword.builtin.GetAttributeKeyword$_getAttribute_closure1.call(GetAttributeKeyword.groovy)
	at com.kms.katalon.core.webui.keyword.internal.WebUIKeywordMain.runKeyword(WebUIKeywordMain.groovy:20)
	... 19 more
"/>
         <system-out><![CDATA[2020-09-23 23:59:33 - [TEST_CASE][FAILED] - Test Cases/V2/Test Case/Tests/TT-363 - Meeting List/Positive/TT_363_7_EditMeetingVideoConference_AllTestCase: Test Cases/V2/Test Case/Tests/TT-363 - Meeting List/Positive/TT_363_7_EditMeetingVideoConference_AllTestCase FAILED.
Reason:
com.kms.katalon.core.exception.StepFailedException: Unable to get attribute 'disabled' of object 'Object Repository/V2/TT-363/AllTestCase/editMeeting_Disabled_VC'
	at com.kms.katalon.core.webui.keyword.internal.WebUIKeywordMain.stepFailed(WebUIKeywordMain.groovy:64)
	at com.kms.katalon.core.webui.keyword.internal.WebUIKeywordMain.runKeyword(WebUIKeywordMain.groovy:26)
	at com.kms.katalon.core.webui.keyword.builtin.GetAttributeKeyword.getAttribute(GetAttributeKeyword.groovy:93)
	at com.kms.katalon.core.webui.keyword.builtin.GetAttributeKeyword.execute(GetAttributeKeyword.groovy:68)
	at com.kms.katalon.core.keyword.internal.KeywordExecutor.executeKeywordForPlatform(KeywordExecutor.groovy:73)
	at com.kms.katalon.core.webui.keyword.WebUiBuiltInKeywords.getAttribute(WebUiBuiltInKeywords.groovy:947)
	at com.kms.katalon.core.webui.keyword.WebUiBuiltInKeywords$getAttribute$3.call(Unknown Source)
	at TT_363_7_EditMeetingVideoConference_AllTestCase.run(TT_363_7_EditMeetingVideoConference_AllTestCase:109)
	at com.kms.katalon.core.main.ScriptEngine.run(ScriptEngine.java:194)
	at com.kms.katalon.core.main.ScriptEngine.runScriptAsRawText(ScriptEngine.java:119)
	at com.kms.katalon.core.main.TestCaseExecutor.runScript(TestCaseExecutor.java:339)
	at com.kms.katalon.core.main.TestCaseExecutor.doExecute(TestCaseExecutor.java:330)
	at com.kms.katalon.core.main.TestCaseExecutor.processExecutionPhase(TestCaseExecutor.java:309)
	at com.kms.katalon.core.main.TestCaseExecutor.accessMainPhase(TestCaseExecutor.java:301)
	at com.kms.katalon.core.main.TestCaseExecutor.execute(TestCaseExecutor.java:235)
	at com.kms.katalon.core.main.TestSuiteExecutor.accessTestCaseMainPhase(TestSuiteExecutor.java:191)
	at com.kms.katalon.core.main.TestSuiteExecutor.accessTestSuiteMainPhase(TestSuiteExecutor.java:141)
	at com.kms.katalon.core.main.TestSuiteExecutor.execute(TestSuiteExecutor.java:90)
	at com.kms.katalon.core.main.TestCaseMain.startTestSuite(TestCaseMain.java:157)
	at com.kms.katalon.core.main.TestCaseMain$startTestSuite$0.call(Unknown Source)
	at TempTestSuite1600874509971.run(TempTestSuite1600874509971.groovy:39)
Caused by: com.kms.katalon.core.webui.exception.WebElementNotFoundException: Web element with id: 'Object Repository/V2/TT-363/AllTestCase/editMeeting_Disabled_VC' located by '//input[@id='meetingLink']/parent::div' not found
	at com.kms.katalon.core.webui.common.WebUiCommonHelper.findWebElement(WebUiCommonHelper.java:1368)
	at com.kms.katalon.core.webui.keyword.internal.WebUIAbstractKeyword.findWebElement(WebUIAbstractKeyword.groovy:27)
	at com.kms.katalon.core.webui.keyword.internal.WebUIAbstractKeyword.findWebElement(WebUIAbstractKeyword.groovy:26)
	at com.kms.katalon.core.webui.keyword.builtin.GetAttributeKeyword$_getAttribute_closure1.doCall(GetAttributeKeyword.groovy:83)
	at com.kms.katalon.core.webui.keyword.builtin.GetAttributeKeyword$_getAttribute_closure1.call(GetAttributeKeyword.groovy)
	at com.kms.katalon.core.webui.keyword.internal.WebUIKeywordMain.runKeyword(WebUIKeywordMain.groovy:20)
	... 19 more


2020-09-23 23:59:33 - [TEST_STEP][PASSED] - callTestCase(findTestCase("V2/Test Case/Pre-conditions/PRE_RegisterAndActivateTTUsers"), ["admin_fname":admin_fname, "lastname":lastname, "phonenumber":"9999999999", "company":"Traction Tools", "password":password, ... ], STOP_ON_FAILURE): Call Test Case 'Test Cases/V2/Test Case/Pre-conditions/PRE_RegisterAndActivateTTUsers' successfully

2020-09-23 23:59:33 - [TEST_CASE][PASSED] - Test Cases/V2/Test Case/Pre-conditions/PRE_RegisterAndActivateTTUsers: Test Cases/V2/Test Case/Pre-conditions/PRE_RegisterAndActivateTTUsers

2020-09-23 23:59:33 - [TEST_STEP][PASSED] - email = tt_CustomKeywords.CustomKeywords.GenerateRandomEmailAddress(admin_email_prefix, admin_email_domain, randomTextLength): Successfully generated a random email: tractiontools.user001+ta5uoxoc@gmail.com

2020-09-23 23:59:33 - [MESSAGE][PASSED] - Successfully generated a random email: tractiontools.user001+ta5uoxoc@gmail.com

2020-09-23 23:59:33 - [TEST_STEP][PASSED] - supervisor_email = tt_CustomKeywords.CustomKeywords.GenerateRandomEmailAddress(supervisor_email_prefix, supervisor_email_domain, randomTextLength): Successfully generated a random email: tractiontools.user001+ts5jbii9@gmail.com

2020-09-23 23:59:33 - [MESSAGE][PASSED] - Successfully generated a random email: tractiontools.user001+ts5jbii9@gmail.com

2020-09-23 23:59:33 - [TEST_STEP][PASSED] - employee_email = tt_CustomKeywords.CustomKeywords.GenerateRandomEmailAddress(employee_email_prefix, employee_email_domain, randomTextLength): Successfully generated a random email: tractiontools.user001+te5u3ydi@gmail.com

2020-09-23 23:59:33 - [MESSAGE][PASSED] - Successfully generated a random email: tractiontools.user001+te5u3ydi@gmail.com

2020-09-23 23:59:33 - [TEST_STEP][PASSED] - adminDetails = tt_CustomKeywords.CustomKeywords.RegisterUserViaAPIAndGenerateActivateURL(email, admin_fname, lastname, phonenumber, company, "__JSON__{\"howDidYouHearAboutUs\":\"Facebook\",\"implementer\":\"\",\"existingTractionToolsClient\":\"\",\"other\":\"\"}", "__JSON__{\"timeZone\":\"America/Guatemala\",\"brandColor\":\"#023047\",\"q1Start\":null,\"q1End\":null,\"q2Start\":null,\"q2End\":null,\"q3Start\":null,\"q3End\":null,\"q4Start\":null,\"q4End\":null,\"quarterDatesSetsRocks\":false,\"exportUsers\":false,\"exportRocks\":false,\"exportRocksIncludesMilestones\":false,\"exportScorecards\":false,\"exportTodos\":false,\"exportTodosIncludesNotes\":false,\"exportPeopleHeadlines\":false,\"exportPeopleHeadlinesIncludesNotes\":false,\"exportIssues\":false,\"exportIssuesIncludesNotes\":false,\"exportContextAwareTodos\":false,\"dateFormat\":\"MM/DD/YYYY\",\"timeFormat\":\"h:mma\",\"numberFormat\":\"-1,000.99\",\"supervisorsArchiveRestoreUsers\":false,\"supervisorsEditPositions\":false,\"milestonesAvailableToAll\":false,\"customMeetingTemplatesEnabled\":false,\"receiveTodoReminders\":false,\"todoReminderTime\":\"13:00\",\"todoReminderTimeZone\":\"America/Guatemala\",\"todoReminderFrequency\":\"DAILY\",\"vtoMeetingId\":\"\",\"vtoDisplayMode\":\"ALL\",\"coreValues\":[{\"id\":\"1\",\"text\":\"\"},{\"id\":\"2\",\"text\":\"\"},{\"id\":\"3\",\"text\":\"\"}]}", password, V2Url): SUCCESFFULLY registered a new user via API. 
 Generated Activation Link: 
http://local.traction.tools:5000/activate?activationKey=6c4a9ecf-5961-4fe0-9ede-bae1acd67f07&userId=12ba5dd8-8436-e168-c683-0257c8a8e3d0&orgId=aeba5dd8-829c-0e52-aee6-1e779164688c&email=tractiontools.user001+ta5uoxoc@gmail.com&teamsId=0eba5dd8-82d8-615d-72f9-ff3258234155&meetingsId=d6ba5dd8-82c8-85e2-e926-5ef446ed0999&adminsId=1aba5dd8-84fd-43d9-45b6-4910d33287cd&usersId=b6ba5dd8-82e8-97dc-6dd9-f5c4e3608b9c&supervisorsId=86ba5dd8-82b9-682a-c3d0-8f98cb5f0417&accountabilityChartId=dcba5dd8-8307-8101-4765-a03c2a9a532b&isCreator=1

2020-09-23 23:59:38 - [MESSAGE][PASSED] - SUCCESFFULLY registered a new user via API. 
 Generated Activation Link: 
http://local.traction.tools:5000/activate?activationKey=6c4a9ecf-5961-4fe0-9ede-bae1acd67f07&userId=12ba5dd8-8436-e168-c683-0257c8a8e3d0&orgId=aeba5dd8-829c-0e52-aee6-1e779164688c&email=tractiontools.user001+ta5uoxoc@gmail.com&teamsId=0eba5dd8-82d8-615d-72f9-ff3258234155&meetingsId=d6ba5dd8-82c8-85e2-e926-5ef446ed0999&adminsId=1aba5dd8-84fd-43d9-45b6-4910d33287cd&usersId=b6ba5dd8-82e8-97dc-6dd9-f5c4e3608b9c&supervisorsId=86ba5dd8-82b9-682a-c3d0-8f98cb5f0417&accountabilityChartId=dcba5dd8-8307-8101-4765-a03c2a9a532b&isCreator=1

2020-09-23 23:59:38 - [TEST_STEP][PASSED] - activationURL = adminDetails[0]: null

2020-09-23 23:59:38 - [TEST_STEP][PASSED] - orgID = adminDetails[1]: null

2020-09-23 23:59:38 - [TEST_STEP][PASSED] - out.println("URL: " + activationURL): null

2020-09-23 23:59:38 - [TEST_STEP][PASSED] - out.println("orgID: " + orgID): null

2020-09-23 23:59:38 - [TEST_STEP][PASSED] - supervisorUser_name = supervisor_fname + " " + lastname: null

2020-09-23 23:59:38 - [TEST_STEP][PASSED] - openBrowser(""): Browser is opened with url: ''

2020-09-23 23:59:38 - [MESSAGE][WARNING] - A browser is already opened. Closing browser and opening a new one

2020-09-23 23:59:39 - [MESSAGE][INFO] - Starting 'Chrome' driver

2020-09-23 23:59:39 - [MESSAGE][INFO] - Action delay is set to 0 milliseconds

2020-09-23 23:59:42 - [MESSAGE][PASSED] - Browser is opened with url: ''

2020-09-23 23:59:42 - [TEST_STEP][PASSED] - maximizeWindow(): Current window maximized

2020-09-23 23:59:44 - [MESSAGE][PASSED] - Current window maximized

2020-09-23 23:59:44 - [TEST_STEP][PASSED] - callTestCase(findTestCase("V2/Test Case/Pre-conditions/PRE_ActivateNewUser"), ["activationURL":activationURL, "email":email, "password":password], STOP_ON_FAILURE): Call Test Case 'Test Cases/V2/Test Case/Pre-conditions/PRE_ActivateNewUser' successfully

2020-09-23 23:59:44 - [TEST_CASE][PASSED] - Test Cases/V2/Test Case/Pre-conditions/PRE_ActivateNewUser: Test Cases/V2/Test Case/Pre-conditions/PRE_ActivateNewUser

2020-09-23 23:59:44 - [TEST_STEP][PASSED] - navigateToUrl(activationURL): Navigate to 'http://local.traction.tools:5000/activate?activationKey=6c4a9ecf-5961-4fe0-9ede-bae1acd67f07&userId=12ba5dd8-8436-e168-c683-0257c8a8e3d0&orgId=aeba5dd8-829c-0e52-aee6-1e779164688c&email=tractiontools.user001+ta5uoxoc@gmail.com&teamsId=0eba5dd8-82d8-615d-72f9-ff3258234155&meetingsId=d6ba5dd8-82c8-85e2-e926-5ef446ed0999&adminsId=1aba5dd8-84fd-43d9-45b6-4910d33287cd&usersId=b6ba5dd8-82e8-97dc-6dd9-f5c4e3608b9c&supervisorsId=86ba5dd8-82b9-682a-c3d0-8f98cb5f0417&accountabilityChartId=dcba5dd8-8307-8101-4765-a03c2a9a532b&isCreator=1' successfully

2020-09-23 23:59:45 - [MESSAGE][PASSED] - Navigate to 'http://local.traction.tools:5000/activate?activationKey=6c4a9ecf-5961-4fe0-9ede-bae1acd67f07&userId=12ba5dd8-8436-e168-c683-0257c8a8e3d0&orgId=aeba5dd8-829c-0e52-aee6-1e779164688c&email=tractiontools.user001+ta5uoxoc@gmail.com&teamsId=0eba5dd8-82d8-615d-72f9-ff3258234155&meetingsId=d6ba5dd8-82c8-85e2-e926-5ef446ed0999&adminsId=1aba5dd8-84fd-43d9-45b6-4910d33287cd&usersId=b6ba5dd8-82e8-97dc-6dd9-f5c4e3608b9c&supervisorsId=86ba5dd8-82b9-682a-c3d0-8f98cb5f0417&accountabilityChartId=dcba5dd8-8307-8101-4765-a03c2a9a532b&isCreator=1' successfully

2020-09-23 23:59:45 - [TEST_STEP][PASSED] - waitForElementVisible(findTestObject("V2/Commons/ActivationPage/input_Email_email"), DefaultTimeout): Object 'Object Repository/V2/Commons/ActivationPage/input_Email_email' is visible

2020-09-23 23:59:47 - [MESSAGE][PASSED] - Object 'Object Repository/V2/Commons/ActivationPage/input_Email_email' is visible

2020-09-23 23:59:47 - [TEST_STEP][PASSED] - actual_email = getAttribute(findTestObject("Object Repository/V2/Commons/ActivationPage/input_Email_email"), "value"): Attribute 'value' of object 'Object Repository/V2/Commons/ActivationPage/input_Email_email' is: 'tractiontools.user001+ta5uoxoc@gmail.com'

2020-09-23 23:59:48 - [MESSAGE][PASSED] - Attribute 'value' of object 'Object Repository/V2/Commons/ActivationPage/input_Email_email' is: 'tractiontools.user001+ta5uoxoc@gmail.com'

2020-09-23 23:59:48 - [TEST_STEP][PASSED] - verifyMatch(actual_email, email, false): Actual text 'tractiontools.user001+ta5uoxoc@gmail.com' and expected text 'tractiontools.user001+ta5uoxoc@gmail.com' are matched 

2020-09-23 23:59:48 - [MESSAGE][PASSED] - Actual text 'tractiontools.user001+ta5uoxoc@gmail.com' and expected text 'tractiontools.user001+ta5uoxoc@gmail.com' are matched 

2020-09-23 23:59:48 - [TEST_STEP][PASSED] - setText(findTestObject("V2/Commons/ActivationPage/input_password"), password): Text 'Qwer123!' is set on object 'Object Repository/V2/Commons/ActivationPage/input_password'

2020-09-23 23:59:48 - [MESSAGE][PASSED] - Text 'Qwer123!' is set on object 'Object Repository/V2/Commons/ActivationPage/input_password'

2020-09-23 23:59:48 - [TEST_STEP][PASSED] - setText(findTestObject("Object Repository/V2/Commons/ActivationPage/input__passwordRepeat"), password): Text 'Qwer123!' is set on object 'Object Repository/V2/Commons/ActivationPage/input__passwordRepeat'

2020-09-23 23:59:49 - [MESSAGE][PASSED] - Text 'Qwer123!' is set on object 'Object Repository/V2/Commons/ActivationPage/input__passwordRepeat'

2020-09-23 23:59:49 - [TEST_STEP][PASSED] - click(findTestObject("V2/Commons/ActivationPage/input_termsandconditions")): Object: 'Object Repository/V2/Commons/ActivationPage/input_termsandconditions' is clicked on

2020-09-23 23:59:50 - [MESSAGE][PASSED] - Object: 'Object Repository/V2/Commons/ActivationPage/input_termsandconditions' is clicked on

2020-09-23 23:59:50 - [TEST_STEP][PASSED] - click(findTestObject("Object Repository/V2/Commons/ActivationPage/div_Create account")): Object: 'Object Repository/V2/Commons/ActivationPage/div_Create account' is clicked on

2020-09-23 23:59:50 - [MESSAGE][PASSED] - Object: 'Object Repository/V2/Commons/ActivationPage/div_Create account' is clicked on

2020-09-23 23:59:50 - [TEST_STEP][PASSED] - waitForElementPresent(findTestObject("V2/Commons/DasboardPage_SidebarMenu/img_Home_logo-big"), DefaultTimeout): Object 'Object Repository/V2/Commons/DasboardPage_SidebarMenu/img_Home_logo-big' is present

2020-09-23 23:59:55 - [MESSAGE][PASSED] - Object 'Object Repository/V2/Commons/DasboardPage_SidebarMenu/img_Home_logo-big' is present

2020-09-23 23:59:55 - [TEST_STEP][PASSED] - verifyElementPresent(findTestObject("V2/Commons/DasboardPage_SidebarMenu/img_Home_logo-big"), 0): Object 'Object Repository/V2/Commons/DasboardPage_SidebarMenu/img_Home_logo-big' is present

2020-09-23 23:59:55 - [MESSAGE][WARNING] - Timeout '0' is invalid. Using default page load timeout: '30'

2020-09-23 23:59:55 - [MESSAGE][PASSED] - Object 'Object Repository/V2/Commons/DasboardPage_SidebarMenu/img_Home_logo-big' is present

2020-09-23 23:59:55 - [MESSAGE][PASSED] - Call Test Case 'Test Cases/V2/Test Case/Pre-conditions/PRE_ActivateNewUser' successfully

2020-09-23 23:59:55 - [TEST_STEP][PASSED] - callTestCase(findTestCase("V2/Test Case/Pre-conditions/PRE_SkipCompanyAndPersonalProfileSetup"), [:], STOP_ON_FAILURE): Call Test Case 'Test Cases/V2/Test Case/Pre-conditions/PRE_SkipCompanyAndPersonalProfileSetup' successfully

2020-09-23 23:59:56 - [TEST_CASE][PASSED] - Test Cases/V2/Test Case/Pre-conditions/PRE_SkipCompanyAndPersonalProfileSetup: Test Cases/V2/Test Case/Pre-conditions/PRE_SkipCompanyAndPersonalProfileSetup

2020-09-23 23:59:56 - [TEST_STEP][PASSED] - waitForElementVisible(findTestObject("V2/Commons/FirstUpdateCompanyAndPersonalInfoModal/confirmCompanyInfoHeader_h1"), DefaultTimeout): Object 'Object Repository/V2/Commons/FirstUpdateCompanyAndPersonalInfoModal/confirmCompanyInfoHeader_h1' is visible

2020-09-23 23:59:56 - [MESSAGE][PASSED] - Object 'Object Repository/V2/Commons/FirstUpdateCompanyAndPersonalInfoModal/confirmCompanyInfoHeader_h1' is visible

2020-09-23 23:59:56 - [TEST_STEP][PASSED] - click(findTestObject("V2/Commons/FirstUpdateCompanyAndPersonalInfoModal/confirmInfoSkip_button")): Object: 'Object Repository/V2/Commons/FirstUpdateCompanyAndPersonalInfoModal/confirmInfoSkip_button' is clicked on

2020-09-23 23:59:56 - [MESSAGE][PASSED] - Object: 'Object Repository/V2/Commons/FirstUpdateCompanyAndPersonalInfoModal/confirmInfoSkip_button' is clicked on

2020-09-23 23:59:56 - [TEST_STEP][PASSED] - waitForElementVisible(findTestObject("V2/Commons/FirstUpdateCompanyAndPersonalInfoModal/confirmPersonalInfoHeader_h1"), DefaultTimeout): Object 'Object Repository/V2/Commons/FirstUpdateCompanyAndPersonalInfoModal/confirmPersonalInfoHeader_h1' is visible

2020-09-23 23:59:57 - [MESSAGE][PASSED] - Object 'Object Repository/V2/Commons/FirstUpdateCompanyAndPersonalInfoModal/confirmPersonalInfoHeader_h1' is visible

2020-09-23 23:59:57 - [TEST_STEP][PASSED] - click(findTestObject("V2/Commons/FirstUpdateCompanyAndPersonalInfoModal/confirmInfoSkip_button")): Object: 'Object Repository/V2/Commons/FirstUpdateCompanyAndPersonalInfoModal/confirmInfoSkip_button' is clicked on

2020-09-23 23:59:57 - [MESSAGE][PASSED] - Object: 'Object Repository/V2/Commons/FirstUpdateCompanyAndPersonalInfoModal/confirmInfoSkip_button' is clicked on

2020-09-23 23:59:57 - [TEST_STEP][PASSED] - waitForElementVisible(findTestObject("V2/Commons/FirstUpdateCompanyAndPersonalInfoModal/letsGetStarted_button"), DefaultTimeout): Object 'Object Repository/V2/Commons/FirstUpdateCompanyAndPersonalInfoModal/letsGetStarted_button' is visible

2020-09-23 23:59:58 - [MESSAGE][PASSED] - Object 'Object Repository/V2/Commons/FirstUpdateCompanyAndPersonalInfoModal/letsGetStarted_button' is visible

2020-09-23 23:59:58 - [TEST_STEP][PASSED] - click(findTestObject("V2/Commons/FirstUpdateCompanyAndPersonalInfoModal/letsGetStarted_button")): Object: 'Object Repository/V2/Commons/FirstUpdateCompanyAndPersonalInfoModal/letsGetStarted_button' is clicked on

2020-09-23 23:59:58 - [MESSAGE][PASSED] - Object: 'Object Repository/V2/Commons/FirstUpdateCompanyAndPersonalInfoModal/letsGetStarted_button' is clicked on

2020-09-23 23:59:58 - [MESSAGE][PASSED] - Call Test Case 'Test Cases/V2/Test Case/Pre-conditions/PRE_SkipCompanyAndPersonalProfileSetup' successfully

2020-09-23 23:59:58 - [TEST_STEP][PASSED] - supervisor_activationURL = tt_CustomKeywords.CustomKeywords.RegisterAndActivateSupervisorUserViaAPI(V2Url, orgID, supervisor_email, password, email, password, supervisor_fname, lastname): SUCCESFFULLY registered a new user via API. 
 Generated Activation Link: 
http://local.traction.tools:5000/activate?activationKey=6a137de6-ed1c-43ab-a4b8-5a361a646924&userId=d2ba5dd8-b062-1506-f3e6-7ff287802e05&orgId=aeba5dd8-829c-0e52-aee6-1e779164688c&email=tractiontools.user001+ts5jbii9@gmail.com&isCreator=0

2020-09-24 00:00:00 - [MESSAGE][PASSED] - SUCCESFFULLY registered a new user via API. 
 Generated Activation Link: 
http://local.traction.tools:5000/activate?activationKey=6a137de6-ed1c-43ab-a4b8-5a361a646924&userId=d2ba5dd8-b062-1506-f3e6-7ff287802e05&orgId=aeba5dd8-829c-0e52-aee6-1e779164688c&email=tractiontools.user001+ts5jbii9@gmail.com&isCreator=0

2020-09-24 00:00:00 - [TEST_STEP][PASSED] - callTestCase(findTestCase("V2/Test Case/Pre-conditions/PRE_ChangeUserPermissionViaManageUser"), ["showMenuItemsPath":"//div[@class='usercard__detail_container']/div[text()='%s']/ancestor::div[contains(@class,'usercard__content')]//button[@aria-label='Show Menu Items']", "user_email":supervisor_email, ... ], STOP_ON_FAILURE): Call Test Case 'Test Cases/V2/Test Case/Pre-conditions/PRE_ChangeUserPermissionViaManageUser' successfully

2020-09-24 00:00:00 - [TEST_CASE][PASSED] - Test Cases/V2/Test Case/Pre-conditions/PRE_ChangeUserPermissionViaManageUser: Test Cases/V2/Test Case/Pre-conditions/PRE_ChangeUserPermissionViaManageUser

2020-09-24 00:00:00 - [TEST_STEP][PASSED] - click(findTestObject("Object Repository/V2/Commons/ManageUsersPage/span_Company Settings")): Object: 'Object Repository/V2/Commons/ManageUsersPage/span_Company Settings' is clicked on

2020-09-24 00:00:00 - [MESSAGE][PASSED] - Object: 'Object Repository/V2/Commons/ManageUsersPage/span_Company Settings' is clicked on

2020-09-24 00:00:00 - [TEST_STEP][PASSED] - click(findTestObject("V2/Commons/DasboardPage_SidebarMenu/a_Manage Users")): Object: 'Object Repository/V2/Commons/DasboardPage_SidebarMenu/a_Manage Users' is clicked on

2020-09-24 00:00:01 - [MESSAGE][PASSED] - Object: 'Object Repository/V2/Commons/DasboardPage_SidebarMenu/a_Manage Users' is clicked on

2020-09-24 00:00:01 - [TEST_STEP][PASSED] - showMenuItemsObj = tt_CustomKeywords.CustomKeywords.CreateDynamicElement(showMenuItemsPath, user_email, "xpath"): Successfully created new dynamic object: //div[@class='usercard__detail_container']/div[text()='tractiontools.user001+ts5jbii9@gmail.com']/ancestor::div[contains(@class,'usercard__content')]//button[@aria-label='Show Menu Items']

2020-09-24 00:00:01 - [MESSAGE][PASSED] - Successfully created new dynamic object: //div[@class='usercard__detail_container']/div[text()='tractiontools.user001+ts5jbii9@gmail.com']/ancestor::div[contains(@class,'usercard__content')]//button[@aria-label='Show Menu Items']

2020-09-24 00:00:01 - [TEST_STEP][PASSED] - click(showMenuItemsObj): Object: '' is clicked on

2020-09-24 00:00:01 - [MESSAGE][PASSED] - Object: '' is clicked on

2020-09-24 00:00:01 - [TEST_STEP][PASSED] - click(findTestObject("Object Repository/V2/Commons/ManageUsersPage/div_Edit user")): Object: 'Object Repository/V2/Commons/ManageUsersPage/div_Edit user' is clicked on

2020-09-24 00:00:02 - [MESSAGE][PASSED] - Object: 'Object Repository/V2/Commons/ManageUsersPage/div_Edit user' is clicked on

2020-09-24 00:00:02 - [TEST_STEP][PASSED] - verifyElementPresent(findTestObject("V2/Commons/ManageUsersPage/div_PositionTitle"), DefaultTimeout): Object 'Object Repository/V2/Commons/ManageUsersPage/div_PositionTitle' is present

2020-09-24 00:00:02 - [MESSAGE][PASSED] - Object 'Object Repository/V2/Commons/ManageUsersPage/div_PositionTitle' is present

2020-09-24 00:00:02 - [TEST_STEP][PASSED] - setText(findTestObject("V2/Commons/ManageUsersPage/position_title_input"), position_title): Text 'QA Manager' is set on object 'Object Repository/V2/Commons/ManageUsersPage/position_title_input'

2020-09-24 00:00:03 - [MESSAGE][PASSED] - Text 'QA Manager' is set on object 'Object Repository/V2/Commons/ManageUsersPage/position_title_input'

2020-09-24 00:00:03 - [TEST_STEP][PASSED] - sendKeys(findTestObject("V2/Commons/ManageUsersPage/position_title_input"), Keys.chord(ENTER)): Keys 'ENTER + ' sent to object: 'Object Repository/V2/Commons/ManageUsersPage/position_title_input'

2020-09-24 00:00:03 - [MESSAGE][PASSED] - Keys 'ENTER + ' sent to object: 'Object Repository/V2/Commons/ManageUsersPage/position_title_input'

2020-09-24 00:00:03 - [TEST_STEP][PASSED] - if (permissionValue == "Employee"): null

2020-09-24 00:00:03 - [TEST_STEP][PASSED] - verifyElementPresent(findTestObject("Object Repository/V2/Commons/ManageUsersPage/div_User type"), DefaultTimeout): Object 'Object Repository/V2/Commons/ManageUsersPage/div_User type' is present

2020-09-24 00:00:04 - [MESSAGE][PASSED] - Object 'Object Repository/V2/Commons/ManageUsersPage/div_User type' is present

2020-09-24 00:00:04 - [TEST_STEP][PASSED] - click(findTestObject("Object Repository/V2/Commons/ManageUsersPage/input__orgRole")): Object: 'Object Repository/V2/Commons/ManageUsersPage/input__orgRole' is clicked on

2020-09-24 00:00:04 - [MESSAGE][PASSED] - Object: 'Object Repository/V2/Commons/ManageUsersPage/input__orgRole' is clicked on

2020-09-24 00:00:04 - [TEST_STEP][PASSED] - roleOptionObj = tt_CustomKeywords.CustomKeywords.CreateDynamicElement(roleOption, permissionValue, "xpath"): Successfully created new dynamic object: //span[text()='Supervisor']/parent::div[@role='option']

2020-09-24 00:00:04 - [MESSAGE][PASSED] - Successfully created new dynamic object: //span[text()='Supervisor']/parent::div[@role='option']

2020-09-24 00:00:04 - [TEST_STEP][PASSED] - click(roleOptionObj): Object: '' is clicked on

2020-09-24 00:00:05 - [MESSAGE][PASSED] - Object: '' is clicked on

2020-09-24 00:00:05 - [TEST_STEP][PASSED] - click(findTestObject("Object Repository/V2/Commons/ManageUsersPage/div_Save")): Object: 'Object Repository/V2/Commons/ManageUsersPage/div_Save' is clicked on

2020-09-24 00:00:05 - [MESSAGE][PASSED] - Object: 'Object Repository/V2/Commons/ManageUsersPage/div_Save' is clicked on

2020-09-24 00:00:05 - [TEST_STEP][PASSED] - waitForElementVisible(findTestObject("V2/Commons/ManageUsersPage/h3_User Saved"), DefaultTimeout): Object 'Object Repository/V2/Commons/ManageUsersPage/h3_User Saved' is visible

2020-09-24 00:00:08 - [MESSAGE][PASSED] - Object 'Object Repository/V2/Commons/ManageUsersPage/h3_User Saved' is visible

2020-09-24 00:00:08 - [TEST_STEP][PASSED] - verifyElementVisible(findTestObject("Object Repository/V2/Commons/ManageUsersPage/h3_User Saved")): Object 'Object Repository/V2/Commons/ManageUsersPage/h3_User Saved' is visible

2020-09-24 00:00:08 - [MESSAGE][PASSED] - Object 'Object Repository/V2/Commons/ManageUsersPage/h3_User Saved' is visible

2020-09-24 00:00:08 - [MESSAGE][PASSED] - Call Test Case 'Test Cases/V2/Test Case/Pre-conditions/PRE_ChangeUserPermissionViaManageUser' successfully

2020-09-24 00:00:08 - [TEST_STEP][PASSED] - employee_activationURL = tt_CustomKeywords.CustomKeywords.RegisterAndActivateSupervisorUserViaAPI(V2Url, orgID, employee_email, password, email, password, employee_fname, lastname): SUCCESFFULLY registered a new user via API. 
 Generated Activation Link: 
http://local.traction.tools:5000/activate?activationKey=9eaf58d9-3454-47de-b3c6-fb475ce53bbc&userId=14ba5dd8-c3cc-d5bc-e9c5-ffa2e6491127&orgId=aeba5dd8-829c-0e52-aee6-1e779164688c&email=tractiontools.user001+te5u3ydi@gmail.com&isCreator=0

2020-09-24 00:00:10 - [MESSAGE][PASSED] - SUCCESFFULLY registered a new user via API. 
 Generated Activation Link: 
http://local.traction.tools:5000/activate?activationKey=9eaf58d9-3454-47de-b3c6-fb475ce53bbc&userId=14ba5dd8-c3cc-d5bc-e9c5-ffa2e6491127&orgId=aeba5dd8-829c-0e52-aee6-1e779164688c&email=tractiontools.user001+te5u3ydi@gmail.com&isCreator=0

2020-09-24 00:00:10 - [TEST_STEP][PASSED] - callTestCase(findTestCase("V2/Test Case/Pre-conditions/PRE_ChangeUserPermissionViaManageUser"), ["showMenuItemsPath":"//div[@class='usercard__detail_container']/div[text()='%s']/ancestor::div[contains(@class,'usercard__content')]//button[@aria-label='Show Menu Items']", "user_email":employee_email, ... ], STOP_ON_FAILURE): Call Test Case 'Test Cases/V2/Test Case/Pre-conditions/PRE_ChangeUserPermissionViaManageUser' successfully

2020-09-24 00:00:10 - [TEST_CASE][PASSED] - Test Cases/V2/Test Case/Pre-conditions/PRE_ChangeUserPermissionViaManageUser: Test Cases/V2/Test Case/Pre-conditions/PRE_ChangeUserPermissionViaManageUser

2020-09-24 00:00:10 - [TEST_STEP][PASSED] - click(findTestObject("Object Repository/V2/Commons/ManageUsersPage/span_Company Settings")): Object: 'Object Repository/V2/Commons/ManageUsersPage/span_Company Settings' is clicked on

2020-09-24 00:00:10 - [MESSAGE][PASSED] - Object: 'Object Repository/V2/Commons/ManageUsersPage/span_Company Settings' is clicked on

2020-09-24 00:00:10 - [TEST_STEP][PASSED] - click(findTestObject("V2/Commons/DasboardPage_SidebarMenu/a_Manage Users")): Object: 'Object Repository/V2/Commons/DasboardPage_SidebarMenu/a_Manage Users' is clicked on

2020-09-24 00:00:10 - [MESSAGE][PASSED] - Object: 'Object Repository/V2/Commons/DasboardPage_SidebarMenu/a_Manage Users' is clicked on

2020-09-24 00:00:10 - [TEST_STEP][PASSED] - showMenuItemsObj = tt_CustomKeywords.CustomKeywords.CreateDynamicElement(showMenuItemsPath, user_email, "xpath"): Successfully created new dynamic object: //div[@class='usercard__detail_container']/div[text()='tractiontools.user001+te5u3ydi@gmail.com']/ancestor::div[contains(@class,'usercard__content')]//button[@aria-label='Show Menu Items']

2020-09-24 00:00:10 - [MESSAGE][PASSED] - Successfully created new dynamic object: //div[@class='usercard__detail_container']/div[text()='tractiontools.user001+te5u3ydi@gmail.com']/ancestor::div[contains(@class,'usercard__content')]//button[@aria-label='Show Menu Items']

2020-09-24 00:00:10 - [TEST_STEP][PASSED] - click(showMenuItemsObj): Object: '' is clicked on

2020-09-24 00:00:11 - [MESSAGE][PASSED] - Object: '' is clicked on

2020-09-24 00:00:11 - [TEST_STEP][PASSED] - click(findTestObject("Object Repository/V2/Commons/ManageUsersPage/div_Edit user")): Object: 'Object Repository/V2/Commons/ManageUsersPage/div_Edit user' is clicked on

2020-09-24 00:00:11 - [MESSAGE][PASSED] - Object: 'Object Repository/V2/Commons/ManageUsersPage/div_Edit user' is clicked on

2020-09-24 00:00:11 - [TEST_STEP][PASSED] - verifyElementPresent(findTestObject("V2/Commons/ManageUsersPage/div_PositionTitle"), DefaultTimeout): Object 'Object Repository/V2/Commons/ManageUsersPage/div_PositionTitle' is present

2020-09-24 00:00:12 - [MESSAGE][PASSED] - Object 'Object Repository/V2/Commons/ManageUsersPage/div_PositionTitle' is present

2020-09-24 00:00:12 - [TEST_STEP][PASSED] - setText(findTestObject("V2/Commons/ManageUsersPage/position_title_input"), position_title): Text 'Quality Assurance' is set on object 'Object Repository/V2/Commons/ManageUsersPage/position_title_input'

2020-09-24 00:00:12 - [MESSAGE][PASSED] - Text 'Quality Assurance' is set on object 'Object Repository/V2/Commons/ManageUsersPage/position_title_input'

2020-09-24 00:00:12 - [TEST_STEP][PASSED] - sendKeys(findTestObject("V2/Commons/ManageUsersPage/position_title_input"), Keys.chord(ENTER)): Keys 'ENTER + ' sent to object: 'Object Repository/V2/Commons/ManageUsersPage/position_title_input'

2020-09-24 00:00:13 - [MESSAGE][PASSED] - Keys 'ENTER + ' sent to object: 'Object Repository/V2/Commons/ManageUsersPage/position_title_input'

2020-09-24 00:00:13 - [TEST_STEP][PASSED] - if (permissionValue == "Employee"): Keys 'ENTER + ' sent to object: 'Object Repository/V2/Commons/ManageUsersPage/supervisor_input'

2020-09-24 00:00:13 - [TEST_STEP][PASSED] - verifyElementPresent(findTestObject("V2/Commons/ManageUsersPage/supervisor_input"), DefaultTimeout): Object 'Object Repository/V2/Commons/ManageUsersPage/supervisor_input' is present

2020-09-24 00:00:14 - [MESSAGE][PASSED] - Object 'Object Repository/V2/Commons/ManageUsersPage/supervisor_input' is present

2020-09-24 00:00:14 - [TEST_STEP][PASSED] - setText(findTestObject("V2/Commons/ManageUsersPage/supervisor_input"), user_supervisorName): Text 'Supervisor User' is set on object 'Object Repository/V2/Commons/ManageUsersPage/supervisor_input'

2020-09-24 00:00:14 - [MESSAGE][PASSED] - Text 'Supervisor User' is set on object 'Object Repository/V2/Commons/ManageUsersPage/supervisor_input'

2020-09-24 00:00:14 - [TEST_STEP][PASSED] - sendKeys(findTestObject("V2/Commons/ManageUsersPage/supervisor_input"), Keys.chord(ENTER)): Keys 'ENTER + ' sent to object: 'Object Repository/V2/Commons/ManageUsersPage/supervisor_input'

2020-09-24 00:00:15 - [MESSAGE][PASSED] - Keys 'ENTER + ' sent to object: 'Object Repository/V2/Commons/ManageUsersPage/supervisor_input'

2020-09-24 00:00:15 - [TEST_STEP][PASSED] - verifyElementPresent(findTestObject("Object Repository/V2/Commons/ManageUsersPage/div_User type"), DefaultTimeout): Object 'Object Repository/V2/Commons/ManageUsersPage/div_User type' is present

2020-09-24 00:00:15 - [MESSAGE][PASSED] - Object 'Object Repository/V2/Commons/ManageUsersPage/div_User type' is present

2020-09-24 00:00:15 - [TEST_STEP][PASSED] - click(findTestObject("Object Repository/V2/Commons/ManageUsersPage/input__orgRole")): Object: 'Object Repository/V2/Commons/ManageUsersPage/input__orgRole' is clicked on

2020-09-24 00:00:15 - [MESSAGE][PASSED] - Object: 'Object Repository/V2/Commons/ManageUsersPage/input__orgRole' is clicked on

2020-09-24 00:00:15 - [TEST_STEP][PASSED] - roleOptionObj = tt_CustomKeywords.CustomKeywords.CreateDynamicElement(roleOption, permissionValue, "xpath"): Successfully created new dynamic object: //span[text()='Employee']/parent::div[@role='option']

2020-09-24 00:00:15 - [MESSAGE][PASSED] - Successfully created new dynamic object: //span[text()='Employee']/parent::div[@role='option']

2020-09-24 00:00:15 - [TEST_STEP][PASSED] - click(roleOptionObj): Object: '' is clicked on

2020-09-24 00:00:16 - [MESSAGE][PASSED] - Object: '' is clicked on

2020-09-24 00:00:16 - [TEST_STEP][PASSED] - click(findTestObject("Object Repository/V2/Commons/ManageUsersPage/div_Save")): Object: 'Object Repository/V2/Commons/ManageUsersPage/div_Save' is clicked on

2020-09-24 00:00:16 - [MESSAGE][PASSED] - Object: 'Object Repository/V2/Commons/ManageUsersPage/div_Save' is clicked on

2020-09-24 00:00:16 - [TEST_STEP][PASSED] - waitForElementVisible(findTestObject("V2/Commons/ManageUsersPage/h3_User Saved"), DefaultTimeout): Object 'Object Repository/V2/Commons/ManageUsersPage/h3_User Saved' is visible

2020-09-24 00:00:20 - [MESSAGE][PASSED] - Object 'Object Repository/V2/Commons/ManageUsersPage/h3_User Saved' is visible

2020-09-24 00:00:20 - [TEST_STEP][PASSED] - verifyElementVisible(findTestObject("Object Repository/V2/Commons/ManageUsersPage/h3_User Saved")): Object 'Object Repository/V2/Commons/ManageUsersPage/h3_User Saved' is visible

2020-09-24 00:00:20 - [MESSAGE][PASSED] - Object 'Object Repository/V2/Commons/ManageUsersPage/h3_User Saved' is visible

2020-09-24 00:00:20 - [MESSAGE][PASSED] - Call Test Case 'Test Cases/V2/Test Case/Pre-conditions/PRE_ChangeUserPermissionViaManageUser' successfully

2020-09-24 00:00:20 - [TEST_STEP][PASSED] - callTestCase(findTestCase("V2/Test Case/Pre-conditions/PRE_ActivateNewUser"), ["activationURL":supervisor_activationURL, "email":supervisor_email, "password":password], STOP_ON_FAILURE): Call Test Case 'Test Cases/V2/Test Case/Pre-conditions/PRE_ActivateNewUser' successfully

2020-09-24 00:00:20 - [TEST_CASE][PASSED] - Test Cases/V2/Test Case/Pre-conditions/PRE_ActivateNewUser: Test Cases/V2/Test Case/Pre-conditions/PRE_ActivateNewUser

2020-09-24 00:00:20 - [TEST_STEP][PASSED] - navigateToUrl(activationURL): Navigate to 'http://local.traction.tools:5000/activate?activationKey=6a137de6-ed1c-43ab-a4b8-5a361a646924&userId=d2ba5dd8-b062-1506-f3e6-7ff287802e05&orgId=aeba5dd8-829c-0e52-aee6-1e779164688c&email=tractiontools.user001+ts5jbii9@gmail.com&isCreator=0' successfully

2020-09-24 00:00:22 - [MESSAGE][PASSED] - Navigate to 'http://local.traction.tools:5000/activate?activationKey=6a137de6-ed1c-43ab-a4b8-5a361a646924&userId=d2ba5dd8-b062-1506-f3e6-7ff287802e05&orgId=aeba5dd8-829c-0e52-aee6-1e779164688c&email=tractiontools.user001+ts5jbii9@gmail.com&isCreator=0' successfully

2020-09-24 00:00:22 - [TEST_STEP][PASSED] - waitForElementVisible(findTestObject("V2/Commons/ActivationPage/input_Email_email"), DefaultTimeout): Object 'Object Repository/V2/Commons/ActivationPage/input_Email_email' is visible

2020-09-24 00:00:23 - [MESSAGE][PASSED] - Object 'Object Repository/V2/Commons/ActivationPage/input_Email_email' is visible

2020-09-24 00:00:23 - [TEST_STEP][PASSED] - actual_email = getAttribute(findTestObject("Object Repository/V2/Commons/ActivationPage/input_Email_email"), "value"): Attribute 'value' of object 'Object Repository/V2/Commons/ActivationPage/input_Email_email' is: 'tractiontools.user001+ts5jbii9@gmail.com'

2020-09-24 00:00:23 - [MESSAGE][PASSED] - Attribute 'value' of object 'Object Repository/V2/Commons/ActivationPage/input_Email_email' is: 'tractiontools.user001+ts5jbii9@gmail.com'

2020-09-24 00:00:23 - [TEST_STEP][PASSED] - verifyMatch(actual_email, email, false): Actual text 'tractiontools.user001+ts5jbii9@gmail.com' and expected text 'tractiontools.user001+ts5jbii9@gmail.com' are matched 

2020-09-24 00:00:23 - [MESSAGE][PASSED] - Actual text 'tractiontools.user001+ts5jbii9@gmail.com' and expected text 'tractiontools.user001+ts5jbii9@gmail.com' are matched 

2020-09-24 00:00:23 - [TEST_STEP][PASSED] - setText(findTestObject("V2/Commons/ActivationPage/input_password"), password): Text 'Qwer123!' is set on object 'Object Repository/V2/Commons/ActivationPage/input_password'

2020-09-24 00:00:24 - [MESSAGE][PASSED] - Text 'Qwer123!' is set on object 'Object Repository/V2/Commons/ActivationPage/input_password'

2020-09-24 00:00:24 - [TEST_STEP][PASSED] - setText(findTestObject("Object Repository/V2/Commons/ActivationPage/input__passwordRepeat"), password): Text 'Qwer123!' is set on object 'Object Repository/V2/Commons/ActivationPage/input__passwordRepeat'

2020-09-24 00:00:25 - [MESSAGE][PASSED] - Text 'Qwer123!' is set on object 'Object Repository/V2/Commons/ActivationPage/input__passwordRepeat'

2020-09-24 00:00:25 - [TEST_STEP][PASSED] - click(findTestObject("V2/Commons/ActivationPage/input_termsandconditions")): Object: 'Object Repository/V2/Commons/ActivationPage/input_termsandconditions' is clicked on

2020-09-24 00:00:25 - [MESSAGE][PASSED] - Object: 'Object Repository/V2/Commons/ActivationPage/input_termsandconditions' is clicked on

2020-09-24 00:00:25 - [TEST_STEP][PASSED] - click(findTestObject("Object Repository/V2/Commons/ActivationPage/div_Create account")): Object: 'Object Repository/V2/Commons/ActivationPage/div_Create account' is clicked on

2020-09-24 00:00:26 - [MESSAGE][PASSED] - Object: 'Object Repository/V2/Commons/ActivationPage/div_Create account' is clicked on

2020-09-24 00:00:26 - [TEST_STEP][PASSED] - waitForElementPresent(findTestObject("V2/Commons/DasboardPage_SidebarMenu/img_Home_logo-big"), DefaultTimeout): Object 'Object Repository/V2/Commons/DasboardPage_SidebarMenu/img_Home_logo-big' is present

2020-09-24 00:00:31 - [MESSAGE][PASSED] - Object 'Object Repository/V2/Commons/DasboardPage_SidebarMenu/img_Home_logo-big' is present

2020-09-24 00:00:31 - [TEST_STEP][PASSED] - verifyElementPresent(findTestObject("V2/Commons/DasboardPage_SidebarMenu/img_Home_logo-big"), 0): Object 'Object Repository/V2/Commons/DasboardPage_SidebarMenu/img_Home_logo-big' is present

2020-09-24 00:00:31 - [MESSAGE][WARNING] - Timeout '0' is invalid. Using default page load timeout: '30'

2020-09-24 00:00:31 - [MESSAGE][PASSED] - Object 'Object Repository/V2/Commons/DasboardPage_SidebarMenu/img_Home_logo-big' is present

2020-09-24 00:00:31 - [MESSAGE][PASSED] - Call Test Case 'Test Cases/V2/Test Case/Pre-conditions/PRE_ActivateNewUser' successfully

2020-09-24 00:00:31 - [TEST_STEP][PASSED] - callTestCase(findTestCase("V2/Test Case/Pre-conditions/PRE_SkipPersonalProfileSetup"), [:], STOP_ON_FAILURE): Call Test Case 'Test Cases/V2/Test Case/Pre-conditions/PRE_SkipPersonalProfileSetup' successfully

2020-09-24 00:00:31 - [TEST_CASE][PASSED] - Test Cases/V2/Test Case/Pre-conditions/PRE_SkipPersonalProfileSetup: Test Cases/V2/Test Case/Pre-conditions/PRE_SkipPersonalProfileSetup

2020-09-24 00:00:31 - [TEST_STEP][PASSED] - waitForElementVisible(findTestObject("V2/Commons/FirstUpdateCompanyAndPersonalInfoModal/confirmPersonalInfoHeader_h1"), DefaultTimeout): Object 'Object Repository/V2/Commons/FirstUpdateCompanyAndPersonalInfoModal/confirmPersonalInfoHeader_h1' is visible

2020-09-24 00:00:32 - [MESSAGE][PASSED] - Object 'Object Repository/V2/Commons/FirstUpdateCompanyAndPersonalInfoModal/confirmPersonalInfoHeader_h1' is visible

2020-09-24 00:00:32 - [TEST_STEP][PASSED] - click(findTestObject("V2/Commons/FirstUpdateCompanyAndPersonalInfoModal/confirmInfoSkip_button")): Object: 'Object Repository/V2/Commons/FirstUpdateCompanyAndPersonalInfoModal/confirmInfoSkip_button' is clicked on

2020-09-24 00:00:32 - [MESSAGE][PASSED] - Object: 'Object Repository/V2/Commons/FirstUpdateCompanyAndPersonalInfoModal/confirmInfoSkip_button' is clicked on

2020-09-24 00:00:32 - [TEST_STEP][PASSED] - waitForElementVisible(findTestObject("V2/Commons/FirstUpdateCompanyAndPersonalInfoModal/letsGetStarted_button"), DefaultTimeout): Object 'Object Repository/V2/Commons/FirstUpdateCompanyAndPersonalInfoModal/letsGetStarted_button' is visible

2020-09-24 00:00:33 - [MESSAGE][PASSED] - Object 'Object Repository/V2/Commons/FirstUpdateCompanyAndPersonalInfoModal/letsGetStarted_button' is visible

2020-09-24 00:00:33 - [TEST_STEP][PASSED] - click(findTestObject("V2/Commons/FirstUpdateCompanyAndPersonalInfoModal/letsGetStarted_button")): Object: 'Object Repository/V2/Commons/FirstUpdateCompanyAndPersonalInfoModal/letsGetStarted_button' is clicked on

2020-09-24 00:00:33 - [MESSAGE][PASSED] - Object: 'Object Repository/V2/Commons/FirstUpdateCompanyAndPersonalInfoModal/letsGetStarted_button' is clicked on

2020-09-24 00:00:33 - [MESSAGE][PASSED] - Call Test Case 'Test Cases/V2/Test Case/Pre-conditions/PRE_SkipPersonalProfileSetup' successfully

2020-09-24 00:00:33 - [TEST_STEP][PASSED] - callTestCase(findTestCase("V2/Test Case/Pre-conditions/PRE_ActivateNewUser"), ["activationURL":employee_activationURL, "email":employee_email, "password":password], STOP_ON_FAILURE): Call Test Case 'Test Cases/V2/Test Case/Pre-conditions/PRE_ActivateNewUser' successfully

2020-09-24 00:00:33 - [TEST_CASE][PASSED] - Test Cases/V2/Test Case/Pre-conditions/PRE_ActivateNewUser: Test Cases/V2/Test Case/Pre-conditions/PRE_ActivateNewUser

2020-09-24 00:00:33 - [TEST_STEP][PASSED] - navigateToUrl(activationURL): Navigate to 'http://local.traction.tools:5000/activate?activationKey=9eaf58d9-3454-47de-b3c6-fb475ce53bbc&userId=14ba5dd8-c3cc-d5bc-e9c5-ffa2e6491127&orgId=aeba5dd8-829c-0e52-aee6-1e779164688c&email=tractiontools.user001+te5u3ydi@gmail.com&isCreator=0' successfully

2020-09-24 00:00:34 - [MESSAGE][PASSED] - Navigate to 'http://local.traction.tools:5000/activate?activationKey=9eaf58d9-3454-47de-b3c6-fb475ce53bbc&userId=14ba5dd8-c3cc-d5bc-e9c5-ffa2e6491127&orgId=aeba5dd8-829c-0e52-aee6-1e779164688c&email=tractiontools.user001+te5u3ydi@gmail.com&isCreator=0' successfully

2020-09-24 00:00:34 - [TEST_STEP][PASSED] - waitForElementVisible(findTestObject("V2/Commons/ActivationPage/input_Email_email"), DefaultTimeout): Object 'Object Repository/V2/Commons/ActivationPage/input_Email_email' is visible

2020-09-24 00:00:35 - [MESSAGE][PASSED] - Object 'Object Repository/V2/Commons/ActivationPage/input_Email_email' is visible

2020-09-24 00:00:35 - [TEST_STEP][PASSED] - actual_email = getAttribute(findTestObject("Object Repository/V2/Commons/ActivationPage/input_Email_email"), "value"): Attribute 'value' of object 'Object Repository/V2/Commons/ActivationPage/input_Email_email' is: 'tractiontools.user001+te5u3ydi@gmail.com'

2020-09-24 00:00:36 - [MESSAGE][PASSED] - Attribute 'value' of object 'Object Repository/V2/Commons/ActivationPage/input_Email_email' is: 'tractiontools.user001+te5u3ydi@gmail.com'

2020-09-24 00:00:36 - [TEST_STEP][PASSED] - verifyMatch(actual_email, email, false): Actual text 'tractiontools.user001+te5u3ydi@gmail.com' and expected text 'tractiontools.user001+te5u3ydi@gmail.com' are matched 

2020-09-24 00:00:36 - [MESSAGE][PASSED] - Actual text 'tractiontools.user001+te5u3ydi@gmail.com' and expected text 'tractiontools.user001+te5u3ydi@gmail.com' are matched 

2020-09-24 00:00:36 - [TEST_STEP][PASSED] - setText(findTestObject("V2/Commons/ActivationPage/input_password"), password): Text 'Qwer123!' is set on object 'Object Repository/V2/Commons/ActivationPage/input_password'

2020-09-24 00:00:36 - [MESSAGE][PASSED] - Text 'Qwer123!' is set on object 'Object Repository/V2/Commons/ActivationPage/input_password'

2020-09-24 00:00:36 - [TEST_STEP][PASSED] - setText(findTestObject("Object Repository/V2/Commons/ActivationPage/input__passwordRepeat"), password): Text 'Qwer123!' is set on object 'Object Repository/V2/Commons/ActivationPage/input__passwordRepeat'

2020-09-24 00:00:37 - [MESSAGE][PASSED] - Text 'Qwer123!' is set on object 'Object Repository/V2/Commons/ActivationPage/input__passwordRepeat'

2020-09-24 00:00:37 - [TEST_STEP][PASSED] - click(findTestObject("V2/Commons/ActivationPage/input_termsandconditions")): Object: 'Object Repository/V2/Commons/ActivationPage/input_termsandconditions' is clicked on

2020-09-24 00:00:38 - [MESSAGE][PASSED] - Object: 'Object Repository/V2/Commons/ActivationPage/input_termsandconditions' is clicked on

2020-09-24 00:00:38 - [TEST_STEP][PASSED] - click(findTestObject("Object Repository/V2/Commons/ActivationPage/div_Create account")): Object: 'Object Repository/V2/Commons/ActivationPage/div_Create account' is clicked on

2020-09-24 00:00:38 - [MESSAGE][PASSED] - Object: 'Object Repository/V2/Commons/ActivationPage/div_Create account' is clicked on

2020-09-24 00:00:38 - [TEST_STEP][PASSED] - waitForElementPresent(findTestObject("V2/Commons/DasboardPage_SidebarMenu/img_Home_logo-big"), DefaultTimeout): Object 'Object Repository/V2/Commons/DasboardPage_SidebarMenu/img_Home_logo-big' is present

2020-09-24 00:00:41 - [MESSAGE][PASSED] - Object 'Object Repository/V2/Commons/DasboardPage_SidebarMenu/img_Home_logo-big' is present

2020-09-24 00:00:41 - [TEST_STEP][PASSED] - verifyElementPresent(findTestObject("V2/Commons/DasboardPage_SidebarMenu/img_Home_logo-big"), 0): Object 'Object Repository/V2/Commons/DasboardPage_SidebarMenu/img_Home_logo-big' is present

2020-09-24 00:00:41 - [MESSAGE][WARNING] - Timeout '0' is invalid. Using default page load timeout: '30'

2020-09-24 00:00:41 - [MESSAGE][PASSED] - Object 'Object Repository/V2/Commons/DasboardPage_SidebarMenu/img_Home_logo-big' is present

2020-09-24 00:00:41 - [MESSAGE][PASSED] - Call Test Case 'Test Cases/V2/Test Case/Pre-conditions/PRE_ActivateNewUser' successfully

2020-09-24 00:00:41 - [TEST_STEP][PASSED] - callTestCase(findTestCase("V2/Test Case/Pre-conditions/PRE_SkipPersonalProfileSetup"), [:], STOP_ON_FAILURE): Call Test Case 'Test Cases/V2/Test Case/Pre-conditions/PRE_SkipPersonalProfileSetup' successfully

2020-09-24 00:00:41 - [TEST_CASE][PASSED] - Test Cases/V2/Test Case/Pre-conditions/PRE_SkipPersonalProfileSetup: Test Cases/V2/Test Case/Pre-conditions/PRE_SkipPersonalProfileSetup

2020-09-24 00:00:41 - [TEST_STEP][PASSED] - waitForElementVisible(findTestObject("V2/Commons/FirstUpdateCompanyAndPersonalInfoModal/confirmPersonalInfoHeader_h1"), DefaultTimeout): Object 'Object Repository/V2/Commons/FirstUpdateCompanyAndPersonalInfoModal/confirmPersonalInfoHeader_h1' is visible

2020-09-24 00:00:42 - [MESSAGE][PASSED] - Object 'Object Repository/V2/Commons/FirstUpdateCompanyAndPersonalInfoModal/confirmPersonalInfoHeader_h1' is visible

2020-09-24 00:00:42 - [TEST_STEP][PASSED] - click(findTestObject("V2/Commons/FirstUpdateCompanyAndPersonalInfoModal/confirmInfoSkip_button")): Object: 'Object Repository/V2/Commons/FirstUpdateCompanyAndPersonalInfoModal/confirmInfoSkip_button' is clicked on

2020-09-24 00:00:43 - [MESSAGE][PASSED] - Object: 'Object Repository/V2/Commons/FirstUpdateCompanyAndPersonalInfoModal/confirmInfoSkip_button' is clicked on

2020-09-24 00:00:43 - [TEST_STEP][PASSED] - waitForElementVisible(findTestObject("V2/Commons/FirstUpdateCompanyAndPersonalInfoModal/letsGetStarted_button"), DefaultTimeout): Object 'Object Repository/V2/Commons/FirstUpdateCompanyAndPersonalInfoModal/letsGetStarted_button' is visible

2020-09-24 00:00:43 - [MESSAGE][PASSED] - Object 'Object Repository/V2/Commons/FirstUpdateCompanyAndPersonalInfoModal/letsGetStarted_button' is visible

2020-09-24 00:00:43 - [TEST_STEP][PASSED] - click(findTestObject("V2/Commons/FirstUpdateCompanyAndPersonalInfoModal/letsGetStarted_button")): Object: 'Object Repository/V2/Commons/FirstUpdateCompanyAndPersonalInfoModal/letsGetStarted_button' is clicked on

2020-09-24 00:00:44 - [MESSAGE][PASSED] - Object: 'Object Repository/V2/Commons/FirstUpdateCompanyAndPersonalInfoModal/letsGetStarted_button' is clicked on

2020-09-24 00:00:44 - [MESSAGE][PASSED] - Call Test Case 'Test Cases/V2/Test Case/Pre-conditions/PRE_SkipPersonalProfileSetup' successfully

2020-09-24 00:00:44 - [MESSAGE][PASSED] - Call Test Case 'Test Cases/V2/Test Case/Pre-conditions/PRE_RegisterAndActivateTTUsers' successfully

2020-09-24 00:00:44 - [TEST_STEP][PASSED] - closeBrowser(): Browser is closed

2020-09-24 00:00:44 - [MESSAGE][PASSED] - Browser is closed

2020-09-24 00:00:44 - [TEST_STEP][PASSED] - path = System.getProperty("user.dir"): null

2020-09-24 00:00:44 - [TEST_STEP][PASSED] - System.setProperty("webdriver.chrome.driver", getChromeDriverPath()): null

2020-09-24 00:00:44 - [TEST_STEP][PASSED] - driver1 = new org.openqa.selenium.chrome.ChromeDriver(): null

2020-09-24 00:00:48 - [TEST_STEP][PASSED] - changeWebDriver(driver1): null

2020-09-24 00:00:48 - [TEST_STEP][PASSED] - maximizeWindow(): Current window maximized

2020-09-24 00:00:50 - [MESSAGE][PASSED] - Current window maximized

2020-09-24 00:00:50 - [TEST_STEP][PASSED] - navigateToUrl(V2Url): Navigate to 'http://local.traction.tools:5000' successfully

2020-09-24 00:00:51 - [MESSAGE][PASSED] - Navigate to 'http://local.traction.tools:5000' successfully

2020-09-24 00:00:51 - [TEST_STEP][PASSED] - callTestCase(findTestCase("V2/Test Case/Pre-conditions/PRE_LoginToTractionToolsApplication"), ["username":email, "password":password], STOP_ON_FAILURE): Call Test Case 'Test Cases/V2/Test Case/Pre-conditions/PRE_LoginToTractionToolsApplication' successfully

2020-09-24 00:00:51 - [TEST_CASE][PASSED] - Test Cases/V2/Test Case/Pre-conditions/PRE_LoginToTractionToolsApplication: Test Cases/V2/Test Case/Pre-conditions/PRE_LoginToTractionToolsApplication

2020-09-24 00:00:51 - [TEST_STEP][PASSED] - waitForElementVisible(findTestObject("V2/Commons/LoginPage/input__username"), DefaultTimeout): Object 'Object Repository/V2/Commons/LoginPage/input__username' is visible

2020-09-24 00:00:53 - [MESSAGE][PASSED] - Object 'Object Repository/V2/Commons/LoginPage/input__username' is visible

2020-09-24 00:00:53 - [TEST_STEP][PASSED] - waitForElementVisible(findTestObject("V2/Commons/LoginPage/input__password"), DefaultTimeout): Object 'Object Repository/V2/Commons/LoginPage/input__password' is visible

2020-09-24 00:00:53 - [MESSAGE][PASSED] - Object 'Object Repository/V2/Commons/LoginPage/input__password' is visible

2020-09-24 00:00:53 - [TEST_STEP][PASSED] - setText(findTestObject("V2/Commons/LoginPage/input__username"), username): Text 'tractiontools.user001+ta5uoxoc@gmail.com' is set on object 'Object Repository/V2/Commons/LoginPage/input__username'

2020-09-24 00:00:53 - [MESSAGE][PASSED] - Text 'tractiontools.user001+ta5uoxoc@gmail.com' is set on object 'Object Repository/V2/Commons/LoginPage/input__username'

2020-09-24 00:00:53 - [TEST_STEP][PASSED] - setText(findTestObject("V2/Commons/LoginPage/input__password"), password): Text 'Qwer123!' is set on object 'Object Repository/V2/Commons/LoginPage/input__password'

2020-09-24 00:00:53 - [MESSAGE][PASSED] - Text 'Qwer123!' is set on object 'Object Repository/V2/Commons/LoginPage/input__password'

2020-09-24 00:00:53 - [TEST_STEP][PASSED] - click(findTestObject("V2/Commons/LoginPage/div_Login")): Object: 'Object Repository/V2/Commons/LoginPage/div_Login' is clicked on

2020-09-24 00:00:53 - [MESSAGE][PASSED] - Object: 'Object Repository/V2/Commons/LoginPage/div_Login' is clicked on

2020-09-24 00:00:53 - [TEST_STEP][PASSED] - waitForElementVisible(findTestObject("V2/Commons/DasboardPage_SidebarMenu/img_Home_logo-big"), DefaultTimeout): Object 'Object Repository/V2/Commons/DasboardPage_SidebarMenu/img_Home_logo-big' is visible

2020-09-24 00:00:58 - [MESSAGE][PASSED] - Object 'Object Repository/V2/Commons/DasboardPage_SidebarMenu/img_Home_logo-big' is visible

2020-09-24 00:00:58 - [TEST_STEP][PASSED] - verifyElementVisible(findTestObject("V2/Commons/DasboardPage_SidebarMenu/img_Home_logo-big"), STOP_ON_FAILURE): Object 'Object Repository/V2/Commons/DasboardPage_SidebarMenu/img_Home_logo-big' is visible

2020-09-24 00:00:58 - [MESSAGE][PASSED] - Object 'Object Repository/V2/Commons/DasboardPage_SidebarMenu/img_Home_logo-big' is visible

2020-09-24 00:00:58 - [MESSAGE][PASSED] - Call Test Case 'Test Cases/V2/Test Case/Pre-conditions/PRE_LoginToTractionToolsApplication' successfully

2020-09-24 00:00:58 - [TEST_STEP][PASSED] - driver2 = new org.openqa.selenium.chrome.ChromeDriver(): null

2020-09-24 00:01:02 - [TEST_STEP][PASSED] - changeWebDriver(driver2): null

2020-09-24 00:01:02 - [TEST_STEP][PASSED] - maximizeWindow(): Current window maximized

2020-09-24 00:01:04 - [MESSAGE][PASSED] - Current window maximized

2020-09-24 00:01:04 - [TEST_STEP][PASSED] - navigateToUrl(V2Url): Navigate to 'http://local.traction.tools:5000' successfully

2020-09-24 00:01:05 - [MESSAGE][PASSED] - Navigate to 'http://local.traction.tools:5000' successfully

2020-09-24 00:01:05 - [TEST_STEP][PASSED] - callTestCase(findTestCase("V2/Test Case/Pre-conditions/PRE_LoginToTractionToolsApplication"), ["username":supervisor_email, "password":password], STOP_ON_FAILURE): Call Test Case 'Test Cases/V2/Test Case/Pre-conditions/PRE_LoginToTractionToolsApplication' successfully

2020-09-24 00:01:05 - [TEST_CASE][PASSED] - Test Cases/V2/Test Case/Pre-conditions/PRE_LoginToTractionToolsApplication: Test Cases/V2/Test Case/Pre-conditions/PRE_LoginToTractionToolsApplication

2020-09-24 00:01:05 - [TEST_STEP][PASSED] - waitForElementVisible(findTestObject("V2/Commons/LoginPage/input__username"), DefaultTimeout): Object 'Object Repository/V2/Commons/LoginPage/input__username' is visible

2020-09-24 00:01:06 - [MESSAGE][PASSED] - Object 'Object Repository/V2/Commons/LoginPage/input__username' is visible

2020-09-24 00:01:06 - [TEST_STEP][PASSED] - waitForElementVisible(findTestObject("V2/Commons/LoginPage/input__password"), DefaultTimeout): Object 'Object Repository/V2/Commons/LoginPage/input__password' is visible

2020-09-24 00:01:06 - [MESSAGE][PASSED] - Object 'Object Repository/V2/Commons/LoginPage/input__password' is visible

2020-09-24 00:01:06 - [TEST_STEP][PASSED] - setText(findTestObject("V2/Commons/LoginPage/input__username"), username): Text 'tractiontools.user001+ts5jbii9@gmail.com' is set on object 'Object Repository/V2/Commons/LoginPage/input__username'

2020-09-24 00:01:07 - [MESSAGE][PASSED] - Text 'tractiontools.user001+ts5jbii9@gmail.com' is set on object 'Object Repository/V2/Commons/LoginPage/input__username'

2020-09-24 00:01:07 - [TEST_STEP][PASSED] - setText(findTestObject("V2/Commons/LoginPage/input__password"), password): Text 'Qwer123!' is set on object 'Object Repository/V2/Commons/LoginPage/input__password'

2020-09-24 00:01:07 - [MESSAGE][PASSED] - Text 'Qwer123!' is set on object 'Object Repository/V2/Commons/LoginPage/input__password'

2020-09-24 00:01:07 - [TEST_STEP][PASSED] - click(findTestObject("V2/Commons/LoginPage/div_Login")): Object: 'Object Repository/V2/Commons/LoginPage/div_Login' is clicked on

2020-09-24 00:01:07 - [MESSAGE][PASSED] - Object: 'Object Repository/V2/Commons/LoginPage/div_Login' is clicked on

2020-09-24 00:01:07 - [TEST_STEP][PASSED] - waitForElementVisible(findTestObject("V2/Commons/DasboardPage_SidebarMenu/img_Home_logo-big"), DefaultTimeout): Object 'Object Repository/V2/Commons/DasboardPage_SidebarMenu/img_Home_logo-big' is visible

2020-09-24 00:01:09 - [MESSAGE][PASSED] - Object 'Object Repository/V2/Commons/DasboardPage_SidebarMenu/img_Home_logo-big' is visible

2020-09-24 00:01:09 - [TEST_STEP][PASSED] - verifyElementVisible(findTestObject("V2/Commons/DasboardPage_SidebarMenu/img_Home_logo-big"), STOP_ON_FAILURE): Object 'Object Repository/V2/Commons/DasboardPage_SidebarMenu/img_Home_logo-big' is visible

2020-09-24 00:01:09 - [MESSAGE][PASSED] - Object 'Object Repository/V2/Commons/DasboardPage_SidebarMenu/img_Home_logo-big' is visible

2020-09-24 00:01:09 - [MESSAGE][PASSED] - Call Test Case 'Test Cases/V2/Test Case/Pre-conditions/PRE_LoginToTractionToolsApplication' successfully

2020-09-24 00:01:09 - [TEST_STEP][PASSED] - driver3 = new org.openqa.selenium.chrome.ChromeDriver(): null

2020-09-24 00:01:13 - [TEST_STEP][PASSED] - changeWebDriver(driver3): null

2020-09-24 00:01:13 - [TEST_STEP][PASSED] - maximizeWindow(): Current window maximized

2020-09-24 00:01:15 - [MESSAGE][PASSED] - Current window maximized

2020-09-24 00:01:15 - [TEST_STEP][PASSED] - navigateToUrl(V2Url): Navigate to 'http://local.traction.tools:5000' successfully

2020-09-24 00:01:16 - [MESSAGE][PASSED] - Navigate to 'http://local.traction.tools:5000' successfully

2020-09-24 00:01:16 - [TEST_STEP][PASSED] - callTestCase(findTestCase("V2/Test Case/Pre-conditions/PRE_LoginToTractionToolsApplication"), ["username":employee_email, "password":password], STOP_ON_FAILURE): Call Test Case 'Test Cases/V2/Test Case/Pre-conditions/PRE_LoginToTractionToolsApplication' successfully

2020-09-24 00:01:16 - [TEST_CASE][PASSED] - Test Cases/V2/Test Case/Pre-conditions/PRE_LoginToTractionToolsApplication: Test Cases/V2/Test Case/Pre-conditions/PRE_LoginToTractionToolsApplication

2020-09-24 00:01:16 - [TEST_STEP][PASSED] - waitForElementVisible(findTestObject("V2/Commons/LoginPage/input__username"), DefaultTimeout): Object 'Object Repository/V2/Commons/LoginPage/input__username' is visible

2020-09-24 00:01:17 - [MESSAGE][PASSED] - Object 'Object Repository/V2/Commons/LoginPage/input__username' is visible

2020-09-24 00:01:17 - [TEST_STEP][PASSED] - waitForElementVisible(findTestObject("V2/Commons/LoginPage/input__password"), DefaultTimeout): Object 'Object Repository/V2/Commons/LoginPage/input__password' is visible

2020-09-24 00:01:18 - [MESSAGE][PASSED] - Object 'Object Repository/V2/Commons/LoginPage/input__password' is visible

2020-09-24 00:01:18 - [TEST_STEP][PASSED] - setText(findTestObject("V2/Commons/LoginPage/input__username"), username): Text 'tractiontools.user001+te5u3ydi@gmail.com' is set on object 'Object Repository/V2/Commons/LoginPage/input__username'

2020-09-24 00:01:18 - [MESSAGE][PASSED] - Text 'tractiontools.user001+te5u3ydi@gmail.com' is set on object 'Object Repository/V2/Commons/LoginPage/input__username'

2020-09-24 00:01:18 - [TEST_STEP][PASSED] - setText(findTestObject("V2/Commons/LoginPage/input__password"), password): Text 'Qwer123!' is set on object 'Object Repository/V2/Commons/LoginPage/input__password'

2020-09-24 00:01:18 - [MESSAGE][PASSED] - Text 'Qwer123!' is set on object 'Object Repository/V2/Commons/LoginPage/input__password'

2020-09-24 00:01:18 - [TEST_STEP][PASSED] - click(findTestObject("V2/Commons/LoginPage/div_Login")): Object: 'Object Repository/V2/Commons/LoginPage/div_Login' is clicked on

2020-09-24 00:01:18 - [MESSAGE][PASSED] - Object: 'Object Repository/V2/Commons/LoginPage/div_Login' is clicked on

2020-09-24 00:01:18 - [TEST_STEP][PASSED] - waitForElementVisible(findTestObject("V2/Commons/DasboardPage_SidebarMenu/img_Home_logo-big"), DefaultTimeout): Object 'Object Repository/V2/Commons/DasboardPage_SidebarMenu/img_Home_logo-big' is visible

2020-09-24 00:01:20 - [MESSAGE][PASSED] - Object 'Object Repository/V2/Commons/DasboardPage_SidebarMenu/img_Home_logo-big' is visible

2020-09-24 00:01:20 - [TEST_STEP][PASSED] - verifyElementVisible(findTestObject("V2/Commons/DasboardPage_SidebarMenu/img_Home_logo-big"), STOP_ON_FAILURE): Object 'Object Repository/V2/Commons/DasboardPage_SidebarMenu/img_Home_logo-big' is visible

2020-09-24 00:01:20 - [MESSAGE][PASSED] - Object 'Object Repository/V2/Commons/DasboardPage_SidebarMenu/img_Home_logo-big' is visible

2020-09-24 00:01:20 - [MESSAGE][PASSED] - Call Test Case 'Test Cases/V2/Test Case/Pre-conditions/PRE_LoginToTractionToolsApplication' successfully

2020-09-24 00:01:20 - [TEST_STEP][PASSED] - changeWebDriver(driver1): null

2020-09-24 00:01:21 - [TEST_STEP][PASSED] - callTestCase(findTestCase("V2/Test Case/Pre-conditions/PRE_CreateL10Meeting"), ["meetingName":meetingName, "meetingAcronym":meetingAcronym, "meetingType":meetingType, "dropdownOptions_obj":"//div[@id='CREATE_MEETING_L10']//span[text()='%s']/parent::div[@role='option']", ... ], STOP_ON_FAILURE): Call Test Case 'Test Cases/V2/Test Case/Pre-conditions/PRE_CreateL10Meeting' successfully

2020-09-24 00:01:21 - [TEST_CASE][PASSED] - Test Cases/V2/Test Case/Pre-conditions/PRE_CreateL10Meeting: Test Cases/V2/Test Case/Pre-conditions/PRE_CreateL10Meeting

2020-09-24 00:01:21 - [TEST_STEP][PASSED] - click(findTestObject("V2/Commons/DasboardPage_SidebarMenu/MeetingsMenu")): Object: 'Object Repository/V2/Commons/DasboardPage_SidebarMenu/MeetingsMenu' is clicked on

2020-09-24 00:01:21 - [MESSAGE][PASSED] - Object: 'Object Repository/V2/Commons/DasboardPage_SidebarMenu/MeetingsMenu' is clicked on

2020-09-24 00:01:21 - [TEST_STEP][PASSED] - click(findTestObject("Object Repository/V2/Commons/MeetingListPage/div_Create a meeting")): Object: 'Object Repository/V2/Commons/MeetingListPage/div_Create a meeting' is clicked on

2020-09-24 00:01:21 - [MESSAGE][PASSED] - Object: 'Object Repository/V2/Commons/MeetingListPage/div_Create a meeting' is clicked on

2020-09-24 00:01:21 - [TEST_STEP][PASSED] - click(findTestObject("Object Repository/V2/Commons/MeetingListPage/button_Level 10")): Object: 'Object Repository/V2/Commons/MeetingListPage/button_Level 10' is clicked on

2020-09-24 00:01:21 - [MESSAGE][PASSED] - Object: 'Object Repository/V2/Commons/MeetingListPage/button_Level 10' is clicked on

2020-09-24 00:01:21 - [TEST_STEP][PASSED] - waitForElementVisible(findTestObject("V2/Commons/CreateL10MeetingDrawer/input__name"), DefaultTimeout): Object 'Object Repository/V2/Commons/CreateL10MeetingDrawer/input__name' is visible

2020-09-24 00:01:21 - [MESSAGE][PASSED] - Object 'Object Repository/V2/Commons/CreateL10MeetingDrawer/input__name' is visible

2020-09-24 00:01:21 - [TEST_STEP][PASSED] - setText(findTestObject("V2/Commons/CreateL10MeetingDrawer/input__name"), meetingName): Text 'SP Meeting Admin' is set on object 'Object Repository/V2/Commons/CreateL10MeetingDrawer/input__name'

2020-09-24 00:01:21 - [MESSAGE][PASSED] - Text 'SP Meeting Admin' is set on object 'Object Repository/V2/Commons/CreateL10MeetingDrawer/input__name'

2020-09-24 00:01:21 - [TEST_STEP][PASSED] - setText(findTestObject("V2/Commons/CreateL10MeetingDrawer/input__acronym"), meetingAcronym): Text 'CSP' is set on object 'Object Repository/V2/Commons/CreateL10MeetingDrawer/input__acronym'

2020-09-24 00:01:22 - [MESSAGE][PASSED] - Text 'CSP' is set on object 'Object Repository/V2/Commons/CreateL10MeetingDrawer/input__acronym'

2020-09-24 00:01:22 - [TEST_STEP][PASSED] - click(findTestObject("V2/Commons/CreateL10MeetingDrawer/input__typeOfMeeting")): Object: 'Object Repository/V2/Commons/CreateL10MeetingDrawer/input__typeOfMeeting' is clicked on

2020-09-24 00:01:22 - [MESSAGE][PASSED] - Object: 'Object Repository/V2/Commons/CreateL10MeetingDrawer/input__typeOfMeeting' is clicked on

2020-09-24 00:01:22 - [TEST_STEP][PASSED] - meetingTypeOption_Obj = tt_CustomKeywords.CustomKeywords.CreateDynamicElement(dropdownOptions_obj, meetingType, "xpath"): Successfully created new dynamic object: //div[@id='CREATE_MEETING_L10']//span[text()='Leadership']/parent::div[@role='option']

2020-09-24 00:01:22 - [MESSAGE][PASSED] - Successfully created new dynamic object: //div[@id='CREATE_MEETING_L10']//span[text()='Leadership']/parent::div[@role='option']

2020-09-24 00:01:22 - [TEST_STEP][PASSED] - click(meetingTypeOption_Obj): Object: '' is clicked on

2020-09-24 00:01:22 - [MESSAGE][PASSED] - Object: '' is clicked on

2020-09-24 00:01:22 - [TEST_STEP][PASSED] - click(findTestObject("V2/Commons/CreateL10MeetingDrawer/div_dayOfMeetingDropdownList")): Object: 'Object Repository/V2/Commons/CreateL10MeetingDrawer/div_dayOfMeetingDropdownList' is clicked on

2020-09-24 00:01:22 - [MESSAGE][PASSED] - Object: 'Object Repository/V2/Commons/CreateL10MeetingDrawer/div_dayOfMeetingDropdownList' is clicked on

2020-09-24 00:01:22 - [TEST_STEP][PASSED] - dayOfMeetingOption_Obj = tt_CustomKeywords.CustomKeywords.CreateDynamicElement(dropdownOptions_obj, dayOfMeeting, "xpath"): Successfully created new dynamic object: //div[@id='CREATE_MEETING_L10']//span[text()='Monday']/parent::div[@role='option']

2020-09-24 00:01:22 - [MESSAGE][PASSED] - Successfully created new dynamic object: //div[@id='CREATE_MEETING_L10']//span[text()='Monday']/parent::div[@role='option']

2020-09-24 00:01:22 - [TEST_STEP][PASSED] - click(dayOfMeetingOption_Obj): Object: '' is clicked on

2020-09-24 00:01:22 - [MESSAGE][PASSED] - Object: '' is clicked on

2020-09-24 00:01:22 - [TEST_STEP][PASSED] - click(findTestObject("V2/Commons/CreateL10MeetingDrawer/input_meetingTime")): Object: 'Object Repository/V2/Commons/CreateL10MeetingDrawer/input_meetingTime' is clicked on

2020-09-24 00:01:22 - [MESSAGE][PASSED] - Object: 'Object Repository/V2/Commons/CreateL10MeetingDrawer/input_meetingTime' is clicked on

2020-09-24 00:01:22 - [TEST_STEP][PASSED] - setText(findTestObject("V2/Commons/CreateL10MeetingDrawer/input_meetingTime"), meetingTime): Text '12:00' is set on object 'Object Repository/V2/Commons/CreateL10MeetingDrawer/input_meetingTime'

2020-09-24 00:01:22 - [MESSAGE][PASSED] - Text '12:00' is set on object 'Object Repository/V2/Commons/CreateL10MeetingDrawer/input_meetingTime'

2020-09-24 00:01:22 - [TEST_STEP][PASSED] - sendKeys(findTestObject("V2/Commons/CreateL10MeetingDrawer/input_meetingTime"), Keys.chord(TAB)): Keys 'TAB + ' sent to object: 'Object Repository/V2/Commons/CreateL10MeetingDrawer/input_meetingTime'

2020-09-24 00:01:22 - [MESSAGE][PASSED] - Keys 'TAB + ' sent to object: 'Object Repository/V2/Commons/CreateL10MeetingDrawer/input_meetingTime'

2020-09-24 00:01:22 - [TEST_STEP][PASSED] - click(findTestObject("V2/Commons/CreateL10MeetingDrawer/div_Create Meeting")): Object: 'Object Repository/V2/Commons/CreateL10MeetingDrawer/div_Create Meeting' is clicked on

2020-09-24 00:01:22 - [MESSAGE][PASSED] - Object: 'Object Repository/V2/Commons/CreateL10MeetingDrawer/div_Create Meeting' is clicked on

2020-09-24 00:01:22 - [TEST_STEP][PASSED] - waitForElementVisible(findTestObject("Object Repository/V2/Commons/MeetingListPage/div_Ill do this later"), DefaultTimeout): Object 'Object Repository/V2/Commons/MeetingListPage/div_Ill do this later' is visible

2020-09-24 00:01:29 - [MESSAGE][PASSED] - Object 'Object Repository/V2/Commons/MeetingListPage/div_Ill do this later' is visible

2020-09-24 00:01:29 - [TEST_STEP][PASSED] - verifyElementVisible(findTestObject("Object Repository/V2/Commons/MeetingListPage/div_Ill do this later"), STOP_ON_FAILURE): Object 'Object Repository/V2/Commons/MeetingListPage/div_Ill do this later' is visible

2020-09-24 00:01:29 - [MESSAGE][PASSED] - Object 'Object Repository/V2/Commons/MeetingListPage/div_Ill do this later' is visible

2020-09-24 00:01:29 - [TEST_STEP][PASSED] - click(findTestObject("Object Repository/V2/Commons/MeetingListPage/div_Ill do this later")): Object: 'Object Repository/V2/Commons/MeetingListPage/div_Ill do this later' is clicked on

2020-09-24 00:01:29 - [MESSAGE][PASSED] - Object: 'Object Repository/V2/Commons/MeetingListPage/div_Ill do this later' is clicked on

2020-09-24 00:01:29 - [TEST_STEP][NOT_RUN] - meetingRecordObj = tt_CustomKeywords.CustomKeywords.CreateDynamicElement(meetingRecord_obj, meetingName, "xpath"): NOT_RUN: meetingRecordObj = tt_CustomKeywords.CustomKeywords.CreateDynamicElement(meetingRecord_obj, meetingName, "xpath")

2020-09-24 00:01:29 - [MESSAGE][NOT_RUN] - NOT_RUN: meetingRecordObj = tt_CustomKeywords.CustomKeywords.CreateDynamicElement(meetingRecord_obj, meetingName, "xpath")

2020-09-24 00:01:29 - [TEST_STEP][PASSED] - waitForElementPresent(findTestObject("V2/Commons/MeetingListPage/D_meetingRecord_meetingName_h2", ["meetingName":meetingName]), DefaultTimeout): Object 'Object Repository/V2/Commons/MeetingListPage/D_meetingRecord_meetingName_h2' is present

2020-09-24 00:01:29 - [MESSAGE][PASSED] - Object 'Object Repository/V2/Commons/MeetingListPage/D_meetingRecord_meetingName_h2' is present

2020-09-24 00:01:29 - [TEST_STEP][PASSED] - verifyElementVisible(findTestObject("V2/Commons/MeetingListPage/D_meetingRecord_meetingName_h2", ["meetingName":meetingName]), STOP_ON_FAILURE): Object 'Object Repository/V2/Commons/MeetingListPage/D_meetingRecord_meetingName_h2' is visible

2020-09-24 00:01:29 - [MESSAGE][PASSED] - Object 'Object Repository/V2/Commons/MeetingListPage/D_meetingRecord_meetingName_h2' is visible

2020-09-24 00:01:29 - [MESSAGE][PASSED] - Call Test Case 'Test Cases/V2/Test Case/Pre-conditions/PRE_CreateL10Meeting' successfully

2020-09-24 00:01:29 - [TEST_STEP][PASSED] - callTestCase(findTestCase("V2/Test Case/Pre-conditions/PRE_AddAllAttendeesToMeeting"), ["meetingName":meetingName, "firstname":employee_fname, "lastname":lastname, "userOptionObj":"(//span[text()='%s']/parent::div[@role='option'])[2]", ... ], STOP_ON_FAILURE): Call Test Case 'Test Cases/V2/Test Case/Pre-conditions/PRE_AddAllAttendeesToMeeting' successfully

2020-09-24 00:01:29 - [TEST_CASE][PASSED] - Test Cases/V2/Test Case/Pre-conditions/PRE_AddAllAttendeesToMeeting: Test Cases/V2/Test Case/Pre-conditions/PRE_AddAllAttendeesToMeeting

2020-09-24 00:01:29 - [TEST_STEP][PASSED] - click(findTestObject("V2/Commons/DasboardPage_SidebarMenu/MeetingsMenu")): Object: 'Object Repository/V2/Commons/DasboardPage_SidebarMenu/MeetingsMenu' is clicked on

2020-09-24 00:01:30 - [MESSAGE][PASSED] - Object: 'Object Repository/V2/Commons/DasboardPage_SidebarMenu/MeetingsMenu' is clicked on

2020-09-24 00:01:30 - [TEST_STEP][PASSED] - attendee_fullname = firstname + " " + lastname: null

2020-09-24 00:01:30 - [TEST_STEP][NOT_RUN] - meetingOpt_Obj = tt_CustomKeywords.CustomKeywords.CreateDynamicElement(meetingOptions_obj, meetingName, "xpath"): NOT_RUN: meetingOpt_Obj = tt_CustomKeywords.CustomKeywords.CreateDynamicElement(meetingOptions_obj, meetingName, "xpath")

2020-09-24 00:01:30 - [MESSAGE][NOT_RUN] - NOT_RUN: meetingOpt_Obj = tt_CustomKeywords.CustomKeywords.CreateDynamicElement(meetingOptions_obj, meetingName, "xpath")

2020-09-24 00:01:30 - [TEST_STEP][NOT_RUN] - click(meetingOpt_Obj): NOT_RUN: click(meetingOpt_Obj)

2020-09-24 00:01:30 - [MESSAGE][NOT_RUN] - NOT_RUN: click(meetingOpt_Obj)

2020-09-24 00:01:30 - [TEST_STEP][PASSED] - click(findTestObject("V2/Commons/MeetingListPage/D_meetingRecord_3DotsOption_div", ["meetingName":meetingName]), STOP_ON_FAILURE): Object: 'Object Repository/V2/Commons/MeetingListPage/D_meetingRecord_3DotsOption_div' is clicked on

2020-09-24 00:01:30 - [MESSAGE][PASSED] - Object: 'Object Repository/V2/Commons/MeetingListPage/D_meetingRecord_3DotsOption_div' is clicked on

2020-09-24 00:01:30 - [TEST_STEP][PASSED] - click(findTestObject("V2/Commons/MeetingListPage/a_Edit meeting")): Object: 'Object Repository/V2/Commons/MeetingListPage/a_Edit meeting' is clicked on

2020-09-24 00:01:30 - [MESSAGE][PASSED] - Object: 'Object Repository/V2/Commons/MeetingListPage/a_Edit meeting' is clicked on

2020-09-24 00:01:30 - [TEST_STEP][PASSED] - waitForElementPresent(findTestObject("V2/Commons/EditMeetingPage/div_Add users"), DefaultTimeout): Object 'Object Repository/V2/Commons/EditMeetingPage/div_Add users' is present

2020-09-24 00:01:30 - [MESSAGE][PASSED] - Object 'Object Repository/V2/Commons/EditMeetingPage/div_Add users' is present

2020-09-24 00:01:30 - [TEST_STEP][PASSED] - delay(5): Delayed 5 second(s)

2020-09-24 00:01:35 - [MESSAGE][PASSED] - Delayed 5 second(s)

2020-09-24 00:01:35 - [TEST_STEP][PASSED] - click(findTestObject("V2/Commons/EditMeetingPage/div_Add users")): Object: 'Object Repository/V2/Commons/EditMeetingPage/div_Add users' is clicked on

2020-09-24 00:01:35 - [MESSAGE][PASSED] - Object: 'Object Repository/V2/Commons/EditMeetingPage/div_Add users' is clicked on

2020-09-24 00:01:35 - [TEST_STEP][PASSED] - delay(5): Delayed 5 second(s)

2020-09-24 00:01:40 - [MESSAGE][PASSED] - Delayed 5 second(s)

2020-09-24 00:01:40 - [TEST_STEP][PASSED] - click(findTestObject("V2/Commons/EditMeetingPage/AddAttendeeUserDropdown")): Object: 'Object Repository/V2/Commons/EditMeetingPage/AddAttendeeUserDropdown' is clicked on

2020-09-24 00:01:41 - [MESSAGE][PASSED] - Object: 'Object Repository/V2/Commons/EditMeetingPage/AddAttendeeUserDropdown' is clicked on

2020-09-24 00:01:41 - [TEST_STEP][PASSED] - attendeeOpt_Obj = tt_CustomKeywords.CustomKeywords.CreateDynamicElement(userOptionObj, attendee_fullname, "xpath"): Successfully created new dynamic object: (//span[text()='Employee User']/parent::div[@role='option'])[2]

2020-09-24 00:01:41 - [MESSAGE][PASSED] - Successfully created new dynamic object: (//span[text()='Employee User']/parent::div[@role='option'])[2]

2020-09-24 00:01:41 - [TEST_STEP][PASSED] - attendeeObjCount = tt_CustomKeywords.CustomKeywords.CountElementInWebPageByDynamicElement(userOptionObj, attendee_fullname, "xpath"): Successfully get the element count. 
Element occurences in Webpage: 1

2020-09-24 00:01:41 - [MESSAGE][PASSED] - Successfully get the element count. 
Element occurences in Webpage: 1

2020-09-24 00:01:41 - [TEST_STEP][PASSED] - attendeeOptSCount = attendeeObjCount.toString(): null

2020-09-24 00:01:41 - [TEST_STEP][PASSED] - out.println(attendeeOptSCount): null

2020-09-24 00:01:41 - [TEST_STEP][PASSED] - attendeeObj_Xpath = attendeeOpt_Obj.findPropertyValue("xpath"): null

2020-09-24 00:01:41 - [TEST_STEP][PASSED] - newAttendeeOpt = "(" + attendeeObj_Xpath + ")[%s]": null

2020-09-24 00:01:41 - [TEST_STEP][PASSED] - out.println(newAttendeeOpt): null

2020-09-24 00:01:41 - [TEST_STEP][PASSED] - newAttendeeOpt_Obj = tt_CustomKeywords.CustomKeywords.CreateDynamicElement(newAttendeeOpt, attendeeOptSCount, "xpath"): Successfully created new dynamic object: ((//span[text()='Employee User']/parent::div[@role='option'])[2])[1]

2020-09-24 00:01:41 - [MESSAGE][PASSED] - Successfully created new dynamic object: ((//span[text()='Employee User']/parent::div[@role='option'])[2])[1]

2020-09-24 00:01:41 - [TEST_STEP][PASSED] - click(newAttendeeOpt_Obj): Object: '' is clicked on

2020-09-24 00:01:41 - [MESSAGE][PASSED] - Object: '' is clicked on

2020-09-24 00:01:41 - [TEST_STEP][PASSED] - waitForElementPresent(findTestObject("V2/Commons/EditMeetingPage/AddAttendeeSuccessNotif"), DefaultTimeout): Object 'Object Repository/V2/Commons/EditMeetingPage/AddAttendeeSuccessNotif' is present

2020-09-24 00:01:42 - [MESSAGE][PASSED] - Object 'Object Repository/V2/Commons/EditMeetingPage/AddAttendeeSuccessNotif' is present

2020-09-24 00:01:42 - [TEST_STEP][PASSED] - verifyElementPresent(findTestObject("V2/Commons/EditMeetingPage/AddAttendeeSuccessNotif"), DefaultTimeout): Object 'Object Repository/V2/Commons/EditMeetingPage/AddAttendeeSuccessNotif' is present

2020-09-24 00:01:42 - [MESSAGE][PASSED] - Object 'Object Repository/V2/Commons/EditMeetingPage/AddAttendeeSuccessNotif' is present

2020-09-24 00:01:42 - [TEST_STEP][PASSED] - permissionDrop_Obj = tt_CustomKeywords.CustomKeywords.CreateDynamicElement(permissionDropObj, attendee_fullname, "xpath"): Successfully created new dynamic object: //div[@role='alert' and text()='Employee User']/ancestor::div[@class='editAttendees__item']//button[contains(@aria-label,'assign')]/parent::div

2020-09-24 00:01:42 - [MESSAGE][PASSED] - Successfully created new dynamic object: //div[@role='alert' and text()='Employee User']/ancestor::div[@class='editAttendees__item']//button[contains(@aria-label,'assign')]/parent::div

2020-09-24 00:01:42 - [TEST_STEP][PASSED] - click(permissionDrop_Obj): Object: '' is clicked on

2020-09-24 00:01:42 - [MESSAGE][PASSED] - Object: '' is clicked on

2020-09-24 00:01:42 - [TEST_STEP][PASSED] - permissionDropOpt_Obj_MA = tt_CustomKeywords.CustomKeywords.CreateDynamicElement(permissionDropOptObj_MA, attendee_fullname, "xpath"): Successfully created new dynamic object: //div[@role='alert' and text()='Employee User']/ancestor::div[@class='editAttendees__item']//span[text()='Meeting Admin']/parent::div

2020-09-24 00:01:42 - [MESSAGE][PASSED] - Successfully created new dynamic object: //div[@role='alert' and text()='Employee User']/ancestor::div[@class='editAttendees__item']//span[text()='Meeting Admin']/parent::div

2020-09-24 00:01:42 - [TEST_STEP][PASSED] - permissionDropOpt_Obj_FE = tt_CustomKeywords.CustomKeywords.CreateDynamicElement(permissionDropOptObj_FE, attendee_fullname, "xpath"): Successfully created new dynamic object: //div[@role='alert' and text()='Employee User']/ancestor::div[@class='editAttendees__item']//span[text()='Full editor']/parent::div

2020-09-24 00:01:42 - [MESSAGE][PASSED] - Successfully created new dynamic object: //div[@role='alert' and text()='Employee User']/ancestor::div[@class='editAttendees__item']//span[text()='Full editor']/parent::div

2020-09-24 00:01:42 - [TEST_STEP][PASSED] - permissionDropOpt_Obj_BE = tt_CustomKeywords.CustomKeywords.CreateDynamicElement(permissionDropOptObj_BE, attendee_fullname, "xpath"): Successfully created new dynamic object: //div[@role='alert' and text()='Employee User']/ancestor::div[@class='editAttendees__item']//span[text()='Basic editor']/parent::div

2020-09-24 00:01:42 - [MESSAGE][PASSED] - Successfully created new dynamic object: //div[@role='alert' and text()='Employee User']/ancestor::div[@class='editAttendees__item']//span[text()='Basic editor']/parent::div

2020-09-24 00:01:42 - [TEST_STEP][PASSED] - if (permission == "Meeting Admin"): null

2020-09-24 00:01:42 - [TEST_STEP][PASSED] - if (permission == "Full editor"): null

2020-09-24 00:01:42 - [TEST_STEP][PASSED] - if (permission == "Basic editor"): Object 'Object Repository/V2/Commons/EditMeetingPage/AddAttendeePermSuccessNotif' is present

2020-09-24 00:01:42 - [TEST_STEP][PASSED] - delay(2): Delayed 2 second(s)

2020-09-24 00:01:44 - [MESSAGE][PASSED] - Delayed 2 second(s)

2020-09-24 00:01:44 - [TEST_STEP][PASSED] - click(permissionDropOpt_Obj_BE): Object: '' is clicked on

2020-09-24 00:01:44 - [MESSAGE][PASSED] - Object: '' is clicked on

2020-09-24 00:01:44 - [TEST_STEP][PASSED] - waitForElementPresent(findTestObject("V2/Commons/EditMeetingPage/AddAttendeePermSuccessNotif"), DefaultTimeout): Object 'Object Repository/V2/Commons/EditMeetingPage/AddAttendeePermSuccessNotif' is present

2020-09-24 00:01:45 - [MESSAGE][PASSED] - Object 'Object Repository/V2/Commons/EditMeetingPage/AddAttendeePermSuccessNotif' is present

2020-09-24 00:01:45 - [TEST_STEP][PASSED] - verifyElementPresent(findTestObject("V2/Commons/EditMeetingPage/AddAttendeePermSuccessNotif"), DefaultTimeout): Object 'Object Repository/V2/Commons/EditMeetingPage/AddAttendeePermSuccessNotif' is present

2020-09-24 00:01:45 - [MESSAGE][PASSED] - Object 'Object Repository/V2/Commons/EditMeetingPage/AddAttendeePermSuccessNotif' is present

2020-09-24 00:01:45 - [TEST_STEP][PASSED] - verifyElementPresent(findTestObject("V2/Commons/DasboardPage_SidebarMenu/MeetingsMenu"), DefaultTimeout): Object 'Object Repository/V2/Commons/DasboardPage_SidebarMenu/MeetingsMenu' is present

2020-09-24 00:01:45 - [MESSAGE][PASSED] - Object 'Object Repository/V2/Commons/DasboardPage_SidebarMenu/MeetingsMenu' is present

2020-09-24 00:01:45 - [TEST_STEP][PASSED] - click(findTestObject("V2/Commons/DasboardPage_SidebarMenu/MeetingsMenu")): Object: 'Object Repository/V2/Commons/DasboardPage_SidebarMenu/MeetingsMenu' is clicked on

2020-09-24 00:01:45 - [MESSAGE][PASSED] - Object: 'Object Repository/V2/Commons/DasboardPage_SidebarMenu/MeetingsMenu' is clicked on

2020-09-24 00:01:45 - [TEST_STEP][PASSED] - waitForElementNotPresent(findTestObject("V2/Commons/EditMeetingPage/AddAttendeeSuccessNotif"), DefaultTimeout): Web element with id: 'Object Repository/V2/Commons/EditMeetingPage/AddAttendeeSuccessNotif' located by 'By.xpath: //h3[text()='New attendee added!']' is not present after '60' second(s)

2020-09-24 00:01:49 - [MESSAGE][PASSED] - Web element with id: 'Object Repository/V2/Commons/EditMeetingPage/AddAttendeeSuccessNotif' located by 'By.xpath: //h3[text()='New attendee added!']' is not present after '60' second(s)

2020-09-24 00:01:49 - [MESSAGE][PASSED] - Call Test Case 'Test Cases/V2/Test Case/Pre-conditions/PRE_AddAllAttendeesToMeeting' successfully

2020-09-24 00:01:49 - [TEST_STEP][PASSED] - callTestCase(findTestCase("V2/Test Case/Pre-conditions/PRE_AddAllAttendeesToMeeting"), ["meetingName":meetingName, "firstname":supervisor_fname, "lastname":lastname, "userOptionObj":"(//span[text()='%s']/parent::div[@role='option'])[3]", ... ], STOP_ON_FAILURE): Call Test Case 'Test Cases/V2/Test Case/Pre-conditions/PRE_AddAllAttendeesToMeeting' successfully

2020-09-24 00:01:49 - [TEST_CASE][PASSED] - Test Cases/V2/Test Case/Pre-conditions/PRE_AddAllAttendeesToMeeting: Test Cases/V2/Test Case/Pre-conditions/PRE_AddAllAttendeesToMeeting

2020-09-24 00:01:49 - [TEST_STEP][PASSED] - click(findTestObject("V2/Commons/DasboardPage_SidebarMenu/MeetingsMenu")): Object: 'Object Repository/V2/Commons/DasboardPage_SidebarMenu/MeetingsMenu' is clicked on

2020-09-24 00:01:49 - [MESSAGE][PASSED] - Object: 'Object Repository/V2/Commons/DasboardPage_SidebarMenu/MeetingsMenu' is clicked on

2020-09-24 00:01:49 - [TEST_STEP][PASSED] - attendee_fullname = firstname + " " + lastname: null

2020-09-24 00:01:49 - [TEST_STEP][NOT_RUN] - meetingOpt_Obj = tt_CustomKeywords.CustomKeywords.CreateDynamicElement(meetingOptions_obj, meetingName, "xpath"): NOT_RUN: meetingOpt_Obj = tt_CustomKeywords.CustomKeywords.CreateDynamicElement(meetingOptions_obj, meetingName, "xpath")

2020-09-24 00:01:49 - [MESSAGE][NOT_RUN] - NOT_RUN: meetingOpt_Obj = tt_CustomKeywords.CustomKeywords.CreateDynamicElement(meetingOptions_obj, meetingName, "xpath")

2020-09-24 00:01:49 - [TEST_STEP][NOT_RUN] - click(meetingOpt_Obj): NOT_RUN: click(meetingOpt_Obj)

2020-09-24 00:01:49 - [MESSAGE][NOT_RUN] - NOT_RUN: click(meetingOpt_Obj)

2020-09-24 00:01:49 - [TEST_STEP][PASSED] - click(findTestObject("V2/Commons/MeetingListPage/D_meetingRecord_3DotsOption_div", ["meetingName":meetingName]), STOP_ON_FAILURE): Object: 'Object Repository/V2/Commons/MeetingListPage/D_meetingRecord_3DotsOption_div' is clicked on

2020-09-24 00:01:49 - [MESSAGE][PASSED] - Object: 'Object Repository/V2/Commons/MeetingListPage/D_meetingRecord_3DotsOption_div' is clicked on

2020-09-24 00:01:49 - [TEST_STEP][PASSED] - click(findTestObject("V2/Commons/MeetingListPage/a_Edit meeting")): Object: 'Object Repository/V2/Commons/MeetingListPage/a_Edit meeting' is clicked on

2020-09-24 00:01:50 - [MESSAGE][PASSED] - Object: 'Object Repository/V2/Commons/MeetingListPage/a_Edit meeting' is clicked on

2020-09-24 00:01:50 - [TEST_STEP][PASSED] - waitForElementPresent(findTestObject("V2/Commons/EditMeetingPage/div_Add users"), DefaultTimeout): Object 'Object Repository/V2/Commons/EditMeetingPage/div_Add users' is present

2020-09-24 00:01:50 - [MESSAGE][PASSED] - Object 'Object Repository/V2/Commons/EditMeetingPage/div_Add users' is present

2020-09-24 00:01:50 - [TEST_STEP][PASSED] - delay(5): Delayed 5 second(s)

2020-09-24 00:01:55 - [MESSAGE][PASSED] - Delayed 5 second(s)

2020-09-24 00:01:55 - [TEST_STEP][PASSED] - click(findTestObject("V2/Commons/EditMeetingPage/div_Add users")): Object: 'Object Repository/V2/Commons/EditMeetingPage/div_Add users' is clicked on

2020-09-24 00:01:55 - [MESSAGE][PASSED] - Object: 'Object Repository/V2/Commons/EditMeetingPage/div_Add users' is clicked on

2020-09-24 00:01:55 - [TEST_STEP][PASSED] - delay(5): Delayed 5 second(s)

2020-09-24 00:02:00 - [MESSAGE][PASSED] - Delayed 5 second(s)

2020-09-24 00:02:00 - [TEST_STEP][PASSED] - click(findTestObject("V2/Commons/EditMeetingPage/AddAttendeeUserDropdown")): Object: 'Object Repository/V2/Commons/EditMeetingPage/AddAttendeeUserDropdown' is clicked on

2020-09-24 00:02:00 - [MESSAGE][PASSED] - Object: 'Object Repository/V2/Commons/EditMeetingPage/AddAttendeeUserDropdown' is clicked on

2020-09-24 00:02:00 - [TEST_STEP][PASSED] - attendeeOpt_Obj = tt_CustomKeywords.CustomKeywords.CreateDynamicElement(userOptionObj, attendee_fullname, "xpath"): Successfully created new dynamic object: (//span[text()='Supervisor User']/parent::div[@role='option'])[3]

2020-09-24 00:02:00 - [MESSAGE][PASSED] - Successfully created new dynamic object: (//span[text()='Supervisor User']/parent::div[@role='option'])[3]

2020-09-24 00:02:00 - [TEST_STEP][PASSED] - attendeeObjCount = tt_CustomKeywords.CustomKeywords.CountElementInWebPageByDynamicElement(userOptionObj, attendee_fullname, "xpath"): Successfully get the element count. 
Element occurences in Webpage: 1

2020-09-24 00:02:00 - [MESSAGE][PASSED] - Successfully get the element count. 
Element occurences in Webpage: 1

2020-09-24 00:02:00 - [TEST_STEP][PASSED] - attendeeOptSCount = attendeeObjCount.toString(): null

2020-09-24 00:02:00 - [TEST_STEP][PASSED] - out.println(attendeeOptSCount): null

2020-09-24 00:02:00 - [TEST_STEP][PASSED] - attendeeObj_Xpath = attendeeOpt_Obj.findPropertyValue("xpath"): null

2020-09-24 00:02:00 - [TEST_STEP][PASSED] - newAttendeeOpt = "(" + attendeeObj_Xpath + ")[%s]": null

2020-09-24 00:02:00 - [TEST_STEP][PASSED] - out.println(newAttendeeOpt): null

2020-09-24 00:02:00 - [TEST_STEP][PASSED] - newAttendeeOpt_Obj = tt_CustomKeywords.CustomKeywords.CreateDynamicElement(newAttendeeOpt, attendeeOptSCount, "xpath"): Successfully created new dynamic object: ((//span[text()='Supervisor User']/parent::div[@role='option'])[3])[1]

2020-09-24 00:02:00 - [MESSAGE][PASSED] - Successfully created new dynamic object: ((//span[text()='Supervisor User']/parent::div[@role='option'])[3])[1]

2020-09-24 00:02:00 - [TEST_STEP][PASSED] - click(newAttendeeOpt_Obj): Object: '' is clicked on

2020-09-24 00:02:00 - [MESSAGE][PASSED] - Object: '' is clicked on

2020-09-24 00:02:00 - [TEST_STEP][PASSED] - waitForElementPresent(findTestObject("V2/Commons/EditMeetingPage/AddAttendeeSuccessNotif"), DefaultTimeout): Object 'Object Repository/V2/Commons/EditMeetingPage/AddAttendeeSuccessNotif' is present

2020-09-24 00:02:01 - [MESSAGE][PASSED] - Object 'Object Repository/V2/Commons/EditMeetingPage/AddAttendeeSuccessNotif' is present

2020-09-24 00:02:01 - [TEST_STEP][PASSED] - verifyElementPresent(findTestObject("V2/Commons/EditMeetingPage/AddAttendeeSuccessNotif"), DefaultTimeout): Object 'Object Repository/V2/Commons/EditMeetingPage/AddAttendeeSuccessNotif' is present

2020-09-24 00:02:01 - [MESSAGE][PASSED] - Object 'Object Repository/V2/Commons/EditMeetingPage/AddAttendeeSuccessNotif' is present

2020-09-24 00:02:01 - [TEST_STEP][PASSED] - permissionDrop_Obj = tt_CustomKeywords.CustomKeywords.CreateDynamicElement(permissionDropObj, attendee_fullname, "xpath"): Successfully created new dynamic object: //div[@role='alert' and text()='Supervisor User']/ancestor::div[@class='editAttendees__item']//button[contains(@aria-label,'assign')]/parent::div

2020-09-24 00:02:01 - [MESSAGE][PASSED] - Successfully created new dynamic object: //div[@role='alert' and text()='Supervisor User']/ancestor::div[@class='editAttendees__item']//button[contains(@aria-label,'assign')]/parent::div

2020-09-24 00:02:01 - [TEST_STEP][PASSED] - click(permissionDrop_Obj): Object: '' is clicked on

2020-09-24 00:02:01 - [MESSAGE][PASSED] - Object: '' is clicked on

2020-09-24 00:02:01 - [TEST_STEP][PASSED] - permissionDropOpt_Obj_MA = tt_CustomKeywords.CustomKeywords.CreateDynamicElement(permissionDropOptObj_MA, attendee_fullname, "xpath"): Successfully created new dynamic object: //div[@role='alert' and text()='Supervisor User']/ancestor::div[@class='editAttendees__item']//span[text()='Meeting Admin']/parent::div

2020-09-24 00:02:01 - [MESSAGE][PASSED] - Successfully created new dynamic object: //div[@role='alert' and text()='Supervisor User']/ancestor::div[@class='editAttendees__item']//span[text()='Meeting Admin']/parent::div

2020-09-24 00:02:01 - [TEST_STEP][PASSED] - permissionDropOpt_Obj_FE = tt_CustomKeywords.CustomKeywords.CreateDynamicElement(permissionDropOptObj_FE, attendee_fullname, "xpath"): Successfully created new dynamic object: //div[@role='alert' and text()='Supervisor User']/ancestor::div[@class='editAttendees__item']//span[text()='Full editor']/parent::div

2020-09-24 00:02:01 - [MESSAGE][PASSED] - Successfully created new dynamic object: //div[@role='alert' and text()='Supervisor User']/ancestor::div[@class='editAttendees__item']//span[text()='Full editor']/parent::div

2020-09-24 00:02:01 - [TEST_STEP][PASSED] - permissionDropOpt_Obj_BE = tt_CustomKeywords.CustomKeywords.CreateDynamicElement(permissionDropOptObj_BE, attendee_fullname, "xpath"): Successfully created new dynamic object: //div[@role='alert' and text()='Supervisor User']/ancestor::div[@class='editAttendees__item']//span[text()='Basic editor']/parent::div

2020-09-24 00:02:01 - [MESSAGE][PASSED] - Successfully created new dynamic object: //div[@role='alert' and text()='Supervisor User']/ancestor::div[@class='editAttendees__item']//span[text()='Basic editor']/parent::div

2020-09-24 00:02:01 - [TEST_STEP][PASSED] - if (permission == "Meeting Admin"): null

2020-09-24 00:02:01 - [TEST_STEP][PASSED] - if (permission == "Full editor"): Object: '' is clicked on

2020-09-24 00:02:01 - [TEST_STEP][PASSED] - delay(2): Delayed 2 second(s)

2020-09-24 00:02:03 - [MESSAGE][PASSED] - Delayed 2 second(s)

2020-09-24 00:02:03 - [TEST_STEP][PASSED] - click(permissionDropOpt_Obj_FE): Object: '' is clicked on

2020-09-24 00:02:03 - [MESSAGE][PASSED] - Object: '' is clicked on

2020-09-24 00:02:03 - [TEST_STEP][PASSED] - if (permission == "Basic editor"): null

2020-09-24 00:02:03 - [TEST_STEP][PASSED] - verifyElementPresent(findTestObject("V2/Commons/DasboardPage_SidebarMenu/MeetingsMenu"), DefaultTimeout): Object 'Object Repository/V2/Commons/DasboardPage_SidebarMenu/MeetingsMenu' is present

2020-09-24 00:02:03 - [MESSAGE][PASSED] - Object 'Object Repository/V2/Commons/DasboardPage_SidebarMenu/MeetingsMenu' is present

2020-09-24 00:02:03 - [TEST_STEP][PASSED] - click(findTestObject("V2/Commons/DasboardPage_SidebarMenu/MeetingsMenu")): Object: 'Object Repository/V2/Commons/DasboardPage_SidebarMenu/MeetingsMenu' is clicked on

2020-09-24 00:02:04 - [MESSAGE][PASSED] - Object: 'Object Repository/V2/Commons/DasboardPage_SidebarMenu/MeetingsMenu' is clicked on

2020-09-24 00:02:04 - [TEST_STEP][PASSED] - waitForElementNotPresent(findTestObject("V2/Commons/EditMeetingPage/AddAttendeeSuccessNotif"), DefaultTimeout): Web element with id: 'Object Repository/V2/Commons/EditMeetingPage/AddAttendeeSuccessNotif' located by 'By.xpath: //h3[text()='New attendee added!']' is not present after '60' second(s)

2020-09-24 00:02:08 - [MESSAGE][PASSED] - Web element with id: 'Object Repository/V2/Commons/EditMeetingPage/AddAttendeeSuccessNotif' located by 'By.xpath: //h3[text()='New attendee added!']' is not present after '60' second(s)

2020-09-24 00:02:08 - [MESSAGE][PASSED] - Call Test Case 'Test Cases/V2/Test Case/Pre-conditions/PRE_AddAllAttendeesToMeeting' successfully

2020-09-24 00:02:08 - [TEST_STEP][PASSED] - changeWebDriver(driver3): null

2020-09-24 00:02:08 - [TEST_STEP][PASSED] - click(findTestObject("V2/Commons/DasboardPage_SidebarMenu/MeetingsMenu")): Object: 'Object Repository/V2/Commons/DasboardPage_SidebarMenu/MeetingsMenu' is clicked on

2020-09-24 00:02:08 - [MESSAGE][PASSED] - Object: 'Object Repository/V2/Commons/DasboardPage_SidebarMenu/MeetingsMenu' is clicked on

2020-09-24 00:02:08 - [TEST_STEP][PASSED] - waitForElementPresent(findTestObject("V2/Commons/MeetingListPage/D_meetingRecord_meetingName_h2", ["meetingName":meetingName]), DefaultTimeout): Object 'Object Repository/V2/Commons/MeetingListPage/D_meetingRecord_meetingName_h2' is present

2020-09-24 00:02:08 - [MESSAGE][PASSED] - Object 'Object Repository/V2/Commons/MeetingListPage/D_meetingRecord_meetingName_h2' is present

2020-09-24 00:02:08 - [TEST_STEP][PASSED] - verifyElementVisible(findTestObject("V2/Commons/MeetingListPage/D_meetingRecord_meetingName_h2", ["meetingName":meetingName]), STOP_ON_FAILURE): Object 'Object Repository/V2/Commons/MeetingListPage/D_meetingRecord_meetingName_h2' is visible

2020-09-24 00:02:08 - [MESSAGE][PASSED] - Object 'Object Repository/V2/Commons/MeetingListPage/D_meetingRecord_meetingName_h2' is visible

2020-09-24 00:02:08 - [TEST_STEP][PASSED] - waitForElementPresent(findTestObject("Object Repository/V2/TT-363/Page_Meeting/Edit_Meeting/Page_Edit Meeting/input__meeting title"), DefaultTimeout): Object 'Object Repository/V2/TT-363/Page_Meeting/Edit_Meeting/Page_Edit Meeting/input__meeting title' is present

2020-09-24 00:03:09 - [MESSAGE][INFO] - Unable to find the element located by 'By.xpath: //input[@id='name']'. Please recheck the objects properties to make sure the desired element is located. 

2020-09-24 00:03:09 - [MESSAGE][WARNING] - [SELF-HEALING] Failed to find element with id 'Object Repository/V2/TT-363/Page_Meeting/Edit_Meeting/Page_Edit Meeting/input__meeting title'. Try using Self-healing.

2020-09-24 00:03:09 - [MESSAGE][WARNING] - [SELF-HEALING] The current locator of test object 'Object Repository/V2/TT-363/Page_Meeting/Edit_Meeting/Page_Edit Meeting/input__meeting title' was broken. Propose an alternative one: '//input'.

2020-09-24 00:03:09 - [MESSAGE][PASSED] - Object 'Object Repository/V2/TT-363/Page_Meeting/Edit_Meeting/Page_Edit Meeting/input__meeting title' is present

2020-09-24 00:03:09 - [TEST_STEP][PASSED] - click(findTestObject("Object Repository/V2/TT-363/Page_Meeting/Edit_Meeting/Page_Edit Meeting/div_GeneralBasic informationVideo conferenc_ee1ae7")): Object: 'Object Repository/V2/TT-363/Page_Meeting/Edit_Meeting/Page_Edit Meeting/div_GeneralBasic informationVideo conferenc_ee1ae7' is clicked on

2020-09-24 00:03:41 - [MESSAGE][INFO] - Unable to find the element located by 'By.xpath: //a[@href='#video-conference']'. Please recheck the objects properties to make sure the desired element is located. 

2020-09-24 00:03:41 - [MESSAGE][WARNING] - [SELF-HEALING] Failed to find element with id 'Object Repository/V2/TT-363/Page_Meeting/Edit_Meeting/Page_Edit Meeting/div_GeneralBasic informationVideo conferenc_ee1ae7'. Try using Self-healing.

2020-09-24 00:03:41 - [MESSAGE][WARNING] - [SELF-HEALING] The current locator of test object 'Object Repository/V2/TT-363/Page_Meeting/Edit_Meeting/Page_Edit Meeting/div_GeneralBasic informationVideo conferenc_ee1ae7' was broken. Propose an alternative one: '//div[2]/div/div/div[2]'.

2020-09-24 00:03:41 - [MESSAGE][PASSED] - Object: 'Object Repository/V2/TT-363/Page_Meeting/Edit_Meeting/Page_Edit Meeting/div_GeneralBasic informationVideo conferenc_ee1ae7' is clicked on

2020-09-24 00:03:41 - [TEST_STEP][FAILED] - A_disabledClickBI = getAttribute(findTestObject("V2/TT-363/AllTestCase/editMeeting_Disabled_VC"), "disabled"): Unable to get attribute 'disabled' of object 'Object Repository/V2/TT-363/AllTestCase/editMeeting_Disabled_VC' (Root cause: com.kms.katalon.core.exception.StepFailedException: Unable to get attribute 'disabled' of object 'Object Repository/V2/TT-363/AllTestCase/editMeeting_Disabled_VC'
	at com.kms.katalon.core.webui.keyword.internal.WebUIKeywordMain.stepFailed(WebUIKeywordMain.groovy:64)
	at com.kms.katalon.core.webui.keyword.internal.WebUIKeywordMain.runKeyword(WebUIKeywordMain.groovy:26)
	at com.kms.katalon.core.webui.keyword.builtin.GetAttributeKeyword.getAttribute(GetAttributeKeyword.groovy:93)
	at com.kms.katalon.core.webui.keyword.builtin.GetAttributeKeyword.execute(GetAttributeKeyword.groovy:68)
	at com.kms.katalon.core.keyword.internal.KeywordExecutor.executeKeywordForPlatform(KeywordExecutor.groovy:73)
	at com.kms.katalon.core.webui.keyword.WebUiBuiltInKeywords.getAttribute(WebUiBuiltInKeywords.groovy:947)
	at com.kms.katalon.core.webui.keyword.WebUiBuiltInKeywords$getAttribute$3.call(Unknown Source)
	at TT_363_7_EditMeetingVideoConference_AllTestCase.run(TT_363_7_EditMeetingVideoConference_AllTestCase:109)
	at com.kms.katalon.core.main.ScriptEngine.run(ScriptEngine.java:194)
	at com.kms.katalon.core.main.ScriptEngine.runScriptAsRawText(ScriptEngine.java:119)
	at com.kms.katalon.core.main.TestCaseExecutor.runScript(TestCaseExecutor.java:339)
	at com.kms.katalon.core.main.TestCaseExecutor.doExecute(TestCaseExecutor.java:330)
	at com.kms.katalon.core.main.TestCaseExecutor.processExecutionPhase(TestCaseExecutor.java:309)
	at com.kms.katalon.core.main.TestCaseExecutor.accessMainPhase(TestCaseExecutor.java:301)
	at com.kms.katalon.core.main.TestCaseExecutor.execute(TestCaseExecutor.java:235)
	at com.kms.katalon.core.main.TestSuiteExecutor.accessTestCaseMainPhase(TestSuiteExecutor.java:191)
	at com.kms.katalon.core.main.TestSuiteExecutor.accessTestSuiteMainPhase(TestSuiteExecutor.java:141)
	at com.kms.katalon.core.main.TestSuiteExecutor.execute(TestSuiteExecutor.java:90)
	at com.kms.katalon.core.main.TestCaseMain.startTestSuite(TestCaseMain.java:157)
	at com.kms.katalon.core.main.TestCaseMain$startTestSuite$0.call(Unknown Source)
	at TempTestSuite1600874509971.run(TempTestSuite1600874509971.groovy:39)
Caused by: com.kms.katalon.core.webui.exception.WebElementNotFoundException: Web element with id: 'Object Repository/V2/TT-363/AllTestCase/editMeeting_Disabled_VC' located by '//input[@id='meetingLink']/parent::div' not found
	at com.kms.katalon.core.webui.common.WebUiCommonHelper.findWebElement(WebUiCommonHelper.java:1368)
	at com.kms.katalon.core.webui.keyword.internal.WebUIAbstractKeyword.findWebElement(WebUIAbstractKeyword.groovy:27)
	at com.kms.katalon.core.webui.keyword.internal.WebUIAbstractKeyword.findWebElement(WebUIAbstractKeyword.groovy:26)
	at com.kms.katalon.core.webui.keyword.builtin.GetAttributeKeyword$_getAttribute_closure1.doCall(GetAttributeKeyword.groovy:83)
	at com.kms.katalon.core.webui.keyword.builtin.GetAttributeKeyword$_getAttribute_closure1.call(GetAttributeKeyword.groovy)
	at com.kms.katalon.core.webui.keyword.internal.WebUIKeywordMain.runKeyword(WebUIKeywordMain.groovy:20)
	at com.kms.katalon.core.webui.keyword.builtin.GetAttributeKeyword.getAttribute(GetAttributeKeyword.groovy:93)
	at com.kms.katalon.core.webui.keyword.builtin.GetAttributeKeyword.execute(GetAttributeKeyword.groovy:68)
	at com.kms.katalon.core.keyword.internal.KeywordExecutor.executeKeywordForPlatform(KeywordExecutor.groovy:73)
	at com.kms.katalon.core.webui.keyword.WebUiBuiltInKeywords.getAttribute(WebUiBuiltInKeywords.groovy:947)
	at com.kms.katalon.core.webui.keyword.WebUiBuiltInKeywords$getAttribute$3.call(Unknown Source)
	at Script1598827349986.run(Script1598827349986.groovy:109)
	... 13 more
)

2020-09-24 00:04:12 - [MESSAGE][INFO] - Unable to find the element located by 'By.xpath: //input[@id='meetingLink']/parent::div'. Please recheck the objects properties to make sure the desired element is located. 

2020-09-24 00:04:12 - [MESSAGE][WARNING] - [SELF-HEALING] Failed to find element with id 'Object Repository/V2/TT-363/AllTestCase/editMeeting_Disabled_VC'. Try using Self-healing.

2020-09-24 00:04:13 - [MESSAGE][INFO] - [SELF-HEALING] No working XPath is found.

2020-09-24 00:04:14 - [MESSAGE][INFO] - Unable to find the element located by 'By.xpath: '. Please recheck the objects properties to make sure the desired element is located. 

2020-09-24 00:04:14 - [MESSAGE][WARNING] - [SELF-HEALING] Cannot find elements when the selector is null

2020-09-24 00:04:14 - [MESSAGE][FAILED] - Unable to get attribute 'disabled' of object 'Object Repository/V2/TT-363/AllTestCase/editMeeting_Disabled_VC' (Root cause: com.kms.katalon.core.exception.StepFailedException: Unable to get attribute 'disabled' of object 'Object Repository/V2/TT-363/AllTestCase/editMeeting_Disabled_VC'
	at com.kms.katalon.core.webui.keyword.internal.WebUIKeywordMain.stepFailed(WebUIKeywordMain.groovy:64)
	at com.kms.katalon.core.webui.keyword.internal.WebUIKeywordMain.runKeyword(WebUIKeywordMain.groovy:26)
	at com.kms.katalon.core.webui.keyword.builtin.GetAttributeKeyword.getAttribute(GetAttributeKeyword.groovy:93)
	at com.kms.katalon.core.webui.keyword.builtin.GetAttributeKeyword.execute(GetAttributeKeyword.groovy:68)
	at com.kms.katalon.core.keyword.internal.KeywordExecutor.executeKeywordForPlatform(KeywordExecutor.groovy:73)
	at com.kms.katalon.core.webui.keyword.WebUiBuiltInKeywords.getAttribute(WebUiBuiltInKeywords.groovy:947)
	at com.kms.katalon.core.webui.keyword.WebUiBuiltInKeywords$getAttribute$3.call(Unknown Source)
	at TT_363_7_EditMeetingVideoConference_AllTestCase.run(TT_363_7_EditMeetingVideoConference_AllTestCase:109)
	at com.kms.katalon.core.main.ScriptEngine.run(ScriptEngine.java:194)
	at com.kms.katalon.core.main.ScriptEngine.runScriptAsRawText(ScriptEngine.java:119)
	at com.kms.katalon.core.main.TestCaseExecutor.runScript(TestCaseExecutor.java:339)
	at com.kms.katalon.core.main.TestCaseExecutor.doExecute(TestCaseExecutor.java:330)
	at com.kms.katalon.core.main.TestCaseExecutor.processExecutionPhase(TestCaseExecutor.java:309)
	at com.kms.katalon.core.main.TestCaseExecutor.accessMainPhase(TestCaseExecutor.java:301)
	at com.kms.katalon.core.main.TestCaseExecutor.execute(TestCaseExecutor.java:235)
	at com.kms.katalon.core.main.TestSuiteExecutor.accessTestCaseMainPhase(TestSuiteExecutor.java:191)
	at com.kms.katalon.core.main.TestSuiteExecutor.accessTestSuiteMainPhase(TestSuiteExecutor.java:141)
	at com.kms.katalon.core.main.TestSuiteExecutor.execute(TestSuiteExecutor.java:90)
	at com.kms.katalon.core.main.TestCaseMain.startTestSuite(TestCaseMain.java:157)
	at com.kms.katalon.core.main.TestCaseMain$startTestSuite$0.call(Unknown Source)
	at TempTestSuite1600874509971.run(TempTestSuite1600874509971.groovy:39)
Caused by: com.kms.katalon.core.webui.exception.WebElementNotFoundException: Web element with id: 'Object Repository/V2/TT-363/AllTestCase/editMeeting_Disabled_VC' located by '//input[@id='meetingLink']/parent::div' not found
	at com.kms.katalon.core.webui.common.WebUiCommonHelper.findWebElement(WebUiCommonHelper.java:1368)
	at com.kms.katalon.core.webui.keyword.internal.WebUIAbstractKeyword.findWebElement(WebUIAbstractKeyword.groovy:27)
	at com.kms.katalon.core.webui.keyword.internal.WebUIAbstractKeyword.findWebElement(WebUIAbstractKeyword.groovy:26)
	at com.kms.katalon.core.webui.keyword.builtin.GetAttributeKeyword$_getAttribute_closure1.doCall(GetAttributeKeyword.groovy:83)
	at com.kms.katalon.core.webui.keyword.builtin.GetAttributeKeyword$_getAttribute_closure1.call(GetAttributeKeyword.groovy)
	at com.kms.katalon.core.webui.keyword.internal.WebUIKeywordMain.runKeyword(WebUIKeywordMain.groovy:20)
	at com.kms.katalon.core.webui.keyword.builtin.GetAttributeKeyword.getAttribute(GetAttributeKeyword.groovy:93)
	at com.kms.katalon.core.webui.keyword.builtin.GetAttributeKeyword.execute(GetAttributeKeyword.groovy:68)
	at com.kms.katalon.core.keyword.internal.KeywordExecutor.executeKeywordForPlatform(KeywordExecutor.groovy:73)
	at com.kms.katalon.core.webui.keyword.WebUiBuiltInKeywords.getAttribute(WebUiBuiltInKeywords.groovy:947)
	at com.kms.katalon.core.webui.keyword.WebUiBuiltInKeywords$getAttribute$3.call(Unknown Source)
	at Script1598827349986.run(Script1598827349986.groovy:109)
	... 13 more
)
[[ATTACHMENT|C:\\Users\\Aaron-PC\\git\\TractionTools\\Reports\\20200923_232149\\V2\\Tests\\TT-363 - Meeting List\\TT-363_TestSuite\\20200923_232149\\1600877054117.png]]]]></system-out>
         <system-err><![CDATA[2020-09-23 23:59:33 - [TEST_CASE][FAILED] - Test Cases/V2/Test Case/Tests/TT-363 - Meeting List/Positive/TT_363_7_EditMeetingVideoConference_AllTestCase: Test Cases/V2/Test Case/Tests/TT-363 - Meeting List/Positive/TT_363_7_EditMeetingVideoConference_AllTestCase FAILED.
Reason:
com.kms.katalon.core.exception.StepFailedException: Unable to get attribute 'disabled' of object 'Object Repository/V2/TT-363/AllTestCase/editMeeting_Disabled_VC'
	at com.kms.katalon.core.webui.keyword.internal.WebUIKeywordMain.stepFailed(WebUIKeywordMain.groovy:64)
	at com.kms.katalon.core.webui.keyword.internal.WebUIKeywordMain.runKeyword(WebUIKeywordMain.groovy:26)
	at com.kms.katalon.core.webui.keyword.builtin.GetAttributeKeyword.getAttribute(GetAttributeKeyword.groovy:93)
	at com.kms.katalon.core.webui.keyword.builtin.GetAttributeKeyword.execute(GetAttributeKeyword.groovy:68)
	at com.kms.katalon.core.keyword.internal.KeywordExecutor.executeKeywordForPlatform(KeywordExecutor.groovy:73)
	at com.kms.katalon.core.webui.keyword.WebUiBuiltInKeywords.getAttribute(WebUiBuiltInKeywords.groovy:947)
	at com.kms.katalon.core.webui.keyword.WebUiBuiltInKeywords$getAttribute$3.call(Unknown Source)
	at TT_363_7_EditMeetingVideoConference_AllTestCase.run(TT_363_7_EditMeetingVideoConference_AllTestCase:109)
	at com.kms.katalon.core.main.ScriptEngine.run(ScriptEngine.java:194)
	at com.kms.katalon.core.main.ScriptEngine.runScriptAsRawText(ScriptEngine.java:119)
	at com.kms.katalon.core.main.TestCaseExecutor.runScript(TestCaseExecutor.java:339)
	at com.kms.katalon.core.main.TestCaseExecutor.doExecute(TestCaseExecutor.java:330)
	at com.kms.katalon.core.main.TestCaseExecutor.processExecutionPhase(TestCaseExecutor.java:309)
	at com.kms.katalon.core.main.TestCaseExecutor.accessMainPhase(TestCaseExecutor.java:301)
	at com.kms.katalon.core.main.TestCaseExecutor.execute(TestCaseExecutor.java:235)
	at com.kms.katalon.core.main.TestSuiteExecutor.accessTestCaseMainPhase(TestSuiteExecutor.java:191)
	at com.kms.katalon.core.main.TestSuiteExecutor.accessTestSuiteMainPhase(TestSuiteExecutor.java:141)
	at com.kms.katalon.core.main.TestSuiteExecutor.execute(TestSuiteExecutor.java:90)
	at com.kms.katalon.core.main.TestCaseMain.startTestSuite(TestCaseMain.java:157)
	at com.kms.katalon.core.main.TestCaseMain$startTestSuite$0.call(Unknown Source)
	at TempTestSuite1600874509971.run(TempTestSuite1600874509971.groovy:39)
Caused by: com.kms.katalon.core.webui.exception.WebElementNotFoundException: Web element with id: 'Object Repository/V2/TT-363/AllTestCase/editMeeting_Disabled_VC' located by '//input[@id='meetingLink']/parent::div' not found
	at com.kms.katalon.core.webui.common.WebUiCommonHelper.findWebElement(WebUiCommonHelper.java:1368)
	at com.kms.katalon.core.webui.keyword.internal.WebUIAbstractKeyword.findWebElement(WebUIAbstractKeyword.groovy:27)
	at com.kms.katalon.core.webui.keyword.internal.WebUIAbstractKeyword.findWebElement(WebUIAbstractKeyword.groovy:26)
	at com.kms.katalon.core.webui.keyword.builtin.GetAttributeKeyword$_getAttribute_closure1.doCall(GetAttributeKeyword.groovy:83)
	at com.kms.katalon.core.webui.keyword.builtin.GetAttributeKeyword$_getAttribute_closure1.call(GetAttributeKeyword.groovy)
	at com.kms.katalon.core.webui.keyword.internal.WebUIKeywordMain.runKeyword(WebUIKeywordMain.groovy:20)
	... 19 more]]></system-err>
      </testcase>
      <system-out><![CDATA[2020-09-23 23:21:51 - [TEST_SUITE][FAILED] - TT-363_TestSuite: Test Cases/V2/Test Case/Tests/TT-363 - Meeting List/Positive/TT_363_5_AddRole_AllTestCase FAILED.
Reason:
com.kms.katalon.core.exception.StepFailedException: Call Test Case 'Test Cases/V2/Test Case/Tests/TT-363 - Meeting List/Positive/Admin/TT_363_1-1_CreateL10MeetingforMonday_Admin' failed
	at com.kms.katalon.core.keyword.builtin.CallTestCaseKeyword$_callTestCase_closure1.doCall(CallTestCaseKeyword.groovy:63)
	at com.kms.katalon.core.keyword.builtin.CallTestCaseKeyword$_callTestCase_closure1.call(CallTestCaseKeyword.groovy)
	at com.kms.katalon.core.keyword.internal.KeywordMain.runKeyword(KeywordMain.groovy:68)
	at com.kms.katalon.core.keyword.builtin.CallTestCaseKeyword.callTestCase(CallTestCaseKeyword.groovy:81)
	at com.kms.katalon.core.keyword.builtin.CallTestCaseKeyword.execute(CallTestCaseKeyword.groovy:44)
	at com.kms.katalon.core.keyword.internal.KeywordExecutor.executeKeywordForPlatform(KeywordExecutor.groovy:73)
	at com.kms.katalon.core.keyword.BuiltinKeywords.callTestCase(BuiltinKeywords.groovy:334)
	at TT_363_5_AddRole_AllTestCase.run(TT_363_5_AddRole_AllTestCase:71)
	at com.kms.katalon.core.main.ScriptEngine.run(ScriptEngine.java:194)
	at com.kms.katalon.core.main.ScriptEngine.runScriptAsRawText(ScriptEngine.java:119)
	at com.kms.katalon.core.main.TestCaseExecutor.runScript(TestCaseExecutor.java:339)
	at com.kms.katalon.core.main.TestCaseExecutor.doExecute(TestCaseExecutor.java:330)
	at com.kms.katalon.core.main.TestCaseExecutor.processExecutionPhase(TestCaseExecutor.java:309)
	at com.kms.katalon.core.main.TestCaseExecutor.accessMainPhase(TestCaseExecutor.java:301)
	at com.kms.katalon.core.main.TestCaseExecutor.execute(TestCaseExecutor.java:235)
	at com.kms.katalon.core.main.TestSuiteExecutor.accessTestCaseMainPhase(TestSuiteExecutor.java:191)
	at com.kms.katalon.core.main.TestSuiteExecutor.accessTestSuiteMainPhase(TestSuiteExecutor.java:141)
	at com.kms.katalon.core.main.TestSuiteExecutor.execute(TestSuiteExecutor.java:90)
	at com.kms.katalon.core.main.TestCaseMain.startTestSuite(TestCaseMain.java:157)
	at com.kms.katalon.core.main.TestCaseMain$startTestSuite$0.call(Unknown Source)
	at TempTestSuite1600874509971.run(TempTestSuite1600874509971.groovy:39)
Caused by: com.kms.katalon.core.exception.StepFailedException: Unable to click on object 'Object Repository/V2/TT-363/Page_Meeting/div_Ill do this later'
	at com.kms.katalon.core.webui.keyword.internal.WebUIKeywordMain.stepFailed(WebUIKeywordMain.groovy:64)
	at com.kms.katalon.core.webui.keyword.internal.WebUIKeywordMain.runKeyword(WebUIKeywordMain.groovy:26)
	at com.kms.katalon.core.webui.keyword.builtin.ClickKeyword.click(ClickKeyword.groovy:76)
	at com.kms.katalon.core.webui.keyword.builtin.ClickKeyword.execute(ClickKeyword.groovy:43)
	at com.kms.katalon.core.keyword.internal.KeywordExecutor.executeKeywordForPlatform(KeywordExecutor.groovy:73)
	at com.kms.katalon.core.webui.keyword.WebUiBuiltInKeywords.click(WebUiBuiltInKeywords.groovy:616)
	at com.kms.katalon.core.webui.keyword.WebUiBuiltInKeywords$click$5.call(Unknown Source)
	at TT_363_1-1_CreateL10MeetingforMonday_Admin.run(TT_363_1-1_CreateL10MeetingforMonday_Admin:55)
	at com.kms.katalon.core.main.ScriptEngine.run(ScriptEngine.java:194)
	at com.kms.katalon.core.main.ScriptEngine.runScriptAsRawText(ScriptEngine.java:119)
	at com.kms.katalon.core.main.TestCaseExecutor.runScript(TestCaseExecutor.java:339)
	at com.kms.katalon.core.main.TestCaseExecutor.doExecute(TestCaseExecutor.java:330)
	at com.kms.katalon.core.main.TestCaseExecutor.processExecutionPhase(TestCaseExecutor.java:309)
	at com.kms.katalon.core.main.TestCaseExecutor.accessMainPhase(TestCaseExecutor.java:301)
	at com.kms.katalon.core.main.TestCaseExecutor.execute(TestCaseExecutor.java:235)
	at com.kms.katalon.core.main.TestCaseMain.runTestCase(TestCaseMain.java:114)
	at com.kms.katalon.core.keyword.builtin.CallTestCaseKeyword$_callTestCase_closure1.doCall(CallTestCaseKeyword.groovy:59)
	... 20 more
Caused by: com.kms.katalon.core.webui.exception.WebElementNotFoundException: Web element with id: 'Object Repository/V2/TT-363/Page_Meeting/div_Ill do this later' located by '//div[@id='CREATE_MEETING_SUCCESS_MODAL']/div[2]/div[3]/button[2]/div/div' not found
	at com.kms.katalon.core.webui.common.WebUiCommonHelper.findWebElement(WebUiCommonHelper.java:1368)
	at com.kms.katalon.core.webui.keyword.internal.WebUIAbstractKeyword.findWebElement(WebUIAbstractKeyword.groovy:27)
	at com.kms.katalon.core.webui.keyword.internal.WebUIAbstractKeyword.findWebElement(WebUIAbstractKeyword.groovy:26)
	at com.kms.katalon.core.webui.keyword.builtin.ClickKeyword$_click_closure1.doCall(ClickKeyword.groovy:67)
	at com.kms.katalon.core.webui.keyword.builtin.ClickKeyword$_click_closure1.call(ClickKeyword.groovy)
	at com.kms.katalon.core.webui.keyword.internal.WebUIKeywordMain.runKeyword(WebUIKeywordMain.groovy:20)
	... 35 more]]></system-out>
      <system-err><![CDATA[2020-09-23 23:21:51 - [TEST_SUITE][FAILED] - TT-363_TestSuite: Test Cases/V2/Test Case/Tests/TT-363 - Meeting List/Positive/TT_363_5_AddRole_AllTestCase FAILED.
Reason:
com.kms.katalon.core.exception.StepFailedException: Call Test Case 'Test Cases/V2/Test Case/Tests/TT-363 - Meeting List/Positive/Admin/TT_363_1-1_CreateL10MeetingforMonday_Admin' failed
	at com.kms.katalon.core.keyword.builtin.CallTestCaseKeyword$_callTestCase_closure1.doCall(CallTestCaseKeyword.groovy:63)
	at com.kms.katalon.core.keyword.builtin.CallTestCaseKeyword$_callTestCase_closure1.call(CallTestCaseKeyword.groovy)
	at com.kms.katalon.core.keyword.internal.KeywordMain.runKeyword(KeywordMain.groovy:68)
	at com.kms.katalon.core.keyword.builtin.CallTestCaseKeyword.callTestCase(CallTestCaseKeyword.groovy:81)
	at com.kms.katalon.core.keyword.builtin.CallTestCaseKeyword.execute(CallTestCaseKeyword.groovy:44)
	at com.kms.katalon.core.keyword.internal.KeywordExecutor.executeKeywordForPlatform(KeywordExecutor.groovy:73)
	at com.kms.katalon.core.keyword.BuiltinKeywords.callTestCase(BuiltinKeywords.groovy:334)
	at TT_363_5_AddRole_AllTestCase.run(TT_363_5_AddRole_AllTestCase:71)
	at com.kms.katalon.core.main.ScriptEngine.run(ScriptEngine.java:194)
	at com.kms.katalon.core.main.ScriptEngine.runScriptAsRawText(ScriptEngine.java:119)
	at com.kms.katalon.core.main.TestCaseExecutor.runScript(TestCaseExecutor.java:339)
	at com.kms.katalon.core.main.TestCaseExecutor.doExecute(TestCaseExecutor.java:330)
	at com.kms.katalon.core.main.TestCaseExecutor.processExecutionPhase(TestCaseExecutor.java:309)
	at com.kms.katalon.core.main.TestCaseExecutor.accessMainPhase(TestCaseExecutor.java:301)
	at com.kms.katalon.core.main.TestCaseExecutor.execute(TestCaseExecutor.java:235)
	at com.kms.katalon.core.main.TestSuiteExecutor.accessTestCaseMainPhase(TestSuiteExecutor.java:191)
	at com.kms.katalon.core.main.TestSuiteExecutor.accessTestSuiteMainPhase(TestSuiteExecutor.java:141)
	at com.kms.katalon.core.main.TestSuiteExecutor.execute(TestSuiteExecutor.java:90)
	at com.kms.katalon.core.main.TestCaseMain.startTestSuite(TestCaseMain.java:157)
	at com.kms.katalon.core.main.TestCaseMain$startTestSuite$0.call(Unknown Source)
	at TempTestSuite1600874509971.run(TempTestSuite1600874509971.groovy:39)
Caused by: com.kms.katalon.core.exception.StepFailedException: Unable to click on object 'Object Repository/V2/TT-363/Page_Meeting/div_Ill do this later'
	at com.kms.katalon.core.webui.keyword.internal.WebUIKeywordMain.stepFailed(WebUIKeywordMain.groovy:64)
	at com.kms.katalon.core.webui.keyword.internal.WebUIKeywordMain.runKeyword(WebUIKeywordMain.groovy:26)
	at com.kms.katalon.core.webui.keyword.builtin.ClickKeyword.click(ClickKeyword.groovy:76)
	at com.kms.katalon.core.webui.keyword.builtin.ClickKeyword.execute(ClickKeyword.groovy:43)
	at com.kms.katalon.core.keyword.internal.KeywordExecutor.executeKeywordForPlatform(KeywordExecutor.groovy:73)
	at com.kms.katalon.core.webui.keyword.WebUiBuiltInKeywords.click(WebUiBuiltInKeywords.groovy:616)
	at com.kms.katalon.core.webui.keyword.WebUiBuiltInKeywords$click$5.call(Unknown Source)
	at TT_363_1-1_CreateL10MeetingforMonday_Admin.run(TT_363_1-1_CreateL10MeetingforMonday_Admin:55)
	at com.kms.katalon.core.main.ScriptEngine.run(ScriptEngine.java:194)
	at com.kms.katalon.core.main.ScriptEngine.runScriptAsRawText(ScriptEngine.java:119)
	at com.kms.katalon.core.main.TestCaseExecutor.runScript(TestCaseExecutor.java:339)
	at com.kms.katalon.core.main.TestCaseExecutor.doExecute(TestCaseExecutor.java:330)
	at com.kms.katalon.core.main.TestCaseExecutor.processExecutionPhase(TestCaseExecutor.java:309)
	at com.kms.katalon.core.main.TestCaseExecutor.accessMainPhase(TestCaseExecutor.java:301)
	at com.kms.katalon.core.main.TestCaseExecutor.execute(TestCaseExecutor.java:235)
	at com.kms.katalon.core.main.TestCaseMain.runTestCase(TestCaseMain.java:114)
	at com.kms.katalon.core.keyword.builtin.CallTestCaseKeyword$_callTestCase_closure1.doCall(CallTestCaseKeyword.groovy:59)
	... 20 more
Caused by: com.kms.katalon.core.webui.exception.WebElementNotFoundException: Web element with id: 'Object Repository/V2/TT-363/Page_Meeting/div_Ill do this later' located by '//div[@id='CREATE_MEETING_SUCCESS_MODAL']/div[2]/div[3]/button[2]/div/div' not found
	at com.kms.katalon.core.webui.common.WebUiCommonHelper.findWebElement(WebUiCommonHelper.java:1368)
	at com.kms.katalon.core.webui.keyword.internal.WebUIAbstractKeyword.findWebElement(WebUIAbstractKeyword.groovy:27)
	at com.kms.katalon.core.webui.keyword.internal.WebUIAbstractKeyword.findWebElement(WebUIAbstractKeyword.groovy:26)
	at com.kms.katalon.core.webui.keyword.builtin.ClickKeyword$_click_closure1.doCall(ClickKeyword.groovy:67)
	at com.kms.katalon.core.webui.keyword.builtin.ClickKeyword$_click_closure1.call(ClickKeyword.groovy)
	at com.kms.katalon.core.webui.keyword.internal.WebUIKeywordMain.runKeyword(WebUIKeywordMain.groovy:20)
	... 35 more]]></system-err>
   </testsuite>
</testsuites>
