<?xml version="1.0" encoding="UTF-8"?>
<testsuites name="PR-369_TestSuite" time="1423.336" tests="5" failures="2" errors="0">
   <testsuite name="PR-369_TestSuite" tests="5" failures="2" errors="0" time="1423.336" timestamp="2020-09-03 14:35:22" hostname="Aaron-PC - host.docker.internal" id="Test Suites/V2/Tests/PR-369 - EditMeetingAgenda/PR-369_TestSuite">
      <properties>
         <property name="deviceName" value=""/>
         <property name="devicePlatform" value=""/>
         <property name="logFolder" value="C:\\Users\\Aaron-PC\\git\\TractionTools\\Reports\\20200903_143521\\V2\\Tests\\PR-369 - EditMeetingAgenda\\PR-369_TestSuite\\20200903_143521"/>
         <property name="logFiles" value="C:\\Users\\Aaron-PC\\git\\TractionTools\\Reports\\20200903_143521\\V2\\Tests\\PR-369 - EditMeetingAgenda\\PR-369_TestSuite\\20200903_143521\\execution0.log"/>
         <property name="attachments" value="C:\\Users\\Aaron-PC\\git\\TractionTools\\Reports\\20200903_143521\\V2\\Tests\\PR-369 - EditMeetingAgenda\\PR-369_TestSuite\\20200903_143521\\1599115152919.png, C:\\Users\\Aaron-PC\\git\\TractionTools\\Reports\\20200903_143521\\V2\\Tests\\PR-369 - EditMeetingAgenda\\PR-369_TestSuite\\20200903_143521\\1599115555956.png"/>
         <property name="hostName" value="Aaron-PC - host.docker.internal"/>
         <property name="os" value="Windows 10 64bit"/>
         <property name="katalonVersion" value="7.6.6.205"/>
         <property name="browser" value="Chrome 85.0.4183.83"/>
         <property name="hostAddress" value="192.168.1.48"/>
         <property name="sessionId" value="4b0e0521cc50d3822e9ee76e5a9dd8f0"/>
         <property name="seleniumVersion" value="3.141.59"/>
         <property name="proxyInformation" value="ProxyInformation { proxyOption=NO_PROXY, proxyServerType=HTTP, username=, password=********, proxyServerAddress=, proxyServerPort=0, executionList=&quot;&quot;, isApplyToDesiredCapabilities=true }"/>
         <property name="platform" value="Windows 10"/>
      </properties>
      <testcase name="Test Cases/V2/Test Case/Tests/PR-369 - EditMeetingAgenda/Test Cases/Positive/TT_369_2_CreateRock_AllTestCase" time="230.189" classname="Test Cases/V2/Test Case/Tests/PR-369 - EditMeetingAgenda/Test Cases/Positive/TT_369_2_CreateRock_AllTestCase" status="FAILED">
         <failure type="FAILED" message="Test Cases/V2/Test Case/Tests/PR-369 - EditMeetingAgenda/Test Cases/Positive/TT_369_2_CreateRock_AllTestCase FAILED.
Reason:
com.kms.katalon.core.exception.StepFailedException: Call Test Case 'Test Cases/V2/Test Case/Tests/PR-369 - EditMeetingAgenda/Test Cases/Positive/Admin/PR_369_7_EditMeetingCreateRock_Admin' failed
	at com.kms.katalon.core.keyword.builtin.CallTestCaseKeyword$_callTestCase_closure1.doCall(CallTestCaseKeyword.groovy:63)
	at com.kms.katalon.core.keyword.builtin.CallTestCaseKeyword$_callTestCase_closure1.call(CallTestCaseKeyword.groovy)
	at com.kms.katalon.core.keyword.internal.KeywordMain.runKeyword(KeywordMain.groovy:68)
	at com.kms.katalon.core.keyword.builtin.CallTestCaseKeyword.callTestCase(CallTestCaseKeyword.groovy:81)
	at com.kms.katalon.core.keyword.builtin.CallTestCaseKeyword.execute(CallTestCaseKeyword.groovy:44)
	at com.kms.katalon.core.keyword.internal.KeywordExecutor.executeKeywordForPlatform(KeywordExecutor.groovy:73)
	at com.kms.katalon.core.keyword.BuiltinKeywords.callTestCase(BuiltinKeywords.groovy:334)
	at TT_369_2_CreateRock_AllTestCase.run(TT_369_2_CreateRock_AllTestCase:78)
	at com.kms.katalon.core.main.ScriptEngine.run(ScriptEngine.java:194)
	at com.kms.katalon.core.main.ScriptEngine.runScriptAsRawText(ScriptEngine.java:119)
	at com.kms.katalon.core.main.TestCaseExecutor.runScript(TestCaseExecutor.java:339)
	at com.kms.katalon.core.main.TestCaseExecutor.doExecute(TestCaseExecutor.java:330)
	at com.kms.katalon.core.main.TestCaseExecutor.processExecutionPhase(TestCaseExecutor.java:309)
	at com.kms.katalon.core.main.TestCaseExecutor.accessMainPhase(TestCaseExecutor.java:301)
	at com.kms.katalon.core.main.TestCaseExecutor.execute(TestCaseExecutor.java:235)
	at com.kms.katalon.core.main.TestSuiteExecutor.accessTestCaseMainPhase(TestSuiteExecutor.java:191)
	at com.kms.katalon.core.main.TestSuiteExecutor.accessTestSuiteMainPhase(TestSuiteExecutor.java:141)
	at com.kms.katalon.core.main.TestSuiteExecutor.execute(TestSuiteExecutor.java:90)
	at com.kms.katalon.core.main.TestCaseMain.startTestSuite(TestCaseMain.java:157)
	at com.kms.katalon.core.main.TestCaseMain$startTestSuite$0.call(Unknown Source)
	at TempTestSuite1599114921433.run(TempTestSuite1599114921433.groovy:39)
Caused by: com.kms.katalon.core.exception.StepFailedException: Unable to click on object 'Object Repository/V2/Commons/DasboardPage_SidebarMenu/MeetingsMenu'
	at com.kms.katalon.core.webui.keyword.internal.WebUIKeywordMain.stepFailed(WebUIKeywordMain.groovy:64)
	at com.kms.katalon.core.webui.keyword.internal.WebUIKeywordMain.runKeyword(WebUIKeywordMain.groovy:26)
	at com.kms.katalon.core.webui.keyword.builtin.ClickKeyword.click(ClickKeyword.groovy:76)
	at com.kms.katalon.core.webui.keyword.builtin.ClickKeyword.execute(ClickKeyword.groovy:43)
	at com.kms.katalon.core.keyword.internal.KeywordExecutor.executeKeywordForPlatform(KeywordExecutor.groovy:73)
	at com.kms.katalon.core.webui.keyword.WebUiBuiltInKeywords.click(WebUiBuiltInKeywords.groovy:616)
	at com.kms.katalon.core.webui.keyword.WebUiBuiltInKeywords$click$5.call(Unknown Source)
	at PR_369_7_EditMeetingCreateRock_Admin.run(PR_369_7_EditMeetingCreateRock_Admin:34)
	at com.kms.katalon.core.main.ScriptEngine.run(ScriptEngine.java:194)
	at com.kms.katalon.core.main.ScriptEngine.runScriptAsRawText(ScriptEngine.java:119)
	at com.kms.katalon.core.main.TestCaseExecutor.runScript(TestCaseExecutor.java:339)
	at com.kms.katalon.core.main.TestCaseExecutor.doExecute(TestCaseExecutor.java:330)
	at com.kms.katalon.core.main.TestCaseExecutor.processExecutionPhase(TestCaseExecutor.java:309)
	at com.kms.katalon.core.main.TestCaseExecutor.accessMainPhase(TestCaseExecutor.java:301)
	at com.kms.katalon.core.main.TestCaseExecutor.execute(TestCaseExecutor.java:235)
	at com.kms.katalon.core.main.TestCaseMain.runTestCase(TestCaseMain.java:114)
	at com.kms.katalon.core.keyword.builtin.CallTestCaseKeyword$_callTestCase_closure1.doCall(CallTestCaseKeyword.groovy:59)
	... 20 more
Caused by: org.openqa.selenium.ElementClickInterceptedException: element click intercepted: Element &lt;div class=&quot;sidebar__content-item&quot;>...&lt;/div> is not clickable at point (150, 164). Other element would receive the click: &lt;div class=&quot;Backdrop-sc-102srga-0 jjKzmU&quot;>&lt;/div>
  (Session info: chrome=85.0.4183.83)
Build info: version: '3.141.59', revision: 'e82be7d358', time: '2018-11-14T08:25:53'
System info: host: 'DESKTOP-O0IP7CU', ip: '192.168.1.48', os.name: 'Windows 10', os.arch: 'amd64', os.version: '10.0', java.version: '1.8.0_181'
Driver info: org.openqa.selenium.chrome.ChromeDriver
Capabilities {acceptInsecureCerts: false, browserName: chrome, browserVersion: 85.0.4183.83, chrome: {chromedriverVersion: 85.0.4183.87 (cd6713ebf92fa..., userDataDir: C:\Users\Aaron-PC\AppData\L...}, goog:chromeOptions: {debuggerAddress: localhost:49206}, javascriptEnabled: true, networkConnectionEnabled: false, pageLoadStrategy: normal, platform: WINDOWS, platformName: WINDOWS, proxy: Proxy(), setWindowRect: true, strictFileInteractability: false, timeouts: {implicit: 0, pageLoad: 300000, script: 30000}, unhandledPromptBehavior: dismiss and notify, webauthn:virtualAuthenticators: true}
Session ID: 627caca33a2b1791d2e0986dfae791bd
	at org.openqa.selenium.remote.http.W3CHttpResponseCodec.createException(W3CHttpResponseCodec.java:187)
	at org.openqa.selenium.remote.http.W3CHttpResponseCodec.decode(W3CHttpResponseCodec.java:122)
	at org.openqa.selenium.remote.http.W3CHttpResponseCodec.decode(W3CHttpResponseCodec.java:49)
	at org.openqa.selenium.remote.HttpCommandExecutor.execute(HttpCommandExecutor.java:158)
	at org.openqa.selenium.remote.service.DriverCommandExecutor.execute(DriverCommandExecutor.java:83)
	at org.openqa.selenium.remote.RemoteWebDriver.execute(RemoteWebDriver.java:552)
	at org.openqa.selenium.remote.RemoteWebElement.execute(RemoteWebElement.java:285)
	at org.openqa.selenium.remote.RemoteWebElement.click(RemoteWebElement.java:84)
	at org.openqa.selenium.support.events.EventFiringWebDriver$EventFiringWebElement.lambda$new$0(EventFiringWebDriver.java:404)
	at com.sun.proxy.$Proxy10.click(Unknown Source)
	at org.openqa.selenium.support.events.EventFiringWebDriver$EventFiringWebElement.click(EventFiringWebDriver.java:417)
	at com.kms.katalon.core.webui.keyword.builtin.ClickKeyword$_click_closure1.doCall(ClickKeyword.groovy:69)
	at com.kms.katalon.core.webui.keyword.builtin.ClickKeyword$_click_closure1.call(ClickKeyword.groovy)
	at com.kms.katalon.core.webui.keyword.internal.WebUIKeywordMain.runKeyword(WebUIKeywordMain.groovy:20)
	... 35 more
"/>
         <system-out><![CDATA[2020-09-03 14:35:23 - [TEST_CASE][FAILED] - Test Cases/V2/Test Case/Tests/PR-369 - EditMeetingAgenda/Test Cases/Positive/TT_369_2_CreateRock_AllTestCase: Test Cases/V2/Test Case/Tests/PR-369 - EditMeetingAgenda/Test Cases/Positive/TT_369_2_CreateRock_AllTestCase FAILED.
Reason:
com.kms.katalon.core.exception.StepFailedException: Call Test Case 'Test Cases/V2/Test Case/Tests/PR-369 - EditMeetingAgenda/Test Cases/Positive/Admin/PR_369_7_EditMeetingCreateRock_Admin' failed
	at com.kms.katalon.core.keyword.builtin.CallTestCaseKeyword$_callTestCase_closure1.doCall(CallTestCaseKeyword.groovy:63)
	at com.kms.katalon.core.keyword.builtin.CallTestCaseKeyword$_callTestCase_closure1.call(CallTestCaseKeyword.groovy)
	at com.kms.katalon.core.keyword.internal.KeywordMain.runKeyword(KeywordMain.groovy:68)
	at com.kms.katalon.core.keyword.builtin.CallTestCaseKeyword.callTestCase(CallTestCaseKeyword.groovy:81)
	at com.kms.katalon.core.keyword.builtin.CallTestCaseKeyword.execute(CallTestCaseKeyword.groovy:44)
	at com.kms.katalon.core.keyword.internal.KeywordExecutor.executeKeywordForPlatform(KeywordExecutor.groovy:73)
	at com.kms.katalon.core.keyword.BuiltinKeywords.callTestCase(BuiltinKeywords.groovy:334)
	at TT_369_2_CreateRock_AllTestCase.run(TT_369_2_CreateRock_AllTestCase:78)
	at com.kms.katalon.core.main.ScriptEngine.run(ScriptEngine.java:194)
	at com.kms.katalon.core.main.ScriptEngine.runScriptAsRawText(ScriptEngine.java:119)
	at com.kms.katalon.core.main.TestCaseExecutor.runScript(TestCaseExecutor.java:339)
	at com.kms.katalon.core.main.TestCaseExecutor.doExecute(TestCaseExecutor.java:330)
	at com.kms.katalon.core.main.TestCaseExecutor.processExecutionPhase(TestCaseExecutor.java:309)
	at com.kms.katalon.core.main.TestCaseExecutor.accessMainPhase(TestCaseExecutor.java:301)
	at com.kms.katalon.core.main.TestCaseExecutor.execute(TestCaseExecutor.java:235)
	at com.kms.katalon.core.main.TestSuiteExecutor.accessTestCaseMainPhase(TestSuiteExecutor.java:191)
	at com.kms.katalon.core.main.TestSuiteExecutor.accessTestSuiteMainPhase(TestSuiteExecutor.java:141)
	at com.kms.katalon.core.main.TestSuiteExecutor.execute(TestSuiteExecutor.java:90)
	at com.kms.katalon.core.main.TestCaseMain.startTestSuite(TestCaseMain.java:157)
	at com.kms.katalon.core.main.TestCaseMain$startTestSuite$0.call(Unknown Source)
	at TempTestSuite1599114921433.run(TempTestSuite1599114921433.groovy:39)
Caused by: com.kms.katalon.core.exception.StepFailedException: Unable to click on object 'Object Repository/V2/Commons/DasboardPage_SidebarMenu/MeetingsMenu'
	at com.kms.katalon.core.webui.keyword.internal.WebUIKeywordMain.stepFailed(WebUIKeywordMain.groovy:64)
	at com.kms.katalon.core.webui.keyword.internal.WebUIKeywordMain.runKeyword(WebUIKeywordMain.groovy:26)
	at com.kms.katalon.core.webui.keyword.builtin.ClickKeyword.click(ClickKeyword.groovy:76)
	at com.kms.katalon.core.webui.keyword.builtin.ClickKeyword.execute(ClickKeyword.groovy:43)
	at com.kms.katalon.core.keyword.internal.KeywordExecutor.executeKeywordForPlatform(KeywordExecutor.groovy:73)
	at com.kms.katalon.core.webui.keyword.WebUiBuiltInKeywords.click(WebUiBuiltInKeywords.groovy:616)
	at com.kms.katalon.core.webui.keyword.WebUiBuiltInKeywords$click$5.call(Unknown Source)
	at PR_369_7_EditMeetingCreateRock_Admin.run(PR_369_7_EditMeetingCreateRock_Admin:34)
	at com.kms.katalon.core.main.ScriptEngine.run(ScriptEngine.java:194)
	at com.kms.katalon.core.main.ScriptEngine.runScriptAsRawText(ScriptEngine.java:119)
	at com.kms.katalon.core.main.TestCaseExecutor.runScript(TestCaseExecutor.java:339)
	at com.kms.katalon.core.main.TestCaseExecutor.doExecute(TestCaseExecutor.java:330)
	at com.kms.katalon.core.main.TestCaseExecutor.processExecutionPhase(TestCaseExecutor.java:309)
	at com.kms.katalon.core.main.TestCaseExecutor.accessMainPhase(TestCaseExecutor.java:301)
	at com.kms.katalon.core.main.TestCaseExecutor.execute(TestCaseExecutor.java:235)
	at com.kms.katalon.core.main.TestCaseMain.runTestCase(TestCaseMain.java:114)
	at com.kms.katalon.core.keyword.builtin.CallTestCaseKeyword$_callTestCase_closure1.doCall(CallTestCaseKeyword.groovy:59)
	... 20 more
Caused by: org.openqa.selenium.ElementClickInterceptedException: element click intercepted: Element <div class="sidebar__content-item">...</div> is not clickable at point (150, 164). Other element would receive the click: <div class="Backdrop-sc-102srga-0 jjKzmU"></div>
  (Session info: chrome=85.0.4183.83)
Build info: version: '3.141.59', revision: 'e82be7d358', time: '2018-11-14T08:25:53'
System info: host: 'DESKTOP-O0IP7CU', ip: '192.168.1.48', os.name: 'Windows 10', os.arch: 'amd64', os.version: '10.0', java.version: '1.8.0_181'
Driver info: org.openqa.selenium.chrome.ChromeDriver
Capabilities {acceptInsecureCerts: false, browserName: chrome, browserVersion: 85.0.4183.83, chrome: {chromedriverVersion: 85.0.4183.87 (cd6713ebf92fa..., userDataDir: C:\Users\Aaron-PC\AppData\L...}, goog:chromeOptions: {debuggerAddress: localhost:49206}, javascriptEnabled: true, networkConnectionEnabled: false, pageLoadStrategy: normal, platform: WINDOWS, platformName: WINDOWS, proxy: Proxy(), setWindowRect: true, strictFileInteractability: false, timeouts: {implicit: 0, pageLoad: 300000, script: 30000}, unhandledPromptBehavior: dismiss and notify, webauthn:virtualAuthenticators: true}
Session ID: 627caca33a2b1791d2e0986dfae791bd
	at org.openqa.selenium.remote.http.W3CHttpResponseCodec.createException(W3CHttpResponseCodec.java:187)
	at org.openqa.selenium.remote.http.W3CHttpResponseCodec.decode(W3CHttpResponseCodec.java:122)
	at org.openqa.selenium.remote.http.W3CHttpResponseCodec.decode(W3CHttpResponseCodec.java:49)
	at org.openqa.selenium.remote.HttpCommandExecutor.execute(HttpCommandExecutor.java:158)
	at org.openqa.selenium.remote.service.DriverCommandExecutor.execute(DriverCommandExecutor.java:83)
	at org.openqa.selenium.remote.RemoteWebDriver.execute(RemoteWebDriver.java:552)
	at org.openqa.selenium.remote.RemoteWebElement.execute(RemoteWebElement.java:285)
	at org.openqa.selenium.remote.RemoteWebElement.click(RemoteWebElement.java:84)
	at org.openqa.selenium.support.events.EventFiringWebDriver$EventFiringWebElement.lambda$new$0(EventFiringWebDriver.java:404)
	at com.sun.proxy.$Proxy10.click(Unknown Source)
	at org.openqa.selenium.support.events.EventFiringWebDriver$EventFiringWebElement.click(EventFiringWebDriver.java:417)
	at com.kms.katalon.core.webui.keyword.builtin.ClickKeyword$_click_closure1.doCall(ClickKeyword.groovy:69)
	at com.kms.katalon.core.webui.keyword.builtin.ClickKeyword$_click_closure1.call(ClickKeyword.groovy)
	at com.kms.katalon.core.webui.keyword.internal.WebUIKeywordMain.runKeyword(WebUIKeywordMain.groovy:20)
	... 35 more


2020-09-03 14:35:23 - [TEST_STEP][PASSED] - callTestCase(findTestCase("V2/Test Case/Pre-conditions/PRE_RegisterAndActivateTTUsers"), ["admin_fname":admin_fname, "lastname":lastname, "phonenumber":"9999999999", "company":"Traction Tools", "password":password, ... ], STOP_ON_FAILURE): Call Test Case 'Test Cases/V2/Test Case/Pre-conditions/PRE_RegisterAndActivateTTUsers' successfully

2020-09-03 14:35:23 - [TEST_CASE][PASSED] - Test Cases/V2/Test Case/Pre-conditions/PRE_RegisterAndActivateTTUsers: Test Cases/V2/Test Case/Pre-conditions/PRE_RegisterAndActivateTTUsers

2020-09-03 14:35:23 - [TEST_STEP][PASSED] - email = tt_CustomKeywords.CustomKeywords.GenerateRandomEmailAddress(admin_email_prefix, admin_email_domain, randomTextLength): Successfully generated a random email: tractiontools.user001+ta5gk4na@gmail.com

2020-09-03 14:35:23 - [MESSAGE][PASSED] - Successfully generated a random email: tractiontools.user001+ta5gk4na@gmail.com

2020-09-03 14:35:23 - [TEST_STEP][PASSED] - supervisor_email = tt_CustomKeywords.CustomKeywords.GenerateRandomEmailAddress(supervisor_email_prefix, supervisor_email_domain, randomTextLength): Successfully generated a random email: tractiontools.user001+ts5r34na@gmail.com

2020-09-03 14:35:23 - [MESSAGE][PASSED] - Successfully generated a random email: tractiontools.user001+ts5r34na@gmail.com

2020-09-03 14:35:23 - [TEST_STEP][PASSED] - employee_email = tt_CustomKeywords.CustomKeywords.GenerateRandomEmailAddress(employee_email_prefix, employee_email_domain, randomTextLength): Successfully generated a random email: tractiontools.user001+te5b3fry@gmail.com

2020-09-03 14:35:23 - [MESSAGE][PASSED] - Successfully generated a random email: tractiontools.user001+te5b3fry@gmail.com

2020-09-03 14:35:23 - [TEST_STEP][PASSED] - adminDetails = tt_CustomKeywords.CustomKeywords.RegisterUserViaAPIAndGenerateActivateURL(email, admin_fname, lastname, phonenumber, company, "__JSON__{\"howDidYouHearAboutUs\":\"Facebook\",\"implementer\":\"\",\"existingTractionToolsClient\":\"\",\"other\":\"\"}", "__JSON__{\"timeZone\":\"America/Guatemala\",\"brandColor\":\"#023047\",\"q1Start\":null,\"q1End\":null,\"q2Start\":null,\"q2End\":null,\"q3Start\":null,\"q3End\":null,\"q4Start\":null,\"q4End\":null,\"quarterDatesSetsRocks\":false,\"exportUsers\":false,\"exportRocks\":false,\"exportRocksIncludesMilestones\":false,\"exportScorecards\":false,\"exportTodos\":false,\"exportTodosIncludesNotes\":false,\"exportPeopleHeadlines\":false,\"exportPeopleHeadlinesIncludesNotes\":false,\"exportIssues\":false,\"exportIssuesIncludesNotes\":false,\"exportContextAwareTodos\":false,\"dateFormat\":\"MM/DD/YYYY\",\"timeFormat\":\"h:mma\",\"numberFormat\":\"-1,000.99\",\"supervisorsArchiveRestoreUsers\":false,\"supervisorsEditPositions\":false,\"milestonesAvailableToAll\":false,\"customMeetingTemplatesEnabled\":false,\"receiveTodoReminders\":false,\"todoReminderTime\":\"13:00\",\"todoReminderTimeZone\":\"America/Guatemala\",\"todoReminderFrequency\":\"DAILY\",\"vtoMeetingId\":\"\",\"vtoDisplayMode\":\"ALL\",\"coreValues\":[{\"id\":\"1\",\"text\":\"\"},{\"id\":\"2\",\"text\":\"\"},{\"id\":\"3\",\"text\":\"\"}]}", password, V2Url): SUCCESFFULLY registered a new user via API. 
 Generated Activation Link: 
https://v2dev.traction.tools/activate?activationKey=74e84760-94ca-47a2-9abf-5ef83b679188&userId=a1066795-ab28-4cac-b4e6-dbd74a59acdd&orgId=77388719-6067-41c9-8654-750ef5d6f2f0&email=tractiontools.user001+ta5gk4na@gmail.com&teamsId=afcdfe44-b23d-4f41-afba-6a5b05d1275f&meetingsId=6e8f8df2-76a4-4b01-9c01-1d2566df7dca&adminsId=ca94d2c0-beaa-4893-a55f-5fe823e22ed8&usersId=b4eae52f-5ab9-4e8e-ac4f-8bc47a15dfcb&supervisorsId=ed503334-16d7-45fa-8ea2-52d8c9c4fd75&accountabilityChartId=c9e092b5-3f03-42de-827a-4700f3becd7e&isCreator=1

2020-09-03 14:35:43 - [MESSAGE][PASSED] - SUCCESFFULLY registered a new user via API. 
 Generated Activation Link: 
https://v2dev.traction.tools/activate?activationKey=74e84760-94ca-47a2-9abf-5ef83b679188&userId=a1066795-ab28-4cac-b4e6-dbd74a59acdd&orgId=77388719-6067-41c9-8654-750ef5d6f2f0&email=tractiontools.user001+ta5gk4na@gmail.com&teamsId=afcdfe44-b23d-4f41-afba-6a5b05d1275f&meetingsId=6e8f8df2-76a4-4b01-9c01-1d2566df7dca&adminsId=ca94d2c0-beaa-4893-a55f-5fe823e22ed8&usersId=b4eae52f-5ab9-4e8e-ac4f-8bc47a15dfcb&supervisorsId=ed503334-16d7-45fa-8ea2-52d8c9c4fd75&accountabilityChartId=c9e092b5-3f03-42de-827a-4700f3becd7e&isCreator=1

2020-09-03 14:35:43 - [TEST_STEP][PASSED] - activationURL = adminDetails[0]: null

2020-09-03 14:35:43 - [TEST_STEP][PASSED] - orgID = adminDetails[1]: null

2020-09-03 14:35:43 - [TEST_STEP][PASSED] - out.println("URL: " + activationURL): null

2020-09-03 14:35:43 - [TEST_STEP][PASSED] - out.println("orgID: " + orgID): null

2020-09-03 14:35:43 - [TEST_STEP][PASSED] - supervisorUser_name = supervisor_fname + " " + lastname: null

2020-09-03 14:35:43 - [TEST_STEP][PASSED] - openBrowser(""): Browser is opened with url: ''

2020-09-03 14:35:43 - [MESSAGE][INFO] - Starting 'Chrome' driver

2020-09-03 14:35:43 - [MESSAGE][INFO] - Action delay is set to 0 milliseconds

2020-09-03 14:35:47 - [MESSAGE][PASSED] - Browser is opened with url: ''

2020-09-03 14:35:47 - [TEST_STEP][PASSED] - maximizeWindow(): Current window maximized

2020-09-03 14:35:49 - [MESSAGE][PASSED] - Current window maximized

2020-09-03 14:35:49 - [TEST_STEP][PASSED] - callTestCase(findTestCase("V2/Test Case/Pre-conditions/PRE_ActivateNewUser"), ["activationURL":activationURL, "email":email, "password":password], STOP_ON_FAILURE): Call Test Case 'Test Cases/V2/Test Case/Pre-conditions/PRE_ActivateNewUser' successfully

2020-09-03 14:35:49 - [TEST_CASE][PASSED] - Test Cases/V2/Test Case/Pre-conditions/PRE_ActivateNewUser: Test Cases/V2/Test Case/Pre-conditions/PRE_ActivateNewUser

2020-09-03 14:35:49 - [TEST_STEP][PASSED] - navigateToUrl(activationURL): Navigate to 'https://v2dev.traction.tools/activate?activationKey=74e84760-94ca-47a2-9abf-5ef83b679188&userId=a1066795-ab28-4cac-b4e6-dbd74a59acdd&orgId=77388719-6067-41c9-8654-750ef5d6f2f0&email=tractiontools.user001+ta5gk4na@gmail.com&teamsId=afcdfe44-b23d-4f41-afba-6a5b05d1275f&meetingsId=6e8f8df2-76a4-4b01-9c01-1d2566df7dca&adminsId=ca94d2c0-beaa-4893-a55f-5fe823e22ed8&usersId=b4eae52f-5ab9-4e8e-ac4f-8bc47a15dfcb&supervisorsId=ed503334-16d7-45fa-8ea2-52d8c9c4fd75&accountabilityChartId=c9e092b5-3f03-42de-827a-4700f3becd7e&isCreator=1' successfully

2020-09-03 14:35:50 - [MESSAGE][PASSED] - Navigate to 'https://v2dev.traction.tools/activate?activationKey=74e84760-94ca-47a2-9abf-5ef83b679188&userId=a1066795-ab28-4cac-b4e6-dbd74a59acdd&orgId=77388719-6067-41c9-8654-750ef5d6f2f0&email=tractiontools.user001+ta5gk4na@gmail.com&teamsId=afcdfe44-b23d-4f41-afba-6a5b05d1275f&meetingsId=6e8f8df2-76a4-4b01-9c01-1d2566df7dca&adminsId=ca94d2c0-beaa-4893-a55f-5fe823e22ed8&usersId=b4eae52f-5ab9-4e8e-ac4f-8bc47a15dfcb&supervisorsId=ed503334-16d7-45fa-8ea2-52d8c9c4fd75&accountabilityChartId=c9e092b5-3f03-42de-827a-4700f3becd7e&isCreator=1' successfully

2020-09-03 14:35:50 - [TEST_STEP][PASSED] - waitForElementVisible(findTestObject("V2/Commons/ActivationPage/input_Email_email"), DefaultTimeout): Object 'Object Repository/V2/Commons/ActivationPage/input_Email_email' is visible

2020-09-03 14:36:00 - [MESSAGE][PASSED] - Object 'Object Repository/V2/Commons/ActivationPage/input_Email_email' is visible

2020-09-03 14:36:00 - [TEST_STEP][PASSED] - actual_email = getAttribute(findTestObject("Object Repository/V2/Commons/ActivationPage/input_Email_email"), "value"): Attribute 'value' of object 'Object Repository/V2/Commons/ActivationPage/input_Email_email' is: 'tractiontools.user001+ta5gk4na@gmail.com'

2020-09-03 14:36:01 - [MESSAGE][PASSED] - Attribute 'value' of object 'Object Repository/V2/Commons/ActivationPage/input_Email_email' is: 'tractiontools.user001+ta5gk4na@gmail.com'

2020-09-03 14:36:01 - [TEST_STEP][PASSED] - verifyMatch(actual_email, email, false): Actual text 'tractiontools.user001+ta5gk4na@gmail.com' and expected text 'tractiontools.user001+ta5gk4na@gmail.com' are matched 

2020-09-03 14:36:01 - [MESSAGE][PASSED] - Actual text 'tractiontools.user001+ta5gk4na@gmail.com' and expected text 'tractiontools.user001+ta5gk4na@gmail.com' are matched 

2020-09-03 14:36:01 - [TEST_STEP][PASSED] - setText(findTestObject("V2/Commons/ActivationPage/input_password"), password): Text 'Qwer123!' is set on object 'Object Repository/V2/Commons/ActivationPage/input_password'

2020-09-03 14:36:01 - [MESSAGE][PASSED] - Text 'Qwer123!' is set on object 'Object Repository/V2/Commons/ActivationPage/input_password'

2020-09-03 14:36:01 - [TEST_STEP][PASSED] - setText(findTestObject("Object Repository/V2/Commons/ActivationPage/input__passwordRepeat"), password): Text 'Qwer123!' is set on object 'Object Repository/V2/Commons/ActivationPage/input__passwordRepeat'

2020-09-03 14:36:02 - [MESSAGE][PASSED] - Text 'Qwer123!' is set on object 'Object Repository/V2/Commons/ActivationPage/input__passwordRepeat'

2020-09-03 14:36:02 - [TEST_STEP][PASSED] - click(findTestObject("V2/Commons/ActivationPage/input_termsandconditions")): Object: 'Object Repository/V2/Commons/ActivationPage/input_termsandconditions' is clicked on

2020-09-03 14:36:03 - [MESSAGE][PASSED] - Object: 'Object Repository/V2/Commons/ActivationPage/input_termsandconditions' is clicked on

2020-09-03 14:36:03 - [TEST_STEP][PASSED] - click(findTestObject("Object Repository/V2/Commons/ActivationPage/div_Create account")): Object: 'Object Repository/V2/Commons/ActivationPage/div_Create account' is clicked on

2020-09-03 14:36:03 - [MESSAGE][PASSED] - Object: 'Object Repository/V2/Commons/ActivationPage/div_Create account' is clicked on

2020-09-03 14:36:03 - [TEST_STEP][PASSED] - waitForElementPresent(findTestObject("V2/Commons/DasboardPage_SidebarMenu/img_Home_logo-big"), DefaultTimeout): Object 'Object Repository/V2/Commons/DasboardPage_SidebarMenu/img_Home_logo-big' is present

2020-09-03 14:36:16 - [MESSAGE][PASSED] - Object 'Object Repository/V2/Commons/DasboardPage_SidebarMenu/img_Home_logo-big' is present

2020-09-03 14:36:16 - [TEST_STEP][PASSED] - verifyElementPresent(findTestObject("V2/Commons/DasboardPage_SidebarMenu/img_Home_logo-big"), 0): Object 'Object Repository/V2/Commons/DasboardPage_SidebarMenu/img_Home_logo-big' is present

2020-09-03 14:36:16 - [MESSAGE][WARNING] - Timeout '0' is invalid. Using default page load timeout: '30'

2020-09-03 14:36:17 - [MESSAGE][PASSED] - Object 'Object Repository/V2/Commons/DasboardPage_SidebarMenu/img_Home_logo-big' is present

2020-09-03 14:36:17 - [MESSAGE][PASSED] - Call Test Case 'Test Cases/V2/Test Case/Pre-conditions/PRE_ActivateNewUser' successfully

2020-09-03 14:36:17 - [TEST_STEP][PASSED] - callTestCase(findTestCase("V2/Test Case/Pre-conditions/PRE_SkipCompanyAndPersonalProfileSetup"), [:], STOP_ON_FAILURE): Call Test Case 'Test Cases/V2/Test Case/Pre-conditions/PRE_SkipCompanyAndPersonalProfileSetup' successfully

2020-09-03 14:36:17 - [TEST_CASE][PASSED] - Test Cases/V2/Test Case/Pre-conditions/PRE_SkipCompanyAndPersonalProfileSetup: Test Cases/V2/Test Case/Pre-conditions/PRE_SkipCompanyAndPersonalProfileSetup

2020-09-03 14:36:17 - [TEST_STEP][PASSED] - waitForElementVisible(findTestObject("V2/Commons/FirstUpdateCompanyAndPersonalInfoModal/confirmCompanyInfoHeader_h1"), DefaultTimeout): Object 'Object Repository/V2/Commons/FirstUpdateCompanyAndPersonalInfoModal/confirmCompanyInfoHeader_h1' is visible

2020-09-03 14:36:17 - [MESSAGE][PASSED] - Object 'Object Repository/V2/Commons/FirstUpdateCompanyAndPersonalInfoModal/confirmCompanyInfoHeader_h1' is visible

2020-09-03 14:36:17 - [TEST_STEP][PASSED] - click(findTestObject("V2/Commons/FirstUpdateCompanyAndPersonalInfoModal/confirmInfoSkip_button")): Object: 'Object Repository/V2/Commons/FirstUpdateCompanyAndPersonalInfoModal/confirmInfoSkip_button' is clicked on

2020-09-03 14:36:18 - [MESSAGE][PASSED] - Object: 'Object Repository/V2/Commons/FirstUpdateCompanyAndPersonalInfoModal/confirmInfoSkip_button' is clicked on

2020-09-03 14:36:18 - [TEST_STEP][PASSED] - waitForElementVisible(findTestObject("V2/Commons/FirstUpdateCompanyAndPersonalInfoModal/confirmPersonalInfoHeader_h1"), DefaultTimeout): Object 'Object Repository/V2/Commons/FirstUpdateCompanyAndPersonalInfoModal/confirmPersonalInfoHeader_h1' is visible

2020-09-03 14:36:18 - [MESSAGE][PASSED] - Object 'Object Repository/V2/Commons/FirstUpdateCompanyAndPersonalInfoModal/confirmPersonalInfoHeader_h1' is visible

2020-09-03 14:36:18 - [TEST_STEP][PASSED] - click(findTestObject("V2/Commons/FirstUpdateCompanyAndPersonalInfoModal/confirmInfoSkip_button")): Object: 'Object Repository/V2/Commons/FirstUpdateCompanyAndPersonalInfoModal/confirmInfoSkip_button' is clicked on

2020-09-03 14:36:19 - [MESSAGE][PASSED] - Object: 'Object Repository/V2/Commons/FirstUpdateCompanyAndPersonalInfoModal/confirmInfoSkip_button' is clicked on

2020-09-03 14:36:19 - [TEST_STEP][PASSED] - waitForElementVisible(findTestObject("V2/Commons/FirstUpdateCompanyAndPersonalInfoModal/letsGetStarted_button"), DefaultTimeout): Object 'Object Repository/V2/Commons/FirstUpdateCompanyAndPersonalInfoModal/letsGetStarted_button' is visible

2020-09-03 14:36:20 - [MESSAGE][PASSED] - Object 'Object Repository/V2/Commons/FirstUpdateCompanyAndPersonalInfoModal/letsGetStarted_button' is visible

2020-09-03 14:36:20 - [TEST_STEP][PASSED] - click(findTestObject("V2/Commons/FirstUpdateCompanyAndPersonalInfoModal/letsGetStarted_button")): Object: 'Object Repository/V2/Commons/FirstUpdateCompanyAndPersonalInfoModal/letsGetStarted_button' is clicked on

2020-09-03 14:36:20 - [MESSAGE][PASSED] - Object: 'Object Repository/V2/Commons/FirstUpdateCompanyAndPersonalInfoModal/letsGetStarted_button' is clicked on

2020-09-03 14:36:20 - [MESSAGE][PASSED] - Call Test Case 'Test Cases/V2/Test Case/Pre-conditions/PRE_SkipCompanyAndPersonalProfileSetup' successfully

2020-09-03 14:36:20 - [TEST_STEP][PASSED] - supervisor_activationURL = tt_CustomKeywords.CustomKeywords.RegisterAndActivateSupervisorUserViaAPI(V2Url, orgID, supervisor_email, password, email, password, supervisor_fname, lastname): SUCCESFFULLY registered a new user via API. 
 Generated Activation Link: 
https://v2dev.traction.tools/activate?activationKey=aedb6e4e-226d-4a14-8a32-e8c2089d5747&userId=d4094a9f-baaf-4a2f-99f6-1a8308a41570&orgId=77388719-6067-41c9-8654-750ef5d6f2f0&email=tractiontools.user001+ts5r34na@gmail.com&isCreator=0

2020-09-03 14:36:26 - [MESSAGE][PASSED] - SUCCESFFULLY registered a new user via API. 
 Generated Activation Link: 
https://v2dev.traction.tools/activate?activationKey=aedb6e4e-226d-4a14-8a32-e8c2089d5747&userId=d4094a9f-baaf-4a2f-99f6-1a8308a41570&orgId=77388719-6067-41c9-8654-750ef5d6f2f0&email=tractiontools.user001+ts5r34na@gmail.com&isCreator=0

2020-09-03 14:36:26 - [TEST_STEP][PASSED] - callTestCase(findTestCase("V2/Test Case/Pre-conditions/PRE_ChangeUserPermissionViaManageUser"), ["showMenuItemsPath":"//div[@class='usercard__detail_container']/div[text()='%s']/ancestor::div[contains(@class,'usercard__content')]//button[@aria-label='Show Menu Items']", "user_email":supervisor_email, ... ], STOP_ON_FAILURE): Call Test Case 'Test Cases/V2/Test Case/Pre-conditions/PRE_ChangeUserPermissionViaManageUser' successfully

2020-09-03 14:36:27 - [TEST_CASE][PASSED] - Test Cases/V2/Test Case/Pre-conditions/PRE_ChangeUserPermissionViaManageUser: Test Cases/V2/Test Case/Pre-conditions/PRE_ChangeUserPermissionViaManageUser

2020-09-03 14:36:27 - [TEST_STEP][PASSED] - click(findTestObject("Object Repository/V2/Commons/ManageUsersPage/span_Company Settings")): Object: 'Object Repository/V2/Commons/ManageUsersPage/span_Company Settings' is clicked on

2020-09-03 14:36:27 - [MESSAGE][PASSED] - Object: 'Object Repository/V2/Commons/ManageUsersPage/span_Company Settings' is clicked on

2020-09-03 14:36:27 - [TEST_STEP][PASSED] - click(findTestObject("V2/Commons/DasboardPage_SidebarMenu/a_Manage Users")): Object: 'Object Repository/V2/Commons/DasboardPage_SidebarMenu/a_Manage Users' is clicked on

2020-09-03 14:36:27 - [MESSAGE][PASSED] - Object: 'Object Repository/V2/Commons/DasboardPage_SidebarMenu/a_Manage Users' is clicked on

2020-09-03 14:36:27 - [TEST_STEP][PASSED] - showMenuItemsObj = tt_CustomKeywords.CustomKeywords.CreateDynamicElement(showMenuItemsPath, user_email, "xpath"): Successfully created new dynamic object: //div[@class='usercard__detail_container']/div[text()='tractiontools.user001+ts5r34na@gmail.com']/ancestor::div[contains(@class,'usercard__content')]//button[@aria-label='Show Menu Items']

2020-09-03 14:36:27 - [MESSAGE][PASSED] - Successfully created new dynamic object: //div[@class='usercard__detail_container']/div[text()='tractiontools.user001+ts5r34na@gmail.com']/ancestor::div[contains(@class,'usercard__content')]//button[@aria-label='Show Menu Items']

2020-09-03 14:36:27 - [TEST_STEP][PASSED] - click(showMenuItemsObj): Object: '' is clicked on

2020-09-03 14:36:29 - [MESSAGE][PASSED] - Object: '' is clicked on

2020-09-03 14:36:29 - [TEST_STEP][PASSED] - click(findTestObject("Object Repository/V2/Commons/ManageUsersPage/div_Edit user")): Object: 'Object Repository/V2/Commons/ManageUsersPage/div_Edit user' is clicked on

2020-09-03 14:36:29 - [MESSAGE][PASSED] - Object: 'Object Repository/V2/Commons/ManageUsersPage/div_Edit user' is clicked on

2020-09-03 14:36:29 - [TEST_STEP][PASSED] - verifyElementPresent(findTestObject("V2/Commons/ManageUsersPage/div_PositionTitle"), DefaultTimeout): Object 'Object Repository/V2/Commons/ManageUsersPage/div_PositionTitle' is present

2020-09-03 14:36:30 - [MESSAGE][PASSED] - Object 'Object Repository/V2/Commons/ManageUsersPage/div_PositionTitle' is present

2020-09-03 14:36:30 - [TEST_STEP][PASSED] - setText(findTestObject("V2/Commons/ManageUsersPage/position_title_input"), position_title): Text 'QA Manager' is set on object 'Object Repository/V2/Commons/ManageUsersPage/position_title_input'

2020-09-03 14:36:30 - [MESSAGE][PASSED] - Text 'QA Manager' is set on object 'Object Repository/V2/Commons/ManageUsersPage/position_title_input'

2020-09-03 14:36:30 - [TEST_STEP][PASSED] - sendKeys(findTestObject("V2/Commons/ManageUsersPage/position_title_input"), Keys.chord(ENTER)): Keys 'ENTER + ' sent to object: 'Object Repository/V2/Commons/ManageUsersPage/position_title_input'

2020-09-03 14:36:31 - [MESSAGE][PASSED] - Keys 'ENTER + ' sent to object: 'Object Repository/V2/Commons/ManageUsersPage/position_title_input'

2020-09-03 14:36:31 - [TEST_STEP][PASSED] - if (permissionValue == "Employee"): null

2020-09-03 14:36:31 - [TEST_STEP][PASSED] - verifyElementPresent(findTestObject("Object Repository/V2/Commons/ManageUsersPage/div_User type"), DefaultTimeout): Object 'Object Repository/V2/Commons/ManageUsersPage/div_User type' is present

2020-09-03 14:36:31 - [MESSAGE][PASSED] - Object 'Object Repository/V2/Commons/ManageUsersPage/div_User type' is present

2020-09-03 14:36:31 - [TEST_STEP][PASSED] - click(findTestObject("Object Repository/V2/Commons/ManageUsersPage/input__orgRole")): Object: 'Object Repository/V2/Commons/ManageUsersPage/input__orgRole' is clicked on

2020-09-03 14:36:31 - [MESSAGE][PASSED] - Object: 'Object Repository/V2/Commons/ManageUsersPage/input__orgRole' is clicked on

2020-09-03 14:36:31 - [TEST_STEP][PASSED] - roleOptionObj = tt_CustomKeywords.CustomKeywords.CreateDynamicElement(roleOption, permissionValue, "xpath"): Successfully created new dynamic object: //span[text()='Supervisor']/parent::div[@role='option']

2020-09-03 14:36:31 - [MESSAGE][PASSED] - Successfully created new dynamic object: //span[text()='Supervisor']/parent::div[@role='option']

2020-09-03 14:36:31 - [TEST_STEP][PASSED] - click(roleOptionObj): Object: '' is clicked on

2020-09-03 14:36:32 - [MESSAGE][PASSED] - Object: '' is clicked on

2020-09-03 14:36:32 - [TEST_STEP][PASSED] - click(findTestObject("Object Repository/V2/Commons/ManageUsersPage/div_Save")): Object: 'Object Repository/V2/Commons/ManageUsersPage/div_Save' is clicked on

2020-09-03 14:36:32 - [MESSAGE][PASSED] - Object: 'Object Repository/V2/Commons/ManageUsersPage/div_Save' is clicked on

2020-09-03 14:36:32 - [TEST_STEP][PASSED] - waitForElementVisible(findTestObject("V2/Commons/ManageUsersPage/h3_User Saved"), DefaultTimeout): Object 'Object Repository/V2/Commons/ManageUsersPage/h3_User Saved' is visible

2020-09-03 14:36:43 - [MESSAGE][PASSED] - Object 'Object Repository/V2/Commons/ManageUsersPage/h3_User Saved' is visible

2020-09-03 14:36:43 - [TEST_STEP][PASSED] - verifyElementVisible(findTestObject("Object Repository/V2/Commons/ManageUsersPage/h3_User Saved")): Object 'Object Repository/V2/Commons/ManageUsersPage/h3_User Saved' is visible

2020-09-03 14:36:43 - [MESSAGE][PASSED] - Object 'Object Repository/V2/Commons/ManageUsersPage/h3_User Saved' is visible

2020-09-03 14:36:43 - [MESSAGE][PASSED] - Call Test Case 'Test Cases/V2/Test Case/Pre-conditions/PRE_ChangeUserPermissionViaManageUser' successfully

2020-09-03 14:36:43 - [TEST_STEP][PASSED] - employee_activationURL = tt_CustomKeywords.CustomKeywords.RegisterAndActivateSupervisorUserViaAPI(V2Url, orgID, employee_email, password, email, password, employee_fname, lastname): SUCCESFFULLY registered a new user via API. 
 Generated Activation Link: 
https://v2dev.traction.tools/activate?activationKey=97399b38-1c7a-42bf-a237-d51dc084b360&userId=b89dc023-9dd1-4369-b8d7-0ba3a6df241b&orgId=77388719-6067-41c9-8654-750ef5d6f2f0&email=tractiontools.user001+te5b3fry@gmail.com&isCreator=0

2020-09-03 14:36:49 - [MESSAGE][PASSED] - SUCCESFFULLY registered a new user via API. 
 Generated Activation Link: 
https://v2dev.traction.tools/activate?activationKey=97399b38-1c7a-42bf-a237-d51dc084b360&userId=b89dc023-9dd1-4369-b8d7-0ba3a6df241b&orgId=77388719-6067-41c9-8654-750ef5d6f2f0&email=tractiontools.user001+te5b3fry@gmail.com&isCreator=0

2020-09-03 14:36:49 - [TEST_STEP][PASSED] - callTestCase(findTestCase("V2/Test Case/Pre-conditions/PRE_ChangeUserPermissionViaManageUser"), ["showMenuItemsPath":"//div[@class='usercard__detail_container']/div[text()='%s']/ancestor::div[contains(@class,'usercard__content')]//button[@aria-label='Show Menu Items']", "user_email":employee_email, ... ], STOP_ON_FAILURE): Call Test Case 'Test Cases/V2/Test Case/Pre-conditions/PRE_ChangeUserPermissionViaManageUser' successfully

2020-09-03 14:36:49 - [TEST_CASE][PASSED] - Test Cases/V2/Test Case/Pre-conditions/PRE_ChangeUserPermissionViaManageUser: Test Cases/V2/Test Case/Pre-conditions/PRE_ChangeUserPermissionViaManageUser

2020-09-03 14:36:49 - [TEST_STEP][PASSED] - click(findTestObject("Object Repository/V2/Commons/ManageUsersPage/span_Company Settings")): Object: 'Object Repository/V2/Commons/ManageUsersPage/span_Company Settings' is clicked on

2020-09-03 14:36:50 - [MESSAGE][PASSED] - Object: 'Object Repository/V2/Commons/ManageUsersPage/span_Company Settings' is clicked on

2020-09-03 14:36:50 - [TEST_STEP][PASSED] - click(findTestObject("V2/Commons/DasboardPage_SidebarMenu/a_Manage Users")): Object: 'Object Repository/V2/Commons/DasboardPage_SidebarMenu/a_Manage Users' is clicked on

2020-09-03 14:36:50 - [MESSAGE][PASSED] - Object: 'Object Repository/V2/Commons/DasboardPage_SidebarMenu/a_Manage Users' is clicked on

2020-09-03 14:36:50 - [TEST_STEP][PASSED] - showMenuItemsObj = tt_CustomKeywords.CustomKeywords.CreateDynamicElement(showMenuItemsPath, user_email, "xpath"): Successfully created new dynamic object: //div[@class='usercard__detail_container']/div[text()='tractiontools.user001+te5b3fry@gmail.com']/ancestor::div[contains(@class,'usercard__content')]//button[@aria-label='Show Menu Items']

2020-09-03 14:36:50 - [MESSAGE][PASSED] - Successfully created new dynamic object: //div[@class='usercard__detail_container']/div[text()='tractiontools.user001+te5b3fry@gmail.com']/ancestor::div[contains(@class,'usercard__content')]//button[@aria-label='Show Menu Items']

2020-09-03 14:36:50 - [TEST_STEP][PASSED] - click(showMenuItemsObj): Object: '' is clicked on

2020-09-03 14:36:51 - [MESSAGE][PASSED] - Object: '' is clicked on

2020-09-03 14:36:51 - [TEST_STEP][PASSED] - click(findTestObject("Object Repository/V2/Commons/ManageUsersPage/div_Edit user")): Object: 'Object Repository/V2/Commons/ManageUsersPage/div_Edit user' is clicked on

2020-09-03 14:36:51 - [MESSAGE][PASSED] - Object: 'Object Repository/V2/Commons/ManageUsersPage/div_Edit user' is clicked on

2020-09-03 14:36:51 - [TEST_STEP][PASSED] - verifyElementPresent(findTestObject("V2/Commons/ManageUsersPage/div_PositionTitle"), DefaultTimeout): Object 'Object Repository/V2/Commons/ManageUsersPage/div_PositionTitle' is present

2020-09-03 14:36:52 - [MESSAGE][PASSED] - Object 'Object Repository/V2/Commons/ManageUsersPage/div_PositionTitle' is present

2020-09-03 14:36:52 - [TEST_STEP][PASSED] - setText(findTestObject("V2/Commons/ManageUsersPage/position_title_input"), position_title): Text 'Quality Assurance' is set on object 'Object Repository/V2/Commons/ManageUsersPage/position_title_input'

2020-09-03 14:36:52 - [MESSAGE][PASSED] - Text 'Quality Assurance' is set on object 'Object Repository/V2/Commons/ManageUsersPage/position_title_input'

2020-09-03 14:36:52 - [TEST_STEP][PASSED] - sendKeys(findTestObject("V2/Commons/ManageUsersPage/position_title_input"), Keys.chord(ENTER)): Keys 'ENTER + ' sent to object: 'Object Repository/V2/Commons/ManageUsersPage/position_title_input'

2020-09-03 14:36:53 - [MESSAGE][PASSED] - Keys 'ENTER + ' sent to object: 'Object Repository/V2/Commons/ManageUsersPage/position_title_input'

2020-09-03 14:36:53 - [TEST_STEP][PASSED] - if (permissionValue == "Employee"): Keys 'ENTER + ' sent to object: 'Object Repository/V2/Commons/ManageUsersPage/supervisor_input'

2020-09-03 14:36:53 - [TEST_STEP][PASSED] - verifyElementPresent(findTestObject("V2/Commons/ManageUsersPage/supervisor_input"), DefaultTimeout): Object 'Object Repository/V2/Commons/ManageUsersPage/supervisor_input' is present

2020-09-03 14:36:53 - [MESSAGE][PASSED] - Object 'Object Repository/V2/Commons/ManageUsersPage/supervisor_input' is present

2020-09-03 14:36:53 - [TEST_STEP][PASSED] - setText(findTestObject("V2/Commons/ManageUsersPage/supervisor_input"), user_supervisorName): Text 'Supervisor User' is set on object 'Object Repository/V2/Commons/ManageUsersPage/supervisor_input'

2020-09-03 14:36:54 - [MESSAGE][PASSED] - Text 'Supervisor User' is set on object 'Object Repository/V2/Commons/ManageUsersPage/supervisor_input'

2020-09-03 14:36:54 - [TEST_STEP][PASSED] - sendKeys(findTestObject("V2/Commons/ManageUsersPage/supervisor_input"), Keys.chord(ENTER)): Keys 'ENTER + ' sent to object: 'Object Repository/V2/Commons/ManageUsersPage/supervisor_input'

2020-09-03 14:36:54 - [MESSAGE][PASSED] - Keys 'ENTER + ' sent to object: 'Object Repository/V2/Commons/ManageUsersPage/supervisor_input'

2020-09-03 14:36:54 - [TEST_STEP][PASSED] - verifyElementPresent(findTestObject("Object Repository/V2/Commons/ManageUsersPage/div_User type"), DefaultTimeout): Object 'Object Repository/V2/Commons/ManageUsersPage/div_User type' is present

2020-09-03 14:36:55 - [MESSAGE][PASSED] - Object 'Object Repository/V2/Commons/ManageUsersPage/div_User type' is present

2020-09-03 14:36:55 - [TEST_STEP][PASSED] - click(findTestObject("Object Repository/V2/Commons/ManageUsersPage/input__orgRole")): Object: 'Object Repository/V2/Commons/ManageUsersPage/input__orgRole' is clicked on

2020-09-03 14:36:55 - [MESSAGE][PASSED] - Object: 'Object Repository/V2/Commons/ManageUsersPage/input__orgRole' is clicked on

2020-09-03 14:36:55 - [TEST_STEP][PASSED] - roleOptionObj = tt_CustomKeywords.CustomKeywords.CreateDynamicElement(roleOption, permissionValue, "xpath"): Successfully created new dynamic object: //span[text()='Employee']/parent::div[@role='option']

2020-09-03 14:36:55 - [MESSAGE][PASSED] - Successfully created new dynamic object: //span[text()='Employee']/parent::div[@role='option']

2020-09-03 14:36:55 - [TEST_STEP][PASSED] - click(roleOptionObj): Object: '' is clicked on

2020-09-03 14:36:55 - [MESSAGE][PASSED] - Object: '' is clicked on

2020-09-03 14:36:55 - [TEST_STEP][PASSED] - click(findTestObject("Object Repository/V2/Commons/ManageUsersPage/div_Save")): Object: 'Object Repository/V2/Commons/ManageUsersPage/div_Save' is clicked on

2020-09-03 14:36:56 - [MESSAGE][PASSED] - Object: 'Object Repository/V2/Commons/ManageUsersPage/div_Save' is clicked on

2020-09-03 14:36:56 - [TEST_STEP][PASSED] - waitForElementVisible(findTestObject("V2/Commons/ManageUsersPage/h3_User Saved"), DefaultTimeout): Object 'Object Repository/V2/Commons/ManageUsersPage/h3_User Saved' is visible

2020-09-03 14:37:07 - [MESSAGE][PASSED] - Object 'Object Repository/V2/Commons/ManageUsersPage/h3_User Saved' is visible

2020-09-03 14:37:07 - [TEST_STEP][PASSED] - verifyElementVisible(findTestObject("Object Repository/V2/Commons/ManageUsersPage/h3_User Saved")): Object 'Object Repository/V2/Commons/ManageUsersPage/h3_User Saved' is visible

2020-09-03 14:37:07 - [MESSAGE][PASSED] - Object 'Object Repository/V2/Commons/ManageUsersPage/h3_User Saved' is visible

2020-09-03 14:37:07 - [MESSAGE][PASSED] - Call Test Case 'Test Cases/V2/Test Case/Pre-conditions/PRE_ChangeUserPermissionViaManageUser' successfully

2020-09-03 14:37:07 - [TEST_STEP][PASSED] - callTestCase(findTestCase("V2/Test Case/Pre-conditions/PRE_ActivateNewUser"), ["activationURL":supervisor_activationURL, "email":supervisor_email, "password":password], STOP_ON_FAILURE): Call Test Case 'Test Cases/V2/Test Case/Pre-conditions/PRE_ActivateNewUser' successfully

2020-09-03 14:37:07 - [TEST_CASE][PASSED] - Test Cases/V2/Test Case/Pre-conditions/PRE_ActivateNewUser: Test Cases/V2/Test Case/Pre-conditions/PRE_ActivateNewUser

2020-09-03 14:37:07 - [TEST_STEP][PASSED] - navigateToUrl(activationURL): Navigate to 'https://v2dev.traction.tools/activate?activationKey=aedb6e4e-226d-4a14-8a32-e8c2089d5747&userId=d4094a9f-baaf-4a2f-99f6-1a8308a41570&orgId=77388719-6067-41c9-8654-750ef5d6f2f0&email=tractiontools.user001+ts5r34na@gmail.com&isCreator=0' successfully

2020-09-03 14:37:09 - [MESSAGE][PASSED] - Navigate to 'https://v2dev.traction.tools/activate?activationKey=aedb6e4e-226d-4a14-8a32-e8c2089d5747&userId=d4094a9f-baaf-4a2f-99f6-1a8308a41570&orgId=77388719-6067-41c9-8654-750ef5d6f2f0&email=tractiontools.user001+ts5r34na@gmail.com&isCreator=0' successfully

2020-09-03 14:37:09 - [TEST_STEP][PASSED] - waitForElementVisible(findTestObject("V2/Commons/ActivationPage/input_Email_email"), DefaultTimeout): Object 'Object Repository/V2/Commons/ActivationPage/input_Email_email' is visible

2020-09-03 14:37:10 - [MESSAGE][PASSED] - Object 'Object Repository/V2/Commons/ActivationPage/input_Email_email' is visible

2020-09-03 14:37:10 - [TEST_STEP][PASSED] - actual_email = getAttribute(findTestObject("Object Repository/V2/Commons/ActivationPage/input_Email_email"), "value"): Attribute 'value' of object 'Object Repository/V2/Commons/ActivationPage/input_Email_email' is: 'tractiontools.user001+ts5r34na@gmail.com'

2020-09-03 14:37:10 - [MESSAGE][PASSED] - Attribute 'value' of object 'Object Repository/V2/Commons/ActivationPage/input_Email_email' is: 'tractiontools.user001+ts5r34na@gmail.com'

2020-09-03 14:37:10 - [TEST_STEP][PASSED] - verifyMatch(actual_email, email, false): Actual text 'tractiontools.user001+ts5r34na@gmail.com' and expected text 'tractiontools.user001+ts5r34na@gmail.com' are matched 

2020-09-03 14:37:10 - [MESSAGE][PASSED] - Actual text 'tractiontools.user001+ts5r34na@gmail.com' and expected text 'tractiontools.user001+ts5r34na@gmail.com' are matched 

2020-09-03 14:37:10 - [TEST_STEP][PASSED] - setText(findTestObject("V2/Commons/ActivationPage/input_password"), password): Text 'Qwer123!' is set on object 'Object Repository/V2/Commons/ActivationPage/input_password'

2020-09-03 14:37:11 - [MESSAGE][PASSED] - Text 'Qwer123!' is set on object 'Object Repository/V2/Commons/ActivationPage/input_password'

2020-09-03 14:37:11 - [TEST_STEP][PASSED] - setText(findTestObject("Object Repository/V2/Commons/ActivationPage/input__passwordRepeat"), password): Text 'Qwer123!' is set on object 'Object Repository/V2/Commons/ActivationPage/input__passwordRepeat'

2020-09-03 14:37:12 - [MESSAGE][PASSED] - Text 'Qwer123!' is set on object 'Object Repository/V2/Commons/ActivationPage/input__passwordRepeat'

2020-09-03 14:37:12 - [TEST_STEP][PASSED] - click(findTestObject("V2/Commons/ActivationPage/input_termsandconditions")): Object: 'Object Repository/V2/Commons/ActivationPage/input_termsandconditions' is clicked on

2020-09-03 14:37:12 - [MESSAGE][PASSED] - Object: 'Object Repository/V2/Commons/ActivationPage/input_termsandconditions' is clicked on

2020-09-03 14:37:12 - [TEST_STEP][PASSED] - click(findTestObject("Object Repository/V2/Commons/ActivationPage/div_Create account")): Object: 'Object Repository/V2/Commons/ActivationPage/div_Create account' is clicked on

2020-09-03 14:37:13 - [MESSAGE][PASSED] - Object: 'Object Repository/V2/Commons/ActivationPage/div_Create account' is clicked on

2020-09-03 14:37:13 - [TEST_STEP][PASSED] - waitForElementPresent(findTestObject("V2/Commons/DasboardPage_SidebarMenu/img_Home_logo-big"), DefaultTimeout): Object 'Object Repository/V2/Commons/DasboardPage_SidebarMenu/img_Home_logo-big' is present

2020-09-03 14:37:17 - [MESSAGE][PASSED] - Object 'Object Repository/V2/Commons/DasboardPage_SidebarMenu/img_Home_logo-big' is present

2020-09-03 14:37:17 - [TEST_STEP][PASSED] - verifyElementPresent(findTestObject("V2/Commons/DasboardPage_SidebarMenu/img_Home_logo-big"), 0): Object 'Object Repository/V2/Commons/DasboardPage_SidebarMenu/img_Home_logo-big' is present

2020-09-03 14:37:17 - [MESSAGE][WARNING] - Timeout '0' is invalid. Using default page load timeout: '30'

2020-09-03 14:37:17 - [MESSAGE][PASSED] - Object 'Object Repository/V2/Commons/DasboardPage_SidebarMenu/img_Home_logo-big' is present

2020-09-03 14:37:17 - [MESSAGE][PASSED] - Call Test Case 'Test Cases/V2/Test Case/Pre-conditions/PRE_ActivateNewUser' successfully

2020-09-03 14:37:17 - [TEST_STEP][PASSED] - callTestCase(findTestCase("V2/Test Case/Pre-conditions/PRE_SkipPersonalProfileSetup"), [:], STOP_ON_FAILURE): Call Test Case 'Test Cases/V2/Test Case/Pre-conditions/PRE_SkipPersonalProfileSetup' successfully

2020-09-03 14:37:17 - [TEST_CASE][PASSED] - Test Cases/V2/Test Case/Pre-conditions/PRE_SkipPersonalProfileSetup: Test Cases/V2/Test Case/Pre-conditions/PRE_SkipPersonalProfileSetup

2020-09-03 14:37:17 - [TEST_STEP][PASSED] - waitForElementVisible(findTestObject("V2/Commons/FirstUpdateCompanyAndPersonalInfoModal/confirmPersonalInfoHeader_h1"), DefaultTimeout): Object 'Object Repository/V2/Commons/FirstUpdateCompanyAndPersonalInfoModal/confirmPersonalInfoHeader_h1' is visible

2020-09-03 14:37:18 - [MESSAGE][PASSED] - Object 'Object Repository/V2/Commons/FirstUpdateCompanyAndPersonalInfoModal/confirmPersonalInfoHeader_h1' is visible

2020-09-03 14:37:18 - [TEST_STEP][PASSED] - click(findTestObject("V2/Commons/FirstUpdateCompanyAndPersonalInfoModal/confirmInfoSkip_button")): Object: 'Object Repository/V2/Commons/FirstUpdateCompanyAndPersonalInfoModal/confirmInfoSkip_button' is clicked on

2020-09-03 14:37:19 - [MESSAGE][PASSED] - Object: 'Object Repository/V2/Commons/FirstUpdateCompanyAndPersonalInfoModal/confirmInfoSkip_button' is clicked on

2020-09-03 14:37:19 - [TEST_STEP][PASSED] - waitForElementVisible(findTestObject("V2/Commons/FirstUpdateCompanyAndPersonalInfoModal/letsGetStarted_button"), DefaultTimeout): Object 'Object Repository/V2/Commons/FirstUpdateCompanyAndPersonalInfoModal/letsGetStarted_button' is visible

2020-09-03 14:37:20 - [MESSAGE][PASSED] - Object 'Object Repository/V2/Commons/FirstUpdateCompanyAndPersonalInfoModal/letsGetStarted_button' is visible

2020-09-03 14:37:20 - [TEST_STEP][PASSED] - click(findTestObject("V2/Commons/FirstUpdateCompanyAndPersonalInfoModal/letsGetStarted_button")): Object: 'Object Repository/V2/Commons/FirstUpdateCompanyAndPersonalInfoModal/letsGetStarted_button' is clicked on

2020-09-03 14:37:20 - [MESSAGE][PASSED] - Object: 'Object Repository/V2/Commons/FirstUpdateCompanyAndPersonalInfoModal/letsGetStarted_button' is clicked on

2020-09-03 14:37:20 - [MESSAGE][PASSED] - Call Test Case 'Test Cases/V2/Test Case/Pre-conditions/PRE_SkipPersonalProfileSetup' successfully

2020-09-03 14:37:20 - [TEST_STEP][PASSED] - callTestCase(findTestCase("V2/Test Case/Pre-conditions/PRE_ActivateNewUser"), ["activationURL":employee_activationURL, "email":employee_email, "password":password], STOP_ON_FAILURE): Call Test Case 'Test Cases/V2/Test Case/Pre-conditions/PRE_ActivateNewUser' successfully

2020-09-03 14:37:20 - [TEST_CASE][PASSED] - Test Cases/V2/Test Case/Pre-conditions/PRE_ActivateNewUser: Test Cases/V2/Test Case/Pre-conditions/PRE_ActivateNewUser

2020-09-03 14:37:20 - [TEST_STEP][PASSED] - navigateToUrl(activationURL): Navigate to 'https://v2dev.traction.tools/activate?activationKey=97399b38-1c7a-42bf-a237-d51dc084b360&userId=b89dc023-9dd1-4369-b8d7-0ba3a6df241b&orgId=77388719-6067-41c9-8654-750ef5d6f2f0&email=tractiontools.user001+te5b3fry@gmail.com&isCreator=0' successfully

2020-09-03 14:37:22 - [MESSAGE][PASSED] - Navigate to 'https://v2dev.traction.tools/activate?activationKey=97399b38-1c7a-42bf-a237-d51dc084b360&userId=b89dc023-9dd1-4369-b8d7-0ba3a6df241b&orgId=77388719-6067-41c9-8654-750ef5d6f2f0&email=tractiontools.user001+te5b3fry@gmail.com&isCreator=0' successfully

2020-09-03 14:37:22 - [TEST_STEP][PASSED] - waitForElementVisible(findTestObject("V2/Commons/ActivationPage/input_Email_email"), DefaultTimeout): Object 'Object Repository/V2/Commons/ActivationPage/input_Email_email' is visible

2020-09-03 14:37:23 - [MESSAGE][PASSED] - Object 'Object Repository/V2/Commons/ActivationPage/input_Email_email' is visible

2020-09-03 14:37:23 - [TEST_STEP][PASSED] - actual_email = getAttribute(findTestObject("Object Repository/V2/Commons/ActivationPage/input_Email_email"), "value"): Attribute 'value' of object 'Object Repository/V2/Commons/ActivationPage/input_Email_email' is: 'tractiontools.user001+te5b3fry@gmail.com'

2020-09-03 14:37:24 - [MESSAGE][PASSED] - Attribute 'value' of object 'Object Repository/V2/Commons/ActivationPage/input_Email_email' is: 'tractiontools.user001+te5b3fry@gmail.com'

2020-09-03 14:37:24 - [TEST_STEP][PASSED] - verifyMatch(actual_email, email, false): Actual text 'tractiontools.user001+te5b3fry@gmail.com' and expected text 'tractiontools.user001+te5b3fry@gmail.com' are matched 

2020-09-03 14:37:24 - [MESSAGE][PASSED] - Actual text 'tractiontools.user001+te5b3fry@gmail.com' and expected text 'tractiontools.user001+te5b3fry@gmail.com' are matched 

2020-09-03 14:37:24 - [TEST_STEP][PASSED] - setText(findTestObject("V2/Commons/ActivationPage/input_password"), password): Text 'Qwer123!' is set on object 'Object Repository/V2/Commons/ActivationPage/input_password'

2020-09-03 14:37:24 - [MESSAGE][PASSED] - Text 'Qwer123!' is set on object 'Object Repository/V2/Commons/ActivationPage/input_password'

2020-09-03 14:37:24 - [TEST_STEP][PASSED] - setText(findTestObject("Object Repository/V2/Commons/ActivationPage/input__passwordRepeat"), password): Text 'Qwer123!' is set on object 'Object Repository/V2/Commons/ActivationPage/input__passwordRepeat'

2020-09-03 14:37:25 - [MESSAGE][PASSED] - Text 'Qwer123!' is set on object 'Object Repository/V2/Commons/ActivationPage/input__passwordRepeat'

2020-09-03 14:37:25 - [TEST_STEP][PASSED] - click(findTestObject("V2/Commons/ActivationPage/input_termsandconditions")): Object: 'Object Repository/V2/Commons/ActivationPage/input_termsandconditions' is clicked on

2020-09-03 14:37:25 - [MESSAGE][PASSED] - Object: 'Object Repository/V2/Commons/ActivationPage/input_termsandconditions' is clicked on

2020-09-03 14:37:25 - [TEST_STEP][PASSED] - click(findTestObject("Object Repository/V2/Commons/ActivationPage/div_Create account")): Object: 'Object Repository/V2/Commons/ActivationPage/div_Create account' is clicked on

2020-09-03 14:37:26 - [MESSAGE][PASSED] - Object: 'Object Repository/V2/Commons/ActivationPage/div_Create account' is clicked on

2020-09-03 14:37:26 - [TEST_STEP][PASSED] - waitForElementPresent(findTestObject("V2/Commons/DasboardPage_SidebarMenu/img_Home_logo-big"), DefaultTimeout): Object 'Object Repository/V2/Commons/DasboardPage_SidebarMenu/img_Home_logo-big' is present

2020-09-03 14:37:30 - [MESSAGE][PASSED] - Object 'Object Repository/V2/Commons/DasboardPage_SidebarMenu/img_Home_logo-big' is present

2020-09-03 14:37:30 - [TEST_STEP][PASSED] - verifyElementPresent(findTestObject("V2/Commons/DasboardPage_SidebarMenu/img_Home_logo-big"), 0): Object 'Object Repository/V2/Commons/DasboardPage_SidebarMenu/img_Home_logo-big' is present

2020-09-03 14:37:31 - [MESSAGE][WARNING] - Timeout '0' is invalid. Using default page load timeout: '30'

2020-09-03 14:37:31 - [MESSAGE][PASSED] - Object 'Object Repository/V2/Commons/DasboardPage_SidebarMenu/img_Home_logo-big' is present

2020-09-03 14:37:31 - [MESSAGE][PASSED] - Call Test Case 'Test Cases/V2/Test Case/Pre-conditions/PRE_ActivateNewUser' successfully

2020-09-03 14:37:31 - [TEST_STEP][PASSED] - callTestCase(findTestCase("V2/Test Case/Pre-conditions/PRE_SkipPersonalProfileSetup"), [:], STOP_ON_FAILURE): Call Test Case 'Test Cases/V2/Test Case/Pre-conditions/PRE_SkipPersonalProfileSetup' successfully

2020-09-03 14:37:31 - [TEST_CASE][PASSED] - Test Cases/V2/Test Case/Pre-conditions/PRE_SkipPersonalProfileSetup: Test Cases/V2/Test Case/Pre-conditions/PRE_SkipPersonalProfileSetup

2020-09-03 14:37:31 - [TEST_STEP][PASSED] - waitForElementVisible(findTestObject("V2/Commons/FirstUpdateCompanyAndPersonalInfoModal/confirmPersonalInfoHeader_h1"), DefaultTimeout): Object 'Object Repository/V2/Commons/FirstUpdateCompanyAndPersonalInfoModal/confirmPersonalInfoHeader_h1' is visible

2020-09-03 14:37:32 - [MESSAGE][PASSED] - Object 'Object Repository/V2/Commons/FirstUpdateCompanyAndPersonalInfoModal/confirmPersonalInfoHeader_h1' is visible

2020-09-03 14:37:32 - [TEST_STEP][PASSED] - click(findTestObject("V2/Commons/FirstUpdateCompanyAndPersonalInfoModal/confirmInfoSkip_button")): Object: 'Object Repository/V2/Commons/FirstUpdateCompanyAndPersonalInfoModal/confirmInfoSkip_button' is clicked on

2020-09-03 14:37:33 - [MESSAGE][PASSED] - Object: 'Object Repository/V2/Commons/FirstUpdateCompanyAndPersonalInfoModal/confirmInfoSkip_button' is clicked on

2020-09-03 14:37:33 - [TEST_STEP][PASSED] - waitForElementVisible(findTestObject("V2/Commons/FirstUpdateCompanyAndPersonalInfoModal/letsGetStarted_button"), DefaultTimeout): Object 'Object Repository/V2/Commons/FirstUpdateCompanyAndPersonalInfoModal/letsGetStarted_button' is visible

2020-09-03 14:37:33 - [MESSAGE][PASSED] - Object 'Object Repository/V2/Commons/FirstUpdateCompanyAndPersonalInfoModal/letsGetStarted_button' is visible

2020-09-03 14:37:33 - [TEST_STEP][PASSED] - click(findTestObject("V2/Commons/FirstUpdateCompanyAndPersonalInfoModal/letsGetStarted_button")): Object: 'Object Repository/V2/Commons/FirstUpdateCompanyAndPersonalInfoModal/letsGetStarted_button' is clicked on

2020-09-03 14:37:34 - [MESSAGE][PASSED] - Object: 'Object Repository/V2/Commons/FirstUpdateCompanyAndPersonalInfoModal/letsGetStarted_button' is clicked on

2020-09-03 14:37:34 - [MESSAGE][PASSED] - Call Test Case 'Test Cases/V2/Test Case/Pre-conditions/PRE_SkipPersonalProfileSetup' successfully

2020-09-03 14:37:34 - [MESSAGE][PASSED] - Call Test Case 'Test Cases/V2/Test Case/Pre-conditions/PRE_RegisterAndActivateTTUsers' successfully

2020-09-03 14:37:34 - [TEST_STEP][PASSED] - closeBrowser(): Browser is closed

2020-09-03 14:37:34 - [MESSAGE][PASSED] - Browser is closed

2020-09-03 14:37:34 - [TEST_STEP][PASSED] - path = System.getProperty("user.dir"): null

2020-09-03 14:37:34 - [TEST_STEP][PASSED] - System.setProperty("webdriver.chrome.driver", "C:\Users\Aaron-PC\Documents\Traction Tools\Katalon\Katalon_Studio_Windows_64-7.6.2\Katalon_Studio_Windows_64-7.6.2\configuration\resources\drivers\chromedriver_win32\chromedriver.exe"): null

2020-09-03 14:37:34 - [TEST_STEP][PASSED] - driver1 = new org.openqa.selenium.chrome.ChromeDriver(): null

2020-09-03 14:37:38 - [TEST_STEP][PASSED] - changeWebDriver(driver1): null

2020-09-03 14:37:38 - [TEST_STEP][PASSED] - maximizeWindow(): Current window maximized

2020-09-03 14:37:40 - [MESSAGE][PASSED] - Current window maximized

2020-09-03 14:37:40 - [TEST_STEP][PASSED] - navigateToUrl(V2Url): Navigate to 'https://v2dev.traction.tools' successfully

2020-09-03 14:37:41 - [MESSAGE][PASSED] - Navigate to 'https://v2dev.traction.tools' successfully

2020-09-03 14:37:41 - [TEST_STEP][PASSED] - callTestCase(findTestCase("V2/Test Case/Pre-conditions/PRE_LoginToTractionToolsApplication"), ["username":email, "password":password], STOP_ON_FAILURE): Call Test Case 'Test Cases/V2/Test Case/Pre-conditions/PRE_LoginToTractionToolsApplication' successfully

2020-09-03 14:37:41 - [TEST_CASE][PASSED] - Test Cases/V2/Test Case/Pre-conditions/PRE_LoginToTractionToolsApplication: Test Cases/V2/Test Case/Pre-conditions/PRE_LoginToTractionToolsApplication

2020-09-03 14:37:41 - [TEST_STEP][PASSED] - setText(findTestObject("V2/Commons/LoginPage/input__username"), username): Text 'tractiontools.user001+ta5gk4na@gmail.com' is set on object 'Object Repository/V2/Commons/LoginPage/input__username'

2020-09-03 14:37:50 - [MESSAGE][PASSED] - Text 'tractiontools.user001+ta5gk4na@gmail.com' is set on object 'Object Repository/V2/Commons/LoginPage/input__username'

2020-09-03 14:37:50 - [TEST_STEP][PASSED] - setText(findTestObject("V2/Commons/LoginPage/input__password"), password): Text 'Qwer123!' is set on object 'Object Repository/V2/Commons/LoginPage/input__password'

2020-09-03 14:37:50 - [MESSAGE][PASSED] - Text 'Qwer123!' is set on object 'Object Repository/V2/Commons/LoginPage/input__password'

2020-09-03 14:37:50 - [TEST_STEP][PASSED] - click(findTestObject("V2/Commons/LoginPage/div_Login")): Object: 'Object Repository/V2/Commons/LoginPage/div_Login' is clicked on

2020-09-03 14:37:50 - [MESSAGE][PASSED] - Object: 'Object Repository/V2/Commons/LoginPage/div_Login' is clicked on

2020-09-03 14:37:50 - [TEST_STEP][PASSED] - waitForElementVisible(findTestObject("V2/Commons/DasboardPage_SidebarMenu/img_Home_logo-big"), DefaultTimeout): Object 'Object Repository/V2/Commons/DasboardPage_SidebarMenu/img_Home_logo-big' is visible

2020-09-03 14:37:55 - [MESSAGE][PASSED] - Object 'Object Repository/V2/Commons/DasboardPage_SidebarMenu/img_Home_logo-big' is visible

2020-09-03 14:37:55 - [TEST_STEP][PASSED] - verifyElementVisible(findTestObject("V2/Commons/DasboardPage_SidebarMenu/img_Home_logo-big"), STOP_ON_FAILURE): Object 'Object Repository/V2/Commons/DasboardPage_SidebarMenu/img_Home_logo-big' is visible

2020-09-03 14:37:55 - [MESSAGE][PASSED] - Object 'Object Repository/V2/Commons/DasboardPage_SidebarMenu/img_Home_logo-big' is visible

2020-09-03 14:37:55 - [MESSAGE][PASSED] - Call Test Case 'Test Cases/V2/Test Case/Pre-conditions/PRE_LoginToTractionToolsApplication' successfully

2020-09-03 14:37:55 - [TEST_STEP][PASSED] - driver2 = new org.openqa.selenium.chrome.ChromeDriver(): null

2020-09-03 14:37:58 - [TEST_STEP][PASSED] - changeWebDriver(driver2): null

2020-09-03 14:37:58 - [TEST_STEP][PASSED] - maximizeWindow(): Current window maximized

2020-09-03 14:38:00 - [MESSAGE][PASSED] - Current window maximized

2020-09-03 14:38:00 - [TEST_STEP][PASSED] - navigateToUrl(V2Url): Navigate to 'https://v2dev.traction.tools' successfully

2020-09-03 14:38:02 - [MESSAGE][PASSED] - Navigate to 'https://v2dev.traction.tools' successfully

2020-09-03 14:38:02 - [TEST_STEP][PASSED] - callTestCase(findTestCase("V2/Test Case/Pre-conditions/PRE_LoginToTractionToolsApplication"), ["username":supervisor_email, "password":password], STOP_ON_FAILURE): Call Test Case 'Test Cases/V2/Test Case/Pre-conditions/PRE_LoginToTractionToolsApplication' successfully

2020-09-03 14:38:02 - [TEST_CASE][PASSED] - Test Cases/V2/Test Case/Pre-conditions/PRE_LoginToTractionToolsApplication: Test Cases/V2/Test Case/Pre-conditions/PRE_LoginToTractionToolsApplication

2020-09-03 14:38:02 - [TEST_STEP][PASSED] - setText(findTestObject("V2/Commons/LoginPage/input__username"), username): Text 'tractiontools.user001+ts5r34na@gmail.com' is set on object 'Object Repository/V2/Commons/LoginPage/input__username'

2020-09-03 14:38:08 - [MESSAGE][PASSED] - Text 'tractiontools.user001+ts5r34na@gmail.com' is set on object 'Object Repository/V2/Commons/LoginPage/input__username'

2020-09-03 14:38:08 - [TEST_STEP][PASSED] - setText(findTestObject("V2/Commons/LoginPage/input__password"), password): Text 'Qwer123!' is set on object 'Object Repository/V2/Commons/LoginPage/input__password'

2020-09-03 14:38:09 - [MESSAGE][PASSED] - Text 'Qwer123!' is set on object 'Object Repository/V2/Commons/LoginPage/input__password'

2020-09-03 14:38:09 - [TEST_STEP][PASSED] - click(findTestObject("V2/Commons/LoginPage/div_Login")): Object: 'Object Repository/V2/Commons/LoginPage/div_Login' is clicked on

2020-09-03 14:38:09 - [MESSAGE][PASSED] - Object: 'Object Repository/V2/Commons/LoginPage/div_Login' is clicked on

2020-09-03 14:38:09 - [TEST_STEP][PASSED] - waitForElementVisible(findTestObject("V2/Commons/DasboardPage_SidebarMenu/img_Home_logo-big"), DefaultTimeout): Object 'Object Repository/V2/Commons/DasboardPage_SidebarMenu/img_Home_logo-big' is visible

2020-09-03 14:38:13 - [MESSAGE][PASSED] - Object 'Object Repository/V2/Commons/DasboardPage_SidebarMenu/img_Home_logo-big' is visible

2020-09-03 14:38:13 - [TEST_STEP][PASSED] - verifyElementVisible(findTestObject("V2/Commons/DasboardPage_SidebarMenu/img_Home_logo-big"), STOP_ON_FAILURE): Object 'Object Repository/V2/Commons/DasboardPage_SidebarMenu/img_Home_logo-big' is visible

2020-09-03 14:38:13 - [MESSAGE][PASSED] - Object 'Object Repository/V2/Commons/DasboardPage_SidebarMenu/img_Home_logo-big' is visible

2020-09-03 14:38:13 - [MESSAGE][PASSED] - Call Test Case 'Test Cases/V2/Test Case/Pre-conditions/PRE_LoginToTractionToolsApplication' successfully

2020-09-03 14:38:13 - [TEST_STEP][PASSED] - driver3 = new org.openqa.selenium.chrome.ChromeDriver(): null

2020-09-03 14:38:17 - [TEST_STEP][PASSED] - changeWebDriver(driver3): null

2020-09-03 14:38:17 - [TEST_STEP][PASSED] - maximizeWindow(): Current window maximized

2020-09-03 14:38:19 - [MESSAGE][PASSED] - Current window maximized

2020-09-03 14:38:19 - [TEST_STEP][PASSED] - navigateToUrl(V2Url): Navigate to 'https://v2dev.traction.tools' successfully

2020-09-03 14:38:20 - [MESSAGE][PASSED] - Navigate to 'https://v2dev.traction.tools' successfully

2020-09-03 14:38:20 - [TEST_STEP][PASSED] - callTestCase(findTestCase("V2/Test Case/Pre-conditions/PRE_LoginToTractionToolsApplication"), ["username":employee_email, "password":password], STOP_ON_FAILURE): Call Test Case 'Test Cases/V2/Test Case/Pre-conditions/PRE_LoginToTractionToolsApplication' successfully

2020-09-03 14:38:20 - [TEST_CASE][PASSED] - Test Cases/V2/Test Case/Pre-conditions/PRE_LoginToTractionToolsApplication: Test Cases/V2/Test Case/Pre-conditions/PRE_LoginToTractionToolsApplication

2020-09-03 14:38:20 - [TEST_STEP][PASSED] - setText(findTestObject("V2/Commons/LoginPage/input__username"), username): Text 'tractiontools.user001+te5b3fry@gmail.com' is set on object 'Object Repository/V2/Commons/LoginPage/input__username'

2020-09-03 14:38:28 - [MESSAGE][PASSED] - Text 'tractiontools.user001+te5b3fry@gmail.com' is set on object 'Object Repository/V2/Commons/LoginPage/input__username'

2020-09-03 14:38:28 - [TEST_STEP][PASSED] - setText(findTestObject("V2/Commons/LoginPage/input__password"), password): Text 'Qwer123!' is set on object 'Object Repository/V2/Commons/LoginPage/input__password'

2020-09-03 14:38:28 - [MESSAGE][PASSED] - Text 'Qwer123!' is set on object 'Object Repository/V2/Commons/LoginPage/input__password'

2020-09-03 14:38:28 - [TEST_STEP][PASSED] - click(findTestObject("V2/Commons/LoginPage/div_Login")): Object: 'Object Repository/V2/Commons/LoginPage/div_Login' is clicked on

2020-09-03 14:38:28 - [MESSAGE][PASSED] - Object: 'Object Repository/V2/Commons/LoginPage/div_Login' is clicked on

2020-09-03 14:38:28 - [TEST_STEP][PASSED] - waitForElementVisible(findTestObject("V2/Commons/DasboardPage_SidebarMenu/img_Home_logo-big"), DefaultTimeout): Object 'Object Repository/V2/Commons/DasboardPage_SidebarMenu/img_Home_logo-big' is visible

2020-09-03 14:38:32 - [MESSAGE][PASSED] - Object 'Object Repository/V2/Commons/DasboardPage_SidebarMenu/img_Home_logo-big' is visible

2020-09-03 14:38:32 - [TEST_STEP][PASSED] - verifyElementVisible(findTestObject("V2/Commons/DasboardPage_SidebarMenu/img_Home_logo-big"), STOP_ON_FAILURE): Object 'Object Repository/V2/Commons/DasboardPage_SidebarMenu/img_Home_logo-big' is visible

2020-09-03 14:38:32 - [MESSAGE][PASSED] - Object 'Object Repository/V2/Commons/DasboardPage_SidebarMenu/img_Home_logo-big' is visible

2020-09-03 14:38:32 - [MESSAGE][PASSED] - Call Test Case 'Test Cases/V2/Test Case/Pre-conditions/PRE_LoginToTractionToolsApplication' successfully

2020-09-03 14:38:32 - [TEST_STEP][PASSED] - changeWebDriver(driver1): null

2020-09-03 14:38:32 - [TEST_STEP][PASSED] - callTestCase(findTestCase("V2/Test Case/Pre-conditions/PRE_AddMilestone_Rocks"), [:], STOP_ON_FAILURE): Call Test Case 'Test Cases/V2/Test Case/Pre-conditions/PRE_AddMilestone_Rocks' successfully

2020-09-03 14:38:32 - [TEST_CASE][PASSED] - Test Cases/V2/Test Case/Pre-conditions/PRE_AddMilestone_Rocks: Test Cases/V2/Test Case/Pre-conditions/PRE_AddMilestone_Rocks

2020-09-03 14:38:32 - [TEST_STEP][PASSED] - click(findTestObject("Object Repository/V2/Commons/ManageUsersPage/span_Company Settings")): Object: 'Object Repository/V2/Commons/ManageUsersPage/span_Company Settings' is clicked on

2020-09-03 14:38:32 - [MESSAGE][PASSED] - Object: 'Object Repository/V2/Commons/ManageUsersPage/span_Company Settings' is clicked on

2020-09-03 14:38:32 - [TEST_STEP][PASSED] - click(findTestObject("V2/Commons/DasboardPage_SidebarMenu/a_Advance Settings")): Object: 'Object Repository/V2/Commons/DasboardPage_SidebarMenu/a_Advance Settings' is clicked on

2020-09-03 14:38:32 - [MESSAGE][PASSED] - Object: 'Object Repository/V2/Commons/DasboardPage_SidebarMenu/a_Advance Settings' is clicked on

2020-09-03 14:38:32 - [TEST_STEP][PASSED] - waitForElementVisible(findTestObject("V2/Commons/AdvanceSettingsPage/Add_Milestone_Toggle"), DefaultTimeout): Object 'Object Repository/V2/Commons/AdvanceSettingsPage/Add_Milestone_Toggle' is visible

2020-09-03 14:38:33 - [MESSAGE][PASSED] - Object 'Object Repository/V2/Commons/AdvanceSettingsPage/Add_Milestone_Toggle' is visible

2020-09-03 14:38:33 - [TEST_STEP][PASSED] - click(findTestObject("V2/Commons/AdvanceSettingsPage/Add_Milestone_Toggle")): Object: 'Object Repository/V2/Commons/AdvanceSettingsPage/Add_Milestone_Toggle' is clicked on

2020-09-03 14:38:33 - [MESSAGE][PASSED] - Object: 'Object Repository/V2/Commons/AdvanceSettingsPage/Add_Milestone_Toggle' is clicked on

2020-09-03 14:38:33 - [TEST_STEP][PASSED] - A_validateMilestoneChecked = getAttribute(findTestObject("V2/Commons/AdvanceSettingsPage/Verify_Milestone_Toggle"), "checked"): Attribute 'checked' of object 'Object Repository/V2/Commons/AdvanceSettingsPage/Verify_Milestone_Toggle' is: 'true'

2020-09-03 14:38:33 - [MESSAGE][PASSED] - Attribute 'checked' of object 'Object Repository/V2/Commons/AdvanceSettingsPage/Verify_Milestone_Toggle' is: 'true'

2020-09-03 14:38:33 - [TEST_STEP][PASSED] - verifyMatch(A_validateMilestoneChecked, "true", false): Actual text 'true' and expected text 'true' are matched 

2020-09-03 14:38:33 - [MESSAGE][PASSED] - Actual text 'true' and expected text 'true' are matched 

2020-09-03 14:38:33 - [TEST_STEP][PASSED] - click(findTestObject("V2/Commons/AdvanceSettingsPage/Save_Rules")): Object: 'Object Repository/V2/Commons/AdvanceSettingsPage/Save_Rules' is clicked on

2020-09-03 14:38:33 - [MESSAGE][PASSED] - Object: 'Object Repository/V2/Commons/AdvanceSettingsPage/Save_Rules' is clicked on

2020-09-03 14:38:33 - [MESSAGE][PASSED] - Call Test Case 'Test Cases/V2/Test Case/Pre-conditions/PRE_AddMilestone_Rocks' successfully

2020-09-03 14:38:33 - [TEST_STEP][PASSED] - callTestCase(findTestCase("V2/Test Case/Pre-conditions/PRE_CreateL10Meeting"), ["meetingName":meetingName, "meetingAcronym":meetingAcronym, "meetingType":meetingType, "dropdownOptions_obj":"//div[@id='CREATE_MEETING_L10']//span[text()='%s']/parent::div[@role='option']", ... ], STOP_ON_FAILURE): Call Test Case 'Test Cases/V2/Test Case/Pre-conditions/PRE_CreateL10Meeting' successfully

2020-09-03 14:38:33 - [TEST_CASE][PASSED] - Test Cases/V2/Test Case/Pre-conditions/PRE_CreateL10Meeting: Test Cases/V2/Test Case/Pre-conditions/PRE_CreateL10Meeting

2020-09-03 14:38:33 - [TEST_STEP][PASSED] - click(findTestObject("V2/Commons/DasboardPage_SidebarMenu/MeetingsMenu")): Object: 'Object Repository/V2/Commons/DasboardPage_SidebarMenu/MeetingsMenu' is clicked on

2020-09-03 14:38:33 - [MESSAGE][PASSED] - Object: 'Object Repository/V2/Commons/DasboardPage_SidebarMenu/MeetingsMenu' is clicked on

2020-09-03 14:38:33 - [TEST_STEP][PASSED] - click(findTestObject("Object Repository/V2/Commons/MeetingListPage/div_Create a meeting")): Object: 'Object Repository/V2/Commons/MeetingListPage/div_Create a meeting' is clicked on

2020-09-03 14:38:34 - [MESSAGE][PASSED] - Object: 'Object Repository/V2/Commons/MeetingListPage/div_Create a meeting' is clicked on

2020-09-03 14:38:34 - [TEST_STEP][PASSED] - click(findTestObject("Object Repository/V2/Commons/MeetingListPage/button_Level 10")): Object: 'Object Repository/V2/Commons/MeetingListPage/button_Level 10' is clicked on

2020-09-03 14:38:34 - [MESSAGE][PASSED] - Object: 'Object Repository/V2/Commons/MeetingListPage/button_Level 10' is clicked on

2020-09-03 14:38:34 - [TEST_STEP][PASSED] - waitForElementVisible(findTestObject("V2/Commons/CreateL10MeetingDrawer/input__name"), DefaultTimeout): Object 'Object Repository/V2/Commons/CreateL10MeetingDrawer/input__name' is visible

2020-09-03 14:38:34 - [MESSAGE][PASSED] - Object 'Object Repository/V2/Commons/CreateL10MeetingDrawer/input__name' is visible

2020-09-03 14:38:34 - [TEST_STEP][PASSED] - setText(findTestObject("V2/Commons/CreateL10MeetingDrawer/input__name"), meetingName): Text 'Meeting Admin' is set on object 'Object Repository/V2/Commons/CreateL10MeetingDrawer/input__name'

2020-09-03 14:38:35 - [MESSAGE][PASSED] - Text 'Meeting Admin' is set on object 'Object Repository/V2/Commons/CreateL10MeetingDrawer/input__name'

2020-09-03 14:38:35 - [TEST_STEP][PASSED] - setText(findTestObject("V2/Commons/CreateL10MeetingDrawer/input__acronym"), meetingAcronym): Text 'CL10' is set on object 'Object Repository/V2/Commons/CreateL10MeetingDrawer/input__acronym'

2020-09-03 14:38:35 - [MESSAGE][PASSED] - Text 'CL10' is set on object 'Object Repository/V2/Commons/CreateL10MeetingDrawer/input__acronym'

2020-09-03 14:38:35 - [TEST_STEP][PASSED] - click(findTestObject("V2/Commons/CreateL10MeetingDrawer/input__typeOfMeeting")): Object: 'Object Repository/V2/Commons/CreateL10MeetingDrawer/input__typeOfMeeting' is clicked on

2020-09-03 14:38:35 - [MESSAGE][PASSED] - Object: 'Object Repository/V2/Commons/CreateL10MeetingDrawer/input__typeOfMeeting' is clicked on

2020-09-03 14:38:35 - [TEST_STEP][PASSED] - meetingTypeOption_Obj = tt_CustomKeywords.CustomKeywords.CreateDynamicElement(dropdownOptions_obj, meetingType, "xpath"): Successfully created new dynamic object: //div[@id='CREATE_MEETING_L10']//span[text()='Leadership']/parent::div[@role='option']

2020-09-03 14:38:35 - [MESSAGE][PASSED] - Successfully created new dynamic object: //div[@id='CREATE_MEETING_L10']//span[text()='Leadership']/parent::div[@role='option']

2020-09-03 14:38:35 - [TEST_STEP][PASSED] - click(meetingTypeOption_Obj): Object: '' is clicked on

2020-09-03 14:38:35 - [MESSAGE][PASSED] - Object: '' is clicked on

2020-09-03 14:38:35 - [TEST_STEP][PASSED] - click(findTestObject("V2/Commons/CreateL10MeetingDrawer/div_dayOfMeetingDropdownList")): Object: 'Object Repository/V2/Commons/CreateL10MeetingDrawer/div_dayOfMeetingDropdownList' is clicked on

2020-09-03 14:38:35 - [MESSAGE][PASSED] - Object: 'Object Repository/V2/Commons/CreateL10MeetingDrawer/div_dayOfMeetingDropdownList' is clicked on

2020-09-03 14:38:35 - [TEST_STEP][PASSED] - dayOfMeetingOption_Obj = tt_CustomKeywords.CustomKeywords.CreateDynamicElement(dropdownOptions_obj, dayOfMeeting, "xpath"): Successfully created new dynamic object: //div[@id='CREATE_MEETING_L10']//span[text()='Monday']/parent::div[@role='option']

2020-09-03 14:38:35 - [MESSAGE][PASSED] - Successfully created new dynamic object: //div[@id='CREATE_MEETING_L10']//span[text()='Monday']/parent::div[@role='option']

2020-09-03 14:38:35 - [TEST_STEP][PASSED] - click(dayOfMeetingOption_Obj): Object: '' is clicked on

2020-09-03 14:38:35 - [MESSAGE][PASSED] - Object: '' is clicked on

2020-09-03 14:38:35 - [TEST_STEP][PASSED] - click(findTestObject("V2/Commons/CreateL10MeetingDrawer/input_meetingTime")): Object: 'Object Repository/V2/Commons/CreateL10MeetingDrawer/input_meetingTime' is clicked on

2020-09-03 14:38:35 - [MESSAGE][PASSED] - Object: 'Object Repository/V2/Commons/CreateL10MeetingDrawer/input_meetingTime' is clicked on

2020-09-03 14:38:35 - [TEST_STEP][PASSED] - setText(findTestObject("V2/Commons/CreateL10MeetingDrawer/input_meetingTime"), meetingTime): Text '12:00' is set on object 'Object Repository/V2/Commons/CreateL10MeetingDrawer/input_meetingTime'

2020-09-03 14:38:35 - [MESSAGE][PASSED] - Text '12:00' is set on object 'Object Repository/V2/Commons/CreateL10MeetingDrawer/input_meetingTime'

2020-09-03 14:38:35 - [TEST_STEP][PASSED] - sendKeys(findTestObject("V2/Commons/CreateL10MeetingDrawer/input_meetingTime"), Keys.chord(TAB)): Keys 'TAB + ' sent to object: 'Object Repository/V2/Commons/CreateL10MeetingDrawer/input_meetingTime'

2020-09-03 14:38:35 - [MESSAGE][PASSED] - Keys 'TAB + ' sent to object: 'Object Repository/V2/Commons/CreateL10MeetingDrawer/input_meetingTime'

2020-09-03 14:38:35 - [TEST_STEP][PASSED] - click(findTestObject("V2/Commons/CreateL10MeetingDrawer/div_Create Meeting")): Object: 'Object Repository/V2/Commons/CreateL10MeetingDrawer/div_Create Meeting' is clicked on

2020-09-03 14:38:35 - [MESSAGE][PASSED] - Object: 'Object Repository/V2/Commons/CreateL10MeetingDrawer/div_Create Meeting' is clicked on

2020-09-03 14:38:35 - [TEST_STEP][PASSED] - waitForElementVisible(findTestObject("Object Repository/V2/Commons/MeetingListPage/div_Ill do this later"), DefaultTimeout): Object 'Object Repository/V2/Commons/MeetingListPage/div_Ill do this later' is visible

2020-09-03 14:39:11 - [MESSAGE][PASSED] - Object 'Object Repository/V2/Commons/MeetingListPage/div_Ill do this later' is visible

2020-09-03 14:39:11 - [TEST_STEP][PASSED] - verifyElementVisible(findTestObject("Object Repository/V2/Commons/MeetingListPage/div_Ill do this later"), STOP_ON_FAILURE): Object 'Object Repository/V2/Commons/MeetingListPage/div_Ill do this later' is visible

2020-09-03 14:39:11 - [MESSAGE][PASSED] - Object 'Object Repository/V2/Commons/MeetingListPage/div_Ill do this later' is visible

2020-09-03 14:39:11 - [TEST_STEP][PASSED] - click(findTestObject("Object Repository/V2/Commons/MeetingListPage/div_Ill do this later")): Object: 'Object Repository/V2/Commons/MeetingListPage/div_Ill do this later' is clicked on

2020-09-03 14:39:11 - [MESSAGE][PASSED] - Object: 'Object Repository/V2/Commons/MeetingListPage/div_Ill do this later' is clicked on

2020-09-03 14:39:11 - [TEST_STEP][PASSED] - meetingRecordObj = tt_CustomKeywords.CustomKeywords.CreateDynamicElement(meetingRecord_obj, meetingName, "xpath"): Successfully created new dynamic object: //div[@class='detailscontainer__block item']/h4[text()='Meeting Admin']

2020-09-03 14:39:11 - [MESSAGE][PASSED] - Successfully created new dynamic object: //div[@class='detailscontainer__block item']/h4[text()='Meeting Admin']

2020-09-03 14:39:11 - [TEST_STEP][PASSED] - verifyElementPresent(meetingRecordObj, DefaultTimeout): Object '' is present

2020-09-03 14:39:11 - [MESSAGE][PASSED] - Object '' is present

2020-09-03 14:39:11 - [MESSAGE][PASSED] - Call Test Case 'Test Cases/V2/Test Case/Pre-conditions/PRE_CreateL10Meeting' successfully

2020-09-03 14:39:11 - [TEST_STEP][FAILED] - callTestCase(findTestCase("V2/Test Case/Tests/PR-369 - EditMeetingAgenda/Test Cases/Positive/Admin/PR_369_7_EditMeetingCreateRock_Admin"), ["userName":"jeff+075@mytractiontools.com", "passWord":"Skyline69A*", "meetingRowPosition":"3", "editMeetingMenu_Obj":"//div[@id='root']/div/div[2]/div/div/div/div[2]/div/div[%s]/div[3]/button/i", ... ], STOP_ON_FAILURE): Unable to call Test Case 'Test Cases/V2/Test Case/Tests/PR-369 - EditMeetingAgenda/Test Cases/Positive/Admin/PR_369_7_EditMeetingCreateRock_Admin' (Root cause: com.kms.katalon.core.exception.StepFailedException: Call Test Case 'Test Cases/V2/Test Case/Tests/PR-369 - EditMeetingAgenda/Test Cases/Positive/Admin/PR_369_7_EditMeetingCreateRock_Admin' failed
	at com.kms.katalon.core.keyword.builtin.CallTestCaseKeyword$_callTestCase_closure1.doCall(CallTestCaseKeyword.groovy:63)
	at com.kms.katalon.core.keyword.builtin.CallTestCaseKeyword$_callTestCase_closure1.call(CallTestCaseKeyword.groovy)
	at com.kms.katalon.core.keyword.internal.KeywordMain.runKeyword(KeywordMain.groovy:68)
	at com.kms.katalon.core.keyword.builtin.CallTestCaseKeyword.callTestCase(CallTestCaseKeyword.groovy:81)
	at com.kms.katalon.core.keyword.builtin.CallTestCaseKeyword.execute(CallTestCaseKeyword.groovy:44)
	at com.kms.katalon.core.keyword.internal.KeywordExecutor.executeKeywordForPlatform(KeywordExecutor.groovy:73)
	at com.kms.katalon.core.keyword.BuiltinKeywords.callTestCase(BuiltinKeywords.groovy:334)
	at TT_369_2_CreateRock_AllTestCase.run(TT_369_2_CreateRock_AllTestCase:78)
	at com.kms.katalon.core.main.ScriptEngine.run(ScriptEngine.java:194)
	at com.kms.katalon.core.main.ScriptEngine.runScriptAsRawText(ScriptEngine.java:119)
	at com.kms.katalon.core.main.TestCaseExecutor.runScript(TestCaseExecutor.java:339)
	at com.kms.katalon.core.main.TestCaseExecutor.doExecute(TestCaseExecutor.java:330)
	at com.kms.katalon.core.main.TestCaseExecutor.processExecutionPhase(TestCaseExecutor.java:309)
	at com.kms.katalon.core.main.TestCaseExecutor.accessMainPhase(TestCaseExecutor.java:301)
	at com.kms.katalon.core.main.TestCaseExecutor.execute(TestCaseExecutor.java:235)
	at com.kms.katalon.core.main.TestSuiteExecutor.accessTestCaseMainPhase(TestSuiteExecutor.java:191)
	at com.kms.katalon.core.main.TestSuiteExecutor.accessTestSuiteMainPhase(TestSuiteExecutor.java:141)
	at com.kms.katalon.core.main.TestSuiteExecutor.execute(TestSuiteExecutor.java:90)
	at com.kms.katalon.core.main.TestCaseMain.startTestSuite(TestCaseMain.java:157)
	at com.kms.katalon.core.main.TestCaseMain$startTestSuite$0.call(Unknown Source)
	at TempTestSuite1599114921433.run(TempTestSuite1599114921433.groovy:39)
Caused by: com.kms.katalon.core.exception.StepFailedException: Unable to click on object 'Object Repository/V2/Commons/DasboardPage_SidebarMenu/MeetingsMenu'
	at com.kms.katalon.core.webui.keyword.internal.WebUIKeywordMain.stepFailed(WebUIKeywordMain.groovy:64)
	at com.kms.katalon.core.webui.keyword.internal.WebUIKeywordMain.runKeyword(WebUIKeywordMain.groovy:26)
	at com.kms.katalon.core.webui.keyword.builtin.ClickKeyword.click(ClickKeyword.groovy:76)
	at com.kms.katalon.core.webui.keyword.builtin.ClickKeyword.execute(ClickKeyword.groovy:43)
	at com.kms.katalon.core.keyword.internal.KeywordExecutor.executeKeywordForPlatform(KeywordExecutor.groovy:73)
	at com.kms.katalon.core.webui.keyword.WebUiBuiltInKeywords.click(WebUiBuiltInKeywords.groovy:616)
	at com.kms.katalon.core.webui.keyword.WebUiBuiltInKeywords$click$5.call(Unknown Source)
	at PR_369_7_EditMeetingCreateRock_Admin.run(PR_369_7_EditMeetingCreateRock_Admin:34)
	at com.kms.katalon.core.main.ScriptEngine.run(ScriptEngine.java:194)
	at com.kms.katalon.core.main.ScriptEngine.runScriptAsRawText(ScriptEngine.java:119)
	at com.kms.katalon.core.main.TestCaseExecutor.runScript(TestCaseExecutor.java:339)
	at com.kms.katalon.core.main.TestCaseExecutor.doExecute(TestCaseExecutor.java:330)
	at com.kms.katalon.core.main.TestCaseExecutor.processExecutionPhase(TestCaseExecutor.java:309)
	at com.kms.katalon.core.main.TestCaseExecutor.accessMainPhase(TestCaseExecutor.java:301)
	at com.kms.katalon.core.main.TestCaseExecutor.execute(TestCaseExecutor.java:235)
	at com.kms.katalon.core.main.TestCaseMain.runTestCase(TestCaseMain.java:114)
	at com.kms.katalon.core.keyword.builtin.CallTestCaseKeyword$_callTestCase_closure1.doCall(CallTestCaseKeyword.groovy:59)
	... 20 more
Caused by: org.openqa.selenium.ElementClickInterceptedException: element click intercepted: Element <div class="sidebar__content-item">...</div> is not clickable at point (150, 164). Other element would receive the click: <div class="Backdrop-sc-102srga-0 jjKzmU"></div>
  (Session info: chrome=85.0.4183.83)
Build info: version: '3.141.59', revision: 'e82be7d358', time: '2018-11-14T08:25:53'
System info: host: 'DESKTOP-O0IP7CU', ip: '192.168.1.48', os.name: 'Windows 10', os.arch: 'amd64', os.version: '10.0', java.version: '1.8.0_181'
Driver info: org.openqa.selenium.chrome.ChromeDriver
Capabilities {acceptInsecureCerts: false, browserName: chrome, browserVersion: 85.0.4183.83, chrome: {chromedriverVersion: 85.0.4183.87 (cd6713ebf92fa..., userDataDir: C:\Users\Aaron-PC\AppData\L...}, goog:chromeOptions: {debuggerAddress: localhost:49206}, javascriptEnabled: true, networkConnectionEnabled: false, pageLoadStrategy: normal, platform: WINDOWS, platformName: WINDOWS, proxy: Proxy(), setWindowRect: true, strictFileInteractability: false, timeouts: {implicit: 0, pageLoad: 300000, script: 30000}, unhandledPromptBehavior: dismiss and notify, webauthn:virtualAuthenticators: true}
Session ID: 627caca33a2b1791d2e0986dfae791bd
	at org.openqa.selenium.remote.http.W3CHttpResponseCodec.createException(W3CHttpResponseCodec.java:187)
	at org.openqa.selenium.remote.http.W3CHttpResponseCodec.decode(W3CHttpResponseCodec.java:122)
	at org.openqa.selenium.remote.http.W3CHttpResponseCodec.decode(W3CHttpResponseCodec.java:49)
	at org.openqa.selenium.remote.HttpCommandExecutor.execute(HttpCommandExecutor.java:158)
	at org.openqa.selenium.remote.service.DriverCommandExecutor.execute(DriverCommandExecutor.java:83)
	at org.openqa.selenium.remote.RemoteWebDriver.execute(RemoteWebDriver.java:552)
	at org.openqa.selenium.remote.RemoteWebElement.execute(RemoteWebElement.java:285)
	at org.openqa.selenium.remote.RemoteWebElement.click(RemoteWebElement.java:84)
	at org.openqa.selenium.support.events.EventFiringWebDriver$EventFiringWebElement.lambda$new$0(EventFiringWebDriver.java:404)
	at com.sun.proxy.$Proxy10.click(Unknown Source)
	at org.openqa.selenium.support.events.EventFiringWebDriver$EventFiringWebElement.click(EventFiringWebDriver.java:417)
	at com.kms.katalon.core.webui.keyword.builtin.ClickKeyword$_click_closure1.doCall(ClickKeyword.groovy:69)
	at com.kms.katalon.core.webui.keyword.builtin.ClickKeyword$_click_closure1.call(ClickKeyword.groovy)
	at com.kms.katalon.core.webui.keyword.internal.WebUIKeywordMain.runKeyword(WebUIKeywordMain.groovy:20)
	... 35 more
)

2020-09-03 14:39:11 - [TEST_CASE][FAILED] - Test Cases/V2/Test Case/Tests/PR-369 - EditMeetingAgenda/Test Cases/Positive/Admin/PR_369_7_EditMeetingCreateRock_Admin: Test Cases/V2/Test Case/Tests/PR-369 - EditMeetingAgenda/Test Cases/Positive/Admin/PR_369_7_EditMeetingCreateRock_Admin FAILED.
Reason:
com.kms.katalon.core.exception.StepFailedException: Unable to click on object 'Object Repository/V2/Commons/DasboardPage_SidebarMenu/MeetingsMenu'
	at com.kms.katalon.core.webui.keyword.internal.WebUIKeywordMain.stepFailed(WebUIKeywordMain.groovy:64)
	at com.kms.katalon.core.webui.keyword.internal.WebUIKeywordMain.runKeyword(WebUIKeywordMain.groovy:26)
	at com.kms.katalon.core.webui.keyword.builtin.ClickKeyword.click(ClickKeyword.groovy:76)
	at com.kms.katalon.core.webui.keyword.builtin.ClickKeyword.execute(ClickKeyword.groovy:43)
	at com.kms.katalon.core.keyword.internal.KeywordExecutor.executeKeywordForPlatform(KeywordExecutor.groovy:73)
	at com.kms.katalon.core.webui.keyword.WebUiBuiltInKeywords.click(WebUiBuiltInKeywords.groovy:616)
	at com.kms.katalon.core.webui.keyword.WebUiBuiltInKeywords$click$5.call(Unknown Source)
	at PR_369_7_EditMeetingCreateRock_Admin.run(PR_369_7_EditMeetingCreateRock_Admin:34)
	at com.kms.katalon.core.main.ScriptEngine.run(ScriptEngine.java:194)
	at com.kms.katalon.core.main.ScriptEngine.runScriptAsRawText(ScriptEngine.java:119)
	at com.kms.katalon.core.main.TestCaseExecutor.runScript(TestCaseExecutor.java:339)
	at com.kms.katalon.core.main.TestCaseExecutor.doExecute(TestCaseExecutor.java:330)
	at com.kms.katalon.core.main.TestCaseExecutor.processExecutionPhase(TestCaseExecutor.java:309)
	at com.kms.katalon.core.main.TestCaseExecutor.accessMainPhase(TestCaseExecutor.java:301)
	at com.kms.katalon.core.main.TestCaseExecutor.execute(TestCaseExecutor.java:235)
	at com.kms.katalon.core.main.TestCaseMain.runTestCase(TestCaseMain.java:114)
	at com.kms.katalon.core.keyword.builtin.CallTestCaseKeyword$_callTestCase_closure1.doCall(CallTestCaseKeyword.groovy:59)
	at com.kms.katalon.core.keyword.builtin.CallTestCaseKeyword$_callTestCase_closure1.call(CallTestCaseKeyword.groovy)
	at com.kms.katalon.core.keyword.internal.KeywordMain.runKeyword(KeywordMain.groovy:68)
	at com.kms.katalon.core.keyword.builtin.CallTestCaseKeyword.callTestCase(CallTestCaseKeyword.groovy:81)
	at com.kms.katalon.core.keyword.builtin.CallTestCaseKeyword.execute(CallTestCaseKeyword.groovy:44)
	at com.kms.katalon.core.keyword.internal.KeywordExecutor.executeKeywordForPlatform(KeywordExecutor.groovy:73)
	at com.kms.katalon.core.keyword.BuiltinKeywords.callTestCase(BuiltinKeywords.groovy:334)
	at TT_369_2_CreateRock_AllTestCase.run(TT_369_2_CreateRock_AllTestCase:78)
	at com.kms.katalon.core.main.ScriptEngine.run(ScriptEngine.java:194)
	at com.kms.katalon.core.main.ScriptEngine.runScriptAsRawText(ScriptEngine.java:119)
	at com.kms.katalon.core.main.TestCaseExecutor.runScript(TestCaseExecutor.java:339)
	at com.kms.katalon.core.main.TestCaseExecutor.doExecute(TestCaseExecutor.java:330)
	at com.kms.katalon.core.main.TestCaseExecutor.processExecutionPhase(TestCaseExecutor.java:309)
	at com.kms.katalon.core.main.TestCaseExecutor.accessMainPhase(TestCaseExecutor.java:301)
	at com.kms.katalon.core.main.TestCaseExecutor.execute(TestCaseExecutor.java:235)
	at com.kms.katalon.core.main.TestSuiteExecutor.accessTestCaseMainPhase(TestSuiteExecutor.java:191)
	at com.kms.katalon.core.main.TestSuiteExecutor.accessTestSuiteMainPhase(TestSuiteExecutor.java:141)
	at com.kms.katalon.core.main.TestSuiteExecutor.execute(TestSuiteExecutor.java:90)
	at com.kms.katalon.core.main.TestCaseMain.startTestSuite(TestCaseMain.java:157)
	at com.kms.katalon.core.main.TestCaseMain$startTestSuite$0.call(Unknown Source)
	at TempTestSuite1599114921433.run(TempTestSuite1599114921433.groovy:39)
Caused by: org.openqa.selenium.ElementClickInterceptedException: element click intercepted: Element <div class="sidebar__content-item">...</div> is not clickable at point (150, 164). Other element would receive the click: <div class="Backdrop-sc-102srga-0 jjKzmU"></div>
  (Session info: chrome=85.0.4183.83)
Build info: version: '3.141.59', revision: 'e82be7d358', time: '2018-11-14T08:25:53'
System info: host: 'DESKTOP-O0IP7CU', ip: '192.168.1.48', os.name: 'Windows 10', os.arch: 'amd64', os.version: '10.0', java.version: '1.8.0_181'
Driver info: org.openqa.selenium.chrome.ChromeDriver
Capabilities {acceptInsecureCerts: false, browserName: chrome, browserVersion: 85.0.4183.83, chrome: {chromedriverVersion: 85.0.4183.87 (cd6713ebf92fa..., userDataDir: C:\Users\Aaron-PC\AppData\L...}, goog:chromeOptions: {debuggerAddress: localhost:49206}, javascriptEnabled: true, networkConnectionEnabled: false, pageLoadStrategy: normal, platform: WINDOWS, platformName: WINDOWS, proxy: Proxy(), setWindowRect: true, strictFileInteractability: false, timeouts: {implicit: 0, pageLoad: 300000, script: 30000}, unhandledPromptBehavior: dismiss and notify, webauthn:virtualAuthenticators: true}
Session ID: 627caca33a2b1791d2e0986dfae791bd
	at org.openqa.selenium.remote.http.W3CHttpResponseCodec.createException(W3CHttpResponseCodec.java:187)
	at org.openqa.selenium.remote.http.W3CHttpResponseCodec.decode(W3CHttpResponseCodec.java:122)
	at org.openqa.selenium.remote.http.W3CHttpResponseCodec.decode(W3CHttpResponseCodec.java:49)
	at org.openqa.selenium.remote.HttpCommandExecutor.execute(HttpCommandExecutor.java:158)
	at org.openqa.selenium.remote.service.DriverCommandExecutor.execute(DriverCommandExecutor.java:83)
	at org.openqa.selenium.remote.RemoteWebDriver.execute(RemoteWebDriver.java:552)
	at org.openqa.selenium.remote.RemoteWebElement.execute(RemoteWebElement.java:285)
	at org.openqa.selenium.remote.RemoteWebElement.click(RemoteWebElement.java:84)
	at org.openqa.selenium.support.events.EventFiringWebDriver$EventFiringWebElement.lambda$new$0(EventFiringWebDriver.java:404)
	at com.sun.proxy.$Proxy10.click(Unknown Source)
	at org.openqa.selenium.support.events.EventFiringWebDriver$EventFiringWebElement.click(EventFiringWebDriver.java:417)
	at com.kms.katalon.core.webui.keyword.builtin.ClickKeyword$_click_closure1.doCall(ClickKeyword.groovy:69)
	at com.kms.katalon.core.webui.keyword.builtin.ClickKeyword$_click_closure1.call(ClickKeyword.groovy)
	at com.kms.katalon.core.webui.keyword.internal.WebUIKeywordMain.runKeyword(WebUIKeywordMain.groovy:20)
	... 35 more


2020-09-03 14:39:11 - [TEST_STEP][NOT_RUN] - openBrowser(""): NOT_RUN: openBrowser("")

2020-09-03 14:39:11 - [MESSAGE][NOT_RUN] - NOT_RUN: openBrowser("")

2020-09-03 14:39:11 - [TEST_STEP][NOT_RUN] - maximizeWindow(): NOT_RUN: maximizeWindow()

2020-09-03 14:39:11 - [MESSAGE][NOT_RUN] - NOT_RUN: maximizeWindow()

2020-09-03 14:39:11 - [TEST_STEP][NOT_RUN] - navigateToUrl(V2Url): NOT_RUN: navigateToUrl(V2Url)

2020-09-03 14:39:11 - [MESSAGE][NOT_RUN] - NOT_RUN: navigateToUrl(V2Url)

2020-09-03 14:39:11 - [TEST_STEP][NOT_RUN] - setText(findTestObject("V2/PR-369/Page_Login/userName_Field"), "tractiontools.user001+ta58jzbl@gmail.com"): NOT_RUN: setText(findTestObject("V2/PR-369/Page_Login/userName_Field"), "tractiontools.user001+ta58jzbl@gmail.com")

2020-09-03 14:39:11 - [MESSAGE][NOT_RUN] - NOT_RUN: setText(findTestObject("V2/PR-369/Page_Login/userName_Field"), "tractiontools.user001+ta58jzbl@gmail.com")

2020-09-03 14:39:11 - [TEST_STEP][NOT_RUN] - setText(findTestObject("V2/PR-369/Page_Login/passWord_Field"), "Qwer123!"): NOT_RUN: setText(findTestObject("V2/PR-369/Page_Login/passWord_Field"), "Qwer123!")

2020-09-03 14:39:11 - [MESSAGE][NOT_RUN] - NOT_RUN: setText(findTestObject("V2/PR-369/Page_Login/passWord_Field"), "Qwer123!")

2020-09-03 14:39:11 - [TEST_STEP][NOT_RUN] - click(findTestObject("V2/PR-369/Page_Login/Login_Button")): NOT_RUN: click(findTestObject("V2/PR-369/Page_Login/Login_Button"))

2020-09-03 14:39:11 - [MESSAGE][NOT_RUN] - NOT_RUN: click(findTestObject("V2/PR-369/Page_Login/Login_Button"))

2020-09-03 14:39:11 - [TEST_STEP][PASSED] - waitForElementVisible(findTestObject("V2/Commons/DasboardPage_SidebarMenu/MeetingsMenu"), DefaultTimeout): Object 'Object Repository/V2/Commons/DasboardPage_SidebarMenu/MeetingsMenu' is visible

2020-09-03 14:39:11 - [MESSAGE][PASSED] - Object 'Object Repository/V2/Commons/DasboardPage_SidebarMenu/MeetingsMenu' is visible

2020-09-03 14:39:11 - [TEST_STEP][FAILED] - click(findTestObject("V2/Commons/DasboardPage_SidebarMenu/MeetingsMenu")): Unable to click on object 'Object Repository/V2/Commons/DasboardPage_SidebarMenu/MeetingsMenu' (Root cause: com.kms.katalon.core.exception.StepFailedException: Unable to click on object 'Object Repository/V2/Commons/DasboardPage_SidebarMenu/MeetingsMenu'
	at com.kms.katalon.core.webui.keyword.internal.WebUIKeywordMain.stepFailed(WebUIKeywordMain.groovy:64)
	at com.kms.katalon.core.webui.keyword.internal.WebUIKeywordMain.runKeyword(WebUIKeywordMain.groovy:26)
	at com.kms.katalon.core.webui.keyword.builtin.ClickKeyword.click(ClickKeyword.groovy:76)
	at com.kms.katalon.core.webui.keyword.builtin.ClickKeyword.execute(ClickKeyword.groovy:43)
	at com.kms.katalon.core.keyword.internal.KeywordExecutor.executeKeywordForPlatform(KeywordExecutor.groovy:73)
	at com.kms.katalon.core.webui.keyword.WebUiBuiltInKeywords.click(WebUiBuiltInKeywords.groovy:616)
	at com.kms.katalon.core.webui.keyword.WebUiBuiltInKeywords$click$5.call(Unknown Source)
	at PR_369_7_EditMeetingCreateRock_Admin.run(PR_369_7_EditMeetingCreateRock_Admin:34)
	at com.kms.katalon.core.main.ScriptEngine.run(ScriptEngine.java:194)
	at com.kms.katalon.core.main.ScriptEngine.runScriptAsRawText(ScriptEngine.java:119)
	at com.kms.katalon.core.main.TestCaseExecutor.runScript(TestCaseExecutor.java:339)
	at com.kms.katalon.core.main.TestCaseExecutor.doExecute(TestCaseExecutor.java:330)
	at com.kms.katalon.core.main.TestCaseExecutor.processExecutionPhase(TestCaseExecutor.java:309)
	at com.kms.katalon.core.main.TestCaseExecutor.accessMainPhase(TestCaseExecutor.java:301)
	at com.kms.katalon.core.main.TestCaseExecutor.execute(TestCaseExecutor.java:235)
	at com.kms.katalon.core.main.TestCaseMain.runTestCase(TestCaseMain.java:114)
	at com.kms.katalon.core.keyword.builtin.CallTestCaseKeyword$_callTestCase_closure1.doCall(CallTestCaseKeyword.groovy:59)
	at com.kms.katalon.core.keyword.builtin.CallTestCaseKeyword$_callTestCase_closure1.call(CallTestCaseKeyword.groovy)
	at com.kms.katalon.core.keyword.internal.KeywordMain.runKeyword(KeywordMain.groovy:68)
	at com.kms.katalon.core.keyword.builtin.CallTestCaseKeyword.callTestCase(CallTestCaseKeyword.groovy:81)
	at com.kms.katalon.core.keyword.builtin.CallTestCaseKeyword.execute(CallTestCaseKeyword.groovy:44)
	at com.kms.katalon.core.keyword.internal.KeywordExecutor.executeKeywordForPlatform(KeywordExecutor.groovy:73)
	at com.kms.katalon.core.keyword.BuiltinKeywords.callTestCase(BuiltinKeywords.groovy:334)
	at TT_369_2_CreateRock_AllTestCase.run(TT_369_2_CreateRock_AllTestCase:78)
	at com.kms.katalon.core.main.ScriptEngine.run(ScriptEngine.java:194)
	at com.kms.katalon.core.main.ScriptEngine.runScriptAsRawText(ScriptEngine.java:119)
	at com.kms.katalon.core.main.TestCaseExecutor.runScript(TestCaseExecutor.java:339)
	at com.kms.katalon.core.main.TestCaseExecutor.doExecute(TestCaseExecutor.java:330)
	at com.kms.katalon.core.main.TestCaseExecutor.processExecutionPhase(TestCaseExecutor.java:309)
	at com.kms.katalon.core.main.TestCaseExecutor.accessMainPhase(TestCaseExecutor.java:301)
	at com.kms.katalon.core.main.TestCaseExecutor.execute(TestCaseExecutor.java:235)
	at com.kms.katalon.core.main.TestSuiteExecutor.accessTestCaseMainPhase(TestSuiteExecutor.java:191)
	at com.kms.katalon.core.main.TestSuiteExecutor.accessTestSuiteMainPhase(TestSuiteExecutor.java:141)
	at com.kms.katalon.core.main.TestSuiteExecutor.execute(TestSuiteExecutor.java:90)
	at com.kms.katalon.core.main.TestCaseMain.startTestSuite(TestCaseMain.java:157)
	at com.kms.katalon.core.main.TestCaseMain$startTestSuite$0.call(Unknown Source)
	at TempTestSuite1599114921433.run(TempTestSuite1599114921433.groovy:39)
Caused by: org.openqa.selenium.ElementClickInterceptedException: element click intercepted: Element <div class="sidebar__content-item">...</div> is not clickable at point (150, 164). Other element would receive the click: <div class="Backdrop-sc-102srga-0 jjKzmU"></div>
  (Session info: chrome=85.0.4183.83)
Build info: version: '3.141.59', revision: 'e82be7d358', time: '2018-11-14T08:25:53'
System info: host: 'DESKTOP-O0IP7CU', ip: '192.168.1.48', os.name: 'Windows 10', os.arch: 'amd64', os.version: '10.0', java.version: '1.8.0_181'
Driver info: org.openqa.selenium.chrome.ChromeDriver
Capabilities {acceptInsecureCerts: false, browserName: chrome, browserVersion: 85.0.4183.83, chrome: {chromedriverVersion: 85.0.4183.87 (cd6713ebf92fa..., userDataDir: C:\Users\Aaron-PC\AppData\L...}, goog:chromeOptions: {debuggerAddress: localhost:49206}, javascriptEnabled: true, networkConnectionEnabled: false, pageLoadStrategy: normal, platform: WINDOWS, platformName: WINDOWS, proxy: Proxy(), setWindowRect: true, strictFileInteractability: false, timeouts: {implicit: 0, pageLoad: 300000, script: 30000}, unhandledPromptBehavior: dismiss and notify, webauthn:virtualAuthenticators: true}
Session ID: 627caca33a2b1791d2e0986dfae791bd
	at org.openqa.selenium.remote.http.W3CHttpResponseCodec.createException(W3CHttpResponseCodec.java:187)
	at org.openqa.selenium.remote.http.W3CHttpResponseCodec.decode(W3CHttpResponseCodec.java:122)
	at org.openqa.selenium.remote.http.W3CHttpResponseCodec.decode(W3CHttpResponseCodec.java:49)
	at org.openqa.selenium.remote.HttpCommandExecutor.execute(HttpCommandExecutor.java:158)
	at org.openqa.selenium.remote.service.DriverCommandExecutor.execute(DriverCommandExecutor.java:83)
	at org.openqa.selenium.remote.RemoteWebDriver.execute(RemoteWebDriver.java:552)
	at org.openqa.selenium.remote.RemoteWebElement.execute(RemoteWebElement.java:285)
	at org.openqa.selenium.remote.RemoteWebElement.click(RemoteWebElement.java:84)
	at org.openqa.selenium.support.events.EventFiringWebDriver$EventFiringWebElement.lambda$new$0(EventFiringWebDriver.java:404)
	at com.sun.proxy.$Proxy10.click(Unknown Source)
	at org.openqa.selenium.support.events.EventFiringWebDriver$EventFiringWebElement.click(EventFiringWebDriver.java:417)
	at com.kms.katalon.core.webui.keyword.builtin.ClickKeyword$_click_closure1.doCall(ClickKeyword.groovy:69)
	at com.kms.katalon.core.webui.keyword.builtin.ClickKeyword$_click_closure1.call(ClickKeyword.groovy)
	at com.kms.katalon.core.webui.keyword.internal.WebUIKeywordMain.runKeyword(WebUIKeywordMain.groovy:20)
	at com.kms.katalon.core.webui.keyword.builtin.ClickKeyword.click(ClickKeyword.groovy:76)
	at com.kms.katalon.core.webui.keyword.builtin.ClickKeyword.execute(ClickKeyword.groovy:43)
	at com.kms.katalon.core.keyword.internal.KeywordExecutor.executeKeywordForPlatform(KeywordExecutor.groovy:73)
	at com.kms.katalon.core.webui.keyword.WebUiBuiltInKeywords.click(WebUiBuiltInKeywords.groovy:616)
	at com.kms.katalon.core.webui.keyword.WebUiBuiltInKeywords$click$5.call(Unknown Source)
	at Script1598956795478.run(Script1598956795478.groovy:34)
	at com.kms.katalon.core.main.ScriptEngine.run(ScriptEngine.java:194)
	at com.kms.katalon.core.main.ScriptEngine.runScriptAsRawText(ScriptEngine.java:119)
	at com.kms.katalon.core.main.TestCaseExecutor.runScript(TestCaseExecutor.java:339)
	at com.kms.katalon.core.main.TestCaseExecutor.doExecute(TestCaseExecutor.java:330)
	at com.kms.katalon.core.main.TestCaseExecutor.processExecutionPhase(TestCaseExecutor.java:309)
	at com.kms.katalon.core.main.TestCaseExecutor.accessMainPhase(TestCaseExecutor.java:301)
	at com.kms.katalon.core.main.TestCaseExecutor.execute(TestCaseExecutor.java:235)
	at com.kms.katalon.core.main.TestCaseMain.runTestCase(TestCaseMain.java:114)
	at com.kms.katalon.core.keyword.builtin.CallTestCaseKeyword$_callTestCase_closure1.doCall(CallTestCaseKeyword.groovy:59)
	at com.kms.katalon.core.keyword.builtin.CallTestCaseKeyword$_callTestCase_closure1.call(CallTestCaseKeyword.groovy)
	at com.kms.katalon.core.keyword.internal.KeywordMain.runKeyword(KeywordMain.groovy:68)
	at com.kms.katalon.core.keyword.builtin.CallTestCaseKeyword.callTestCase(CallTestCaseKeyword.groovy:81)
	at com.kms.katalon.core.keyword.builtin.CallTestCaseKeyword.execute(CallTestCaseKeyword.groovy:44)
	at com.kms.katalon.core.keyword.internal.KeywordExecutor.executeKeywordForPlatform(KeywordExecutor.groovy:73)
	at com.kms.katalon.core.keyword.BuiltinKeywords.callTestCase(BuiltinKeywords.groovy:334)
	at Script1598956755825.run(Script1598956755825.groovy:78)
	... 13 more
)

2020-09-03 14:39:13 - [MESSAGE][FAILED] - Unable to click on object 'Object Repository/V2/Commons/DasboardPage_SidebarMenu/MeetingsMenu' (Root cause: com.kms.katalon.core.exception.StepFailedException: Unable to click on object 'Object Repository/V2/Commons/DasboardPage_SidebarMenu/MeetingsMenu'
	at com.kms.katalon.core.webui.keyword.internal.WebUIKeywordMain.stepFailed(WebUIKeywordMain.groovy:64)
	at com.kms.katalon.core.webui.keyword.internal.WebUIKeywordMain.runKeyword(WebUIKeywordMain.groovy:26)
	at com.kms.katalon.core.webui.keyword.builtin.ClickKeyword.click(ClickKeyword.groovy:76)
	at com.kms.katalon.core.webui.keyword.builtin.ClickKeyword.execute(ClickKeyword.groovy:43)
	at com.kms.katalon.core.keyword.internal.KeywordExecutor.executeKeywordForPlatform(KeywordExecutor.groovy:73)
	at com.kms.katalon.core.webui.keyword.WebUiBuiltInKeywords.click(WebUiBuiltInKeywords.groovy:616)
	at com.kms.katalon.core.webui.keyword.WebUiBuiltInKeywords$click$5.call(Unknown Source)
	at PR_369_7_EditMeetingCreateRock_Admin.run(PR_369_7_EditMeetingCreateRock_Admin:34)
	at com.kms.katalon.core.main.ScriptEngine.run(ScriptEngine.java:194)
	at com.kms.katalon.core.main.ScriptEngine.runScriptAsRawText(ScriptEngine.java:119)
	at com.kms.katalon.core.main.TestCaseExecutor.runScript(TestCaseExecutor.java:339)
	at com.kms.katalon.core.main.TestCaseExecutor.doExecute(TestCaseExecutor.java:330)
	at com.kms.katalon.core.main.TestCaseExecutor.processExecutionPhase(TestCaseExecutor.java:309)
	at com.kms.katalon.core.main.TestCaseExecutor.accessMainPhase(TestCaseExecutor.java:301)
	at com.kms.katalon.core.main.TestCaseExecutor.execute(TestCaseExecutor.java:235)
	at com.kms.katalon.core.main.TestCaseMain.runTestCase(TestCaseMain.java:114)
	at com.kms.katalon.core.keyword.builtin.CallTestCaseKeyword$_callTestCase_closure1.doCall(CallTestCaseKeyword.groovy:59)
	at com.kms.katalon.core.keyword.builtin.CallTestCaseKeyword$_callTestCase_closure1.call(CallTestCaseKeyword.groovy)
	at com.kms.katalon.core.keyword.internal.KeywordMain.runKeyword(KeywordMain.groovy:68)
	at com.kms.katalon.core.keyword.builtin.CallTestCaseKeyword.callTestCase(CallTestCaseKeyword.groovy:81)
	at com.kms.katalon.core.keyword.builtin.CallTestCaseKeyword.execute(CallTestCaseKeyword.groovy:44)
	at com.kms.katalon.core.keyword.internal.KeywordExecutor.executeKeywordForPlatform(KeywordExecutor.groovy:73)
	at com.kms.katalon.core.keyword.BuiltinKeywords.callTestCase(BuiltinKeywords.groovy:334)
	at TT_369_2_CreateRock_AllTestCase.run(TT_369_2_CreateRock_AllTestCase:78)
	at com.kms.katalon.core.main.ScriptEngine.run(ScriptEngine.java:194)
	at com.kms.katalon.core.main.ScriptEngine.runScriptAsRawText(ScriptEngine.java:119)
	at com.kms.katalon.core.main.TestCaseExecutor.runScript(TestCaseExecutor.java:339)
	at com.kms.katalon.core.main.TestCaseExecutor.doExecute(TestCaseExecutor.java:330)
	at com.kms.katalon.core.main.TestCaseExecutor.processExecutionPhase(TestCaseExecutor.java:309)
	at com.kms.katalon.core.main.TestCaseExecutor.accessMainPhase(TestCaseExecutor.java:301)
	at com.kms.katalon.core.main.TestCaseExecutor.execute(TestCaseExecutor.java:235)
	at com.kms.katalon.core.main.TestSuiteExecutor.accessTestCaseMainPhase(TestSuiteExecutor.java:191)
	at com.kms.katalon.core.main.TestSuiteExecutor.accessTestSuiteMainPhase(TestSuiteExecutor.java:141)
	at com.kms.katalon.core.main.TestSuiteExecutor.execute(TestSuiteExecutor.java:90)
	at com.kms.katalon.core.main.TestCaseMain.startTestSuite(TestCaseMain.java:157)
	at com.kms.katalon.core.main.TestCaseMain$startTestSuite$0.call(Unknown Source)
	at TempTestSuite1599114921433.run(TempTestSuite1599114921433.groovy:39)
Caused by: org.openqa.selenium.ElementClickInterceptedException: element click intercepted: Element <div class="sidebar__content-item">...</div> is not clickable at point (150, 164). Other element would receive the click: <div class="Backdrop-sc-102srga-0 jjKzmU"></div>
  (Session info: chrome=85.0.4183.83)
Build info: version: '3.141.59', revision: 'e82be7d358', time: '2018-11-14T08:25:53'
System info: host: 'DESKTOP-O0IP7CU', ip: '192.168.1.48', os.name: 'Windows 10', os.arch: 'amd64', os.version: '10.0', java.version: '1.8.0_181'
Driver info: org.openqa.selenium.chrome.ChromeDriver
Capabilities {acceptInsecureCerts: false, browserName: chrome, browserVersion: 85.0.4183.83, chrome: {chromedriverVersion: 85.0.4183.87 (cd6713ebf92fa..., userDataDir: C:\Users\Aaron-PC\AppData\L...}, goog:chromeOptions: {debuggerAddress: localhost:49206}, javascriptEnabled: true, networkConnectionEnabled: false, pageLoadStrategy: normal, platform: WINDOWS, platformName: WINDOWS, proxy: Proxy(), setWindowRect: true, strictFileInteractability: false, timeouts: {implicit: 0, pageLoad: 300000, script: 30000}, unhandledPromptBehavior: dismiss and notify, webauthn:virtualAuthenticators: true}
Session ID: 627caca33a2b1791d2e0986dfae791bd
	at org.openqa.selenium.remote.http.W3CHttpResponseCodec.createException(W3CHttpResponseCodec.java:187)
	at org.openqa.selenium.remote.http.W3CHttpResponseCodec.decode(W3CHttpResponseCodec.java:122)
	at org.openqa.selenium.remote.http.W3CHttpResponseCodec.decode(W3CHttpResponseCodec.java:49)
	at org.openqa.selenium.remote.HttpCommandExecutor.execute(HttpCommandExecutor.java:158)
	at org.openqa.selenium.remote.service.DriverCommandExecutor.execute(DriverCommandExecutor.java:83)
	at org.openqa.selenium.remote.RemoteWebDriver.execute(RemoteWebDriver.java:552)
	at org.openqa.selenium.remote.RemoteWebElement.execute(RemoteWebElement.java:285)
	at org.openqa.selenium.remote.RemoteWebElement.click(RemoteWebElement.java:84)
	at org.openqa.selenium.support.events.EventFiringWebDriver$EventFiringWebElement.lambda$new$0(EventFiringWebDriver.java:404)
	at com.sun.proxy.$Proxy10.click(Unknown Source)
	at org.openqa.selenium.support.events.EventFiringWebDriver$EventFiringWebElement.click(EventFiringWebDriver.java:417)
	at com.kms.katalon.core.webui.keyword.builtin.ClickKeyword$_click_closure1.doCall(ClickKeyword.groovy:69)
	at com.kms.katalon.core.webui.keyword.builtin.ClickKeyword$_click_closure1.call(ClickKeyword.groovy)
	at com.kms.katalon.core.webui.keyword.internal.WebUIKeywordMain.runKeyword(WebUIKeywordMain.groovy:20)
	at com.kms.katalon.core.webui.keyword.builtin.ClickKeyword.click(ClickKeyword.groovy:76)
	at com.kms.katalon.core.webui.keyword.builtin.ClickKeyword.execute(ClickKeyword.groovy:43)
	at com.kms.katalon.core.keyword.internal.KeywordExecutor.executeKeywordForPlatform(KeywordExecutor.groovy:73)
	at com.kms.katalon.core.webui.keyword.WebUiBuiltInKeywords.click(WebUiBuiltInKeywords.groovy:616)
	at com.kms.katalon.core.webui.keyword.WebUiBuiltInKeywords$click$5.call(Unknown Source)
	at Script1598956795478.run(Script1598956795478.groovy:34)
	at com.kms.katalon.core.main.ScriptEngine.run(ScriptEngine.java:194)
	at com.kms.katalon.core.main.ScriptEngine.runScriptAsRawText(ScriptEngine.java:119)
	at com.kms.katalon.core.main.TestCaseExecutor.runScript(TestCaseExecutor.java:339)
	at com.kms.katalon.core.main.TestCaseExecutor.doExecute(TestCaseExecutor.java:330)
	at com.kms.katalon.core.main.TestCaseExecutor.processExecutionPhase(TestCaseExecutor.java:309)
	at com.kms.katalon.core.main.TestCaseExecutor.accessMainPhase(TestCaseExecutor.java:301)
	at com.kms.katalon.core.main.TestCaseExecutor.execute(TestCaseExecutor.java:235)
	at com.kms.katalon.core.main.TestCaseMain.runTestCase(TestCaseMain.java:114)
	at com.kms.katalon.core.keyword.builtin.CallTestCaseKeyword$_callTestCase_closure1.doCall(CallTestCaseKeyword.groovy:59)
	at com.kms.katalon.core.keyword.builtin.CallTestCaseKeyword$_callTestCase_closure1.call(CallTestCaseKeyword.groovy)
	at com.kms.katalon.core.keyword.internal.KeywordMain.runKeyword(KeywordMain.groovy:68)
	at com.kms.katalon.core.keyword.builtin.CallTestCaseKeyword.callTestCase(CallTestCaseKeyword.groovy:81)
	at com.kms.katalon.core.keyword.builtin.CallTestCaseKeyword.execute(CallTestCaseKeyword.groovy:44)
	at com.kms.katalon.core.keyword.internal.KeywordExecutor.executeKeywordForPlatform(KeywordExecutor.groovy:73)
	at com.kms.katalon.core.keyword.BuiltinKeywords.callTestCase(BuiltinKeywords.groovy:334)
	at Script1598956755825.run(Script1598956755825.groovy:78)
	... 13 more
)
[[ATTACHMENT|C:\\Users\\Aaron-PC\\git\\TractionTools\\Reports\\20200903_143521\\V2\\Tests\\PR-369 - EditMeetingAgenda\\PR-369_TestSuite\\20200903_143521\\1599115152919.png]]

2020-09-03 14:39:13 - [MESSAGE][FAILED] - Unable to call Test Case 'Test Cases/V2/Test Case/Tests/PR-369 - EditMeetingAgenda/Test Cases/Positive/Admin/PR_369_7_EditMeetingCreateRock_Admin' (Root cause: com.kms.katalon.core.exception.StepFailedException: Call Test Case 'Test Cases/V2/Test Case/Tests/PR-369 - EditMeetingAgenda/Test Cases/Positive/Admin/PR_369_7_EditMeetingCreateRock_Admin' failed
	at com.kms.katalon.core.keyword.builtin.CallTestCaseKeyword$_callTestCase_closure1.doCall(CallTestCaseKeyword.groovy:63)
	at com.kms.katalon.core.keyword.builtin.CallTestCaseKeyword$_callTestCase_closure1.call(CallTestCaseKeyword.groovy)
	at com.kms.katalon.core.keyword.internal.KeywordMain.runKeyword(KeywordMain.groovy:68)
	at com.kms.katalon.core.keyword.builtin.CallTestCaseKeyword.callTestCase(CallTestCaseKeyword.groovy:81)
	at com.kms.katalon.core.keyword.builtin.CallTestCaseKeyword.execute(CallTestCaseKeyword.groovy:44)
	at com.kms.katalon.core.keyword.internal.KeywordExecutor.executeKeywordForPlatform(KeywordExecutor.groovy:73)
	at com.kms.katalon.core.keyword.BuiltinKeywords.callTestCase(BuiltinKeywords.groovy:334)
	at TT_369_2_CreateRock_AllTestCase.run(TT_369_2_CreateRock_AllTestCase:78)
	at com.kms.katalon.core.main.ScriptEngine.run(ScriptEngine.java:194)
	at com.kms.katalon.core.main.ScriptEngine.runScriptAsRawText(ScriptEngine.java:119)
	at com.kms.katalon.core.main.TestCaseExecutor.runScript(TestCaseExecutor.java:339)
	at com.kms.katalon.core.main.TestCaseExecutor.doExecute(TestCaseExecutor.java:330)
	at com.kms.katalon.core.main.TestCaseExecutor.processExecutionPhase(TestCaseExecutor.java:309)
	at com.kms.katalon.core.main.TestCaseExecutor.accessMainPhase(TestCaseExecutor.java:301)
	at com.kms.katalon.core.main.TestCaseExecutor.execute(TestCaseExecutor.java:235)
	at com.kms.katalon.core.main.TestSuiteExecutor.accessTestCaseMainPhase(TestSuiteExecutor.java:191)
	at com.kms.katalon.core.main.TestSuiteExecutor.accessTestSuiteMainPhase(TestSuiteExecutor.java:141)
	at com.kms.katalon.core.main.TestSuiteExecutor.execute(TestSuiteExecutor.java:90)
	at com.kms.katalon.core.main.TestCaseMain.startTestSuite(TestCaseMain.java:157)
	at com.kms.katalon.core.main.TestCaseMain$startTestSuite$0.call(Unknown Source)
	at TempTestSuite1599114921433.run(TempTestSuite1599114921433.groovy:39)
Caused by: com.kms.katalon.core.exception.StepFailedException: Unable to click on object 'Object Repository/V2/Commons/DasboardPage_SidebarMenu/MeetingsMenu'
	at com.kms.katalon.core.webui.keyword.internal.WebUIKeywordMain.stepFailed(WebUIKeywordMain.groovy:64)
	at com.kms.katalon.core.webui.keyword.internal.WebUIKeywordMain.runKeyword(WebUIKeywordMain.groovy:26)
	at com.kms.katalon.core.webui.keyword.builtin.ClickKeyword.click(ClickKeyword.groovy:76)
	at com.kms.katalon.core.webui.keyword.builtin.ClickKeyword.execute(ClickKeyword.groovy:43)
	at com.kms.katalon.core.keyword.internal.KeywordExecutor.executeKeywordForPlatform(KeywordExecutor.groovy:73)
	at com.kms.katalon.core.webui.keyword.WebUiBuiltInKeywords.click(WebUiBuiltInKeywords.groovy:616)
	at com.kms.katalon.core.webui.keyword.WebUiBuiltInKeywords$click$5.call(Unknown Source)
	at PR_369_7_EditMeetingCreateRock_Admin.run(PR_369_7_EditMeetingCreateRock_Admin:34)
	at com.kms.katalon.core.main.ScriptEngine.run(ScriptEngine.java:194)
	at com.kms.katalon.core.main.ScriptEngine.runScriptAsRawText(ScriptEngine.java:119)
	at com.kms.katalon.core.main.TestCaseExecutor.runScript(TestCaseExecutor.java:339)
	at com.kms.katalon.core.main.TestCaseExecutor.doExecute(TestCaseExecutor.java:330)
	at com.kms.katalon.core.main.TestCaseExecutor.processExecutionPhase(TestCaseExecutor.java:309)
	at com.kms.katalon.core.main.TestCaseExecutor.accessMainPhase(TestCaseExecutor.java:301)
	at com.kms.katalon.core.main.TestCaseExecutor.execute(TestCaseExecutor.java:235)
	at com.kms.katalon.core.main.TestCaseMain.runTestCase(TestCaseMain.java:114)
	at com.kms.katalon.core.keyword.builtin.CallTestCaseKeyword$_callTestCase_closure1.doCall(CallTestCaseKeyword.groovy:59)
	... 20 more
Caused by: org.openqa.selenium.ElementClickInterceptedException: element click intercepted: Element <div class="sidebar__content-item">...</div> is not clickable at point (150, 164). Other element would receive the click: <div class="Backdrop-sc-102srga-0 jjKzmU"></div>
  (Session info: chrome=85.0.4183.83)
Build info: version: '3.141.59', revision: 'e82be7d358', time: '2018-11-14T08:25:53'
System info: host: 'DESKTOP-O0IP7CU', ip: '192.168.1.48', os.name: 'Windows 10', os.arch: 'amd64', os.version: '10.0', java.version: '1.8.0_181'
Driver info: org.openqa.selenium.chrome.ChromeDriver
Capabilities {acceptInsecureCerts: false, browserName: chrome, browserVersion: 85.0.4183.83, chrome: {chromedriverVersion: 85.0.4183.87 (cd6713ebf92fa..., userDataDir: C:\Users\Aaron-PC\AppData\L...}, goog:chromeOptions: {debuggerAddress: localhost:49206}, javascriptEnabled: true, networkConnectionEnabled: false, pageLoadStrategy: normal, platform: WINDOWS, platformName: WINDOWS, proxy: Proxy(), setWindowRect: true, strictFileInteractability: false, timeouts: {implicit: 0, pageLoad: 300000, script: 30000}, unhandledPromptBehavior: dismiss and notify, webauthn:virtualAuthenticators: true}
Session ID: 627caca33a2b1791d2e0986dfae791bd
	at org.openqa.selenium.remote.http.W3CHttpResponseCodec.createException(W3CHttpResponseCodec.java:187)
	at org.openqa.selenium.remote.http.W3CHttpResponseCodec.decode(W3CHttpResponseCodec.java:122)
	at org.openqa.selenium.remote.http.W3CHttpResponseCodec.decode(W3CHttpResponseCodec.java:49)
	at org.openqa.selenium.remote.HttpCommandExecutor.execute(HttpCommandExecutor.java:158)
	at org.openqa.selenium.remote.service.DriverCommandExecutor.execute(DriverCommandExecutor.java:83)
	at org.openqa.selenium.remote.RemoteWebDriver.execute(RemoteWebDriver.java:552)
	at org.openqa.selenium.remote.RemoteWebElement.execute(RemoteWebElement.java:285)
	at org.openqa.selenium.remote.RemoteWebElement.click(RemoteWebElement.java:84)
	at org.openqa.selenium.support.events.EventFiringWebDriver$EventFiringWebElement.lambda$new$0(EventFiringWebDriver.java:404)
	at com.sun.proxy.$Proxy10.click(Unknown Source)
	at org.openqa.selenium.support.events.EventFiringWebDriver$EventFiringWebElement.click(EventFiringWebDriver.java:417)
	at com.kms.katalon.core.webui.keyword.builtin.ClickKeyword$_click_closure1.doCall(ClickKeyword.groovy:69)
	at com.kms.katalon.core.webui.keyword.builtin.ClickKeyword$_click_closure1.call(ClickKeyword.groovy)
	at com.kms.katalon.core.webui.keyword.internal.WebUIKeywordMain.runKeyword(WebUIKeywordMain.groovy:20)
	... 35 more
)]]></system-out>
         <system-err><![CDATA[2020-09-03 14:35:23 - [TEST_CASE][FAILED] - Test Cases/V2/Test Case/Tests/PR-369 - EditMeetingAgenda/Test Cases/Positive/TT_369_2_CreateRock_AllTestCase: Test Cases/V2/Test Case/Tests/PR-369 - EditMeetingAgenda/Test Cases/Positive/TT_369_2_CreateRock_AllTestCase FAILED.
Reason:
com.kms.katalon.core.exception.StepFailedException: Call Test Case 'Test Cases/V2/Test Case/Tests/PR-369 - EditMeetingAgenda/Test Cases/Positive/Admin/PR_369_7_EditMeetingCreateRock_Admin' failed
	at com.kms.katalon.core.keyword.builtin.CallTestCaseKeyword$_callTestCase_closure1.doCall(CallTestCaseKeyword.groovy:63)
	at com.kms.katalon.core.keyword.builtin.CallTestCaseKeyword$_callTestCase_closure1.call(CallTestCaseKeyword.groovy)
	at com.kms.katalon.core.keyword.internal.KeywordMain.runKeyword(KeywordMain.groovy:68)
	at com.kms.katalon.core.keyword.builtin.CallTestCaseKeyword.callTestCase(CallTestCaseKeyword.groovy:81)
	at com.kms.katalon.core.keyword.builtin.CallTestCaseKeyword.execute(CallTestCaseKeyword.groovy:44)
	at com.kms.katalon.core.keyword.internal.KeywordExecutor.executeKeywordForPlatform(KeywordExecutor.groovy:73)
	at com.kms.katalon.core.keyword.BuiltinKeywords.callTestCase(BuiltinKeywords.groovy:334)
	at TT_369_2_CreateRock_AllTestCase.run(TT_369_2_CreateRock_AllTestCase:78)
	at com.kms.katalon.core.main.ScriptEngine.run(ScriptEngine.java:194)
	at com.kms.katalon.core.main.ScriptEngine.runScriptAsRawText(ScriptEngine.java:119)
	at com.kms.katalon.core.main.TestCaseExecutor.runScript(TestCaseExecutor.java:339)
	at com.kms.katalon.core.main.TestCaseExecutor.doExecute(TestCaseExecutor.java:330)
	at com.kms.katalon.core.main.TestCaseExecutor.processExecutionPhase(TestCaseExecutor.java:309)
	at com.kms.katalon.core.main.TestCaseExecutor.accessMainPhase(TestCaseExecutor.java:301)
	at com.kms.katalon.core.main.TestCaseExecutor.execute(TestCaseExecutor.java:235)
	at com.kms.katalon.core.main.TestSuiteExecutor.accessTestCaseMainPhase(TestSuiteExecutor.java:191)
	at com.kms.katalon.core.main.TestSuiteExecutor.accessTestSuiteMainPhase(TestSuiteExecutor.java:141)
	at com.kms.katalon.core.main.TestSuiteExecutor.execute(TestSuiteExecutor.java:90)
	at com.kms.katalon.core.main.TestCaseMain.startTestSuite(TestCaseMain.java:157)
	at com.kms.katalon.core.main.TestCaseMain$startTestSuite$0.call(Unknown Source)
	at TempTestSuite1599114921433.run(TempTestSuite1599114921433.groovy:39)
Caused by: com.kms.katalon.core.exception.StepFailedException: Unable to click on object 'Object Repository/V2/Commons/DasboardPage_SidebarMenu/MeetingsMenu'
	at com.kms.katalon.core.webui.keyword.internal.WebUIKeywordMain.stepFailed(WebUIKeywordMain.groovy:64)
	at com.kms.katalon.core.webui.keyword.internal.WebUIKeywordMain.runKeyword(WebUIKeywordMain.groovy:26)
	at com.kms.katalon.core.webui.keyword.builtin.ClickKeyword.click(ClickKeyword.groovy:76)
	at com.kms.katalon.core.webui.keyword.builtin.ClickKeyword.execute(ClickKeyword.groovy:43)
	at com.kms.katalon.core.keyword.internal.KeywordExecutor.executeKeywordForPlatform(KeywordExecutor.groovy:73)
	at com.kms.katalon.core.webui.keyword.WebUiBuiltInKeywords.click(WebUiBuiltInKeywords.groovy:616)
	at com.kms.katalon.core.webui.keyword.WebUiBuiltInKeywords$click$5.call(Unknown Source)
	at PR_369_7_EditMeetingCreateRock_Admin.run(PR_369_7_EditMeetingCreateRock_Admin:34)
	at com.kms.katalon.core.main.ScriptEngine.run(ScriptEngine.java:194)
	at com.kms.katalon.core.main.ScriptEngine.runScriptAsRawText(ScriptEngine.java:119)
	at com.kms.katalon.core.main.TestCaseExecutor.runScript(TestCaseExecutor.java:339)
	at com.kms.katalon.core.main.TestCaseExecutor.doExecute(TestCaseExecutor.java:330)
	at com.kms.katalon.core.main.TestCaseExecutor.processExecutionPhase(TestCaseExecutor.java:309)
	at com.kms.katalon.core.main.TestCaseExecutor.accessMainPhase(TestCaseExecutor.java:301)
	at com.kms.katalon.core.main.TestCaseExecutor.execute(TestCaseExecutor.java:235)
	at com.kms.katalon.core.main.TestCaseMain.runTestCase(TestCaseMain.java:114)
	at com.kms.katalon.core.keyword.builtin.CallTestCaseKeyword$_callTestCase_closure1.doCall(CallTestCaseKeyword.groovy:59)
	... 20 more
Caused by: org.openqa.selenium.ElementClickInterceptedException: element click intercepted: Element <div class="sidebar__content-item">...</div> is not clickable at point (150, 164). Other element would receive the click: <div class="Backdrop-sc-102srga-0 jjKzmU"></div>
  (Session info: chrome=85.0.4183.83)
Build info: version: '3.141.59', revision: 'e82be7d358', time: '2018-11-14T08:25:53'
System info: host: 'DESKTOP-O0IP7CU', ip: '192.168.1.48', os.name: 'Windows 10', os.arch: 'amd64', os.version: '10.0', java.version: '1.8.0_181'
Driver info: org.openqa.selenium.chrome.ChromeDriver
Capabilities {acceptInsecureCerts: false, browserName: chrome, browserVersion: 85.0.4183.83, chrome: {chromedriverVersion: 85.0.4183.87 (cd6713ebf92fa..., userDataDir: C:\Users\Aaron-PC\AppData\L...}, goog:chromeOptions: {debuggerAddress: localhost:49206}, javascriptEnabled: true, networkConnectionEnabled: false, pageLoadStrategy: normal, platform: WINDOWS, platformName: WINDOWS, proxy: Proxy(), setWindowRect: true, strictFileInteractability: false, timeouts: {implicit: 0, pageLoad: 300000, script: 30000}, unhandledPromptBehavior: dismiss and notify, webauthn:virtualAuthenticators: true}
Session ID: 627caca33a2b1791d2e0986dfae791bd
	at org.openqa.selenium.remote.http.W3CHttpResponseCodec.createException(W3CHttpResponseCodec.java:187)
	at org.openqa.selenium.remote.http.W3CHttpResponseCodec.decode(W3CHttpResponseCodec.java:122)
	at org.openqa.selenium.remote.http.W3CHttpResponseCodec.decode(W3CHttpResponseCodec.java:49)
	at org.openqa.selenium.remote.HttpCommandExecutor.execute(HttpCommandExecutor.java:158)
	at org.openqa.selenium.remote.service.DriverCommandExecutor.execute(DriverCommandExecutor.java:83)
	at org.openqa.selenium.remote.RemoteWebDriver.execute(RemoteWebDriver.java:552)
	at org.openqa.selenium.remote.RemoteWebElement.execute(RemoteWebElement.java:285)
	at org.openqa.selenium.remote.RemoteWebElement.click(RemoteWebElement.java:84)
	at org.openqa.selenium.support.events.EventFiringWebDriver$EventFiringWebElement.lambda$new$0(EventFiringWebDriver.java:404)
	at com.sun.proxy.$Proxy10.click(Unknown Source)
	at org.openqa.selenium.support.events.EventFiringWebDriver$EventFiringWebElement.click(EventFiringWebDriver.java:417)
	at com.kms.katalon.core.webui.keyword.builtin.ClickKeyword$_click_closure1.doCall(ClickKeyword.groovy:69)
	at com.kms.katalon.core.webui.keyword.builtin.ClickKeyword$_click_closure1.call(ClickKeyword.groovy)
	at com.kms.katalon.core.webui.keyword.internal.WebUIKeywordMain.runKeyword(WebUIKeywordMain.groovy:20)
	... 35 more]]></system-err>
      </testcase>
      <testcase name="Test Cases/V2/Test Case/Tests/PR-369 - EditMeetingAgenda/Test Cases/Positive/TT_369_2_CreateRock_AllTestCase" time="392.633" classname="Test Cases/V2/Test Case/Tests/PR-369 - EditMeetingAgenda/Test Cases/Positive/TT_369_2_CreateRock_AllTestCase" status="PASSED">
         <system-out><![CDATA[2020-09-03 14:39:13 - [TEST_CASE][PASSED] - Test Cases/V2/Test Case/Tests/PR-369 - EditMeetingAgenda/Test Cases/Positive/TT_369_2_CreateRock_AllTestCase: Test Cases/V2/Test Case/Tests/PR-369 - EditMeetingAgenda/Test Cases/Positive/TT_369_2_CreateRock_AllTestCase

2020-09-03 14:39:13 - [TEST_STEP][PASSED] - callTestCase(findTestCase("V2/Test Case/Pre-conditions/PRE_RegisterAndActivateTTUsers"), ["admin_fname":admin_fname, "lastname":lastname, "phonenumber":"9999999999", "company":"Traction Tools", "password":password, ... ], STOP_ON_FAILURE): Call Test Case 'Test Cases/V2/Test Case/Pre-conditions/PRE_RegisterAndActivateTTUsers' successfully

2020-09-03 14:39:13 - [TEST_CASE][PASSED] - Test Cases/V2/Test Case/Pre-conditions/PRE_RegisterAndActivateTTUsers: Test Cases/V2/Test Case/Pre-conditions/PRE_RegisterAndActivateTTUsers

2020-09-03 14:39:13 - [TEST_STEP][PASSED] - email = tt_CustomKeywords.CustomKeywords.GenerateRandomEmailAddress(admin_email_prefix, admin_email_domain, randomTextLength): Successfully generated a random email: tractiontools.user001+ta54gtap@gmail.com

2020-09-03 14:39:13 - [MESSAGE][PASSED] - Successfully generated a random email: tractiontools.user001+ta54gtap@gmail.com

2020-09-03 14:39:13 - [TEST_STEP][PASSED] - supervisor_email = tt_CustomKeywords.CustomKeywords.GenerateRandomEmailAddress(supervisor_email_prefix, supervisor_email_domain, randomTextLength): Successfully generated a random email: tractiontools.user001+ts5ezqf8@gmail.com

2020-09-03 14:39:13 - [MESSAGE][PASSED] - Successfully generated a random email: tractiontools.user001+ts5ezqf8@gmail.com

2020-09-03 14:39:13 - [TEST_STEP][PASSED] - employee_email = tt_CustomKeywords.CustomKeywords.GenerateRandomEmailAddress(employee_email_prefix, employee_email_domain, randomTextLength): Successfully generated a random email: tractiontools.user001+te5s1t8r@gmail.com

2020-09-03 14:39:13 - [MESSAGE][PASSED] - Successfully generated a random email: tractiontools.user001+te5s1t8r@gmail.com

2020-09-03 14:39:13 - [TEST_STEP][PASSED] - adminDetails = tt_CustomKeywords.CustomKeywords.RegisterUserViaAPIAndGenerateActivateURL(email, admin_fname, lastname, phonenumber, company, "__JSON__{\"howDidYouHearAboutUs\":\"Facebook\",\"implementer\":\"\",\"existingTractionToolsClient\":\"\",\"other\":\"\"}", "__JSON__{\"timeZone\":\"America/Guatemala\",\"brandColor\":\"#023047\",\"q1Start\":null,\"q1End\":null,\"q2Start\":null,\"q2End\":null,\"q3Start\":null,\"q3End\":null,\"q4Start\":null,\"q4End\":null,\"quarterDatesSetsRocks\":false,\"exportUsers\":false,\"exportRocks\":false,\"exportRocksIncludesMilestones\":false,\"exportScorecards\":false,\"exportTodos\":false,\"exportTodosIncludesNotes\":false,\"exportPeopleHeadlines\":false,\"exportPeopleHeadlinesIncludesNotes\":false,\"exportIssues\":false,\"exportIssuesIncludesNotes\":false,\"exportContextAwareTodos\":false,\"dateFormat\":\"MM/DD/YYYY\",\"timeFormat\":\"h:mma\",\"numberFormat\":\"-1,000.99\",\"supervisorsArchiveRestoreUsers\":false,\"supervisorsEditPositions\":false,\"milestonesAvailableToAll\":false,\"customMeetingTemplatesEnabled\":false,\"receiveTodoReminders\":false,\"todoReminderTime\":\"13:00\",\"todoReminderTimeZone\":\"America/Guatemala\",\"todoReminderFrequency\":\"DAILY\",\"vtoMeetingId\":\"\",\"vtoDisplayMode\":\"ALL\",\"coreValues\":[{\"id\":\"1\",\"text\":\"\"},{\"id\":\"2\",\"text\":\"\"},{\"id\":\"3\",\"text\":\"\"}]}", password, V2Url): SUCCESFFULLY registered a new user via API. 
 Generated Activation Link: 
https://v2dev.traction.tools/activate?activationKey=e028c6b1-3790-474a-80e1-37e288723c69&userId=abc469cb-ad3c-420c-8a3e-145d9e7e577e&orgId=aa47c00f-a0fb-4f31-9bf7-520685484c70&email=tractiontools.user001+ta54gtap@gmail.com&teamsId=40e83b21-f422-4c74-a1e2-fce91b989e7f&meetingsId=5824757f-cf9e-45be-b6c8-8a00e56fa357&adminsId=753f78a7-0f68-414b-81c6-4bd74eb4804d&usersId=c3dab8aa-b69c-4de8-87f1-3f8ac79d5e17&supervisorsId=dfa6f4ab-095c-4afc-b6f0-ec77ea34d6e4&accountabilityChartId=4384fccf-4ea9-4e50-b682-05dc3f017807&isCreator=1

2020-09-03 14:39:32 - [MESSAGE][PASSED] - SUCCESFFULLY registered a new user via API. 
 Generated Activation Link: 
https://v2dev.traction.tools/activate?activationKey=e028c6b1-3790-474a-80e1-37e288723c69&userId=abc469cb-ad3c-420c-8a3e-145d9e7e577e&orgId=aa47c00f-a0fb-4f31-9bf7-520685484c70&email=tractiontools.user001+ta54gtap@gmail.com&teamsId=40e83b21-f422-4c74-a1e2-fce91b989e7f&meetingsId=5824757f-cf9e-45be-b6c8-8a00e56fa357&adminsId=753f78a7-0f68-414b-81c6-4bd74eb4804d&usersId=c3dab8aa-b69c-4de8-87f1-3f8ac79d5e17&supervisorsId=dfa6f4ab-095c-4afc-b6f0-ec77ea34d6e4&accountabilityChartId=4384fccf-4ea9-4e50-b682-05dc3f017807&isCreator=1

2020-09-03 14:39:32 - [TEST_STEP][PASSED] - activationURL = adminDetails[0]: null

2020-09-03 14:39:32 - [TEST_STEP][PASSED] - orgID = adminDetails[1]: null

2020-09-03 14:39:32 - [TEST_STEP][PASSED] - out.println("URL: " + activationURL): null

2020-09-03 14:39:32 - [TEST_STEP][PASSED] - out.println("orgID: " + orgID): null

2020-09-03 14:39:32 - [TEST_STEP][PASSED] - supervisorUser_name = supervisor_fname + " " + lastname: null

2020-09-03 14:39:32 - [TEST_STEP][PASSED] - openBrowser(""): Browser is opened with url: ''

2020-09-03 14:39:32 - [MESSAGE][WARNING] - A browser is already opened. Closing browser and opening a new one

2020-09-03 14:39:32 - [MESSAGE][INFO] - Starting 'Chrome' driver

2020-09-03 14:39:32 - [MESSAGE][INFO] - Action delay is set to 0 milliseconds

2020-09-03 14:39:36 - [MESSAGE][PASSED] - Browser is opened with url: ''

2020-09-03 14:39:36 - [TEST_STEP][PASSED] - maximizeWindow(): Current window maximized

2020-09-03 14:39:38 - [MESSAGE][PASSED] - Current window maximized

2020-09-03 14:39:38 - [TEST_STEP][PASSED] - callTestCase(findTestCase("V2/Test Case/Pre-conditions/PRE_ActivateNewUser"), ["activationURL":activationURL, "email":email, "password":password], STOP_ON_FAILURE): Call Test Case 'Test Cases/V2/Test Case/Pre-conditions/PRE_ActivateNewUser' successfully

2020-09-03 14:39:38 - [TEST_CASE][PASSED] - Test Cases/V2/Test Case/Pre-conditions/PRE_ActivateNewUser: Test Cases/V2/Test Case/Pre-conditions/PRE_ActivateNewUser

2020-09-03 14:39:38 - [TEST_STEP][PASSED] - navigateToUrl(activationURL): Navigate to 'https://v2dev.traction.tools/activate?activationKey=e028c6b1-3790-474a-80e1-37e288723c69&userId=abc469cb-ad3c-420c-8a3e-145d9e7e577e&orgId=aa47c00f-a0fb-4f31-9bf7-520685484c70&email=tractiontools.user001+ta54gtap@gmail.com&teamsId=40e83b21-f422-4c74-a1e2-fce91b989e7f&meetingsId=5824757f-cf9e-45be-b6c8-8a00e56fa357&adminsId=753f78a7-0f68-414b-81c6-4bd74eb4804d&usersId=c3dab8aa-b69c-4de8-87f1-3f8ac79d5e17&supervisorsId=dfa6f4ab-095c-4afc-b6f0-ec77ea34d6e4&accountabilityChartId=4384fccf-4ea9-4e50-b682-05dc3f017807&isCreator=1' successfully

2020-09-03 14:39:39 - [MESSAGE][PASSED] - Navigate to 'https://v2dev.traction.tools/activate?activationKey=e028c6b1-3790-474a-80e1-37e288723c69&userId=abc469cb-ad3c-420c-8a3e-145d9e7e577e&orgId=aa47c00f-a0fb-4f31-9bf7-520685484c70&email=tractiontools.user001+ta54gtap@gmail.com&teamsId=40e83b21-f422-4c74-a1e2-fce91b989e7f&meetingsId=5824757f-cf9e-45be-b6c8-8a00e56fa357&adminsId=753f78a7-0f68-414b-81c6-4bd74eb4804d&usersId=c3dab8aa-b69c-4de8-87f1-3f8ac79d5e17&supervisorsId=dfa6f4ab-095c-4afc-b6f0-ec77ea34d6e4&accountabilityChartId=4384fccf-4ea9-4e50-b682-05dc3f017807&isCreator=1' successfully

2020-09-03 14:39:39 - [TEST_STEP][PASSED] - waitForElementVisible(findTestObject("V2/Commons/ActivationPage/input_Email_email"), DefaultTimeout): Object 'Object Repository/V2/Commons/ActivationPage/input_Email_email' is visible

2020-09-03 14:39:47 - [MESSAGE][PASSED] - Object 'Object Repository/V2/Commons/ActivationPage/input_Email_email' is visible

2020-09-03 14:39:47 - [TEST_STEP][PASSED] - actual_email = getAttribute(findTestObject("Object Repository/V2/Commons/ActivationPage/input_Email_email"), "value"): Attribute 'value' of object 'Object Repository/V2/Commons/ActivationPage/input_Email_email' is: 'tractiontools.user001+ta54gtap@gmail.com'

2020-09-03 14:39:47 - [MESSAGE][PASSED] - Attribute 'value' of object 'Object Repository/V2/Commons/ActivationPage/input_Email_email' is: 'tractiontools.user001+ta54gtap@gmail.com'

2020-09-03 14:39:47 - [TEST_STEP][PASSED] - verifyMatch(actual_email, email, false): Actual text 'tractiontools.user001+ta54gtap@gmail.com' and expected text 'tractiontools.user001+ta54gtap@gmail.com' are matched 

2020-09-03 14:39:47 - [MESSAGE][PASSED] - Actual text 'tractiontools.user001+ta54gtap@gmail.com' and expected text 'tractiontools.user001+ta54gtap@gmail.com' are matched 

2020-09-03 14:39:47 - [TEST_STEP][PASSED] - setText(findTestObject("V2/Commons/ActivationPage/input_password"), password): Text 'Qwer123!' is set on object 'Object Repository/V2/Commons/ActivationPage/input_password'

2020-09-03 14:39:48 - [MESSAGE][PASSED] - Text 'Qwer123!' is set on object 'Object Repository/V2/Commons/ActivationPage/input_password'

2020-09-03 14:39:48 - [TEST_STEP][PASSED] - setText(findTestObject("Object Repository/V2/Commons/ActivationPage/input__passwordRepeat"), password): Text 'Qwer123!' is set on object 'Object Repository/V2/Commons/ActivationPage/input__passwordRepeat'

2020-09-03 14:39:49 - [MESSAGE][PASSED] - Text 'Qwer123!' is set on object 'Object Repository/V2/Commons/ActivationPage/input__passwordRepeat'

2020-09-03 14:39:49 - [TEST_STEP][PASSED] - click(findTestObject("V2/Commons/ActivationPage/input_termsandconditions")): Object: 'Object Repository/V2/Commons/ActivationPage/input_termsandconditions' is clicked on

2020-09-03 14:39:49 - [MESSAGE][PASSED] - Object: 'Object Repository/V2/Commons/ActivationPage/input_termsandconditions' is clicked on

2020-09-03 14:39:49 - [TEST_STEP][PASSED] - click(findTestObject("Object Repository/V2/Commons/ActivationPage/div_Create account")): Object: 'Object Repository/V2/Commons/ActivationPage/div_Create account' is clicked on

2020-09-03 14:39:50 - [MESSAGE][PASSED] - Object: 'Object Repository/V2/Commons/ActivationPage/div_Create account' is clicked on

2020-09-03 14:39:50 - [TEST_STEP][PASSED] - waitForElementPresent(findTestObject("V2/Commons/DasboardPage_SidebarMenu/img_Home_logo-big"), DefaultTimeout): Object 'Object Repository/V2/Commons/DasboardPage_SidebarMenu/img_Home_logo-big' is present

2020-09-03 14:40:02 - [MESSAGE][PASSED] - Object 'Object Repository/V2/Commons/DasboardPage_SidebarMenu/img_Home_logo-big' is present

2020-09-03 14:40:02 - [TEST_STEP][PASSED] - verifyElementPresent(findTestObject("V2/Commons/DasboardPage_SidebarMenu/img_Home_logo-big"), 0): Object 'Object Repository/V2/Commons/DasboardPage_SidebarMenu/img_Home_logo-big' is present

2020-09-03 14:40:02 - [MESSAGE][WARNING] - Timeout '0' is invalid. Using default page load timeout: '30'

2020-09-03 14:40:03 - [MESSAGE][PASSED] - Object 'Object Repository/V2/Commons/DasboardPage_SidebarMenu/img_Home_logo-big' is present

2020-09-03 14:40:03 - [MESSAGE][PASSED] - Call Test Case 'Test Cases/V2/Test Case/Pre-conditions/PRE_ActivateNewUser' successfully

2020-09-03 14:40:03 - [TEST_STEP][PASSED] - callTestCase(findTestCase("V2/Test Case/Pre-conditions/PRE_SkipCompanyAndPersonalProfileSetup"), [:], STOP_ON_FAILURE): Call Test Case 'Test Cases/V2/Test Case/Pre-conditions/PRE_SkipCompanyAndPersonalProfileSetup' successfully

2020-09-03 14:40:03 - [TEST_CASE][PASSED] - Test Cases/V2/Test Case/Pre-conditions/PRE_SkipCompanyAndPersonalProfileSetup: Test Cases/V2/Test Case/Pre-conditions/PRE_SkipCompanyAndPersonalProfileSetup

2020-09-03 14:40:03 - [TEST_STEP][PASSED] - waitForElementVisible(findTestObject("V2/Commons/FirstUpdateCompanyAndPersonalInfoModal/confirmCompanyInfoHeader_h1"), DefaultTimeout): Object 'Object Repository/V2/Commons/FirstUpdateCompanyAndPersonalInfoModal/confirmCompanyInfoHeader_h1' is visible

2020-09-03 14:40:04 - [MESSAGE][PASSED] - Object 'Object Repository/V2/Commons/FirstUpdateCompanyAndPersonalInfoModal/confirmCompanyInfoHeader_h1' is visible

2020-09-03 14:40:04 - [TEST_STEP][PASSED] - click(findTestObject("V2/Commons/FirstUpdateCompanyAndPersonalInfoModal/confirmInfoSkip_button")): Object: 'Object Repository/V2/Commons/FirstUpdateCompanyAndPersonalInfoModal/confirmInfoSkip_button' is clicked on

2020-09-03 14:40:04 - [MESSAGE][PASSED] - Object: 'Object Repository/V2/Commons/FirstUpdateCompanyAndPersonalInfoModal/confirmInfoSkip_button' is clicked on

2020-09-03 14:40:04 - [TEST_STEP][PASSED] - waitForElementVisible(findTestObject("V2/Commons/FirstUpdateCompanyAndPersonalInfoModal/confirmPersonalInfoHeader_h1"), DefaultTimeout): Object 'Object Repository/V2/Commons/FirstUpdateCompanyAndPersonalInfoModal/confirmPersonalInfoHeader_h1' is visible

2020-09-03 14:40:05 - [MESSAGE][PASSED] - Object 'Object Repository/V2/Commons/FirstUpdateCompanyAndPersonalInfoModal/confirmPersonalInfoHeader_h1' is visible

2020-09-03 14:40:05 - [TEST_STEP][PASSED] - click(findTestObject("V2/Commons/FirstUpdateCompanyAndPersonalInfoModal/confirmInfoSkip_button")): Object: 'Object Repository/V2/Commons/FirstUpdateCompanyAndPersonalInfoModal/confirmInfoSkip_button' is clicked on

2020-09-03 14:40:05 - [MESSAGE][PASSED] - Object: 'Object Repository/V2/Commons/FirstUpdateCompanyAndPersonalInfoModal/confirmInfoSkip_button' is clicked on

2020-09-03 14:40:05 - [TEST_STEP][PASSED] - waitForElementVisible(findTestObject("V2/Commons/FirstUpdateCompanyAndPersonalInfoModal/letsGetStarted_button"), DefaultTimeout): Object 'Object Repository/V2/Commons/FirstUpdateCompanyAndPersonalInfoModal/letsGetStarted_button' is visible

2020-09-03 14:40:06 - [MESSAGE][PASSED] - Object 'Object Repository/V2/Commons/FirstUpdateCompanyAndPersonalInfoModal/letsGetStarted_button' is visible

2020-09-03 14:40:06 - [TEST_STEP][PASSED] - click(findTestObject("V2/Commons/FirstUpdateCompanyAndPersonalInfoModal/letsGetStarted_button")): Object: 'Object Repository/V2/Commons/FirstUpdateCompanyAndPersonalInfoModal/letsGetStarted_button' is clicked on

2020-09-03 14:40:07 - [MESSAGE][PASSED] - Object: 'Object Repository/V2/Commons/FirstUpdateCompanyAndPersonalInfoModal/letsGetStarted_button' is clicked on

2020-09-03 14:40:07 - [MESSAGE][PASSED] - Call Test Case 'Test Cases/V2/Test Case/Pre-conditions/PRE_SkipCompanyAndPersonalProfileSetup' successfully

2020-09-03 14:40:07 - [TEST_STEP][PASSED] - supervisor_activationURL = tt_CustomKeywords.CustomKeywords.RegisterAndActivateSupervisorUserViaAPI(V2Url, orgID, supervisor_email, password, email, password, supervisor_fname, lastname): SUCCESFFULLY registered a new user via API. 
 Generated Activation Link: 
https://v2dev.traction.tools/activate?activationKey=23bdecdf-c9c5-4b9c-8b8b-407683d8c655&userId=344a0b54-3276-4cc5-9765-942d28e13bc3&orgId=aa47c00f-a0fb-4f31-9bf7-520685484c70&email=tractiontools.user001+ts5ezqf8@gmail.com&isCreator=0

2020-09-03 14:40:13 - [MESSAGE][PASSED] - SUCCESFFULLY registered a new user via API. 
 Generated Activation Link: 
https://v2dev.traction.tools/activate?activationKey=23bdecdf-c9c5-4b9c-8b8b-407683d8c655&userId=344a0b54-3276-4cc5-9765-942d28e13bc3&orgId=aa47c00f-a0fb-4f31-9bf7-520685484c70&email=tractiontools.user001+ts5ezqf8@gmail.com&isCreator=0

2020-09-03 14:40:13 - [TEST_STEP][PASSED] - callTestCase(findTestCase("V2/Test Case/Pre-conditions/PRE_ChangeUserPermissionViaManageUser"), ["showMenuItemsPath":"//div[@class='usercard__detail_container']/div[text()='%s']/ancestor::div[contains(@class,'usercard__content')]//button[@aria-label='Show Menu Items']", "user_email":supervisor_email, ... ], STOP_ON_FAILURE): Call Test Case 'Test Cases/V2/Test Case/Pre-conditions/PRE_ChangeUserPermissionViaManageUser' successfully

2020-09-03 14:40:13 - [TEST_CASE][PASSED] - Test Cases/V2/Test Case/Pre-conditions/PRE_ChangeUserPermissionViaManageUser: Test Cases/V2/Test Case/Pre-conditions/PRE_ChangeUserPermissionViaManageUser

2020-09-03 14:40:13 - [TEST_STEP][PASSED] - click(findTestObject("Object Repository/V2/Commons/ManageUsersPage/span_Company Settings")): Object: 'Object Repository/V2/Commons/ManageUsersPage/span_Company Settings' is clicked on

2020-09-03 14:40:13 - [MESSAGE][PASSED] - Object: 'Object Repository/V2/Commons/ManageUsersPage/span_Company Settings' is clicked on

2020-09-03 14:40:13 - [TEST_STEP][PASSED] - click(findTestObject("V2/Commons/DasboardPage_SidebarMenu/a_Manage Users")): Object: 'Object Repository/V2/Commons/DasboardPage_SidebarMenu/a_Manage Users' is clicked on

2020-09-03 14:40:13 - [MESSAGE][PASSED] - Object: 'Object Repository/V2/Commons/DasboardPage_SidebarMenu/a_Manage Users' is clicked on

2020-09-03 14:40:13 - [TEST_STEP][PASSED] - showMenuItemsObj = tt_CustomKeywords.CustomKeywords.CreateDynamicElement(showMenuItemsPath, user_email, "xpath"): Successfully created new dynamic object: //div[@class='usercard__detail_container']/div[text()='tractiontools.user001+ts5ezqf8@gmail.com']/ancestor::div[contains(@class,'usercard__content')]//button[@aria-label='Show Menu Items']

2020-09-03 14:40:13 - [MESSAGE][PASSED] - Successfully created new dynamic object: //div[@class='usercard__detail_container']/div[text()='tractiontools.user001+ts5ezqf8@gmail.com']/ancestor::div[contains(@class,'usercard__content')]//button[@aria-label='Show Menu Items']

2020-09-03 14:40:13 - [TEST_STEP][PASSED] - click(showMenuItemsObj): Object: '' is clicked on

2020-09-03 14:40:15 - [MESSAGE][PASSED] - Object: '' is clicked on

2020-09-03 14:40:15 - [TEST_STEP][PASSED] - click(findTestObject("Object Repository/V2/Commons/ManageUsersPage/div_Edit user")): Object: 'Object Repository/V2/Commons/ManageUsersPage/div_Edit user' is clicked on

2020-09-03 14:40:15 - [MESSAGE][PASSED] - Object: 'Object Repository/V2/Commons/ManageUsersPage/div_Edit user' is clicked on

2020-09-03 14:40:15 - [TEST_STEP][PASSED] - verifyElementPresent(findTestObject("V2/Commons/ManageUsersPage/div_PositionTitle"), DefaultTimeout): Object 'Object Repository/V2/Commons/ManageUsersPage/div_PositionTitle' is present

2020-09-03 14:40:16 - [MESSAGE][PASSED] - Object 'Object Repository/V2/Commons/ManageUsersPage/div_PositionTitle' is present

2020-09-03 14:40:16 - [TEST_STEP][PASSED] - setText(findTestObject("V2/Commons/ManageUsersPage/position_title_input"), position_title): Text 'QA Manager' is set on object 'Object Repository/V2/Commons/ManageUsersPage/position_title_input'

2020-09-03 14:40:16 - [MESSAGE][PASSED] - Text 'QA Manager' is set on object 'Object Repository/V2/Commons/ManageUsersPage/position_title_input'

2020-09-03 14:40:16 - [TEST_STEP][PASSED] - sendKeys(findTestObject("V2/Commons/ManageUsersPage/position_title_input"), Keys.chord(ENTER)): Keys 'ENTER + ' sent to object: 'Object Repository/V2/Commons/ManageUsersPage/position_title_input'

2020-09-03 14:40:17 - [MESSAGE][PASSED] - Keys 'ENTER + ' sent to object: 'Object Repository/V2/Commons/ManageUsersPage/position_title_input'

2020-09-03 14:40:17 - [TEST_STEP][PASSED] - if (permissionValue == "Employee"): null

2020-09-03 14:40:17 - [TEST_STEP][PASSED] - verifyElementPresent(findTestObject("Object Repository/V2/Commons/ManageUsersPage/div_User type"), DefaultTimeout): Object 'Object Repository/V2/Commons/ManageUsersPage/div_User type' is present

2020-09-03 14:40:17 - [MESSAGE][PASSED] - Object 'Object Repository/V2/Commons/ManageUsersPage/div_User type' is present

2020-09-03 14:40:17 - [TEST_STEP][PASSED] - click(findTestObject("Object Repository/V2/Commons/ManageUsersPage/input__orgRole")): Object: 'Object Repository/V2/Commons/ManageUsersPage/input__orgRole' is clicked on

2020-09-03 14:40:17 - [MESSAGE][PASSED] - Object: 'Object Repository/V2/Commons/ManageUsersPage/input__orgRole' is clicked on

2020-09-03 14:40:17 - [TEST_STEP][PASSED] - roleOptionObj = tt_CustomKeywords.CustomKeywords.CreateDynamicElement(roleOption, permissionValue, "xpath"): Successfully created new dynamic object: //span[text()='Supervisor']/parent::div[@role='option']

2020-09-03 14:40:17 - [MESSAGE][PASSED] - Successfully created new dynamic object: //span[text()='Supervisor']/parent::div[@role='option']

2020-09-03 14:40:17 - [TEST_STEP][PASSED] - click(roleOptionObj): Object: '' is clicked on

2020-09-03 14:40:18 - [MESSAGE][PASSED] - Object: '' is clicked on

2020-09-03 14:40:18 - [TEST_STEP][PASSED] - click(findTestObject("Object Repository/V2/Commons/ManageUsersPage/div_Save")): Object: 'Object Repository/V2/Commons/ManageUsersPage/div_Save' is clicked on

2020-09-03 14:40:18 - [MESSAGE][PASSED] - Object: 'Object Repository/V2/Commons/ManageUsersPage/div_Save' is clicked on

2020-09-03 14:40:18 - [TEST_STEP][PASSED] - waitForElementVisible(findTestObject("V2/Commons/ManageUsersPage/h3_User Saved"), DefaultTimeout): Object 'Object Repository/V2/Commons/ManageUsersPage/h3_User Saved' is visible

2020-09-03 14:40:29 - [MESSAGE][PASSED] - Object 'Object Repository/V2/Commons/ManageUsersPage/h3_User Saved' is visible

2020-09-03 14:40:29 - [TEST_STEP][PASSED] - verifyElementVisible(findTestObject("Object Repository/V2/Commons/ManageUsersPage/h3_User Saved")): Object 'Object Repository/V2/Commons/ManageUsersPage/h3_User Saved' is visible

2020-09-03 14:40:29 - [MESSAGE][PASSED] - Object 'Object Repository/V2/Commons/ManageUsersPage/h3_User Saved' is visible

2020-09-03 14:40:29 - [MESSAGE][PASSED] - Call Test Case 'Test Cases/V2/Test Case/Pre-conditions/PRE_ChangeUserPermissionViaManageUser' successfully

2020-09-03 14:40:29 - [TEST_STEP][PASSED] - employee_activationURL = tt_CustomKeywords.CustomKeywords.RegisterAndActivateSupervisorUserViaAPI(V2Url, orgID, employee_email, password, email, password, employee_fname, lastname): SUCCESFFULLY registered a new user via API. 
 Generated Activation Link: 
https://v2dev.traction.tools/activate?activationKey=b3429a60-fb6b-4adf-ad01-e44a19f6e4f1&userId=12c7ad3f-3b4f-42ba-bb4a-b51f701af369&orgId=aa47c00f-a0fb-4f31-9bf7-520685484c70&email=tractiontools.user001+te5s1t8r@gmail.com&isCreator=0

2020-09-03 14:40:35 - [MESSAGE][PASSED] - SUCCESFFULLY registered a new user via API. 
 Generated Activation Link: 
https://v2dev.traction.tools/activate?activationKey=b3429a60-fb6b-4adf-ad01-e44a19f6e4f1&userId=12c7ad3f-3b4f-42ba-bb4a-b51f701af369&orgId=aa47c00f-a0fb-4f31-9bf7-520685484c70&email=tractiontools.user001+te5s1t8r@gmail.com&isCreator=0

2020-09-03 14:40:35 - [TEST_STEP][PASSED] - callTestCase(findTestCase("V2/Test Case/Pre-conditions/PRE_ChangeUserPermissionViaManageUser"), ["showMenuItemsPath":"//div[@class='usercard__detail_container']/div[text()='%s']/ancestor::div[contains(@class,'usercard__content')]//button[@aria-label='Show Menu Items']", "user_email":employee_email, ... ], STOP_ON_FAILURE): Call Test Case 'Test Cases/V2/Test Case/Pre-conditions/PRE_ChangeUserPermissionViaManageUser' successfully

2020-09-03 14:40:35 - [TEST_CASE][PASSED] - Test Cases/V2/Test Case/Pre-conditions/PRE_ChangeUserPermissionViaManageUser: Test Cases/V2/Test Case/Pre-conditions/PRE_ChangeUserPermissionViaManageUser

2020-09-03 14:40:35 - [TEST_STEP][PASSED] - click(findTestObject("Object Repository/V2/Commons/ManageUsersPage/span_Company Settings")): Object: 'Object Repository/V2/Commons/ManageUsersPage/span_Company Settings' is clicked on

2020-09-03 14:40:36 - [MESSAGE][PASSED] - Object: 'Object Repository/V2/Commons/ManageUsersPage/span_Company Settings' is clicked on

2020-09-03 14:40:36 - [TEST_STEP][PASSED] - click(findTestObject("V2/Commons/DasboardPage_SidebarMenu/a_Manage Users")): Object: 'Object Repository/V2/Commons/DasboardPage_SidebarMenu/a_Manage Users' is clicked on

2020-09-03 14:40:36 - [MESSAGE][PASSED] - Object: 'Object Repository/V2/Commons/DasboardPage_SidebarMenu/a_Manage Users' is clicked on

2020-09-03 14:40:36 - [TEST_STEP][PASSED] - showMenuItemsObj = tt_CustomKeywords.CustomKeywords.CreateDynamicElement(showMenuItemsPath, user_email, "xpath"): Successfully created new dynamic object: //div[@class='usercard__detail_container']/div[text()='tractiontools.user001+te5s1t8r@gmail.com']/ancestor::div[contains(@class,'usercard__content')]//button[@aria-label='Show Menu Items']

2020-09-03 14:40:36 - [MESSAGE][PASSED] - Successfully created new dynamic object: //div[@class='usercard__detail_container']/div[text()='tractiontools.user001+te5s1t8r@gmail.com']/ancestor::div[contains(@class,'usercard__content')]//button[@aria-label='Show Menu Items']

2020-09-03 14:40:36 - [TEST_STEP][PASSED] - click(showMenuItemsObj): Object: '' is clicked on

2020-09-03 14:40:37 - [MESSAGE][PASSED] - Object: '' is clicked on

2020-09-03 14:40:37 - [TEST_STEP][PASSED] - click(findTestObject("Object Repository/V2/Commons/ManageUsersPage/div_Edit user")): Object: 'Object Repository/V2/Commons/ManageUsersPage/div_Edit user' is clicked on

2020-09-03 14:40:37 - [MESSAGE][PASSED] - Object: 'Object Repository/V2/Commons/ManageUsersPage/div_Edit user' is clicked on

2020-09-03 14:40:37 - [TEST_STEP][PASSED] - verifyElementPresent(findTestObject("V2/Commons/ManageUsersPage/div_PositionTitle"), DefaultTimeout): Object 'Object Repository/V2/Commons/ManageUsersPage/div_PositionTitle' is present

2020-09-03 14:40:38 - [MESSAGE][PASSED] - Object 'Object Repository/V2/Commons/ManageUsersPage/div_PositionTitle' is present

2020-09-03 14:40:38 - [TEST_STEP][PASSED] - setText(findTestObject("V2/Commons/ManageUsersPage/position_title_input"), position_title): Text 'Quality Assurance' is set on object 'Object Repository/V2/Commons/ManageUsersPage/position_title_input'

2020-09-03 14:40:38 - [MESSAGE][PASSED] - Text 'Quality Assurance' is set on object 'Object Repository/V2/Commons/ManageUsersPage/position_title_input'

2020-09-03 14:40:38 - [TEST_STEP][PASSED] - sendKeys(findTestObject("V2/Commons/ManageUsersPage/position_title_input"), Keys.chord(ENTER)): Keys 'ENTER + ' sent to object: 'Object Repository/V2/Commons/ManageUsersPage/position_title_input'

2020-09-03 14:40:39 - [MESSAGE][PASSED] - Keys 'ENTER + ' sent to object: 'Object Repository/V2/Commons/ManageUsersPage/position_title_input'

2020-09-03 14:40:39 - [TEST_STEP][PASSED] - if (permissionValue == "Employee"): Keys 'ENTER + ' sent to object: 'Object Repository/V2/Commons/ManageUsersPage/supervisor_input'

2020-09-03 14:40:39 - [TEST_STEP][PASSED] - verifyElementPresent(findTestObject("V2/Commons/ManageUsersPage/supervisor_input"), DefaultTimeout): Object 'Object Repository/V2/Commons/ManageUsersPage/supervisor_input' is present

2020-09-03 14:40:39 - [MESSAGE][PASSED] - Object 'Object Repository/V2/Commons/ManageUsersPage/supervisor_input' is present

2020-09-03 14:40:39 - [TEST_STEP][PASSED] - setText(findTestObject("V2/Commons/ManageUsersPage/supervisor_input"), user_supervisorName): Text 'Supervisor User' is set on object 'Object Repository/V2/Commons/ManageUsersPage/supervisor_input'

2020-09-03 14:40:40 - [MESSAGE][PASSED] - Text 'Supervisor User' is set on object 'Object Repository/V2/Commons/ManageUsersPage/supervisor_input'

2020-09-03 14:40:40 - [TEST_STEP][PASSED] - sendKeys(findTestObject("V2/Commons/ManageUsersPage/supervisor_input"), Keys.chord(ENTER)): Keys 'ENTER + ' sent to object: 'Object Repository/V2/Commons/ManageUsersPage/supervisor_input'

2020-09-03 14:40:40 - [MESSAGE][PASSED] - Keys 'ENTER + ' sent to object: 'Object Repository/V2/Commons/ManageUsersPage/supervisor_input'

2020-09-03 14:40:40 - [TEST_STEP][PASSED] - verifyElementPresent(findTestObject("Object Repository/V2/Commons/ManageUsersPage/div_User type"), DefaultTimeout): Object 'Object Repository/V2/Commons/ManageUsersPage/div_User type' is present

2020-09-03 14:40:41 - [MESSAGE][PASSED] - Object 'Object Repository/V2/Commons/ManageUsersPage/div_User type' is present

2020-09-03 14:40:41 - [TEST_STEP][PASSED] - click(findTestObject("Object Repository/V2/Commons/ManageUsersPage/input__orgRole")): Object: 'Object Repository/V2/Commons/ManageUsersPage/input__orgRole' is clicked on

2020-09-03 14:40:41 - [MESSAGE][PASSED] - Object: 'Object Repository/V2/Commons/ManageUsersPage/input__orgRole' is clicked on

2020-09-03 14:40:41 - [TEST_STEP][PASSED] - roleOptionObj = tt_CustomKeywords.CustomKeywords.CreateDynamicElement(roleOption, permissionValue, "xpath"): Successfully created new dynamic object: //span[text()='Employee']/parent::div[@role='option']

2020-09-03 14:40:41 - [MESSAGE][PASSED] - Successfully created new dynamic object: //span[text()='Employee']/parent::div[@role='option']

2020-09-03 14:40:41 - [TEST_STEP][PASSED] - click(roleOptionObj): Object: '' is clicked on

2020-09-03 14:40:41 - [MESSAGE][PASSED] - Object: '' is clicked on

2020-09-03 14:40:41 - [TEST_STEP][PASSED] - click(findTestObject("Object Repository/V2/Commons/ManageUsersPage/div_Save")): Object: 'Object Repository/V2/Commons/ManageUsersPage/div_Save' is clicked on

2020-09-03 14:40:42 - [MESSAGE][PASSED] - Object: 'Object Repository/V2/Commons/ManageUsersPage/div_Save' is clicked on

2020-09-03 14:40:42 - [TEST_STEP][PASSED] - waitForElementVisible(findTestObject("V2/Commons/ManageUsersPage/h3_User Saved"), DefaultTimeout): Object 'Object Repository/V2/Commons/ManageUsersPage/h3_User Saved' is visible

2020-09-03 14:40:53 - [MESSAGE][PASSED] - Object 'Object Repository/V2/Commons/ManageUsersPage/h3_User Saved' is visible

2020-09-03 14:40:53 - [TEST_STEP][PASSED] - verifyElementVisible(findTestObject("Object Repository/V2/Commons/ManageUsersPage/h3_User Saved")): Object 'Object Repository/V2/Commons/ManageUsersPage/h3_User Saved' is visible

2020-09-03 14:40:54 - [MESSAGE][PASSED] - Object 'Object Repository/V2/Commons/ManageUsersPage/h3_User Saved' is visible

2020-09-03 14:40:54 - [MESSAGE][PASSED] - Call Test Case 'Test Cases/V2/Test Case/Pre-conditions/PRE_ChangeUserPermissionViaManageUser' successfully

2020-09-03 14:40:54 - [TEST_STEP][PASSED] - callTestCase(findTestCase("V2/Test Case/Pre-conditions/PRE_ActivateNewUser"), ["activationURL":supervisor_activationURL, "email":supervisor_email, "password":password], STOP_ON_FAILURE): Call Test Case 'Test Cases/V2/Test Case/Pre-conditions/PRE_ActivateNewUser' successfully

2020-09-03 14:40:54 - [TEST_CASE][PASSED] - Test Cases/V2/Test Case/Pre-conditions/PRE_ActivateNewUser: Test Cases/V2/Test Case/Pre-conditions/PRE_ActivateNewUser

2020-09-03 14:40:54 - [TEST_STEP][PASSED] - navigateToUrl(activationURL): Navigate to 'https://v2dev.traction.tools/activate?activationKey=23bdecdf-c9c5-4b9c-8b8b-407683d8c655&userId=344a0b54-3276-4cc5-9765-942d28e13bc3&orgId=aa47c00f-a0fb-4f31-9bf7-520685484c70&email=tractiontools.user001+ts5ezqf8@gmail.com&isCreator=0' successfully

2020-09-03 14:40:55 - [MESSAGE][PASSED] - Navigate to 'https://v2dev.traction.tools/activate?activationKey=23bdecdf-c9c5-4b9c-8b8b-407683d8c655&userId=344a0b54-3276-4cc5-9765-942d28e13bc3&orgId=aa47c00f-a0fb-4f31-9bf7-520685484c70&email=tractiontools.user001+ts5ezqf8@gmail.com&isCreator=0' successfully

2020-09-03 14:40:55 - [TEST_STEP][PASSED] - waitForElementVisible(findTestObject("V2/Commons/ActivationPage/input_Email_email"), DefaultTimeout): Object 'Object Repository/V2/Commons/ActivationPage/input_Email_email' is visible

2020-09-03 14:40:56 - [MESSAGE][PASSED] - Object 'Object Repository/V2/Commons/ActivationPage/input_Email_email' is visible

2020-09-03 14:40:56 - [TEST_STEP][PASSED] - actual_email = getAttribute(findTestObject("Object Repository/V2/Commons/ActivationPage/input_Email_email"), "value"): Attribute 'value' of object 'Object Repository/V2/Commons/ActivationPage/input_Email_email' is: 'tractiontools.user001+ts5ezqf8@gmail.com'

2020-09-03 14:40:57 - [MESSAGE][PASSED] - Attribute 'value' of object 'Object Repository/V2/Commons/ActivationPage/input_Email_email' is: 'tractiontools.user001+ts5ezqf8@gmail.com'

2020-09-03 14:40:57 - [TEST_STEP][PASSED] - verifyMatch(actual_email, email, false): Actual text 'tractiontools.user001+ts5ezqf8@gmail.com' and expected text 'tractiontools.user001+ts5ezqf8@gmail.com' are matched 

2020-09-03 14:40:57 - [MESSAGE][PASSED] - Actual text 'tractiontools.user001+ts5ezqf8@gmail.com' and expected text 'tractiontools.user001+ts5ezqf8@gmail.com' are matched 

2020-09-03 14:40:57 - [TEST_STEP][PASSED] - setText(findTestObject("V2/Commons/ActivationPage/input_password"), password): Text 'Qwer123!' is set on object 'Object Repository/V2/Commons/ActivationPage/input_password'

2020-09-03 14:40:57 - [MESSAGE][PASSED] - Text 'Qwer123!' is set on object 'Object Repository/V2/Commons/ActivationPage/input_password'

2020-09-03 14:40:57 - [TEST_STEP][PASSED] - setText(findTestObject("Object Repository/V2/Commons/ActivationPage/input__passwordRepeat"), password): Text 'Qwer123!' is set on object 'Object Repository/V2/Commons/ActivationPage/input__passwordRepeat'

2020-09-03 14:40:58 - [MESSAGE][PASSED] - Text 'Qwer123!' is set on object 'Object Repository/V2/Commons/ActivationPage/input__passwordRepeat'

2020-09-03 14:40:58 - [TEST_STEP][PASSED] - click(findTestObject("V2/Commons/ActivationPage/input_termsandconditions")): Object: 'Object Repository/V2/Commons/ActivationPage/input_termsandconditions' is clicked on

2020-09-03 14:40:59 - [MESSAGE][PASSED] - Object: 'Object Repository/V2/Commons/ActivationPage/input_termsandconditions' is clicked on

2020-09-03 14:40:59 - [TEST_STEP][PASSED] - click(findTestObject("Object Repository/V2/Commons/ActivationPage/div_Create account")): Object: 'Object Repository/V2/Commons/ActivationPage/div_Create account' is clicked on

2020-09-03 14:40:59 - [MESSAGE][PASSED] - Object: 'Object Repository/V2/Commons/ActivationPage/div_Create account' is clicked on

2020-09-03 14:40:59 - [TEST_STEP][PASSED] - waitForElementPresent(findTestObject("V2/Commons/DasboardPage_SidebarMenu/img_Home_logo-big"), DefaultTimeout): Object 'Object Repository/V2/Commons/DasboardPage_SidebarMenu/img_Home_logo-big' is present

2020-09-03 14:41:04 - [MESSAGE][PASSED] - Object 'Object Repository/V2/Commons/DasboardPage_SidebarMenu/img_Home_logo-big' is present

2020-09-03 14:41:04 - [TEST_STEP][PASSED] - verifyElementPresent(findTestObject("V2/Commons/DasboardPage_SidebarMenu/img_Home_logo-big"), 0): Object 'Object Repository/V2/Commons/DasboardPage_SidebarMenu/img_Home_logo-big' is present

2020-09-03 14:41:04 - [MESSAGE][WARNING] - Timeout '0' is invalid. Using default page load timeout: '30'

2020-09-03 14:41:04 - [MESSAGE][PASSED] - Object 'Object Repository/V2/Commons/DasboardPage_SidebarMenu/img_Home_logo-big' is present

2020-09-03 14:41:04 - [MESSAGE][PASSED] - Call Test Case 'Test Cases/V2/Test Case/Pre-conditions/PRE_ActivateNewUser' successfully

2020-09-03 14:41:04 - [TEST_STEP][PASSED] - callTestCase(findTestCase("V2/Test Case/Pre-conditions/PRE_SkipPersonalProfileSetup"), [:], STOP_ON_FAILURE): Call Test Case 'Test Cases/V2/Test Case/Pre-conditions/PRE_SkipPersonalProfileSetup' successfully

2020-09-03 14:41:04 - [TEST_CASE][PASSED] - Test Cases/V2/Test Case/Pre-conditions/PRE_SkipPersonalProfileSetup: Test Cases/V2/Test Case/Pre-conditions/PRE_SkipPersonalProfileSetup

2020-09-03 14:41:04 - [TEST_STEP][PASSED] - waitForElementVisible(findTestObject("V2/Commons/FirstUpdateCompanyAndPersonalInfoModal/confirmPersonalInfoHeader_h1"), DefaultTimeout): Object 'Object Repository/V2/Commons/FirstUpdateCompanyAndPersonalInfoModal/confirmPersonalInfoHeader_h1' is visible

2020-09-03 14:41:04 - [MESSAGE][PASSED] - Object 'Object Repository/V2/Commons/FirstUpdateCompanyAndPersonalInfoModal/confirmPersonalInfoHeader_h1' is visible

2020-09-03 14:41:04 - [TEST_STEP][PASSED] - click(findTestObject("V2/Commons/FirstUpdateCompanyAndPersonalInfoModal/confirmInfoSkip_button")): Object: 'Object Repository/V2/Commons/FirstUpdateCompanyAndPersonalInfoModal/confirmInfoSkip_button' is clicked on

2020-09-03 14:41:05 - [MESSAGE][PASSED] - Object: 'Object Repository/V2/Commons/FirstUpdateCompanyAndPersonalInfoModal/confirmInfoSkip_button' is clicked on

2020-09-03 14:41:05 - [TEST_STEP][PASSED] - waitForElementVisible(findTestObject("V2/Commons/FirstUpdateCompanyAndPersonalInfoModal/letsGetStarted_button"), DefaultTimeout): Object 'Object Repository/V2/Commons/FirstUpdateCompanyAndPersonalInfoModal/letsGetStarted_button' is visible

2020-09-03 14:41:06 - [MESSAGE][PASSED] - Object 'Object Repository/V2/Commons/FirstUpdateCompanyAndPersonalInfoModal/letsGetStarted_button' is visible

2020-09-03 14:41:06 - [TEST_STEP][PASSED] - click(findTestObject("V2/Commons/FirstUpdateCompanyAndPersonalInfoModal/letsGetStarted_button")): Object: 'Object Repository/V2/Commons/FirstUpdateCompanyAndPersonalInfoModal/letsGetStarted_button' is clicked on

2020-09-03 14:41:06 - [MESSAGE][PASSED] - Object: 'Object Repository/V2/Commons/FirstUpdateCompanyAndPersonalInfoModal/letsGetStarted_button' is clicked on

2020-09-03 14:41:06 - [MESSAGE][PASSED] - Call Test Case 'Test Cases/V2/Test Case/Pre-conditions/PRE_SkipPersonalProfileSetup' successfully

2020-09-03 14:41:06 - [TEST_STEP][PASSED] - callTestCase(findTestCase("V2/Test Case/Pre-conditions/PRE_ActivateNewUser"), ["activationURL":employee_activationURL, "email":employee_email, "password":password], STOP_ON_FAILURE): Call Test Case 'Test Cases/V2/Test Case/Pre-conditions/PRE_ActivateNewUser' successfully

2020-09-03 14:41:06 - [TEST_CASE][PASSED] - Test Cases/V2/Test Case/Pre-conditions/PRE_ActivateNewUser: Test Cases/V2/Test Case/Pre-conditions/PRE_ActivateNewUser

2020-09-03 14:41:06 - [TEST_STEP][PASSED] - navigateToUrl(activationURL): Navigate to 'https://v2dev.traction.tools/activate?activationKey=b3429a60-fb6b-4adf-ad01-e44a19f6e4f1&userId=12c7ad3f-3b4f-42ba-bb4a-b51f701af369&orgId=aa47c00f-a0fb-4f31-9bf7-520685484c70&email=tractiontools.user001+te5s1t8r@gmail.com&isCreator=0' successfully

2020-09-03 14:41:09 - [MESSAGE][PASSED] - Navigate to 'https://v2dev.traction.tools/activate?activationKey=b3429a60-fb6b-4adf-ad01-e44a19f6e4f1&userId=12c7ad3f-3b4f-42ba-bb4a-b51f701af369&orgId=aa47c00f-a0fb-4f31-9bf7-520685484c70&email=tractiontools.user001+te5s1t8r@gmail.com&isCreator=0' successfully

2020-09-03 14:41:09 - [TEST_STEP][PASSED] - waitForElementVisible(findTestObject("V2/Commons/ActivationPage/input_Email_email"), DefaultTimeout): Object 'Object Repository/V2/Commons/ActivationPage/input_Email_email' is visible

2020-09-03 14:41:10 - [MESSAGE][PASSED] - Object 'Object Repository/V2/Commons/ActivationPage/input_Email_email' is visible

2020-09-03 14:41:10 - [TEST_STEP][PASSED] - actual_email = getAttribute(findTestObject("Object Repository/V2/Commons/ActivationPage/input_Email_email"), "value"): Attribute 'value' of object 'Object Repository/V2/Commons/ActivationPage/input_Email_email' is: 'tractiontools.user001+te5s1t8r@gmail.com'

2020-09-03 14:41:10 - [MESSAGE][PASSED] - Attribute 'value' of object 'Object Repository/V2/Commons/ActivationPage/input_Email_email' is: 'tractiontools.user001+te5s1t8r@gmail.com'

2020-09-03 14:41:10 - [TEST_STEP][PASSED] - verifyMatch(actual_email, email, false): Actual text 'tractiontools.user001+te5s1t8r@gmail.com' and expected text 'tractiontools.user001+te5s1t8r@gmail.com' are matched 

2020-09-03 14:41:10 - [MESSAGE][PASSED] - Actual text 'tractiontools.user001+te5s1t8r@gmail.com' and expected text 'tractiontools.user001+te5s1t8r@gmail.com' are matched 

2020-09-03 14:41:10 - [TEST_STEP][PASSED] - setText(findTestObject("V2/Commons/ActivationPage/input_password"), password): Text 'Qwer123!' is set on object 'Object Repository/V2/Commons/ActivationPage/input_password'

2020-09-03 14:41:11 - [MESSAGE][PASSED] - Text 'Qwer123!' is set on object 'Object Repository/V2/Commons/ActivationPage/input_password'

2020-09-03 14:41:11 - [TEST_STEP][PASSED] - setText(findTestObject("Object Repository/V2/Commons/ActivationPage/input__passwordRepeat"), password): Text 'Qwer123!' is set on object 'Object Repository/V2/Commons/ActivationPage/input__passwordRepeat'

2020-09-03 14:41:11 - [MESSAGE][PASSED] - Text 'Qwer123!' is set on object 'Object Repository/V2/Commons/ActivationPage/input__passwordRepeat'

2020-09-03 14:41:11 - [TEST_STEP][PASSED] - click(findTestObject("V2/Commons/ActivationPage/input_termsandconditions")): Object: 'Object Repository/V2/Commons/ActivationPage/input_termsandconditions' is clicked on

2020-09-03 14:41:12 - [MESSAGE][PASSED] - Object: 'Object Repository/V2/Commons/ActivationPage/input_termsandconditions' is clicked on

2020-09-03 14:41:12 - [TEST_STEP][PASSED] - click(findTestObject("Object Repository/V2/Commons/ActivationPage/div_Create account")): Object: 'Object Repository/V2/Commons/ActivationPage/div_Create account' is clicked on

2020-09-03 14:41:12 - [MESSAGE][PASSED] - Object: 'Object Repository/V2/Commons/ActivationPage/div_Create account' is clicked on

2020-09-03 14:41:12 - [TEST_STEP][PASSED] - waitForElementPresent(findTestObject("V2/Commons/DasboardPage_SidebarMenu/img_Home_logo-big"), DefaultTimeout): Object 'Object Repository/V2/Commons/DasboardPage_SidebarMenu/img_Home_logo-big' is present

2020-09-03 14:41:17 - [MESSAGE][PASSED] - Object 'Object Repository/V2/Commons/DasboardPage_SidebarMenu/img_Home_logo-big' is present

2020-09-03 14:41:17 - [TEST_STEP][PASSED] - verifyElementPresent(findTestObject("V2/Commons/DasboardPage_SidebarMenu/img_Home_logo-big"), 0): Object 'Object Repository/V2/Commons/DasboardPage_SidebarMenu/img_Home_logo-big' is present

2020-09-03 14:41:17 - [MESSAGE][WARNING] - Timeout '0' is invalid. Using default page load timeout: '30'

2020-09-03 14:41:17 - [MESSAGE][PASSED] - Object 'Object Repository/V2/Commons/DasboardPage_SidebarMenu/img_Home_logo-big' is present

2020-09-03 14:41:17 - [MESSAGE][PASSED] - Call Test Case 'Test Cases/V2/Test Case/Pre-conditions/PRE_ActivateNewUser' successfully

2020-09-03 14:41:17 - [TEST_STEP][PASSED] - callTestCase(findTestCase("V2/Test Case/Pre-conditions/PRE_SkipPersonalProfileSetup"), [:], STOP_ON_FAILURE): Call Test Case 'Test Cases/V2/Test Case/Pre-conditions/PRE_SkipPersonalProfileSetup' successfully

2020-09-03 14:41:17 - [TEST_CASE][PASSED] - Test Cases/V2/Test Case/Pre-conditions/PRE_SkipPersonalProfileSetup: Test Cases/V2/Test Case/Pre-conditions/PRE_SkipPersonalProfileSetup

2020-09-03 14:41:17 - [TEST_STEP][PASSED] - waitForElementVisible(findTestObject("V2/Commons/FirstUpdateCompanyAndPersonalInfoModal/confirmPersonalInfoHeader_h1"), DefaultTimeout): Object 'Object Repository/V2/Commons/FirstUpdateCompanyAndPersonalInfoModal/confirmPersonalInfoHeader_h1' is visible

2020-09-03 14:41:18 - [MESSAGE][PASSED] - Object 'Object Repository/V2/Commons/FirstUpdateCompanyAndPersonalInfoModal/confirmPersonalInfoHeader_h1' is visible

2020-09-03 14:41:18 - [TEST_STEP][PASSED] - click(findTestObject("V2/Commons/FirstUpdateCompanyAndPersonalInfoModal/confirmInfoSkip_button")): Object: 'Object Repository/V2/Commons/FirstUpdateCompanyAndPersonalInfoModal/confirmInfoSkip_button' is clicked on

2020-09-03 14:41:18 - [MESSAGE][PASSED] - Object: 'Object Repository/V2/Commons/FirstUpdateCompanyAndPersonalInfoModal/confirmInfoSkip_button' is clicked on

2020-09-03 14:41:18 - [TEST_STEP][PASSED] - waitForElementVisible(findTestObject("V2/Commons/FirstUpdateCompanyAndPersonalInfoModal/letsGetStarted_button"), DefaultTimeout): Object 'Object Repository/V2/Commons/FirstUpdateCompanyAndPersonalInfoModal/letsGetStarted_button' is visible

2020-09-03 14:41:19 - [MESSAGE][PASSED] - Object 'Object Repository/V2/Commons/FirstUpdateCompanyAndPersonalInfoModal/letsGetStarted_button' is visible

2020-09-03 14:41:19 - [TEST_STEP][PASSED] - click(findTestObject("V2/Commons/FirstUpdateCompanyAndPersonalInfoModal/letsGetStarted_button")): Object: 'Object Repository/V2/Commons/FirstUpdateCompanyAndPersonalInfoModal/letsGetStarted_button' is clicked on

2020-09-03 14:41:20 - [MESSAGE][PASSED] - Object: 'Object Repository/V2/Commons/FirstUpdateCompanyAndPersonalInfoModal/letsGetStarted_button' is clicked on

2020-09-03 14:41:20 - [MESSAGE][PASSED] - Call Test Case 'Test Cases/V2/Test Case/Pre-conditions/PRE_SkipPersonalProfileSetup' successfully

2020-09-03 14:41:20 - [MESSAGE][PASSED] - Call Test Case 'Test Cases/V2/Test Case/Pre-conditions/PRE_RegisterAndActivateTTUsers' successfully

2020-09-03 14:41:20 - [TEST_STEP][PASSED] - closeBrowser(): Browser is closed

2020-09-03 14:41:20 - [MESSAGE][PASSED] - Browser is closed

2020-09-03 14:41:20 - [TEST_STEP][PASSED] - path = System.getProperty("user.dir"): null

2020-09-03 14:41:20 - [TEST_STEP][PASSED] - System.setProperty("webdriver.chrome.driver", "C:\Users\Aaron-PC\Documents\Traction Tools\Katalon\Katalon_Studio_Windows_64-7.6.2\Katalon_Studio_Windows_64-7.6.2\configuration\resources\drivers\chromedriver_win32\chromedriver.exe"): null

2020-09-03 14:41:20 - [TEST_STEP][PASSED] - driver1 = new org.openqa.selenium.chrome.ChromeDriver(): null

2020-09-03 14:41:24 - [TEST_STEP][PASSED] - changeWebDriver(driver1): null

2020-09-03 14:41:24 - [TEST_STEP][PASSED] - maximizeWindow(): Current window maximized

2020-09-03 14:41:26 - [MESSAGE][PASSED] - Current window maximized

2020-09-03 14:41:26 - [TEST_STEP][PASSED] - navigateToUrl(V2Url): Navigate to 'https://v2dev.traction.tools' successfully

2020-09-03 14:41:27 - [MESSAGE][PASSED] - Navigate to 'https://v2dev.traction.tools' successfully

2020-09-03 14:41:27 - [TEST_STEP][PASSED] - callTestCase(findTestCase("V2/Test Case/Pre-conditions/PRE_LoginToTractionToolsApplication"), ["username":email, "password":password], STOP_ON_FAILURE): Call Test Case 'Test Cases/V2/Test Case/Pre-conditions/PRE_LoginToTractionToolsApplication' successfully

2020-09-03 14:41:27 - [TEST_CASE][PASSED] - Test Cases/V2/Test Case/Pre-conditions/PRE_LoginToTractionToolsApplication: Test Cases/V2/Test Case/Pre-conditions/PRE_LoginToTractionToolsApplication

2020-09-03 14:41:27 - [TEST_STEP][PASSED] - setText(findTestObject("V2/Commons/LoginPage/input__username"), username): Text 'tractiontools.user001+ta54gtap@gmail.com' is set on object 'Object Repository/V2/Commons/LoginPage/input__username'

2020-09-03 14:41:34 - [MESSAGE][PASSED] - Text 'tractiontools.user001+ta54gtap@gmail.com' is set on object 'Object Repository/V2/Commons/LoginPage/input__username'

2020-09-03 14:41:34 - [TEST_STEP][PASSED] - setText(findTestObject("V2/Commons/LoginPage/input__password"), password): Text 'Qwer123!' is set on object 'Object Repository/V2/Commons/LoginPage/input__password'

2020-09-03 14:41:34 - [MESSAGE][PASSED] - Text 'Qwer123!' is set on object 'Object Repository/V2/Commons/LoginPage/input__password'

2020-09-03 14:41:34 - [TEST_STEP][PASSED] - click(findTestObject("V2/Commons/LoginPage/div_Login")): Object: 'Object Repository/V2/Commons/LoginPage/div_Login' is clicked on

2020-09-03 14:41:34 - [MESSAGE][PASSED] - Object: 'Object Repository/V2/Commons/LoginPage/div_Login' is clicked on

2020-09-03 14:41:34 - [TEST_STEP][PASSED] - waitForElementVisible(findTestObject("V2/Commons/DasboardPage_SidebarMenu/img_Home_logo-big"), DefaultTimeout): Object 'Object Repository/V2/Commons/DasboardPage_SidebarMenu/img_Home_logo-big' is visible

2020-09-03 14:41:39 - [MESSAGE][PASSED] - Object 'Object Repository/V2/Commons/DasboardPage_SidebarMenu/img_Home_logo-big' is visible

2020-09-03 14:41:39 - [TEST_STEP][PASSED] - verifyElementVisible(findTestObject("V2/Commons/DasboardPage_SidebarMenu/img_Home_logo-big"), STOP_ON_FAILURE): Object 'Object Repository/V2/Commons/DasboardPage_SidebarMenu/img_Home_logo-big' is visible

2020-09-03 14:41:39 - [MESSAGE][PASSED] - Object 'Object Repository/V2/Commons/DasboardPage_SidebarMenu/img_Home_logo-big' is visible

2020-09-03 14:41:39 - [MESSAGE][PASSED] - Call Test Case 'Test Cases/V2/Test Case/Pre-conditions/PRE_LoginToTractionToolsApplication' successfully

2020-09-03 14:41:39 - [TEST_STEP][PASSED] - driver2 = new org.openqa.selenium.chrome.ChromeDriver(): null

2020-09-03 14:41:43 - [TEST_STEP][PASSED] - changeWebDriver(driver2): null

2020-09-03 14:41:43 - [TEST_STEP][PASSED] - maximizeWindow(): Current window maximized

2020-09-03 14:41:45 - [MESSAGE][PASSED] - Current window maximized

2020-09-03 14:41:45 - [TEST_STEP][PASSED] - navigateToUrl(V2Url): Navigate to 'https://v2dev.traction.tools' successfully

2020-09-03 14:41:46 - [MESSAGE][PASSED] - Navigate to 'https://v2dev.traction.tools' successfully

2020-09-03 14:41:46 - [TEST_STEP][PASSED] - callTestCase(findTestCase("V2/Test Case/Pre-conditions/PRE_LoginToTractionToolsApplication"), ["username":supervisor_email, "password":password], STOP_ON_FAILURE): Call Test Case 'Test Cases/V2/Test Case/Pre-conditions/PRE_LoginToTractionToolsApplication' successfully

2020-09-03 14:41:46 - [TEST_CASE][PASSED] - Test Cases/V2/Test Case/Pre-conditions/PRE_LoginToTractionToolsApplication: Test Cases/V2/Test Case/Pre-conditions/PRE_LoginToTractionToolsApplication

2020-09-03 14:41:46 - [TEST_STEP][PASSED] - setText(findTestObject("V2/Commons/LoginPage/input__username"), username): Text 'tractiontools.user001+ts5ezqf8@gmail.com' is set on object 'Object Repository/V2/Commons/LoginPage/input__username'

2020-09-03 14:41:54 - [MESSAGE][PASSED] - Text 'tractiontools.user001+ts5ezqf8@gmail.com' is set on object 'Object Repository/V2/Commons/LoginPage/input__username'

2020-09-03 14:41:54 - [TEST_STEP][PASSED] - setText(findTestObject("V2/Commons/LoginPage/input__password"), password): Text 'Qwer123!' is set on object 'Object Repository/V2/Commons/LoginPage/input__password'

2020-09-03 14:41:54 - [MESSAGE][PASSED] - Text 'Qwer123!' is set on object 'Object Repository/V2/Commons/LoginPage/input__password'

2020-09-03 14:41:54 - [TEST_STEP][PASSED] - click(findTestObject("V2/Commons/LoginPage/div_Login")): Object: 'Object Repository/V2/Commons/LoginPage/div_Login' is clicked on

2020-09-03 14:41:54 - [MESSAGE][PASSED] - Object: 'Object Repository/V2/Commons/LoginPage/div_Login' is clicked on

2020-09-03 14:41:54 - [TEST_STEP][PASSED] - waitForElementVisible(findTestObject("V2/Commons/DasboardPage_SidebarMenu/img_Home_logo-big"), DefaultTimeout): Object 'Object Repository/V2/Commons/DasboardPage_SidebarMenu/img_Home_logo-big' is visible

2020-09-03 14:41:58 - [MESSAGE][PASSED] - Object 'Object Repository/V2/Commons/DasboardPage_SidebarMenu/img_Home_logo-big' is visible

2020-09-03 14:41:58 - [TEST_STEP][PASSED] - verifyElementVisible(findTestObject("V2/Commons/DasboardPage_SidebarMenu/img_Home_logo-big"), STOP_ON_FAILURE): Object 'Object Repository/V2/Commons/DasboardPage_SidebarMenu/img_Home_logo-big' is visible

2020-09-03 14:41:58 - [MESSAGE][PASSED] - Object 'Object Repository/V2/Commons/DasboardPage_SidebarMenu/img_Home_logo-big' is visible

2020-09-03 14:41:58 - [MESSAGE][PASSED] - Call Test Case 'Test Cases/V2/Test Case/Pre-conditions/PRE_LoginToTractionToolsApplication' successfully

2020-09-03 14:41:58 - [TEST_STEP][PASSED] - driver3 = new org.openqa.selenium.chrome.ChromeDriver(): null

2020-09-03 14:42:02 - [TEST_STEP][PASSED] - changeWebDriver(driver3): null

2020-09-03 14:42:02 - [TEST_STEP][PASSED] - maximizeWindow(): Current window maximized

2020-09-03 14:42:04 - [MESSAGE][PASSED] - Current window maximized

2020-09-03 14:42:04 - [TEST_STEP][PASSED] - navigateToUrl(V2Url): Navigate to 'https://v2dev.traction.tools' successfully

2020-09-03 14:42:05 - [MESSAGE][PASSED] - Navigate to 'https://v2dev.traction.tools' successfully

2020-09-03 14:42:05 - [TEST_STEP][PASSED] - callTestCase(findTestCase("V2/Test Case/Pre-conditions/PRE_LoginToTractionToolsApplication"), ["username":employee_email, "password":password], STOP_ON_FAILURE): Call Test Case 'Test Cases/V2/Test Case/Pre-conditions/PRE_LoginToTractionToolsApplication' successfully

2020-09-03 14:42:05 - [TEST_CASE][PASSED] - Test Cases/V2/Test Case/Pre-conditions/PRE_LoginToTractionToolsApplication: Test Cases/V2/Test Case/Pre-conditions/PRE_LoginToTractionToolsApplication

2020-09-03 14:42:05 - [TEST_STEP][PASSED] - setText(findTestObject("V2/Commons/LoginPage/input__username"), username): Text 'tractiontools.user001+te5s1t8r@gmail.com' is set on object 'Object Repository/V2/Commons/LoginPage/input__username'

2020-09-03 14:42:17 - [MESSAGE][PASSED] - Text 'tractiontools.user001+te5s1t8r@gmail.com' is set on object 'Object Repository/V2/Commons/LoginPage/input__username'

2020-09-03 14:42:17 - [TEST_STEP][PASSED] - setText(findTestObject("V2/Commons/LoginPage/input__password"), password): Text 'Qwer123!' is set on object 'Object Repository/V2/Commons/LoginPage/input__password'

2020-09-03 14:42:17 - [MESSAGE][PASSED] - Text 'Qwer123!' is set on object 'Object Repository/V2/Commons/LoginPage/input__password'

2020-09-03 14:42:17 - [TEST_STEP][PASSED] - click(findTestObject("V2/Commons/LoginPage/div_Login")): Object: 'Object Repository/V2/Commons/LoginPage/div_Login' is clicked on

2020-09-03 14:42:17 - [MESSAGE][PASSED] - Object: 'Object Repository/V2/Commons/LoginPage/div_Login' is clicked on

2020-09-03 14:42:17 - [TEST_STEP][PASSED] - waitForElementVisible(findTestObject("V2/Commons/DasboardPage_SidebarMenu/img_Home_logo-big"), DefaultTimeout): Object 'Object Repository/V2/Commons/DasboardPage_SidebarMenu/img_Home_logo-big' is visible

2020-09-03 14:42:26 - [MESSAGE][PASSED] - Object 'Object Repository/V2/Commons/DasboardPage_SidebarMenu/img_Home_logo-big' is visible

2020-09-03 14:42:26 - [TEST_STEP][PASSED] - verifyElementVisible(findTestObject("V2/Commons/DasboardPage_SidebarMenu/img_Home_logo-big"), STOP_ON_FAILURE): Object 'Object Repository/V2/Commons/DasboardPage_SidebarMenu/img_Home_logo-big' is visible

2020-09-03 14:42:26 - [MESSAGE][PASSED] - Object 'Object Repository/V2/Commons/DasboardPage_SidebarMenu/img_Home_logo-big' is visible

2020-09-03 14:42:26 - [MESSAGE][PASSED] - Call Test Case 'Test Cases/V2/Test Case/Pre-conditions/PRE_LoginToTractionToolsApplication' successfully

2020-09-03 14:42:26 - [TEST_STEP][PASSED] - changeWebDriver(driver1): null

2020-09-03 14:42:26 - [TEST_STEP][PASSED] - callTestCase(findTestCase("V2/Test Case/Pre-conditions/PRE_AddMilestone_Rocks"), [:], STOP_ON_FAILURE): Call Test Case 'Test Cases/V2/Test Case/Pre-conditions/PRE_AddMilestone_Rocks' successfully

2020-09-03 14:42:26 - [TEST_CASE][PASSED] - Test Cases/V2/Test Case/Pre-conditions/PRE_AddMilestone_Rocks: Test Cases/V2/Test Case/Pre-conditions/PRE_AddMilestone_Rocks

2020-09-03 14:42:26 - [TEST_STEP][PASSED] - click(findTestObject("Object Repository/V2/Commons/ManageUsersPage/span_Company Settings")): Object: 'Object Repository/V2/Commons/ManageUsersPage/span_Company Settings' is clicked on

2020-09-03 14:42:26 - [MESSAGE][PASSED] - Object: 'Object Repository/V2/Commons/ManageUsersPage/span_Company Settings' is clicked on

2020-09-03 14:42:26 - [TEST_STEP][PASSED] - click(findTestObject("V2/Commons/DasboardPage_SidebarMenu/a_Advance Settings")): Object: 'Object Repository/V2/Commons/DasboardPage_SidebarMenu/a_Advance Settings' is clicked on

2020-09-03 14:42:26 - [MESSAGE][PASSED] - Object: 'Object Repository/V2/Commons/DasboardPage_SidebarMenu/a_Advance Settings' is clicked on

2020-09-03 14:42:26 - [TEST_STEP][PASSED] - waitForElementVisible(findTestObject("V2/Commons/AdvanceSettingsPage/Add_Milestone_Toggle"), DefaultTimeout): Object 'Object Repository/V2/Commons/AdvanceSettingsPage/Add_Milestone_Toggle' is visible

2020-09-03 14:42:26 - [MESSAGE][PASSED] - Object 'Object Repository/V2/Commons/AdvanceSettingsPage/Add_Milestone_Toggle' is visible

2020-09-03 14:42:26 - [TEST_STEP][PASSED] - click(findTestObject("V2/Commons/AdvanceSettingsPage/Add_Milestone_Toggle")): Object: 'Object Repository/V2/Commons/AdvanceSettingsPage/Add_Milestone_Toggle' is clicked on

2020-09-03 14:42:26 - [MESSAGE][PASSED] - Object: 'Object Repository/V2/Commons/AdvanceSettingsPage/Add_Milestone_Toggle' is clicked on

2020-09-03 14:42:26 - [TEST_STEP][PASSED] - A_validateMilestoneChecked = getAttribute(findTestObject("V2/Commons/AdvanceSettingsPage/Verify_Milestone_Toggle"), "checked"): Attribute 'checked' of object 'Object Repository/V2/Commons/AdvanceSettingsPage/Verify_Milestone_Toggle' is: 'true'

2020-09-03 14:42:26 - [MESSAGE][PASSED] - Attribute 'checked' of object 'Object Repository/V2/Commons/AdvanceSettingsPage/Verify_Milestone_Toggle' is: 'true'

2020-09-03 14:42:26 - [TEST_STEP][PASSED] - verifyMatch(A_validateMilestoneChecked, "true", false): Actual text 'true' and expected text 'true' are matched 

2020-09-03 14:42:26 - [MESSAGE][PASSED] - Actual text 'true' and expected text 'true' are matched 

2020-09-03 14:42:26 - [TEST_STEP][PASSED] - click(findTestObject("V2/Commons/AdvanceSettingsPage/Save_Rules")): Object: 'Object Repository/V2/Commons/AdvanceSettingsPage/Save_Rules' is clicked on

2020-09-03 14:42:26 - [MESSAGE][PASSED] - Object: 'Object Repository/V2/Commons/AdvanceSettingsPage/Save_Rules' is clicked on

2020-09-03 14:42:26 - [MESSAGE][PASSED] - Call Test Case 'Test Cases/V2/Test Case/Pre-conditions/PRE_AddMilestone_Rocks' successfully

2020-09-03 14:42:26 - [TEST_STEP][PASSED] - callTestCase(findTestCase("V2/Test Case/Pre-conditions/PRE_CreateL10Meeting"), ["meetingName":meetingName, "meetingAcronym":meetingAcronym, "meetingType":meetingType, "dropdownOptions_obj":"//div[@id='CREATE_MEETING_L10']//span[text()='%s']/parent::div[@role='option']", ... ], STOP_ON_FAILURE): Call Test Case 'Test Cases/V2/Test Case/Pre-conditions/PRE_CreateL10Meeting' successfully

2020-09-03 14:42:26 - [TEST_CASE][PASSED] - Test Cases/V2/Test Case/Pre-conditions/PRE_CreateL10Meeting: Test Cases/V2/Test Case/Pre-conditions/PRE_CreateL10Meeting

2020-09-03 14:42:26 - [TEST_STEP][PASSED] - click(findTestObject("V2/Commons/DasboardPage_SidebarMenu/MeetingsMenu")): Object: 'Object Repository/V2/Commons/DasboardPage_SidebarMenu/MeetingsMenu' is clicked on

2020-09-03 14:42:27 - [MESSAGE][PASSED] - Object: 'Object Repository/V2/Commons/DasboardPage_SidebarMenu/MeetingsMenu' is clicked on

2020-09-03 14:42:27 - [TEST_STEP][PASSED] - click(findTestObject("Object Repository/V2/Commons/MeetingListPage/div_Create a meeting")): Object: 'Object Repository/V2/Commons/MeetingListPage/div_Create a meeting' is clicked on

2020-09-03 14:42:27 - [MESSAGE][PASSED] - Object: 'Object Repository/V2/Commons/MeetingListPage/div_Create a meeting' is clicked on

2020-09-03 14:42:27 - [TEST_STEP][PASSED] - click(findTestObject("Object Repository/V2/Commons/MeetingListPage/button_Level 10")): Object: 'Object Repository/V2/Commons/MeetingListPage/button_Level 10' is clicked on

2020-09-03 14:42:27 - [MESSAGE][PASSED] - Object: 'Object Repository/V2/Commons/MeetingListPage/button_Level 10' is clicked on

2020-09-03 14:42:27 - [TEST_STEP][PASSED] - waitForElementVisible(findTestObject("V2/Commons/CreateL10MeetingDrawer/input__name"), DefaultTimeout): Object 'Object Repository/V2/Commons/CreateL10MeetingDrawer/input__name' is visible

2020-09-03 14:42:28 - [MESSAGE][PASSED] - Object 'Object Repository/V2/Commons/CreateL10MeetingDrawer/input__name' is visible

2020-09-03 14:42:28 - [TEST_STEP][PASSED] - setText(findTestObject("V2/Commons/CreateL10MeetingDrawer/input__name"), meetingName): Text 'Meeting Admin' is set on object 'Object Repository/V2/Commons/CreateL10MeetingDrawer/input__name'

2020-09-03 14:42:28 - [MESSAGE][PASSED] - Text 'Meeting Admin' is set on object 'Object Repository/V2/Commons/CreateL10MeetingDrawer/input__name'

2020-09-03 14:42:28 - [TEST_STEP][PASSED] - setText(findTestObject("V2/Commons/CreateL10MeetingDrawer/input__acronym"), meetingAcronym): Text 'CL10' is set on object 'Object Repository/V2/Commons/CreateL10MeetingDrawer/input__acronym'

2020-09-03 14:42:28 - [MESSAGE][PASSED] - Text 'CL10' is set on object 'Object Repository/V2/Commons/CreateL10MeetingDrawer/input__acronym'

2020-09-03 14:42:28 - [TEST_STEP][PASSED] - click(findTestObject("V2/Commons/CreateL10MeetingDrawer/input__typeOfMeeting")): Object: 'Object Repository/V2/Commons/CreateL10MeetingDrawer/input__typeOfMeeting' is clicked on

2020-09-03 14:42:28 - [MESSAGE][PASSED] - Object: 'Object Repository/V2/Commons/CreateL10MeetingDrawer/input__typeOfMeeting' is clicked on

2020-09-03 14:42:28 - [TEST_STEP][PASSED] - meetingTypeOption_Obj = tt_CustomKeywords.CustomKeywords.CreateDynamicElement(dropdownOptions_obj, meetingType, "xpath"): Successfully created new dynamic object: //div[@id='CREATE_MEETING_L10']//span[text()='Leadership']/parent::div[@role='option']

2020-09-03 14:42:28 - [MESSAGE][PASSED] - Successfully created new dynamic object: //div[@id='CREATE_MEETING_L10']//span[text()='Leadership']/parent::div[@role='option']

2020-09-03 14:42:28 - [TEST_STEP][PASSED] - click(meetingTypeOption_Obj): Object: '' is clicked on

2020-09-03 14:42:28 - [MESSAGE][PASSED] - Object: '' is clicked on

2020-09-03 14:42:28 - [TEST_STEP][PASSED] - click(findTestObject("V2/Commons/CreateL10MeetingDrawer/div_dayOfMeetingDropdownList")): Object: 'Object Repository/V2/Commons/CreateL10MeetingDrawer/div_dayOfMeetingDropdownList' is clicked on

2020-09-03 14:42:28 - [MESSAGE][PASSED] - Object: 'Object Repository/V2/Commons/CreateL10MeetingDrawer/div_dayOfMeetingDropdownList' is clicked on

2020-09-03 14:42:28 - [TEST_STEP][PASSED] - dayOfMeetingOption_Obj = tt_CustomKeywords.CustomKeywords.CreateDynamicElement(dropdownOptions_obj, dayOfMeeting, "xpath"): Successfully created new dynamic object: //div[@id='CREATE_MEETING_L10']//span[text()='Monday']/parent::div[@role='option']

2020-09-03 14:42:28 - [MESSAGE][PASSED] - Successfully created new dynamic object: //div[@id='CREATE_MEETING_L10']//span[text()='Monday']/parent::div[@role='option']

2020-09-03 14:42:28 - [TEST_STEP][PASSED] - click(dayOfMeetingOption_Obj): Object: '' is clicked on

2020-09-03 14:42:28 - [MESSAGE][PASSED] - Object: '' is clicked on

2020-09-03 14:42:28 - [TEST_STEP][PASSED] - click(findTestObject("V2/Commons/CreateL10MeetingDrawer/input_meetingTime")): Object: 'Object Repository/V2/Commons/CreateL10MeetingDrawer/input_meetingTime' is clicked on

2020-09-03 14:42:28 - [MESSAGE][PASSED] - Object: 'Object Repository/V2/Commons/CreateL10MeetingDrawer/input_meetingTime' is clicked on

2020-09-03 14:42:28 - [TEST_STEP][PASSED] - setText(findTestObject("V2/Commons/CreateL10MeetingDrawer/input_meetingTime"), meetingTime): Text '12:00' is set on object 'Object Repository/V2/Commons/CreateL10MeetingDrawer/input_meetingTime'

2020-09-03 14:42:28 - [MESSAGE][PASSED] - Text '12:00' is set on object 'Object Repository/V2/Commons/CreateL10MeetingDrawer/input_meetingTime'

2020-09-03 14:42:28 - [TEST_STEP][PASSED] - sendKeys(findTestObject("V2/Commons/CreateL10MeetingDrawer/input_meetingTime"), Keys.chord(TAB)): Keys 'TAB + ' sent to object: 'Object Repository/V2/Commons/CreateL10MeetingDrawer/input_meetingTime'

2020-09-03 14:42:28 - [MESSAGE][PASSED] - Keys 'TAB + ' sent to object: 'Object Repository/V2/Commons/CreateL10MeetingDrawer/input_meetingTime'

2020-09-03 14:42:28 - [TEST_STEP][PASSED] - click(findTestObject("V2/Commons/CreateL10MeetingDrawer/div_Create Meeting")): Object: 'Object Repository/V2/Commons/CreateL10MeetingDrawer/div_Create Meeting' is clicked on

2020-09-03 14:42:29 - [MESSAGE][PASSED] - Object: 'Object Repository/V2/Commons/CreateL10MeetingDrawer/div_Create Meeting' is clicked on

2020-09-03 14:42:29 - [TEST_STEP][PASSED] - waitForElementVisible(findTestObject("Object Repository/V2/Commons/MeetingListPage/div_Ill do this later"), DefaultTimeout): Object 'Object Repository/V2/Commons/MeetingListPage/div_Ill do this later' is visible

2020-09-03 14:43:04 - [MESSAGE][PASSED] - Object 'Object Repository/V2/Commons/MeetingListPage/div_Ill do this later' is visible

2020-09-03 14:43:04 - [TEST_STEP][PASSED] - verifyElementVisible(findTestObject("Object Repository/V2/Commons/MeetingListPage/div_Ill do this later"), STOP_ON_FAILURE): Object 'Object Repository/V2/Commons/MeetingListPage/div_Ill do this later' is visible

2020-09-03 14:43:04 - [MESSAGE][PASSED] - Object 'Object Repository/V2/Commons/MeetingListPage/div_Ill do this later' is visible

2020-09-03 14:43:04 - [TEST_STEP][PASSED] - click(findTestObject("Object Repository/V2/Commons/MeetingListPage/div_Ill do this later")): Object: 'Object Repository/V2/Commons/MeetingListPage/div_Ill do this later' is clicked on

2020-09-03 14:43:04 - [MESSAGE][PASSED] - Object: 'Object Repository/V2/Commons/MeetingListPage/div_Ill do this later' is clicked on

2020-09-03 14:43:04 - [TEST_STEP][PASSED] - meetingRecordObj = tt_CustomKeywords.CustomKeywords.CreateDynamicElement(meetingRecord_obj, meetingName, "xpath"): Successfully created new dynamic object: //div[@class='detailscontainer__block item']/h4[text()='Meeting Admin']

2020-09-03 14:43:04 - [MESSAGE][PASSED] - Successfully created new dynamic object: //div[@class='detailscontainer__block item']/h4[text()='Meeting Admin']

2020-09-03 14:43:04 - [TEST_STEP][PASSED] - verifyElementPresent(meetingRecordObj, DefaultTimeout): Object '' is present

2020-09-03 14:43:04 - [MESSAGE][PASSED] - Object '' is present

2020-09-03 14:43:04 - [MESSAGE][PASSED] - Call Test Case 'Test Cases/V2/Test Case/Pre-conditions/PRE_CreateL10Meeting' successfully

2020-09-03 14:43:04 - [TEST_STEP][PASSED] - callTestCase(findTestCase("V2/Test Case/Tests/PR-369 - EditMeetingAgenda/Test Cases/Positive/Admin/PR_369_7_EditMeetingCreateRock_Admin"), ["userName":"jeff+075@mytractiontools.com", "passWord":"Skyline69A*", "meetingRowPosition":"3", "editMeetingMenu_Obj":"//div[@id='root']/div/div[2]/div/div/div/div[2]/div/div[%s]/div[3]/button/i", ... ], STOP_ON_FAILURE): Call Test Case 'Test Cases/V2/Test Case/Tests/PR-369 - EditMeetingAgenda/Test Cases/Positive/Admin/PR_369_7_EditMeetingCreateRock_Admin' successfully

2020-09-03 14:43:04 - [TEST_CASE][PASSED] - Test Cases/V2/Test Case/Tests/PR-369 - EditMeetingAgenda/Test Cases/Positive/Admin/PR_369_7_EditMeetingCreateRock_Admin: Test Cases/V2/Test Case/Tests/PR-369 - EditMeetingAgenda/Test Cases/Positive/Admin/PR_369_7_EditMeetingCreateRock_Admin

2020-09-03 14:43:04 - [TEST_STEP][NOT_RUN] - openBrowser(""): NOT_RUN: openBrowser("")

2020-09-03 14:43:04 - [MESSAGE][NOT_RUN] - NOT_RUN: openBrowser("")

2020-09-03 14:43:04 - [TEST_STEP][NOT_RUN] - maximizeWindow(): NOT_RUN: maximizeWindow()

2020-09-03 14:43:04 - [MESSAGE][NOT_RUN] - NOT_RUN: maximizeWindow()

2020-09-03 14:43:04 - [TEST_STEP][NOT_RUN] - navigateToUrl(V2Url): NOT_RUN: navigateToUrl(V2Url)

2020-09-03 14:43:04 - [MESSAGE][NOT_RUN] - NOT_RUN: navigateToUrl(V2Url)

2020-09-03 14:43:04 - [TEST_STEP][NOT_RUN] - setText(findTestObject("V2/PR-369/Page_Login/userName_Field"), "tractiontools.user001+ta58jzbl@gmail.com"): NOT_RUN: setText(findTestObject("V2/PR-369/Page_Login/userName_Field"), "tractiontools.user001+ta58jzbl@gmail.com")

2020-09-03 14:43:04 - [MESSAGE][NOT_RUN] - NOT_RUN: setText(findTestObject("V2/PR-369/Page_Login/userName_Field"), "tractiontools.user001+ta58jzbl@gmail.com")

2020-09-03 14:43:04 - [TEST_STEP][NOT_RUN] - setText(findTestObject("V2/PR-369/Page_Login/passWord_Field"), "Qwer123!"): NOT_RUN: setText(findTestObject("V2/PR-369/Page_Login/passWord_Field"), "Qwer123!")

2020-09-03 14:43:04 - [MESSAGE][NOT_RUN] - NOT_RUN: setText(findTestObject("V2/PR-369/Page_Login/passWord_Field"), "Qwer123!")

2020-09-03 14:43:04 - [TEST_STEP][NOT_RUN] - click(findTestObject("V2/PR-369/Page_Login/Login_Button")): NOT_RUN: click(findTestObject("V2/PR-369/Page_Login/Login_Button"))

2020-09-03 14:43:04 - [MESSAGE][NOT_RUN] - NOT_RUN: click(findTestObject("V2/PR-369/Page_Login/Login_Button"))

2020-09-03 14:43:04 - [TEST_STEP][PASSED] - waitForElementVisible(findTestObject("V2/Commons/DasboardPage_SidebarMenu/MeetingsMenu"), DefaultTimeout): Object 'Object Repository/V2/Commons/DasboardPage_SidebarMenu/MeetingsMenu' is visible

2020-09-03 14:43:04 - [MESSAGE][PASSED] - Object 'Object Repository/V2/Commons/DasboardPage_SidebarMenu/MeetingsMenu' is visible

2020-09-03 14:43:04 - [TEST_STEP][PASSED] - click(findTestObject("V2/Commons/DasboardPage_SidebarMenu/MeetingsMenu")): Object: 'Object Repository/V2/Commons/DasboardPage_SidebarMenu/MeetingsMenu' is clicked on

2020-09-03 14:43:05 - [MESSAGE][PASSED] - Object: 'Object Repository/V2/Commons/DasboardPage_SidebarMenu/MeetingsMenu' is clicked on

2020-09-03 14:43:05 - [TEST_STEP][PASSED] - meetingOpt_Obj = tt_CustomKeywords.CustomKeywords.CreateDynamicElement(meetingOptions_obj, meetingName, "xpath"): Successfully created new dynamic object: //h4[text()='Meeting Admin']/ancestor::div[contains(@class,'ListContainer')]/div[@class='listcontainer__options']/button

2020-09-03 14:43:05 - [MESSAGE][PASSED] - Successfully created new dynamic object: //h4[text()='Meeting Admin']/ancestor::div[contains(@class,'ListContainer')]/div[@class='listcontainer__options']/button

2020-09-03 14:43:05 - [TEST_STEP][PASSED] - waitForElementVisible(meetingOpt_Obj, DefaultTimeout): Object '' is visible

2020-09-03 14:43:05 - [MESSAGE][PASSED] - Object '' is visible

2020-09-03 14:43:05 - [TEST_STEP][PASSED] - click(meetingOpt_Obj): Object: '' is clicked on

2020-09-03 14:43:05 - [MESSAGE][PASSED] - Object: '' is clicked on

2020-09-03 14:43:05 - [TEST_STEP][PASSED] - click(findTestObject("V2/Commons/MeetingListPage/a_Edit meeting")): Object: 'Object Repository/V2/Commons/MeetingListPage/a_Edit meeting' is clicked on

2020-09-03 14:43:05 - [MESSAGE][PASSED] - Object: 'Object Repository/V2/Commons/MeetingListPage/a_Edit meeting' is clicked on

2020-09-03 14:43:05 - [TEST_STEP][PASSED] - waitForElementVisible(findTestObject("V2/PR-369/Edit_Meeting_Rocks/Rocks_Menu"), DefaultTimeout): Object 'Object Repository/V2/PR-369/Edit_Meeting_Rocks/Rocks_Menu' is visible

2020-09-03 14:43:06 - [MESSAGE][PASSED] - Object 'Object Repository/V2/PR-369/Edit_Meeting_Rocks/Rocks_Menu' is visible

2020-09-03 14:43:06 - [TEST_STEP][PASSED] - click(findTestObject("V2/PR-369/Edit_Meeting_Rocks/Rocks_Menu")): Object: 'Object Repository/V2/PR-369/Edit_Meeting_Rocks/Rocks_Menu' is clicked on

2020-09-03 14:43:06 - [MESSAGE][PASSED] - Object: 'Object Repository/V2/PR-369/Edit_Meeting_Rocks/Rocks_Menu' is clicked on

2020-09-03 14:43:06 - [TEST_STEP][PASSED] - click(findTestObject("V2/PR-369/Edit_Meeting_Rocks/CreateRocksButton")): Object: 'Object Repository/V2/PR-369/Edit_Meeting_Rocks/CreateRocksButton' is clicked on

2020-09-03 14:43:06 - [MESSAGE][PASSED] - Object: 'Object Repository/V2/PR-369/Edit_Meeting_Rocks/CreateRocksButton' is clicked on

2020-09-03 14:43:06 - [TEST_STEP][PASSED] - click(findTestObject("V2/PR-369/Edit_Meeting_Rocks/Create_New_Rocks")): Object: 'Object Repository/V2/PR-369/Edit_Meeting_Rocks/Create_New_Rocks' is clicked on

2020-09-03 14:43:06 - [MESSAGE][PASSED] - Object: 'Object Repository/V2/PR-369/Edit_Meeting_Rocks/Create_New_Rocks' is clicked on

2020-09-03 14:43:06 - [TEST_STEP][PASSED] - waitForElementVisible(findTestObject("V2/PR-369/Edit_Meeting_Rocks/Rock_Name_Title"), DefaultTimeout): Object 'Object Repository/V2/PR-369/Edit_Meeting_Rocks/Rock_Name_Title' is visible

2020-09-03 14:43:06 - [MESSAGE][PASSED] - Object 'Object Repository/V2/PR-369/Edit_Meeting_Rocks/Rock_Name_Title' is visible

2020-09-03 14:43:06 - [TEST_STEP][PASSED] - setText(findTestObject("V2/PR-369/Edit_Meeting_Rocks/Rock_Name_Title"), rockName): Text 'QA Edit Meeting Automation Rock Test' is set on object 'Object Repository/V2/PR-369/Edit_Meeting_Rocks/Rock_Name_Title'

2020-09-03 14:43:07 - [MESSAGE][PASSED] - Text 'QA Edit Meeting Automation Rock Test' is set on object 'Object Repository/V2/PR-369/Edit_Meeting_Rocks/Rock_Name_Title'

2020-09-03 14:43:07 - [TEST_STEP][PASSED] - click(findTestObject("V2/PR-369/Edit_Meeting_Rocks/Status_OffTrack_Rock")): Object: 'Object Repository/V2/PR-369/Edit_Meeting_Rocks/Status_OffTrack_Rock' is clicked on

2020-09-03 14:43:07 - [MESSAGE][PASSED] - Object: 'Object Repository/V2/PR-369/Edit_Meeting_Rocks/Status_OffTrack_Rock' is clicked on

2020-09-03 14:43:07 - [TEST_STEP][PASSED] - click(findTestObject("V2/PR-369/Edit_Meeting_Rocks/Accountable_Owner_Field")): Object: 'Object Repository/V2/PR-369/Edit_Meeting_Rocks/Accountable_Owner_Field' is clicked on

2020-09-03 14:43:07 - [MESSAGE][PASSED] - Object: 'Object Repository/V2/PR-369/Edit_Meeting_Rocks/Accountable_Owner_Field' is clicked on

2020-09-03 14:43:07 - [TEST_STEP][PASSED] - accountableOwner = tt_CustomKeywords.CustomKeywords.CreateDynamicElement(owner_Obj, ownerSelected, "xpath"): Successfully created new dynamic object: //div[@data-test-id='createRock']//div[@role='listbox'][@class='visible menu transition']/div[@role='option'][contains(@class,'item')]/span[text()='Admin User']

2020-09-03 14:43:07 - [MESSAGE][PASSED] - Successfully created new dynamic object: //div[@data-test-id='createRock']//div[@role='listbox'][@class='visible menu transition']/div[@role='option'][contains(@class,'item')]/span[text()='Admin User']

2020-09-03 14:43:07 - [TEST_STEP][PASSED] - click(accountableOwner): Object: '' is clicked on

2020-09-03 14:43:07 - [MESSAGE][PASSED] - Object: '' is clicked on

2020-09-03 14:43:07 - [TEST_STEP][PASSED] - click(findTestObject("V2/PR-369/Edit_Meeting_Rocks/Visibility_Level_Field")): Object: 'Object Repository/V2/PR-369/Edit_Meeting_Rocks/Visibility_Level_Field' is clicked on

2020-09-03 14:43:07 - [MESSAGE][PASSED] - Object: 'Object Repository/V2/PR-369/Edit_Meeting_Rocks/Visibility_Level_Field' is clicked on

2020-09-03 14:43:07 - [TEST_STEP][PASSED] - click(findTestObject("V2/PR-369/Edit_Meeting_Rocks/Visibility_Level_Company")): Object: 'Object Repository/V2/PR-369/Edit_Meeting_Rocks/Visibility_Level_Company' is clicked on

2020-09-03 14:43:07 - [MESSAGE][PASSED] - Object: 'Object Repository/V2/PR-369/Edit_Meeting_Rocks/Visibility_Level_Company' is clicked on

2020-09-03 14:43:07 - [TEST_STEP][PASSED] - click(findTestObject("V2/PR-369/Edit_Meeting_Rocks/Rocks_Due_Date_Field")): Object: 'Object Repository/V2/PR-369/Edit_Meeting_Rocks/Rocks_Due_Date_Field' is clicked on

2020-09-03 14:43:07 - [MESSAGE][PASSED] - Object: 'Object Repository/V2/PR-369/Edit_Meeting_Rocks/Rocks_Due_Date_Field' is clicked on

2020-09-03 14:43:07 - [TEST_STEP][PASSED] - waitForElementVisible(findTestObject("V2/PR-369/Edit_Meeting_Scorecard/A_Date29"), DefaultTimeout): Object 'Object Repository/V2/PR-369/Edit_Meeting_Scorecard/A_Date29' is visible

2020-09-03 14:43:07 - [MESSAGE][PASSED] - Object 'Object Repository/V2/PR-369/Edit_Meeting_Scorecard/A_Date29' is visible

2020-09-03 14:43:07 - [TEST_STEP][PASSED] - click(findTestObject("V2/PR-369/Edit_Meeting_Scorecard/A_Date29")): Object: 'Object Repository/V2/PR-369/Edit_Meeting_Scorecard/A_Date29' is clicked on

2020-09-03 14:43:07 - [MESSAGE][PASSED] - Object: 'Object Repository/V2/PR-369/Edit_Meeting_Scorecard/A_Date29' is clicked on

2020-09-03 14:43:07 - [TEST_STEP][PASSED] - verifyElementVisible(findTestObject("V2/PR-369/Edit_Meeting_Rocks/Verify_Notes_Section")): Object 'Object Repository/V2/PR-369/Edit_Meeting_Rocks/Verify_Notes_Section' is visible

2020-09-03 14:43:07 - [MESSAGE][PASSED] - Object 'Object Repository/V2/PR-369/Edit_Meeting_Rocks/Verify_Notes_Section' is visible

2020-09-03 14:43:07 - [TEST_STEP][PASSED] - setText(findTestObject("V2/PR-369/Edit_Meeting_Rocks/Notes_Comments"), Notes): Text 'Sample Notes' is set on object 'Object Repository/V2/PR-369/Edit_Meeting_Rocks/Notes_Comments'

2020-09-03 14:43:17 - [MESSAGE][PASSED] - Text 'Sample Notes' is set on object 'Object Repository/V2/PR-369/Edit_Meeting_Rocks/Notes_Comments'

2020-09-03 14:43:17 - [TEST_STEP][PASSED] - sendKeys(findTestObject("V2/PR-369/Edit_Meeting_Rocks/Add_Milestone_Button"), Keys.chord(PAGE_DOWN)): Keys 'PAGE_DOWN + ' sent to object: 'Object Repository/V2/PR-369/Edit_Meeting_Rocks/Add_Milestone_Button'

2020-09-03 14:43:17 - [MESSAGE][PASSED] - Keys 'PAGE_DOWN + ' sent to object: 'Object Repository/V2/PR-369/Edit_Meeting_Rocks/Add_Milestone_Button'

2020-09-03 14:43:17 - [TEST_STEP][PASSED] - click(findTestObject("V2/PR-369/Edit_Meeting_Rocks/Add_Milestone_Button")): Object: 'Object Repository/V2/PR-369/Edit_Meeting_Rocks/Add_Milestone_Button' is clicked on

2020-09-03 14:43:18 - [MESSAGE][PASSED] - Object: 'Object Repository/V2/PR-369/Edit_Meeting_Rocks/Add_Milestone_Button' is clicked on

2020-09-03 14:43:18 - [TEST_STEP][PASSED] - setText(findTestObject("V2/PR-369/Edit_Meeting_Rocks/Milestone_Text_Field"), milestoneName): Text 'Milestone 1' is set on object 'Object Repository/V2/PR-369/Edit_Meeting_Rocks/Milestone_Text_Field'

2020-09-03 14:43:18 - [MESSAGE][PASSED] - Text 'Milestone 1' is set on object 'Object Repository/V2/PR-369/Edit_Meeting_Rocks/Milestone_Text_Field'

2020-09-03 14:43:18 - [TEST_STEP][PASSED] - click(findTestObject("V2/PR-369/Edit_Meeting_Rocks/Milestone_date")): Object: 'Object Repository/V2/PR-369/Edit_Meeting_Rocks/Milestone_date' is clicked on

2020-09-03 14:43:18 - [MESSAGE][PASSED] - Object: 'Object Repository/V2/PR-369/Edit_Meeting_Rocks/Milestone_date' is clicked on

2020-09-03 14:43:18 - [TEST_STEP][PASSED] - waitForElementVisible(findTestObject("V2/PR-369/Edit_Meeting_Scorecard/A_Date29"), DefaultTimeout): Object 'Object Repository/V2/PR-369/Edit_Meeting_Scorecard/A_Date29' is visible

2020-09-03 14:43:18 - [MESSAGE][PASSED] - Object 'Object Repository/V2/PR-369/Edit_Meeting_Scorecard/A_Date29' is visible

2020-09-03 14:43:18 - [TEST_STEP][PASSED] - click(findTestObject("V2/PR-369/Edit_Meeting_Scorecard/A_Date29")): Object: 'Object Repository/V2/PR-369/Edit_Meeting_Scorecard/A_Date29' is clicked on

2020-09-03 14:43:18 - [MESSAGE][PASSED] - Object: 'Object Repository/V2/PR-369/Edit_Meeting_Scorecard/A_Date29' is clicked on

2020-09-03 14:43:18 - [TEST_STEP][PASSED] - click(findTestObject("V2/PR-369/Edit_Meeting_Rocks/Save_Button")): Object: 'Object Repository/V2/PR-369/Edit_Meeting_Rocks/Save_Button' is clicked on

2020-09-03 14:43:18 - [MESSAGE][PASSED] - Object: 'Object Repository/V2/PR-369/Edit_Meeting_Rocks/Save_Button' is clicked on

2020-09-03 14:43:18 - [TEST_STEP][PASSED] - delay(10): Delayed 10 second(s)

2020-09-03 14:43:28 - [MESSAGE][PASSED] - Delayed 10 second(s)

2020-09-03 14:43:28 - [TEST_STEP][PASSED] - verifyRocks = tt_CustomKeywords.CustomKeywords.CreateDynamicElement(verifyRocks_Obj, rockName, "xpath"): Successfully created new dynamic object: //h2[text()='Rocks']/ancestor::div[contains(@class,'CardStyles')]/div[2]//div[@data-test-id='rock.title'][contains(@class,'TextBodyStyles-sc') and text()='QA Edit Meeting Automation Rock Test']

2020-09-03 14:43:28 - [MESSAGE][PASSED] - Successfully created new dynamic object: //h2[text()='Rocks']/ancestor::div[contains(@class,'CardStyles')]/div[2]//div[@data-test-id='rock.title'][contains(@class,'TextBodyStyles-sc') and text()='QA Edit Meeting Automation Rock Test']

2020-09-03 14:43:28 - [TEST_STEP][PASSED] - verifyElementPresent(verifyRocks, DefaultTimeout): Object '' is present

2020-09-03 14:43:28 - [MESSAGE][PASSED] - Object '' is present

2020-09-03 14:43:28 - [TEST_STEP][PASSED] - verifyMilestone = tt_CustomKeywords.CustomKeywords.CreateDynamicElement(verifyMilestone_Obj, milestoneName, "xpath"): Successfully created new dynamic object: //h2[text()='Rocks']/ancestor::div[contains(@class,'CardStyles')]/div[2]//div[contains(@class,'milestoneListItem__name')]/span[text()='Milestone 1']

2020-09-03 14:43:28 - [MESSAGE][PASSED] - Successfully created new dynamic object: //h2[text()='Rocks']/ancestor::div[contains(@class,'CardStyles')]/div[2]//div[contains(@class,'milestoneListItem__name')]/span[text()='Milestone 1']

2020-09-03 14:43:28 - [TEST_STEP][PASSED] - verifyElementPresent(verifyMilestone, DefaultTimeout): Object '' is present

2020-09-03 14:43:28 - [MESSAGE][PASSED] - Object '' is present

2020-09-03 14:43:28 - [TEST_STEP][NOT_RUN] - click(verifyRocks): NOT_RUN: click(verifyRocks)

2020-09-03 14:43:28 - [MESSAGE][NOT_RUN] - NOT_RUN: click(verifyRocks)

2020-09-03 14:43:28 - [TEST_STEP][NOT_RUN] - delay(10): NOT_RUN: delay(10)

2020-09-03 14:43:28 - [MESSAGE][NOT_RUN] - NOT_RUN: delay(10)

2020-09-03 14:43:28 - [TEST_STEP][NOT_RUN] - click(findTestObject("V2/PR-369/UpdateEditMeetingRocks/Edit_Rock_Name")): NOT_RUN: click(findTestObject("V2/PR-369/UpdateEditMeetingRocks/Edit_Rock_Name"))

2020-09-03 14:43:28 - [MESSAGE][NOT_RUN] - NOT_RUN: click(findTestObject("V2/PR-369/UpdateEditMeetingRocks/Edit_Rock_Name"))

2020-09-03 14:43:28 - [TEST_STEP][NOT_RUN] - sendKeys(findTestObject("V2/PR-369/UpdateEditMeetingRocks/Edit_Rock_Name"), Keys.chord(LEFT_CONTROL, "a", BACK_SPACE)): NOT_RUN: sendKeys(findTestObject("V2/PR-369/UpdateEditMeetingRocks/Edit_Rock_Name"), Keys.chord(LEFT_CONTROL, "a", BACK_SPACE))

2020-09-03 14:43:28 - [MESSAGE][NOT_RUN] - NOT_RUN: sendKeys(findTestObject("V2/PR-369/UpdateEditMeetingRocks/Edit_Rock_Name"), Keys.chord(LEFT_CONTROL, "a", BACK_SPACE))

2020-09-03 14:43:28 - [TEST_STEP][NOT_RUN] - setText(findTestObject("V2/PR-369/UpdateEditMeetingRocks/Edit_Rock_Name"), editRockName): NOT_RUN: setText(findTestObject("V2/PR-369/UpdateEditMeetingRocks/Edit_Rock_Name"), editRockName)

2020-09-03 14:43:28 - [MESSAGE][NOT_RUN] - NOT_RUN: setText(findTestObject("V2/PR-369/UpdateEditMeetingRocks/Edit_Rock_Name"), editRockName)

2020-09-03 14:43:28 - [TEST_STEP][NOT_RUN] - click(findTestObject("V2/PR-369/UpdateEditMeetingRocks/Edit_Status_Done")): NOT_RUN: click(findTestObject("V2/PR-369/UpdateEditMeetingRocks/Edit_Status_Done"))

2020-09-03 14:43:28 - [MESSAGE][NOT_RUN] - NOT_RUN: click(findTestObject("V2/PR-369/UpdateEditMeetingRocks/Edit_Status_Done"))

2020-09-03 14:43:28 - [TEST_STEP][NOT_RUN] - click(findTestObject("V2/PR-369/UpdateEditMeetingRocks/Edit_Accountable_Owner")): NOT_RUN: click(findTestObject("V2/PR-369/UpdateEditMeetingRocks/Edit_Accountable_Owner"))

2020-09-03 14:43:28 - [MESSAGE][NOT_RUN] - NOT_RUN: click(findTestObject("V2/PR-369/UpdateEditMeetingRocks/Edit_Accountable_Owner"))

2020-09-03 14:43:28 - [TEST_STEP][NOT_RUN] - editOwner = tt_CustomKeywords.CustomKeywords.CreateDynamicElement(editOwner_Obj, editOwner, "xpath"): NOT_RUN: editOwner = tt_CustomKeywords.CustomKeywords.CreateDynamicElement(editOwner_Obj, editOwner, "xpath")

2020-09-03 14:43:28 - [MESSAGE][NOT_RUN] - NOT_RUN: editOwner = tt_CustomKeywords.CustomKeywords.CreateDynamicElement(editOwner_Obj, editOwner, "xpath")

2020-09-03 14:43:28 - [TEST_STEP][NOT_RUN] - click(editOwner): NOT_RUN: click(editOwner)

2020-09-03 14:43:28 - [MESSAGE][NOT_RUN] - NOT_RUN: click(editOwner)

2020-09-03 14:43:28 - [TEST_STEP][NOT_RUN] - click(findTestObject("V2/PR-369/UpdateEditMeetingRocks/Edit_Visibility_Level")): NOT_RUN: click(findTestObject("V2/PR-369/UpdateEditMeetingRocks/Edit_Visibility_Level"))

2020-09-03 14:43:28 - [MESSAGE][NOT_RUN] - NOT_RUN: click(findTestObject("V2/PR-369/UpdateEditMeetingRocks/Edit_Visibility_Level"))

2020-09-03 14:43:28 - [TEST_STEP][NOT_RUN] - click(findTestObject("V2/PR-369/UpdateEditMeetingRocks/Edit_Visibility_Level_Department")): NOT_RUN: click(findTestObject("V2/PR-369/UpdateEditMeetingRocks/Edit_Visibility_Level_Department"))

2020-09-03 14:43:28 - [MESSAGE][NOT_RUN] - NOT_RUN: click(findTestObject("V2/PR-369/UpdateEditMeetingRocks/Edit_Visibility_Level_Department"))

2020-09-03 14:43:28 - [TEST_STEP][NOT_RUN] - sendKeys(findTestObject("V2/PR-369/UpdateEditMeetingRocks/Edit_Milestone"), Keys.chord(LEFT_CONTROL, "a", BACK_SPACE)): NOT_RUN: sendKeys(findTestObject("V2/PR-369/UpdateEditMeetingRocks/Edit_Milestone"), Keys.chord(LEFT_CONTROL, "a", BACK_SPACE))

2020-09-03 14:43:28 - [MESSAGE][NOT_RUN] - NOT_RUN: sendKeys(findTestObject("V2/PR-369/UpdateEditMeetingRocks/Edit_Milestone"), Keys.chord(LEFT_CONTROL, "a", BACK_SPACE))

2020-09-03 14:43:28 - [TEST_STEP][NOT_RUN] - setText(findTestObject("V2/PR-369/UpdateEditMeetingRocks/Edit_Milestone"), editMilestoneName): NOT_RUN: setText(findTestObject("V2/PR-369/UpdateEditMeetingRocks/Edit_Milestone"), editMilestoneName)

2020-09-03 14:43:28 - [MESSAGE][NOT_RUN] - NOT_RUN: setText(findTestObject("V2/PR-369/UpdateEditMeetingRocks/Edit_Milestone"), editMilestoneName)

2020-09-03 14:43:28 - [TEST_STEP][NOT_RUN] - click(findTestObject("V2/PR-369/UpdateEditMeetingRocks/Done_CheckBox")): NOT_RUN: click(findTestObject("V2/PR-369/UpdateEditMeetingRocks/Done_CheckBox"))

2020-09-03 14:43:28 - [MESSAGE][NOT_RUN] - NOT_RUN: click(findTestObject("V2/PR-369/UpdateEditMeetingRocks/Done_CheckBox"))

2020-09-03 14:43:28 - [TEST_STEP][NOT_RUN] - click(findTestObject("V2/PR-369/UpdateEditMeetingRocks/Update_Button")): NOT_RUN: click(findTestObject("V2/PR-369/UpdateEditMeetingRocks/Update_Button"))

2020-09-03 14:43:28 - [MESSAGE][NOT_RUN] - NOT_RUN: click(findTestObject("V2/PR-369/UpdateEditMeetingRocks/Update_Button"))

2020-09-03 14:43:28 - [TEST_STEP][NOT_RUN] - delay(10): NOT_RUN: delay(10)

2020-09-03 14:43:28 - [MESSAGE][NOT_RUN] - NOT_RUN: delay(10)

2020-09-03 14:43:28 - [TEST_STEP][NOT_RUN] - editverifyRocks = tt_CustomKeywords.CustomKeywords.CreateDynamicElement(verifyRocks_Obj, editRockName, "xpath"): NOT_RUN: editverifyRocks = tt_CustomKeywords.CustomKeywords.CreateDynamicElement(verifyRocks_Obj, editRockName, "xpath")

2020-09-03 14:43:28 - [MESSAGE][NOT_RUN] - NOT_RUN: editverifyRocks = tt_CustomKeywords.CustomKeywords.CreateDynamicElement(verifyRocks_Obj, editRockName, "xpath")

2020-09-03 14:43:28 - [TEST_STEP][NOT_RUN] - verifyElementPresent(editverifyRocks, DefaultTimeout): NOT_RUN: verifyElementPresent(editverifyRocks, DefaultTimeout)

2020-09-03 14:43:28 - [MESSAGE][NOT_RUN] - NOT_RUN: verifyElementPresent(editverifyRocks, DefaultTimeout)

2020-09-03 14:43:28 - [TEST_STEP][NOT_RUN] - editverifyMilestone = tt_CustomKeywords.CustomKeywords.CreateDynamicElement(verifyMilestone_Obj, editMilestoneName, "xpath"): NOT_RUN: editverifyMilestone = tt_CustomKeywords.CustomKeywords.CreateDynamicElement(verifyMilestone_Obj, editMilestoneName, "xpath")

2020-09-03 14:43:28 - [MESSAGE][NOT_RUN] - NOT_RUN: editverifyMilestone = tt_CustomKeywords.CustomKeywords.CreateDynamicElement(verifyMilestone_Obj, editMilestoneName, "xpath")

2020-09-03 14:43:28 - [TEST_STEP][NOT_RUN] - verifyElementPresent(editverifyMilestone, DefaultTimeout): NOT_RUN: verifyElementPresent(editverifyMilestone, DefaultTimeout)

2020-09-03 14:43:28 - [MESSAGE][NOT_RUN] - NOT_RUN: verifyElementPresent(editverifyMilestone, DefaultTimeout)

2020-09-03 14:43:28 - [MESSAGE][PASSED] - Call Test Case 'Test Cases/V2/Test Case/Tests/PR-369 - EditMeetingAgenda/Test Cases/Positive/Admin/PR_369_7_EditMeetingCreateRock_Admin' successfully

2020-09-03 14:43:28 - [TEST_STEP][PASSED] - changeWebDriver(driver2): null

2020-09-03 14:43:28 - [TEST_STEP][PASSED] - callTestCase(findTestCase("V2/Test Case/Pre-conditions/PRE_CreateL10Meeting"), ["meetingName":meetingNameS, "meetingAcronym":meetingAcronym, "meetingType":meetingType, "dropdownOptions_obj":"//div[@id='CREATE_MEETING_L10']//span[text()='%s']/parent::div[@role='option']", ... ], STOP_ON_FAILURE): Call Test Case 'Test Cases/V2/Test Case/Pre-conditions/PRE_CreateL10Meeting' successfully

2020-09-03 14:43:29 - [TEST_CASE][PASSED] - Test Cases/V2/Test Case/Pre-conditions/PRE_CreateL10Meeting: Test Cases/V2/Test Case/Pre-conditions/PRE_CreateL10Meeting

2020-09-03 14:43:29 - [TEST_STEP][PASSED] - click(findTestObject("V2/Commons/DasboardPage_SidebarMenu/MeetingsMenu")): Object: 'Object Repository/V2/Commons/DasboardPage_SidebarMenu/MeetingsMenu' is clicked on

2020-09-03 14:43:29 - [MESSAGE][PASSED] - Object: 'Object Repository/V2/Commons/DasboardPage_SidebarMenu/MeetingsMenu' is clicked on

2020-09-03 14:43:29 - [TEST_STEP][PASSED] - click(findTestObject("Object Repository/V2/Commons/MeetingListPage/div_Create a meeting")): Object: 'Object Repository/V2/Commons/MeetingListPage/div_Create a meeting' is clicked on

2020-09-03 14:43:29 - [MESSAGE][PASSED] - Object: 'Object Repository/V2/Commons/MeetingListPage/div_Create a meeting' is clicked on

2020-09-03 14:43:29 - [TEST_STEP][PASSED] - click(findTestObject("Object Repository/V2/Commons/MeetingListPage/button_Level 10")): Object: 'Object Repository/V2/Commons/MeetingListPage/button_Level 10' is clicked on

2020-09-03 14:43:29 - [MESSAGE][PASSED] - Object: 'Object Repository/V2/Commons/MeetingListPage/button_Level 10' is clicked on

2020-09-03 14:43:29 - [TEST_STEP][PASSED] - waitForElementVisible(findTestObject("V2/Commons/CreateL10MeetingDrawer/input__name"), DefaultTimeout): Object 'Object Repository/V2/Commons/CreateL10MeetingDrawer/input__name' is visible

2020-09-03 14:43:30 - [MESSAGE][PASSED] - Object 'Object Repository/V2/Commons/CreateL10MeetingDrawer/input__name' is visible

2020-09-03 14:43:30 - [TEST_STEP][PASSED] - setText(findTestObject("V2/Commons/CreateL10MeetingDrawer/input__name"), meetingName): Text 'Meeting Supervisor' is set on object 'Object Repository/V2/Commons/CreateL10MeetingDrawer/input__name'

2020-09-03 14:43:30 - [MESSAGE][PASSED] - Text 'Meeting Supervisor' is set on object 'Object Repository/V2/Commons/CreateL10MeetingDrawer/input__name'

2020-09-03 14:43:30 - [TEST_STEP][PASSED] - setText(findTestObject("V2/Commons/CreateL10MeetingDrawer/input__acronym"), meetingAcronym): Text 'CL10' is set on object 'Object Repository/V2/Commons/CreateL10MeetingDrawer/input__acronym'

2020-09-03 14:43:30 - [MESSAGE][PASSED] - Text 'CL10' is set on object 'Object Repository/V2/Commons/CreateL10MeetingDrawer/input__acronym'

2020-09-03 14:43:30 - [TEST_STEP][PASSED] - click(findTestObject("V2/Commons/CreateL10MeetingDrawer/input__typeOfMeeting")): Object: 'Object Repository/V2/Commons/CreateL10MeetingDrawer/input__typeOfMeeting' is clicked on

2020-09-03 14:43:30 - [MESSAGE][PASSED] - Object: 'Object Repository/V2/Commons/CreateL10MeetingDrawer/input__typeOfMeeting' is clicked on

2020-09-03 14:43:30 - [TEST_STEP][PASSED] - meetingTypeOption_Obj = tt_CustomKeywords.CustomKeywords.CreateDynamicElement(dropdownOptions_obj, meetingType, "xpath"): Successfully created new dynamic object: //div[@id='CREATE_MEETING_L10']//span[text()='Leadership']/parent::div[@role='option']

2020-09-03 14:43:30 - [MESSAGE][PASSED] - Successfully created new dynamic object: //div[@id='CREATE_MEETING_L10']//span[text()='Leadership']/parent::div[@role='option']

2020-09-03 14:43:30 - [TEST_STEP][PASSED] - click(meetingTypeOption_Obj): Object: '' is clicked on

2020-09-03 14:43:30 - [MESSAGE][PASSED] - Object: '' is clicked on

2020-09-03 14:43:30 - [TEST_STEP][PASSED] - click(findTestObject("V2/Commons/CreateL10MeetingDrawer/div_dayOfMeetingDropdownList")): Object: 'Object Repository/V2/Commons/CreateL10MeetingDrawer/div_dayOfMeetingDropdownList' is clicked on

2020-09-03 14:43:30 - [MESSAGE][PASSED] - Object: 'Object Repository/V2/Commons/CreateL10MeetingDrawer/div_dayOfMeetingDropdownList' is clicked on

2020-09-03 14:43:30 - [TEST_STEP][PASSED] - dayOfMeetingOption_Obj = tt_CustomKeywords.CustomKeywords.CreateDynamicElement(dropdownOptions_obj, dayOfMeeting, "xpath"): Successfully created new dynamic object: //div[@id='CREATE_MEETING_L10']//span[text()='Monday']/parent::div[@role='option']

2020-09-03 14:43:30 - [MESSAGE][PASSED] - Successfully created new dynamic object: //div[@id='CREATE_MEETING_L10']//span[text()='Monday']/parent::div[@role='option']

2020-09-03 14:43:30 - [TEST_STEP][PASSED] - click(dayOfMeetingOption_Obj): Object: '' is clicked on

2020-09-03 14:43:30 - [MESSAGE][PASSED] - Object: '' is clicked on

2020-09-03 14:43:30 - [TEST_STEP][PASSED] - click(findTestObject("V2/Commons/CreateL10MeetingDrawer/input_meetingTime")): Object: 'Object Repository/V2/Commons/CreateL10MeetingDrawer/input_meetingTime' is clicked on

2020-09-03 14:43:30 - [MESSAGE][PASSED] - Object: 'Object Repository/V2/Commons/CreateL10MeetingDrawer/input_meetingTime' is clicked on

2020-09-03 14:43:30 - [TEST_STEP][PASSED] - setText(findTestObject("V2/Commons/CreateL10MeetingDrawer/input_meetingTime"), meetingTime): Text '12:00' is set on object 'Object Repository/V2/Commons/CreateL10MeetingDrawer/input_meetingTime'

2020-09-03 14:43:31 - [MESSAGE][PASSED] - Text '12:00' is set on object 'Object Repository/V2/Commons/CreateL10MeetingDrawer/input_meetingTime'

2020-09-03 14:43:31 - [TEST_STEP][PASSED] - sendKeys(findTestObject("V2/Commons/CreateL10MeetingDrawer/input_meetingTime"), Keys.chord(TAB)): Keys 'TAB + ' sent to object: 'Object Repository/V2/Commons/CreateL10MeetingDrawer/input_meetingTime'

2020-09-03 14:43:31 - [MESSAGE][PASSED] - Keys 'TAB + ' sent to object: 'Object Repository/V2/Commons/CreateL10MeetingDrawer/input_meetingTime'

2020-09-03 14:43:31 - [TEST_STEP][PASSED] - click(findTestObject("V2/Commons/CreateL10MeetingDrawer/div_Create Meeting")): Object: 'Object Repository/V2/Commons/CreateL10MeetingDrawer/div_Create Meeting' is clicked on

2020-09-03 14:43:31 - [MESSAGE][PASSED] - Object: 'Object Repository/V2/Commons/CreateL10MeetingDrawer/div_Create Meeting' is clicked on

2020-09-03 14:43:31 - [TEST_STEP][PASSED] - waitForElementVisible(findTestObject("Object Repository/V2/Commons/MeetingListPage/div_Ill do this later"), DefaultTimeout): Object 'Object Repository/V2/Commons/MeetingListPage/div_Ill do this later' is visible

2020-09-03 14:44:04 - [MESSAGE][PASSED] - Object 'Object Repository/V2/Commons/MeetingListPage/div_Ill do this later' is visible

2020-09-03 14:44:04 - [TEST_STEP][PASSED] - verifyElementVisible(findTestObject("Object Repository/V2/Commons/MeetingListPage/div_Ill do this later"), STOP_ON_FAILURE): Object 'Object Repository/V2/Commons/MeetingListPage/div_Ill do this later' is visible

2020-09-03 14:44:04 - [MESSAGE][PASSED] - Object 'Object Repository/V2/Commons/MeetingListPage/div_Ill do this later' is visible

2020-09-03 14:44:04 - [TEST_STEP][PASSED] - click(findTestObject("Object Repository/V2/Commons/MeetingListPage/div_Ill do this later")): Object: 'Object Repository/V2/Commons/MeetingListPage/div_Ill do this later' is clicked on

2020-09-03 14:44:05 - [MESSAGE][PASSED] - Object: 'Object Repository/V2/Commons/MeetingListPage/div_Ill do this later' is clicked on

2020-09-03 14:44:05 - [TEST_STEP][PASSED] - meetingRecordObj = tt_CustomKeywords.CustomKeywords.CreateDynamicElement(meetingRecord_obj, meetingName, "xpath"): Successfully created new dynamic object: //div[@class='detailscontainer__block item']/h4[text()='Meeting Supervisor']

2020-09-03 14:44:05 - [MESSAGE][PASSED] - Successfully created new dynamic object: //div[@class='detailscontainer__block item']/h4[text()='Meeting Supervisor']

2020-09-03 14:44:05 - [TEST_STEP][PASSED] - verifyElementPresent(meetingRecordObj, DefaultTimeout): Object '' is present

2020-09-03 14:44:05 - [MESSAGE][PASSED] - Object '' is present

2020-09-03 14:44:05 - [MESSAGE][PASSED] - Call Test Case 'Test Cases/V2/Test Case/Pre-conditions/PRE_CreateL10Meeting' successfully

2020-09-03 14:44:05 - [TEST_STEP][PASSED] - callTestCase(findTestCase("V2/Test Case/Tests/PR-369 - EditMeetingAgenda/Test Cases/Positive/Supervisor/PR_369_7_EditMeetingCreateRock_Supervisor"), ["userName":"jeff+075@mytractiontools.com", "passWord":"Skyline69A*", "meetingRowPosition":"3", "editMeetingMenu_Obj":"//div[@id='root']/div/div[2]/div/div/div/div[2]/div/div[%s]/div[3]/button/i", ... ], STOP_ON_FAILURE): Call Test Case 'Test Cases/V2/Test Case/Tests/PR-369 - EditMeetingAgenda/Test Cases/Positive/Supervisor/PR_369_7_EditMeetingCreateRock_Supervisor' successfully

2020-09-03 14:44:05 - [TEST_CASE][PASSED] - Test Cases/V2/Test Case/Tests/PR-369 - EditMeetingAgenda/Test Cases/Positive/Supervisor/PR_369_7_EditMeetingCreateRock_Supervisor: Test Cases/V2/Test Case/Tests/PR-369 - EditMeetingAgenda/Test Cases/Positive/Supervisor/PR_369_7_EditMeetingCreateRock_Supervisor

2020-09-03 14:44:05 - [TEST_STEP][NOT_RUN] - openBrowser(""): NOT_RUN: openBrowser("")

2020-09-03 14:44:05 - [MESSAGE][NOT_RUN] - NOT_RUN: openBrowser("")

2020-09-03 14:44:05 - [TEST_STEP][NOT_RUN] - maximizeWindow(): NOT_RUN: maximizeWindow()

2020-09-03 14:44:05 - [MESSAGE][NOT_RUN] - NOT_RUN: maximizeWindow()

2020-09-03 14:44:05 - [TEST_STEP][NOT_RUN] - navigateToUrl(V2Url): NOT_RUN: navigateToUrl(V2Url)

2020-09-03 14:44:05 - [MESSAGE][NOT_RUN] - NOT_RUN: navigateToUrl(V2Url)

2020-09-03 14:44:05 - [TEST_STEP][NOT_RUN] - setText(findTestObject("V2/PR-369/Page_Login/userName_Field"), "tractiontools.user001+ta58jzbl@gmail.com"): NOT_RUN: setText(findTestObject("V2/PR-369/Page_Login/userName_Field"), "tractiontools.user001+ta58jzbl@gmail.com")

2020-09-03 14:44:05 - [MESSAGE][NOT_RUN] - NOT_RUN: setText(findTestObject("V2/PR-369/Page_Login/userName_Field"), "tractiontools.user001+ta58jzbl@gmail.com")

2020-09-03 14:44:05 - [TEST_STEP][NOT_RUN] - setText(findTestObject("V2/PR-369/Page_Login/passWord_Field"), "Qwer123!"): NOT_RUN: setText(findTestObject("V2/PR-369/Page_Login/passWord_Field"), "Qwer123!")

2020-09-03 14:44:05 - [MESSAGE][NOT_RUN] - NOT_RUN: setText(findTestObject("V2/PR-369/Page_Login/passWord_Field"), "Qwer123!")

2020-09-03 14:44:05 - [TEST_STEP][NOT_RUN] - click(findTestObject("V2/PR-369/Page_Login/Login_Button")): NOT_RUN: click(findTestObject("V2/PR-369/Page_Login/Login_Button"))

2020-09-03 14:44:05 - [MESSAGE][NOT_RUN] - NOT_RUN: click(findTestObject("V2/PR-369/Page_Login/Login_Button"))

2020-09-03 14:44:05 - [TEST_STEP][PASSED] - waitForElementVisible(findTestObject("V2/Commons/DasboardPage_SidebarMenu/MeetingsMenu"), DefaultTimeout): Object 'Object Repository/V2/Commons/DasboardPage_SidebarMenu/MeetingsMenu' is visible

2020-09-03 14:44:05 - [MESSAGE][PASSED] - Object 'Object Repository/V2/Commons/DasboardPage_SidebarMenu/MeetingsMenu' is visible

2020-09-03 14:44:05 - [TEST_STEP][PASSED] - click(findTestObject("V2/Commons/DasboardPage_SidebarMenu/MeetingsMenu")): Object: 'Object Repository/V2/Commons/DasboardPage_SidebarMenu/MeetingsMenu' is clicked on

2020-09-03 14:44:05 - [MESSAGE][PASSED] - Object: 'Object Repository/V2/Commons/DasboardPage_SidebarMenu/MeetingsMenu' is clicked on

2020-09-03 14:44:05 - [TEST_STEP][PASSED] - meetingOpt_Obj = tt_CustomKeywords.CustomKeywords.CreateDynamicElement(meetingOptions_obj, meetingName, "xpath"): Successfully created new dynamic object: //h4[text()='Meeting Supervisor']/ancestor::div[contains(@class,'ListContainer')]/div[@class='listcontainer__options']/button

2020-09-03 14:44:05 - [MESSAGE][PASSED] - Successfully created new dynamic object: //h4[text()='Meeting Supervisor']/ancestor::div[contains(@class,'ListContainer')]/div[@class='listcontainer__options']/button

2020-09-03 14:44:05 - [TEST_STEP][PASSED] - waitForElementVisible(meetingOpt_Obj, DefaultTimeout): Object '' is visible

2020-09-03 14:44:05 - [MESSAGE][PASSED] - Object '' is visible

2020-09-03 14:44:05 - [TEST_STEP][PASSED] - click(meetingOpt_Obj): Object: '' is clicked on

2020-09-03 14:44:05 - [MESSAGE][PASSED] - Object: '' is clicked on

2020-09-03 14:44:05 - [TEST_STEP][PASSED] - click(findTestObject("V2/Commons/MeetingListPage/a_Edit meeting")): Object: 'Object Repository/V2/Commons/MeetingListPage/a_Edit meeting' is clicked on

2020-09-03 14:44:05 - [MESSAGE][PASSED] - Object: 'Object Repository/V2/Commons/MeetingListPage/a_Edit meeting' is clicked on

2020-09-03 14:44:05 - [TEST_STEP][PASSED] - waitForElementVisible(findTestObject("V2/PR-369/Edit_Meeting_Rocks/Rocks_Menu"), DefaultTimeout): Object 'Object Repository/V2/PR-369/Edit_Meeting_Rocks/Rocks_Menu' is visible

2020-09-03 14:44:06 - [MESSAGE][PASSED] - Object 'Object Repository/V2/PR-369/Edit_Meeting_Rocks/Rocks_Menu' is visible

2020-09-03 14:44:06 - [TEST_STEP][PASSED] - click(findTestObject("V2/PR-369/Edit_Meeting_Rocks/Rocks_Menu")): Object: 'Object Repository/V2/PR-369/Edit_Meeting_Rocks/Rocks_Menu' is clicked on

2020-09-03 14:44:06 - [MESSAGE][PASSED] - Object: 'Object Repository/V2/PR-369/Edit_Meeting_Rocks/Rocks_Menu' is clicked on

2020-09-03 14:44:06 - [TEST_STEP][PASSED] - click(findTestObject("V2/PR-369/Edit_Meeting_Rocks/CreateRocksButton")): Object: 'Object Repository/V2/PR-369/Edit_Meeting_Rocks/CreateRocksButton' is clicked on

2020-09-03 14:44:06 - [MESSAGE][PASSED] - Object: 'Object Repository/V2/PR-369/Edit_Meeting_Rocks/CreateRocksButton' is clicked on

2020-09-03 14:44:06 - [TEST_STEP][PASSED] - click(findTestObject("V2/PR-369/Edit_Meeting_Rocks/Create_New_Rocks")): Object: 'Object Repository/V2/PR-369/Edit_Meeting_Rocks/Create_New_Rocks' is clicked on

2020-09-03 14:44:07 - [MESSAGE][PASSED] - Object: 'Object Repository/V2/PR-369/Edit_Meeting_Rocks/Create_New_Rocks' is clicked on

2020-09-03 14:44:07 - [TEST_STEP][PASSED] - waitForElementVisible(findTestObject("V2/PR-369/Edit_Meeting_Rocks/Rock_Name_Title"), DefaultTimeout): Object 'Object Repository/V2/PR-369/Edit_Meeting_Rocks/Rock_Name_Title' is visible

2020-09-03 14:44:07 - [MESSAGE][PASSED] - Object 'Object Repository/V2/PR-369/Edit_Meeting_Rocks/Rock_Name_Title' is visible

2020-09-03 14:44:07 - [TEST_STEP][PASSED] - setText(findTestObject("V2/PR-369/Edit_Meeting_Rocks/Rock_Name_Title"), rockName): Text 'QA Edit Meeting Automation Rock Test' is set on object 'Object Repository/V2/PR-369/Edit_Meeting_Rocks/Rock_Name_Title'

2020-09-03 14:44:07 - [MESSAGE][PASSED] - Text 'QA Edit Meeting Automation Rock Test' is set on object 'Object Repository/V2/PR-369/Edit_Meeting_Rocks/Rock_Name_Title'

2020-09-03 14:44:07 - [TEST_STEP][PASSED] - click(findTestObject("V2/PR-369/Edit_Meeting_Rocks/Status_OffTrack_Rock")): Object: 'Object Repository/V2/PR-369/Edit_Meeting_Rocks/Status_OffTrack_Rock' is clicked on

2020-09-03 14:44:07 - [MESSAGE][PASSED] - Object: 'Object Repository/V2/PR-369/Edit_Meeting_Rocks/Status_OffTrack_Rock' is clicked on

2020-09-03 14:44:07 - [TEST_STEP][PASSED] - click(findTestObject("V2/PR-369/Edit_Meeting_Rocks/Accountable_Owner_Field")): Object: 'Object Repository/V2/PR-369/Edit_Meeting_Rocks/Accountable_Owner_Field' is clicked on

2020-09-03 14:44:07 - [MESSAGE][PASSED] - Object: 'Object Repository/V2/PR-369/Edit_Meeting_Rocks/Accountable_Owner_Field' is clicked on

2020-09-03 14:44:07 - [TEST_STEP][PASSED] - accountableOwner = tt_CustomKeywords.CustomKeywords.CreateDynamicElement(owner_Obj, ownerSelected, "xpath"): Successfully created new dynamic object: //div[@data-test-id='createRock']//div[@role='listbox'][@class='visible menu transition']/div[@role='option'][contains(@class,'item')]/span[text()='Admin User']

2020-09-03 14:44:07 - [MESSAGE][PASSED] - Successfully created new dynamic object: //div[@data-test-id='createRock']//div[@role='listbox'][@class='visible menu transition']/div[@role='option'][contains(@class,'item')]/span[text()='Admin User']

2020-09-03 14:44:07 - [TEST_STEP][PASSED] - click(accountableOwner): Object: '' is clicked on

2020-09-03 14:44:07 - [MESSAGE][PASSED] - Object: '' is clicked on

2020-09-03 14:44:07 - [TEST_STEP][PASSED] - click(findTestObject("V2/PR-369/Edit_Meeting_Rocks/Visibility_Level_Field")): Object: 'Object Repository/V2/PR-369/Edit_Meeting_Rocks/Visibility_Level_Field' is clicked on

2020-09-03 14:44:07 - [MESSAGE][PASSED] - Object: 'Object Repository/V2/PR-369/Edit_Meeting_Rocks/Visibility_Level_Field' is clicked on

2020-09-03 14:44:07 - [TEST_STEP][PASSED] - click(findTestObject("V2/PR-369/Edit_Meeting_Rocks/Visibility_Level_Company")): Object: 'Object Repository/V2/PR-369/Edit_Meeting_Rocks/Visibility_Level_Company' is clicked on

2020-09-03 14:44:07 - [MESSAGE][PASSED] - Object: 'Object Repository/V2/PR-369/Edit_Meeting_Rocks/Visibility_Level_Company' is clicked on

2020-09-03 14:44:07 - [TEST_STEP][PASSED] - click(findTestObject("V2/PR-369/Edit_Meeting_Rocks/Rocks_Due_Date_Field")): Object: 'Object Repository/V2/PR-369/Edit_Meeting_Rocks/Rocks_Due_Date_Field' is clicked on

2020-09-03 14:44:08 - [MESSAGE][PASSED] - Object: 'Object Repository/V2/PR-369/Edit_Meeting_Rocks/Rocks_Due_Date_Field' is clicked on

2020-09-03 14:44:08 - [TEST_STEP][PASSED] - waitForElementVisible(findTestObject("V2/PR-369/Edit_Meeting_Scorecard/A_Date29"), DefaultTimeout): Object 'Object Repository/V2/PR-369/Edit_Meeting_Scorecard/A_Date29' is visible

2020-09-03 14:44:08 - [MESSAGE][PASSED] - Object 'Object Repository/V2/PR-369/Edit_Meeting_Scorecard/A_Date29' is visible

2020-09-03 14:44:08 - [TEST_STEP][PASSED] - click(findTestObject("V2/PR-369/Edit_Meeting_Scorecard/A_Date29")): Object: 'Object Repository/V2/PR-369/Edit_Meeting_Scorecard/A_Date29' is clicked on

2020-09-03 14:44:08 - [MESSAGE][PASSED] - Object: 'Object Repository/V2/PR-369/Edit_Meeting_Scorecard/A_Date29' is clicked on

2020-09-03 14:44:08 - [TEST_STEP][PASSED] - verifyElementVisible(findTestObject("V2/PR-369/Edit_Meeting_Rocks/Verify_Notes_Section")): Object 'Object Repository/V2/PR-369/Edit_Meeting_Rocks/Verify_Notes_Section' is visible

2020-09-03 14:44:08 - [MESSAGE][PASSED] - Object 'Object Repository/V2/PR-369/Edit_Meeting_Rocks/Verify_Notes_Section' is visible

2020-09-03 14:44:08 - [TEST_STEP][PASSED] - setText(findTestObject("V2/PR-369/Edit_Meeting_Rocks/Notes_Comments"), Notes): Text 'Sample Notes' is set on object 'Object Repository/V2/PR-369/Edit_Meeting_Rocks/Notes_Comments'

2020-09-03 14:44:18 - [MESSAGE][PASSED] - Text 'Sample Notes' is set on object 'Object Repository/V2/PR-369/Edit_Meeting_Rocks/Notes_Comments'

2020-09-03 14:44:18 - [TEST_STEP][PASSED] - sendKeys(findTestObject("V2/PR-369/Edit_Meeting_Rocks/Add_Milestone_Button"), Keys.chord(PAGE_DOWN)): Keys 'PAGE_DOWN + ' sent to object: 'Object Repository/V2/PR-369/Edit_Meeting_Rocks/Add_Milestone_Button'

2020-09-03 14:44:18 - [MESSAGE][PASSED] - Keys 'PAGE_DOWN + ' sent to object: 'Object Repository/V2/PR-369/Edit_Meeting_Rocks/Add_Milestone_Button'

2020-09-03 14:44:18 - [TEST_STEP][PASSED] - click(findTestObject("V2/PR-369/Edit_Meeting_Rocks/Add_Milestone_Button")): Object: 'Object Repository/V2/PR-369/Edit_Meeting_Rocks/Add_Milestone_Button' is clicked on

2020-09-03 14:44:18 - [MESSAGE][PASSED] - Object: 'Object Repository/V2/PR-369/Edit_Meeting_Rocks/Add_Milestone_Button' is clicked on

2020-09-03 14:44:18 - [TEST_STEP][PASSED] - setText(findTestObject("V2/PR-369/Edit_Meeting_Rocks/Milestone_Text_Field"), milestoneName): Text 'Milestone 1' is set on object 'Object Repository/V2/PR-369/Edit_Meeting_Rocks/Milestone_Text_Field'

2020-09-03 14:44:18 - [MESSAGE][PASSED] - Text 'Milestone 1' is set on object 'Object Repository/V2/PR-369/Edit_Meeting_Rocks/Milestone_Text_Field'

2020-09-03 14:44:18 - [TEST_STEP][PASSED] - click(findTestObject("V2/PR-369/Edit_Meeting_Rocks/Milestone_date")): Object: 'Object Repository/V2/PR-369/Edit_Meeting_Rocks/Milestone_date' is clicked on

2020-09-03 14:44:18 - [MESSAGE][PASSED] - Object: 'Object Repository/V2/PR-369/Edit_Meeting_Rocks/Milestone_date' is clicked on

2020-09-03 14:44:18 - [TEST_STEP][PASSED] - waitForElementVisible(findTestObject("V2/PR-369/Edit_Meeting_Scorecard/A_Date29"), DefaultTimeout): Object 'Object Repository/V2/PR-369/Edit_Meeting_Scorecard/A_Date29' is visible

2020-09-03 14:44:18 - [MESSAGE][PASSED] - Object 'Object Repository/V2/PR-369/Edit_Meeting_Scorecard/A_Date29' is visible

2020-09-03 14:44:18 - [TEST_STEP][PASSED] - click(findTestObject("V2/PR-369/Edit_Meeting_Scorecard/A_Date29")): Object: 'Object Repository/V2/PR-369/Edit_Meeting_Scorecard/A_Date29' is clicked on

2020-09-03 14:44:18 - [MESSAGE][PASSED] - Object: 'Object Repository/V2/PR-369/Edit_Meeting_Scorecard/A_Date29' is clicked on

2020-09-03 14:44:18 - [TEST_STEP][PASSED] - click(findTestObject("V2/PR-369/Edit_Meeting_Rocks/Save_Button")): Object: 'Object Repository/V2/PR-369/Edit_Meeting_Rocks/Save_Button' is clicked on

2020-09-03 14:44:19 - [MESSAGE][PASSED] - Object: 'Object Repository/V2/PR-369/Edit_Meeting_Rocks/Save_Button' is clicked on

2020-09-03 14:44:19 - [TEST_STEP][PASSED] - delay(10): Delayed 10 second(s)

2020-09-03 14:44:29 - [MESSAGE][PASSED] - Delayed 10 second(s)

2020-09-03 14:44:29 - [TEST_STEP][PASSED] - verifyRocks = tt_CustomKeywords.CustomKeywords.CreateDynamicElement(verifyRocks_Obj, rockName, "xpath"): Successfully created new dynamic object: //h2[text()='Rocks']/ancestor::div[contains(@class,'CardStyles')]/div[2]//div[@data-test-id='rock.title'][contains(@class,'TextBodyStyles-sc') and text()='QA Edit Meeting Automation Rock Test']

2020-09-03 14:44:29 - [MESSAGE][PASSED] - Successfully created new dynamic object: //h2[text()='Rocks']/ancestor::div[contains(@class,'CardStyles')]/div[2]//div[@data-test-id='rock.title'][contains(@class,'TextBodyStyles-sc') and text()='QA Edit Meeting Automation Rock Test']

2020-09-03 14:44:29 - [TEST_STEP][PASSED] - verifyElementPresent(verifyRocks, DefaultTimeout): Object '' is present

2020-09-03 14:44:29 - [MESSAGE][PASSED] - Object '' is present

2020-09-03 14:44:29 - [TEST_STEP][PASSED] - verifyMilestone = tt_CustomKeywords.CustomKeywords.CreateDynamicElement(verifyMilestone_Obj, milestoneName, "xpath"): Successfully created new dynamic object: //h2[text()='Rocks']/ancestor::div[contains(@class,'CardStyles')]/div[2]//div[contains(@class,'milestoneListItem__name')]/span[text()='Milestone 1']

2020-09-03 14:44:29 - [MESSAGE][PASSED] - Successfully created new dynamic object: //h2[text()='Rocks']/ancestor::div[contains(@class,'CardStyles')]/div[2]//div[contains(@class,'milestoneListItem__name')]/span[text()='Milestone 1']

2020-09-03 14:44:29 - [TEST_STEP][PASSED] - verifyElementPresent(verifyMilestone, DefaultTimeout): Object '' is present

2020-09-03 14:44:29 - [MESSAGE][PASSED] - Object '' is present

2020-09-03 14:44:29 - [TEST_STEP][NOT_RUN] - click(verifyRocks): NOT_RUN: click(verifyRocks)

2020-09-03 14:44:29 - [MESSAGE][NOT_RUN] - NOT_RUN: click(verifyRocks)

2020-09-03 14:44:29 - [TEST_STEP][NOT_RUN] - delay(10): NOT_RUN: delay(10)

2020-09-03 14:44:29 - [MESSAGE][NOT_RUN] - NOT_RUN: delay(10)

2020-09-03 14:44:29 - [TEST_STEP][NOT_RUN] - click(findTestObject("V2/PR-369/UpdateEditMeetingRocks/Edit_Rock_Name")): NOT_RUN: click(findTestObject("V2/PR-369/UpdateEditMeetingRocks/Edit_Rock_Name"))

2020-09-03 14:44:29 - [MESSAGE][NOT_RUN] - NOT_RUN: click(findTestObject("V2/PR-369/UpdateEditMeetingRocks/Edit_Rock_Name"))

2020-09-03 14:44:29 - [TEST_STEP][NOT_RUN] - sendKeys(findTestObject("V2/PR-369/UpdateEditMeetingRocks/Edit_Rock_Name"), Keys.chord(LEFT_CONTROL, "a", BACK_SPACE)): NOT_RUN: sendKeys(findTestObject("V2/PR-369/UpdateEditMeetingRocks/Edit_Rock_Name"), Keys.chord(LEFT_CONTROL, "a", BACK_SPACE))

2020-09-03 14:44:29 - [MESSAGE][NOT_RUN] - NOT_RUN: sendKeys(findTestObject("V2/PR-369/UpdateEditMeetingRocks/Edit_Rock_Name"), Keys.chord(LEFT_CONTROL, "a", BACK_SPACE))

2020-09-03 14:44:29 - [TEST_STEP][NOT_RUN] - setText(findTestObject("V2/PR-369/UpdateEditMeetingRocks/Edit_Rock_Name"), editRockName): NOT_RUN: setText(findTestObject("V2/PR-369/UpdateEditMeetingRocks/Edit_Rock_Name"), editRockName)

2020-09-03 14:44:29 - [MESSAGE][NOT_RUN] - NOT_RUN: setText(findTestObject("V2/PR-369/UpdateEditMeetingRocks/Edit_Rock_Name"), editRockName)

2020-09-03 14:44:29 - [TEST_STEP][NOT_RUN] - click(findTestObject("V2/PR-369/UpdateEditMeetingRocks/Edit_Status_Done")): NOT_RUN: click(findTestObject("V2/PR-369/UpdateEditMeetingRocks/Edit_Status_Done"))

2020-09-03 14:44:29 - [MESSAGE][NOT_RUN] - NOT_RUN: click(findTestObject("V2/PR-369/UpdateEditMeetingRocks/Edit_Status_Done"))

2020-09-03 14:44:29 - [TEST_STEP][NOT_RUN] - click(findTestObject("V2/PR-369/UpdateEditMeetingRocks/Edit_Accountable_Owner")): NOT_RUN: click(findTestObject("V2/PR-369/UpdateEditMeetingRocks/Edit_Accountable_Owner"))

2020-09-03 14:44:29 - [MESSAGE][NOT_RUN] - NOT_RUN: click(findTestObject("V2/PR-369/UpdateEditMeetingRocks/Edit_Accountable_Owner"))

2020-09-03 14:44:29 - [TEST_STEP][NOT_RUN] - editOwner = tt_CustomKeywords.CustomKeywords.CreateDynamicElement(editOwner_Obj, editOwner, "xpath"): NOT_RUN: editOwner = tt_CustomKeywords.CustomKeywords.CreateDynamicElement(editOwner_Obj, editOwner, "xpath")

2020-09-03 14:44:29 - [MESSAGE][NOT_RUN] - NOT_RUN: editOwner = tt_CustomKeywords.CustomKeywords.CreateDynamicElement(editOwner_Obj, editOwner, "xpath")

2020-09-03 14:44:29 - [TEST_STEP][NOT_RUN] - click(editOwner): NOT_RUN: click(editOwner)

2020-09-03 14:44:29 - [MESSAGE][NOT_RUN] - NOT_RUN: click(editOwner)

2020-09-03 14:44:29 - [TEST_STEP][NOT_RUN] - click(findTestObject("V2/PR-369/UpdateEditMeetingRocks/Edit_Visibility_Level")): NOT_RUN: click(findTestObject("V2/PR-369/UpdateEditMeetingRocks/Edit_Visibility_Level"))

2020-09-03 14:44:29 - [MESSAGE][NOT_RUN] - NOT_RUN: click(findTestObject("V2/PR-369/UpdateEditMeetingRocks/Edit_Visibility_Level"))

2020-09-03 14:44:29 - [TEST_STEP][NOT_RUN] - click(findTestObject("V2/PR-369/UpdateEditMeetingRocks/Edit_Visibility_Level_Department")): NOT_RUN: click(findTestObject("V2/PR-369/UpdateEditMeetingRocks/Edit_Visibility_Level_Department"))

2020-09-03 14:44:29 - [MESSAGE][NOT_RUN] - NOT_RUN: click(findTestObject("V2/PR-369/UpdateEditMeetingRocks/Edit_Visibility_Level_Department"))

2020-09-03 14:44:29 - [TEST_STEP][NOT_RUN] - sendKeys(findTestObject("V2/PR-369/UpdateEditMeetingRocks/Edit_Milestone"), Keys.chord(LEFT_CONTROL, "a", BACK_SPACE)): NOT_RUN: sendKeys(findTestObject("V2/PR-369/UpdateEditMeetingRocks/Edit_Milestone"), Keys.chord(LEFT_CONTROL, "a", BACK_SPACE))

2020-09-03 14:44:29 - [MESSAGE][NOT_RUN] - NOT_RUN: sendKeys(findTestObject("V2/PR-369/UpdateEditMeetingRocks/Edit_Milestone"), Keys.chord(LEFT_CONTROL, "a", BACK_SPACE))

2020-09-03 14:44:29 - [TEST_STEP][NOT_RUN] - setText(findTestObject("V2/PR-369/UpdateEditMeetingRocks/Edit_Milestone"), editMilestoneName): NOT_RUN: setText(findTestObject("V2/PR-369/UpdateEditMeetingRocks/Edit_Milestone"), editMilestoneName)

2020-09-03 14:44:29 - [MESSAGE][NOT_RUN] - NOT_RUN: setText(findTestObject("V2/PR-369/UpdateEditMeetingRocks/Edit_Milestone"), editMilestoneName)

2020-09-03 14:44:29 - [TEST_STEP][NOT_RUN] - click(findTestObject("V2/PR-369/UpdateEditMeetingRocks/Done_CheckBox")): NOT_RUN: click(findTestObject("V2/PR-369/UpdateEditMeetingRocks/Done_CheckBox"))

2020-09-03 14:44:29 - [MESSAGE][NOT_RUN] - NOT_RUN: click(findTestObject("V2/PR-369/UpdateEditMeetingRocks/Done_CheckBox"))

2020-09-03 14:44:29 - [TEST_STEP][NOT_RUN] - click(findTestObject("V2/PR-369/UpdateEditMeetingRocks/Update_Button")): NOT_RUN: click(findTestObject("V2/PR-369/UpdateEditMeetingRocks/Update_Button"))

2020-09-03 14:44:29 - [MESSAGE][NOT_RUN] - NOT_RUN: click(findTestObject("V2/PR-369/UpdateEditMeetingRocks/Update_Button"))

2020-09-03 14:44:29 - [TEST_STEP][NOT_RUN] - delay(10): NOT_RUN: delay(10)

2020-09-03 14:44:29 - [MESSAGE][NOT_RUN] - NOT_RUN: delay(10)

2020-09-03 14:44:29 - [TEST_STEP][NOT_RUN] - editverifyRocks = tt_CustomKeywords.CustomKeywords.CreateDynamicElement(verifyRocks_Obj, editRockName, "xpath"): NOT_RUN: editverifyRocks = tt_CustomKeywords.CustomKeywords.CreateDynamicElement(verifyRocks_Obj, editRockName, "xpath")

2020-09-03 14:44:29 - [MESSAGE][NOT_RUN] - NOT_RUN: editverifyRocks = tt_CustomKeywords.CustomKeywords.CreateDynamicElement(verifyRocks_Obj, editRockName, "xpath")

2020-09-03 14:44:29 - [TEST_STEP][NOT_RUN] - verifyElementPresent(editverifyRocks, DefaultTimeout): NOT_RUN: verifyElementPresent(editverifyRocks, DefaultTimeout)

2020-09-03 14:44:29 - [MESSAGE][NOT_RUN] - NOT_RUN: verifyElementPresent(editverifyRocks, DefaultTimeout)

2020-09-03 14:44:29 - [TEST_STEP][NOT_RUN] - editverifyMilestone = tt_CustomKeywords.CustomKeywords.CreateDynamicElement(verifyMilestone_Obj, editMilestoneName, "xpath"): NOT_RUN: editverifyMilestone = tt_CustomKeywords.CustomKeywords.CreateDynamicElement(verifyMilestone_Obj, editMilestoneName, "xpath")

2020-09-03 14:44:29 - [MESSAGE][NOT_RUN] - NOT_RUN: editverifyMilestone = tt_CustomKeywords.CustomKeywords.CreateDynamicElement(verifyMilestone_Obj, editMilestoneName, "xpath")

2020-09-03 14:44:29 - [TEST_STEP][NOT_RUN] - verifyElementPresent(editverifyMilestone, DefaultTimeout): NOT_RUN: verifyElementPresent(editverifyMilestone, DefaultTimeout)

2020-09-03 14:44:29 - [MESSAGE][NOT_RUN] - NOT_RUN: verifyElementPresent(editverifyMilestone, DefaultTimeout)

2020-09-03 14:44:29 - [MESSAGE][PASSED] - Call Test Case 'Test Cases/V2/Test Case/Tests/PR-369 - EditMeetingAgenda/Test Cases/Positive/Supervisor/PR_369_7_EditMeetingCreateRock_Supervisor' successfully

2020-09-03 14:44:29 - [TEST_STEP][PASSED] - changeWebDriver(driver3): null

2020-09-03 14:44:29 - [TEST_STEP][PASSED] - callTestCase(findTestCase("V2/Test Case/Pre-conditions/PRE_CreateL10Meeting"), ["meetingName":meetingNameE, "meetingAcronym":meetingAcronym, "meetingType":meetingType, "dropdownOptions_obj":"//div[@id='CREATE_MEETING_L10']//span[text()='%s']/parent::div[@role='option']", ... ], STOP_ON_FAILURE): Call Test Case 'Test Cases/V2/Test Case/Pre-conditions/PRE_CreateL10Meeting' successfully

2020-09-03 14:44:29 - [TEST_CASE][PASSED] - Test Cases/V2/Test Case/Pre-conditions/PRE_CreateL10Meeting: Test Cases/V2/Test Case/Pre-conditions/PRE_CreateL10Meeting

2020-09-03 14:44:29 - [TEST_STEP][PASSED] - click(findTestObject("V2/Commons/DasboardPage_SidebarMenu/MeetingsMenu")): Object: 'Object Repository/V2/Commons/DasboardPage_SidebarMenu/MeetingsMenu' is clicked on

2020-09-03 14:44:29 - [MESSAGE][PASSED] - Object: 'Object Repository/V2/Commons/DasboardPage_SidebarMenu/MeetingsMenu' is clicked on

2020-09-03 14:44:29 - [TEST_STEP][PASSED] - click(findTestObject("Object Repository/V2/Commons/MeetingListPage/div_Create a meeting")): Object: 'Object Repository/V2/Commons/MeetingListPage/div_Create a meeting' is clicked on

2020-09-03 14:44:29 - [MESSAGE][PASSED] - Object: 'Object Repository/V2/Commons/MeetingListPage/div_Create a meeting' is clicked on

2020-09-03 14:44:29 - [TEST_STEP][PASSED] - click(findTestObject("Object Repository/V2/Commons/MeetingListPage/button_Level 10")): Object: 'Object Repository/V2/Commons/MeetingListPage/button_Level 10' is clicked on

2020-09-03 14:44:29 - [MESSAGE][PASSED] - Object: 'Object Repository/V2/Commons/MeetingListPage/button_Level 10' is clicked on

2020-09-03 14:44:29 - [TEST_STEP][PASSED] - waitForElementVisible(findTestObject("V2/Commons/CreateL10MeetingDrawer/input__name"), DefaultTimeout): Object 'Object Repository/V2/Commons/CreateL10MeetingDrawer/input__name' is visible

2020-09-03 14:44:30 - [MESSAGE][PASSED] - Object 'Object Repository/V2/Commons/CreateL10MeetingDrawer/input__name' is visible

2020-09-03 14:44:30 - [TEST_STEP][PASSED] - setText(findTestObject("V2/Commons/CreateL10MeetingDrawer/input__name"), meetingName): Text 'Meeting Employee' is set on object 'Object Repository/V2/Commons/CreateL10MeetingDrawer/input__name'

2020-09-03 14:44:30 - [MESSAGE][PASSED] - Text 'Meeting Employee' is set on object 'Object Repository/V2/Commons/CreateL10MeetingDrawer/input__name'

2020-09-03 14:44:30 - [TEST_STEP][PASSED] - setText(findTestObject("V2/Commons/CreateL10MeetingDrawer/input__acronym"), meetingAcronym): Text 'CL10' is set on object 'Object Repository/V2/Commons/CreateL10MeetingDrawer/input__acronym'

2020-09-03 14:44:30 - [MESSAGE][PASSED] - Text 'CL10' is set on object 'Object Repository/V2/Commons/CreateL10MeetingDrawer/input__acronym'

2020-09-03 14:44:30 - [TEST_STEP][PASSED] - click(findTestObject("V2/Commons/CreateL10MeetingDrawer/input__typeOfMeeting")): Object: 'Object Repository/V2/Commons/CreateL10MeetingDrawer/input__typeOfMeeting' is clicked on

2020-09-03 14:44:30 - [MESSAGE][PASSED] - Object: 'Object Repository/V2/Commons/CreateL10MeetingDrawer/input__typeOfMeeting' is clicked on

2020-09-03 14:44:30 - [TEST_STEP][PASSED] - meetingTypeOption_Obj = tt_CustomKeywords.CustomKeywords.CreateDynamicElement(dropdownOptions_obj, meetingType, "xpath"): Successfully created new dynamic object: //div[@id='CREATE_MEETING_L10']//span[text()='Leadership']/parent::div[@role='option']

2020-09-03 14:44:30 - [MESSAGE][PASSED] - Successfully created new dynamic object: //div[@id='CREATE_MEETING_L10']//span[text()='Leadership']/parent::div[@role='option']

2020-09-03 14:44:30 - [TEST_STEP][PASSED] - click(meetingTypeOption_Obj): Object: '' is clicked on

2020-09-03 14:44:31 - [MESSAGE][PASSED] - Object: '' is clicked on

2020-09-03 14:44:31 - [TEST_STEP][PASSED] - click(findTestObject("V2/Commons/CreateL10MeetingDrawer/div_dayOfMeetingDropdownList")): Object: 'Object Repository/V2/Commons/CreateL10MeetingDrawer/div_dayOfMeetingDropdownList' is clicked on

2020-09-03 14:44:31 - [MESSAGE][PASSED] - Object: 'Object Repository/V2/Commons/CreateL10MeetingDrawer/div_dayOfMeetingDropdownList' is clicked on

2020-09-03 14:44:31 - [TEST_STEP][PASSED] - dayOfMeetingOption_Obj = tt_CustomKeywords.CustomKeywords.CreateDynamicElement(dropdownOptions_obj, dayOfMeeting, "xpath"): Successfully created new dynamic object: //div[@id='CREATE_MEETING_L10']//span[text()='Monday']/parent::div[@role='option']

2020-09-03 14:44:31 - [MESSAGE][PASSED] - Successfully created new dynamic object: //div[@id='CREATE_MEETING_L10']//span[text()='Monday']/parent::div[@role='option']

2020-09-03 14:44:31 - [TEST_STEP][PASSED] - click(dayOfMeetingOption_Obj): Object: '' is clicked on

2020-09-03 14:44:31 - [MESSAGE][PASSED] - Object: '' is clicked on

2020-09-03 14:44:31 - [TEST_STEP][PASSED] - click(findTestObject("V2/Commons/CreateL10MeetingDrawer/input_meetingTime")): Object: 'Object Repository/V2/Commons/CreateL10MeetingDrawer/input_meetingTime' is clicked on

2020-09-03 14:44:31 - [MESSAGE][PASSED] - Object: 'Object Repository/V2/Commons/CreateL10MeetingDrawer/input_meetingTime' is clicked on

2020-09-03 14:44:31 - [TEST_STEP][PASSED] - setText(findTestObject("V2/Commons/CreateL10MeetingDrawer/input_meetingTime"), meetingTime): Text '12:00' is set on object 'Object Repository/V2/Commons/CreateL10MeetingDrawer/input_meetingTime'

2020-09-03 14:44:31 - [MESSAGE][PASSED] - Text '12:00' is set on object 'Object Repository/V2/Commons/CreateL10MeetingDrawer/input_meetingTime'

2020-09-03 14:44:31 - [TEST_STEP][PASSED] - sendKeys(findTestObject("V2/Commons/CreateL10MeetingDrawer/input_meetingTime"), Keys.chord(TAB)): Keys 'TAB + ' sent to object: 'Object Repository/V2/Commons/CreateL10MeetingDrawer/input_meetingTime'

2020-09-03 14:44:31 - [MESSAGE][PASSED] - Keys 'TAB + ' sent to object: 'Object Repository/V2/Commons/CreateL10MeetingDrawer/input_meetingTime'

2020-09-03 14:44:31 - [TEST_STEP][PASSED] - click(findTestObject("V2/Commons/CreateL10MeetingDrawer/div_Create Meeting")): Object: 'Object Repository/V2/Commons/CreateL10MeetingDrawer/div_Create Meeting' is clicked on

2020-09-03 14:44:31 - [MESSAGE][PASSED] - Object: 'Object Repository/V2/Commons/CreateL10MeetingDrawer/div_Create Meeting' is clicked on

2020-09-03 14:44:31 - [TEST_STEP][PASSED] - waitForElementVisible(findTestObject("Object Repository/V2/Commons/MeetingListPage/div_Ill do this later"), DefaultTimeout): Object 'Object Repository/V2/Commons/MeetingListPage/div_Ill do this later' is visible

2020-09-03 14:45:05 - [MESSAGE][PASSED] - Object 'Object Repository/V2/Commons/MeetingListPage/div_Ill do this later' is visible

2020-09-03 14:45:05 - [TEST_STEP][PASSED] - verifyElementVisible(findTestObject("Object Repository/V2/Commons/MeetingListPage/div_Ill do this later"), STOP_ON_FAILURE): Object 'Object Repository/V2/Commons/MeetingListPage/div_Ill do this later' is visible

2020-09-03 14:45:05 - [MESSAGE][PASSED] - Object 'Object Repository/V2/Commons/MeetingListPage/div_Ill do this later' is visible

2020-09-03 14:45:05 - [TEST_STEP][PASSED] - click(findTestObject("Object Repository/V2/Commons/MeetingListPage/div_Ill do this later")): Object: 'Object Repository/V2/Commons/MeetingListPage/div_Ill do this later' is clicked on

2020-09-03 14:45:05 - [MESSAGE][PASSED] - Object: 'Object Repository/V2/Commons/MeetingListPage/div_Ill do this later' is clicked on

2020-09-03 14:45:05 - [TEST_STEP][PASSED] - meetingRecordObj = tt_CustomKeywords.CustomKeywords.CreateDynamicElement(meetingRecord_obj, meetingName, "xpath"): Successfully created new dynamic object: //div[@class='detailscontainer__block item']/h4[text()='Meeting Employee']

2020-09-03 14:45:05 - [MESSAGE][PASSED] - Successfully created new dynamic object: //div[@class='detailscontainer__block item']/h4[text()='Meeting Employee']

2020-09-03 14:45:05 - [TEST_STEP][PASSED] - verifyElementPresent(meetingRecordObj, DefaultTimeout): Object '' is present

2020-09-03 14:45:05 - [MESSAGE][PASSED] - Object '' is present

2020-09-03 14:45:05 - [MESSAGE][PASSED] - Call Test Case 'Test Cases/V2/Test Case/Pre-conditions/PRE_CreateL10Meeting' successfully

2020-09-03 14:45:05 - [TEST_STEP][PASSED] - callTestCase(findTestCase("V2/Test Case/Tests/PR-369 - EditMeetingAgenda/Test Cases/Positive/Employee/PR_369_7_EditMeetingCreateRock_Employee"), ["userName":"jeff+075@mytractiontools.com", "passWord":"Skyline69A*", "meetingRowPosition":"3", "editMeetingMenu_Obj":"//div[@id='root']/div/div[2]/div/div/div/div[2]/div/div[%s]/div[3]/button/i", ... ], STOP_ON_FAILURE): Call Test Case 'Test Cases/V2/Test Case/Tests/PR-369 - EditMeetingAgenda/Test Cases/Positive/Employee/PR_369_7_EditMeetingCreateRock_Employee' successfully

2020-09-03 14:45:05 - [TEST_CASE][PASSED] - Test Cases/V2/Test Case/Tests/PR-369 - EditMeetingAgenda/Test Cases/Positive/Employee/PR_369_7_EditMeetingCreateRock_Employee: Test Cases/V2/Test Case/Tests/PR-369 - EditMeetingAgenda/Test Cases/Positive/Employee/PR_369_7_EditMeetingCreateRock_Employee

2020-09-03 14:45:05 - [TEST_STEP][NOT_RUN] - openBrowser(""): NOT_RUN: openBrowser("")

2020-09-03 14:45:05 - [MESSAGE][NOT_RUN] - NOT_RUN: openBrowser("")

2020-09-03 14:45:05 - [TEST_STEP][NOT_RUN] - maximizeWindow(): NOT_RUN: maximizeWindow()

2020-09-03 14:45:05 - [MESSAGE][NOT_RUN] - NOT_RUN: maximizeWindow()

2020-09-03 14:45:05 - [TEST_STEP][NOT_RUN] - navigateToUrl(V2Url): NOT_RUN: navigateToUrl(V2Url)

2020-09-03 14:45:05 - [MESSAGE][NOT_RUN] - NOT_RUN: navigateToUrl(V2Url)

2020-09-03 14:45:05 - [TEST_STEP][NOT_RUN] - setText(findTestObject("V2/PR-369/Page_Login/userName_Field"), "tractiontools.user001+ta58jzbl@gmail.com"): NOT_RUN: setText(findTestObject("V2/PR-369/Page_Login/userName_Field"), "tractiontools.user001+ta58jzbl@gmail.com")

2020-09-03 14:45:05 - [MESSAGE][NOT_RUN] - NOT_RUN: setText(findTestObject("V2/PR-369/Page_Login/userName_Field"), "tractiontools.user001+ta58jzbl@gmail.com")

2020-09-03 14:45:05 - [TEST_STEP][NOT_RUN] - setText(findTestObject("V2/PR-369/Page_Login/passWord_Field"), "Qwer123!"): NOT_RUN: setText(findTestObject("V2/PR-369/Page_Login/passWord_Field"), "Qwer123!")

2020-09-03 14:45:05 - [MESSAGE][NOT_RUN] - NOT_RUN: setText(findTestObject("V2/PR-369/Page_Login/passWord_Field"), "Qwer123!")

2020-09-03 14:45:05 - [TEST_STEP][NOT_RUN] - click(findTestObject("V2/PR-369/Page_Login/Login_Button")): NOT_RUN: click(findTestObject("V2/PR-369/Page_Login/Login_Button"))

2020-09-03 14:45:05 - [MESSAGE][NOT_RUN] - NOT_RUN: click(findTestObject("V2/PR-369/Page_Login/Login_Button"))

2020-09-03 14:45:05 - [TEST_STEP][PASSED] - waitForElementVisible(findTestObject("V2/Commons/DasboardPage_SidebarMenu/MeetingsMenu"), DefaultTimeout): Object 'Object Repository/V2/Commons/DasboardPage_SidebarMenu/MeetingsMenu' is visible

2020-09-03 14:45:05 - [MESSAGE][PASSED] - Object 'Object Repository/V2/Commons/DasboardPage_SidebarMenu/MeetingsMenu' is visible

2020-09-03 14:45:05 - [TEST_STEP][PASSED] - click(findTestObject("V2/Commons/DasboardPage_SidebarMenu/MeetingsMenu")): Object: 'Object Repository/V2/Commons/DasboardPage_SidebarMenu/MeetingsMenu' is clicked on

2020-09-03 14:45:05 - [MESSAGE][PASSED] - Object: 'Object Repository/V2/Commons/DasboardPage_SidebarMenu/MeetingsMenu' is clicked on

2020-09-03 14:45:05 - [TEST_STEP][PASSED] - meetingOpt_Obj = tt_CustomKeywords.CustomKeywords.CreateDynamicElement(meetingOptions_obj, meetingName, "xpath"): Successfully created new dynamic object: //h4[text()='Meeting Employee']/ancestor::div[contains(@class,'ListContainer')]/div[@class='listcontainer__options']/button

2020-09-03 14:45:05 - [MESSAGE][PASSED] - Successfully created new dynamic object: //h4[text()='Meeting Employee']/ancestor::div[contains(@class,'ListContainer')]/div[@class='listcontainer__options']/button

2020-09-03 14:45:05 - [TEST_STEP][PASSED] - waitForElementVisible(meetingOpt_Obj, DefaultTimeout): Object '' is visible

2020-09-03 14:45:05 - [MESSAGE][PASSED] - Object '' is visible

2020-09-03 14:45:05 - [TEST_STEP][PASSED] - click(meetingOpt_Obj): Object: '' is clicked on

2020-09-03 14:45:05 - [MESSAGE][PASSED] - Object: '' is clicked on

2020-09-03 14:45:05 - [TEST_STEP][PASSED] - click(findTestObject("V2/Commons/MeetingListPage/a_Edit meeting")): Object: 'Object Repository/V2/Commons/MeetingListPage/a_Edit meeting' is clicked on

2020-09-03 14:45:06 - [MESSAGE][PASSED] - Object: 'Object Repository/V2/Commons/MeetingListPage/a_Edit meeting' is clicked on

2020-09-03 14:45:06 - [TEST_STEP][PASSED] - waitForElementVisible(findTestObject("V2/PR-369/Edit_Meeting_Rocks/Rocks_Menu"), DefaultTimeout): Object 'Object Repository/V2/PR-369/Edit_Meeting_Rocks/Rocks_Menu' is visible

2020-09-03 14:45:07 - [MESSAGE][PASSED] - Object 'Object Repository/V2/PR-369/Edit_Meeting_Rocks/Rocks_Menu' is visible

2020-09-03 14:45:07 - [TEST_STEP][PASSED] - click(findTestObject("V2/PR-369/Edit_Meeting_Rocks/Rocks_Menu")): Object: 'Object Repository/V2/PR-369/Edit_Meeting_Rocks/Rocks_Menu' is clicked on

2020-09-03 14:45:07 - [MESSAGE][PASSED] - Object: 'Object Repository/V2/PR-369/Edit_Meeting_Rocks/Rocks_Menu' is clicked on

2020-09-03 14:45:07 - [TEST_STEP][PASSED] - click(findTestObject("V2/PR-369/Edit_Meeting_Rocks/CreateRocksButton")): Object: 'Object Repository/V2/PR-369/Edit_Meeting_Rocks/CreateRocksButton' is clicked on

2020-09-03 14:45:07 - [MESSAGE][PASSED] - Object: 'Object Repository/V2/PR-369/Edit_Meeting_Rocks/CreateRocksButton' is clicked on

2020-09-03 14:45:07 - [TEST_STEP][PASSED] - click(findTestObject("V2/PR-369/Edit_Meeting_Rocks/Create_New_Rocks")): Object: 'Object Repository/V2/PR-369/Edit_Meeting_Rocks/Create_New_Rocks' is clicked on

2020-09-03 14:45:07 - [MESSAGE][PASSED] - Object: 'Object Repository/V2/PR-369/Edit_Meeting_Rocks/Create_New_Rocks' is clicked on

2020-09-03 14:45:07 - [TEST_STEP][PASSED] - waitForElementVisible(findTestObject("V2/PR-369/Edit_Meeting_Rocks/Rock_Name_Title"), DefaultTimeout): Object 'Object Repository/V2/PR-369/Edit_Meeting_Rocks/Rock_Name_Title' is visible

2020-09-03 14:45:07 - [MESSAGE][PASSED] - Object 'Object Repository/V2/PR-369/Edit_Meeting_Rocks/Rock_Name_Title' is visible

2020-09-03 14:45:07 - [TEST_STEP][PASSED] - setText(findTestObject("V2/PR-369/Edit_Meeting_Rocks/Rock_Name_Title"), rockName): Text 'QA Edit Meeting Automation Rock Test' is set on object 'Object Repository/V2/PR-369/Edit_Meeting_Rocks/Rock_Name_Title'

2020-09-03 14:45:08 - [MESSAGE][PASSED] - Text 'QA Edit Meeting Automation Rock Test' is set on object 'Object Repository/V2/PR-369/Edit_Meeting_Rocks/Rock_Name_Title'

2020-09-03 14:45:08 - [TEST_STEP][PASSED] - click(findTestObject("V2/PR-369/Edit_Meeting_Rocks/Status_OffTrack_Rock")): Object: 'Object Repository/V2/PR-369/Edit_Meeting_Rocks/Status_OffTrack_Rock' is clicked on

2020-09-03 14:45:08 - [MESSAGE][PASSED] - Object: 'Object Repository/V2/PR-369/Edit_Meeting_Rocks/Status_OffTrack_Rock' is clicked on

2020-09-03 14:45:08 - [TEST_STEP][PASSED] - click(findTestObject("V2/PR-369/Edit_Meeting_Rocks/Accountable_Owner_Field")): Object: 'Object Repository/V2/PR-369/Edit_Meeting_Rocks/Accountable_Owner_Field' is clicked on

2020-09-03 14:45:08 - [MESSAGE][PASSED] - Object: 'Object Repository/V2/PR-369/Edit_Meeting_Rocks/Accountable_Owner_Field' is clicked on

2020-09-03 14:45:08 - [TEST_STEP][PASSED] - accountableOwner = tt_CustomKeywords.CustomKeywords.CreateDynamicElement(owner_Obj, ownerSelected, "xpath"): Successfully created new dynamic object: //div[@data-test-id='createRock']//div[@role='listbox'][@class='visible menu transition']/div[@role='option'][contains(@class,'item')]/span[text()='Admin User']

2020-09-03 14:45:08 - [MESSAGE][PASSED] - Successfully created new dynamic object: //div[@data-test-id='createRock']//div[@role='listbox'][@class='visible menu transition']/div[@role='option'][contains(@class,'item')]/span[text()='Admin User']

2020-09-03 14:45:08 - [TEST_STEP][PASSED] - click(accountableOwner): Object: '' is clicked on

2020-09-03 14:45:08 - [MESSAGE][PASSED] - Object: '' is clicked on

2020-09-03 14:45:08 - [TEST_STEP][PASSED] - click(findTestObject("V2/PR-369/Edit_Meeting_Rocks/Visibility_Level_Field")): Object: 'Object Repository/V2/PR-369/Edit_Meeting_Rocks/Visibility_Level_Field' is clicked on

2020-09-03 14:45:08 - [MESSAGE][PASSED] - Object: 'Object Repository/V2/PR-369/Edit_Meeting_Rocks/Visibility_Level_Field' is clicked on

2020-09-03 14:45:08 - [TEST_STEP][PASSED] - click(findTestObject("V2/PR-369/Edit_Meeting_Rocks/Visibility_Level_Company")): Object: 'Object Repository/V2/PR-369/Edit_Meeting_Rocks/Visibility_Level_Company' is clicked on

2020-09-03 14:45:08 - [MESSAGE][PASSED] - Object: 'Object Repository/V2/PR-369/Edit_Meeting_Rocks/Visibility_Level_Company' is clicked on

2020-09-03 14:45:08 - [TEST_STEP][PASSED] - click(findTestObject("V2/PR-369/Edit_Meeting_Rocks/Rocks_Due_Date_Field")): Object: 'Object Repository/V2/PR-369/Edit_Meeting_Rocks/Rocks_Due_Date_Field' is clicked on

2020-09-03 14:45:08 - [MESSAGE][PASSED] - Object: 'Object Repository/V2/PR-369/Edit_Meeting_Rocks/Rocks_Due_Date_Field' is clicked on

2020-09-03 14:45:08 - [TEST_STEP][PASSED] - waitForElementVisible(findTestObject("V2/PR-369/Edit_Meeting_Scorecard/A_Date29"), DefaultTimeout): Object 'Object Repository/V2/PR-369/Edit_Meeting_Scorecard/A_Date29' is visible

2020-09-03 14:45:08 - [MESSAGE][PASSED] - Object 'Object Repository/V2/PR-369/Edit_Meeting_Scorecard/A_Date29' is visible

2020-09-03 14:45:08 - [TEST_STEP][PASSED] - click(findTestObject("V2/PR-369/Edit_Meeting_Scorecard/A_Date29")): Object: 'Object Repository/V2/PR-369/Edit_Meeting_Scorecard/A_Date29' is clicked on

2020-09-03 14:45:08 - [MESSAGE][PASSED] - Object: 'Object Repository/V2/PR-369/Edit_Meeting_Scorecard/A_Date29' is clicked on

2020-09-03 14:45:08 - [TEST_STEP][PASSED] - verifyElementVisible(findTestObject("V2/PR-369/Edit_Meeting_Rocks/Verify_Notes_Section")): Object 'Object Repository/V2/PR-369/Edit_Meeting_Rocks/Verify_Notes_Section' is visible

2020-09-03 14:45:08 - [MESSAGE][PASSED] - Object 'Object Repository/V2/PR-369/Edit_Meeting_Rocks/Verify_Notes_Section' is visible

2020-09-03 14:45:08 - [TEST_STEP][PASSED] - setText(findTestObject("V2/PR-369/Edit_Meeting_Rocks/Notes_Comments"), Notes): Text 'Sample Notes' is set on object 'Object Repository/V2/PR-369/Edit_Meeting_Rocks/Notes_Comments'

2020-09-03 14:45:18 - [MESSAGE][PASSED] - Text 'Sample Notes' is set on object 'Object Repository/V2/PR-369/Edit_Meeting_Rocks/Notes_Comments'

2020-09-03 14:45:18 - [TEST_STEP][PASSED] - sendKeys(findTestObject("V2/PR-369/Edit_Meeting_Rocks/Add_Milestone_Button"), Keys.chord(PAGE_DOWN)): Keys 'PAGE_DOWN + ' sent to object: 'Object Repository/V2/PR-369/Edit_Meeting_Rocks/Add_Milestone_Button'

2020-09-03 14:45:18 - [MESSAGE][PASSED] - Keys 'PAGE_DOWN + ' sent to object: 'Object Repository/V2/PR-369/Edit_Meeting_Rocks/Add_Milestone_Button'

2020-09-03 14:45:18 - [TEST_STEP][PASSED] - click(findTestObject("V2/PR-369/Edit_Meeting_Rocks/Add_Milestone_Button")): Object: 'Object Repository/V2/PR-369/Edit_Meeting_Rocks/Add_Milestone_Button' is clicked on

2020-09-03 14:45:19 - [MESSAGE][PASSED] - Object: 'Object Repository/V2/PR-369/Edit_Meeting_Rocks/Add_Milestone_Button' is clicked on

2020-09-03 14:45:19 - [TEST_STEP][PASSED] - setText(findTestObject("V2/PR-369/Edit_Meeting_Rocks/Milestone_Text_Field"), milestoneName): Text 'Milestone 1' is set on object 'Object Repository/V2/PR-369/Edit_Meeting_Rocks/Milestone_Text_Field'

2020-09-03 14:45:19 - [MESSAGE][PASSED] - Text 'Milestone 1' is set on object 'Object Repository/V2/PR-369/Edit_Meeting_Rocks/Milestone_Text_Field'

2020-09-03 14:45:19 - [TEST_STEP][PASSED] - click(findTestObject("V2/PR-369/Edit_Meeting_Rocks/Milestone_date")): Object: 'Object Repository/V2/PR-369/Edit_Meeting_Rocks/Milestone_date' is clicked on

2020-09-03 14:45:19 - [MESSAGE][PASSED] - Object: 'Object Repository/V2/PR-369/Edit_Meeting_Rocks/Milestone_date' is clicked on

2020-09-03 14:45:19 - [TEST_STEP][PASSED] - waitForElementVisible(findTestObject("V2/PR-369/Edit_Meeting_Scorecard/A_Date29"), DefaultTimeout): Object 'Object Repository/V2/PR-369/Edit_Meeting_Scorecard/A_Date29' is visible

2020-09-03 14:45:20 - [MESSAGE][PASSED] - Object 'Object Repository/V2/PR-369/Edit_Meeting_Scorecard/A_Date29' is visible

2020-09-03 14:45:20 - [TEST_STEP][PASSED] - click(findTestObject("V2/PR-369/Edit_Meeting_Scorecard/A_Date29")): Object: 'Object Repository/V2/PR-369/Edit_Meeting_Scorecard/A_Date29' is clicked on

2020-09-03 14:45:20 - [MESSAGE][PASSED] - Object: 'Object Repository/V2/PR-369/Edit_Meeting_Scorecard/A_Date29' is clicked on

2020-09-03 14:45:20 - [TEST_STEP][PASSED] - click(findTestObject("V2/PR-369/Edit_Meeting_Rocks/Save_Button")): Object: 'Object Repository/V2/PR-369/Edit_Meeting_Rocks/Save_Button' is clicked on

2020-09-03 14:45:20 - [MESSAGE][PASSED] - Object: 'Object Repository/V2/PR-369/Edit_Meeting_Rocks/Save_Button' is clicked on

2020-09-03 14:45:20 - [TEST_STEP][PASSED] - delay(10): Delayed 10 second(s)

2020-09-03 14:45:30 - [MESSAGE][PASSED] - Delayed 10 second(s)

2020-09-03 14:45:30 - [TEST_STEP][PASSED] - verifyRocks = tt_CustomKeywords.CustomKeywords.CreateDynamicElement(verifyRocks_Obj, rockName, "xpath"): Successfully created new dynamic object: //h2[text()='Rocks']/ancestor::div[contains(@class,'CardStyles')]/div[2]//div[@data-test-id='rock.title'][contains(@class,'TextBodyStyles-sc') and text()='QA Edit Meeting Automation Rock Test']

2020-09-03 14:45:30 - [MESSAGE][PASSED] - Successfully created new dynamic object: //h2[text()='Rocks']/ancestor::div[contains(@class,'CardStyles')]/div[2]//div[@data-test-id='rock.title'][contains(@class,'TextBodyStyles-sc') and text()='QA Edit Meeting Automation Rock Test']

2020-09-03 14:45:30 - [TEST_STEP][PASSED] - verifyElementPresent(verifyRocks, DefaultTimeout): Object '' is present

2020-09-03 14:45:31 - [MESSAGE][PASSED] - Object '' is present

2020-09-03 14:45:31 - [TEST_STEP][PASSED] - verifyMilestone = tt_CustomKeywords.CustomKeywords.CreateDynamicElement(verifyMilestone_Obj, milestoneName, "xpath"): Successfully created new dynamic object: //h2[text()='Rocks']/ancestor::div[contains(@class,'CardStyles')]/div[2]//div[contains(@class,'milestoneListItem__name')]/span[text()='Milestone 1']

2020-09-03 14:45:31 - [MESSAGE][PASSED] - Successfully created new dynamic object: //h2[text()='Rocks']/ancestor::div[contains(@class,'CardStyles')]/div[2]//div[contains(@class,'milestoneListItem__name')]/span[text()='Milestone 1']

2020-09-03 14:45:31 - [TEST_STEP][PASSED] - verifyElementPresent(verifyMilestone, DefaultTimeout): Object '' is present

2020-09-03 14:45:31 - [MESSAGE][PASSED] - Object '' is present

2020-09-03 14:45:31 - [TEST_STEP][NOT_RUN] - click(verifyRocks): NOT_RUN: click(verifyRocks)

2020-09-03 14:45:31 - [MESSAGE][NOT_RUN] - NOT_RUN: click(verifyRocks)

2020-09-03 14:45:31 - [TEST_STEP][NOT_RUN] - delay(10): NOT_RUN: delay(10)

2020-09-03 14:45:31 - [MESSAGE][NOT_RUN] - NOT_RUN: delay(10)

2020-09-03 14:45:31 - [TEST_STEP][NOT_RUN] - click(findTestObject("V2/PR-369/UpdateEditMeetingRocks/Edit_Rock_Name")): NOT_RUN: click(findTestObject("V2/PR-369/UpdateEditMeetingRocks/Edit_Rock_Name"))

2020-09-03 14:45:31 - [MESSAGE][NOT_RUN] - NOT_RUN: click(findTestObject("V2/PR-369/UpdateEditMeetingRocks/Edit_Rock_Name"))

2020-09-03 14:45:31 - [TEST_STEP][NOT_RUN] - sendKeys(findTestObject("V2/PR-369/UpdateEditMeetingRocks/Edit_Rock_Name"), Keys.chord(LEFT_CONTROL, "a", BACK_SPACE)): NOT_RUN: sendKeys(findTestObject("V2/PR-369/UpdateEditMeetingRocks/Edit_Rock_Name"), Keys.chord(LEFT_CONTROL, "a", BACK_SPACE))

2020-09-03 14:45:31 - [MESSAGE][NOT_RUN] - NOT_RUN: sendKeys(findTestObject("V2/PR-369/UpdateEditMeetingRocks/Edit_Rock_Name"), Keys.chord(LEFT_CONTROL, "a", BACK_SPACE))

2020-09-03 14:45:31 - [TEST_STEP][NOT_RUN] - setText(findTestObject("V2/PR-369/UpdateEditMeetingRocks/Edit_Rock_Name"), editRockName): NOT_RUN: setText(findTestObject("V2/PR-369/UpdateEditMeetingRocks/Edit_Rock_Name"), editRockName)

2020-09-03 14:45:31 - [MESSAGE][NOT_RUN] - NOT_RUN: setText(findTestObject("V2/PR-369/UpdateEditMeetingRocks/Edit_Rock_Name"), editRockName)

2020-09-03 14:45:31 - [TEST_STEP][NOT_RUN] - click(findTestObject("V2/PR-369/UpdateEditMeetingRocks/Edit_Status_Done")): NOT_RUN: click(findTestObject("V2/PR-369/UpdateEditMeetingRocks/Edit_Status_Done"))

2020-09-03 14:45:31 - [MESSAGE][NOT_RUN] - NOT_RUN: click(findTestObject("V2/PR-369/UpdateEditMeetingRocks/Edit_Status_Done"))

2020-09-03 14:45:31 - [TEST_STEP][NOT_RUN] - click(findTestObject("V2/PR-369/UpdateEditMeetingRocks/Edit_Accountable_Owner")): NOT_RUN: click(findTestObject("V2/PR-369/UpdateEditMeetingRocks/Edit_Accountable_Owner"))

2020-09-03 14:45:31 - [MESSAGE][NOT_RUN] - NOT_RUN: click(findTestObject("V2/PR-369/UpdateEditMeetingRocks/Edit_Accountable_Owner"))

2020-09-03 14:45:31 - [TEST_STEP][NOT_RUN] - editOwner = tt_CustomKeywords.CustomKeywords.CreateDynamicElement(editOwner_Obj, editOwner, "xpath"): NOT_RUN: editOwner = tt_CustomKeywords.CustomKeywords.CreateDynamicElement(editOwner_Obj, editOwner, "xpath")

2020-09-03 14:45:31 - [MESSAGE][NOT_RUN] - NOT_RUN: editOwner = tt_CustomKeywords.CustomKeywords.CreateDynamicElement(editOwner_Obj, editOwner, "xpath")

2020-09-03 14:45:31 - [TEST_STEP][NOT_RUN] - click(editOwner): NOT_RUN: click(editOwner)

2020-09-03 14:45:31 - [MESSAGE][NOT_RUN] - NOT_RUN: click(editOwner)

2020-09-03 14:45:31 - [TEST_STEP][NOT_RUN] - click(findTestObject("V2/PR-369/UpdateEditMeetingRocks/Edit_Visibility_Level")): NOT_RUN: click(findTestObject("V2/PR-369/UpdateEditMeetingRocks/Edit_Visibility_Level"))

2020-09-03 14:45:31 - [MESSAGE][NOT_RUN] - NOT_RUN: click(findTestObject("V2/PR-369/UpdateEditMeetingRocks/Edit_Visibility_Level"))

2020-09-03 14:45:31 - [TEST_STEP][NOT_RUN] - click(findTestObject("V2/PR-369/UpdateEditMeetingRocks/Edit_Visibility_Level_Department")): NOT_RUN: click(findTestObject("V2/PR-369/UpdateEditMeetingRocks/Edit_Visibility_Level_Department"))

2020-09-03 14:45:31 - [MESSAGE][NOT_RUN] - NOT_RUN: click(findTestObject("V2/PR-369/UpdateEditMeetingRocks/Edit_Visibility_Level_Department"))

2020-09-03 14:45:31 - [TEST_STEP][NOT_RUN] - sendKeys(findTestObject("V2/PR-369/UpdateEditMeetingRocks/Edit_Milestone"), Keys.chord(LEFT_CONTROL, "a", BACK_SPACE)): NOT_RUN: sendKeys(findTestObject("V2/PR-369/UpdateEditMeetingRocks/Edit_Milestone"), Keys.chord(LEFT_CONTROL, "a", BACK_SPACE))

2020-09-03 14:45:31 - [MESSAGE][NOT_RUN] - NOT_RUN: sendKeys(findTestObject("V2/PR-369/UpdateEditMeetingRocks/Edit_Milestone"), Keys.chord(LEFT_CONTROL, "a", BACK_SPACE))

2020-09-03 14:45:31 - [TEST_STEP][NOT_RUN] - setText(findTestObject("V2/PR-369/UpdateEditMeetingRocks/Edit_Milestone"), editMilestoneName): NOT_RUN: setText(findTestObject("V2/PR-369/UpdateEditMeetingRocks/Edit_Milestone"), editMilestoneName)

2020-09-03 14:45:31 - [MESSAGE][NOT_RUN] - NOT_RUN: setText(findTestObject("V2/PR-369/UpdateEditMeetingRocks/Edit_Milestone"), editMilestoneName)

2020-09-03 14:45:31 - [TEST_STEP][NOT_RUN] - click(findTestObject("V2/PR-369/UpdateEditMeetingRocks/Done_CheckBox")): NOT_RUN: click(findTestObject("V2/PR-369/UpdateEditMeetingRocks/Done_CheckBox"))

2020-09-03 14:45:31 - [MESSAGE][NOT_RUN] - NOT_RUN: click(findTestObject("V2/PR-369/UpdateEditMeetingRocks/Done_CheckBox"))

2020-09-03 14:45:31 - [TEST_STEP][NOT_RUN] - click(findTestObject("V2/PR-369/UpdateEditMeetingRocks/Update_Button")): NOT_RUN: click(findTestObject("V2/PR-369/UpdateEditMeetingRocks/Update_Button"))

2020-09-03 14:45:31 - [MESSAGE][NOT_RUN] - NOT_RUN: click(findTestObject("V2/PR-369/UpdateEditMeetingRocks/Update_Button"))

2020-09-03 14:45:31 - [TEST_STEP][NOT_RUN] - delay(10): NOT_RUN: delay(10)

2020-09-03 14:45:31 - [MESSAGE][NOT_RUN] - NOT_RUN: delay(10)

2020-09-03 14:45:31 - [TEST_STEP][NOT_RUN] - editverifyRocks = tt_CustomKeywords.CustomKeywords.CreateDynamicElement(verifyRocks_Obj, editRockName, "xpath"): NOT_RUN: editverifyRocks = tt_CustomKeywords.CustomKeywords.CreateDynamicElement(verifyRocks_Obj, editRockName, "xpath")

2020-09-03 14:45:31 - [MESSAGE][NOT_RUN] - NOT_RUN: editverifyRocks = tt_CustomKeywords.CustomKeywords.CreateDynamicElement(verifyRocks_Obj, editRockName, "xpath")

2020-09-03 14:45:31 - [TEST_STEP][NOT_RUN] - verifyElementPresent(editverifyRocks, DefaultTimeout): NOT_RUN: verifyElementPresent(editverifyRocks, DefaultTimeout)

2020-09-03 14:45:31 - [MESSAGE][NOT_RUN] - NOT_RUN: verifyElementPresent(editverifyRocks, DefaultTimeout)

2020-09-03 14:45:31 - [TEST_STEP][NOT_RUN] - editverifyMilestone = tt_CustomKeywords.CustomKeywords.CreateDynamicElement(verifyMilestone_Obj, editMilestoneName, "xpath"): NOT_RUN: editverifyMilestone = tt_CustomKeywords.CustomKeywords.CreateDynamicElement(verifyMilestone_Obj, editMilestoneName, "xpath")

2020-09-03 14:45:31 - [MESSAGE][NOT_RUN] - NOT_RUN: editverifyMilestone = tt_CustomKeywords.CustomKeywords.CreateDynamicElement(verifyMilestone_Obj, editMilestoneName, "xpath")

2020-09-03 14:45:31 - [TEST_STEP][NOT_RUN] - verifyElementPresent(editverifyMilestone, DefaultTimeout): NOT_RUN: verifyElementPresent(editverifyMilestone, DefaultTimeout)

2020-09-03 14:45:31 - [MESSAGE][NOT_RUN] - NOT_RUN: verifyElementPresent(editverifyMilestone, DefaultTimeout)

2020-09-03 14:45:31 - [MESSAGE][PASSED] - Call Test Case 'Test Cases/V2/Test Case/Tests/PR-369 - EditMeetingAgenda/Test Cases/Positive/Employee/PR_369_7_EditMeetingCreateRock_Employee' successfully

2020-09-03 14:45:31 - [TEST_STEP][PASSED] - tt_CustomKeywords.CustomKeywords.CloseWebDriver(driver3): tt_CustomKeywords.CustomKeywords.CloseWebDriver is PASSED

2020-09-03 14:45:36 - [MESSAGE][PASSED] - tt_CustomKeywords.CustomKeywords.CloseWebDriver is PASSED

2020-09-03 14:45:36 - [TEST_STEP][PASSED] - tt_CustomKeywords.CustomKeywords.CloseWebDriver(driver2): tt_CustomKeywords.CustomKeywords.CloseWebDriver is PASSED

2020-09-03 14:45:41 - [MESSAGE][PASSED] - tt_CustomKeywords.CustomKeywords.CloseWebDriver is PASSED

2020-09-03 14:45:41 - [TEST_STEP][PASSED] - tt_CustomKeywords.CustomKeywords.CloseWebDriver(driver1): tt_CustomKeywords.CustomKeywords.CloseWebDriver is PASSED

2020-09-03 14:45:45 - [MESSAGE][PASSED] - tt_CustomKeywords.CustomKeywords.CloseWebDriver is PASSED]]></system-out>
         <system-err><![CDATA[]]></system-err>
      </testcase>
      <testcase name="Test Cases/V2/Test Case/Tests/PR-369 - EditMeetingAgenda/Test Cases/Positive/TT_369_2_CreateRock_AllTestCase" time="10.234" classname="Test Cases/V2/Test Case/Tests/PR-369 - EditMeetingAgenda/Test Cases/Positive/TT_369_2_CreateRock_AllTestCase" status="FAILED">
         <failure type="FAILED" message="Test Cases/V2/Test Case/Tests/PR-369 - EditMeetingAgenda/Test Cases/Positive/TT_369_2_CreateRock_AllTestCase FAILED.
Reason:
com.kms.katalon.core.exception.StepFailedException: Call Test Case 'Test Cases/V2/Test Case/Pre-conditions/PRE_RegisterAndActivateTTUsers' failed
	at com.kms.katalon.core.keyword.builtin.CallTestCaseKeyword$_callTestCase_closure1.doCall(CallTestCaseKeyword.groovy:63)
	at com.kms.katalon.core.keyword.builtin.CallTestCaseKeyword$_callTestCase_closure1.call(CallTestCaseKeyword.groovy)
	at com.kms.katalon.core.keyword.internal.KeywordMain.runKeyword(KeywordMain.groovy:68)
	at com.kms.katalon.core.keyword.builtin.CallTestCaseKeyword.callTestCase(CallTestCaseKeyword.groovy:81)
	at com.kms.katalon.core.keyword.builtin.CallTestCaseKeyword.execute(CallTestCaseKeyword.groovy:44)
	at com.kms.katalon.core.keyword.internal.KeywordExecutor.executeKeywordForPlatform(KeywordExecutor.groovy:73)
	at com.kms.katalon.core.keyword.BuiltinKeywords.callTestCase(BuiltinKeywords.groovy:334)
	at TT_369_2_CreateRock_AllTestCase.run(TT_369_2_CreateRock_AllTestCase:22)
	at com.kms.katalon.core.main.ScriptEngine.run(ScriptEngine.java:194)
	at com.kms.katalon.core.main.ScriptEngine.runScriptAsRawText(ScriptEngine.java:119)
	at com.kms.katalon.core.main.TestCaseExecutor.runScript(TestCaseExecutor.java:339)
	at com.kms.katalon.core.main.TestCaseExecutor.doExecute(TestCaseExecutor.java:330)
	at com.kms.katalon.core.main.TestCaseExecutor.processExecutionPhase(TestCaseExecutor.java:309)
	at com.kms.katalon.core.main.TestCaseExecutor.accessMainPhase(TestCaseExecutor.java:301)
	at com.kms.katalon.core.main.TestCaseExecutor.execute(TestCaseExecutor.java:235)
	at com.kms.katalon.core.main.TestSuiteExecutor.accessTestCaseMainPhase(TestSuiteExecutor.java:191)
	at com.kms.katalon.core.main.TestSuiteExecutor.accessTestSuiteMainPhase(TestSuiteExecutor.java:141)
	at com.kms.katalon.core.main.TestSuiteExecutor.execute(TestSuiteExecutor.java:90)
	at com.kms.katalon.core.main.TestCaseMain.startTestSuite(TestCaseMain.java:157)
	at com.kms.katalon.core.main.TestCaseMain$startTestSuite$0.call(Unknown Source)
	at TempTestSuite1599114921433.run(TempTestSuite1599114921433.groovy:39)
Caused by: com.kms.katalon.core.exception.StepFailedException: FAILED register and activate the user via API.
	at com.kms.katalon.core.util.KeywordUtil.markFailed(KeywordUtil.java:19)
	at com.kms.katalon.core.util.KeywordUtil$markFailed$0.call(Unknown Source)
	at tt_CustomKeywords.CustomKeywords.RegisterUserViaAPIAndGenerateActivateURL(CustomKeywords.groovy:414)
	at tt_CustomKeywords.CustomKeywords.invokeMethod(CustomKeywords.groovy)
	at com.kms.katalon.core.main.CustomKeywordDelegatingMetaClass.invokeStaticMethod(CustomKeywordDelegatingMetaClass.java:50)
	at PRE_RegisterAndActivateTTUsers.run(PRE_RegisterAndActivateTTUsers:30)
	at com.kms.katalon.core.main.ScriptEngine.run(ScriptEngine.java:194)
	at com.kms.katalon.core.main.ScriptEngine.runScriptAsRawText(ScriptEngine.java:119)
	at com.kms.katalon.core.main.TestCaseExecutor.runScript(TestCaseExecutor.java:339)
	at com.kms.katalon.core.main.TestCaseExecutor.doExecute(TestCaseExecutor.java:330)
	at com.kms.katalon.core.main.TestCaseExecutor.processExecutionPhase(TestCaseExecutor.java:309)
	at com.kms.katalon.core.main.TestCaseExecutor.accessMainPhase(TestCaseExecutor.java:301)
	at com.kms.katalon.core.main.TestCaseExecutor.execute(TestCaseExecutor.java:235)
	at com.kms.katalon.core.main.TestCaseMain.runTestCase(TestCaseMain.java:114)
	at com.kms.katalon.core.keyword.builtin.CallTestCaseKeyword$_callTestCase_closure1.doCall(CallTestCaseKeyword.groovy:59)
	... 20 more
"/>
         <system-out><![CDATA[2020-09-03 14:45:46 - [TEST_CASE][FAILED] - Test Cases/V2/Test Case/Tests/PR-369 - EditMeetingAgenda/Test Cases/Positive/TT_369_2_CreateRock_AllTestCase: Test Cases/V2/Test Case/Tests/PR-369 - EditMeetingAgenda/Test Cases/Positive/TT_369_2_CreateRock_AllTestCase FAILED.
Reason:
com.kms.katalon.core.exception.StepFailedException: Call Test Case 'Test Cases/V2/Test Case/Pre-conditions/PRE_RegisterAndActivateTTUsers' failed
	at com.kms.katalon.core.keyword.builtin.CallTestCaseKeyword$_callTestCase_closure1.doCall(CallTestCaseKeyword.groovy:63)
	at com.kms.katalon.core.keyword.builtin.CallTestCaseKeyword$_callTestCase_closure1.call(CallTestCaseKeyword.groovy)
	at com.kms.katalon.core.keyword.internal.KeywordMain.runKeyword(KeywordMain.groovy:68)
	at com.kms.katalon.core.keyword.builtin.CallTestCaseKeyword.callTestCase(CallTestCaseKeyword.groovy:81)
	at com.kms.katalon.core.keyword.builtin.CallTestCaseKeyword.execute(CallTestCaseKeyword.groovy:44)
	at com.kms.katalon.core.keyword.internal.KeywordExecutor.executeKeywordForPlatform(KeywordExecutor.groovy:73)
	at com.kms.katalon.core.keyword.BuiltinKeywords.callTestCase(BuiltinKeywords.groovy:334)
	at TT_369_2_CreateRock_AllTestCase.run(TT_369_2_CreateRock_AllTestCase:22)
	at com.kms.katalon.core.main.ScriptEngine.run(ScriptEngine.java:194)
	at com.kms.katalon.core.main.ScriptEngine.runScriptAsRawText(ScriptEngine.java:119)
	at com.kms.katalon.core.main.TestCaseExecutor.runScript(TestCaseExecutor.java:339)
	at com.kms.katalon.core.main.TestCaseExecutor.doExecute(TestCaseExecutor.java:330)
	at com.kms.katalon.core.main.TestCaseExecutor.processExecutionPhase(TestCaseExecutor.java:309)
	at com.kms.katalon.core.main.TestCaseExecutor.accessMainPhase(TestCaseExecutor.java:301)
	at com.kms.katalon.core.main.TestCaseExecutor.execute(TestCaseExecutor.java:235)
	at com.kms.katalon.core.main.TestSuiteExecutor.accessTestCaseMainPhase(TestSuiteExecutor.java:191)
	at com.kms.katalon.core.main.TestSuiteExecutor.accessTestSuiteMainPhase(TestSuiteExecutor.java:141)
	at com.kms.katalon.core.main.TestSuiteExecutor.execute(TestSuiteExecutor.java:90)
	at com.kms.katalon.core.main.TestCaseMain.startTestSuite(TestCaseMain.java:157)
	at com.kms.katalon.core.main.TestCaseMain$startTestSuite$0.call(Unknown Source)
	at TempTestSuite1599114921433.run(TempTestSuite1599114921433.groovy:39)
Caused by: com.kms.katalon.core.exception.StepFailedException: FAILED register and activate the user via API.
	at com.kms.katalon.core.util.KeywordUtil.markFailed(KeywordUtil.java:19)
	at com.kms.katalon.core.util.KeywordUtil$markFailed$0.call(Unknown Source)
	at tt_CustomKeywords.CustomKeywords.RegisterUserViaAPIAndGenerateActivateURL(CustomKeywords.groovy:414)
	at tt_CustomKeywords.CustomKeywords.invokeMethod(CustomKeywords.groovy)
	at com.kms.katalon.core.main.CustomKeywordDelegatingMetaClass.invokeStaticMethod(CustomKeywordDelegatingMetaClass.java:50)
	at PRE_RegisterAndActivateTTUsers.run(PRE_RegisterAndActivateTTUsers:30)
	at com.kms.katalon.core.main.ScriptEngine.run(ScriptEngine.java:194)
	at com.kms.katalon.core.main.ScriptEngine.runScriptAsRawText(ScriptEngine.java:119)
	at com.kms.katalon.core.main.TestCaseExecutor.runScript(TestCaseExecutor.java:339)
	at com.kms.katalon.core.main.TestCaseExecutor.doExecute(TestCaseExecutor.java:330)
	at com.kms.katalon.core.main.TestCaseExecutor.processExecutionPhase(TestCaseExecutor.java:309)
	at com.kms.katalon.core.main.TestCaseExecutor.accessMainPhase(TestCaseExecutor.java:301)
	at com.kms.katalon.core.main.TestCaseExecutor.execute(TestCaseExecutor.java:235)
	at com.kms.katalon.core.main.TestCaseMain.runTestCase(TestCaseMain.java:114)
	at com.kms.katalon.core.keyword.builtin.CallTestCaseKeyword$_callTestCase_closure1.doCall(CallTestCaseKeyword.groovy:59)
	... 20 more


2020-09-03 14:45:46 - [TEST_STEP][FAILED] - callTestCase(findTestCase("V2/Test Case/Pre-conditions/PRE_RegisterAndActivateTTUsers"), ["admin_fname":admin_fname, "lastname":lastname, "phonenumber":"9999999999", "company":"Traction Tools", "password":password, ... ], STOP_ON_FAILURE): Unable to call Test Case 'Test Cases/V2/Test Case/Pre-conditions/PRE_RegisterAndActivateTTUsers' (Root cause: com.kms.katalon.core.exception.StepFailedException: Call Test Case 'Test Cases/V2/Test Case/Pre-conditions/PRE_RegisterAndActivateTTUsers' failed
	at com.kms.katalon.core.keyword.builtin.CallTestCaseKeyword$_callTestCase_closure1.doCall(CallTestCaseKeyword.groovy:63)
	at com.kms.katalon.core.keyword.builtin.CallTestCaseKeyword$_callTestCase_closure1.call(CallTestCaseKeyword.groovy)
	at com.kms.katalon.core.keyword.internal.KeywordMain.runKeyword(KeywordMain.groovy:68)
	at com.kms.katalon.core.keyword.builtin.CallTestCaseKeyword.callTestCase(CallTestCaseKeyword.groovy:81)
	at com.kms.katalon.core.keyword.builtin.CallTestCaseKeyword.execute(CallTestCaseKeyword.groovy:44)
	at com.kms.katalon.core.keyword.internal.KeywordExecutor.executeKeywordForPlatform(KeywordExecutor.groovy:73)
	at com.kms.katalon.core.keyword.BuiltinKeywords.callTestCase(BuiltinKeywords.groovy:334)
	at TT_369_2_CreateRock_AllTestCase.run(TT_369_2_CreateRock_AllTestCase:22)
	at com.kms.katalon.core.main.ScriptEngine.run(ScriptEngine.java:194)
	at com.kms.katalon.core.main.ScriptEngine.runScriptAsRawText(ScriptEngine.java:119)
	at com.kms.katalon.core.main.TestCaseExecutor.runScript(TestCaseExecutor.java:339)
	at com.kms.katalon.core.main.TestCaseExecutor.doExecute(TestCaseExecutor.java:330)
	at com.kms.katalon.core.main.TestCaseExecutor.processExecutionPhase(TestCaseExecutor.java:309)
	at com.kms.katalon.core.main.TestCaseExecutor.accessMainPhase(TestCaseExecutor.java:301)
	at com.kms.katalon.core.main.TestCaseExecutor.execute(TestCaseExecutor.java:235)
	at com.kms.katalon.core.main.TestSuiteExecutor.accessTestCaseMainPhase(TestSuiteExecutor.java:191)
	at com.kms.katalon.core.main.TestSuiteExecutor.accessTestSuiteMainPhase(TestSuiteExecutor.java:141)
	at com.kms.katalon.core.main.TestSuiteExecutor.execute(TestSuiteExecutor.java:90)
	at com.kms.katalon.core.main.TestCaseMain.startTestSuite(TestCaseMain.java:157)
	at com.kms.katalon.core.main.TestCaseMain$startTestSuite$0.call(Unknown Source)
	at TempTestSuite1599114921433.run(TempTestSuite1599114921433.groovy:39)
Caused by: com.kms.katalon.core.exception.StepFailedException: FAILED register and activate the user via API.
	at com.kms.katalon.core.util.KeywordUtil.markFailed(KeywordUtil.java:19)
	at com.kms.katalon.core.util.KeywordUtil$markFailed$0.call(Unknown Source)
	at tt_CustomKeywords.CustomKeywords.RegisterUserViaAPIAndGenerateActivateURL(CustomKeywords.groovy:414)
	at tt_CustomKeywords.CustomKeywords.invokeMethod(CustomKeywords.groovy)
	at com.kms.katalon.core.main.CustomKeywordDelegatingMetaClass.invokeStaticMethod(CustomKeywordDelegatingMetaClass.java:50)
	at PRE_RegisterAndActivateTTUsers.run(PRE_RegisterAndActivateTTUsers:30)
	at com.kms.katalon.core.main.ScriptEngine.run(ScriptEngine.java:194)
	at com.kms.katalon.core.main.ScriptEngine.runScriptAsRawText(ScriptEngine.java:119)
	at com.kms.katalon.core.main.TestCaseExecutor.runScript(TestCaseExecutor.java:339)
	at com.kms.katalon.core.main.TestCaseExecutor.doExecute(TestCaseExecutor.java:330)
	at com.kms.katalon.core.main.TestCaseExecutor.processExecutionPhase(TestCaseExecutor.java:309)
	at com.kms.katalon.core.main.TestCaseExecutor.accessMainPhase(TestCaseExecutor.java:301)
	at com.kms.katalon.core.main.TestCaseExecutor.execute(TestCaseExecutor.java:235)
	at com.kms.katalon.core.main.TestCaseMain.runTestCase(TestCaseMain.java:114)
	at com.kms.katalon.core.keyword.builtin.CallTestCaseKeyword$_callTestCase_closure1.doCall(CallTestCaseKeyword.groovy:59)
	... 20 more
)

2020-09-03 14:45:46 - [TEST_CASE][FAILED] - Test Cases/V2/Test Case/Pre-conditions/PRE_RegisterAndActivateTTUsers: Test Cases/V2/Test Case/Pre-conditions/PRE_RegisterAndActivateTTUsers FAILED.
Reason:
com.kms.katalon.core.exception.StepFailedException: FAILED register and activate the user via API.
	at com.kms.katalon.core.util.KeywordUtil.markFailed(KeywordUtil.java:19)
	at com.kms.katalon.core.util.KeywordUtil$markFailed$0.call(Unknown Source)
	at tt_CustomKeywords.CustomKeywords.RegisterUserViaAPIAndGenerateActivateURL(CustomKeywords.groovy:414)
	at tt_CustomKeywords.CustomKeywords.invokeMethod(CustomKeywords.groovy)
	at com.kms.katalon.core.main.CustomKeywordDelegatingMetaClass.invokeStaticMethod(CustomKeywordDelegatingMetaClass.java:50)
	at PRE_RegisterAndActivateTTUsers.run(PRE_RegisterAndActivateTTUsers:30)
	at com.kms.katalon.core.main.ScriptEngine.run(ScriptEngine.java:194)
	at com.kms.katalon.core.main.ScriptEngine.runScriptAsRawText(ScriptEngine.java:119)
	at com.kms.katalon.core.main.TestCaseExecutor.runScript(TestCaseExecutor.java:339)
	at com.kms.katalon.core.main.TestCaseExecutor.doExecute(TestCaseExecutor.java:330)
	at com.kms.katalon.core.main.TestCaseExecutor.processExecutionPhase(TestCaseExecutor.java:309)
	at com.kms.katalon.core.main.TestCaseExecutor.accessMainPhase(TestCaseExecutor.java:301)
	at com.kms.katalon.core.main.TestCaseExecutor.execute(TestCaseExecutor.java:235)
	at com.kms.katalon.core.main.TestCaseMain.runTestCase(TestCaseMain.java:114)
	at com.kms.katalon.core.keyword.builtin.CallTestCaseKeyword$_callTestCase_closure1.doCall(CallTestCaseKeyword.groovy:59)
	at com.kms.katalon.core.keyword.builtin.CallTestCaseKeyword$_callTestCase_closure1.call(CallTestCaseKeyword.groovy)
	at com.kms.katalon.core.keyword.internal.KeywordMain.runKeyword(KeywordMain.groovy:68)
	at com.kms.katalon.core.keyword.builtin.CallTestCaseKeyword.callTestCase(CallTestCaseKeyword.groovy:81)
	at com.kms.katalon.core.keyword.builtin.CallTestCaseKeyword.execute(CallTestCaseKeyword.groovy:44)
	at com.kms.katalon.core.keyword.internal.KeywordExecutor.executeKeywordForPlatform(KeywordExecutor.groovy:73)
	at com.kms.katalon.core.keyword.BuiltinKeywords.callTestCase(BuiltinKeywords.groovy:334)
	at TT_369_2_CreateRock_AllTestCase.run(TT_369_2_CreateRock_AllTestCase:22)
	at com.kms.katalon.core.main.ScriptEngine.run(ScriptEngine.java:194)
	at com.kms.katalon.core.main.ScriptEngine.runScriptAsRawText(ScriptEngine.java:119)
	at com.kms.katalon.core.main.TestCaseExecutor.runScript(TestCaseExecutor.java:339)
	at com.kms.katalon.core.main.TestCaseExecutor.doExecute(TestCaseExecutor.java:330)
	at com.kms.katalon.core.main.TestCaseExecutor.processExecutionPhase(TestCaseExecutor.java:309)
	at com.kms.katalon.core.main.TestCaseExecutor.accessMainPhase(TestCaseExecutor.java:301)
	at com.kms.katalon.core.main.TestCaseExecutor.execute(TestCaseExecutor.java:235)
	at com.kms.katalon.core.main.TestSuiteExecutor.accessTestCaseMainPhase(TestSuiteExecutor.java:191)
	at com.kms.katalon.core.main.TestSuiteExecutor.accessTestSuiteMainPhase(TestSuiteExecutor.java:141)
	at com.kms.katalon.core.main.TestSuiteExecutor.execute(TestSuiteExecutor.java:90)
	at com.kms.katalon.core.main.TestCaseMain.startTestSuite(TestCaseMain.java:157)
	at com.kms.katalon.core.main.TestCaseMain$startTestSuite$0.call(Unknown Source)
	at TempTestSuite1599114921433.run(TempTestSuite1599114921433.groovy:39)


2020-09-03 14:45:46 - [TEST_STEP][PASSED] - email = tt_CustomKeywords.CustomKeywords.GenerateRandomEmailAddress(admin_email_prefix, admin_email_domain, randomTextLength): Successfully generated a random email: tractiontools.user001+ta5z16da@gmail.com

2020-09-03 14:45:46 - [MESSAGE][PASSED] - Successfully generated a random email: tractiontools.user001+ta5z16da@gmail.com

2020-09-03 14:45:46 - [TEST_STEP][PASSED] - supervisor_email = tt_CustomKeywords.CustomKeywords.GenerateRandomEmailAddress(supervisor_email_prefix, supervisor_email_domain, randomTextLength): Successfully generated a random email: tractiontools.user001+ts5m8f4h@gmail.com

2020-09-03 14:45:46 - [MESSAGE][PASSED] - Successfully generated a random email: tractiontools.user001+ts5m8f4h@gmail.com

2020-09-03 14:45:46 - [TEST_STEP][PASSED] - employee_email = tt_CustomKeywords.CustomKeywords.GenerateRandomEmailAddress(employee_email_prefix, employee_email_domain, randomTextLength): Successfully generated a random email: tractiontools.user001+te5mqnbt@gmail.com

2020-09-03 14:45:46 - [MESSAGE][PASSED] - Successfully generated a random email: tractiontools.user001+te5mqnbt@gmail.com

2020-09-03 14:45:46 - [TEST_STEP][FAILED] - adminDetails = tt_CustomKeywords.CustomKeywords.RegisterUserViaAPIAndGenerateActivateURL(email, admin_fname, lastname, phonenumber, company, "__JSON__{\"howDidYouHearAboutUs\":\"Facebook\",\"implementer\":\"\",\"existingTractionToolsClient\":\"\",\"other\":\"\"}", "__JSON__{\"timeZone\":\"America/Guatemala\",\"brandColor\":\"#023047\",\"q1Start\":null,\"q1End\":null,\"q2Start\":null,\"q2End\":null,\"q3Start\":null,\"q3End\":null,\"q4Start\":null,\"q4End\":null,\"quarterDatesSetsRocks\":false,\"exportUsers\":false,\"exportRocks\":false,\"exportRocksIncludesMilestones\":false,\"exportScorecards\":false,\"exportTodos\":false,\"exportTodosIncludesNotes\":false,\"exportPeopleHeadlines\":false,\"exportPeopleHeadlinesIncludesNotes\":false,\"exportIssues\":false,\"exportIssuesIncludesNotes\":false,\"exportContextAwareTodos\":false,\"dateFormat\":\"MM/DD/YYYY\",\"timeFormat\":\"h:mma\",\"numberFormat\":\"-1,000.99\",\"supervisorsArchiveRestoreUsers\":false,\"supervisorsEditPositions\":false,\"milestonesAvailableToAll\":false,\"customMeetingTemplatesEnabled\":false,\"receiveTodoReminders\":false,\"todoReminderTime\":\"13:00\",\"todoReminderTimeZone\":\"America/Guatemala\",\"todoReminderFrequency\":\"DAILY\",\"vtoMeetingId\":\"\",\"vtoDisplayMode\":\"ALL\",\"coreValues\":[{\"id\":\"1\",\"text\":\"\"},{\"id\":\"2\",\"text\":\"\"},{\"id\":\"3\",\"text\":\"\"}]}", password, V2Url): com.kms.katalon.core.exception.StepFailedException: FAILED register and activate the user via API.

2020-09-03 14:45:50 - [MESSAGE][FAILED] - FAILED register and activate the user via API.

2020-09-03 14:45:50 - [MESSAGE][FAILED] - com.kms.katalon.core.exception.StepFailedException: FAILED register and activate the user via API.

2020-09-03 14:45:50 - [TEST_STEP][PASSED] - activationURL = adminDetails[0]: null

2020-09-03 14:45:50 - [TEST_STEP][PASSED] - orgID = adminDetails[1]: null

2020-09-03 14:45:50 - [TEST_STEP][PASSED] - out.println("URL: " + activationURL): null

2020-09-03 14:45:50 - [TEST_STEP][PASSED] - out.println("orgID: " + orgID): null

2020-09-03 14:45:50 - [TEST_STEP][PASSED] - supervisorUser_name = supervisor_fname + " " + lastname: null

2020-09-03 14:45:50 - [TEST_STEP][PASSED] - openBrowser(""): Browser is opened with url: ''

2020-09-03 14:45:50 - [MESSAGE][INFO] - Starting 'Chrome' driver

2020-09-03 14:45:50 - [MESSAGE][INFO] - Action delay is set to 0 milliseconds

2020-09-03 14:45:53 - [MESSAGE][PASSED] - Browser is opened with url: ''

2020-09-03 14:45:53 - [TEST_STEP][PASSED] - maximizeWindow(): Current window maximized

2020-09-03 14:45:55 - [MESSAGE][PASSED] - Current window maximized

2020-09-03 14:45:55 - [TEST_STEP][FAILED] - callTestCase(findTestCase("V2/Test Case/Pre-conditions/PRE_ActivateNewUser"), ["activationURL":activationURL, "email":email, "password":password], STOP_ON_FAILURE): Unable to call Test Case 'Test Cases/V2/Test Case/Pre-conditions/PRE_ActivateNewUser' (Root cause: com.kms.katalon.core.exception.StepFailedException: Call Test Case 'Test Cases/V2/Test Case/Pre-conditions/PRE_ActivateNewUser' failed
	at com.kms.katalon.core.keyword.builtin.CallTestCaseKeyword$_callTestCase_closure1.doCall(CallTestCaseKeyword.groovy:63)
	at com.kms.katalon.core.keyword.builtin.CallTestCaseKeyword$_callTestCase_closure1.call(CallTestCaseKeyword.groovy)
	at com.kms.katalon.core.keyword.internal.KeywordMain.runKeyword(KeywordMain.groovy:68)
	at com.kms.katalon.core.keyword.builtin.CallTestCaseKeyword.callTestCase(CallTestCaseKeyword.groovy:81)
	at com.kms.katalon.core.keyword.builtin.CallTestCaseKeyword.execute(CallTestCaseKeyword.groovy:44)
	at com.kms.katalon.core.keyword.internal.KeywordExecutor.executeKeywordForPlatform(KeywordExecutor.groovy:73)
	at com.kms.katalon.core.keyword.BuiltinKeywords.callTestCase(BuiltinKeywords.groovy:334)
	at PRE_RegisterAndActivateTTUsers.run(PRE_RegisterAndActivateTTUsers:51)
	at com.kms.katalon.core.main.ScriptEngine.run(ScriptEngine.java:194)
	at com.kms.katalon.core.main.ScriptEngine.runScriptAsRawText(ScriptEngine.java:119)
	at com.kms.katalon.core.main.TestCaseExecutor.runScript(TestCaseExecutor.java:339)
	at com.kms.katalon.core.main.TestCaseExecutor.doExecute(TestCaseExecutor.java:330)
	at com.kms.katalon.core.main.TestCaseExecutor.processExecutionPhase(TestCaseExecutor.java:309)
	at com.kms.katalon.core.main.TestCaseExecutor.accessMainPhase(TestCaseExecutor.java:301)
	at com.kms.katalon.core.main.TestCaseExecutor.execute(TestCaseExecutor.java:235)
	at com.kms.katalon.core.main.TestCaseMain.runTestCase(TestCaseMain.java:114)
	at com.kms.katalon.core.keyword.builtin.CallTestCaseKeyword$_callTestCase_closure1.doCall(CallTestCaseKeyword.groovy:59)
	at com.kms.katalon.core.keyword.builtin.CallTestCaseKeyword$_callTestCase_closure1.call(CallTestCaseKeyword.groovy)
	at com.kms.katalon.core.keyword.internal.KeywordMain.runKeyword(KeywordMain.groovy:68)
	at com.kms.katalon.core.keyword.builtin.CallTestCaseKeyword.callTestCase(CallTestCaseKeyword.groovy:81)
	at com.kms.katalon.core.keyword.builtin.CallTestCaseKeyword.execute(CallTestCaseKeyword.groovy:44)
	at com.kms.katalon.core.keyword.internal.KeywordExecutor.executeKeywordForPlatform(KeywordExecutor.groovy:73)
	at com.kms.katalon.core.keyword.BuiltinKeywords.callTestCase(BuiltinKeywords.groovy:334)
	at TT_369_2_CreateRock_AllTestCase.run(TT_369_2_CreateRock_AllTestCase:22)
	at com.kms.katalon.core.main.ScriptEngine.run(ScriptEngine.java:194)
	at com.kms.katalon.core.main.ScriptEngine.runScriptAsRawText(ScriptEngine.java:119)
	at com.kms.katalon.core.main.TestCaseExecutor.runScript(TestCaseExecutor.java:339)
	at com.kms.katalon.core.main.TestCaseExecutor.doExecute(TestCaseExecutor.java:330)
	at com.kms.katalon.core.main.TestCaseExecutor.processExecutionPhase(TestCaseExecutor.java:309)
	at com.kms.katalon.core.main.TestCaseExecutor.accessMainPhase(TestCaseExecutor.java:301)
	at com.kms.katalon.core.main.TestCaseExecutor.execute(TestCaseExecutor.java:235)
	at com.kms.katalon.core.main.TestSuiteExecutor.accessTestCaseMainPhase(TestSuiteExecutor.java:191)
	at com.kms.katalon.core.main.TestSuiteExecutor.accessTestSuiteMainPhase(TestSuiteExecutor.java:141)
	at com.kms.katalon.core.main.TestSuiteExecutor.execute(TestSuiteExecutor.java:90)
	at com.kms.katalon.core.main.TestCaseMain.startTestSuite(TestCaseMain.java:157)
	at com.kms.katalon.core.main.TestCaseMain$startTestSuite$0.call(Unknown Source)
	at TempTestSuite1599114921433.run(TempTestSuite1599114921433.groovy:39)
Caused by: com.kms.katalon.core.exception.StepFailedException: Unable to navigate to ''
	at com.kms.katalon.core.webui.keyword.internal.WebUIKeywordMain.stepFailed(WebUIKeywordMain.groovy:64)
	at com.kms.katalon.core.webui.keyword.internal.WebUIKeywordMain.runKeyword(WebUIKeywordMain.groovy:26)
	at com.kms.katalon.core.webui.keyword.builtin.NavigateToUrlKeyword.navigateToUrl(NavigateToUrlKeyword.groovy:83)
	at com.kms.katalon.core.webui.keyword.builtin.NavigateToUrlKeyword.execute(NavigateToUrlKeyword.groovy:67)
	at com.kms.katalon.core.keyword.internal.KeywordExecutor.executeKeywordForPlatform(KeywordExecutor.groovy:73)
	at com.kms.katalon.core.webui.keyword.WebUiBuiltInKeywords.navigateToUrl(WebUiBuiltInKeywords.groovy:183)
	at com.kms.katalon.core.webui.keyword.WebUiBuiltInKeywords$navigateToUrl$1.call(Unknown Source)
	at PRE_ActivateNewUser.run(PRE_ActivateNewUser:19)
	at com.kms.katalon.core.main.ScriptEngine.run(ScriptEngine.java:194)
	at com.kms.katalon.core.main.ScriptEngine.runScriptAsRawText(ScriptEngine.java:119)
	at com.kms.katalon.core.main.TestCaseExecutor.runScript(TestCaseExecutor.java:339)
	at com.kms.katalon.core.main.TestCaseExecutor.doExecute(TestCaseExecutor.java:330)
	at com.kms.katalon.core.main.TestCaseExecutor.processExecutionPhase(TestCaseExecutor.java:309)
	at com.kms.katalon.core.main.TestCaseExecutor.accessMainPhase(TestCaseExecutor.java:301)
	at com.kms.katalon.core.main.TestCaseExecutor.execute(TestCaseExecutor.java:235)
	at com.kms.katalon.core.main.TestCaseMain.runTestCase(TestCaseMain.java:114)
	at com.kms.katalon.core.keyword.builtin.CallTestCaseKeyword$_callTestCase_closure1.doCall(CallTestCaseKeyword.groovy:59)
	... 36 more
Caused by: java.lang.IllegalArgumentException: Url cannot be null or empty
	at com.kms.katalon.core.webui.keyword.builtin.NavigateToUrlKeyword$_navigateToUrl_closure1.doCall(NavigateToUrlKeyword.groovy:75)
	at com.kms.katalon.core.webui.keyword.builtin.NavigateToUrlKeyword$_navigateToUrl_closure1.call(NavigateToUrlKeyword.groovy)
	at com.kms.katalon.core.webui.keyword.internal.WebUIKeywordMain.runKeyword(WebUIKeywordMain.groovy:20)
	... 51 more
)

2020-09-03 14:45:55 - [TEST_CASE][FAILED] - Test Cases/V2/Test Case/Pre-conditions/PRE_ActivateNewUser: Test Cases/V2/Test Case/Pre-conditions/PRE_ActivateNewUser FAILED.
Reason:
com.kms.katalon.core.exception.StepFailedException: Unable to navigate to ''
	at com.kms.katalon.core.webui.keyword.internal.WebUIKeywordMain.stepFailed(WebUIKeywordMain.groovy:64)
	at com.kms.katalon.core.webui.keyword.internal.WebUIKeywordMain.runKeyword(WebUIKeywordMain.groovy:26)
	at com.kms.katalon.core.webui.keyword.builtin.NavigateToUrlKeyword.navigateToUrl(NavigateToUrlKeyword.groovy:83)
	at com.kms.katalon.core.webui.keyword.builtin.NavigateToUrlKeyword.execute(NavigateToUrlKeyword.groovy:67)
	at com.kms.katalon.core.keyword.internal.KeywordExecutor.executeKeywordForPlatform(KeywordExecutor.groovy:73)
	at com.kms.katalon.core.webui.keyword.WebUiBuiltInKeywords.navigateToUrl(WebUiBuiltInKeywords.groovy:183)
	at com.kms.katalon.core.webui.keyword.WebUiBuiltInKeywords$navigateToUrl$1.call(Unknown Source)
	at PRE_ActivateNewUser.run(PRE_ActivateNewUser:19)
	at com.kms.katalon.core.main.ScriptEngine.run(ScriptEngine.java:194)
	at com.kms.katalon.core.main.ScriptEngine.runScriptAsRawText(ScriptEngine.java:119)
	at com.kms.katalon.core.main.TestCaseExecutor.runScript(TestCaseExecutor.java:339)
	at com.kms.katalon.core.main.TestCaseExecutor.doExecute(TestCaseExecutor.java:330)
	at com.kms.katalon.core.main.TestCaseExecutor.processExecutionPhase(TestCaseExecutor.java:309)
	at com.kms.katalon.core.main.TestCaseExecutor.accessMainPhase(TestCaseExecutor.java:301)
	at com.kms.katalon.core.main.TestCaseExecutor.execute(TestCaseExecutor.java:235)
	at com.kms.katalon.core.main.TestCaseMain.runTestCase(TestCaseMain.java:114)
	at com.kms.katalon.core.keyword.builtin.CallTestCaseKeyword$_callTestCase_closure1.doCall(CallTestCaseKeyword.groovy:59)
	at com.kms.katalon.core.keyword.builtin.CallTestCaseKeyword$_callTestCase_closure1.call(CallTestCaseKeyword.groovy)
	at com.kms.katalon.core.keyword.internal.KeywordMain.runKeyword(KeywordMain.groovy:68)
	at com.kms.katalon.core.keyword.builtin.CallTestCaseKeyword.callTestCase(CallTestCaseKeyword.groovy:81)
	at com.kms.katalon.core.keyword.builtin.CallTestCaseKeyword.execute(CallTestCaseKeyword.groovy:44)
	at com.kms.katalon.core.keyword.internal.KeywordExecutor.executeKeywordForPlatform(KeywordExecutor.groovy:73)
	at com.kms.katalon.core.keyword.BuiltinKeywords.callTestCase(BuiltinKeywords.groovy:334)
	at PRE_RegisterAndActivateTTUsers.run(PRE_RegisterAndActivateTTUsers:51)
	at com.kms.katalon.core.main.ScriptEngine.run(ScriptEngine.java:194)
	at com.kms.katalon.core.main.ScriptEngine.runScriptAsRawText(ScriptEngine.java:119)
	at com.kms.katalon.core.main.TestCaseExecutor.runScript(TestCaseExecutor.java:339)
	at com.kms.katalon.core.main.TestCaseExecutor.doExecute(TestCaseExecutor.java:330)
	at com.kms.katalon.core.main.TestCaseExecutor.processExecutionPhase(TestCaseExecutor.java:309)
	at com.kms.katalon.core.main.TestCaseExecutor.accessMainPhase(TestCaseExecutor.java:301)
	at com.kms.katalon.core.main.TestCaseExecutor.execute(TestCaseExecutor.java:235)
	at com.kms.katalon.core.main.TestCaseMain.runTestCase(TestCaseMain.java:114)
	at com.kms.katalon.core.keyword.builtin.CallTestCaseKeyword$_callTestCase_closure1.doCall(CallTestCaseKeyword.groovy:59)
	at com.kms.katalon.core.keyword.builtin.CallTestCaseKeyword$_callTestCase_closure1.call(CallTestCaseKeyword.groovy)
	at com.kms.katalon.core.keyword.internal.KeywordMain.runKeyword(KeywordMain.groovy:68)
	at com.kms.katalon.core.keyword.builtin.CallTestCaseKeyword.callTestCase(CallTestCaseKeyword.groovy:81)
	at com.kms.katalon.core.keyword.builtin.CallTestCaseKeyword.execute(CallTestCaseKeyword.groovy:44)
	at com.kms.katalon.core.keyword.internal.KeywordExecutor.executeKeywordForPlatform(KeywordExecutor.groovy:73)
	at com.kms.katalon.core.keyword.BuiltinKeywords.callTestCase(BuiltinKeywords.groovy:334)
	at TT_369_2_CreateRock_AllTestCase.run(TT_369_2_CreateRock_AllTestCase:22)
	at com.kms.katalon.core.main.ScriptEngine.run(ScriptEngine.java:194)
	at com.kms.katalon.core.main.ScriptEngine.runScriptAsRawText(ScriptEngine.java:119)
	at com.kms.katalon.core.main.TestCaseExecutor.runScript(TestCaseExecutor.java:339)
	at com.kms.katalon.core.main.TestCaseExecutor.doExecute(TestCaseExecutor.java:330)
	at com.kms.katalon.core.main.TestCaseExecutor.processExecutionPhase(TestCaseExecutor.java:309)
	at com.kms.katalon.core.main.TestCaseExecutor.accessMainPhase(TestCaseExecutor.java:301)
	at com.kms.katalon.core.main.TestCaseExecutor.execute(TestCaseExecutor.java:235)
	at com.kms.katalon.core.main.TestSuiteExecutor.accessTestCaseMainPhase(TestSuiteExecutor.java:191)
	at com.kms.katalon.core.main.TestSuiteExecutor.accessTestSuiteMainPhase(TestSuiteExecutor.java:141)
	at com.kms.katalon.core.main.TestSuiteExecutor.execute(TestSuiteExecutor.java:90)
	at com.kms.katalon.core.main.TestCaseMain.startTestSuite(TestCaseMain.java:157)
	at com.kms.katalon.core.main.TestCaseMain$startTestSuite$0.call(Unknown Source)
	at TempTestSuite1599114921433.run(TempTestSuite1599114921433.groovy:39)
Caused by: java.lang.IllegalArgumentException: Url cannot be null or empty
	at com.kms.katalon.core.webui.keyword.builtin.NavigateToUrlKeyword$_navigateToUrl_closure1.doCall(NavigateToUrlKeyword.groovy:75)
	at com.kms.katalon.core.webui.keyword.builtin.NavigateToUrlKeyword$_navigateToUrl_closure1.call(NavigateToUrlKeyword.groovy)
	at com.kms.katalon.core.webui.keyword.internal.WebUIKeywordMain.runKeyword(WebUIKeywordMain.groovy:20)
	... 51 more


2020-09-03 14:45:55 - [TEST_STEP][FAILED] - navigateToUrl(activationURL): Unable to navigate to '' (Root cause: com.kms.katalon.core.exception.StepFailedException: Unable to navigate to ''
	at com.kms.katalon.core.webui.keyword.internal.WebUIKeywordMain.stepFailed(WebUIKeywordMain.groovy:64)
	at com.kms.katalon.core.webui.keyword.internal.WebUIKeywordMain.runKeyword(WebUIKeywordMain.groovy:26)
	at com.kms.katalon.core.webui.keyword.builtin.NavigateToUrlKeyword.navigateToUrl(NavigateToUrlKeyword.groovy:83)
	at com.kms.katalon.core.webui.keyword.builtin.NavigateToUrlKeyword.execute(NavigateToUrlKeyword.groovy:67)
	at com.kms.katalon.core.keyword.internal.KeywordExecutor.executeKeywordForPlatform(KeywordExecutor.groovy:73)
	at com.kms.katalon.core.webui.keyword.WebUiBuiltInKeywords.navigateToUrl(WebUiBuiltInKeywords.groovy:183)
	at com.kms.katalon.core.webui.keyword.WebUiBuiltInKeywords$navigateToUrl$1.call(Unknown Source)
	at PRE_ActivateNewUser.run(PRE_ActivateNewUser:19)
	at com.kms.katalon.core.main.ScriptEngine.run(ScriptEngine.java:194)
	at com.kms.katalon.core.main.ScriptEngine.runScriptAsRawText(ScriptEngine.java:119)
	at com.kms.katalon.core.main.TestCaseExecutor.runScript(TestCaseExecutor.java:339)
	at com.kms.katalon.core.main.TestCaseExecutor.doExecute(TestCaseExecutor.java:330)
	at com.kms.katalon.core.main.TestCaseExecutor.processExecutionPhase(TestCaseExecutor.java:309)
	at com.kms.katalon.core.main.TestCaseExecutor.accessMainPhase(TestCaseExecutor.java:301)
	at com.kms.katalon.core.main.TestCaseExecutor.execute(TestCaseExecutor.java:235)
	at com.kms.katalon.core.main.TestCaseMain.runTestCase(TestCaseMain.java:114)
	at com.kms.katalon.core.keyword.builtin.CallTestCaseKeyword$_callTestCase_closure1.doCall(CallTestCaseKeyword.groovy:59)
	at com.kms.katalon.core.keyword.builtin.CallTestCaseKeyword$_callTestCase_closure1.call(CallTestCaseKeyword.groovy)
	at com.kms.katalon.core.keyword.internal.KeywordMain.runKeyword(KeywordMain.groovy:68)
	at com.kms.katalon.core.keyword.builtin.CallTestCaseKeyword.callTestCase(CallTestCaseKeyword.groovy:81)
	at com.kms.katalon.core.keyword.builtin.CallTestCaseKeyword.execute(CallTestCaseKeyword.groovy:44)
	at com.kms.katalon.core.keyword.internal.KeywordExecutor.executeKeywordForPlatform(KeywordExecutor.groovy:73)
	at com.kms.katalon.core.keyword.BuiltinKeywords.callTestCase(BuiltinKeywords.groovy:334)
	at PRE_RegisterAndActivateTTUsers.run(PRE_RegisterAndActivateTTUsers:51)
	at com.kms.katalon.core.main.ScriptEngine.run(ScriptEngine.java:194)
	at com.kms.katalon.core.main.ScriptEngine.runScriptAsRawText(ScriptEngine.java:119)
	at com.kms.katalon.core.main.TestCaseExecutor.runScript(TestCaseExecutor.java:339)
	at com.kms.katalon.core.main.TestCaseExecutor.doExecute(TestCaseExecutor.java:330)
	at com.kms.katalon.core.main.TestCaseExecutor.processExecutionPhase(TestCaseExecutor.java:309)
	at com.kms.katalon.core.main.TestCaseExecutor.accessMainPhase(TestCaseExecutor.java:301)
	at com.kms.katalon.core.main.TestCaseExecutor.execute(TestCaseExecutor.java:235)
	at com.kms.katalon.core.main.TestCaseMain.runTestCase(TestCaseMain.java:114)
	at com.kms.katalon.core.keyword.builtin.CallTestCaseKeyword$_callTestCase_closure1.doCall(CallTestCaseKeyword.groovy:59)
	at com.kms.katalon.core.keyword.builtin.CallTestCaseKeyword$_callTestCase_closure1.call(CallTestCaseKeyword.groovy)
	at com.kms.katalon.core.keyword.internal.KeywordMain.runKeyword(KeywordMain.groovy:68)
	at com.kms.katalon.core.keyword.builtin.CallTestCaseKeyword.callTestCase(CallTestCaseKeyword.groovy:81)
	at com.kms.katalon.core.keyword.builtin.CallTestCaseKeyword.execute(CallTestCaseKeyword.groovy:44)
	at com.kms.katalon.core.keyword.internal.KeywordExecutor.executeKeywordForPlatform(KeywordExecutor.groovy:73)
	at com.kms.katalon.core.keyword.BuiltinKeywords.callTestCase(BuiltinKeywords.groovy:334)
	at TT_369_2_CreateRock_AllTestCase.run(TT_369_2_CreateRock_AllTestCase:22)
	at com.kms.katalon.core.main.ScriptEngine.run(ScriptEngine.java:194)
	at com.kms.katalon.core.main.ScriptEngine.runScriptAsRawText(ScriptEngine.java:119)
	at com.kms.katalon.core.main.TestCaseExecutor.runScript(TestCaseExecutor.java:339)
	at com.kms.katalon.core.main.TestCaseExecutor.doExecute(TestCaseExecutor.java:330)
	at com.kms.katalon.core.main.TestCaseExecutor.processExecutionPhase(TestCaseExecutor.java:309)
	at com.kms.katalon.core.main.TestCaseExecutor.accessMainPhase(TestCaseExecutor.java:301)
	at com.kms.katalon.core.main.TestCaseExecutor.execute(TestCaseExecutor.java:235)
	at com.kms.katalon.core.main.TestSuiteExecutor.accessTestCaseMainPhase(TestSuiteExecutor.java:191)
	at com.kms.katalon.core.main.TestSuiteExecutor.accessTestSuiteMainPhase(TestSuiteExecutor.java:141)
	at com.kms.katalon.core.main.TestSuiteExecutor.execute(TestSuiteExecutor.java:90)
	at com.kms.katalon.core.main.TestCaseMain.startTestSuite(TestCaseMain.java:157)
	at com.kms.katalon.core.main.TestCaseMain$startTestSuite$0.call(Unknown Source)
	at TempTestSuite1599114921433.run(TempTestSuite1599114921433.groovy:39)
Caused by: java.lang.IllegalArgumentException: Url cannot be null or empty
	at com.kms.katalon.core.webui.keyword.builtin.NavigateToUrlKeyword$_navigateToUrl_closure1.doCall(NavigateToUrlKeyword.groovy:75)
	at com.kms.katalon.core.webui.keyword.builtin.NavigateToUrlKeyword$_navigateToUrl_closure1.call(NavigateToUrlKeyword.groovy)
	at com.kms.katalon.core.webui.keyword.internal.WebUIKeywordMain.runKeyword(WebUIKeywordMain.groovy:20)
	at com.kms.katalon.core.webui.keyword.builtin.NavigateToUrlKeyword.navigateToUrl(NavigateToUrlKeyword.groovy:83)
	at com.kms.katalon.core.webui.keyword.builtin.NavigateToUrlKeyword.execute(NavigateToUrlKeyword.groovy:67)
	at com.kms.katalon.core.keyword.internal.KeywordExecutor.executeKeywordForPlatform(KeywordExecutor.groovy:73)
	at com.kms.katalon.core.webui.keyword.WebUiBuiltInKeywords.navigateToUrl(WebUiBuiltInKeywords.groovy:183)
	at com.kms.katalon.core.webui.keyword.WebUiBuiltInKeywords$navigateToUrl$1.call(Unknown Source)
	at Script1592923970867.run(Script1592923970867.groovy:19)
	at com.kms.katalon.core.main.ScriptEngine.run(ScriptEngine.java:194)
	at com.kms.katalon.core.main.ScriptEngine.runScriptAsRawText(ScriptEngine.java:119)
	at com.kms.katalon.core.main.TestCaseExecutor.runScript(TestCaseExecutor.java:339)
	at com.kms.katalon.core.main.TestCaseExecutor.doExecute(TestCaseExecutor.java:330)
	at com.kms.katalon.core.main.TestCaseExecutor.processExecutionPhase(TestCaseExecutor.java:309)
	at com.kms.katalon.core.main.TestCaseExecutor.accessMainPhase(TestCaseExecutor.java:301)
	at com.kms.katalon.core.main.TestCaseExecutor.execute(TestCaseExecutor.java:235)
	at com.kms.katalon.core.main.TestCaseMain.runTestCase(TestCaseMain.java:114)
	at com.kms.katalon.core.keyword.builtin.CallTestCaseKeyword$_callTestCase_closure1.doCall(CallTestCaseKeyword.groovy:59)
	at com.kms.katalon.core.keyword.builtin.CallTestCaseKeyword$_callTestCase_closure1.call(CallTestCaseKeyword.groovy)
	at com.kms.katalon.core.keyword.internal.KeywordMain.runKeyword(KeywordMain.groovy:68)
	at com.kms.katalon.core.keyword.builtin.CallTestCaseKeyword.callTestCase(CallTestCaseKeyword.groovy:81)
	at com.kms.katalon.core.keyword.builtin.CallTestCaseKeyword.execute(CallTestCaseKeyword.groovy:44)
	at com.kms.katalon.core.keyword.internal.KeywordExecutor.executeKeywordForPlatform(KeywordExecutor.groovy:73)
	at com.kms.katalon.core.keyword.BuiltinKeywords.callTestCase(BuiltinKeywords.groovy:334)
	at Script1597923029052.run(Script1597923029052.groovy:51)
	at com.kms.katalon.core.main.ScriptEngine.run(ScriptEngine.java:194)
	at com.kms.katalon.core.main.ScriptEngine.runScriptAsRawText(ScriptEngine.java:119)
	at com.kms.katalon.core.main.TestCaseExecutor.runScript(TestCaseExecutor.java:339)
	at com.kms.katalon.core.main.TestCaseExecutor.doExecute(TestCaseExecutor.java:330)
	at com.kms.katalon.core.main.TestCaseExecutor.processExecutionPhase(TestCaseExecutor.java:309)
	at com.kms.katalon.core.main.TestCaseExecutor.accessMainPhase(TestCaseExecutor.java:301)
	at com.kms.katalon.core.main.TestCaseExecutor.execute(TestCaseExecutor.java:235)
	at com.kms.katalon.core.main.TestCaseMain.runTestCase(TestCaseMain.java:114)
	at com.kms.katalon.core.keyword.builtin.CallTestCaseKeyword$_callTestCase_closure1.doCall(CallTestCaseKeyword.groovy:59)
	at com.kms.katalon.core.keyword.builtin.CallTestCaseKeyword$_callTestCase_closure1.call(CallTestCaseKeyword.groovy)
	at com.kms.katalon.core.keyword.internal.KeywordMain.runKeyword(KeywordMain.groovy:68)
	at com.kms.katalon.core.keyword.builtin.CallTestCaseKeyword.callTestCase(CallTestCaseKeyword.groovy:81)
	at com.kms.katalon.core.keyword.builtin.CallTestCaseKeyword.execute(CallTestCaseKeyword.groovy:44)
	at com.kms.katalon.core.keyword.internal.KeywordExecutor.executeKeywordForPlatform(KeywordExecutor.groovy:73)
	at com.kms.katalon.core.keyword.BuiltinKeywords.callTestCase(BuiltinKeywords.groovy:334)
	at Script1598956755825.run(Script1598956755825.groovy:22)
	... 13 more
)

2020-09-03 14:45:56 - [MESSAGE][FAILED] - Unable to navigate to '' (Root cause: com.kms.katalon.core.exception.StepFailedException: Unable to navigate to ''
	at com.kms.katalon.core.webui.keyword.internal.WebUIKeywordMain.stepFailed(WebUIKeywordMain.groovy:64)
	at com.kms.katalon.core.webui.keyword.internal.WebUIKeywordMain.runKeyword(WebUIKeywordMain.groovy:26)
	at com.kms.katalon.core.webui.keyword.builtin.NavigateToUrlKeyword.navigateToUrl(NavigateToUrlKeyword.groovy:83)
	at com.kms.katalon.core.webui.keyword.builtin.NavigateToUrlKeyword.execute(NavigateToUrlKeyword.groovy:67)
	at com.kms.katalon.core.keyword.internal.KeywordExecutor.executeKeywordForPlatform(KeywordExecutor.groovy:73)
	at com.kms.katalon.core.webui.keyword.WebUiBuiltInKeywords.navigateToUrl(WebUiBuiltInKeywords.groovy:183)
	at com.kms.katalon.core.webui.keyword.WebUiBuiltInKeywords$navigateToUrl$1.call(Unknown Source)
	at PRE_ActivateNewUser.run(PRE_ActivateNewUser:19)
	at com.kms.katalon.core.main.ScriptEngine.run(ScriptEngine.java:194)
	at com.kms.katalon.core.main.ScriptEngine.runScriptAsRawText(ScriptEngine.java:119)
	at com.kms.katalon.core.main.TestCaseExecutor.runScript(TestCaseExecutor.java:339)
	at com.kms.katalon.core.main.TestCaseExecutor.doExecute(TestCaseExecutor.java:330)
	at com.kms.katalon.core.main.TestCaseExecutor.processExecutionPhase(TestCaseExecutor.java:309)
	at com.kms.katalon.core.main.TestCaseExecutor.accessMainPhase(TestCaseExecutor.java:301)
	at com.kms.katalon.core.main.TestCaseExecutor.execute(TestCaseExecutor.java:235)
	at com.kms.katalon.core.main.TestCaseMain.runTestCase(TestCaseMain.java:114)
	at com.kms.katalon.core.keyword.builtin.CallTestCaseKeyword$_callTestCase_closure1.doCall(CallTestCaseKeyword.groovy:59)
	at com.kms.katalon.core.keyword.builtin.CallTestCaseKeyword$_callTestCase_closure1.call(CallTestCaseKeyword.groovy)
	at com.kms.katalon.core.keyword.internal.KeywordMain.runKeyword(KeywordMain.groovy:68)
	at com.kms.katalon.core.keyword.builtin.CallTestCaseKeyword.callTestCase(CallTestCaseKeyword.groovy:81)
	at com.kms.katalon.core.keyword.builtin.CallTestCaseKeyword.execute(CallTestCaseKeyword.groovy:44)
	at com.kms.katalon.core.keyword.internal.KeywordExecutor.executeKeywordForPlatform(KeywordExecutor.groovy:73)
	at com.kms.katalon.core.keyword.BuiltinKeywords.callTestCase(BuiltinKeywords.groovy:334)
	at PRE_RegisterAndActivateTTUsers.run(PRE_RegisterAndActivateTTUsers:51)
	at com.kms.katalon.core.main.ScriptEngine.run(ScriptEngine.java:194)
	at com.kms.katalon.core.main.ScriptEngine.runScriptAsRawText(ScriptEngine.java:119)
	at com.kms.katalon.core.main.TestCaseExecutor.runScript(TestCaseExecutor.java:339)
	at com.kms.katalon.core.main.TestCaseExecutor.doExecute(TestCaseExecutor.java:330)
	at com.kms.katalon.core.main.TestCaseExecutor.processExecutionPhase(TestCaseExecutor.java:309)
	at com.kms.katalon.core.main.TestCaseExecutor.accessMainPhase(TestCaseExecutor.java:301)
	at com.kms.katalon.core.main.TestCaseExecutor.execute(TestCaseExecutor.java:235)
	at com.kms.katalon.core.main.TestCaseMain.runTestCase(TestCaseMain.java:114)
	at com.kms.katalon.core.keyword.builtin.CallTestCaseKeyword$_callTestCase_closure1.doCall(CallTestCaseKeyword.groovy:59)
	at com.kms.katalon.core.keyword.builtin.CallTestCaseKeyword$_callTestCase_closure1.call(CallTestCaseKeyword.groovy)
	at com.kms.katalon.core.keyword.internal.KeywordMain.runKeyword(KeywordMain.groovy:68)
	at com.kms.katalon.core.keyword.builtin.CallTestCaseKeyword.callTestCase(CallTestCaseKeyword.groovy:81)
	at com.kms.katalon.core.keyword.builtin.CallTestCaseKeyword.execute(CallTestCaseKeyword.groovy:44)
	at com.kms.katalon.core.keyword.internal.KeywordExecutor.executeKeywordForPlatform(KeywordExecutor.groovy:73)
	at com.kms.katalon.core.keyword.BuiltinKeywords.callTestCase(BuiltinKeywords.groovy:334)
	at TT_369_2_CreateRock_AllTestCase.run(TT_369_2_CreateRock_AllTestCase:22)
	at com.kms.katalon.core.main.ScriptEngine.run(ScriptEngine.java:194)
	at com.kms.katalon.core.main.ScriptEngine.runScriptAsRawText(ScriptEngine.java:119)
	at com.kms.katalon.core.main.TestCaseExecutor.runScript(TestCaseExecutor.java:339)
	at com.kms.katalon.core.main.TestCaseExecutor.doExecute(TestCaseExecutor.java:330)
	at com.kms.katalon.core.main.TestCaseExecutor.processExecutionPhase(TestCaseExecutor.java:309)
	at com.kms.katalon.core.main.TestCaseExecutor.accessMainPhase(TestCaseExecutor.java:301)
	at com.kms.katalon.core.main.TestCaseExecutor.execute(TestCaseExecutor.java:235)
	at com.kms.katalon.core.main.TestSuiteExecutor.accessTestCaseMainPhase(TestSuiteExecutor.java:191)
	at com.kms.katalon.core.main.TestSuiteExecutor.accessTestSuiteMainPhase(TestSuiteExecutor.java:141)
	at com.kms.katalon.core.main.TestSuiteExecutor.execute(TestSuiteExecutor.java:90)
	at com.kms.katalon.core.main.TestCaseMain.startTestSuite(TestCaseMain.java:157)
	at com.kms.katalon.core.main.TestCaseMain$startTestSuite$0.call(Unknown Source)
	at TempTestSuite1599114921433.run(TempTestSuite1599114921433.groovy:39)
Caused by: java.lang.IllegalArgumentException: Url cannot be null or empty
	at com.kms.katalon.core.webui.keyword.builtin.NavigateToUrlKeyword$_navigateToUrl_closure1.doCall(NavigateToUrlKeyword.groovy:75)
	at com.kms.katalon.core.webui.keyword.builtin.NavigateToUrlKeyword$_navigateToUrl_closure1.call(NavigateToUrlKeyword.groovy)
	at com.kms.katalon.core.webui.keyword.internal.WebUIKeywordMain.runKeyword(WebUIKeywordMain.groovy:20)
	at com.kms.katalon.core.webui.keyword.builtin.NavigateToUrlKeyword.navigateToUrl(NavigateToUrlKeyword.groovy:83)
	at com.kms.katalon.core.webui.keyword.builtin.NavigateToUrlKeyword.execute(NavigateToUrlKeyword.groovy:67)
	at com.kms.katalon.core.keyword.internal.KeywordExecutor.executeKeywordForPlatform(KeywordExecutor.groovy:73)
	at com.kms.katalon.core.webui.keyword.WebUiBuiltInKeywords.navigateToUrl(WebUiBuiltInKeywords.groovy:183)
	at com.kms.katalon.core.webui.keyword.WebUiBuiltInKeywords$navigateToUrl$1.call(Unknown Source)
	at Script1592923970867.run(Script1592923970867.groovy:19)
	at com.kms.katalon.core.main.ScriptEngine.run(ScriptEngine.java:194)
	at com.kms.katalon.core.main.ScriptEngine.runScriptAsRawText(ScriptEngine.java:119)
	at com.kms.katalon.core.main.TestCaseExecutor.runScript(TestCaseExecutor.java:339)
	at com.kms.katalon.core.main.TestCaseExecutor.doExecute(TestCaseExecutor.java:330)
	at com.kms.katalon.core.main.TestCaseExecutor.processExecutionPhase(TestCaseExecutor.java:309)
	at com.kms.katalon.core.main.TestCaseExecutor.accessMainPhase(TestCaseExecutor.java:301)
	at com.kms.katalon.core.main.TestCaseExecutor.execute(TestCaseExecutor.java:235)
	at com.kms.katalon.core.main.TestCaseMain.runTestCase(TestCaseMain.java:114)
	at com.kms.katalon.core.keyword.builtin.CallTestCaseKeyword$_callTestCase_closure1.doCall(CallTestCaseKeyword.groovy:59)
	at com.kms.katalon.core.keyword.builtin.CallTestCaseKeyword$_callTestCase_closure1.call(CallTestCaseKeyword.groovy)
	at com.kms.katalon.core.keyword.internal.KeywordMain.runKeyword(KeywordMain.groovy:68)
	at com.kms.katalon.core.keyword.builtin.CallTestCaseKeyword.callTestCase(CallTestCaseKeyword.groovy:81)
	at com.kms.katalon.core.keyword.builtin.CallTestCaseKeyword.execute(CallTestCaseKeyword.groovy:44)
	at com.kms.katalon.core.keyword.internal.KeywordExecutor.executeKeywordForPlatform(KeywordExecutor.groovy:73)
	at com.kms.katalon.core.keyword.BuiltinKeywords.callTestCase(BuiltinKeywords.groovy:334)
	at Script1597923029052.run(Script1597923029052.groovy:51)
	at com.kms.katalon.core.main.ScriptEngine.run(ScriptEngine.java:194)
	at com.kms.katalon.core.main.ScriptEngine.runScriptAsRawText(ScriptEngine.java:119)
	at com.kms.katalon.core.main.TestCaseExecutor.runScript(TestCaseExecutor.java:339)
	at com.kms.katalon.core.main.TestCaseExecutor.doExecute(TestCaseExecutor.java:330)
	at com.kms.katalon.core.main.TestCaseExecutor.processExecutionPhase(TestCaseExecutor.java:309)
	at com.kms.katalon.core.main.TestCaseExecutor.accessMainPhase(TestCaseExecutor.java:301)
	at com.kms.katalon.core.main.TestCaseExecutor.execute(TestCaseExecutor.java:235)
	at com.kms.katalon.core.main.TestCaseMain.runTestCase(TestCaseMain.java:114)
	at com.kms.katalon.core.keyword.builtin.CallTestCaseKeyword$_callTestCase_closure1.doCall(CallTestCaseKeyword.groovy:59)
	at com.kms.katalon.core.keyword.builtin.CallTestCaseKeyword$_callTestCase_closure1.call(CallTestCaseKeyword.groovy)
	at com.kms.katalon.core.keyword.internal.KeywordMain.runKeyword(KeywordMain.groovy:68)
	at com.kms.katalon.core.keyword.builtin.CallTestCaseKeyword.callTestCase(CallTestCaseKeyword.groovy:81)
	at com.kms.katalon.core.keyword.builtin.CallTestCaseKeyword.execute(CallTestCaseKeyword.groovy:44)
	at com.kms.katalon.core.keyword.internal.KeywordExecutor.executeKeywordForPlatform(KeywordExecutor.groovy:73)
	at com.kms.katalon.core.keyword.BuiltinKeywords.callTestCase(BuiltinKeywords.groovy:334)
	at Script1598956755825.run(Script1598956755825.groovy:22)
	... 13 more
)
[[ATTACHMENT|C:\\Users\\Aaron-PC\\git\\TractionTools\\Reports\\20200903_143521\\V2\\Tests\\PR-369 - EditMeetingAgenda\\PR-369_TestSuite\\20200903_143521\\1599115555956.png]]

2020-09-03 14:45:56 - [MESSAGE][FAILED] - Unable to call Test Case 'Test Cases/V2/Test Case/Pre-conditions/PRE_ActivateNewUser' (Root cause: com.kms.katalon.core.exception.StepFailedException: Call Test Case 'Test Cases/V2/Test Case/Pre-conditions/PRE_ActivateNewUser' failed
	at com.kms.katalon.core.keyword.builtin.CallTestCaseKeyword$_callTestCase_closure1.doCall(CallTestCaseKeyword.groovy:63)
	at com.kms.katalon.core.keyword.builtin.CallTestCaseKeyword$_callTestCase_closure1.call(CallTestCaseKeyword.groovy)
	at com.kms.katalon.core.keyword.internal.KeywordMain.runKeyword(KeywordMain.groovy:68)
	at com.kms.katalon.core.keyword.builtin.CallTestCaseKeyword.callTestCase(CallTestCaseKeyword.groovy:81)
	at com.kms.katalon.core.keyword.builtin.CallTestCaseKeyword.execute(CallTestCaseKeyword.groovy:44)
	at com.kms.katalon.core.keyword.internal.KeywordExecutor.executeKeywordForPlatform(KeywordExecutor.groovy:73)
	at com.kms.katalon.core.keyword.BuiltinKeywords.callTestCase(BuiltinKeywords.groovy:334)
	at PRE_RegisterAndActivateTTUsers.run(PRE_RegisterAndActivateTTUsers:51)
	at com.kms.katalon.core.main.ScriptEngine.run(ScriptEngine.java:194)
	at com.kms.katalon.core.main.ScriptEngine.runScriptAsRawText(ScriptEngine.java:119)
	at com.kms.katalon.core.main.TestCaseExecutor.runScript(TestCaseExecutor.java:339)
	at com.kms.katalon.core.main.TestCaseExecutor.doExecute(TestCaseExecutor.java:330)
	at com.kms.katalon.core.main.TestCaseExecutor.processExecutionPhase(TestCaseExecutor.java:309)
	at com.kms.katalon.core.main.TestCaseExecutor.accessMainPhase(TestCaseExecutor.java:301)
	at com.kms.katalon.core.main.TestCaseExecutor.execute(TestCaseExecutor.java:235)
	at com.kms.katalon.core.main.TestCaseMain.runTestCase(TestCaseMain.java:114)
	at com.kms.katalon.core.keyword.builtin.CallTestCaseKeyword$_callTestCase_closure1.doCall(CallTestCaseKeyword.groovy:59)
	at com.kms.katalon.core.keyword.builtin.CallTestCaseKeyword$_callTestCase_closure1.call(CallTestCaseKeyword.groovy)
	at com.kms.katalon.core.keyword.internal.KeywordMain.runKeyword(KeywordMain.groovy:68)
	at com.kms.katalon.core.keyword.builtin.CallTestCaseKeyword.callTestCase(CallTestCaseKeyword.groovy:81)
	at com.kms.katalon.core.keyword.builtin.CallTestCaseKeyword.execute(CallTestCaseKeyword.groovy:44)
	at com.kms.katalon.core.keyword.internal.KeywordExecutor.executeKeywordForPlatform(KeywordExecutor.groovy:73)
	at com.kms.katalon.core.keyword.BuiltinKeywords.callTestCase(BuiltinKeywords.groovy:334)
	at TT_369_2_CreateRock_AllTestCase.run(TT_369_2_CreateRock_AllTestCase:22)
	at com.kms.katalon.core.main.ScriptEngine.run(ScriptEngine.java:194)
	at com.kms.katalon.core.main.ScriptEngine.runScriptAsRawText(ScriptEngine.java:119)
	at com.kms.katalon.core.main.TestCaseExecutor.runScript(TestCaseExecutor.java:339)
	at com.kms.katalon.core.main.TestCaseExecutor.doExecute(TestCaseExecutor.java:330)
	at com.kms.katalon.core.main.TestCaseExecutor.processExecutionPhase(TestCaseExecutor.java:309)
	at com.kms.katalon.core.main.TestCaseExecutor.accessMainPhase(TestCaseExecutor.java:301)
	at com.kms.katalon.core.main.TestCaseExecutor.execute(TestCaseExecutor.java:235)
	at com.kms.katalon.core.main.TestSuiteExecutor.accessTestCaseMainPhase(TestSuiteExecutor.java:191)
	at com.kms.katalon.core.main.TestSuiteExecutor.accessTestSuiteMainPhase(TestSuiteExecutor.java:141)
	at com.kms.katalon.core.main.TestSuiteExecutor.execute(TestSuiteExecutor.java:90)
	at com.kms.katalon.core.main.TestCaseMain.startTestSuite(TestCaseMain.java:157)
	at com.kms.katalon.core.main.TestCaseMain$startTestSuite$0.call(Unknown Source)
	at TempTestSuite1599114921433.run(TempTestSuite1599114921433.groovy:39)
Caused by: com.kms.katalon.core.exception.StepFailedException: Unable to navigate to ''
	at com.kms.katalon.core.webui.keyword.internal.WebUIKeywordMain.stepFailed(WebUIKeywordMain.groovy:64)
	at com.kms.katalon.core.webui.keyword.internal.WebUIKeywordMain.runKeyword(WebUIKeywordMain.groovy:26)
	at com.kms.katalon.core.webui.keyword.builtin.NavigateToUrlKeyword.navigateToUrl(NavigateToUrlKeyword.groovy:83)
	at com.kms.katalon.core.webui.keyword.builtin.NavigateToUrlKeyword.execute(NavigateToUrlKeyword.groovy:67)
	at com.kms.katalon.core.keyword.internal.KeywordExecutor.executeKeywordForPlatform(KeywordExecutor.groovy:73)
	at com.kms.katalon.core.webui.keyword.WebUiBuiltInKeywords.navigateToUrl(WebUiBuiltInKeywords.groovy:183)
	at com.kms.katalon.core.webui.keyword.WebUiBuiltInKeywords$navigateToUrl$1.call(Unknown Source)
	at PRE_ActivateNewUser.run(PRE_ActivateNewUser:19)
	at com.kms.katalon.core.main.ScriptEngine.run(ScriptEngine.java:194)
	at com.kms.katalon.core.main.ScriptEngine.runScriptAsRawText(ScriptEngine.java:119)
	at com.kms.katalon.core.main.TestCaseExecutor.runScript(TestCaseExecutor.java:339)
	at com.kms.katalon.core.main.TestCaseExecutor.doExecute(TestCaseExecutor.java:330)
	at com.kms.katalon.core.main.TestCaseExecutor.processExecutionPhase(TestCaseExecutor.java:309)
	at com.kms.katalon.core.main.TestCaseExecutor.accessMainPhase(TestCaseExecutor.java:301)
	at com.kms.katalon.core.main.TestCaseExecutor.execute(TestCaseExecutor.java:235)
	at com.kms.katalon.core.main.TestCaseMain.runTestCase(TestCaseMain.java:114)
	at com.kms.katalon.core.keyword.builtin.CallTestCaseKeyword$_callTestCase_closure1.doCall(CallTestCaseKeyword.groovy:59)
	... 36 more
Caused by: java.lang.IllegalArgumentException: Url cannot be null or empty
	at com.kms.katalon.core.webui.keyword.builtin.NavigateToUrlKeyword$_navigateToUrl_closure1.doCall(NavigateToUrlKeyword.groovy:75)
	at com.kms.katalon.core.webui.keyword.builtin.NavigateToUrlKeyword$_navigateToUrl_closure1.call(NavigateToUrlKeyword.groovy)
	at com.kms.katalon.core.webui.keyword.internal.WebUIKeywordMain.runKeyword(WebUIKeywordMain.groovy:20)
	... 51 more
)

2020-09-03 14:45:56 - [MESSAGE][FAILED] - Unable to call Test Case 'Test Cases/V2/Test Case/Pre-conditions/PRE_RegisterAndActivateTTUsers' (Root cause: com.kms.katalon.core.exception.StepFailedException: Call Test Case 'Test Cases/V2/Test Case/Pre-conditions/PRE_RegisterAndActivateTTUsers' failed
	at com.kms.katalon.core.keyword.builtin.CallTestCaseKeyword$_callTestCase_closure1.doCall(CallTestCaseKeyword.groovy:63)
	at com.kms.katalon.core.keyword.builtin.CallTestCaseKeyword$_callTestCase_closure1.call(CallTestCaseKeyword.groovy)
	at com.kms.katalon.core.keyword.internal.KeywordMain.runKeyword(KeywordMain.groovy:68)
	at com.kms.katalon.core.keyword.builtin.CallTestCaseKeyword.callTestCase(CallTestCaseKeyword.groovy:81)
	at com.kms.katalon.core.keyword.builtin.CallTestCaseKeyword.execute(CallTestCaseKeyword.groovy:44)
	at com.kms.katalon.core.keyword.internal.KeywordExecutor.executeKeywordForPlatform(KeywordExecutor.groovy:73)
	at com.kms.katalon.core.keyword.BuiltinKeywords.callTestCase(BuiltinKeywords.groovy:334)
	at TT_369_2_CreateRock_AllTestCase.run(TT_369_2_CreateRock_AllTestCase:22)
	at com.kms.katalon.core.main.ScriptEngine.run(ScriptEngine.java:194)
	at com.kms.katalon.core.main.ScriptEngine.runScriptAsRawText(ScriptEngine.java:119)
	at com.kms.katalon.core.main.TestCaseExecutor.runScript(TestCaseExecutor.java:339)
	at com.kms.katalon.core.main.TestCaseExecutor.doExecute(TestCaseExecutor.java:330)
	at com.kms.katalon.core.main.TestCaseExecutor.processExecutionPhase(TestCaseExecutor.java:309)
	at com.kms.katalon.core.main.TestCaseExecutor.accessMainPhase(TestCaseExecutor.java:301)
	at com.kms.katalon.core.main.TestCaseExecutor.execute(TestCaseExecutor.java:235)
	at com.kms.katalon.core.main.TestSuiteExecutor.accessTestCaseMainPhase(TestSuiteExecutor.java:191)
	at com.kms.katalon.core.main.TestSuiteExecutor.accessTestSuiteMainPhase(TestSuiteExecutor.java:141)
	at com.kms.katalon.core.main.TestSuiteExecutor.execute(TestSuiteExecutor.java:90)
	at com.kms.katalon.core.main.TestCaseMain.startTestSuite(TestCaseMain.java:157)
	at com.kms.katalon.core.main.TestCaseMain$startTestSuite$0.call(Unknown Source)
	at TempTestSuite1599114921433.run(TempTestSuite1599114921433.groovy:39)
Caused by: com.kms.katalon.core.exception.StepFailedException: FAILED register and activate the user via API.
	at com.kms.katalon.core.util.KeywordUtil.markFailed(KeywordUtil.java:19)
	at com.kms.katalon.core.util.KeywordUtil$markFailed$0.call(Unknown Source)
	at tt_CustomKeywords.CustomKeywords.RegisterUserViaAPIAndGenerateActivateURL(CustomKeywords.groovy:414)
	at tt_CustomKeywords.CustomKeywords.invokeMethod(CustomKeywords.groovy)
	at com.kms.katalon.core.main.CustomKeywordDelegatingMetaClass.invokeStaticMethod(CustomKeywordDelegatingMetaClass.java:50)
	at PRE_RegisterAndActivateTTUsers.run(PRE_RegisterAndActivateTTUsers:30)
	at com.kms.katalon.core.main.ScriptEngine.run(ScriptEngine.java:194)
	at com.kms.katalon.core.main.ScriptEngine.runScriptAsRawText(ScriptEngine.java:119)
	at com.kms.katalon.core.main.TestCaseExecutor.runScript(TestCaseExecutor.java:339)
	at com.kms.katalon.core.main.TestCaseExecutor.doExecute(TestCaseExecutor.java:330)
	at com.kms.katalon.core.main.TestCaseExecutor.processExecutionPhase(TestCaseExecutor.java:309)
	at com.kms.katalon.core.main.TestCaseExecutor.accessMainPhase(TestCaseExecutor.java:301)
	at com.kms.katalon.core.main.TestCaseExecutor.execute(TestCaseExecutor.java:235)
	at com.kms.katalon.core.main.TestCaseMain.runTestCase(TestCaseMain.java:114)
	at com.kms.katalon.core.keyword.builtin.CallTestCaseKeyword$_callTestCase_closure1.doCall(CallTestCaseKeyword.groovy:59)
	... 20 more
)]]></system-out>
         <system-err><![CDATA[2020-09-03 14:45:46 - [TEST_CASE][FAILED] - Test Cases/V2/Test Case/Tests/PR-369 - EditMeetingAgenda/Test Cases/Positive/TT_369_2_CreateRock_AllTestCase: Test Cases/V2/Test Case/Tests/PR-369 - EditMeetingAgenda/Test Cases/Positive/TT_369_2_CreateRock_AllTestCase FAILED.
Reason:
com.kms.katalon.core.exception.StepFailedException: Call Test Case 'Test Cases/V2/Test Case/Pre-conditions/PRE_RegisterAndActivateTTUsers' failed
	at com.kms.katalon.core.keyword.builtin.CallTestCaseKeyword$_callTestCase_closure1.doCall(CallTestCaseKeyword.groovy:63)
	at com.kms.katalon.core.keyword.builtin.CallTestCaseKeyword$_callTestCase_closure1.call(CallTestCaseKeyword.groovy)
	at com.kms.katalon.core.keyword.internal.KeywordMain.runKeyword(KeywordMain.groovy:68)
	at com.kms.katalon.core.keyword.builtin.CallTestCaseKeyword.callTestCase(CallTestCaseKeyword.groovy:81)
	at com.kms.katalon.core.keyword.builtin.CallTestCaseKeyword.execute(CallTestCaseKeyword.groovy:44)
	at com.kms.katalon.core.keyword.internal.KeywordExecutor.executeKeywordForPlatform(KeywordExecutor.groovy:73)
	at com.kms.katalon.core.keyword.BuiltinKeywords.callTestCase(BuiltinKeywords.groovy:334)
	at TT_369_2_CreateRock_AllTestCase.run(TT_369_2_CreateRock_AllTestCase:22)
	at com.kms.katalon.core.main.ScriptEngine.run(ScriptEngine.java:194)
	at com.kms.katalon.core.main.ScriptEngine.runScriptAsRawText(ScriptEngine.java:119)
	at com.kms.katalon.core.main.TestCaseExecutor.runScript(TestCaseExecutor.java:339)
	at com.kms.katalon.core.main.TestCaseExecutor.doExecute(TestCaseExecutor.java:330)
	at com.kms.katalon.core.main.TestCaseExecutor.processExecutionPhase(TestCaseExecutor.java:309)
	at com.kms.katalon.core.main.TestCaseExecutor.accessMainPhase(TestCaseExecutor.java:301)
	at com.kms.katalon.core.main.TestCaseExecutor.execute(TestCaseExecutor.java:235)
	at com.kms.katalon.core.main.TestSuiteExecutor.accessTestCaseMainPhase(TestSuiteExecutor.java:191)
	at com.kms.katalon.core.main.TestSuiteExecutor.accessTestSuiteMainPhase(TestSuiteExecutor.java:141)
	at com.kms.katalon.core.main.TestSuiteExecutor.execute(TestSuiteExecutor.java:90)
	at com.kms.katalon.core.main.TestCaseMain.startTestSuite(TestCaseMain.java:157)
	at com.kms.katalon.core.main.TestCaseMain$startTestSuite$0.call(Unknown Source)
	at TempTestSuite1599114921433.run(TempTestSuite1599114921433.groovy:39)
Caused by: com.kms.katalon.core.exception.StepFailedException: FAILED register and activate the user via API.
	at com.kms.katalon.core.util.KeywordUtil.markFailed(KeywordUtil.java:19)
	at com.kms.katalon.core.util.KeywordUtil$markFailed$0.call(Unknown Source)
	at tt_CustomKeywords.CustomKeywords.RegisterUserViaAPIAndGenerateActivateURL(CustomKeywords.groovy:414)
	at tt_CustomKeywords.CustomKeywords.invokeMethod(CustomKeywords.groovy)
	at com.kms.katalon.core.main.CustomKeywordDelegatingMetaClass.invokeStaticMethod(CustomKeywordDelegatingMetaClass.java:50)
	at PRE_RegisterAndActivateTTUsers.run(PRE_RegisterAndActivateTTUsers:30)
	at com.kms.katalon.core.main.ScriptEngine.run(ScriptEngine.java:194)
	at com.kms.katalon.core.main.ScriptEngine.runScriptAsRawText(ScriptEngine.java:119)
	at com.kms.katalon.core.main.TestCaseExecutor.runScript(TestCaseExecutor.java:339)
	at com.kms.katalon.core.main.TestCaseExecutor.doExecute(TestCaseExecutor.java:330)
	at com.kms.katalon.core.main.TestCaseExecutor.processExecutionPhase(TestCaseExecutor.java:309)
	at com.kms.katalon.core.main.TestCaseExecutor.accessMainPhase(TestCaseExecutor.java:301)
	at com.kms.katalon.core.main.TestCaseExecutor.execute(TestCaseExecutor.java:235)
	at com.kms.katalon.core.main.TestCaseMain.runTestCase(TestCaseMain.java:114)
	at com.kms.katalon.core.keyword.builtin.CallTestCaseKeyword$_callTestCase_closure1.doCall(CallTestCaseKeyword.groovy:59)
	... 20 more]]></system-err>
      </testcase>
      <testcase name="Test Cases/V2/Test Case/Tests/PR-369 - EditMeetingAgenda/Test Cases/Positive/TT_369_2_CreateRock_AllTestCase" time="397.022" classname="Test Cases/V2/Test Case/Tests/PR-369 - EditMeetingAgenda/Test Cases/Positive/TT_369_2_CreateRock_AllTestCase" status="PASSED">
         <system-out><![CDATA[2020-09-03 14:45:56 - [TEST_CASE][PASSED] - Test Cases/V2/Test Case/Tests/PR-369 - EditMeetingAgenda/Test Cases/Positive/TT_369_2_CreateRock_AllTestCase: Test Cases/V2/Test Case/Tests/PR-369 - EditMeetingAgenda/Test Cases/Positive/TT_369_2_CreateRock_AllTestCase

2020-09-03 14:45:56 - [TEST_STEP][PASSED] - callTestCase(findTestCase("V2/Test Case/Pre-conditions/PRE_RegisterAndActivateTTUsers"), ["admin_fname":admin_fname, "lastname":lastname, "phonenumber":"9999999999", "company":"Traction Tools", "password":password, ... ], STOP_ON_FAILURE): Call Test Case 'Test Cases/V2/Test Case/Pre-conditions/PRE_RegisterAndActivateTTUsers' successfully

2020-09-03 14:45:56 - [TEST_CASE][PASSED] - Test Cases/V2/Test Case/Pre-conditions/PRE_RegisterAndActivateTTUsers: Test Cases/V2/Test Case/Pre-conditions/PRE_RegisterAndActivateTTUsers

2020-09-03 14:45:56 - [TEST_STEP][PASSED] - email = tt_CustomKeywords.CustomKeywords.GenerateRandomEmailAddress(admin_email_prefix, admin_email_domain, randomTextLength): Successfully generated a random email: tractiontools.user001+ta52833e@gmail.com

2020-09-03 14:45:56 - [MESSAGE][PASSED] - Successfully generated a random email: tractiontools.user001+ta52833e@gmail.com

2020-09-03 14:45:56 - [TEST_STEP][PASSED] - supervisor_email = tt_CustomKeywords.CustomKeywords.GenerateRandomEmailAddress(supervisor_email_prefix, supervisor_email_domain, randomTextLength): Successfully generated a random email: tractiontools.user001+ts5rbux2@gmail.com

2020-09-03 14:45:56 - [MESSAGE][PASSED] - Successfully generated a random email: tractiontools.user001+ts5rbux2@gmail.com

2020-09-03 14:45:56 - [TEST_STEP][PASSED] - employee_email = tt_CustomKeywords.CustomKeywords.GenerateRandomEmailAddress(employee_email_prefix, employee_email_domain, randomTextLength): Successfully generated a random email: tractiontools.user001+te5550bq@gmail.com

2020-09-03 14:45:56 - [MESSAGE][PASSED] - Successfully generated a random email: tractiontools.user001+te5550bq@gmail.com

2020-09-03 14:45:56 - [TEST_STEP][PASSED] - adminDetails = tt_CustomKeywords.CustomKeywords.RegisterUserViaAPIAndGenerateActivateURL(email, admin_fname, lastname, phonenumber, company, "__JSON__{\"howDidYouHearAboutUs\":\"Facebook\",\"implementer\":\"\",\"existingTractionToolsClient\":\"\",\"other\":\"\"}", "__JSON__{\"timeZone\":\"America/Guatemala\",\"brandColor\":\"#023047\",\"q1Start\":null,\"q1End\":null,\"q2Start\":null,\"q2End\":null,\"q3Start\":null,\"q3End\":null,\"q4Start\":null,\"q4End\":null,\"quarterDatesSetsRocks\":false,\"exportUsers\":false,\"exportRocks\":false,\"exportRocksIncludesMilestones\":false,\"exportScorecards\":false,\"exportTodos\":false,\"exportTodosIncludesNotes\":false,\"exportPeopleHeadlines\":false,\"exportPeopleHeadlinesIncludesNotes\":false,\"exportIssues\":false,\"exportIssuesIncludesNotes\":false,\"exportContextAwareTodos\":false,\"dateFormat\":\"MM/DD/YYYY\",\"timeFormat\":\"h:mma\",\"numberFormat\":\"-1,000.99\",\"supervisorsArchiveRestoreUsers\":false,\"supervisorsEditPositions\":false,\"milestonesAvailableToAll\":false,\"customMeetingTemplatesEnabled\":false,\"receiveTodoReminders\":false,\"todoReminderTime\":\"13:00\",\"todoReminderTimeZone\":\"America/Guatemala\",\"todoReminderFrequency\":\"DAILY\",\"vtoMeetingId\":\"\",\"vtoDisplayMode\":\"ALL\",\"coreValues\":[{\"id\":\"1\",\"text\":\"\"},{\"id\":\"2\",\"text\":\"\"},{\"id\":\"3\",\"text\":\"\"}]}", password, V2Url): SUCCESFFULLY registered a new user via API. 
 Generated Activation Link: 
https://v2dev.traction.tools/activate?activationKey=619ff8df-5668-461f-a588-6cbb59293fa0&userId=ffa672a4-3b14-4b4a-a1ce-d6a7cfaec551&orgId=c04e17be-3dd8-4b84-9e3b-5bbb0e29d237&email=tractiontools.user001+ta52833e@gmail.com&teamsId=8b84da6e-abd0-4b6d-b919-b8aae1a94cd1&meetingsId=e6e0495a-5c6b-45b6-9596-b1753baae9d4&adminsId=9ec9d853-448e-4620-ac48-62f5578cb45a&usersId=738f6687-ce08-4e32-8559-8c9d07cf8f7e&supervisorsId=3ec11c00-dbb1-4b2e-ad2f-53c85a1d0e28&accountabilityChartId=d52ffa50-0a75-4206-a989-b1a551843a2d&isCreator=1

2020-09-03 14:46:15 - [MESSAGE][PASSED] - SUCCESFFULLY registered a new user via API. 
 Generated Activation Link: 
https://v2dev.traction.tools/activate?activationKey=619ff8df-5668-461f-a588-6cbb59293fa0&userId=ffa672a4-3b14-4b4a-a1ce-d6a7cfaec551&orgId=c04e17be-3dd8-4b84-9e3b-5bbb0e29d237&email=tractiontools.user001+ta52833e@gmail.com&teamsId=8b84da6e-abd0-4b6d-b919-b8aae1a94cd1&meetingsId=e6e0495a-5c6b-45b6-9596-b1753baae9d4&adminsId=9ec9d853-448e-4620-ac48-62f5578cb45a&usersId=738f6687-ce08-4e32-8559-8c9d07cf8f7e&supervisorsId=3ec11c00-dbb1-4b2e-ad2f-53c85a1d0e28&accountabilityChartId=d52ffa50-0a75-4206-a989-b1a551843a2d&isCreator=1

2020-09-03 14:46:15 - [TEST_STEP][PASSED] - activationURL = adminDetails[0]: null

2020-09-03 14:46:15 - [TEST_STEP][PASSED] - orgID = adminDetails[1]: null

2020-09-03 14:46:15 - [TEST_STEP][PASSED] - out.println("URL: " + activationURL): null

2020-09-03 14:46:15 - [TEST_STEP][PASSED] - out.println("orgID: " + orgID): null

2020-09-03 14:46:15 - [TEST_STEP][PASSED] - supervisorUser_name = supervisor_fname + " " + lastname: null

2020-09-03 14:46:15 - [TEST_STEP][PASSED] - openBrowser(""): Browser is opened with url: ''

2020-09-03 14:46:15 - [MESSAGE][WARNING] - A browser is already opened. Closing browser and opening a new one

2020-09-03 14:46:15 - [MESSAGE][INFO] - Starting 'Chrome' driver

2020-09-03 14:46:15 - [MESSAGE][INFO] - Action delay is set to 0 milliseconds

2020-09-03 14:46:19 - [MESSAGE][PASSED] - Browser is opened with url: ''

2020-09-03 14:46:19 - [TEST_STEP][PASSED] - maximizeWindow(): Current window maximized

2020-09-03 14:46:21 - [MESSAGE][PASSED] - Current window maximized

2020-09-03 14:46:21 - [TEST_STEP][PASSED] - callTestCase(findTestCase("V2/Test Case/Pre-conditions/PRE_ActivateNewUser"), ["activationURL":activationURL, "email":email, "password":password], STOP_ON_FAILURE): Call Test Case 'Test Cases/V2/Test Case/Pre-conditions/PRE_ActivateNewUser' successfully

2020-09-03 14:46:21 - [TEST_CASE][PASSED] - Test Cases/V2/Test Case/Pre-conditions/PRE_ActivateNewUser: Test Cases/V2/Test Case/Pre-conditions/PRE_ActivateNewUser

2020-09-03 14:46:21 - [TEST_STEP][PASSED] - navigateToUrl(activationURL): Navigate to 'https://v2dev.traction.tools/activate?activationKey=619ff8df-5668-461f-a588-6cbb59293fa0&userId=ffa672a4-3b14-4b4a-a1ce-d6a7cfaec551&orgId=c04e17be-3dd8-4b84-9e3b-5bbb0e29d237&email=tractiontools.user001+ta52833e@gmail.com&teamsId=8b84da6e-abd0-4b6d-b919-b8aae1a94cd1&meetingsId=e6e0495a-5c6b-45b6-9596-b1753baae9d4&adminsId=9ec9d853-448e-4620-ac48-62f5578cb45a&usersId=738f6687-ce08-4e32-8559-8c9d07cf8f7e&supervisorsId=3ec11c00-dbb1-4b2e-ad2f-53c85a1d0e28&accountabilityChartId=d52ffa50-0a75-4206-a989-b1a551843a2d&isCreator=1' successfully

2020-09-03 14:46:23 - [MESSAGE][PASSED] - Navigate to 'https://v2dev.traction.tools/activate?activationKey=619ff8df-5668-461f-a588-6cbb59293fa0&userId=ffa672a4-3b14-4b4a-a1ce-d6a7cfaec551&orgId=c04e17be-3dd8-4b84-9e3b-5bbb0e29d237&email=tractiontools.user001+ta52833e@gmail.com&teamsId=8b84da6e-abd0-4b6d-b919-b8aae1a94cd1&meetingsId=e6e0495a-5c6b-45b6-9596-b1753baae9d4&adminsId=9ec9d853-448e-4620-ac48-62f5578cb45a&usersId=738f6687-ce08-4e32-8559-8c9d07cf8f7e&supervisorsId=3ec11c00-dbb1-4b2e-ad2f-53c85a1d0e28&accountabilityChartId=d52ffa50-0a75-4206-a989-b1a551843a2d&isCreator=1' successfully

2020-09-03 14:46:23 - [TEST_STEP][PASSED] - waitForElementVisible(findTestObject("V2/Commons/ActivationPage/input_Email_email"), DefaultTimeout): Object 'Object Repository/V2/Commons/ActivationPage/input_Email_email' is visible

2020-09-03 14:46:32 - [MESSAGE][PASSED] - Object 'Object Repository/V2/Commons/ActivationPage/input_Email_email' is visible

2020-09-03 14:46:32 - [TEST_STEP][PASSED] - actual_email = getAttribute(findTestObject("Object Repository/V2/Commons/ActivationPage/input_Email_email"), "value"): Attribute 'value' of object 'Object Repository/V2/Commons/ActivationPage/input_Email_email' is: 'tractiontools.user001+ta52833e@gmail.com'

2020-09-03 14:46:32 - [MESSAGE][PASSED] - Attribute 'value' of object 'Object Repository/V2/Commons/ActivationPage/input_Email_email' is: 'tractiontools.user001+ta52833e@gmail.com'

2020-09-03 14:46:32 - [TEST_STEP][PASSED] - verifyMatch(actual_email, email, false): Actual text 'tractiontools.user001+ta52833e@gmail.com' and expected text 'tractiontools.user001+ta52833e@gmail.com' are matched 

2020-09-03 14:46:32 - [MESSAGE][PASSED] - Actual text 'tractiontools.user001+ta52833e@gmail.com' and expected text 'tractiontools.user001+ta52833e@gmail.com' are matched 

2020-09-03 14:46:32 - [TEST_STEP][PASSED] - setText(findTestObject("V2/Commons/ActivationPage/input_password"), password): Text 'Qwer123!' is set on object 'Object Repository/V2/Commons/ActivationPage/input_password'

2020-09-03 14:46:33 - [MESSAGE][PASSED] - Text 'Qwer123!' is set on object 'Object Repository/V2/Commons/ActivationPage/input_password'

2020-09-03 14:46:33 - [TEST_STEP][PASSED] - setText(findTestObject("Object Repository/V2/Commons/ActivationPage/input__passwordRepeat"), password): Text 'Qwer123!' is set on object 'Object Repository/V2/Commons/ActivationPage/input__passwordRepeat'

2020-09-03 14:46:34 - [MESSAGE][PASSED] - Text 'Qwer123!' is set on object 'Object Repository/V2/Commons/ActivationPage/input__passwordRepeat'

2020-09-03 14:46:34 - [TEST_STEP][PASSED] - click(findTestObject("V2/Commons/ActivationPage/input_termsandconditions")): Object: 'Object Repository/V2/Commons/ActivationPage/input_termsandconditions' is clicked on

2020-09-03 14:46:34 - [MESSAGE][PASSED] - Object: 'Object Repository/V2/Commons/ActivationPage/input_termsandconditions' is clicked on

2020-09-03 14:46:34 - [TEST_STEP][PASSED] - click(findTestObject("Object Repository/V2/Commons/ActivationPage/div_Create account")): Object: 'Object Repository/V2/Commons/ActivationPage/div_Create account' is clicked on

2020-09-03 14:46:35 - [MESSAGE][PASSED] - Object: 'Object Repository/V2/Commons/ActivationPage/div_Create account' is clicked on

2020-09-03 14:46:35 - [TEST_STEP][PASSED] - waitForElementPresent(findTestObject("V2/Commons/DasboardPage_SidebarMenu/img_Home_logo-big"), DefaultTimeout): Object 'Object Repository/V2/Commons/DasboardPage_SidebarMenu/img_Home_logo-big' is present

2020-09-03 14:46:48 - [MESSAGE][PASSED] - Object 'Object Repository/V2/Commons/DasboardPage_SidebarMenu/img_Home_logo-big' is present

2020-09-03 14:46:48 - [TEST_STEP][PASSED] - verifyElementPresent(findTestObject("V2/Commons/DasboardPage_SidebarMenu/img_Home_logo-big"), 0): Object 'Object Repository/V2/Commons/DasboardPage_SidebarMenu/img_Home_logo-big' is present

2020-09-03 14:46:48 - [MESSAGE][WARNING] - Timeout '0' is invalid. Using default page load timeout: '30'

2020-09-03 14:46:48 - [MESSAGE][PASSED] - Object 'Object Repository/V2/Commons/DasboardPage_SidebarMenu/img_Home_logo-big' is present

2020-09-03 14:46:48 - [MESSAGE][PASSED] - Call Test Case 'Test Cases/V2/Test Case/Pre-conditions/PRE_ActivateNewUser' successfully

2020-09-03 14:46:48 - [TEST_STEP][PASSED] - callTestCase(findTestCase("V2/Test Case/Pre-conditions/PRE_SkipCompanyAndPersonalProfileSetup"), [:], STOP_ON_FAILURE): Call Test Case 'Test Cases/V2/Test Case/Pre-conditions/PRE_SkipCompanyAndPersonalProfileSetup' successfully

2020-09-03 14:46:48 - [TEST_CASE][PASSED] - Test Cases/V2/Test Case/Pre-conditions/PRE_SkipCompanyAndPersonalProfileSetup: Test Cases/V2/Test Case/Pre-conditions/PRE_SkipCompanyAndPersonalProfileSetup

2020-09-03 14:46:48 - [TEST_STEP][PASSED] - waitForElementVisible(findTestObject("V2/Commons/FirstUpdateCompanyAndPersonalInfoModal/confirmCompanyInfoHeader_h1"), DefaultTimeout): Object 'Object Repository/V2/Commons/FirstUpdateCompanyAndPersonalInfoModal/confirmCompanyInfoHeader_h1' is visible

2020-09-03 14:46:49 - [MESSAGE][PASSED] - Object 'Object Repository/V2/Commons/FirstUpdateCompanyAndPersonalInfoModal/confirmCompanyInfoHeader_h1' is visible

2020-09-03 14:46:49 - [TEST_STEP][PASSED] - click(findTestObject("V2/Commons/FirstUpdateCompanyAndPersonalInfoModal/confirmInfoSkip_button")): Object: 'Object Repository/V2/Commons/FirstUpdateCompanyAndPersonalInfoModal/confirmInfoSkip_button' is clicked on

2020-09-03 14:46:49 - [MESSAGE][PASSED] - Object: 'Object Repository/V2/Commons/FirstUpdateCompanyAndPersonalInfoModal/confirmInfoSkip_button' is clicked on

2020-09-03 14:46:49 - [TEST_STEP][PASSED] - waitForElementVisible(findTestObject("V2/Commons/FirstUpdateCompanyAndPersonalInfoModal/confirmPersonalInfoHeader_h1"), DefaultTimeout): Object 'Object Repository/V2/Commons/FirstUpdateCompanyAndPersonalInfoModal/confirmPersonalInfoHeader_h1' is visible

2020-09-03 14:46:50 - [MESSAGE][PASSED] - Object 'Object Repository/V2/Commons/FirstUpdateCompanyAndPersonalInfoModal/confirmPersonalInfoHeader_h1' is visible

2020-09-03 14:46:50 - [TEST_STEP][PASSED] - click(findTestObject("V2/Commons/FirstUpdateCompanyAndPersonalInfoModal/confirmInfoSkip_button")): Object: 'Object Repository/V2/Commons/FirstUpdateCompanyAndPersonalInfoModal/confirmInfoSkip_button' is clicked on

2020-09-03 14:46:50 - [MESSAGE][PASSED] - Object: 'Object Repository/V2/Commons/FirstUpdateCompanyAndPersonalInfoModal/confirmInfoSkip_button' is clicked on

2020-09-03 14:46:50 - [TEST_STEP][PASSED] - waitForElementVisible(findTestObject("V2/Commons/FirstUpdateCompanyAndPersonalInfoModal/letsGetStarted_button"), DefaultTimeout): Object 'Object Repository/V2/Commons/FirstUpdateCompanyAndPersonalInfoModal/letsGetStarted_button' is visible

2020-09-03 14:46:52 - [MESSAGE][PASSED] - Object 'Object Repository/V2/Commons/FirstUpdateCompanyAndPersonalInfoModal/letsGetStarted_button' is visible

2020-09-03 14:46:52 - [TEST_STEP][PASSED] - click(findTestObject("V2/Commons/FirstUpdateCompanyAndPersonalInfoModal/letsGetStarted_button")): Object: 'Object Repository/V2/Commons/FirstUpdateCompanyAndPersonalInfoModal/letsGetStarted_button' is clicked on

2020-09-03 14:46:52 - [MESSAGE][PASSED] - Object: 'Object Repository/V2/Commons/FirstUpdateCompanyAndPersonalInfoModal/letsGetStarted_button' is clicked on

2020-09-03 14:46:52 - [MESSAGE][PASSED] - Call Test Case 'Test Cases/V2/Test Case/Pre-conditions/PRE_SkipCompanyAndPersonalProfileSetup' successfully

2020-09-03 14:46:52 - [TEST_STEP][PASSED] - supervisor_activationURL = tt_CustomKeywords.CustomKeywords.RegisterAndActivateSupervisorUserViaAPI(V2Url, orgID, supervisor_email, password, email, password, supervisor_fname, lastname): SUCCESFFULLY registered a new user via API. 
 Generated Activation Link: 
https://v2dev.traction.tools/activate?activationKey=c273b23a-378b-431d-8fe7-c2a9b97931f9&userId=3a5b2f63-f84a-4b73-8ce8-0bcb929051c3&orgId=c04e17be-3dd8-4b84-9e3b-5bbb0e29d237&email=tractiontools.user001+ts5rbux2@gmail.com&isCreator=0

2020-09-03 14:46:58 - [MESSAGE][PASSED] - SUCCESFFULLY registered a new user via API. 
 Generated Activation Link: 
https://v2dev.traction.tools/activate?activationKey=c273b23a-378b-431d-8fe7-c2a9b97931f9&userId=3a5b2f63-f84a-4b73-8ce8-0bcb929051c3&orgId=c04e17be-3dd8-4b84-9e3b-5bbb0e29d237&email=tractiontools.user001+ts5rbux2@gmail.com&isCreator=0

2020-09-03 14:46:58 - [TEST_STEP][PASSED] - callTestCase(findTestCase("V2/Test Case/Pre-conditions/PRE_ChangeUserPermissionViaManageUser"), ["showMenuItemsPath":"//div[@class='usercard__detail_container']/div[text()='%s']/ancestor::div[contains(@class,'usercard__content')]//button[@aria-label='Show Menu Items']", "user_email":supervisor_email, ... ], STOP_ON_FAILURE): Call Test Case 'Test Cases/V2/Test Case/Pre-conditions/PRE_ChangeUserPermissionViaManageUser' successfully

2020-09-03 14:46:58 - [TEST_CASE][PASSED] - Test Cases/V2/Test Case/Pre-conditions/PRE_ChangeUserPermissionViaManageUser: Test Cases/V2/Test Case/Pre-conditions/PRE_ChangeUserPermissionViaManageUser

2020-09-03 14:46:58 - [TEST_STEP][PASSED] - click(findTestObject("Object Repository/V2/Commons/ManageUsersPage/span_Company Settings")): Object: 'Object Repository/V2/Commons/ManageUsersPage/span_Company Settings' is clicked on

2020-09-03 14:46:58 - [MESSAGE][PASSED] - Object: 'Object Repository/V2/Commons/ManageUsersPage/span_Company Settings' is clicked on

2020-09-03 14:46:58 - [TEST_STEP][PASSED] - click(findTestObject("V2/Commons/DasboardPage_SidebarMenu/a_Manage Users")): Object: 'Object Repository/V2/Commons/DasboardPage_SidebarMenu/a_Manage Users' is clicked on

2020-09-03 14:46:59 - [MESSAGE][PASSED] - Object: 'Object Repository/V2/Commons/DasboardPage_SidebarMenu/a_Manage Users' is clicked on

2020-09-03 14:46:59 - [TEST_STEP][PASSED] - showMenuItemsObj = tt_CustomKeywords.CustomKeywords.CreateDynamicElement(showMenuItemsPath, user_email, "xpath"): Successfully created new dynamic object: //div[@class='usercard__detail_container']/div[text()='tractiontools.user001+ts5rbux2@gmail.com']/ancestor::div[contains(@class,'usercard__content')]//button[@aria-label='Show Menu Items']

2020-09-03 14:46:59 - [MESSAGE][PASSED] - Successfully created new dynamic object: //div[@class='usercard__detail_container']/div[text()='tractiontools.user001+ts5rbux2@gmail.com']/ancestor::div[contains(@class,'usercard__content')]//button[@aria-label='Show Menu Items']

2020-09-03 14:46:59 - [TEST_STEP][PASSED] - click(showMenuItemsObj): Object: '' is clicked on

2020-09-03 14:47:00 - [MESSAGE][PASSED] - Object: '' is clicked on

2020-09-03 14:47:00 - [TEST_STEP][PASSED] - click(findTestObject("Object Repository/V2/Commons/ManageUsersPage/div_Edit user")): Object: 'Object Repository/V2/Commons/ManageUsersPage/div_Edit user' is clicked on

2020-09-03 14:47:00 - [MESSAGE][PASSED] - Object: 'Object Repository/V2/Commons/ManageUsersPage/div_Edit user' is clicked on

2020-09-03 14:47:00 - [TEST_STEP][PASSED] - verifyElementPresent(findTestObject("V2/Commons/ManageUsersPage/div_PositionTitle"), DefaultTimeout): Object 'Object Repository/V2/Commons/ManageUsersPage/div_PositionTitle' is present

2020-09-03 14:47:01 - [MESSAGE][PASSED] - Object 'Object Repository/V2/Commons/ManageUsersPage/div_PositionTitle' is present

2020-09-03 14:47:01 - [TEST_STEP][PASSED] - setText(findTestObject("V2/Commons/ManageUsersPage/position_title_input"), position_title): Text 'QA Manager' is set on object 'Object Repository/V2/Commons/ManageUsersPage/position_title_input'

2020-09-03 14:47:01 - [MESSAGE][PASSED] - Text 'QA Manager' is set on object 'Object Repository/V2/Commons/ManageUsersPage/position_title_input'

2020-09-03 14:47:01 - [TEST_STEP][PASSED] - sendKeys(findTestObject("V2/Commons/ManageUsersPage/position_title_input"), Keys.chord(ENTER)): Keys 'ENTER + ' sent to object: 'Object Repository/V2/Commons/ManageUsersPage/position_title_input'

2020-09-03 14:47:02 - [MESSAGE][PASSED] - Keys 'ENTER + ' sent to object: 'Object Repository/V2/Commons/ManageUsersPage/position_title_input'

2020-09-03 14:47:02 - [TEST_STEP][PASSED] - if (permissionValue == "Employee"): null

2020-09-03 14:47:02 - [TEST_STEP][PASSED] - verifyElementPresent(findTestObject("Object Repository/V2/Commons/ManageUsersPage/div_User type"), DefaultTimeout): Object 'Object Repository/V2/Commons/ManageUsersPage/div_User type' is present

2020-09-03 14:47:02 - [MESSAGE][PASSED] - Object 'Object Repository/V2/Commons/ManageUsersPage/div_User type' is present

2020-09-03 14:47:02 - [TEST_STEP][PASSED] - click(findTestObject("Object Repository/V2/Commons/ManageUsersPage/input__orgRole")): Object: 'Object Repository/V2/Commons/ManageUsersPage/input__orgRole' is clicked on

2020-09-03 14:47:03 - [MESSAGE][PASSED] - Object: 'Object Repository/V2/Commons/ManageUsersPage/input__orgRole' is clicked on

2020-09-03 14:47:03 - [TEST_STEP][PASSED] - roleOptionObj = tt_CustomKeywords.CustomKeywords.CreateDynamicElement(roleOption, permissionValue, "xpath"): Successfully created new dynamic object: //span[text()='Supervisor']/parent::div[@role='option']

2020-09-03 14:47:03 - [MESSAGE][PASSED] - Successfully created new dynamic object: //span[text()='Supervisor']/parent::div[@role='option']

2020-09-03 14:47:03 - [TEST_STEP][PASSED] - click(roleOptionObj): Object: '' is clicked on

2020-09-03 14:47:03 - [MESSAGE][PASSED] - Object: '' is clicked on

2020-09-03 14:47:03 - [TEST_STEP][PASSED] - click(findTestObject("Object Repository/V2/Commons/ManageUsersPage/div_Save")): Object: 'Object Repository/V2/Commons/ManageUsersPage/div_Save' is clicked on

2020-09-03 14:47:04 - [MESSAGE][PASSED] - Object: 'Object Repository/V2/Commons/ManageUsersPage/div_Save' is clicked on

2020-09-03 14:47:04 - [TEST_STEP][PASSED] - waitForElementVisible(findTestObject("V2/Commons/ManageUsersPage/h3_User Saved"), DefaultTimeout): Object 'Object Repository/V2/Commons/ManageUsersPage/h3_User Saved' is visible

2020-09-03 14:47:14 - [MESSAGE][PASSED] - Object 'Object Repository/V2/Commons/ManageUsersPage/h3_User Saved' is visible

2020-09-03 14:47:14 - [TEST_STEP][PASSED] - verifyElementVisible(findTestObject("Object Repository/V2/Commons/ManageUsersPage/h3_User Saved")): Object 'Object Repository/V2/Commons/ManageUsersPage/h3_User Saved' is visible

2020-09-03 14:47:14 - [MESSAGE][PASSED] - Object 'Object Repository/V2/Commons/ManageUsersPage/h3_User Saved' is visible

2020-09-03 14:47:14 - [MESSAGE][PASSED] - Call Test Case 'Test Cases/V2/Test Case/Pre-conditions/PRE_ChangeUserPermissionViaManageUser' successfully

2020-09-03 14:47:14 - [TEST_STEP][PASSED] - employee_activationURL = tt_CustomKeywords.CustomKeywords.RegisterAndActivateSupervisorUserViaAPI(V2Url, orgID, employee_email, password, email, password, employee_fname, lastname): SUCCESFFULLY registered a new user via API. 
 Generated Activation Link: 
https://v2dev.traction.tools/activate?activationKey=179de55a-143d-4bad-973b-3485c7bf1510&userId=3657b03b-f9dd-463a-8d29-105a5f9526fc&orgId=c04e17be-3dd8-4b84-9e3b-5bbb0e29d237&email=tractiontools.user001+te5550bq@gmail.com&isCreator=0

2020-09-03 14:47:20 - [MESSAGE][PASSED] - SUCCESFFULLY registered a new user via API. 
 Generated Activation Link: 
https://v2dev.traction.tools/activate?activationKey=179de55a-143d-4bad-973b-3485c7bf1510&userId=3657b03b-f9dd-463a-8d29-105a5f9526fc&orgId=c04e17be-3dd8-4b84-9e3b-5bbb0e29d237&email=tractiontools.user001+te5550bq@gmail.com&isCreator=0

2020-09-03 14:47:20 - [TEST_STEP][PASSED] - callTestCase(findTestCase("V2/Test Case/Pre-conditions/PRE_ChangeUserPermissionViaManageUser"), ["showMenuItemsPath":"//div[@class='usercard__detail_container']/div[text()='%s']/ancestor::div[contains(@class,'usercard__content')]//button[@aria-label='Show Menu Items']", "user_email":employee_email, ... ], STOP_ON_FAILURE): Call Test Case 'Test Cases/V2/Test Case/Pre-conditions/PRE_ChangeUserPermissionViaManageUser' successfully

2020-09-03 14:47:20 - [TEST_CASE][PASSED] - Test Cases/V2/Test Case/Pre-conditions/PRE_ChangeUserPermissionViaManageUser: Test Cases/V2/Test Case/Pre-conditions/PRE_ChangeUserPermissionViaManageUser

2020-09-03 14:47:20 - [TEST_STEP][PASSED] - click(findTestObject("Object Repository/V2/Commons/ManageUsersPage/span_Company Settings")): Object: 'Object Repository/V2/Commons/ManageUsersPage/span_Company Settings' is clicked on

2020-09-03 14:47:21 - [MESSAGE][PASSED] - Object: 'Object Repository/V2/Commons/ManageUsersPage/span_Company Settings' is clicked on

2020-09-03 14:47:21 - [TEST_STEP][PASSED] - click(findTestObject("V2/Commons/DasboardPage_SidebarMenu/a_Manage Users")): Object: 'Object Repository/V2/Commons/DasboardPage_SidebarMenu/a_Manage Users' is clicked on

2020-09-03 14:47:21 - [MESSAGE][PASSED] - Object: 'Object Repository/V2/Commons/DasboardPage_SidebarMenu/a_Manage Users' is clicked on

2020-09-03 14:47:21 - [TEST_STEP][PASSED] - showMenuItemsObj = tt_CustomKeywords.CustomKeywords.CreateDynamicElement(showMenuItemsPath, user_email, "xpath"): Successfully created new dynamic object: //div[@class='usercard__detail_container']/div[text()='tractiontools.user001+te5550bq@gmail.com']/ancestor::div[contains(@class,'usercard__content')]//button[@aria-label='Show Menu Items']

2020-09-03 14:47:21 - [MESSAGE][PASSED] - Successfully created new dynamic object: //div[@class='usercard__detail_container']/div[text()='tractiontools.user001+te5550bq@gmail.com']/ancestor::div[contains(@class,'usercard__content')]//button[@aria-label='Show Menu Items']

2020-09-03 14:47:21 - [TEST_STEP][PASSED] - click(showMenuItemsObj): Object: '' is clicked on

2020-09-03 14:47:22 - [MESSAGE][PASSED] - Object: '' is clicked on

2020-09-03 14:47:22 - [TEST_STEP][PASSED] - click(findTestObject("Object Repository/V2/Commons/ManageUsersPage/div_Edit user")): Object: 'Object Repository/V2/Commons/ManageUsersPage/div_Edit user' is clicked on

2020-09-03 14:47:22 - [MESSAGE][PASSED] - Object: 'Object Repository/V2/Commons/ManageUsersPage/div_Edit user' is clicked on

2020-09-03 14:47:22 - [TEST_STEP][PASSED] - verifyElementPresent(findTestObject("V2/Commons/ManageUsersPage/div_PositionTitle"), DefaultTimeout): Object 'Object Repository/V2/Commons/ManageUsersPage/div_PositionTitle' is present

2020-09-03 14:47:23 - [MESSAGE][PASSED] - Object 'Object Repository/V2/Commons/ManageUsersPage/div_PositionTitle' is present

2020-09-03 14:47:23 - [TEST_STEP][PASSED] - setText(findTestObject("V2/Commons/ManageUsersPage/position_title_input"), position_title): Text 'Quality Assurance' is set on object 'Object Repository/V2/Commons/ManageUsersPage/position_title_input'

2020-09-03 14:47:23 - [MESSAGE][PASSED] - Text 'Quality Assurance' is set on object 'Object Repository/V2/Commons/ManageUsersPage/position_title_input'

2020-09-03 14:47:23 - [TEST_STEP][PASSED] - sendKeys(findTestObject("V2/Commons/ManageUsersPage/position_title_input"), Keys.chord(ENTER)): Keys 'ENTER + ' sent to object: 'Object Repository/V2/Commons/ManageUsersPage/position_title_input'

2020-09-03 14:47:24 - [MESSAGE][PASSED] - Keys 'ENTER + ' sent to object: 'Object Repository/V2/Commons/ManageUsersPage/position_title_input'

2020-09-03 14:47:24 - [TEST_STEP][PASSED] - if (permissionValue == "Employee"): Keys 'ENTER + ' sent to object: 'Object Repository/V2/Commons/ManageUsersPage/supervisor_input'

2020-09-03 14:47:24 - [TEST_STEP][PASSED] - verifyElementPresent(findTestObject("V2/Commons/ManageUsersPage/supervisor_input"), DefaultTimeout): Object 'Object Repository/V2/Commons/ManageUsersPage/supervisor_input' is present

2020-09-03 14:47:24 - [MESSAGE][PASSED] - Object 'Object Repository/V2/Commons/ManageUsersPage/supervisor_input' is present

2020-09-03 14:47:24 - [TEST_STEP][PASSED] - setText(findTestObject("V2/Commons/ManageUsersPage/supervisor_input"), user_supervisorName): Text 'Supervisor User' is set on object 'Object Repository/V2/Commons/ManageUsersPage/supervisor_input'

2020-09-03 14:47:25 - [MESSAGE][PASSED] - Text 'Supervisor User' is set on object 'Object Repository/V2/Commons/ManageUsersPage/supervisor_input'

2020-09-03 14:47:25 - [TEST_STEP][PASSED] - sendKeys(findTestObject("V2/Commons/ManageUsersPage/supervisor_input"), Keys.chord(ENTER)): Keys 'ENTER + ' sent to object: 'Object Repository/V2/Commons/ManageUsersPage/supervisor_input'

2020-09-03 14:47:25 - [MESSAGE][PASSED] - Keys 'ENTER + ' sent to object: 'Object Repository/V2/Commons/ManageUsersPage/supervisor_input'

2020-09-03 14:47:25 - [TEST_STEP][PASSED] - verifyElementPresent(findTestObject("Object Repository/V2/Commons/ManageUsersPage/div_User type"), DefaultTimeout): Object 'Object Repository/V2/Commons/ManageUsersPage/div_User type' is present

2020-09-03 14:47:26 - [MESSAGE][PASSED] - Object 'Object Repository/V2/Commons/ManageUsersPage/div_User type' is present

2020-09-03 14:47:26 - [TEST_STEP][PASSED] - click(findTestObject("Object Repository/V2/Commons/ManageUsersPage/input__orgRole")): Object: 'Object Repository/V2/Commons/ManageUsersPage/input__orgRole' is clicked on

2020-09-03 14:47:26 - [MESSAGE][PASSED] - Object: 'Object Repository/V2/Commons/ManageUsersPage/input__orgRole' is clicked on

2020-09-03 14:47:26 - [TEST_STEP][PASSED] - roleOptionObj = tt_CustomKeywords.CustomKeywords.CreateDynamicElement(roleOption, permissionValue, "xpath"): Successfully created new dynamic object: //span[text()='Employee']/parent::div[@role='option']

2020-09-03 14:47:26 - [MESSAGE][PASSED] - Successfully created new dynamic object: //span[text()='Employee']/parent::div[@role='option']

2020-09-03 14:47:26 - [TEST_STEP][PASSED] - click(roleOptionObj): Object: '' is clicked on

2020-09-03 14:47:26 - [MESSAGE][PASSED] - Object: '' is clicked on

2020-09-03 14:47:26 - [TEST_STEP][PASSED] - click(findTestObject("Object Repository/V2/Commons/ManageUsersPage/div_Save")): Object: 'Object Repository/V2/Commons/ManageUsersPage/div_Save' is clicked on

2020-09-03 14:47:27 - [MESSAGE][PASSED] - Object: 'Object Repository/V2/Commons/ManageUsersPage/div_Save' is clicked on

2020-09-03 14:47:27 - [TEST_STEP][PASSED] - waitForElementVisible(findTestObject("V2/Commons/ManageUsersPage/h3_User Saved"), DefaultTimeout): Object 'Object Repository/V2/Commons/ManageUsersPage/h3_User Saved' is visible

2020-09-03 14:47:38 - [MESSAGE][PASSED] - Object 'Object Repository/V2/Commons/ManageUsersPage/h3_User Saved' is visible

2020-09-03 14:47:38 - [TEST_STEP][PASSED] - verifyElementVisible(findTestObject("Object Repository/V2/Commons/ManageUsersPage/h3_User Saved")): Object 'Object Repository/V2/Commons/ManageUsersPage/h3_User Saved' is visible

2020-09-03 14:47:39 - [MESSAGE][PASSED] - Object 'Object Repository/V2/Commons/ManageUsersPage/h3_User Saved' is visible

2020-09-03 14:47:39 - [MESSAGE][PASSED] - Call Test Case 'Test Cases/V2/Test Case/Pre-conditions/PRE_ChangeUserPermissionViaManageUser' successfully

2020-09-03 14:47:39 - [TEST_STEP][PASSED] - callTestCase(findTestCase("V2/Test Case/Pre-conditions/PRE_ActivateNewUser"), ["activationURL":supervisor_activationURL, "email":supervisor_email, "password":password], STOP_ON_FAILURE): Call Test Case 'Test Cases/V2/Test Case/Pre-conditions/PRE_ActivateNewUser' successfully

2020-09-03 14:47:39 - [TEST_CASE][PASSED] - Test Cases/V2/Test Case/Pre-conditions/PRE_ActivateNewUser: Test Cases/V2/Test Case/Pre-conditions/PRE_ActivateNewUser

2020-09-03 14:47:39 - [TEST_STEP][PASSED] - navigateToUrl(activationURL): Navigate to 'https://v2dev.traction.tools/activate?activationKey=c273b23a-378b-431d-8fe7-c2a9b97931f9&userId=3a5b2f63-f84a-4b73-8ce8-0bcb929051c3&orgId=c04e17be-3dd8-4b84-9e3b-5bbb0e29d237&email=tractiontools.user001+ts5rbux2@gmail.com&isCreator=0' successfully

2020-09-03 14:47:40 - [MESSAGE][PASSED] - Navigate to 'https://v2dev.traction.tools/activate?activationKey=c273b23a-378b-431d-8fe7-c2a9b97931f9&userId=3a5b2f63-f84a-4b73-8ce8-0bcb929051c3&orgId=c04e17be-3dd8-4b84-9e3b-5bbb0e29d237&email=tractiontools.user001+ts5rbux2@gmail.com&isCreator=0' successfully

2020-09-03 14:47:40 - [TEST_STEP][PASSED] - waitForElementVisible(findTestObject("V2/Commons/ActivationPage/input_Email_email"), DefaultTimeout): Object 'Object Repository/V2/Commons/ActivationPage/input_Email_email' is visible

2020-09-03 14:47:41 - [MESSAGE][PASSED] - Object 'Object Repository/V2/Commons/ActivationPage/input_Email_email' is visible

2020-09-03 14:47:41 - [TEST_STEP][PASSED] - actual_email = getAttribute(findTestObject("Object Repository/V2/Commons/ActivationPage/input_Email_email"), "value"): Attribute 'value' of object 'Object Repository/V2/Commons/ActivationPage/input_Email_email' is: 'tractiontools.user001+ts5rbux2@gmail.com'

2020-09-03 14:47:42 - [MESSAGE][PASSED] - Attribute 'value' of object 'Object Repository/V2/Commons/ActivationPage/input_Email_email' is: 'tractiontools.user001+ts5rbux2@gmail.com'

2020-09-03 14:47:42 - [TEST_STEP][PASSED] - verifyMatch(actual_email, email, false): Actual text 'tractiontools.user001+ts5rbux2@gmail.com' and expected text 'tractiontools.user001+ts5rbux2@gmail.com' are matched 

2020-09-03 14:47:42 - [MESSAGE][PASSED] - Actual text 'tractiontools.user001+ts5rbux2@gmail.com' and expected text 'tractiontools.user001+ts5rbux2@gmail.com' are matched 

2020-09-03 14:47:42 - [TEST_STEP][PASSED] - setText(findTestObject("V2/Commons/ActivationPage/input_password"), password): Text 'Qwer123!' is set on object 'Object Repository/V2/Commons/ActivationPage/input_password'

2020-09-03 14:47:42 - [MESSAGE][PASSED] - Text 'Qwer123!' is set on object 'Object Repository/V2/Commons/ActivationPage/input_password'

2020-09-03 14:47:42 - [TEST_STEP][PASSED] - setText(findTestObject("Object Repository/V2/Commons/ActivationPage/input__passwordRepeat"), password): Text 'Qwer123!' is set on object 'Object Repository/V2/Commons/ActivationPage/input__passwordRepeat'

2020-09-03 14:47:43 - [MESSAGE][PASSED] - Text 'Qwer123!' is set on object 'Object Repository/V2/Commons/ActivationPage/input__passwordRepeat'

2020-09-03 14:47:43 - [TEST_STEP][PASSED] - click(findTestObject("V2/Commons/ActivationPage/input_termsandconditions")): Object: 'Object Repository/V2/Commons/ActivationPage/input_termsandconditions' is clicked on

2020-09-03 14:47:44 - [MESSAGE][PASSED] - Object: 'Object Repository/V2/Commons/ActivationPage/input_termsandconditions' is clicked on

2020-09-03 14:47:44 - [TEST_STEP][PASSED] - click(findTestObject("Object Repository/V2/Commons/ActivationPage/div_Create account")): Object: 'Object Repository/V2/Commons/ActivationPage/div_Create account' is clicked on

2020-09-03 14:47:44 - [MESSAGE][PASSED] - Object: 'Object Repository/V2/Commons/ActivationPage/div_Create account' is clicked on

2020-09-03 14:47:44 - [TEST_STEP][PASSED] - waitForElementPresent(findTestObject("V2/Commons/DasboardPage_SidebarMenu/img_Home_logo-big"), DefaultTimeout): Object 'Object Repository/V2/Commons/DasboardPage_SidebarMenu/img_Home_logo-big' is present

2020-09-03 14:47:49 - [MESSAGE][PASSED] - Object 'Object Repository/V2/Commons/DasboardPage_SidebarMenu/img_Home_logo-big' is present

2020-09-03 14:47:49 - [TEST_STEP][PASSED] - verifyElementPresent(findTestObject("V2/Commons/DasboardPage_SidebarMenu/img_Home_logo-big"), 0): Object 'Object Repository/V2/Commons/DasboardPage_SidebarMenu/img_Home_logo-big' is present

2020-09-03 14:47:49 - [MESSAGE][WARNING] - Timeout '0' is invalid. Using default page load timeout: '30'

2020-09-03 14:47:49 - [MESSAGE][PASSED] - Object 'Object Repository/V2/Commons/DasboardPage_SidebarMenu/img_Home_logo-big' is present

2020-09-03 14:47:49 - [MESSAGE][PASSED] - Call Test Case 'Test Cases/V2/Test Case/Pre-conditions/PRE_ActivateNewUser' successfully

2020-09-03 14:47:49 - [TEST_STEP][PASSED] - callTestCase(findTestCase("V2/Test Case/Pre-conditions/PRE_SkipPersonalProfileSetup"), [:], STOP_ON_FAILURE): Call Test Case 'Test Cases/V2/Test Case/Pre-conditions/PRE_SkipPersonalProfileSetup' successfully

2020-09-03 14:47:49 - [TEST_CASE][PASSED] - Test Cases/V2/Test Case/Pre-conditions/PRE_SkipPersonalProfileSetup: Test Cases/V2/Test Case/Pre-conditions/PRE_SkipPersonalProfileSetup

2020-09-03 14:47:49 - [TEST_STEP][PASSED] - waitForElementVisible(findTestObject("V2/Commons/FirstUpdateCompanyAndPersonalInfoModal/confirmPersonalInfoHeader_h1"), DefaultTimeout): Object 'Object Repository/V2/Commons/FirstUpdateCompanyAndPersonalInfoModal/confirmPersonalInfoHeader_h1' is visible

2020-09-03 14:47:50 - [MESSAGE][PASSED] - Object 'Object Repository/V2/Commons/FirstUpdateCompanyAndPersonalInfoModal/confirmPersonalInfoHeader_h1' is visible

2020-09-03 14:47:50 - [TEST_STEP][PASSED] - click(findTestObject("V2/Commons/FirstUpdateCompanyAndPersonalInfoModal/confirmInfoSkip_button")): Object: 'Object Repository/V2/Commons/FirstUpdateCompanyAndPersonalInfoModal/confirmInfoSkip_button' is clicked on

2020-09-03 14:47:50 - [MESSAGE][PASSED] - Object: 'Object Repository/V2/Commons/FirstUpdateCompanyAndPersonalInfoModal/confirmInfoSkip_button' is clicked on

2020-09-03 14:47:50 - [TEST_STEP][PASSED] - waitForElementVisible(findTestObject("V2/Commons/FirstUpdateCompanyAndPersonalInfoModal/letsGetStarted_button"), DefaultTimeout): Object 'Object Repository/V2/Commons/FirstUpdateCompanyAndPersonalInfoModal/letsGetStarted_button' is visible

2020-09-03 14:47:51 - [MESSAGE][PASSED] - Object 'Object Repository/V2/Commons/FirstUpdateCompanyAndPersonalInfoModal/letsGetStarted_button' is visible

2020-09-03 14:47:51 - [TEST_STEP][PASSED] - click(findTestObject("V2/Commons/FirstUpdateCompanyAndPersonalInfoModal/letsGetStarted_button")): Object: 'Object Repository/V2/Commons/FirstUpdateCompanyAndPersonalInfoModal/letsGetStarted_button' is clicked on

2020-09-03 14:47:51 - [MESSAGE][PASSED] - Object: 'Object Repository/V2/Commons/FirstUpdateCompanyAndPersonalInfoModal/letsGetStarted_button' is clicked on

2020-09-03 14:47:51 - [MESSAGE][PASSED] - Call Test Case 'Test Cases/V2/Test Case/Pre-conditions/PRE_SkipPersonalProfileSetup' successfully

2020-09-03 14:47:51 - [TEST_STEP][PASSED] - callTestCase(findTestCase("V2/Test Case/Pre-conditions/PRE_ActivateNewUser"), ["activationURL":employee_activationURL, "email":employee_email, "password":password], STOP_ON_FAILURE): Call Test Case 'Test Cases/V2/Test Case/Pre-conditions/PRE_ActivateNewUser' successfully

2020-09-03 14:47:51 - [TEST_CASE][PASSED] - Test Cases/V2/Test Case/Pre-conditions/PRE_ActivateNewUser: Test Cases/V2/Test Case/Pre-conditions/PRE_ActivateNewUser

2020-09-03 14:47:51 - [TEST_STEP][PASSED] - navigateToUrl(activationURL): Navigate to 'https://v2dev.traction.tools/activate?activationKey=179de55a-143d-4bad-973b-3485c7bf1510&userId=3657b03b-f9dd-463a-8d29-105a5f9526fc&orgId=c04e17be-3dd8-4b84-9e3b-5bbb0e29d237&email=tractiontools.user001+te5550bq@gmail.com&isCreator=0' successfully

2020-09-03 14:47:54 - [MESSAGE][PASSED] - Navigate to 'https://v2dev.traction.tools/activate?activationKey=179de55a-143d-4bad-973b-3485c7bf1510&userId=3657b03b-f9dd-463a-8d29-105a5f9526fc&orgId=c04e17be-3dd8-4b84-9e3b-5bbb0e29d237&email=tractiontools.user001+te5550bq@gmail.com&isCreator=0' successfully

2020-09-03 14:47:54 - [TEST_STEP][PASSED] - waitForElementVisible(findTestObject("V2/Commons/ActivationPage/input_Email_email"), DefaultTimeout): Object 'Object Repository/V2/Commons/ActivationPage/input_Email_email' is visible

2020-09-03 14:47:55 - [MESSAGE][PASSED] - Object 'Object Repository/V2/Commons/ActivationPage/input_Email_email' is visible

2020-09-03 14:47:55 - [TEST_STEP][PASSED] - actual_email = getAttribute(findTestObject("Object Repository/V2/Commons/ActivationPage/input_Email_email"), "value"): Attribute 'value' of object 'Object Repository/V2/Commons/ActivationPage/input_Email_email' is: 'tractiontools.user001+te5550bq@gmail.com'

2020-09-03 14:47:55 - [MESSAGE][PASSED] - Attribute 'value' of object 'Object Repository/V2/Commons/ActivationPage/input_Email_email' is: 'tractiontools.user001+te5550bq@gmail.com'

2020-09-03 14:47:55 - [TEST_STEP][PASSED] - verifyMatch(actual_email, email, false): Actual text 'tractiontools.user001+te5550bq@gmail.com' and expected text 'tractiontools.user001+te5550bq@gmail.com' are matched 

2020-09-03 14:47:55 - [MESSAGE][PASSED] - Actual text 'tractiontools.user001+te5550bq@gmail.com' and expected text 'tractiontools.user001+te5550bq@gmail.com' are matched 

2020-09-03 14:47:55 - [TEST_STEP][PASSED] - setText(findTestObject("V2/Commons/ActivationPage/input_password"), password): Text 'Qwer123!' is set on object 'Object Repository/V2/Commons/ActivationPage/input_password'

2020-09-03 14:47:56 - [MESSAGE][PASSED] - Text 'Qwer123!' is set on object 'Object Repository/V2/Commons/ActivationPage/input_password'

2020-09-03 14:47:56 - [TEST_STEP][PASSED] - setText(findTestObject("Object Repository/V2/Commons/ActivationPage/input__passwordRepeat"), password): Text 'Qwer123!' is set on object 'Object Repository/V2/Commons/ActivationPage/input__passwordRepeat'

2020-09-03 14:47:57 - [MESSAGE][PASSED] - Text 'Qwer123!' is set on object 'Object Repository/V2/Commons/ActivationPage/input__passwordRepeat'

2020-09-03 14:47:57 - [TEST_STEP][PASSED] - click(findTestObject("V2/Commons/ActivationPage/input_termsandconditions")): Object: 'Object Repository/V2/Commons/ActivationPage/input_termsandconditions' is clicked on

2020-09-03 14:47:57 - [MESSAGE][PASSED] - Object: 'Object Repository/V2/Commons/ActivationPage/input_termsandconditions' is clicked on

2020-09-03 14:47:57 - [TEST_STEP][PASSED] - click(findTestObject("Object Repository/V2/Commons/ActivationPage/div_Create account")): Object: 'Object Repository/V2/Commons/ActivationPage/div_Create account' is clicked on

2020-09-03 14:47:57 - [MESSAGE][PASSED] - Object: 'Object Repository/V2/Commons/ActivationPage/div_Create account' is clicked on

2020-09-03 14:47:57 - [TEST_STEP][PASSED] - waitForElementPresent(findTestObject("V2/Commons/DasboardPage_SidebarMenu/img_Home_logo-big"), DefaultTimeout): Object 'Object Repository/V2/Commons/DasboardPage_SidebarMenu/img_Home_logo-big' is present

2020-09-03 14:48:02 - [MESSAGE][PASSED] - Object 'Object Repository/V2/Commons/DasboardPage_SidebarMenu/img_Home_logo-big' is present

2020-09-03 14:48:02 - [TEST_STEP][PASSED] - verifyElementPresent(findTestObject("V2/Commons/DasboardPage_SidebarMenu/img_Home_logo-big"), 0): Object 'Object Repository/V2/Commons/DasboardPage_SidebarMenu/img_Home_logo-big' is present

2020-09-03 14:48:02 - [MESSAGE][WARNING] - Timeout '0' is invalid. Using default page load timeout: '30'

2020-09-03 14:48:03 - [MESSAGE][PASSED] - Object 'Object Repository/V2/Commons/DasboardPage_SidebarMenu/img_Home_logo-big' is present

2020-09-03 14:48:03 - [MESSAGE][PASSED] - Call Test Case 'Test Cases/V2/Test Case/Pre-conditions/PRE_ActivateNewUser' successfully

2020-09-03 14:48:03 - [TEST_STEP][PASSED] - callTestCase(findTestCase("V2/Test Case/Pre-conditions/PRE_SkipPersonalProfileSetup"), [:], STOP_ON_FAILURE): Call Test Case 'Test Cases/V2/Test Case/Pre-conditions/PRE_SkipPersonalProfileSetup' successfully

2020-09-03 14:48:03 - [TEST_CASE][PASSED] - Test Cases/V2/Test Case/Pre-conditions/PRE_SkipPersonalProfileSetup: Test Cases/V2/Test Case/Pre-conditions/PRE_SkipPersonalProfileSetup

2020-09-03 14:48:03 - [TEST_STEP][PASSED] - waitForElementVisible(findTestObject("V2/Commons/FirstUpdateCompanyAndPersonalInfoModal/confirmPersonalInfoHeader_h1"), DefaultTimeout): Object 'Object Repository/V2/Commons/FirstUpdateCompanyAndPersonalInfoModal/confirmPersonalInfoHeader_h1' is visible

2020-09-03 14:48:04 - [MESSAGE][PASSED] - Object 'Object Repository/V2/Commons/FirstUpdateCompanyAndPersonalInfoModal/confirmPersonalInfoHeader_h1' is visible

2020-09-03 14:48:04 - [TEST_STEP][PASSED] - click(findTestObject("V2/Commons/FirstUpdateCompanyAndPersonalInfoModal/confirmInfoSkip_button")): Object: 'Object Repository/V2/Commons/FirstUpdateCompanyAndPersonalInfoModal/confirmInfoSkip_button' is clicked on

2020-09-03 14:48:04 - [MESSAGE][PASSED] - Object: 'Object Repository/V2/Commons/FirstUpdateCompanyAndPersonalInfoModal/confirmInfoSkip_button' is clicked on

2020-09-03 14:48:04 - [TEST_STEP][PASSED] - waitForElementVisible(findTestObject("V2/Commons/FirstUpdateCompanyAndPersonalInfoModal/letsGetStarted_button"), DefaultTimeout): Object 'Object Repository/V2/Commons/FirstUpdateCompanyAndPersonalInfoModal/letsGetStarted_button' is visible

2020-09-03 14:48:05 - [MESSAGE][PASSED] - Object 'Object Repository/V2/Commons/FirstUpdateCompanyAndPersonalInfoModal/letsGetStarted_button' is visible

2020-09-03 14:48:05 - [TEST_STEP][PASSED] - click(findTestObject("V2/Commons/FirstUpdateCompanyAndPersonalInfoModal/letsGetStarted_button")): Object: 'Object Repository/V2/Commons/FirstUpdateCompanyAndPersonalInfoModal/letsGetStarted_button' is clicked on

2020-09-03 14:48:05 - [MESSAGE][PASSED] - Object: 'Object Repository/V2/Commons/FirstUpdateCompanyAndPersonalInfoModal/letsGetStarted_button' is clicked on

2020-09-03 14:48:05 - [MESSAGE][PASSED] - Call Test Case 'Test Cases/V2/Test Case/Pre-conditions/PRE_SkipPersonalProfileSetup' successfully

2020-09-03 14:48:05 - [MESSAGE][PASSED] - Call Test Case 'Test Cases/V2/Test Case/Pre-conditions/PRE_RegisterAndActivateTTUsers' successfully

2020-09-03 14:48:05 - [TEST_STEP][PASSED] - closeBrowser(): Browser is closed

2020-09-03 14:48:06 - [MESSAGE][PASSED] - Browser is closed

2020-09-03 14:48:06 - [TEST_STEP][PASSED] - path = System.getProperty("user.dir"): null

2020-09-03 14:48:06 - [TEST_STEP][PASSED] - System.setProperty("webdriver.chrome.driver", "C:\Users\Aaron-PC\Documents\Traction Tools\Katalon\Katalon_Studio_Windows_64-7.6.2\Katalon_Studio_Windows_64-7.6.2\configuration\resources\drivers\chromedriver_win32\chromedriver.exe"): null

2020-09-03 14:48:06 - [TEST_STEP][PASSED] - driver1 = new org.openqa.selenium.chrome.ChromeDriver(): null

2020-09-03 14:48:09 - [TEST_STEP][PASSED] - changeWebDriver(driver1): null

2020-09-03 14:48:09 - [TEST_STEP][PASSED] - maximizeWindow(): Current window maximized

2020-09-03 14:48:11 - [MESSAGE][PASSED] - Current window maximized

2020-09-03 14:48:11 - [TEST_STEP][PASSED] - navigateToUrl(V2Url): Navigate to 'https://v2dev.traction.tools' successfully

2020-09-03 14:48:13 - [MESSAGE][PASSED] - Navigate to 'https://v2dev.traction.tools' successfully

2020-09-03 14:48:13 - [TEST_STEP][PASSED] - callTestCase(findTestCase("V2/Test Case/Pre-conditions/PRE_LoginToTractionToolsApplication"), ["username":email, "password":password], STOP_ON_FAILURE): Call Test Case 'Test Cases/V2/Test Case/Pre-conditions/PRE_LoginToTractionToolsApplication' successfully

2020-09-03 14:48:13 - [TEST_CASE][PASSED] - Test Cases/V2/Test Case/Pre-conditions/PRE_LoginToTractionToolsApplication: Test Cases/V2/Test Case/Pre-conditions/PRE_LoginToTractionToolsApplication

2020-09-03 14:48:13 - [TEST_STEP][PASSED] - setText(findTestObject("V2/Commons/LoginPage/input__username"), username): Text 'tractiontools.user001+ta52833e@gmail.com' is set on object 'Object Repository/V2/Commons/LoginPage/input__username'

2020-09-03 14:48:21 - [MESSAGE][PASSED] - Text 'tractiontools.user001+ta52833e@gmail.com' is set on object 'Object Repository/V2/Commons/LoginPage/input__username'

2020-09-03 14:48:21 - [TEST_STEP][PASSED] - setText(findTestObject("V2/Commons/LoginPage/input__password"), password): Text 'Qwer123!' is set on object 'Object Repository/V2/Commons/LoginPage/input__password'

2020-09-03 14:48:21 - [MESSAGE][PASSED] - Text 'Qwer123!' is set on object 'Object Repository/V2/Commons/LoginPage/input__password'

2020-09-03 14:48:21 - [TEST_STEP][PASSED] - click(findTestObject("V2/Commons/LoginPage/div_Login")): Object: 'Object Repository/V2/Commons/LoginPage/div_Login' is clicked on

2020-09-03 14:48:21 - [MESSAGE][PASSED] - Object: 'Object Repository/V2/Commons/LoginPage/div_Login' is clicked on

2020-09-03 14:48:21 - [TEST_STEP][PASSED] - waitForElementVisible(findTestObject("V2/Commons/DasboardPage_SidebarMenu/img_Home_logo-big"), DefaultTimeout): Object 'Object Repository/V2/Commons/DasboardPage_SidebarMenu/img_Home_logo-big' is visible

2020-09-03 14:48:26 - [MESSAGE][PASSED] - Object 'Object Repository/V2/Commons/DasboardPage_SidebarMenu/img_Home_logo-big' is visible

2020-09-03 14:48:26 - [TEST_STEP][PASSED] - verifyElementVisible(findTestObject("V2/Commons/DasboardPage_SidebarMenu/img_Home_logo-big"), STOP_ON_FAILURE): Object 'Object Repository/V2/Commons/DasboardPage_SidebarMenu/img_Home_logo-big' is visible

2020-09-03 14:48:26 - [MESSAGE][PASSED] - Object 'Object Repository/V2/Commons/DasboardPage_SidebarMenu/img_Home_logo-big' is visible

2020-09-03 14:48:26 - [MESSAGE][PASSED] - Call Test Case 'Test Cases/V2/Test Case/Pre-conditions/PRE_LoginToTractionToolsApplication' successfully

2020-09-03 14:48:26 - [TEST_STEP][PASSED] - driver2 = new org.openqa.selenium.chrome.ChromeDriver(): null

2020-09-03 14:48:30 - [TEST_STEP][PASSED] - changeWebDriver(driver2): null

2020-09-03 14:48:30 - [TEST_STEP][PASSED] - maximizeWindow(): Current window maximized

2020-09-03 14:48:32 - [MESSAGE][PASSED] - Current window maximized

2020-09-03 14:48:32 - [TEST_STEP][PASSED] - navigateToUrl(V2Url): Navigate to 'https://v2dev.traction.tools' successfully

2020-09-03 14:48:33 - [MESSAGE][PASSED] - Navigate to 'https://v2dev.traction.tools' successfully

2020-09-03 14:48:33 - [TEST_STEP][PASSED] - callTestCase(findTestCase("V2/Test Case/Pre-conditions/PRE_LoginToTractionToolsApplication"), ["username":supervisor_email, "password":password], STOP_ON_FAILURE): Call Test Case 'Test Cases/V2/Test Case/Pre-conditions/PRE_LoginToTractionToolsApplication' successfully

2020-09-03 14:48:33 - [TEST_CASE][PASSED] - Test Cases/V2/Test Case/Pre-conditions/PRE_LoginToTractionToolsApplication: Test Cases/V2/Test Case/Pre-conditions/PRE_LoginToTractionToolsApplication

2020-09-03 14:48:33 - [TEST_STEP][PASSED] - setText(findTestObject("V2/Commons/LoginPage/input__username"), username): Text 'tractiontools.user001+ts5rbux2@gmail.com' is set on object 'Object Repository/V2/Commons/LoginPage/input__username'

2020-09-03 14:48:45 - [MESSAGE][PASSED] - Text 'tractiontools.user001+ts5rbux2@gmail.com' is set on object 'Object Repository/V2/Commons/LoginPage/input__username'

2020-09-03 14:48:45 - [TEST_STEP][PASSED] - setText(findTestObject("V2/Commons/LoginPage/input__password"), password): Text 'Qwer123!' is set on object 'Object Repository/V2/Commons/LoginPage/input__password'

2020-09-03 14:48:45 - [MESSAGE][PASSED] - Text 'Qwer123!' is set on object 'Object Repository/V2/Commons/LoginPage/input__password'

2020-09-03 14:48:45 - [TEST_STEP][PASSED] - click(findTestObject("V2/Commons/LoginPage/div_Login")): Object: 'Object Repository/V2/Commons/LoginPage/div_Login' is clicked on

2020-09-03 14:48:45 - [MESSAGE][PASSED] - Object: 'Object Repository/V2/Commons/LoginPage/div_Login' is clicked on

2020-09-03 14:48:45 - [TEST_STEP][PASSED] - waitForElementVisible(findTestObject("V2/Commons/DasboardPage_SidebarMenu/img_Home_logo-big"), DefaultTimeout): Object 'Object Repository/V2/Commons/DasboardPage_SidebarMenu/img_Home_logo-big' is visible

2020-09-03 14:48:49 - [MESSAGE][PASSED] - Object 'Object Repository/V2/Commons/DasboardPage_SidebarMenu/img_Home_logo-big' is visible

2020-09-03 14:48:49 - [TEST_STEP][PASSED] - verifyElementVisible(findTestObject("V2/Commons/DasboardPage_SidebarMenu/img_Home_logo-big"), STOP_ON_FAILURE): Object 'Object Repository/V2/Commons/DasboardPage_SidebarMenu/img_Home_logo-big' is visible

2020-09-03 14:48:49 - [MESSAGE][PASSED] - Object 'Object Repository/V2/Commons/DasboardPage_SidebarMenu/img_Home_logo-big' is visible

2020-09-03 14:48:49 - [MESSAGE][PASSED] - Call Test Case 'Test Cases/V2/Test Case/Pre-conditions/PRE_LoginToTractionToolsApplication' successfully

2020-09-03 14:48:49 - [TEST_STEP][PASSED] - driver3 = new org.openqa.selenium.chrome.ChromeDriver(): null

2020-09-03 14:48:53 - [TEST_STEP][PASSED] - changeWebDriver(driver3): null

2020-09-03 14:48:53 - [TEST_STEP][PASSED] - maximizeWindow(): Current window maximized

2020-09-03 14:48:55 - [MESSAGE][PASSED] - Current window maximized

2020-09-03 14:48:55 - [TEST_STEP][PASSED] - navigateToUrl(V2Url): Navigate to 'https://v2dev.traction.tools' successfully

2020-09-03 14:48:56 - [MESSAGE][PASSED] - Navigate to 'https://v2dev.traction.tools' successfully

2020-09-03 14:48:56 - [TEST_STEP][PASSED] - callTestCase(findTestCase("V2/Test Case/Pre-conditions/PRE_LoginToTractionToolsApplication"), ["username":employee_email, "password":password], STOP_ON_FAILURE): Call Test Case 'Test Cases/V2/Test Case/Pre-conditions/PRE_LoginToTractionToolsApplication' successfully

2020-09-03 14:48:56 - [TEST_CASE][PASSED] - Test Cases/V2/Test Case/Pre-conditions/PRE_LoginToTractionToolsApplication: Test Cases/V2/Test Case/Pre-conditions/PRE_LoginToTractionToolsApplication

2020-09-03 14:48:56 - [TEST_STEP][PASSED] - setText(findTestObject("V2/Commons/LoginPage/input__username"), username): Text 'tractiontools.user001+te5550bq@gmail.com' is set on object 'Object Repository/V2/Commons/LoginPage/input__username'

2020-09-03 14:49:06 - [MESSAGE][PASSED] - Text 'tractiontools.user001+te5550bq@gmail.com' is set on object 'Object Repository/V2/Commons/LoginPage/input__username'

2020-09-03 14:49:06 - [TEST_STEP][PASSED] - setText(findTestObject("V2/Commons/LoginPage/input__password"), password): Text 'Qwer123!' is set on object 'Object Repository/V2/Commons/LoginPage/input__password'

2020-09-03 14:49:06 - [MESSAGE][PASSED] - Text 'Qwer123!' is set on object 'Object Repository/V2/Commons/LoginPage/input__password'

2020-09-03 14:49:06 - [TEST_STEP][PASSED] - click(findTestObject("V2/Commons/LoginPage/div_Login")): Object: 'Object Repository/V2/Commons/LoginPage/div_Login' is clicked on

2020-09-03 14:49:06 - [MESSAGE][PASSED] - Object: 'Object Repository/V2/Commons/LoginPage/div_Login' is clicked on

2020-09-03 14:49:06 - [TEST_STEP][PASSED] - waitForElementVisible(findTestObject("V2/Commons/DasboardPage_SidebarMenu/img_Home_logo-big"), DefaultTimeout): Object 'Object Repository/V2/Commons/DasboardPage_SidebarMenu/img_Home_logo-big' is visible

2020-09-03 14:49:13 - [MESSAGE][PASSED] - Object 'Object Repository/V2/Commons/DasboardPage_SidebarMenu/img_Home_logo-big' is visible

2020-09-03 14:49:13 - [TEST_STEP][PASSED] - verifyElementVisible(findTestObject("V2/Commons/DasboardPage_SidebarMenu/img_Home_logo-big"), STOP_ON_FAILURE): Object 'Object Repository/V2/Commons/DasboardPage_SidebarMenu/img_Home_logo-big' is visible

2020-09-03 14:49:13 - [MESSAGE][PASSED] - Object 'Object Repository/V2/Commons/DasboardPage_SidebarMenu/img_Home_logo-big' is visible

2020-09-03 14:49:13 - [MESSAGE][PASSED] - Call Test Case 'Test Cases/V2/Test Case/Pre-conditions/PRE_LoginToTractionToolsApplication' successfully

2020-09-03 14:49:13 - [TEST_STEP][PASSED] - changeWebDriver(driver1): null

2020-09-03 14:49:13 - [TEST_STEP][PASSED] - callTestCase(findTestCase("V2/Test Case/Pre-conditions/PRE_AddMilestone_Rocks"), [:], STOP_ON_FAILURE): Call Test Case 'Test Cases/V2/Test Case/Pre-conditions/PRE_AddMilestone_Rocks' successfully

2020-09-03 14:49:13 - [TEST_CASE][PASSED] - Test Cases/V2/Test Case/Pre-conditions/PRE_AddMilestone_Rocks: Test Cases/V2/Test Case/Pre-conditions/PRE_AddMilestone_Rocks

2020-09-03 14:49:13 - [TEST_STEP][PASSED] - click(findTestObject("Object Repository/V2/Commons/ManageUsersPage/span_Company Settings")): Object: 'Object Repository/V2/Commons/ManageUsersPage/span_Company Settings' is clicked on

2020-09-03 14:49:13 - [MESSAGE][PASSED] - Object: 'Object Repository/V2/Commons/ManageUsersPage/span_Company Settings' is clicked on

2020-09-03 14:49:13 - [TEST_STEP][PASSED] - click(findTestObject("V2/Commons/DasboardPage_SidebarMenu/a_Advance Settings")): Object: 'Object Repository/V2/Commons/DasboardPage_SidebarMenu/a_Advance Settings' is clicked on

2020-09-03 14:49:13 - [MESSAGE][PASSED] - Object: 'Object Repository/V2/Commons/DasboardPage_SidebarMenu/a_Advance Settings' is clicked on

2020-09-03 14:49:13 - [TEST_STEP][PASSED] - waitForElementVisible(findTestObject("V2/Commons/AdvanceSettingsPage/Add_Milestone_Toggle"), DefaultTimeout): Object 'Object Repository/V2/Commons/AdvanceSettingsPage/Add_Milestone_Toggle' is visible

2020-09-03 14:49:13 - [MESSAGE][PASSED] - Object 'Object Repository/V2/Commons/AdvanceSettingsPage/Add_Milestone_Toggle' is visible

2020-09-03 14:49:13 - [TEST_STEP][PASSED] - click(findTestObject("V2/Commons/AdvanceSettingsPage/Add_Milestone_Toggle")): Object: 'Object Repository/V2/Commons/AdvanceSettingsPage/Add_Milestone_Toggle' is clicked on

2020-09-03 14:49:13 - [MESSAGE][PASSED] - Object: 'Object Repository/V2/Commons/AdvanceSettingsPage/Add_Milestone_Toggle' is clicked on

2020-09-03 14:49:13 - [TEST_STEP][PASSED] - A_validateMilestoneChecked = getAttribute(findTestObject("V2/Commons/AdvanceSettingsPage/Verify_Milestone_Toggle"), "checked"): Attribute 'checked' of object 'Object Repository/V2/Commons/AdvanceSettingsPage/Verify_Milestone_Toggle' is: 'true'

2020-09-03 14:49:13 - [MESSAGE][PASSED] - Attribute 'checked' of object 'Object Repository/V2/Commons/AdvanceSettingsPage/Verify_Milestone_Toggle' is: 'true'

2020-09-03 14:49:13 - [TEST_STEP][PASSED] - verifyMatch(A_validateMilestoneChecked, "true", false): Actual text 'true' and expected text 'true' are matched 

2020-09-03 14:49:13 - [MESSAGE][PASSED] - Actual text 'true' and expected text 'true' are matched 

2020-09-03 14:49:13 - [TEST_STEP][PASSED] - click(findTestObject("V2/Commons/AdvanceSettingsPage/Save_Rules")): Object: 'Object Repository/V2/Commons/AdvanceSettingsPage/Save_Rules' is clicked on

2020-09-03 14:49:13 - [MESSAGE][PASSED] - Object: 'Object Repository/V2/Commons/AdvanceSettingsPage/Save_Rules' is clicked on

2020-09-03 14:49:13 - [MESSAGE][PASSED] - Call Test Case 'Test Cases/V2/Test Case/Pre-conditions/PRE_AddMilestone_Rocks' successfully

2020-09-03 14:49:13 - [TEST_STEP][PASSED] - callTestCase(findTestCase("V2/Test Case/Pre-conditions/PRE_CreateL10Meeting"), ["meetingName":meetingName, "meetingAcronym":meetingAcronym, "meetingType":meetingType, "dropdownOptions_obj":"//div[@id='CREATE_MEETING_L10']//span[text()='%s']/parent::div[@role='option']", ... ], STOP_ON_FAILURE): Call Test Case 'Test Cases/V2/Test Case/Pre-conditions/PRE_CreateL10Meeting' successfully

2020-09-03 14:49:13 - [TEST_CASE][PASSED] - Test Cases/V2/Test Case/Pre-conditions/PRE_CreateL10Meeting: Test Cases/V2/Test Case/Pre-conditions/PRE_CreateL10Meeting

2020-09-03 14:49:13 - [TEST_STEP][PASSED] - click(findTestObject("V2/Commons/DasboardPage_SidebarMenu/MeetingsMenu")): Object: 'Object Repository/V2/Commons/DasboardPage_SidebarMenu/MeetingsMenu' is clicked on

2020-09-03 14:49:14 - [MESSAGE][PASSED] - Object: 'Object Repository/V2/Commons/DasboardPage_SidebarMenu/MeetingsMenu' is clicked on

2020-09-03 14:49:14 - [TEST_STEP][PASSED] - click(findTestObject("Object Repository/V2/Commons/MeetingListPage/div_Create a meeting")): Object: 'Object Repository/V2/Commons/MeetingListPage/div_Create a meeting' is clicked on

2020-09-03 14:49:14 - [MESSAGE][PASSED] - Object: 'Object Repository/V2/Commons/MeetingListPage/div_Create a meeting' is clicked on

2020-09-03 14:49:14 - [TEST_STEP][PASSED] - click(findTestObject("Object Repository/V2/Commons/MeetingListPage/button_Level 10")): Object: 'Object Repository/V2/Commons/MeetingListPage/button_Level 10' is clicked on

2020-09-03 14:49:14 - [MESSAGE][PASSED] - Object: 'Object Repository/V2/Commons/MeetingListPage/button_Level 10' is clicked on

2020-09-03 14:49:14 - [TEST_STEP][PASSED] - waitForElementVisible(findTestObject("V2/Commons/CreateL10MeetingDrawer/input__name"), DefaultTimeout): Object 'Object Repository/V2/Commons/CreateL10MeetingDrawer/input__name' is visible

2020-09-03 14:49:15 - [MESSAGE][PASSED] - Object 'Object Repository/V2/Commons/CreateL10MeetingDrawer/input__name' is visible

2020-09-03 14:49:15 - [TEST_STEP][PASSED] - setText(findTestObject("V2/Commons/CreateL10MeetingDrawer/input__name"), meetingName): Text 'Meeting Admin' is set on object 'Object Repository/V2/Commons/CreateL10MeetingDrawer/input__name'

2020-09-03 14:49:15 - [MESSAGE][PASSED] - Text 'Meeting Admin' is set on object 'Object Repository/V2/Commons/CreateL10MeetingDrawer/input__name'

2020-09-03 14:49:15 - [TEST_STEP][PASSED] - setText(findTestObject("V2/Commons/CreateL10MeetingDrawer/input__acronym"), meetingAcronym): Text 'CL10' is set on object 'Object Repository/V2/Commons/CreateL10MeetingDrawer/input__acronym'

2020-09-03 14:49:15 - [MESSAGE][PASSED] - Text 'CL10' is set on object 'Object Repository/V2/Commons/CreateL10MeetingDrawer/input__acronym'

2020-09-03 14:49:15 - [TEST_STEP][PASSED] - click(findTestObject("V2/Commons/CreateL10MeetingDrawer/input__typeOfMeeting")): Object: 'Object Repository/V2/Commons/CreateL10MeetingDrawer/input__typeOfMeeting' is clicked on

2020-09-03 14:49:15 - [MESSAGE][PASSED] - Object: 'Object Repository/V2/Commons/CreateL10MeetingDrawer/input__typeOfMeeting' is clicked on

2020-09-03 14:49:15 - [TEST_STEP][PASSED] - meetingTypeOption_Obj = tt_CustomKeywords.CustomKeywords.CreateDynamicElement(dropdownOptions_obj, meetingType, "xpath"): Successfully created new dynamic object: //div[@id='CREATE_MEETING_L10']//span[text()='Leadership']/parent::div[@role='option']

2020-09-03 14:49:15 - [MESSAGE][PASSED] - Successfully created new dynamic object: //div[@id='CREATE_MEETING_L10']//span[text()='Leadership']/parent::div[@role='option']

2020-09-03 14:49:15 - [TEST_STEP][PASSED] - click(meetingTypeOption_Obj): Object: '' is clicked on

2020-09-03 14:49:15 - [MESSAGE][PASSED] - Object: '' is clicked on

2020-09-03 14:49:15 - [TEST_STEP][PASSED] - click(findTestObject("V2/Commons/CreateL10MeetingDrawer/div_dayOfMeetingDropdownList")): Object: 'Object Repository/V2/Commons/CreateL10MeetingDrawer/div_dayOfMeetingDropdownList' is clicked on

2020-09-03 14:49:15 - [MESSAGE][PASSED] - Object: 'Object Repository/V2/Commons/CreateL10MeetingDrawer/div_dayOfMeetingDropdownList' is clicked on

2020-09-03 14:49:15 - [TEST_STEP][PASSED] - dayOfMeetingOption_Obj = tt_CustomKeywords.CustomKeywords.CreateDynamicElement(dropdownOptions_obj, dayOfMeeting, "xpath"): Successfully created new dynamic object: //div[@id='CREATE_MEETING_L10']//span[text()='Monday']/parent::div[@role='option']

2020-09-03 14:49:15 - [MESSAGE][PASSED] - Successfully created new dynamic object: //div[@id='CREATE_MEETING_L10']//span[text()='Monday']/parent::div[@role='option']

2020-09-03 14:49:15 - [TEST_STEP][PASSED] - click(dayOfMeetingOption_Obj): Object: '' is clicked on

2020-09-03 14:49:15 - [MESSAGE][PASSED] - Object: '' is clicked on

2020-09-03 14:49:15 - [TEST_STEP][PASSED] - click(findTestObject("V2/Commons/CreateL10MeetingDrawer/input_meetingTime")): Object: 'Object Repository/V2/Commons/CreateL10MeetingDrawer/input_meetingTime' is clicked on

2020-09-03 14:49:15 - [MESSAGE][PASSED] - Object: 'Object Repository/V2/Commons/CreateL10MeetingDrawer/input_meetingTime' is clicked on

2020-09-03 14:49:15 - [TEST_STEP][PASSED] - setText(findTestObject("V2/Commons/CreateL10MeetingDrawer/input_meetingTime"), meetingTime): Text '12:00' is set on object 'Object Repository/V2/Commons/CreateL10MeetingDrawer/input_meetingTime'

2020-09-03 14:49:15 - [MESSAGE][PASSED] - Text '12:00' is set on object 'Object Repository/V2/Commons/CreateL10MeetingDrawer/input_meetingTime'

2020-09-03 14:49:15 - [TEST_STEP][PASSED] - sendKeys(findTestObject("V2/Commons/CreateL10MeetingDrawer/input_meetingTime"), Keys.chord(TAB)): Keys 'TAB + ' sent to object: 'Object Repository/V2/Commons/CreateL10MeetingDrawer/input_meetingTime'

2020-09-03 14:49:15 - [MESSAGE][PASSED] - Keys 'TAB + ' sent to object: 'Object Repository/V2/Commons/CreateL10MeetingDrawer/input_meetingTime'

2020-09-03 14:49:15 - [TEST_STEP][PASSED] - click(findTestObject("V2/Commons/CreateL10MeetingDrawer/div_Create Meeting")): Object: 'Object Repository/V2/Commons/CreateL10MeetingDrawer/div_Create Meeting' is clicked on

2020-09-03 14:49:16 - [MESSAGE][PASSED] - Object: 'Object Repository/V2/Commons/CreateL10MeetingDrawer/div_Create Meeting' is clicked on

2020-09-03 14:49:16 - [TEST_STEP][PASSED] - waitForElementVisible(findTestObject("Object Repository/V2/Commons/MeetingListPage/div_Ill do this later"), DefaultTimeout): Object 'Object Repository/V2/Commons/MeetingListPage/div_Ill do this later' is visible

2020-09-03 14:49:51 - [MESSAGE][PASSED] - Object 'Object Repository/V2/Commons/MeetingListPage/div_Ill do this later' is visible

2020-09-03 14:49:51 - [TEST_STEP][PASSED] - verifyElementVisible(findTestObject("Object Repository/V2/Commons/MeetingListPage/div_Ill do this later"), STOP_ON_FAILURE): Object 'Object Repository/V2/Commons/MeetingListPage/div_Ill do this later' is visible

2020-09-03 14:49:51 - [MESSAGE][PASSED] - Object 'Object Repository/V2/Commons/MeetingListPage/div_Ill do this later' is visible

2020-09-03 14:49:51 - [TEST_STEP][PASSED] - click(findTestObject("Object Repository/V2/Commons/MeetingListPage/div_Ill do this later")): Object: 'Object Repository/V2/Commons/MeetingListPage/div_Ill do this later' is clicked on

2020-09-03 14:49:51 - [MESSAGE][PASSED] - Object: 'Object Repository/V2/Commons/MeetingListPage/div_Ill do this later' is clicked on

2020-09-03 14:49:51 - [TEST_STEP][PASSED] - meetingRecordObj = tt_CustomKeywords.CustomKeywords.CreateDynamicElement(meetingRecord_obj, meetingName, "xpath"): Successfully created new dynamic object: //div[@class='detailscontainer__block item']/h4[text()='Meeting Admin']

2020-09-03 14:49:51 - [MESSAGE][PASSED] - Successfully created new dynamic object: //div[@class='detailscontainer__block item']/h4[text()='Meeting Admin']

2020-09-03 14:49:51 - [TEST_STEP][PASSED] - verifyElementPresent(meetingRecordObj, DefaultTimeout): Object '' is present

2020-09-03 14:49:51 - [MESSAGE][PASSED] - Object '' is present

2020-09-03 14:49:51 - [MESSAGE][PASSED] - Call Test Case 'Test Cases/V2/Test Case/Pre-conditions/PRE_CreateL10Meeting' successfully

2020-09-03 14:49:51 - [TEST_STEP][PASSED] - callTestCase(findTestCase("V2/Test Case/Tests/PR-369 - EditMeetingAgenda/Test Cases/Positive/Admin/PR_369_7_EditMeetingCreateRock_Admin"), ["userName":"jeff+075@mytractiontools.com", "passWord":"Skyline69A*", "meetingRowPosition":"3", "editMeetingMenu_Obj":"//div[@id='root']/div/div[2]/div/div/div/div[2]/div/div[%s]/div[3]/button/i", ... ], STOP_ON_FAILURE): Call Test Case 'Test Cases/V2/Test Case/Tests/PR-369 - EditMeetingAgenda/Test Cases/Positive/Admin/PR_369_7_EditMeetingCreateRock_Admin' successfully

2020-09-03 14:49:51 - [TEST_CASE][PASSED] - Test Cases/V2/Test Case/Tests/PR-369 - EditMeetingAgenda/Test Cases/Positive/Admin/PR_369_7_EditMeetingCreateRock_Admin: Test Cases/V2/Test Case/Tests/PR-369 - EditMeetingAgenda/Test Cases/Positive/Admin/PR_369_7_EditMeetingCreateRock_Admin

2020-09-03 14:49:51 - [TEST_STEP][NOT_RUN] - openBrowser(""): NOT_RUN: openBrowser("")

2020-09-03 14:49:51 - [MESSAGE][NOT_RUN] - NOT_RUN: openBrowser("")

2020-09-03 14:49:51 - [TEST_STEP][NOT_RUN] - maximizeWindow(): NOT_RUN: maximizeWindow()

2020-09-03 14:49:51 - [MESSAGE][NOT_RUN] - NOT_RUN: maximizeWindow()

2020-09-03 14:49:51 - [TEST_STEP][NOT_RUN] - navigateToUrl(V2Url): NOT_RUN: navigateToUrl(V2Url)

2020-09-03 14:49:51 - [MESSAGE][NOT_RUN] - NOT_RUN: navigateToUrl(V2Url)

2020-09-03 14:49:51 - [TEST_STEP][NOT_RUN] - setText(findTestObject("V2/PR-369/Page_Login/userName_Field"), "tractiontools.user001+ta58jzbl@gmail.com"): NOT_RUN: setText(findTestObject("V2/PR-369/Page_Login/userName_Field"), "tractiontools.user001+ta58jzbl@gmail.com")

2020-09-03 14:49:51 - [MESSAGE][NOT_RUN] - NOT_RUN: setText(findTestObject("V2/PR-369/Page_Login/userName_Field"), "tractiontools.user001+ta58jzbl@gmail.com")

2020-09-03 14:49:51 - [TEST_STEP][NOT_RUN] - setText(findTestObject("V2/PR-369/Page_Login/passWord_Field"), "Qwer123!"): NOT_RUN: setText(findTestObject("V2/PR-369/Page_Login/passWord_Field"), "Qwer123!")

2020-09-03 14:49:51 - [MESSAGE][NOT_RUN] - NOT_RUN: setText(findTestObject("V2/PR-369/Page_Login/passWord_Field"), "Qwer123!")

2020-09-03 14:49:51 - [TEST_STEP][NOT_RUN] - click(findTestObject("V2/PR-369/Page_Login/Login_Button")): NOT_RUN: click(findTestObject("V2/PR-369/Page_Login/Login_Button"))

2020-09-03 14:49:51 - [MESSAGE][NOT_RUN] - NOT_RUN: click(findTestObject("V2/PR-369/Page_Login/Login_Button"))

2020-09-03 14:49:51 - [TEST_STEP][PASSED] - waitForElementVisible(findTestObject("V2/Commons/DasboardPage_SidebarMenu/MeetingsMenu"), DefaultTimeout): Object 'Object Repository/V2/Commons/DasboardPage_SidebarMenu/MeetingsMenu' is visible

2020-09-03 14:49:51 - [MESSAGE][PASSED] - Object 'Object Repository/V2/Commons/DasboardPage_SidebarMenu/MeetingsMenu' is visible

2020-09-03 14:49:51 - [TEST_STEP][PASSED] - click(findTestObject("V2/Commons/DasboardPage_SidebarMenu/MeetingsMenu")): Object: 'Object Repository/V2/Commons/DasboardPage_SidebarMenu/MeetingsMenu' is clicked on

2020-09-03 14:49:51 - [MESSAGE][PASSED] - Object: 'Object Repository/V2/Commons/DasboardPage_SidebarMenu/MeetingsMenu' is clicked on

2020-09-03 14:49:51 - [TEST_STEP][PASSED] - meetingOpt_Obj = tt_CustomKeywords.CustomKeywords.CreateDynamicElement(meetingOptions_obj, meetingName, "xpath"): Successfully created new dynamic object: //h4[text()='Meeting Admin']/ancestor::div[contains(@class,'ListContainer')]/div[@class='listcontainer__options']/button

2020-09-03 14:49:51 - [MESSAGE][PASSED] - Successfully created new dynamic object: //h4[text()='Meeting Admin']/ancestor::div[contains(@class,'ListContainer')]/div[@class='listcontainer__options']/button

2020-09-03 14:49:51 - [TEST_STEP][PASSED] - waitForElementVisible(meetingOpt_Obj, DefaultTimeout): Object '' is visible

2020-09-03 14:49:51 - [MESSAGE][PASSED] - Object '' is visible

2020-09-03 14:49:51 - [TEST_STEP][PASSED] - click(meetingOpt_Obj): Object: '' is clicked on

2020-09-03 14:49:51 - [MESSAGE][PASSED] - Object: '' is clicked on

2020-09-03 14:49:51 - [TEST_STEP][PASSED] - click(findTestObject("V2/Commons/MeetingListPage/a_Edit meeting")): Object: 'Object Repository/V2/Commons/MeetingListPage/a_Edit meeting' is clicked on

2020-09-03 14:49:51 - [MESSAGE][PASSED] - Object: 'Object Repository/V2/Commons/MeetingListPage/a_Edit meeting' is clicked on

2020-09-03 14:49:51 - [TEST_STEP][PASSED] - waitForElementVisible(findTestObject("V2/PR-369/Edit_Meeting_Rocks/Rocks_Menu"), DefaultTimeout): Object 'Object Repository/V2/PR-369/Edit_Meeting_Rocks/Rocks_Menu' is visible

2020-09-03 14:49:53 - [MESSAGE][PASSED] - Object 'Object Repository/V2/PR-369/Edit_Meeting_Rocks/Rocks_Menu' is visible

2020-09-03 14:49:53 - [TEST_STEP][PASSED] - click(findTestObject("V2/PR-369/Edit_Meeting_Rocks/Rocks_Menu")): Object: 'Object Repository/V2/PR-369/Edit_Meeting_Rocks/Rocks_Menu' is clicked on

2020-09-03 14:49:53 - [MESSAGE][PASSED] - Object: 'Object Repository/V2/PR-369/Edit_Meeting_Rocks/Rocks_Menu' is clicked on

2020-09-03 14:49:53 - [TEST_STEP][PASSED] - click(findTestObject("V2/PR-369/Edit_Meeting_Rocks/CreateRocksButton")): Object: 'Object Repository/V2/PR-369/Edit_Meeting_Rocks/CreateRocksButton' is clicked on

2020-09-03 14:49:53 - [MESSAGE][PASSED] - Object: 'Object Repository/V2/PR-369/Edit_Meeting_Rocks/CreateRocksButton' is clicked on

2020-09-03 14:49:53 - [TEST_STEP][PASSED] - click(findTestObject("V2/PR-369/Edit_Meeting_Rocks/Create_New_Rocks")): Object: 'Object Repository/V2/PR-369/Edit_Meeting_Rocks/Create_New_Rocks' is clicked on

2020-09-03 14:49:53 - [MESSAGE][PASSED] - Object: 'Object Repository/V2/PR-369/Edit_Meeting_Rocks/Create_New_Rocks' is clicked on

2020-09-03 14:49:53 - [TEST_STEP][PASSED] - waitForElementVisible(findTestObject("V2/PR-369/Edit_Meeting_Rocks/Rock_Name_Title"), DefaultTimeout): Object 'Object Repository/V2/PR-369/Edit_Meeting_Rocks/Rock_Name_Title' is visible

2020-09-03 14:49:53 - [MESSAGE][PASSED] - Object 'Object Repository/V2/PR-369/Edit_Meeting_Rocks/Rock_Name_Title' is visible

2020-09-03 14:49:53 - [TEST_STEP][PASSED] - setText(findTestObject("V2/PR-369/Edit_Meeting_Rocks/Rock_Name_Title"), rockName): Text 'QA Edit Meeting Automation Rock Test' is set on object 'Object Repository/V2/PR-369/Edit_Meeting_Rocks/Rock_Name_Title'

2020-09-03 14:49:53 - [MESSAGE][PASSED] - Text 'QA Edit Meeting Automation Rock Test' is set on object 'Object Repository/V2/PR-369/Edit_Meeting_Rocks/Rock_Name_Title'

2020-09-03 14:49:53 - [TEST_STEP][PASSED] - click(findTestObject("V2/PR-369/Edit_Meeting_Rocks/Status_OffTrack_Rock")): Object: 'Object Repository/V2/PR-369/Edit_Meeting_Rocks/Status_OffTrack_Rock' is clicked on

2020-09-03 14:49:54 - [MESSAGE][PASSED] - Object: 'Object Repository/V2/PR-369/Edit_Meeting_Rocks/Status_OffTrack_Rock' is clicked on

2020-09-03 14:49:54 - [TEST_STEP][PASSED] - click(findTestObject("V2/PR-369/Edit_Meeting_Rocks/Accountable_Owner_Field")): Object: 'Object Repository/V2/PR-369/Edit_Meeting_Rocks/Accountable_Owner_Field' is clicked on

2020-09-03 14:49:54 - [MESSAGE][PASSED] - Object: 'Object Repository/V2/PR-369/Edit_Meeting_Rocks/Accountable_Owner_Field' is clicked on

2020-09-03 14:49:54 - [TEST_STEP][PASSED] - accountableOwner = tt_CustomKeywords.CustomKeywords.CreateDynamicElement(owner_Obj, ownerSelected, "xpath"): Successfully created new dynamic object: //div[@data-test-id='createRock']//div[@role='listbox'][@class='visible menu transition']/div[@role='option'][contains(@class,'item')]/span[text()='Admin User']

2020-09-03 14:49:54 - [MESSAGE][PASSED] - Successfully created new dynamic object: //div[@data-test-id='createRock']//div[@role='listbox'][@class='visible menu transition']/div[@role='option'][contains(@class,'item')]/span[text()='Admin User']

2020-09-03 14:49:54 - [TEST_STEP][PASSED] - click(accountableOwner): Object: '' is clicked on

2020-09-03 14:49:54 - [MESSAGE][PASSED] - Object: '' is clicked on

2020-09-03 14:49:54 - [TEST_STEP][PASSED] - click(findTestObject("V2/PR-369/Edit_Meeting_Rocks/Visibility_Level_Field")): Object: 'Object Repository/V2/PR-369/Edit_Meeting_Rocks/Visibility_Level_Field' is clicked on

2020-09-03 14:49:54 - [MESSAGE][PASSED] - Object: 'Object Repository/V2/PR-369/Edit_Meeting_Rocks/Visibility_Level_Field' is clicked on

2020-09-03 14:49:54 - [TEST_STEP][PASSED] - click(findTestObject("V2/PR-369/Edit_Meeting_Rocks/Visibility_Level_Company")): Object: 'Object Repository/V2/PR-369/Edit_Meeting_Rocks/Visibility_Level_Company' is clicked on

2020-09-03 14:49:54 - [MESSAGE][PASSED] - Object: 'Object Repository/V2/PR-369/Edit_Meeting_Rocks/Visibility_Level_Company' is clicked on

2020-09-03 14:49:54 - [TEST_STEP][PASSED] - click(findTestObject("V2/PR-369/Edit_Meeting_Rocks/Rocks_Due_Date_Field")): Object: 'Object Repository/V2/PR-369/Edit_Meeting_Rocks/Rocks_Due_Date_Field' is clicked on

2020-09-03 14:49:54 - [MESSAGE][PASSED] - Object: 'Object Repository/V2/PR-369/Edit_Meeting_Rocks/Rocks_Due_Date_Field' is clicked on

2020-09-03 14:49:54 - [TEST_STEP][PASSED] - waitForElementVisible(findTestObject("V2/PR-369/Edit_Meeting_Scorecard/A_Date29"), DefaultTimeout): Object 'Object Repository/V2/PR-369/Edit_Meeting_Scorecard/A_Date29' is visible

2020-09-03 14:49:54 - [MESSAGE][PASSED] - Object 'Object Repository/V2/PR-369/Edit_Meeting_Scorecard/A_Date29' is visible

2020-09-03 14:49:54 - [TEST_STEP][PASSED] - click(findTestObject("V2/PR-369/Edit_Meeting_Scorecard/A_Date29")): Object: 'Object Repository/V2/PR-369/Edit_Meeting_Scorecard/A_Date29' is clicked on

2020-09-03 14:49:54 - [MESSAGE][PASSED] - Object: 'Object Repository/V2/PR-369/Edit_Meeting_Scorecard/A_Date29' is clicked on

2020-09-03 14:49:54 - [TEST_STEP][PASSED] - verifyElementVisible(findTestObject("V2/PR-369/Edit_Meeting_Rocks/Verify_Notes_Section")): Object 'Object Repository/V2/PR-369/Edit_Meeting_Rocks/Verify_Notes_Section' is visible

2020-09-03 14:49:54 - [MESSAGE][PASSED] - Object 'Object Repository/V2/PR-369/Edit_Meeting_Rocks/Verify_Notes_Section' is visible

2020-09-03 14:49:54 - [TEST_STEP][PASSED] - setText(findTestObject("V2/PR-369/Edit_Meeting_Rocks/Notes_Comments"), Notes): Text 'Sample Notes' is set on object 'Object Repository/V2/PR-369/Edit_Meeting_Rocks/Notes_Comments'

2020-09-03 14:50:04 - [MESSAGE][PASSED] - Text 'Sample Notes' is set on object 'Object Repository/V2/PR-369/Edit_Meeting_Rocks/Notes_Comments'

2020-09-03 14:50:04 - [TEST_STEP][PASSED] - sendKeys(findTestObject("V2/PR-369/Edit_Meeting_Rocks/Add_Milestone_Button"), Keys.chord(PAGE_DOWN)): Keys 'PAGE_DOWN + ' sent to object: 'Object Repository/V2/PR-369/Edit_Meeting_Rocks/Add_Milestone_Button'

2020-09-03 14:50:04 - [MESSAGE][PASSED] - Keys 'PAGE_DOWN + ' sent to object: 'Object Repository/V2/PR-369/Edit_Meeting_Rocks/Add_Milestone_Button'

2020-09-03 14:50:04 - [TEST_STEP][PASSED] - click(findTestObject("V2/PR-369/Edit_Meeting_Rocks/Add_Milestone_Button")): Object: 'Object Repository/V2/PR-369/Edit_Meeting_Rocks/Add_Milestone_Button' is clicked on

2020-09-03 14:50:04 - [MESSAGE][PASSED] - Object: 'Object Repository/V2/PR-369/Edit_Meeting_Rocks/Add_Milestone_Button' is clicked on

2020-09-03 14:50:04 - [TEST_STEP][PASSED] - setText(findTestObject("V2/PR-369/Edit_Meeting_Rocks/Milestone_Text_Field"), milestoneName): Text 'Milestone 1' is set on object 'Object Repository/V2/PR-369/Edit_Meeting_Rocks/Milestone_Text_Field'

2020-09-03 14:50:05 - [MESSAGE][PASSED] - Text 'Milestone 1' is set on object 'Object Repository/V2/PR-369/Edit_Meeting_Rocks/Milestone_Text_Field'

2020-09-03 14:50:05 - [TEST_STEP][PASSED] - click(findTestObject("V2/PR-369/Edit_Meeting_Rocks/Milestone_date")): Object: 'Object Repository/V2/PR-369/Edit_Meeting_Rocks/Milestone_date' is clicked on

2020-09-03 14:50:05 - [MESSAGE][PASSED] - Object: 'Object Repository/V2/PR-369/Edit_Meeting_Rocks/Milestone_date' is clicked on

2020-09-03 14:50:05 - [TEST_STEP][PASSED] - waitForElementVisible(findTestObject("V2/PR-369/Edit_Meeting_Scorecard/A_Date29"), DefaultTimeout): Object 'Object Repository/V2/PR-369/Edit_Meeting_Scorecard/A_Date29' is visible

2020-09-03 14:50:05 - [MESSAGE][PASSED] - Object 'Object Repository/V2/PR-369/Edit_Meeting_Scorecard/A_Date29' is visible

2020-09-03 14:50:05 - [TEST_STEP][PASSED] - click(findTestObject("V2/PR-369/Edit_Meeting_Scorecard/A_Date29")): Object: 'Object Repository/V2/PR-369/Edit_Meeting_Scorecard/A_Date29' is clicked on

2020-09-03 14:50:06 - [MESSAGE][PASSED] - Object: 'Object Repository/V2/PR-369/Edit_Meeting_Scorecard/A_Date29' is clicked on

2020-09-03 14:50:06 - [TEST_STEP][PASSED] - click(findTestObject("V2/PR-369/Edit_Meeting_Rocks/Save_Button")): Object: 'Object Repository/V2/PR-369/Edit_Meeting_Rocks/Save_Button' is clicked on

2020-09-03 14:50:06 - [MESSAGE][PASSED] - Object: 'Object Repository/V2/PR-369/Edit_Meeting_Rocks/Save_Button' is clicked on

2020-09-03 14:50:06 - [TEST_STEP][PASSED] - delay(10): Delayed 10 second(s)

2020-09-03 14:50:16 - [MESSAGE][PASSED] - Delayed 10 second(s)

2020-09-03 14:50:16 - [TEST_STEP][PASSED] - verifyRocks = tt_CustomKeywords.CustomKeywords.CreateDynamicElement(verifyRocks_Obj, rockName, "xpath"): Successfully created new dynamic object: //h2[text()='Rocks']/ancestor::div[contains(@class,'CardStyles')]/div[2]//div[@data-test-id='rock.title'][contains(@class,'TextBodyStyles-sc') and text()='QA Edit Meeting Automation Rock Test']

2020-09-03 14:50:16 - [MESSAGE][PASSED] - Successfully created new dynamic object: //h2[text()='Rocks']/ancestor::div[contains(@class,'CardStyles')]/div[2]//div[@data-test-id='rock.title'][contains(@class,'TextBodyStyles-sc') and text()='QA Edit Meeting Automation Rock Test']

2020-09-03 14:50:16 - [TEST_STEP][PASSED] - verifyElementPresent(verifyRocks, DefaultTimeout): Object '' is present

2020-09-03 14:50:16 - [MESSAGE][PASSED] - Object '' is present

2020-09-03 14:50:16 - [TEST_STEP][PASSED] - verifyMilestone = tt_CustomKeywords.CustomKeywords.CreateDynamicElement(verifyMilestone_Obj, milestoneName, "xpath"): Successfully created new dynamic object: //h2[text()='Rocks']/ancestor::div[contains(@class,'CardStyles')]/div[2]//div[contains(@class,'milestoneListItem__name')]/span[text()='Milestone 1']

2020-09-03 14:50:16 - [MESSAGE][PASSED] - Successfully created new dynamic object: //h2[text()='Rocks']/ancestor::div[contains(@class,'CardStyles')]/div[2]//div[contains(@class,'milestoneListItem__name')]/span[text()='Milestone 1']

2020-09-03 14:50:16 - [TEST_STEP][PASSED] - verifyElementPresent(verifyMilestone, DefaultTimeout): Object '' is present

2020-09-03 14:50:16 - [MESSAGE][PASSED] - Object '' is present

2020-09-03 14:50:16 - [TEST_STEP][NOT_RUN] - click(verifyRocks): NOT_RUN: click(verifyRocks)

2020-09-03 14:50:16 - [MESSAGE][NOT_RUN] - NOT_RUN: click(verifyRocks)

2020-09-03 14:50:16 - [TEST_STEP][NOT_RUN] - delay(10): NOT_RUN: delay(10)

2020-09-03 14:50:16 - [MESSAGE][NOT_RUN] - NOT_RUN: delay(10)

2020-09-03 14:50:16 - [TEST_STEP][NOT_RUN] - click(findTestObject("V2/PR-369/UpdateEditMeetingRocks/Edit_Rock_Name")): NOT_RUN: click(findTestObject("V2/PR-369/UpdateEditMeetingRocks/Edit_Rock_Name"))

2020-09-03 14:50:16 - [MESSAGE][NOT_RUN] - NOT_RUN: click(findTestObject("V2/PR-369/UpdateEditMeetingRocks/Edit_Rock_Name"))

2020-09-03 14:50:16 - [TEST_STEP][NOT_RUN] - sendKeys(findTestObject("V2/PR-369/UpdateEditMeetingRocks/Edit_Rock_Name"), Keys.chord(LEFT_CONTROL, "a", BACK_SPACE)): NOT_RUN: sendKeys(findTestObject("V2/PR-369/UpdateEditMeetingRocks/Edit_Rock_Name"), Keys.chord(LEFT_CONTROL, "a", BACK_SPACE))

2020-09-03 14:50:16 - [MESSAGE][NOT_RUN] - NOT_RUN: sendKeys(findTestObject("V2/PR-369/UpdateEditMeetingRocks/Edit_Rock_Name"), Keys.chord(LEFT_CONTROL, "a", BACK_SPACE))

2020-09-03 14:50:16 - [TEST_STEP][NOT_RUN] - setText(findTestObject("V2/PR-369/UpdateEditMeetingRocks/Edit_Rock_Name"), editRockName): NOT_RUN: setText(findTestObject("V2/PR-369/UpdateEditMeetingRocks/Edit_Rock_Name"), editRockName)

2020-09-03 14:50:16 - [MESSAGE][NOT_RUN] - NOT_RUN: setText(findTestObject("V2/PR-369/UpdateEditMeetingRocks/Edit_Rock_Name"), editRockName)

2020-09-03 14:50:16 - [TEST_STEP][NOT_RUN] - click(findTestObject("V2/PR-369/UpdateEditMeetingRocks/Edit_Status_Done")): NOT_RUN: click(findTestObject("V2/PR-369/UpdateEditMeetingRocks/Edit_Status_Done"))

2020-09-03 14:50:16 - [MESSAGE][NOT_RUN] - NOT_RUN: click(findTestObject("V2/PR-369/UpdateEditMeetingRocks/Edit_Status_Done"))

2020-09-03 14:50:16 - [TEST_STEP][NOT_RUN] - click(findTestObject("V2/PR-369/UpdateEditMeetingRocks/Edit_Accountable_Owner")): NOT_RUN: click(findTestObject("V2/PR-369/UpdateEditMeetingRocks/Edit_Accountable_Owner"))

2020-09-03 14:50:16 - [MESSAGE][NOT_RUN] - NOT_RUN: click(findTestObject("V2/PR-369/UpdateEditMeetingRocks/Edit_Accountable_Owner"))

2020-09-03 14:50:16 - [TEST_STEP][NOT_RUN] - editOwner = tt_CustomKeywords.CustomKeywords.CreateDynamicElement(editOwner_Obj, editOwner, "xpath"): NOT_RUN: editOwner = tt_CustomKeywords.CustomKeywords.CreateDynamicElement(editOwner_Obj, editOwner, "xpath")

2020-09-03 14:50:16 - [MESSAGE][NOT_RUN] - NOT_RUN: editOwner = tt_CustomKeywords.CustomKeywords.CreateDynamicElement(editOwner_Obj, editOwner, "xpath")

2020-09-03 14:50:16 - [TEST_STEP][NOT_RUN] - click(editOwner): NOT_RUN: click(editOwner)

2020-09-03 14:50:16 - [MESSAGE][NOT_RUN] - NOT_RUN: click(editOwner)

2020-09-03 14:50:16 - [TEST_STEP][NOT_RUN] - click(findTestObject("V2/PR-369/UpdateEditMeetingRocks/Edit_Visibility_Level")): NOT_RUN: click(findTestObject("V2/PR-369/UpdateEditMeetingRocks/Edit_Visibility_Level"))

2020-09-03 14:50:16 - [MESSAGE][NOT_RUN] - NOT_RUN: click(findTestObject("V2/PR-369/UpdateEditMeetingRocks/Edit_Visibility_Level"))

2020-09-03 14:50:16 - [TEST_STEP][NOT_RUN] - click(findTestObject("V2/PR-369/UpdateEditMeetingRocks/Edit_Visibility_Level_Department")): NOT_RUN: click(findTestObject("V2/PR-369/UpdateEditMeetingRocks/Edit_Visibility_Level_Department"))

2020-09-03 14:50:16 - [MESSAGE][NOT_RUN] - NOT_RUN: click(findTestObject("V2/PR-369/UpdateEditMeetingRocks/Edit_Visibility_Level_Department"))

2020-09-03 14:50:16 - [TEST_STEP][NOT_RUN] - sendKeys(findTestObject("V2/PR-369/UpdateEditMeetingRocks/Edit_Milestone"), Keys.chord(LEFT_CONTROL, "a", BACK_SPACE)): NOT_RUN: sendKeys(findTestObject("V2/PR-369/UpdateEditMeetingRocks/Edit_Milestone"), Keys.chord(LEFT_CONTROL, "a", BACK_SPACE))

2020-09-03 14:50:16 - [MESSAGE][NOT_RUN] - NOT_RUN: sendKeys(findTestObject("V2/PR-369/UpdateEditMeetingRocks/Edit_Milestone"), Keys.chord(LEFT_CONTROL, "a", BACK_SPACE))

2020-09-03 14:50:16 - [TEST_STEP][NOT_RUN] - setText(findTestObject("V2/PR-369/UpdateEditMeetingRocks/Edit_Milestone"), editMilestoneName): NOT_RUN: setText(findTestObject("V2/PR-369/UpdateEditMeetingRocks/Edit_Milestone"), editMilestoneName)

2020-09-03 14:50:16 - [MESSAGE][NOT_RUN] - NOT_RUN: setText(findTestObject("V2/PR-369/UpdateEditMeetingRocks/Edit_Milestone"), editMilestoneName)

2020-09-03 14:50:16 - [TEST_STEP][NOT_RUN] - click(findTestObject("V2/PR-369/UpdateEditMeetingRocks/Done_CheckBox")): NOT_RUN: click(findTestObject("V2/PR-369/UpdateEditMeetingRocks/Done_CheckBox"))

2020-09-03 14:50:16 - [MESSAGE][NOT_RUN] - NOT_RUN: click(findTestObject("V2/PR-369/UpdateEditMeetingRocks/Done_CheckBox"))

2020-09-03 14:50:16 - [TEST_STEP][NOT_RUN] - click(findTestObject("V2/PR-369/UpdateEditMeetingRocks/Update_Button")): NOT_RUN: click(findTestObject("V2/PR-369/UpdateEditMeetingRocks/Update_Button"))

2020-09-03 14:50:16 - [MESSAGE][NOT_RUN] - NOT_RUN: click(findTestObject("V2/PR-369/UpdateEditMeetingRocks/Update_Button"))

2020-09-03 14:50:16 - [TEST_STEP][NOT_RUN] - delay(10): NOT_RUN: delay(10)

2020-09-03 14:50:16 - [MESSAGE][NOT_RUN] - NOT_RUN: delay(10)

2020-09-03 14:50:16 - [TEST_STEP][NOT_RUN] - editverifyRocks = tt_CustomKeywords.CustomKeywords.CreateDynamicElement(verifyRocks_Obj, editRockName, "xpath"): NOT_RUN: editverifyRocks = tt_CustomKeywords.CustomKeywords.CreateDynamicElement(verifyRocks_Obj, editRockName, "xpath")

2020-09-03 14:50:16 - [MESSAGE][NOT_RUN] - NOT_RUN: editverifyRocks = tt_CustomKeywords.CustomKeywords.CreateDynamicElement(verifyRocks_Obj, editRockName, "xpath")

2020-09-03 14:50:16 - [TEST_STEP][NOT_RUN] - verifyElementPresent(editverifyRocks, DefaultTimeout): NOT_RUN: verifyElementPresent(editverifyRocks, DefaultTimeout)

2020-09-03 14:50:16 - [MESSAGE][NOT_RUN] - NOT_RUN: verifyElementPresent(editverifyRocks, DefaultTimeout)

2020-09-03 14:50:16 - [TEST_STEP][NOT_RUN] - editverifyMilestone = tt_CustomKeywords.CustomKeywords.CreateDynamicElement(verifyMilestone_Obj, editMilestoneName, "xpath"): NOT_RUN: editverifyMilestone = tt_CustomKeywords.CustomKeywords.CreateDynamicElement(verifyMilestone_Obj, editMilestoneName, "xpath")

2020-09-03 14:50:16 - [MESSAGE][NOT_RUN] - NOT_RUN: editverifyMilestone = tt_CustomKeywords.CustomKeywords.CreateDynamicElement(verifyMilestone_Obj, editMilestoneName, "xpath")

2020-09-03 14:50:16 - [TEST_STEP][NOT_RUN] - verifyElementPresent(editverifyMilestone, DefaultTimeout): NOT_RUN: verifyElementPresent(editverifyMilestone, DefaultTimeout)

2020-09-03 14:50:16 - [MESSAGE][NOT_RUN] - NOT_RUN: verifyElementPresent(editverifyMilestone, DefaultTimeout)

2020-09-03 14:50:16 - [MESSAGE][PASSED] - Call Test Case 'Test Cases/V2/Test Case/Tests/PR-369 - EditMeetingAgenda/Test Cases/Positive/Admin/PR_369_7_EditMeetingCreateRock_Admin' successfully

2020-09-03 14:50:16 - [TEST_STEP][PASSED] - changeWebDriver(driver2): null

2020-09-03 14:50:16 - [TEST_STEP][PASSED] - callTestCase(findTestCase("V2/Test Case/Pre-conditions/PRE_CreateL10Meeting"), ["meetingName":meetingNameS, "meetingAcronym":meetingAcronym, "meetingType":meetingType, "dropdownOptions_obj":"//div[@id='CREATE_MEETING_L10']//span[text()='%s']/parent::div[@role='option']", ... ], STOP_ON_FAILURE): Call Test Case 'Test Cases/V2/Test Case/Pre-conditions/PRE_CreateL10Meeting' successfully

2020-09-03 14:50:16 - [TEST_CASE][PASSED] - Test Cases/V2/Test Case/Pre-conditions/PRE_CreateL10Meeting: Test Cases/V2/Test Case/Pre-conditions/PRE_CreateL10Meeting

2020-09-03 14:50:16 - [TEST_STEP][PASSED] - click(findTestObject("V2/Commons/DasboardPage_SidebarMenu/MeetingsMenu")): Object: 'Object Repository/V2/Commons/DasboardPage_SidebarMenu/MeetingsMenu' is clicked on

2020-09-03 14:50:17 - [MESSAGE][PASSED] - Object: 'Object Repository/V2/Commons/DasboardPage_SidebarMenu/MeetingsMenu' is clicked on

2020-09-03 14:50:17 - [TEST_STEP][PASSED] - click(findTestObject("Object Repository/V2/Commons/MeetingListPage/div_Create a meeting")): Object: 'Object Repository/V2/Commons/MeetingListPage/div_Create a meeting' is clicked on

2020-09-03 14:50:17 - [MESSAGE][PASSED] - Object: 'Object Repository/V2/Commons/MeetingListPage/div_Create a meeting' is clicked on

2020-09-03 14:50:17 - [TEST_STEP][PASSED] - click(findTestObject("Object Repository/V2/Commons/MeetingListPage/button_Level 10")): Object: 'Object Repository/V2/Commons/MeetingListPage/button_Level 10' is clicked on

2020-09-03 14:50:17 - [MESSAGE][PASSED] - Object: 'Object Repository/V2/Commons/MeetingListPage/button_Level 10' is clicked on

2020-09-03 14:50:17 - [TEST_STEP][PASSED] - waitForElementVisible(findTestObject("V2/Commons/CreateL10MeetingDrawer/input__name"), DefaultTimeout): Object 'Object Repository/V2/Commons/CreateL10MeetingDrawer/input__name' is visible

2020-09-03 14:50:18 - [MESSAGE][PASSED] - Object 'Object Repository/V2/Commons/CreateL10MeetingDrawer/input__name' is visible

2020-09-03 14:50:18 - [TEST_STEP][PASSED] - setText(findTestObject("V2/Commons/CreateL10MeetingDrawer/input__name"), meetingName): Text 'Meeting Supervisor' is set on object 'Object Repository/V2/Commons/CreateL10MeetingDrawer/input__name'

2020-09-03 14:50:18 - [MESSAGE][PASSED] - Text 'Meeting Supervisor' is set on object 'Object Repository/V2/Commons/CreateL10MeetingDrawer/input__name'

2020-09-03 14:50:18 - [TEST_STEP][PASSED] - setText(findTestObject("V2/Commons/CreateL10MeetingDrawer/input__acronym"), meetingAcronym): Text 'CL10' is set on object 'Object Repository/V2/Commons/CreateL10MeetingDrawer/input__acronym'

2020-09-03 14:50:18 - [MESSAGE][PASSED] - Text 'CL10' is set on object 'Object Repository/V2/Commons/CreateL10MeetingDrawer/input__acronym'

2020-09-03 14:50:18 - [TEST_STEP][PASSED] - click(findTestObject("V2/Commons/CreateL10MeetingDrawer/input__typeOfMeeting")): Object: 'Object Repository/V2/Commons/CreateL10MeetingDrawer/input__typeOfMeeting' is clicked on

2020-09-03 14:50:18 - [MESSAGE][PASSED] - Object: 'Object Repository/V2/Commons/CreateL10MeetingDrawer/input__typeOfMeeting' is clicked on

2020-09-03 14:50:18 - [TEST_STEP][PASSED] - meetingTypeOption_Obj = tt_CustomKeywords.CustomKeywords.CreateDynamicElement(dropdownOptions_obj, meetingType, "xpath"): Successfully created new dynamic object: //div[@id='CREATE_MEETING_L10']//span[text()='Leadership']/parent::div[@role='option']

2020-09-03 14:50:18 - [MESSAGE][PASSED] - Successfully created new dynamic object: //div[@id='CREATE_MEETING_L10']//span[text()='Leadership']/parent::div[@role='option']

2020-09-03 14:50:18 - [TEST_STEP][PASSED] - click(meetingTypeOption_Obj): Object: '' is clicked on

2020-09-03 14:50:18 - [MESSAGE][PASSED] - Object: '' is clicked on

2020-09-03 14:50:18 - [TEST_STEP][PASSED] - click(findTestObject("V2/Commons/CreateL10MeetingDrawer/div_dayOfMeetingDropdownList")): Object: 'Object Repository/V2/Commons/CreateL10MeetingDrawer/div_dayOfMeetingDropdownList' is clicked on

2020-09-03 14:50:18 - [MESSAGE][PASSED] - Object: 'Object Repository/V2/Commons/CreateL10MeetingDrawer/div_dayOfMeetingDropdownList' is clicked on

2020-09-03 14:50:18 - [TEST_STEP][PASSED] - dayOfMeetingOption_Obj = tt_CustomKeywords.CustomKeywords.CreateDynamicElement(dropdownOptions_obj, dayOfMeeting, "xpath"): Successfully created new dynamic object: //div[@id='CREATE_MEETING_L10']//span[text()='Monday']/parent::div[@role='option']

2020-09-03 14:50:18 - [MESSAGE][PASSED] - Successfully created new dynamic object: //div[@id='CREATE_MEETING_L10']//span[text()='Monday']/parent::div[@role='option']

2020-09-03 14:50:18 - [TEST_STEP][PASSED] - click(dayOfMeetingOption_Obj): Object: '' is clicked on

2020-09-03 14:50:18 - [MESSAGE][PASSED] - Object: '' is clicked on

2020-09-03 14:50:18 - [TEST_STEP][PASSED] - click(findTestObject("V2/Commons/CreateL10MeetingDrawer/input_meetingTime")): Object: 'Object Repository/V2/Commons/CreateL10MeetingDrawer/input_meetingTime' is clicked on

2020-09-03 14:50:18 - [MESSAGE][PASSED] - Object: 'Object Repository/V2/Commons/CreateL10MeetingDrawer/input_meetingTime' is clicked on

2020-09-03 14:50:18 - [TEST_STEP][PASSED] - setText(findTestObject("V2/Commons/CreateL10MeetingDrawer/input_meetingTime"), meetingTime): Text '12:00' is set on object 'Object Repository/V2/Commons/CreateL10MeetingDrawer/input_meetingTime'

2020-09-03 14:50:18 - [MESSAGE][PASSED] - Text '12:00' is set on object 'Object Repository/V2/Commons/CreateL10MeetingDrawer/input_meetingTime'

2020-09-03 14:50:18 - [TEST_STEP][PASSED] - sendKeys(findTestObject("V2/Commons/CreateL10MeetingDrawer/input_meetingTime"), Keys.chord(TAB)): Keys 'TAB + ' sent to object: 'Object Repository/V2/Commons/CreateL10MeetingDrawer/input_meetingTime'

2020-09-03 14:50:19 - [MESSAGE][PASSED] - Keys 'TAB + ' sent to object: 'Object Repository/V2/Commons/CreateL10MeetingDrawer/input_meetingTime'

2020-09-03 14:50:19 - [TEST_STEP][PASSED] - click(findTestObject("V2/Commons/CreateL10MeetingDrawer/div_Create Meeting")): Object: 'Object Repository/V2/Commons/CreateL10MeetingDrawer/div_Create Meeting' is clicked on

2020-09-03 14:50:19 - [MESSAGE][PASSED] - Object: 'Object Repository/V2/Commons/CreateL10MeetingDrawer/div_Create Meeting' is clicked on

2020-09-03 14:50:19 - [TEST_STEP][PASSED] - waitForElementVisible(findTestObject("Object Repository/V2/Commons/MeetingListPage/div_Ill do this later"), DefaultTimeout): Object 'Object Repository/V2/Commons/MeetingListPage/div_Ill do this later' is visible

2020-09-03 14:50:52 - [MESSAGE][PASSED] - Object 'Object Repository/V2/Commons/MeetingListPage/div_Ill do this later' is visible

2020-09-03 14:50:52 - [TEST_STEP][PASSED] - verifyElementVisible(findTestObject("Object Repository/V2/Commons/MeetingListPage/div_Ill do this later"), STOP_ON_FAILURE): Object 'Object Repository/V2/Commons/MeetingListPage/div_Ill do this later' is visible

2020-09-03 14:50:52 - [MESSAGE][PASSED] - Object 'Object Repository/V2/Commons/MeetingListPage/div_Ill do this later' is visible

2020-09-03 14:50:52 - [TEST_STEP][PASSED] - click(findTestObject("Object Repository/V2/Commons/MeetingListPage/div_Ill do this later")): Object: 'Object Repository/V2/Commons/MeetingListPage/div_Ill do this later' is clicked on

2020-09-03 14:50:52 - [MESSAGE][PASSED] - Object: 'Object Repository/V2/Commons/MeetingListPage/div_Ill do this later' is clicked on

2020-09-03 14:50:52 - [TEST_STEP][PASSED] - meetingRecordObj = tt_CustomKeywords.CustomKeywords.CreateDynamicElement(meetingRecord_obj, meetingName, "xpath"): Successfully created new dynamic object: //div[@class='detailscontainer__block item']/h4[text()='Meeting Supervisor']

2020-09-03 14:50:52 - [MESSAGE][PASSED] - Successfully created new dynamic object: //div[@class='detailscontainer__block item']/h4[text()='Meeting Supervisor']

2020-09-03 14:50:52 - [TEST_STEP][PASSED] - verifyElementPresent(meetingRecordObj, DefaultTimeout): Object '' is present

2020-09-03 14:50:52 - [MESSAGE][PASSED] - Object '' is present

2020-09-03 14:50:52 - [MESSAGE][PASSED] - Call Test Case 'Test Cases/V2/Test Case/Pre-conditions/PRE_CreateL10Meeting' successfully

2020-09-03 14:50:52 - [TEST_STEP][PASSED] - callTestCase(findTestCase("V2/Test Case/Tests/PR-369 - EditMeetingAgenda/Test Cases/Positive/Supervisor/PR_369_7_EditMeetingCreateRock_Supervisor"), ["userName":"jeff+075@mytractiontools.com", "passWord":"Skyline69A*", "meetingRowPosition":"3", "editMeetingMenu_Obj":"//div[@id='root']/div/div[2]/div/div/div/div[2]/div/div[%s]/div[3]/button/i", ... ], STOP_ON_FAILURE): Call Test Case 'Test Cases/V2/Test Case/Tests/PR-369 - EditMeetingAgenda/Test Cases/Positive/Supervisor/PR_369_7_EditMeetingCreateRock_Supervisor' successfully

2020-09-03 14:50:52 - [TEST_CASE][PASSED] - Test Cases/V2/Test Case/Tests/PR-369 - EditMeetingAgenda/Test Cases/Positive/Supervisor/PR_369_7_EditMeetingCreateRock_Supervisor: Test Cases/V2/Test Case/Tests/PR-369 - EditMeetingAgenda/Test Cases/Positive/Supervisor/PR_369_7_EditMeetingCreateRock_Supervisor

2020-09-03 14:50:52 - [TEST_STEP][NOT_RUN] - openBrowser(""): NOT_RUN: openBrowser("")

2020-09-03 14:50:52 - [MESSAGE][NOT_RUN] - NOT_RUN: openBrowser("")

2020-09-03 14:50:52 - [TEST_STEP][NOT_RUN] - maximizeWindow(): NOT_RUN: maximizeWindow()

2020-09-03 14:50:52 - [MESSAGE][NOT_RUN] - NOT_RUN: maximizeWindow()

2020-09-03 14:50:52 - [TEST_STEP][NOT_RUN] - navigateToUrl(V2Url): NOT_RUN: navigateToUrl(V2Url)

2020-09-03 14:50:52 - [MESSAGE][NOT_RUN] - NOT_RUN: navigateToUrl(V2Url)

2020-09-03 14:50:52 - [TEST_STEP][NOT_RUN] - setText(findTestObject("V2/PR-369/Page_Login/userName_Field"), "tractiontools.user001+ta58jzbl@gmail.com"): NOT_RUN: setText(findTestObject("V2/PR-369/Page_Login/userName_Field"), "tractiontools.user001+ta58jzbl@gmail.com")

2020-09-03 14:50:52 - [MESSAGE][NOT_RUN] - NOT_RUN: setText(findTestObject("V2/PR-369/Page_Login/userName_Field"), "tractiontools.user001+ta58jzbl@gmail.com")

2020-09-03 14:50:52 - [TEST_STEP][NOT_RUN] - setText(findTestObject("V2/PR-369/Page_Login/passWord_Field"), "Qwer123!"): NOT_RUN: setText(findTestObject("V2/PR-369/Page_Login/passWord_Field"), "Qwer123!")

2020-09-03 14:50:52 - [MESSAGE][NOT_RUN] - NOT_RUN: setText(findTestObject("V2/PR-369/Page_Login/passWord_Field"), "Qwer123!")

2020-09-03 14:50:52 - [TEST_STEP][NOT_RUN] - click(findTestObject("V2/PR-369/Page_Login/Login_Button")): NOT_RUN: click(findTestObject("V2/PR-369/Page_Login/Login_Button"))

2020-09-03 14:50:52 - [MESSAGE][NOT_RUN] - NOT_RUN: click(findTestObject("V2/PR-369/Page_Login/Login_Button"))

2020-09-03 14:50:52 - [TEST_STEP][PASSED] - waitForElementVisible(findTestObject("V2/Commons/DasboardPage_SidebarMenu/MeetingsMenu"), DefaultTimeout): Object 'Object Repository/V2/Commons/DasboardPage_SidebarMenu/MeetingsMenu' is visible

2020-09-03 14:50:52 - [MESSAGE][PASSED] - Object 'Object Repository/V2/Commons/DasboardPage_SidebarMenu/MeetingsMenu' is visible

2020-09-03 14:50:52 - [TEST_STEP][PASSED] - click(findTestObject("V2/Commons/DasboardPage_SidebarMenu/MeetingsMenu")): Object: 'Object Repository/V2/Commons/DasboardPage_SidebarMenu/MeetingsMenu' is clicked on

2020-09-03 14:50:53 - [MESSAGE][PASSED] - Object: 'Object Repository/V2/Commons/DasboardPage_SidebarMenu/MeetingsMenu' is clicked on

2020-09-03 14:50:53 - [TEST_STEP][PASSED] - meetingOpt_Obj = tt_CustomKeywords.CustomKeywords.CreateDynamicElement(meetingOptions_obj, meetingName, "xpath"): Successfully created new dynamic object: //h4[text()='Meeting Supervisor']/ancestor::div[contains(@class,'ListContainer')]/div[@class='listcontainer__options']/button

2020-09-03 14:50:53 - [MESSAGE][PASSED] - Successfully created new dynamic object: //h4[text()='Meeting Supervisor']/ancestor::div[contains(@class,'ListContainer')]/div[@class='listcontainer__options']/button

2020-09-03 14:50:53 - [TEST_STEP][PASSED] - waitForElementVisible(meetingOpt_Obj, DefaultTimeout): Object '' is visible

2020-09-03 14:50:53 - [MESSAGE][PASSED] - Object '' is visible

2020-09-03 14:50:53 - [TEST_STEP][PASSED] - click(meetingOpt_Obj): Object: '' is clicked on

2020-09-03 14:50:53 - [MESSAGE][PASSED] - Object: '' is clicked on

2020-09-03 14:50:53 - [TEST_STEP][PASSED] - click(findTestObject("V2/Commons/MeetingListPage/a_Edit meeting")): Object: 'Object Repository/V2/Commons/MeetingListPage/a_Edit meeting' is clicked on

2020-09-03 14:50:53 - [MESSAGE][PASSED] - Object: 'Object Repository/V2/Commons/MeetingListPage/a_Edit meeting' is clicked on

2020-09-03 14:50:53 - [TEST_STEP][PASSED] - waitForElementVisible(findTestObject("V2/PR-369/Edit_Meeting_Rocks/Rocks_Menu"), DefaultTimeout): Object 'Object Repository/V2/PR-369/Edit_Meeting_Rocks/Rocks_Menu' is visible

2020-09-03 14:50:54 - [MESSAGE][PASSED] - Object 'Object Repository/V2/PR-369/Edit_Meeting_Rocks/Rocks_Menu' is visible

2020-09-03 14:50:54 - [TEST_STEP][PASSED] - click(findTestObject("V2/PR-369/Edit_Meeting_Rocks/Rocks_Menu")): Object: 'Object Repository/V2/PR-369/Edit_Meeting_Rocks/Rocks_Menu' is clicked on

2020-09-03 14:50:54 - [MESSAGE][PASSED] - Object: 'Object Repository/V2/PR-369/Edit_Meeting_Rocks/Rocks_Menu' is clicked on

2020-09-03 14:50:54 - [TEST_STEP][PASSED] - click(findTestObject("V2/PR-369/Edit_Meeting_Rocks/CreateRocksButton")): Object: 'Object Repository/V2/PR-369/Edit_Meeting_Rocks/CreateRocksButton' is clicked on

2020-09-03 14:50:54 - [MESSAGE][PASSED] - Object: 'Object Repository/V2/PR-369/Edit_Meeting_Rocks/CreateRocksButton' is clicked on

2020-09-03 14:50:54 - [TEST_STEP][PASSED] - click(findTestObject("V2/PR-369/Edit_Meeting_Rocks/Create_New_Rocks")): Object: 'Object Repository/V2/PR-369/Edit_Meeting_Rocks/Create_New_Rocks' is clicked on

2020-09-03 14:50:54 - [MESSAGE][PASSED] - Object: 'Object Repository/V2/PR-369/Edit_Meeting_Rocks/Create_New_Rocks' is clicked on

2020-09-03 14:50:54 - [TEST_STEP][PASSED] - waitForElementVisible(findTestObject("V2/PR-369/Edit_Meeting_Rocks/Rock_Name_Title"), DefaultTimeout): Object 'Object Repository/V2/PR-369/Edit_Meeting_Rocks/Rock_Name_Title' is visible

2020-09-03 14:50:54 - [MESSAGE][PASSED] - Object 'Object Repository/V2/PR-369/Edit_Meeting_Rocks/Rock_Name_Title' is visible

2020-09-03 14:50:54 - [TEST_STEP][PASSED] - setText(findTestObject("V2/PR-369/Edit_Meeting_Rocks/Rock_Name_Title"), rockName): Text 'QA Edit Meeting Automation Rock Test' is set on object 'Object Repository/V2/PR-369/Edit_Meeting_Rocks/Rock_Name_Title'

2020-09-03 14:50:55 - [MESSAGE][PASSED] - Text 'QA Edit Meeting Automation Rock Test' is set on object 'Object Repository/V2/PR-369/Edit_Meeting_Rocks/Rock_Name_Title'

2020-09-03 14:50:55 - [TEST_STEP][PASSED] - click(findTestObject("V2/PR-369/Edit_Meeting_Rocks/Status_OffTrack_Rock")): Object: 'Object Repository/V2/PR-369/Edit_Meeting_Rocks/Status_OffTrack_Rock' is clicked on

2020-09-03 14:50:55 - [MESSAGE][PASSED] - Object: 'Object Repository/V2/PR-369/Edit_Meeting_Rocks/Status_OffTrack_Rock' is clicked on

2020-09-03 14:50:55 - [TEST_STEP][PASSED] - click(findTestObject("V2/PR-369/Edit_Meeting_Rocks/Accountable_Owner_Field")): Object: 'Object Repository/V2/PR-369/Edit_Meeting_Rocks/Accountable_Owner_Field' is clicked on

2020-09-03 14:50:55 - [MESSAGE][PASSED] - Object: 'Object Repository/V2/PR-369/Edit_Meeting_Rocks/Accountable_Owner_Field' is clicked on

2020-09-03 14:50:55 - [TEST_STEP][PASSED] - accountableOwner = tt_CustomKeywords.CustomKeywords.CreateDynamicElement(owner_Obj, ownerSelected, "xpath"): Successfully created new dynamic object: //div[@data-test-id='createRock']//div[@role='listbox'][@class='visible menu transition']/div[@role='option'][contains(@class,'item')]/span[text()='Admin User']

2020-09-03 14:50:55 - [MESSAGE][PASSED] - Successfully created new dynamic object: //div[@data-test-id='createRock']//div[@role='listbox'][@class='visible menu transition']/div[@role='option'][contains(@class,'item')]/span[text()='Admin User']

2020-09-03 14:50:55 - [TEST_STEP][PASSED] - click(accountableOwner): Object: '' is clicked on

2020-09-03 14:50:55 - [MESSAGE][PASSED] - Object: '' is clicked on

2020-09-03 14:50:55 - [TEST_STEP][PASSED] - click(findTestObject("V2/PR-369/Edit_Meeting_Rocks/Visibility_Level_Field")): Object: 'Object Repository/V2/PR-369/Edit_Meeting_Rocks/Visibility_Level_Field' is clicked on

2020-09-03 14:50:55 - [MESSAGE][PASSED] - Object: 'Object Repository/V2/PR-369/Edit_Meeting_Rocks/Visibility_Level_Field' is clicked on

2020-09-03 14:50:55 - [TEST_STEP][PASSED] - click(findTestObject("V2/PR-369/Edit_Meeting_Rocks/Visibility_Level_Company")): Object: 'Object Repository/V2/PR-369/Edit_Meeting_Rocks/Visibility_Level_Company' is clicked on

2020-09-03 14:50:55 - [MESSAGE][PASSED] - Object: 'Object Repository/V2/PR-369/Edit_Meeting_Rocks/Visibility_Level_Company' is clicked on

2020-09-03 14:50:55 - [TEST_STEP][PASSED] - click(findTestObject("V2/PR-369/Edit_Meeting_Rocks/Rocks_Due_Date_Field")): Object: 'Object Repository/V2/PR-369/Edit_Meeting_Rocks/Rocks_Due_Date_Field' is clicked on

2020-09-03 14:50:55 - [MESSAGE][PASSED] - Object: 'Object Repository/V2/PR-369/Edit_Meeting_Rocks/Rocks_Due_Date_Field' is clicked on

2020-09-03 14:50:55 - [TEST_STEP][PASSED] - waitForElementVisible(findTestObject("V2/PR-369/Edit_Meeting_Scorecard/A_Date29"), DefaultTimeout): Object 'Object Repository/V2/PR-369/Edit_Meeting_Scorecard/A_Date29' is visible

2020-09-03 14:50:55 - [MESSAGE][PASSED] - Object 'Object Repository/V2/PR-369/Edit_Meeting_Scorecard/A_Date29' is visible

2020-09-03 14:50:55 - [TEST_STEP][PASSED] - click(findTestObject("V2/PR-369/Edit_Meeting_Scorecard/A_Date29")): Object: 'Object Repository/V2/PR-369/Edit_Meeting_Scorecard/A_Date29' is clicked on

2020-09-03 14:50:55 - [MESSAGE][PASSED] - Object: 'Object Repository/V2/PR-369/Edit_Meeting_Scorecard/A_Date29' is clicked on

2020-09-03 14:50:55 - [TEST_STEP][PASSED] - verifyElementVisible(findTestObject("V2/PR-369/Edit_Meeting_Rocks/Verify_Notes_Section")): Object 'Object Repository/V2/PR-369/Edit_Meeting_Rocks/Verify_Notes_Section' is visible

2020-09-03 14:50:55 - [MESSAGE][PASSED] - Object 'Object Repository/V2/PR-369/Edit_Meeting_Rocks/Verify_Notes_Section' is visible

2020-09-03 14:50:55 - [TEST_STEP][PASSED] - setText(findTestObject("V2/PR-369/Edit_Meeting_Rocks/Notes_Comments"), Notes): Text 'Sample Notes' is set on object 'Object Repository/V2/PR-369/Edit_Meeting_Rocks/Notes_Comments'

2020-09-03 14:51:05 - [MESSAGE][PASSED] - Text 'Sample Notes' is set on object 'Object Repository/V2/PR-369/Edit_Meeting_Rocks/Notes_Comments'

2020-09-03 14:51:05 - [TEST_STEP][PASSED] - sendKeys(findTestObject("V2/PR-369/Edit_Meeting_Rocks/Add_Milestone_Button"), Keys.chord(PAGE_DOWN)): Keys 'PAGE_DOWN + ' sent to object: 'Object Repository/V2/PR-369/Edit_Meeting_Rocks/Add_Milestone_Button'

2020-09-03 14:51:05 - [MESSAGE][PASSED] - Keys 'PAGE_DOWN + ' sent to object: 'Object Repository/V2/PR-369/Edit_Meeting_Rocks/Add_Milestone_Button'

2020-09-03 14:51:05 - [TEST_STEP][PASSED] - click(findTestObject("V2/PR-369/Edit_Meeting_Rocks/Add_Milestone_Button")): Object: 'Object Repository/V2/PR-369/Edit_Meeting_Rocks/Add_Milestone_Button' is clicked on

2020-09-03 14:51:06 - [MESSAGE][PASSED] - Object: 'Object Repository/V2/PR-369/Edit_Meeting_Rocks/Add_Milestone_Button' is clicked on

2020-09-03 14:51:06 - [TEST_STEP][PASSED] - setText(findTestObject("V2/PR-369/Edit_Meeting_Rocks/Milestone_Text_Field"), milestoneName): Text 'Milestone 1' is set on object 'Object Repository/V2/PR-369/Edit_Meeting_Rocks/Milestone_Text_Field'

2020-09-03 14:51:06 - [MESSAGE][PASSED] - Text 'Milestone 1' is set on object 'Object Repository/V2/PR-369/Edit_Meeting_Rocks/Milestone_Text_Field'

2020-09-03 14:51:06 - [TEST_STEP][PASSED] - click(findTestObject("V2/PR-369/Edit_Meeting_Rocks/Milestone_date")): Object: 'Object Repository/V2/PR-369/Edit_Meeting_Rocks/Milestone_date' is clicked on

2020-09-03 14:51:06 - [MESSAGE][PASSED] - Object: 'Object Repository/V2/PR-369/Edit_Meeting_Rocks/Milestone_date' is clicked on

2020-09-03 14:51:06 - [TEST_STEP][PASSED] - waitForElementVisible(findTestObject("V2/PR-369/Edit_Meeting_Scorecard/A_Date29"), DefaultTimeout): Object 'Object Repository/V2/PR-369/Edit_Meeting_Scorecard/A_Date29' is visible

2020-09-03 14:51:06 - [MESSAGE][PASSED] - Object 'Object Repository/V2/PR-369/Edit_Meeting_Scorecard/A_Date29' is visible

2020-09-03 14:51:06 - [TEST_STEP][PASSED] - click(findTestObject("V2/PR-369/Edit_Meeting_Scorecard/A_Date29")): Object: 'Object Repository/V2/PR-369/Edit_Meeting_Scorecard/A_Date29' is clicked on

2020-09-03 14:51:06 - [MESSAGE][PASSED] - Object: 'Object Repository/V2/PR-369/Edit_Meeting_Scorecard/A_Date29' is clicked on

2020-09-03 14:51:06 - [TEST_STEP][PASSED] - click(findTestObject("V2/PR-369/Edit_Meeting_Rocks/Save_Button")): Object: 'Object Repository/V2/PR-369/Edit_Meeting_Rocks/Save_Button' is clicked on

2020-09-03 14:51:06 - [MESSAGE][PASSED] - Object: 'Object Repository/V2/PR-369/Edit_Meeting_Rocks/Save_Button' is clicked on

2020-09-03 14:51:06 - [TEST_STEP][PASSED] - delay(10): Delayed 10 second(s)

2020-09-03 14:51:16 - [MESSAGE][PASSED] - Delayed 10 second(s)

2020-09-03 14:51:16 - [TEST_STEP][PASSED] - verifyRocks = tt_CustomKeywords.CustomKeywords.CreateDynamicElement(verifyRocks_Obj, rockName, "xpath"): Successfully created new dynamic object: //h2[text()='Rocks']/ancestor::div[contains(@class,'CardStyles')]/div[2]//div[@data-test-id='rock.title'][contains(@class,'TextBodyStyles-sc') and text()='QA Edit Meeting Automation Rock Test']

2020-09-03 14:51:16 - [MESSAGE][PASSED] - Successfully created new dynamic object: //h2[text()='Rocks']/ancestor::div[contains(@class,'CardStyles')]/div[2]//div[@data-test-id='rock.title'][contains(@class,'TextBodyStyles-sc') and text()='QA Edit Meeting Automation Rock Test']

2020-09-03 14:51:16 - [TEST_STEP][PASSED] - verifyElementPresent(verifyRocks, DefaultTimeout): Object '' is present

2020-09-03 14:51:16 - [MESSAGE][PASSED] - Object '' is present

2020-09-03 14:51:16 - [TEST_STEP][PASSED] - verifyMilestone = tt_CustomKeywords.CustomKeywords.CreateDynamicElement(verifyMilestone_Obj, milestoneName, "xpath"): Successfully created new dynamic object: //h2[text()='Rocks']/ancestor::div[contains(@class,'CardStyles')]/div[2]//div[contains(@class,'milestoneListItem__name')]/span[text()='Milestone 1']

2020-09-03 14:51:16 - [MESSAGE][PASSED] - Successfully created new dynamic object: //h2[text()='Rocks']/ancestor::div[contains(@class,'CardStyles')]/div[2]//div[contains(@class,'milestoneListItem__name')]/span[text()='Milestone 1']

2020-09-03 14:51:16 - [TEST_STEP][PASSED] - verifyElementPresent(verifyMilestone, DefaultTimeout): Object '' is present

2020-09-03 14:51:16 - [MESSAGE][PASSED] - Object '' is present

2020-09-03 14:51:16 - [TEST_STEP][NOT_RUN] - click(verifyRocks): NOT_RUN: click(verifyRocks)

2020-09-03 14:51:16 - [MESSAGE][NOT_RUN] - NOT_RUN: click(verifyRocks)

2020-09-03 14:51:16 - [TEST_STEP][NOT_RUN] - delay(10): NOT_RUN: delay(10)

2020-09-03 14:51:16 - [MESSAGE][NOT_RUN] - NOT_RUN: delay(10)

2020-09-03 14:51:16 - [TEST_STEP][NOT_RUN] - click(findTestObject("V2/PR-369/UpdateEditMeetingRocks/Edit_Rock_Name")): NOT_RUN: click(findTestObject("V2/PR-369/UpdateEditMeetingRocks/Edit_Rock_Name"))

2020-09-03 14:51:16 - [MESSAGE][NOT_RUN] - NOT_RUN: click(findTestObject("V2/PR-369/UpdateEditMeetingRocks/Edit_Rock_Name"))

2020-09-03 14:51:16 - [TEST_STEP][NOT_RUN] - sendKeys(findTestObject("V2/PR-369/UpdateEditMeetingRocks/Edit_Rock_Name"), Keys.chord(LEFT_CONTROL, "a", BACK_SPACE)): NOT_RUN: sendKeys(findTestObject("V2/PR-369/UpdateEditMeetingRocks/Edit_Rock_Name"), Keys.chord(LEFT_CONTROL, "a", BACK_SPACE))

2020-09-03 14:51:16 - [MESSAGE][NOT_RUN] - NOT_RUN: sendKeys(findTestObject("V2/PR-369/UpdateEditMeetingRocks/Edit_Rock_Name"), Keys.chord(LEFT_CONTROL, "a", BACK_SPACE))

2020-09-03 14:51:16 - [TEST_STEP][NOT_RUN] - setText(findTestObject("V2/PR-369/UpdateEditMeetingRocks/Edit_Rock_Name"), editRockName): NOT_RUN: setText(findTestObject("V2/PR-369/UpdateEditMeetingRocks/Edit_Rock_Name"), editRockName)

2020-09-03 14:51:16 - [MESSAGE][NOT_RUN] - NOT_RUN: setText(findTestObject("V2/PR-369/UpdateEditMeetingRocks/Edit_Rock_Name"), editRockName)

2020-09-03 14:51:16 - [TEST_STEP][NOT_RUN] - click(findTestObject("V2/PR-369/UpdateEditMeetingRocks/Edit_Status_Done")): NOT_RUN: click(findTestObject("V2/PR-369/UpdateEditMeetingRocks/Edit_Status_Done"))

2020-09-03 14:51:16 - [MESSAGE][NOT_RUN] - NOT_RUN: click(findTestObject("V2/PR-369/UpdateEditMeetingRocks/Edit_Status_Done"))

2020-09-03 14:51:16 - [TEST_STEP][NOT_RUN] - click(findTestObject("V2/PR-369/UpdateEditMeetingRocks/Edit_Accountable_Owner")): NOT_RUN: click(findTestObject("V2/PR-369/UpdateEditMeetingRocks/Edit_Accountable_Owner"))

2020-09-03 14:51:16 - [MESSAGE][NOT_RUN] - NOT_RUN: click(findTestObject("V2/PR-369/UpdateEditMeetingRocks/Edit_Accountable_Owner"))

2020-09-03 14:51:16 - [TEST_STEP][NOT_RUN] - editOwner = tt_CustomKeywords.CustomKeywords.CreateDynamicElement(editOwner_Obj, editOwner, "xpath"): NOT_RUN: editOwner = tt_CustomKeywords.CustomKeywords.CreateDynamicElement(editOwner_Obj, editOwner, "xpath")

2020-09-03 14:51:16 - [MESSAGE][NOT_RUN] - NOT_RUN: editOwner = tt_CustomKeywords.CustomKeywords.CreateDynamicElement(editOwner_Obj, editOwner, "xpath")

2020-09-03 14:51:16 - [TEST_STEP][NOT_RUN] - click(editOwner): NOT_RUN: click(editOwner)

2020-09-03 14:51:16 - [MESSAGE][NOT_RUN] - NOT_RUN: click(editOwner)

2020-09-03 14:51:16 - [TEST_STEP][NOT_RUN] - click(findTestObject("V2/PR-369/UpdateEditMeetingRocks/Edit_Visibility_Level")): NOT_RUN: click(findTestObject("V2/PR-369/UpdateEditMeetingRocks/Edit_Visibility_Level"))

2020-09-03 14:51:16 - [MESSAGE][NOT_RUN] - NOT_RUN: click(findTestObject("V2/PR-369/UpdateEditMeetingRocks/Edit_Visibility_Level"))

2020-09-03 14:51:16 - [TEST_STEP][NOT_RUN] - click(findTestObject("V2/PR-369/UpdateEditMeetingRocks/Edit_Visibility_Level_Department")): NOT_RUN: click(findTestObject("V2/PR-369/UpdateEditMeetingRocks/Edit_Visibility_Level_Department"))

2020-09-03 14:51:16 - [MESSAGE][NOT_RUN] - NOT_RUN: click(findTestObject("V2/PR-369/UpdateEditMeetingRocks/Edit_Visibility_Level_Department"))

2020-09-03 14:51:16 - [TEST_STEP][NOT_RUN] - sendKeys(findTestObject("V2/PR-369/UpdateEditMeetingRocks/Edit_Milestone"), Keys.chord(LEFT_CONTROL, "a", BACK_SPACE)): NOT_RUN: sendKeys(findTestObject("V2/PR-369/UpdateEditMeetingRocks/Edit_Milestone"), Keys.chord(LEFT_CONTROL, "a", BACK_SPACE))

2020-09-03 14:51:16 - [MESSAGE][NOT_RUN] - NOT_RUN: sendKeys(findTestObject("V2/PR-369/UpdateEditMeetingRocks/Edit_Milestone"), Keys.chord(LEFT_CONTROL, "a", BACK_SPACE))

2020-09-03 14:51:16 - [TEST_STEP][NOT_RUN] - setText(findTestObject("V2/PR-369/UpdateEditMeetingRocks/Edit_Milestone"), editMilestoneName): NOT_RUN: setText(findTestObject("V2/PR-369/UpdateEditMeetingRocks/Edit_Milestone"), editMilestoneName)

2020-09-03 14:51:16 - [MESSAGE][NOT_RUN] - NOT_RUN: setText(findTestObject("V2/PR-369/UpdateEditMeetingRocks/Edit_Milestone"), editMilestoneName)

2020-09-03 14:51:16 - [TEST_STEP][NOT_RUN] - click(findTestObject("V2/PR-369/UpdateEditMeetingRocks/Done_CheckBox")): NOT_RUN: click(findTestObject("V2/PR-369/UpdateEditMeetingRocks/Done_CheckBox"))

2020-09-03 14:51:16 - [MESSAGE][NOT_RUN] - NOT_RUN: click(findTestObject("V2/PR-369/UpdateEditMeetingRocks/Done_CheckBox"))

2020-09-03 14:51:16 - [TEST_STEP][NOT_RUN] - click(findTestObject("V2/PR-369/UpdateEditMeetingRocks/Update_Button")): NOT_RUN: click(findTestObject("V2/PR-369/UpdateEditMeetingRocks/Update_Button"))

2020-09-03 14:51:16 - [MESSAGE][NOT_RUN] - NOT_RUN: click(findTestObject("V2/PR-369/UpdateEditMeetingRocks/Update_Button"))

2020-09-03 14:51:16 - [TEST_STEP][NOT_RUN] - delay(10): NOT_RUN: delay(10)

2020-09-03 14:51:16 - [MESSAGE][NOT_RUN] - NOT_RUN: delay(10)

2020-09-03 14:51:16 - [TEST_STEP][NOT_RUN] - editverifyRocks = tt_CustomKeywords.CustomKeywords.CreateDynamicElement(verifyRocks_Obj, editRockName, "xpath"): NOT_RUN: editverifyRocks = tt_CustomKeywords.CustomKeywords.CreateDynamicElement(verifyRocks_Obj, editRockName, "xpath")

2020-09-03 14:51:16 - [MESSAGE][NOT_RUN] - NOT_RUN: editverifyRocks = tt_CustomKeywords.CustomKeywords.CreateDynamicElement(verifyRocks_Obj, editRockName, "xpath")

2020-09-03 14:51:16 - [TEST_STEP][NOT_RUN] - verifyElementPresent(editverifyRocks, DefaultTimeout): NOT_RUN: verifyElementPresent(editverifyRocks, DefaultTimeout)

2020-09-03 14:51:16 - [MESSAGE][NOT_RUN] - NOT_RUN: verifyElementPresent(editverifyRocks, DefaultTimeout)

2020-09-03 14:51:16 - [TEST_STEP][NOT_RUN] - editverifyMilestone = tt_CustomKeywords.CustomKeywords.CreateDynamicElement(verifyMilestone_Obj, editMilestoneName, "xpath"): NOT_RUN: editverifyMilestone = tt_CustomKeywords.CustomKeywords.CreateDynamicElement(verifyMilestone_Obj, editMilestoneName, "xpath")

2020-09-03 14:51:16 - [MESSAGE][NOT_RUN] - NOT_RUN: editverifyMilestone = tt_CustomKeywords.CustomKeywords.CreateDynamicElement(verifyMilestone_Obj, editMilestoneName, "xpath")

2020-09-03 14:51:16 - [TEST_STEP][NOT_RUN] - verifyElementPresent(editverifyMilestone, DefaultTimeout): NOT_RUN: verifyElementPresent(editverifyMilestone, DefaultTimeout)

2020-09-03 14:51:16 - [MESSAGE][NOT_RUN] - NOT_RUN: verifyElementPresent(editverifyMilestone, DefaultTimeout)

2020-09-03 14:51:16 - [MESSAGE][PASSED] - Call Test Case 'Test Cases/V2/Test Case/Tests/PR-369 - EditMeetingAgenda/Test Cases/Positive/Supervisor/PR_369_7_EditMeetingCreateRock_Supervisor' successfully

2020-09-03 14:51:16 - [TEST_STEP][PASSED] - changeWebDriver(driver3): null

2020-09-03 14:51:16 - [TEST_STEP][PASSED] - callTestCase(findTestCase("V2/Test Case/Pre-conditions/PRE_CreateL10Meeting"), ["meetingName":meetingNameE, "meetingAcronym":meetingAcronym, "meetingType":meetingType, "dropdownOptions_obj":"//div[@id='CREATE_MEETING_L10']//span[text()='%s']/parent::div[@role='option']", ... ], STOP_ON_FAILURE): Call Test Case 'Test Cases/V2/Test Case/Pre-conditions/PRE_CreateL10Meeting' successfully

2020-09-03 14:51:17 - [TEST_CASE][PASSED] - Test Cases/V2/Test Case/Pre-conditions/PRE_CreateL10Meeting: Test Cases/V2/Test Case/Pre-conditions/PRE_CreateL10Meeting

2020-09-03 14:51:17 - [TEST_STEP][PASSED] - click(findTestObject("V2/Commons/DasboardPage_SidebarMenu/MeetingsMenu")): Object: 'Object Repository/V2/Commons/DasboardPage_SidebarMenu/MeetingsMenu' is clicked on

2020-09-03 14:51:17 - [MESSAGE][PASSED] - Object: 'Object Repository/V2/Commons/DasboardPage_SidebarMenu/MeetingsMenu' is clicked on

2020-09-03 14:51:17 - [TEST_STEP][PASSED] - click(findTestObject("Object Repository/V2/Commons/MeetingListPage/div_Create a meeting")): Object: 'Object Repository/V2/Commons/MeetingListPage/div_Create a meeting' is clicked on

2020-09-03 14:51:18 - [MESSAGE][PASSED] - Object: 'Object Repository/V2/Commons/MeetingListPage/div_Create a meeting' is clicked on

2020-09-03 14:51:18 - [TEST_STEP][PASSED] - click(findTestObject("Object Repository/V2/Commons/MeetingListPage/button_Level 10")): Object: 'Object Repository/V2/Commons/MeetingListPage/button_Level 10' is clicked on

2020-09-03 14:51:18 - [MESSAGE][PASSED] - Object: 'Object Repository/V2/Commons/MeetingListPage/button_Level 10' is clicked on

2020-09-03 14:51:18 - [TEST_STEP][PASSED] - waitForElementVisible(findTestObject("V2/Commons/CreateL10MeetingDrawer/input__name"), DefaultTimeout): Object 'Object Repository/V2/Commons/CreateL10MeetingDrawer/input__name' is visible

2020-09-03 14:51:19 - [MESSAGE][PASSED] - Object 'Object Repository/V2/Commons/CreateL10MeetingDrawer/input__name' is visible

2020-09-03 14:51:19 - [TEST_STEP][PASSED] - setText(findTestObject("V2/Commons/CreateL10MeetingDrawer/input__name"), meetingName): Text 'Meeting Employee' is set on object 'Object Repository/V2/Commons/CreateL10MeetingDrawer/input__name'

2020-09-03 14:51:19 - [MESSAGE][PASSED] - Text 'Meeting Employee' is set on object 'Object Repository/V2/Commons/CreateL10MeetingDrawer/input__name'

2020-09-03 14:51:19 - [TEST_STEP][PASSED] - setText(findTestObject("V2/Commons/CreateL10MeetingDrawer/input__acronym"), meetingAcronym): Text 'CL10' is set on object 'Object Repository/V2/Commons/CreateL10MeetingDrawer/input__acronym'

2020-09-03 14:51:19 - [MESSAGE][PASSED] - Text 'CL10' is set on object 'Object Repository/V2/Commons/CreateL10MeetingDrawer/input__acronym'

2020-09-03 14:51:19 - [TEST_STEP][PASSED] - click(findTestObject("V2/Commons/CreateL10MeetingDrawer/input__typeOfMeeting")): Object: 'Object Repository/V2/Commons/CreateL10MeetingDrawer/input__typeOfMeeting' is clicked on

2020-09-03 14:51:19 - [MESSAGE][PASSED] - Object: 'Object Repository/V2/Commons/CreateL10MeetingDrawer/input__typeOfMeeting' is clicked on

2020-09-03 14:51:19 - [TEST_STEP][PASSED] - meetingTypeOption_Obj = tt_CustomKeywords.CustomKeywords.CreateDynamicElement(dropdownOptions_obj, meetingType, "xpath"): Successfully created new dynamic object: //div[@id='CREATE_MEETING_L10']//span[text()='Leadership']/parent::div[@role='option']

2020-09-03 14:51:19 - [MESSAGE][PASSED] - Successfully created new dynamic object: //div[@id='CREATE_MEETING_L10']//span[text()='Leadership']/parent::div[@role='option']

2020-09-03 14:51:19 - [TEST_STEP][PASSED] - click(meetingTypeOption_Obj): Object: '' is clicked on

2020-09-03 14:51:19 - [MESSAGE][PASSED] - Object: '' is clicked on

2020-09-03 14:51:19 - [TEST_STEP][PASSED] - click(findTestObject("V2/Commons/CreateL10MeetingDrawer/div_dayOfMeetingDropdownList")): Object: 'Object Repository/V2/Commons/CreateL10MeetingDrawer/div_dayOfMeetingDropdownList' is clicked on

2020-09-03 14:51:19 - [MESSAGE][PASSED] - Object: 'Object Repository/V2/Commons/CreateL10MeetingDrawer/div_dayOfMeetingDropdownList' is clicked on

2020-09-03 14:51:19 - [TEST_STEP][PASSED] - dayOfMeetingOption_Obj = tt_CustomKeywords.CustomKeywords.CreateDynamicElement(dropdownOptions_obj, dayOfMeeting, "xpath"): Successfully created new dynamic object: //div[@id='CREATE_MEETING_L10']//span[text()='Monday']/parent::div[@role='option']

2020-09-03 14:51:19 - [MESSAGE][PASSED] - Successfully created new dynamic object: //div[@id='CREATE_MEETING_L10']//span[text()='Monday']/parent::div[@role='option']

2020-09-03 14:51:19 - [TEST_STEP][PASSED] - click(dayOfMeetingOption_Obj): Object: '' is clicked on

2020-09-03 14:51:20 - [MESSAGE][PASSED] - Object: '' is clicked on

2020-09-03 14:51:20 - [TEST_STEP][PASSED] - click(findTestObject("V2/Commons/CreateL10MeetingDrawer/input_meetingTime")): Object: 'Object Repository/V2/Commons/CreateL10MeetingDrawer/input_meetingTime' is clicked on

2020-09-03 14:51:20 - [MESSAGE][PASSED] - Object: 'Object Repository/V2/Commons/CreateL10MeetingDrawer/input_meetingTime' is clicked on

2020-09-03 14:51:20 - [TEST_STEP][PASSED] - setText(findTestObject("V2/Commons/CreateL10MeetingDrawer/input_meetingTime"), meetingTime): Text '12:00' is set on object 'Object Repository/V2/Commons/CreateL10MeetingDrawer/input_meetingTime'

2020-09-03 14:51:20 - [MESSAGE][PASSED] - Text '12:00' is set on object 'Object Repository/V2/Commons/CreateL10MeetingDrawer/input_meetingTime'

2020-09-03 14:51:20 - [TEST_STEP][PASSED] - sendKeys(findTestObject("V2/Commons/CreateL10MeetingDrawer/input_meetingTime"), Keys.chord(TAB)): Keys 'TAB + ' sent to object: 'Object Repository/V2/Commons/CreateL10MeetingDrawer/input_meetingTime'

2020-09-03 14:51:20 - [MESSAGE][PASSED] - Keys 'TAB + ' sent to object: 'Object Repository/V2/Commons/CreateL10MeetingDrawer/input_meetingTime'

2020-09-03 14:51:20 - [TEST_STEP][PASSED] - click(findTestObject("V2/Commons/CreateL10MeetingDrawer/div_Create Meeting")): Object: 'Object Repository/V2/Commons/CreateL10MeetingDrawer/div_Create Meeting' is clicked on

2020-09-03 14:51:20 - [MESSAGE][PASSED] - Object: 'Object Repository/V2/Commons/CreateL10MeetingDrawer/div_Create Meeting' is clicked on

2020-09-03 14:51:20 - [TEST_STEP][PASSED] - waitForElementVisible(findTestObject("Object Repository/V2/Commons/MeetingListPage/div_Ill do this later"), DefaultTimeout): Object 'Object Repository/V2/Commons/MeetingListPage/div_Ill do this later' is visible

2020-09-03 14:51:54 - [MESSAGE][PASSED] - Object 'Object Repository/V2/Commons/MeetingListPage/div_Ill do this later' is visible

2020-09-03 14:51:54 - [TEST_STEP][PASSED] - verifyElementVisible(findTestObject("Object Repository/V2/Commons/MeetingListPage/div_Ill do this later"), STOP_ON_FAILURE): Object 'Object Repository/V2/Commons/MeetingListPage/div_Ill do this later' is visible

2020-09-03 14:51:54 - [MESSAGE][PASSED] - Object 'Object Repository/V2/Commons/MeetingListPage/div_Ill do this later' is visible

2020-09-03 14:51:54 - [TEST_STEP][PASSED] - click(findTestObject("Object Repository/V2/Commons/MeetingListPage/div_Ill do this later")): Object: 'Object Repository/V2/Commons/MeetingListPage/div_Ill do this later' is clicked on

2020-09-03 14:51:54 - [MESSAGE][PASSED] - Object: 'Object Repository/V2/Commons/MeetingListPage/div_Ill do this later' is clicked on

2020-09-03 14:51:54 - [TEST_STEP][PASSED] - meetingRecordObj = tt_CustomKeywords.CustomKeywords.CreateDynamicElement(meetingRecord_obj, meetingName, "xpath"): Successfully created new dynamic object: //div[@class='detailscontainer__block item']/h4[text()='Meeting Employee']

2020-09-03 14:51:54 - [MESSAGE][PASSED] - Successfully created new dynamic object: //div[@class='detailscontainer__block item']/h4[text()='Meeting Employee']

2020-09-03 14:51:54 - [TEST_STEP][PASSED] - verifyElementPresent(meetingRecordObj, DefaultTimeout): Object '' is present

2020-09-03 14:51:54 - [MESSAGE][PASSED] - Object '' is present

2020-09-03 14:51:54 - [MESSAGE][PASSED] - Call Test Case 'Test Cases/V2/Test Case/Pre-conditions/PRE_CreateL10Meeting' successfully

2020-09-03 14:51:54 - [TEST_STEP][PASSED] - callTestCase(findTestCase("V2/Test Case/Tests/PR-369 - EditMeetingAgenda/Test Cases/Positive/Employee/PR_369_7_EditMeetingCreateRock_Employee"), ["userName":"jeff+075@mytractiontools.com", "passWord":"Skyline69A*", "meetingRowPosition":"3", "editMeetingMenu_Obj":"//div[@id='root']/div/div[2]/div/div/div/div[2]/div/div[%s]/div[3]/button/i", ... ], STOP_ON_FAILURE): Call Test Case 'Test Cases/V2/Test Case/Tests/PR-369 - EditMeetingAgenda/Test Cases/Positive/Employee/PR_369_7_EditMeetingCreateRock_Employee' successfully

2020-09-03 14:51:54 - [TEST_CASE][PASSED] - Test Cases/V2/Test Case/Tests/PR-369 - EditMeetingAgenda/Test Cases/Positive/Employee/PR_369_7_EditMeetingCreateRock_Employee: Test Cases/V2/Test Case/Tests/PR-369 - EditMeetingAgenda/Test Cases/Positive/Employee/PR_369_7_EditMeetingCreateRock_Employee

2020-09-03 14:51:54 - [TEST_STEP][NOT_RUN] - openBrowser(""): NOT_RUN: openBrowser("")

2020-09-03 14:51:54 - [MESSAGE][NOT_RUN] - NOT_RUN: openBrowser("")

2020-09-03 14:51:54 - [TEST_STEP][NOT_RUN] - maximizeWindow(): NOT_RUN: maximizeWindow()

2020-09-03 14:51:54 - [MESSAGE][NOT_RUN] - NOT_RUN: maximizeWindow()

2020-09-03 14:51:54 - [TEST_STEP][NOT_RUN] - navigateToUrl(V2Url): NOT_RUN: navigateToUrl(V2Url)

2020-09-03 14:51:54 - [MESSAGE][NOT_RUN] - NOT_RUN: navigateToUrl(V2Url)

2020-09-03 14:51:54 - [TEST_STEP][NOT_RUN] - setText(findTestObject("V2/PR-369/Page_Login/userName_Field"), "tractiontools.user001+ta58jzbl@gmail.com"): NOT_RUN: setText(findTestObject("V2/PR-369/Page_Login/userName_Field"), "tractiontools.user001+ta58jzbl@gmail.com")

2020-09-03 14:51:54 - [MESSAGE][NOT_RUN] - NOT_RUN: setText(findTestObject("V2/PR-369/Page_Login/userName_Field"), "tractiontools.user001+ta58jzbl@gmail.com")

2020-09-03 14:51:54 - [TEST_STEP][NOT_RUN] - setText(findTestObject("V2/PR-369/Page_Login/passWord_Field"), "Qwer123!"): NOT_RUN: setText(findTestObject("V2/PR-369/Page_Login/passWord_Field"), "Qwer123!")

2020-09-03 14:51:54 - [MESSAGE][NOT_RUN] - NOT_RUN: setText(findTestObject("V2/PR-369/Page_Login/passWord_Field"), "Qwer123!")

2020-09-03 14:51:54 - [TEST_STEP][NOT_RUN] - click(findTestObject("V2/PR-369/Page_Login/Login_Button")): NOT_RUN: click(findTestObject("V2/PR-369/Page_Login/Login_Button"))

2020-09-03 14:51:54 - [MESSAGE][NOT_RUN] - NOT_RUN: click(findTestObject("V2/PR-369/Page_Login/Login_Button"))

2020-09-03 14:51:54 - [TEST_STEP][PASSED] - waitForElementVisible(findTestObject("V2/Commons/DasboardPage_SidebarMenu/MeetingsMenu"), DefaultTimeout): Object 'Object Repository/V2/Commons/DasboardPage_SidebarMenu/MeetingsMenu' is visible

2020-09-03 14:51:54 - [MESSAGE][PASSED] - Object 'Object Repository/V2/Commons/DasboardPage_SidebarMenu/MeetingsMenu' is visible

2020-09-03 14:51:54 - [TEST_STEP][PASSED] - click(findTestObject("V2/Commons/DasboardPage_SidebarMenu/MeetingsMenu")): Object: 'Object Repository/V2/Commons/DasboardPage_SidebarMenu/MeetingsMenu' is clicked on

2020-09-03 14:51:54 - [MESSAGE][PASSED] - Object: 'Object Repository/V2/Commons/DasboardPage_SidebarMenu/MeetingsMenu' is clicked on

2020-09-03 14:51:54 - [TEST_STEP][PASSED] - meetingOpt_Obj = tt_CustomKeywords.CustomKeywords.CreateDynamicElement(meetingOptions_obj, meetingName, "xpath"): Successfully created new dynamic object: //h4[text()='Meeting Employee']/ancestor::div[contains(@class,'ListContainer')]/div[@class='listcontainer__options']/button

2020-09-03 14:51:54 - [MESSAGE][PASSED] - Successfully created new dynamic object: //h4[text()='Meeting Employee']/ancestor::div[contains(@class,'ListContainer')]/div[@class='listcontainer__options']/button

2020-09-03 14:51:54 - [TEST_STEP][PASSED] - waitForElementVisible(meetingOpt_Obj, DefaultTimeout): Object '' is visible

2020-09-03 14:51:54 - [MESSAGE][PASSED] - Object '' is visible

2020-09-03 14:51:54 - [TEST_STEP][PASSED] - click(meetingOpt_Obj): Object: '' is clicked on

2020-09-03 14:51:54 - [MESSAGE][PASSED] - Object: '' is clicked on

2020-09-03 14:51:54 - [TEST_STEP][PASSED] - click(findTestObject("V2/Commons/MeetingListPage/a_Edit meeting")): Object: 'Object Repository/V2/Commons/MeetingListPage/a_Edit meeting' is clicked on

2020-09-03 14:51:54 - [MESSAGE][PASSED] - Object: 'Object Repository/V2/Commons/MeetingListPage/a_Edit meeting' is clicked on

2020-09-03 14:51:54 - [TEST_STEP][PASSED] - waitForElementVisible(findTestObject("V2/PR-369/Edit_Meeting_Rocks/Rocks_Menu"), DefaultTimeout): Object 'Object Repository/V2/PR-369/Edit_Meeting_Rocks/Rocks_Menu' is visible

2020-09-03 14:51:55 - [MESSAGE][PASSED] - Object 'Object Repository/V2/PR-369/Edit_Meeting_Rocks/Rocks_Menu' is visible

2020-09-03 14:51:55 - [TEST_STEP][PASSED] - click(findTestObject("V2/PR-369/Edit_Meeting_Rocks/Rocks_Menu")): Object: 'Object Repository/V2/PR-369/Edit_Meeting_Rocks/Rocks_Menu' is clicked on

2020-09-03 14:51:56 - [MESSAGE][PASSED] - Object: 'Object Repository/V2/PR-369/Edit_Meeting_Rocks/Rocks_Menu' is clicked on

2020-09-03 14:51:56 - [TEST_STEP][PASSED] - click(findTestObject("V2/PR-369/Edit_Meeting_Rocks/CreateRocksButton")): Object: 'Object Repository/V2/PR-369/Edit_Meeting_Rocks/CreateRocksButton' is clicked on

2020-09-03 14:51:56 - [MESSAGE][PASSED] - Object: 'Object Repository/V2/PR-369/Edit_Meeting_Rocks/CreateRocksButton' is clicked on

2020-09-03 14:51:56 - [TEST_STEP][PASSED] - click(findTestObject("V2/PR-369/Edit_Meeting_Rocks/Create_New_Rocks")): Object: 'Object Repository/V2/PR-369/Edit_Meeting_Rocks/Create_New_Rocks' is clicked on

2020-09-03 14:51:56 - [MESSAGE][PASSED] - Object: 'Object Repository/V2/PR-369/Edit_Meeting_Rocks/Create_New_Rocks' is clicked on

2020-09-03 14:51:56 - [TEST_STEP][PASSED] - waitForElementVisible(findTestObject("V2/PR-369/Edit_Meeting_Rocks/Rock_Name_Title"), DefaultTimeout): Object 'Object Repository/V2/PR-369/Edit_Meeting_Rocks/Rock_Name_Title' is visible

2020-09-03 14:51:56 - [MESSAGE][PASSED] - Object 'Object Repository/V2/PR-369/Edit_Meeting_Rocks/Rock_Name_Title' is visible

2020-09-03 14:51:56 - [TEST_STEP][PASSED] - setText(findTestObject("V2/PR-369/Edit_Meeting_Rocks/Rock_Name_Title"), rockName): Text 'QA Edit Meeting Automation Rock Test' is set on object 'Object Repository/V2/PR-369/Edit_Meeting_Rocks/Rock_Name_Title'

2020-09-03 14:51:56 - [MESSAGE][PASSED] - Text 'QA Edit Meeting Automation Rock Test' is set on object 'Object Repository/V2/PR-369/Edit_Meeting_Rocks/Rock_Name_Title'

2020-09-03 14:51:56 - [TEST_STEP][PASSED] - click(findTestObject("V2/PR-369/Edit_Meeting_Rocks/Status_OffTrack_Rock")): Object: 'Object Repository/V2/PR-369/Edit_Meeting_Rocks/Status_OffTrack_Rock' is clicked on

2020-09-03 14:51:56 - [MESSAGE][PASSED] - Object: 'Object Repository/V2/PR-369/Edit_Meeting_Rocks/Status_OffTrack_Rock' is clicked on

2020-09-03 14:51:56 - [TEST_STEP][PASSED] - click(findTestObject("V2/PR-369/Edit_Meeting_Rocks/Accountable_Owner_Field")): Object: 'Object Repository/V2/PR-369/Edit_Meeting_Rocks/Accountable_Owner_Field' is clicked on

2020-09-03 14:51:57 - [MESSAGE][PASSED] - Object: 'Object Repository/V2/PR-369/Edit_Meeting_Rocks/Accountable_Owner_Field' is clicked on

2020-09-03 14:51:57 - [TEST_STEP][PASSED] - accountableOwner = tt_CustomKeywords.CustomKeywords.CreateDynamicElement(owner_Obj, ownerSelected, "xpath"): Successfully created new dynamic object: //div[@data-test-id='createRock']//div[@role='listbox'][@class='visible menu transition']/div[@role='option'][contains(@class,'item')]/span[text()='Admin User']

2020-09-03 14:51:57 - [MESSAGE][PASSED] - Successfully created new dynamic object: //div[@data-test-id='createRock']//div[@role='listbox'][@class='visible menu transition']/div[@role='option'][contains(@class,'item')]/span[text()='Admin User']

2020-09-03 14:51:57 - [TEST_STEP][PASSED] - click(accountableOwner): Object: '' is clicked on

2020-09-03 14:51:57 - [MESSAGE][PASSED] - Object: '' is clicked on

2020-09-03 14:51:57 - [TEST_STEP][PASSED] - click(findTestObject("V2/PR-369/Edit_Meeting_Rocks/Visibility_Level_Field")): Object: 'Object Repository/V2/PR-369/Edit_Meeting_Rocks/Visibility_Level_Field' is clicked on

2020-09-03 14:51:57 - [MESSAGE][PASSED] - Object: 'Object Repository/V2/PR-369/Edit_Meeting_Rocks/Visibility_Level_Field' is clicked on

2020-09-03 14:51:57 - [TEST_STEP][PASSED] - click(findTestObject("V2/PR-369/Edit_Meeting_Rocks/Visibility_Level_Company")): Object: 'Object Repository/V2/PR-369/Edit_Meeting_Rocks/Visibility_Level_Company' is clicked on

2020-09-03 14:51:57 - [MESSAGE][PASSED] - Object: 'Object Repository/V2/PR-369/Edit_Meeting_Rocks/Visibility_Level_Company' is clicked on

2020-09-03 14:51:57 - [TEST_STEP][PASSED] - click(findTestObject("V2/PR-369/Edit_Meeting_Rocks/Rocks_Due_Date_Field")): Object: 'Object Repository/V2/PR-369/Edit_Meeting_Rocks/Rocks_Due_Date_Field' is clicked on

2020-09-03 14:51:57 - [MESSAGE][PASSED] - Object: 'Object Repository/V2/PR-369/Edit_Meeting_Rocks/Rocks_Due_Date_Field' is clicked on

2020-09-03 14:51:57 - [TEST_STEP][PASSED] - waitForElementVisible(findTestObject("V2/PR-369/Edit_Meeting_Scorecard/A_Date29"), DefaultTimeout): Object 'Object Repository/V2/PR-369/Edit_Meeting_Scorecard/A_Date29' is visible

2020-09-03 14:51:57 - [MESSAGE][PASSED] - Object 'Object Repository/V2/PR-369/Edit_Meeting_Scorecard/A_Date29' is visible

2020-09-03 14:51:57 - [TEST_STEP][PASSED] - click(findTestObject("V2/PR-369/Edit_Meeting_Scorecard/A_Date29")): Object: 'Object Repository/V2/PR-369/Edit_Meeting_Scorecard/A_Date29' is clicked on

2020-09-03 14:51:57 - [MESSAGE][PASSED] - Object: 'Object Repository/V2/PR-369/Edit_Meeting_Scorecard/A_Date29' is clicked on

2020-09-03 14:51:57 - [TEST_STEP][PASSED] - verifyElementVisible(findTestObject("V2/PR-369/Edit_Meeting_Rocks/Verify_Notes_Section")): Object 'Object Repository/V2/PR-369/Edit_Meeting_Rocks/Verify_Notes_Section' is visible

2020-09-03 14:51:58 - [MESSAGE][PASSED] - Object 'Object Repository/V2/PR-369/Edit_Meeting_Rocks/Verify_Notes_Section' is visible

2020-09-03 14:51:58 - [TEST_STEP][PASSED] - setText(findTestObject("V2/PR-369/Edit_Meeting_Rocks/Notes_Comments"), Notes): Text 'Sample Notes' is set on object 'Object Repository/V2/PR-369/Edit_Meeting_Rocks/Notes_Comments'

2020-09-03 14:52:07 - [MESSAGE][PASSED] - Text 'Sample Notes' is set on object 'Object Repository/V2/PR-369/Edit_Meeting_Rocks/Notes_Comments'

2020-09-03 14:52:07 - [TEST_STEP][PASSED] - sendKeys(findTestObject("V2/PR-369/Edit_Meeting_Rocks/Add_Milestone_Button"), Keys.chord(PAGE_DOWN)): Keys 'PAGE_DOWN + ' sent to object: 'Object Repository/V2/PR-369/Edit_Meeting_Rocks/Add_Milestone_Button'

2020-09-03 14:52:07 - [MESSAGE][PASSED] - Keys 'PAGE_DOWN + ' sent to object: 'Object Repository/V2/PR-369/Edit_Meeting_Rocks/Add_Milestone_Button'

2020-09-03 14:52:07 - [TEST_STEP][PASSED] - click(findTestObject("V2/PR-369/Edit_Meeting_Rocks/Add_Milestone_Button")): Object: 'Object Repository/V2/PR-369/Edit_Meeting_Rocks/Add_Milestone_Button' is clicked on

2020-09-03 14:52:07 - [MESSAGE][PASSED] - Object: 'Object Repository/V2/PR-369/Edit_Meeting_Rocks/Add_Milestone_Button' is clicked on

2020-09-03 14:52:07 - [TEST_STEP][PASSED] - setText(findTestObject("V2/PR-369/Edit_Meeting_Rocks/Milestone_Text_Field"), milestoneName): Text 'Milestone 1' is set on object 'Object Repository/V2/PR-369/Edit_Meeting_Rocks/Milestone_Text_Field'

2020-09-03 14:52:08 - [MESSAGE][PASSED] - Text 'Milestone 1' is set on object 'Object Repository/V2/PR-369/Edit_Meeting_Rocks/Milestone_Text_Field'

2020-09-03 14:52:08 - [TEST_STEP][PASSED] - click(findTestObject("V2/PR-369/Edit_Meeting_Rocks/Milestone_date")): Object: 'Object Repository/V2/PR-369/Edit_Meeting_Rocks/Milestone_date' is clicked on

2020-09-03 14:52:08 - [MESSAGE][PASSED] - Object: 'Object Repository/V2/PR-369/Edit_Meeting_Rocks/Milestone_date' is clicked on

2020-09-03 14:52:08 - [TEST_STEP][PASSED] - waitForElementVisible(findTestObject("V2/PR-369/Edit_Meeting_Scorecard/A_Date29"), DefaultTimeout): Object 'Object Repository/V2/PR-369/Edit_Meeting_Scorecard/A_Date29' is visible

2020-09-03 14:52:08 - [MESSAGE][PASSED] - Object 'Object Repository/V2/PR-369/Edit_Meeting_Scorecard/A_Date29' is visible

2020-09-03 14:52:08 - [TEST_STEP][PASSED] - click(findTestObject("V2/PR-369/Edit_Meeting_Scorecard/A_Date29")): Object: 'Object Repository/V2/PR-369/Edit_Meeting_Scorecard/A_Date29' is clicked on

2020-09-03 14:52:08 - [MESSAGE][PASSED] - Object: 'Object Repository/V2/PR-369/Edit_Meeting_Scorecard/A_Date29' is clicked on

2020-09-03 14:52:08 - [TEST_STEP][PASSED] - click(findTestObject("V2/PR-369/Edit_Meeting_Rocks/Save_Button")): Object: 'Object Repository/V2/PR-369/Edit_Meeting_Rocks/Save_Button' is clicked on

2020-09-03 14:52:08 - [MESSAGE][PASSED] - Object: 'Object Repository/V2/PR-369/Edit_Meeting_Rocks/Save_Button' is clicked on

2020-09-03 14:52:08 - [TEST_STEP][PASSED] - delay(10): Delayed 10 second(s)

2020-09-03 14:52:18 - [MESSAGE][PASSED] - Delayed 10 second(s)

2020-09-03 14:52:18 - [TEST_STEP][PASSED] - verifyRocks = tt_CustomKeywords.CustomKeywords.CreateDynamicElement(verifyRocks_Obj, rockName, "xpath"): Successfully created new dynamic object: //h2[text()='Rocks']/ancestor::div[contains(@class,'CardStyles')]/div[2]//div[@data-test-id='rock.title'][contains(@class,'TextBodyStyles-sc') and text()='QA Edit Meeting Automation Rock Test']

2020-09-03 14:52:18 - [MESSAGE][PASSED] - Successfully created new dynamic object: //h2[text()='Rocks']/ancestor::div[contains(@class,'CardStyles')]/div[2]//div[@data-test-id='rock.title'][contains(@class,'TextBodyStyles-sc') and text()='QA Edit Meeting Automation Rock Test']

2020-09-03 14:52:18 - [TEST_STEP][PASSED] - verifyElementPresent(verifyRocks, DefaultTimeout): Object '' is present

2020-09-03 14:52:18 - [MESSAGE][PASSED] - Object '' is present

2020-09-03 14:52:18 - [TEST_STEP][PASSED] - verifyMilestone = tt_CustomKeywords.CustomKeywords.CreateDynamicElement(verifyMilestone_Obj, milestoneName, "xpath"): Successfully created new dynamic object: //h2[text()='Rocks']/ancestor::div[contains(@class,'CardStyles')]/div[2]//div[contains(@class,'milestoneListItem__name')]/span[text()='Milestone 1']

2020-09-03 14:52:18 - [MESSAGE][PASSED] - Successfully created new dynamic object: //h2[text()='Rocks']/ancestor::div[contains(@class,'CardStyles')]/div[2]//div[contains(@class,'milestoneListItem__name')]/span[text()='Milestone 1']

2020-09-03 14:52:18 - [TEST_STEP][PASSED] - verifyElementPresent(verifyMilestone, DefaultTimeout): Object '' is present

2020-09-03 14:52:18 - [MESSAGE][PASSED] - Object '' is present

2020-09-03 14:52:18 - [TEST_STEP][NOT_RUN] - click(verifyRocks): NOT_RUN: click(verifyRocks)

2020-09-03 14:52:18 - [MESSAGE][NOT_RUN] - NOT_RUN: click(verifyRocks)

2020-09-03 14:52:18 - [TEST_STEP][NOT_RUN] - delay(10): NOT_RUN: delay(10)

2020-09-03 14:52:18 - [MESSAGE][NOT_RUN] - NOT_RUN: delay(10)

2020-09-03 14:52:18 - [TEST_STEP][NOT_RUN] - click(findTestObject("V2/PR-369/UpdateEditMeetingRocks/Edit_Rock_Name")): NOT_RUN: click(findTestObject("V2/PR-369/UpdateEditMeetingRocks/Edit_Rock_Name"))

2020-09-03 14:52:18 - [MESSAGE][NOT_RUN] - NOT_RUN: click(findTestObject("V2/PR-369/UpdateEditMeetingRocks/Edit_Rock_Name"))

2020-09-03 14:52:18 - [TEST_STEP][NOT_RUN] - sendKeys(findTestObject("V2/PR-369/UpdateEditMeetingRocks/Edit_Rock_Name"), Keys.chord(LEFT_CONTROL, "a", BACK_SPACE)): NOT_RUN: sendKeys(findTestObject("V2/PR-369/UpdateEditMeetingRocks/Edit_Rock_Name"), Keys.chord(LEFT_CONTROL, "a", BACK_SPACE))

2020-09-03 14:52:18 - [MESSAGE][NOT_RUN] - NOT_RUN: sendKeys(findTestObject("V2/PR-369/UpdateEditMeetingRocks/Edit_Rock_Name"), Keys.chord(LEFT_CONTROL, "a", BACK_SPACE))

2020-09-03 14:52:18 - [TEST_STEP][NOT_RUN] - setText(findTestObject("V2/PR-369/UpdateEditMeetingRocks/Edit_Rock_Name"), editRockName): NOT_RUN: setText(findTestObject("V2/PR-369/UpdateEditMeetingRocks/Edit_Rock_Name"), editRockName)

2020-09-03 14:52:18 - [MESSAGE][NOT_RUN] - NOT_RUN: setText(findTestObject("V2/PR-369/UpdateEditMeetingRocks/Edit_Rock_Name"), editRockName)

2020-09-03 14:52:18 - [TEST_STEP][NOT_RUN] - click(findTestObject("V2/PR-369/UpdateEditMeetingRocks/Edit_Status_Done")): NOT_RUN: click(findTestObject("V2/PR-369/UpdateEditMeetingRocks/Edit_Status_Done"))

2020-09-03 14:52:18 - [MESSAGE][NOT_RUN] - NOT_RUN: click(findTestObject("V2/PR-369/UpdateEditMeetingRocks/Edit_Status_Done"))

2020-09-03 14:52:18 - [TEST_STEP][NOT_RUN] - click(findTestObject("V2/PR-369/UpdateEditMeetingRocks/Edit_Accountable_Owner")): NOT_RUN: click(findTestObject("V2/PR-369/UpdateEditMeetingRocks/Edit_Accountable_Owner"))

2020-09-03 14:52:18 - [MESSAGE][NOT_RUN] - NOT_RUN: click(findTestObject("V2/PR-369/UpdateEditMeetingRocks/Edit_Accountable_Owner"))

2020-09-03 14:52:18 - [TEST_STEP][NOT_RUN] - editOwner = tt_CustomKeywords.CustomKeywords.CreateDynamicElement(editOwner_Obj, editOwner, "xpath"): NOT_RUN: editOwner = tt_CustomKeywords.CustomKeywords.CreateDynamicElement(editOwner_Obj, editOwner, "xpath")

2020-09-03 14:52:18 - [MESSAGE][NOT_RUN] - NOT_RUN: editOwner = tt_CustomKeywords.CustomKeywords.CreateDynamicElement(editOwner_Obj, editOwner, "xpath")

2020-09-03 14:52:18 - [TEST_STEP][NOT_RUN] - click(editOwner): NOT_RUN: click(editOwner)

2020-09-03 14:52:18 - [MESSAGE][NOT_RUN] - NOT_RUN: click(editOwner)

2020-09-03 14:52:18 - [TEST_STEP][NOT_RUN] - click(findTestObject("V2/PR-369/UpdateEditMeetingRocks/Edit_Visibility_Level")): NOT_RUN: click(findTestObject("V2/PR-369/UpdateEditMeetingRocks/Edit_Visibility_Level"))

2020-09-03 14:52:18 - [MESSAGE][NOT_RUN] - NOT_RUN: click(findTestObject("V2/PR-369/UpdateEditMeetingRocks/Edit_Visibility_Level"))

2020-09-03 14:52:18 - [TEST_STEP][NOT_RUN] - click(findTestObject("V2/PR-369/UpdateEditMeetingRocks/Edit_Visibility_Level_Department")): NOT_RUN: click(findTestObject("V2/PR-369/UpdateEditMeetingRocks/Edit_Visibility_Level_Department"))

2020-09-03 14:52:18 - [MESSAGE][NOT_RUN] - NOT_RUN: click(findTestObject("V2/PR-369/UpdateEditMeetingRocks/Edit_Visibility_Level_Department"))

2020-09-03 14:52:18 - [TEST_STEP][NOT_RUN] - sendKeys(findTestObject("V2/PR-369/UpdateEditMeetingRocks/Edit_Milestone"), Keys.chord(LEFT_CONTROL, "a", BACK_SPACE)): NOT_RUN: sendKeys(findTestObject("V2/PR-369/UpdateEditMeetingRocks/Edit_Milestone"), Keys.chord(LEFT_CONTROL, "a", BACK_SPACE))

2020-09-03 14:52:18 - [MESSAGE][NOT_RUN] - NOT_RUN: sendKeys(findTestObject("V2/PR-369/UpdateEditMeetingRocks/Edit_Milestone"), Keys.chord(LEFT_CONTROL, "a", BACK_SPACE))

2020-09-03 14:52:18 - [TEST_STEP][NOT_RUN] - setText(findTestObject("V2/PR-369/UpdateEditMeetingRocks/Edit_Milestone"), editMilestoneName): NOT_RUN: setText(findTestObject("V2/PR-369/UpdateEditMeetingRocks/Edit_Milestone"), editMilestoneName)

2020-09-03 14:52:18 - [MESSAGE][NOT_RUN] - NOT_RUN: setText(findTestObject("V2/PR-369/UpdateEditMeetingRocks/Edit_Milestone"), editMilestoneName)

2020-09-03 14:52:18 - [TEST_STEP][NOT_RUN] - click(findTestObject("V2/PR-369/UpdateEditMeetingRocks/Done_CheckBox")): NOT_RUN: click(findTestObject("V2/PR-369/UpdateEditMeetingRocks/Done_CheckBox"))

2020-09-03 14:52:18 - [MESSAGE][NOT_RUN] - NOT_RUN: click(findTestObject("V2/PR-369/UpdateEditMeetingRocks/Done_CheckBox"))

2020-09-03 14:52:18 - [TEST_STEP][NOT_RUN] - click(findTestObject("V2/PR-369/UpdateEditMeetingRocks/Update_Button")): NOT_RUN: click(findTestObject("V2/PR-369/UpdateEditMeetingRocks/Update_Button"))

2020-09-03 14:52:18 - [MESSAGE][NOT_RUN] - NOT_RUN: click(findTestObject("V2/PR-369/UpdateEditMeetingRocks/Update_Button"))

2020-09-03 14:52:18 - [TEST_STEP][NOT_RUN] - delay(10): NOT_RUN: delay(10)

2020-09-03 14:52:18 - [MESSAGE][NOT_RUN] - NOT_RUN: delay(10)

2020-09-03 14:52:18 - [TEST_STEP][NOT_RUN] - editverifyRocks = tt_CustomKeywords.CustomKeywords.CreateDynamicElement(verifyRocks_Obj, editRockName, "xpath"): NOT_RUN: editverifyRocks = tt_CustomKeywords.CustomKeywords.CreateDynamicElement(verifyRocks_Obj, editRockName, "xpath")

2020-09-03 14:52:18 - [MESSAGE][NOT_RUN] - NOT_RUN: editverifyRocks = tt_CustomKeywords.CustomKeywords.CreateDynamicElement(verifyRocks_Obj, editRockName, "xpath")

2020-09-03 14:52:18 - [TEST_STEP][NOT_RUN] - verifyElementPresent(editverifyRocks, DefaultTimeout): NOT_RUN: verifyElementPresent(editverifyRocks, DefaultTimeout)

2020-09-03 14:52:18 - [MESSAGE][NOT_RUN] - NOT_RUN: verifyElementPresent(editverifyRocks, DefaultTimeout)

2020-09-03 14:52:18 - [TEST_STEP][NOT_RUN] - editverifyMilestone = tt_CustomKeywords.CustomKeywords.CreateDynamicElement(verifyMilestone_Obj, editMilestoneName, "xpath"): NOT_RUN: editverifyMilestone = tt_CustomKeywords.CustomKeywords.CreateDynamicElement(verifyMilestone_Obj, editMilestoneName, "xpath")

2020-09-03 14:52:18 - [MESSAGE][NOT_RUN] - NOT_RUN: editverifyMilestone = tt_CustomKeywords.CustomKeywords.CreateDynamicElement(verifyMilestone_Obj, editMilestoneName, "xpath")

2020-09-03 14:52:18 - [TEST_STEP][NOT_RUN] - verifyElementPresent(editverifyMilestone, DefaultTimeout): NOT_RUN: verifyElementPresent(editverifyMilestone, DefaultTimeout)

2020-09-03 14:52:18 - [MESSAGE][NOT_RUN] - NOT_RUN: verifyElementPresent(editverifyMilestone, DefaultTimeout)

2020-09-03 14:52:18 - [MESSAGE][PASSED] - Call Test Case 'Test Cases/V2/Test Case/Tests/PR-369 - EditMeetingAgenda/Test Cases/Positive/Employee/PR_369_7_EditMeetingCreateRock_Employee' successfully

2020-09-03 14:52:18 - [TEST_STEP][PASSED] - tt_CustomKeywords.CustomKeywords.CloseWebDriver(driver3): tt_CustomKeywords.CustomKeywords.CloseWebDriver is PASSED

2020-09-03 14:52:23 - [MESSAGE][PASSED] - tt_CustomKeywords.CustomKeywords.CloseWebDriver is PASSED

2020-09-03 14:52:23 - [TEST_STEP][PASSED] - tt_CustomKeywords.CustomKeywords.CloseWebDriver(driver2): tt_CustomKeywords.CustomKeywords.CloseWebDriver is PASSED

2020-09-03 14:52:28 - [MESSAGE][PASSED] - tt_CustomKeywords.CustomKeywords.CloseWebDriver is PASSED

2020-09-03 14:52:28 - [TEST_STEP][PASSED] - tt_CustomKeywords.CustomKeywords.CloseWebDriver(driver1): tt_CustomKeywords.CustomKeywords.CloseWebDriver is PASSED

2020-09-03 14:52:33 - [MESSAGE][PASSED] - tt_CustomKeywords.CustomKeywords.CloseWebDriver is PASSED]]></system-out>
         <system-err><![CDATA[]]></system-err>
      </testcase>
      <testcase name="Test Cases/V2/Test Case/Tests/PR-369 - EditMeetingAgenda/Test Cases/Positive/TT_369_2_CreateRock_AllTestCase" time="392.263" classname="Test Cases/V2/Test Case/Tests/PR-369 - EditMeetingAgenda/Test Cases/Positive/TT_369_2_CreateRock_AllTestCase" status="PASSED">
         <system-out><![CDATA[2020-09-03 14:52:33 - [TEST_CASE][PASSED] - Test Cases/V2/Test Case/Tests/PR-369 - EditMeetingAgenda/Test Cases/Positive/TT_369_2_CreateRock_AllTestCase: Test Cases/V2/Test Case/Tests/PR-369 - EditMeetingAgenda/Test Cases/Positive/TT_369_2_CreateRock_AllTestCase

2020-09-03 14:52:33 - [TEST_STEP][PASSED] - callTestCase(findTestCase("V2/Test Case/Pre-conditions/PRE_RegisterAndActivateTTUsers"), ["admin_fname":admin_fname, "lastname":lastname, "phonenumber":"9999999999", "company":"Traction Tools", "password":password, ... ], STOP_ON_FAILURE): Call Test Case 'Test Cases/V2/Test Case/Pre-conditions/PRE_RegisterAndActivateTTUsers' successfully

2020-09-03 14:52:33 - [TEST_CASE][PASSED] - Test Cases/V2/Test Case/Pre-conditions/PRE_RegisterAndActivateTTUsers: Test Cases/V2/Test Case/Pre-conditions/PRE_RegisterAndActivateTTUsers

2020-09-03 14:52:33 - [TEST_STEP][PASSED] - email = tt_CustomKeywords.CustomKeywords.GenerateRandomEmailAddress(admin_email_prefix, admin_email_domain, randomTextLength): Successfully generated a random email: tractiontools.user001+ta5bul5d@gmail.com

2020-09-03 14:52:33 - [MESSAGE][PASSED] - Successfully generated a random email: tractiontools.user001+ta5bul5d@gmail.com

2020-09-03 14:52:33 - [TEST_STEP][PASSED] - supervisor_email = tt_CustomKeywords.CustomKeywords.GenerateRandomEmailAddress(supervisor_email_prefix, supervisor_email_domain, randomTextLength): Successfully generated a random email: tractiontools.user001+ts5qlfok@gmail.com

2020-09-03 14:52:33 - [MESSAGE][PASSED] - Successfully generated a random email: tractiontools.user001+ts5qlfok@gmail.com

2020-09-03 14:52:33 - [TEST_STEP][PASSED] - employee_email = tt_CustomKeywords.CustomKeywords.GenerateRandomEmailAddress(employee_email_prefix, employee_email_domain, randomTextLength): Successfully generated a random email: tractiontools.user001+te57z4jm@gmail.com

2020-09-03 14:52:33 - [MESSAGE][PASSED] - Successfully generated a random email: tractiontools.user001+te57z4jm@gmail.com

2020-09-03 14:52:33 - [TEST_STEP][PASSED] - adminDetails = tt_CustomKeywords.CustomKeywords.RegisterUserViaAPIAndGenerateActivateURL(email, admin_fname, lastname, phonenumber, company, "__JSON__{\"howDidYouHearAboutUs\":\"Facebook\",\"implementer\":\"\",\"existingTractionToolsClient\":\"\",\"other\":\"\"}", "__JSON__{\"timeZone\":\"America/Guatemala\",\"brandColor\":\"#023047\",\"q1Start\":null,\"q1End\":null,\"q2Start\":null,\"q2End\":null,\"q3Start\":null,\"q3End\":null,\"q4Start\":null,\"q4End\":null,\"quarterDatesSetsRocks\":false,\"exportUsers\":false,\"exportRocks\":false,\"exportRocksIncludesMilestones\":false,\"exportScorecards\":false,\"exportTodos\":false,\"exportTodosIncludesNotes\":false,\"exportPeopleHeadlines\":false,\"exportPeopleHeadlinesIncludesNotes\":false,\"exportIssues\":false,\"exportIssuesIncludesNotes\":false,\"exportContextAwareTodos\":false,\"dateFormat\":\"MM/DD/YYYY\",\"timeFormat\":\"h:mma\",\"numberFormat\":\"-1,000.99\",\"supervisorsArchiveRestoreUsers\":false,\"supervisorsEditPositions\":false,\"milestonesAvailableToAll\":false,\"customMeetingTemplatesEnabled\":false,\"receiveTodoReminders\":false,\"todoReminderTime\":\"13:00\",\"todoReminderTimeZone\":\"America/Guatemala\",\"todoReminderFrequency\":\"DAILY\",\"vtoMeetingId\":\"\",\"vtoDisplayMode\":\"ALL\",\"coreValues\":[{\"id\":\"1\",\"text\":\"\"},{\"id\":\"2\",\"text\":\"\"},{\"id\":\"3\",\"text\":\"\"}]}", password, V2Url): SUCCESFFULLY registered a new user via API. 
 Generated Activation Link: 
https://v2dev.traction.tools/activate?activationKey=69f4a249-c12b-4911-946a-69a4908ef346&userId=47f55c02-377c-4cee-b914-1ed34320bd5c&orgId=26058d40-a0e8-4e22-944e-49335b338646&email=tractiontools.user001+ta5bul5d@gmail.com&teamsId=e5100389-f4a6-4eee-80aa-9d3dfb4f182b&meetingsId=5ce4de75-5382-48a2-be2a-ca85fe23730e&adminsId=531bc51a-6274-4a5c-8880-2bff6ff4fda5&usersId=b240e423-5ed2-42ed-8279-8cdf4c03a153&supervisorsId=53b7b850-caa1-4e2e-8468-42abcdeaf2bd&accountabilityChartId=93de184d-36c5-4126-88ab-aecfcf57e600&isCreator=1

2020-09-03 14:52:52 - [MESSAGE][PASSED] - SUCCESFFULLY registered a new user via API. 
 Generated Activation Link: 
https://v2dev.traction.tools/activate?activationKey=69f4a249-c12b-4911-946a-69a4908ef346&userId=47f55c02-377c-4cee-b914-1ed34320bd5c&orgId=26058d40-a0e8-4e22-944e-49335b338646&email=tractiontools.user001+ta5bul5d@gmail.com&teamsId=e5100389-f4a6-4eee-80aa-9d3dfb4f182b&meetingsId=5ce4de75-5382-48a2-be2a-ca85fe23730e&adminsId=531bc51a-6274-4a5c-8880-2bff6ff4fda5&usersId=b240e423-5ed2-42ed-8279-8cdf4c03a153&supervisorsId=53b7b850-caa1-4e2e-8468-42abcdeaf2bd&accountabilityChartId=93de184d-36c5-4126-88ab-aecfcf57e600&isCreator=1

2020-09-03 14:52:52 - [TEST_STEP][PASSED] - activationURL = adminDetails[0]: null

2020-09-03 14:52:52 - [TEST_STEP][PASSED] - orgID = adminDetails[1]: null

2020-09-03 14:52:52 - [TEST_STEP][PASSED] - out.println("URL: " + activationURL): null

2020-09-03 14:52:52 - [TEST_STEP][PASSED] - out.println("orgID: " + orgID): null

2020-09-03 14:52:52 - [TEST_STEP][PASSED] - supervisorUser_name = supervisor_fname + " " + lastname: null

2020-09-03 14:52:52 - [TEST_STEP][PASSED] - openBrowser(""): Browser is opened with url: ''

2020-09-03 14:52:52 - [MESSAGE][INFO] - Starting 'Chrome' driver

2020-09-03 14:52:52 - [MESSAGE][INFO] - Action delay is set to 0 milliseconds

2020-09-03 14:52:56 - [MESSAGE][PASSED] - Browser is opened with url: ''

2020-09-03 14:52:56 - [TEST_STEP][PASSED] - maximizeWindow(): Current window maximized

2020-09-03 14:52:58 - [MESSAGE][PASSED] - Current window maximized

2020-09-03 14:52:58 - [TEST_STEP][PASSED] - callTestCase(findTestCase("V2/Test Case/Pre-conditions/PRE_ActivateNewUser"), ["activationURL":activationURL, "email":email, "password":password], STOP_ON_FAILURE): Call Test Case 'Test Cases/V2/Test Case/Pre-conditions/PRE_ActivateNewUser' successfully

2020-09-03 14:52:58 - [TEST_CASE][PASSED] - Test Cases/V2/Test Case/Pre-conditions/PRE_ActivateNewUser: Test Cases/V2/Test Case/Pre-conditions/PRE_ActivateNewUser

2020-09-03 14:52:58 - [TEST_STEP][PASSED] - navigateToUrl(activationURL): Navigate to 'https://v2dev.traction.tools/activate?activationKey=69f4a249-c12b-4911-946a-69a4908ef346&userId=47f55c02-377c-4cee-b914-1ed34320bd5c&orgId=26058d40-a0e8-4e22-944e-49335b338646&email=tractiontools.user001+ta5bul5d@gmail.com&teamsId=e5100389-f4a6-4eee-80aa-9d3dfb4f182b&meetingsId=5ce4de75-5382-48a2-be2a-ca85fe23730e&adminsId=531bc51a-6274-4a5c-8880-2bff6ff4fda5&usersId=b240e423-5ed2-42ed-8279-8cdf4c03a153&supervisorsId=53b7b850-caa1-4e2e-8468-42abcdeaf2bd&accountabilityChartId=93de184d-36c5-4126-88ab-aecfcf57e600&isCreator=1' successfully

2020-09-03 14:52:59 - [MESSAGE][PASSED] - Navigate to 'https://v2dev.traction.tools/activate?activationKey=69f4a249-c12b-4911-946a-69a4908ef346&userId=47f55c02-377c-4cee-b914-1ed34320bd5c&orgId=26058d40-a0e8-4e22-944e-49335b338646&email=tractiontools.user001+ta5bul5d@gmail.com&teamsId=e5100389-f4a6-4eee-80aa-9d3dfb4f182b&meetingsId=5ce4de75-5382-48a2-be2a-ca85fe23730e&adminsId=531bc51a-6274-4a5c-8880-2bff6ff4fda5&usersId=b240e423-5ed2-42ed-8279-8cdf4c03a153&supervisorsId=53b7b850-caa1-4e2e-8468-42abcdeaf2bd&accountabilityChartId=93de184d-36c5-4126-88ab-aecfcf57e600&isCreator=1' successfully

2020-09-03 14:52:59 - [TEST_STEP][PASSED] - waitForElementVisible(findTestObject("V2/Commons/ActivationPage/input_Email_email"), DefaultTimeout): Object 'Object Repository/V2/Commons/ActivationPage/input_Email_email' is visible

2020-09-03 14:53:07 - [MESSAGE][PASSED] - Object 'Object Repository/V2/Commons/ActivationPage/input_Email_email' is visible

2020-09-03 14:53:07 - [TEST_STEP][PASSED] - actual_email = getAttribute(findTestObject("Object Repository/V2/Commons/ActivationPage/input_Email_email"), "value"): Attribute 'value' of object 'Object Repository/V2/Commons/ActivationPage/input_Email_email' is: 'tractiontools.user001+ta5bul5d@gmail.com'

2020-09-03 14:53:08 - [MESSAGE][PASSED] - Attribute 'value' of object 'Object Repository/V2/Commons/ActivationPage/input_Email_email' is: 'tractiontools.user001+ta5bul5d@gmail.com'

2020-09-03 14:53:08 - [TEST_STEP][PASSED] - verifyMatch(actual_email, email, false): Actual text 'tractiontools.user001+ta5bul5d@gmail.com' and expected text 'tractiontools.user001+ta5bul5d@gmail.com' are matched 

2020-09-03 14:53:08 - [MESSAGE][PASSED] - Actual text 'tractiontools.user001+ta5bul5d@gmail.com' and expected text 'tractiontools.user001+ta5bul5d@gmail.com' are matched 

2020-09-03 14:53:08 - [TEST_STEP][PASSED] - setText(findTestObject("V2/Commons/ActivationPage/input_password"), password): Text 'Qwer123!' is set on object 'Object Repository/V2/Commons/ActivationPage/input_password'

2020-09-03 14:53:08 - [MESSAGE][PASSED] - Text 'Qwer123!' is set on object 'Object Repository/V2/Commons/ActivationPage/input_password'

2020-09-03 14:53:08 - [TEST_STEP][PASSED] - setText(findTestObject("Object Repository/V2/Commons/ActivationPage/input__passwordRepeat"), password): Text 'Qwer123!' is set on object 'Object Repository/V2/Commons/ActivationPage/input__passwordRepeat'

2020-09-03 14:53:09 - [MESSAGE][PASSED] - Text 'Qwer123!' is set on object 'Object Repository/V2/Commons/ActivationPage/input__passwordRepeat'

2020-09-03 14:53:09 - [TEST_STEP][PASSED] - click(findTestObject("V2/Commons/ActivationPage/input_termsandconditions")): Object: 'Object Repository/V2/Commons/ActivationPage/input_termsandconditions' is clicked on

2020-09-03 14:53:09 - [MESSAGE][PASSED] - Object: 'Object Repository/V2/Commons/ActivationPage/input_termsandconditions' is clicked on

2020-09-03 14:53:09 - [TEST_STEP][PASSED] - click(findTestObject("Object Repository/V2/Commons/ActivationPage/div_Create account")): Object: 'Object Repository/V2/Commons/ActivationPage/div_Create account' is clicked on

2020-09-03 14:53:10 - [MESSAGE][PASSED] - Object: 'Object Repository/V2/Commons/ActivationPage/div_Create account' is clicked on

2020-09-03 14:53:10 - [TEST_STEP][PASSED] - waitForElementPresent(findTestObject("V2/Commons/DasboardPage_SidebarMenu/img_Home_logo-big"), DefaultTimeout): Object 'Object Repository/V2/Commons/DasboardPage_SidebarMenu/img_Home_logo-big' is present

2020-09-03 14:53:23 - [MESSAGE][PASSED] - Object 'Object Repository/V2/Commons/DasboardPage_SidebarMenu/img_Home_logo-big' is present

2020-09-03 14:53:23 - [TEST_STEP][PASSED] - verifyElementPresent(findTestObject("V2/Commons/DasboardPage_SidebarMenu/img_Home_logo-big"), 0): Object 'Object Repository/V2/Commons/DasboardPage_SidebarMenu/img_Home_logo-big' is present

2020-09-03 14:53:23 - [MESSAGE][WARNING] - Timeout '0' is invalid. Using default page load timeout: '30'

2020-09-03 14:53:23 - [MESSAGE][PASSED] - Object 'Object Repository/V2/Commons/DasboardPage_SidebarMenu/img_Home_logo-big' is present

2020-09-03 14:53:23 - [MESSAGE][PASSED] - Call Test Case 'Test Cases/V2/Test Case/Pre-conditions/PRE_ActivateNewUser' successfully

2020-09-03 14:53:23 - [TEST_STEP][PASSED] - callTestCase(findTestCase("V2/Test Case/Pre-conditions/PRE_SkipCompanyAndPersonalProfileSetup"), [:], STOP_ON_FAILURE): Call Test Case 'Test Cases/V2/Test Case/Pre-conditions/PRE_SkipCompanyAndPersonalProfileSetup' successfully

2020-09-03 14:53:24 - [TEST_CASE][PASSED] - Test Cases/V2/Test Case/Pre-conditions/PRE_SkipCompanyAndPersonalProfileSetup: Test Cases/V2/Test Case/Pre-conditions/PRE_SkipCompanyAndPersonalProfileSetup

2020-09-03 14:53:24 - [TEST_STEP][PASSED] - waitForElementVisible(findTestObject("V2/Commons/FirstUpdateCompanyAndPersonalInfoModal/confirmCompanyInfoHeader_h1"), DefaultTimeout): Object 'Object Repository/V2/Commons/FirstUpdateCompanyAndPersonalInfoModal/confirmCompanyInfoHeader_h1' is visible

2020-09-03 14:53:24 - [MESSAGE][PASSED] - Object 'Object Repository/V2/Commons/FirstUpdateCompanyAndPersonalInfoModal/confirmCompanyInfoHeader_h1' is visible

2020-09-03 14:53:24 - [TEST_STEP][PASSED] - click(findTestObject("V2/Commons/FirstUpdateCompanyAndPersonalInfoModal/confirmInfoSkip_button")): Object: 'Object Repository/V2/Commons/FirstUpdateCompanyAndPersonalInfoModal/confirmInfoSkip_button' is clicked on

2020-09-03 14:53:24 - [MESSAGE][PASSED] - Object: 'Object Repository/V2/Commons/FirstUpdateCompanyAndPersonalInfoModal/confirmInfoSkip_button' is clicked on

2020-09-03 14:53:24 - [TEST_STEP][PASSED] - waitForElementVisible(findTestObject("V2/Commons/FirstUpdateCompanyAndPersonalInfoModal/confirmPersonalInfoHeader_h1"), DefaultTimeout): Object 'Object Repository/V2/Commons/FirstUpdateCompanyAndPersonalInfoModal/confirmPersonalInfoHeader_h1' is visible

2020-09-03 14:53:25 - [MESSAGE][PASSED] - Object 'Object Repository/V2/Commons/FirstUpdateCompanyAndPersonalInfoModal/confirmPersonalInfoHeader_h1' is visible

2020-09-03 14:53:25 - [TEST_STEP][PASSED] - click(findTestObject("V2/Commons/FirstUpdateCompanyAndPersonalInfoModal/confirmInfoSkip_button")): Object: 'Object Repository/V2/Commons/FirstUpdateCompanyAndPersonalInfoModal/confirmInfoSkip_button' is clicked on

2020-09-03 14:53:25 - [MESSAGE][PASSED] - Object: 'Object Repository/V2/Commons/FirstUpdateCompanyAndPersonalInfoModal/confirmInfoSkip_button' is clicked on

2020-09-03 14:53:25 - [TEST_STEP][PASSED] - waitForElementVisible(findTestObject("V2/Commons/FirstUpdateCompanyAndPersonalInfoModal/letsGetStarted_button"), DefaultTimeout): Object 'Object Repository/V2/Commons/FirstUpdateCompanyAndPersonalInfoModal/letsGetStarted_button' is visible

2020-09-03 14:53:27 - [MESSAGE][PASSED] - Object 'Object Repository/V2/Commons/FirstUpdateCompanyAndPersonalInfoModal/letsGetStarted_button' is visible

2020-09-03 14:53:27 - [TEST_STEP][PASSED] - click(findTestObject("V2/Commons/FirstUpdateCompanyAndPersonalInfoModal/letsGetStarted_button")): Object: 'Object Repository/V2/Commons/FirstUpdateCompanyAndPersonalInfoModal/letsGetStarted_button' is clicked on

2020-09-03 14:53:27 - [MESSAGE][PASSED] - Object: 'Object Repository/V2/Commons/FirstUpdateCompanyAndPersonalInfoModal/letsGetStarted_button' is clicked on

2020-09-03 14:53:27 - [MESSAGE][PASSED] - Call Test Case 'Test Cases/V2/Test Case/Pre-conditions/PRE_SkipCompanyAndPersonalProfileSetup' successfully

2020-09-03 14:53:27 - [TEST_STEP][PASSED] - supervisor_activationURL = tt_CustomKeywords.CustomKeywords.RegisterAndActivateSupervisorUserViaAPI(V2Url, orgID, supervisor_email, password, email, password, supervisor_fname, lastname): SUCCESFFULLY registered a new user via API. 
 Generated Activation Link: 
https://v2dev.traction.tools/activate?activationKey=8c290831-10e2-4dcd-88e0-43e1bbd5ab81&userId=88a999f1-6679-4c51-bf22-8df8effdd7cf&orgId=26058d40-a0e8-4e22-944e-49335b338646&email=tractiontools.user001+ts5qlfok@gmail.com&isCreator=0

2020-09-03 14:53:33 - [MESSAGE][PASSED] - SUCCESFFULLY registered a new user via API. 
 Generated Activation Link: 
https://v2dev.traction.tools/activate?activationKey=8c290831-10e2-4dcd-88e0-43e1bbd5ab81&userId=88a999f1-6679-4c51-bf22-8df8effdd7cf&orgId=26058d40-a0e8-4e22-944e-49335b338646&email=tractiontools.user001+ts5qlfok@gmail.com&isCreator=0

2020-09-03 14:53:33 - [TEST_STEP][PASSED] - callTestCase(findTestCase("V2/Test Case/Pre-conditions/PRE_ChangeUserPermissionViaManageUser"), ["showMenuItemsPath":"//div[@class='usercard__detail_container']/div[text()='%s']/ancestor::div[contains(@class,'usercard__content')]//button[@aria-label='Show Menu Items']", "user_email":supervisor_email, ... ], STOP_ON_FAILURE): Call Test Case 'Test Cases/V2/Test Case/Pre-conditions/PRE_ChangeUserPermissionViaManageUser' successfully

2020-09-03 14:53:33 - [TEST_CASE][PASSED] - Test Cases/V2/Test Case/Pre-conditions/PRE_ChangeUserPermissionViaManageUser: Test Cases/V2/Test Case/Pre-conditions/PRE_ChangeUserPermissionViaManageUser

2020-09-03 14:53:33 - [TEST_STEP][PASSED] - click(findTestObject("Object Repository/V2/Commons/ManageUsersPage/span_Company Settings")): Object: 'Object Repository/V2/Commons/ManageUsersPage/span_Company Settings' is clicked on

2020-09-03 14:53:33 - [MESSAGE][PASSED] - Object: 'Object Repository/V2/Commons/ManageUsersPage/span_Company Settings' is clicked on

2020-09-03 14:53:33 - [TEST_STEP][PASSED] - click(findTestObject("V2/Commons/DasboardPage_SidebarMenu/a_Manage Users")): Object: 'Object Repository/V2/Commons/DasboardPage_SidebarMenu/a_Manage Users' is clicked on

2020-09-03 14:53:34 - [MESSAGE][PASSED] - Object: 'Object Repository/V2/Commons/DasboardPage_SidebarMenu/a_Manage Users' is clicked on

2020-09-03 14:53:34 - [TEST_STEP][PASSED] - showMenuItemsObj = tt_CustomKeywords.CustomKeywords.CreateDynamicElement(showMenuItemsPath, user_email, "xpath"): Successfully created new dynamic object: //div[@class='usercard__detail_container']/div[text()='tractiontools.user001+ts5qlfok@gmail.com']/ancestor::div[contains(@class,'usercard__content')]//button[@aria-label='Show Menu Items']

2020-09-03 14:53:34 - [MESSAGE][PASSED] - Successfully created new dynamic object: //div[@class='usercard__detail_container']/div[text()='tractiontools.user001+ts5qlfok@gmail.com']/ancestor::div[contains(@class,'usercard__content')]//button[@aria-label='Show Menu Items']

2020-09-03 14:53:34 - [TEST_STEP][PASSED] - click(showMenuItemsObj): Object: '' is clicked on

2020-09-03 14:53:35 - [MESSAGE][PASSED] - Object: '' is clicked on

2020-09-03 14:53:35 - [TEST_STEP][PASSED] - click(findTestObject("Object Repository/V2/Commons/ManageUsersPage/div_Edit user")): Object: 'Object Repository/V2/Commons/ManageUsersPage/div_Edit user' is clicked on

2020-09-03 14:53:36 - [MESSAGE][PASSED] - Object: 'Object Repository/V2/Commons/ManageUsersPage/div_Edit user' is clicked on

2020-09-03 14:53:36 - [TEST_STEP][PASSED] - verifyElementPresent(findTestObject("V2/Commons/ManageUsersPage/div_PositionTitle"), DefaultTimeout): Object 'Object Repository/V2/Commons/ManageUsersPage/div_PositionTitle' is present

2020-09-03 14:53:36 - [MESSAGE][PASSED] - Object 'Object Repository/V2/Commons/ManageUsersPage/div_PositionTitle' is present

2020-09-03 14:53:36 - [TEST_STEP][PASSED] - setText(findTestObject("V2/Commons/ManageUsersPage/position_title_input"), position_title): Text 'QA Manager' is set on object 'Object Repository/V2/Commons/ManageUsersPage/position_title_input'

2020-09-03 14:53:37 - [MESSAGE][PASSED] - Text 'QA Manager' is set on object 'Object Repository/V2/Commons/ManageUsersPage/position_title_input'

2020-09-03 14:53:37 - [TEST_STEP][PASSED] - sendKeys(findTestObject("V2/Commons/ManageUsersPage/position_title_input"), Keys.chord(ENTER)): Keys 'ENTER + ' sent to object: 'Object Repository/V2/Commons/ManageUsersPage/position_title_input'

2020-09-03 14:53:37 - [MESSAGE][PASSED] - Keys 'ENTER + ' sent to object: 'Object Repository/V2/Commons/ManageUsersPage/position_title_input'

2020-09-03 14:53:37 - [TEST_STEP][PASSED] - if (permissionValue == "Employee"): null

2020-09-03 14:53:37 - [TEST_STEP][PASSED] - verifyElementPresent(findTestObject("Object Repository/V2/Commons/ManageUsersPage/div_User type"), DefaultTimeout): Object 'Object Repository/V2/Commons/ManageUsersPage/div_User type' is present

2020-09-03 14:53:38 - [MESSAGE][PASSED] - Object 'Object Repository/V2/Commons/ManageUsersPage/div_User type' is present

2020-09-03 14:53:38 - [TEST_STEP][PASSED] - click(findTestObject("Object Repository/V2/Commons/ManageUsersPage/input__orgRole")): Object: 'Object Repository/V2/Commons/ManageUsersPage/input__orgRole' is clicked on

2020-09-03 14:53:38 - [MESSAGE][PASSED] - Object: 'Object Repository/V2/Commons/ManageUsersPage/input__orgRole' is clicked on

2020-09-03 14:53:38 - [TEST_STEP][PASSED] - roleOptionObj = tt_CustomKeywords.CustomKeywords.CreateDynamicElement(roleOption, permissionValue, "xpath"): Successfully created new dynamic object: //span[text()='Supervisor']/parent::div[@role='option']

2020-09-03 14:53:38 - [MESSAGE][PASSED] - Successfully created new dynamic object: //span[text()='Supervisor']/parent::div[@role='option']

2020-09-03 14:53:38 - [TEST_STEP][PASSED] - click(roleOptionObj): Object: '' is clicked on

2020-09-03 14:53:38 - [MESSAGE][PASSED] - Object: '' is clicked on

2020-09-03 14:53:38 - [TEST_STEP][PASSED] - click(findTestObject("Object Repository/V2/Commons/ManageUsersPage/div_Save")): Object: 'Object Repository/V2/Commons/ManageUsersPage/div_Save' is clicked on

2020-09-03 14:53:39 - [MESSAGE][PASSED] - Object: 'Object Repository/V2/Commons/ManageUsersPage/div_Save' is clicked on

2020-09-03 14:53:39 - [TEST_STEP][PASSED] - waitForElementVisible(findTestObject("V2/Commons/ManageUsersPage/h3_User Saved"), DefaultTimeout): Object 'Object Repository/V2/Commons/ManageUsersPage/h3_User Saved' is visible

2020-09-03 14:53:50 - [MESSAGE][PASSED] - Object 'Object Repository/V2/Commons/ManageUsersPage/h3_User Saved' is visible

2020-09-03 14:53:50 - [TEST_STEP][PASSED] - verifyElementVisible(findTestObject("Object Repository/V2/Commons/ManageUsersPage/h3_User Saved")): Object 'Object Repository/V2/Commons/ManageUsersPage/h3_User Saved' is visible

2020-09-03 14:53:50 - [MESSAGE][PASSED] - Object 'Object Repository/V2/Commons/ManageUsersPage/h3_User Saved' is visible

2020-09-03 14:53:50 - [MESSAGE][PASSED] - Call Test Case 'Test Cases/V2/Test Case/Pre-conditions/PRE_ChangeUserPermissionViaManageUser' successfully

2020-09-03 14:53:50 - [TEST_STEP][PASSED] - employee_activationURL = tt_CustomKeywords.CustomKeywords.RegisterAndActivateSupervisorUserViaAPI(V2Url, orgID, employee_email, password, email, password, employee_fname, lastname): SUCCESFFULLY registered a new user via API. 
 Generated Activation Link: 
https://v2dev.traction.tools/activate?activationKey=796b887b-6251-45ad-9d42-352ddf2f313e&userId=68bb9ca3-ecca-4063-9c3b-db8cc8d5f363&orgId=26058d40-a0e8-4e22-944e-49335b338646&email=tractiontools.user001+te57z4jm@gmail.com&isCreator=0

2020-09-03 14:53:56 - [MESSAGE][PASSED] - SUCCESFFULLY registered a new user via API. 
 Generated Activation Link: 
https://v2dev.traction.tools/activate?activationKey=796b887b-6251-45ad-9d42-352ddf2f313e&userId=68bb9ca3-ecca-4063-9c3b-db8cc8d5f363&orgId=26058d40-a0e8-4e22-944e-49335b338646&email=tractiontools.user001+te57z4jm@gmail.com&isCreator=0

2020-09-03 14:53:56 - [TEST_STEP][PASSED] - callTestCase(findTestCase("V2/Test Case/Pre-conditions/PRE_ChangeUserPermissionViaManageUser"), ["showMenuItemsPath":"//div[@class='usercard__detail_container']/div[text()='%s']/ancestor::div[contains(@class,'usercard__content')]//button[@aria-label='Show Menu Items']", "user_email":employee_email, ... ], STOP_ON_FAILURE): Call Test Case 'Test Cases/V2/Test Case/Pre-conditions/PRE_ChangeUserPermissionViaManageUser' successfully

2020-09-03 14:53:56 - [TEST_CASE][PASSED] - Test Cases/V2/Test Case/Pre-conditions/PRE_ChangeUserPermissionViaManageUser: Test Cases/V2/Test Case/Pre-conditions/PRE_ChangeUserPermissionViaManageUser

2020-09-03 14:53:56 - [TEST_STEP][PASSED] - click(findTestObject("Object Repository/V2/Commons/ManageUsersPage/span_Company Settings")): Object: 'Object Repository/V2/Commons/ManageUsersPage/span_Company Settings' is clicked on

2020-09-03 14:53:56 - [MESSAGE][PASSED] - Object: 'Object Repository/V2/Commons/ManageUsersPage/span_Company Settings' is clicked on

2020-09-03 14:53:56 - [TEST_STEP][PASSED] - click(findTestObject("V2/Commons/DasboardPage_SidebarMenu/a_Manage Users")): Object: 'Object Repository/V2/Commons/DasboardPage_SidebarMenu/a_Manage Users' is clicked on

2020-09-03 14:53:57 - [MESSAGE][PASSED] - Object: 'Object Repository/V2/Commons/DasboardPage_SidebarMenu/a_Manage Users' is clicked on

2020-09-03 14:53:57 - [TEST_STEP][PASSED] - showMenuItemsObj = tt_CustomKeywords.CustomKeywords.CreateDynamicElement(showMenuItemsPath, user_email, "xpath"): Successfully created new dynamic object: //div[@class='usercard__detail_container']/div[text()='tractiontools.user001+te57z4jm@gmail.com']/ancestor::div[contains(@class,'usercard__content')]//button[@aria-label='Show Menu Items']

2020-09-03 14:53:57 - [MESSAGE][PASSED] - Successfully created new dynamic object: //div[@class='usercard__detail_container']/div[text()='tractiontools.user001+te57z4jm@gmail.com']/ancestor::div[contains(@class,'usercard__content')]//button[@aria-label='Show Menu Items']

2020-09-03 14:53:57 - [TEST_STEP][PASSED] - click(showMenuItemsObj): Object: '' is clicked on

2020-09-03 14:53:57 - [MESSAGE][PASSED] - Object: '' is clicked on

2020-09-03 14:53:57 - [TEST_STEP][PASSED] - click(findTestObject("Object Repository/V2/Commons/ManageUsersPage/div_Edit user")): Object: 'Object Repository/V2/Commons/ManageUsersPage/div_Edit user' is clicked on

2020-09-03 14:53:58 - [MESSAGE][PASSED] - Object: 'Object Repository/V2/Commons/ManageUsersPage/div_Edit user' is clicked on

2020-09-03 14:53:58 - [TEST_STEP][PASSED] - verifyElementPresent(findTestObject("V2/Commons/ManageUsersPage/div_PositionTitle"), DefaultTimeout): Object 'Object Repository/V2/Commons/ManageUsersPage/div_PositionTitle' is present

2020-09-03 14:53:58 - [MESSAGE][PASSED] - Object 'Object Repository/V2/Commons/ManageUsersPage/div_PositionTitle' is present

2020-09-03 14:53:58 - [TEST_STEP][PASSED] - setText(findTestObject("V2/Commons/ManageUsersPage/position_title_input"), position_title): Text 'Quality Assurance' is set on object 'Object Repository/V2/Commons/ManageUsersPage/position_title_input'

2020-09-03 14:53:59 - [MESSAGE][PASSED] - Text 'Quality Assurance' is set on object 'Object Repository/V2/Commons/ManageUsersPage/position_title_input'

2020-09-03 14:53:59 - [TEST_STEP][PASSED] - sendKeys(findTestObject("V2/Commons/ManageUsersPage/position_title_input"), Keys.chord(ENTER)): Keys 'ENTER + ' sent to object: 'Object Repository/V2/Commons/ManageUsersPage/position_title_input'

2020-09-03 14:53:59 - [MESSAGE][PASSED] - Keys 'ENTER + ' sent to object: 'Object Repository/V2/Commons/ManageUsersPage/position_title_input'

2020-09-03 14:53:59 - [TEST_STEP][PASSED] - if (permissionValue == "Employee"): Keys 'ENTER + ' sent to object: 'Object Repository/V2/Commons/ManageUsersPage/supervisor_input'

2020-09-03 14:53:59 - [TEST_STEP][PASSED] - verifyElementPresent(findTestObject("V2/Commons/ManageUsersPage/supervisor_input"), DefaultTimeout): Object 'Object Repository/V2/Commons/ManageUsersPage/supervisor_input' is present

2020-09-03 14:54:00 - [MESSAGE][PASSED] - Object 'Object Repository/V2/Commons/ManageUsersPage/supervisor_input' is present

2020-09-03 14:54:00 - [TEST_STEP][PASSED] - setText(findTestObject("V2/Commons/ManageUsersPage/supervisor_input"), user_supervisorName): Text 'Supervisor User' is set on object 'Object Repository/V2/Commons/ManageUsersPage/supervisor_input'

2020-09-03 14:54:00 - [MESSAGE][PASSED] - Text 'Supervisor User' is set on object 'Object Repository/V2/Commons/ManageUsersPage/supervisor_input'

2020-09-03 14:54:00 - [TEST_STEP][PASSED] - sendKeys(findTestObject("V2/Commons/ManageUsersPage/supervisor_input"), Keys.chord(ENTER)): Keys 'ENTER + ' sent to object: 'Object Repository/V2/Commons/ManageUsersPage/supervisor_input'

2020-09-03 14:54:01 - [MESSAGE][PASSED] - Keys 'ENTER + ' sent to object: 'Object Repository/V2/Commons/ManageUsersPage/supervisor_input'

2020-09-03 14:54:01 - [TEST_STEP][PASSED] - verifyElementPresent(findTestObject("Object Repository/V2/Commons/ManageUsersPage/div_User type"), DefaultTimeout): Object 'Object Repository/V2/Commons/ManageUsersPage/div_User type' is present

2020-09-03 14:54:01 - [MESSAGE][PASSED] - Object 'Object Repository/V2/Commons/ManageUsersPage/div_User type' is present

2020-09-03 14:54:01 - [TEST_STEP][PASSED] - click(findTestObject("Object Repository/V2/Commons/ManageUsersPage/input__orgRole")): Object: 'Object Repository/V2/Commons/ManageUsersPage/input__orgRole' is clicked on

2020-09-03 14:54:02 - [MESSAGE][PASSED] - Object: 'Object Repository/V2/Commons/ManageUsersPage/input__orgRole' is clicked on

2020-09-03 14:54:02 - [TEST_STEP][PASSED] - roleOptionObj = tt_CustomKeywords.CustomKeywords.CreateDynamicElement(roleOption, permissionValue, "xpath"): Successfully created new dynamic object: //span[text()='Employee']/parent::div[@role='option']

2020-09-03 14:54:02 - [MESSAGE][PASSED] - Successfully created new dynamic object: //span[text()='Employee']/parent::div[@role='option']

2020-09-03 14:54:02 - [TEST_STEP][PASSED] - click(roleOptionObj): Object: '' is clicked on

2020-09-03 14:54:02 - [MESSAGE][PASSED] - Object: '' is clicked on

2020-09-03 14:54:02 - [TEST_STEP][PASSED] - click(findTestObject("Object Repository/V2/Commons/ManageUsersPage/div_Save")): Object: 'Object Repository/V2/Commons/ManageUsersPage/div_Save' is clicked on

2020-09-03 14:54:03 - [MESSAGE][PASSED] - Object: 'Object Repository/V2/Commons/ManageUsersPage/div_Save' is clicked on

2020-09-03 14:54:03 - [TEST_STEP][PASSED] - waitForElementVisible(findTestObject("V2/Commons/ManageUsersPage/h3_User Saved"), DefaultTimeout): Object 'Object Repository/V2/Commons/ManageUsersPage/h3_User Saved' is visible

2020-09-03 14:54:14 - [MESSAGE][PASSED] - Object 'Object Repository/V2/Commons/ManageUsersPage/h3_User Saved' is visible

2020-09-03 14:54:14 - [TEST_STEP][PASSED] - verifyElementVisible(findTestObject("Object Repository/V2/Commons/ManageUsersPage/h3_User Saved")): Object 'Object Repository/V2/Commons/ManageUsersPage/h3_User Saved' is visible

2020-09-03 14:54:14 - [MESSAGE][PASSED] - Object 'Object Repository/V2/Commons/ManageUsersPage/h3_User Saved' is visible

2020-09-03 14:54:14 - [MESSAGE][PASSED] - Call Test Case 'Test Cases/V2/Test Case/Pre-conditions/PRE_ChangeUserPermissionViaManageUser' successfully

2020-09-03 14:54:14 - [TEST_STEP][PASSED] - callTestCase(findTestCase("V2/Test Case/Pre-conditions/PRE_ActivateNewUser"), ["activationURL":supervisor_activationURL, "email":supervisor_email, "password":password], STOP_ON_FAILURE): Call Test Case 'Test Cases/V2/Test Case/Pre-conditions/PRE_ActivateNewUser' successfully

2020-09-03 14:54:14 - [TEST_CASE][PASSED] - Test Cases/V2/Test Case/Pre-conditions/PRE_ActivateNewUser: Test Cases/V2/Test Case/Pre-conditions/PRE_ActivateNewUser

2020-09-03 14:54:14 - [TEST_STEP][PASSED] - navigateToUrl(activationURL): Navigate to 'https://v2dev.traction.tools/activate?activationKey=8c290831-10e2-4dcd-88e0-43e1bbd5ab81&userId=88a999f1-6679-4c51-bf22-8df8effdd7cf&orgId=26058d40-a0e8-4e22-944e-49335b338646&email=tractiontools.user001+ts5qlfok@gmail.com&isCreator=0' successfully

2020-09-03 14:54:16 - [MESSAGE][PASSED] - Navigate to 'https://v2dev.traction.tools/activate?activationKey=8c290831-10e2-4dcd-88e0-43e1bbd5ab81&userId=88a999f1-6679-4c51-bf22-8df8effdd7cf&orgId=26058d40-a0e8-4e22-944e-49335b338646&email=tractiontools.user001+ts5qlfok@gmail.com&isCreator=0' successfully

2020-09-03 14:54:16 - [TEST_STEP][PASSED] - waitForElementVisible(findTestObject("V2/Commons/ActivationPage/input_Email_email"), DefaultTimeout): Object 'Object Repository/V2/Commons/ActivationPage/input_Email_email' is visible

2020-09-03 14:54:17 - [MESSAGE][PASSED] - Object 'Object Repository/V2/Commons/ActivationPage/input_Email_email' is visible

2020-09-03 14:54:17 - [TEST_STEP][PASSED] - actual_email = getAttribute(findTestObject("Object Repository/V2/Commons/ActivationPage/input_Email_email"), "value"): Attribute 'value' of object 'Object Repository/V2/Commons/ActivationPage/input_Email_email' is: 'tractiontools.user001+ts5qlfok@gmail.com'

2020-09-03 14:54:17 - [MESSAGE][PASSED] - Attribute 'value' of object 'Object Repository/V2/Commons/ActivationPage/input_Email_email' is: 'tractiontools.user001+ts5qlfok@gmail.com'

2020-09-03 14:54:17 - [TEST_STEP][PASSED] - verifyMatch(actual_email, email, false): Actual text 'tractiontools.user001+ts5qlfok@gmail.com' and expected text 'tractiontools.user001+ts5qlfok@gmail.com' are matched 

2020-09-03 14:54:17 - [MESSAGE][PASSED] - Actual text 'tractiontools.user001+ts5qlfok@gmail.com' and expected text 'tractiontools.user001+ts5qlfok@gmail.com' are matched 

2020-09-03 14:54:17 - [TEST_STEP][PASSED] - setText(findTestObject("V2/Commons/ActivationPage/input_password"), password): Text 'Qwer123!' is set on object 'Object Repository/V2/Commons/ActivationPage/input_password'

2020-09-03 14:54:18 - [MESSAGE][PASSED] - Text 'Qwer123!' is set on object 'Object Repository/V2/Commons/ActivationPage/input_password'

2020-09-03 14:54:18 - [TEST_STEP][PASSED] - setText(findTestObject("Object Repository/V2/Commons/ActivationPage/input__passwordRepeat"), password): Text 'Qwer123!' is set on object 'Object Repository/V2/Commons/ActivationPage/input__passwordRepeat'

2020-09-03 14:54:19 - [MESSAGE][PASSED] - Text 'Qwer123!' is set on object 'Object Repository/V2/Commons/ActivationPage/input__passwordRepeat'

2020-09-03 14:54:19 - [TEST_STEP][PASSED] - click(findTestObject("V2/Commons/ActivationPage/input_termsandconditions")): Object: 'Object Repository/V2/Commons/ActivationPage/input_termsandconditions' is clicked on

2020-09-03 14:54:19 - [MESSAGE][PASSED] - Object: 'Object Repository/V2/Commons/ActivationPage/input_termsandconditions' is clicked on

2020-09-03 14:54:19 - [TEST_STEP][PASSED] - click(findTestObject("Object Repository/V2/Commons/ActivationPage/div_Create account")): Object: 'Object Repository/V2/Commons/ActivationPage/div_Create account' is clicked on

2020-09-03 14:54:20 - [MESSAGE][PASSED] - Object: 'Object Repository/V2/Commons/ActivationPage/div_Create account' is clicked on

2020-09-03 14:54:20 - [TEST_STEP][PASSED] - waitForElementPresent(findTestObject("V2/Commons/DasboardPage_SidebarMenu/img_Home_logo-big"), DefaultTimeout): Object 'Object Repository/V2/Commons/DasboardPage_SidebarMenu/img_Home_logo-big' is present

2020-09-03 14:54:24 - [MESSAGE][PASSED] - Object 'Object Repository/V2/Commons/DasboardPage_SidebarMenu/img_Home_logo-big' is present

2020-09-03 14:54:24 - [TEST_STEP][PASSED] - verifyElementPresent(findTestObject("V2/Commons/DasboardPage_SidebarMenu/img_Home_logo-big"), 0): Object 'Object Repository/V2/Commons/DasboardPage_SidebarMenu/img_Home_logo-big' is present

2020-09-03 14:54:24 - [MESSAGE][WARNING] - Timeout '0' is invalid. Using default page load timeout: '30'

2020-09-03 14:54:25 - [MESSAGE][PASSED] - Object 'Object Repository/V2/Commons/DasboardPage_SidebarMenu/img_Home_logo-big' is present

2020-09-03 14:54:25 - [MESSAGE][PASSED] - Call Test Case 'Test Cases/V2/Test Case/Pre-conditions/PRE_ActivateNewUser' successfully

2020-09-03 14:54:25 - [TEST_STEP][PASSED] - callTestCase(findTestCase("V2/Test Case/Pre-conditions/PRE_SkipPersonalProfileSetup"), [:], STOP_ON_FAILURE): Call Test Case 'Test Cases/V2/Test Case/Pre-conditions/PRE_SkipPersonalProfileSetup' successfully

2020-09-03 14:54:25 - [TEST_CASE][PASSED] - Test Cases/V2/Test Case/Pre-conditions/PRE_SkipPersonalProfileSetup: Test Cases/V2/Test Case/Pre-conditions/PRE_SkipPersonalProfileSetup

2020-09-03 14:54:25 - [TEST_STEP][PASSED] - waitForElementVisible(findTestObject("V2/Commons/FirstUpdateCompanyAndPersonalInfoModal/confirmPersonalInfoHeader_h1"), DefaultTimeout): Object 'Object Repository/V2/Commons/FirstUpdateCompanyAndPersonalInfoModal/confirmPersonalInfoHeader_h1' is visible

2020-09-03 14:54:26 - [MESSAGE][PASSED] - Object 'Object Repository/V2/Commons/FirstUpdateCompanyAndPersonalInfoModal/confirmPersonalInfoHeader_h1' is visible

2020-09-03 14:54:26 - [TEST_STEP][PASSED] - click(findTestObject("V2/Commons/FirstUpdateCompanyAndPersonalInfoModal/confirmInfoSkip_button")): Object: 'Object Repository/V2/Commons/FirstUpdateCompanyAndPersonalInfoModal/confirmInfoSkip_button' is clicked on

2020-09-03 14:54:26 - [MESSAGE][PASSED] - Object: 'Object Repository/V2/Commons/FirstUpdateCompanyAndPersonalInfoModal/confirmInfoSkip_button' is clicked on

2020-09-03 14:54:26 - [TEST_STEP][PASSED] - waitForElementVisible(findTestObject("V2/Commons/FirstUpdateCompanyAndPersonalInfoModal/letsGetStarted_button"), DefaultTimeout): Object 'Object Repository/V2/Commons/FirstUpdateCompanyAndPersonalInfoModal/letsGetStarted_button' is visible

2020-09-03 14:54:27 - [MESSAGE][PASSED] - Object 'Object Repository/V2/Commons/FirstUpdateCompanyAndPersonalInfoModal/letsGetStarted_button' is visible

2020-09-03 14:54:27 - [TEST_STEP][PASSED] - click(findTestObject("V2/Commons/FirstUpdateCompanyAndPersonalInfoModal/letsGetStarted_button")): Object: 'Object Repository/V2/Commons/FirstUpdateCompanyAndPersonalInfoModal/letsGetStarted_button' is clicked on

2020-09-03 14:54:28 - [MESSAGE][PASSED] - Object: 'Object Repository/V2/Commons/FirstUpdateCompanyAndPersonalInfoModal/letsGetStarted_button' is clicked on

2020-09-03 14:54:28 - [MESSAGE][PASSED] - Call Test Case 'Test Cases/V2/Test Case/Pre-conditions/PRE_SkipPersonalProfileSetup' successfully

2020-09-03 14:54:28 - [TEST_STEP][PASSED] - callTestCase(findTestCase("V2/Test Case/Pre-conditions/PRE_ActivateNewUser"), ["activationURL":employee_activationURL, "email":employee_email, "password":password], STOP_ON_FAILURE): Call Test Case 'Test Cases/V2/Test Case/Pre-conditions/PRE_ActivateNewUser' successfully

2020-09-03 14:54:28 - [TEST_CASE][PASSED] - Test Cases/V2/Test Case/Pre-conditions/PRE_ActivateNewUser: Test Cases/V2/Test Case/Pre-conditions/PRE_ActivateNewUser

2020-09-03 14:54:28 - [TEST_STEP][PASSED] - navigateToUrl(activationURL): Navigate to 'https://v2dev.traction.tools/activate?activationKey=796b887b-6251-45ad-9d42-352ddf2f313e&userId=68bb9ca3-ecca-4063-9c3b-db8cc8d5f363&orgId=26058d40-a0e8-4e22-944e-49335b338646&email=tractiontools.user001+te57z4jm@gmail.com&isCreator=0' successfully

2020-09-03 14:54:30 - [MESSAGE][PASSED] - Navigate to 'https://v2dev.traction.tools/activate?activationKey=796b887b-6251-45ad-9d42-352ddf2f313e&userId=68bb9ca3-ecca-4063-9c3b-db8cc8d5f363&orgId=26058d40-a0e8-4e22-944e-49335b338646&email=tractiontools.user001+te57z4jm@gmail.com&isCreator=0' successfully

2020-09-03 14:54:30 - [TEST_STEP][PASSED] - waitForElementVisible(findTestObject("V2/Commons/ActivationPage/input_Email_email"), DefaultTimeout): Object 'Object Repository/V2/Commons/ActivationPage/input_Email_email' is visible

2020-09-03 14:54:31 - [MESSAGE][PASSED] - Object 'Object Repository/V2/Commons/ActivationPage/input_Email_email' is visible

2020-09-03 14:54:31 - [TEST_STEP][PASSED] - actual_email = getAttribute(findTestObject("Object Repository/V2/Commons/ActivationPage/input_Email_email"), "value"): Attribute 'value' of object 'Object Repository/V2/Commons/ActivationPage/input_Email_email' is: 'tractiontools.user001+te57z4jm@gmail.com'

2020-09-03 14:54:31 - [MESSAGE][PASSED] - Attribute 'value' of object 'Object Repository/V2/Commons/ActivationPage/input_Email_email' is: 'tractiontools.user001+te57z4jm@gmail.com'

2020-09-03 14:54:31 - [TEST_STEP][PASSED] - verifyMatch(actual_email, email, false): Actual text 'tractiontools.user001+te57z4jm@gmail.com' and expected text 'tractiontools.user001+te57z4jm@gmail.com' are matched 

2020-09-03 14:54:31 - [MESSAGE][PASSED] - Actual text 'tractiontools.user001+te57z4jm@gmail.com' and expected text 'tractiontools.user001+te57z4jm@gmail.com' are matched 

2020-09-03 14:54:31 - [TEST_STEP][PASSED] - setText(findTestObject("V2/Commons/ActivationPage/input_password"), password): Text 'Qwer123!' is set on object 'Object Repository/V2/Commons/ActivationPage/input_password'

2020-09-03 14:54:32 - [MESSAGE][PASSED] - Text 'Qwer123!' is set on object 'Object Repository/V2/Commons/ActivationPage/input_password'

2020-09-03 14:54:32 - [TEST_STEP][PASSED] - setText(findTestObject("Object Repository/V2/Commons/ActivationPage/input__passwordRepeat"), password): Text 'Qwer123!' is set on object 'Object Repository/V2/Commons/ActivationPage/input__passwordRepeat'

2020-09-03 14:54:32 - [MESSAGE][PASSED] - Text 'Qwer123!' is set on object 'Object Repository/V2/Commons/ActivationPage/input__passwordRepeat'

2020-09-03 14:54:32 - [TEST_STEP][PASSED] - click(findTestObject("V2/Commons/ActivationPage/input_termsandconditions")): Object: 'Object Repository/V2/Commons/ActivationPage/input_termsandconditions' is clicked on

2020-09-03 14:54:33 - [MESSAGE][PASSED] - Object: 'Object Repository/V2/Commons/ActivationPage/input_termsandconditions' is clicked on

2020-09-03 14:54:33 - [TEST_STEP][PASSED] - click(findTestObject("Object Repository/V2/Commons/ActivationPage/div_Create account")): Object: 'Object Repository/V2/Commons/ActivationPage/div_Create account' is clicked on

2020-09-03 14:54:33 - [MESSAGE][PASSED] - Object: 'Object Repository/V2/Commons/ActivationPage/div_Create account' is clicked on

2020-09-03 14:54:33 - [TEST_STEP][PASSED] - waitForElementPresent(findTestObject("V2/Commons/DasboardPage_SidebarMenu/img_Home_logo-big"), DefaultTimeout): Object 'Object Repository/V2/Commons/DasboardPage_SidebarMenu/img_Home_logo-big' is present

2020-09-03 14:54:38 - [MESSAGE][PASSED] - Object 'Object Repository/V2/Commons/DasboardPage_SidebarMenu/img_Home_logo-big' is present

2020-09-03 14:54:38 - [TEST_STEP][PASSED] - verifyElementPresent(findTestObject("V2/Commons/DasboardPage_SidebarMenu/img_Home_logo-big"), 0): Object 'Object Repository/V2/Commons/DasboardPage_SidebarMenu/img_Home_logo-big' is present

2020-09-03 14:54:38 - [MESSAGE][WARNING] - Timeout '0' is invalid. Using default page load timeout: '30'

2020-09-03 14:54:39 - [MESSAGE][PASSED] - Object 'Object Repository/V2/Commons/DasboardPage_SidebarMenu/img_Home_logo-big' is present

2020-09-03 14:54:39 - [MESSAGE][PASSED] - Call Test Case 'Test Cases/V2/Test Case/Pre-conditions/PRE_ActivateNewUser' successfully

2020-09-03 14:54:39 - [TEST_STEP][PASSED] - callTestCase(findTestCase("V2/Test Case/Pre-conditions/PRE_SkipPersonalProfileSetup"), [:], STOP_ON_FAILURE): Call Test Case 'Test Cases/V2/Test Case/Pre-conditions/PRE_SkipPersonalProfileSetup' successfully

2020-09-03 14:54:39 - [TEST_CASE][PASSED] - Test Cases/V2/Test Case/Pre-conditions/PRE_SkipPersonalProfileSetup: Test Cases/V2/Test Case/Pre-conditions/PRE_SkipPersonalProfileSetup

2020-09-03 14:54:39 - [TEST_STEP][PASSED] - waitForElementVisible(findTestObject("V2/Commons/FirstUpdateCompanyAndPersonalInfoModal/confirmPersonalInfoHeader_h1"), DefaultTimeout): Object 'Object Repository/V2/Commons/FirstUpdateCompanyAndPersonalInfoModal/confirmPersonalInfoHeader_h1' is visible

2020-09-03 14:54:39 - [MESSAGE][PASSED] - Object 'Object Repository/V2/Commons/FirstUpdateCompanyAndPersonalInfoModal/confirmPersonalInfoHeader_h1' is visible

2020-09-03 14:54:39 - [TEST_STEP][PASSED] - click(findTestObject("V2/Commons/FirstUpdateCompanyAndPersonalInfoModal/confirmInfoSkip_button")): Object: 'Object Repository/V2/Commons/FirstUpdateCompanyAndPersonalInfoModal/confirmInfoSkip_button' is clicked on

2020-09-03 14:54:40 - [MESSAGE][PASSED] - Object: 'Object Repository/V2/Commons/FirstUpdateCompanyAndPersonalInfoModal/confirmInfoSkip_button' is clicked on

2020-09-03 14:54:40 - [TEST_STEP][PASSED] - waitForElementVisible(findTestObject("V2/Commons/FirstUpdateCompanyAndPersonalInfoModal/letsGetStarted_button"), DefaultTimeout): Object 'Object Repository/V2/Commons/FirstUpdateCompanyAndPersonalInfoModal/letsGetStarted_button' is visible

2020-09-03 14:54:41 - [MESSAGE][PASSED] - Object 'Object Repository/V2/Commons/FirstUpdateCompanyAndPersonalInfoModal/letsGetStarted_button' is visible

2020-09-03 14:54:41 - [TEST_STEP][PASSED] - click(findTestObject("V2/Commons/FirstUpdateCompanyAndPersonalInfoModal/letsGetStarted_button")): Object: 'Object Repository/V2/Commons/FirstUpdateCompanyAndPersonalInfoModal/letsGetStarted_button' is clicked on

2020-09-03 14:54:41 - [MESSAGE][PASSED] - Object: 'Object Repository/V2/Commons/FirstUpdateCompanyAndPersonalInfoModal/letsGetStarted_button' is clicked on

2020-09-03 14:54:41 - [MESSAGE][PASSED] - Call Test Case 'Test Cases/V2/Test Case/Pre-conditions/PRE_SkipPersonalProfileSetup' successfully

2020-09-03 14:54:41 - [MESSAGE][PASSED] - Call Test Case 'Test Cases/V2/Test Case/Pre-conditions/PRE_RegisterAndActivateTTUsers' successfully

2020-09-03 14:54:41 - [TEST_STEP][PASSED] - closeBrowser(): Browser is closed

2020-09-03 14:54:42 - [MESSAGE][PASSED] - Browser is closed

2020-09-03 14:54:42 - [TEST_STEP][PASSED] - path = System.getProperty("user.dir"): null

2020-09-03 14:54:42 - [TEST_STEP][PASSED] - System.setProperty("webdriver.chrome.driver", "C:\Users\Aaron-PC\Documents\Traction Tools\Katalon\Katalon_Studio_Windows_64-7.6.2\Katalon_Studio_Windows_64-7.6.2\configuration\resources\drivers\chromedriver_win32\chromedriver.exe"): null

2020-09-03 14:54:42 - [TEST_STEP][PASSED] - driver1 = new org.openqa.selenium.chrome.ChromeDriver(): null

2020-09-03 14:54:45 - [TEST_STEP][PASSED] - changeWebDriver(driver1): null

2020-09-03 14:54:45 - [TEST_STEP][PASSED] - maximizeWindow(): Current window maximized

2020-09-03 14:54:47 - [MESSAGE][PASSED] - Current window maximized

2020-09-03 14:54:47 - [TEST_STEP][PASSED] - navigateToUrl(V2Url): Navigate to 'https://v2dev.traction.tools' successfully

2020-09-03 14:54:49 - [MESSAGE][PASSED] - Navigate to 'https://v2dev.traction.tools' successfully

2020-09-03 14:54:49 - [TEST_STEP][PASSED] - callTestCase(findTestCase("V2/Test Case/Pre-conditions/PRE_LoginToTractionToolsApplication"), ["username":email, "password":password], STOP_ON_FAILURE): Call Test Case 'Test Cases/V2/Test Case/Pre-conditions/PRE_LoginToTractionToolsApplication' successfully

2020-09-03 14:54:49 - [TEST_CASE][PASSED] - Test Cases/V2/Test Case/Pre-conditions/PRE_LoginToTractionToolsApplication: Test Cases/V2/Test Case/Pre-conditions/PRE_LoginToTractionToolsApplication

2020-09-03 14:54:49 - [TEST_STEP][PASSED] - setText(findTestObject("V2/Commons/LoginPage/input__username"), username): Text 'tractiontools.user001+ta5bul5d@gmail.com' is set on object 'Object Repository/V2/Commons/LoginPage/input__username'

2020-09-03 14:54:56 - [MESSAGE][PASSED] - Text 'tractiontools.user001+ta5bul5d@gmail.com' is set on object 'Object Repository/V2/Commons/LoginPage/input__username'

2020-09-03 14:54:56 - [TEST_STEP][PASSED] - setText(findTestObject("V2/Commons/LoginPage/input__password"), password): Text 'Qwer123!' is set on object 'Object Repository/V2/Commons/LoginPage/input__password'

2020-09-03 14:54:56 - [MESSAGE][PASSED] - Text 'Qwer123!' is set on object 'Object Repository/V2/Commons/LoginPage/input__password'

2020-09-03 14:54:56 - [TEST_STEP][PASSED] - click(findTestObject("V2/Commons/LoginPage/div_Login")): Object: 'Object Repository/V2/Commons/LoginPage/div_Login' is clicked on

2020-09-03 14:54:56 - [MESSAGE][PASSED] - Object: 'Object Repository/V2/Commons/LoginPage/div_Login' is clicked on

2020-09-03 14:54:56 - [TEST_STEP][PASSED] - waitForElementVisible(findTestObject("V2/Commons/DasboardPage_SidebarMenu/img_Home_logo-big"), DefaultTimeout): Object 'Object Repository/V2/Commons/DasboardPage_SidebarMenu/img_Home_logo-big' is visible

2020-09-03 14:55:00 - [MESSAGE][PASSED] - Object 'Object Repository/V2/Commons/DasboardPage_SidebarMenu/img_Home_logo-big' is visible

2020-09-03 14:55:00 - [TEST_STEP][PASSED] - verifyElementVisible(findTestObject("V2/Commons/DasboardPage_SidebarMenu/img_Home_logo-big"), STOP_ON_FAILURE): Object 'Object Repository/V2/Commons/DasboardPage_SidebarMenu/img_Home_logo-big' is visible

2020-09-03 14:55:00 - [MESSAGE][PASSED] - Object 'Object Repository/V2/Commons/DasboardPage_SidebarMenu/img_Home_logo-big' is visible

2020-09-03 14:55:00 - [MESSAGE][PASSED] - Call Test Case 'Test Cases/V2/Test Case/Pre-conditions/PRE_LoginToTractionToolsApplication' successfully

2020-09-03 14:55:00 - [TEST_STEP][PASSED] - driver2 = new org.openqa.selenium.chrome.ChromeDriver(): null

2020-09-03 14:55:04 - [TEST_STEP][PASSED] - changeWebDriver(driver2): null

2020-09-03 14:55:04 - [TEST_STEP][PASSED] - maximizeWindow(): Current window maximized

2020-09-03 14:55:06 - [MESSAGE][PASSED] - Current window maximized

2020-09-03 14:55:06 - [TEST_STEP][PASSED] - navigateToUrl(V2Url): Navigate to 'https://v2dev.traction.tools' successfully

2020-09-03 14:55:07 - [MESSAGE][PASSED] - Navigate to 'https://v2dev.traction.tools' successfully

2020-09-03 14:55:07 - [TEST_STEP][PASSED] - callTestCase(findTestCase("V2/Test Case/Pre-conditions/PRE_LoginToTractionToolsApplication"), ["username":supervisor_email, "password":password], STOP_ON_FAILURE): Call Test Case 'Test Cases/V2/Test Case/Pre-conditions/PRE_LoginToTractionToolsApplication' successfully

2020-09-03 14:55:07 - [TEST_CASE][PASSED] - Test Cases/V2/Test Case/Pre-conditions/PRE_LoginToTractionToolsApplication: Test Cases/V2/Test Case/Pre-conditions/PRE_LoginToTractionToolsApplication

2020-09-03 14:55:07 - [TEST_STEP][PASSED] - setText(findTestObject("V2/Commons/LoginPage/input__username"), username): Text 'tractiontools.user001+ts5qlfok@gmail.com' is set on object 'Object Repository/V2/Commons/LoginPage/input__username'

2020-09-03 14:55:14 - [MESSAGE][PASSED] - Text 'tractiontools.user001+ts5qlfok@gmail.com' is set on object 'Object Repository/V2/Commons/LoginPage/input__username'

2020-09-03 14:55:14 - [TEST_STEP][PASSED] - setText(findTestObject("V2/Commons/LoginPage/input__password"), password): Text 'Qwer123!' is set on object 'Object Repository/V2/Commons/LoginPage/input__password'

2020-09-03 14:55:14 - [MESSAGE][PASSED] - Text 'Qwer123!' is set on object 'Object Repository/V2/Commons/LoginPage/input__password'

2020-09-03 14:55:14 - [TEST_STEP][PASSED] - click(findTestObject("V2/Commons/LoginPage/div_Login")): Object: 'Object Repository/V2/Commons/LoginPage/div_Login' is clicked on

2020-09-03 14:55:14 - [MESSAGE][PASSED] - Object: 'Object Repository/V2/Commons/LoginPage/div_Login' is clicked on

2020-09-03 14:55:14 - [TEST_STEP][PASSED] - waitForElementVisible(findTestObject("V2/Commons/DasboardPage_SidebarMenu/img_Home_logo-big"), DefaultTimeout): Object 'Object Repository/V2/Commons/DasboardPage_SidebarMenu/img_Home_logo-big' is visible

2020-09-03 14:55:18 - [MESSAGE][PASSED] - Object 'Object Repository/V2/Commons/DasboardPage_SidebarMenu/img_Home_logo-big' is visible

2020-09-03 14:55:18 - [TEST_STEP][PASSED] - verifyElementVisible(findTestObject("V2/Commons/DasboardPage_SidebarMenu/img_Home_logo-big"), STOP_ON_FAILURE): Object 'Object Repository/V2/Commons/DasboardPage_SidebarMenu/img_Home_logo-big' is visible

2020-09-03 14:55:18 - [MESSAGE][PASSED] - Object 'Object Repository/V2/Commons/DasboardPage_SidebarMenu/img_Home_logo-big' is visible

2020-09-03 14:55:18 - [MESSAGE][PASSED] - Call Test Case 'Test Cases/V2/Test Case/Pre-conditions/PRE_LoginToTractionToolsApplication' successfully

2020-09-03 14:55:18 - [TEST_STEP][PASSED] - driver3 = new org.openqa.selenium.chrome.ChromeDriver(): null

2020-09-03 14:55:22 - [TEST_STEP][PASSED] - changeWebDriver(driver3): null

2020-09-03 14:55:22 - [TEST_STEP][PASSED] - maximizeWindow(): Current window maximized

2020-09-03 14:55:24 - [MESSAGE][PASSED] - Current window maximized

2020-09-03 14:55:24 - [TEST_STEP][PASSED] - navigateToUrl(V2Url): Navigate to 'https://v2dev.traction.tools' successfully

2020-09-03 14:55:26 - [MESSAGE][PASSED] - Navigate to 'https://v2dev.traction.tools' successfully

2020-09-03 14:55:26 - [TEST_STEP][PASSED] - callTestCase(findTestCase("V2/Test Case/Pre-conditions/PRE_LoginToTractionToolsApplication"), ["username":employee_email, "password":password], STOP_ON_FAILURE): Call Test Case 'Test Cases/V2/Test Case/Pre-conditions/PRE_LoginToTractionToolsApplication' successfully

2020-09-03 14:55:26 - [TEST_CASE][PASSED] - Test Cases/V2/Test Case/Pre-conditions/PRE_LoginToTractionToolsApplication: Test Cases/V2/Test Case/Pre-conditions/PRE_LoginToTractionToolsApplication

2020-09-03 14:55:26 - [TEST_STEP][PASSED] - setText(findTestObject("V2/Commons/LoginPage/input__username"), username): Text 'tractiontools.user001+te57z4jm@gmail.com' is set on object 'Object Repository/V2/Commons/LoginPage/input__username'

2020-09-03 14:55:34 - [MESSAGE][PASSED] - Text 'tractiontools.user001+te57z4jm@gmail.com' is set on object 'Object Repository/V2/Commons/LoginPage/input__username'

2020-09-03 14:55:34 - [TEST_STEP][PASSED] - setText(findTestObject("V2/Commons/LoginPage/input__password"), password): Text 'Qwer123!' is set on object 'Object Repository/V2/Commons/LoginPage/input__password'

2020-09-03 14:55:34 - [MESSAGE][PASSED] - Text 'Qwer123!' is set on object 'Object Repository/V2/Commons/LoginPage/input__password'

2020-09-03 14:55:34 - [TEST_STEP][PASSED] - click(findTestObject("V2/Commons/LoginPage/div_Login")): Object: 'Object Repository/V2/Commons/LoginPage/div_Login' is clicked on

2020-09-03 14:55:34 - [MESSAGE][PASSED] - Object: 'Object Repository/V2/Commons/LoginPage/div_Login' is clicked on

2020-09-03 14:55:34 - [TEST_STEP][PASSED] - waitForElementVisible(findTestObject("V2/Commons/DasboardPage_SidebarMenu/img_Home_logo-big"), DefaultTimeout): Object 'Object Repository/V2/Commons/DasboardPage_SidebarMenu/img_Home_logo-big' is visible

2020-09-03 14:55:39 - [MESSAGE][PASSED] - Object 'Object Repository/V2/Commons/DasboardPage_SidebarMenu/img_Home_logo-big' is visible

2020-09-03 14:55:39 - [TEST_STEP][PASSED] - verifyElementVisible(findTestObject("V2/Commons/DasboardPage_SidebarMenu/img_Home_logo-big"), STOP_ON_FAILURE): Object 'Object Repository/V2/Commons/DasboardPage_SidebarMenu/img_Home_logo-big' is visible

2020-09-03 14:55:39 - [MESSAGE][PASSED] - Object 'Object Repository/V2/Commons/DasboardPage_SidebarMenu/img_Home_logo-big' is visible

2020-09-03 14:55:39 - [MESSAGE][PASSED] - Call Test Case 'Test Cases/V2/Test Case/Pre-conditions/PRE_LoginToTractionToolsApplication' successfully

2020-09-03 14:55:39 - [TEST_STEP][PASSED] - changeWebDriver(driver1): null

2020-09-03 14:55:39 - [TEST_STEP][PASSED] - callTestCase(findTestCase("V2/Test Case/Pre-conditions/PRE_AddMilestone_Rocks"), [:], STOP_ON_FAILURE): Call Test Case 'Test Cases/V2/Test Case/Pre-conditions/PRE_AddMilestone_Rocks' successfully

2020-09-03 14:55:39 - [TEST_CASE][PASSED] - Test Cases/V2/Test Case/Pre-conditions/PRE_AddMilestone_Rocks: Test Cases/V2/Test Case/Pre-conditions/PRE_AddMilestone_Rocks

2020-09-03 14:55:39 - [TEST_STEP][PASSED] - click(findTestObject("Object Repository/V2/Commons/ManageUsersPage/span_Company Settings")): Object: 'Object Repository/V2/Commons/ManageUsersPage/span_Company Settings' is clicked on

2020-09-03 14:55:39 - [MESSAGE][PASSED] - Object: 'Object Repository/V2/Commons/ManageUsersPage/span_Company Settings' is clicked on

2020-09-03 14:55:39 - [TEST_STEP][PASSED] - click(findTestObject("V2/Commons/DasboardPage_SidebarMenu/a_Advance Settings")): Object: 'Object Repository/V2/Commons/DasboardPage_SidebarMenu/a_Advance Settings' is clicked on

2020-09-03 14:55:39 - [MESSAGE][PASSED] - Object: 'Object Repository/V2/Commons/DasboardPage_SidebarMenu/a_Advance Settings' is clicked on

2020-09-03 14:55:39 - [TEST_STEP][PASSED] - waitForElementVisible(findTestObject("V2/Commons/AdvanceSettingsPage/Add_Milestone_Toggle"), DefaultTimeout): Object 'Object Repository/V2/Commons/AdvanceSettingsPage/Add_Milestone_Toggle' is visible

2020-09-03 14:55:39 - [MESSAGE][PASSED] - Object 'Object Repository/V2/Commons/AdvanceSettingsPage/Add_Milestone_Toggle' is visible

2020-09-03 14:55:39 - [TEST_STEP][PASSED] - click(findTestObject("V2/Commons/AdvanceSettingsPage/Add_Milestone_Toggle")): Object: 'Object Repository/V2/Commons/AdvanceSettingsPage/Add_Milestone_Toggle' is clicked on

2020-09-03 14:55:39 - [MESSAGE][PASSED] - Object: 'Object Repository/V2/Commons/AdvanceSettingsPage/Add_Milestone_Toggle' is clicked on

2020-09-03 14:55:39 - [TEST_STEP][PASSED] - A_validateMilestoneChecked = getAttribute(findTestObject("V2/Commons/AdvanceSettingsPage/Verify_Milestone_Toggle"), "checked"): Attribute 'checked' of object 'Object Repository/V2/Commons/AdvanceSettingsPage/Verify_Milestone_Toggle' is: 'true'

2020-09-03 14:55:39 - [MESSAGE][PASSED] - Attribute 'checked' of object 'Object Repository/V2/Commons/AdvanceSettingsPage/Verify_Milestone_Toggle' is: 'true'

2020-09-03 14:55:40 - [TEST_STEP][PASSED] - verifyMatch(A_validateMilestoneChecked, "true", false): Actual text 'true' and expected text 'true' are matched 

2020-09-03 14:55:40 - [MESSAGE][PASSED] - Actual text 'true' and expected text 'true' are matched 

2020-09-03 14:55:40 - [TEST_STEP][PASSED] - click(findTestObject("V2/Commons/AdvanceSettingsPage/Save_Rules")): Object: 'Object Repository/V2/Commons/AdvanceSettingsPage/Save_Rules' is clicked on

2020-09-03 14:55:40 - [MESSAGE][PASSED] - Object: 'Object Repository/V2/Commons/AdvanceSettingsPage/Save_Rules' is clicked on

2020-09-03 14:55:40 - [MESSAGE][PASSED] - Call Test Case 'Test Cases/V2/Test Case/Pre-conditions/PRE_AddMilestone_Rocks' successfully

2020-09-03 14:55:40 - [TEST_STEP][PASSED] - callTestCase(findTestCase("V2/Test Case/Pre-conditions/PRE_CreateL10Meeting"), ["meetingName":meetingName, "meetingAcronym":meetingAcronym, "meetingType":meetingType, "dropdownOptions_obj":"//div[@id='CREATE_MEETING_L10']//span[text()='%s']/parent::div[@role='option']", ... ], STOP_ON_FAILURE): Call Test Case 'Test Cases/V2/Test Case/Pre-conditions/PRE_CreateL10Meeting' successfully

2020-09-03 14:55:40 - [TEST_CASE][PASSED] - Test Cases/V2/Test Case/Pre-conditions/PRE_CreateL10Meeting: Test Cases/V2/Test Case/Pre-conditions/PRE_CreateL10Meeting

2020-09-03 14:55:40 - [TEST_STEP][PASSED] - click(findTestObject("V2/Commons/DasboardPage_SidebarMenu/MeetingsMenu")): Object: 'Object Repository/V2/Commons/DasboardPage_SidebarMenu/MeetingsMenu' is clicked on

2020-09-03 14:55:40 - [MESSAGE][PASSED] - Object: 'Object Repository/V2/Commons/DasboardPage_SidebarMenu/MeetingsMenu' is clicked on

2020-09-03 14:55:40 - [TEST_STEP][PASSED] - click(findTestObject("Object Repository/V2/Commons/MeetingListPage/div_Create a meeting")): Object: 'Object Repository/V2/Commons/MeetingListPage/div_Create a meeting' is clicked on

2020-09-03 14:55:40 - [MESSAGE][PASSED] - Object: 'Object Repository/V2/Commons/MeetingListPage/div_Create a meeting' is clicked on

2020-09-03 14:55:40 - [TEST_STEP][PASSED] - click(findTestObject("Object Repository/V2/Commons/MeetingListPage/button_Level 10")): Object: 'Object Repository/V2/Commons/MeetingListPage/button_Level 10' is clicked on

2020-09-03 14:55:40 - [MESSAGE][PASSED] - Object: 'Object Repository/V2/Commons/MeetingListPage/button_Level 10' is clicked on

2020-09-03 14:55:40 - [TEST_STEP][PASSED] - waitForElementVisible(findTestObject("V2/Commons/CreateL10MeetingDrawer/input__name"), DefaultTimeout): Object 'Object Repository/V2/Commons/CreateL10MeetingDrawer/input__name' is visible

2020-09-03 14:55:41 - [MESSAGE][PASSED] - Object 'Object Repository/V2/Commons/CreateL10MeetingDrawer/input__name' is visible

2020-09-03 14:55:41 - [TEST_STEP][PASSED] - setText(findTestObject("V2/Commons/CreateL10MeetingDrawer/input__name"), meetingName): Text 'Meeting Admin' is set on object 'Object Repository/V2/Commons/CreateL10MeetingDrawer/input__name'

2020-09-03 14:55:41 - [MESSAGE][PASSED] - Text 'Meeting Admin' is set on object 'Object Repository/V2/Commons/CreateL10MeetingDrawer/input__name'

2020-09-03 14:55:41 - [TEST_STEP][PASSED] - setText(findTestObject("V2/Commons/CreateL10MeetingDrawer/input__acronym"), meetingAcronym): Text 'CL10' is set on object 'Object Repository/V2/Commons/CreateL10MeetingDrawer/input__acronym'

2020-09-03 14:55:41 - [MESSAGE][PASSED] - Text 'CL10' is set on object 'Object Repository/V2/Commons/CreateL10MeetingDrawer/input__acronym'

2020-09-03 14:55:41 - [TEST_STEP][PASSED] - click(findTestObject("V2/Commons/CreateL10MeetingDrawer/input__typeOfMeeting")): Object: 'Object Repository/V2/Commons/CreateL10MeetingDrawer/input__typeOfMeeting' is clicked on

2020-09-03 14:55:41 - [MESSAGE][PASSED] - Object: 'Object Repository/V2/Commons/CreateL10MeetingDrawer/input__typeOfMeeting' is clicked on

2020-09-03 14:55:41 - [TEST_STEP][PASSED] - meetingTypeOption_Obj = tt_CustomKeywords.CustomKeywords.CreateDynamicElement(dropdownOptions_obj, meetingType, "xpath"): Successfully created new dynamic object: //div[@id='CREATE_MEETING_L10']//span[text()='Leadership']/parent::div[@role='option']

2020-09-03 14:55:41 - [MESSAGE][PASSED] - Successfully created new dynamic object: //div[@id='CREATE_MEETING_L10']//span[text()='Leadership']/parent::div[@role='option']

2020-09-03 14:55:41 - [TEST_STEP][PASSED] - click(meetingTypeOption_Obj): Object: '' is clicked on

2020-09-03 14:55:41 - [MESSAGE][PASSED] - Object: '' is clicked on

2020-09-03 14:55:41 - [TEST_STEP][PASSED] - click(findTestObject("V2/Commons/CreateL10MeetingDrawer/div_dayOfMeetingDropdownList")): Object: 'Object Repository/V2/Commons/CreateL10MeetingDrawer/div_dayOfMeetingDropdownList' is clicked on

2020-09-03 14:55:41 - [MESSAGE][PASSED] - Object: 'Object Repository/V2/Commons/CreateL10MeetingDrawer/div_dayOfMeetingDropdownList' is clicked on

2020-09-03 14:55:41 - [TEST_STEP][PASSED] - dayOfMeetingOption_Obj = tt_CustomKeywords.CustomKeywords.CreateDynamicElement(dropdownOptions_obj, dayOfMeeting, "xpath"): Successfully created new dynamic object: //div[@id='CREATE_MEETING_L10']//span[text()='Monday']/parent::div[@role='option']

2020-09-03 14:55:41 - [MESSAGE][PASSED] - Successfully created new dynamic object: //div[@id='CREATE_MEETING_L10']//span[text()='Monday']/parent::div[@role='option']

2020-09-03 14:55:41 - [TEST_STEP][PASSED] - click(dayOfMeetingOption_Obj): Object: '' is clicked on

2020-09-03 14:55:41 - [MESSAGE][PASSED] - Object: '' is clicked on

2020-09-03 14:55:41 - [TEST_STEP][PASSED] - click(findTestObject("V2/Commons/CreateL10MeetingDrawer/input_meetingTime")): Object: 'Object Repository/V2/Commons/CreateL10MeetingDrawer/input_meetingTime' is clicked on

2020-09-03 14:55:41 - [MESSAGE][PASSED] - Object: 'Object Repository/V2/Commons/CreateL10MeetingDrawer/input_meetingTime' is clicked on

2020-09-03 14:55:41 - [TEST_STEP][PASSED] - setText(findTestObject("V2/Commons/CreateL10MeetingDrawer/input_meetingTime"), meetingTime): Text '12:00' is set on object 'Object Repository/V2/Commons/CreateL10MeetingDrawer/input_meetingTime'

2020-09-03 14:55:42 - [MESSAGE][PASSED] - Text '12:00' is set on object 'Object Repository/V2/Commons/CreateL10MeetingDrawer/input_meetingTime'

2020-09-03 14:55:42 - [TEST_STEP][PASSED] - sendKeys(findTestObject("V2/Commons/CreateL10MeetingDrawer/input_meetingTime"), Keys.chord(TAB)): Keys 'TAB + ' sent to object: 'Object Repository/V2/Commons/CreateL10MeetingDrawer/input_meetingTime'

2020-09-03 14:55:42 - [MESSAGE][PASSED] - Keys 'TAB + ' sent to object: 'Object Repository/V2/Commons/CreateL10MeetingDrawer/input_meetingTime'

2020-09-03 14:55:42 - [TEST_STEP][PASSED] - click(findTestObject("V2/Commons/CreateL10MeetingDrawer/div_Create Meeting")): Object: 'Object Repository/V2/Commons/CreateL10MeetingDrawer/div_Create Meeting' is clicked on

2020-09-03 14:55:42 - [MESSAGE][PASSED] - Object: 'Object Repository/V2/Commons/CreateL10MeetingDrawer/div_Create Meeting' is clicked on

2020-09-03 14:55:42 - [TEST_STEP][PASSED] - waitForElementVisible(findTestObject("Object Repository/V2/Commons/MeetingListPage/div_Ill do this later"), DefaultTimeout): Object 'Object Repository/V2/Commons/MeetingListPage/div_Ill do this later' is visible

2020-09-03 14:56:17 - [MESSAGE][PASSED] - Object 'Object Repository/V2/Commons/MeetingListPage/div_Ill do this later' is visible

2020-09-03 14:56:17 - [TEST_STEP][PASSED] - verifyElementVisible(findTestObject("Object Repository/V2/Commons/MeetingListPage/div_Ill do this later"), STOP_ON_FAILURE): Object 'Object Repository/V2/Commons/MeetingListPage/div_Ill do this later' is visible

2020-09-03 14:56:17 - [MESSAGE][PASSED] - Object 'Object Repository/V2/Commons/MeetingListPage/div_Ill do this later' is visible

2020-09-03 14:56:17 - [TEST_STEP][PASSED] - click(findTestObject("Object Repository/V2/Commons/MeetingListPage/div_Ill do this later")): Object: 'Object Repository/V2/Commons/MeetingListPage/div_Ill do this later' is clicked on

2020-09-03 14:56:17 - [MESSAGE][PASSED] - Object: 'Object Repository/V2/Commons/MeetingListPage/div_Ill do this later' is clicked on

2020-09-03 14:56:17 - [TEST_STEP][PASSED] - meetingRecordObj = tt_CustomKeywords.CustomKeywords.CreateDynamicElement(meetingRecord_obj, meetingName, "xpath"): Successfully created new dynamic object: //div[@class='detailscontainer__block item']/h4[text()='Meeting Admin']

2020-09-03 14:56:17 - [MESSAGE][PASSED] - Successfully created new dynamic object: //div[@class='detailscontainer__block item']/h4[text()='Meeting Admin']

2020-09-03 14:56:17 - [TEST_STEP][PASSED] - verifyElementPresent(meetingRecordObj, DefaultTimeout): Object '' is present

2020-09-03 14:56:17 - [MESSAGE][PASSED] - Object '' is present

2020-09-03 14:56:17 - [MESSAGE][PASSED] - Call Test Case 'Test Cases/V2/Test Case/Pre-conditions/PRE_CreateL10Meeting' successfully

2020-09-03 14:56:17 - [TEST_STEP][PASSED] - callTestCase(findTestCase("V2/Test Case/Tests/PR-369 - EditMeetingAgenda/Test Cases/Positive/Admin/PR_369_7_EditMeetingCreateRock_Admin"), ["userName":"jeff+075@mytractiontools.com", "passWord":"Skyline69A*", "meetingRowPosition":"3", "editMeetingMenu_Obj":"//div[@id='root']/div/div[2]/div/div/div/div[2]/div/div[%s]/div[3]/button/i", ... ], STOP_ON_FAILURE): Call Test Case 'Test Cases/V2/Test Case/Tests/PR-369 - EditMeetingAgenda/Test Cases/Positive/Admin/PR_369_7_EditMeetingCreateRock_Admin' successfully

2020-09-03 14:56:17 - [TEST_CASE][PASSED] - Test Cases/V2/Test Case/Tests/PR-369 - EditMeetingAgenda/Test Cases/Positive/Admin/PR_369_7_EditMeetingCreateRock_Admin: Test Cases/V2/Test Case/Tests/PR-369 - EditMeetingAgenda/Test Cases/Positive/Admin/PR_369_7_EditMeetingCreateRock_Admin

2020-09-03 14:56:17 - [TEST_STEP][NOT_RUN] - openBrowser(""): NOT_RUN: openBrowser("")

2020-09-03 14:56:17 - [MESSAGE][NOT_RUN] - NOT_RUN: openBrowser("")

2020-09-03 14:56:17 - [TEST_STEP][NOT_RUN] - maximizeWindow(): NOT_RUN: maximizeWindow()

2020-09-03 14:56:17 - [MESSAGE][NOT_RUN] - NOT_RUN: maximizeWindow()

2020-09-03 14:56:17 - [TEST_STEP][NOT_RUN] - navigateToUrl(V2Url): NOT_RUN: navigateToUrl(V2Url)

2020-09-03 14:56:17 - [MESSAGE][NOT_RUN] - NOT_RUN: navigateToUrl(V2Url)

2020-09-03 14:56:17 - [TEST_STEP][NOT_RUN] - setText(findTestObject("V2/PR-369/Page_Login/userName_Field"), "tractiontools.user001+ta58jzbl@gmail.com"): NOT_RUN: setText(findTestObject("V2/PR-369/Page_Login/userName_Field"), "tractiontools.user001+ta58jzbl@gmail.com")

2020-09-03 14:56:17 - [MESSAGE][NOT_RUN] - NOT_RUN: setText(findTestObject("V2/PR-369/Page_Login/userName_Field"), "tractiontools.user001+ta58jzbl@gmail.com")

2020-09-03 14:56:17 - [TEST_STEP][NOT_RUN] - setText(findTestObject("V2/PR-369/Page_Login/passWord_Field"), "Qwer123!"): NOT_RUN: setText(findTestObject("V2/PR-369/Page_Login/passWord_Field"), "Qwer123!")

2020-09-03 14:56:17 - [MESSAGE][NOT_RUN] - NOT_RUN: setText(findTestObject("V2/PR-369/Page_Login/passWord_Field"), "Qwer123!")

2020-09-03 14:56:17 - [TEST_STEP][NOT_RUN] - click(findTestObject("V2/PR-369/Page_Login/Login_Button")): NOT_RUN: click(findTestObject("V2/PR-369/Page_Login/Login_Button"))

2020-09-03 14:56:17 - [MESSAGE][NOT_RUN] - NOT_RUN: click(findTestObject("V2/PR-369/Page_Login/Login_Button"))

2020-09-03 14:56:17 - [TEST_STEP][PASSED] - waitForElementVisible(findTestObject("V2/Commons/DasboardPage_SidebarMenu/MeetingsMenu"), DefaultTimeout): Object 'Object Repository/V2/Commons/DasboardPage_SidebarMenu/MeetingsMenu' is visible

2020-09-03 14:56:17 - [MESSAGE][PASSED] - Object 'Object Repository/V2/Commons/DasboardPage_SidebarMenu/MeetingsMenu' is visible

2020-09-03 14:56:17 - [TEST_STEP][PASSED] - click(findTestObject("V2/Commons/DasboardPage_SidebarMenu/MeetingsMenu")): Object: 'Object Repository/V2/Commons/DasboardPage_SidebarMenu/MeetingsMenu' is clicked on

2020-09-03 14:56:17 - [MESSAGE][PASSED] - Object: 'Object Repository/V2/Commons/DasboardPage_SidebarMenu/MeetingsMenu' is clicked on

2020-09-03 14:56:17 - [TEST_STEP][PASSED] - meetingOpt_Obj = tt_CustomKeywords.CustomKeywords.CreateDynamicElement(meetingOptions_obj, meetingName, "xpath"): Successfully created new dynamic object: //h4[text()='Meeting Admin']/ancestor::div[contains(@class,'ListContainer')]/div[@class='listcontainer__options']/button

2020-09-03 14:56:17 - [MESSAGE][PASSED] - Successfully created new dynamic object: //h4[text()='Meeting Admin']/ancestor::div[contains(@class,'ListContainer')]/div[@class='listcontainer__options']/button

2020-09-03 14:56:17 - [TEST_STEP][PASSED] - waitForElementVisible(meetingOpt_Obj, DefaultTimeout): Object '' is visible

2020-09-03 14:56:17 - [MESSAGE][PASSED] - Object '' is visible

2020-09-03 14:56:17 - [TEST_STEP][PASSED] - click(meetingOpt_Obj): Object: '' is clicked on

2020-09-03 14:56:17 - [MESSAGE][PASSED] - Object: '' is clicked on

2020-09-03 14:56:17 - [TEST_STEP][PASSED] - click(findTestObject("V2/Commons/MeetingListPage/a_Edit meeting")): Object: 'Object Repository/V2/Commons/MeetingListPage/a_Edit meeting' is clicked on

2020-09-03 14:56:18 - [MESSAGE][PASSED] - Object: 'Object Repository/V2/Commons/MeetingListPage/a_Edit meeting' is clicked on

2020-09-03 14:56:18 - [TEST_STEP][PASSED] - waitForElementVisible(findTestObject("V2/PR-369/Edit_Meeting_Rocks/Rocks_Menu"), DefaultTimeout): Object 'Object Repository/V2/PR-369/Edit_Meeting_Rocks/Rocks_Menu' is visible

2020-09-03 14:56:19 - [MESSAGE][PASSED] - Object 'Object Repository/V2/PR-369/Edit_Meeting_Rocks/Rocks_Menu' is visible

2020-09-03 14:56:19 - [TEST_STEP][PASSED] - click(findTestObject("V2/PR-369/Edit_Meeting_Rocks/Rocks_Menu")): Object: 'Object Repository/V2/PR-369/Edit_Meeting_Rocks/Rocks_Menu' is clicked on

2020-09-03 14:56:19 - [MESSAGE][PASSED] - Object: 'Object Repository/V2/PR-369/Edit_Meeting_Rocks/Rocks_Menu' is clicked on

2020-09-03 14:56:19 - [TEST_STEP][PASSED] - click(findTestObject("V2/PR-369/Edit_Meeting_Rocks/CreateRocksButton")): Object: 'Object Repository/V2/PR-369/Edit_Meeting_Rocks/CreateRocksButton' is clicked on

2020-09-03 14:56:19 - [MESSAGE][PASSED] - Object: 'Object Repository/V2/PR-369/Edit_Meeting_Rocks/CreateRocksButton' is clicked on

2020-09-03 14:56:19 - [TEST_STEP][PASSED] - click(findTestObject("V2/PR-369/Edit_Meeting_Rocks/Create_New_Rocks")): Object: 'Object Repository/V2/PR-369/Edit_Meeting_Rocks/Create_New_Rocks' is clicked on

2020-09-03 14:56:19 - [MESSAGE][PASSED] - Object: 'Object Repository/V2/PR-369/Edit_Meeting_Rocks/Create_New_Rocks' is clicked on

2020-09-03 14:56:19 - [TEST_STEP][PASSED] - waitForElementVisible(findTestObject("V2/PR-369/Edit_Meeting_Rocks/Rock_Name_Title"), DefaultTimeout): Object 'Object Repository/V2/PR-369/Edit_Meeting_Rocks/Rock_Name_Title' is visible

2020-09-03 14:56:19 - [MESSAGE][PASSED] - Object 'Object Repository/V2/PR-369/Edit_Meeting_Rocks/Rock_Name_Title' is visible

2020-09-03 14:56:19 - [TEST_STEP][PASSED] - setText(findTestObject("V2/PR-369/Edit_Meeting_Rocks/Rock_Name_Title"), rockName): Text 'QA Edit Meeting Automation Rock Test' is set on object 'Object Repository/V2/PR-369/Edit_Meeting_Rocks/Rock_Name_Title'

2020-09-03 14:56:20 - [MESSAGE][PASSED] - Text 'QA Edit Meeting Automation Rock Test' is set on object 'Object Repository/V2/PR-369/Edit_Meeting_Rocks/Rock_Name_Title'

2020-09-03 14:56:20 - [TEST_STEP][PASSED] - click(findTestObject("V2/PR-369/Edit_Meeting_Rocks/Status_OffTrack_Rock")): Object: 'Object Repository/V2/PR-369/Edit_Meeting_Rocks/Status_OffTrack_Rock' is clicked on

2020-09-03 14:56:20 - [MESSAGE][PASSED] - Object: 'Object Repository/V2/PR-369/Edit_Meeting_Rocks/Status_OffTrack_Rock' is clicked on

2020-09-03 14:56:20 - [TEST_STEP][PASSED] - click(findTestObject("V2/PR-369/Edit_Meeting_Rocks/Accountable_Owner_Field")): Object: 'Object Repository/V2/PR-369/Edit_Meeting_Rocks/Accountable_Owner_Field' is clicked on

2020-09-03 14:56:20 - [MESSAGE][PASSED] - Object: 'Object Repository/V2/PR-369/Edit_Meeting_Rocks/Accountable_Owner_Field' is clicked on

2020-09-03 14:56:20 - [TEST_STEP][PASSED] - accountableOwner = tt_CustomKeywords.CustomKeywords.CreateDynamicElement(owner_Obj, ownerSelected, "xpath"): Successfully created new dynamic object: //div[@data-test-id='createRock']//div[@role='listbox'][@class='visible menu transition']/div[@role='option'][contains(@class,'item')]/span[text()='Admin User']

2020-09-03 14:56:20 - [MESSAGE][PASSED] - Successfully created new dynamic object: //div[@data-test-id='createRock']//div[@role='listbox'][@class='visible menu transition']/div[@role='option'][contains(@class,'item')]/span[text()='Admin User']

2020-09-03 14:56:20 - [TEST_STEP][PASSED] - click(accountableOwner): Object: '' is clicked on

2020-09-03 14:56:20 - [MESSAGE][PASSED] - Object: '' is clicked on

2020-09-03 14:56:20 - [TEST_STEP][PASSED] - click(findTestObject("V2/PR-369/Edit_Meeting_Rocks/Visibility_Level_Field")): Object: 'Object Repository/V2/PR-369/Edit_Meeting_Rocks/Visibility_Level_Field' is clicked on

2020-09-03 14:56:20 - [MESSAGE][PASSED] - Object: 'Object Repository/V2/PR-369/Edit_Meeting_Rocks/Visibility_Level_Field' is clicked on

2020-09-03 14:56:20 - [TEST_STEP][PASSED] - click(findTestObject("V2/PR-369/Edit_Meeting_Rocks/Visibility_Level_Company")): Object: 'Object Repository/V2/PR-369/Edit_Meeting_Rocks/Visibility_Level_Company' is clicked on

2020-09-03 14:56:20 - [MESSAGE][PASSED] - Object: 'Object Repository/V2/PR-369/Edit_Meeting_Rocks/Visibility_Level_Company' is clicked on

2020-09-03 14:56:20 - [TEST_STEP][PASSED] - click(findTestObject("V2/PR-369/Edit_Meeting_Rocks/Rocks_Due_Date_Field")): Object: 'Object Repository/V2/PR-369/Edit_Meeting_Rocks/Rocks_Due_Date_Field' is clicked on

2020-09-03 14:56:20 - [MESSAGE][PASSED] - Object: 'Object Repository/V2/PR-369/Edit_Meeting_Rocks/Rocks_Due_Date_Field' is clicked on

2020-09-03 14:56:20 - [TEST_STEP][PASSED] - waitForElementVisible(findTestObject("V2/PR-369/Edit_Meeting_Scorecard/A_Date29"), DefaultTimeout): Object 'Object Repository/V2/PR-369/Edit_Meeting_Scorecard/A_Date29' is visible

2020-09-03 14:56:20 - [MESSAGE][PASSED] - Object 'Object Repository/V2/PR-369/Edit_Meeting_Scorecard/A_Date29' is visible

2020-09-03 14:56:20 - [TEST_STEP][PASSED] - click(findTestObject("V2/PR-369/Edit_Meeting_Scorecard/A_Date29")): Object: 'Object Repository/V2/PR-369/Edit_Meeting_Scorecard/A_Date29' is clicked on

2020-09-03 14:56:20 - [MESSAGE][PASSED] - Object: 'Object Repository/V2/PR-369/Edit_Meeting_Scorecard/A_Date29' is clicked on

2020-09-03 14:56:20 - [TEST_STEP][PASSED] - verifyElementVisible(findTestObject("V2/PR-369/Edit_Meeting_Rocks/Verify_Notes_Section")): Object 'Object Repository/V2/PR-369/Edit_Meeting_Rocks/Verify_Notes_Section' is visible

2020-09-03 14:56:20 - [MESSAGE][PASSED] - Object 'Object Repository/V2/PR-369/Edit_Meeting_Rocks/Verify_Notes_Section' is visible

2020-09-03 14:56:20 - [TEST_STEP][PASSED] - setText(findTestObject("V2/PR-369/Edit_Meeting_Rocks/Notes_Comments"), Notes): Text 'Sample Notes' is set on object 'Object Repository/V2/PR-369/Edit_Meeting_Rocks/Notes_Comments'

2020-09-03 14:56:36 - [MESSAGE][PASSED] - Text 'Sample Notes' is set on object 'Object Repository/V2/PR-369/Edit_Meeting_Rocks/Notes_Comments'

2020-09-03 14:56:36 - [TEST_STEP][PASSED] - sendKeys(findTestObject("V2/PR-369/Edit_Meeting_Rocks/Add_Milestone_Button"), Keys.chord(PAGE_DOWN)): Keys 'PAGE_DOWN + ' sent to object: 'Object Repository/V2/PR-369/Edit_Meeting_Rocks/Add_Milestone_Button'

2020-09-03 14:56:36 - [MESSAGE][PASSED] - Keys 'PAGE_DOWN + ' sent to object: 'Object Repository/V2/PR-369/Edit_Meeting_Rocks/Add_Milestone_Button'

2020-09-03 14:56:36 - [TEST_STEP][PASSED] - click(findTestObject("V2/PR-369/Edit_Meeting_Rocks/Add_Milestone_Button")): Object: 'Object Repository/V2/PR-369/Edit_Meeting_Rocks/Add_Milestone_Button' is clicked on

2020-09-03 14:56:36 - [MESSAGE][PASSED] - Object: 'Object Repository/V2/PR-369/Edit_Meeting_Rocks/Add_Milestone_Button' is clicked on

2020-09-03 14:56:36 - [TEST_STEP][PASSED] - setText(findTestObject("V2/PR-369/Edit_Meeting_Rocks/Milestone_Text_Field"), milestoneName): Text 'Milestone 1' is set on object 'Object Repository/V2/PR-369/Edit_Meeting_Rocks/Milestone_Text_Field'

2020-09-03 14:56:37 - [MESSAGE][PASSED] - Text 'Milestone 1' is set on object 'Object Repository/V2/PR-369/Edit_Meeting_Rocks/Milestone_Text_Field'

2020-09-03 14:56:37 - [TEST_STEP][PASSED] - click(findTestObject("V2/PR-369/Edit_Meeting_Rocks/Milestone_date")): Object: 'Object Repository/V2/PR-369/Edit_Meeting_Rocks/Milestone_date' is clicked on

2020-09-03 14:56:37 - [MESSAGE][PASSED] - Object: 'Object Repository/V2/PR-369/Edit_Meeting_Rocks/Milestone_date' is clicked on

2020-09-03 14:56:37 - [TEST_STEP][PASSED] - waitForElementVisible(findTestObject("V2/PR-369/Edit_Meeting_Scorecard/A_Date29"), DefaultTimeout): Object 'Object Repository/V2/PR-369/Edit_Meeting_Scorecard/A_Date29' is visible

2020-09-03 14:56:37 - [MESSAGE][PASSED] - Object 'Object Repository/V2/PR-369/Edit_Meeting_Scorecard/A_Date29' is visible

2020-09-03 14:56:37 - [TEST_STEP][PASSED] - click(findTestObject("V2/PR-369/Edit_Meeting_Scorecard/A_Date29")): Object: 'Object Repository/V2/PR-369/Edit_Meeting_Scorecard/A_Date29' is clicked on

2020-09-03 14:56:37 - [MESSAGE][PASSED] - Object: 'Object Repository/V2/PR-369/Edit_Meeting_Scorecard/A_Date29' is clicked on

2020-09-03 14:56:37 - [TEST_STEP][PASSED] - click(findTestObject("V2/PR-369/Edit_Meeting_Rocks/Save_Button")): Object: 'Object Repository/V2/PR-369/Edit_Meeting_Rocks/Save_Button' is clicked on

2020-09-03 14:56:37 - [MESSAGE][PASSED] - Object: 'Object Repository/V2/PR-369/Edit_Meeting_Rocks/Save_Button' is clicked on

2020-09-03 14:56:37 - [TEST_STEP][PASSED] - delay(10): Delayed 10 second(s)

2020-09-03 14:56:47 - [MESSAGE][PASSED] - Delayed 10 second(s)

2020-09-03 14:56:47 - [TEST_STEP][PASSED] - verifyRocks = tt_CustomKeywords.CustomKeywords.CreateDynamicElement(verifyRocks_Obj, rockName, "xpath"): Successfully created new dynamic object: //h2[text()='Rocks']/ancestor::div[contains(@class,'CardStyles')]/div[2]//div[@data-test-id='rock.title'][contains(@class,'TextBodyStyles-sc') and text()='QA Edit Meeting Automation Rock Test']

2020-09-03 14:56:47 - [MESSAGE][PASSED] - Successfully created new dynamic object: //h2[text()='Rocks']/ancestor::div[contains(@class,'CardStyles')]/div[2]//div[@data-test-id='rock.title'][contains(@class,'TextBodyStyles-sc') and text()='QA Edit Meeting Automation Rock Test']

2020-09-03 14:56:47 - [TEST_STEP][PASSED] - verifyElementPresent(verifyRocks, DefaultTimeout): Object '' is present

2020-09-03 14:56:47 - [MESSAGE][PASSED] - Object '' is present

2020-09-03 14:56:47 - [TEST_STEP][PASSED] - verifyMilestone = tt_CustomKeywords.CustomKeywords.CreateDynamicElement(verifyMilestone_Obj, milestoneName, "xpath"): Successfully created new dynamic object: //h2[text()='Rocks']/ancestor::div[contains(@class,'CardStyles')]/div[2]//div[contains(@class,'milestoneListItem__name')]/span[text()='Milestone 1']

2020-09-03 14:56:47 - [MESSAGE][PASSED] - Successfully created new dynamic object: //h2[text()='Rocks']/ancestor::div[contains(@class,'CardStyles')]/div[2]//div[contains(@class,'milestoneListItem__name')]/span[text()='Milestone 1']

2020-09-03 14:56:47 - [TEST_STEP][PASSED] - verifyElementPresent(verifyMilestone, DefaultTimeout): Object '' is present

2020-09-03 14:56:47 - [MESSAGE][PASSED] - Object '' is present

2020-09-03 14:56:47 - [TEST_STEP][NOT_RUN] - click(verifyRocks): NOT_RUN: click(verifyRocks)

2020-09-03 14:56:47 - [MESSAGE][NOT_RUN] - NOT_RUN: click(verifyRocks)

2020-09-03 14:56:47 - [TEST_STEP][NOT_RUN] - delay(10): NOT_RUN: delay(10)

2020-09-03 14:56:47 - [MESSAGE][NOT_RUN] - NOT_RUN: delay(10)

2020-09-03 14:56:47 - [TEST_STEP][NOT_RUN] - click(findTestObject("V2/PR-369/UpdateEditMeetingRocks/Edit_Rock_Name")): NOT_RUN: click(findTestObject("V2/PR-369/UpdateEditMeetingRocks/Edit_Rock_Name"))

2020-09-03 14:56:47 - [MESSAGE][NOT_RUN] - NOT_RUN: click(findTestObject("V2/PR-369/UpdateEditMeetingRocks/Edit_Rock_Name"))

2020-09-03 14:56:47 - [TEST_STEP][NOT_RUN] - sendKeys(findTestObject("V2/PR-369/UpdateEditMeetingRocks/Edit_Rock_Name"), Keys.chord(LEFT_CONTROL, "a", BACK_SPACE)): NOT_RUN: sendKeys(findTestObject("V2/PR-369/UpdateEditMeetingRocks/Edit_Rock_Name"), Keys.chord(LEFT_CONTROL, "a", BACK_SPACE))

2020-09-03 14:56:47 - [MESSAGE][NOT_RUN] - NOT_RUN: sendKeys(findTestObject("V2/PR-369/UpdateEditMeetingRocks/Edit_Rock_Name"), Keys.chord(LEFT_CONTROL, "a", BACK_SPACE))

2020-09-03 14:56:47 - [TEST_STEP][NOT_RUN] - setText(findTestObject("V2/PR-369/UpdateEditMeetingRocks/Edit_Rock_Name"), editRockName): NOT_RUN: setText(findTestObject("V2/PR-369/UpdateEditMeetingRocks/Edit_Rock_Name"), editRockName)

2020-09-03 14:56:47 - [MESSAGE][NOT_RUN] - NOT_RUN: setText(findTestObject("V2/PR-369/UpdateEditMeetingRocks/Edit_Rock_Name"), editRockName)

2020-09-03 14:56:47 - [TEST_STEP][NOT_RUN] - click(findTestObject("V2/PR-369/UpdateEditMeetingRocks/Edit_Status_Done")): NOT_RUN: click(findTestObject("V2/PR-369/UpdateEditMeetingRocks/Edit_Status_Done"))

2020-09-03 14:56:47 - [MESSAGE][NOT_RUN] - NOT_RUN: click(findTestObject("V2/PR-369/UpdateEditMeetingRocks/Edit_Status_Done"))

2020-09-03 14:56:47 - [TEST_STEP][NOT_RUN] - click(findTestObject("V2/PR-369/UpdateEditMeetingRocks/Edit_Accountable_Owner")): NOT_RUN: click(findTestObject("V2/PR-369/UpdateEditMeetingRocks/Edit_Accountable_Owner"))

2020-09-03 14:56:47 - [MESSAGE][NOT_RUN] - NOT_RUN: click(findTestObject("V2/PR-369/UpdateEditMeetingRocks/Edit_Accountable_Owner"))

2020-09-03 14:56:47 - [TEST_STEP][NOT_RUN] - editOwner = tt_CustomKeywords.CustomKeywords.CreateDynamicElement(editOwner_Obj, editOwner, "xpath"): NOT_RUN: editOwner = tt_CustomKeywords.CustomKeywords.CreateDynamicElement(editOwner_Obj, editOwner, "xpath")

2020-09-03 14:56:47 - [MESSAGE][NOT_RUN] - NOT_RUN: editOwner = tt_CustomKeywords.CustomKeywords.CreateDynamicElement(editOwner_Obj, editOwner, "xpath")

2020-09-03 14:56:47 - [TEST_STEP][NOT_RUN] - click(editOwner): NOT_RUN: click(editOwner)

2020-09-03 14:56:47 - [MESSAGE][NOT_RUN] - NOT_RUN: click(editOwner)

2020-09-03 14:56:47 - [TEST_STEP][NOT_RUN] - click(findTestObject("V2/PR-369/UpdateEditMeetingRocks/Edit_Visibility_Level")): NOT_RUN: click(findTestObject("V2/PR-369/UpdateEditMeetingRocks/Edit_Visibility_Level"))

2020-09-03 14:56:47 - [MESSAGE][NOT_RUN] - NOT_RUN: click(findTestObject("V2/PR-369/UpdateEditMeetingRocks/Edit_Visibility_Level"))

2020-09-03 14:56:47 - [TEST_STEP][NOT_RUN] - click(findTestObject("V2/PR-369/UpdateEditMeetingRocks/Edit_Visibility_Level_Department")): NOT_RUN: click(findTestObject("V2/PR-369/UpdateEditMeetingRocks/Edit_Visibility_Level_Department"))

2020-09-03 14:56:47 - [MESSAGE][NOT_RUN] - NOT_RUN: click(findTestObject("V2/PR-369/UpdateEditMeetingRocks/Edit_Visibility_Level_Department"))

2020-09-03 14:56:47 - [TEST_STEP][NOT_RUN] - sendKeys(findTestObject("V2/PR-369/UpdateEditMeetingRocks/Edit_Milestone"), Keys.chord(LEFT_CONTROL, "a", BACK_SPACE)): NOT_RUN: sendKeys(findTestObject("V2/PR-369/UpdateEditMeetingRocks/Edit_Milestone"), Keys.chord(LEFT_CONTROL, "a", BACK_SPACE))

2020-09-03 14:56:47 - [MESSAGE][NOT_RUN] - NOT_RUN: sendKeys(findTestObject("V2/PR-369/UpdateEditMeetingRocks/Edit_Milestone"), Keys.chord(LEFT_CONTROL, "a", BACK_SPACE))

2020-09-03 14:56:47 - [TEST_STEP][NOT_RUN] - setText(findTestObject("V2/PR-369/UpdateEditMeetingRocks/Edit_Milestone"), editMilestoneName): NOT_RUN: setText(findTestObject("V2/PR-369/UpdateEditMeetingRocks/Edit_Milestone"), editMilestoneName)

2020-09-03 14:56:47 - [MESSAGE][NOT_RUN] - NOT_RUN: setText(findTestObject("V2/PR-369/UpdateEditMeetingRocks/Edit_Milestone"), editMilestoneName)

2020-09-03 14:56:47 - [TEST_STEP][NOT_RUN] - click(findTestObject("V2/PR-369/UpdateEditMeetingRocks/Done_CheckBox")): NOT_RUN: click(findTestObject("V2/PR-369/UpdateEditMeetingRocks/Done_CheckBox"))

2020-09-03 14:56:47 - [MESSAGE][NOT_RUN] - NOT_RUN: click(findTestObject("V2/PR-369/UpdateEditMeetingRocks/Done_CheckBox"))

2020-09-03 14:56:47 - [TEST_STEP][NOT_RUN] - click(findTestObject("V2/PR-369/UpdateEditMeetingRocks/Update_Button")): NOT_RUN: click(findTestObject("V2/PR-369/UpdateEditMeetingRocks/Update_Button"))

2020-09-03 14:56:47 - [MESSAGE][NOT_RUN] - NOT_RUN: click(findTestObject("V2/PR-369/UpdateEditMeetingRocks/Update_Button"))

2020-09-03 14:56:47 - [TEST_STEP][NOT_RUN] - delay(10): NOT_RUN: delay(10)

2020-09-03 14:56:47 - [MESSAGE][NOT_RUN] - NOT_RUN: delay(10)

2020-09-03 14:56:47 - [TEST_STEP][NOT_RUN] - editverifyRocks = tt_CustomKeywords.CustomKeywords.CreateDynamicElement(verifyRocks_Obj, editRockName, "xpath"): NOT_RUN: editverifyRocks = tt_CustomKeywords.CustomKeywords.CreateDynamicElement(verifyRocks_Obj, editRockName, "xpath")

2020-09-03 14:56:47 - [MESSAGE][NOT_RUN] - NOT_RUN: editverifyRocks = tt_CustomKeywords.CustomKeywords.CreateDynamicElement(verifyRocks_Obj, editRockName, "xpath")

2020-09-03 14:56:47 - [TEST_STEP][NOT_RUN] - verifyElementPresent(editverifyRocks, DefaultTimeout): NOT_RUN: verifyElementPresent(editverifyRocks, DefaultTimeout)

2020-09-03 14:56:47 - [MESSAGE][NOT_RUN] - NOT_RUN: verifyElementPresent(editverifyRocks, DefaultTimeout)

2020-09-03 14:56:47 - [TEST_STEP][NOT_RUN] - editverifyMilestone = tt_CustomKeywords.CustomKeywords.CreateDynamicElement(verifyMilestone_Obj, editMilestoneName, "xpath"): NOT_RUN: editverifyMilestone = tt_CustomKeywords.CustomKeywords.CreateDynamicElement(verifyMilestone_Obj, editMilestoneName, "xpath")

2020-09-03 14:56:47 - [MESSAGE][NOT_RUN] - NOT_RUN: editverifyMilestone = tt_CustomKeywords.CustomKeywords.CreateDynamicElement(verifyMilestone_Obj, editMilestoneName, "xpath")

2020-09-03 14:56:47 - [TEST_STEP][NOT_RUN] - verifyElementPresent(editverifyMilestone, DefaultTimeout): NOT_RUN: verifyElementPresent(editverifyMilestone, DefaultTimeout)

2020-09-03 14:56:47 - [MESSAGE][NOT_RUN] - NOT_RUN: verifyElementPresent(editverifyMilestone, DefaultTimeout)

2020-09-03 14:56:47 - [MESSAGE][PASSED] - Call Test Case 'Test Cases/V2/Test Case/Tests/PR-369 - EditMeetingAgenda/Test Cases/Positive/Admin/PR_369_7_EditMeetingCreateRock_Admin' successfully

2020-09-03 14:56:47 - [TEST_STEP][PASSED] - changeWebDriver(driver2): null

2020-09-03 14:56:47 - [TEST_STEP][PASSED] - callTestCase(findTestCase("V2/Test Case/Pre-conditions/PRE_CreateL10Meeting"), ["meetingName":meetingNameS, "meetingAcronym":meetingAcronym, "meetingType":meetingType, "dropdownOptions_obj":"//div[@id='CREATE_MEETING_L10']//span[text()='%s']/parent::div[@role='option']", ... ], STOP_ON_FAILURE): Call Test Case 'Test Cases/V2/Test Case/Pre-conditions/PRE_CreateL10Meeting' successfully

2020-09-03 14:56:47 - [TEST_CASE][PASSED] - Test Cases/V2/Test Case/Pre-conditions/PRE_CreateL10Meeting: Test Cases/V2/Test Case/Pre-conditions/PRE_CreateL10Meeting

2020-09-03 14:56:47 - [TEST_STEP][PASSED] - click(findTestObject("V2/Commons/DasboardPage_SidebarMenu/MeetingsMenu")): Object: 'Object Repository/V2/Commons/DasboardPage_SidebarMenu/MeetingsMenu' is clicked on

2020-09-03 14:56:47 - [MESSAGE][PASSED] - Object: 'Object Repository/V2/Commons/DasboardPage_SidebarMenu/MeetingsMenu' is clicked on

2020-09-03 14:56:47 - [TEST_STEP][PASSED] - click(findTestObject("Object Repository/V2/Commons/MeetingListPage/div_Create a meeting")): Object: 'Object Repository/V2/Commons/MeetingListPage/div_Create a meeting' is clicked on

2020-09-03 14:56:48 - [MESSAGE][PASSED] - Object: 'Object Repository/V2/Commons/MeetingListPage/div_Create a meeting' is clicked on

2020-09-03 14:56:48 - [TEST_STEP][PASSED] - click(findTestObject("Object Repository/V2/Commons/MeetingListPage/button_Level 10")): Object: 'Object Repository/V2/Commons/MeetingListPage/button_Level 10' is clicked on

2020-09-03 14:56:48 - [MESSAGE][PASSED] - Object: 'Object Repository/V2/Commons/MeetingListPage/button_Level 10' is clicked on

2020-09-03 14:56:48 - [TEST_STEP][PASSED] - waitForElementVisible(findTestObject("V2/Commons/CreateL10MeetingDrawer/input__name"), DefaultTimeout): Object 'Object Repository/V2/Commons/CreateL10MeetingDrawer/input__name' is visible

2020-09-03 14:56:48 - [MESSAGE][PASSED] - Object 'Object Repository/V2/Commons/CreateL10MeetingDrawer/input__name' is visible

2020-09-03 14:56:48 - [TEST_STEP][PASSED] - setText(findTestObject("V2/Commons/CreateL10MeetingDrawer/input__name"), meetingName): Text 'Meeting Supervisor' is set on object 'Object Repository/V2/Commons/CreateL10MeetingDrawer/input__name'

2020-09-03 14:56:48 - [MESSAGE][PASSED] - Text 'Meeting Supervisor' is set on object 'Object Repository/V2/Commons/CreateL10MeetingDrawer/input__name'

2020-09-03 14:56:48 - [TEST_STEP][PASSED] - setText(findTestObject("V2/Commons/CreateL10MeetingDrawer/input__acronym"), meetingAcronym): Text 'CL10' is set on object 'Object Repository/V2/Commons/CreateL10MeetingDrawer/input__acronym'

2020-09-03 14:56:48 - [MESSAGE][PASSED] - Text 'CL10' is set on object 'Object Repository/V2/Commons/CreateL10MeetingDrawer/input__acronym'

2020-09-03 14:56:48 - [TEST_STEP][PASSED] - click(findTestObject("V2/Commons/CreateL10MeetingDrawer/input__typeOfMeeting")): Object: 'Object Repository/V2/Commons/CreateL10MeetingDrawer/input__typeOfMeeting' is clicked on

2020-09-03 14:56:49 - [MESSAGE][PASSED] - Object: 'Object Repository/V2/Commons/CreateL10MeetingDrawer/input__typeOfMeeting' is clicked on

2020-09-03 14:56:49 - [TEST_STEP][PASSED] - meetingTypeOption_Obj = tt_CustomKeywords.CustomKeywords.CreateDynamicElement(dropdownOptions_obj, meetingType, "xpath"): Successfully created new dynamic object: //div[@id='CREATE_MEETING_L10']//span[text()='Leadership']/parent::div[@role='option']

2020-09-03 14:56:49 - [MESSAGE][PASSED] - Successfully created new dynamic object: //div[@id='CREATE_MEETING_L10']//span[text()='Leadership']/parent::div[@role='option']

2020-09-03 14:56:49 - [TEST_STEP][PASSED] - click(meetingTypeOption_Obj): Object: '' is clicked on

2020-09-03 14:56:49 - [MESSAGE][PASSED] - Object: '' is clicked on

2020-09-03 14:56:49 - [TEST_STEP][PASSED] - click(findTestObject("V2/Commons/CreateL10MeetingDrawer/div_dayOfMeetingDropdownList")): Object: 'Object Repository/V2/Commons/CreateL10MeetingDrawer/div_dayOfMeetingDropdownList' is clicked on

2020-09-03 14:56:49 - [MESSAGE][PASSED] - Object: 'Object Repository/V2/Commons/CreateL10MeetingDrawer/div_dayOfMeetingDropdownList' is clicked on

2020-09-03 14:56:49 - [TEST_STEP][PASSED] - dayOfMeetingOption_Obj = tt_CustomKeywords.CustomKeywords.CreateDynamicElement(dropdownOptions_obj, dayOfMeeting, "xpath"): Successfully created new dynamic object: //div[@id='CREATE_MEETING_L10']//span[text()='Monday']/parent::div[@role='option']

2020-09-03 14:56:49 - [MESSAGE][PASSED] - Successfully created new dynamic object: //div[@id='CREATE_MEETING_L10']//span[text()='Monday']/parent::div[@role='option']

2020-09-03 14:56:49 - [TEST_STEP][PASSED] - click(dayOfMeetingOption_Obj): Object: '' is clicked on

2020-09-03 14:56:49 - [MESSAGE][PASSED] - Object: '' is clicked on

2020-09-03 14:56:49 - [TEST_STEP][PASSED] - click(findTestObject("V2/Commons/CreateL10MeetingDrawer/input_meetingTime")): Object: 'Object Repository/V2/Commons/CreateL10MeetingDrawer/input_meetingTime' is clicked on

2020-09-03 14:56:49 - [MESSAGE][PASSED] - Object: 'Object Repository/V2/Commons/CreateL10MeetingDrawer/input_meetingTime' is clicked on

2020-09-03 14:56:49 - [TEST_STEP][PASSED] - setText(findTestObject("V2/Commons/CreateL10MeetingDrawer/input_meetingTime"), meetingTime): Text '12:00' is set on object 'Object Repository/V2/Commons/CreateL10MeetingDrawer/input_meetingTime'

2020-09-03 14:56:49 - [MESSAGE][PASSED] - Text '12:00' is set on object 'Object Repository/V2/Commons/CreateL10MeetingDrawer/input_meetingTime'

2020-09-03 14:56:49 - [TEST_STEP][PASSED] - sendKeys(findTestObject("V2/Commons/CreateL10MeetingDrawer/input_meetingTime"), Keys.chord(TAB)): Keys 'TAB + ' sent to object: 'Object Repository/V2/Commons/CreateL10MeetingDrawer/input_meetingTime'

2020-09-03 14:56:49 - [MESSAGE][PASSED] - Keys 'TAB + ' sent to object: 'Object Repository/V2/Commons/CreateL10MeetingDrawer/input_meetingTime'

2020-09-03 14:56:49 - [TEST_STEP][PASSED] - click(findTestObject("V2/Commons/CreateL10MeetingDrawer/div_Create Meeting")): Object: 'Object Repository/V2/Commons/CreateL10MeetingDrawer/div_Create Meeting' is clicked on

2020-09-03 14:56:49 - [MESSAGE][PASSED] - Object: 'Object Repository/V2/Commons/CreateL10MeetingDrawer/div_Create Meeting' is clicked on

2020-09-03 14:56:49 - [TEST_STEP][PASSED] - waitForElementVisible(findTestObject("Object Repository/V2/Commons/MeetingListPage/div_Ill do this later"), DefaultTimeout): Object 'Object Repository/V2/Commons/MeetingListPage/div_Ill do this later' is visible

2020-09-03 14:57:22 - [MESSAGE][PASSED] - Object 'Object Repository/V2/Commons/MeetingListPage/div_Ill do this later' is visible

2020-09-03 14:57:22 - [TEST_STEP][PASSED] - verifyElementVisible(findTestObject("Object Repository/V2/Commons/MeetingListPage/div_Ill do this later"), STOP_ON_FAILURE): Object 'Object Repository/V2/Commons/MeetingListPage/div_Ill do this later' is visible

2020-09-03 14:57:22 - [MESSAGE][PASSED] - Object 'Object Repository/V2/Commons/MeetingListPage/div_Ill do this later' is visible

2020-09-03 14:57:22 - [TEST_STEP][PASSED] - click(findTestObject("Object Repository/V2/Commons/MeetingListPage/div_Ill do this later")): Object: 'Object Repository/V2/Commons/MeetingListPage/div_Ill do this later' is clicked on

2020-09-03 14:57:22 - [MESSAGE][PASSED] - Object: 'Object Repository/V2/Commons/MeetingListPage/div_Ill do this later' is clicked on

2020-09-03 14:57:22 - [TEST_STEP][PASSED] - meetingRecordObj = tt_CustomKeywords.CustomKeywords.CreateDynamicElement(meetingRecord_obj, meetingName, "xpath"): Successfully created new dynamic object: //div[@class='detailscontainer__block item']/h4[text()='Meeting Supervisor']

2020-09-03 14:57:22 - [MESSAGE][PASSED] - Successfully created new dynamic object: //div[@class='detailscontainer__block item']/h4[text()='Meeting Supervisor']

2020-09-03 14:57:22 - [TEST_STEP][PASSED] - verifyElementPresent(meetingRecordObj, DefaultTimeout): Object '' is present

2020-09-03 14:57:22 - [MESSAGE][PASSED] - Object '' is present

2020-09-03 14:57:22 - [MESSAGE][PASSED] - Call Test Case 'Test Cases/V2/Test Case/Pre-conditions/PRE_CreateL10Meeting' successfully

2020-09-03 14:57:22 - [TEST_STEP][PASSED] - callTestCase(findTestCase("V2/Test Case/Tests/PR-369 - EditMeetingAgenda/Test Cases/Positive/Supervisor/PR_369_7_EditMeetingCreateRock_Supervisor"), ["userName":"jeff+075@mytractiontools.com", "passWord":"Skyline69A*", "meetingRowPosition":"3", "editMeetingMenu_Obj":"//div[@id='root']/div/div[2]/div/div/div/div[2]/div/div[%s]/div[3]/button/i", ... ], STOP_ON_FAILURE): Call Test Case 'Test Cases/V2/Test Case/Tests/PR-369 - EditMeetingAgenda/Test Cases/Positive/Supervisor/PR_369_7_EditMeetingCreateRock_Supervisor' successfully

2020-09-03 14:57:22 - [TEST_CASE][PASSED] - Test Cases/V2/Test Case/Tests/PR-369 - EditMeetingAgenda/Test Cases/Positive/Supervisor/PR_369_7_EditMeetingCreateRock_Supervisor: Test Cases/V2/Test Case/Tests/PR-369 - EditMeetingAgenda/Test Cases/Positive/Supervisor/PR_369_7_EditMeetingCreateRock_Supervisor

2020-09-03 14:57:22 - [TEST_STEP][NOT_RUN] - openBrowser(""): NOT_RUN: openBrowser("")

2020-09-03 14:57:22 - [MESSAGE][NOT_RUN] - NOT_RUN: openBrowser("")

2020-09-03 14:57:22 - [TEST_STEP][NOT_RUN] - maximizeWindow(): NOT_RUN: maximizeWindow()

2020-09-03 14:57:22 - [MESSAGE][NOT_RUN] - NOT_RUN: maximizeWindow()

2020-09-03 14:57:22 - [TEST_STEP][NOT_RUN] - navigateToUrl(V2Url): NOT_RUN: navigateToUrl(V2Url)

2020-09-03 14:57:22 - [MESSAGE][NOT_RUN] - NOT_RUN: navigateToUrl(V2Url)

2020-09-03 14:57:22 - [TEST_STEP][NOT_RUN] - setText(findTestObject("V2/PR-369/Page_Login/userName_Field"), "tractiontools.user001+ta58jzbl@gmail.com"): NOT_RUN: setText(findTestObject("V2/PR-369/Page_Login/userName_Field"), "tractiontools.user001+ta58jzbl@gmail.com")

2020-09-03 14:57:22 - [MESSAGE][NOT_RUN] - NOT_RUN: setText(findTestObject("V2/PR-369/Page_Login/userName_Field"), "tractiontools.user001+ta58jzbl@gmail.com")

2020-09-03 14:57:22 - [TEST_STEP][NOT_RUN] - setText(findTestObject("V2/PR-369/Page_Login/passWord_Field"), "Qwer123!"): NOT_RUN: setText(findTestObject("V2/PR-369/Page_Login/passWord_Field"), "Qwer123!")

2020-09-03 14:57:22 - [MESSAGE][NOT_RUN] - NOT_RUN: setText(findTestObject("V2/PR-369/Page_Login/passWord_Field"), "Qwer123!")

2020-09-03 14:57:22 - [TEST_STEP][NOT_RUN] - click(findTestObject("V2/PR-369/Page_Login/Login_Button")): NOT_RUN: click(findTestObject("V2/PR-369/Page_Login/Login_Button"))

2020-09-03 14:57:22 - [MESSAGE][NOT_RUN] - NOT_RUN: click(findTestObject("V2/PR-369/Page_Login/Login_Button"))

2020-09-03 14:57:22 - [TEST_STEP][PASSED] - waitForElementVisible(findTestObject("V2/Commons/DasboardPage_SidebarMenu/MeetingsMenu"), DefaultTimeout): Object 'Object Repository/V2/Commons/DasboardPage_SidebarMenu/MeetingsMenu' is visible

2020-09-03 14:57:22 - [MESSAGE][PASSED] - Object 'Object Repository/V2/Commons/DasboardPage_SidebarMenu/MeetingsMenu' is visible

2020-09-03 14:57:22 - [TEST_STEP][PASSED] - click(findTestObject("V2/Commons/DasboardPage_SidebarMenu/MeetingsMenu")): Object: 'Object Repository/V2/Commons/DasboardPage_SidebarMenu/MeetingsMenu' is clicked on

2020-09-03 14:57:23 - [MESSAGE][PASSED] - Object: 'Object Repository/V2/Commons/DasboardPage_SidebarMenu/MeetingsMenu' is clicked on

2020-09-03 14:57:23 - [TEST_STEP][PASSED] - meetingOpt_Obj = tt_CustomKeywords.CustomKeywords.CreateDynamicElement(meetingOptions_obj, meetingName, "xpath"): Successfully created new dynamic object: //h4[text()='Meeting Supervisor']/ancestor::div[contains(@class,'ListContainer')]/div[@class='listcontainer__options']/button

2020-09-03 14:57:23 - [MESSAGE][PASSED] - Successfully created new dynamic object: //h4[text()='Meeting Supervisor']/ancestor::div[contains(@class,'ListContainer')]/div[@class='listcontainer__options']/button

2020-09-03 14:57:23 - [TEST_STEP][PASSED] - waitForElementVisible(meetingOpt_Obj, DefaultTimeout): Object '' is visible

2020-09-03 14:57:23 - [MESSAGE][PASSED] - Object '' is visible

2020-09-03 14:57:23 - [TEST_STEP][PASSED] - click(meetingOpt_Obj): Object: '' is clicked on

2020-09-03 14:57:23 - [MESSAGE][PASSED] - Object: '' is clicked on

2020-09-03 14:57:23 - [TEST_STEP][PASSED] - click(findTestObject("V2/Commons/MeetingListPage/a_Edit meeting")): Object: 'Object Repository/V2/Commons/MeetingListPage/a_Edit meeting' is clicked on

2020-09-03 14:57:23 - [MESSAGE][PASSED] - Object: 'Object Repository/V2/Commons/MeetingListPage/a_Edit meeting' is clicked on

2020-09-03 14:57:23 - [TEST_STEP][PASSED] - waitForElementVisible(findTestObject("V2/PR-369/Edit_Meeting_Rocks/Rocks_Menu"), DefaultTimeout): Object 'Object Repository/V2/PR-369/Edit_Meeting_Rocks/Rocks_Menu' is visible

2020-09-03 14:57:24 - [MESSAGE][PASSED] - Object 'Object Repository/V2/PR-369/Edit_Meeting_Rocks/Rocks_Menu' is visible

2020-09-03 14:57:24 - [TEST_STEP][PASSED] - click(findTestObject("V2/PR-369/Edit_Meeting_Rocks/Rocks_Menu")): Object: 'Object Repository/V2/PR-369/Edit_Meeting_Rocks/Rocks_Menu' is clicked on

2020-09-03 14:57:24 - [MESSAGE][PASSED] - Object: 'Object Repository/V2/PR-369/Edit_Meeting_Rocks/Rocks_Menu' is clicked on

2020-09-03 14:57:24 - [TEST_STEP][PASSED] - click(findTestObject("V2/PR-369/Edit_Meeting_Rocks/CreateRocksButton")): Object: 'Object Repository/V2/PR-369/Edit_Meeting_Rocks/CreateRocksButton' is clicked on

2020-09-03 14:57:24 - [MESSAGE][PASSED] - Object: 'Object Repository/V2/PR-369/Edit_Meeting_Rocks/CreateRocksButton' is clicked on

2020-09-03 14:57:24 - [TEST_STEP][PASSED] - click(findTestObject("V2/PR-369/Edit_Meeting_Rocks/Create_New_Rocks")): Object: 'Object Repository/V2/PR-369/Edit_Meeting_Rocks/Create_New_Rocks' is clicked on

2020-09-03 14:57:24 - [MESSAGE][PASSED] - Object: 'Object Repository/V2/PR-369/Edit_Meeting_Rocks/Create_New_Rocks' is clicked on

2020-09-03 14:57:24 - [TEST_STEP][PASSED] - waitForElementVisible(findTestObject("V2/PR-369/Edit_Meeting_Rocks/Rock_Name_Title"), DefaultTimeout): Object 'Object Repository/V2/PR-369/Edit_Meeting_Rocks/Rock_Name_Title' is visible

2020-09-03 14:57:24 - [MESSAGE][PASSED] - Object 'Object Repository/V2/PR-369/Edit_Meeting_Rocks/Rock_Name_Title' is visible

2020-09-03 14:57:24 - [TEST_STEP][PASSED] - setText(findTestObject("V2/PR-369/Edit_Meeting_Rocks/Rock_Name_Title"), rockName): Text 'QA Edit Meeting Automation Rock Test' is set on object 'Object Repository/V2/PR-369/Edit_Meeting_Rocks/Rock_Name_Title'

2020-09-03 14:57:25 - [MESSAGE][PASSED] - Text 'QA Edit Meeting Automation Rock Test' is set on object 'Object Repository/V2/PR-369/Edit_Meeting_Rocks/Rock_Name_Title'

2020-09-03 14:57:25 - [TEST_STEP][PASSED] - click(findTestObject("V2/PR-369/Edit_Meeting_Rocks/Status_OffTrack_Rock")): Object: 'Object Repository/V2/PR-369/Edit_Meeting_Rocks/Status_OffTrack_Rock' is clicked on

2020-09-03 14:57:25 - [MESSAGE][PASSED] - Object: 'Object Repository/V2/PR-369/Edit_Meeting_Rocks/Status_OffTrack_Rock' is clicked on

2020-09-03 14:57:25 - [TEST_STEP][PASSED] - click(findTestObject("V2/PR-369/Edit_Meeting_Rocks/Accountable_Owner_Field")): Object: 'Object Repository/V2/PR-369/Edit_Meeting_Rocks/Accountable_Owner_Field' is clicked on

2020-09-03 14:57:25 - [MESSAGE][PASSED] - Object: 'Object Repository/V2/PR-369/Edit_Meeting_Rocks/Accountable_Owner_Field' is clicked on

2020-09-03 14:57:25 - [TEST_STEP][PASSED] - accountableOwner = tt_CustomKeywords.CustomKeywords.CreateDynamicElement(owner_Obj, ownerSelected, "xpath"): Successfully created new dynamic object: //div[@data-test-id='createRock']//div[@role='listbox'][@class='visible menu transition']/div[@role='option'][contains(@class,'item')]/span[text()='Admin User']

2020-09-03 14:57:25 - [MESSAGE][PASSED] - Successfully created new dynamic object: //div[@data-test-id='createRock']//div[@role='listbox'][@class='visible menu transition']/div[@role='option'][contains(@class,'item')]/span[text()='Admin User']

2020-09-03 14:57:25 - [TEST_STEP][PASSED] - click(accountableOwner): Object: '' is clicked on

2020-09-03 14:57:25 - [MESSAGE][PASSED] - Object: '' is clicked on

2020-09-03 14:57:25 - [TEST_STEP][PASSED] - click(findTestObject("V2/PR-369/Edit_Meeting_Rocks/Visibility_Level_Field")): Object: 'Object Repository/V2/PR-369/Edit_Meeting_Rocks/Visibility_Level_Field' is clicked on

2020-09-03 14:57:25 - [MESSAGE][PASSED] - Object: 'Object Repository/V2/PR-369/Edit_Meeting_Rocks/Visibility_Level_Field' is clicked on

2020-09-03 14:57:25 - [TEST_STEP][PASSED] - click(findTestObject("V2/PR-369/Edit_Meeting_Rocks/Visibility_Level_Company")): Object: 'Object Repository/V2/PR-369/Edit_Meeting_Rocks/Visibility_Level_Company' is clicked on

2020-09-03 14:57:25 - [MESSAGE][PASSED] - Object: 'Object Repository/V2/PR-369/Edit_Meeting_Rocks/Visibility_Level_Company' is clicked on

2020-09-03 14:57:25 - [TEST_STEP][PASSED] - click(findTestObject("V2/PR-369/Edit_Meeting_Rocks/Rocks_Due_Date_Field")): Object: 'Object Repository/V2/PR-369/Edit_Meeting_Rocks/Rocks_Due_Date_Field' is clicked on

2020-09-03 14:57:25 - [MESSAGE][PASSED] - Object: 'Object Repository/V2/PR-369/Edit_Meeting_Rocks/Rocks_Due_Date_Field' is clicked on

2020-09-03 14:57:25 - [TEST_STEP][PASSED] - waitForElementVisible(findTestObject("V2/PR-369/Edit_Meeting_Scorecard/A_Date29"), DefaultTimeout): Object 'Object Repository/V2/PR-369/Edit_Meeting_Scorecard/A_Date29' is visible

2020-09-03 14:57:25 - [MESSAGE][PASSED] - Object 'Object Repository/V2/PR-369/Edit_Meeting_Scorecard/A_Date29' is visible

2020-09-03 14:57:25 - [TEST_STEP][PASSED] - click(findTestObject("V2/PR-369/Edit_Meeting_Scorecard/A_Date29")): Object: 'Object Repository/V2/PR-369/Edit_Meeting_Scorecard/A_Date29' is clicked on

2020-09-03 14:57:25 - [MESSAGE][PASSED] - Object: 'Object Repository/V2/PR-369/Edit_Meeting_Scorecard/A_Date29' is clicked on

2020-09-03 14:57:25 - [TEST_STEP][PASSED] - verifyElementVisible(findTestObject("V2/PR-369/Edit_Meeting_Rocks/Verify_Notes_Section")): Object 'Object Repository/V2/PR-369/Edit_Meeting_Rocks/Verify_Notes_Section' is visible

2020-09-03 14:57:25 - [MESSAGE][PASSED] - Object 'Object Repository/V2/PR-369/Edit_Meeting_Rocks/Verify_Notes_Section' is visible

2020-09-03 14:57:25 - [TEST_STEP][PASSED] - setText(findTestObject("V2/PR-369/Edit_Meeting_Rocks/Notes_Comments"), Notes): Text 'Sample Notes' is set on object 'Object Repository/V2/PR-369/Edit_Meeting_Rocks/Notes_Comments'

2020-09-03 14:57:36 - [MESSAGE][PASSED] - Text 'Sample Notes' is set on object 'Object Repository/V2/PR-369/Edit_Meeting_Rocks/Notes_Comments'

2020-09-03 14:57:36 - [TEST_STEP][PASSED] - sendKeys(findTestObject("V2/PR-369/Edit_Meeting_Rocks/Add_Milestone_Button"), Keys.chord(PAGE_DOWN)): Keys 'PAGE_DOWN + ' sent to object: 'Object Repository/V2/PR-369/Edit_Meeting_Rocks/Add_Milestone_Button'

2020-09-03 14:57:36 - [MESSAGE][PASSED] - Keys 'PAGE_DOWN + ' sent to object: 'Object Repository/V2/PR-369/Edit_Meeting_Rocks/Add_Milestone_Button'

2020-09-03 14:57:36 - [TEST_STEP][PASSED] - click(findTestObject("V2/PR-369/Edit_Meeting_Rocks/Add_Milestone_Button")): Object: 'Object Repository/V2/PR-369/Edit_Meeting_Rocks/Add_Milestone_Button' is clicked on

2020-09-03 14:57:36 - [MESSAGE][PASSED] - Object: 'Object Repository/V2/PR-369/Edit_Meeting_Rocks/Add_Milestone_Button' is clicked on

2020-09-03 14:57:36 - [TEST_STEP][PASSED] - setText(findTestObject("V2/PR-369/Edit_Meeting_Rocks/Milestone_Text_Field"), milestoneName): Text 'Milestone 1' is set on object 'Object Repository/V2/PR-369/Edit_Meeting_Rocks/Milestone_Text_Field'

2020-09-03 14:57:37 - [MESSAGE][PASSED] - Text 'Milestone 1' is set on object 'Object Repository/V2/PR-369/Edit_Meeting_Rocks/Milestone_Text_Field'

2020-09-03 14:57:37 - [TEST_STEP][PASSED] - click(findTestObject("V2/PR-369/Edit_Meeting_Rocks/Milestone_date")): Object: 'Object Repository/V2/PR-369/Edit_Meeting_Rocks/Milestone_date' is clicked on

2020-09-03 14:57:37 - [MESSAGE][PASSED] - Object: 'Object Repository/V2/PR-369/Edit_Meeting_Rocks/Milestone_date' is clicked on

2020-09-03 14:57:37 - [TEST_STEP][PASSED] - waitForElementVisible(findTestObject("V2/PR-369/Edit_Meeting_Scorecard/A_Date29"), DefaultTimeout): Object 'Object Repository/V2/PR-369/Edit_Meeting_Scorecard/A_Date29' is visible

2020-09-03 14:57:37 - [MESSAGE][PASSED] - Object 'Object Repository/V2/PR-369/Edit_Meeting_Scorecard/A_Date29' is visible

2020-09-03 14:57:37 - [TEST_STEP][PASSED] - click(findTestObject("V2/PR-369/Edit_Meeting_Scorecard/A_Date29")): Object: 'Object Repository/V2/PR-369/Edit_Meeting_Scorecard/A_Date29' is clicked on

2020-09-03 14:57:37 - [MESSAGE][PASSED] - Object: 'Object Repository/V2/PR-369/Edit_Meeting_Scorecard/A_Date29' is clicked on

2020-09-03 14:57:37 - [TEST_STEP][PASSED] - click(findTestObject("V2/PR-369/Edit_Meeting_Rocks/Save_Button")): Object: 'Object Repository/V2/PR-369/Edit_Meeting_Rocks/Save_Button' is clicked on

2020-09-03 14:57:37 - [MESSAGE][PASSED] - Object: 'Object Repository/V2/PR-369/Edit_Meeting_Rocks/Save_Button' is clicked on

2020-09-03 14:57:37 - [TEST_STEP][PASSED] - delay(10): Delayed 10 second(s)

2020-09-03 14:57:47 - [MESSAGE][PASSED] - Delayed 10 second(s)

2020-09-03 14:57:47 - [TEST_STEP][PASSED] - verifyRocks = tt_CustomKeywords.CustomKeywords.CreateDynamicElement(verifyRocks_Obj, rockName, "xpath"): Successfully created new dynamic object: //h2[text()='Rocks']/ancestor::div[contains(@class,'CardStyles')]/div[2]//div[@data-test-id='rock.title'][contains(@class,'TextBodyStyles-sc') and text()='QA Edit Meeting Automation Rock Test']

2020-09-03 14:57:47 - [MESSAGE][PASSED] - Successfully created new dynamic object: //h2[text()='Rocks']/ancestor::div[contains(@class,'CardStyles')]/div[2]//div[@data-test-id='rock.title'][contains(@class,'TextBodyStyles-sc') and text()='QA Edit Meeting Automation Rock Test']

2020-09-03 14:57:47 - [TEST_STEP][PASSED] - verifyElementPresent(verifyRocks, DefaultTimeout): Object '' is present

2020-09-03 14:57:48 - [MESSAGE][PASSED] - Object '' is present

2020-09-03 14:57:48 - [TEST_STEP][PASSED] - verifyMilestone = tt_CustomKeywords.CustomKeywords.CreateDynamicElement(verifyMilestone_Obj, milestoneName, "xpath"): Successfully created new dynamic object: //h2[text()='Rocks']/ancestor::div[contains(@class,'CardStyles')]/div[2]//div[contains(@class,'milestoneListItem__name')]/span[text()='Milestone 1']

2020-09-03 14:57:48 - [MESSAGE][PASSED] - Successfully created new dynamic object: //h2[text()='Rocks']/ancestor::div[contains(@class,'CardStyles')]/div[2]//div[contains(@class,'milestoneListItem__name')]/span[text()='Milestone 1']

2020-09-03 14:57:48 - [TEST_STEP][PASSED] - verifyElementPresent(verifyMilestone, DefaultTimeout): Object '' is present

2020-09-03 14:57:48 - [MESSAGE][PASSED] - Object '' is present

2020-09-03 14:57:48 - [TEST_STEP][NOT_RUN] - click(verifyRocks): NOT_RUN: click(verifyRocks)

2020-09-03 14:57:48 - [MESSAGE][NOT_RUN] - NOT_RUN: click(verifyRocks)

2020-09-03 14:57:48 - [TEST_STEP][NOT_RUN] - delay(10): NOT_RUN: delay(10)

2020-09-03 14:57:48 - [MESSAGE][NOT_RUN] - NOT_RUN: delay(10)

2020-09-03 14:57:48 - [TEST_STEP][NOT_RUN] - click(findTestObject("V2/PR-369/UpdateEditMeetingRocks/Edit_Rock_Name")): NOT_RUN: click(findTestObject("V2/PR-369/UpdateEditMeetingRocks/Edit_Rock_Name"))

2020-09-03 14:57:48 - [MESSAGE][NOT_RUN] - NOT_RUN: click(findTestObject("V2/PR-369/UpdateEditMeetingRocks/Edit_Rock_Name"))

2020-09-03 14:57:48 - [TEST_STEP][NOT_RUN] - sendKeys(findTestObject("V2/PR-369/UpdateEditMeetingRocks/Edit_Rock_Name"), Keys.chord(LEFT_CONTROL, "a", BACK_SPACE)): NOT_RUN: sendKeys(findTestObject("V2/PR-369/UpdateEditMeetingRocks/Edit_Rock_Name"), Keys.chord(LEFT_CONTROL, "a", BACK_SPACE))

2020-09-03 14:57:48 - [MESSAGE][NOT_RUN] - NOT_RUN: sendKeys(findTestObject("V2/PR-369/UpdateEditMeetingRocks/Edit_Rock_Name"), Keys.chord(LEFT_CONTROL, "a", BACK_SPACE))

2020-09-03 14:57:48 - [TEST_STEP][NOT_RUN] - setText(findTestObject("V2/PR-369/UpdateEditMeetingRocks/Edit_Rock_Name"), editRockName): NOT_RUN: setText(findTestObject("V2/PR-369/UpdateEditMeetingRocks/Edit_Rock_Name"), editRockName)

2020-09-03 14:57:48 - [MESSAGE][NOT_RUN] - NOT_RUN: setText(findTestObject("V2/PR-369/UpdateEditMeetingRocks/Edit_Rock_Name"), editRockName)

2020-09-03 14:57:48 - [TEST_STEP][NOT_RUN] - click(findTestObject("V2/PR-369/UpdateEditMeetingRocks/Edit_Status_Done")): NOT_RUN: click(findTestObject("V2/PR-369/UpdateEditMeetingRocks/Edit_Status_Done"))

2020-09-03 14:57:48 - [MESSAGE][NOT_RUN] - NOT_RUN: click(findTestObject("V2/PR-369/UpdateEditMeetingRocks/Edit_Status_Done"))

2020-09-03 14:57:48 - [TEST_STEP][NOT_RUN] - click(findTestObject("V2/PR-369/UpdateEditMeetingRocks/Edit_Accountable_Owner")): NOT_RUN: click(findTestObject("V2/PR-369/UpdateEditMeetingRocks/Edit_Accountable_Owner"))

2020-09-03 14:57:48 - [MESSAGE][NOT_RUN] - NOT_RUN: click(findTestObject("V2/PR-369/UpdateEditMeetingRocks/Edit_Accountable_Owner"))

2020-09-03 14:57:48 - [TEST_STEP][NOT_RUN] - editOwner = tt_CustomKeywords.CustomKeywords.CreateDynamicElement(editOwner_Obj, editOwner, "xpath"): NOT_RUN: editOwner = tt_CustomKeywords.CustomKeywords.CreateDynamicElement(editOwner_Obj, editOwner, "xpath")

2020-09-03 14:57:48 - [MESSAGE][NOT_RUN] - NOT_RUN: editOwner = tt_CustomKeywords.CustomKeywords.CreateDynamicElement(editOwner_Obj, editOwner, "xpath")

2020-09-03 14:57:48 - [TEST_STEP][NOT_RUN] - click(editOwner): NOT_RUN: click(editOwner)

2020-09-03 14:57:48 - [MESSAGE][NOT_RUN] - NOT_RUN: click(editOwner)

2020-09-03 14:57:48 - [TEST_STEP][NOT_RUN] - click(findTestObject("V2/PR-369/UpdateEditMeetingRocks/Edit_Visibility_Level")): NOT_RUN: click(findTestObject("V2/PR-369/UpdateEditMeetingRocks/Edit_Visibility_Level"))

2020-09-03 14:57:48 - [MESSAGE][NOT_RUN] - NOT_RUN: click(findTestObject("V2/PR-369/UpdateEditMeetingRocks/Edit_Visibility_Level"))

2020-09-03 14:57:48 - [TEST_STEP][NOT_RUN] - click(findTestObject("V2/PR-369/UpdateEditMeetingRocks/Edit_Visibility_Level_Department")): NOT_RUN: click(findTestObject("V2/PR-369/UpdateEditMeetingRocks/Edit_Visibility_Level_Department"))

2020-09-03 14:57:48 - [MESSAGE][NOT_RUN] - NOT_RUN: click(findTestObject("V2/PR-369/UpdateEditMeetingRocks/Edit_Visibility_Level_Department"))

2020-09-03 14:57:48 - [TEST_STEP][NOT_RUN] - sendKeys(findTestObject("V2/PR-369/UpdateEditMeetingRocks/Edit_Milestone"), Keys.chord(LEFT_CONTROL, "a", BACK_SPACE)): NOT_RUN: sendKeys(findTestObject("V2/PR-369/UpdateEditMeetingRocks/Edit_Milestone"), Keys.chord(LEFT_CONTROL, "a", BACK_SPACE))

2020-09-03 14:57:48 - [MESSAGE][NOT_RUN] - NOT_RUN: sendKeys(findTestObject("V2/PR-369/UpdateEditMeetingRocks/Edit_Milestone"), Keys.chord(LEFT_CONTROL, "a", BACK_SPACE))

2020-09-03 14:57:48 - [TEST_STEP][NOT_RUN] - setText(findTestObject("V2/PR-369/UpdateEditMeetingRocks/Edit_Milestone"), editMilestoneName): NOT_RUN: setText(findTestObject("V2/PR-369/UpdateEditMeetingRocks/Edit_Milestone"), editMilestoneName)

2020-09-03 14:57:48 - [MESSAGE][NOT_RUN] - NOT_RUN: setText(findTestObject("V2/PR-369/UpdateEditMeetingRocks/Edit_Milestone"), editMilestoneName)

2020-09-03 14:57:48 - [TEST_STEP][NOT_RUN] - click(findTestObject("V2/PR-369/UpdateEditMeetingRocks/Done_CheckBox")): NOT_RUN: click(findTestObject("V2/PR-369/UpdateEditMeetingRocks/Done_CheckBox"))

2020-09-03 14:57:48 - [MESSAGE][NOT_RUN] - NOT_RUN: click(findTestObject("V2/PR-369/UpdateEditMeetingRocks/Done_CheckBox"))

2020-09-03 14:57:48 - [TEST_STEP][NOT_RUN] - click(findTestObject("V2/PR-369/UpdateEditMeetingRocks/Update_Button")): NOT_RUN: click(findTestObject("V2/PR-369/UpdateEditMeetingRocks/Update_Button"))

2020-09-03 14:57:48 - [MESSAGE][NOT_RUN] - NOT_RUN: click(findTestObject("V2/PR-369/UpdateEditMeetingRocks/Update_Button"))

2020-09-03 14:57:48 - [TEST_STEP][NOT_RUN] - delay(10): NOT_RUN: delay(10)

2020-09-03 14:57:48 - [MESSAGE][NOT_RUN] - NOT_RUN: delay(10)

2020-09-03 14:57:48 - [TEST_STEP][NOT_RUN] - editverifyRocks = tt_CustomKeywords.CustomKeywords.CreateDynamicElement(verifyRocks_Obj, editRockName, "xpath"): NOT_RUN: editverifyRocks = tt_CustomKeywords.CustomKeywords.CreateDynamicElement(verifyRocks_Obj, editRockName, "xpath")

2020-09-03 14:57:48 - [MESSAGE][NOT_RUN] - NOT_RUN: editverifyRocks = tt_CustomKeywords.CustomKeywords.CreateDynamicElement(verifyRocks_Obj, editRockName, "xpath")

2020-09-03 14:57:48 - [TEST_STEP][NOT_RUN] - verifyElementPresent(editverifyRocks, DefaultTimeout): NOT_RUN: verifyElementPresent(editverifyRocks, DefaultTimeout)

2020-09-03 14:57:48 - [MESSAGE][NOT_RUN] - NOT_RUN: verifyElementPresent(editverifyRocks, DefaultTimeout)

2020-09-03 14:57:48 - [TEST_STEP][NOT_RUN] - editverifyMilestone = tt_CustomKeywords.CustomKeywords.CreateDynamicElement(verifyMilestone_Obj, editMilestoneName, "xpath"): NOT_RUN: editverifyMilestone = tt_CustomKeywords.CustomKeywords.CreateDynamicElement(verifyMilestone_Obj, editMilestoneName, "xpath")

2020-09-03 14:57:48 - [MESSAGE][NOT_RUN] - NOT_RUN: editverifyMilestone = tt_CustomKeywords.CustomKeywords.CreateDynamicElement(verifyMilestone_Obj, editMilestoneName, "xpath")

2020-09-03 14:57:48 - [TEST_STEP][NOT_RUN] - verifyElementPresent(editverifyMilestone, DefaultTimeout): NOT_RUN: verifyElementPresent(editverifyMilestone, DefaultTimeout)

2020-09-03 14:57:48 - [MESSAGE][NOT_RUN] - NOT_RUN: verifyElementPresent(editverifyMilestone, DefaultTimeout)

2020-09-03 14:57:48 - [MESSAGE][PASSED] - Call Test Case 'Test Cases/V2/Test Case/Tests/PR-369 - EditMeetingAgenda/Test Cases/Positive/Supervisor/PR_369_7_EditMeetingCreateRock_Supervisor' successfully

2020-09-03 14:57:48 - [TEST_STEP][PASSED] - changeWebDriver(driver3): null

2020-09-03 14:57:48 - [TEST_STEP][PASSED] - callTestCase(findTestCase("V2/Test Case/Pre-conditions/PRE_CreateL10Meeting"), ["meetingName":meetingNameE, "meetingAcronym":meetingAcronym, "meetingType":meetingType, "dropdownOptions_obj":"//div[@id='CREATE_MEETING_L10']//span[text()='%s']/parent::div[@role='option']", ... ], STOP_ON_FAILURE): Call Test Case 'Test Cases/V2/Test Case/Pre-conditions/PRE_CreateL10Meeting' successfully

2020-09-03 14:57:48 - [TEST_CASE][PASSED] - Test Cases/V2/Test Case/Pre-conditions/PRE_CreateL10Meeting: Test Cases/V2/Test Case/Pre-conditions/PRE_CreateL10Meeting

2020-09-03 14:57:48 - [TEST_STEP][PASSED] - click(findTestObject("V2/Commons/DasboardPage_SidebarMenu/MeetingsMenu")): Object: 'Object Repository/V2/Commons/DasboardPage_SidebarMenu/MeetingsMenu' is clicked on

2020-09-03 14:57:48 - [MESSAGE][PASSED] - Object: 'Object Repository/V2/Commons/DasboardPage_SidebarMenu/MeetingsMenu' is clicked on

2020-09-03 14:57:48 - [TEST_STEP][PASSED] - click(findTestObject("Object Repository/V2/Commons/MeetingListPage/div_Create a meeting")): Object: 'Object Repository/V2/Commons/MeetingListPage/div_Create a meeting' is clicked on

2020-09-03 14:57:49 - [MESSAGE][PASSED] - Object: 'Object Repository/V2/Commons/MeetingListPage/div_Create a meeting' is clicked on

2020-09-03 14:57:49 - [TEST_STEP][PASSED] - click(findTestObject("Object Repository/V2/Commons/MeetingListPage/button_Level 10")): Object: 'Object Repository/V2/Commons/MeetingListPage/button_Level 10' is clicked on

2020-09-03 14:57:49 - [MESSAGE][PASSED] - Object: 'Object Repository/V2/Commons/MeetingListPage/button_Level 10' is clicked on

2020-09-03 14:57:49 - [TEST_STEP][PASSED] - waitForElementVisible(findTestObject("V2/Commons/CreateL10MeetingDrawer/input__name"), DefaultTimeout): Object 'Object Repository/V2/Commons/CreateL10MeetingDrawer/input__name' is visible

2020-09-03 14:57:50 - [MESSAGE][PASSED] - Object 'Object Repository/V2/Commons/CreateL10MeetingDrawer/input__name' is visible

2020-09-03 14:57:50 - [TEST_STEP][PASSED] - setText(findTestObject("V2/Commons/CreateL10MeetingDrawer/input__name"), meetingName): Text 'Meeting Employee' is set on object 'Object Repository/V2/Commons/CreateL10MeetingDrawer/input__name'

2020-09-03 14:57:50 - [MESSAGE][PASSED] - Text 'Meeting Employee' is set on object 'Object Repository/V2/Commons/CreateL10MeetingDrawer/input__name'

2020-09-03 14:57:50 - [TEST_STEP][PASSED] - setText(findTestObject("V2/Commons/CreateL10MeetingDrawer/input__acronym"), meetingAcronym): Text 'CL10' is set on object 'Object Repository/V2/Commons/CreateL10MeetingDrawer/input__acronym'

2020-09-03 14:57:50 - [MESSAGE][PASSED] - Text 'CL10' is set on object 'Object Repository/V2/Commons/CreateL10MeetingDrawer/input__acronym'

2020-09-03 14:57:50 - [TEST_STEP][PASSED] - click(findTestObject("V2/Commons/CreateL10MeetingDrawer/input__typeOfMeeting")): Object: 'Object Repository/V2/Commons/CreateL10MeetingDrawer/input__typeOfMeeting' is clicked on

2020-09-03 14:57:51 - [MESSAGE][PASSED] - Object: 'Object Repository/V2/Commons/CreateL10MeetingDrawer/input__typeOfMeeting' is clicked on

2020-09-03 14:57:51 - [TEST_STEP][PASSED] - meetingTypeOption_Obj = tt_CustomKeywords.CustomKeywords.CreateDynamicElement(dropdownOptions_obj, meetingType, "xpath"): Successfully created new dynamic object: //div[@id='CREATE_MEETING_L10']//span[text()='Leadership']/parent::div[@role='option']

2020-09-03 14:57:51 - [MESSAGE][PASSED] - Successfully created new dynamic object: //div[@id='CREATE_MEETING_L10']//span[text()='Leadership']/parent::div[@role='option']

2020-09-03 14:57:51 - [TEST_STEP][PASSED] - click(meetingTypeOption_Obj): Object: '' is clicked on

2020-09-03 14:57:51 - [MESSAGE][PASSED] - Object: '' is clicked on

2020-09-03 14:57:51 - [TEST_STEP][PASSED] - click(findTestObject("V2/Commons/CreateL10MeetingDrawer/div_dayOfMeetingDropdownList")): Object: 'Object Repository/V2/Commons/CreateL10MeetingDrawer/div_dayOfMeetingDropdownList' is clicked on

2020-09-03 14:57:51 - [MESSAGE][PASSED] - Object: 'Object Repository/V2/Commons/CreateL10MeetingDrawer/div_dayOfMeetingDropdownList' is clicked on

2020-09-03 14:57:51 - [TEST_STEP][PASSED] - dayOfMeetingOption_Obj = tt_CustomKeywords.CustomKeywords.CreateDynamicElement(dropdownOptions_obj, dayOfMeeting, "xpath"): Successfully created new dynamic object: //div[@id='CREATE_MEETING_L10']//span[text()='Monday']/parent::div[@role='option']

2020-09-03 14:57:51 - [MESSAGE][PASSED] - Successfully created new dynamic object: //div[@id='CREATE_MEETING_L10']//span[text()='Monday']/parent::div[@role='option']

2020-09-03 14:57:51 - [TEST_STEP][PASSED] - click(dayOfMeetingOption_Obj): Object: '' is clicked on

2020-09-03 14:57:51 - [MESSAGE][PASSED] - Object: '' is clicked on

2020-09-03 14:57:51 - [TEST_STEP][PASSED] - click(findTestObject("V2/Commons/CreateL10MeetingDrawer/input_meetingTime")): Object: 'Object Repository/V2/Commons/CreateL10MeetingDrawer/input_meetingTime' is clicked on

2020-09-03 14:57:51 - [MESSAGE][PASSED] - Object: 'Object Repository/V2/Commons/CreateL10MeetingDrawer/input_meetingTime' is clicked on

2020-09-03 14:57:51 - [TEST_STEP][PASSED] - setText(findTestObject("V2/Commons/CreateL10MeetingDrawer/input_meetingTime"), meetingTime): Text '12:00' is set on object 'Object Repository/V2/Commons/CreateL10MeetingDrawer/input_meetingTime'

2020-09-03 14:57:51 - [MESSAGE][PASSED] - Text '12:00' is set on object 'Object Repository/V2/Commons/CreateL10MeetingDrawer/input_meetingTime'

2020-09-03 14:57:51 - [TEST_STEP][PASSED] - sendKeys(findTestObject("V2/Commons/CreateL10MeetingDrawer/input_meetingTime"), Keys.chord(TAB)): Keys 'TAB + ' sent to object: 'Object Repository/V2/Commons/CreateL10MeetingDrawer/input_meetingTime'

2020-09-03 14:57:51 - [MESSAGE][PASSED] - Keys 'TAB + ' sent to object: 'Object Repository/V2/Commons/CreateL10MeetingDrawer/input_meetingTime'

2020-09-03 14:57:51 - [TEST_STEP][PASSED] - click(findTestObject("V2/Commons/CreateL10MeetingDrawer/div_Create Meeting")): Object: 'Object Repository/V2/Commons/CreateL10MeetingDrawer/div_Create Meeting' is clicked on

2020-09-03 14:57:51 - [MESSAGE][PASSED] - Object: 'Object Repository/V2/Commons/CreateL10MeetingDrawer/div_Create Meeting' is clicked on

2020-09-03 14:57:51 - [TEST_STEP][PASSED] - waitForElementVisible(findTestObject("Object Repository/V2/Commons/MeetingListPage/div_Ill do this later"), DefaultTimeout): Object 'Object Repository/V2/Commons/MeetingListPage/div_Ill do this later' is visible

2020-09-03 14:58:25 - [MESSAGE][PASSED] - Object 'Object Repository/V2/Commons/MeetingListPage/div_Ill do this later' is visible

2020-09-03 14:58:25 - [TEST_STEP][PASSED] - verifyElementVisible(findTestObject("Object Repository/V2/Commons/MeetingListPage/div_Ill do this later"), STOP_ON_FAILURE): Object 'Object Repository/V2/Commons/MeetingListPage/div_Ill do this later' is visible

2020-09-03 14:58:25 - [MESSAGE][PASSED] - Object 'Object Repository/V2/Commons/MeetingListPage/div_Ill do this later' is visible

2020-09-03 14:58:25 - [TEST_STEP][PASSED] - click(findTestObject("Object Repository/V2/Commons/MeetingListPage/div_Ill do this later")): Object: 'Object Repository/V2/Commons/MeetingListPage/div_Ill do this later' is clicked on

2020-09-03 14:58:25 - [MESSAGE][PASSED] - Object: 'Object Repository/V2/Commons/MeetingListPage/div_Ill do this later' is clicked on

2020-09-03 14:58:25 - [TEST_STEP][PASSED] - meetingRecordObj = tt_CustomKeywords.CustomKeywords.CreateDynamicElement(meetingRecord_obj, meetingName, "xpath"): Successfully created new dynamic object: //div[@class='detailscontainer__block item']/h4[text()='Meeting Employee']

2020-09-03 14:58:25 - [MESSAGE][PASSED] - Successfully created new dynamic object: //div[@class='detailscontainer__block item']/h4[text()='Meeting Employee']

2020-09-03 14:58:25 - [TEST_STEP][PASSED] - verifyElementPresent(meetingRecordObj, DefaultTimeout): Object '' is present

2020-09-03 14:58:25 - [MESSAGE][PASSED] - Object '' is present

2020-09-03 14:58:25 - [MESSAGE][PASSED] - Call Test Case 'Test Cases/V2/Test Case/Pre-conditions/PRE_CreateL10Meeting' successfully

2020-09-03 14:58:25 - [TEST_STEP][PASSED] - callTestCase(findTestCase("V2/Test Case/Tests/PR-369 - EditMeetingAgenda/Test Cases/Positive/Employee/PR_369_7_EditMeetingCreateRock_Employee"), ["userName":"jeff+075@mytractiontools.com", "passWord":"Skyline69A*", "meetingRowPosition":"3", "editMeetingMenu_Obj":"//div[@id='root']/div/div[2]/div/div/div/div[2]/div/div[%s]/div[3]/button/i", ... ], STOP_ON_FAILURE): Call Test Case 'Test Cases/V2/Test Case/Tests/PR-369 - EditMeetingAgenda/Test Cases/Positive/Employee/PR_369_7_EditMeetingCreateRock_Employee' successfully

2020-09-03 14:58:25 - [TEST_CASE][PASSED] - Test Cases/V2/Test Case/Tests/PR-369 - EditMeetingAgenda/Test Cases/Positive/Employee/PR_369_7_EditMeetingCreateRock_Employee: Test Cases/V2/Test Case/Tests/PR-369 - EditMeetingAgenda/Test Cases/Positive/Employee/PR_369_7_EditMeetingCreateRock_Employee

2020-09-03 14:58:25 - [TEST_STEP][NOT_RUN] - openBrowser(""): NOT_RUN: openBrowser("")

2020-09-03 14:58:25 - [MESSAGE][NOT_RUN] - NOT_RUN: openBrowser("")

2020-09-03 14:58:25 - [TEST_STEP][NOT_RUN] - maximizeWindow(): NOT_RUN: maximizeWindow()

2020-09-03 14:58:25 - [MESSAGE][NOT_RUN] - NOT_RUN: maximizeWindow()

2020-09-03 14:58:25 - [TEST_STEP][NOT_RUN] - navigateToUrl(V2Url): NOT_RUN: navigateToUrl(V2Url)

2020-09-03 14:58:25 - [MESSAGE][NOT_RUN] - NOT_RUN: navigateToUrl(V2Url)

2020-09-03 14:58:25 - [TEST_STEP][NOT_RUN] - setText(findTestObject("V2/PR-369/Page_Login/userName_Field"), "tractiontools.user001+ta58jzbl@gmail.com"): NOT_RUN: setText(findTestObject("V2/PR-369/Page_Login/userName_Field"), "tractiontools.user001+ta58jzbl@gmail.com")

2020-09-03 14:58:25 - [MESSAGE][NOT_RUN] - NOT_RUN: setText(findTestObject("V2/PR-369/Page_Login/userName_Field"), "tractiontools.user001+ta58jzbl@gmail.com")

2020-09-03 14:58:25 - [TEST_STEP][NOT_RUN] - setText(findTestObject("V2/PR-369/Page_Login/passWord_Field"), "Qwer123!"): NOT_RUN: setText(findTestObject("V2/PR-369/Page_Login/passWord_Field"), "Qwer123!")

2020-09-03 14:58:25 - [MESSAGE][NOT_RUN] - NOT_RUN: setText(findTestObject("V2/PR-369/Page_Login/passWord_Field"), "Qwer123!")

2020-09-03 14:58:25 - [TEST_STEP][NOT_RUN] - click(findTestObject("V2/PR-369/Page_Login/Login_Button")): NOT_RUN: click(findTestObject("V2/PR-369/Page_Login/Login_Button"))

2020-09-03 14:58:25 - [MESSAGE][NOT_RUN] - NOT_RUN: click(findTestObject("V2/PR-369/Page_Login/Login_Button"))

2020-09-03 14:58:25 - [TEST_STEP][PASSED] - waitForElementVisible(findTestObject("V2/Commons/DasboardPage_SidebarMenu/MeetingsMenu"), DefaultTimeout): Object 'Object Repository/V2/Commons/DasboardPage_SidebarMenu/MeetingsMenu' is visible

2020-09-03 14:58:25 - [MESSAGE][PASSED] - Object 'Object Repository/V2/Commons/DasboardPage_SidebarMenu/MeetingsMenu' is visible

2020-09-03 14:58:25 - [TEST_STEP][PASSED] - click(findTestObject("V2/Commons/DasboardPage_SidebarMenu/MeetingsMenu")): Object: 'Object Repository/V2/Commons/DasboardPage_SidebarMenu/MeetingsMenu' is clicked on

2020-09-03 14:58:26 - [MESSAGE][PASSED] - Object: 'Object Repository/V2/Commons/DasboardPage_SidebarMenu/MeetingsMenu' is clicked on

2020-09-03 14:58:26 - [TEST_STEP][PASSED] - meetingOpt_Obj = tt_CustomKeywords.CustomKeywords.CreateDynamicElement(meetingOptions_obj, meetingName, "xpath"): Successfully created new dynamic object: //h4[text()='Meeting Employee']/ancestor::div[contains(@class,'ListContainer')]/div[@class='listcontainer__options']/button

2020-09-03 14:58:26 - [MESSAGE][PASSED] - Successfully created new dynamic object: //h4[text()='Meeting Employee']/ancestor::div[contains(@class,'ListContainer')]/div[@class='listcontainer__options']/button

2020-09-03 14:58:26 - [TEST_STEP][PASSED] - waitForElementVisible(meetingOpt_Obj, DefaultTimeout): Object '' is visible

2020-09-03 14:58:26 - [MESSAGE][PASSED] - Object '' is visible

2020-09-03 14:58:26 - [TEST_STEP][PASSED] - click(meetingOpt_Obj): Object: '' is clicked on

2020-09-03 14:58:26 - [MESSAGE][PASSED] - Object: '' is clicked on

2020-09-03 14:58:26 - [TEST_STEP][PASSED] - click(findTestObject("V2/Commons/MeetingListPage/a_Edit meeting")): Object: 'Object Repository/V2/Commons/MeetingListPage/a_Edit meeting' is clicked on

2020-09-03 14:58:26 - [MESSAGE][PASSED] - Object: 'Object Repository/V2/Commons/MeetingListPage/a_Edit meeting' is clicked on

2020-09-03 14:58:26 - [TEST_STEP][PASSED] - waitForElementVisible(findTestObject("V2/PR-369/Edit_Meeting_Rocks/Rocks_Menu"), DefaultTimeout): Object 'Object Repository/V2/PR-369/Edit_Meeting_Rocks/Rocks_Menu' is visible

2020-09-03 14:58:27 - [MESSAGE][PASSED] - Object 'Object Repository/V2/PR-369/Edit_Meeting_Rocks/Rocks_Menu' is visible

2020-09-03 14:58:27 - [TEST_STEP][PASSED] - click(findTestObject("V2/PR-369/Edit_Meeting_Rocks/Rocks_Menu")): Object: 'Object Repository/V2/PR-369/Edit_Meeting_Rocks/Rocks_Menu' is clicked on

2020-09-03 14:58:27 - [MESSAGE][PASSED] - Object: 'Object Repository/V2/PR-369/Edit_Meeting_Rocks/Rocks_Menu' is clicked on

2020-09-03 14:58:27 - [TEST_STEP][PASSED] - click(findTestObject("V2/PR-369/Edit_Meeting_Rocks/CreateRocksButton")): Object: 'Object Repository/V2/PR-369/Edit_Meeting_Rocks/CreateRocksButton' is clicked on

2020-09-03 14:58:27 - [MESSAGE][PASSED] - Object: 'Object Repository/V2/PR-369/Edit_Meeting_Rocks/CreateRocksButton' is clicked on

2020-09-03 14:58:27 - [TEST_STEP][PASSED] - click(findTestObject("V2/PR-369/Edit_Meeting_Rocks/Create_New_Rocks")): Object: 'Object Repository/V2/PR-369/Edit_Meeting_Rocks/Create_New_Rocks' is clicked on

2020-09-03 14:58:27 - [MESSAGE][PASSED] - Object: 'Object Repository/V2/PR-369/Edit_Meeting_Rocks/Create_New_Rocks' is clicked on

2020-09-03 14:58:27 - [TEST_STEP][PASSED] - waitForElementVisible(findTestObject("V2/PR-369/Edit_Meeting_Rocks/Rock_Name_Title"), DefaultTimeout): Object 'Object Repository/V2/PR-369/Edit_Meeting_Rocks/Rock_Name_Title' is visible

2020-09-03 14:58:27 - [MESSAGE][PASSED] - Object 'Object Repository/V2/PR-369/Edit_Meeting_Rocks/Rock_Name_Title' is visible

2020-09-03 14:58:27 - [TEST_STEP][PASSED] - setText(findTestObject("V2/PR-369/Edit_Meeting_Rocks/Rock_Name_Title"), rockName): Text 'QA Edit Meeting Automation Rock Test' is set on object 'Object Repository/V2/PR-369/Edit_Meeting_Rocks/Rock_Name_Title'

2020-09-03 14:58:28 - [MESSAGE][PASSED] - Text 'QA Edit Meeting Automation Rock Test' is set on object 'Object Repository/V2/PR-369/Edit_Meeting_Rocks/Rock_Name_Title'

2020-09-03 14:58:28 - [TEST_STEP][PASSED] - click(findTestObject("V2/PR-369/Edit_Meeting_Rocks/Status_OffTrack_Rock")): Object: 'Object Repository/V2/PR-369/Edit_Meeting_Rocks/Status_OffTrack_Rock' is clicked on

2020-09-03 14:58:28 - [MESSAGE][PASSED] - Object: 'Object Repository/V2/PR-369/Edit_Meeting_Rocks/Status_OffTrack_Rock' is clicked on

2020-09-03 14:58:28 - [TEST_STEP][PASSED] - click(findTestObject("V2/PR-369/Edit_Meeting_Rocks/Accountable_Owner_Field")): Object: 'Object Repository/V2/PR-369/Edit_Meeting_Rocks/Accountable_Owner_Field' is clicked on

2020-09-03 14:58:28 - [MESSAGE][PASSED] - Object: 'Object Repository/V2/PR-369/Edit_Meeting_Rocks/Accountable_Owner_Field' is clicked on

2020-09-03 14:58:28 - [TEST_STEP][PASSED] - accountableOwner = tt_CustomKeywords.CustomKeywords.CreateDynamicElement(owner_Obj, ownerSelected, "xpath"): Successfully created new dynamic object: //div[@data-test-id='createRock']//div[@role='listbox'][@class='visible menu transition']/div[@role='option'][contains(@class,'item')]/span[text()='Admin User']

2020-09-03 14:58:28 - [MESSAGE][PASSED] - Successfully created new dynamic object: //div[@data-test-id='createRock']//div[@role='listbox'][@class='visible menu transition']/div[@role='option'][contains(@class,'item')]/span[text()='Admin User']

2020-09-03 14:58:28 - [TEST_STEP][PASSED] - click(accountableOwner): Object: '' is clicked on

2020-09-03 14:58:28 - [MESSAGE][PASSED] - Object: '' is clicked on

2020-09-03 14:58:28 - [TEST_STEP][PASSED] - click(findTestObject("V2/PR-369/Edit_Meeting_Rocks/Visibility_Level_Field")): Object: 'Object Repository/V2/PR-369/Edit_Meeting_Rocks/Visibility_Level_Field' is clicked on

2020-09-03 14:58:28 - [MESSAGE][PASSED] - Object: 'Object Repository/V2/PR-369/Edit_Meeting_Rocks/Visibility_Level_Field' is clicked on

2020-09-03 14:58:28 - [TEST_STEP][PASSED] - click(findTestObject("V2/PR-369/Edit_Meeting_Rocks/Visibility_Level_Company")): Object: 'Object Repository/V2/PR-369/Edit_Meeting_Rocks/Visibility_Level_Company' is clicked on

2020-09-03 14:58:28 - [MESSAGE][PASSED] - Object: 'Object Repository/V2/PR-369/Edit_Meeting_Rocks/Visibility_Level_Company' is clicked on

2020-09-03 14:58:28 - [TEST_STEP][PASSED] - click(findTestObject("V2/PR-369/Edit_Meeting_Rocks/Rocks_Due_Date_Field")): Object: 'Object Repository/V2/PR-369/Edit_Meeting_Rocks/Rocks_Due_Date_Field' is clicked on

2020-09-03 14:58:28 - [MESSAGE][PASSED] - Object: 'Object Repository/V2/PR-369/Edit_Meeting_Rocks/Rocks_Due_Date_Field' is clicked on

2020-09-03 14:58:28 - [TEST_STEP][PASSED] - waitForElementVisible(findTestObject("V2/PR-369/Edit_Meeting_Scorecard/A_Date29"), DefaultTimeout): Object 'Object Repository/V2/PR-369/Edit_Meeting_Scorecard/A_Date29' is visible

2020-09-03 14:58:29 - [MESSAGE][PASSED] - Object 'Object Repository/V2/PR-369/Edit_Meeting_Scorecard/A_Date29' is visible

2020-09-03 14:58:29 - [TEST_STEP][PASSED] - click(findTestObject("V2/PR-369/Edit_Meeting_Scorecard/A_Date29")): Object: 'Object Repository/V2/PR-369/Edit_Meeting_Scorecard/A_Date29' is clicked on

2020-09-03 14:58:29 - [MESSAGE][PASSED] - Object: 'Object Repository/V2/PR-369/Edit_Meeting_Scorecard/A_Date29' is clicked on

2020-09-03 14:58:29 - [TEST_STEP][PASSED] - verifyElementVisible(findTestObject("V2/PR-369/Edit_Meeting_Rocks/Verify_Notes_Section")): Object 'Object Repository/V2/PR-369/Edit_Meeting_Rocks/Verify_Notes_Section' is visible

2020-09-03 14:58:29 - [MESSAGE][PASSED] - Object 'Object Repository/V2/PR-369/Edit_Meeting_Rocks/Verify_Notes_Section' is visible

2020-09-03 14:58:29 - [TEST_STEP][PASSED] - setText(findTestObject("V2/PR-369/Edit_Meeting_Rocks/Notes_Comments"), Notes): Text 'Sample Notes' is set on object 'Object Repository/V2/PR-369/Edit_Meeting_Rocks/Notes_Comments'

2020-09-03 14:58:39 - [MESSAGE][PASSED] - Text 'Sample Notes' is set on object 'Object Repository/V2/PR-369/Edit_Meeting_Rocks/Notes_Comments'

2020-09-03 14:58:39 - [TEST_STEP][PASSED] - sendKeys(findTestObject("V2/PR-369/Edit_Meeting_Rocks/Add_Milestone_Button"), Keys.chord(PAGE_DOWN)): Keys 'PAGE_DOWN + ' sent to object: 'Object Repository/V2/PR-369/Edit_Meeting_Rocks/Add_Milestone_Button'

2020-09-03 14:58:39 - [MESSAGE][PASSED] - Keys 'PAGE_DOWN + ' sent to object: 'Object Repository/V2/PR-369/Edit_Meeting_Rocks/Add_Milestone_Button'

2020-09-03 14:58:39 - [TEST_STEP][PASSED] - click(findTestObject("V2/PR-369/Edit_Meeting_Rocks/Add_Milestone_Button")): Object: 'Object Repository/V2/PR-369/Edit_Meeting_Rocks/Add_Milestone_Button' is clicked on

2020-09-03 14:58:39 - [MESSAGE][PASSED] - Object: 'Object Repository/V2/PR-369/Edit_Meeting_Rocks/Add_Milestone_Button' is clicked on

2020-09-03 14:58:39 - [TEST_STEP][PASSED] - setText(findTestObject("V2/PR-369/Edit_Meeting_Rocks/Milestone_Text_Field"), milestoneName): Text 'Milestone 1' is set on object 'Object Repository/V2/PR-369/Edit_Meeting_Rocks/Milestone_Text_Field'

2020-09-03 14:58:39 - [MESSAGE][PASSED] - Text 'Milestone 1' is set on object 'Object Repository/V2/PR-369/Edit_Meeting_Rocks/Milestone_Text_Field'

2020-09-03 14:58:39 - [TEST_STEP][PASSED] - click(findTestObject("V2/PR-369/Edit_Meeting_Rocks/Milestone_date")): Object: 'Object Repository/V2/PR-369/Edit_Meeting_Rocks/Milestone_date' is clicked on

2020-09-03 14:58:39 - [MESSAGE][PASSED] - Object: 'Object Repository/V2/PR-369/Edit_Meeting_Rocks/Milestone_date' is clicked on

2020-09-03 14:58:39 - [TEST_STEP][PASSED] - waitForElementVisible(findTestObject("V2/PR-369/Edit_Meeting_Scorecard/A_Date29"), DefaultTimeout): Object 'Object Repository/V2/PR-369/Edit_Meeting_Scorecard/A_Date29' is visible

2020-09-03 14:58:39 - [MESSAGE][PASSED] - Object 'Object Repository/V2/PR-369/Edit_Meeting_Scorecard/A_Date29' is visible

2020-09-03 14:58:39 - [TEST_STEP][PASSED] - click(findTestObject("V2/PR-369/Edit_Meeting_Scorecard/A_Date29")): Object: 'Object Repository/V2/PR-369/Edit_Meeting_Scorecard/A_Date29' is clicked on

2020-09-03 14:58:40 - [MESSAGE][PASSED] - Object: 'Object Repository/V2/PR-369/Edit_Meeting_Scorecard/A_Date29' is clicked on

2020-09-03 14:58:40 - [TEST_STEP][PASSED] - click(findTestObject("V2/PR-369/Edit_Meeting_Rocks/Save_Button")): Object: 'Object Repository/V2/PR-369/Edit_Meeting_Rocks/Save_Button' is clicked on

2020-09-03 14:58:40 - [MESSAGE][PASSED] - Object: 'Object Repository/V2/PR-369/Edit_Meeting_Rocks/Save_Button' is clicked on

2020-09-03 14:58:40 - [TEST_STEP][PASSED] - delay(10): Delayed 10 second(s)

2020-09-03 14:58:50 - [MESSAGE][PASSED] - Delayed 10 second(s)

2020-09-03 14:58:50 - [TEST_STEP][PASSED] - verifyRocks = tt_CustomKeywords.CustomKeywords.CreateDynamicElement(verifyRocks_Obj, rockName, "xpath"): Successfully created new dynamic object: //h2[text()='Rocks']/ancestor::div[contains(@class,'CardStyles')]/div[2]//div[@data-test-id='rock.title'][contains(@class,'TextBodyStyles-sc') and text()='QA Edit Meeting Automation Rock Test']

2020-09-03 14:58:50 - [MESSAGE][PASSED] - Successfully created new dynamic object: //h2[text()='Rocks']/ancestor::div[contains(@class,'CardStyles')]/div[2]//div[@data-test-id='rock.title'][contains(@class,'TextBodyStyles-sc') and text()='QA Edit Meeting Automation Rock Test']

2020-09-03 14:58:50 - [TEST_STEP][PASSED] - verifyElementPresent(verifyRocks, DefaultTimeout): Object '' is present

2020-09-03 14:58:50 - [MESSAGE][PASSED] - Object '' is present

2020-09-03 14:58:50 - [TEST_STEP][PASSED] - verifyMilestone = tt_CustomKeywords.CustomKeywords.CreateDynamicElement(verifyMilestone_Obj, milestoneName, "xpath"): Successfully created new dynamic object: //h2[text()='Rocks']/ancestor::div[contains(@class,'CardStyles')]/div[2]//div[contains(@class,'milestoneListItem__name')]/span[text()='Milestone 1']

2020-09-03 14:58:50 - [MESSAGE][PASSED] - Successfully created new dynamic object: //h2[text()='Rocks']/ancestor::div[contains(@class,'CardStyles')]/div[2]//div[contains(@class,'milestoneListItem__name')]/span[text()='Milestone 1']

2020-09-03 14:58:50 - [TEST_STEP][PASSED] - verifyElementPresent(verifyMilestone, DefaultTimeout): Object '' is present

2020-09-03 14:58:50 - [MESSAGE][PASSED] - Object '' is present

2020-09-03 14:58:50 - [TEST_STEP][NOT_RUN] - click(verifyRocks): NOT_RUN: click(verifyRocks)

2020-09-03 14:58:50 - [MESSAGE][NOT_RUN] - NOT_RUN: click(verifyRocks)

2020-09-03 14:58:50 - [TEST_STEP][NOT_RUN] - delay(10): NOT_RUN: delay(10)

2020-09-03 14:58:50 - [MESSAGE][NOT_RUN] - NOT_RUN: delay(10)

2020-09-03 14:58:50 - [TEST_STEP][NOT_RUN] - click(findTestObject("V2/PR-369/UpdateEditMeetingRocks/Edit_Rock_Name")): NOT_RUN: click(findTestObject("V2/PR-369/UpdateEditMeetingRocks/Edit_Rock_Name"))

2020-09-03 14:58:50 - [MESSAGE][NOT_RUN] - NOT_RUN: click(findTestObject("V2/PR-369/UpdateEditMeetingRocks/Edit_Rock_Name"))

2020-09-03 14:58:50 - [TEST_STEP][NOT_RUN] - sendKeys(findTestObject("V2/PR-369/UpdateEditMeetingRocks/Edit_Rock_Name"), Keys.chord(LEFT_CONTROL, "a", BACK_SPACE)): NOT_RUN: sendKeys(findTestObject("V2/PR-369/UpdateEditMeetingRocks/Edit_Rock_Name"), Keys.chord(LEFT_CONTROL, "a", BACK_SPACE))

2020-09-03 14:58:50 - [MESSAGE][NOT_RUN] - NOT_RUN: sendKeys(findTestObject("V2/PR-369/UpdateEditMeetingRocks/Edit_Rock_Name"), Keys.chord(LEFT_CONTROL, "a", BACK_SPACE))

2020-09-03 14:58:50 - [TEST_STEP][NOT_RUN] - setText(findTestObject("V2/PR-369/UpdateEditMeetingRocks/Edit_Rock_Name"), editRockName): NOT_RUN: setText(findTestObject("V2/PR-369/UpdateEditMeetingRocks/Edit_Rock_Name"), editRockName)

2020-09-03 14:58:50 - [MESSAGE][NOT_RUN] - NOT_RUN: setText(findTestObject("V2/PR-369/UpdateEditMeetingRocks/Edit_Rock_Name"), editRockName)

2020-09-03 14:58:50 - [TEST_STEP][NOT_RUN] - click(findTestObject("V2/PR-369/UpdateEditMeetingRocks/Edit_Status_Done")): NOT_RUN: click(findTestObject("V2/PR-369/UpdateEditMeetingRocks/Edit_Status_Done"))

2020-09-03 14:58:50 - [MESSAGE][NOT_RUN] - NOT_RUN: click(findTestObject("V2/PR-369/UpdateEditMeetingRocks/Edit_Status_Done"))

2020-09-03 14:58:50 - [TEST_STEP][NOT_RUN] - click(findTestObject("V2/PR-369/UpdateEditMeetingRocks/Edit_Accountable_Owner")): NOT_RUN: click(findTestObject("V2/PR-369/UpdateEditMeetingRocks/Edit_Accountable_Owner"))

2020-09-03 14:58:50 - [MESSAGE][NOT_RUN] - NOT_RUN: click(findTestObject("V2/PR-369/UpdateEditMeetingRocks/Edit_Accountable_Owner"))

2020-09-03 14:58:50 - [TEST_STEP][NOT_RUN] - editOwner = tt_CustomKeywords.CustomKeywords.CreateDynamicElement(editOwner_Obj, editOwner, "xpath"): NOT_RUN: editOwner = tt_CustomKeywords.CustomKeywords.CreateDynamicElement(editOwner_Obj, editOwner, "xpath")

2020-09-03 14:58:50 - [MESSAGE][NOT_RUN] - NOT_RUN: editOwner = tt_CustomKeywords.CustomKeywords.CreateDynamicElement(editOwner_Obj, editOwner, "xpath")

2020-09-03 14:58:50 - [TEST_STEP][NOT_RUN] - click(editOwner): NOT_RUN: click(editOwner)

2020-09-03 14:58:50 - [MESSAGE][NOT_RUN] - NOT_RUN: click(editOwner)

2020-09-03 14:58:50 - [TEST_STEP][NOT_RUN] - click(findTestObject("V2/PR-369/UpdateEditMeetingRocks/Edit_Visibility_Level")): NOT_RUN: click(findTestObject("V2/PR-369/UpdateEditMeetingRocks/Edit_Visibility_Level"))

2020-09-03 14:58:50 - [MESSAGE][NOT_RUN] - NOT_RUN: click(findTestObject("V2/PR-369/UpdateEditMeetingRocks/Edit_Visibility_Level"))

2020-09-03 14:58:50 - [TEST_STEP][NOT_RUN] - click(findTestObject("V2/PR-369/UpdateEditMeetingRocks/Edit_Visibility_Level_Department")): NOT_RUN: click(findTestObject("V2/PR-369/UpdateEditMeetingRocks/Edit_Visibility_Level_Department"))

2020-09-03 14:58:50 - [MESSAGE][NOT_RUN] - NOT_RUN: click(findTestObject("V2/PR-369/UpdateEditMeetingRocks/Edit_Visibility_Level_Department"))

2020-09-03 14:58:50 - [TEST_STEP][NOT_RUN] - sendKeys(findTestObject("V2/PR-369/UpdateEditMeetingRocks/Edit_Milestone"), Keys.chord(LEFT_CONTROL, "a", BACK_SPACE)): NOT_RUN: sendKeys(findTestObject("V2/PR-369/UpdateEditMeetingRocks/Edit_Milestone"), Keys.chord(LEFT_CONTROL, "a", BACK_SPACE))

2020-09-03 14:58:50 - [MESSAGE][NOT_RUN] - NOT_RUN: sendKeys(findTestObject("V2/PR-369/UpdateEditMeetingRocks/Edit_Milestone"), Keys.chord(LEFT_CONTROL, "a", BACK_SPACE))

2020-09-03 14:58:50 - [TEST_STEP][NOT_RUN] - setText(findTestObject("V2/PR-369/UpdateEditMeetingRocks/Edit_Milestone"), editMilestoneName): NOT_RUN: setText(findTestObject("V2/PR-369/UpdateEditMeetingRocks/Edit_Milestone"), editMilestoneName)

2020-09-03 14:58:50 - [MESSAGE][NOT_RUN] - NOT_RUN: setText(findTestObject("V2/PR-369/UpdateEditMeetingRocks/Edit_Milestone"), editMilestoneName)

2020-09-03 14:58:50 - [TEST_STEP][NOT_RUN] - click(findTestObject("V2/PR-369/UpdateEditMeetingRocks/Done_CheckBox")): NOT_RUN: click(findTestObject("V2/PR-369/UpdateEditMeetingRocks/Done_CheckBox"))

2020-09-03 14:58:50 - [MESSAGE][NOT_RUN] - NOT_RUN: click(findTestObject("V2/PR-369/UpdateEditMeetingRocks/Done_CheckBox"))

2020-09-03 14:58:50 - [TEST_STEP][NOT_RUN] - click(findTestObject("V2/PR-369/UpdateEditMeetingRocks/Update_Button")): NOT_RUN: click(findTestObject("V2/PR-369/UpdateEditMeetingRocks/Update_Button"))

2020-09-03 14:58:50 - [MESSAGE][NOT_RUN] - NOT_RUN: click(findTestObject("V2/PR-369/UpdateEditMeetingRocks/Update_Button"))

2020-09-03 14:58:50 - [TEST_STEP][NOT_RUN] - delay(10): NOT_RUN: delay(10)

2020-09-03 14:58:50 - [MESSAGE][NOT_RUN] - NOT_RUN: delay(10)

2020-09-03 14:58:50 - [TEST_STEP][NOT_RUN] - editverifyRocks = tt_CustomKeywords.CustomKeywords.CreateDynamicElement(verifyRocks_Obj, editRockName, "xpath"): NOT_RUN: editverifyRocks = tt_CustomKeywords.CustomKeywords.CreateDynamicElement(verifyRocks_Obj, editRockName, "xpath")

2020-09-03 14:58:50 - [MESSAGE][NOT_RUN] - NOT_RUN: editverifyRocks = tt_CustomKeywords.CustomKeywords.CreateDynamicElement(verifyRocks_Obj, editRockName, "xpath")

2020-09-03 14:58:50 - [TEST_STEP][NOT_RUN] - verifyElementPresent(editverifyRocks, DefaultTimeout): NOT_RUN: verifyElementPresent(editverifyRocks, DefaultTimeout)

2020-09-03 14:58:50 - [MESSAGE][NOT_RUN] - NOT_RUN: verifyElementPresent(editverifyRocks, DefaultTimeout)

2020-09-03 14:58:50 - [TEST_STEP][NOT_RUN] - editverifyMilestone = tt_CustomKeywords.CustomKeywords.CreateDynamicElement(verifyMilestone_Obj, editMilestoneName, "xpath"): NOT_RUN: editverifyMilestone = tt_CustomKeywords.CustomKeywords.CreateDynamicElement(verifyMilestone_Obj, editMilestoneName, "xpath")

2020-09-03 14:58:50 - [MESSAGE][NOT_RUN] - NOT_RUN: editverifyMilestone = tt_CustomKeywords.CustomKeywords.CreateDynamicElement(verifyMilestone_Obj, editMilestoneName, "xpath")

2020-09-03 14:58:50 - [TEST_STEP][NOT_RUN] - verifyElementPresent(editverifyMilestone, DefaultTimeout): NOT_RUN: verifyElementPresent(editverifyMilestone, DefaultTimeout)

2020-09-03 14:58:50 - [MESSAGE][NOT_RUN] - NOT_RUN: verifyElementPresent(editverifyMilestone, DefaultTimeout)

2020-09-03 14:58:50 - [MESSAGE][PASSED] - Call Test Case 'Test Cases/V2/Test Case/Tests/PR-369 - EditMeetingAgenda/Test Cases/Positive/Employee/PR_369_7_EditMeetingCreateRock_Employee' successfully

2020-09-03 14:58:50 - [TEST_STEP][PASSED] - tt_CustomKeywords.CustomKeywords.CloseWebDriver(driver3): tt_CustomKeywords.CustomKeywords.CloseWebDriver is PASSED

2020-09-03 14:58:55 - [MESSAGE][PASSED] - tt_CustomKeywords.CustomKeywords.CloseWebDriver is PASSED

2020-09-03 14:58:55 - [TEST_STEP][PASSED] - tt_CustomKeywords.CustomKeywords.CloseWebDriver(driver2): tt_CustomKeywords.CustomKeywords.CloseWebDriver is PASSED

2020-09-03 14:59:00 - [MESSAGE][PASSED] - tt_CustomKeywords.CustomKeywords.CloseWebDriver is PASSED

2020-09-03 14:59:00 - [TEST_STEP][PASSED] - tt_CustomKeywords.CustomKeywords.CloseWebDriver(driver1): tt_CustomKeywords.CustomKeywords.CloseWebDriver is PASSED

2020-09-03 14:59:05 - [MESSAGE][PASSED] - tt_CustomKeywords.CustomKeywords.CloseWebDriver is PASSED]]></system-out>
         <system-err><![CDATA[]]></system-err>
      </testcase>
      <system-out><![CDATA[2020-09-03 14:35:22 - [TEST_SUITE][FAILED] - PR-369_TestSuite: Test Cases/V2/Test Case/Tests/PR-369 - EditMeetingAgenda/Test Cases/Positive/TT_369_2_CreateRock_AllTestCase FAILED.
Reason:
com.kms.katalon.core.exception.StepFailedException: Call Test Case 'Test Cases/V2/Test Case/Tests/PR-369 - EditMeetingAgenda/Test Cases/Positive/Admin/PR_369_7_EditMeetingCreateRock_Admin' failed
	at com.kms.katalon.core.keyword.builtin.CallTestCaseKeyword$_callTestCase_closure1.doCall(CallTestCaseKeyword.groovy:63)
	at com.kms.katalon.core.keyword.builtin.CallTestCaseKeyword$_callTestCase_closure1.call(CallTestCaseKeyword.groovy)
	at com.kms.katalon.core.keyword.internal.KeywordMain.runKeyword(KeywordMain.groovy:68)
	at com.kms.katalon.core.keyword.builtin.CallTestCaseKeyword.callTestCase(CallTestCaseKeyword.groovy:81)
	at com.kms.katalon.core.keyword.builtin.CallTestCaseKeyword.execute(CallTestCaseKeyword.groovy:44)
	at com.kms.katalon.core.keyword.internal.KeywordExecutor.executeKeywordForPlatform(KeywordExecutor.groovy:73)
	at com.kms.katalon.core.keyword.BuiltinKeywords.callTestCase(BuiltinKeywords.groovy:334)
	at TT_369_2_CreateRock_AllTestCase.run(TT_369_2_CreateRock_AllTestCase:78)
	at com.kms.katalon.core.main.ScriptEngine.run(ScriptEngine.java:194)
	at com.kms.katalon.core.main.ScriptEngine.runScriptAsRawText(ScriptEngine.java:119)
	at com.kms.katalon.core.main.TestCaseExecutor.runScript(TestCaseExecutor.java:339)
	at com.kms.katalon.core.main.TestCaseExecutor.doExecute(TestCaseExecutor.java:330)
	at com.kms.katalon.core.main.TestCaseExecutor.processExecutionPhase(TestCaseExecutor.java:309)
	at com.kms.katalon.core.main.TestCaseExecutor.accessMainPhase(TestCaseExecutor.java:301)
	at com.kms.katalon.core.main.TestCaseExecutor.execute(TestCaseExecutor.java:235)
	at com.kms.katalon.core.main.TestSuiteExecutor.accessTestCaseMainPhase(TestSuiteExecutor.java:191)
	at com.kms.katalon.core.main.TestSuiteExecutor.accessTestSuiteMainPhase(TestSuiteExecutor.java:141)
	at com.kms.katalon.core.main.TestSuiteExecutor.execute(TestSuiteExecutor.java:90)
	at com.kms.katalon.core.main.TestCaseMain.startTestSuite(TestCaseMain.java:157)
	at com.kms.katalon.core.main.TestCaseMain$startTestSuite$0.call(Unknown Source)
	at TempTestSuite1599114921433.run(TempTestSuite1599114921433.groovy:39)
Caused by: com.kms.katalon.core.exception.StepFailedException: Unable to click on object 'Object Repository/V2/Commons/DasboardPage_SidebarMenu/MeetingsMenu'
	at com.kms.katalon.core.webui.keyword.internal.WebUIKeywordMain.stepFailed(WebUIKeywordMain.groovy:64)
	at com.kms.katalon.core.webui.keyword.internal.WebUIKeywordMain.runKeyword(WebUIKeywordMain.groovy:26)
	at com.kms.katalon.core.webui.keyword.builtin.ClickKeyword.click(ClickKeyword.groovy:76)
	at com.kms.katalon.core.webui.keyword.builtin.ClickKeyword.execute(ClickKeyword.groovy:43)
	at com.kms.katalon.core.keyword.internal.KeywordExecutor.executeKeywordForPlatform(KeywordExecutor.groovy:73)
	at com.kms.katalon.core.webui.keyword.WebUiBuiltInKeywords.click(WebUiBuiltInKeywords.groovy:616)
	at com.kms.katalon.core.webui.keyword.WebUiBuiltInKeywords$click$5.call(Unknown Source)
	at PR_369_7_EditMeetingCreateRock_Admin.run(PR_369_7_EditMeetingCreateRock_Admin:34)
	at com.kms.katalon.core.main.ScriptEngine.run(ScriptEngine.java:194)
	at com.kms.katalon.core.main.ScriptEngine.runScriptAsRawText(ScriptEngine.java:119)
	at com.kms.katalon.core.main.TestCaseExecutor.runScript(TestCaseExecutor.java:339)
	at com.kms.katalon.core.main.TestCaseExecutor.doExecute(TestCaseExecutor.java:330)
	at com.kms.katalon.core.main.TestCaseExecutor.processExecutionPhase(TestCaseExecutor.java:309)
	at com.kms.katalon.core.main.TestCaseExecutor.accessMainPhase(TestCaseExecutor.java:301)
	at com.kms.katalon.core.main.TestCaseExecutor.execute(TestCaseExecutor.java:235)
	at com.kms.katalon.core.main.TestCaseMain.runTestCase(TestCaseMain.java:114)
	at com.kms.katalon.core.keyword.builtin.CallTestCaseKeyword$_callTestCase_closure1.doCall(CallTestCaseKeyword.groovy:59)
	... 20 more
Caused by: org.openqa.selenium.ElementClickInterceptedException: element click intercepted: Element <div class="sidebar__content-item">...</div> is not clickable at point (150, 164). Other element would receive the click: <div class="Backdrop-sc-102srga-0 jjKzmU"></div>
  (Session info: chrome=85.0.4183.83)
Build info: version: '3.141.59', revision: 'e82be7d358', time: '2018-11-14T08:25:53'
System info: host: 'DESKTOP-O0IP7CU', ip: '192.168.1.48', os.name: 'Windows 10', os.arch: 'amd64', os.version: '10.0', java.version: '1.8.0_181'
Driver info: org.openqa.selenium.chrome.ChromeDriver
Capabilities {acceptInsecureCerts: false, browserName: chrome, browserVersion: 85.0.4183.83, chrome: {chromedriverVersion: 85.0.4183.87 (cd6713ebf92fa..., userDataDir: C:\Users\Aaron-PC\AppData\L...}, goog:chromeOptions: {debuggerAddress: localhost:49206}, javascriptEnabled: true, networkConnectionEnabled: false, pageLoadStrategy: normal, platform: WINDOWS, platformName: WINDOWS, proxy: Proxy(), setWindowRect: true, strictFileInteractability: false, timeouts: {implicit: 0, pageLoad: 300000, script: 30000}, unhandledPromptBehavior: dismiss and notify, webauthn:virtualAuthenticators: true}
Session ID: 627caca33a2b1791d2e0986dfae791bd
	at org.openqa.selenium.remote.http.W3CHttpResponseCodec.createException(W3CHttpResponseCodec.java:187)
	at org.openqa.selenium.remote.http.W3CHttpResponseCodec.decode(W3CHttpResponseCodec.java:122)
	at org.openqa.selenium.remote.http.W3CHttpResponseCodec.decode(W3CHttpResponseCodec.java:49)
	at org.openqa.selenium.remote.HttpCommandExecutor.execute(HttpCommandExecutor.java:158)
	at org.openqa.selenium.remote.service.DriverCommandExecutor.execute(DriverCommandExecutor.java:83)
	at org.openqa.selenium.remote.RemoteWebDriver.execute(RemoteWebDriver.java:552)
	at org.openqa.selenium.remote.RemoteWebElement.execute(RemoteWebElement.java:285)
	at org.openqa.selenium.remote.RemoteWebElement.click(RemoteWebElement.java:84)
	at org.openqa.selenium.support.events.EventFiringWebDriver$EventFiringWebElement.lambda$new$0(EventFiringWebDriver.java:404)
	at com.sun.proxy.$Proxy10.click(Unknown Source)
	at org.openqa.selenium.support.events.EventFiringWebDriver$EventFiringWebElement.click(EventFiringWebDriver.java:417)
	at com.kms.katalon.core.webui.keyword.builtin.ClickKeyword$_click_closure1.doCall(ClickKeyword.groovy:69)
	at com.kms.katalon.core.webui.keyword.builtin.ClickKeyword$_click_closure1.call(ClickKeyword.groovy)
	at com.kms.katalon.core.webui.keyword.internal.WebUIKeywordMain.runKeyword(WebUIKeywordMain.groovy:20)
	... 35 more]]></system-out>
      <system-err><![CDATA[2020-09-03 14:35:22 - [TEST_SUITE][FAILED] - PR-369_TestSuite: Test Cases/V2/Test Case/Tests/PR-369 - EditMeetingAgenda/Test Cases/Positive/TT_369_2_CreateRock_AllTestCase FAILED.
Reason:
com.kms.katalon.core.exception.StepFailedException: Call Test Case 'Test Cases/V2/Test Case/Tests/PR-369 - EditMeetingAgenda/Test Cases/Positive/Admin/PR_369_7_EditMeetingCreateRock_Admin' failed
	at com.kms.katalon.core.keyword.builtin.CallTestCaseKeyword$_callTestCase_closure1.doCall(CallTestCaseKeyword.groovy:63)
	at com.kms.katalon.core.keyword.builtin.CallTestCaseKeyword$_callTestCase_closure1.call(CallTestCaseKeyword.groovy)
	at com.kms.katalon.core.keyword.internal.KeywordMain.runKeyword(KeywordMain.groovy:68)
	at com.kms.katalon.core.keyword.builtin.CallTestCaseKeyword.callTestCase(CallTestCaseKeyword.groovy:81)
	at com.kms.katalon.core.keyword.builtin.CallTestCaseKeyword.execute(CallTestCaseKeyword.groovy:44)
	at com.kms.katalon.core.keyword.internal.KeywordExecutor.executeKeywordForPlatform(KeywordExecutor.groovy:73)
	at com.kms.katalon.core.keyword.BuiltinKeywords.callTestCase(BuiltinKeywords.groovy:334)
	at TT_369_2_CreateRock_AllTestCase.run(TT_369_2_CreateRock_AllTestCase:78)
	at com.kms.katalon.core.main.ScriptEngine.run(ScriptEngine.java:194)
	at com.kms.katalon.core.main.ScriptEngine.runScriptAsRawText(ScriptEngine.java:119)
	at com.kms.katalon.core.main.TestCaseExecutor.runScript(TestCaseExecutor.java:339)
	at com.kms.katalon.core.main.TestCaseExecutor.doExecute(TestCaseExecutor.java:330)
	at com.kms.katalon.core.main.TestCaseExecutor.processExecutionPhase(TestCaseExecutor.java:309)
	at com.kms.katalon.core.main.TestCaseExecutor.accessMainPhase(TestCaseExecutor.java:301)
	at com.kms.katalon.core.main.TestCaseExecutor.execute(TestCaseExecutor.java:235)
	at com.kms.katalon.core.main.TestSuiteExecutor.accessTestCaseMainPhase(TestSuiteExecutor.java:191)
	at com.kms.katalon.core.main.TestSuiteExecutor.accessTestSuiteMainPhase(TestSuiteExecutor.java:141)
	at com.kms.katalon.core.main.TestSuiteExecutor.execute(TestSuiteExecutor.java:90)
	at com.kms.katalon.core.main.TestCaseMain.startTestSuite(TestCaseMain.java:157)
	at com.kms.katalon.core.main.TestCaseMain$startTestSuite$0.call(Unknown Source)
	at TempTestSuite1599114921433.run(TempTestSuite1599114921433.groovy:39)
Caused by: com.kms.katalon.core.exception.StepFailedException: Unable to click on object 'Object Repository/V2/Commons/DasboardPage_SidebarMenu/MeetingsMenu'
	at com.kms.katalon.core.webui.keyword.internal.WebUIKeywordMain.stepFailed(WebUIKeywordMain.groovy:64)
	at com.kms.katalon.core.webui.keyword.internal.WebUIKeywordMain.runKeyword(WebUIKeywordMain.groovy:26)
	at com.kms.katalon.core.webui.keyword.builtin.ClickKeyword.click(ClickKeyword.groovy:76)
	at com.kms.katalon.core.webui.keyword.builtin.ClickKeyword.execute(ClickKeyword.groovy:43)
	at com.kms.katalon.core.keyword.internal.KeywordExecutor.executeKeywordForPlatform(KeywordExecutor.groovy:73)
	at com.kms.katalon.core.webui.keyword.WebUiBuiltInKeywords.click(WebUiBuiltInKeywords.groovy:616)
	at com.kms.katalon.core.webui.keyword.WebUiBuiltInKeywords$click$5.call(Unknown Source)
	at PR_369_7_EditMeetingCreateRock_Admin.run(PR_369_7_EditMeetingCreateRock_Admin:34)
	at com.kms.katalon.core.main.ScriptEngine.run(ScriptEngine.java:194)
	at com.kms.katalon.core.main.ScriptEngine.runScriptAsRawText(ScriptEngine.java:119)
	at com.kms.katalon.core.main.TestCaseExecutor.runScript(TestCaseExecutor.java:339)
	at com.kms.katalon.core.main.TestCaseExecutor.doExecute(TestCaseExecutor.java:330)
	at com.kms.katalon.core.main.TestCaseExecutor.processExecutionPhase(TestCaseExecutor.java:309)
	at com.kms.katalon.core.main.TestCaseExecutor.accessMainPhase(TestCaseExecutor.java:301)
	at com.kms.katalon.core.main.TestCaseExecutor.execute(TestCaseExecutor.java:235)
	at com.kms.katalon.core.main.TestCaseMain.runTestCase(TestCaseMain.java:114)
	at com.kms.katalon.core.keyword.builtin.CallTestCaseKeyword$_callTestCase_closure1.doCall(CallTestCaseKeyword.groovy:59)
	... 20 more
Caused by: org.openqa.selenium.ElementClickInterceptedException: element click intercepted: Element <div class="sidebar__content-item">...</div> is not clickable at point (150, 164). Other element would receive the click: <div class="Backdrop-sc-102srga-0 jjKzmU"></div>
  (Session info: chrome=85.0.4183.83)
Build info: version: '3.141.59', revision: 'e82be7d358', time: '2018-11-14T08:25:53'
System info: host: 'DESKTOP-O0IP7CU', ip: '192.168.1.48', os.name: 'Windows 10', os.arch: 'amd64', os.version: '10.0', java.version: '1.8.0_181'
Driver info: org.openqa.selenium.chrome.ChromeDriver
Capabilities {acceptInsecureCerts: false, browserName: chrome, browserVersion: 85.0.4183.83, chrome: {chromedriverVersion: 85.0.4183.87 (cd6713ebf92fa..., userDataDir: C:\Users\Aaron-PC\AppData\L...}, goog:chromeOptions: {debuggerAddress: localhost:49206}, javascriptEnabled: true, networkConnectionEnabled: false, pageLoadStrategy: normal, platform: WINDOWS, platformName: WINDOWS, proxy: Proxy(), setWindowRect: true, strictFileInteractability: false, timeouts: {implicit: 0, pageLoad: 300000, script: 30000}, unhandledPromptBehavior: dismiss and notify, webauthn:virtualAuthenticators: true}
Session ID: 627caca33a2b1791d2e0986dfae791bd
	at org.openqa.selenium.remote.http.W3CHttpResponseCodec.createException(W3CHttpResponseCodec.java:187)
	at org.openqa.selenium.remote.http.W3CHttpResponseCodec.decode(W3CHttpResponseCodec.java:122)
	at org.openqa.selenium.remote.http.W3CHttpResponseCodec.decode(W3CHttpResponseCodec.java:49)
	at org.openqa.selenium.remote.HttpCommandExecutor.execute(HttpCommandExecutor.java:158)
	at org.openqa.selenium.remote.service.DriverCommandExecutor.execute(DriverCommandExecutor.java:83)
	at org.openqa.selenium.remote.RemoteWebDriver.execute(RemoteWebDriver.java:552)
	at org.openqa.selenium.remote.RemoteWebElement.execute(RemoteWebElement.java:285)
	at org.openqa.selenium.remote.RemoteWebElement.click(RemoteWebElement.java:84)
	at org.openqa.selenium.support.events.EventFiringWebDriver$EventFiringWebElement.lambda$new$0(EventFiringWebDriver.java:404)
	at com.sun.proxy.$Proxy10.click(Unknown Source)
	at org.openqa.selenium.support.events.EventFiringWebDriver$EventFiringWebElement.click(EventFiringWebDriver.java:417)
	at com.kms.katalon.core.webui.keyword.builtin.ClickKeyword$_click_closure1.doCall(ClickKeyword.groovy:69)
	at com.kms.katalon.core.webui.keyword.builtin.ClickKeyword$_click_closure1.call(ClickKeyword.groovy)
	at com.kms.katalon.core.webui.keyword.internal.WebUIKeywordMain.runKeyword(WebUIKeywordMain.groovy:20)
	... 35 more]]></system-err>
   </testsuite>
</testsuites>
