<?xml version="1.0" encoding="UTF-8"?>
<testsuites name="TT-238_TestSuite" time="243.668" tests="1" failures="0" errors="0">
   <testsuite name="TT-238_TestSuite" tests="1" failures="0" errors="0" time="243.668" timestamp="2020-09-29 20:43:27" hostname="Aaron-PC - host.docker.internal" id="Test Suites/V2/Tests/TT-238 - VTO/Positive/TT-238_TestSuite">
      <properties>
         <property name="deviceName" value=""/>
         <property name="devicePlatform" value=""/>
         <property name="logFolder" value="C:\\Users\\Aaron-PC\\git\\TractionTools\\Reports\\20200929_204326\\V2\\Tests\\TT-238 - VTO\\Positive\\TT-238_TestSuite\\20200929_204326"/>
         <property name="logFiles" value="C:\\Users\\Aaron-PC\\git\\TractionTools\\Reports\\20200929_204326\\V2\\Tests\\TT-238 - VTO\\Positive\\TT-238_TestSuite\\20200929_204326\\execution0.log"/>
         <property name="attachments" value=""/>
         <property name="hostName" value="Aaron-PC - host.docker.internal"/>
         <property name="os" value="Windows 10 64bit"/>
         <property name="katalonVersion" value="7.6.6.205"/>
         <property name="browser" value="Chrome 85.0.4183.121"/>
         <property name="hostAddress" value="192.168.1.48"/>
         <property name="sessionId" value="049e6fe935f13912e489b818cd9e0686"/>
         <property name="seleniumVersion" value="3.141.59"/>
         <property name="proxyInformation" value="ProxyInformation { proxyOption=NO_PROXY, proxyServerType=HTTP, username=, password=********, proxyServerAddress=, proxyServerPort=0, executionList=&quot;&quot;, isApplyToDesiredCapabilities=true }"/>
         <property name="platform" value="Windows 10"/>
      </properties>
      <testcase name="Test Cases/V2/Test Case/Tests/TT-238 - VTO/Test Cases/Positive/TT_369_2_EditCoreValues_AllTestCase" time="243.052" classname="Test Cases/V2/Test Case/Tests/TT-238 - VTO/Test Cases/Positive/TT_369_2_EditCoreValues_AllTestCase" status="PASSED">
         <system-out><![CDATA[2020-09-29 20:43:28 - [TEST_CASE][PASSED] - Test Cases/V2/Test Case/Tests/TT-238 - VTO/Test Cases/Positive/TT_369_2_EditCoreValues_AllTestCase: Test Cases/V2/Test Case/Tests/TT-238 - VTO/Test Cases/Positive/TT_369_2_EditCoreValues_AllTestCase

2020-09-29 20:43:28 - [TEST_STEP][PASSED] - callTestCase(findTestCase("V2/Test Case/Pre-conditions/PRE_RegisterAndActivateTTUsers"), ["admin_fname":admin_fname, "lastname":lastname, "phonenumber":"9999999999", "company":"Traction Tools", "password":password, ... ], STOP_ON_FAILURE): Call Test Case 'Test Cases/V2/Test Case/Pre-conditions/PRE_RegisterAndActivateTTUsers' successfully

2020-09-29 20:43:28 - [TEST_CASE][PASSED] - Test Cases/V2/Test Case/Pre-conditions/PRE_RegisterAndActivateTTUsers: Test Cases/V2/Test Case/Pre-conditions/PRE_RegisterAndActivateTTUsers

2020-09-29 20:43:28 - [TEST_STEP][PASSED] - email = tt_CustomKeywords.CustomKeywords.GenerateRandomEmailAddress(admin_email_prefix, admin_email_domain, randomTextLength): Successfully generated a random email: tractiontools.user001+ta5mrsr0@gmail.com

2020-09-29 20:43:28 - [MESSAGE][PASSED] - Successfully generated a random email: tractiontools.user001+ta5mrsr0@gmail.com

2020-09-29 20:43:28 - [TEST_STEP][PASSED] - supervisor_email = tt_CustomKeywords.CustomKeywords.GenerateRandomEmailAddress(supervisor_email_prefix, supervisor_email_domain, randomTextLength): Successfully generated a random email: tractiontools.user001+ts5zjrse@gmail.com

2020-09-29 20:43:28 - [MESSAGE][PASSED] - Successfully generated a random email: tractiontools.user001+ts5zjrse@gmail.com

2020-09-29 20:43:28 - [TEST_STEP][PASSED] - employee_email = tt_CustomKeywords.CustomKeywords.GenerateRandomEmailAddress(employee_email_prefix, employee_email_domain, randomTextLength): Successfully generated a random email: tractiontools.user001+te53hubx@gmail.com

2020-09-29 20:43:28 - [MESSAGE][PASSED] - Successfully generated a random email: tractiontools.user001+te53hubx@gmail.com

2020-09-29 20:43:28 - [TEST_STEP][PASSED] - adminDetails = tt_CustomKeywords.CustomKeywords.RegisterUserViaAPIAndGenerateActivateURL(email, admin_fname, lastname, phonenumber, company, "__JSON__{\"howDidYouHearAboutUs\":\"Facebook\",\"implementer\":\"\",\"existingTractionToolsClient\":\"\",\"other\":\"\"}", "__JSON__{\"timeZone\":\"America/Guatemala\",\"brandColor\":\"#023047\",\"q1Start\":null,\"q1End\":null,\"q2Start\":null,\"q2End\":null,\"q3Start\":null,\"q3End\":null,\"q4Start\":null,\"q4End\":null,\"quarterDatesSetsRocks\":false,\"exportUsers\":false,\"exportRocks\":false,\"exportRocksIncludesMilestones\":false,\"exportScorecards\":false,\"exportTodos\":false,\"exportTodosIncludesNotes\":false,\"exportPeopleHeadlines\":false,\"exportPeopleHeadlinesIncludesNotes\":false,\"exportIssues\":false,\"exportIssuesIncludesNotes\":false,\"exportContextAwareTodos\":false,\"dateFormat\":\"MM/DD/YYYY\",\"timeFormat\":\"h:mma\",\"numberFormat\":\"-1,000.99\",\"supervisorsArchiveRestoreUsers\":false,\"supervisorsEditPositions\":false,\"milestonesAvailableToAll\":false,\"customMeetingTemplatesEnabled\":false,\"receiveTodoReminders\":false,\"todoReminderTime\":\"13:00\",\"todoReminderTimeZone\":\"America/Guatemala\",\"todoReminderFrequency\":\"DAILY\",\"vtoMeetingId\":\"\",\"vtoDisplayMode\":\"ALL\",\"coreValues\":[{\"id\":\"1\",\"text\":\"\"},{\"id\":\"2\",\"text\":\"\"},{\"id\":\"3\",\"text\":\"\"}]}", password, V2Url): SUCCESFFULLY registered a new user via API. 
 Generated Activation Link: 
https://meetingmaster.dev02.tt-devs.com/activate?activationKey=d2086fa7-54f6-4733-9b3f-08196bb4adb1&userId=feba6cf1-d56b-11b1-c91e-50e55d309164&orgId=d4ba6cf1-d3ac-638d-5c6c-126beb992ea3&email=tractiontools.user001+ta5mrsr0@gmail.com&teamsId=f8ba6cf1-d3f3-f7b7-ef4e-527246976214&meetingsId=12ba6cf1-d3e0-d74a-aa88-d125e8e9cd8a&adminsId=8cba6cf1-d615-926e-49cb-9b19bfe64880&usersId=1aba6cf1-d406-df1a-91da-d58788b7c45e&supervisorsId=7cba6cf1-d3cd-da4a-00d9-65ca1c32dd73&accountabilityChartId=6eba6cf1-d419-afdd-39e7-c85520692a4b&isCreator=1

2020-09-29 20:43:31 - [MESSAGE][PASSED] - SUCCESFFULLY registered a new user via API. 
 Generated Activation Link: 
https://meetingmaster.dev02.tt-devs.com/activate?activationKey=d2086fa7-54f6-4733-9b3f-08196bb4adb1&userId=feba6cf1-d56b-11b1-c91e-50e55d309164&orgId=d4ba6cf1-d3ac-638d-5c6c-126beb992ea3&email=tractiontools.user001+ta5mrsr0@gmail.com&teamsId=f8ba6cf1-d3f3-f7b7-ef4e-527246976214&meetingsId=12ba6cf1-d3e0-d74a-aa88-d125e8e9cd8a&adminsId=8cba6cf1-d615-926e-49cb-9b19bfe64880&usersId=1aba6cf1-d406-df1a-91da-d58788b7c45e&supervisorsId=7cba6cf1-d3cd-da4a-00d9-65ca1c32dd73&accountabilityChartId=6eba6cf1-d419-afdd-39e7-c85520692a4b&isCreator=1

2020-09-29 20:43:31 - [TEST_STEP][PASSED] - activationURL = adminDetails[0]: null

2020-09-29 20:43:31 - [TEST_STEP][PASSED] - orgID = adminDetails[1]: null

2020-09-29 20:43:31 - [TEST_STEP][PASSED] - out.println("URL: " + activationURL): null

2020-09-29 20:43:31 - [TEST_STEP][PASSED] - out.println("orgID: " + orgID): null

2020-09-29 20:43:31 - [TEST_STEP][PASSED] - supervisorUser_name = supervisor_fname + " " + lastname: null

2020-09-29 20:43:31 - [TEST_STEP][PASSED] - openBrowser(""): Browser is opened with url: ''

2020-09-29 20:43:31 - [MESSAGE][INFO] - Starting 'Chrome' driver

2020-09-29 20:43:31 - [MESSAGE][INFO] - Action delay is set to 0 milliseconds

2020-09-29 20:43:35 - [MESSAGE][PASSED] - Browser is opened with url: ''

2020-09-29 20:43:35 - [TEST_STEP][PASSED] - maximizeWindow(): Current window maximized

2020-09-29 20:43:37 - [MESSAGE][PASSED] - Current window maximized

2020-09-29 20:43:37 - [TEST_STEP][PASSED] - callTestCase(findTestCase("V2/Test Case/Pre-conditions/PRE_ActivateNewUser"), ["activationURL":activationURL, "email":email, "password":password], STOP_ON_FAILURE): Call Test Case 'Test Cases/V2/Test Case/Pre-conditions/PRE_ActivateNewUser' successfully

2020-09-29 20:43:37 - [TEST_CASE][PASSED] - Test Cases/V2/Test Case/Pre-conditions/PRE_ActivateNewUser: Test Cases/V2/Test Case/Pre-conditions/PRE_ActivateNewUser

2020-09-29 20:43:38 - [TEST_STEP][PASSED] - navigateToUrl(activationURL): Navigate to 'https://meetingmaster.dev02.tt-devs.com/activate?activationKey=d2086fa7-54f6-4733-9b3f-08196bb4adb1&userId=feba6cf1-d56b-11b1-c91e-50e55d309164&orgId=d4ba6cf1-d3ac-638d-5c6c-126beb992ea3&email=tractiontools.user001+ta5mrsr0@gmail.com&teamsId=f8ba6cf1-d3f3-f7b7-ef4e-527246976214&meetingsId=12ba6cf1-d3e0-d74a-aa88-d125e8e9cd8a&adminsId=8cba6cf1-d615-926e-49cb-9b19bfe64880&usersId=1aba6cf1-d406-df1a-91da-d58788b7c45e&supervisorsId=7cba6cf1-d3cd-da4a-00d9-65ca1c32dd73&accountabilityChartId=6eba6cf1-d419-afdd-39e7-c85520692a4b&isCreator=1' successfully

2020-09-29 20:43:39 - [MESSAGE][PASSED] - Navigate to 'https://meetingmaster.dev02.tt-devs.com/activate?activationKey=d2086fa7-54f6-4733-9b3f-08196bb4adb1&userId=feba6cf1-d56b-11b1-c91e-50e55d309164&orgId=d4ba6cf1-d3ac-638d-5c6c-126beb992ea3&email=tractiontools.user001+ta5mrsr0@gmail.com&teamsId=f8ba6cf1-d3f3-f7b7-ef4e-527246976214&meetingsId=12ba6cf1-d3e0-d74a-aa88-d125e8e9cd8a&adminsId=8cba6cf1-d615-926e-49cb-9b19bfe64880&usersId=1aba6cf1-d406-df1a-91da-d58788b7c45e&supervisorsId=7cba6cf1-d3cd-da4a-00d9-65ca1c32dd73&accountabilityChartId=6eba6cf1-d419-afdd-39e7-c85520692a4b&isCreator=1' successfully

2020-09-29 20:43:39 - [TEST_STEP][PASSED] - waitForElementVisible(findTestObject("V2/Commons/ActivationPage/input_Email_email"), DefaultTimeout): Object 'Object Repository/V2/Commons/ActivationPage/input_Email_email' is visible

2020-09-29 20:43:44 - [MESSAGE][PASSED] - Object 'Object Repository/V2/Commons/ActivationPage/input_Email_email' is visible

2020-09-29 20:43:44 - [TEST_STEP][PASSED] - actual_email = getAttribute(findTestObject("Object Repository/V2/Commons/ActivationPage/input_Email_email"), "value"): Attribute 'value' of object 'Object Repository/V2/Commons/ActivationPage/input_Email_email' is: 'tractiontools.user001+ta5mrsr0@gmail.com'

2020-09-29 20:43:44 - [MESSAGE][PASSED] - Attribute 'value' of object 'Object Repository/V2/Commons/ActivationPage/input_Email_email' is: 'tractiontools.user001+ta5mrsr0@gmail.com'

2020-09-29 20:43:44 - [TEST_STEP][PASSED] - verifyMatch(actual_email, email, false): Actual text 'tractiontools.user001+ta5mrsr0@gmail.com' and expected text 'tractiontools.user001+ta5mrsr0@gmail.com' are matched 

2020-09-29 20:43:44 - [MESSAGE][PASSED] - Actual text 'tractiontools.user001+ta5mrsr0@gmail.com' and expected text 'tractiontools.user001+ta5mrsr0@gmail.com' are matched 

2020-09-29 20:43:44 - [TEST_STEP][PASSED] - setText(findTestObject("V2/Commons/ActivationPage/input_password"), password): Text 'Qwer123!' is set on object 'Object Repository/V2/Commons/ActivationPage/input_password'

2020-09-29 20:43:45 - [MESSAGE][PASSED] - Text 'Qwer123!' is set on object 'Object Repository/V2/Commons/ActivationPage/input_password'

2020-09-29 20:43:45 - [TEST_STEP][PASSED] - setText(findTestObject("Object Repository/V2/Commons/ActivationPage/input__passwordRepeat"), password): Text 'Qwer123!' is set on object 'Object Repository/V2/Commons/ActivationPage/input__passwordRepeat'

2020-09-29 20:43:46 - [MESSAGE][PASSED] - Text 'Qwer123!' is set on object 'Object Repository/V2/Commons/ActivationPage/input__passwordRepeat'

2020-09-29 20:43:46 - [TEST_STEP][PASSED] - click(findTestObject("V2/Commons/ActivationPage/input_termsandconditions")): Object: 'Object Repository/V2/Commons/ActivationPage/input_termsandconditions' is clicked on

2020-09-29 20:43:46 - [MESSAGE][PASSED] - Object: 'Object Repository/V2/Commons/ActivationPage/input_termsandconditions' is clicked on

2020-09-29 20:43:46 - [TEST_STEP][PASSED] - click(findTestObject("Object Repository/V2/Commons/ActivationPage/div_Create account")): Object: 'Object Repository/V2/Commons/ActivationPage/div_Create account' is clicked on

2020-09-29 20:43:47 - [MESSAGE][PASSED] - Object: 'Object Repository/V2/Commons/ActivationPage/div_Create account' is clicked on

2020-09-29 20:43:47 - [TEST_STEP][PASSED] - waitForElementPresent(findTestObject("V2/Commons/DasboardPage_SidebarMenu/img_Home_logo-big"), DefaultTimeout): Object 'Object Repository/V2/Commons/DasboardPage_SidebarMenu/img_Home_logo-big' is present

2020-09-29 20:43:53 - [MESSAGE][PASSED] - Object 'Object Repository/V2/Commons/DasboardPage_SidebarMenu/img_Home_logo-big' is present

2020-09-29 20:43:53 - [TEST_STEP][PASSED] - verifyElementPresent(findTestObject("V2/Commons/DasboardPage_SidebarMenu/img_Home_logo-big"), 0): Object 'Object Repository/V2/Commons/DasboardPage_SidebarMenu/img_Home_logo-big' is present

2020-09-29 20:43:53 - [MESSAGE][WARNING] - Timeout '0' is invalid. Using default page load timeout: '30'

2020-09-29 20:43:53 - [MESSAGE][PASSED] - Object 'Object Repository/V2/Commons/DasboardPage_SidebarMenu/img_Home_logo-big' is present

2020-09-29 20:43:53 - [MESSAGE][PASSED] - Call Test Case 'Test Cases/V2/Test Case/Pre-conditions/PRE_ActivateNewUser' successfully

2020-09-29 20:43:53 - [TEST_STEP][PASSED] - callTestCase(findTestCase("V2/Test Case/Pre-conditions/PRE_SkipCompanyAndPersonalProfileSetup"), [:], STOP_ON_FAILURE): Call Test Case 'Test Cases/V2/Test Case/Pre-conditions/PRE_SkipCompanyAndPersonalProfileSetup' successfully

2020-09-29 20:43:53 - [TEST_CASE][PASSED] - Test Cases/V2/Test Case/Pre-conditions/PRE_SkipCompanyAndPersonalProfileSetup: Test Cases/V2/Test Case/Pre-conditions/PRE_SkipCompanyAndPersonalProfileSetup

2020-09-29 20:43:53 - [TEST_STEP][PASSED] - waitForElementVisible(findTestObject("V2/Commons/FirstUpdateCompanyAndPersonalInfoModal/confirmCompanyInfoHeader_h1"), DefaultTimeout): Object 'Object Repository/V2/Commons/FirstUpdateCompanyAndPersonalInfoModal/confirmCompanyInfoHeader_h1' is visible

2020-09-29 20:43:54 - [MESSAGE][PASSED] - Object 'Object Repository/V2/Commons/FirstUpdateCompanyAndPersonalInfoModal/confirmCompanyInfoHeader_h1' is visible

2020-09-29 20:43:54 - [TEST_STEP][PASSED] - click(findTestObject("V2/Commons/FirstUpdateCompanyAndPersonalInfoModal/confirmInfoSkip_button")): Object: 'Object Repository/V2/Commons/FirstUpdateCompanyAndPersonalInfoModal/confirmInfoSkip_button' is clicked on

2020-09-29 20:43:54 - [MESSAGE][PASSED] - Object: 'Object Repository/V2/Commons/FirstUpdateCompanyAndPersonalInfoModal/confirmInfoSkip_button' is clicked on

2020-09-29 20:43:54 - [TEST_STEP][PASSED] - waitForElementVisible(findTestObject("V2/Commons/FirstUpdateCompanyAndPersonalInfoModal/confirmPersonalInfoHeader_h1"), DefaultTimeout): Object 'Object Repository/V2/Commons/FirstUpdateCompanyAndPersonalInfoModal/confirmPersonalInfoHeader_h1' is visible

2020-09-29 20:43:55 - [MESSAGE][PASSED] - Object 'Object Repository/V2/Commons/FirstUpdateCompanyAndPersonalInfoModal/confirmPersonalInfoHeader_h1' is visible

2020-09-29 20:43:55 - [TEST_STEP][PASSED] - click(findTestObject("V2/Commons/FirstUpdateCompanyAndPersonalInfoModal/confirmInfoSkip_button")): Object: 'Object Repository/V2/Commons/FirstUpdateCompanyAndPersonalInfoModal/confirmInfoSkip_button' is clicked on

2020-09-29 20:43:55 - [MESSAGE][PASSED] - Object: 'Object Repository/V2/Commons/FirstUpdateCompanyAndPersonalInfoModal/confirmInfoSkip_button' is clicked on

2020-09-29 20:43:55 - [TEST_STEP][PASSED] - waitForElementVisible(findTestObject("V2/Commons/FirstUpdateCompanyAndPersonalInfoModal/letsGetStarted_button"), DefaultTimeout): Object 'Object Repository/V2/Commons/FirstUpdateCompanyAndPersonalInfoModal/letsGetStarted_button' is visible

2020-09-29 20:43:56 - [MESSAGE][PASSED] - Object 'Object Repository/V2/Commons/FirstUpdateCompanyAndPersonalInfoModal/letsGetStarted_button' is visible

2020-09-29 20:43:56 - [TEST_STEP][PASSED] - click(findTestObject("V2/Commons/FirstUpdateCompanyAndPersonalInfoModal/letsGetStarted_button")): Object: 'Object Repository/V2/Commons/FirstUpdateCompanyAndPersonalInfoModal/letsGetStarted_button' is clicked on

2020-09-29 20:43:56 - [MESSAGE][PASSED] - Object: 'Object Repository/V2/Commons/FirstUpdateCompanyAndPersonalInfoModal/letsGetStarted_button' is clicked on

2020-09-29 20:43:56 - [MESSAGE][PASSED] - Call Test Case 'Test Cases/V2/Test Case/Pre-conditions/PRE_SkipCompanyAndPersonalProfileSetup' successfully

2020-09-29 20:43:56 - [TEST_STEP][PASSED] - supervisor_activationURL = tt_CustomKeywords.CustomKeywords.RegisterAndActivateSupervisorUserViaAPI(V2Url, orgID, supervisor_email, password, email, password, supervisor_fname, lastname): SUCCESFFULLY registered a new user via API. 
 Generated Activation Link: 
https://meetingmaster.dev02.tt-devs.com/activate?activationKey=ce65fa26-a288-41a3-b791-3397161b0700&userId=94ba6cf2-08c7-48bb-3d10-fbf9c34d44a6&orgId=d4ba6cf1-d3ac-638d-5c6c-126beb992ea3&email=tractiontools.user001+ts5zjrse@gmail.com&isCreator=0

2020-09-29 20:43:57 - [MESSAGE][PASSED] - SUCCESFFULLY registered a new user via API. 
 Generated Activation Link: 
https://meetingmaster.dev02.tt-devs.com/activate?activationKey=ce65fa26-a288-41a3-b791-3397161b0700&userId=94ba6cf2-08c7-48bb-3d10-fbf9c34d44a6&orgId=d4ba6cf1-d3ac-638d-5c6c-126beb992ea3&email=tractiontools.user001+ts5zjrse@gmail.com&isCreator=0

2020-09-29 20:43:57 - [TEST_STEP][PASSED] - callTestCase(findTestCase("V2/Test Case/Pre-conditions/PRE_ChangeUserPermissionViaManageUser"), ["showMenuItemsPath":"//div[@class='usercard__detail_container']/div[text()='%s']/ancestor::div[contains(@class,'usercard__content')]//button[@aria-label='Show Menu Items']", "user_email":supervisor_email, ... ], STOP_ON_FAILURE): Call Test Case 'Test Cases/V2/Test Case/Pre-conditions/PRE_ChangeUserPermissionViaManageUser' successfully

2020-09-29 20:43:57 - [TEST_CASE][PASSED] - Test Cases/V2/Test Case/Pre-conditions/PRE_ChangeUserPermissionViaManageUser: Test Cases/V2/Test Case/Pre-conditions/PRE_ChangeUserPermissionViaManageUser

2020-09-29 20:43:58 - [TEST_STEP][PASSED] - click(findTestObject("Object Repository/V2/Commons/ManageUsersPage/span_Company Settings")): Object: 'Object Repository/V2/Commons/ManageUsersPage/span_Company Settings' is clicked on

2020-09-29 20:43:58 - [MESSAGE][PASSED] - Object: 'Object Repository/V2/Commons/ManageUsersPage/span_Company Settings' is clicked on

2020-09-29 20:43:58 - [TEST_STEP][PASSED] - click(findTestObject("V2/Commons/DasboardPage_SidebarMenu/a_Manage Users")): Object: 'Object Repository/V2/Commons/DasboardPage_SidebarMenu/a_Manage Users' is clicked on

2020-09-29 20:43:58 - [MESSAGE][PASSED] - Object: 'Object Repository/V2/Commons/DasboardPage_SidebarMenu/a_Manage Users' is clicked on

2020-09-29 20:43:58 - [TEST_STEP][PASSED] - showMenuItemsObj = tt_CustomKeywords.CustomKeywords.CreateDynamicElement(showMenuItemsPath, user_email, "xpath"): Successfully created new dynamic object: //div[@class='usercard__detail_container']/div[text()='tractiontools.user001+ts5zjrse@gmail.com']/ancestor::div[contains(@class,'usercard__content')]//button[@aria-label='Show Menu Items']

2020-09-29 20:43:58 - [MESSAGE][PASSED] - Successfully created new dynamic object: //div[@class='usercard__detail_container']/div[text()='tractiontools.user001+ts5zjrse@gmail.com']/ancestor::div[contains(@class,'usercard__content')]//button[@aria-label='Show Menu Items']

2020-09-29 20:43:58 - [TEST_STEP][PASSED] - click(showMenuItemsObj): Object: '' is clicked on

2020-09-29 20:43:59 - [MESSAGE][PASSED] - Object: '' is clicked on

2020-09-29 20:43:59 - [TEST_STEP][PASSED] - click(findTestObject("Object Repository/V2/Commons/ManageUsersPage/div_Edit user")): Object: 'Object Repository/V2/Commons/ManageUsersPage/div_Edit user' is clicked on

2020-09-29 20:44:00 - [MESSAGE][PASSED] - Object: 'Object Repository/V2/Commons/ManageUsersPage/div_Edit user' is clicked on

2020-09-29 20:44:00 - [TEST_STEP][PASSED] - verifyElementPresent(findTestObject("V2/Commons/ManageUsersPage/div_PositionTitle"), DefaultTimeout): Object 'Object Repository/V2/Commons/ManageUsersPage/div_PositionTitle' is present

2020-09-29 20:44:00 - [MESSAGE][PASSED] - Object 'Object Repository/V2/Commons/ManageUsersPage/div_PositionTitle' is present

2020-09-29 20:44:00 - [TEST_STEP][PASSED] - setText(findTestObject("V2/Commons/ManageUsersPage/position_title_input"), position_title): Text 'QA Manager' is set on object 'Object Repository/V2/Commons/ManageUsersPage/position_title_input'

2020-09-29 20:44:01 - [MESSAGE][PASSED] - Text 'QA Manager' is set on object 'Object Repository/V2/Commons/ManageUsersPage/position_title_input'

2020-09-29 20:44:01 - [TEST_STEP][PASSED] - sendKeys(findTestObject("V2/Commons/ManageUsersPage/position_title_input"), Keys.chord(ENTER)): Keys 'ENTER + ' sent to object: 'Object Repository/V2/Commons/ManageUsersPage/position_title_input'

2020-09-29 20:44:01 - [MESSAGE][PASSED] - Keys 'ENTER + ' sent to object: 'Object Repository/V2/Commons/ManageUsersPage/position_title_input'

2020-09-29 20:44:01 - [TEST_STEP][PASSED] - if (permissionValue == "Employee"): null

2020-09-29 20:44:01 - [TEST_STEP][PASSED] - verifyElementPresent(findTestObject("Object Repository/V2/Commons/ManageUsersPage/div_User type"), DefaultTimeout): Object 'Object Repository/V2/Commons/ManageUsersPage/div_User type' is present

2020-09-29 20:44:02 - [MESSAGE][PASSED] - Object 'Object Repository/V2/Commons/ManageUsersPage/div_User type' is present

2020-09-29 20:44:02 - [TEST_STEP][PASSED] - click(findTestObject("Object Repository/V2/Commons/ManageUsersPage/input__orgRole")): Object: 'Object Repository/V2/Commons/ManageUsersPage/input__orgRole' is clicked on

2020-09-29 20:44:02 - [MESSAGE][PASSED] - Object: 'Object Repository/V2/Commons/ManageUsersPage/input__orgRole' is clicked on

2020-09-29 20:44:02 - [TEST_STEP][PASSED] - roleOptionObj = tt_CustomKeywords.CustomKeywords.CreateDynamicElement(roleOption, permissionValue, "xpath"): Successfully created new dynamic object: //span[text()='Supervisor']/parent::div[@role='option']

2020-09-29 20:44:02 - [MESSAGE][PASSED] - Successfully created new dynamic object: //span[text()='Supervisor']/parent::div[@role='option']

2020-09-29 20:44:02 - [TEST_STEP][PASSED] - click(roleOptionObj): Object: '' is clicked on

2020-09-29 20:44:03 - [MESSAGE][PASSED] - Object: '' is clicked on

2020-09-29 20:44:03 - [TEST_STEP][PASSED] - click(findTestObject("Object Repository/V2/Commons/ManageUsersPage/div_Save")): Object: 'Object Repository/V2/Commons/ManageUsersPage/div_Save' is clicked on

2020-09-29 20:44:03 - [MESSAGE][PASSED] - Object: 'Object Repository/V2/Commons/ManageUsersPage/div_Save' is clicked on

2020-09-29 20:44:03 - [TEST_STEP][PASSED] - waitForElementVisible(findTestObject("V2/Commons/ManageUsersPage/h3_User Saved"), DefaultTimeout): Object 'Object Repository/V2/Commons/ManageUsersPage/h3_User Saved' is visible

2020-09-29 20:44:06 - [MESSAGE][PASSED] - Object 'Object Repository/V2/Commons/ManageUsersPage/h3_User Saved' is visible

2020-09-29 20:44:06 - [TEST_STEP][PASSED] - verifyElementVisible(findTestObject("Object Repository/V2/Commons/ManageUsersPage/h3_User Saved")): Object 'Object Repository/V2/Commons/ManageUsersPage/h3_User Saved' is visible

2020-09-29 20:44:06 - [MESSAGE][PASSED] - Object 'Object Repository/V2/Commons/ManageUsersPage/h3_User Saved' is visible

2020-09-29 20:44:06 - [MESSAGE][PASSED] - Call Test Case 'Test Cases/V2/Test Case/Pre-conditions/PRE_ChangeUserPermissionViaManageUser' successfully

2020-09-29 20:44:06 - [TEST_STEP][PASSED] - employee_activationURL = tt_CustomKeywords.CustomKeywords.RegisterAndActivateSupervisorUserViaAPI(V2Url, orgID, employee_email, password, email, password, employee_fname, lastname): SUCCESFFULLY registered a new user via API. 
 Generated Activation Link: 
https://meetingmaster.dev02.tt-devs.com/activate?activationKey=be0bb568-a678-43fa-8105-d0b49643f02c&userId=a0ba6cf2-1c47-8d00-9719-08e0c1391ea3&orgId=d4ba6cf1-d3ac-638d-5c6c-126beb992ea3&email=tractiontools.user001+te53hubx@gmail.com&isCreator=0

2020-09-29 20:44:07 - [MESSAGE][PASSED] - SUCCESFFULLY registered a new user via API. 
 Generated Activation Link: 
https://meetingmaster.dev02.tt-devs.com/activate?activationKey=be0bb568-a678-43fa-8105-d0b49643f02c&userId=a0ba6cf2-1c47-8d00-9719-08e0c1391ea3&orgId=d4ba6cf1-d3ac-638d-5c6c-126beb992ea3&email=tractiontools.user001+te53hubx@gmail.com&isCreator=0

2020-09-29 20:44:07 - [TEST_STEP][PASSED] - callTestCase(findTestCase("V2/Test Case/Pre-conditions/PRE_ChangeUserPermissionViaManageUser"), ["showMenuItemsPath":"//div[@class='usercard__detail_container']/div[text()='%s']/ancestor::div[contains(@class,'usercard__content')]//button[@aria-label='Show Menu Items']", "user_email":employee_email, ... ], STOP_ON_FAILURE): Call Test Case 'Test Cases/V2/Test Case/Pre-conditions/PRE_ChangeUserPermissionViaManageUser' successfully

2020-09-29 20:44:07 - [TEST_CASE][PASSED] - Test Cases/V2/Test Case/Pre-conditions/PRE_ChangeUserPermissionViaManageUser: Test Cases/V2/Test Case/Pre-conditions/PRE_ChangeUserPermissionViaManageUser

2020-09-29 20:44:07 - [TEST_STEP][PASSED] - click(findTestObject("Object Repository/V2/Commons/ManageUsersPage/span_Company Settings")): Object: 'Object Repository/V2/Commons/ManageUsersPage/span_Company Settings' is clicked on

2020-09-29 20:44:08 - [MESSAGE][PASSED] - Object: 'Object Repository/V2/Commons/ManageUsersPage/span_Company Settings' is clicked on

2020-09-29 20:44:08 - [TEST_STEP][PASSED] - click(findTestObject("V2/Commons/DasboardPage_SidebarMenu/a_Manage Users")): Object: 'Object Repository/V2/Commons/DasboardPage_SidebarMenu/a_Manage Users' is clicked on

2020-09-29 20:44:08 - [MESSAGE][PASSED] - Object: 'Object Repository/V2/Commons/DasboardPage_SidebarMenu/a_Manage Users' is clicked on

2020-09-29 20:44:08 - [TEST_STEP][PASSED] - showMenuItemsObj = tt_CustomKeywords.CustomKeywords.CreateDynamicElement(showMenuItemsPath, user_email, "xpath"): Successfully created new dynamic object: //div[@class='usercard__detail_container']/div[text()='tractiontools.user001+te53hubx@gmail.com']/ancestor::div[contains(@class,'usercard__content')]//button[@aria-label='Show Menu Items']

2020-09-29 20:44:08 - [MESSAGE][PASSED] - Successfully created new dynamic object: //div[@class='usercard__detail_container']/div[text()='tractiontools.user001+te53hubx@gmail.com']/ancestor::div[contains(@class,'usercard__content')]//button[@aria-label='Show Menu Items']

2020-09-29 20:44:08 - [TEST_STEP][PASSED] - click(showMenuItemsObj): Object: '' is clicked on

2020-09-29 20:44:09 - [MESSAGE][PASSED] - Object: '' is clicked on

2020-09-29 20:44:09 - [TEST_STEP][PASSED] - click(findTestObject("Object Repository/V2/Commons/ManageUsersPage/div_Edit user")): Object: 'Object Repository/V2/Commons/ManageUsersPage/div_Edit user' is clicked on

2020-09-29 20:44:09 - [MESSAGE][PASSED] - Object: 'Object Repository/V2/Commons/ManageUsersPage/div_Edit user' is clicked on

2020-09-29 20:44:09 - [TEST_STEP][PASSED] - verifyElementPresent(findTestObject("V2/Commons/ManageUsersPage/div_PositionTitle"), DefaultTimeout): Object 'Object Repository/V2/Commons/ManageUsersPage/div_PositionTitle' is present

2020-09-29 20:44:10 - [MESSAGE][PASSED] - Object 'Object Repository/V2/Commons/ManageUsersPage/div_PositionTitle' is present

2020-09-29 20:44:10 - [TEST_STEP][PASSED] - setText(findTestObject("V2/Commons/ManageUsersPage/position_title_input"), position_title): Text 'Quality Assurance' is set on object 'Object Repository/V2/Commons/ManageUsersPage/position_title_input'

2020-09-29 20:44:10 - [MESSAGE][PASSED] - Text 'Quality Assurance' is set on object 'Object Repository/V2/Commons/ManageUsersPage/position_title_input'

2020-09-29 20:44:10 - [TEST_STEP][PASSED] - sendKeys(findTestObject("V2/Commons/ManageUsersPage/position_title_input"), Keys.chord(ENTER)): Keys 'ENTER + ' sent to object: 'Object Repository/V2/Commons/ManageUsersPage/position_title_input'

2020-09-29 20:44:11 - [MESSAGE][PASSED] - Keys 'ENTER + ' sent to object: 'Object Repository/V2/Commons/ManageUsersPage/position_title_input'

2020-09-29 20:44:11 - [TEST_STEP][PASSED] - if (permissionValue == "Employee"): Keys 'ENTER + ' sent to object: 'Object Repository/V2/Commons/ManageUsersPage/supervisor_input'

2020-09-29 20:44:11 - [TEST_STEP][PASSED] - verifyElementPresent(findTestObject("V2/Commons/ManageUsersPage/supervisor_input"), DefaultTimeout): Object 'Object Repository/V2/Commons/ManageUsersPage/supervisor_input' is present

2020-09-29 20:44:11 - [MESSAGE][PASSED] - Object 'Object Repository/V2/Commons/ManageUsersPage/supervisor_input' is present

2020-09-29 20:44:11 - [TEST_STEP][PASSED] - setText(findTestObject("V2/Commons/ManageUsersPage/supervisor_input"), user_supervisorName): Text 'Supervisor User' is set on object 'Object Repository/V2/Commons/ManageUsersPage/supervisor_input'

2020-09-29 20:44:12 - [MESSAGE][PASSED] - Text 'Supervisor User' is set on object 'Object Repository/V2/Commons/ManageUsersPage/supervisor_input'

2020-09-29 20:44:12 - [TEST_STEP][PASSED] - sendKeys(findTestObject("V2/Commons/ManageUsersPage/supervisor_input"), Keys.chord(ENTER)): Keys 'ENTER + ' sent to object: 'Object Repository/V2/Commons/ManageUsersPage/supervisor_input'

2020-09-29 20:44:12 - [MESSAGE][PASSED] - Keys 'ENTER + ' sent to object: 'Object Repository/V2/Commons/ManageUsersPage/supervisor_input'

2020-09-29 20:44:12 - [TEST_STEP][PASSED] - verifyElementPresent(findTestObject("Object Repository/V2/Commons/ManageUsersPage/div_User type"), DefaultTimeout): Object 'Object Repository/V2/Commons/ManageUsersPage/div_User type' is present

2020-09-29 20:44:13 - [MESSAGE][PASSED] - Object 'Object Repository/V2/Commons/ManageUsersPage/div_User type' is present

2020-09-29 20:44:13 - [TEST_STEP][PASSED] - click(findTestObject("Object Repository/V2/Commons/ManageUsersPage/input__orgRole")): Object: 'Object Repository/V2/Commons/ManageUsersPage/input__orgRole' is clicked on

2020-09-29 20:44:13 - [MESSAGE][PASSED] - Object: 'Object Repository/V2/Commons/ManageUsersPage/input__orgRole' is clicked on

2020-09-29 20:44:13 - [TEST_STEP][PASSED] - roleOptionObj = tt_CustomKeywords.CustomKeywords.CreateDynamicElement(roleOption, permissionValue, "xpath"): Successfully created new dynamic object: //span[text()='Employee']/parent::div[@role='option']

2020-09-29 20:44:13 - [MESSAGE][PASSED] - Successfully created new dynamic object: //span[text()='Employee']/parent::div[@role='option']

2020-09-29 20:44:13 - [TEST_STEP][PASSED] - click(roleOptionObj): Object: '' is clicked on

2020-09-29 20:44:14 - [MESSAGE][PASSED] - Object: '' is clicked on

2020-09-29 20:44:14 - [TEST_STEP][PASSED] - click(findTestObject("Object Repository/V2/Commons/ManageUsersPage/div_Save")): Object: 'Object Repository/V2/Commons/ManageUsersPage/div_Save' is clicked on

2020-09-29 20:44:14 - [MESSAGE][PASSED] - Object: 'Object Repository/V2/Commons/ManageUsersPage/div_Save' is clicked on

2020-09-29 20:44:14 - [TEST_STEP][PASSED] - waitForElementVisible(findTestObject("V2/Commons/ManageUsersPage/h3_User Saved"), DefaultTimeout): Object 'Object Repository/V2/Commons/ManageUsersPage/h3_User Saved' is visible

2020-09-29 20:44:17 - [MESSAGE][PASSED] - Object 'Object Repository/V2/Commons/ManageUsersPage/h3_User Saved' is visible

2020-09-29 20:44:17 - [TEST_STEP][PASSED] - verifyElementVisible(findTestObject("Object Repository/V2/Commons/ManageUsersPage/h3_User Saved")): Object 'Object Repository/V2/Commons/ManageUsersPage/h3_User Saved' is visible

2020-09-29 20:44:17 - [MESSAGE][PASSED] - Object 'Object Repository/V2/Commons/ManageUsersPage/h3_User Saved' is visible

2020-09-29 20:44:17 - [MESSAGE][PASSED] - Call Test Case 'Test Cases/V2/Test Case/Pre-conditions/PRE_ChangeUserPermissionViaManageUser' successfully

2020-09-29 20:44:17 - [TEST_STEP][PASSED] - callTestCase(findTestCase("V2/Test Case/Pre-conditions/PRE_ActivateNewUser"), ["activationURL":supervisor_activationURL, "email":supervisor_email, "password":password], STOP_ON_FAILURE): Call Test Case 'Test Cases/V2/Test Case/Pre-conditions/PRE_ActivateNewUser' successfully

2020-09-29 20:44:17 - [TEST_CASE][PASSED] - Test Cases/V2/Test Case/Pre-conditions/PRE_ActivateNewUser: Test Cases/V2/Test Case/Pre-conditions/PRE_ActivateNewUser

2020-09-29 20:44:17 - [TEST_STEP][PASSED] - navigateToUrl(activationURL): Navigate to 'https://meetingmaster.dev02.tt-devs.com/activate?activationKey=ce65fa26-a288-41a3-b791-3397161b0700&userId=94ba6cf2-08c7-48bb-3d10-fbf9c34d44a6&orgId=d4ba6cf1-d3ac-638d-5c6c-126beb992ea3&email=tractiontools.user001+ts5zjrse@gmail.com&isCreator=0' successfully

2020-09-29 20:44:20 - [MESSAGE][PASSED] - Navigate to 'https://meetingmaster.dev02.tt-devs.com/activate?activationKey=ce65fa26-a288-41a3-b791-3397161b0700&userId=94ba6cf2-08c7-48bb-3d10-fbf9c34d44a6&orgId=d4ba6cf1-d3ac-638d-5c6c-126beb992ea3&email=tractiontools.user001+ts5zjrse@gmail.com&isCreator=0' successfully

2020-09-29 20:44:20 - [TEST_STEP][PASSED] - waitForElementVisible(findTestObject("V2/Commons/ActivationPage/input_Email_email"), DefaultTimeout): Object 'Object Repository/V2/Commons/ActivationPage/input_Email_email' is visible

2020-09-29 20:44:21 - [MESSAGE][PASSED] - Object 'Object Repository/V2/Commons/ActivationPage/input_Email_email' is visible

2020-09-29 20:44:21 - [TEST_STEP][PASSED] - actual_email = getAttribute(findTestObject("Object Repository/V2/Commons/ActivationPage/input_Email_email"), "value"): Attribute 'value' of object 'Object Repository/V2/Commons/ActivationPage/input_Email_email' is: 'tractiontools.user001+ts5zjrse@gmail.com'

2020-09-29 20:44:21 - [MESSAGE][PASSED] - Attribute 'value' of object 'Object Repository/V2/Commons/ActivationPage/input_Email_email' is: 'tractiontools.user001+ts5zjrse@gmail.com'

2020-09-29 20:44:21 - [TEST_STEP][PASSED] - verifyMatch(actual_email, email, false): Actual text 'tractiontools.user001+ts5zjrse@gmail.com' and expected text 'tractiontools.user001+ts5zjrse@gmail.com' are matched 

2020-09-29 20:44:21 - [MESSAGE][PASSED] - Actual text 'tractiontools.user001+ts5zjrse@gmail.com' and expected text 'tractiontools.user001+ts5zjrse@gmail.com' are matched 

2020-09-29 20:44:21 - [TEST_STEP][PASSED] - setText(findTestObject("V2/Commons/ActivationPage/input_password"), password): Text 'Qwer123!' is set on object 'Object Repository/V2/Commons/ActivationPage/input_password'

2020-09-29 20:44:22 - [MESSAGE][PASSED] - Text 'Qwer123!' is set on object 'Object Repository/V2/Commons/ActivationPage/input_password'

2020-09-29 20:44:22 - [TEST_STEP][PASSED] - setText(findTestObject("Object Repository/V2/Commons/ActivationPage/input__passwordRepeat"), password): Text 'Qwer123!' is set on object 'Object Repository/V2/Commons/ActivationPage/input__passwordRepeat'

2020-09-29 20:44:22 - [MESSAGE][PASSED] - Text 'Qwer123!' is set on object 'Object Repository/V2/Commons/ActivationPage/input__passwordRepeat'

2020-09-29 20:44:22 - [TEST_STEP][PASSED] - click(findTestObject("V2/Commons/ActivationPage/input_termsandconditions")): Object: 'Object Repository/V2/Commons/ActivationPage/input_termsandconditions' is clicked on

2020-09-29 20:44:23 - [MESSAGE][PASSED] - Object: 'Object Repository/V2/Commons/ActivationPage/input_termsandconditions' is clicked on

2020-09-29 20:44:23 - [TEST_STEP][PASSED] - click(findTestObject("Object Repository/V2/Commons/ActivationPage/div_Create account")): Object: 'Object Repository/V2/Commons/ActivationPage/div_Create account' is clicked on

2020-09-29 20:44:23 - [MESSAGE][PASSED] - Object: 'Object Repository/V2/Commons/ActivationPage/div_Create account' is clicked on

2020-09-29 20:44:23 - [TEST_STEP][PASSED] - waitForElementPresent(findTestObject("V2/Commons/DasboardPage_SidebarMenu/img_Home_logo-big"), DefaultTimeout): Object 'Object Repository/V2/Commons/DasboardPage_SidebarMenu/img_Home_logo-big' is present

2020-09-29 20:44:27 - [MESSAGE][PASSED] - Object 'Object Repository/V2/Commons/DasboardPage_SidebarMenu/img_Home_logo-big' is present

2020-09-29 20:44:27 - [TEST_STEP][PASSED] - verifyElementPresent(findTestObject("V2/Commons/DasboardPage_SidebarMenu/img_Home_logo-big"), 0): Object 'Object Repository/V2/Commons/DasboardPage_SidebarMenu/img_Home_logo-big' is present

2020-09-29 20:44:27 - [MESSAGE][WARNING] - Timeout '0' is invalid. Using default page load timeout: '30'

2020-09-29 20:44:27 - [MESSAGE][PASSED] - Object 'Object Repository/V2/Commons/DasboardPage_SidebarMenu/img_Home_logo-big' is present

2020-09-29 20:44:27 - [MESSAGE][PASSED] - Call Test Case 'Test Cases/V2/Test Case/Pre-conditions/PRE_ActivateNewUser' successfully

2020-09-29 20:44:27 - [TEST_STEP][PASSED] - callTestCase(findTestCase("V2/Test Case/Pre-conditions/PRE_SkipPersonalProfileSetup"), [:], STOP_ON_FAILURE): Call Test Case 'Test Cases/V2/Test Case/Pre-conditions/PRE_SkipPersonalProfileSetup' successfully

2020-09-29 20:44:27 - [TEST_CASE][PASSED] - Test Cases/V2/Test Case/Pre-conditions/PRE_SkipPersonalProfileSetup: Test Cases/V2/Test Case/Pre-conditions/PRE_SkipPersonalProfileSetup

2020-09-29 20:44:27 - [TEST_STEP][PASSED] - waitForElementVisible(findTestObject("V2/Commons/FirstUpdateCompanyAndPersonalInfoModal/confirmPersonalInfoHeader_h1"), DefaultTimeout): Object 'Object Repository/V2/Commons/FirstUpdateCompanyAndPersonalInfoModal/confirmPersonalInfoHeader_h1' is visible

2020-09-29 20:44:27 - [MESSAGE][PASSED] - Object 'Object Repository/V2/Commons/FirstUpdateCompanyAndPersonalInfoModal/confirmPersonalInfoHeader_h1' is visible

2020-09-29 20:44:27 - [TEST_STEP][PASSED] - click(findTestObject("V2/Commons/FirstUpdateCompanyAndPersonalInfoModal/confirmInfoSkip_button")): Object: 'Object Repository/V2/Commons/FirstUpdateCompanyAndPersonalInfoModal/confirmInfoSkip_button' is clicked on

2020-09-29 20:44:28 - [MESSAGE][PASSED] - Object: 'Object Repository/V2/Commons/FirstUpdateCompanyAndPersonalInfoModal/confirmInfoSkip_button' is clicked on

2020-09-29 20:44:28 - [TEST_STEP][PASSED] - waitForElementVisible(findTestObject("V2/Commons/FirstUpdateCompanyAndPersonalInfoModal/letsGetStarted_button"), DefaultTimeout): Object 'Object Repository/V2/Commons/FirstUpdateCompanyAndPersonalInfoModal/letsGetStarted_button' is visible

2020-09-29 20:44:29 - [MESSAGE][PASSED] - Object 'Object Repository/V2/Commons/FirstUpdateCompanyAndPersonalInfoModal/letsGetStarted_button' is visible

2020-09-29 20:44:29 - [TEST_STEP][PASSED] - click(findTestObject("V2/Commons/FirstUpdateCompanyAndPersonalInfoModal/letsGetStarted_button")): Object: 'Object Repository/V2/Commons/FirstUpdateCompanyAndPersonalInfoModal/letsGetStarted_button' is clicked on

2020-09-29 20:44:29 - [MESSAGE][PASSED] - Object: 'Object Repository/V2/Commons/FirstUpdateCompanyAndPersonalInfoModal/letsGetStarted_button' is clicked on

2020-09-29 20:44:29 - [MESSAGE][PASSED] - Call Test Case 'Test Cases/V2/Test Case/Pre-conditions/PRE_SkipPersonalProfileSetup' successfully

2020-09-29 20:44:29 - [TEST_STEP][PASSED] - callTestCase(findTestCase("V2/Test Case/Pre-conditions/PRE_ActivateNewUser"), ["activationURL":employee_activationURL, "email":employee_email, "password":password], STOP_ON_FAILURE): Call Test Case 'Test Cases/V2/Test Case/Pre-conditions/PRE_ActivateNewUser' successfully

2020-09-29 20:44:29 - [TEST_CASE][PASSED] - Test Cases/V2/Test Case/Pre-conditions/PRE_ActivateNewUser: Test Cases/V2/Test Case/Pre-conditions/PRE_ActivateNewUser

2020-09-29 20:44:29 - [TEST_STEP][PASSED] - navigateToUrl(activationURL): Navigate to 'https://meetingmaster.dev02.tt-devs.com/activate?activationKey=be0bb568-a678-43fa-8105-d0b49643f02c&userId=a0ba6cf2-1c47-8d00-9719-08e0c1391ea3&orgId=d4ba6cf1-d3ac-638d-5c6c-126beb992ea3&email=tractiontools.user001+te53hubx@gmail.com&isCreator=0' successfully

2020-09-29 20:44:31 - [MESSAGE][PASSED] - Navigate to 'https://meetingmaster.dev02.tt-devs.com/activate?activationKey=be0bb568-a678-43fa-8105-d0b49643f02c&userId=a0ba6cf2-1c47-8d00-9719-08e0c1391ea3&orgId=d4ba6cf1-d3ac-638d-5c6c-126beb992ea3&email=tractiontools.user001+te53hubx@gmail.com&isCreator=0' successfully

2020-09-29 20:44:31 - [TEST_STEP][PASSED] - waitForElementVisible(findTestObject("V2/Commons/ActivationPage/input_Email_email"), DefaultTimeout): Object 'Object Repository/V2/Commons/ActivationPage/input_Email_email' is visible

2020-09-29 20:44:32 - [MESSAGE][PASSED] - Object 'Object Repository/V2/Commons/ActivationPage/input_Email_email' is visible

2020-09-29 20:44:32 - [TEST_STEP][PASSED] - actual_email = getAttribute(findTestObject("Object Repository/V2/Commons/ActivationPage/input_Email_email"), "value"): Attribute 'value' of object 'Object Repository/V2/Commons/ActivationPage/input_Email_email' is: 'tractiontools.user001+te53hubx@gmail.com'

2020-09-29 20:44:32 - [MESSAGE][PASSED] - Attribute 'value' of object 'Object Repository/V2/Commons/ActivationPage/input_Email_email' is: 'tractiontools.user001+te53hubx@gmail.com'

2020-09-29 20:44:32 - [TEST_STEP][PASSED] - verifyMatch(actual_email, email, false): Actual text 'tractiontools.user001+te53hubx@gmail.com' and expected text 'tractiontools.user001+te53hubx@gmail.com' are matched 

2020-09-29 20:44:32 - [MESSAGE][PASSED] - Actual text 'tractiontools.user001+te53hubx@gmail.com' and expected text 'tractiontools.user001+te53hubx@gmail.com' are matched 

2020-09-29 20:44:32 - [TEST_STEP][PASSED] - setText(findTestObject("V2/Commons/ActivationPage/input_password"), password): Text 'Qwer123!' is set on object 'Object Repository/V2/Commons/ActivationPage/input_password'

2020-09-29 20:44:32 - [MESSAGE][PASSED] - Text 'Qwer123!' is set on object 'Object Repository/V2/Commons/ActivationPage/input_password'

2020-09-29 20:44:32 - [TEST_STEP][PASSED] - setText(findTestObject("Object Repository/V2/Commons/ActivationPage/input__passwordRepeat"), password): Text 'Qwer123!' is set on object 'Object Repository/V2/Commons/ActivationPage/input__passwordRepeat'

2020-09-29 20:44:33 - [MESSAGE][PASSED] - Text 'Qwer123!' is set on object 'Object Repository/V2/Commons/ActivationPage/input__passwordRepeat'

2020-09-29 20:44:33 - [TEST_STEP][PASSED] - click(findTestObject("V2/Commons/ActivationPage/input_termsandconditions")): Object: 'Object Repository/V2/Commons/ActivationPage/input_termsandconditions' is clicked on

2020-09-29 20:44:34 - [MESSAGE][PASSED] - Object: 'Object Repository/V2/Commons/ActivationPage/input_termsandconditions' is clicked on

2020-09-29 20:44:34 - [TEST_STEP][PASSED] - click(findTestObject("Object Repository/V2/Commons/ActivationPage/div_Create account")): Object: 'Object Repository/V2/Commons/ActivationPage/div_Create account' is clicked on

2020-09-29 20:44:34 - [MESSAGE][PASSED] - Object: 'Object Repository/V2/Commons/ActivationPage/div_Create account' is clicked on

2020-09-29 20:44:34 - [TEST_STEP][PASSED] - waitForElementPresent(findTestObject("V2/Commons/DasboardPage_SidebarMenu/img_Home_logo-big"), DefaultTimeout): Object 'Object Repository/V2/Commons/DasboardPage_SidebarMenu/img_Home_logo-big' is present

2020-09-29 20:44:37 - [MESSAGE][PASSED] - Object 'Object Repository/V2/Commons/DasboardPage_SidebarMenu/img_Home_logo-big' is present

2020-09-29 20:44:37 - [TEST_STEP][PASSED] - verifyElementPresent(findTestObject("V2/Commons/DasboardPage_SidebarMenu/img_Home_logo-big"), 0): Object 'Object Repository/V2/Commons/DasboardPage_SidebarMenu/img_Home_logo-big' is present

2020-09-29 20:44:38 - [MESSAGE][WARNING] - Timeout '0' is invalid. Using default page load timeout: '30'

2020-09-29 20:44:38 - [MESSAGE][PASSED] - Object 'Object Repository/V2/Commons/DasboardPage_SidebarMenu/img_Home_logo-big' is present

2020-09-29 20:44:38 - [MESSAGE][PASSED] - Call Test Case 'Test Cases/V2/Test Case/Pre-conditions/PRE_ActivateNewUser' successfully

2020-09-29 20:44:38 - [TEST_STEP][PASSED] - callTestCase(findTestCase("V2/Test Case/Pre-conditions/PRE_SkipPersonalProfileSetup"), [:], STOP_ON_FAILURE): Call Test Case 'Test Cases/V2/Test Case/Pre-conditions/PRE_SkipPersonalProfileSetup' successfully

2020-09-29 20:44:38 - [TEST_CASE][PASSED] - Test Cases/V2/Test Case/Pre-conditions/PRE_SkipPersonalProfileSetup: Test Cases/V2/Test Case/Pre-conditions/PRE_SkipPersonalProfileSetup

2020-09-29 20:44:38 - [TEST_STEP][PASSED] - waitForElementVisible(findTestObject("V2/Commons/FirstUpdateCompanyAndPersonalInfoModal/confirmPersonalInfoHeader_h1"), DefaultTimeout): Object 'Object Repository/V2/Commons/FirstUpdateCompanyAndPersonalInfoModal/confirmPersonalInfoHeader_h1' is visible

2020-09-29 20:44:38 - [MESSAGE][PASSED] - Object 'Object Repository/V2/Commons/FirstUpdateCompanyAndPersonalInfoModal/confirmPersonalInfoHeader_h1' is visible

2020-09-29 20:44:38 - [TEST_STEP][PASSED] - click(findTestObject("V2/Commons/FirstUpdateCompanyAndPersonalInfoModal/confirmInfoSkip_button")): Object: 'Object Repository/V2/Commons/FirstUpdateCompanyAndPersonalInfoModal/confirmInfoSkip_button' is clicked on

2020-09-29 20:44:38 - [MESSAGE][PASSED] - Object: 'Object Repository/V2/Commons/FirstUpdateCompanyAndPersonalInfoModal/confirmInfoSkip_button' is clicked on

2020-09-29 20:44:38 - [TEST_STEP][PASSED] - waitForElementVisible(findTestObject("V2/Commons/FirstUpdateCompanyAndPersonalInfoModal/letsGetStarted_button"), DefaultTimeout): Object 'Object Repository/V2/Commons/FirstUpdateCompanyAndPersonalInfoModal/letsGetStarted_button' is visible

2020-09-29 20:44:39 - [MESSAGE][PASSED] - Object 'Object Repository/V2/Commons/FirstUpdateCompanyAndPersonalInfoModal/letsGetStarted_button' is visible

2020-09-29 20:44:39 - [TEST_STEP][PASSED] - click(findTestObject("V2/Commons/FirstUpdateCompanyAndPersonalInfoModal/letsGetStarted_button")): Object: 'Object Repository/V2/Commons/FirstUpdateCompanyAndPersonalInfoModal/letsGetStarted_button' is clicked on

2020-09-29 20:44:39 - [MESSAGE][PASSED] - Object: 'Object Repository/V2/Commons/FirstUpdateCompanyAndPersonalInfoModal/letsGetStarted_button' is clicked on

2020-09-29 20:44:39 - [MESSAGE][PASSED] - Call Test Case 'Test Cases/V2/Test Case/Pre-conditions/PRE_SkipPersonalProfileSetup' successfully

2020-09-29 20:44:39 - [MESSAGE][PASSED] - Call Test Case 'Test Cases/V2/Test Case/Pre-conditions/PRE_RegisterAndActivateTTUsers' successfully

2020-09-29 20:44:39 - [TEST_STEP][PASSED] - closeBrowser(): Browser is closed

2020-09-29 20:44:40 - [MESSAGE][PASSED] - Browser is closed

2020-09-29 20:44:40 - [TEST_STEP][PASSED] - path = System.getProperty("user.dir"): null

2020-09-29 20:44:40 - [TEST_STEP][PASSED] - System.setProperty("webdriver.chrome.driver", getChromeDriverPath()): null

2020-09-29 20:44:40 - [TEST_STEP][PASSED] - driver1 = new org.openqa.selenium.chrome.ChromeDriver(): null

2020-09-29 20:44:44 - [TEST_STEP][PASSED] - changeWebDriver(driver1): null

2020-09-29 20:44:44 - [TEST_STEP][PASSED] - maximizeWindow(): Current window maximized

2020-09-29 20:44:46 - [MESSAGE][PASSED] - Current window maximized

2020-09-29 20:44:46 - [TEST_STEP][PASSED] - navigateToUrl(V2Url): Navigate to 'https://meetingmaster.dev02.tt-devs.com' successfully

2020-09-29 20:44:47 - [MESSAGE][PASSED] - Navigate to 'https://meetingmaster.dev02.tt-devs.com' successfully

2020-09-29 20:44:47 - [TEST_STEP][PASSED] - callTestCase(findTestCase("V2/Test Case/Pre-conditions/PRE_LoginToTractionToolsApplication"), ["username":email, "password":password], STOP_ON_FAILURE): Call Test Case 'Test Cases/V2/Test Case/Pre-conditions/PRE_LoginToTractionToolsApplication' successfully

2020-09-29 20:44:47 - [TEST_CASE][PASSED] - Test Cases/V2/Test Case/Pre-conditions/PRE_LoginToTractionToolsApplication: Test Cases/V2/Test Case/Pre-conditions/PRE_LoginToTractionToolsApplication

2020-09-29 20:44:47 - [TEST_STEP][PASSED] - waitForElementVisible(findTestObject("V2/Commons/LoginPage/input__username"), DefaultTimeout): Object 'Object Repository/V2/Commons/LoginPage/input__username' is visible

2020-09-29 20:44:52 - [MESSAGE][PASSED] - Object 'Object Repository/V2/Commons/LoginPage/input__username' is visible

2020-09-29 20:44:52 - [TEST_STEP][PASSED] - waitForElementVisible(findTestObject("V2/Commons/LoginPage/input__password"), DefaultTimeout): Object 'Object Repository/V2/Commons/LoginPage/input__password' is visible

2020-09-29 20:44:52 - [MESSAGE][PASSED] - Object 'Object Repository/V2/Commons/LoginPage/input__password' is visible

2020-09-29 20:44:52 - [TEST_STEP][PASSED] - setText(findTestObject("V2/Commons/LoginPage/input__username"), username): Text 'tractiontools.user001+ta5mrsr0@gmail.com' is set on object 'Object Repository/V2/Commons/LoginPage/input__username'

2020-09-29 20:44:53 - [MESSAGE][PASSED] - Text 'tractiontools.user001+ta5mrsr0@gmail.com' is set on object 'Object Repository/V2/Commons/LoginPage/input__username'

2020-09-29 20:44:53 - [TEST_STEP][PASSED] - setText(findTestObject("V2/Commons/LoginPage/input__password"), password): Text 'Qwer123!' is set on object 'Object Repository/V2/Commons/LoginPage/input__password'

2020-09-29 20:44:53 - [MESSAGE][PASSED] - Text 'Qwer123!' is set on object 'Object Repository/V2/Commons/LoginPage/input__password'

2020-09-29 20:44:53 - [TEST_STEP][PASSED] - click(findTestObject("V2/Commons/LoginPage/div_Login")): Object: 'Object Repository/V2/Commons/LoginPage/div_Login' is clicked on

2020-09-29 20:44:53 - [MESSAGE][PASSED] - Object: 'Object Repository/V2/Commons/LoginPage/div_Login' is clicked on

2020-09-29 20:44:53 - [TEST_STEP][PASSED] - waitForElementVisible(findTestObject("V2/Commons/DasboardPage_SidebarMenu/img_Home_logo-big"), DefaultTimeout): Object 'Object Repository/V2/Commons/DasboardPage_SidebarMenu/img_Home_logo-big' is visible

2020-09-29 20:44:57 - [MESSAGE][PASSED] - Object 'Object Repository/V2/Commons/DasboardPage_SidebarMenu/img_Home_logo-big' is visible

2020-09-29 20:44:57 - [TEST_STEP][PASSED] - verifyElementVisible(findTestObject("V2/Commons/DasboardPage_SidebarMenu/img_Home_logo-big"), STOP_ON_FAILURE): Object 'Object Repository/V2/Commons/DasboardPage_SidebarMenu/img_Home_logo-big' is visible

2020-09-29 20:44:57 - [MESSAGE][PASSED] - Object 'Object Repository/V2/Commons/DasboardPage_SidebarMenu/img_Home_logo-big' is visible

2020-09-29 20:44:57 - [MESSAGE][PASSED] - Call Test Case 'Test Cases/V2/Test Case/Pre-conditions/PRE_LoginToTractionToolsApplication' successfully

2020-09-29 20:44:57 - [TEST_STEP][PASSED] - driver2 = new org.openqa.selenium.chrome.ChromeDriver(): null

2020-09-29 20:45:01 - [TEST_STEP][PASSED] - changeWebDriver(driver2): null

2020-09-29 20:45:01 - [TEST_STEP][PASSED] - maximizeWindow(): Current window maximized

2020-09-29 20:45:03 - [MESSAGE][PASSED] - Current window maximized

2020-09-29 20:45:03 - [TEST_STEP][PASSED] - navigateToUrl(V2Url): Navigate to 'https://meetingmaster.dev02.tt-devs.com' successfully

2020-09-29 20:45:04 - [MESSAGE][PASSED] - Navigate to 'https://meetingmaster.dev02.tt-devs.com' successfully

2020-09-29 20:45:04 - [TEST_STEP][PASSED] - callTestCase(findTestCase("V2/Test Case/Pre-conditions/PRE_LoginToTractionToolsApplication"), ["username":supervisor_email, "password":password], STOP_ON_FAILURE): Call Test Case 'Test Cases/V2/Test Case/Pre-conditions/PRE_LoginToTractionToolsApplication' successfully

2020-09-29 20:45:04 - [TEST_CASE][PASSED] - Test Cases/V2/Test Case/Pre-conditions/PRE_LoginToTractionToolsApplication: Test Cases/V2/Test Case/Pre-conditions/PRE_LoginToTractionToolsApplication

2020-09-29 20:45:04 - [TEST_STEP][PASSED] - waitForElementVisible(findTestObject("V2/Commons/LoginPage/input__username"), DefaultTimeout): Object 'Object Repository/V2/Commons/LoginPage/input__username' is visible

2020-09-29 20:45:09 - [MESSAGE][PASSED] - Object 'Object Repository/V2/Commons/LoginPage/input__username' is visible

2020-09-29 20:45:09 - [TEST_STEP][PASSED] - waitForElementVisible(findTestObject("V2/Commons/LoginPage/input__password"), DefaultTimeout): Object 'Object Repository/V2/Commons/LoginPage/input__password' is visible

2020-09-29 20:45:10 - [MESSAGE][PASSED] - Object 'Object Repository/V2/Commons/LoginPage/input__password' is visible

2020-09-29 20:45:10 - [TEST_STEP][PASSED] - setText(findTestObject("V2/Commons/LoginPage/input__username"), username): Text 'tractiontools.user001+ts5zjrse@gmail.com' is set on object 'Object Repository/V2/Commons/LoginPage/input__username'

2020-09-29 20:45:10 - [MESSAGE][PASSED] - Text 'tractiontools.user001+ts5zjrse@gmail.com' is set on object 'Object Repository/V2/Commons/LoginPage/input__username'

2020-09-29 20:45:10 - [TEST_STEP][PASSED] - setText(findTestObject("V2/Commons/LoginPage/input__password"), password): Text 'Qwer123!' is set on object 'Object Repository/V2/Commons/LoginPage/input__password'

2020-09-29 20:45:10 - [MESSAGE][PASSED] - Text 'Qwer123!' is set on object 'Object Repository/V2/Commons/LoginPage/input__password'

2020-09-29 20:45:10 - [TEST_STEP][PASSED] - click(findTestObject("V2/Commons/LoginPage/div_Login")): Object: 'Object Repository/V2/Commons/LoginPage/div_Login' is clicked on

2020-09-29 20:45:10 - [MESSAGE][PASSED] - Object: 'Object Repository/V2/Commons/LoginPage/div_Login' is clicked on

2020-09-29 20:45:10 - [TEST_STEP][PASSED] - waitForElementVisible(findTestObject("V2/Commons/DasboardPage_SidebarMenu/img_Home_logo-big"), DefaultTimeout): Object 'Object Repository/V2/Commons/DasboardPage_SidebarMenu/img_Home_logo-big' is visible

2020-09-29 20:45:14 - [MESSAGE][PASSED] - Object 'Object Repository/V2/Commons/DasboardPage_SidebarMenu/img_Home_logo-big' is visible

2020-09-29 20:45:14 - [TEST_STEP][PASSED] - verifyElementVisible(findTestObject("V2/Commons/DasboardPage_SidebarMenu/img_Home_logo-big"), STOP_ON_FAILURE): Object 'Object Repository/V2/Commons/DasboardPage_SidebarMenu/img_Home_logo-big' is visible

2020-09-29 20:45:14 - [MESSAGE][PASSED] - Object 'Object Repository/V2/Commons/DasboardPage_SidebarMenu/img_Home_logo-big' is visible

2020-09-29 20:45:14 - [MESSAGE][PASSED] - Call Test Case 'Test Cases/V2/Test Case/Pre-conditions/PRE_LoginToTractionToolsApplication' successfully

2020-09-29 20:45:14 - [TEST_STEP][PASSED] - driver3 = new org.openqa.selenium.chrome.ChromeDriver(): null

2020-09-29 20:45:17 - [TEST_STEP][PASSED] - changeWebDriver(driver3): null

2020-09-29 20:45:17 - [TEST_STEP][PASSED] - maximizeWindow(): Current window maximized

2020-09-29 20:45:19 - [MESSAGE][PASSED] - Current window maximized

2020-09-29 20:45:19 - [TEST_STEP][PASSED] - navigateToUrl(V2Url): Navigate to 'https://meetingmaster.dev02.tt-devs.com' successfully

2020-09-29 20:45:20 - [MESSAGE][PASSED] - Navigate to 'https://meetingmaster.dev02.tt-devs.com' successfully

2020-09-29 20:45:20 - [TEST_STEP][PASSED] - callTestCase(findTestCase("V2/Test Case/Pre-conditions/PRE_LoginToTractionToolsApplication"), ["username":employee_email, "password":password], STOP_ON_FAILURE): Call Test Case 'Test Cases/V2/Test Case/Pre-conditions/PRE_LoginToTractionToolsApplication' successfully

2020-09-29 20:45:21 - [TEST_CASE][PASSED] - Test Cases/V2/Test Case/Pre-conditions/PRE_LoginToTractionToolsApplication: Test Cases/V2/Test Case/Pre-conditions/PRE_LoginToTractionToolsApplication

2020-09-29 20:45:21 - [TEST_STEP][PASSED] - waitForElementVisible(findTestObject("V2/Commons/LoginPage/input__username"), DefaultTimeout): Object 'Object Repository/V2/Commons/LoginPage/input__username' is visible

2020-09-29 20:45:40 - [MESSAGE][PASSED] - Object 'Object Repository/V2/Commons/LoginPage/input__username' is visible

2020-09-29 20:45:40 - [TEST_STEP][PASSED] - waitForElementVisible(findTestObject("V2/Commons/LoginPage/input__password"), DefaultTimeout): Object 'Object Repository/V2/Commons/LoginPage/input__password' is visible

2020-09-29 20:45:40 - [MESSAGE][PASSED] - Object 'Object Repository/V2/Commons/LoginPage/input__password' is visible

2020-09-29 20:45:40 - [TEST_STEP][PASSED] - setText(findTestObject("V2/Commons/LoginPage/input__username"), username): Text 'tractiontools.user001+te53hubx@gmail.com' is set on object 'Object Repository/V2/Commons/LoginPage/input__username'

2020-09-29 20:45:40 - [MESSAGE][PASSED] - Text 'tractiontools.user001+te53hubx@gmail.com' is set on object 'Object Repository/V2/Commons/LoginPage/input__username'

2020-09-29 20:45:40 - [TEST_STEP][PASSED] - setText(findTestObject("V2/Commons/LoginPage/input__password"), password): Text 'Qwer123!' is set on object 'Object Repository/V2/Commons/LoginPage/input__password'

2020-09-29 20:45:40 - [MESSAGE][PASSED] - Text 'Qwer123!' is set on object 'Object Repository/V2/Commons/LoginPage/input__password'

2020-09-29 20:45:40 - [TEST_STEP][PASSED] - click(findTestObject("V2/Commons/LoginPage/div_Login")): Object: 'Object Repository/V2/Commons/LoginPage/div_Login' is clicked on

2020-09-29 20:45:40 - [MESSAGE][PASSED] - Object: 'Object Repository/V2/Commons/LoginPage/div_Login' is clicked on

2020-09-29 20:45:40 - [TEST_STEP][PASSED] - waitForElementVisible(findTestObject("V2/Commons/DasboardPage_SidebarMenu/img_Home_logo-big"), DefaultTimeout): Object 'Object Repository/V2/Commons/DasboardPage_SidebarMenu/img_Home_logo-big' is visible

2020-09-29 20:45:48 - [MESSAGE][PASSED] - Object 'Object Repository/V2/Commons/DasboardPage_SidebarMenu/img_Home_logo-big' is visible

2020-09-29 20:45:48 - [TEST_STEP][PASSED] - verifyElementVisible(findTestObject("V2/Commons/DasboardPage_SidebarMenu/img_Home_logo-big"), STOP_ON_FAILURE): Object 'Object Repository/V2/Commons/DasboardPage_SidebarMenu/img_Home_logo-big' is visible

2020-09-29 20:45:48 - [MESSAGE][PASSED] - Object 'Object Repository/V2/Commons/DasboardPage_SidebarMenu/img_Home_logo-big' is visible

2020-09-29 20:45:48 - [MESSAGE][PASSED] - Call Test Case 'Test Cases/V2/Test Case/Pre-conditions/PRE_LoginToTractionToolsApplication' successfully

2020-09-29 20:45:48 - [TEST_STEP][PASSED] - changeWebDriver(driver1): null

2020-09-29 20:45:48 - [TEST_STEP][PASSED] - callTestCase(findTestCase("V2/Test Case/Pre-conditions/PRE_CreateL10Meeting"), ["meetingName":meetingName, "meetingAcronym":meetingAcronym, "meetingType":meetingType, "dropdownOptions_obj":"//div[@id='CREATE_MEETING_L10']//span[text()='%s']/parent::div[@role='option']", ... ], STOP_ON_FAILURE): Call Test Case 'Test Cases/V2/Test Case/Pre-conditions/PRE_CreateL10Meeting' successfully

2020-09-29 20:45:48 - [TEST_CASE][PASSED] - Test Cases/V2/Test Case/Pre-conditions/PRE_CreateL10Meeting: Test Cases/V2/Test Case/Pre-conditions/PRE_CreateL10Meeting

2020-09-29 20:45:49 - [TEST_STEP][PASSED] - click(findTestObject("V2/Commons/DasboardPage_SidebarMenu/MeetingsMenu")): Object: 'Object Repository/V2/Commons/DasboardPage_SidebarMenu/MeetingsMenu' is clicked on

2020-09-29 20:45:49 - [MESSAGE][PASSED] - Object: 'Object Repository/V2/Commons/DasboardPage_SidebarMenu/MeetingsMenu' is clicked on

2020-09-29 20:45:49 - [TEST_STEP][PASSED] - click(findTestObject("Object Repository/V2/Commons/MeetingListPage/div_Create a meeting")): Object: 'Object Repository/V2/Commons/MeetingListPage/div_Create a meeting' is clicked on

2020-09-29 20:45:49 - [MESSAGE][PASSED] - Object: 'Object Repository/V2/Commons/MeetingListPage/div_Create a meeting' is clicked on

2020-09-29 20:45:49 - [TEST_STEP][PASSED] - click(findTestObject("Object Repository/V2/Commons/MeetingListPage/button_Level 10")): Object: 'Object Repository/V2/Commons/MeetingListPage/button_Level 10' is clicked on

2020-09-29 20:45:49 - [MESSAGE][PASSED] - Object: 'Object Repository/V2/Commons/MeetingListPage/button_Level 10' is clicked on

2020-09-29 20:45:49 - [TEST_STEP][PASSED] - waitForElementVisible(findTestObject("V2/Commons/CreateL10MeetingDrawer/input__name"), DefaultTimeout): Object 'Object Repository/V2/Commons/CreateL10MeetingDrawer/input__name' is visible

2020-09-29 20:45:49 - [MESSAGE][PASSED] - Object 'Object Repository/V2/Commons/CreateL10MeetingDrawer/input__name' is visible

2020-09-29 20:45:49 - [TEST_STEP][PASSED] - setText(findTestObject("V2/Commons/CreateL10MeetingDrawer/input__name"), meetingName): Text 'Meeting Admin' is set on object 'Object Repository/V2/Commons/CreateL10MeetingDrawer/input__name'

2020-09-29 20:45:49 - [MESSAGE][PASSED] - Text 'Meeting Admin' is set on object 'Object Repository/V2/Commons/CreateL10MeetingDrawer/input__name'

2020-09-29 20:45:49 - [TEST_STEP][PASSED] - setText(findTestObject("V2/Commons/CreateL10MeetingDrawer/input__acronym"), meetingAcronym): Text 'CL10' is set on object 'Object Repository/V2/Commons/CreateL10MeetingDrawer/input__acronym'

2020-09-29 20:45:50 - [MESSAGE][PASSED] - Text 'CL10' is set on object 'Object Repository/V2/Commons/CreateL10MeetingDrawer/input__acronym'

2020-09-29 20:45:50 - [TEST_STEP][PASSED] - click(findTestObject("V2/Commons/CreateL10MeetingDrawer/input__typeOfMeeting")): Object: 'Object Repository/V2/Commons/CreateL10MeetingDrawer/input__typeOfMeeting' is clicked on

2020-09-29 20:45:50 - [MESSAGE][PASSED] - Object: 'Object Repository/V2/Commons/CreateL10MeetingDrawer/input__typeOfMeeting' is clicked on

2020-09-29 20:45:50 - [TEST_STEP][PASSED] - meetingTypeOption_Obj = tt_CustomKeywords.CustomKeywords.CreateDynamicElement(dropdownOptions_obj, meetingType, "xpath"): Successfully created new dynamic object: //div[@id='CREATE_MEETING_L10']//span[text()='Leadership']/parent::div[@role='option']

2020-09-29 20:45:50 - [MESSAGE][PASSED] - Successfully created new dynamic object: //div[@id='CREATE_MEETING_L10']//span[text()='Leadership']/parent::div[@role='option']

2020-09-29 20:45:50 - [TEST_STEP][PASSED] - click(meetingTypeOption_Obj): Object: '' is clicked on

2020-09-29 20:45:50 - [MESSAGE][PASSED] - Object: '' is clicked on

2020-09-29 20:45:50 - [TEST_STEP][PASSED] - click(findTestObject("V2/Commons/CreateL10MeetingDrawer/div_dayOfMeetingDropdownList")): Object: 'Object Repository/V2/Commons/CreateL10MeetingDrawer/div_dayOfMeetingDropdownList' is clicked on

2020-09-29 20:45:50 - [MESSAGE][PASSED] - Object: 'Object Repository/V2/Commons/CreateL10MeetingDrawer/div_dayOfMeetingDropdownList' is clicked on

2020-09-29 20:45:50 - [TEST_STEP][PASSED] - dayOfMeetingOption_Obj = tt_CustomKeywords.CustomKeywords.CreateDynamicElement(dropdownOptions_obj, dayOfMeeting, "xpath"): Successfully created new dynamic object: //div[@id='CREATE_MEETING_L10']//span[text()='Monday']/parent::div[@role='option']

2020-09-29 20:45:50 - [MESSAGE][PASSED] - Successfully created new dynamic object: //div[@id='CREATE_MEETING_L10']//span[text()='Monday']/parent::div[@role='option']

2020-09-29 20:45:50 - [TEST_STEP][PASSED] - click(dayOfMeetingOption_Obj): Object: '' is clicked on

2020-09-29 20:45:50 - [MESSAGE][PASSED] - Object: '' is clicked on

2020-09-29 20:45:50 - [TEST_STEP][PASSED] - click(findTestObject("V2/Commons/CreateL10MeetingDrawer/input_meetingTime")): Object: 'Object Repository/V2/Commons/CreateL10MeetingDrawer/input_meetingTime' is clicked on

2020-09-29 20:45:50 - [MESSAGE][PASSED] - Object: 'Object Repository/V2/Commons/CreateL10MeetingDrawer/input_meetingTime' is clicked on

2020-09-29 20:45:50 - [TEST_STEP][PASSED] - setText(findTestObject("V2/Commons/CreateL10MeetingDrawer/input_meetingTime"), meetingTime): Text '12:00' is set on object 'Object Repository/V2/Commons/CreateL10MeetingDrawer/input_meetingTime'

2020-09-29 20:45:50 - [MESSAGE][PASSED] - Text '12:00' is set on object 'Object Repository/V2/Commons/CreateL10MeetingDrawer/input_meetingTime'

2020-09-29 20:45:50 - [TEST_STEP][PASSED] - sendKeys(findTestObject("V2/Commons/CreateL10MeetingDrawer/input_meetingTime"), Keys.chord(TAB)): Keys 'TAB + ' sent to object: 'Object Repository/V2/Commons/CreateL10MeetingDrawer/input_meetingTime'

2020-09-29 20:45:50 - [MESSAGE][PASSED] - Keys 'TAB + ' sent to object: 'Object Repository/V2/Commons/CreateL10MeetingDrawer/input_meetingTime'

2020-09-29 20:45:50 - [TEST_STEP][PASSED] - click(findTestObject("V2/Commons/CreateL10MeetingDrawer/div_Create Meeting")): Object: 'Object Repository/V2/Commons/CreateL10MeetingDrawer/div_Create Meeting' is clicked on

2020-09-29 20:45:50 - [MESSAGE][PASSED] - Object: 'Object Repository/V2/Commons/CreateL10MeetingDrawer/div_Create Meeting' is clicked on

2020-09-29 20:45:50 - [TEST_STEP][PASSED] - waitForElementVisible(findTestObject("Object Repository/V2/Commons/MeetingListPage/div_Ill do this later"), DefaultTimeout): Object 'Object Repository/V2/Commons/MeetingListPage/div_Ill do this later' is visible

2020-09-29 20:45:57 - [MESSAGE][PASSED] - Object 'Object Repository/V2/Commons/MeetingListPage/div_Ill do this later' is visible

2020-09-29 20:45:57 - [TEST_STEP][PASSED] - verifyElementVisible(findTestObject("Object Repository/V2/Commons/MeetingListPage/div_Ill do this later"), STOP_ON_FAILURE): Object 'Object Repository/V2/Commons/MeetingListPage/div_Ill do this later' is visible

2020-09-29 20:45:57 - [MESSAGE][PASSED] - Object 'Object Repository/V2/Commons/MeetingListPage/div_Ill do this later' is visible

2020-09-29 20:45:57 - [TEST_STEP][PASSED] - click(findTestObject("Object Repository/V2/Commons/MeetingListPage/div_Ill do this later")): Object: 'Object Repository/V2/Commons/MeetingListPage/div_Ill do this later' is clicked on

2020-09-29 20:45:57 - [MESSAGE][PASSED] - Object: 'Object Repository/V2/Commons/MeetingListPage/div_Ill do this later' is clicked on

2020-09-29 20:45:57 - [TEST_STEP][NOT_RUN] - meetingRecordObj = tt_CustomKeywords.CustomKeywords.CreateDynamicElement(meetingRecord_obj, meetingName, "xpath"): NOT_RUN: meetingRecordObj = tt_CustomKeywords.CustomKeywords.CreateDynamicElement(meetingRecord_obj, meetingName, "xpath")

2020-09-29 20:45:57 - [MESSAGE][NOT_RUN] - NOT_RUN: meetingRecordObj = tt_CustomKeywords.CustomKeywords.CreateDynamicElement(meetingRecord_obj, meetingName, "xpath")

2020-09-29 20:45:57 - [TEST_STEP][PASSED] - waitForElementPresent(findTestObject("V2/Commons/MeetingListPage/D_meetingRecord_meetingName_h2", ["meetingName":meetingName]), DefaultTimeout): Object 'Object Repository/V2/Commons/MeetingListPage/D_meetingRecord_meetingName_h2' is present

2020-09-29 20:45:57 - [MESSAGE][PASSED] - Object 'Object Repository/V2/Commons/MeetingListPage/D_meetingRecord_meetingName_h2' is present

2020-09-29 20:45:57 - [TEST_STEP][PASSED] - verifyElementVisible(findTestObject("V2/Commons/MeetingListPage/D_meetingRecord_meetingName_h2", ["meetingName":meetingName]), STOP_ON_FAILURE): Object 'Object Repository/V2/Commons/MeetingListPage/D_meetingRecord_meetingName_h2' is visible

2020-09-29 20:45:58 - [MESSAGE][PASSED] - Object 'Object Repository/V2/Commons/MeetingListPage/D_meetingRecord_meetingName_h2' is visible

2020-09-29 20:45:58 - [MESSAGE][PASSED] - Call Test Case 'Test Cases/V2/Test Case/Pre-conditions/PRE_CreateL10Meeting' successfully

2020-09-29 20:45:58 - [TEST_STEP][PASSED] - callTestCase(findTestCase("V2/Test Case/Pre-conditions/PRE_AddAllAttendeesToMeeting"), ["meetingName":meetingName, "firstname":supervisor_fname, "lastname":lastname, "userOptionObj":"//span[text()='%s']/parent::div[@role='option']", ... ], STOP_ON_FAILURE): Call Test Case 'Test Cases/V2/Test Case/Pre-conditions/PRE_AddAllAttendeesToMeeting' successfully

2020-09-29 20:45:58 - [TEST_CASE][PASSED] - Test Cases/V2/Test Case/Pre-conditions/PRE_AddAllAttendeesToMeeting: Test Cases/V2/Test Case/Pre-conditions/PRE_AddAllAttendeesToMeeting

2020-09-29 20:45:58 - [TEST_STEP][PASSED] - click(findTestObject("V2/Commons/DasboardPage_SidebarMenu/MeetingsMenu")): Object: 'Object Repository/V2/Commons/DasboardPage_SidebarMenu/MeetingsMenu' is clicked on

2020-09-29 20:45:58 - [MESSAGE][PASSED] - Object: 'Object Repository/V2/Commons/DasboardPage_SidebarMenu/MeetingsMenu' is clicked on

2020-09-29 20:45:58 - [TEST_STEP][PASSED] - attendee_fullname = firstname + " " + lastname: null

2020-09-29 20:45:58 - [TEST_STEP][NOT_RUN] - meetingOpt_Obj = tt_CustomKeywords.CustomKeywords.CreateDynamicElement(meetingOptions_obj, meetingName, "xpath"): NOT_RUN: meetingOpt_Obj = tt_CustomKeywords.CustomKeywords.CreateDynamicElement(meetingOptions_obj, meetingName, "xpath")

2020-09-29 20:45:58 - [MESSAGE][NOT_RUN] - NOT_RUN: meetingOpt_Obj = tt_CustomKeywords.CustomKeywords.CreateDynamicElement(meetingOptions_obj, meetingName, "xpath")

2020-09-29 20:45:58 - [TEST_STEP][NOT_RUN] - click(meetingOpt_Obj): NOT_RUN: click(meetingOpt_Obj)

2020-09-29 20:45:58 - [MESSAGE][NOT_RUN] - NOT_RUN: click(meetingOpt_Obj)

2020-09-29 20:45:58 - [TEST_STEP][PASSED] - click(findTestObject("V2/Commons/MeetingListPage/D_meetingRecord_3DotsOption_div", ["meetingName":meetingName]), STOP_ON_FAILURE): Object: 'Object Repository/V2/Commons/MeetingListPage/D_meetingRecord_3DotsOption_div' is clicked on

2020-09-29 20:45:58 - [MESSAGE][PASSED] - Object: 'Object Repository/V2/Commons/MeetingListPage/D_meetingRecord_3DotsOption_div' is clicked on

2020-09-29 20:45:58 - [TEST_STEP][PASSED] - click(findTestObject("V2/Commons/MeetingListPage/a_Edit meeting")): Object: 'Object Repository/V2/Commons/MeetingListPage/a_Edit meeting' is clicked on

2020-09-29 20:45:58 - [MESSAGE][PASSED] - Object: 'Object Repository/V2/Commons/MeetingListPage/a_Edit meeting' is clicked on

2020-09-29 20:45:58 - [TEST_STEP][PASSED] - waitForElementPresent(findTestObject("V2/Commons/EditMeetingPage/div_Add users"), DefaultTimeout): Object 'Object Repository/V2/Commons/EditMeetingPage/div_Add users' is present

2020-09-29 20:45:59 - [MESSAGE][PASSED] - Object 'Object Repository/V2/Commons/EditMeetingPage/div_Add users' is present

2020-09-29 20:45:59 - [TEST_STEP][PASSED] - delay(5): Delayed 5 second(s)

2020-09-29 20:46:04 - [MESSAGE][PASSED] - Delayed 5 second(s)

2020-09-29 20:46:04 - [TEST_STEP][PASSED] - click(findTestObject("V2/Commons/EditMeetingPage/div_Add users")): Object: 'Object Repository/V2/Commons/EditMeetingPage/div_Add users' is clicked on

2020-09-29 20:46:04 - [MESSAGE][PASSED] - Object: 'Object Repository/V2/Commons/EditMeetingPage/div_Add users' is clicked on

2020-09-29 20:46:04 - [TEST_STEP][PASSED] - delay(5): Delayed 5 second(s)

2020-09-29 20:46:09 - [MESSAGE][PASSED] - Delayed 5 second(s)

2020-09-29 20:46:09 - [TEST_STEP][PASSED] - click(findTestObject("V2/Commons/EditMeetingPage/AddAttendeeUserDropdown")): Object: 'Object Repository/V2/Commons/EditMeetingPage/AddAttendeeUserDropdown' is clicked on

2020-09-29 20:46:09 - [MESSAGE][PASSED] - Object: 'Object Repository/V2/Commons/EditMeetingPage/AddAttendeeUserDropdown' is clicked on

2020-09-29 20:46:09 - [TEST_STEP][PASSED] - attendeeOpt_Obj = tt_CustomKeywords.CustomKeywords.CreateDynamicElement(userOptionObj, attendee_fullname, "xpath"): Successfully created new dynamic object: //span[text()='Supervisor User']/parent::div[@role='option']

2020-09-29 20:46:09 - [MESSAGE][PASSED] - Successfully created new dynamic object: //span[text()='Supervisor User']/parent::div[@role='option']

2020-09-29 20:46:09 - [TEST_STEP][PASSED] - attendeeObjCount = tt_CustomKeywords.CustomKeywords.CountElementInWebPageByDynamicElement(userOptionObj, attendee_fullname, "xpath"): Successfully get the element count. 
Element occurences in Webpage: 2

2020-09-29 20:46:09 - [MESSAGE][PASSED] - Successfully get the element count. 
Element occurences in Webpage: 2

2020-09-29 20:46:09 - [TEST_STEP][PASSED] - attendeeOptSCount = attendeeObjCount.toString(): null

2020-09-29 20:46:09 - [TEST_STEP][PASSED] - out.println(attendeeOptSCount): null

2020-09-29 20:46:09 - [TEST_STEP][PASSED] - attendeeObj_Xpath = attendeeOpt_Obj.findPropertyValue("xpath"): null

2020-09-29 20:46:09 - [TEST_STEP][PASSED] - newAttendeeOpt = "(" + attendeeObj_Xpath + ")[%s]": null

2020-09-29 20:46:09 - [TEST_STEP][PASSED] - out.println(newAttendeeOpt): null

2020-09-29 20:46:09 - [TEST_STEP][PASSED] - newAttendeeOpt_Obj = tt_CustomKeywords.CustomKeywords.CreateDynamicElement(newAttendeeOpt, attendeeOptSCount, "xpath"): Successfully created new dynamic object: (//span[text()='Supervisor User']/parent::div[@role='option'])[2]

2020-09-29 20:46:09 - [MESSAGE][PASSED] - Successfully created new dynamic object: (//span[text()='Supervisor User']/parent::div[@role='option'])[2]

2020-09-29 20:46:09 - [TEST_STEP][PASSED] - click(newAttendeeOpt_Obj): Object: '' is clicked on

2020-09-29 20:46:09 - [MESSAGE][PASSED] - Object: '' is clicked on

2020-09-29 20:46:09 - [TEST_STEP][PASSED] - waitForElementPresent(findTestObject("V2/Commons/EditMeetingPage/AddAttendeeSuccessNotif"), DefaultTimeout): Object 'Object Repository/V2/Commons/EditMeetingPage/AddAttendeeSuccessNotif' is present

2020-09-29 20:46:10 - [MESSAGE][PASSED] - Object 'Object Repository/V2/Commons/EditMeetingPage/AddAttendeeSuccessNotif' is present

2020-09-29 20:46:10 - [TEST_STEP][PASSED] - verifyElementPresent(findTestObject("V2/Commons/EditMeetingPage/AddAttendeeSuccessNotif"), DefaultTimeout): Object 'Object Repository/V2/Commons/EditMeetingPage/AddAttendeeSuccessNotif' is present

2020-09-29 20:46:10 - [MESSAGE][PASSED] - Object 'Object Repository/V2/Commons/EditMeetingPage/AddAttendeeSuccessNotif' is present

2020-09-29 20:46:10 - [TEST_STEP][PASSED] - delay(5): Delayed 5 second(s)

2020-09-29 20:46:15 - [MESSAGE][PASSED] - Delayed 5 second(s)

2020-09-29 20:46:15 - [TEST_STEP][PASSED] - permissionDrop_Obj = tt_CustomKeywords.CustomKeywords.CreateDynamicElement(permissionDropObj, attendee_fullname, "xpath"): Successfully created new dynamic object: //div[@role='alert' and text()='Supervisor User']/ancestor::div[@class='editAttendees__item']//button[contains(@aria-label,'assign')]/parent::div

2020-09-29 20:46:15 - [MESSAGE][PASSED] - Successfully created new dynamic object: //div[@role='alert' and text()='Supervisor User']/ancestor::div[@class='editAttendees__item']//button[contains(@aria-label,'assign')]/parent::div

2020-09-29 20:46:15 - [TEST_STEP][PASSED] - click(permissionDrop_Obj): Object: '' is clicked on

2020-09-29 20:46:16 - [MESSAGE][PASSED] - Object: '' is clicked on

2020-09-29 20:46:16 - [TEST_STEP][PASSED] - permissionDropOpt_Obj_MA = tt_CustomKeywords.CustomKeywords.CreateDynamicElement(permissionDropOptObj_MA, attendee_fullname, "xpath"): Successfully created new dynamic object: //div[@role='alert' and text()='Supervisor User']/ancestor::div[@class='editAttendees__item']//span[text()='Meeting Admin']/parent::div

2020-09-29 20:46:16 - [MESSAGE][PASSED] - Successfully created new dynamic object: //div[@role='alert' and text()='Supervisor User']/ancestor::div[@class='editAttendees__item']//span[text()='Meeting Admin']/parent::div

2020-09-29 20:46:16 - [TEST_STEP][PASSED] - permissionDropOpt_Obj_FE = tt_CustomKeywords.CustomKeywords.CreateDynamicElement(permissionDropOptObj_FE, attendee_fullname, "xpath"): Successfully created new dynamic object: //div[@role='alert' and text()='Supervisor User']/ancestor::div[@class='editAttendees__item']//span[text()='Full editor']/parent::div

2020-09-29 20:46:16 - [MESSAGE][PASSED] - Successfully created new dynamic object: //div[@role='alert' and text()='Supervisor User']/ancestor::div[@class='editAttendees__item']//span[text()='Full editor']/parent::div

2020-09-29 20:46:16 - [TEST_STEP][PASSED] - permissionDropOpt_Obj_BE = tt_CustomKeywords.CustomKeywords.CreateDynamicElement(permissionDropOptObj_BE, attendee_fullname, "xpath"): Successfully created new dynamic object: //div[@role='alert' and text()='Supervisor User']/ancestor::div[@class='editAttendees__item']//span[text()='Basic editor']/parent::div

2020-09-29 20:46:16 - [MESSAGE][PASSED] - Successfully created new dynamic object: //div[@role='alert' and text()='Supervisor User']/ancestor::div[@class='editAttendees__item']//span[text()='Basic editor']/parent::div

2020-09-29 20:46:16 - [TEST_STEP][PASSED] - if (permission == "Meeting Admin"): null

2020-09-29 20:46:16 - [TEST_STEP][PASSED] - if (permission == "Full editor"): null

2020-09-29 20:46:16 - [TEST_STEP][PASSED] - if (permission == "Basic editor"): null

2020-09-29 20:46:16 - [TEST_STEP][PASSED] - delay(5): Delayed 5 second(s)

2020-09-29 20:46:21 - [MESSAGE][PASSED] - Delayed 5 second(s)

2020-09-29 20:46:21 - [TEST_STEP][PASSED] - verifyElementPresent(findTestObject("V2/Commons/DasboardPage_SidebarMenu/MeetingsMenu"), DefaultTimeout): Object 'Object Repository/V2/Commons/DasboardPage_SidebarMenu/MeetingsMenu' is present

2020-09-29 20:46:21 - [MESSAGE][PASSED] - Object 'Object Repository/V2/Commons/DasboardPage_SidebarMenu/MeetingsMenu' is present

2020-09-29 20:46:21 - [TEST_STEP][PASSED] - click(findTestObject("V2/Commons/DasboardPage_SidebarMenu/MeetingsMenu")): Object: 'Object Repository/V2/Commons/DasboardPage_SidebarMenu/MeetingsMenu' is clicked on

2020-09-29 20:46:21 - [MESSAGE][PASSED] - Object: 'Object Repository/V2/Commons/DasboardPage_SidebarMenu/MeetingsMenu' is clicked on

2020-09-29 20:46:21 - [TEST_STEP][PASSED] - waitForElementNotPresent(findTestObject("V2/Commons/EditMeetingPage/AddAttendeeSuccessNotif"), DefaultTimeout): Web element with id: 'Object Repository/V2/Commons/EditMeetingPage/AddAttendeeSuccessNotif' located by 'By.xpath: //h3[text()='New attendee added!']' is not present after '60' second(s)

2020-09-29 20:46:21 - [MESSAGE][PASSED] - Web element with id: 'Object Repository/V2/Commons/EditMeetingPage/AddAttendeeSuccessNotif' located by 'By.xpath: //h3[text()='New attendee added!']' is not present after '60' second(s)

2020-09-29 20:46:21 - [MESSAGE][PASSED] - Call Test Case 'Test Cases/V2/Test Case/Pre-conditions/PRE_AddAllAttendeesToMeeting' successfully

2020-09-29 20:46:21 - [TEST_STEP][PASSED] - callTestCase(findTestCase("V2/Test Case/Pre-conditions/PRE_AddAllAttendeesToMeetingEmployee"), ["meetingName":meetingName, "firstname":employee_fname, "lastname":lastname, "userOptionObj":"//span[text()='%s']/parent::div[@role='option']", ... ], STOP_ON_FAILURE): Call Test Case 'Test Cases/V2/Test Case/Pre-conditions/PRE_AddAllAttendeesToMeetingEmployee' successfully

2020-09-29 20:46:21 - [TEST_CASE][PASSED] - Test Cases/V2/Test Case/Pre-conditions/PRE_AddAllAttendeesToMeetingEmployee: Test Cases/V2/Test Case/Pre-conditions/PRE_AddAllAttendeesToMeetingEmployee

2020-09-29 20:46:21 - [TEST_STEP][PASSED] - click(findTestObject("V2/Commons/DasboardPage_SidebarMenu/MeetingsMenu")): Object: 'Object Repository/V2/Commons/DasboardPage_SidebarMenu/MeetingsMenu' is clicked on

2020-09-29 20:46:21 - [MESSAGE][PASSED] - Object: 'Object Repository/V2/Commons/DasboardPage_SidebarMenu/MeetingsMenu' is clicked on

2020-09-29 20:46:21 - [TEST_STEP][PASSED] - attendee_fullname = firstname + " " + lastname: null

2020-09-29 20:46:21 - [TEST_STEP][NOT_RUN] - meetingOpt_Obj = tt_CustomKeywords.CustomKeywords.CreateDynamicElement(meetingOptions_obj, meetingName, "xpath"): NOT_RUN: meetingOpt_Obj = tt_CustomKeywords.CustomKeywords.CreateDynamicElement(meetingOptions_obj, meetingName, "xpath")

2020-09-29 20:46:21 - [MESSAGE][NOT_RUN] - NOT_RUN: meetingOpt_Obj = tt_CustomKeywords.CustomKeywords.CreateDynamicElement(meetingOptions_obj, meetingName, "xpath")

2020-09-29 20:46:21 - [TEST_STEP][NOT_RUN] - click(meetingOpt_Obj): NOT_RUN: click(meetingOpt_Obj)

2020-09-29 20:46:21 - [MESSAGE][NOT_RUN] - NOT_RUN: click(meetingOpt_Obj)

2020-09-29 20:46:21 - [TEST_STEP][PASSED] - click(findTestObject("V2/Commons/MeetingListPage/D_meetingRecord_3DotsOption_div", ["meetingName":meetingName]), STOP_ON_FAILURE): Object: 'Object Repository/V2/Commons/MeetingListPage/D_meetingRecord_3DotsOption_div' is clicked on

2020-09-29 20:46:21 - [MESSAGE][PASSED] - Object: 'Object Repository/V2/Commons/MeetingListPage/D_meetingRecord_3DotsOption_div' is clicked on

2020-09-29 20:46:21 - [TEST_STEP][PASSED] - click(findTestObject("V2/Commons/MeetingListPage/a_Edit meeting")): Object: 'Object Repository/V2/Commons/MeetingListPage/a_Edit meeting' is clicked on

2020-09-29 20:46:21 - [MESSAGE][PASSED] - Object: 'Object Repository/V2/Commons/MeetingListPage/a_Edit meeting' is clicked on

2020-09-29 20:46:21 - [TEST_STEP][PASSED] - waitForElementPresent(findTestObject("V2/Commons/EditMeetingPage/div_Add users"), DefaultTimeout): Object 'Object Repository/V2/Commons/EditMeetingPage/div_Add users' is present

2020-09-29 20:46:21 - [MESSAGE][PASSED] - Object 'Object Repository/V2/Commons/EditMeetingPage/div_Add users' is present

2020-09-29 20:46:21 - [TEST_STEP][PASSED] - delay(5): Delayed 5 second(s)

2020-09-29 20:46:26 - [MESSAGE][PASSED] - Delayed 5 second(s)

2020-09-29 20:46:26 - [TEST_STEP][PASSED] - click(findTestObject("V2/Commons/EditMeetingPage/div_Add users")): Object: 'Object Repository/V2/Commons/EditMeetingPage/div_Add users' is clicked on

2020-09-29 20:46:26 - [MESSAGE][PASSED] - Object: 'Object Repository/V2/Commons/EditMeetingPage/div_Add users' is clicked on

2020-09-29 20:46:26 - [TEST_STEP][PASSED] - delay(5): Delayed 5 second(s)

2020-09-29 20:46:31 - [MESSAGE][PASSED] - Delayed 5 second(s)

2020-09-29 20:46:31 - [TEST_STEP][PASSED] - click(findTestObject("V2/Commons/EditMeetingPage/AddAttendeeUserDropdown")): Object: 'Object Repository/V2/Commons/EditMeetingPage/AddAttendeeUserDropdown' is clicked on

2020-09-29 20:46:32 - [MESSAGE][PASSED] - Object: 'Object Repository/V2/Commons/EditMeetingPage/AddAttendeeUserDropdown' is clicked on

2020-09-29 20:46:32 - [TEST_STEP][PASSED] - attendeeOpt_Obj = tt_CustomKeywords.CustomKeywords.CreateDynamicElement(userOptionObj, attendee_fullname, "xpath"): Successfully created new dynamic object: //span[text()='Employee User']/parent::div[@role='option']

2020-09-29 20:46:32 - [MESSAGE][PASSED] - Successfully created new dynamic object: //span[text()='Employee User']/parent::div[@role='option']

2020-09-29 20:46:32 - [TEST_STEP][PASSED] - attendeeObjCount = tt_CustomKeywords.CustomKeywords.CountElementInWebPageByDynamicElement(userOptionObj, attendee_fullname, "xpath"): Successfully get the element count. 
Element occurences in Webpage: 3

2020-09-29 20:46:32 - [MESSAGE][PASSED] - Successfully get the element count. 
Element occurences in Webpage: 3

2020-09-29 20:46:32 - [TEST_STEP][PASSED] - attendeeOptSCount = attendeeObjCount.toString(): null

2020-09-29 20:46:32 - [TEST_STEP][PASSED] - out.println(attendeeOptSCount): null

2020-09-29 20:46:32 - [TEST_STEP][PASSED] - attendeeObj_Xpath = attendeeOpt_Obj.findPropertyValue("xpath"): null

2020-09-29 20:46:32 - [TEST_STEP][PASSED] - newAttendeeOpt = "(" + attendeeObj_Xpath + ")[%s]": null

2020-09-29 20:46:32 - [TEST_STEP][PASSED] - out.println(newAttendeeOpt): null

2020-09-29 20:46:32 - [TEST_STEP][PASSED] - newAttendeeOpt_Obj = tt_CustomKeywords.CustomKeywords.CreateDynamicElement(newAttendeeOpt, attendeeOptSCount, "xpath"): Successfully created new dynamic object: (//span[text()='Employee User']/parent::div[@role='option'])[3]

2020-09-29 20:46:32 - [MESSAGE][PASSED] - Successfully created new dynamic object: (//span[text()='Employee User']/parent::div[@role='option'])[3]

2020-09-29 20:46:32 - [TEST_STEP][PASSED] - click(newAttendeeOpt_Obj): Object: '' is clicked on

2020-09-29 20:46:32 - [MESSAGE][PASSED] - Object: '' is clicked on

2020-09-29 20:46:32 - [TEST_STEP][PASSED] - waitForElementPresent(findTestObject("V2/Commons/EditMeetingPage/AddAttendeeSuccessNotif"), DefaultTimeout): Object 'Object Repository/V2/Commons/EditMeetingPage/AddAttendeeSuccessNotif' is present

2020-09-29 20:46:33 - [MESSAGE][PASSED] - Object 'Object Repository/V2/Commons/EditMeetingPage/AddAttendeeSuccessNotif' is present

2020-09-29 20:46:33 - [TEST_STEP][PASSED] - verifyElementPresent(findTestObject("V2/Commons/EditMeetingPage/AddAttendeeSuccessNotif"), DefaultTimeout): Object 'Object Repository/V2/Commons/EditMeetingPage/AddAttendeeSuccessNotif' is present

2020-09-29 20:46:33 - [MESSAGE][PASSED] - Object 'Object Repository/V2/Commons/EditMeetingPage/AddAttendeeSuccessNotif' is present

2020-09-29 20:46:33 - [TEST_STEP][PASSED] - delay(5): Delayed 5 second(s)

2020-09-29 20:46:38 - [MESSAGE][PASSED] - Delayed 5 second(s)

2020-09-29 20:46:38 - [TEST_STEP][PASSED] - permissionDrop_Obj = tt_CustomKeywords.CustomKeywords.CreateDynamicElement(permissionDropObj, attendee_fullname, "xpath"): Successfully created new dynamic object: //div[@role='alert' and text()='Employee User']/ancestor::div[@class='editAttendees__item']//button[contains(@aria-label,'assign')]/parent::div

2020-09-29 20:46:38 - [MESSAGE][PASSED] - Successfully created new dynamic object: //div[@role='alert' and text()='Employee User']/ancestor::div[@class='editAttendees__item']//button[contains(@aria-label,'assign')]/parent::div

2020-09-29 20:46:38 - [TEST_STEP][PASSED] - click(permissionDrop_Obj): Object: '' is clicked on

2020-09-29 20:46:38 - [MESSAGE][PASSED] - Object: '' is clicked on

2020-09-29 20:46:38 - [TEST_STEP][PASSED] - permissionDropOpt_Obj_MA = tt_CustomKeywords.CustomKeywords.CreateDynamicElement(permissionDropOptObj_MA, attendee_fullname, "xpath"): Successfully created new dynamic object: //div[@role='alert' and text()='Employee User']/ancestor::div[@class='editAttendees__item']//span[text()='Meeting Admin']/parent::div

2020-09-29 20:46:38 - [MESSAGE][PASSED] - Successfully created new dynamic object: //div[@role='alert' and text()='Employee User']/ancestor::div[@class='editAttendees__item']//span[text()='Meeting Admin']/parent::div

2020-09-29 20:46:38 - [TEST_STEP][PASSED] - permissionDropOpt_Obj_FE = tt_CustomKeywords.CustomKeywords.CreateDynamicElement(permissionDropOptObj_FE, attendee_fullname, "xpath"): Successfully created new dynamic object: //div[@role='alert' and text()='Employee User']/ancestor::div[@class='editAttendees__item']//span[text()='Full editor']/parent::div

2020-09-29 20:46:38 - [MESSAGE][PASSED] - Successfully created new dynamic object: //div[@role='alert' and text()='Employee User']/ancestor::div[@class='editAttendees__item']//span[text()='Full editor']/parent::div

2020-09-29 20:46:38 - [TEST_STEP][PASSED] - permissionDropOpt_Obj_BE = tt_CustomKeywords.CustomKeywords.CreateDynamicElement(permissionDropOptObj_BE, attendee_fullname, "xpath"): Successfully created new dynamic object: //div[@role='alert' and text()='Employee User']/ancestor::div[@class='editAttendees__item']//span[text()='Basic editor']

2020-09-29 20:46:38 - [MESSAGE][PASSED] - Successfully created new dynamic object: //div[@role='alert' and text()='Employee User']/ancestor::div[@class='editAttendees__item']//span[text()='Basic editor']

2020-09-29 20:46:38 - [TEST_STEP][PASSED] - click(permissionDropOpt_Obj_BE): Object: '' is clicked on

2020-09-29 20:46:38 - [MESSAGE][PASSED] - Object: '' is clicked on

2020-09-29 20:46:38 - [TEST_STEP][PASSED] - waitForElementPresent(findTestObject("V2/Commons/EditMeetingPage/AddAttendeePermSuccessNotif"), DefaultTimeout): Object 'Object Repository/V2/Commons/EditMeetingPage/AddAttendeePermSuccessNotif' is present

2020-09-29 20:46:38 - [MESSAGE][PASSED] - Object 'Object Repository/V2/Commons/EditMeetingPage/AddAttendeePermSuccessNotif' is present

2020-09-29 20:46:38 - [TEST_STEP][PASSED] - verifyElementPresent(findTestObject("V2/Commons/EditMeetingPage/AddAttendeePermSuccessNotif"), DefaultTimeout): Object 'Object Repository/V2/Commons/EditMeetingPage/AddAttendeePermSuccessNotif' is present

2020-09-29 20:46:38 - [MESSAGE][PASSED] - Object 'Object Repository/V2/Commons/EditMeetingPage/AddAttendeePermSuccessNotif' is present

2020-09-29 20:46:38 - [TEST_STEP][PASSED] - delay(5): Delayed 5 second(s)

2020-09-29 20:46:43 - [MESSAGE][PASSED] - Delayed 5 second(s)

2020-09-29 20:46:43 - [TEST_STEP][PASSED] - verifyElementPresent(findTestObject("V2/Commons/DasboardPage_SidebarMenu/MeetingsMenu"), DefaultTimeout): Object 'Object Repository/V2/Commons/DasboardPage_SidebarMenu/MeetingsMenu' is present

2020-09-29 20:46:43 - [MESSAGE][PASSED] - Object 'Object Repository/V2/Commons/DasboardPage_SidebarMenu/MeetingsMenu' is present

2020-09-29 20:46:43 - [TEST_STEP][PASSED] - click(findTestObject("V2/Commons/DasboardPage_SidebarMenu/MeetingsMenu")): Object: 'Object Repository/V2/Commons/DasboardPage_SidebarMenu/MeetingsMenu' is clicked on

2020-09-29 20:46:43 - [MESSAGE][PASSED] - Object: 'Object Repository/V2/Commons/DasboardPage_SidebarMenu/MeetingsMenu' is clicked on

2020-09-29 20:46:43 - [TEST_STEP][PASSED] - waitForElementNotPresent(findTestObject("V2/Commons/EditMeetingPage/AddAttendeeSuccessNotif"), DefaultTimeout): Web element with id: 'Object Repository/V2/Commons/EditMeetingPage/AddAttendeeSuccessNotif' located by 'By.xpath: //h3[text()='New attendee added!']' is not present after '60' second(s)

2020-09-29 20:46:44 - [MESSAGE][PASSED] - Web element with id: 'Object Repository/V2/Commons/EditMeetingPage/AddAttendeeSuccessNotif' located by 'By.xpath: //h3[text()='New attendee added!']' is not present after '60' second(s)

2020-09-29 20:46:44 - [MESSAGE][PASSED] - Call Test Case 'Test Cases/V2/Test Case/Pre-conditions/PRE_AddAllAttendeesToMeetingEmployee' successfully

2020-09-29 20:46:44 - [TEST_STEP][PASSED] - callTestCase(findTestCase("V2/Test Case/Tests/TT-238 - VTO/Test Cases/Positive/Admin/TT_238_2_EditCoreValues_Admin"), ["admin_fname":"", "lastname":"", "phonenumber":"9999999999", "company":"Traction Tools", "password":"", "admin_email_prefix":"", ... ], STOP_ON_FAILURE): Call Test Case 'Test Cases/V2/Test Case/Tests/TT-238 - VTO/Test Cases/Positive/Admin/TT_238_2_EditCoreValues_Admin' successfully

2020-09-29 20:46:44 - [TEST_CASE][PASSED] - Test Cases/V2/Test Case/Tests/TT-238 - VTO/Test Cases/Positive/Admin/TT_238_2_EditCoreValues_Admin: Test Cases/V2/Test Case/Tests/TT-238 - VTO/Test Cases/Positive/Admin/TT_238_2_EditCoreValues_Admin

2020-09-29 20:46:44 - [TEST_STEP][PASSED] - waitForElementVisible(findTestObject("V2/TT-238/VTO"), DefaultTimeout): Object 'Object Repository/V2/TT-238/VTO' is visible

2020-09-29 20:46:44 - [MESSAGE][PASSED] - Object 'Object Repository/V2/TT-238/VTO' is visible

2020-09-29 20:46:44 - [TEST_STEP][PASSED] - click(findTestObject("V2/TT-238/VTO")): Object: 'Object Repository/V2/TT-238/VTO' is clicked on

2020-09-29 20:46:44 - [MESSAGE][PASSED] - Object: 'Object Repository/V2/TT-238/VTO' is clicked on

2020-09-29 20:46:44 - [TEST_STEP][PASSED] - waitForElementVisible(findTestObject("V2/TT-238/VTO_CoreValues"), DefaultTimeout): Object 'Object Repository/V2/TT-238/VTO_CoreValues' is visible

2020-09-29 20:46:45 - [MESSAGE][PASSED] - Object 'Object Repository/V2/TT-238/VTO_CoreValues' is visible

2020-09-29 20:46:45 - [TEST_STEP][PASSED] - click(findTestObject("V2/TT-238/VTO_CoreValues")): Object: 'Object Repository/V2/TT-238/VTO_CoreValues' is clicked on

2020-09-29 20:46:45 - [MESSAGE][PASSED] - Object: 'Object Repository/V2/TT-238/VTO_CoreValues' is clicked on

2020-09-29 20:46:45 - [TEST_STEP][PASSED] - sendKeys(findTestObject("V2/TT-238/VTO_CoreValues"), Keys.chord(LEFT_CONTROL, "a", BACK_SPACE)): Keys 'CONTROL + BACK_SPACE + a' sent to object: 'Object Repository/V2/TT-238/VTO_CoreValues'

2020-09-29 20:46:45 - [MESSAGE][PASSED] - Keys 'CONTROL + BACK_SPACE + a' sent to object: 'Object Repository/V2/TT-238/VTO_CoreValues'

2020-09-29 20:46:45 - [TEST_STEP][PASSED] - sendKeys(findTestObject("V2/TT-238/VTO_CoreValues"), "Sample Core Values"): Keys 'Sample Core Values' sent to object: 'Object Repository/V2/TT-238/VTO_CoreValues'

2020-09-29 20:46:45 - [MESSAGE][PASSED] - Keys 'Sample Core Values' sent to object: 'Object Repository/V2/TT-238/VTO_CoreValues'

2020-09-29 20:46:45 - [TEST_STEP][PASSED] - delay(5): Delayed 5 second(s)

2020-09-29 20:46:50 - [MESSAGE][PASSED] - Delayed 5 second(s)

2020-09-29 20:46:50 - [MESSAGE][PASSED] - Call Test Case 'Test Cases/V2/Test Case/Tests/TT-238 - VTO/Test Cases/Positive/Admin/TT_238_2_EditCoreValues_Admin' successfully

2020-09-29 20:46:50 - [TEST_STEP][PASSED] - changeWebDriver(driver2): null

2020-09-29 20:46:50 - [TEST_STEP][PASSED] - callTestCase(findTestCase("V2/Test Case/Tests/TT-238 - VTO/Test Cases/Positive/Supervisor/TT_238_2_EditCoreValues_Supervisor"), ["admin_fname":"", "lastname":"", "phonenumber":"9999999999", "company":"Traction Tools", "password":"", "admin_email_prefix":"", ... ], STOP_ON_FAILURE): Call Test Case 'Test Cases/V2/Test Case/Tests/TT-238 - VTO/Test Cases/Positive/Supervisor/TT_238_2_EditCoreValues_Supervisor' successfully

2020-09-29 20:46:50 - [TEST_CASE][PASSED] - Test Cases/V2/Test Case/Tests/TT-238 - VTO/Test Cases/Positive/Supervisor/TT_238_2_EditCoreValues_Supervisor: Test Cases/V2/Test Case/Tests/TT-238 - VTO/Test Cases/Positive/Supervisor/TT_238_2_EditCoreValues_Supervisor

2020-09-29 20:46:51 - [TEST_STEP][PASSED] - waitForElementVisible(findTestObject("V2/TT-238/VTO"), DefaultTimeout): Object 'Object Repository/V2/TT-238/VTO' is visible

2020-09-29 20:46:51 - [MESSAGE][PASSED] - Object 'Object Repository/V2/TT-238/VTO' is visible

2020-09-29 20:46:51 - [TEST_STEP][PASSED] - click(findTestObject("V2/TT-238/VTO")): Object: 'Object Repository/V2/TT-238/VTO' is clicked on

2020-09-29 20:46:51 - [MESSAGE][PASSED] - Object: 'Object Repository/V2/TT-238/VTO' is clicked on

2020-09-29 20:46:51 - [TEST_STEP][PASSED] - waitForElementVisible(findTestObject("V2/TT-238/VTO_CoreValues"), DefaultTimeout): Object 'Object Repository/V2/TT-238/VTO_CoreValues' is visible

2020-09-29 20:46:53 - [MESSAGE][PASSED] - Object 'Object Repository/V2/TT-238/VTO_CoreValues' is visible

2020-09-29 20:46:53 - [TEST_STEP][PASSED] - click(findTestObject("V2/TT-238/VTO_CoreValues")): Object: 'Object Repository/V2/TT-238/VTO_CoreValues' is clicked on

2020-09-29 20:46:53 - [MESSAGE][PASSED] - Object: 'Object Repository/V2/TT-238/VTO_CoreValues' is clicked on

2020-09-29 20:46:53 - [TEST_STEP][PASSED] - sendKeys(findTestObject("V2/TT-238/VTO_CoreValues"), Keys.chord(LEFT_CONTROL, "a", BACK_SPACE)): Keys 'CONTROL + BACK_SPACE + a' sent to object: 'Object Repository/V2/TT-238/VTO_CoreValues'

2020-09-29 20:46:53 - [MESSAGE][PASSED] - Keys 'CONTROL + BACK_SPACE + a' sent to object: 'Object Repository/V2/TT-238/VTO_CoreValues'

2020-09-29 20:46:53 - [TEST_STEP][PASSED] - sendKeys(findTestObject("V2/TT-238/VTO_CoreValues"), "Sample Core Values"): Keys 'Sample Core Values' sent to object: 'Object Repository/V2/TT-238/VTO_CoreValues'

2020-09-29 20:46:53 - [MESSAGE][PASSED] - Keys 'Sample Core Values' sent to object: 'Object Repository/V2/TT-238/VTO_CoreValues'

2020-09-29 20:46:53 - [TEST_STEP][PASSED] - delay(5): Delayed 5 second(s)

2020-09-29 20:46:58 - [MESSAGE][PASSED] - Delayed 5 second(s)

2020-09-29 20:46:58 - [MESSAGE][PASSED] - Call Test Case 'Test Cases/V2/Test Case/Tests/TT-238 - VTO/Test Cases/Positive/Supervisor/TT_238_2_EditCoreValues_Supervisor' successfully

2020-09-29 20:46:58 - [TEST_STEP][PASSED] - changeWebDriver(driver3): null

2020-09-29 20:46:58 - [TEST_STEP][PASSED] - callTestCase(findTestCase("V2/Test Case/Tests/TT-238 - VTO/Test Cases/Positive/Employee/TT_238_2_EditCoreValues_Employee"), ["admin_fname":"", "lastname":"", "phonenumber":"9999999999", "company":"Traction Tools", "password":"", "admin_email_prefix":"", ... ], STOP_ON_FAILURE): Call Test Case 'Test Cases/V2/Test Case/Tests/TT-238 - VTO/Test Cases/Positive/Employee/TT_238_2_EditCoreValues_Employee' successfully

2020-09-29 20:46:58 - [TEST_CASE][PASSED] - Test Cases/V2/Test Case/Tests/TT-238 - VTO/Test Cases/Positive/Employee/TT_238_2_EditCoreValues_Employee: Test Cases/V2/Test Case/Tests/TT-238 - VTO/Test Cases/Positive/Employee/TT_238_2_EditCoreValues_Employee

2020-09-29 20:46:58 - [TEST_STEP][PASSED] - waitForElementVisible(findTestObject("V2/TT-238/VTO"), DefaultTimeout): Object 'Object Repository/V2/TT-238/VTO' is visible

2020-09-29 20:46:58 - [MESSAGE][PASSED] - Object 'Object Repository/V2/TT-238/VTO' is visible

2020-09-29 20:46:58 - [TEST_STEP][PASSED] - click(findTestObject("V2/TT-238/VTO")): Object: 'Object Repository/V2/TT-238/VTO' is clicked on

2020-09-29 20:46:58 - [MESSAGE][PASSED] - Object: 'Object Repository/V2/TT-238/VTO' is clicked on

2020-09-29 20:46:58 - [TEST_STEP][PASSED] - waitForElementVisible(findTestObject("V2/TT-238/VTO_CoreValues"), DefaultTimeout): Object 'Object Repository/V2/TT-238/VTO_CoreValues' is visible

2020-09-29 20:47:01 - [MESSAGE][PASSED] - Object 'Object Repository/V2/TT-238/VTO_CoreValues' is visible

2020-09-29 20:47:01 - [TEST_STEP][PASSED] - A_coreValues = getAttribute(findTestObject("V2/TT-238/VTO_CoreValues"), "contenteditable"): Attribute 'contenteditable' of object 'Object Repository/V2/TT-238/VTO_CoreValues' is: 'false'

2020-09-29 20:47:01 - [MESSAGE][PASSED] - Attribute 'contenteditable' of object 'Object Repository/V2/TT-238/VTO_CoreValues' is: 'false'

2020-09-29 20:47:01 - [TEST_STEP][PASSED] - tt_CustomKeywords.CustomKeywords.VerifyTextContains(A_coreValues, "false"): Text Matched.

2020-09-29 20:47:01 - [MESSAGE][PASSED] - Text Matched.

2020-09-29 20:47:01 - [TEST_STEP][PASSED] - delay(5): Delayed 5 second(s)

2020-09-29 20:47:06 - [MESSAGE][PASSED] - Delayed 5 second(s)

2020-09-29 20:47:06 - [MESSAGE][PASSED] - Call Test Case 'Test Cases/V2/Test Case/Tests/TT-238 - VTO/Test Cases/Positive/Employee/TT_238_2_EditCoreValues_Employee' successfully

2020-09-29 20:47:06 - [TEST_STEP][PASSED] - delay(10): Delayed 10 second(s)

2020-09-29 20:47:16 - [MESSAGE][PASSED] - Delayed 10 second(s)

2020-09-29 20:47:16 - [TEST_STEP][PASSED] - tt_CustomKeywords.CustomKeywords.CloseWebDriver(driver3): tt_CustomKeywords.CustomKeywords.CloseWebDriver is PASSED

2020-09-29 20:47:21 - [MESSAGE][PASSED] - tt_CustomKeywords.CustomKeywords.CloseWebDriver is PASSED

2020-09-29 20:47:21 - [TEST_STEP][PASSED] - tt_CustomKeywords.CustomKeywords.CloseWebDriver(driver2): tt_CustomKeywords.CustomKeywords.CloseWebDriver is PASSED

2020-09-29 20:47:26 - [MESSAGE][PASSED] - tt_CustomKeywords.CustomKeywords.CloseWebDriver is PASSED

2020-09-29 20:47:26 - [TEST_STEP][PASSED] - tt_CustomKeywords.CustomKeywords.CloseWebDriver(driver1): tt_CustomKeywords.CustomKeywords.CloseWebDriver is PASSED

2020-09-29 20:47:31 - [MESSAGE][PASSED] - tt_CustomKeywords.CustomKeywords.CloseWebDriver is PASSED]]></system-out>
         <system-err><![CDATA[]]></system-err>
      </testcase>
      <system-out><![CDATA[2020-09-29 20:43:27 - [TEST_SUITE][PASSED] - TT-238_TestSuite: Test Cases/V2/Test Case/Tests/TT-238 - VTO/Test Cases/Positive/TT_369_2_EditCoreValues_AllTestCase]]></system-out>
      <system-err><![CDATA[]]></system-err>
   </testsuite>
</testsuites>
