<?xml version="1.0" encoding="UTF-8"?>
<testsuites name="PR-369_TestSuite" time="498.402" tests="1" failures="0" errors="0">
   <testsuite name="PR-369_TestSuite" tests="1" failures="0" errors="0" time="498.402" timestamp="2020-09-08 14:25:48" hostname="Aaron-PC - host.docker.internal" id="Test Suites/V2/Tests/PR-369 - EditMeetingAgenda/PR-369_TestSuite">
      <properties>
         <property name="deviceName" value=""/>
         <property name="devicePlatform" value=""/>
         <property name="logFolder" value="C:\\Users\\Aaron-PC\\git\\TractionTools\\Reports\\20200908_142546\\V2\\Tests\\PR-369 - EditMeetingAgenda\\PR-369_TestSuite\\20200908_142546"/>
         <property name="logFiles" value="C:\\Users\\Aaron-PC\\git\\TractionTools\\Reports\\20200908_142546\\V2\\Tests\\PR-369 - EditMeetingAgenda\\PR-369_TestSuite\\20200908_142546\\execution0.log"/>
         <property name="attachments" value=""/>
         <property name="hostName" value="Aaron-PC - host.docker.internal"/>
         <property name="os" value="Windows 10 64bit"/>
         <property name="katalonVersion" value="7.6.6.205"/>
         <property name="browser" value="Chrome 85.0.4183.83"/>
         <property name="hostAddress" value="192.168.1.48"/>
         <property name="sessionId" value="2b1a01c604393fbdd0de966cc68e6fa4"/>
         <property name="seleniumVersion" value="3.141.59"/>
         <property name="proxyInformation" value="ProxyInformation { proxyOption=NO_PROXY, proxyServerType=HTTP, username=, password=********, proxyServerAddress=, proxyServerPort=0, executionList=&quot;&quot;, isApplyToDesiredCapabilities=true }"/>
         <property name="platform" value="Windows 10"/>
      </properties>
      <testcase name="Test Cases/V2/Test Case/Tests/PR-369 - EditMeetingAgenda/Test Cases/Positive/TT_369_4_CreateTodo_AllTestCase" time="497.882" classname="Test Cases/V2/Test Case/Tests/PR-369 - EditMeetingAgenda/Test Cases/Positive/TT_369_4_CreateTodo_AllTestCase" status="PASSED">
         <system-out><![CDATA[2020-09-08 14:25:48 - [TEST_CASE][PASSED] - Test Cases/V2/Test Case/Tests/PR-369 - EditMeetingAgenda/Test Cases/Positive/TT_369_4_CreateTodo_AllTestCase: Test Cases/V2/Test Case/Tests/PR-369 - EditMeetingAgenda/Test Cases/Positive/TT_369_4_CreateTodo_AllTestCase

2020-09-08 14:25:48 - [TEST_STEP][PASSED] - callTestCase(findTestCase("V2/Test Case/Pre-conditions/PRE_RegisterAndActivateTTUsers"), ["admin_fname":admin_fname, "lastname":lastname, "phonenumber":"9999999999", "company":"Traction Tools", "password":password, ... ], STOP_ON_FAILURE): Call Test Case 'Test Cases/V2/Test Case/Pre-conditions/PRE_RegisterAndActivateTTUsers' successfully

2020-09-08 14:25:48 - [TEST_CASE][PASSED] - Test Cases/V2/Test Case/Pre-conditions/PRE_RegisterAndActivateTTUsers: Test Cases/V2/Test Case/Pre-conditions/PRE_RegisterAndActivateTTUsers

2020-09-08 14:25:49 - [TEST_STEP][PASSED] - email = tt_CustomKeywords.CustomKeywords.GenerateRandomEmailAddress(admin_email_prefix, admin_email_domain, randomTextLength): Successfully generated a random email: tractiontools.user001+ta51st9m@gmail.com

2020-09-08 14:25:49 - [MESSAGE][PASSED] - Successfully generated a random email: tractiontools.user001+ta51st9m@gmail.com

2020-09-08 14:25:49 - [TEST_STEP][PASSED] - supervisor_email = tt_CustomKeywords.CustomKeywords.GenerateRandomEmailAddress(supervisor_email_prefix, supervisor_email_domain, randomTextLength): Successfully generated a random email: tractiontools.user001+ts5jh6p4@gmail.com

2020-09-08 14:25:49 - [MESSAGE][PASSED] - Successfully generated a random email: tractiontools.user001+ts5jh6p4@gmail.com

2020-09-08 14:25:49 - [TEST_STEP][PASSED] - employee_email = tt_CustomKeywords.CustomKeywords.GenerateRandomEmailAddress(employee_email_prefix, employee_email_domain, randomTextLength): Successfully generated a random email: tractiontools.user001+te5fxn7r@gmail.com

2020-09-08 14:25:49 - [MESSAGE][PASSED] - Successfully generated a random email: tractiontools.user001+te5fxn7r@gmail.com

2020-09-08 14:25:49 - [TEST_STEP][PASSED] - adminDetails = tt_CustomKeywords.CustomKeywords.RegisterUserViaAPIAndGenerateActivateURL(email, admin_fname, lastname, phonenumber, company, "__JSON__{\"howDidYouHearAboutUs\":\"Facebook\",\"implementer\":\"\",\"existingTractionToolsClient\":\"\",\"other\":\"\"}", "__JSON__{\"timeZone\":\"America/Guatemala\",\"brandColor\":\"#023047\",\"q1Start\":null,\"q1End\":null,\"q2Start\":null,\"q2End\":null,\"q3Start\":null,\"q3End\":null,\"q4Start\":null,\"q4End\":null,\"quarterDatesSetsRocks\":false,\"exportUsers\":false,\"exportRocks\":false,\"exportRocksIncludesMilestones\":false,\"exportScorecards\":false,\"exportTodos\":false,\"exportTodosIncludesNotes\":false,\"exportPeopleHeadlines\":false,\"exportPeopleHeadlinesIncludesNotes\":false,\"exportIssues\":false,\"exportIssuesIncludesNotes\":false,\"exportContextAwareTodos\":false,\"dateFormat\":\"MM/DD/YYYY\",\"timeFormat\":\"h:mma\",\"numberFormat\":\"-1,000.99\",\"supervisorsArchiveRestoreUsers\":false,\"supervisorsEditPositions\":false,\"milestonesAvailableToAll\":false,\"customMeetingTemplatesEnabled\":false,\"receiveTodoReminders\":false,\"todoReminderTime\":\"13:00\",\"todoReminderTimeZone\":\"America/Guatemala\",\"todoReminderFrequency\":\"DAILY\",\"vtoMeetingId\":\"\",\"vtoDisplayMode\":\"ALL\",\"coreValues\":[{\"id\":\"1\",\"text\":\"\"},{\"id\":\"2\",\"text\":\"\"},{\"id\":\"3\",\"text\":\"\"}]}", password, V2Url): SUCCESFFULLY registered a new user via API. 
 Generated Activation Link: 
https://v2dev.traction.tools/activate?activationKey=33480a79-2758-45af-8f65-bccc81cb1459&userId=4e0d29d8-867b-4c48-90da-e0cd3b48e51d&orgId=69f6df14-3ba4-4f81-bf83-88d29ce908ab&email=tractiontools.user001+ta51st9m@gmail.com&teamsId=e162fd6f-63b6-48d4-9a38-2f30c4fceb4f&meetingsId=cd90eaa8-6d85-4c9c-8c66-99986138e894&adminsId=7045297a-f4d0-446b-9e56-a98377da1fd8&usersId=4bd10184-0c65-4463-89aa-e48323a848c8&supervisorsId=7d12ad7d-8345-4423-b57a-9cf8b5b1ac72&accountabilityChartId=2aea1321-ed1a-4051-98f6-051565e6796d&isCreator=1

2020-09-08 14:26:08 - [MESSAGE][PASSED] - SUCCESFFULLY registered a new user via API. 
 Generated Activation Link: 
https://v2dev.traction.tools/activate?activationKey=33480a79-2758-45af-8f65-bccc81cb1459&userId=4e0d29d8-867b-4c48-90da-e0cd3b48e51d&orgId=69f6df14-3ba4-4f81-bf83-88d29ce908ab&email=tractiontools.user001+ta51st9m@gmail.com&teamsId=e162fd6f-63b6-48d4-9a38-2f30c4fceb4f&meetingsId=cd90eaa8-6d85-4c9c-8c66-99986138e894&adminsId=7045297a-f4d0-446b-9e56-a98377da1fd8&usersId=4bd10184-0c65-4463-89aa-e48323a848c8&supervisorsId=7d12ad7d-8345-4423-b57a-9cf8b5b1ac72&accountabilityChartId=2aea1321-ed1a-4051-98f6-051565e6796d&isCreator=1

2020-09-08 14:26:08 - [TEST_STEP][PASSED] - activationURL = adminDetails[0]: null

2020-09-08 14:26:08 - [TEST_STEP][PASSED] - orgID = adminDetails[1]: null

2020-09-08 14:26:08 - [TEST_STEP][PASSED] - out.println("URL: " + activationURL): null

2020-09-08 14:26:08 - [TEST_STEP][PASSED] - out.println("orgID: " + orgID): null

2020-09-08 14:26:08 - [TEST_STEP][PASSED] - supervisorUser_name = supervisor_fname + " " + lastname: null

2020-09-08 14:26:08 - [TEST_STEP][PASSED] - openBrowser(""): Browser is opened with url: ''

2020-09-08 14:26:08 - [MESSAGE][INFO] - Starting 'Chrome' driver

2020-09-08 14:26:08 - [MESSAGE][INFO] - Action delay is set to 0 milliseconds

2020-09-08 14:26:11 - [MESSAGE][PASSED] - Browser is opened with url: ''

2020-09-08 14:26:11 - [TEST_STEP][PASSED] - maximizeWindow(): Current window maximized

2020-09-08 14:26:14 - [MESSAGE][PASSED] - Current window maximized

2020-09-08 14:26:14 - [TEST_STEP][PASSED] - callTestCase(findTestCase("V2/Test Case/Pre-conditions/PRE_ActivateNewUser"), ["activationURL":activationURL, "email":email, "password":password], STOP_ON_FAILURE): Call Test Case 'Test Cases/V2/Test Case/Pre-conditions/PRE_ActivateNewUser' successfully

2020-09-08 14:26:14 - [TEST_CASE][PASSED] - Test Cases/V2/Test Case/Pre-conditions/PRE_ActivateNewUser: Test Cases/V2/Test Case/Pre-conditions/PRE_ActivateNewUser

2020-09-08 14:26:14 - [TEST_STEP][PASSED] - navigateToUrl(activationURL): Navigate to 'https://v2dev.traction.tools/activate?activationKey=33480a79-2758-45af-8f65-bccc81cb1459&userId=4e0d29d8-867b-4c48-90da-e0cd3b48e51d&orgId=69f6df14-3ba4-4f81-bf83-88d29ce908ab&email=tractiontools.user001+ta51st9m@gmail.com&teamsId=e162fd6f-63b6-48d4-9a38-2f30c4fceb4f&meetingsId=cd90eaa8-6d85-4c9c-8c66-99986138e894&adminsId=7045297a-f4d0-446b-9e56-a98377da1fd8&usersId=4bd10184-0c65-4463-89aa-e48323a848c8&supervisorsId=7d12ad7d-8345-4423-b57a-9cf8b5b1ac72&accountabilityChartId=2aea1321-ed1a-4051-98f6-051565e6796d&isCreator=1' successfully

2020-09-08 14:26:15 - [MESSAGE][PASSED] - Navigate to 'https://v2dev.traction.tools/activate?activationKey=33480a79-2758-45af-8f65-bccc81cb1459&userId=4e0d29d8-867b-4c48-90da-e0cd3b48e51d&orgId=69f6df14-3ba4-4f81-bf83-88d29ce908ab&email=tractiontools.user001+ta51st9m@gmail.com&teamsId=e162fd6f-63b6-48d4-9a38-2f30c4fceb4f&meetingsId=cd90eaa8-6d85-4c9c-8c66-99986138e894&adminsId=7045297a-f4d0-446b-9e56-a98377da1fd8&usersId=4bd10184-0c65-4463-89aa-e48323a848c8&supervisorsId=7d12ad7d-8345-4423-b57a-9cf8b5b1ac72&accountabilityChartId=2aea1321-ed1a-4051-98f6-051565e6796d&isCreator=1' successfully

2020-09-08 14:26:15 - [TEST_STEP][PASSED] - waitForElementVisible(findTestObject("V2/Commons/ActivationPage/input_Email_email"), DefaultTimeout): Object 'Object Repository/V2/Commons/ActivationPage/input_Email_email' is visible

2020-09-08 14:26:25 - [MESSAGE][PASSED] - Object 'Object Repository/V2/Commons/ActivationPage/input_Email_email' is visible

2020-09-08 14:26:25 - [TEST_STEP][PASSED] - actual_email = getAttribute(findTestObject("Object Repository/V2/Commons/ActivationPage/input_Email_email"), "value"): Attribute 'value' of object 'Object Repository/V2/Commons/ActivationPage/input_Email_email' is: 'tractiontools.user001+ta51st9m@gmail.com'

2020-09-08 14:26:26 - [MESSAGE][PASSED] - Attribute 'value' of object 'Object Repository/V2/Commons/ActivationPage/input_Email_email' is: 'tractiontools.user001+ta51st9m@gmail.com'

2020-09-08 14:26:26 - [TEST_STEP][PASSED] - verifyMatch(actual_email, email, false): Actual text 'tractiontools.user001+ta51st9m@gmail.com' and expected text 'tractiontools.user001+ta51st9m@gmail.com' are matched 

2020-09-08 14:26:26 - [MESSAGE][PASSED] - Actual text 'tractiontools.user001+ta51st9m@gmail.com' and expected text 'tractiontools.user001+ta51st9m@gmail.com' are matched 

2020-09-08 14:26:26 - [TEST_STEP][PASSED] - setText(findTestObject("V2/Commons/ActivationPage/input_password"), password): Text 'Qwer123!' is set on object 'Object Repository/V2/Commons/ActivationPage/input_password'

2020-09-08 14:26:26 - [MESSAGE][PASSED] - Text 'Qwer123!' is set on object 'Object Repository/V2/Commons/ActivationPage/input_password'

2020-09-08 14:26:26 - [TEST_STEP][PASSED] - setText(findTestObject("Object Repository/V2/Commons/ActivationPage/input__passwordRepeat"), password): Text 'Qwer123!' is set on object 'Object Repository/V2/Commons/ActivationPage/input__passwordRepeat'

2020-09-08 14:26:27 - [MESSAGE][PASSED] - Text 'Qwer123!' is set on object 'Object Repository/V2/Commons/ActivationPage/input__passwordRepeat'

2020-09-08 14:26:27 - [TEST_STEP][PASSED] - click(findTestObject("V2/Commons/ActivationPage/input_termsandconditions")): Object: 'Object Repository/V2/Commons/ActivationPage/input_termsandconditions' is clicked on

2020-09-08 14:26:28 - [MESSAGE][PASSED] - Object: 'Object Repository/V2/Commons/ActivationPage/input_termsandconditions' is clicked on

2020-09-08 14:26:28 - [TEST_STEP][PASSED] - click(findTestObject("Object Repository/V2/Commons/ActivationPage/div_Create account")): Object: 'Object Repository/V2/Commons/ActivationPage/div_Create account' is clicked on

2020-09-08 14:26:28 - [MESSAGE][PASSED] - Object: 'Object Repository/V2/Commons/ActivationPage/div_Create account' is clicked on

2020-09-08 14:26:28 - [TEST_STEP][PASSED] - waitForElementPresent(findTestObject("V2/Commons/DasboardPage_SidebarMenu/img_Home_logo-big"), DefaultTimeout): Object 'Object Repository/V2/Commons/DasboardPage_SidebarMenu/img_Home_logo-big' is present

2020-09-08 14:26:40 - [MESSAGE][PASSED] - Object 'Object Repository/V2/Commons/DasboardPage_SidebarMenu/img_Home_logo-big' is present

2020-09-08 14:26:40 - [TEST_STEP][PASSED] - verifyElementPresent(findTestObject("V2/Commons/DasboardPage_SidebarMenu/img_Home_logo-big"), 0): Object 'Object Repository/V2/Commons/DasboardPage_SidebarMenu/img_Home_logo-big' is present

2020-09-08 14:26:40 - [MESSAGE][WARNING] - Timeout '0' is invalid. Using default page load timeout: '30'

2020-09-08 14:26:41 - [MESSAGE][PASSED] - Object 'Object Repository/V2/Commons/DasboardPage_SidebarMenu/img_Home_logo-big' is present

2020-09-08 14:26:41 - [MESSAGE][PASSED] - Call Test Case 'Test Cases/V2/Test Case/Pre-conditions/PRE_ActivateNewUser' successfully

2020-09-08 14:26:41 - [TEST_STEP][PASSED] - callTestCase(findTestCase("V2/Test Case/Pre-conditions/PRE_SkipCompanyAndPersonalProfileSetup"), [:], STOP_ON_FAILURE): Call Test Case 'Test Cases/V2/Test Case/Pre-conditions/PRE_SkipCompanyAndPersonalProfileSetup' successfully

2020-09-08 14:26:41 - [TEST_CASE][PASSED] - Test Cases/V2/Test Case/Pre-conditions/PRE_SkipCompanyAndPersonalProfileSetup: Test Cases/V2/Test Case/Pre-conditions/PRE_SkipCompanyAndPersonalProfileSetup

2020-09-08 14:26:41 - [TEST_STEP][PASSED] - waitForElementVisible(findTestObject("V2/Commons/FirstUpdateCompanyAndPersonalInfoModal/confirmCompanyInfoHeader_h1"), DefaultTimeout): Object 'Object Repository/V2/Commons/FirstUpdateCompanyAndPersonalInfoModal/confirmCompanyInfoHeader_h1' is visible

2020-09-08 14:26:42 - [MESSAGE][PASSED] - Object 'Object Repository/V2/Commons/FirstUpdateCompanyAndPersonalInfoModal/confirmCompanyInfoHeader_h1' is visible

2020-09-08 14:26:42 - [TEST_STEP][PASSED] - click(findTestObject("V2/Commons/FirstUpdateCompanyAndPersonalInfoModal/confirmInfoSkip_button")): Object: 'Object Repository/V2/Commons/FirstUpdateCompanyAndPersonalInfoModal/confirmInfoSkip_button' is clicked on

2020-09-08 14:26:42 - [MESSAGE][PASSED] - Object: 'Object Repository/V2/Commons/FirstUpdateCompanyAndPersonalInfoModal/confirmInfoSkip_button' is clicked on

2020-09-08 14:26:42 - [TEST_STEP][PASSED] - waitForElementVisible(findTestObject("V2/Commons/FirstUpdateCompanyAndPersonalInfoModal/confirmPersonalInfoHeader_h1"), DefaultTimeout): Object 'Object Repository/V2/Commons/FirstUpdateCompanyAndPersonalInfoModal/confirmPersonalInfoHeader_h1' is visible

2020-09-08 14:26:43 - [MESSAGE][PASSED] - Object 'Object Repository/V2/Commons/FirstUpdateCompanyAndPersonalInfoModal/confirmPersonalInfoHeader_h1' is visible

2020-09-08 14:26:43 - [TEST_STEP][PASSED] - click(findTestObject("V2/Commons/FirstUpdateCompanyAndPersonalInfoModal/confirmInfoSkip_button")): Object: 'Object Repository/V2/Commons/FirstUpdateCompanyAndPersonalInfoModal/confirmInfoSkip_button' is clicked on

2020-09-08 14:26:43 - [MESSAGE][PASSED] - Object: 'Object Repository/V2/Commons/FirstUpdateCompanyAndPersonalInfoModal/confirmInfoSkip_button' is clicked on

2020-09-08 14:26:43 - [TEST_STEP][PASSED] - waitForElementVisible(findTestObject("V2/Commons/FirstUpdateCompanyAndPersonalInfoModal/letsGetStarted_button"), DefaultTimeout): Object 'Object Repository/V2/Commons/FirstUpdateCompanyAndPersonalInfoModal/letsGetStarted_button' is visible

2020-09-08 14:26:44 - [MESSAGE][PASSED] - Object 'Object Repository/V2/Commons/FirstUpdateCompanyAndPersonalInfoModal/letsGetStarted_button' is visible

2020-09-08 14:26:44 - [TEST_STEP][PASSED] - click(findTestObject("V2/Commons/FirstUpdateCompanyAndPersonalInfoModal/letsGetStarted_button")): Object: 'Object Repository/V2/Commons/FirstUpdateCompanyAndPersonalInfoModal/letsGetStarted_button' is clicked on

2020-09-08 14:26:45 - [MESSAGE][PASSED] - Object: 'Object Repository/V2/Commons/FirstUpdateCompanyAndPersonalInfoModal/letsGetStarted_button' is clicked on

2020-09-08 14:26:45 - [MESSAGE][PASSED] - Call Test Case 'Test Cases/V2/Test Case/Pre-conditions/PRE_SkipCompanyAndPersonalProfileSetup' successfully

2020-09-08 14:26:45 - [TEST_STEP][PASSED] - supervisor_activationURL = tt_CustomKeywords.CustomKeywords.RegisterAndActivateSupervisorUserViaAPI(V2Url, orgID, supervisor_email, password, email, password, supervisor_fname, lastname): SUCCESFFULLY registered a new user via API. 
 Generated Activation Link: 
https://v2dev.traction.tools/activate?activationKey=3a5059c6-a5a9-4f72-8d24-d2a27cb1f1bb&userId=b7be1b63-4d97-4ed2-bf6e-eeecdcda6a01&orgId=69f6df14-3ba4-4f81-bf83-88d29ce908ab&email=tractiontools.user001+ts5jh6p4@gmail.com&isCreator=0

2020-09-08 14:26:51 - [MESSAGE][PASSED] - SUCCESFFULLY registered a new user via API. 
 Generated Activation Link: 
https://v2dev.traction.tools/activate?activationKey=3a5059c6-a5a9-4f72-8d24-d2a27cb1f1bb&userId=b7be1b63-4d97-4ed2-bf6e-eeecdcda6a01&orgId=69f6df14-3ba4-4f81-bf83-88d29ce908ab&email=tractiontools.user001+ts5jh6p4@gmail.com&isCreator=0

2020-09-08 14:26:51 - [TEST_STEP][PASSED] - callTestCase(findTestCase("V2/Test Case/Pre-conditions/PRE_ChangeUserPermissionViaManageUser"), ["showMenuItemsPath":"//div[@class='usercard__detail_container']/div[text()='%s']/ancestor::div[contains(@class,'usercard__content')]//button[@aria-label='Show Menu Items']", "user_email":supervisor_email, ... ], STOP_ON_FAILURE): Call Test Case 'Test Cases/V2/Test Case/Pre-conditions/PRE_ChangeUserPermissionViaManageUser' successfully

2020-09-08 14:26:51 - [TEST_CASE][PASSED] - Test Cases/V2/Test Case/Pre-conditions/PRE_ChangeUserPermissionViaManageUser: Test Cases/V2/Test Case/Pre-conditions/PRE_ChangeUserPermissionViaManageUser

2020-09-08 14:26:51 - [TEST_STEP][PASSED] - click(findTestObject("Object Repository/V2/Commons/ManageUsersPage/span_Company Settings")): Object: 'Object Repository/V2/Commons/ManageUsersPage/span_Company Settings' is clicked on

2020-09-08 14:26:51 - [MESSAGE][PASSED] - Object: 'Object Repository/V2/Commons/ManageUsersPage/span_Company Settings' is clicked on

2020-09-08 14:26:51 - [TEST_STEP][PASSED] - click(findTestObject("V2/Commons/DasboardPage_SidebarMenu/a_Manage Users")): Object: 'Object Repository/V2/Commons/DasboardPage_SidebarMenu/a_Manage Users' is clicked on

2020-09-08 14:26:52 - [MESSAGE][PASSED] - Object: 'Object Repository/V2/Commons/DasboardPage_SidebarMenu/a_Manage Users' is clicked on

2020-09-08 14:26:52 - [TEST_STEP][PASSED] - showMenuItemsObj = tt_CustomKeywords.CustomKeywords.CreateDynamicElement(showMenuItemsPath, user_email, "xpath"): Successfully created new dynamic object: //div[@class='usercard__detail_container']/div[text()='tractiontools.user001+ts5jh6p4@gmail.com']/ancestor::div[contains(@class,'usercard__content')]//button[@aria-label='Show Menu Items']

2020-09-08 14:26:52 - [MESSAGE][PASSED] - Successfully created new dynamic object: //div[@class='usercard__detail_container']/div[text()='tractiontools.user001+ts5jh6p4@gmail.com']/ancestor::div[contains(@class,'usercard__content')]//button[@aria-label='Show Menu Items']

2020-09-08 14:26:52 - [TEST_STEP][PASSED] - click(showMenuItemsObj): Object: '' is clicked on

2020-09-08 14:26:53 - [MESSAGE][PASSED] - Object: '' is clicked on

2020-09-08 14:26:53 - [TEST_STEP][PASSED] - click(findTestObject("Object Repository/V2/Commons/ManageUsersPage/div_Edit user")): Object: 'Object Repository/V2/Commons/ManageUsersPage/div_Edit user' is clicked on

2020-09-08 14:26:54 - [MESSAGE][PASSED] - Object: 'Object Repository/V2/Commons/ManageUsersPage/div_Edit user' is clicked on

2020-09-08 14:26:54 - [TEST_STEP][PASSED] - verifyElementPresent(findTestObject("V2/Commons/ManageUsersPage/div_PositionTitle"), DefaultTimeout): Object 'Object Repository/V2/Commons/ManageUsersPage/div_PositionTitle' is present

2020-09-08 14:26:54 - [MESSAGE][PASSED] - Object 'Object Repository/V2/Commons/ManageUsersPage/div_PositionTitle' is present

2020-09-08 14:26:54 - [TEST_STEP][PASSED] - setText(findTestObject("V2/Commons/ManageUsersPage/position_title_input"), position_title): Text 'QA Manager' is set on object 'Object Repository/V2/Commons/ManageUsersPage/position_title_input'

2020-09-08 14:26:55 - [MESSAGE][PASSED] - Text 'QA Manager' is set on object 'Object Repository/V2/Commons/ManageUsersPage/position_title_input'

2020-09-08 14:26:55 - [TEST_STEP][PASSED] - sendKeys(findTestObject("V2/Commons/ManageUsersPage/position_title_input"), Keys.chord(ENTER)): Keys 'ENTER + ' sent to object: 'Object Repository/V2/Commons/ManageUsersPage/position_title_input'

2020-09-08 14:26:55 - [MESSAGE][PASSED] - Keys 'ENTER + ' sent to object: 'Object Repository/V2/Commons/ManageUsersPage/position_title_input'

2020-09-08 14:26:55 - [TEST_STEP][PASSED] - if (permissionValue == "Employee"): null

2020-09-08 14:26:55 - [TEST_STEP][PASSED] - verifyElementPresent(findTestObject("Object Repository/V2/Commons/ManageUsersPage/div_User type"), DefaultTimeout): Object 'Object Repository/V2/Commons/ManageUsersPage/div_User type' is present

2020-09-08 14:26:56 - [MESSAGE][PASSED] - Object 'Object Repository/V2/Commons/ManageUsersPage/div_User type' is present

2020-09-08 14:26:56 - [TEST_STEP][PASSED] - click(findTestObject("Object Repository/V2/Commons/ManageUsersPage/input__orgRole")): Object: 'Object Repository/V2/Commons/ManageUsersPage/input__orgRole' is clicked on

2020-09-08 14:26:56 - [MESSAGE][PASSED] - Object: 'Object Repository/V2/Commons/ManageUsersPage/input__orgRole' is clicked on

2020-09-08 14:26:56 - [TEST_STEP][PASSED] - roleOptionObj = tt_CustomKeywords.CustomKeywords.CreateDynamicElement(roleOption, permissionValue, "xpath"): Successfully created new dynamic object: //span[text()='Supervisor']/parent::div[@role='option']

2020-09-08 14:26:56 - [MESSAGE][PASSED] - Successfully created new dynamic object: //span[text()='Supervisor']/parent::div[@role='option']

2020-09-08 14:26:56 - [TEST_STEP][PASSED] - click(roleOptionObj): Object: '' is clicked on

2020-09-08 14:26:56 - [MESSAGE][PASSED] - Object: '' is clicked on

2020-09-08 14:26:56 - [TEST_STEP][PASSED] - click(findTestObject("Object Repository/V2/Commons/ManageUsersPage/div_Save")): Object: 'Object Repository/V2/Commons/ManageUsersPage/div_Save' is clicked on

2020-09-08 14:26:57 - [MESSAGE][PASSED] - Object: 'Object Repository/V2/Commons/ManageUsersPage/div_Save' is clicked on

2020-09-08 14:26:57 - [TEST_STEP][PASSED] - waitForElementVisible(findTestObject("V2/Commons/ManageUsersPage/h3_User Saved"), DefaultTimeout): Object 'Object Repository/V2/Commons/ManageUsersPage/h3_User Saved' is visible

2020-09-08 14:27:07 - [MESSAGE][PASSED] - Object 'Object Repository/V2/Commons/ManageUsersPage/h3_User Saved' is visible

2020-09-08 14:27:07 - [TEST_STEP][PASSED] - verifyElementVisible(findTestObject("Object Repository/V2/Commons/ManageUsersPage/h3_User Saved")): Object 'Object Repository/V2/Commons/ManageUsersPage/h3_User Saved' is visible

2020-09-08 14:27:08 - [MESSAGE][PASSED] - Object 'Object Repository/V2/Commons/ManageUsersPage/h3_User Saved' is visible

2020-09-08 14:27:08 - [MESSAGE][PASSED] - Call Test Case 'Test Cases/V2/Test Case/Pre-conditions/PRE_ChangeUserPermissionViaManageUser' successfully

2020-09-08 14:27:08 - [TEST_STEP][PASSED] - employee_activationURL = tt_CustomKeywords.CustomKeywords.RegisterAndActivateSupervisorUserViaAPI(V2Url, orgID, employee_email, password, email, password, employee_fname, lastname): SUCCESFFULLY registered a new user via API. 
 Generated Activation Link: 
https://v2dev.traction.tools/activate?activationKey=d8e6ee58-ffe5-413f-a91b-d71728d0fc9b&userId=84b099d7-51c1-49a5-b484-3d40d40c7b7c&orgId=69f6df14-3ba4-4f81-bf83-88d29ce908ab&email=tractiontools.user001+te5fxn7r@gmail.com&isCreator=0

2020-09-08 14:27:14 - [MESSAGE][PASSED] - SUCCESFFULLY registered a new user via API. 
 Generated Activation Link: 
https://v2dev.traction.tools/activate?activationKey=d8e6ee58-ffe5-413f-a91b-d71728d0fc9b&userId=84b099d7-51c1-49a5-b484-3d40d40c7b7c&orgId=69f6df14-3ba4-4f81-bf83-88d29ce908ab&email=tractiontools.user001+te5fxn7r@gmail.com&isCreator=0

2020-09-08 14:27:14 - [TEST_STEP][PASSED] - callTestCase(findTestCase("V2/Test Case/Pre-conditions/PRE_ChangeUserPermissionViaManageUser"), ["showMenuItemsPath":"//div[@class='usercard__detail_container']/div[text()='%s']/ancestor::div[contains(@class,'usercard__content')]//button[@aria-label='Show Menu Items']", "user_email":employee_email, ... ], STOP_ON_FAILURE): Call Test Case 'Test Cases/V2/Test Case/Pre-conditions/PRE_ChangeUserPermissionViaManageUser' successfully

2020-09-08 14:27:14 - [TEST_CASE][PASSED] - Test Cases/V2/Test Case/Pre-conditions/PRE_ChangeUserPermissionViaManageUser: Test Cases/V2/Test Case/Pre-conditions/PRE_ChangeUserPermissionViaManageUser

2020-09-08 14:27:14 - [TEST_STEP][PASSED] - click(findTestObject("Object Repository/V2/Commons/ManageUsersPage/span_Company Settings")): Object: 'Object Repository/V2/Commons/ManageUsersPage/span_Company Settings' is clicked on

2020-09-08 14:27:14 - [MESSAGE][PASSED] - Object: 'Object Repository/V2/Commons/ManageUsersPage/span_Company Settings' is clicked on

2020-09-08 14:27:14 - [TEST_STEP][PASSED] - click(findTestObject("V2/Commons/DasboardPage_SidebarMenu/a_Manage Users")): Object: 'Object Repository/V2/Commons/DasboardPage_SidebarMenu/a_Manage Users' is clicked on

2020-09-08 14:27:15 - [MESSAGE][PASSED] - Object: 'Object Repository/V2/Commons/DasboardPage_SidebarMenu/a_Manage Users' is clicked on

2020-09-08 14:27:15 - [TEST_STEP][PASSED] - showMenuItemsObj = tt_CustomKeywords.CustomKeywords.CreateDynamicElement(showMenuItemsPath, user_email, "xpath"): Successfully created new dynamic object: //div[@class='usercard__detail_container']/div[text()='tractiontools.user001+te5fxn7r@gmail.com']/ancestor::div[contains(@class,'usercard__content')]//button[@aria-label='Show Menu Items']

2020-09-08 14:27:15 - [MESSAGE][PASSED] - Successfully created new dynamic object: //div[@class='usercard__detail_container']/div[text()='tractiontools.user001+te5fxn7r@gmail.com']/ancestor::div[contains(@class,'usercard__content')]//button[@aria-label='Show Menu Items']

2020-09-08 14:27:15 - [TEST_STEP][PASSED] - click(showMenuItemsObj): Object: '' is clicked on

2020-09-08 14:27:15 - [MESSAGE][PASSED] - Object: '' is clicked on

2020-09-08 14:27:15 - [TEST_STEP][PASSED] - click(findTestObject("Object Repository/V2/Commons/ManageUsersPage/div_Edit user")): Object: 'Object Repository/V2/Commons/ManageUsersPage/div_Edit user' is clicked on

2020-09-08 14:27:16 - [MESSAGE][PASSED] - Object: 'Object Repository/V2/Commons/ManageUsersPage/div_Edit user' is clicked on

2020-09-08 14:27:16 - [TEST_STEP][PASSED] - verifyElementPresent(findTestObject("V2/Commons/ManageUsersPage/div_PositionTitle"), DefaultTimeout): Object 'Object Repository/V2/Commons/ManageUsersPage/div_PositionTitle' is present

2020-09-08 14:27:16 - [MESSAGE][PASSED] - Object 'Object Repository/V2/Commons/ManageUsersPage/div_PositionTitle' is present

2020-09-08 14:27:16 - [TEST_STEP][PASSED] - setText(findTestObject("V2/Commons/ManageUsersPage/position_title_input"), position_title): Text 'Quality Assurance' is set on object 'Object Repository/V2/Commons/ManageUsersPage/position_title_input'

2020-09-08 14:27:17 - [MESSAGE][PASSED] - Text 'Quality Assurance' is set on object 'Object Repository/V2/Commons/ManageUsersPage/position_title_input'

2020-09-08 14:27:17 - [TEST_STEP][PASSED] - sendKeys(findTestObject("V2/Commons/ManageUsersPage/position_title_input"), Keys.chord(ENTER)): Keys 'ENTER + ' sent to object: 'Object Repository/V2/Commons/ManageUsersPage/position_title_input'

2020-09-08 14:27:17 - [MESSAGE][PASSED] - Keys 'ENTER + ' sent to object: 'Object Repository/V2/Commons/ManageUsersPage/position_title_input'

2020-09-08 14:27:17 - [TEST_STEP][PASSED] - if (permissionValue == "Employee"): Keys 'ENTER + ' sent to object: 'Object Repository/V2/Commons/ManageUsersPage/supervisor_input'

2020-09-08 14:27:17 - [TEST_STEP][PASSED] - verifyElementPresent(findTestObject("V2/Commons/ManageUsersPage/supervisor_input"), DefaultTimeout): Object 'Object Repository/V2/Commons/ManageUsersPage/supervisor_input' is present

2020-09-08 14:27:18 - [MESSAGE][PASSED] - Object 'Object Repository/V2/Commons/ManageUsersPage/supervisor_input' is present

2020-09-08 14:27:18 - [TEST_STEP][PASSED] - setText(findTestObject("V2/Commons/ManageUsersPage/supervisor_input"), user_supervisorName): Text 'Supervisor User' is set on object 'Object Repository/V2/Commons/ManageUsersPage/supervisor_input'

2020-09-08 14:27:18 - [MESSAGE][PASSED] - Text 'Supervisor User' is set on object 'Object Repository/V2/Commons/ManageUsersPage/supervisor_input'

2020-09-08 14:27:18 - [TEST_STEP][PASSED] - sendKeys(findTestObject("V2/Commons/ManageUsersPage/supervisor_input"), Keys.chord(ENTER)): Keys 'ENTER + ' sent to object: 'Object Repository/V2/Commons/ManageUsersPage/supervisor_input'

2020-09-08 14:27:19 - [MESSAGE][PASSED] - Keys 'ENTER + ' sent to object: 'Object Repository/V2/Commons/ManageUsersPage/supervisor_input'

2020-09-08 14:27:19 - [TEST_STEP][PASSED] - verifyElementPresent(findTestObject("Object Repository/V2/Commons/ManageUsersPage/div_User type"), DefaultTimeout): Object 'Object Repository/V2/Commons/ManageUsersPage/div_User type' is present

2020-09-08 14:27:19 - [MESSAGE][PASSED] - Object 'Object Repository/V2/Commons/ManageUsersPage/div_User type' is present

2020-09-08 14:27:19 - [TEST_STEP][PASSED] - click(findTestObject("Object Repository/V2/Commons/ManageUsersPage/input__orgRole")): Object: 'Object Repository/V2/Commons/ManageUsersPage/input__orgRole' is clicked on

2020-09-08 14:27:20 - [MESSAGE][PASSED] - Object: 'Object Repository/V2/Commons/ManageUsersPage/input__orgRole' is clicked on

2020-09-08 14:27:20 - [TEST_STEP][PASSED] - roleOptionObj = tt_CustomKeywords.CustomKeywords.CreateDynamicElement(roleOption, permissionValue, "xpath"): Successfully created new dynamic object: //span[text()='Employee']/parent::div[@role='option']

2020-09-08 14:27:20 - [MESSAGE][PASSED] - Successfully created new dynamic object: //span[text()='Employee']/parent::div[@role='option']

2020-09-08 14:27:20 - [TEST_STEP][PASSED] - click(roleOptionObj): Object: '' is clicked on

2020-09-08 14:27:20 - [MESSAGE][PASSED] - Object: '' is clicked on

2020-09-08 14:27:20 - [TEST_STEP][PASSED] - click(findTestObject("Object Repository/V2/Commons/ManageUsersPage/div_Save")): Object: 'Object Repository/V2/Commons/ManageUsersPage/div_Save' is clicked on

2020-09-08 14:27:21 - [MESSAGE][PASSED] - Object: 'Object Repository/V2/Commons/ManageUsersPage/div_Save' is clicked on

2020-09-08 14:27:21 - [TEST_STEP][PASSED] - waitForElementVisible(findTestObject("V2/Commons/ManageUsersPage/h3_User Saved"), DefaultTimeout): Object 'Object Repository/V2/Commons/ManageUsersPage/h3_User Saved' is visible

2020-09-08 14:27:32 - [MESSAGE][PASSED] - Object 'Object Repository/V2/Commons/ManageUsersPage/h3_User Saved' is visible

2020-09-08 14:27:32 - [TEST_STEP][PASSED] - verifyElementVisible(findTestObject("Object Repository/V2/Commons/ManageUsersPage/h3_User Saved")): Object 'Object Repository/V2/Commons/ManageUsersPage/h3_User Saved' is visible

2020-09-08 14:27:33 - [MESSAGE][PASSED] - Object 'Object Repository/V2/Commons/ManageUsersPage/h3_User Saved' is visible

2020-09-08 14:27:33 - [MESSAGE][PASSED] - Call Test Case 'Test Cases/V2/Test Case/Pre-conditions/PRE_ChangeUserPermissionViaManageUser' successfully

2020-09-08 14:27:33 - [TEST_STEP][PASSED] - callTestCase(findTestCase("V2/Test Case/Pre-conditions/PRE_ActivateNewUser"), ["activationURL":supervisor_activationURL, "email":supervisor_email, "password":password], STOP_ON_FAILURE): Call Test Case 'Test Cases/V2/Test Case/Pre-conditions/PRE_ActivateNewUser' successfully

2020-09-08 14:27:33 - [TEST_CASE][PASSED] - Test Cases/V2/Test Case/Pre-conditions/PRE_ActivateNewUser: Test Cases/V2/Test Case/Pre-conditions/PRE_ActivateNewUser

2020-09-08 14:27:33 - [TEST_STEP][PASSED] - navigateToUrl(activationURL): Navigate to 'https://v2dev.traction.tools/activate?activationKey=3a5059c6-a5a9-4f72-8d24-d2a27cb1f1bb&userId=b7be1b63-4d97-4ed2-bf6e-eeecdcda6a01&orgId=69f6df14-3ba4-4f81-bf83-88d29ce908ab&email=tractiontools.user001+ts5jh6p4@gmail.com&isCreator=0' successfully

2020-09-08 14:27:34 - [MESSAGE][PASSED] - Navigate to 'https://v2dev.traction.tools/activate?activationKey=3a5059c6-a5a9-4f72-8d24-d2a27cb1f1bb&userId=b7be1b63-4d97-4ed2-bf6e-eeecdcda6a01&orgId=69f6df14-3ba4-4f81-bf83-88d29ce908ab&email=tractiontools.user001+ts5jh6p4@gmail.com&isCreator=0' successfully

2020-09-08 14:27:34 - [TEST_STEP][PASSED] - waitForElementVisible(findTestObject("V2/Commons/ActivationPage/input_Email_email"), DefaultTimeout): Object 'Object Repository/V2/Commons/ActivationPage/input_Email_email' is visible

2020-09-08 14:27:36 - [MESSAGE][PASSED] - Object 'Object Repository/V2/Commons/ActivationPage/input_Email_email' is visible

2020-09-08 14:27:36 - [TEST_STEP][PASSED] - actual_email = getAttribute(findTestObject("Object Repository/V2/Commons/ActivationPage/input_Email_email"), "value"): Attribute 'value' of object 'Object Repository/V2/Commons/ActivationPage/input_Email_email' is: 'tractiontools.user001+ts5jh6p4@gmail.com'

2020-09-08 14:27:36 - [MESSAGE][PASSED] - Attribute 'value' of object 'Object Repository/V2/Commons/ActivationPage/input_Email_email' is: 'tractiontools.user001+ts5jh6p4@gmail.com'

2020-09-08 14:27:36 - [TEST_STEP][PASSED] - verifyMatch(actual_email, email, false): Actual text 'tractiontools.user001+ts5jh6p4@gmail.com' and expected text 'tractiontools.user001+ts5jh6p4@gmail.com' are matched 

2020-09-08 14:27:36 - [MESSAGE][PASSED] - Actual text 'tractiontools.user001+ts5jh6p4@gmail.com' and expected text 'tractiontools.user001+ts5jh6p4@gmail.com' are matched 

2020-09-08 14:27:36 - [TEST_STEP][PASSED] - setText(findTestObject("V2/Commons/ActivationPage/input_password"), password): Text 'Qwer123!' is set on object 'Object Repository/V2/Commons/ActivationPage/input_password'

2020-09-08 14:27:36 - [MESSAGE][PASSED] - Text 'Qwer123!' is set on object 'Object Repository/V2/Commons/ActivationPage/input_password'

2020-09-08 14:27:36 - [TEST_STEP][PASSED] - setText(findTestObject("Object Repository/V2/Commons/ActivationPage/input__passwordRepeat"), password): Text 'Qwer123!' is set on object 'Object Repository/V2/Commons/ActivationPage/input__passwordRepeat'

2020-09-08 14:27:37 - [MESSAGE][PASSED] - Text 'Qwer123!' is set on object 'Object Repository/V2/Commons/ActivationPage/input__passwordRepeat'

2020-09-08 14:27:37 - [TEST_STEP][PASSED] - click(findTestObject("V2/Commons/ActivationPage/input_termsandconditions")): Object: 'Object Repository/V2/Commons/ActivationPage/input_termsandconditions' is clicked on

2020-09-08 14:27:38 - [MESSAGE][PASSED] - Object: 'Object Repository/V2/Commons/ActivationPage/input_termsandconditions' is clicked on

2020-09-08 14:27:38 - [TEST_STEP][PASSED] - click(findTestObject("Object Repository/V2/Commons/ActivationPage/div_Create account")): Object: 'Object Repository/V2/Commons/ActivationPage/div_Create account' is clicked on

2020-09-08 14:27:38 - [MESSAGE][PASSED] - Object: 'Object Repository/V2/Commons/ActivationPage/div_Create account' is clicked on

2020-09-08 14:27:38 - [TEST_STEP][PASSED] - waitForElementPresent(findTestObject("V2/Commons/DasboardPage_SidebarMenu/img_Home_logo-big"), DefaultTimeout): Object 'Object Repository/V2/Commons/DasboardPage_SidebarMenu/img_Home_logo-big' is present

2020-09-08 14:27:43 - [MESSAGE][PASSED] - Object 'Object Repository/V2/Commons/DasboardPage_SidebarMenu/img_Home_logo-big' is present

2020-09-08 14:27:43 - [TEST_STEP][PASSED] - verifyElementPresent(findTestObject("V2/Commons/DasboardPage_SidebarMenu/img_Home_logo-big"), 0): Object 'Object Repository/V2/Commons/DasboardPage_SidebarMenu/img_Home_logo-big' is present

2020-09-08 14:27:43 - [MESSAGE][WARNING] - Timeout '0' is invalid. Using default page load timeout: '30'

2020-09-08 14:27:43 - [MESSAGE][PASSED] - Object 'Object Repository/V2/Commons/DasboardPage_SidebarMenu/img_Home_logo-big' is present

2020-09-08 14:27:43 - [MESSAGE][PASSED] - Call Test Case 'Test Cases/V2/Test Case/Pre-conditions/PRE_ActivateNewUser' successfully

2020-09-08 14:27:43 - [TEST_STEP][PASSED] - callTestCase(findTestCase("V2/Test Case/Pre-conditions/PRE_SkipPersonalProfileSetup"), [:], STOP_ON_FAILURE): Call Test Case 'Test Cases/V2/Test Case/Pre-conditions/PRE_SkipPersonalProfileSetup' successfully

2020-09-08 14:27:43 - [TEST_CASE][PASSED] - Test Cases/V2/Test Case/Pre-conditions/PRE_SkipPersonalProfileSetup: Test Cases/V2/Test Case/Pre-conditions/PRE_SkipPersonalProfileSetup

2020-09-08 14:27:43 - [TEST_STEP][PASSED] - waitForElementVisible(findTestObject("V2/Commons/FirstUpdateCompanyAndPersonalInfoModal/confirmPersonalInfoHeader_h1"), DefaultTimeout): Object 'Object Repository/V2/Commons/FirstUpdateCompanyAndPersonalInfoModal/confirmPersonalInfoHeader_h1' is visible

2020-09-08 14:27:44 - [MESSAGE][PASSED] - Object 'Object Repository/V2/Commons/FirstUpdateCompanyAndPersonalInfoModal/confirmPersonalInfoHeader_h1' is visible

2020-09-08 14:27:44 - [TEST_STEP][PASSED] - click(findTestObject("V2/Commons/FirstUpdateCompanyAndPersonalInfoModal/confirmInfoSkip_button")): Object: 'Object Repository/V2/Commons/FirstUpdateCompanyAndPersonalInfoModal/confirmInfoSkip_button' is clicked on

2020-09-08 14:27:44 - [MESSAGE][PASSED] - Object: 'Object Repository/V2/Commons/FirstUpdateCompanyAndPersonalInfoModal/confirmInfoSkip_button' is clicked on

2020-09-08 14:27:44 - [TEST_STEP][PASSED] - waitForElementVisible(findTestObject("V2/Commons/FirstUpdateCompanyAndPersonalInfoModal/letsGetStarted_button"), DefaultTimeout): Object 'Object Repository/V2/Commons/FirstUpdateCompanyAndPersonalInfoModal/letsGetStarted_button' is visible

2020-09-08 14:27:45 - [MESSAGE][PASSED] - Object 'Object Repository/V2/Commons/FirstUpdateCompanyAndPersonalInfoModal/letsGetStarted_button' is visible

2020-09-08 14:27:45 - [TEST_STEP][PASSED] - click(findTestObject("V2/Commons/FirstUpdateCompanyAndPersonalInfoModal/letsGetStarted_button")): Object: 'Object Repository/V2/Commons/FirstUpdateCompanyAndPersonalInfoModal/letsGetStarted_button' is clicked on

2020-09-08 14:27:46 - [MESSAGE][PASSED] - Object: 'Object Repository/V2/Commons/FirstUpdateCompanyAndPersonalInfoModal/letsGetStarted_button' is clicked on

2020-09-08 14:27:46 - [MESSAGE][PASSED] - Call Test Case 'Test Cases/V2/Test Case/Pre-conditions/PRE_SkipPersonalProfileSetup' successfully

2020-09-08 14:27:46 - [TEST_STEP][PASSED] - callTestCase(findTestCase("V2/Test Case/Pre-conditions/PRE_ActivateNewUser"), ["activationURL":employee_activationURL, "email":employee_email, "password":password], STOP_ON_FAILURE): Call Test Case 'Test Cases/V2/Test Case/Pre-conditions/PRE_ActivateNewUser' successfully

2020-09-08 14:27:46 - [TEST_CASE][PASSED] - Test Cases/V2/Test Case/Pre-conditions/PRE_ActivateNewUser: Test Cases/V2/Test Case/Pre-conditions/PRE_ActivateNewUser

2020-09-08 14:27:46 - [TEST_STEP][PASSED] - navigateToUrl(activationURL): Navigate to 'https://v2dev.traction.tools/activate?activationKey=d8e6ee58-ffe5-413f-a91b-d71728d0fc9b&userId=84b099d7-51c1-49a5-b484-3d40d40c7b7c&orgId=69f6df14-3ba4-4f81-bf83-88d29ce908ab&email=tractiontools.user001+te5fxn7r@gmail.com&isCreator=0' successfully

2020-09-08 14:27:48 - [MESSAGE][PASSED] - Navigate to 'https://v2dev.traction.tools/activate?activationKey=d8e6ee58-ffe5-413f-a91b-d71728d0fc9b&userId=84b099d7-51c1-49a5-b484-3d40d40c7b7c&orgId=69f6df14-3ba4-4f81-bf83-88d29ce908ab&email=tractiontools.user001+te5fxn7r@gmail.com&isCreator=0' successfully

2020-09-08 14:27:48 - [TEST_STEP][PASSED] - waitForElementVisible(findTestObject("V2/Commons/ActivationPage/input_Email_email"), DefaultTimeout): Object 'Object Repository/V2/Commons/ActivationPage/input_Email_email' is visible

2020-09-08 14:27:49 - [MESSAGE][PASSED] - Object 'Object Repository/V2/Commons/ActivationPage/input_Email_email' is visible

2020-09-08 14:27:49 - [TEST_STEP][PASSED] - actual_email = getAttribute(findTestObject("Object Repository/V2/Commons/ActivationPage/input_Email_email"), "value"): Attribute 'value' of object 'Object Repository/V2/Commons/ActivationPage/input_Email_email' is: 'tractiontools.user001+te5fxn7r@gmail.com'

2020-09-08 14:27:49 - [MESSAGE][PASSED] - Attribute 'value' of object 'Object Repository/V2/Commons/ActivationPage/input_Email_email' is: 'tractiontools.user001+te5fxn7r@gmail.com'

2020-09-08 14:27:49 - [TEST_STEP][PASSED] - verifyMatch(actual_email, email, false): Actual text 'tractiontools.user001+te5fxn7r@gmail.com' and expected text 'tractiontools.user001+te5fxn7r@gmail.com' are matched 

2020-09-08 14:27:49 - [MESSAGE][PASSED] - Actual text 'tractiontools.user001+te5fxn7r@gmail.com' and expected text 'tractiontools.user001+te5fxn7r@gmail.com' are matched 

2020-09-08 14:27:49 - [TEST_STEP][PASSED] - setText(findTestObject("V2/Commons/ActivationPage/input_password"), password): Text 'Qwer123!' is set on object 'Object Repository/V2/Commons/ActivationPage/input_password'

2020-09-08 14:27:50 - [MESSAGE][PASSED] - Text 'Qwer123!' is set on object 'Object Repository/V2/Commons/ActivationPage/input_password'

2020-09-08 14:27:50 - [TEST_STEP][PASSED] - setText(findTestObject("Object Repository/V2/Commons/ActivationPage/input__passwordRepeat"), password): Text 'Qwer123!' is set on object 'Object Repository/V2/Commons/ActivationPage/input__passwordRepeat'

2020-09-08 14:27:50 - [MESSAGE][PASSED] - Text 'Qwer123!' is set on object 'Object Repository/V2/Commons/ActivationPage/input__passwordRepeat'

2020-09-08 14:27:50 - [TEST_STEP][PASSED] - click(findTestObject("V2/Commons/ActivationPage/input_termsandconditions")): Object: 'Object Repository/V2/Commons/ActivationPage/input_termsandconditions' is clicked on

2020-09-08 14:27:51 - [MESSAGE][PASSED] - Object: 'Object Repository/V2/Commons/ActivationPage/input_termsandconditions' is clicked on

2020-09-08 14:27:51 - [TEST_STEP][PASSED] - click(findTestObject("Object Repository/V2/Commons/ActivationPage/div_Create account")): Object: 'Object Repository/V2/Commons/ActivationPage/div_Create account' is clicked on

2020-09-08 14:27:51 - [MESSAGE][PASSED] - Object: 'Object Repository/V2/Commons/ActivationPage/div_Create account' is clicked on

2020-09-08 14:27:51 - [TEST_STEP][PASSED] - waitForElementPresent(findTestObject("V2/Commons/DasboardPage_SidebarMenu/img_Home_logo-big"), DefaultTimeout): Object 'Object Repository/V2/Commons/DasboardPage_SidebarMenu/img_Home_logo-big' is present

2020-09-08 14:27:56 - [MESSAGE][PASSED] - Object 'Object Repository/V2/Commons/DasboardPage_SidebarMenu/img_Home_logo-big' is present

2020-09-08 14:27:56 - [TEST_STEP][PASSED] - verifyElementPresent(findTestObject("V2/Commons/DasboardPage_SidebarMenu/img_Home_logo-big"), 0): Object 'Object Repository/V2/Commons/DasboardPage_SidebarMenu/img_Home_logo-big' is present

2020-09-08 14:27:56 - [MESSAGE][WARNING] - Timeout '0' is invalid. Using default page load timeout: '30'

2020-09-08 14:27:57 - [MESSAGE][PASSED] - Object 'Object Repository/V2/Commons/DasboardPage_SidebarMenu/img_Home_logo-big' is present

2020-09-08 14:27:57 - [MESSAGE][PASSED] - Call Test Case 'Test Cases/V2/Test Case/Pre-conditions/PRE_ActivateNewUser' successfully

2020-09-08 14:27:57 - [TEST_STEP][PASSED] - callTestCase(findTestCase("V2/Test Case/Pre-conditions/PRE_SkipPersonalProfileSetup"), [:], STOP_ON_FAILURE): Call Test Case 'Test Cases/V2/Test Case/Pre-conditions/PRE_SkipPersonalProfileSetup' successfully

2020-09-08 14:27:57 - [TEST_CASE][PASSED] - Test Cases/V2/Test Case/Pre-conditions/PRE_SkipPersonalProfileSetup: Test Cases/V2/Test Case/Pre-conditions/PRE_SkipPersonalProfileSetup

2020-09-08 14:27:57 - [TEST_STEP][PASSED] - waitForElementVisible(findTestObject("V2/Commons/FirstUpdateCompanyAndPersonalInfoModal/confirmPersonalInfoHeader_h1"), DefaultTimeout): Object 'Object Repository/V2/Commons/FirstUpdateCompanyAndPersonalInfoModal/confirmPersonalInfoHeader_h1' is visible

2020-09-08 14:27:57 - [MESSAGE][PASSED] - Object 'Object Repository/V2/Commons/FirstUpdateCompanyAndPersonalInfoModal/confirmPersonalInfoHeader_h1' is visible

2020-09-08 14:27:57 - [TEST_STEP][PASSED] - click(findTestObject("V2/Commons/FirstUpdateCompanyAndPersonalInfoModal/confirmInfoSkip_button")): Object: 'Object Repository/V2/Commons/FirstUpdateCompanyAndPersonalInfoModal/confirmInfoSkip_button' is clicked on

2020-09-08 14:27:58 - [MESSAGE][PASSED] - Object: 'Object Repository/V2/Commons/FirstUpdateCompanyAndPersonalInfoModal/confirmInfoSkip_button' is clicked on

2020-09-08 14:27:58 - [TEST_STEP][PASSED] - waitForElementVisible(findTestObject("V2/Commons/FirstUpdateCompanyAndPersonalInfoModal/letsGetStarted_button"), DefaultTimeout): Object 'Object Repository/V2/Commons/FirstUpdateCompanyAndPersonalInfoModal/letsGetStarted_button' is visible

2020-09-08 14:27:59 - [MESSAGE][PASSED] - Object 'Object Repository/V2/Commons/FirstUpdateCompanyAndPersonalInfoModal/letsGetStarted_button' is visible

2020-09-08 14:27:59 - [TEST_STEP][PASSED] - click(findTestObject("V2/Commons/FirstUpdateCompanyAndPersonalInfoModal/letsGetStarted_button")): Object: 'Object Repository/V2/Commons/FirstUpdateCompanyAndPersonalInfoModal/letsGetStarted_button' is clicked on

2020-09-08 14:27:59 - [MESSAGE][PASSED] - Object: 'Object Repository/V2/Commons/FirstUpdateCompanyAndPersonalInfoModal/letsGetStarted_button' is clicked on

2020-09-08 14:27:59 - [MESSAGE][PASSED] - Call Test Case 'Test Cases/V2/Test Case/Pre-conditions/PRE_SkipPersonalProfileSetup' successfully

2020-09-08 14:27:59 - [MESSAGE][PASSED] - Call Test Case 'Test Cases/V2/Test Case/Pre-conditions/PRE_RegisterAndActivateTTUsers' successfully

2020-09-08 14:27:59 - [TEST_STEP][PASSED] - closeBrowser(): Browser is closed

2020-09-08 14:28:00 - [MESSAGE][PASSED] - Browser is closed

2020-09-08 14:28:00 - [TEST_STEP][PASSED] - path = System.getProperty("user.dir"): null

2020-09-08 14:28:00 - [TEST_STEP][PASSED] - System.setProperty("webdriver.chrome.driver", "C:\Users\Aaron-PC\Documents\Traction Tools\Katalon\Katalon_Studio_Windows_64-7.6.2\Katalon_Studio_Windows_64-7.6.2\configuration\resources\drivers\chromedriver_win32\chromedriver.exe"): null

2020-09-08 14:28:00 - [TEST_STEP][PASSED] - driver1 = new org.openqa.selenium.chrome.ChromeDriver(): null

2020-09-08 14:28:03 - [TEST_STEP][PASSED] - changeWebDriver(driver1): null

2020-09-08 14:28:03 - [TEST_STEP][PASSED] - maximizeWindow(): Current window maximized

2020-09-08 14:28:05 - [MESSAGE][PASSED] - Current window maximized

2020-09-08 14:28:05 - [TEST_STEP][PASSED] - navigateToUrl(V2Url): Navigate to 'https://v2dev.traction.tools' successfully

2020-09-08 14:28:06 - [MESSAGE][PASSED] - Navigate to 'https://v2dev.traction.tools' successfully

2020-09-08 14:28:06 - [TEST_STEP][PASSED] - callTestCase(findTestCase("V2/Test Case/Pre-conditions/PRE_LoginToTractionToolsApplication"), ["username":email, "password":password], STOP_ON_FAILURE): Call Test Case 'Test Cases/V2/Test Case/Pre-conditions/PRE_LoginToTractionToolsApplication' successfully

2020-09-08 14:28:06 - [TEST_CASE][PASSED] - Test Cases/V2/Test Case/Pre-conditions/PRE_LoginToTractionToolsApplication: Test Cases/V2/Test Case/Pre-conditions/PRE_LoginToTractionToolsApplication

2020-09-08 14:28:07 - [TEST_STEP][PASSED] - setText(findTestObject("V2/Commons/LoginPage/input__username"), username): Text 'tractiontools.user001+ta51st9m@gmail.com' is set on object 'Object Repository/V2/Commons/LoginPage/input__username'

2020-09-08 14:28:14 - [MESSAGE][PASSED] - Text 'tractiontools.user001+ta51st9m@gmail.com' is set on object 'Object Repository/V2/Commons/LoginPage/input__username'

2020-09-08 14:28:14 - [TEST_STEP][PASSED] - setText(findTestObject("V2/Commons/LoginPage/input__password"), password): Text 'Qwer123!' is set on object 'Object Repository/V2/Commons/LoginPage/input__password'

2020-09-08 14:28:14 - [MESSAGE][PASSED] - Text 'Qwer123!' is set on object 'Object Repository/V2/Commons/LoginPage/input__password'

2020-09-08 14:28:14 - [TEST_STEP][PASSED] - click(findTestObject("V2/Commons/LoginPage/div_Login")): Object: 'Object Repository/V2/Commons/LoginPage/div_Login' is clicked on

2020-09-08 14:28:45 - [MESSAGE][INFO] - Unable to find the element located by 'By.xpath: //div[@id='root']/div/div/div[2]/div/form/button'. Please recheck the objects properties to make sure the desired element is located. 

2020-09-08 14:28:45 - [MESSAGE][WARNING] - [SELF-HEALING] Failed to find element with id 'Object Repository/V2/Commons/LoginPage/div_Login'. Try using Self-healing.

2020-09-08 14:28:45 - [MESSAGE][WARNING] - [SELF-HEALING] The current locator of test object 'Object Repository/V2/Commons/LoginPage/div_Login' was broken. Propose an alternative one: '(.//*[normalize-space(text()) and normalize-space(.)='*'])[2]/following::div[3]'.

2020-09-08 14:28:45 - [MESSAGE][PASSED] - Object: 'Object Repository/V2/Commons/LoginPage/div_Login' is clicked on

2020-09-08 14:28:45 - [TEST_STEP][PASSED] - waitForElementVisible(findTestObject("V2/Commons/DasboardPage_SidebarMenu/img_Home_logo-big"), DefaultTimeout): Object 'Object Repository/V2/Commons/DasboardPage_SidebarMenu/img_Home_logo-big' is visible

2020-09-08 14:28:50 - [MESSAGE][PASSED] - Object 'Object Repository/V2/Commons/DasboardPage_SidebarMenu/img_Home_logo-big' is visible

2020-09-08 14:28:50 - [TEST_STEP][PASSED] - verifyElementVisible(findTestObject("V2/Commons/DasboardPage_SidebarMenu/img_Home_logo-big"), STOP_ON_FAILURE): Object 'Object Repository/V2/Commons/DasboardPage_SidebarMenu/img_Home_logo-big' is visible

2020-09-08 14:28:50 - [MESSAGE][PASSED] - Object 'Object Repository/V2/Commons/DasboardPage_SidebarMenu/img_Home_logo-big' is visible

2020-09-08 14:28:50 - [MESSAGE][INFO] - 

2020-09-08 14:28:50 - [MESSAGE][INFO] - ===================== Self-healing Report ====================

2020-09-08 14:28:50 - [MESSAGE][INFO] - One of the failed test object locators has been recovered by Self-healing. Please refer to the Self-healing Insights tab for more details.

2020-09-08 14:28:50 - [MESSAGE][INFO] - To learn more about Self-healing, please read https://docs.katalon.com/katalon-studio/docs/self-healing.html

2020-09-08 14:28:50 - [MESSAGE][INFO] - ==============================================================

2020-09-08 14:28:50 - [MESSAGE][PASSED] - Call Test Case 'Test Cases/V2/Test Case/Pre-conditions/PRE_LoginToTractionToolsApplication' successfully

2020-09-08 14:28:50 - [TEST_STEP][PASSED] - driver2 = new org.openqa.selenium.chrome.ChromeDriver(): null

2020-09-08 14:28:53 - [TEST_STEP][PASSED] - changeWebDriver(driver2): null

2020-09-08 14:28:53 - [TEST_STEP][PASSED] - maximizeWindow(): Current window maximized

2020-09-08 14:28:55 - [MESSAGE][PASSED] - Current window maximized

2020-09-08 14:28:55 - [TEST_STEP][PASSED] - navigateToUrl(V2Url): Navigate to 'https://v2dev.traction.tools' successfully

2020-09-08 14:28:57 - [MESSAGE][PASSED] - Navigate to 'https://v2dev.traction.tools' successfully

2020-09-08 14:28:57 - [TEST_STEP][PASSED] - callTestCase(findTestCase("V2/Test Case/Pre-conditions/PRE_LoginToTractionToolsApplication"), ["username":supervisor_email, "password":password], STOP_ON_FAILURE): Call Test Case 'Test Cases/V2/Test Case/Pre-conditions/PRE_LoginToTractionToolsApplication' successfully

2020-09-08 14:28:57 - [TEST_CASE][PASSED] - Test Cases/V2/Test Case/Pre-conditions/PRE_LoginToTractionToolsApplication: Test Cases/V2/Test Case/Pre-conditions/PRE_LoginToTractionToolsApplication

2020-09-08 14:28:57 - [TEST_STEP][PASSED] - setText(findTestObject("V2/Commons/LoginPage/input__username"), username): Text 'tractiontools.user001+ts5jh6p4@gmail.com' is set on object 'Object Repository/V2/Commons/LoginPage/input__username'

2020-09-08 14:29:08 - [MESSAGE][PASSED] - Text 'tractiontools.user001+ts5jh6p4@gmail.com' is set on object 'Object Repository/V2/Commons/LoginPage/input__username'

2020-09-08 14:29:08 - [TEST_STEP][PASSED] - setText(findTestObject("V2/Commons/LoginPage/input__password"), password): Text 'Qwer123!' is set on object 'Object Repository/V2/Commons/LoginPage/input__password'

2020-09-08 14:29:08 - [MESSAGE][PASSED] - Text 'Qwer123!' is set on object 'Object Repository/V2/Commons/LoginPage/input__password'

2020-09-08 14:29:08 - [TEST_STEP][PASSED] - click(findTestObject("V2/Commons/LoginPage/div_Login")): Object: 'Object Repository/V2/Commons/LoginPage/div_Login' is clicked on

2020-09-08 14:29:39 - [MESSAGE][INFO] - Unable to find the element located by 'By.xpath: //div[@id='root']/div/div/div[2]/div/form/button'. Please recheck the objects properties to make sure the desired element is located. 

2020-09-08 14:29:39 - [MESSAGE][WARNING] - [SELF-HEALING] Failed to find element with id 'Object Repository/V2/Commons/LoginPage/div_Login'. Try using Self-healing.

2020-09-08 14:29:39 - [MESSAGE][WARNING] - [SELF-HEALING] The current locator of test object 'Object Repository/V2/Commons/LoginPage/div_Login' was broken. Propose an alternative one: '(.//*[normalize-space(text()) and normalize-space(.)='*'])[2]/following::div[3]'.

2020-09-08 14:29:39 - [MESSAGE][PASSED] - Object: 'Object Repository/V2/Commons/LoginPage/div_Login' is clicked on

2020-09-08 14:29:39 - [TEST_STEP][PASSED] - waitForElementVisible(findTestObject("V2/Commons/DasboardPage_SidebarMenu/img_Home_logo-big"), DefaultTimeout): Object 'Object Repository/V2/Commons/DasboardPage_SidebarMenu/img_Home_logo-big' is visible

2020-09-08 14:29:45 - [MESSAGE][PASSED] - Object 'Object Repository/V2/Commons/DasboardPage_SidebarMenu/img_Home_logo-big' is visible

2020-09-08 14:29:45 - [TEST_STEP][PASSED] - verifyElementVisible(findTestObject("V2/Commons/DasboardPage_SidebarMenu/img_Home_logo-big"), STOP_ON_FAILURE): Object 'Object Repository/V2/Commons/DasboardPage_SidebarMenu/img_Home_logo-big' is visible

2020-09-08 14:29:45 - [MESSAGE][PASSED] - Object 'Object Repository/V2/Commons/DasboardPage_SidebarMenu/img_Home_logo-big' is visible

2020-09-08 14:29:45 - [MESSAGE][INFO] - 

2020-09-08 14:29:45 - [MESSAGE][INFO] - ===================== Self-healing Report ====================

2020-09-08 14:29:45 - [MESSAGE][INFO] - One of the failed test object locators has been recovered by Self-healing. Please refer to the Self-healing Insights tab for more details.

2020-09-08 14:29:45 - [MESSAGE][INFO] - To learn more about Self-healing, please read https://docs.katalon.com/katalon-studio/docs/self-healing.html

2020-09-08 14:29:45 - [MESSAGE][INFO] - ==============================================================

2020-09-08 14:29:45 - [MESSAGE][PASSED] - Call Test Case 'Test Cases/V2/Test Case/Pre-conditions/PRE_LoginToTractionToolsApplication' successfully

2020-09-08 14:29:45 - [TEST_STEP][PASSED] - driver3 = new org.openqa.selenium.chrome.ChromeDriver(): null

2020-09-08 14:29:48 - [TEST_STEP][PASSED] - changeWebDriver(driver3): null

2020-09-08 14:29:48 - [TEST_STEP][PASSED] - maximizeWindow(): Current window maximized

2020-09-08 14:29:51 - [MESSAGE][PASSED] - Current window maximized

2020-09-08 14:29:51 - [TEST_STEP][PASSED] - navigateToUrl(V2Url): Navigate to 'https://v2dev.traction.tools' successfully

2020-09-08 14:29:52 - [MESSAGE][PASSED] - Navigate to 'https://v2dev.traction.tools' successfully

2020-09-08 14:29:52 - [TEST_STEP][PASSED] - callTestCase(findTestCase("V2/Test Case/Pre-conditions/PRE_LoginToTractionToolsApplication"), ["username":employee_email, "password":password], STOP_ON_FAILURE): Call Test Case 'Test Cases/V2/Test Case/Pre-conditions/PRE_LoginToTractionToolsApplication' successfully

2020-09-08 14:29:52 - [TEST_CASE][PASSED] - Test Cases/V2/Test Case/Pre-conditions/PRE_LoginToTractionToolsApplication: Test Cases/V2/Test Case/Pre-conditions/PRE_LoginToTractionToolsApplication

2020-09-08 14:29:52 - [TEST_STEP][PASSED] - setText(findTestObject("V2/Commons/LoginPage/input__username"), username): Text 'tractiontools.user001+te5fxn7r@gmail.com' is set on object 'Object Repository/V2/Commons/LoginPage/input__username'

2020-09-08 14:30:04 - [MESSAGE][PASSED] - Text 'tractiontools.user001+te5fxn7r@gmail.com' is set on object 'Object Repository/V2/Commons/LoginPage/input__username'

2020-09-08 14:30:04 - [TEST_STEP][PASSED] - setText(findTestObject("V2/Commons/LoginPage/input__password"), password): Text 'Qwer123!' is set on object 'Object Repository/V2/Commons/LoginPage/input__password'

2020-09-08 14:30:04 - [MESSAGE][PASSED] - Text 'Qwer123!' is set on object 'Object Repository/V2/Commons/LoginPage/input__password'

2020-09-08 14:30:04 - [TEST_STEP][PASSED] - click(findTestObject("V2/Commons/LoginPage/div_Login")): Object: 'Object Repository/V2/Commons/LoginPage/div_Login' is clicked on

2020-09-08 14:30:35 - [MESSAGE][INFO] - Unable to find the element located by 'By.xpath: //div[@id='root']/div/div/div[2]/div/form/button'. Please recheck the objects properties to make sure the desired element is located. 

2020-09-08 14:30:35 - [MESSAGE][WARNING] - [SELF-HEALING] Failed to find element with id 'Object Repository/V2/Commons/LoginPage/div_Login'. Try using Self-healing.

2020-09-08 14:30:35 - [MESSAGE][WARNING] - [SELF-HEALING] The current locator of test object 'Object Repository/V2/Commons/LoginPage/div_Login' was broken. Propose an alternative one: '(.//*[normalize-space(text()) and normalize-space(.)='*'])[2]/following::div[3]'.

2020-09-08 14:30:35 - [MESSAGE][PASSED] - Object: 'Object Repository/V2/Commons/LoginPage/div_Login' is clicked on

2020-09-08 14:30:35 - [TEST_STEP][PASSED] - waitForElementVisible(findTestObject("V2/Commons/DasboardPage_SidebarMenu/img_Home_logo-big"), DefaultTimeout): Object 'Object Repository/V2/Commons/DasboardPage_SidebarMenu/img_Home_logo-big' is visible

2020-09-08 14:30:40 - [MESSAGE][PASSED] - Object 'Object Repository/V2/Commons/DasboardPage_SidebarMenu/img_Home_logo-big' is visible

2020-09-08 14:30:40 - [TEST_STEP][PASSED] - verifyElementVisible(findTestObject("V2/Commons/DasboardPage_SidebarMenu/img_Home_logo-big"), STOP_ON_FAILURE): Object 'Object Repository/V2/Commons/DasboardPage_SidebarMenu/img_Home_logo-big' is visible

2020-09-08 14:30:40 - [MESSAGE][PASSED] - Object 'Object Repository/V2/Commons/DasboardPage_SidebarMenu/img_Home_logo-big' is visible

2020-09-08 14:30:40 - [MESSAGE][INFO] - 

2020-09-08 14:30:40 - [MESSAGE][INFO] - ===================== Self-healing Report ====================

2020-09-08 14:30:40 - [MESSAGE][INFO] - One of the failed test object locators has been recovered by Self-healing. Please refer to the Self-healing Insights tab for more details.

2020-09-08 14:30:40 - [MESSAGE][INFO] - To learn more about Self-healing, please read https://docs.katalon.com/katalon-studio/docs/self-healing.html

2020-09-08 14:30:40 - [MESSAGE][INFO] - ==============================================================

2020-09-08 14:30:40 - [MESSAGE][PASSED] - Call Test Case 'Test Cases/V2/Test Case/Pre-conditions/PRE_LoginToTractionToolsApplication' successfully

2020-09-08 14:30:40 - [TEST_STEP][PASSED] - changeWebDriver(driver1): null

2020-09-08 14:30:40 - [TEST_STEP][PASSED] - callTestCase(findTestCase("V2/Test Case/Pre-conditions/PRE_CreateL10Meeting"), ["meetingName":meetingName, "meetingAcronym":meetingAcronym, "meetingType":meetingType, "dropdownOptions_obj":"//div[@id='CREATE_MEETING_L10']//span[text()='%s']/parent::div[@role='option']", ... ], STOP_ON_FAILURE): Call Test Case 'Test Cases/V2/Test Case/Pre-conditions/PRE_CreateL10Meeting' successfully

2020-09-08 14:30:40 - [TEST_CASE][PASSED] - Test Cases/V2/Test Case/Pre-conditions/PRE_CreateL10Meeting: Test Cases/V2/Test Case/Pre-conditions/PRE_CreateL10Meeting

2020-09-08 14:30:40 - [TEST_STEP][PASSED] - click(findTestObject("V2/Commons/DasboardPage_SidebarMenu/MeetingsMenu")): Object: 'Object Repository/V2/Commons/DasboardPage_SidebarMenu/MeetingsMenu' is clicked on

2020-09-08 14:30:40 - [MESSAGE][PASSED] - Object: 'Object Repository/V2/Commons/DasboardPage_SidebarMenu/MeetingsMenu' is clicked on

2020-09-08 14:30:40 - [TEST_STEP][PASSED] - click(findTestObject("Object Repository/V2/Commons/MeetingListPage/div_Create a meeting")): Object: 'Object Repository/V2/Commons/MeetingListPage/div_Create a meeting' is clicked on

2020-09-08 14:30:41 - [MESSAGE][PASSED] - Object: 'Object Repository/V2/Commons/MeetingListPage/div_Create a meeting' is clicked on

2020-09-08 14:30:41 - [TEST_STEP][PASSED] - click(findTestObject("Object Repository/V2/Commons/MeetingListPage/button_Level 10")): Object: 'Object Repository/V2/Commons/MeetingListPage/button_Level 10' is clicked on

2020-09-08 14:30:41 - [MESSAGE][PASSED] - Object: 'Object Repository/V2/Commons/MeetingListPage/button_Level 10' is clicked on

2020-09-08 14:30:41 - [TEST_STEP][PASSED] - waitForElementVisible(findTestObject("V2/Commons/CreateL10MeetingDrawer/input__name"), DefaultTimeout): Object 'Object Repository/V2/Commons/CreateL10MeetingDrawer/input__name' is visible

2020-09-08 14:30:41 - [MESSAGE][PASSED] - Object 'Object Repository/V2/Commons/CreateL10MeetingDrawer/input__name' is visible

2020-09-08 14:30:41 - [TEST_STEP][PASSED] - setText(findTestObject("V2/Commons/CreateL10MeetingDrawer/input__name"), meetingName): Text 'Meeting Admin' is set on object 'Object Repository/V2/Commons/CreateL10MeetingDrawer/input__name'

2020-09-08 14:30:42 - [MESSAGE][PASSED] - Text 'Meeting Admin' is set on object 'Object Repository/V2/Commons/CreateL10MeetingDrawer/input__name'

2020-09-08 14:30:42 - [TEST_STEP][PASSED] - setText(findTestObject("V2/Commons/CreateL10MeetingDrawer/input__acronym"), meetingAcronym): Text 'CL10' is set on object 'Object Repository/V2/Commons/CreateL10MeetingDrawer/input__acronym'

2020-09-08 14:30:42 - [MESSAGE][PASSED] - Text 'CL10' is set on object 'Object Repository/V2/Commons/CreateL10MeetingDrawer/input__acronym'

2020-09-08 14:30:42 - [TEST_STEP][PASSED] - click(findTestObject("V2/Commons/CreateL10MeetingDrawer/input__typeOfMeeting")): Object: 'Object Repository/V2/Commons/CreateL10MeetingDrawer/input__typeOfMeeting' is clicked on

2020-09-08 14:30:42 - [MESSAGE][PASSED] - Object: 'Object Repository/V2/Commons/CreateL10MeetingDrawer/input__typeOfMeeting' is clicked on

2020-09-08 14:30:42 - [TEST_STEP][PASSED] - meetingTypeOption_Obj = tt_CustomKeywords.CustomKeywords.CreateDynamicElement(dropdownOptions_obj, meetingType, "xpath"): Successfully created new dynamic object: //div[@id='CREATE_MEETING_L10']//span[text()='Leadership']/parent::div[@role='option']

2020-09-08 14:30:42 - [MESSAGE][PASSED] - Successfully created new dynamic object: //div[@id='CREATE_MEETING_L10']//span[text()='Leadership']/parent::div[@role='option']

2020-09-08 14:30:42 - [TEST_STEP][PASSED] - click(meetingTypeOption_Obj): Object: '' is clicked on

2020-09-08 14:30:42 - [MESSAGE][PASSED] - Object: '' is clicked on

2020-09-08 14:30:42 - [TEST_STEP][PASSED] - click(findTestObject("V2/Commons/CreateL10MeetingDrawer/div_dayOfMeetingDropdownList")): Object: 'Object Repository/V2/Commons/CreateL10MeetingDrawer/div_dayOfMeetingDropdownList' is clicked on

2020-09-08 14:30:42 - [MESSAGE][PASSED] - Object: 'Object Repository/V2/Commons/CreateL10MeetingDrawer/div_dayOfMeetingDropdownList' is clicked on

2020-09-08 14:30:42 - [TEST_STEP][PASSED] - dayOfMeetingOption_Obj = tt_CustomKeywords.CustomKeywords.CreateDynamicElement(dropdownOptions_obj, dayOfMeeting, "xpath"): Successfully created new dynamic object: //div[@id='CREATE_MEETING_L10']//span[text()='Monday']/parent::div[@role='option']

2020-09-08 14:30:42 - [MESSAGE][PASSED] - Successfully created new dynamic object: //div[@id='CREATE_MEETING_L10']//span[text()='Monday']/parent::div[@role='option']

2020-09-08 14:30:42 - [TEST_STEP][PASSED] - click(dayOfMeetingOption_Obj): Object: '' is clicked on

2020-09-08 14:30:42 - [MESSAGE][PASSED] - Object: '' is clicked on

2020-09-08 14:30:42 - [TEST_STEP][PASSED] - click(findTestObject("V2/Commons/CreateL10MeetingDrawer/input_meetingTime")): Object: 'Object Repository/V2/Commons/CreateL10MeetingDrawer/input_meetingTime' is clicked on

2020-09-08 14:30:42 - [MESSAGE][PASSED] - Object: 'Object Repository/V2/Commons/CreateL10MeetingDrawer/input_meetingTime' is clicked on

2020-09-08 14:30:42 - [TEST_STEP][PASSED] - setText(findTestObject("V2/Commons/CreateL10MeetingDrawer/input_meetingTime"), meetingTime): Text '12:00' is set on object 'Object Repository/V2/Commons/CreateL10MeetingDrawer/input_meetingTime'

2020-09-08 14:30:42 - [MESSAGE][PASSED] - Text '12:00' is set on object 'Object Repository/V2/Commons/CreateL10MeetingDrawer/input_meetingTime'

2020-09-08 14:30:42 - [TEST_STEP][PASSED] - sendKeys(findTestObject("V2/Commons/CreateL10MeetingDrawer/input_meetingTime"), Keys.chord(TAB)): Keys 'TAB + ' sent to object: 'Object Repository/V2/Commons/CreateL10MeetingDrawer/input_meetingTime'

2020-09-08 14:30:42 - [MESSAGE][PASSED] - Keys 'TAB + ' sent to object: 'Object Repository/V2/Commons/CreateL10MeetingDrawer/input_meetingTime'

2020-09-08 14:30:42 - [TEST_STEP][PASSED] - click(findTestObject("V2/Commons/CreateL10MeetingDrawer/div_Create Meeting")): Object: 'Object Repository/V2/Commons/CreateL10MeetingDrawer/div_Create Meeting' is clicked on

2020-09-08 14:30:42 - [MESSAGE][PASSED] - Object: 'Object Repository/V2/Commons/CreateL10MeetingDrawer/div_Create Meeting' is clicked on

2020-09-08 14:30:42 - [TEST_STEP][PASSED] - waitForElementVisible(findTestObject("Object Repository/V2/Commons/MeetingListPage/div_Ill do this later"), DefaultTimeout): Object 'Object Repository/V2/Commons/MeetingListPage/div_Ill do this later' is visible

2020-09-08 14:31:18 - [MESSAGE][PASSED] - Object 'Object Repository/V2/Commons/MeetingListPage/div_Ill do this later' is visible

2020-09-08 14:31:18 - [TEST_STEP][PASSED] - verifyElementVisible(findTestObject("Object Repository/V2/Commons/MeetingListPage/div_Ill do this later"), STOP_ON_FAILURE): Object 'Object Repository/V2/Commons/MeetingListPage/div_Ill do this later' is visible

2020-09-08 14:31:18 - [MESSAGE][PASSED] - Object 'Object Repository/V2/Commons/MeetingListPage/div_Ill do this later' is visible

2020-09-08 14:31:18 - [TEST_STEP][PASSED] - click(findTestObject("Object Repository/V2/Commons/MeetingListPage/div_Ill do this later")): Object: 'Object Repository/V2/Commons/MeetingListPage/div_Ill do this later' is clicked on

2020-09-08 14:31:18 - [MESSAGE][PASSED] - Object: 'Object Repository/V2/Commons/MeetingListPage/div_Ill do this later' is clicked on

2020-09-08 14:31:18 - [TEST_STEP][PASSED] - meetingRecordObj = tt_CustomKeywords.CustomKeywords.CreateDynamicElement(meetingRecord_obj, meetingName, "xpath"): Successfully created new dynamic object: //div[@class='detailscontainer__block item']/h4[text()='Meeting Admin']

2020-09-08 14:31:18 - [MESSAGE][PASSED] - Successfully created new dynamic object: //div[@class='detailscontainer__block item']/h4[text()='Meeting Admin']

2020-09-08 14:31:18 - [TEST_STEP][PASSED] - verifyElementPresent(meetingRecordObj, DefaultTimeout): Object '' is present

2020-09-08 14:31:18 - [MESSAGE][PASSED] - Object '' is present

2020-09-08 14:31:18 - [MESSAGE][PASSED] - Call Test Case 'Test Cases/V2/Test Case/Pre-conditions/PRE_CreateL10Meeting' successfully

2020-09-08 14:31:18 - [TEST_STEP][PASSED] - callTestCase(findTestCase("V2/Test Case/Pre-conditions/PRE_AddAllAttendeesToMeeting"), ["meetingName":meetingName, "firstname":supervisor_fname, "lastname":lastname, "userOptionObj":"//span[text()='%s']/parent::div[@role='option']", ... ], STOP_ON_FAILURE): Call Test Case 'Test Cases/V2/Test Case/Pre-conditions/PRE_AddAllAttendeesToMeeting' successfully

2020-09-08 14:31:18 - [TEST_CASE][PASSED] - Test Cases/V2/Test Case/Pre-conditions/PRE_AddAllAttendeesToMeeting: Test Cases/V2/Test Case/Pre-conditions/PRE_AddAllAttendeesToMeeting

2020-09-08 14:31:18 - [TEST_STEP][PASSED] - click(findTestObject("V2/Commons/DasboardPage_SidebarMenu/MeetingsMenu")): Object: 'Object Repository/V2/Commons/DasboardPage_SidebarMenu/MeetingsMenu' is clicked on

2020-09-08 14:31:18 - [MESSAGE][PASSED] - Object: 'Object Repository/V2/Commons/DasboardPage_SidebarMenu/MeetingsMenu' is clicked on

2020-09-08 14:31:18 - [TEST_STEP][PASSED] - attendee_fullname = firstname + " " + lastname: null

2020-09-08 14:31:18 - [TEST_STEP][PASSED] - meetingOpt_Obj = tt_CustomKeywords.CustomKeywords.CreateDynamicElement(meetingOptions_obj, meetingName, "xpath"): Successfully created new dynamic object: //h4[text()='Meeting Admin']/ancestor::div[contains(@class,'ListContainer')]/div[@class='listcontainer__options']/button

2020-09-08 14:31:18 - [MESSAGE][PASSED] - Successfully created new dynamic object: //h4[text()='Meeting Admin']/ancestor::div[contains(@class,'ListContainer')]/div[@class='listcontainer__options']/button

2020-09-08 14:31:18 - [TEST_STEP][PASSED] - click(meetingOpt_Obj): Object: '' is clicked on

2020-09-08 14:31:18 - [MESSAGE][PASSED] - Object: '' is clicked on

2020-09-08 14:31:18 - [TEST_STEP][PASSED] - click(findTestObject("V2/Commons/MeetingListPage/a_Edit meeting")): Object: 'Object Repository/V2/Commons/MeetingListPage/a_Edit meeting' is clicked on

2020-09-08 14:31:18 - [MESSAGE][PASSED] - Object: 'Object Repository/V2/Commons/MeetingListPage/a_Edit meeting' is clicked on

2020-09-08 14:31:18 - [TEST_STEP][PASSED] - waitForElementPresent(findTestObject("V2/Commons/EditMeetingPage/div_Add users"), DefaultTimeout): Object 'Object Repository/V2/Commons/EditMeetingPage/div_Add users' is present

2020-09-08 14:31:20 - [MESSAGE][PASSED] - Object 'Object Repository/V2/Commons/EditMeetingPage/div_Add users' is present

2020-09-08 14:31:20 - [TEST_STEP][PASSED] - click(findTestObject("V2/Commons/EditMeetingPage/div_Add users")): Object: 'Object Repository/V2/Commons/EditMeetingPage/div_Add users' is clicked on

2020-09-08 14:31:20 - [MESSAGE][PASSED] - Object: 'Object Repository/V2/Commons/EditMeetingPage/div_Add users' is clicked on

2020-09-08 14:31:20 - [TEST_STEP][PASSED] - delay(15): Delayed 15 second(s)

2020-09-08 14:31:35 - [MESSAGE][PASSED] - Delayed 15 second(s)

2020-09-08 14:31:35 - [TEST_STEP][PASSED] - click(findTestObject("V2/Commons/EditMeetingPage/AddAttendeeUserDropdown")): Object: 'Object Repository/V2/Commons/EditMeetingPage/AddAttendeeUserDropdown' is clicked on

2020-09-08 14:31:35 - [MESSAGE][PASSED] - Object: 'Object Repository/V2/Commons/EditMeetingPage/AddAttendeeUserDropdown' is clicked on

2020-09-08 14:31:35 - [TEST_STEP][PASSED] - attendeeOpt_Obj = tt_CustomKeywords.CustomKeywords.CreateDynamicElement(userOptionObj, attendee_fullname, "xpath"): Successfully created new dynamic object: //span[text()='Supervisor User']/parent::div[@role='option']

2020-09-08 14:31:35 - [MESSAGE][PASSED] - Successfully created new dynamic object: //span[text()='Supervisor User']/parent::div[@role='option']

2020-09-08 14:31:35 - [TEST_STEP][PASSED] - attendeeObjCount = tt_CustomKeywords.CustomKeywords.CountElementInWebPageByDynamicElement(userOptionObj, attendee_fullname, "xpath"): Successfully get the element count. 
Element occurences in Webpage: 2

2020-09-08 14:31:35 - [MESSAGE][PASSED] - Successfully get the element count. 
Element occurences in Webpage: 2

2020-09-08 14:31:35 - [TEST_STEP][PASSED] - attendeeOptSCount = attendeeObjCount.toString(): null

2020-09-08 14:31:35 - [TEST_STEP][PASSED] - out.println(attendeeOptSCount): null

2020-09-08 14:31:35 - [TEST_STEP][PASSED] - attendeeObj_Xpath = attendeeOpt_Obj.findPropertyValue("xpath"): null

2020-09-08 14:31:35 - [TEST_STEP][PASSED] - newAttendeeOpt = "(" + attendeeObj_Xpath + ")[%s]": null

2020-09-08 14:31:35 - [TEST_STEP][PASSED] - out.println(newAttendeeOpt): null

2020-09-08 14:31:35 - [TEST_STEP][PASSED] - newAttendeeOpt_Obj = tt_CustomKeywords.CustomKeywords.CreateDynamicElement(newAttendeeOpt, attendeeOptSCount, "xpath"): Successfully created new dynamic object: (//span[text()='Supervisor User']/parent::div[@role='option'])[2]

2020-09-08 14:31:35 - [MESSAGE][PASSED] - Successfully created new dynamic object: (//span[text()='Supervisor User']/parent::div[@role='option'])[2]

2020-09-08 14:31:35 - [TEST_STEP][PASSED] - click(newAttendeeOpt_Obj): Object: '' is clicked on

2020-09-08 14:31:35 - [MESSAGE][PASSED] - Object: '' is clicked on

2020-09-08 14:31:35 - [TEST_STEP][PASSED] - waitForElementPresent(findTestObject("V2/Commons/EditMeetingPage/AddAttendeeSuccessNotif"), DefaultTimeout): Object 'Object Repository/V2/Commons/EditMeetingPage/AddAttendeeSuccessNotif' is present

2020-09-08 14:31:41 - [MESSAGE][PASSED] - Object 'Object Repository/V2/Commons/EditMeetingPage/AddAttendeeSuccessNotif' is present

2020-09-08 14:31:41 - [TEST_STEP][PASSED] - verifyElementPresent(findTestObject("V2/Commons/EditMeetingPage/AddAttendeeSuccessNotif"), DefaultTimeout): Object 'Object Repository/V2/Commons/EditMeetingPage/AddAttendeeSuccessNotif' is present

2020-09-08 14:31:41 - [MESSAGE][PASSED] - Object 'Object Repository/V2/Commons/EditMeetingPage/AddAttendeeSuccessNotif' is present

2020-09-08 14:31:41 - [TEST_STEP][PASSED] - permissionDrop_Obj = tt_CustomKeywords.CustomKeywords.CreateDynamicElement(permissionDropObj, attendee_fullname, "xpath"): Successfully created new dynamic object: //div[@role='alert' and text()='Supervisor User']/ancestor::div[@class='editAttendees__item']//button[contains(@aria-label,'assign')]/parent::div

2020-09-08 14:31:41 - [MESSAGE][PASSED] - Successfully created new dynamic object: //div[@role='alert' and text()='Supervisor User']/ancestor::div[@class='editAttendees__item']//button[contains(@aria-label,'assign')]/parent::div

2020-09-08 14:31:41 - [TEST_STEP][PASSED] - click(permissionDrop_Obj): Object: '' is clicked on

2020-09-08 14:31:41 - [MESSAGE][PASSED] - Object: '' is clicked on

2020-09-08 14:31:41 - [TEST_STEP][PASSED] - permissionDropOpt_Obj_MA = tt_CustomKeywords.CustomKeywords.CreateDynamicElement(permissionDropOptObj_MA, attendee_fullname, "xpath"): Successfully created new dynamic object: //div[@role='alert' and text()='Supervisor User']/ancestor::div[@class='editAttendees__item']//span[text()='Meeting Admin']/parent::div

2020-09-08 14:31:41 - [MESSAGE][PASSED] - Successfully created new dynamic object: //div[@role='alert' and text()='Supervisor User']/ancestor::div[@class='editAttendees__item']//span[text()='Meeting Admin']/parent::div

2020-09-08 14:31:41 - [TEST_STEP][PASSED] - permissionDropOpt_Obj_FE = tt_CustomKeywords.CustomKeywords.CreateDynamicElement(permissionDropOptObj_FE, attendee_fullname, "xpath"): Successfully created new dynamic object: //div[@role='alert' and text()='Supervisor User']/ancestor::div[@class='editAttendees__item']//span[text()='Full editor']/parent::div

2020-09-08 14:31:41 - [MESSAGE][PASSED] - Successfully created new dynamic object: //div[@role='alert' and text()='Supervisor User']/ancestor::div[@class='editAttendees__item']//span[text()='Full editor']/parent::div

2020-09-08 14:31:41 - [TEST_STEP][PASSED] - permissionDropOpt_Obj_BE = tt_CustomKeywords.CustomKeywords.CreateDynamicElement(permissionDropOptObj_BE, attendee_fullname, "xpath"): Successfully created new dynamic object: //div[@role='alert' and text()='Supervisor User']/ancestor::div[@class='editAttendees__item']//span[text()='Basic editor']/parent::div

2020-09-08 14:31:41 - [MESSAGE][PASSED] - Successfully created new dynamic object: //div[@role='alert' and text()='Supervisor User']/ancestor::div[@class='editAttendees__item']//span[text()='Basic editor']/parent::div

2020-09-08 14:31:41 - [TEST_STEP][PASSED] - if (permission == "Meeting Admin"): null

2020-09-08 14:31:41 - [TEST_STEP][PASSED] - if (permission == "Full editor"): null

2020-09-08 14:31:41 - [TEST_STEP][PASSED] - if (permission == "Basic editor"): null

2020-09-08 14:31:41 - [TEST_STEP][PASSED] - verifyElementPresent(findTestObject("V2/Commons/DasboardPage_SidebarMenu/MeetingsMenu"), DefaultTimeout): Object 'Object Repository/V2/Commons/DasboardPage_SidebarMenu/MeetingsMenu' is present

2020-09-08 14:31:41 - [MESSAGE][PASSED] - Object 'Object Repository/V2/Commons/DasboardPage_SidebarMenu/MeetingsMenu' is present

2020-09-08 14:31:41 - [TEST_STEP][PASSED] - click(findTestObject("V2/Commons/DasboardPage_SidebarMenu/MeetingsMenu")): Object: 'Object Repository/V2/Commons/DasboardPage_SidebarMenu/MeetingsMenu' is clicked on

2020-09-08 14:31:41 - [MESSAGE][PASSED] - Object: 'Object Repository/V2/Commons/DasboardPage_SidebarMenu/MeetingsMenu' is clicked on

2020-09-08 14:31:41 - [MESSAGE][PASSED] - Call Test Case 'Test Cases/V2/Test Case/Pre-conditions/PRE_AddAllAttendeesToMeeting' successfully

2020-09-08 14:31:41 - [TEST_STEP][PASSED] - callTestCase(findTestCase("V2/Test Case/Pre-conditions/PRE_AddAllAttendeesToMeeting"), ["meetingName":meetingName, "firstname":employee_fname, "lastname":lastname, "userOptionObj":"//span[text()='%s']/parent::div[@role='option']", ... ], STOP_ON_FAILURE): Call Test Case 'Test Cases/V2/Test Case/Pre-conditions/PRE_AddAllAttendeesToMeeting' successfully

2020-09-08 14:31:41 - [TEST_CASE][PASSED] - Test Cases/V2/Test Case/Pre-conditions/PRE_AddAllAttendeesToMeeting: Test Cases/V2/Test Case/Pre-conditions/PRE_AddAllAttendeesToMeeting

2020-09-08 14:31:41 - [TEST_STEP][PASSED] - click(findTestObject("V2/Commons/DasboardPage_SidebarMenu/MeetingsMenu")): Object: 'Object Repository/V2/Commons/DasboardPage_SidebarMenu/MeetingsMenu' is clicked on

2020-09-08 14:31:41 - [MESSAGE][PASSED] - Object: 'Object Repository/V2/Commons/DasboardPage_SidebarMenu/MeetingsMenu' is clicked on

2020-09-08 14:31:41 - [TEST_STEP][PASSED] - attendee_fullname = firstname + " " + lastname: null

2020-09-08 14:31:41 - [TEST_STEP][PASSED] - meetingOpt_Obj = tt_CustomKeywords.CustomKeywords.CreateDynamicElement(meetingOptions_obj, meetingName, "xpath"): Successfully created new dynamic object: //h4[text()='Meeting Admin']/ancestor::div[contains(@class,'ListContainer')]/div[@class='listcontainer__options']/button

2020-09-08 14:31:41 - [MESSAGE][PASSED] - Successfully created new dynamic object: //h4[text()='Meeting Admin']/ancestor::div[contains(@class,'ListContainer')]/div[@class='listcontainer__options']/button

2020-09-08 14:31:41 - [TEST_STEP][PASSED] - click(meetingOpt_Obj): Object: '' is clicked on

2020-09-08 14:31:41 - [MESSAGE][PASSED] - Object: '' is clicked on

2020-09-08 14:31:41 - [TEST_STEP][PASSED] - click(findTestObject("V2/Commons/MeetingListPage/a_Edit meeting")): Object: 'Object Repository/V2/Commons/MeetingListPage/a_Edit meeting' is clicked on

2020-09-08 14:31:42 - [MESSAGE][PASSED] - Object: 'Object Repository/V2/Commons/MeetingListPage/a_Edit meeting' is clicked on

2020-09-08 14:31:42 - [TEST_STEP][PASSED] - waitForElementPresent(findTestObject("V2/Commons/EditMeetingPage/div_Add users"), DefaultTimeout): Object 'Object Repository/V2/Commons/EditMeetingPage/div_Add users' is present

2020-09-08 14:31:42 - [MESSAGE][PASSED] - Object 'Object Repository/V2/Commons/EditMeetingPage/div_Add users' is present

2020-09-08 14:31:42 - [TEST_STEP][PASSED] - click(findTestObject("V2/Commons/EditMeetingPage/div_Add users")): Object: 'Object Repository/V2/Commons/EditMeetingPage/div_Add users' is clicked on

2020-09-08 14:31:42 - [MESSAGE][PASSED] - Object: 'Object Repository/V2/Commons/EditMeetingPage/div_Add users' is clicked on

2020-09-08 14:31:42 - [TEST_STEP][PASSED] - delay(15): Delayed 15 second(s)

2020-09-08 14:31:57 - [MESSAGE][PASSED] - Delayed 15 second(s)

2020-09-08 14:31:57 - [TEST_STEP][PASSED] - click(findTestObject("V2/Commons/EditMeetingPage/AddAttendeeUserDropdown")): Object: 'Object Repository/V2/Commons/EditMeetingPage/AddAttendeeUserDropdown' is clicked on

2020-09-08 14:31:57 - [MESSAGE][PASSED] - Object: 'Object Repository/V2/Commons/EditMeetingPage/AddAttendeeUserDropdown' is clicked on

2020-09-08 14:31:57 - [TEST_STEP][PASSED] - attendeeOpt_Obj = tt_CustomKeywords.CustomKeywords.CreateDynamicElement(userOptionObj, attendee_fullname, "xpath"): Successfully created new dynamic object: //span[text()='Employee User']/parent::div[@role='option']

2020-09-08 14:31:57 - [MESSAGE][PASSED] - Successfully created new dynamic object: //span[text()='Employee User']/parent::div[@role='option']

2020-09-08 14:31:57 - [TEST_STEP][PASSED] - attendeeObjCount = tt_CustomKeywords.CustomKeywords.CountElementInWebPageByDynamicElement(userOptionObj, attendee_fullname, "xpath"): Successfully get the element count. 
Element occurences in Webpage: 3

2020-09-08 14:31:57 - [MESSAGE][PASSED] - Successfully get the element count. 
Element occurences in Webpage: 3

2020-09-08 14:31:57 - [TEST_STEP][PASSED] - attendeeOptSCount = attendeeObjCount.toString(): null

2020-09-08 14:31:57 - [TEST_STEP][PASSED] - out.println(attendeeOptSCount): null

2020-09-08 14:31:57 - [TEST_STEP][PASSED] - attendeeObj_Xpath = attendeeOpt_Obj.findPropertyValue("xpath"): null

2020-09-08 14:31:57 - [TEST_STEP][PASSED] - newAttendeeOpt = "(" + attendeeObj_Xpath + ")[%s]": null

2020-09-08 14:31:57 - [TEST_STEP][PASSED] - out.println(newAttendeeOpt): null

2020-09-08 14:31:57 - [TEST_STEP][PASSED] - newAttendeeOpt_Obj = tt_CustomKeywords.CustomKeywords.CreateDynamicElement(newAttendeeOpt, attendeeOptSCount, "xpath"): Successfully created new dynamic object: (//span[text()='Employee User']/parent::div[@role='option'])[3]

2020-09-08 14:31:57 - [MESSAGE][PASSED] - Successfully created new dynamic object: (//span[text()='Employee User']/parent::div[@role='option'])[3]

2020-09-08 14:31:57 - [TEST_STEP][PASSED] - click(newAttendeeOpt_Obj): Object: '' is clicked on

2020-09-08 14:31:57 - [MESSAGE][PASSED] - Object: '' is clicked on

2020-09-08 14:31:57 - [TEST_STEP][PASSED] - waitForElementPresent(findTestObject("V2/Commons/EditMeetingPage/AddAttendeeSuccessNotif"), DefaultTimeout): Object 'Object Repository/V2/Commons/EditMeetingPage/AddAttendeeSuccessNotif' is present

2020-09-08 14:32:03 - [MESSAGE][PASSED] - Object 'Object Repository/V2/Commons/EditMeetingPage/AddAttendeeSuccessNotif' is present

2020-09-08 14:32:03 - [TEST_STEP][PASSED] - verifyElementPresent(findTestObject("V2/Commons/EditMeetingPage/AddAttendeeSuccessNotif"), DefaultTimeout): Object 'Object Repository/V2/Commons/EditMeetingPage/AddAttendeeSuccessNotif' is present

2020-09-08 14:32:03 - [MESSAGE][PASSED] - Object 'Object Repository/V2/Commons/EditMeetingPage/AddAttendeeSuccessNotif' is present

2020-09-08 14:32:03 - [TEST_STEP][PASSED] - permissionDrop_Obj = tt_CustomKeywords.CustomKeywords.CreateDynamicElement(permissionDropObj, attendee_fullname, "xpath"): Successfully created new dynamic object: //div[@role='alert' and text()='Employee User']/ancestor::div[@class='editAttendees__item']//button[contains(@aria-label,'assign')]/parent::div

2020-09-08 14:32:03 - [MESSAGE][PASSED] - Successfully created new dynamic object: //div[@role='alert' and text()='Employee User']/ancestor::div[@class='editAttendees__item']//button[contains(@aria-label,'assign')]/parent::div

2020-09-08 14:32:03 - [TEST_STEP][PASSED] - click(permissionDrop_Obj): Object: '' is clicked on

2020-09-08 14:32:03 - [MESSAGE][PASSED] - Object: '' is clicked on

2020-09-08 14:32:03 - [TEST_STEP][PASSED] - permissionDropOpt_Obj_MA = tt_CustomKeywords.CustomKeywords.CreateDynamicElement(permissionDropOptObj_MA, attendee_fullname, "xpath"): Successfully created new dynamic object: //div[@role='alert' and text()='Employee User']/ancestor::div[@class='editAttendees__item']//span[text()='Meeting Admin']/parent::div

2020-09-08 14:32:03 - [MESSAGE][PASSED] - Successfully created new dynamic object: //div[@role='alert' and text()='Employee User']/ancestor::div[@class='editAttendees__item']//span[text()='Meeting Admin']/parent::div

2020-09-08 14:32:03 - [TEST_STEP][PASSED] - permissionDropOpt_Obj_FE = tt_CustomKeywords.CustomKeywords.CreateDynamicElement(permissionDropOptObj_FE, attendee_fullname, "xpath"): Successfully created new dynamic object: //div[@role='alert' and text()='Employee User']/ancestor::div[@class='editAttendees__item']//span[text()='Full editor']/parent::div

2020-09-08 14:32:03 - [MESSAGE][PASSED] - Successfully created new dynamic object: //div[@role='alert' and text()='Employee User']/ancestor::div[@class='editAttendees__item']//span[text()='Full editor']/parent::div

2020-09-08 14:32:03 - [TEST_STEP][PASSED] - permissionDropOpt_Obj_BE = tt_CustomKeywords.CustomKeywords.CreateDynamicElement(permissionDropOptObj_BE, attendee_fullname, "xpath"): Successfully created new dynamic object: //div[@role='alert' and text()='Employee User']/ancestor::div[@class='editAttendees__item']//span[text()='Basic editor']/parent::div

2020-09-08 14:32:03 - [MESSAGE][PASSED] - Successfully created new dynamic object: //div[@role='alert' and text()='Employee User']/ancestor::div[@class='editAttendees__item']//span[text()='Basic editor']/parent::div

2020-09-08 14:32:03 - [TEST_STEP][PASSED] - if (permission == "Meeting Admin"): null

2020-09-08 14:32:03 - [TEST_STEP][PASSED] - if (permission == "Full editor"): null

2020-09-08 14:32:03 - [TEST_STEP][PASSED] - if (permission == "Basic editor"): null

2020-09-08 14:32:03 - [TEST_STEP][PASSED] - verifyElementPresent(findTestObject("V2/Commons/DasboardPage_SidebarMenu/MeetingsMenu"), DefaultTimeout): Object 'Object Repository/V2/Commons/DasboardPage_SidebarMenu/MeetingsMenu' is present

2020-09-08 14:32:03 - [MESSAGE][PASSED] - Object 'Object Repository/V2/Commons/DasboardPage_SidebarMenu/MeetingsMenu' is present

2020-09-08 14:32:03 - [TEST_STEP][PASSED] - click(findTestObject("V2/Commons/DasboardPage_SidebarMenu/MeetingsMenu")): Object: 'Object Repository/V2/Commons/DasboardPage_SidebarMenu/MeetingsMenu' is clicked on

2020-09-08 14:32:03 - [MESSAGE][PASSED] - Object: 'Object Repository/V2/Commons/DasboardPage_SidebarMenu/MeetingsMenu' is clicked on

2020-09-08 14:32:03 - [MESSAGE][PASSED] - Call Test Case 'Test Cases/V2/Test Case/Pre-conditions/PRE_AddAllAttendeesToMeeting' successfully

2020-09-08 14:32:03 - [TEST_STEP][PASSED] - callTestCase(findTestCase("V2/Test Case/Tests/PR-369 - EditMeetingAgenda/Test Cases/Positive/Admin/PR_369_9_EditMeetingCreateToDo_Admin"), ["userName":"jeff+075@mytractiontools.com", "passWord":"Skyline69A*", "meetingRowPosition":"3", "editMeetingMenu_Obj":"//div[@id='root']/div/div[2]/div/div/div/div[2]/div/div[%s]/div[3]/button/i", ... ], STOP_ON_FAILURE): Call Test Case 'Test Cases/V2/Test Case/Tests/PR-369 - EditMeetingAgenda/Test Cases/Positive/Admin/PR_369_9_EditMeetingCreateToDo_Admin' successfully

2020-09-08 14:32:03 - [TEST_CASE][PASSED] - Test Cases/V2/Test Case/Tests/PR-369 - EditMeetingAgenda/Test Cases/Positive/Admin/PR_369_9_EditMeetingCreateToDo_Admin: Test Cases/V2/Test Case/Tests/PR-369 - EditMeetingAgenda/Test Cases/Positive/Admin/PR_369_9_EditMeetingCreateToDo_Admin

2020-09-08 14:32:03 - [TEST_STEP][PASSED] - waitForElementVisible(findTestObject("V2/Commons/DasboardPage_SidebarMenu/MeetingsMenu"), DefaultTimeout): Object 'Object Repository/V2/Commons/DasboardPage_SidebarMenu/MeetingsMenu' is visible

2020-09-08 14:32:04 - [MESSAGE][PASSED] - Object 'Object Repository/V2/Commons/DasboardPage_SidebarMenu/MeetingsMenu' is visible

2020-09-08 14:32:04 - [TEST_STEP][PASSED] - click(findTestObject("V2/Commons/DasboardPage_SidebarMenu/MeetingsMenu")): Object: 'Object Repository/V2/Commons/DasboardPage_SidebarMenu/MeetingsMenu' is clicked on

2020-09-08 14:32:04 - [MESSAGE][PASSED] - Object: 'Object Repository/V2/Commons/DasboardPage_SidebarMenu/MeetingsMenu' is clicked on

2020-09-08 14:32:04 - [TEST_STEP][PASSED] - meetingOpt_Obj = tt_CustomKeywords.CustomKeywords.CreateDynamicElement(meetingOptions_obj, meetingName, "xpath"): Successfully created new dynamic object: //h4[text()='Meeting Admin']/ancestor::div[contains(@class,'ListContainer')]/div[@class='listcontainer__options']/button

2020-09-08 14:32:04 - [MESSAGE][PASSED] - Successfully created new dynamic object: //h4[text()='Meeting Admin']/ancestor::div[contains(@class,'ListContainer')]/div[@class='listcontainer__options']/button

2020-09-08 14:32:04 - [TEST_STEP][PASSED] - waitForElementVisible(meetingOpt_Obj, DefaultTimeout): Object '' is visible

2020-09-08 14:32:04 - [MESSAGE][PASSED] - Object '' is visible

2020-09-08 14:32:04 - [TEST_STEP][PASSED] - click(meetingOpt_Obj): Object: '' is clicked on

2020-09-08 14:32:04 - [MESSAGE][PASSED] - Object: '' is clicked on

2020-09-08 14:32:04 - [TEST_STEP][PASSED] - click(findTestObject("V2/Commons/MeetingListPage/a_Edit meeting")): Object: 'Object Repository/V2/Commons/MeetingListPage/a_Edit meeting' is clicked on

2020-09-08 14:32:04 - [MESSAGE][PASSED] - Object: 'Object Repository/V2/Commons/MeetingListPage/a_Edit meeting' is clicked on

2020-09-08 14:32:04 - [TEST_STEP][PASSED] - waitForElementVisible(findTestObject("V2/PR-369/Edit_Meeting_ToDo/ToDo_Menu"), DefaultTimeout): Object 'Object Repository/V2/PR-369/Edit_Meeting_ToDo/ToDo_Menu' is visible

2020-09-08 14:32:04 - [MESSAGE][PASSED] - Object 'Object Repository/V2/PR-369/Edit_Meeting_ToDo/ToDo_Menu' is visible

2020-09-08 14:32:04 - [TEST_STEP][PASSED] - click(findTestObject("V2/PR-369/Edit_Meeting_ToDo/ToDo_Menu")): Object: 'Object Repository/V2/PR-369/Edit_Meeting_ToDo/ToDo_Menu' is clicked on

2020-09-08 14:32:04 - [MESSAGE][PASSED] - Object: 'Object Repository/V2/PR-369/Edit_Meeting_ToDo/ToDo_Menu' is clicked on

2020-09-08 14:32:04 - [TEST_STEP][PASSED] - waitForElementVisible(findTestObject("V2/PR-369/Edit_Meeting_ToDo/CreateToDoButton"), DefaultTimeout): Object 'Object Repository/V2/PR-369/Edit_Meeting_ToDo/CreateToDoButton' is visible

2020-09-08 14:32:04 - [MESSAGE][PASSED] - Object 'Object Repository/V2/PR-369/Edit_Meeting_ToDo/CreateToDoButton' is visible

2020-09-08 14:32:04 - [TEST_STEP][PASSED] - click(findTestObject("V2/PR-369/Edit_Meeting_ToDo/CreateToDoButton")): Object: 'Object Repository/V2/PR-369/Edit_Meeting_ToDo/CreateToDoButton' is clicked on

2020-09-08 14:32:04 - [MESSAGE][PASSED] - Object: 'Object Repository/V2/PR-369/Edit_Meeting_ToDo/CreateToDoButton' is clicked on

2020-09-08 14:32:04 - [TEST_STEP][PASSED] - delay(10): Delayed 10 second(s)

2020-09-08 14:32:14 - [MESSAGE][PASSED] - Delayed 10 second(s)

2020-09-08 14:32:14 - [TEST_STEP][PASSED] - waitForElementVisible(findTestObject("V2/PR-369/Edit_Meeting_ToDo/Edit_Todo_TextField"), DefaultTimeout): Object 'Object Repository/V2/PR-369/Edit_Meeting_ToDo/Edit_Todo_TextField' is visible

2020-09-08 14:32:14 - [MESSAGE][PASSED] - Object 'Object Repository/V2/PR-369/Edit_Meeting_ToDo/Edit_Todo_TextField' is visible

2020-09-08 14:32:14 - [TEST_STEP][PASSED] - setText(findTestObject("V2/PR-369/Edit_Meeting_ToDo/Edit_Todo_TextField"), toDoName): Text 'QA Edit Meeting Automation ToDo Test' is set on object 'Object Repository/V2/PR-369/Edit_Meeting_ToDo/Edit_Todo_TextField'

2020-09-08 14:32:14 - [MESSAGE][PASSED] - Text 'QA Edit Meeting Automation ToDo Test' is set on object 'Object Repository/V2/PR-369/Edit_Meeting_ToDo/Edit_Todo_TextField'

2020-09-08 14:32:14 - [TEST_STEP][PASSED] - click(findTestObject("V2/PR-369/Edit_Meeting_ToDo/Accountable_Owner_TextField")): Object: 'Object Repository/V2/PR-369/Edit_Meeting_ToDo/Accountable_Owner_TextField' is clicked on

2020-09-08 14:32:15 - [MESSAGE][PASSED] - Object: 'Object Repository/V2/PR-369/Edit_Meeting_ToDo/Accountable_Owner_TextField' is clicked on

2020-09-08 14:32:15 - [TEST_STEP][PASSED] - accountableOwner = tt_CustomKeywords.CustomKeywords.CreateDynamicElement(accountableOwner_Obj, accountableOwner, "xpath"): Successfully created new dynamic object: //div[@data-test-id='createTodo']//div[@role='listbox'][@class='visible menu transition']/div[@role='option'][contains(@class,'item')]/span[text()='Admin User']

2020-09-08 14:32:15 - [MESSAGE][PASSED] - Successfully created new dynamic object: //div[@data-test-id='createTodo']//div[@role='listbox'][@class='visible menu transition']/div[@role='option'][contains(@class,'item')]/span[text()='Admin User']

2020-09-08 14:32:15 - [TEST_STEP][PASSED] - click(accountableOwner): Object: '' is clicked on

2020-09-08 14:32:15 - [MESSAGE][PASSED] - Object: '' is clicked on

2020-09-08 14:32:15 - [TEST_STEP][PASSED] - click(findTestObject("V2/PR-369/Edit_Meeting_ToDo/Create_ToDo_Due_Date")): Object: 'Object Repository/V2/PR-369/Edit_Meeting_ToDo/Create_ToDo_Due_Date' is clicked on

2020-09-08 14:32:15 - [MESSAGE][PASSED] - Object: 'Object Repository/V2/PR-369/Edit_Meeting_ToDo/Create_ToDo_Due_Date' is clicked on

2020-09-08 14:32:15 - [TEST_STEP][PASSED] - waitForElementVisible(findTestObject("V2/PR-369/Edit_Meeting_Scorecard/A_Date29"), DefaultTimeout): Object 'Object Repository/V2/PR-369/Edit_Meeting_Scorecard/A_Date29' is visible

2020-09-08 14:32:15 - [MESSAGE][PASSED] - Object 'Object Repository/V2/PR-369/Edit_Meeting_Scorecard/A_Date29' is visible

2020-09-08 14:32:15 - [TEST_STEP][PASSED] - click(findTestObject("V2/PR-369/Edit_Meeting_Scorecard/A_Date29")): Object: 'Object Repository/V2/PR-369/Edit_Meeting_Scorecard/A_Date29' is clicked on

2020-09-08 14:32:15 - [MESSAGE][PASSED] - Object: 'Object Repository/V2/PR-369/Edit_Meeting_Scorecard/A_Date29' is clicked on

2020-09-08 14:32:15 - [TEST_STEP][PASSED] - verifyElementVisible(findTestObject("V2/PR-369/Edit_Meeting_Rocks/Verify_Notes_Section")): Object 'Object Repository/V2/PR-369/Edit_Meeting_Rocks/Verify_Notes_Section' is visible

2020-09-08 14:32:15 - [MESSAGE][PASSED] - Object 'Object Repository/V2/PR-369/Edit_Meeting_Rocks/Verify_Notes_Section' is visible

2020-09-08 14:32:15 - [TEST_STEP][PASSED] - setText(findTestObject("V2/PR-369/Edit_Meeting_Rocks/Notes_Comments"), Notes): Text 'Sample Notes' is set on object 'Object Repository/V2/PR-369/Edit_Meeting_Rocks/Notes_Comments'

2020-09-08 14:32:16 - [MESSAGE][PASSED] - Text 'Sample Notes' is set on object 'Object Repository/V2/PR-369/Edit_Meeting_Rocks/Notes_Comments'

2020-09-08 14:32:16 - [TEST_STEP][PASSED] - click(findTestObject("V2/PR-369/Edit_Meeting_ToDo/Save_Button")): Object: 'Object Repository/V2/PR-369/Edit_Meeting_ToDo/Save_Button' is clicked on

2020-09-08 14:32:16 - [MESSAGE][PASSED] - Object: 'Object Repository/V2/PR-369/Edit_Meeting_ToDo/Save_Button' is clicked on

2020-09-08 14:32:16 - [TEST_STEP][PASSED] - delay(15): Delayed 15 second(s)

2020-09-08 14:32:31 - [MESSAGE][PASSED] - Delayed 15 second(s)

2020-09-08 14:32:31 - [TEST_STEP][PASSED] - verifyToDo = tt_CustomKeywords.CustomKeywords.CreateDynamicElement(verifyToDo_Obj, toDoName, "xpath"): Successfully created new dynamic object: //h2[text()='To-Dos']/ancestor::div[contains(@class,'CardStyles')]//button/div[text()='QA Edit Meeting Automation ToDo Test']

2020-09-08 14:32:31 - [MESSAGE][PASSED] - Successfully created new dynamic object: //h2[text()='To-Dos']/ancestor::div[contains(@class,'CardStyles')]//button/div[text()='QA Edit Meeting Automation ToDo Test']

2020-09-08 14:32:31 - [TEST_STEP][PASSED] - verifyElementPresent(verifyToDo, DefaultTimeout): Object '' is present

2020-09-08 14:32:31 - [MESSAGE][PASSED] - Object '' is present

2020-09-08 14:32:31 - [MESSAGE][PASSED] - Call Test Case 'Test Cases/V2/Test Case/Tests/PR-369 - EditMeetingAgenda/Test Cases/Positive/Admin/PR_369_9_EditMeetingCreateToDo_Admin' successfully

2020-09-08 14:32:31 - [TEST_STEP][PASSED] - changeWebDriver(driver2): null

2020-09-08 14:32:31 - [TEST_STEP][PASSED] - callTestCase(findTestCase("V2/Test Case/Tests/PR-369 - EditMeetingAgenda/Test Cases/Positive/Supervisor/PR_369_9_EditMeetingCreateToDo_Supervisor"), ["userName":"jeff+075@mytractiontools.com", "passWord":"Skyline69A*", "meetingRowPosition":"3", "editMeetingMenu_Obj":"//div[@id='root']/div/div[2]/div/div/div/div[2]/div/div[%s]/div[3]/button/i", ... ], STOP_ON_FAILURE): Call Test Case 'Test Cases/V2/Test Case/Tests/PR-369 - EditMeetingAgenda/Test Cases/Positive/Supervisor/PR_369_9_EditMeetingCreateToDo_Supervisor' successfully

2020-09-08 14:32:31 - [TEST_CASE][PASSED] - Test Cases/V2/Test Case/Tests/PR-369 - EditMeetingAgenda/Test Cases/Positive/Supervisor/PR_369_9_EditMeetingCreateToDo_Supervisor: Test Cases/V2/Test Case/Tests/PR-369 - EditMeetingAgenda/Test Cases/Positive/Supervisor/PR_369_9_EditMeetingCreateToDo_Supervisor

2020-09-08 14:32:31 - [TEST_STEP][PASSED] - waitForElementVisible(findTestObject("V2/Commons/DasboardPage_SidebarMenu/MeetingsMenu"), DefaultTimeout): Object 'Object Repository/V2/Commons/DasboardPage_SidebarMenu/MeetingsMenu' is visible

2020-09-08 14:32:31 - [MESSAGE][PASSED] - Object 'Object Repository/V2/Commons/DasboardPage_SidebarMenu/MeetingsMenu' is visible

2020-09-08 14:32:31 - [TEST_STEP][PASSED] - click(findTestObject("V2/Commons/DasboardPage_SidebarMenu/MeetingsMenu")): Object: 'Object Repository/V2/Commons/DasboardPage_SidebarMenu/MeetingsMenu' is clicked on

2020-09-08 14:32:31 - [MESSAGE][PASSED] - Object: 'Object Repository/V2/Commons/DasboardPage_SidebarMenu/MeetingsMenu' is clicked on

2020-09-08 14:32:31 - [TEST_STEP][PASSED] - meetingOpt_Obj = tt_CustomKeywords.CustomKeywords.CreateDynamicElement(meetingOptions_obj, meetingName, "xpath"): Successfully created new dynamic object: //h4[text()='Meeting Admin']/ancestor::div[contains(@class,'ListContainer')]/div[@class='listcontainer__options']/button

2020-09-08 14:32:31 - [MESSAGE][PASSED] - Successfully created new dynamic object: //h4[text()='Meeting Admin']/ancestor::div[contains(@class,'ListContainer')]/div[@class='listcontainer__options']/button

2020-09-08 14:32:31 - [TEST_STEP][PASSED] - waitForElementVisible(meetingOpt_Obj, DefaultTimeout): Object '' is visible

2020-09-08 14:32:33 - [MESSAGE][PASSED] - Object '' is visible

2020-09-08 14:32:33 - [TEST_STEP][PASSED] - click(meetingOpt_Obj): Object: '' is clicked on

2020-09-08 14:32:33 - [MESSAGE][PASSED] - Object: '' is clicked on

2020-09-08 14:32:33 - [TEST_STEP][PASSED] - click(findTestObject("V2/Commons/MeetingListPage/a_Edit meeting")): Object: 'Object Repository/V2/Commons/MeetingListPage/a_Edit meeting' is clicked on

2020-09-08 14:32:33 - [MESSAGE][PASSED] - Object: 'Object Repository/V2/Commons/MeetingListPage/a_Edit meeting' is clicked on

2020-09-08 14:32:33 - [TEST_STEP][PASSED] - waitForElementVisible(findTestObject("V2/PR-369/Edit_Meeting_ToDo/ToDo_Menu"), DefaultTimeout): Object 'Object Repository/V2/PR-369/Edit_Meeting_ToDo/ToDo_Menu' is visible

2020-09-08 14:32:34 - [MESSAGE][PASSED] - Object 'Object Repository/V2/PR-369/Edit_Meeting_ToDo/ToDo_Menu' is visible

2020-09-08 14:32:34 - [TEST_STEP][PASSED] - click(findTestObject("V2/PR-369/Edit_Meeting_ToDo/ToDo_Menu")): Object: 'Object Repository/V2/PR-369/Edit_Meeting_ToDo/ToDo_Menu' is clicked on

2020-09-08 14:32:34 - [MESSAGE][PASSED] - Object: 'Object Repository/V2/PR-369/Edit_Meeting_ToDo/ToDo_Menu' is clicked on

2020-09-08 14:32:34 - [TEST_STEP][PASSED] - waitForElementVisible(findTestObject("V2/PR-369/Edit_Meeting_ToDo/CreateToDoButton"), DefaultTimeout): Object 'Object Repository/V2/PR-369/Edit_Meeting_ToDo/CreateToDoButton' is visible

2020-09-08 14:32:34 - [MESSAGE][PASSED] - Object 'Object Repository/V2/PR-369/Edit_Meeting_ToDo/CreateToDoButton' is visible

2020-09-08 14:32:34 - [TEST_STEP][PASSED] - click(findTestObject("V2/PR-369/Edit_Meeting_ToDo/CreateToDoButton")): Object: 'Object Repository/V2/PR-369/Edit_Meeting_ToDo/CreateToDoButton' is clicked on

2020-09-08 14:32:34 - [MESSAGE][PASSED] - Object: 'Object Repository/V2/PR-369/Edit_Meeting_ToDo/CreateToDoButton' is clicked on

2020-09-08 14:32:34 - [TEST_STEP][PASSED] - delay(10): Delayed 10 second(s)

2020-09-08 14:32:44 - [MESSAGE][PASSED] - Delayed 10 second(s)

2020-09-08 14:32:44 - [TEST_STEP][PASSED] - waitForElementVisible(findTestObject("V2/PR-369/Edit_Meeting_ToDo/Edit_Todo_TextField"), DefaultTimeout): Object 'Object Repository/V2/PR-369/Edit_Meeting_ToDo/Edit_Todo_TextField' is visible

2020-09-08 14:32:45 - [MESSAGE][PASSED] - Object 'Object Repository/V2/PR-369/Edit_Meeting_ToDo/Edit_Todo_TextField' is visible

2020-09-08 14:32:45 - [TEST_STEP][PASSED] - setText(findTestObject("V2/PR-369/Edit_Meeting_ToDo/Edit_Todo_TextField"), toDoName): Text 'QA Edit Meeting Automation ToDo Test' is set on object 'Object Repository/V2/PR-369/Edit_Meeting_ToDo/Edit_Todo_TextField'

2020-09-08 14:32:46 - [MESSAGE][PASSED] - Text 'QA Edit Meeting Automation ToDo Test' is set on object 'Object Repository/V2/PR-369/Edit_Meeting_ToDo/Edit_Todo_TextField'

2020-09-08 14:32:46 - [TEST_STEP][PASSED] - click(findTestObject("V2/PR-369/Edit_Meeting_ToDo/Accountable_Owner_TextField")): Object: 'Object Repository/V2/PR-369/Edit_Meeting_ToDo/Accountable_Owner_TextField' is clicked on

2020-09-08 14:32:46 - [MESSAGE][PASSED] - Object: 'Object Repository/V2/PR-369/Edit_Meeting_ToDo/Accountable_Owner_TextField' is clicked on

2020-09-08 14:32:46 - [TEST_STEP][PASSED] - accountableOwner = tt_CustomKeywords.CustomKeywords.CreateDynamicElement(accountableOwner_Obj, accountableOwner, "xpath"): Successfully created new dynamic object: //div[@data-test-id='createTodo']//div[@role='listbox'][@class='visible menu transition']/div[@role='option'][contains(@class,'item')]/span[text()='Supervisor User']

2020-09-08 14:32:46 - [MESSAGE][PASSED] - Successfully created new dynamic object: //div[@data-test-id='createTodo']//div[@role='listbox'][@class='visible menu transition']/div[@role='option'][contains(@class,'item')]/span[text()='Supervisor User']

2020-09-08 14:32:46 - [TEST_STEP][PASSED] - click(accountableOwner): Object: '' is clicked on

2020-09-08 14:32:46 - [MESSAGE][PASSED] - Object: '' is clicked on

2020-09-08 14:32:46 - [TEST_STEP][PASSED] - click(findTestObject("V2/PR-369/Edit_Meeting_ToDo/Create_ToDo_Due_Date")): Object: 'Object Repository/V2/PR-369/Edit_Meeting_ToDo/Create_ToDo_Due_Date' is clicked on

2020-09-08 14:32:46 - [MESSAGE][PASSED] - Object: 'Object Repository/V2/PR-369/Edit_Meeting_ToDo/Create_ToDo_Due_Date' is clicked on

2020-09-08 14:32:46 - [TEST_STEP][PASSED] - waitForElementVisible(findTestObject("V2/PR-369/Edit_Meeting_Scorecard/A_Date29"), DefaultTimeout): Object 'Object Repository/V2/PR-369/Edit_Meeting_Scorecard/A_Date29' is visible

2020-09-08 14:32:46 - [MESSAGE][PASSED] - Object 'Object Repository/V2/PR-369/Edit_Meeting_Scorecard/A_Date29' is visible

2020-09-08 14:32:46 - [TEST_STEP][PASSED] - click(findTestObject("V2/PR-369/Edit_Meeting_Scorecard/A_Date29")): Object: 'Object Repository/V2/PR-369/Edit_Meeting_Scorecard/A_Date29' is clicked on

2020-09-08 14:32:46 - [MESSAGE][PASSED] - Object: 'Object Repository/V2/PR-369/Edit_Meeting_Scorecard/A_Date29' is clicked on

2020-09-08 14:32:46 - [TEST_STEP][PASSED] - verifyElementVisible(findTestObject("V2/PR-369/Edit_Meeting_Rocks/Verify_Notes_Section")): Object 'Object Repository/V2/PR-369/Edit_Meeting_Rocks/Verify_Notes_Section' is visible

2020-09-08 14:32:46 - [MESSAGE][PASSED] - Object 'Object Repository/V2/PR-369/Edit_Meeting_Rocks/Verify_Notes_Section' is visible

2020-09-08 14:32:46 - [TEST_STEP][PASSED] - setText(findTestObject("V2/PR-369/Edit_Meeting_Rocks/Notes_Comments"), Notes): Text 'Sample Notes' is set on object 'Object Repository/V2/PR-369/Edit_Meeting_Rocks/Notes_Comments'

2020-09-08 14:32:46 - [MESSAGE][PASSED] - Text 'Sample Notes' is set on object 'Object Repository/V2/PR-369/Edit_Meeting_Rocks/Notes_Comments'

2020-09-08 14:32:46 - [TEST_STEP][PASSED] - delay(5): Delayed 5 second(s)

2020-09-08 14:32:51 - [MESSAGE][PASSED] - Delayed 5 second(s)

2020-09-08 14:32:51 - [TEST_STEP][PASSED] - click(findTestObject("V2/PR-369/Edit_Meeting_ToDo/Save_Button")): Object: 'Object Repository/V2/PR-369/Edit_Meeting_ToDo/Save_Button' is clicked on

2020-09-08 14:32:51 - [MESSAGE][PASSED] - Object: 'Object Repository/V2/PR-369/Edit_Meeting_ToDo/Save_Button' is clicked on

2020-09-08 14:32:51 - [TEST_STEP][PASSED] - delay(15): Delayed 15 second(s)

2020-09-08 14:33:06 - [MESSAGE][PASSED] - Delayed 15 second(s)

2020-09-08 14:33:06 - [TEST_STEP][PASSED] - verifyToDo = tt_CustomKeywords.CustomKeywords.CreateDynamicElement(verifyToDo_Obj, toDoName, "xpath"): Successfully created new dynamic object: //h2[text()='To-Dos']/ancestor::div[contains(@class,'CardStyles')]//button/div[text()='QA Edit Meeting Automation ToDo Test']

2020-09-08 14:33:06 - [MESSAGE][PASSED] - Successfully created new dynamic object: //h2[text()='To-Dos']/ancestor::div[contains(@class,'CardStyles')]//button/div[text()='QA Edit Meeting Automation ToDo Test']

2020-09-08 14:33:06 - [TEST_STEP][PASSED] - verifyElementPresent(verifyToDo, DefaultTimeout): Object '' is present

2020-09-08 14:33:07 - [MESSAGE][PASSED] - Object '' is present

2020-09-08 14:33:07 - [MESSAGE][PASSED] - Call Test Case 'Test Cases/V2/Test Case/Tests/PR-369 - EditMeetingAgenda/Test Cases/Positive/Supervisor/PR_369_9_EditMeetingCreateToDo_Supervisor' successfully

2020-09-08 14:33:07 - [TEST_STEP][PASSED] - changeWebDriver(driver3): null

2020-09-08 14:33:07 - [TEST_STEP][PASSED] - callTestCase(findTestCase("V2/Test Case/Tests/PR-369 - EditMeetingAgenda/Test Cases/Positive/Employee/PR_369_9_EditMeetingCreateToDo_Employee"), ["userName":"jeff+075@mytractiontools.com", "passWord":"Skyline69A*", "meetingRowPosition":"3", "editMeetingMenu_Obj":"//div[@id='root']/div/div[2]/div/div/div/div[2]/div/div[%s]/div[3]/button/i", ... ], STOP_ON_FAILURE): Call Test Case 'Test Cases/V2/Test Case/Tests/PR-369 - EditMeetingAgenda/Test Cases/Positive/Employee/PR_369_9_EditMeetingCreateToDo_Employee' successfully

2020-09-08 14:33:07 - [TEST_CASE][PASSED] - Test Cases/V2/Test Case/Tests/PR-369 - EditMeetingAgenda/Test Cases/Positive/Employee/PR_369_9_EditMeetingCreateToDo_Employee: Test Cases/V2/Test Case/Tests/PR-369 - EditMeetingAgenda/Test Cases/Positive/Employee/PR_369_9_EditMeetingCreateToDo_Employee

2020-09-08 14:33:07 - [TEST_STEP][PASSED] - waitForElementVisible(findTestObject("V2/Commons/DasboardPage_SidebarMenu/MeetingsMenu"), DefaultTimeout): Object 'Object Repository/V2/Commons/DasboardPage_SidebarMenu/MeetingsMenu' is visible

2020-09-08 14:33:07 - [MESSAGE][PASSED] - Object 'Object Repository/V2/Commons/DasboardPage_SidebarMenu/MeetingsMenu' is visible

2020-09-08 14:33:07 - [TEST_STEP][PASSED] - click(findTestObject("V2/Commons/DasboardPage_SidebarMenu/MeetingsMenu")): Object: 'Object Repository/V2/Commons/DasboardPage_SidebarMenu/MeetingsMenu' is clicked on

2020-09-08 14:33:07 - [MESSAGE][PASSED] - Object: 'Object Repository/V2/Commons/DasboardPage_SidebarMenu/MeetingsMenu' is clicked on

2020-09-08 14:33:07 - [TEST_STEP][PASSED] - meetingOpt_Obj = tt_CustomKeywords.CustomKeywords.CreateDynamicElement(meetingOptions_obj, meetingName, "xpath"): Successfully created new dynamic object: //h4[text()='Meeting Admin']/ancestor::div[contains(@class,'ListContainer')]/div[@class='listcontainer__options']/button

2020-09-08 14:33:07 - [MESSAGE][PASSED] - Successfully created new dynamic object: //h4[text()='Meeting Admin']/ancestor::div[contains(@class,'ListContainer')]/div[@class='listcontainer__options']/button

2020-09-08 14:33:07 - [TEST_STEP][PASSED] - waitForElementVisible(meetingOpt_Obj, DefaultTimeout): Object '' is visible

2020-09-08 14:33:08 - [MESSAGE][PASSED] - Object '' is visible

2020-09-08 14:33:08 - [TEST_STEP][PASSED] - click(meetingOpt_Obj): Object: '' is clicked on

2020-09-08 14:33:08 - [MESSAGE][PASSED] - Object: '' is clicked on

2020-09-08 14:33:08 - [TEST_STEP][PASSED] - click(findTestObject("V2/Commons/MeetingListPage/a_Edit meeting")): Object: 'Object Repository/V2/Commons/MeetingListPage/a_Edit meeting' is clicked on

2020-09-08 14:33:08 - [MESSAGE][PASSED] - Object: 'Object Repository/V2/Commons/MeetingListPage/a_Edit meeting' is clicked on

2020-09-08 14:33:08 - [TEST_STEP][PASSED] - waitForElementVisible(findTestObject("V2/PR-369/Edit_Meeting_ToDo/ToDo_Menu"), DefaultTimeout): Object 'Object Repository/V2/PR-369/Edit_Meeting_ToDo/ToDo_Menu' is visible

2020-09-08 14:33:09 - [MESSAGE][PASSED] - Object 'Object Repository/V2/PR-369/Edit_Meeting_ToDo/ToDo_Menu' is visible

2020-09-08 14:33:09 - [TEST_STEP][PASSED] - click(findTestObject("V2/PR-369/Edit_Meeting_ToDo/ToDo_Menu")): Object: 'Object Repository/V2/PR-369/Edit_Meeting_ToDo/ToDo_Menu' is clicked on

2020-09-08 14:33:10 - [MESSAGE][PASSED] - Object: 'Object Repository/V2/PR-369/Edit_Meeting_ToDo/ToDo_Menu' is clicked on

2020-09-08 14:33:10 - [TEST_STEP][PASSED] - waitForElementVisible(findTestObject("V2/PR-369/Edit_Meeting_ToDo/CreateToDoButton"), DefaultTimeout): Object 'Object Repository/V2/PR-369/Edit_Meeting_ToDo/CreateToDoButton' is visible

2020-09-08 14:33:10 - [MESSAGE][PASSED] - Object 'Object Repository/V2/PR-369/Edit_Meeting_ToDo/CreateToDoButton' is visible

2020-09-08 14:33:10 - [TEST_STEP][PASSED] - click(findTestObject("V2/PR-369/Edit_Meeting_ToDo/CreateToDoButton")): Object: 'Object Repository/V2/PR-369/Edit_Meeting_ToDo/CreateToDoButton' is clicked on

2020-09-08 14:33:10 - [MESSAGE][PASSED] - Object: 'Object Repository/V2/PR-369/Edit_Meeting_ToDo/CreateToDoButton' is clicked on

2020-09-08 14:33:10 - [TEST_STEP][PASSED] - delay(10): Delayed 10 second(s)

2020-09-08 14:33:20 - [MESSAGE][PASSED] - Delayed 10 second(s)

2020-09-08 14:33:20 - [TEST_STEP][PASSED] - waitForElementVisible(findTestObject("V2/PR-369/Edit_Meeting_ToDo/Edit_Todo_TextField"), DefaultTimeout): Object 'Object Repository/V2/PR-369/Edit_Meeting_ToDo/Edit_Todo_TextField' is visible

2020-09-08 14:33:20 - [MESSAGE][PASSED] - Object 'Object Repository/V2/PR-369/Edit_Meeting_ToDo/Edit_Todo_TextField' is visible

2020-09-08 14:33:20 - [TEST_STEP][PASSED] - setText(findTestObject("V2/PR-369/Edit_Meeting_ToDo/Edit_Todo_TextField"), toDoName): Text 'QA Edit Meeting Automation ToDo Test' is set on object 'Object Repository/V2/PR-369/Edit_Meeting_ToDo/Edit_Todo_TextField'

2020-09-08 14:33:20 - [MESSAGE][PASSED] - Text 'QA Edit Meeting Automation ToDo Test' is set on object 'Object Repository/V2/PR-369/Edit_Meeting_ToDo/Edit_Todo_TextField'

2020-09-08 14:33:20 - [TEST_STEP][PASSED] - click(findTestObject("V2/PR-369/Edit_Meeting_ToDo/Accountable_Owner_TextField")): Object: 'Object Repository/V2/PR-369/Edit_Meeting_ToDo/Accountable_Owner_TextField' is clicked on

2020-09-08 14:33:20 - [MESSAGE][PASSED] - Object: 'Object Repository/V2/PR-369/Edit_Meeting_ToDo/Accountable_Owner_TextField' is clicked on

2020-09-08 14:33:20 - [TEST_STEP][PASSED] - accountableOwner = tt_CustomKeywords.CustomKeywords.CreateDynamicElement(accountableOwner_Obj, accountableOwner, "xpath"): Successfully created new dynamic object: //div[@data-test-id='createTodo']//div[@role='listbox'][@class='visible menu transition']/div[@role='option'][contains(@class,'item')]/span[text()='Employee User']

2020-09-08 14:33:20 - [MESSAGE][PASSED] - Successfully created new dynamic object: //div[@data-test-id='createTodo']//div[@role='listbox'][@class='visible menu transition']/div[@role='option'][contains(@class,'item')]/span[text()='Employee User']

2020-09-08 14:33:20 - [TEST_STEP][PASSED] - click(accountableOwner): Object: '' is clicked on

2020-09-08 14:33:20 - [MESSAGE][PASSED] - Object: '' is clicked on

2020-09-08 14:33:20 - [TEST_STEP][PASSED] - click(findTestObject("V2/PR-369/Edit_Meeting_ToDo/Create_ToDo_Due_Date")): Object: 'Object Repository/V2/PR-369/Edit_Meeting_ToDo/Create_ToDo_Due_Date' is clicked on

2020-09-08 14:33:20 - [MESSAGE][PASSED] - Object: 'Object Repository/V2/PR-369/Edit_Meeting_ToDo/Create_ToDo_Due_Date' is clicked on

2020-09-08 14:33:20 - [TEST_STEP][PASSED] - waitForElementVisible(findTestObject("V2/PR-369/Edit_Meeting_Scorecard/A_Date29"), DefaultTimeout): Object 'Object Repository/V2/PR-369/Edit_Meeting_Scorecard/A_Date29' is visible

2020-09-08 14:33:20 - [MESSAGE][PASSED] - Object 'Object Repository/V2/PR-369/Edit_Meeting_Scorecard/A_Date29' is visible

2020-09-08 14:33:20 - [TEST_STEP][PASSED] - click(findTestObject("V2/PR-369/Edit_Meeting_Scorecard/A_Date29")): Object: 'Object Repository/V2/PR-369/Edit_Meeting_Scorecard/A_Date29' is clicked on

2020-09-08 14:33:21 - [MESSAGE][PASSED] - Object: 'Object Repository/V2/PR-369/Edit_Meeting_Scorecard/A_Date29' is clicked on

2020-09-08 14:33:21 - [TEST_STEP][PASSED] - verifyElementVisible(findTestObject("V2/PR-369/Edit_Meeting_Rocks/Verify_Notes_Section")): Object 'Object Repository/V2/PR-369/Edit_Meeting_Rocks/Verify_Notes_Section' is visible

2020-09-08 14:33:21 - [MESSAGE][PASSED] - Object 'Object Repository/V2/PR-369/Edit_Meeting_Rocks/Verify_Notes_Section' is visible

2020-09-08 14:33:21 - [TEST_STEP][PASSED] - delay(5): Delayed 5 second(s)

2020-09-08 14:33:26 - [MESSAGE][PASSED] - Delayed 5 second(s)

2020-09-08 14:33:26 - [TEST_STEP][PASSED] - setText(findTestObject("V2/PR-369/Edit_Meeting_Rocks/Notes_Comments"), Notes): Text 'Sample Notes' is set on object 'Object Repository/V2/PR-369/Edit_Meeting_Rocks/Notes_Comments'

2020-09-08 14:33:26 - [MESSAGE][PASSED] - Text 'Sample Notes' is set on object 'Object Repository/V2/PR-369/Edit_Meeting_Rocks/Notes_Comments'

2020-09-08 14:33:26 - [TEST_STEP][PASSED] - click(findTestObject("V2/PR-369/Edit_Meeting_ToDo/Save_Button")): Object: 'Object Repository/V2/PR-369/Edit_Meeting_ToDo/Save_Button' is clicked on

2020-09-08 14:33:26 - [MESSAGE][PASSED] - Object: 'Object Repository/V2/PR-369/Edit_Meeting_ToDo/Save_Button' is clicked on

2020-09-08 14:33:26 - [TEST_STEP][PASSED] - delay(15): Delayed 15 second(s)

2020-09-08 14:33:41 - [MESSAGE][PASSED] - Delayed 15 second(s)

2020-09-08 14:33:41 - [TEST_STEP][PASSED] - verifyToDo = tt_CustomKeywords.CustomKeywords.CreateDynamicElement(verifyToDo_Obj, toDoName, "xpath"): Successfully created new dynamic object: //h2[text()='To-Dos']/ancestor::div[contains(@class,'CardStyles')]//button/div[text()='QA Edit Meeting Automation ToDo Test']

2020-09-08 14:33:41 - [MESSAGE][PASSED] - Successfully created new dynamic object: //h2[text()='To-Dos']/ancestor::div[contains(@class,'CardStyles')]//button/div[text()='QA Edit Meeting Automation ToDo Test']

2020-09-08 14:33:41 - [TEST_STEP][PASSED] - verifyElementPresent(verifyToDo, DefaultTimeout): Object '' is present

2020-09-08 14:33:41 - [MESSAGE][PASSED] - Object '' is present

2020-09-08 14:33:41 - [MESSAGE][PASSED] - Call Test Case 'Test Cases/V2/Test Case/Tests/PR-369 - EditMeetingAgenda/Test Cases/Positive/Employee/PR_369_9_EditMeetingCreateToDo_Employee' successfully

2020-09-08 14:33:41 - [TEST_STEP][PASSED] - delay(10): Delayed 10 second(s)

2020-09-08 14:33:51 - [MESSAGE][PASSED] - Delayed 10 second(s)

2020-09-08 14:33:51 - [TEST_STEP][PASSED] - tt_CustomKeywords.CustomKeywords.CloseWebDriver(driver3): tt_CustomKeywords.CustomKeywords.CloseWebDriver is PASSED

2020-09-08 14:33:56 - [MESSAGE][PASSED] - tt_CustomKeywords.CustomKeywords.CloseWebDriver is PASSED

2020-09-08 14:33:56 - [TEST_STEP][PASSED] - tt_CustomKeywords.CustomKeywords.CloseWebDriver(driver2): tt_CustomKeywords.CustomKeywords.CloseWebDriver is PASSED

2020-09-08 14:34:01 - [MESSAGE][PASSED] - tt_CustomKeywords.CustomKeywords.CloseWebDriver is PASSED

2020-09-08 14:34:01 - [TEST_STEP][PASSED] - tt_CustomKeywords.CustomKeywords.CloseWebDriver(driver1): tt_CustomKeywords.CustomKeywords.CloseWebDriver is PASSED

2020-09-08 14:34:06 - [MESSAGE][PASSED] - tt_CustomKeywords.CustomKeywords.CloseWebDriver is PASSED]]></system-out>
         <system-err><![CDATA[]]></system-err>
      </testcase>
      <system-out><![CDATA[2020-09-08 14:25:48 - [TEST_SUITE][PASSED] - PR-369_TestSuite: Test Cases/V2/Test Case/Tests/PR-369 - EditMeetingAgenda/Test Cases/Positive/TT_369_4_CreateTodo_AllTestCase]]></system-out>
      <system-err><![CDATA[]]></system-err>
   </testsuite>
</testsuites>
