<?xml version="1.0" encoding="UTF-8"?>
<testsuites name="TT-363_TestSuite" time="284.401" tests="1" failures="0" errors="0">
   <testsuite name="TT-363_TestSuite" tests="1" failures="0" errors="0" time="284.401" timestamp="2020-09-07 08:37:16" hostname="Aaron-PC - host.docker.internal" id="Test Suites/V2/Tests/TT-363 - Meeting List/TT-363_TestSuite">
      <properties>
         <property name="deviceName" value=""/>
         <property name="devicePlatform" value=""/>
         <property name="logFolder" value="C:\\Users\\Aaron-PC\\git\\TractionTools\\Reports\\20200907_083715\\V2\\Tests\\TT-363 - Meeting List\\TT-363_TestSuite\\20200907_083715"/>
         <property name="logFiles" value="C:\\Users\\Aaron-PC\\git\\TractionTools\\Reports\\20200907_083715\\V2\\Tests\\TT-363 - Meeting List\\TT-363_TestSuite\\20200907_083715\\execution0.log"/>
         <property name="attachments" value=""/>
         <property name="hostName" value="Aaron-PC - host.docker.internal"/>
         <property name="os" value="Windows 10 64bit"/>
         <property name="katalonVersion" value="7.6.6.205"/>
         <property name="browser" value="Chrome 85.0.4183.83"/>
         <property name="hostAddress" value="192.168.1.48"/>
         <property name="sessionId" value="1d6318a41668218d354ef48e8cb984b3"/>
         <property name="seleniumVersion" value="3.141.59"/>
         <property name="proxyInformation" value="ProxyInformation { proxyOption=NO_PROXY, proxyServerType=HTTP, username=, password=********, proxyServerAddress=, proxyServerPort=0, executionList=&quot;&quot;, isApplyToDesiredCapabilities=true }"/>
         <property name="platform" value="Windows 10"/>
      </properties>
      <testcase name="Test Cases/V2/Test Case/Tests/TT-363 - Meeting List/Positive/TT_363_5_AddRole_AllTestCase" time="283.95" classname="Test Cases/V2/Test Case/Tests/TT-363 - Meeting List/Positive/TT_363_5_AddRole_AllTestCase" status="PASSED">
         <system-out><![CDATA[2020-09-07 08:37:16 - [TEST_CASE][PASSED] - Test Cases/V2/Test Case/Tests/TT-363 - Meeting List/Positive/TT_363_5_AddRole_AllTestCase: Test Cases/V2/Test Case/Tests/TT-363 - Meeting List/Positive/TT_363_5_AddRole_AllTestCase

2020-09-07 08:37:17 - [TEST_STEP][PASSED] - callTestCase(findTestCase("V2/Test Case/Pre-conditions/PRE_RegisterAndActivateTTUsers"), ["admin_fname":admin_fname, "lastname":lastname, "phonenumber":"9999999999", "company":"Traction Tools", "password":password, ... ], STOP_ON_FAILURE): Call Test Case 'Test Cases/V2/Test Case/Pre-conditions/PRE_RegisterAndActivateTTUsers' successfully

2020-09-07 08:37:17 - [TEST_CASE][PASSED] - Test Cases/V2/Test Case/Pre-conditions/PRE_RegisterAndActivateTTUsers: Test Cases/V2/Test Case/Pre-conditions/PRE_RegisterAndActivateTTUsers

2020-09-07 08:37:17 - [TEST_STEP][PASSED] - email = tt_CustomKeywords.CustomKeywords.GenerateRandomEmailAddress(admin_email_prefix, admin_email_domain, randomTextLength): Successfully generated a random email: tractiontools.user001+ta5vb4e5@gmail.com

2020-09-07 08:37:17 - [MESSAGE][PASSED] - Successfully generated a random email: tractiontools.user001+ta5vb4e5@gmail.com

2020-09-07 08:37:17 - [TEST_STEP][PASSED] - supervisor_email = tt_CustomKeywords.CustomKeywords.GenerateRandomEmailAddress(supervisor_email_prefix, supervisor_email_domain, randomTextLength): Successfully generated a random email: tractiontools.user001+ts5pvahr@gmail.com

2020-09-07 08:37:17 - [MESSAGE][PASSED] - Successfully generated a random email: tractiontools.user001+ts5pvahr@gmail.com

2020-09-07 08:37:17 - [TEST_STEP][PASSED] - employee_email = tt_CustomKeywords.CustomKeywords.GenerateRandomEmailAddress(employee_email_prefix, employee_email_domain, randomTextLength): Successfully generated a random email: tractiontools.user001+te5ohutc@gmail.com

2020-09-07 08:37:17 - [MESSAGE][PASSED] - Successfully generated a random email: tractiontools.user001+te5ohutc@gmail.com

2020-09-07 08:37:17 - [TEST_STEP][PASSED] - adminDetails = tt_CustomKeywords.CustomKeywords.RegisterUserViaAPIAndGenerateActivateURL(email, admin_fname, lastname, phonenumber, company, "__JSON__{\"howDidYouHearAboutUs\":\"Facebook\",\"implementer\":\"\",\"existingTractionToolsClient\":\"\",\"other\":\"\"}", "__JSON__{\"timeZone\":\"America/Guatemala\",\"brandColor\":\"#023047\",\"q1Start\":null,\"q1End\":null,\"q2Start\":null,\"q2End\":null,\"q3Start\":null,\"q3End\":null,\"q4Start\":null,\"q4End\":null,\"quarterDatesSetsRocks\":false,\"exportUsers\":false,\"exportRocks\":false,\"exportRocksIncludesMilestones\":false,\"exportScorecards\":false,\"exportTodos\":false,\"exportTodosIncludesNotes\":false,\"exportPeopleHeadlines\":false,\"exportPeopleHeadlinesIncludesNotes\":false,\"exportIssues\":false,\"exportIssuesIncludesNotes\":false,\"exportContextAwareTodos\":false,\"dateFormat\":\"MM/DD/YYYY\",\"timeFormat\":\"h:mma\",\"numberFormat\":\"-1,000.99\",\"supervisorsArchiveRestoreUsers\":false,\"supervisorsEditPositions\":false,\"milestonesAvailableToAll\":false,\"customMeetingTemplatesEnabled\":false,\"receiveTodoReminders\":false,\"todoReminderTime\":\"13:00\",\"todoReminderTimeZone\":\"America/Guatemala\",\"todoReminderFrequency\":\"DAILY\",\"vtoMeetingId\":\"\",\"vtoDisplayMode\":\"ALL\",\"coreValues\":[{\"id\":\"1\",\"text\":\"\"},{\"id\":\"2\",\"text\":\"\"},{\"id\":\"3\",\"text\":\"\"}]}", password, V2Url): SUCCESFFULLY registered a new user via API. 
 Generated Activation Link: 
https://v2dev.traction.tools/activate?activationKey=5cf74850-5814-4e14-952e-bfeee1e39a8d&userId=c2d1c013-2d81-4726-af11-b3339ba07835&orgId=816ca4a3-0241-46f6-a632-444514269d7f&email=tractiontools.user001+ta5vb4e5@gmail.com&teamsId=adcb523e-ce30-4df9-9c9e-c218c6448d3f&meetingsId=3481384d-873a-479c-9506-77ec9874fe19&adminsId=d59c29e7-bb31-4439-ad3d-1482d2b2fc39&usersId=9711da13-0e82-4e70-b748-c8308af43efa&supervisorsId=bb588954-a1a3-4c47-882b-6d18a9682f55&accountabilityChartId=968c2d58-02e8-4cd9-8536-41eb3c6f892c&isCreator=1

2020-09-07 08:37:39 - [MESSAGE][PASSED] - SUCCESFFULLY registered a new user via API. 
 Generated Activation Link: 
https://v2dev.traction.tools/activate?activationKey=5cf74850-5814-4e14-952e-bfeee1e39a8d&userId=c2d1c013-2d81-4726-af11-b3339ba07835&orgId=816ca4a3-0241-46f6-a632-444514269d7f&email=tractiontools.user001+ta5vb4e5@gmail.com&teamsId=adcb523e-ce30-4df9-9c9e-c218c6448d3f&meetingsId=3481384d-873a-479c-9506-77ec9874fe19&adminsId=d59c29e7-bb31-4439-ad3d-1482d2b2fc39&usersId=9711da13-0e82-4e70-b748-c8308af43efa&supervisorsId=bb588954-a1a3-4c47-882b-6d18a9682f55&accountabilityChartId=968c2d58-02e8-4cd9-8536-41eb3c6f892c&isCreator=1

2020-09-07 08:37:39 - [TEST_STEP][PASSED] - activationURL = adminDetails[0]: null

2020-09-07 08:37:39 - [TEST_STEP][PASSED] - orgID = adminDetails[1]: null

2020-09-07 08:37:39 - [TEST_STEP][PASSED] - out.println("URL: " + activationURL): null

2020-09-07 08:37:39 - [TEST_STEP][PASSED] - out.println("orgID: " + orgID): null

2020-09-07 08:37:39 - [TEST_STEP][PASSED] - supervisorUser_name = supervisor_fname + " " + lastname: null

2020-09-07 08:37:39 - [TEST_STEP][PASSED] - openBrowser(""): Browser is opened with url: ''

2020-09-07 08:37:39 - [MESSAGE][INFO] - Starting 'Chrome' driver

2020-09-07 08:37:39 - [MESSAGE][INFO] - Action delay is set to 0 milliseconds

2020-09-07 08:37:43 - [MESSAGE][PASSED] - Browser is opened with url: ''

2020-09-07 08:37:43 - [TEST_STEP][PASSED] - maximizeWindow(): Current window maximized

2020-09-07 08:37:45 - [MESSAGE][PASSED] - Current window maximized

2020-09-07 08:37:45 - [TEST_STEP][PASSED] - callTestCase(findTestCase("V2/Test Case/Pre-conditions/PRE_ActivateNewUser"), ["activationURL":activationURL, "email":email, "password":password], STOP_ON_FAILURE): Call Test Case 'Test Cases/V2/Test Case/Pre-conditions/PRE_ActivateNewUser' successfully

2020-09-07 08:37:45 - [TEST_CASE][PASSED] - Test Cases/V2/Test Case/Pre-conditions/PRE_ActivateNewUser: Test Cases/V2/Test Case/Pre-conditions/PRE_ActivateNewUser

2020-09-07 08:37:45 - [TEST_STEP][PASSED] - navigateToUrl(activationURL): Navigate to 'https://v2dev.traction.tools/activate?activationKey=5cf74850-5814-4e14-952e-bfeee1e39a8d&userId=c2d1c013-2d81-4726-af11-b3339ba07835&orgId=816ca4a3-0241-46f6-a632-444514269d7f&email=tractiontools.user001+ta5vb4e5@gmail.com&teamsId=adcb523e-ce30-4df9-9c9e-c218c6448d3f&meetingsId=3481384d-873a-479c-9506-77ec9874fe19&adminsId=d59c29e7-bb31-4439-ad3d-1482d2b2fc39&usersId=9711da13-0e82-4e70-b748-c8308af43efa&supervisorsId=bb588954-a1a3-4c47-882b-6d18a9682f55&accountabilityChartId=968c2d58-02e8-4cd9-8536-41eb3c6f892c&isCreator=1' successfully

2020-09-07 08:37:47 - [MESSAGE][PASSED] - Navigate to 'https://v2dev.traction.tools/activate?activationKey=5cf74850-5814-4e14-952e-bfeee1e39a8d&userId=c2d1c013-2d81-4726-af11-b3339ba07835&orgId=816ca4a3-0241-46f6-a632-444514269d7f&email=tractiontools.user001+ta5vb4e5@gmail.com&teamsId=adcb523e-ce30-4df9-9c9e-c218c6448d3f&meetingsId=3481384d-873a-479c-9506-77ec9874fe19&adminsId=d59c29e7-bb31-4439-ad3d-1482d2b2fc39&usersId=9711da13-0e82-4e70-b748-c8308af43efa&supervisorsId=bb588954-a1a3-4c47-882b-6d18a9682f55&accountabilityChartId=968c2d58-02e8-4cd9-8536-41eb3c6f892c&isCreator=1' successfully

2020-09-07 08:37:47 - [TEST_STEP][PASSED] - waitForElementVisible(findTestObject("V2/Commons/ActivationPage/input_Email_email"), DefaultTimeout): Object 'Object Repository/V2/Commons/ActivationPage/input_Email_email' is visible

2020-09-07 08:37:55 - [MESSAGE][PASSED] - Object 'Object Repository/V2/Commons/ActivationPage/input_Email_email' is visible

2020-09-07 08:37:55 - [TEST_STEP][PASSED] - actual_email = getAttribute(findTestObject("Object Repository/V2/Commons/ActivationPage/input_Email_email"), "value"): Attribute 'value' of object 'Object Repository/V2/Commons/ActivationPage/input_Email_email' is: 'tractiontools.user001+ta5vb4e5@gmail.com'

2020-09-07 08:37:56 - [MESSAGE][PASSED] - Attribute 'value' of object 'Object Repository/V2/Commons/ActivationPage/input_Email_email' is: 'tractiontools.user001+ta5vb4e5@gmail.com'

2020-09-07 08:37:56 - [TEST_STEP][PASSED] - verifyMatch(actual_email, email, false): Actual text 'tractiontools.user001+ta5vb4e5@gmail.com' and expected text 'tractiontools.user001+ta5vb4e5@gmail.com' are matched 

2020-09-07 08:37:56 - [MESSAGE][PASSED] - Actual text 'tractiontools.user001+ta5vb4e5@gmail.com' and expected text 'tractiontools.user001+ta5vb4e5@gmail.com' are matched 

2020-09-07 08:37:56 - [TEST_STEP][PASSED] - setText(findTestObject("V2/Commons/ActivationPage/input_password"), password): Text 'Qwer123!' is set on object 'Object Repository/V2/Commons/ActivationPage/input_password'

2020-09-07 08:37:56 - [MESSAGE][PASSED] - Text 'Qwer123!' is set on object 'Object Repository/V2/Commons/ActivationPage/input_password'

2020-09-07 08:37:56 - [TEST_STEP][PASSED] - setText(findTestObject("Object Repository/V2/Commons/ActivationPage/input__passwordRepeat"), password): Text 'Qwer123!' is set on object 'Object Repository/V2/Commons/ActivationPage/input__passwordRepeat'

2020-09-07 08:37:57 - [MESSAGE][PASSED] - Text 'Qwer123!' is set on object 'Object Repository/V2/Commons/ActivationPage/input__passwordRepeat'

2020-09-07 08:37:57 - [TEST_STEP][PASSED] - click(findTestObject("V2/Commons/ActivationPage/input_termsandconditions")): Object: 'Object Repository/V2/Commons/ActivationPage/input_termsandconditions' is clicked on

2020-09-07 08:37:57 - [MESSAGE][PASSED] - Object: 'Object Repository/V2/Commons/ActivationPage/input_termsandconditions' is clicked on

2020-09-07 08:37:57 - [TEST_STEP][PASSED] - click(findTestObject("Object Repository/V2/Commons/ActivationPage/div_Create account")): Object: 'Object Repository/V2/Commons/ActivationPage/div_Create account' is clicked on

2020-09-07 08:37:58 - [MESSAGE][PASSED] - Object: 'Object Repository/V2/Commons/ActivationPage/div_Create account' is clicked on

2020-09-07 08:37:58 - [TEST_STEP][PASSED] - waitForElementPresent(findTestObject("V2/Commons/DasboardPage_SidebarMenu/img_Home_logo-big"), DefaultTimeout): Object 'Object Repository/V2/Commons/DasboardPage_SidebarMenu/img_Home_logo-big' is present

2020-09-07 08:38:12 - [MESSAGE][PASSED] - Object 'Object Repository/V2/Commons/DasboardPage_SidebarMenu/img_Home_logo-big' is present

2020-09-07 08:38:12 - [TEST_STEP][PASSED] - verifyElementPresent(findTestObject("V2/Commons/DasboardPage_SidebarMenu/img_Home_logo-big"), 0): Object 'Object Repository/V2/Commons/DasboardPage_SidebarMenu/img_Home_logo-big' is present

2020-09-07 08:38:12 - [MESSAGE][WARNING] - Timeout '0' is invalid. Using default page load timeout: '30'

2020-09-07 08:38:12 - [MESSAGE][PASSED] - Object 'Object Repository/V2/Commons/DasboardPage_SidebarMenu/img_Home_logo-big' is present

2020-09-07 08:38:12 - [MESSAGE][PASSED] - Call Test Case 'Test Cases/V2/Test Case/Pre-conditions/PRE_ActivateNewUser' successfully

2020-09-07 08:38:12 - [TEST_STEP][PASSED] - callTestCase(findTestCase("V2/Test Case/Pre-conditions/PRE_SkipCompanyAndPersonalProfileSetup"), [:], STOP_ON_FAILURE): Call Test Case 'Test Cases/V2/Test Case/Pre-conditions/PRE_SkipCompanyAndPersonalProfileSetup' successfully

2020-09-07 08:38:12 - [TEST_CASE][PASSED] - Test Cases/V2/Test Case/Pre-conditions/PRE_SkipCompanyAndPersonalProfileSetup: Test Cases/V2/Test Case/Pre-conditions/PRE_SkipCompanyAndPersonalProfileSetup

2020-09-07 08:38:12 - [TEST_STEP][PASSED] - waitForElementVisible(findTestObject("V2/Commons/FirstUpdateCompanyAndPersonalInfoModal/confirmCompanyInfoHeader_h1"), DefaultTimeout): Object 'Object Repository/V2/Commons/FirstUpdateCompanyAndPersonalInfoModal/confirmCompanyInfoHeader_h1' is visible

2020-09-07 08:38:13 - [MESSAGE][PASSED] - Object 'Object Repository/V2/Commons/FirstUpdateCompanyAndPersonalInfoModal/confirmCompanyInfoHeader_h1' is visible

2020-09-07 08:38:13 - [TEST_STEP][PASSED] - click(findTestObject("V2/Commons/FirstUpdateCompanyAndPersonalInfoModal/confirmInfoSkip_button")): Object: 'Object Repository/V2/Commons/FirstUpdateCompanyAndPersonalInfoModal/confirmInfoSkip_button' is clicked on

2020-09-07 08:38:13 - [MESSAGE][PASSED] - Object: 'Object Repository/V2/Commons/FirstUpdateCompanyAndPersonalInfoModal/confirmInfoSkip_button' is clicked on

2020-09-07 08:38:13 - [TEST_STEP][PASSED] - waitForElementVisible(findTestObject("V2/Commons/FirstUpdateCompanyAndPersonalInfoModal/confirmPersonalInfoHeader_h1"), DefaultTimeout): Object 'Object Repository/V2/Commons/FirstUpdateCompanyAndPersonalInfoModal/confirmPersonalInfoHeader_h1' is visible

2020-09-07 08:38:14 - [MESSAGE][PASSED] - Object 'Object Repository/V2/Commons/FirstUpdateCompanyAndPersonalInfoModal/confirmPersonalInfoHeader_h1' is visible

2020-09-07 08:38:14 - [TEST_STEP][PASSED] - click(findTestObject("V2/Commons/FirstUpdateCompanyAndPersonalInfoModal/confirmInfoSkip_button")): Object: 'Object Repository/V2/Commons/FirstUpdateCompanyAndPersonalInfoModal/confirmInfoSkip_button' is clicked on

2020-09-07 08:38:14 - [MESSAGE][PASSED] - Object: 'Object Repository/V2/Commons/FirstUpdateCompanyAndPersonalInfoModal/confirmInfoSkip_button' is clicked on

2020-09-07 08:38:14 - [TEST_STEP][PASSED] - waitForElementVisible(findTestObject("V2/Commons/FirstUpdateCompanyAndPersonalInfoModal/letsGetStarted_button"), DefaultTimeout): Object 'Object Repository/V2/Commons/FirstUpdateCompanyAndPersonalInfoModal/letsGetStarted_button' is visible

2020-09-07 08:38:15 - [MESSAGE][PASSED] - Object 'Object Repository/V2/Commons/FirstUpdateCompanyAndPersonalInfoModal/letsGetStarted_button' is visible

2020-09-07 08:38:15 - [TEST_STEP][PASSED] - click(findTestObject("V2/Commons/FirstUpdateCompanyAndPersonalInfoModal/letsGetStarted_button")): Object: 'Object Repository/V2/Commons/FirstUpdateCompanyAndPersonalInfoModal/letsGetStarted_button' is clicked on

2020-09-07 08:38:16 - [MESSAGE][PASSED] - Object: 'Object Repository/V2/Commons/FirstUpdateCompanyAndPersonalInfoModal/letsGetStarted_button' is clicked on

2020-09-07 08:38:16 - [MESSAGE][PASSED] - Call Test Case 'Test Cases/V2/Test Case/Pre-conditions/PRE_SkipCompanyAndPersonalProfileSetup' successfully

2020-09-07 08:38:16 - [TEST_STEP][PASSED] - supervisor_activationURL = tt_CustomKeywords.CustomKeywords.RegisterAndActivateSupervisorUserViaAPI(V2Url, orgID, supervisor_email, password, email, password, supervisor_fname, lastname): SUCCESFFULLY registered a new user via API. 
 Generated Activation Link: 
https://v2dev.traction.tools/activate?activationKey=58e1b482-673c-4788-8e6f-b9ea82757e4e&userId=b6507e69-7587-411d-a76b-7381e033ca05&orgId=816ca4a3-0241-46f6-a632-444514269d7f&email=tractiontools.user001+ts5pvahr@gmail.com&isCreator=0

2020-09-07 08:38:23 - [MESSAGE][PASSED] - SUCCESFFULLY registered a new user via API. 
 Generated Activation Link: 
https://v2dev.traction.tools/activate?activationKey=58e1b482-673c-4788-8e6f-b9ea82757e4e&userId=b6507e69-7587-411d-a76b-7381e033ca05&orgId=816ca4a3-0241-46f6-a632-444514269d7f&email=tractiontools.user001+ts5pvahr@gmail.com&isCreator=0

2020-09-07 08:38:23 - [TEST_STEP][PASSED] - callTestCase(findTestCase("V2/Test Case/Pre-conditions/PRE_ChangeUserPermissionViaManageUser"), ["showMenuItemsPath":"//div[@class='usercard__detail_container']/div[text()='%s']/ancestor::div[contains(@class,'usercard__content')]//button[@aria-label='Show Menu Items']", "user_email":supervisor_email, ... ], STOP_ON_FAILURE): Call Test Case 'Test Cases/V2/Test Case/Pre-conditions/PRE_ChangeUserPermissionViaManageUser' successfully

2020-09-07 08:38:23 - [TEST_CASE][PASSED] - Test Cases/V2/Test Case/Pre-conditions/PRE_ChangeUserPermissionViaManageUser: Test Cases/V2/Test Case/Pre-conditions/PRE_ChangeUserPermissionViaManageUser

2020-09-07 08:38:23 - [TEST_STEP][PASSED] - click(findTestObject("Object Repository/V2/Commons/ManageUsersPage/span_Company Settings")): Object: 'Object Repository/V2/Commons/ManageUsersPage/span_Company Settings' is clicked on

2020-09-07 08:38:23 - [MESSAGE][PASSED] - Object: 'Object Repository/V2/Commons/ManageUsersPage/span_Company Settings' is clicked on

2020-09-07 08:38:23 - [TEST_STEP][PASSED] - click(findTestObject("V2/Commons/DasboardPage_SidebarMenu/a_Manage Users")): Object: 'Object Repository/V2/Commons/DasboardPage_SidebarMenu/a_Manage Users' is clicked on

2020-09-07 08:38:24 - [MESSAGE][PASSED] - Object: 'Object Repository/V2/Commons/DasboardPage_SidebarMenu/a_Manage Users' is clicked on

2020-09-07 08:38:24 - [TEST_STEP][PASSED] - showMenuItemsObj = tt_CustomKeywords.CustomKeywords.CreateDynamicElement(showMenuItemsPath, user_email, "xpath"): Successfully created new dynamic object: //div[@class='usercard__detail_container']/div[text()='tractiontools.user001+ts5pvahr@gmail.com']/ancestor::div[contains(@class,'usercard__content')]//button[@aria-label='Show Menu Items']

2020-09-07 08:38:24 - [MESSAGE][PASSED] - Successfully created new dynamic object: //div[@class='usercard__detail_container']/div[text()='tractiontools.user001+ts5pvahr@gmail.com']/ancestor::div[contains(@class,'usercard__content')]//button[@aria-label='Show Menu Items']

2020-09-07 08:38:24 - [TEST_STEP][PASSED] - click(showMenuItemsObj): Object: '' is clicked on

2020-09-07 08:38:25 - [MESSAGE][PASSED] - Object: '' is clicked on

2020-09-07 08:38:25 - [TEST_STEP][PASSED] - click(findTestObject("Object Repository/V2/Commons/ManageUsersPage/div_Edit user")): Object: 'Object Repository/V2/Commons/ManageUsersPage/div_Edit user' is clicked on

2020-09-07 08:38:26 - [MESSAGE][PASSED] - Object: 'Object Repository/V2/Commons/ManageUsersPage/div_Edit user' is clicked on

2020-09-07 08:38:26 - [TEST_STEP][PASSED] - verifyElementPresent(findTestObject("V2/Commons/ManageUsersPage/div_PositionTitle"), DefaultTimeout): Object 'Object Repository/V2/Commons/ManageUsersPage/div_PositionTitle' is present

2020-09-07 08:38:26 - [MESSAGE][PASSED] - Object 'Object Repository/V2/Commons/ManageUsersPage/div_PositionTitle' is present

2020-09-07 08:38:26 - [TEST_STEP][PASSED] - setText(findTestObject("V2/Commons/ManageUsersPage/position_title_input"), position_title): Text 'QA Manager' is set on object 'Object Repository/V2/Commons/ManageUsersPage/position_title_input'

2020-09-07 08:38:27 - [MESSAGE][PASSED] - Text 'QA Manager' is set on object 'Object Repository/V2/Commons/ManageUsersPage/position_title_input'

2020-09-07 08:38:27 - [TEST_STEP][PASSED] - sendKeys(findTestObject("V2/Commons/ManageUsersPage/position_title_input"), Keys.chord(ENTER)): Keys 'ENTER + ' sent to object: 'Object Repository/V2/Commons/ManageUsersPage/position_title_input'

2020-09-07 08:38:27 - [MESSAGE][PASSED] - Keys 'ENTER + ' sent to object: 'Object Repository/V2/Commons/ManageUsersPage/position_title_input'

2020-09-07 08:38:27 - [TEST_STEP][PASSED] - if (permissionValue == "Employee"): null

2020-09-07 08:38:27 - [TEST_STEP][PASSED] - verifyElementPresent(findTestObject("Object Repository/V2/Commons/ManageUsersPage/div_User type"), DefaultTimeout): Object 'Object Repository/V2/Commons/ManageUsersPage/div_User type' is present

2020-09-07 08:38:28 - [MESSAGE][PASSED] - Object 'Object Repository/V2/Commons/ManageUsersPage/div_User type' is present

2020-09-07 08:38:28 - [TEST_STEP][PASSED] - click(findTestObject("Object Repository/V2/Commons/ManageUsersPage/input__orgRole")): Object: 'Object Repository/V2/Commons/ManageUsersPage/input__orgRole' is clicked on

2020-09-07 08:38:28 - [MESSAGE][PASSED] - Object: 'Object Repository/V2/Commons/ManageUsersPage/input__orgRole' is clicked on

2020-09-07 08:38:28 - [TEST_STEP][PASSED] - roleOptionObj = tt_CustomKeywords.CustomKeywords.CreateDynamicElement(roleOption, permissionValue, "xpath"): Successfully created new dynamic object: //span[text()='Supervisor']/parent::div[@role='option']

2020-09-07 08:38:28 - [MESSAGE][PASSED] - Successfully created new dynamic object: //span[text()='Supervisor']/parent::div[@role='option']

2020-09-07 08:38:28 - [TEST_STEP][PASSED] - click(roleOptionObj): Object: '' is clicked on

2020-09-07 08:38:28 - [MESSAGE][PASSED] - Object: '' is clicked on

2020-09-07 08:38:28 - [TEST_STEP][PASSED] - click(findTestObject("Object Repository/V2/Commons/ManageUsersPage/div_Save")): Object: 'Object Repository/V2/Commons/ManageUsersPage/div_Save' is clicked on

2020-09-07 08:38:29 - [MESSAGE][PASSED] - Object: 'Object Repository/V2/Commons/ManageUsersPage/div_Save' is clicked on

2020-09-07 08:38:29 - [TEST_STEP][PASSED] - waitForElementVisible(findTestObject("V2/Commons/ManageUsersPage/h3_User Saved"), DefaultTimeout): Object 'Object Repository/V2/Commons/ManageUsersPage/h3_User Saved' is visible

2020-09-07 08:38:41 - [MESSAGE][PASSED] - Object 'Object Repository/V2/Commons/ManageUsersPage/h3_User Saved' is visible

2020-09-07 08:38:41 - [TEST_STEP][PASSED] - verifyElementVisible(findTestObject("Object Repository/V2/Commons/ManageUsersPage/h3_User Saved")): Object 'Object Repository/V2/Commons/ManageUsersPage/h3_User Saved' is visible

2020-09-07 08:38:41 - [MESSAGE][PASSED] - Object 'Object Repository/V2/Commons/ManageUsersPage/h3_User Saved' is visible

2020-09-07 08:38:41 - [MESSAGE][PASSED] - Call Test Case 'Test Cases/V2/Test Case/Pre-conditions/PRE_ChangeUserPermissionViaManageUser' successfully

2020-09-07 08:38:41 - [TEST_STEP][PASSED] - employee_activationURL = tt_CustomKeywords.CustomKeywords.RegisterAndActivateSupervisorUserViaAPI(V2Url, orgID, employee_email, password, email, password, employee_fname, lastname): SUCCESFFULLY registered a new user via API. 
 Generated Activation Link: 
https://v2dev.traction.tools/activate?activationKey=7fb7a976-b83e-4f03-91a4-1875412803eb&userId=0e32dc73-07a4-40a4-a6cf-92f60e78928d&orgId=816ca4a3-0241-46f6-a632-444514269d7f&email=tractiontools.user001+te5ohutc@gmail.com&isCreator=0

2020-09-07 08:38:47 - [MESSAGE][PASSED] - SUCCESFFULLY registered a new user via API. 
 Generated Activation Link: 
https://v2dev.traction.tools/activate?activationKey=7fb7a976-b83e-4f03-91a4-1875412803eb&userId=0e32dc73-07a4-40a4-a6cf-92f60e78928d&orgId=816ca4a3-0241-46f6-a632-444514269d7f&email=tractiontools.user001+te5ohutc@gmail.com&isCreator=0

2020-09-07 08:38:47 - [TEST_STEP][PASSED] - callTestCase(findTestCase("V2/Test Case/Pre-conditions/PRE_ChangeUserPermissionViaManageUser"), ["showMenuItemsPath":"//div[@class='usercard__detail_container']/div[text()='%s']/ancestor::div[contains(@class,'usercard__content')]//button[@aria-label='Show Menu Items']", "user_email":employee_email, ... ], STOP_ON_FAILURE): Call Test Case 'Test Cases/V2/Test Case/Pre-conditions/PRE_ChangeUserPermissionViaManageUser' successfully

2020-09-07 08:38:47 - [TEST_CASE][PASSED] - Test Cases/V2/Test Case/Pre-conditions/PRE_ChangeUserPermissionViaManageUser: Test Cases/V2/Test Case/Pre-conditions/PRE_ChangeUserPermissionViaManageUser

2020-09-07 08:38:47 - [TEST_STEP][PASSED] - click(findTestObject("Object Repository/V2/Commons/ManageUsersPage/span_Company Settings")): Object: 'Object Repository/V2/Commons/ManageUsersPage/span_Company Settings' is clicked on

2020-09-07 08:38:48 - [MESSAGE][PASSED] - Object: 'Object Repository/V2/Commons/ManageUsersPage/span_Company Settings' is clicked on

2020-09-07 08:38:48 - [TEST_STEP][PASSED] - click(findTestObject("V2/Commons/DasboardPage_SidebarMenu/a_Manage Users")): Object: 'Object Repository/V2/Commons/DasboardPage_SidebarMenu/a_Manage Users' is clicked on

2020-09-07 08:38:48 - [MESSAGE][PASSED] - Object: 'Object Repository/V2/Commons/DasboardPage_SidebarMenu/a_Manage Users' is clicked on

2020-09-07 08:38:48 - [TEST_STEP][PASSED] - showMenuItemsObj = tt_CustomKeywords.CustomKeywords.CreateDynamicElement(showMenuItemsPath, user_email, "xpath"): Successfully created new dynamic object: //div[@class='usercard__detail_container']/div[text()='tractiontools.user001+te5ohutc@gmail.com']/ancestor::div[contains(@class,'usercard__content')]//button[@aria-label='Show Menu Items']

2020-09-07 08:38:48 - [MESSAGE][PASSED] - Successfully created new dynamic object: //div[@class='usercard__detail_container']/div[text()='tractiontools.user001+te5ohutc@gmail.com']/ancestor::div[contains(@class,'usercard__content')]//button[@aria-label='Show Menu Items']

2020-09-07 08:38:48 - [TEST_STEP][PASSED] - click(showMenuItemsObj): Object: '' is clicked on

2020-09-07 08:38:49 - [MESSAGE][PASSED] - Object: '' is clicked on

2020-09-07 08:38:49 - [TEST_STEP][PASSED] - click(findTestObject("Object Repository/V2/Commons/ManageUsersPage/div_Edit user")): Object: 'Object Repository/V2/Commons/ManageUsersPage/div_Edit user' is clicked on

2020-09-07 08:38:49 - [MESSAGE][PASSED] - Object: 'Object Repository/V2/Commons/ManageUsersPage/div_Edit user' is clicked on

2020-09-07 08:38:49 - [TEST_STEP][PASSED] - verifyElementPresent(findTestObject("V2/Commons/ManageUsersPage/div_PositionTitle"), DefaultTimeout): Object 'Object Repository/V2/Commons/ManageUsersPage/div_PositionTitle' is present

2020-09-07 08:38:49 - [MESSAGE][PASSED] - Object 'Object Repository/V2/Commons/ManageUsersPage/div_PositionTitle' is present

2020-09-07 08:38:49 - [TEST_STEP][PASSED] - setText(findTestObject("V2/Commons/ManageUsersPage/position_title_input"), position_title): Text 'Quality Assurance' is set on object 'Object Repository/V2/Commons/ManageUsersPage/position_title_input'

2020-09-07 08:38:50 - [MESSAGE][PASSED] - Text 'Quality Assurance' is set on object 'Object Repository/V2/Commons/ManageUsersPage/position_title_input'

2020-09-07 08:38:50 - [TEST_STEP][PASSED] - sendKeys(findTestObject("V2/Commons/ManageUsersPage/position_title_input"), Keys.chord(ENTER)): Keys 'ENTER + ' sent to object: 'Object Repository/V2/Commons/ManageUsersPage/position_title_input'

2020-09-07 08:38:50 - [MESSAGE][PASSED] - Keys 'ENTER + ' sent to object: 'Object Repository/V2/Commons/ManageUsersPage/position_title_input'

2020-09-07 08:38:50 - [TEST_STEP][PASSED] - if (permissionValue == "Employee"): Keys 'ENTER + ' sent to object: 'Object Repository/V2/Commons/ManageUsersPage/supervisor_input'

2020-09-07 08:38:50 - [TEST_STEP][PASSED] - verifyElementPresent(findTestObject("V2/Commons/ManageUsersPage/supervisor_input"), DefaultTimeout): Object 'Object Repository/V2/Commons/ManageUsersPage/supervisor_input' is present

2020-09-07 08:38:51 - [MESSAGE][PASSED] - Object 'Object Repository/V2/Commons/ManageUsersPage/supervisor_input' is present

2020-09-07 08:38:51 - [TEST_STEP][PASSED] - setText(findTestObject("V2/Commons/ManageUsersPage/supervisor_input"), user_supervisorName): Text 'Supervisor User' is set on object 'Object Repository/V2/Commons/ManageUsersPage/supervisor_input'

2020-09-07 08:38:51 - [MESSAGE][PASSED] - Text 'Supervisor User' is set on object 'Object Repository/V2/Commons/ManageUsersPage/supervisor_input'

2020-09-07 08:38:51 - [TEST_STEP][PASSED] - sendKeys(findTestObject("V2/Commons/ManageUsersPage/supervisor_input"), Keys.chord(ENTER)): Keys 'ENTER + ' sent to object: 'Object Repository/V2/Commons/ManageUsersPage/supervisor_input'

2020-09-07 08:38:52 - [MESSAGE][PASSED] - Keys 'ENTER + ' sent to object: 'Object Repository/V2/Commons/ManageUsersPage/supervisor_input'

2020-09-07 08:38:52 - [TEST_STEP][PASSED] - verifyElementPresent(findTestObject("Object Repository/V2/Commons/ManageUsersPage/div_User type"), DefaultTimeout): Object 'Object Repository/V2/Commons/ManageUsersPage/div_User type' is present

2020-09-07 08:38:52 - [MESSAGE][PASSED] - Object 'Object Repository/V2/Commons/ManageUsersPage/div_User type' is present

2020-09-07 08:38:52 - [TEST_STEP][PASSED] - click(findTestObject("Object Repository/V2/Commons/ManageUsersPage/input__orgRole")): Object: 'Object Repository/V2/Commons/ManageUsersPage/input__orgRole' is clicked on

2020-09-07 08:38:53 - [MESSAGE][PASSED] - Object: 'Object Repository/V2/Commons/ManageUsersPage/input__orgRole' is clicked on

2020-09-07 08:38:53 - [TEST_STEP][PASSED] - roleOptionObj = tt_CustomKeywords.CustomKeywords.CreateDynamicElement(roleOption, permissionValue, "xpath"): Successfully created new dynamic object: //span[text()='Employee']/parent::div[@role='option']

2020-09-07 08:38:53 - [MESSAGE][PASSED] - Successfully created new dynamic object: //span[text()='Employee']/parent::div[@role='option']

2020-09-07 08:38:53 - [TEST_STEP][PASSED] - click(roleOptionObj): Object: '' is clicked on

2020-09-07 08:38:53 - [MESSAGE][PASSED] - Object: '' is clicked on

2020-09-07 08:38:53 - [TEST_STEP][PASSED] - click(findTestObject("Object Repository/V2/Commons/ManageUsersPage/div_Save")): Object: 'Object Repository/V2/Commons/ManageUsersPage/div_Save' is clicked on

2020-09-07 08:38:54 - [MESSAGE][PASSED] - Object: 'Object Repository/V2/Commons/ManageUsersPage/div_Save' is clicked on

2020-09-07 08:38:54 - [TEST_STEP][PASSED] - waitForElementVisible(findTestObject("V2/Commons/ManageUsersPage/h3_User Saved"), DefaultTimeout): Object 'Object Repository/V2/Commons/ManageUsersPage/h3_User Saved' is visible

2020-09-07 08:39:06 - [MESSAGE][PASSED] - Object 'Object Repository/V2/Commons/ManageUsersPage/h3_User Saved' is visible

2020-09-07 08:39:06 - [TEST_STEP][PASSED] - verifyElementVisible(findTestObject("Object Repository/V2/Commons/ManageUsersPage/h3_User Saved")): Object 'Object Repository/V2/Commons/ManageUsersPage/h3_User Saved' is visible

2020-09-07 08:39:06 - [MESSAGE][PASSED] - Object 'Object Repository/V2/Commons/ManageUsersPage/h3_User Saved' is visible

2020-09-07 08:39:06 - [MESSAGE][PASSED] - Call Test Case 'Test Cases/V2/Test Case/Pre-conditions/PRE_ChangeUserPermissionViaManageUser' successfully

2020-09-07 08:39:06 - [TEST_STEP][PASSED] - callTestCase(findTestCase("V2/Test Case/Pre-conditions/PRE_ActivateNewUser"), ["activationURL":supervisor_activationURL, "email":supervisor_email, "password":password], STOP_ON_FAILURE): Call Test Case 'Test Cases/V2/Test Case/Pre-conditions/PRE_ActivateNewUser' successfully

2020-09-07 08:39:06 - [TEST_CASE][PASSED] - Test Cases/V2/Test Case/Pre-conditions/PRE_ActivateNewUser: Test Cases/V2/Test Case/Pre-conditions/PRE_ActivateNewUser

2020-09-07 08:39:06 - [TEST_STEP][PASSED] - navigateToUrl(activationURL): Navigate to 'https://v2dev.traction.tools/activate?activationKey=58e1b482-673c-4788-8e6f-b9ea82757e4e&userId=b6507e69-7587-411d-a76b-7381e033ca05&orgId=816ca4a3-0241-46f6-a632-444514269d7f&email=tractiontools.user001+ts5pvahr@gmail.com&isCreator=0' successfully

2020-09-07 08:39:08 - [MESSAGE][PASSED] - Navigate to 'https://v2dev.traction.tools/activate?activationKey=58e1b482-673c-4788-8e6f-b9ea82757e4e&userId=b6507e69-7587-411d-a76b-7381e033ca05&orgId=816ca4a3-0241-46f6-a632-444514269d7f&email=tractiontools.user001+ts5pvahr@gmail.com&isCreator=0' successfully

2020-09-07 08:39:08 - [TEST_STEP][PASSED] - waitForElementVisible(findTestObject("V2/Commons/ActivationPage/input_Email_email"), DefaultTimeout): Object 'Object Repository/V2/Commons/ActivationPage/input_Email_email' is visible

2020-09-07 08:39:08 - [MESSAGE][PASSED] - Object 'Object Repository/V2/Commons/ActivationPage/input_Email_email' is visible

2020-09-07 08:39:08 - [TEST_STEP][PASSED] - actual_email = getAttribute(findTestObject("Object Repository/V2/Commons/ActivationPage/input_Email_email"), "value"): Attribute 'value' of object 'Object Repository/V2/Commons/ActivationPage/input_Email_email' is: 'tractiontools.user001+ts5pvahr@gmail.com'

2020-09-07 08:39:09 - [MESSAGE][PASSED] - Attribute 'value' of object 'Object Repository/V2/Commons/ActivationPage/input_Email_email' is: 'tractiontools.user001+ts5pvahr@gmail.com'

2020-09-07 08:39:09 - [TEST_STEP][PASSED] - verifyMatch(actual_email, email, false): Actual text 'tractiontools.user001+ts5pvahr@gmail.com' and expected text 'tractiontools.user001+ts5pvahr@gmail.com' are matched 

2020-09-07 08:39:09 - [MESSAGE][PASSED] - Actual text 'tractiontools.user001+ts5pvahr@gmail.com' and expected text 'tractiontools.user001+ts5pvahr@gmail.com' are matched 

2020-09-07 08:39:09 - [TEST_STEP][PASSED] - setText(findTestObject("V2/Commons/ActivationPage/input_password"), password): Text 'Qwer123!' is set on object 'Object Repository/V2/Commons/ActivationPage/input_password'

2020-09-07 08:39:10 - [MESSAGE][PASSED] - Text 'Qwer123!' is set on object 'Object Repository/V2/Commons/ActivationPage/input_password'

2020-09-07 08:39:10 - [TEST_STEP][PASSED] - setText(findTestObject("Object Repository/V2/Commons/ActivationPage/input__passwordRepeat"), password): Text 'Qwer123!' is set on object 'Object Repository/V2/Commons/ActivationPage/input__passwordRepeat'

2020-09-07 08:39:10 - [MESSAGE][PASSED] - Text 'Qwer123!' is set on object 'Object Repository/V2/Commons/ActivationPage/input__passwordRepeat'

2020-09-07 08:39:10 - [TEST_STEP][PASSED] - click(findTestObject("V2/Commons/ActivationPage/input_termsandconditions")): Object: 'Object Repository/V2/Commons/ActivationPage/input_termsandconditions' is clicked on

2020-09-07 08:39:11 - [MESSAGE][PASSED] - Object: 'Object Repository/V2/Commons/ActivationPage/input_termsandconditions' is clicked on

2020-09-07 08:39:11 - [TEST_STEP][PASSED] - click(findTestObject("Object Repository/V2/Commons/ActivationPage/div_Create account")): Object: 'Object Repository/V2/Commons/ActivationPage/div_Create account' is clicked on

2020-09-07 08:39:11 - [MESSAGE][PASSED] - Object: 'Object Repository/V2/Commons/ActivationPage/div_Create account' is clicked on

2020-09-07 08:39:11 - [TEST_STEP][PASSED] - waitForElementPresent(findTestObject("V2/Commons/DasboardPage_SidebarMenu/img_Home_logo-big"), DefaultTimeout): Object 'Object Repository/V2/Commons/DasboardPage_SidebarMenu/img_Home_logo-big' is present

2020-09-07 08:39:16 - [MESSAGE][PASSED] - Object 'Object Repository/V2/Commons/DasboardPage_SidebarMenu/img_Home_logo-big' is present

2020-09-07 08:39:16 - [TEST_STEP][PASSED] - verifyElementPresent(findTestObject("V2/Commons/DasboardPage_SidebarMenu/img_Home_logo-big"), 0): Object 'Object Repository/V2/Commons/DasboardPage_SidebarMenu/img_Home_logo-big' is present

2020-09-07 08:39:16 - [MESSAGE][WARNING] - Timeout '0' is invalid. Using default page load timeout: '30'

2020-09-07 08:39:17 - [MESSAGE][PASSED] - Object 'Object Repository/V2/Commons/DasboardPage_SidebarMenu/img_Home_logo-big' is present

2020-09-07 08:39:17 - [MESSAGE][PASSED] - Call Test Case 'Test Cases/V2/Test Case/Pre-conditions/PRE_ActivateNewUser' successfully

2020-09-07 08:39:17 - [TEST_STEP][PASSED] - callTestCase(findTestCase("V2/Test Case/Pre-conditions/PRE_SkipPersonalProfileSetup"), [:], STOP_ON_FAILURE): Call Test Case 'Test Cases/V2/Test Case/Pre-conditions/PRE_SkipPersonalProfileSetup' successfully

2020-09-07 08:39:17 - [TEST_CASE][PASSED] - Test Cases/V2/Test Case/Pre-conditions/PRE_SkipPersonalProfileSetup: Test Cases/V2/Test Case/Pre-conditions/PRE_SkipPersonalProfileSetup

2020-09-07 08:39:17 - [TEST_STEP][PASSED] - waitForElementVisible(findTestObject("V2/Commons/FirstUpdateCompanyAndPersonalInfoModal/confirmPersonalInfoHeader_h1"), DefaultTimeout): Object 'Object Repository/V2/Commons/FirstUpdateCompanyAndPersonalInfoModal/confirmPersonalInfoHeader_h1' is visible

2020-09-07 08:39:17 - [MESSAGE][PASSED] - Object 'Object Repository/V2/Commons/FirstUpdateCompanyAndPersonalInfoModal/confirmPersonalInfoHeader_h1' is visible

2020-09-07 08:39:17 - [TEST_STEP][PASSED] - click(findTestObject("V2/Commons/FirstUpdateCompanyAndPersonalInfoModal/confirmInfoSkip_button")): Object: 'Object Repository/V2/Commons/FirstUpdateCompanyAndPersonalInfoModal/confirmInfoSkip_button' is clicked on

2020-09-07 08:39:18 - [MESSAGE][PASSED] - Object: 'Object Repository/V2/Commons/FirstUpdateCompanyAndPersonalInfoModal/confirmInfoSkip_button' is clicked on

2020-09-07 08:39:18 - [TEST_STEP][PASSED] - waitForElementVisible(findTestObject("V2/Commons/FirstUpdateCompanyAndPersonalInfoModal/letsGetStarted_button"), DefaultTimeout): Object 'Object Repository/V2/Commons/FirstUpdateCompanyAndPersonalInfoModal/letsGetStarted_button' is visible

2020-09-07 08:39:19 - [MESSAGE][PASSED] - Object 'Object Repository/V2/Commons/FirstUpdateCompanyAndPersonalInfoModal/letsGetStarted_button' is visible

2020-09-07 08:39:19 - [TEST_STEP][PASSED] - click(findTestObject("V2/Commons/FirstUpdateCompanyAndPersonalInfoModal/letsGetStarted_button")): Object: 'Object Repository/V2/Commons/FirstUpdateCompanyAndPersonalInfoModal/letsGetStarted_button' is clicked on

2020-09-07 08:39:19 - [MESSAGE][PASSED] - Object: 'Object Repository/V2/Commons/FirstUpdateCompanyAndPersonalInfoModal/letsGetStarted_button' is clicked on

2020-09-07 08:39:19 - [MESSAGE][PASSED] - Call Test Case 'Test Cases/V2/Test Case/Pre-conditions/PRE_SkipPersonalProfileSetup' successfully

2020-09-07 08:39:19 - [TEST_STEP][PASSED] - callTestCase(findTestCase("V2/Test Case/Pre-conditions/PRE_ActivateNewUser"), ["activationURL":employee_activationURL, "email":employee_email, "password":password], STOP_ON_FAILURE): Call Test Case 'Test Cases/V2/Test Case/Pre-conditions/PRE_ActivateNewUser' successfully

2020-09-07 08:39:19 - [TEST_CASE][PASSED] - Test Cases/V2/Test Case/Pre-conditions/PRE_ActivateNewUser: Test Cases/V2/Test Case/Pre-conditions/PRE_ActivateNewUser

2020-09-07 08:39:19 - [TEST_STEP][PASSED] - navigateToUrl(activationURL): Navigate to 'https://v2dev.traction.tools/activate?activationKey=7fb7a976-b83e-4f03-91a4-1875412803eb&userId=0e32dc73-07a4-40a4-a6cf-92f60e78928d&orgId=816ca4a3-0241-46f6-a632-444514269d7f&email=tractiontools.user001+te5ohutc@gmail.com&isCreator=0' successfully

2020-09-07 08:39:21 - [MESSAGE][PASSED] - Navigate to 'https://v2dev.traction.tools/activate?activationKey=7fb7a976-b83e-4f03-91a4-1875412803eb&userId=0e32dc73-07a4-40a4-a6cf-92f60e78928d&orgId=816ca4a3-0241-46f6-a632-444514269d7f&email=tractiontools.user001+te5ohutc@gmail.com&isCreator=0' successfully

2020-09-07 08:39:21 - [TEST_STEP][PASSED] - waitForElementVisible(findTestObject("V2/Commons/ActivationPage/input_Email_email"), DefaultTimeout): Object 'Object Repository/V2/Commons/ActivationPage/input_Email_email' is visible

2020-09-07 08:39:22 - [MESSAGE][PASSED] - Object 'Object Repository/V2/Commons/ActivationPage/input_Email_email' is visible

2020-09-07 08:39:22 - [TEST_STEP][PASSED] - actual_email = getAttribute(findTestObject("Object Repository/V2/Commons/ActivationPage/input_Email_email"), "value"): Attribute 'value' of object 'Object Repository/V2/Commons/ActivationPage/input_Email_email' is: 'tractiontools.user001+te5ohutc@gmail.com'

2020-09-07 08:39:23 - [MESSAGE][PASSED] - Attribute 'value' of object 'Object Repository/V2/Commons/ActivationPage/input_Email_email' is: 'tractiontools.user001+te5ohutc@gmail.com'

2020-09-07 08:39:23 - [TEST_STEP][PASSED] - verifyMatch(actual_email, email, false): Actual text 'tractiontools.user001+te5ohutc@gmail.com' and expected text 'tractiontools.user001+te5ohutc@gmail.com' are matched 

2020-09-07 08:39:23 - [MESSAGE][PASSED] - Actual text 'tractiontools.user001+te5ohutc@gmail.com' and expected text 'tractiontools.user001+te5ohutc@gmail.com' are matched 

2020-09-07 08:39:23 - [TEST_STEP][PASSED] - setText(findTestObject("V2/Commons/ActivationPage/input_password"), password): Text 'Qwer123!' is set on object 'Object Repository/V2/Commons/ActivationPage/input_password'

2020-09-07 08:39:23 - [MESSAGE][PASSED] - Text 'Qwer123!' is set on object 'Object Repository/V2/Commons/ActivationPage/input_password'

2020-09-07 08:39:23 - [TEST_STEP][PASSED] - setText(findTestObject("Object Repository/V2/Commons/ActivationPage/input__passwordRepeat"), password): Text 'Qwer123!' is set on object 'Object Repository/V2/Commons/ActivationPage/input__passwordRepeat'

2020-09-07 08:39:24 - [MESSAGE][PASSED] - Text 'Qwer123!' is set on object 'Object Repository/V2/Commons/ActivationPage/input__passwordRepeat'

2020-09-07 08:39:24 - [TEST_STEP][PASSED] - click(findTestObject("V2/Commons/ActivationPage/input_termsandconditions")): Object: 'Object Repository/V2/Commons/ActivationPage/input_termsandconditions' is clicked on

2020-09-07 08:39:25 - [MESSAGE][PASSED] - Object: 'Object Repository/V2/Commons/ActivationPage/input_termsandconditions' is clicked on

2020-09-07 08:39:25 - [TEST_STEP][PASSED] - click(findTestObject("Object Repository/V2/Commons/ActivationPage/div_Create account")): Object: 'Object Repository/V2/Commons/ActivationPage/div_Create account' is clicked on

2020-09-07 08:39:25 - [MESSAGE][PASSED] - Object: 'Object Repository/V2/Commons/ActivationPage/div_Create account' is clicked on

2020-09-07 08:39:25 - [TEST_STEP][PASSED] - waitForElementPresent(findTestObject("V2/Commons/DasboardPage_SidebarMenu/img_Home_logo-big"), DefaultTimeout): Object 'Object Repository/V2/Commons/DasboardPage_SidebarMenu/img_Home_logo-big' is present

2020-09-07 08:39:30 - [MESSAGE][PASSED] - Object 'Object Repository/V2/Commons/DasboardPage_SidebarMenu/img_Home_logo-big' is present

2020-09-07 08:39:30 - [TEST_STEP][PASSED] - verifyElementPresent(findTestObject("V2/Commons/DasboardPage_SidebarMenu/img_Home_logo-big"), 0): Object 'Object Repository/V2/Commons/DasboardPage_SidebarMenu/img_Home_logo-big' is present

2020-09-07 08:39:30 - [MESSAGE][WARNING] - Timeout '0' is invalid. Using default page load timeout: '30'

2020-09-07 08:39:31 - [MESSAGE][PASSED] - Object 'Object Repository/V2/Commons/DasboardPage_SidebarMenu/img_Home_logo-big' is present

2020-09-07 08:39:31 - [MESSAGE][PASSED] - Call Test Case 'Test Cases/V2/Test Case/Pre-conditions/PRE_ActivateNewUser' successfully

2020-09-07 08:39:31 - [TEST_STEP][PASSED] - callTestCase(findTestCase("V2/Test Case/Pre-conditions/PRE_SkipPersonalProfileSetup"), [:], STOP_ON_FAILURE): Call Test Case 'Test Cases/V2/Test Case/Pre-conditions/PRE_SkipPersonalProfileSetup' successfully

2020-09-07 08:39:31 - [TEST_CASE][PASSED] - Test Cases/V2/Test Case/Pre-conditions/PRE_SkipPersonalProfileSetup: Test Cases/V2/Test Case/Pre-conditions/PRE_SkipPersonalProfileSetup

2020-09-07 08:39:31 - [TEST_STEP][PASSED] - waitForElementVisible(findTestObject("V2/Commons/FirstUpdateCompanyAndPersonalInfoModal/confirmPersonalInfoHeader_h1"), DefaultTimeout): Object 'Object Repository/V2/Commons/FirstUpdateCompanyAndPersonalInfoModal/confirmPersonalInfoHeader_h1' is visible

2020-09-07 08:39:31 - [MESSAGE][PASSED] - Object 'Object Repository/V2/Commons/FirstUpdateCompanyAndPersonalInfoModal/confirmPersonalInfoHeader_h1' is visible

2020-09-07 08:39:31 - [TEST_STEP][PASSED] - click(findTestObject("V2/Commons/FirstUpdateCompanyAndPersonalInfoModal/confirmInfoSkip_button")): Object: 'Object Repository/V2/Commons/FirstUpdateCompanyAndPersonalInfoModal/confirmInfoSkip_button' is clicked on

2020-09-07 08:39:32 - [MESSAGE][PASSED] - Object: 'Object Repository/V2/Commons/FirstUpdateCompanyAndPersonalInfoModal/confirmInfoSkip_button' is clicked on

2020-09-07 08:39:32 - [TEST_STEP][PASSED] - waitForElementVisible(findTestObject("V2/Commons/FirstUpdateCompanyAndPersonalInfoModal/letsGetStarted_button"), DefaultTimeout): Object 'Object Repository/V2/Commons/FirstUpdateCompanyAndPersonalInfoModal/letsGetStarted_button' is visible

2020-09-07 08:39:33 - [MESSAGE][PASSED] - Object 'Object Repository/V2/Commons/FirstUpdateCompanyAndPersonalInfoModal/letsGetStarted_button' is visible

2020-09-07 08:39:33 - [TEST_STEP][PASSED] - click(findTestObject("V2/Commons/FirstUpdateCompanyAndPersonalInfoModal/letsGetStarted_button")): Object: 'Object Repository/V2/Commons/FirstUpdateCompanyAndPersonalInfoModal/letsGetStarted_button' is clicked on

2020-09-07 08:39:33 - [MESSAGE][PASSED] - Object: 'Object Repository/V2/Commons/FirstUpdateCompanyAndPersonalInfoModal/letsGetStarted_button' is clicked on

2020-09-07 08:39:33 - [MESSAGE][PASSED] - Call Test Case 'Test Cases/V2/Test Case/Pre-conditions/PRE_SkipPersonalProfileSetup' successfully

2020-09-07 08:39:33 - [MESSAGE][PASSED] - Call Test Case 'Test Cases/V2/Test Case/Pre-conditions/PRE_RegisterAndActivateTTUsers' successfully

2020-09-07 08:39:33 - [TEST_STEP][PASSED] - closeBrowser(): Browser is closed

2020-09-07 08:39:34 - [MESSAGE][PASSED] - Browser is closed

2020-09-07 08:39:34 - [TEST_STEP][PASSED] - path = System.getProperty("user.dir"): null

2020-09-07 08:39:34 - [TEST_STEP][PASSED] - System.setProperty("webdriver.chrome.driver", "C:\Users\Aaron-PC\Documents\Traction Tools\Katalon\Katalon_Studio_Windows_64-7.6.2\Katalon_Studio_Windows_64-7.6.2\configuration\resources\drivers\chromedriver_win32\chromedriver.exe"): null

2020-09-07 08:39:34 - [TEST_STEP][PASSED] - driver1 = new org.openqa.selenium.chrome.ChromeDriver(): null

2020-09-07 08:39:37 - [TEST_STEP][PASSED] - changeWebDriver(driver1): null

2020-09-07 08:39:37 - [TEST_STEP][PASSED] - maximizeWindow(): Current window maximized

2020-09-07 08:39:39 - [MESSAGE][PASSED] - Current window maximized

2020-09-07 08:39:39 - [TEST_STEP][PASSED] - navigateToUrl(V2Url): Navigate to 'https://v2dev.traction.tools' successfully

2020-09-07 08:39:40 - [MESSAGE][PASSED] - Navigate to 'https://v2dev.traction.tools' successfully

2020-09-07 08:39:40 - [TEST_STEP][PASSED] - callTestCase(findTestCase("V2/Test Case/Pre-conditions/PRE_LoginToTractionToolsApplication"), ["username":email, "password":password], STOP_ON_FAILURE): Call Test Case 'Test Cases/V2/Test Case/Pre-conditions/PRE_LoginToTractionToolsApplication' successfully

2020-09-07 08:39:40 - [TEST_CASE][PASSED] - Test Cases/V2/Test Case/Pre-conditions/PRE_LoginToTractionToolsApplication: Test Cases/V2/Test Case/Pre-conditions/PRE_LoginToTractionToolsApplication

2020-09-07 08:39:41 - [TEST_STEP][PASSED] - setText(findTestObject("V2/Commons/LoginPage/input__username"), username): Text 'tractiontools.user001+ta5vb4e5@gmail.com' is set on object 'Object Repository/V2/Commons/LoginPage/input__username'

2020-09-07 08:39:48 - [MESSAGE][PASSED] - Text 'tractiontools.user001+ta5vb4e5@gmail.com' is set on object 'Object Repository/V2/Commons/LoginPage/input__username'

2020-09-07 08:39:48 - [TEST_STEP][PASSED] - setText(findTestObject("V2/Commons/LoginPage/input__password"), password): Text 'Qwer123!' is set on object 'Object Repository/V2/Commons/LoginPage/input__password'

2020-09-07 08:39:48 - [MESSAGE][PASSED] - Text 'Qwer123!' is set on object 'Object Repository/V2/Commons/LoginPage/input__password'

2020-09-07 08:39:48 - [TEST_STEP][PASSED] - click(findTestObject("V2/Commons/LoginPage/div_Login")): Object: 'Object Repository/V2/Commons/LoginPage/div_Login' is clicked on

2020-09-07 08:39:48 - [MESSAGE][PASSED] - Object: 'Object Repository/V2/Commons/LoginPage/div_Login' is clicked on

2020-09-07 08:39:48 - [TEST_STEP][PASSED] - waitForElementVisible(findTestObject("V2/Commons/DasboardPage_SidebarMenu/img_Home_logo-big"), DefaultTimeout): Object 'Object Repository/V2/Commons/DasboardPage_SidebarMenu/img_Home_logo-big' is visible

2020-09-07 08:39:53 - [MESSAGE][PASSED] - Object 'Object Repository/V2/Commons/DasboardPage_SidebarMenu/img_Home_logo-big' is visible

2020-09-07 08:39:53 - [TEST_STEP][PASSED] - verifyElementVisible(findTestObject("V2/Commons/DasboardPage_SidebarMenu/img_Home_logo-big"), STOP_ON_FAILURE): Object 'Object Repository/V2/Commons/DasboardPage_SidebarMenu/img_Home_logo-big' is visible

2020-09-07 08:39:53 - [MESSAGE][PASSED] - Object 'Object Repository/V2/Commons/DasboardPage_SidebarMenu/img_Home_logo-big' is visible

2020-09-07 08:39:53 - [MESSAGE][PASSED] - Call Test Case 'Test Cases/V2/Test Case/Pre-conditions/PRE_LoginToTractionToolsApplication' successfully

2020-09-07 08:39:53 - [TEST_STEP][PASSED] - driver2 = new org.openqa.selenium.chrome.ChromeDriver(): null

2020-09-07 08:39:56 - [TEST_STEP][PASSED] - changeWebDriver(driver2): null

2020-09-07 08:39:56 - [TEST_STEP][PASSED] - maximizeWindow(): Current window maximized

2020-09-07 08:39:58 - [MESSAGE][PASSED] - Current window maximized

2020-09-07 08:39:58 - [TEST_STEP][PASSED] - navigateToUrl(V2Url): Navigate to 'https://v2dev.traction.tools' successfully

2020-09-07 08:39:59 - [MESSAGE][PASSED] - Navigate to 'https://v2dev.traction.tools' successfully

2020-09-07 08:39:59 - [TEST_STEP][PASSED] - callTestCase(findTestCase("V2/Test Case/Pre-conditions/PRE_LoginToTractionToolsApplication"), ["username":supervisor_email, "password":password], STOP_ON_FAILURE): Call Test Case 'Test Cases/V2/Test Case/Pre-conditions/PRE_LoginToTractionToolsApplication' successfully

2020-09-07 08:40:00 - [TEST_CASE][PASSED] - Test Cases/V2/Test Case/Pre-conditions/PRE_LoginToTractionToolsApplication: Test Cases/V2/Test Case/Pre-conditions/PRE_LoginToTractionToolsApplication

2020-09-07 08:40:00 - [TEST_STEP][PASSED] - setText(findTestObject("V2/Commons/LoginPage/input__username"), username): Text 'tractiontools.user001+ts5pvahr@gmail.com' is set on object 'Object Repository/V2/Commons/LoginPage/input__username'

2020-09-07 08:40:07 - [MESSAGE][PASSED] - Text 'tractiontools.user001+ts5pvahr@gmail.com' is set on object 'Object Repository/V2/Commons/LoginPage/input__username'

2020-09-07 08:40:07 - [TEST_STEP][PASSED] - setText(findTestObject("V2/Commons/LoginPage/input__password"), password): Text 'Qwer123!' is set on object 'Object Repository/V2/Commons/LoginPage/input__password'

2020-09-07 08:40:07 - [MESSAGE][PASSED] - Text 'Qwer123!' is set on object 'Object Repository/V2/Commons/LoginPage/input__password'

2020-09-07 08:40:07 - [TEST_STEP][PASSED] - click(findTestObject("V2/Commons/LoginPage/div_Login")): Object: 'Object Repository/V2/Commons/LoginPage/div_Login' is clicked on

2020-09-07 08:40:07 - [MESSAGE][PASSED] - Object: 'Object Repository/V2/Commons/LoginPage/div_Login' is clicked on

2020-09-07 08:40:07 - [TEST_STEP][PASSED] - waitForElementVisible(findTestObject("V2/Commons/DasboardPage_SidebarMenu/img_Home_logo-big"), DefaultTimeout): Object 'Object Repository/V2/Commons/DasboardPage_SidebarMenu/img_Home_logo-big' is visible

2020-09-07 08:40:11 - [MESSAGE][PASSED] - Object 'Object Repository/V2/Commons/DasboardPage_SidebarMenu/img_Home_logo-big' is visible

2020-09-07 08:40:11 - [TEST_STEP][PASSED] - verifyElementVisible(findTestObject("V2/Commons/DasboardPage_SidebarMenu/img_Home_logo-big"), STOP_ON_FAILURE): Object 'Object Repository/V2/Commons/DasboardPage_SidebarMenu/img_Home_logo-big' is visible

2020-09-07 08:40:11 - [MESSAGE][PASSED] - Object 'Object Repository/V2/Commons/DasboardPage_SidebarMenu/img_Home_logo-big' is visible

2020-09-07 08:40:11 - [MESSAGE][PASSED] - Call Test Case 'Test Cases/V2/Test Case/Pre-conditions/PRE_LoginToTractionToolsApplication' successfully

2020-09-07 08:40:11 - [TEST_STEP][PASSED] - driver3 = new org.openqa.selenium.chrome.ChromeDriver(): null

2020-09-07 08:40:15 - [TEST_STEP][PASSED] - changeWebDriver(driver3): null

2020-09-07 08:40:15 - [TEST_STEP][PASSED] - maximizeWindow(): Current window maximized

2020-09-07 08:40:17 - [MESSAGE][PASSED] - Current window maximized

2020-09-07 08:40:17 - [TEST_STEP][PASSED] - navigateToUrl(V2Url): Navigate to 'https://v2dev.traction.tools' successfully

2020-09-07 08:40:18 - [MESSAGE][PASSED] - Navigate to 'https://v2dev.traction.tools' successfully

2020-09-07 08:40:18 - [TEST_STEP][PASSED] - callTestCase(findTestCase("V2/Test Case/Pre-conditions/PRE_LoginToTractionToolsApplication"), ["username":employee_email, "password":password], STOP_ON_FAILURE): Call Test Case 'Test Cases/V2/Test Case/Pre-conditions/PRE_LoginToTractionToolsApplication' successfully

2020-09-07 08:40:18 - [TEST_CASE][PASSED] - Test Cases/V2/Test Case/Pre-conditions/PRE_LoginToTractionToolsApplication: Test Cases/V2/Test Case/Pre-conditions/PRE_LoginToTractionToolsApplication

2020-09-07 08:40:18 - [TEST_STEP][PASSED] - setText(findTestObject("V2/Commons/LoginPage/input__username"), username): Text 'tractiontools.user001+te5ohutc@gmail.com' is set on object 'Object Repository/V2/Commons/LoginPage/input__username'

2020-09-07 08:40:26 - [MESSAGE][PASSED] - Text 'tractiontools.user001+te5ohutc@gmail.com' is set on object 'Object Repository/V2/Commons/LoginPage/input__username'

2020-09-07 08:40:26 - [TEST_STEP][PASSED] - setText(findTestObject("V2/Commons/LoginPage/input__password"), password): Text 'Qwer123!' is set on object 'Object Repository/V2/Commons/LoginPage/input__password'

2020-09-07 08:40:26 - [MESSAGE][PASSED] - Text 'Qwer123!' is set on object 'Object Repository/V2/Commons/LoginPage/input__password'

2020-09-07 08:40:26 - [TEST_STEP][PASSED] - click(findTestObject("V2/Commons/LoginPage/div_Login")): Object: 'Object Repository/V2/Commons/LoginPage/div_Login' is clicked on

2020-09-07 08:40:26 - [MESSAGE][PASSED] - Object: 'Object Repository/V2/Commons/LoginPage/div_Login' is clicked on

2020-09-07 08:40:26 - [TEST_STEP][PASSED] - waitForElementVisible(findTestObject("V2/Commons/DasboardPage_SidebarMenu/img_Home_logo-big"), DefaultTimeout): Object 'Object Repository/V2/Commons/DasboardPage_SidebarMenu/img_Home_logo-big' is visible

2020-09-07 08:40:31 - [MESSAGE][PASSED] - Object 'Object Repository/V2/Commons/DasboardPage_SidebarMenu/img_Home_logo-big' is visible

2020-09-07 08:40:31 - [TEST_STEP][PASSED] - verifyElementVisible(findTestObject("V2/Commons/DasboardPage_SidebarMenu/img_Home_logo-big"), STOP_ON_FAILURE): Object 'Object Repository/V2/Commons/DasboardPage_SidebarMenu/img_Home_logo-big' is visible

2020-09-07 08:40:31 - [MESSAGE][PASSED] - Object 'Object Repository/V2/Commons/DasboardPage_SidebarMenu/img_Home_logo-big' is visible

2020-09-07 08:40:31 - [MESSAGE][PASSED] - Call Test Case 'Test Cases/V2/Test Case/Pre-conditions/PRE_LoginToTractionToolsApplication' successfully

2020-09-07 08:40:31 - [TEST_STEP][PASSED] - changeWebDriver(driver1): null

2020-09-07 08:40:31 - [TEST_STEP][PASSED] - callTestCase(findTestCase("V2/Test Case/Tests/TT-363 - Meeting List/Positive/Admin/TT_363_1-1_CreateL10MeetingforMonday_Admin"), ["username":"", "password":"", "meetingName":meetingName, "meetingAcronym":meetingAcronym, "meetingDescription":meetingDescription, ... ], STOP_ON_FAILURE): Call Test Case 'Test Cases/V2/Test Case/Tests/TT-363 - Meeting List/Positive/Admin/TT_363_1-1_CreateL10MeetingforMonday_Admin' successfully

2020-09-07 08:40:31 - [TEST_CASE][PASSED] - Test Cases/V2/Test Case/Tests/TT-363 - Meeting List/Positive/Admin/TT_363_1-1_CreateL10MeetingforMonday_Admin: Test Cases/V2/Test Case/Tests/TT-363 - Meeting List/Positive/Admin/TT_363_1-1_CreateL10MeetingforMonday_Admin

2020-09-07 08:40:31 - [TEST_STEP][NOT_RUN] - openBrowser(""): NOT_RUN: openBrowser("")

2020-09-07 08:40:31 - [MESSAGE][NOT_RUN] - NOT_RUN: openBrowser("")

2020-09-07 08:40:31 - [TEST_STEP][NOT_RUN] - maximizeWindow(): NOT_RUN: maximizeWindow()

2020-09-07 08:40:31 - [MESSAGE][NOT_RUN] - NOT_RUN: maximizeWindow()

2020-09-07 08:40:31 - [TEST_STEP][NOT_RUN] - navigateToUrl(V2Url): NOT_RUN: navigateToUrl(V2Url)

2020-09-07 08:40:31 - [MESSAGE][NOT_RUN] - NOT_RUN: navigateToUrl(V2Url)

2020-09-07 08:40:31 - [TEST_STEP][NOT_RUN] - delay(7): NOT_RUN: delay(7)

2020-09-07 08:40:31 - [MESSAGE][NOT_RUN] - NOT_RUN: delay(7)

2020-09-07 08:40:31 - [TEST_STEP][NOT_RUN] - waitForElementClickable(findTestObject("V2/TT-363/Page_Login/input__username"), 30): NOT_RUN: waitForElementClickable(findTestObject("V2/TT-363/Page_Login/input__username"), 30)

2020-09-07 08:40:31 - [MESSAGE][NOT_RUN] - NOT_RUN: waitForElementClickable(findTestObject("V2/TT-363/Page_Login/input__username"), 30)

2020-09-07 08:40:31 - [TEST_STEP][NOT_RUN] - setText(findTestObject("V2/TT-363/Page_Login/input__username"), username): NOT_RUN: setText(findTestObject("V2/TT-363/Page_Login/input__username"), username)

2020-09-07 08:40:31 - [MESSAGE][NOT_RUN] - NOT_RUN: setText(findTestObject("V2/TT-363/Page_Login/input__username"), username)

2020-09-07 08:40:31 - [TEST_STEP][NOT_RUN] - setText(findTestObject("Object Repository/V2/TT-363/Page_Login/input__password"), password): NOT_RUN: setText(findTestObject("Object Repository/V2/TT-363/Page_Login/input__password"), password)

2020-09-07 08:40:31 - [MESSAGE][NOT_RUN] - NOT_RUN: setText(findTestObject("Object Repository/V2/TT-363/Page_Login/input__password"), password)

2020-09-07 08:40:31 - [TEST_STEP][NOT_RUN] - click(findTestObject("Object Repository/V2/TT-363/Page_Login/div_Login")): NOT_RUN: click(findTestObject("Object Repository/V2/TT-363/Page_Login/div_Login"))

2020-09-07 08:40:31 - [MESSAGE][NOT_RUN] - NOT_RUN: click(findTestObject("Object Repository/V2/TT-363/Page_Login/div_Login"))

2020-09-07 08:40:31 - [TEST_STEP][PASSED] - verifyElementPresent(findTestObject("V2/TT-363/Page_Dashboard/span_Meetings"), DefaultTimeout): Object 'Object Repository/V2/TT-363/Page_Dashboard/span_Meetings' is present

2020-09-07 08:40:31 - [MESSAGE][PASSED] - Object 'Object Repository/V2/TT-363/Page_Dashboard/span_Meetings' is present

2020-09-07 08:40:31 - [TEST_STEP][PASSED] - click(findTestObject("V2/TT-363/Page_Dashboard/span_Meetings")): Object: 'Object Repository/V2/TT-363/Page_Dashboard/span_Meetings' is clicked on

2020-09-07 08:40:31 - [MESSAGE][PASSED] - Object: 'Object Repository/V2/TT-363/Page_Dashboard/span_Meetings' is clicked on

2020-09-07 08:40:31 - [TEST_STEP][PASSED] - click(findTestObject("Object Repository/V2/TT-363/Page_Meeting/div_Create a meeting")): Object: 'Object Repository/V2/TT-363/Page_Meeting/div_Create a meeting' is clicked on

2020-09-07 08:40:31 - [MESSAGE][PASSED] - Object: 'Object Repository/V2/TT-363/Page_Meeting/div_Create a meeting' is clicked on

2020-09-07 08:40:31 - [TEST_STEP][PASSED] - click(findTestObject("Object Repository/V2/TT-363/Page_Meeting/button_Level 10")): Object: 'Object Repository/V2/TT-363/Page_Meeting/button_Level 10' is clicked on

2020-09-07 08:40:31 - [MESSAGE][PASSED] - Object: 'Object Repository/V2/TT-363/Page_Meeting/button_Level 10' is clicked on

2020-09-07 08:40:31 - [TEST_STEP][PASSED] - waitForElementVisible(findTestObject("Object Repository/V2/TT-363/Page_Meeting/input__name"), DefaultTimeout): Object 'Object Repository/V2/TT-363/Page_Meeting/input__name' is visible

2020-09-07 08:40:32 - [MESSAGE][PASSED] - Object 'Object Repository/V2/TT-363/Page_Meeting/input__name' is visible

2020-09-07 08:40:32 - [TEST_STEP][PASSED] - setText(findTestObject("Object Repository/V2/TT-363/Page_Meeting/input__name"), meetingName): Text 'SP Meeting Admin' is set on object 'Object Repository/V2/TT-363/Page_Meeting/input__name'

2020-09-07 08:40:32 - [MESSAGE][PASSED] - Text 'SP Meeting Admin' is set on object 'Object Repository/V2/TT-363/Page_Meeting/input__name'

2020-09-07 08:40:32 - [TEST_STEP][PASSED] - setText(findTestObject("Object Repository/V2/TT-363/Page_Meeting/input__acronym"), meetingAcronym): Text 'CSP' is set on object 'Object Repository/V2/TT-363/Page_Meeting/input__acronym'

2020-09-07 08:40:33 - [MESSAGE][PASSED] - Text 'CSP' is set on object 'Object Repository/V2/TT-363/Page_Meeting/input__acronym'

2020-09-07 08:40:33 - [TEST_STEP][PASSED] - setText(findTestObject("Object Repository/V2/TT-363/Page_Meeting/input_Meeting description (max 100 characte_8187fa"), meetingDescription): Text 'L10 Meeting' is set on object 'Object Repository/V2/TT-363/Page_Meeting/input_Meeting description (max 100 characte_8187fa'

2020-09-07 08:40:33 - [MESSAGE][PASSED] - Text 'L10 Meeting' is set on object 'Object Repository/V2/TT-363/Page_Meeting/input_Meeting description (max 100 characte_8187fa'

2020-09-07 08:40:33 - [TEST_STEP][PASSED] - click(findTestObject("Object Repository/V2/TT-363/Page_Meeting/input__typeOfMeeting")): Object: 'Object Repository/V2/TT-363/Page_Meeting/input__typeOfMeeting' is clicked on

2020-09-07 08:40:33 - [MESSAGE][PASSED] - Object: 'Object Repository/V2/TT-363/Page_Meeting/input__typeOfMeeting' is clicked on

2020-09-07 08:40:33 - [TEST_STEP][PASSED] - click(findTestObject("V2/TT-363/Page_Meeting/div_Leadership")): Object: 'Object Repository/V2/TT-363/Page_Meeting/div_Leadership' is clicked on

2020-09-07 08:40:33 - [MESSAGE][PASSED] - Object: 'Object Repository/V2/TT-363/Page_Meeting/div_Leadership' is clicked on

2020-09-07 08:40:33 - [TEST_STEP][PASSED] - click(findTestObject("Object Repository/V2/TT-363/Page_Meeting/div_Select a dayMondayTuesdayWednesdayThurs_fcb808")): Object: 'Object Repository/V2/TT-363/Page_Meeting/div_Select a dayMondayTuesdayWednesdayThurs_fcb808' is clicked on

2020-09-07 08:40:33 - [MESSAGE][PASSED] - Object: 'Object Repository/V2/TT-363/Page_Meeting/div_Select a dayMondayTuesdayWednesdayThurs_fcb808' is clicked on

2020-09-07 08:40:33 - [TEST_STEP][PASSED] - click(findTestObject("V2/TT-363/Page_Meeting/div_Monday")): Object: 'Object Repository/V2/TT-363/Page_Meeting/div_Monday' is clicked on

2020-09-07 08:40:33 - [MESSAGE][PASSED] - Object: 'Object Repository/V2/TT-363/Page_Meeting/div_Monday' is clicked on

2020-09-07 08:40:33 - [TEST_STEP][PASSED] - click(findTestObject("Object Repository/V2/TT-363/Page_Meeting/div_000")): Object: 'Object Repository/V2/TT-363/Page_Meeting/div_000' is clicked on

2020-09-07 08:40:33 - [MESSAGE][PASSED] - Object: 'Object Repository/V2/TT-363/Page_Meeting/div_000' is clicked on

2020-09-07 08:40:33 - [TEST_STEP][PASSED] - click(findTestObject("Object Repository/V2/TT-363/Page_Meeting/span_0800")): Object: 'Object Repository/V2/TT-363/Page_Meeting/span_0800' is clicked on

2020-09-07 08:40:33 - [MESSAGE][PASSED] - Object: 'Object Repository/V2/TT-363/Page_Meeting/span_0800' is clicked on

2020-09-07 08:40:33 - [TEST_STEP][PASSED] - setText(findTestObject("Object Repository/V2/TT-363/Page_Meeting/input_Video conference URL_meetingLink"), videoConference): Text 'https://yourvideoconference.com/sample' is set on object 'Object Repository/V2/TT-363/Page_Meeting/input_Video conference URL_meetingLink'

2020-09-07 08:40:34 - [MESSAGE][PASSED] - Text 'https://yourvideoconference.com/sample' is set on object 'Object Repository/V2/TT-363/Page_Meeting/input_Video conference URL_meetingLink'

2020-09-07 08:40:34 - [TEST_STEP][PASSED] - click(findTestObject("Object Repository/V2/TT-363/Page_Meeting/div_Create Meeting")): Object: 'Object Repository/V2/TT-363/Page_Meeting/div_Create Meeting' is clicked on

2020-09-07 08:40:34 - [MESSAGE][PASSED] - Object: 'Object Repository/V2/TT-363/Page_Meeting/div_Create Meeting' is clicked on

2020-09-07 08:40:34 - [TEST_STEP][PASSED] - waitForElementVisible(findTestObject("Object Repository/V2/TT-363/Page_Meeting/div_Ill do this later"), DefaultTimeout): Object 'Object Repository/V2/TT-363/Page_Meeting/div_Ill do this later' is visible

2020-09-07 08:41:07 - [MESSAGE][PASSED] - Object 'Object Repository/V2/TT-363/Page_Meeting/div_Ill do this later' is visible

2020-09-07 08:41:07 - [TEST_STEP][PASSED] - click(findTestObject("Object Repository/V2/TT-363/Page_Meeting/div_Ill do this later")): Object: 'Object Repository/V2/TT-363/Page_Meeting/div_Ill do this later' is clicked on

2020-09-07 08:41:07 - [MESSAGE][PASSED] - Object: 'Object Repository/V2/TT-363/Page_Meeting/div_Ill do this later' is clicked on

2020-09-07 08:41:07 - [TEST_STEP][PASSED] - createMeetingRecordObj = tt_CustomKeywords.CustomKeywords.CreateDynamicElement("//div[@class="detailscontainer__block item"]/h4[text()='%s']", meetingName, "xpath"): Successfully created new dynamic object: //div[@class="detailscontainer__block item"]/h4[text()='SP Meeting Admin']

2020-09-07 08:41:07 - [MESSAGE][PASSED] - Successfully created new dynamic object: //div[@class="detailscontainer__block item"]/h4[text()='SP Meeting Admin']

2020-09-07 08:41:07 - [TEST_STEP][PASSED] - verifyElementPresent(createMeetingRecordObj, DefaultTimeout): Object '' is present

2020-09-07 08:41:07 - [MESSAGE][PASSED] - Object '' is present

2020-09-07 08:41:07 - [TEST_STEP][PASSED] - delay(5): Delayed 5 second(s)

2020-09-07 08:41:12 - [MESSAGE][PASSED] - Delayed 5 second(s)

2020-09-07 08:41:12 - [MESSAGE][PASSED] - Call Test Case 'Test Cases/V2/Test Case/Tests/TT-363 - Meeting List/Positive/Admin/TT_363_1-1_CreateL10MeetingforMonday_Admin' successfully

2020-09-07 08:41:12 - [TEST_STEP][PASSED] - waitForElementVisible(findTestObject("Object Repository/V2/TT-363/Page_Meeting/Edit_Meeting/Page_Meeting/button_Go to meeting_BtnIconNakedStyles-sc-_e4abf2"), DefaultTimeout): Object 'Object Repository/V2/TT-363/Page_Meeting/Edit_Meeting/Page_Meeting/button_Go to meeting_BtnIconNakedStyles-sc-_e4abf2' is visible

2020-09-07 08:41:13 - [MESSAGE][PASSED] - Object 'Object Repository/V2/TT-363/Page_Meeting/Edit_Meeting/Page_Meeting/button_Go to meeting_BtnIconNakedStyles-sc-_e4abf2' is visible

2020-09-07 08:41:13 - [TEST_STEP][PASSED] - click(findTestObject("Object Repository/V2/TT-363/Page_Meeting/Edit_Meeting/Page_Meeting/button_Go to meeting_BtnIconNakedStyles-sc-_e4abf2")): Object: 'Object Repository/V2/TT-363/Page_Meeting/Edit_Meeting/Page_Meeting/button_Go to meeting_BtnIconNakedStyles-sc-_e4abf2' is clicked on

2020-09-07 08:41:13 - [MESSAGE][PASSED] - Object: 'Object Repository/V2/TT-363/Page_Meeting/Edit_Meeting/Page_Meeting/button_Go to meeting_BtnIconNakedStyles-sc-_e4abf2' is clicked on

2020-09-07 08:41:13 - [TEST_STEP][PASSED] - click(findTestObject("Object Repository/V2/TT-363/Page_Meeting/Edit_Meeting/Page_Meeting/a_Edit meeting")): Object: 'Object Repository/V2/TT-363/Page_Meeting/Edit_Meeting/Page_Meeting/a_Edit meeting' is clicked on

2020-09-07 08:41:13 - [MESSAGE][PASSED] - Object: 'Object Repository/V2/TT-363/Page_Meeting/Edit_Meeting/Page_Meeting/a_Edit meeting' is clicked on

2020-09-07 08:41:13 - [TEST_STEP][PASSED] - waitForElementPresent(findTestObject("Object Repository/V2/TT-363/Attendees/Page_Edit Meeting/div_Add users"), DefaultTimeout): Object 'Object Repository/V2/TT-363/Attendees/Page_Edit Meeting/div_Add users' is present

2020-09-07 08:41:14 - [MESSAGE][PASSED] - Object 'Object Repository/V2/TT-363/Attendees/Page_Edit Meeting/div_Add users' is present

2020-09-07 08:41:14 - [TEST_STEP][PASSED] - click(findTestObject("Object Repository/V2/TT-363/Attendees/Page_Edit Meeting/div_Add users")): Object: 'Object Repository/V2/TT-363/Attendees/Page_Edit Meeting/div_Add users' is clicked on

2020-09-07 08:41:14 - [MESSAGE][PASSED] - Object: 'Object Repository/V2/TT-363/Attendees/Page_Edit Meeting/div_Add users' is clicked on

2020-09-07 08:41:14 - [TEST_STEP][PASSED] - click(findTestObject("V2/TT-363/Attendees/Page_Edit Meeting/input_Basic editor_addUsers1")): Object: 'Object Repository/V2/TT-363/Attendees/Page_Edit Meeting/input_Basic editor_addUsers1' is clicked on

2020-09-07 08:41:14 - [MESSAGE][PASSED] - Object: 'Object Repository/V2/TT-363/Attendees/Page_Edit Meeting/input_Basic editor_addUsers1' is clicked on

2020-09-07 08:41:14 - [TEST_STEP][PASSED] - click(findTestObject("Object Repository/V2/TT-363/Attendees/Page_Edit Meeting/div_Aaron Nejal")): Object: 'Object Repository/V2/TT-363/Attendees/Page_Edit Meeting/div_Aaron Nejal' is clicked on

2020-09-07 08:41:14 - [MESSAGE][PASSED] - Object: 'Object Repository/V2/TT-363/Attendees/Page_Edit Meeting/div_Aaron Nejal' is clicked on

2020-09-07 08:41:14 - [TEST_STEP][PASSED] - delay(10): Delayed 10 second(s)

2020-09-07 08:41:24 - [MESSAGE][PASSED] - Delayed 10 second(s)

2020-09-07 08:41:24 - [TEST_STEP][PASSED] - click(findTestObject("Object Repository/V2/TT-363/Attendees/Page_Edit Meeting/div_Add users")): Object: 'Object Repository/V2/TT-363/Attendees/Page_Edit Meeting/div_Add users' is clicked on

2020-09-07 08:41:24 - [MESSAGE][PASSED] - Object: 'Object Repository/V2/TT-363/Attendees/Page_Edit Meeting/div_Add users' is clicked on

2020-09-07 08:41:24 - [TEST_STEP][PASSED] - click(findTestObject("V2/TT-363/Attendees/Page_Edit Meeting/input_Basic editor_addUsers2")): Object: 'Object Repository/V2/TT-363/Attendees/Page_Edit Meeting/input_Basic editor_addUsers2' is clicked on

2020-09-07 08:41:25 - [MESSAGE][PASSED] - Object: 'Object Repository/V2/TT-363/Attendees/Page_Edit Meeting/input_Basic editor_addUsers2' is clicked on

2020-09-07 08:41:25 - [TEST_STEP][PASSED] - click(findTestObject("Object Repository/V2/TT-363/Attendees/Page_Edit Meeting/div_Employee 001")): Object: 'Object Repository/V2/TT-363/Attendees/Page_Edit Meeting/div_Employee 001' is clicked on

2020-09-07 08:41:25 - [MESSAGE][PASSED] - Object: 'Object Repository/V2/TT-363/Attendees/Page_Edit Meeting/div_Employee 001' is clicked on

2020-09-07 08:41:25 - [TEST_STEP][PASSED] - delay(10): Delayed 10 second(s)

2020-09-07 08:41:35 - [MESSAGE][PASSED] - Delayed 10 second(s)

2020-09-07 08:41:35 - [TEST_STEP][PASSED] - click(findTestObject("V2/TT-363/Page_Meeting/Edit_Meeting/Page_Edit Meeting/FullEditor")): Object: 'Object Repository/V2/TT-363/Page_Meeting/Edit_Meeting/Page_Edit Meeting/FullEditor' is clicked on

2020-09-07 08:41:35 - [MESSAGE][PASSED] - Object: 'Object Repository/V2/TT-363/Page_Meeting/Edit_Meeting/Page_Edit Meeting/FullEditor' is clicked on

2020-09-07 08:41:35 - [TEST_STEP][PASSED] - click(findTestObject("V2/TT-363/Page_Meeting/Edit_Meeting/Page_Edit Meeting/BasicEditor")): Object: 'Object Repository/V2/TT-363/Page_Meeting/Edit_Meeting/Page_Edit Meeting/BasicEditor' is clicked on

2020-09-07 08:41:35 - [MESSAGE][PASSED] - Object: 'Object Repository/V2/TT-363/Page_Meeting/Edit_Meeting/Page_Edit Meeting/BasicEditor' is clicked on

2020-09-07 08:41:35 - [TEST_STEP][PASSED] - delay(10): Delayed 10 second(s)

2020-09-07 08:41:45 - [MESSAGE][PASSED] - Delayed 10 second(s)

2020-09-07 08:41:45 - [TEST_STEP][PASSED] - verifyElementPresent(findTestObject("V2/TT-363/Page_Dashboard/span_Meetings"), DefaultTimeout): Object 'Object Repository/V2/TT-363/Page_Dashboard/span_Meetings' is present

2020-09-07 08:41:45 - [MESSAGE][PASSED] - Object 'Object Repository/V2/TT-363/Page_Dashboard/span_Meetings' is present

2020-09-07 08:41:45 - [TEST_STEP][PASSED] - click(findTestObject("V2/TT-363/Page_Dashboard/span_Meetings")): Object: 'Object Repository/V2/TT-363/Page_Dashboard/span_Meetings' is clicked on

2020-09-07 08:41:45 - [MESSAGE][PASSED] - Object: 'Object Repository/V2/TT-363/Page_Dashboard/span_Meetings' is clicked on

2020-09-07 08:41:45 - [TEST_STEP][PASSED] - changeWebDriver(driver2): null

2020-09-07 08:41:45 - [TEST_STEP][PASSED] - verifyElementPresent(findTestObject("V2/TT-363/Page_Dashboard/span_Meetings"), DefaultTimeout): Object 'Object Repository/V2/TT-363/Page_Dashboard/span_Meetings' is present

2020-09-07 08:41:45 - [MESSAGE][PASSED] - Object 'Object Repository/V2/TT-363/Page_Dashboard/span_Meetings' is present

2020-09-07 08:41:45 - [TEST_STEP][PASSED] - click(findTestObject("V2/TT-363/Page_Dashboard/span_Meetings")): Object: 'Object Repository/V2/TT-363/Page_Dashboard/span_Meetings' is clicked on

2020-09-07 08:41:45 - [MESSAGE][PASSED] - Object: 'Object Repository/V2/TT-363/Page_Dashboard/span_Meetings' is clicked on

2020-09-07 08:41:45 - [TEST_STEP][PASSED] - changeWebDriver(driver3): null

2020-09-07 08:41:45 - [TEST_STEP][PASSED] - verifyElementPresent(findTestObject("V2/TT-363/Page_Dashboard/span_Meetings"), DefaultTimeout): Object 'Object Repository/V2/TT-363/Page_Dashboard/span_Meetings' is present

2020-09-07 08:41:45 - [MESSAGE][PASSED] - Object 'Object Repository/V2/TT-363/Page_Dashboard/span_Meetings' is present

2020-09-07 08:41:45 - [TEST_STEP][PASSED] - click(findTestObject("V2/TT-363/Page_Dashboard/span_Meetings")): Object: 'Object Repository/V2/TT-363/Page_Dashboard/span_Meetings' is clicked on

2020-09-07 08:41:45 - [MESSAGE][PASSED] - Object: 'Object Repository/V2/TT-363/Page_Dashboard/span_Meetings' is clicked on

2020-09-07 08:41:45 - [TEST_STEP][PASSED] - changeWebDriver(driver2): null

2020-09-07 08:41:45 - [TEST_STEP][PASSED] - createMeetingRecordObjAdminVerifySupervisor = tt_CustomKeywords.CustomKeywords.CreateDynamicElement("//div[@class="detailscontainer__block item"]/h4[text()='%s']", meetingName, "xpath"): Successfully created new dynamic object: //div[@class="detailscontainer__block item"]/h4[text()='SP Meeting Admin']

2020-09-07 08:41:45 - [MESSAGE][PASSED] - Successfully created new dynamic object: //div[@class="detailscontainer__block item"]/h4[text()='SP Meeting Admin']

2020-09-07 08:41:45 - [TEST_STEP][PASSED] - verifyElementPresent(createMeetingRecordObjAdminVerifySupervisor, DefaultTimeout): Object '' is present

2020-09-07 08:41:45 - [MESSAGE][PASSED] - Object '' is present

2020-09-07 08:41:45 - [TEST_STEP][PASSED] - changeWebDriver(driver3): null

2020-09-07 08:41:45 - [TEST_STEP][PASSED] - createMeetingRecordObjAdminVerifyEmployee = tt_CustomKeywords.CustomKeywords.CreateDynamicElement("//div[@class="detailscontainer__block item"]/h4[text()='%s']", meetingName, "xpath"): Successfully created new dynamic object: //div[@class="detailscontainer__block item"]/h4[text()='SP Meeting Admin']

2020-09-07 08:41:45 - [MESSAGE][PASSED] - Successfully created new dynamic object: //div[@class="detailscontainer__block item"]/h4[text()='SP Meeting Admin']

2020-09-07 08:41:45 - [TEST_STEP][PASSED] - verifyElementPresent(createMeetingRecordObjAdminVerifyEmployee, DefaultTimeout): Object '' is present

2020-09-07 08:41:46 - [MESSAGE][PASSED] - Object '' is present

2020-09-07 08:41:46 - [TEST_STEP][PASSED] - tt_CustomKeywords.CustomKeywords.CloseWebDriver(driver3): tt_CustomKeywords.CustomKeywords.CloseWebDriver is PASSED

2020-09-07 08:41:50 - [MESSAGE][PASSED] - tt_CustomKeywords.CustomKeywords.CloseWebDriver is PASSED

2020-09-07 08:41:50 - [TEST_STEP][PASSED] - tt_CustomKeywords.CustomKeywords.CloseWebDriver(driver2): tt_CustomKeywords.CustomKeywords.CloseWebDriver is PASSED

2020-09-07 08:41:55 - [MESSAGE][PASSED] - tt_CustomKeywords.CustomKeywords.CloseWebDriver is PASSED

2020-09-07 08:41:55 - [TEST_STEP][PASSED] - tt_CustomKeywords.CustomKeywords.CloseWebDriver(driver1): tt_CustomKeywords.CustomKeywords.CloseWebDriver is PASSED

2020-09-07 08:42:00 - [MESSAGE][PASSED] - tt_CustomKeywords.CustomKeywords.CloseWebDriver is PASSED]]></system-out>
         <system-err><![CDATA[]]></system-err>
      </testcase>
      <system-out><![CDATA[2020-09-07 08:37:16 - [TEST_SUITE][PASSED] - TT-363_TestSuite: Test Cases/V2/Test Case/Tests/TT-363 - Meeting List/Positive/TT_363_5_AddRole_AllTestCase]]></system-out>
      <system-err><![CDATA[]]></system-err>
   </testsuite>
</testsuites>
