<?xml version="1.0" encoding="UTF-8"?>
<testsuites name="PR-369_TestSuite" time="516.91" tests="1" failures="0" errors="0">
   <testsuite name="PR-369_TestSuite" tests="1" failures="0" errors="0" time="516.91" timestamp="2020-09-09 11:35:19" hostname="Aaron-PC - host.docker.internal" id="Test Suites/V2/Tests/PR-369 - EditMeetingAgenda/PR-369_TestSuite">
      <properties>
         <property name="deviceName" value=""/>
         <property name="devicePlatform" value=""/>
         <property name="logFolder" value="C:\\Users\\Aaron-PC\\git\\TractionTools\\Reports\\20200909_113518\\V2\\Tests\\PR-369 - EditMeetingAgenda\\PR-369_TestSuite\\20200909_113518"/>
         <property name="logFiles" value="C:\\Users\\Aaron-PC\\git\\TractionTools\\Reports\\20200909_113518\\V2\\Tests\\PR-369 - EditMeetingAgenda\\PR-369_TestSuite\\20200909_113518\\execution0.log"/>
         <property name="attachments" value=""/>
         <property name="hostName" value="Aaron-PC - host.docker.internal"/>
         <property name="os" value="Windows 10 64bit"/>
         <property name="katalonVersion" value="7.6.6.205"/>
         <property name="browser" value="Chrome 85.0.4183.83"/>
         <property name="hostAddress" value="192.168.1.48"/>
         <property name="sessionId" value="d2939f570b506fe3817cfba18adf226e"/>
         <property name="seleniumVersion" value="3.141.59"/>
         <property name="proxyInformation" value="ProxyInformation { proxyOption=NO_PROXY, proxyServerType=HTTP, username=, password=********, proxyServerAddress=, proxyServerPort=0, executionList=&quot;&quot;, isApplyToDesiredCapabilities=true }"/>
         <property name="platform" value="Windows 10"/>
      </properties>
      <testcase name="Test Cases/V2/Test Case/Tests/PR-369 - EditMeetingAgenda/Test Cases/Positive/TT_369_8_CreateTodo_AllTestCase" time="516.409" classname="Test Cases/V2/Test Case/Tests/PR-369 - EditMeetingAgenda/Test Cases/Positive/TT_369_8_CreateTodo_AllTestCase" status="PASSED">
         <system-out><![CDATA[2020-09-09 11:35:19 - [TEST_CASE][PASSED] - Test Cases/V2/Test Case/Tests/PR-369 - EditMeetingAgenda/Test Cases/Positive/TT_369_8_CreateTodo_AllTestCase: Test Cases/V2/Test Case/Tests/PR-369 - EditMeetingAgenda/Test Cases/Positive/TT_369_8_CreateTodo_AllTestCase

2020-09-09 11:35:20 - [TEST_STEP][PASSED] - callTestCase(findTestCase("V2/Test Case/Pre-conditions/PRE_RegisterAndActivateTTUsers"), ["admin_fname":admin_fname, "lastname":lastname, "phonenumber":"9999999999", "company":"Traction Tools", "password":password, ... ], STOP_ON_FAILURE): Call Test Case 'Test Cases/V2/Test Case/Pre-conditions/PRE_RegisterAndActivateTTUsers' successfully

2020-09-09 11:35:20 - [TEST_CASE][PASSED] - Test Cases/V2/Test Case/Pre-conditions/PRE_RegisterAndActivateTTUsers: Test Cases/V2/Test Case/Pre-conditions/PRE_RegisterAndActivateTTUsers

2020-09-09 11:35:20 - [TEST_STEP][PASSED] - email = tt_CustomKeywords.CustomKeywords.GenerateRandomEmailAddress(admin_email_prefix, admin_email_domain, randomTextLength): Successfully generated a random email: tractiontools.user001+ta5r799g@gmail.com

2020-09-09 11:35:20 - [MESSAGE][PASSED] - Successfully generated a random email: tractiontools.user001+ta5r799g@gmail.com

2020-09-09 11:35:20 - [TEST_STEP][PASSED] - supervisor_email = tt_CustomKeywords.CustomKeywords.GenerateRandomEmailAddress(supervisor_email_prefix, supervisor_email_domain, randomTextLength): Successfully generated a random email: tractiontools.user001+ts5n30s3@gmail.com

2020-09-09 11:35:20 - [MESSAGE][PASSED] - Successfully generated a random email: tractiontools.user001+ts5n30s3@gmail.com

2020-09-09 11:35:20 - [TEST_STEP][PASSED] - employee_email = tt_CustomKeywords.CustomKeywords.GenerateRandomEmailAddress(employee_email_prefix, employee_email_domain, randomTextLength): Successfully generated a random email: tractiontools.user001+te54lkh6@gmail.com

2020-09-09 11:35:20 - [MESSAGE][PASSED] - Successfully generated a random email: tractiontools.user001+te54lkh6@gmail.com

2020-09-09 11:35:20 - [TEST_STEP][PASSED] - adminDetails = tt_CustomKeywords.CustomKeywords.RegisterUserViaAPIAndGenerateActivateURL(email, admin_fname, lastname, phonenumber, company, "__JSON__{\"howDidYouHearAboutUs\":\"Facebook\",\"implementer\":\"\",\"existingTractionToolsClient\":\"\",\"other\":\"\"}", "__JSON__{\"timeZone\":\"America/Guatemala\",\"brandColor\":\"#023047\",\"q1Start\":null,\"q1End\":null,\"q2Start\":null,\"q2End\":null,\"q3Start\":null,\"q3End\":null,\"q4Start\":null,\"q4End\":null,\"quarterDatesSetsRocks\":false,\"exportUsers\":false,\"exportRocks\":false,\"exportRocksIncludesMilestones\":false,\"exportScorecards\":false,\"exportTodos\":false,\"exportTodosIncludesNotes\":false,\"exportPeopleHeadlines\":false,\"exportPeopleHeadlinesIncludesNotes\":false,\"exportIssues\":false,\"exportIssuesIncludesNotes\":false,\"exportContextAwareTodos\":false,\"dateFormat\":\"MM/DD/YYYY\",\"timeFormat\":\"h:mma\",\"numberFormat\":\"-1,000.99\",\"supervisorsArchiveRestoreUsers\":false,\"supervisorsEditPositions\":false,\"milestonesAvailableToAll\":false,\"customMeetingTemplatesEnabled\":false,\"receiveTodoReminders\":false,\"todoReminderTime\":\"13:00\",\"todoReminderTimeZone\":\"America/Guatemala\",\"todoReminderFrequency\":\"DAILY\",\"vtoMeetingId\":\"\",\"vtoDisplayMode\":\"ALL\",\"coreValues\":[{\"id\":\"1\",\"text\":\"\"},{\"id\":\"2\",\"text\":\"\"},{\"id\":\"3\",\"text\":\"\"}]}", password, V2Url): SUCCESFFULLY registered a new user via API. 
 Generated Activation Link: 
https://v2dev.traction.tools/activate?activationKey=04da7856-789f-4da7-9cf5-c47cd9b21386&userId=eb739997-d451-469a-b9b2-3bde1a57c4af&orgId=124e3092-dbee-4c5f-ba75-3381828c693b&email=tractiontools.user001+ta5r799g@gmail.com&teamsId=8b54ecbe-ab84-4166-a165-4772a29891b3&meetingsId=757a3048-53c7-4821-ae26-375ab0afafb1&adminsId=52bd9c2b-7f09-48e8-b716-155ab57530bf&usersId=7a803888-f516-4efc-8527-f9aeb9b88c20&supervisorsId=183f78a7-9270-42d2-8318-d8162bb79a78&accountabilityChartId=cdfd4675-4ea4-4a68-bb44-1080f036e102&isCreator=1

2020-09-09 11:35:39 - [MESSAGE][PASSED] - SUCCESFFULLY registered a new user via API. 
 Generated Activation Link: 
https://v2dev.traction.tools/activate?activationKey=04da7856-789f-4da7-9cf5-c47cd9b21386&userId=eb739997-d451-469a-b9b2-3bde1a57c4af&orgId=124e3092-dbee-4c5f-ba75-3381828c693b&email=tractiontools.user001+ta5r799g@gmail.com&teamsId=8b54ecbe-ab84-4166-a165-4772a29891b3&meetingsId=757a3048-53c7-4821-ae26-375ab0afafb1&adminsId=52bd9c2b-7f09-48e8-b716-155ab57530bf&usersId=7a803888-f516-4efc-8527-f9aeb9b88c20&supervisorsId=183f78a7-9270-42d2-8318-d8162bb79a78&accountabilityChartId=cdfd4675-4ea4-4a68-bb44-1080f036e102&isCreator=1

2020-09-09 11:35:39 - [TEST_STEP][PASSED] - activationURL = adminDetails[0]: null

2020-09-09 11:35:39 - [TEST_STEP][PASSED] - orgID = adminDetails[1]: null

2020-09-09 11:35:39 - [TEST_STEP][PASSED] - out.println("URL: " + activationURL): null

2020-09-09 11:35:39 - [TEST_STEP][PASSED] - out.println("orgID: " + orgID): null

2020-09-09 11:35:39 - [TEST_STEP][PASSED] - supervisorUser_name = supervisor_fname + " " + lastname: null

2020-09-09 11:35:39 - [TEST_STEP][PASSED] - openBrowser(""): Browser is opened with url: ''

2020-09-09 11:35:39 - [MESSAGE][INFO] - Starting 'Chrome' driver

2020-09-09 11:35:39 - [MESSAGE][INFO] - Action delay is set to 0 milliseconds

2020-09-09 11:35:43 - [MESSAGE][PASSED] - Browser is opened with url: ''

2020-09-09 11:35:43 - [TEST_STEP][PASSED] - maximizeWindow(): Current window maximized

2020-09-09 11:35:45 - [MESSAGE][PASSED] - Current window maximized

2020-09-09 11:35:45 - [TEST_STEP][PASSED] - callTestCase(findTestCase("V2/Test Case/Pre-conditions/PRE_ActivateNewUser"), ["activationURL":activationURL, "email":email, "password":password], STOP_ON_FAILURE): Call Test Case 'Test Cases/V2/Test Case/Pre-conditions/PRE_ActivateNewUser' successfully

2020-09-09 11:35:45 - [TEST_CASE][PASSED] - Test Cases/V2/Test Case/Pre-conditions/PRE_ActivateNewUser: Test Cases/V2/Test Case/Pre-conditions/PRE_ActivateNewUser

2020-09-09 11:35:45 - [TEST_STEP][PASSED] - navigateToUrl(activationURL): Navigate to 'https://v2dev.traction.tools/activate?activationKey=04da7856-789f-4da7-9cf5-c47cd9b21386&userId=eb739997-d451-469a-b9b2-3bde1a57c4af&orgId=124e3092-dbee-4c5f-ba75-3381828c693b&email=tractiontools.user001+ta5r799g@gmail.com&teamsId=8b54ecbe-ab84-4166-a165-4772a29891b3&meetingsId=757a3048-53c7-4821-ae26-375ab0afafb1&adminsId=52bd9c2b-7f09-48e8-b716-155ab57530bf&usersId=7a803888-f516-4efc-8527-f9aeb9b88c20&supervisorsId=183f78a7-9270-42d2-8318-d8162bb79a78&accountabilityChartId=cdfd4675-4ea4-4a68-bb44-1080f036e102&isCreator=1' successfully

2020-09-09 11:35:47 - [MESSAGE][PASSED] - Navigate to 'https://v2dev.traction.tools/activate?activationKey=04da7856-789f-4da7-9cf5-c47cd9b21386&userId=eb739997-d451-469a-b9b2-3bde1a57c4af&orgId=124e3092-dbee-4c5f-ba75-3381828c693b&email=tractiontools.user001+ta5r799g@gmail.com&teamsId=8b54ecbe-ab84-4166-a165-4772a29891b3&meetingsId=757a3048-53c7-4821-ae26-375ab0afafb1&adminsId=52bd9c2b-7f09-48e8-b716-155ab57530bf&usersId=7a803888-f516-4efc-8527-f9aeb9b88c20&supervisorsId=183f78a7-9270-42d2-8318-d8162bb79a78&accountabilityChartId=cdfd4675-4ea4-4a68-bb44-1080f036e102&isCreator=1' successfully

2020-09-09 11:35:47 - [TEST_STEP][PASSED] - waitForElementVisible(findTestObject("V2/Commons/ActivationPage/input_Email_email"), DefaultTimeout): Object 'Object Repository/V2/Commons/ActivationPage/input_Email_email' is visible

2020-09-09 11:35:54 - [MESSAGE][PASSED] - Object 'Object Repository/V2/Commons/ActivationPage/input_Email_email' is visible

2020-09-09 11:35:54 - [TEST_STEP][PASSED] - actual_email = getAttribute(findTestObject("Object Repository/V2/Commons/ActivationPage/input_Email_email"), "value"): Attribute 'value' of object 'Object Repository/V2/Commons/ActivationPage/input_Email_email' is: 'tractiontools.user001+ta5r799g@gmail.com'

2020-09-09 11:35:54 - [MESSAGE][PASSED] - Attribute 'value' of object 'Object Repository/V2/Commons/ActivationPage/input_Email_email' is: 'tractiontools.user001+ta5r799g@gmail.com'

2020-09-09 11:35:54 - [TEST_STEP][PASSED] - verifyMatch(actual_email, email, false): Actual text 'tractiontools.user001+ta5r799g@gmail.com' and expected text 'tractiontools.user001+ta5r799g@gmail.com' are matched 

2020-09-09 11:35:54 - [MESSAGE][PASSED] - Actual text 'tractiontools.user001+ta5r799g@gmail.com' and expected text 'tractiontools.user001+ta5r799g@gmail.com' are matched 

2020-09-09 11:35:54 - [TEST_STEP][PASSED] - setText(findTestObject("V2/Commons/ActivationPage/input_password"), password): Text 'Qwer123!' is set on object 'Object Repository/V2/Commons/ActivationPage/input_password'

2020-09-09 11:35:55 - [MESSAGE][PASSED] - Text 'Qwer123!' is set on object 'Object Repository/V2/Commons/ActivationPage/input_password'

2020-09-09 11:35:55 - [TEST_STEP][PASSED] - setText(findTestObject("Object Repository/V2/Commons/ActivationPage/input__passwordRepeat"), password): Text 'Qwer123!' is set on object 'Object Repository/V2/Commons/ActivationPage/input__passwordRepeat'

2020-09-09 11:35:56 - [MESSAGE][PASSED] - Text 'Qwer123!' is set on object 'Object Repository/V2/Commons/ActivationPage/input__passwordRepeat'

2020-09-09 11:35:56 - [TEST_STEP][PASSED] - click(findTestObject("V2/Commons/ActivationPage/input_termsandconditions")): Object: 'Object Repository/V2/Commons/ActivationPage/input_termsandconditions' is clicked on

2020-09-09 11:35:56 - [MESSAGE][PASSED] - Object: 'Object Repository/V2/Commons/ActivationPage/input_termsandconditions' is clicked on

2020-09-09 11:35:56 - [TEST_STEP][PASSED] - click(findTestObject("Object Repository/V2/Commons/ActivationPage/div_Create account")): Object: 'Object Repository/V2/Commons/ActivationPage/div_Create account' is clicked on

2020-09-09 11:35:57 - [MESSAGE][PASSED] - Object: 'Object Repository/V2/Commons/ActivationPage/div_Create account' is clicked on

2020-09-09 11:35:57 - [TEST_STEP][PASSED] - waitForElementPresent(findTestObject("V2/Commons/DasboardPage_SidebarMenu/img_Home_logo-big"), DefaultTimeout): Object 'Object Repository/V2/Commons/DasboardPage_SidebarMenu/img_Home_logo-big' is present

2020-09-09 11:36:09 - [MESSAGE][PASSED] - Object 'Object Repository/V2/Commons/DasboardPage_SidebarMenu/img_Home_logo-big' is present

2020-09-09 11:36:09 - [TEST_STEP][PASSED] - verifyElementPresent(findTestObject("V2/Commons/DasboardPage_SidebarMenu/img_Home_logo-big"), 0): Object 'Object Repository/V2/Commons/DasboardPage_SidebarMenu/img_Home_logo-big' is present

2020-09-09 11:36:09 - [MESSAGE][WARNING] - Timeout '0' is invalid. Using default page load timeout: '30'

2020-09-09 11:36:10 - [MESSAGE][PASSED] - Object 'Object Repository/V2/Commons/DasboardPage_SidebarMenu/img_Home_logo-big' is present

2020-09-09 11:36:10 - [MESSAGE][PASSED] - Call Test Case 'Test Cases/V2/Test Case/Pre-conditions/PRE_ActivateNewUser' successfully

2020-09-09 11:36:10 - [TEST_STEP][PASSED] - callTestCase(findTestCase("V2/Test Case/Pre-conditions/PRE_SkipCompanyAndPersonalProfileSetup"), [:], STOP_ON_FAILURE): Call Test Case 'Test Cases/V2/Test Case/Pre-conditions/PRE_SkipCompanyAndPersonalProfileSetup' successfully

2020-09-09 11:36:10 - [TEST_CASE][PASSED] - Test Cases/V2/Test Case/Pre-conditions/PRE_SkipCompanyAndPersonalProfileSetup: Test Cases/V2/Test Case/Pre-conditions/PRE_SkipCompanyAndPersonalProfileSetup

2020-09-09 11:36:10 - [TEST_STEP][PASSED] - waitForElementVisible(findTestObject("V2/Commons/FirstUpdateCompanyAndPersonalInfoModal/confirmCompanyInfoHeader_h1"), DefaultTimeout): Object 'Object Repository/V2/Commons/FirstUpdateCompanyAndPersonalInfoModal/confirmCompanyInfoHeader_h1' is visible

2020-09-09 11:36:11 - [MESSAGE][PASSED] - Object 'Object Repository/V2/Commons/FirstUpdateCompanyAndPersonalInfoModal/confirmCompanyInfoHeader_h1' is visible

2020-09-09 11:36:11 - [TEST_STEP][PASSED] - click(findTestObject("V2/Commons/FirstUpdateCompanyAndPersonalInfoModal/confirmInfoSkip_button")): Object: 'Object Repository/V2/Commons/FirstUpdateCompanyAndPersonalInfoModal/confirmInfoSkip_button' is clicked on

2020-09-09 11:36:11 - [MESSAGE][PASSED] - Object: 'Object Repository/V2/Commons/FirstUpdateCompanyAndPersonalInfoModal/confirmInfoSkip_button' is clicked on

2020-09-09 11:36:11 - [TEST_STEP][PASSED] - waitForElementVisible(findTestObject("V2/Commons/FirstUpdateCompanyAndPersonalInfoModal/confirmPersonalInfoHeader_h1"), DefaultTimeout): Object 'Object Repository/V2/Commons/FirstUpdateCompanyAndPersonalInfoModal/confirmPersonalInfoHeader_h1' is visible

2020-09-09 11:36:11 - [MESSAGE][PASSED] - Object 'Object Repository/V2/Commons/FirstUpdateCompanyAndPersonalInfoModal/confirmPersonalInfoHeader_h1' is visible

2020-09-09 11:36:11 - [TEST_STEP][PASSED] - click(findTestObject("V2/Commons/FirstUpdateCompanyAndPersonalInfoModal/confirmInfoSkip_button")): Object: 'Object Repository/V2/Commons/FirstUpdateCompanyAndPersonalInfoModal/confirmInfoSkip_button' is clicked on

2020-09-09 11:36:12 - [MESSAGE][PASSED] - Object: 'Object Repository/V2/Commons/FirstUpdateCompanyAndPersonalInfoModal/confirmInfoSkip_button' is clicked on

2020-09-09 11:36:12 - [TEST_STEP][PASSED] - waitForElementVisible(findTestObject("V2/Commons/FirstUpdateCompanyAndPersonalInfoModal/letsGetStarted_button"), DefaultTimeout): Object 'Object Repository/V2/Commons/FirstUpdateCompanyAndPersonalInfoModal/letsGetStarted_button' is visible

2020-09-09 11:36:13 - [MESSAGE][PASSED] - Object 'Object Repository/V2/Commons/FirstUpdateCompanyAndPersonalInfoModal/letsGetStarted_button' is visible

2020-09-09 11:36:13 - [TEST_STEP][PASSED] - click(findTestObject("V2/Commons/FirstUpdateCompanyAndPersonalInfoModal/letsGetStarted_button")): Object: 'Object Repository/V2/Commons/FirstUpdateCompanyAndPersonalInfoModal/letsGetStarted_button' is clicked on

2020-09-09 11:36:14 - [MESSAGE][PASSED] - Object: 'Object Repository/V2/Commons/FirstUpdateCompanyAndPersonalInfoModal/letsGetStarted_button' is clicked on

2020-09-09 11:36:14 - [MESSAGE][PASSED] - Call Test Case 'Test Cases/V2/Test Case/Pre-conditions/PRE_SkipCompanyAndPersonalProfileSetup' successfully

2020-09-09 11:36:14 - [TEST_STEP][PASSED] - supervisor_activationURL = tt_CustomKeywords.CustomKeywords.RegisterAndActivateSupervisorUserViaAPI(V2Url, orgID, supervisor_email, password, email, password, supervisor_fname, lastname): SUCCESFFULLY registered a new user via API. 
 Generated Activation Link: 
https://v2dev.traction.tools/activate?activationKey=c046a657-cfec-41ba-8d76-df10f41f2515&userId=1bd0faf9-e130-4908-8d9c-8fc6d2e4e511&orgId=124e3092-dbee-4c5f-ba75-3381828c693b&email=tractiontools.user001+ts5n30s3@gmail.com&isCreator=0

2020-09-09 11:36:20 - [MESSAGE][PASSED] - SUCCESFFULLY registered a new user via API. 
 Generated Activation Link: 
https://v2dev.traction.tools/activate?activationKey=c046a657-cfec-41ba-8d76-df10f41f2515&userId=1bd0faf9-e130-4908-8d9c-8fc6d2e4e511&orgId=124e3092-dbee-4c5f-ba75-3381828c693b&email=tractiontools.user001+ts5n30s3@gmail.com&isCreator=0

2020-09-09 11:36:20 - [TEST_STEP][PASSED] - callTestCase(findTestCase("V2/Test Case/Pre-conditions/PRE_ChangeUserPermissionViaManageUser"), ["showMenuItemsPath":"//div[@class='usercard__detail_container']/div[text()='%s']/ancestor::div[contains(@class,'usercard__content')]//button[@aria-label='Show Menu Items']", "user_email":supervisor_email, ... ], STOP_ON_FAILURE): Call Test Case 'Test Cases/V2/Test Case/Pre-conditions/PRE_ChangeUserPermissionViaManageUser' successfully

2020-09-09 11:36:20 - [TEST_CASE][PASSED] - Test Cases/V2/Test Case/Pre-conditions/PRE_ChangeUserPermissionViaManageUser: Test Cases/V2/Test Case/Pre-conditions/PRE_ChangeUserPermissionViaManageUser

2020-09-09 11:36:20 - [TEST_STEP][PASSED] - click(findTestObject("Object Repository/V2/Commons/ManageUsersPage/span_Company Settings")): Object: 'Object Repository/V2/Commons/ManageUsersPage/span_Company Settings' is clicked on

2020-09-09 11:36:20 - [MESSAGE][PASSED] - Object: 'Object Repository/V2/Commons/ManageUsersPage/span_Company Settings' is clicked on

2020-09-09 11:36:20 - [TEST_STEP][PASSED] - click(findTestObject("V2/Commons/DasboardPage_SidebarMenu/a_Manage Users")): Object: 'Object Repository/V2/Commons/DasboardPage_SidebarMenu/a_Manage Users' is clicked on

2020-09-09 11:36:21 - [MESSAGE][PASSED] - Object: 'Object Repository/V2/Commons/DasboardPage_SidebarMenu/a_Manage Users' is clicked on

2020-09-09 11:36:21 - [TEST_STEP][PASSED] - showMenuItemsObj = tt_CustomKeywords.CustomKeywords.CreateDynamicElement(showMenuItemsPath, user_email, "xpath"): Successfully created new dynamic object: //div[@class='usercard__detail_container']/div[text()='tractiontools.user001+ts5n30s3@gmail.com']/ancestor::div[contains(@class,'usercard__content')]//button[@aria-label='Show Menu Items']

2020-09-09 11:36:21 - [MESSAGE][PASSED] - Successfully created new dynamic object: //div[@class='usercard__detail_container']/div[text()='tractiontools.user001+ts5n30s3@gmail.com']/ancestor::div[contains(@class,'usercard__content')]//button[@aria-label='Show Menu Items']

2020-09-09 11:36:21 - [TEST_STEP][PASSED] - click(showMenuItemsObj): Object: '' is clicked on

2020-09-09 11:36:22 - [MESSAGE][PASSED] - Object: '' is clicked on

2020-09-09 11:36:22 - [TEST_STEP][PASSED] - click(findTestObject("Object Repository/V2/Commons/ManageUsersPage/div_Edit user")): Object: 'Object Repository/V2/Commons/ManageUsersPage/div_Edit user' is clicked on

2020-09-09 11:36:22 - [MESSAGE][PASSED] - Object: 'Object Repository/V2/Commons/ManageUsersPage/div_Edit user' is clicked on

2020-09-09 11:36:22 - [TEST_STEP][PASSED] - verifyElementPresent(findTestObject("V2/Commons/ManageUsersPage/div_PositionTitle"), DefaultTimeout): Object 'Object Repository/V2/Commons/ManageUsersPage/div_PositionTitle' is present

2020-09-09 11:36:23 - [MESSAGE][PASSED] - Object 'Object Repository/V2/Commons/ManageUsersPage/div_PositionTitle' is present

2020-09-09 11:36:23 - [TEST_STEP][PASSED] - setText(findTestObject("V2/Commons/ManageUsersPage/position_title_input"), position_title): Text 'QA Manager' is set on object 'Object Repository/V2/Commons/ManageUsersPage/position_title_input'

2020-09-09 11:36:23 - [MESSAGE][PASSED] - Text 'QA Manager' is set on object 'Object Repository/V2/Commons/ManageUsersPage/position_title_input'

2020-09-09 11:36:23 - [TEST_STEP][PASSED] - sendKeys(findTestObject("V2/Commons/ManageUsersPage/position_title_input"), Keys.chord(ENTER)): Keys 'ENTER + ' sent to object: 'Object Repository/V2/Commons/ManageUsersPage/position_title_input'

2020-09-09 11:36:24 - [MESSAGE][PASSED] - Keys 'ENTER + ' sent to object: 'Object Repository/V2/Commons/ManageUsersPage/position_title_input'

2020-09-09 11:36:24 - [TEST_STEP][PASSED] - if (permissionValue == "Employee"): null

2020-09-09 11:36:24 - [TEST_STEP][PASSED] - verifyElementPresent(findTestObject("Object Repository/V2/Commons/ManageUsersPage/div_User type"), DefaultTimeout): Object 'Object Repository/V2/Commons/ManageUsersPage/div_User type' is present

2020-09-09 11:36:24 - [MESSAGE][PASSED] - Object 'Object Repository/V2/Commons/ManageUsersPage/div_User type' is present

2020-09-09 11:36:24 - [TEST_STEP][PASSED] - click(findTestObject("Object Repository/V2/Commons/ManageUsersPage/input__orgRole")): Object: 'Object Repository/V2/Commons/ManageUsersPage/input__orgRole' is clicked on

2020-09-09 11:36:25 - [MESSAGE][PASSED] - Object: 'Object Repository/V2/Commons/ManageUsersPage/input__orgRole' is clicked on

2020-09-09 11:36:25 - [TEST_STEP][PASSED] - roleOptionObj = tt_CustomKeywords.CustomKeywords.CreateDynamicElement(roleOption, permissionValue, "xpath"): Successfully created new dynamic object: //span[text()='Supervisor']/parent::div[@role='option']

2020-09-09 11:36:25 - [MESSAGE][PASSED] - Successfully created new dynamic object: //span[text()='Supervisor']/parent::div[@role='option']

2020-09-09 11:36:25 - [TEST_STEP][PASSED] - click(roleOptionObj): Object: '' is clicked on

2020-09-09 11:36:25 - [MESSAGE][PASSED] - Object: '' is clicked on

2020-09-09 11:36:25 - [TEST_STEP][PASSED] - click(findTestObject("Object Repository/V2/Commons/ManageUsersPage/div_Save")): Object: 'Object Repository/V2/Commons/ManageUsersPage/div_Save' is clicked on

2020-09-09 11:36:26 - [MESSAGE][PASSED] - Object: 'Object Repository/V2/Commons/ManageUsersPage/div_Save' is clicked on

2020-09-09 11:36:26 - [TEST_STEP][PASSED] - waitForElementVisible(findTestObject("V2/Commons/ManageUsersPage/h3_User Saved"), DefaultTimeout): Object 'Object Repository/V2/Commons/ManageUsersPage/h3_User Saved' is visible

2020-09-09 11:36:36 - [MESSAGE][PASSED] - Object 'Object Repository/V2/Commons/ManageUsersPage/h3_User Saved' is visible

2020-09-09 11:36:36 - [TEST_STEP][PASSED] - verifyElementVisible(findTestObject("Object Repository/V2/Commons/ManageUsersPage/h3_User Saved")): Object 'Object Repository/V2/Commons/ManageUsersPage/h3_User Saved' is visible

2020-09-09 11:36:36 - [MESSAGE][PASSED] - Object 'Object Repository/V2/Commons/ManageUsersPage/h3_User Saved' is visible

2020-09-09 11:36:36 - [MESSAGE][PASSED] - Call Test Case 'Test Cases/V2/Test Case/Pre-conditions/PRE_ChangeUserPermissionViaManageUser' successfully

2020-09-09 11:36:36 - [TEST_STEP][PASSED] - employee_activationURL = tt_CustomKeywords.CustomKeywords.RegisterAndActivateSupervisorUserViaAPI(V2Url, orgID, employee_email, password, email, password, employee_fname, lastname): SUCCESFFULLY registered a new user via API. 
 Generated Activation Link: 
https://v2dev.traction.tools/activate?activationKey=6cc6d7c4-04e5-482f-9fc7-c0c3b0a12571&userId=91a67606-0aed-426f-ab78-566a8f7a5190&orgId=124e3092-dbee-4c5f-ba75-3381828c693b&email=tractiontools.user001+te54lkh6@gmail.com&isCreator=0

2020-09-09 11:36:42 - [MESSAGE][PASSED] - SUCCESFFULLY registered a new user via API. 
 Generated Activation Link: 
https://v2dev.traction.tools/activate?activationKey=6cc6d7c4-04e5-482f-9fc7-c0c3b0a12571&userId=91a67606-0aed-426f-ab78-566a8f7a5190&orgId=124e3092-dbee-4c5f-ba75-3381828c693b&email=tractiontools.user001+te54lkh6@gmail.com&isCreator=0

2020-09-09 11:36:42 - [TEST_STEP][PASSED] - callTestCase(findTestCase("V2/Test Case/Pre-conditions/PRE_ChangeUserPermissionViaManageUser"), ["showMenuItemsPath":"//div[@class='usercard__detail_container']/div[text()='%s']/ancestor::div[contains(@class,'usercard__content')]//button[@aria-label='Show Menu Items']", "user_email":employee_email, ... ], STOP_ON_FAILURE): Call Test Case 'Test Cases/V2/Test Case/Pre-conditions/PRE_ChangeUserPermissionViaManageUser' successfully

2020-09-09 11:36:42 - [TEST_CASE][PASSED] - Test Cases/V2/Test Case/Pre-conditions/PRE_ChangeUserPermissionViaManageUser: Test Cases/V2/Test Case/Pre-conditions/PRE_ChangeUserPermissionViaManageUser

2020-09-09 11:36:42 - [TEST_STEP][PASSED] - click(findTestObject("Object Repository/V2/Commons/ManageUsersPage/span_Company Settings")): Object: 'Object Repository/V2/Commons/ManageUsersPage/span_Company Settings' is clicked on

2020-09-09 11:36:42 - [MESSAGE][PASSED] - Object: 'Object Repository/V2/Commons/ManageUsersPage/span_Company Settings' is clicked on

2020-09-09 11:36:42 - [TEST_STEP][PASSED] - click(findTestObject("V2/Commons/DasboardPage_SidebarMenu/a_Manage Users")): Object: 'Object Repository/V2/Commons/DasboardPage_SidebarMenu/a_Manage Users' is clicked on

2020-09-09 11:36:43 - [MESSAGE][PASSED] - Object: 'Object Repository/V2/Commons/DasboardPage_SidebarMenu/a_Manage Users' is clicked on

2020-09-09 11:36:43 - [TEST_STEP][PASSED] - showMenuItemsObj = tt_CustomKeywords.CustomKeywords.CreateDynamicElement(showMenuItemsPath, user_email, "xpath"): Successfully created new dynamic object: //div[@class='usercard__detail_container']/div[text()='tractiontools.user001+te54lkh6@gmail.com']/ancestor::div[contains(@class,'usercard__content')]//button[@aria-label='Show Menu Items']

2020-09-09 11:36:43 - [MESSAGE][PASSED] - Successfully created new dynamic object: //div[@class='usercard__detail_container']/div[text()='tractiontools.user001+te54lkh6@gmail.com']/ancestor::div[contains(@class,'usercard__content')]//button[@aria-label='Show Menu Items']

2020-09-09 11:36:43 - [TEST_STEP][PASSED] - click(showMenuItemsObj): Object: '' is clicked on

2020-09-09 11:36:43 - [MESSAGE][PASSED] - Object: '' is clicked on

2020-09-09 11:36:43 - [TEST_STEP][PASSED] - click(findTestObject("Object Repository/V2/Commons/ManageUsersPage/div_Edit user")): Object: 'Object Repository/V2/Commons/ManageUsersPage/div_Edit user' is clicked on

2020-09-09 11:36:44 - [MESSAGE][PASSED] - Object: 'Object Repository/V2/Commons/ManageUsersPage/div_Edit user' is clicked on

2020-09-09 11:36:44 - [TEST_STEP][PASSED] - verifyElementPresent(findTestObject("V2/Commons/ManageUsersPage/div_PositionTitle"), DefaultTimeout): Object 'Object Repository/V2/Commons/ManageUsersPage/div_PositionTitle' is present

2020-09-09 11:36:44 - [MESSAGE][PASSED] - Object 'Object Repository/V2/Commons/ManageUsersPage/div_PositionTitle' is present

2020-09-09 11:36:44 - [TEST_STEP][PASSED] - setText(findTestObject("V2/Commons/ManageUsersPage/position_title_input"), position_title): Text 'Quality Assurance' is set on object 'Object Repository/V2/Commons/ManageUsersPage/position_title_input'

2020-09-09 11:36:45 - [MESSAGE][PASSED] - Text 'Quality Assurance' is set on object 'Object Repository/V2/Commons/ManageUsersPage/position_title_input'

2020-09-09 11:36:45 - [TEST_STEP][PASSED] - sendKeys(findTestObject("V2/Commons/ManageUsersPage/position_title_input"), Keys.chord(ENTER)): Keys 'ENTER + ' sent to object: 'Object Repository/V2/Commons/ManageUsersPage/position_title_input'

2020-09-09 11:36:45 - [MESSAGE][PASSED] - Keys 'ENTER + ' sent to object: 'Object Repository/V2/Commons/ManageUsersPage/position_title_input'

2020-09-09 11:36:45 - [TEST_STEP][PASSED] - if (permissionValue == "Employee"): Keys 'ENTER + ' sent to object: 'Object Repository/V2/Commons/ManageUsersPage/supervisor_input'

2020-09-09 11:36:45 - [TEST_STEP][PASSED] - verifyElementPresent(findTestObject("V2/Commons/ManageUsersPage/supervisor_input"), DefaultTimeout): Object 'Object Repository/V2/Commons/ManageUsersPage/supervisor_input' is present

2020-09-09 11:36:46 - [MESSAGE][PASSED] - Object 'Object Repository/V2/Commons/ManageUsersPage/supervisor_input' is present

2020-09-09 11:36:46 - [TEST_STEP][PASSED] - setText(findTestObject("V2/Commons/ManageUsersPage/supervisor_input"), user_supervisorName): Text 'Supervisor User' is set on object 'Object Repository/V2/Commons/ManageUsersPage/supervisor_input'

2020-09-09 11:36:46 - [MESSAGE][PASSED] - Text 'Supervisor User' is set on object 'Object Repository/V2/Commons/ManageUsersPage/supervisor_input'

2020-09-09 11:36:46 - [TEST_STEP][PASSED] - sendKeys(findTestObject("V2/Commons/ManageUsersPage/supervisor_input"), Keys.chord(ENTER)): Keys 'ENTER + ' sent to object: 'Object Repository/V2/Commons/ManageUsersPage/supervisor_input'

2020-09-09 11:36:47 - [MESSAGE][PASSED] - Keys 'ENTER + ' sent to object: 'Object Repository/V2/Commons/ManageUsersPage/supervisor_input'

2020-09-09 11:36:47 - [TEST_STEP][PASSED] - verifyElementPresent(findTestObject("Object Repository/V2/Commons/ManageUsersPage/div_User type"), DefaultTimeout): Object 'Object Repository/V2/Commons/ManageUsersPage/div_User type' is present

2020-09-09 11:36:47 - [MESSAGE][PASSED] - Object 'Object Repository/V2/Commons/ManageUsersPage/div_User type' is present

2020-09-09 11:36:47 - [TEST_STEP][PASSED] - click(findTestObject("Object Repository/V2/Commons/ManageUsersPage/input__orgRole")): Object: 'Object Repository/V2/Commons/ManageUsersPage/input__orgRole' is clicked on

2020-09-09 11:36:47 - [MESSAGE][PASSED] - Object: 'Object Repository/V2/Commons/ManageUsersPage/input__orgRole' is clicked on

2020-09-09 11:36:47 - [TEST_STEP][PASSED] - roleOptionObj = tt_CustomKeywords.CustomKeywords.CreateDynamicElement(roleOption, permissionValue, "xpath"): Successfully created new dynamic object: //span[text()='Employee']/parent::div[@role='option']

2020-09-09 11:36:47 - [MESSAGE][PASSED] - Successfully created new dynamic object: //span[text()='Employee']/parent::div[@role='option']

2020-09-09 11:36:47 - [TEST_STEP][PASSED] - click(roleOptionObj): Object: '' is clicked on

2020-09-09 11:36:48 - [MESSAGE][PASSED] - Object: '' is clicked on

2020-09-09 11:36:48 - [TEST_STEP][PASSED] - click(findTestObject("Object Repository/V2/Commons/ManageUsersPage/div_Save")): Object: 'Object Repository/V2/Commons/ManageUsersPage/div_Save' is clicked on

2020-09-09 11:36:48 - [MESSAGE][PASSED] - Object: 'Object Repository/V2/Commons/ManageUsersPage/div_Save' is clicked on

2020-09-09 11:36:48 - [TEST_STEP][PASSED] - waitForElementVisible(findTestObject("V2/Commons/ManageUsersPage/h3_User Saved"), DefaultTimeout): Object 'Object Repository/V2/Commons/ManageUsersPage/h3_User Saved' is visible

2020-09-09 11:37:00 - [MESSAGE][PASSED] - Object 'Object Repository/V2/Commons/ManageUsersPage/h3_User Saved' is visible

2020-09-09 11:37:00 - [TEST_STEP][PASSED] - verifyElementVisible(findTestObject("Object Repository/V2/Commons/ManageUsersPage/h3_User Saved")): Object 'Object Repository/V2/Commons/ManageUsersPage/h3_User Saved' is visible

2020-09-09 11:37:00 - [MESSAGE][PASSED] - Object 'Object Repository/V2/Commons/ManageUsersPage/h3_User Saved' is visible

2020-09-09 11:37:00 - [MESSAGE][PASSED] - Call Test Case 'Test Cases/V2/Test Case/Pre-conditions/PRE_ChangeUserPermissionViaManageUser' successfully

2020-09-09 11:37:00 - [TEST_STEP][PASSED] - callTestCase(findTestCase("V2/Test Case/Pre-conditions/PRE_ActivateNewUser"), ["activationURL":supervisor_activationURL, "email":supervisor_email, "password":password], STOP_ON_FAILURE): Call Test Case 'Test Cases/V2/Test Case/Pre-conditions/PRE_ActivateNewUser' successfully

2020-09-09 11:37:00 - [TEST_CASE][PASSED] - Test Cases/V2/Test Case/Pre-conditions/PRE_ActivateNewUser: Test Cases/V2/Test Case/Pre-conditions/PRE_ActivateNewUser

2020-09-09 11:37:00 - [TEST_STEP][PASSED] - navigateToUrl(activationURL): Navigate to 'https://v2dev.traction.tools/activate?activationKey=c046a657-cfec-41ba-8d76-df10f41f2515&userId=1bd0faf9-e130-4908-8d9c-8fc6d2e4e511&orgId=124e3092-dbee-4c5f-ba75-3381828c693b&email=tractiontools.user001+ts5n30s3@gmail.com&isCreator=0' successfully

2020-09-09 11:37:02 - [MESSAGE][PASSED] - Navigate to 'https://v2dev.traction.tools/activate?activationKey=c046a657-cfec-41ba-8d76-df10f41f2515&userId=1bd0faf9-e130-4908-8d9c-8fc6d2e4e511&orgId=124e3092-dbee-4c5f-ba75-3381828c693b&email=tractiontools.user001+ts5n30s3@gmail.com&isCreator=0' successfully

2020-09-09 11:37:02 - [TEST_STEP][PASSED] - waitForElementVisible(findTestObject("V2/Commons/ActivationPage/input_Email_email"), DefaultTimeout): Object 'Object Repository/V2/Commons/ActivationPage/input_Email_email' is visible

2020-09-09 11:37:03 - [MESSAGE][PASSED] - Object 'Object Repository/V2/Commons/ActivationPage/input_Email_email' is visible

2020-09-09 11:37:03 - [TEST_STEP][PASSED] - actual_email = getAttribute(findTestObject("Object Repository/V2/Commons/ActivationPage/input_Email_email"), "value"): Attribute 'value' of object 'Object Repository/V2/Commons/ActivationPage/input_Email_email' is: 'tractiontools.user001+ts5n30s3@gmail.com'

2020-09-09 11:37:03 - [MESSAGE][PASSED] - Attribute 'value' of object 'Object Repository/V2/Commons/ActivationPage/input_Email_email' is: 'tractiontools.user001+ts5n30s3@gmail.com'

2020-09-09 11:37:03 - [TEST_STEP][PASSED] - verifyMatch(actual_email, email, false): Actual text 'tractiontools.user001+ts5n30s3@gmail.com' and expected text 'tractiontools.user001+ts5n30s3@gmail.com' are matched 

2020-09-09 11:37:03 - [MESSAGE][PASSED] - Actual text 'tractiontools.user001+ts5n30s3@gmail.com' and expected text 'tractiontools.user001+ts5n30s3@gmail.com' are matched 

2020-09-09 11:37:03 - [TEST_STEP][PASSED] - setText(findTestObject("V2/Commons/ActivationPage/input_password"), password): Text 'Qwer123!' is set on object 'Object Repository/V2/Commons/ActivationPage/input_password'

2020-09-09 11:37:04 - [MESSAGE][PASSED] - Text 'Qwer123!' is set on object 'Object Repository/V2/Commons/ActivationPage/input_password'

2020-09-09 11:37:04 - [TEST_STEP][PASSED] - setText(findTestObject("Object Repository/V2/Commons/ActivationPage/input__passwordRepeat"), password): Text 'Qwer123!' is set on object 'Object Repository/V2/Commons/ActivationPage/input__passwordRepeat'

2020-09-09 11:37:05 - [MESSAGE][PASSED] - Text 'Qwer123!' is set on object 'Object Repository/V2/Commons/ActivationPage/input__passwordRepeat'

2020-09-09 11:37:05 - [TEST_STEP][PASSED] - click(findTestObject("V2/Commons/ActivationPage/input_termsandconditions")): Object: 'Object Repository/V2/Commons/ActivationPage/input_termsandconditions' is clicked on

2020-09-09 11:37:05 - [MESSAGE][PASSED] - Object: 'Object Repository/V2/Commons/ActivationPage/input_termsandconditions' is clicked on

2020-09-09 11:37:05 - [TEST_STEP][PASSED] - click(findTestObject("Object Repository/V2/Commons/ActivationPage/div_Create account")): Object: 'Object Repository/V2/Commons/ActivationPage/div_Create account' is clicked on

2020-09-09 11:37:06 - [MESSAGE][PASSED] - Object: 'Object Repository/V2/Commons/ActivationPage/div_Create account' is clicked on

2020-09-09 11:37:06 - [TEST_STEP][PASSED] - waitForElementPresent(findTestObject("V2/Commons/DasboardPage_SidebarMenu/img_Home_logo-big"), DefaultTimeout): Object 'Object Repository/V2/Commons/DasboardPage_SidebarMenu/img_Home_logo-big' is present

2020-09-09 11:37:10 - [MESSAGE][PASSED] - Object 'Object Repository/V2/Commons/DasboardPage_SidebarMenu/img_Home_logo-big' is present

2020-09-09 11:37:10 - [TEST_STEP][PASSED] - verifyElementPresent(findTestObject("V2/Commons/DasboardPage_SidebarMenu/img_Home_logo-big"), 0): Object 'Object Repository/V2/Commons/DasboardPage_SidebarMenu/img_Home_logo-big' is present

2020-09-09 11:37:10 - [MESSAGE][WARNING] - Timeout '0' is invalid. Using default page load timeout: '30'

2020-09-09 11:37:11 - [MESSAGE][PASSED] - Object 'Object Repository/V2/Commons/DasboardPage_SidebarMenu/img_Home_logo-big' is present

2020-09-09 11:37:11 - [MESSAGE][PASSED] - Call Test Case 'Test Cases/V2/Test Case/Pre-conditions/PRE_ActivateNewUser' successfully

2020-09-09 11:37:11 - [TEST_STEP][PASSED] - callTestCase(findTestCase("V2/Test Case/Pre-conditions/PRE_SkipPersonalProfileSetup"), [:], STOP_ON_FAILURE): Call Test Case 'Test Cases/V2/Test Case/Pre-conditions/PRE_SkipPersonalProfileSetup' successfully

2020-09-09 11:37:11 - [TEST_CASE][PASSED] - Test Cases/V2/Test Case/Pre-conditions/PRE_SkipPersonalProfileSetup: Test Cases/V2/Test Case/Pre-conditions/PRE_SkipPersonalProfileSetup

2020-09-09 11:37:11 - [TEST_STEP][PASSED] - waitForElementVisible(findTestObject("V2/Commons/FirstUpdateCompanyAndPersonalInfoModal/confirmPersonalInfoHeader_h1"), DefaultTimeout): Object 'Object Repository/V2/Commons/FirstUpdateCompanyAndPersonalInfoModal/confirmPersonalInfoHeader_h1' is visible

2020-09-09 11:37:12 - [MESSAGE][PASSED] - Object 'Object Repository/V2/Commons/FirstUpdateCompanyAndPersonalInfoModal/confirmPersonalInfoHeader_h1' is visible

2020-09-09 11:37:12 - [TEST_STEP][PASSED] - click(findTestObject("V2/Commons/FirstUpdateCompanyAndPersonalInfoModal/confirmInfoSkip_button")): Object: 'Object Repository/V2/Commons/FirstUpdateCompanyAndPersonalInfoModal/confirmInfoSkip_button' is clicked on

2020-09-09 11:37:12 - [MESSAGE][PASSED] - Object: 'Object Repository/V2/Commons/FirstUpdateCompanyAndPersonalInfoModal/confirmInfoSkip_button' is clicked on

2020-09-09 11:37:12 - [TEST_STEP][PASSED] - waitForElementVisible(findTestObject("V2/Commons/FirstUpdateCompanyAndPersonalInfoModal/letsGetStarted_button"), DefaultTimeout): Object 'Object Repository/V2/Commons/FirstUpdateCompanyAndPersonalInfoModal/letsGetStarted_button' is visible

2020-09-09 11:37:13 - [MESSAGE][PASSED] - Object 'Object Repository/V2/Commons/FirstUpdateCompanyAndPersonalInfoModal/letsGetStarted_button' is visible

2020-09-09 11:37:13 - [TEST_STEP][PASSED] - click(findTestObject("V2/Commons/FirstUpdateCompanyAndPersonalInfoModal/letsGetStarted_button")): Object: 'Object Repository/V2/Commons/FirstUpdateCompanyAndPersonalInfoModal/letsGetStarted_button' is clicked on

2020-09-09 11:37:13 - [MESSAGE][PASSED] - Object: 'Object Repository/V2/Commons/FirstUpdateCompanyAndPersonalInfoModal/letsGetStarted_button' is clicked on

2020-09-09 11:37:13 - [MESSAGE][PASSED] - Call Test Case 'Test Cases/V2/Test Case/Pre-conditions/PRE_SkipPersonalProfileSetup' successfully

2020-09-09 11:37:13 - [TEST_STEP][PASSED] - callTestCase(findTestCase("V2/Test Case/Pre-conditions/PRE_ActivateNewUser"), ["activationURL":employee_activationURL, "email":employee_email, "password":password], STOP_ON_FAILURE): Call Test Case 'Test Cases/V2/Test Case/Pre-conditions/PRE_ActivateNewUser' successfully

2020-09-09 11:37:13 - [TEST_CASE][PASSED] - Test Cases/V2/Test Case/Pre-conditions/PRE_ActivateNewUser: Test Cases/V2/Test Case/Pre-conditions/PRE_ActivateNewUser

2020-09-09 11:37:13 - [TEST_STEP][PASSED] - navigateToUrl(activationURL): Navigate to 'https://v2dev.traction.tools/activate?activationKey=6cc6d7c4-04e5-482f-9fc7-c0c3b0a12571&userId=91a67606-0aed-426f-ab78-566a8f7a5190&orgId=124e3092-dbee-4c5f-ba75-3381828c693b&email=tractiontools.user001+te54lkh6@gmail.com&isCreator=0' successfully

2020-09-09 11:37:16 - [MESSAGE][PASSED] - Navigate to 'https://v2dev.traction.tools/activate?activationKey=6cc6d7c4-04e5-482f-9fc7-c0c3b0a12571&userId=91a67606-0aed-426f-ab78-566a8f7a5190&orgId=124e3092-dbee-4c5f-ba75-3381828c693b&email=tractiontools.user001+te54lkh6@gmail.com&isCreator=0' successfully

2020-09-09 11:37:16 - [TEST_STEP][PASSED] - waitForElementVisible(findTestObject("V2/Commons/ActivationPage/input_Email_email"), DefaultTimeout): Object 'Object Repository/V2/Commons/ActivationPage/input_Email_email' is visible

2020-09-09 11:37:17 - [MESSAGE][PASSED] - Object 'Object Repository/V2/Commons/ActivationPage/input_Email_email' is visible

2020-09-09 11:37:17 - [TEST_STEP][PASSED] - actual_email = getAttribute(findTestObject("Object Repository/V2/Commons/ActivationPage/input_Email_email"), "value"): Attribute 'value' of object 'Object Repository/V2/Commons/ActivationPage/input_Email_email' is: 'tractiontools.user001+te54lkh6@gmail.com'

2020-09-09 11:37:17 - [MESSAGE][PASSED] - Attribute 'value' of object 'Object Repository/V2/Commons/ActivationPage/input_Email_email' is: 'tractiontools.user001+te54lkh6@gmail.com'

2020-09-09 11:37:17 - [TEST_STEP][PASSED] - verifyMatch(actual_email, email, false): Actual text 'tractiontools.user001+te54lkh6@gmail.com' and expected text 'tractiontools.user001+te54lkh6@gmail.com' are matched 

2020-09-09 11:37:17 - [MESSAGE][PASSED] - Actual text 'tractiontools.user001+te54lkh6@gmail.com' and expected text 'tractiontools.user001+te54lkh6@gmail.com' are matched 

2020-09-09 11:37:17 - [TEST_STEP][PASSED] - setText(findTestObject("V2/Commons/ActivationPage/input_password"), password): Text 'Qwer123!' is set on object 'Object Repository/V2/Commons/ActivationPage/input_password'

2020-09-09 11:37:17 - [MESSAGE][PASSED] - Text 'Qwer123!' is set on object 'Object Repository/V2/Commons/ActivationPage/input_password'

2020-09-09 11:37:17 - [TEST_STEP][PASSED] - setText(findTestObject("Object Repository/V2/Commons/ActivationPage/input__passwordRepeat"), password): Text 'Qwer123!' is set on object 'Object Repository/V2/Commons/ActivationPage/input__passwordRepeat'

2020-09-09 11:37:18 - [MESSAGE][PASSED] - Text 'Qwer123!' is set on object 'Object Repository/V2/Commons/ActivationPage/input__passwordRepeat'

2020-09-09 11:37:18 - [TEST_STEP][PASSED] - click(findTestObject("V2/Commons/ActivationPage/input_termsandconditions")): Object: 'Object Repository/V2/Commons/ActivationPage/input_termsandconditions' is clicked on

2020-09-09 11:37:19 - [MESSAGE][PASSED] - Object: 'Object Repository/V2/Commons/ActivationPage/input_termsandconditions' is clicked on

2020-09-09 11:37:19 - [TEST_STEP][PASSED] - click(findTestObject("Object Repository/V2/Commons/ActivationPage/div_Create account")): Object: 'Object Repository/V2/Commons/ActivationPage/div_Create account' is clicked on

2020-09-09 11:37:19 - [MESSAGE][PASSED] - Object: 'Object Repository/V2/Commons/ActivationPage/div_Create account' is clicked on

2020-09-09 11:37:19 - [TEST_STEP][PASSED] - waitForElementPresent(findTestObject("V2/Commons/DasboardPage_SidebarMenu/img_Home_logo-big"), DefaultTimeout): Object 'Object Repository/V2/Commons/DasboardPage_SidebarMenu/img_Home_logo-big' is present

2020-09-09 11:37:24 - [MESSAGE][PASSED] - Object 'Object Repository/V2/Commons/DasboardPage_SidebarMenu/img_Home_logo-big' is present

2020-09-09 11:37:24 - [TEST_STEP][PASSED] - verifyElementPresent(findTestObject("V2/Commons/DasboardPage_SidebarMenu/img_Home_logo-big"), 0): Object 'Object Repository/V2/Commons/DasboardPage_SidebarMenu/img_Home_logo-big' is present

2020-09-09 11:37:24 - [MESSAGE][WARNING] - Timeout '0' is invalid. Using default page load timeout: '30'

2020-09-09 11:37:24 - [MESSAGE][PASSED] - Object 'Object Repository/V2/Commons/DasboardPage_SidebarMenu/img_Home_logo-big' is present

2020-09-09 11:37:24 - [MESSAGE][PASSED] - Call Test Case 'Test Cases/V2/Test Case/Pre-conditions/PRE_ActivateNewUser' successfully

2020-09-09 11:37:24 - [TEST_STEP][PASSED] - callTestCase(findTestCase("V2/Test Case/Pre-conditions/PRE_SkipPersonalProfileSetup"), [:], STOP_ON_FAILURE): Call Test Case 'Test Cases/V2/Test Case/Pre-conditions/PRE_SkipPersonalProfileSetup' successfully

2020-09-09 11:37:24 - [TEST_CASE][PASSED] - Test Cases/V2/Test Case/Pre-conditions/PRE_SkipPersonalProfileSetup: Test Cases/V2/Test Case/Pre-conditions/PRE_SkipPersonalProfileSetup

2020-09-09 11:37:24 - [TEST_STEP][PASSED] - waitForElementVisible(findTestObject("V2/Commons/FirstUpdateCompanyAndPersonalInfoModal/confirmPersonalInfoHeader_h1"), DefaultTimeout): Object 'Object Repository/V2/Commons/FirstUpdateCompanyAndPersonalInfoModal/confirmPersonalInfoHeader_h1' is visible

2020-09-09 11:37:25 - [MESSAGE][PASSED] - Object 'Object Repository/V2/Commons/FirstUpdateCompanyAndPersonalInfoModal/confirmPersonalInfoHeader_h1' is visible

2020-09-09 11:37:25 - [TEST_STEP][PASSED] - click(findTestObject("V2/Commons/FirstUpdateCompanyAndPersonalInfoModal/confirmInfoSkip_button")): Object: 'Object Repository/V2/Commons/FirstUpdateCompanyAndPersonalInfoModal/confirmInfoSkip_button' is clicked on

2020-09-09 11:37:26 - [MESSAGE][PASSED] - Object: 'Object Repository/V2/Commons/FirstUpdateCompanyAndPersonalInfoModal/confirmInfoSkip_button' is clicked on

2020-09-09 11:37:26 - [TEST_STEP][PASSED] - waitForElementVisible(findTestObject("V2/Commons/FirstUpdateCompanyAndPersonalInfoModal/letsGetStarted_button"), DefaultTimeout): Object 'Object Repository/V2/Commons/FirstUpdateCompanyAndPersonalInfoModal/letsGetStarted_button' is visible

2020-09-09 11:37:27 - [MESSAGE][PASSED] - Object 'Object Repository/V2/Commons/FirstUpdateCompanyAndPersonalInfoModal/letsGetStarted_button' is visible

2020-09-09 11:37:27 - [TEST_STEP][PASSED] - click(findTestObject("V2/Commons/FirstUpdateCompanyAndPersonalInfoModal/letsGetStarted_button")): Object: 'Object Repository/V2/Commons/FirstUpdateCompanyAndPersonalInfoModal/letsGetStarted_button' is clicked on

2020-09-09 11:37:27 - [MESSAGE][PASSED] - Object: 'Object Repository/V2/Commons/FirstUpdateCompanyAndPersonalInfoModal/letsGetStarted_button' is clicked on

2020-09-09 11:37:27 - [MESSAGE][PASSED] - Call Test Case 'Test Cases/V2/Test Case/Pre-conditions/PRE_SkipPersonalProfileSetup' successfully

2020-09-09 11:37:27 - [MESSAGE][PASSED] - Call Test Case 'Test Cases/V2/Test Case/Pre-conditions/PRE_RegisterAndActivateTTUsers' successfully

2020-09-09 11:37:27 - [TEST_STEP][PASSED] - closeBrowser(): Browser is closed

2020-09-09 11:37:28 - [MESSAGE][PASSED] - Browser is closed

2020-09-09 11:37:28 - [TEST_STEP][PASSED] - path = System.getProperty("user.dir"): null

2020-09-09 11:37:28 - [TEST_STEP][PASSED] - System.setProperty("webdriver.chrome.driver", "C:\Users\Aaron-PC\Documents\Traction Tools\Katalon\Katalon_Studio_Windows_64-7.6.2\Katalon_Studio_Windows_64-7.6.2\configuration\resources\drivers\chromedriver_win32\chromedriver.exe"): null

2020-09-09 11:37:28 - [TEST_STEP][PASSED] - driver1 = new org.openqa.selenium.chrome.ChromeDriver(): null

2020-09-09 11:37:31 - [TEST_STEP][PASSED] - changeWebDriver(driver1): null

2020-09-09 11:37:31 - [TEST_STEP][PASSED] - maximizeWindow(): Current window maximized

2020-09-09 11:37:33 - [MESSAGE][PASSED] - Current window maximized

2020-09-09 11:37:33 - [TEST_STEP][PASSED] - navigateToUrl(V2Url): Navigate to 'https://v2dev.traction.tools' successfully

2020-09-09 11:37:34 - [MESSAGE][PASSED] - Navigate to 'https://v2dev.traction.tools' successfully

2020-09-09 11:37:34 - [TEST_STEP][PASSED] - callTestCase(findTestCase("V2/Test Case/Pre-conditions/PRE_LoginToTractionToolsApplication"), ["username":email, "password":password], STOP_ON_FAILURE): Call Test Case 'Test Cases/V2/Test Case/Pre-conditions/PRE_LoginToTractionToolsApplication' successfully

2020-09-09 11:37:34 - [TEST_CASE][PASSED] - Test Cases/V2/Test Case/Pre-conditions/PRE_LoginToTractionToolsApplication: Test Cases/V2/Test Case/Pre-conditions/PRE_LoginToTractionToolsApplication

2020-09-09 11:37:35 - [TEST_STEP][PASSED] - setText(findTestObject("V2/Commons/LoginPage/input__username"), username): Text 'tractiontools.user001+ta5r799g@gmail.com' is set on object 'Object Repository/V2/Commons/LoginPage/input__username'

2020-09-09 11:37:42 - [MESSAGE][PASSED] - Text 'tractiontools.user001+ta5r799g@gmail.com' is set on object 'Object Repository/V2/Commons/LoginPage/input__username'

2020-09-09 11:37:42 - [TEST_STEP][PASSED] - setText(findTestObject("V2/Commons/LoginPage/input__password"), password): Text 'Qwer123!' is set on object 'Object Repository/V2/Commons/LoginPage/input__password'

2020-09-09 11:37:42 - [MESSAGE][PASSED] - Text 'Qwer123!' is set on object 'Object Repository/V2/Commons/LoginPage/input__password'

2020-09-09 11:37:42 - [TEST_STEP][PASSED] - click(findTestObject("V2/Commons/LoginPage/div_Login")): Object: 'Object Repository/V2/Commons/LoginPage/div_Login' is clicked on

2020-09-09 11:38:13 - [MESSAGE][INFO] - Unable to find the element located by 'By.xpath: //div[@id='root']/div/div/div[2]/div/form/button'. Please recheck the objects properties to make sure the desired element is located. 

2020-09-09 11:38:13 - [MESSAGE][WARNING] - [SELF-HEALING] Failed to find element with id 'Object Repository/V2/Commons/LoginPage/div_Login'. Try using Self-healing.

2020-09-09 11:38:13 - [MESSAGE][WARNING] - [SELF-HEALING] The current locator of test object 'Object Repository/V2/Commons/LoginPage/div_Login' was broken. Propose an alternative one: '(.//*[normalize-space(text()) and normalize-space(.)='*'])[2]/following::div[3]'.

2020-09-09 11:38:13 - [MESSAGE][PASSED] - Object: 'Object Repository/V2/Commons/LoginPage/div_Login' is clicked on

2020-09-09 11:38:13 - [TEST_STEP][PASSED] - waitForElementVisible(findTestObject("V2/Commons/DasboardPage_SidebarMenu/img_Home_logo-big"), DefaultTimeout): Object 'Object Repository/V2/Commons/DasboardPage_SidebarMenu/img_Home_logo-big' is visible

2020-09-09 11:38:18 - [MESSAGE][PASSED] - Object 'Object Repository/V2/Commons/DasboardPage_SidebarMenu/img_Home_logo-big' is visible

2020-09-09 11:38:18 - [TEST_STEP][PASSED] - verifyElementVisible(findTestObject("V2/Commons/DasboardPage_SidebarMenu/img_Home_logo-big"), STOP_ON_FAILURE): Object 'Object Repository/V2/Commons/DasboardPage_SidebarMenu/img_Home_logo-big' is visible

2020-09-09 11:38:18 - [MESSAGE][PASSED] - Object 'Object Repository/V2/Commons/DasboardPage_SidebarMenu/img_Home_logo-big' is visible

2020-09-09 11:38:18 - [MESSAGE][INFO] - 

2020-09-09 11:38:18 - [MESSAGE][INFO] - ===================== Self-healing Report ====================

2020-09-09 11:38:18 - [MESSAGE][INFO] - One of the failed test object locators has been recovered by Self-healing. Please refer to the Self-healing Insights tab for more details.

2020-09-09 11:38:18 - [MESSAGE][INFO] - To learn more about Self-healing, please read https://docs.katalon.com/katalon-studio/docs/self-healing.html

2020-09-09 11:38:18 - [MESSAGE][INFO] - ==============================================================

2020-09-09 11:38:18 - [MESSAGE][PASSED] - Call Test Case 'Test Cases/V2/Test Case/Pre-conditions/PRE_LoginToTractionToolsApplication' successfully

2020-09-09 11:38:18 - [TEST_STEP][PASSED] - driver2 = new org.openqa.selenium.chrome.ChromeDriver(): null

2020-09-09 11:38:21 - [TEST_STEP][PASSED] - changeWebDriver(driver2): null

2020-09-09 11:38:21 - [TEST_STEP][PASSED] - maximizeWindow(): Current window maximized

2020-09-09 11:38:23 - [MESSAGE][PASSED] - Current window maximized

2020-09-09 11:38:23 - [TEST_STEP][PASSED] - navigateToUrl(V2Url): Navigate to 'https://v2dev.traction.tools' successfully

2020-09-09 11:38:25 - [MESSAGE][PASSED] - Navigate to 'https://v2dev.traction.tools' successfully

2020-09-09 11:38:25 - [TEST_STEP][PASSED] - callTestCase(findTestCase("V2/Test Case/Pre-conditions/PRE_LoginToTractionToolsApplication"), ["username":supervisor_email, "password":password], STOP_ON_FAILURE): Call Test Case 'Test Cases/V2/Test Case/Pre-conditions/PRE_LoginToTractionToolsApplication' successfully

2020-09-09 11:38:25 - [TEST_CASE][PASSED] - Test Cases/V2/Test Case/Pre-conditions/PRE_LoginToTractionToolsApplication: Test Cases/V2/Test Case/Pre-conditions/PRE_LoginToTractionToolsApplication

2020-09-09 11:38:25 - [TEST_STEP][PASSED] - setText(findTestObject("V2/Commons/LoginPage/input__username"), username): Text 'tractiontools.user001+ts5n30s3@gmail.com' is set on object 'Object Repository/V2/Commons/LoginPage/input__username'

2020-09-09 11:38:38 - [MESSAGE][PASSED] - Text 'tractiontools.user001+ts5n30s3@gmail.com' is set on object 'Object Repository/V2/Commons/LoginPage/input__username'

2020-09-09 11:38:38 - [TEST_STEP][PASSED] - setText(findTestObject("V2/Commons/LoginPage/input__password"), password): Text 'Qwer123!' is set on object 'Object Repository/V2/Commons/LoginPage/input__password'

2020-09-09 11:38:39 - [MESSAGE][PASSED] - Text 'Qwer123!' is set on object 'Object Repository/V2/Commons/LoginPage/input__password'

2020-09-09 11:38:39 - [TEST_STEP][PASSED] - click(findTestObject("V2/Commons/LoginPage/div_Login")): Object: 'Object Repository/V2/Commons/LoginPage/div_Login' is clicked on

2020-09-09 11:39:10 - [MESSAGE][INFO] - Unable to find the element located by 'By.xpath: //div[@id='root']/div/div/div[2]/div/form/button'. Please recheck the objects properties to make sure the desired element is located. 

2020-09-09 11:39:10 - [MESSAGE][WARNING] - [SELF-HEALING] Failed to find element with id 'Object Repository/V2/Commons/LoginPage/div_Login'. Try using Self-healing.

2020-09-09 11:39:10 - [MESSAGE][WARNING] - [SELF-HEALING] The current locator of test object 'Object Repository/V2/Commons/LoginPage/div_Login' was broken. Propose an alternative one: '(.//*[normalize-space(text()) and normalize-space(.)='*'])[2]/following::div[3]'.

2020-09-09 11:39:10 - [MESSAGE][PASSED] - Object: 'Object Repository/V2/Commons/LoginPage/div_Login' is clicked on

2020-09-09 11:39:10 - [TEST_STEP][PASSED] - waitForElementVisible(findTestObject("V2/Commons/DasboardPage_SidebarMenu/img_Home_logo-big"), DefaultTimeout): Object 'Object Repository/V2/Commons/DasboardPage_SidebarMenu/img_Home_logo-big' is visible

2020-09-09 11:39:17 - [MESSAGE][PASSED] - Object 'Object Repository/V2/Commons/DasboardPage_SidebarMenu/img_Home_logo-big' is visible

2020-09-09 11:39:17 - [TEST_STEP][PASSED] - verifyElementVisible(findTestObject("V2/Commons/DasboardPage_SidebarMenu/img_Home_logo-big"), STOP_ON_FAILURE): Object 'Object Repository/V2/Commons/DasboardPage_SidebarMenu/img_Home_logo-big' is visible

2020-09-09 11:39:17 - [MESSAGE][PASSED] - Object 'Object Repository/V2/Commons/DasboardPage_SidebarMenu/img_Home_logo-big' is visible

2020-09-09 11:39:17 - [MESSAGE][INFO] - 

2020-09-09 11:39:17 - [MESSAGE][INFO] - ===================== Self-healing Report ====================

2020-09-09 11:39:17 - [MESSAGE][INFO] - One of the failed test object locators has been recovered by Self-healing. Please refer to the Self-healing Insights tab for more details.

2020-09-09 11:39:17 - [MESSAGE][INFO] - To learn more about Self-healing, please read https://docs.katalon.com/katalon-studio/docs/self-healing.html

2020-09-09 11:39:17 - [MESSAGE][INFO] - ==============================================================

2020-09-09 11:39:17 - [MESSAGE][PASSED] - Call Test Case 'Test Cases/V2/Test Case/Pre-conditions/PRE_LoginToTractionToolsApplication' successfully

2020-09-09 11:39:17 - [TEST_STEP][PASSED] - driver3 = new org.openqa.selenium.chrome.ChromeDriver(): null

2020-09-09 11:39:20 - [TEST_STEP][PASSED] - changeWebDriver(driver3): null

2020-09-09 11:39:20 - [TEST_STEP][PASSED] - maximizeWindow(): Current window maximized

2020-09-09 11:39:22 - [MESSAGE][PASSED] - Current window maximized

2020-09-09 11:39:22 - [TEST_STEP][PASSED] - navigateToUrl(V2Url): Navigate to 'https://v2dev.traction.tools' successfully

2020-09-09 11:39:24 - [MESSAGE][PASSED] - Navigate to 'https://v2dev.traction.tools' successfully

2020-09-09 11:39:24 - [TEST_STEP][PASSED] - callTestCase(findTestCase("V2/Test Case/Pre-conditions/PRE_LoginToTractionToolsApplication"), ["username":employee_email, "password":password], STOP_ON_FAILURE): Call Test Case 'Test Cases/V2/Test Case/Pre-conditions/PRE_LoginToTractionToolsApplication' successfully

2020-09-09 11:39:24 - [TEST_CASE][PASSED] - Test Cases/V2/Test Case/Pre-conditions/PRE_LoginToTractionToolsApplication: Test Cases/V2/Test Case/Pre-conditions/PRE_LoginToTractionToolsApplication

2020-09-09 11:39:24 - [TEST_STEP][PASSED] - setText(findTestObject("V2/Commons/LoginPage/input__username"), username): Text 'tractiontools.user001+te54lkh6@gmail.com' is set on object 'Object Repository/V2/Commons/LoginPage/input__username'

2020-09-09 11:39:31 - [MESSAGE][PASSED] - Text 'tractiontools.user001+te54lkh6@gmail.com' is set on object 'Object Repository/V2/Commons/LoginPage/input__username'

2020-09-09 11:39:31 - [TEST_STEP][PASSED] - setText(findTestObject("V2/Commons/LoginPage/input__password"), password): Text 'Qwer123!' is set on object 'Object Repository/V2/Commons/LoginPage/input__password'

2020-09-09 11:39:31 - [MESSAGE][PASSED] - Text 'Qwer123!' is set on object 'Object Repository/V2/Commons/LoginPage/input__password'

2020-09-09 11:39:31 - [TEST_STEP][PASSED] - click(findTestObject("V2/Commons/LoginPage/div_Login")): Object: 'Object Repository/V2/Commons/LoginPage/div_Login' is clicked on

2020-09-09 11:40:02 - [MESSAGE][INFO] - Unable to find the element located by 'By.xpath: //div[@id='root']/div/div/div[2]/div/form/button'. Please recheck the objects properties to make sure the desired element is located. 

2020-09-09 11:40:02 - [MESSAGE][WARNING] - [SELF-HEALING] Failed to find element with id 'Object Repository/V2/Commons/LoginPage/div_Login'. Try using Self-healing.

2020-09-09 11:40:02 - [MESSAGE][WARNING] - [SELF-HEALING] The current locator of test object 'Object Repository/V2/Commons/LoginPage/div_Login' was broken. Propose an alternative one: '(.//*[normalize-space(text()) and normalize-space(.)='*'])[2]/following::div[3]'.

2020-09-09 11:40:02 - [MESSAGE][PASSED] - Object: 'Object Repository/V2/Commons/LoginPage/div_Login' is clicked on

2020-09-09 11:40:02 - [TEST_STEP][PASSED] - waitForElementVisible(findTestObject("V2/Commons/DasboardPage_SidebarMenu/img_Home_logo-big"), DefaultTimeout): Object 'Object Repository/V2/Commons/DasboardPage_SidebarMenu/img_Home_logo-big' is visible

2020-09-09 11:40:06 - [MESSAGE][PASSED] - Object 'Object Repository/V2/Commons/DasboardPage_SidebarMenu/img_Home_logo-big' is visible

2020-09-09 11:40:06 - [TEST_STEP][PASSED] - verifyElementVisible(findTestObject("V2/Commons/DasboardPage_SidebarMenu/img_Home_logo-big"), STOP_ON_FAILURE): Object 'Object Repository/V2/Commons/DasboardPage_SidebarMenu/img_Home_logo-big' is visible

2020-09-09 11:40:06 - [MESSAGE][PASSED] - Object 'Object Repository/V2/Commons/DasboardPage_SidebarMenu/img_Home_logo-big' is visible

2020-09-09 11:40:06 - [MESSAGE][INFO] - 

2020-09-09 11:40:06 - [MESSAGE][INFO] - ===================== Self-healing Report ====================

2020-09-09 11:40:06 - [MESSAGE][INFO] - One of the failed test object locators has been recovered by Self-healing. Please refer to the Self-healing Insights tab for more details.

2020-09-09 11:40:06 - [MESSAGE][INFO] - To learn more about Self-healing, please read https://docs.katalon.com/katalon-studio/docs/self-healing.html

2020-09-09 11:40:06 - [MESSAGE][INFO] - ==============================================================

2020-09-09 11:40:06 - [MESSAGE][PASSED] - Call Test Case 'Test Cases/V2/Test Case/Pre-conditions/PRE_LoginToTractionToolsApplication' successfully

2020-09-09 11:40:06 - [TEST_STEP][PASSED] - changeWebDriver(driver1): null

2020-09-09 11:40:06 - [TEST_STEP][PASSED] - callTestCase(findTestCase("V2/Test Case/Pre-conditions/PRE_CreateL10Meeting"), ["meetingName":meetingName, "meetingAcronym":meetingAcronym, "meetingType":meetingType, "dropdownOptions_obj":"//div[@id='CREATE_MEETING_L10']//span[text()='%s']/parent::div[@role='option']", ... ], STOP_ON_FAILURE): Call Test Case 'Test Cases/V2/Test Case/Pre-conditions/PRE_CreateL10Meeting' successfully

2020-09-09 11:40:07 - [TEST_CASE][PASSED] - Test Cases/V2/Test Case/Pre-conditions/PRE_CreateL10Meeting: Test Cases/V2/Test Case/Pre-conditions/PRE_CreateL10Meeting

2020-09-09 11:40:07 - [TEST_STEP][PASSED] - click(findTestObject("V2/Commons/DasboardPage_SidebarMenu/MeetingsMenu")): Object: 'Object Repository/V2/Commons/DasboardPage_SidebarMenu/MeetingsMenu' is clicked on

2020-09-09 11:40:07 - [MESSAGE][PASSED] - Object: 'Object Repository/V2/Commons/DasboardPage_SidebarMenu/MeetingsMenu' is clicked on

2020-09-09 11:40:07 - [TEST_STEP][PASSED] - click(findTestObject("Object Repository/V2/Commons/MeetingListPage/div_Create a meeting")): Object: 'Object Repository/V2/Commons/MeetingListPage/div_Create a meeting' is clicked on

2020-09-09 11:40:07 - [MESSAGE][PASSED] - Object: 'Object Repository/V2/Commons/MeetingListPage/div_Create a meeting' is clicked on

2020-09-09 11:40:07 - [TEST_STEP][PASSED] - click(findTestObject("Object Repository/V2/Commons/MeetingListPage/button_Level 10")): Object: 'Object Repository/V2/Commons/MeetingListPage/button_Level 10' is clicked on

2020-09-09 11:40:07 - [MESSAGE][PASSED] - Object: 'Object Repository/V2/Commons/MeetingListPage/button_Level 10' is clicked on

2020-09-09 11:40:07 - [TEST_STEP][PASSED] - waitForElementVisible(findTestObject("V2/Commons/CreateL10MeetingDrawer/input__name"), DefaultTimeout): Object 'Object Repository/V2/Commons/CreateL10MeetingDrawer/input__name' is visible

2020-09-09 11:40:08 - [MESSAGE][PASSED] - Object 'Object Repository/V2/Commons/CreateL10MeetingDrawer/input__name' is visible

2020-09-09 11:40:08 - [TEST_STEP][PASSED] - setText(findTestObject("V2/Commons/CreateL10MeetingDrawer/input__name"), meetingName): Text 'Meeting Admin' is set on object 'Object Repository/V2/Commons/CreateL10MeetingDrawer/input__name'

2020-09-09 11:40:08 - [MESSAGE][PASSED] - Text 'Meeting Admin' is set on object 'Object Repository/V2/Commons/CreateL10MeetingDrawer/input__name'

2020-09-09 11:40:08 - [TEST_STEP][PASSED] - setText(findTestObject("V2/Commons/CreateL10MeetingDrawer/input__acronym"), meetingAcronym): Text 'CL10' is set on object 'Object Repository/V2/Commons/CreateL10MeetingDrawer/input__acronym'

2020-09-09 11:40:08 - [MESSAGE][PASSED] - Text 'CL10' is set on object 'Object Repository/V2/Commons/CreateL10MeetingDrawer/input__acronym'

2020-09-09 11:40:08 - [TEST_STEP][PASSED] - click(findTestObject("V2/Commons/CreateL10MeetingDrawer/input__typeOfMeeting")): Object: 'Object Repository/V2/Commons/CreateL10MeetingDrawer/input__typeOfMeeting' is clicked on

2020-09-09 11:40:08 - [MESSAGE][PASSED] - Object: 'Object Repository/V2/Commons/CreateL10MeetingDrawer/input__typeOfMeeting' is clicked on

2020-09-09 11:40:08 - [TEST_STEP][PASSED] - meetingTypeOption_Obj = tt_CustomKeywords.CustomKeywords.CreateDynamicElement(dropdownOptions_obj, meetingType, "xpath"): Successfully created new dynamic object: //div[@id='CREATE_MEETING_L10']//span[text()='Leadership']/parent::div[@role='option']

2020-09-09 11:40:08 - [MESSAGE][PASSED] - Successfully created new dynamic object: //div[@id='CREATE_MEETING_L10']//span[text()='Leadership']/parent::div[@role='option']

2020-09-09 11:40:08 - [TEST_STEP][PASSED] - click(meetingTypeOption_Obj): Object: '' is clicked on

2020-09-09 11:40:08 - [MESSAGE][PASSED] - Object: '' is clicked on

2020-09-09 11:40:08 - [TEST_STEP][PASSED] - click(findTestObject("V2/Commons/CreateL10MeetingDrawer/div_dayOfMeetingDropdownList")): Object: 'Object Repository/V2/Commons/CreateL10MeetingDrawer/div_dayOfMeetingDropdownList' is clicked on

2020-09-09 11:40:08 - [MESSAGE][PASSED] - Object: 'Object Repository/V2/Commons/CreateL10MeetingDrawer/div_dayOfMeetingDropdownList' is clicked on

2020-09-09 11:40:08 - [TEST_STEP][PASSED] - dayOfMeetingOption_Obj = tt_CustomKeywords.CustomKeywords.CreateDynamicElement(dropdownOptions_obj, dayOfMeeting, "xpath"): Successfully created new dynamic object: //div[@id='CREATE_MEETING_L10']//span[text()='Monday']/parent::div[@role='option']

2020-09-09 11:40:08 - [MESSAGE][PASSED] - Successfully created new dynamic object: //div[@id='CREATE_MEETING_L10']//span[text()='Monday']/parent::div[@role='option']

2020-09-09 11:40:08 - [TEST_STEP][PASSED] - click(dayOfMeetingOption_Obj): Object: '' is clicked on

2020-09-09 11:40:09 - [MESSAGE][PASSED] - Object: '' is clicked on

2020-09-09 11:40:09 - [TEST_STEP][PASSED] - click(findTestObject("V2/Commons/CreateL10MeetingDrawer/input_meetingTime")): Object: 'Object Repository/V2/Commons/CreateL10MeetingDrawer/input_meetingTime' is clicked on

2020-09-09 11:40:09 - [MESSAGE][PASSED] - Object: 'Object Repository/V2/Commons/CreateL10MeetingDrawer/input_meetingTime' is clicked on

2020-09-09 11:40:09 - [TEST_STEP][PASSED] - setText(findTestObject("V2/Commons/CreateL10MeetingDrawer/input_meetingTime"), meetingTime): Text '12:00' is set on object 'Object Repository/V2/Commons/CreateL10MeetingDrawer/input_meetingTime'

2020-09-09 11:40:09 - [MESSAGE][PASSED] - Text '12:00' is set on object 'Object Repository/V2/Commons/CreateL10MeetingDrawer/input_meetingTime'

2020-09-09 11:40:09 - [TEST_STEP][PASSED] - sendKeys(findTestObject("V2/Commons/CreateL10MeetingDrawer/input_meetingTime"), Keys.chord(TAB)): Keys 'TAB + ' sent to object: 'Object Repository/V2/Commons/CreateL10MeetingDrawer/input_meetingTime'

2020-09-09 11:40:09 - [MESSAGE][PASSED] - Keys 'TAB + ' sent to object: 'Object Repository/V2/Commons/CreateL10MeetingDrawer/input_meetingTime'

2020-09-09 11:40:09 - [TEST_STEP][PASSED] - click(findTestObject("V2/Commons/CreateL10MeetingDrawer/div_Create Meeting")): Object: 'Object Repository/V2/Commons/CreateL10MeetingDrawer/div_Create Meeting' is clicked on

2020-09-09 11:40:09 - [MESSAGE][PASSED] - Object: 'Object Repository/V2/Commons/CreateL10MeetingDrawer/div_Create Meeting' is clicked on

2020-09-09 11:40:09 - [TEST_STEP][PASSED] - waitForElementVisible(findTestObject("Object Repository/V2/Commons/MeetingListPage/div_Ill do this later"), DefaultTimeout): Object 'Object Repository/V2/Commons/MeetingListPage/div_Ill do this later' is visible

2020-09-09 11:40:43 - [MESSAGE][PASSED] - Object 'Object Repository/V2/Commons/MeetingListPage/div_Ill do this later' is visible

2020-09-09 11:40:43 - [TEST_STEP][PASSED] - verifyElementVisible(findTestObject("Object Repository/V2/Commons/MeetingListPage/div_Ill do this later"), STOP_ON_FAILURE): Object 'Object Repository/V2/Commons/MeetingListPage/div_Ill do this later' is visible

2020-09-09 11:40:43 - [MESSAGE][PASSED] - Object 'Object Repository/V2/Commons/MeetingListPage/div_Ill do this later' is visible

2020-09-09 11:40:43 - [TEST_STEP][PASSED] - click(findTestObject("Object Repository/V2/Commons/MeetingListPage/div_Ill do this later")): Object: 'Object Repository/V2/Commons/MeetingListPage/div_Ill do this later' is clicked on

2020-09-09 11:40:43 - [MESSAGE][PASSED] - Object: 'Object Repository/V2/Commons/MeetingListPage/div_Ill do this later' is clicked on

2020-09-09 11:40:43 - [TEST_STEP][PASSED] - meetingRecordObj = tt_CustomKeywords.CustomKeywords.CreateDynamicElement(meetingRecord_obj, meetingName, "xpath"): Successfully created new dynamic object: //div[@class='detailscontainer__block item']/h4[text()='Meeting Admin']

2020-09-09 11:40:43 - [MESSAGE][PASSED] - Successfully created new dynamic object: //div[@class='detailscontainer__block item']/h4[text()='Meeting Admin']

2020-09-09 11:40:43 - [TEST_STEP][PASSED] - verifyElementPresent(meetingRecordObj, DefaultTimeout): Object '' is present

2020-09-09 11:40:43 - [MESSAGE][PASSED] - Object '' is present

2020-09-09 11:40:43 - [MESSAGE][PASSED] - Call Test Case 'Test Cases/V2/Test Case/Pre-conditions/PRE_CreateL10Meeting' successfully

2020-09-09 11:40:43 - [TEST_STEP][PASSED] - callTestCase(findTestCase("V2/Test Case/Pre-conditions/PRE_AddAllAttendeesToMeeting"), ["meetingName":meetingName, "firstname":supervisor_fname, "lastname":lastname, "userOptionObj":"//span[text()='%s']/parent::div[@role='option']", ... ], STOP_ON_FAILURE): Call Test Case 'Test Cases/V2/Test Case/Pre-conditions/PRE_AddAllAttendeesToMeeting' successfully

2020-09-09 11:40:43 - [TEST_CASE][PASSED] - Test Cases/V2/Test Case/Pre-conditions/PRE_AddAllAttendeesToMeeting: Test Cases/V2/Test Case/Pre-conditions/PRE_AddAllAttendeesToMeeting

2020-09-09 11:40:43 - [TEST_STEP][PASSED] - click(findTestObject("V2/Commons/DasboardPage_SidebarMenu/MeetingsMenu")): Object: 'Object Repository/V2/Commons/DasboardPage_SidebarMenu/MeetingsMenu' is clicked on

2020-09-09 11:40:43 - [MESSAGE][PASSED] - Object: 'Object Repository/V2/Commons/DasboardPage_SidebarMenu/MeetingsMenu' is clicked on

2020-09-09 11:40:43 - [TEST_STEP][PASSED] - attendee_fullname = firstname + " " + lastname: null

2020-09-09 11:40:43 - [TEST_STEP][PASSED] - meetingOpt_Obj = tt_CustomKeywords.CustomKeywords.CreateDynamicElement(meetingOptions_obj, meetingName, "xpath"): Successfully created new dynamic object: //h4[text()='Meeting Admin']/ancestor::div[contains(@class,'ListContainer')]/div[@class='listcontainer__options']/button

2020-09-09 11:40:43 - [MESSAGE][PASSED] - Successfully created new dynamic object: //h4[text()='Meeting Admin']/ancestor::div[contains(@class,'ListContainer')]/div[@class='listcontainer__options']/button

2020-09-09 11:40:43 - [TEST_STEP][PASSED] - click(meetingOpt_Obj): Object: '' is clicked on

2020-09-09 11:40:43 - [MESSAGE][PASSED] - Object: '' is clicked on

2020-09-09 11:40:43 - [TEST_STEP][PASSED] - click(findTestObject("V2/Commons/MeetingListPage/a_Edit meeting")): Object: 'Object Repository/V2/Commons/MeetingListPage/a_Edit meeting' is clicked on

2020-09-09 11:40:44 - [MESSAGE][PASSED] - Object: 'Object Repository/V2/Commons/MeetingListPage/a_Edit meeting' is clicked on

2020-09-09 11:40:44 - [TEST_STEP][PASSED] - waitForElementPresent(findTestObject("V2/Commons/EditMeetingPage/div_Add users"), DefaultTimeout): Object 'Object Repository/V2/Commons/EditMeetingPage/div_Add users' is present

2020-09-09 11:40:45 - [MESSAGE][PASSED] - Object 'Object Repository/V2/Commons/EditMeetingPage/div_Add users' is present

2020-09-09 11:40:45 - [TEST_STEP][PASSED] - click(findTestObject("V2/Commons/EditMeetingPage/div_Add users")): Object: 'Object Repository/V2/Commons/EditMeetingPage/div_Add users' is clicked on

2020-09-09 11:40:45 - [MESSAGE][PASSED] - Object: 'Object Repository/V2/Commons/EditMeetingPage/div_Add users' is clicked on

2020-09-09 11:40:45 - [TEST_STEP][PASSED] - delay(15): Delayed 15 second(s)

2020-09-09 11:41:00 - [MESSAGE][PASSED] - Delayed 15 second(s)

2020-09-09 11:41:00 - [TEST_STEP][PASSED] - click(findTestObject("V2/Commons/EditMeetingPage/AddAttendeeUserDropdown")): Object: 'Object Repository/V2/Commons/EditMeetingPage/AddAttendeeUserDropdown' is clicked on

2020-09-09 11:41:00 - [MESSAGE][PASSED] - Object: 'Object Repository/V2/Commons/EditMeetingPage/AddAttendeeUserDropdown' is clicked on

2020-09-09 11:41:00 - [TEST_STEP][PASSED] - attendeeOpt_Obj = tt_CustomKeywords.CustomKeywords.CreateDynamicElement(userOptionObj, attendee_fullname, "xpath"): Successfully created new dynamic object: //span[text()='Supervisor User']/parent::div[@role='option']

2020-09-09 11:41:00 - [MESSAGE][PASSED] - Successfully created new dynamic object: //span[text()='Supervisor User']/parent::div[@role='option']

2020-09-09 11:41:00 - [TEST_STEP][PASSED] - attendeeObjCount = tt_CustomKeywords.CustomKeywords.CountElementInWebPageByDynamicElement(userOptionObj, attendee_fullname, "xpath"): Successfully get the element count. 
Element occurences in Webpage: 2

2020-09-09 11:41:00 - [MESSAGE][PASSED] - Successfully get the element count. 
Element occurences in Webpage: 2

2020-09-09 11:41:00 - [TEST_STEP][PASSED] - attendeeOptSCount = attendeeObjCount.toString(): null

2020-09-09 11:41:00 - [TEST_STEP][PASSED] - out.println(attendeeOptSCount): null

2020-09-09 11:41:00 - [TEST_STEP][PASSED] - attendeeObj_Xpath = attendeeOpt_Obj.findPropertyValue("xpath"): null

2020-09-09 11:41:00 - [TEST_STEP][PASSED] - newAttendeeOpt = "(" + attendeeObj_Xpath + ")[%s]": null

2020-09-09 11:41:00 - [TEST_STEP][PASSED] - out.println(newAttendeeOpt): null

2020-09-09 11:41:00 - [TEST_STEP][PASSED] - newAttendeeOpt_Obj = tt_CustomKeywords.CustomKeywords.CreateDynamicElement(newAttendeeOpt, attendeeOptSCount, "xpath"): Successfully created new dynamic object: (//span[text()='Supervisor User']/parent::div[@role='option'])[2]

2020-09-09 11:41:00 - [MESSAGE][PASSED] - Successfully created new dynamic object: (//span[text()='Supervisor User']/parent::div[@role='option'])[2]

2020-09-09 11:41:00 - [TEST_STEP][PASSED] - click(newAttendeeOpt_Obj): Object: '' is clicked on

2020-09-09 11:41:00 - [MESSAGE][PASSED] - Object: '' is clicked on

2020-09-09 11:41:00 - [TEST_STEP][PASSED] - waitForElementPresent(findTestObject("V2/Commons/EditMeetingPage/AddAttendeeSuccessNotif"), DefaultTimeout): Object 'Object Repository/V2/Commons/EditMeetingPage/AddAttendeeSuccessNotif' is present

2020-09-09 11:41:06 - [MESSAGE][PASSED] - Object 'Object Repository/V2/Commons/EditMeetingPage/AddAttendeeSuccessNotif' is present

2020-09-09 11:41:06 - [TEST_STEP][PASSED] - verifyElementPresent(findTestObject("V2/Commons/EditMeetingPage/AddAttendeeSuccessNotif"), DefaultTimeout): Object 'Object Repository/V2/Commons/EditMeetingPage/AddAttendeeSuccessNotif' is present

2020-09-09 11:41:06 - [MESSAGE][PASSED] - Object 'Object Repository/V2/Commons/EditMeetingPage/AddAttendeeSuccessNotif' is present

2020-09-09 11:41:06 - [TEST_STEP][PASSED] - permissionDrop_Obj = tt_CustomKeywords.CustomKeywords.CreateDynamicElement(permissionDropObj, attendee_fullname, "xpath"): Successfully created new dynamic object: //div[@role='alert' and text()='Supervisor User']/ancestor::div[@class='editAttendees__item']//button[contains(@aria-label,'assign')]/parent::div

2020-09-09 11:41:06 - [MESSAGE][PASSED] - Successfully created new dynamic object: //div[@role='alert' and text()='Supervisor User']/ancestor::div[@class='editAttendees__item']//button[contains(@aria-label,'assign')]/parent::div

2020-09-09 11:41:06 - [TEST_STEP][PASSED] - click(permissionDrop_Obj): Object: '' is clicked on

2020-09-09 11:41:06 - [MESSAGE][PASSED] - Object: '' is clicked on

2020-09-09 11:41:06 - [TEST_STEP][PASSED] - permissionDropOpt_Obj_MA = tt_CustomKeywords.CustomKeywords.CreateDynamicElement(permissionDropOptObj_MA, attendee_fullname, "xpath"): Successfully created new dynamic object: //div[@role='alert' and text()='Supervisor User']/ancestor::div[@class='editAttendees__item']//span[text()='Meeting Admin']/parent::div

2020-09-09 11:41:06 - [MESSAGE][PASSED] - Successfully created new dynamic object: //div[@role='alert' and text()='Supervisor User']/ancestor::div[@class='editAttendees__item']//span[text()='Meeting Admin']/parent::div

2020-09-09 11:41:06 - [TEST_STEP][PASSED] - permissionDropOpt_Obj_FE = tt_CustomKeywords.CustomKeywords.CreateDynamicElement(permissionDropOptObj_FE, attendee_fullname, "xpath"): Successfully created new dynamic object: //div[@role='alert' and text()='Supervisor User']/ancestor::div[@class='editAttendees__item']//span[text()='Full editor']/parent::div

2020-09-09 11:41:06 - [MESSAGE][PASSED] - Successfully created new dynamic object: //div[@role='alert' and text()='Supervisor User']/ancestor::div[@class='editAttendees__item']//span[text()='Full editor']/parent::div

2020-09-09 11:41:06 - [TEST_STEP][PASSED] - permissionDropOpt_Obj_BE = tt_CustomKeywords.CustomKeywords.CreateDynamicElement(permissionDropOptObj_BE, attendee_fullname, "xpath"): Successfully created new dynamic object: //div[@role='alert' and text()='Supervisor User']/ancestor::div[@class='editAttendees__item']//span[text()='Basic editor']/parent::div

2020-09-09 11:41:06 - [MESSAGE][PASSED] - Successfully created new dynamic object: //div[@role='alert' and text()='Supervisor User']/ancestor::div[@class='editAttendees__item']//span[text()='Basic editor']/parent::div

2020-09-09 11:41:06 - [TEST_STEP][PASSED] - if (permission == "Meeting Admin"): null

2020-09-09 11:41:06 - [TEST_STEP][PASSED] - if (permission == "Full editor"): null

2020-09-09 11:41:06 - [TEST_STEP][PASSED] - if (permission == "Basic editor"): null

2020-09-09 11:41:06 - [TEST_STEP][PASSED] - verifyElementPresent(findTestObject("V2/Commons/DasboardPage_SidebarMenu/MeetingsMenu"), DefaultTimeout): Object 'Object Repository/V2/Commons/DasboardPage_SidebarMenu/MeetingsMenu' is present

2020-09-09 11:41:06 - [MESSAGE][PASSED] - Object 'Object Repository/V2/Commons/DasboardPage_SidebarMenu/MeetingsMenu' is present

2020-09-09 11:41:06 - [TEST_STEP][PASSED] - click(findTestObject("V2/Commons/DasboardPage_SidebarMenu/MeetingsMenu")): Object: 'Object Repository/V2/Commons/DasboardPage_SidebarMenu/MeetingsMenu' is clicked on

2020-09-09 11:41:07 - [MESSAGE][PASSED] - Object: 'Object Repository/V2/Commons/DasboardPage_SidebarMenu/MeetingsMenu' is clicked on

2020-09-09 11:41:07 - [MESSAGE][PASSED] - Call Test Case 'Test Cases/V2/Test Case/Pre-conditions/PRE_AddAllAttendeesToMeeting' successfully

2020-09-09 11:41:07 - [TEST_STEP][PASSED] - callTestCase(findTestCase("V2/Test Case/Pre-conditions/PRE_AddAllAttendeesToMeeting"), ["meetingName":meetingName, "firstname":employee_fname, "lastname":lastname, "userOptionObj":"//span[text()='%s']/parent::div[@role='option']", ... ], STOP_ON_FAILURE): Call Test Case 'Test Cases/V2/Test Case/Pre-conditions/PRE_AddAllAttendeesToMeeting' successfully

2020-09-09 11:41:07 - [TEST_CASE][PASSED] - Test Cases/V2/Test Case/Pre-conditions/PRE_AddAllAttendeesToMeeting: Test Cases/V2/Test Case/Pre-conditions/PRE_AddAllAttendeesToMeeting

2020-09-09 11:41:07 - [TEST_STEP][PASSED] - click(findTestObject("V2/Commons/DasboardPage_SidebarMenu/MeetingsMenu")): Object: 'Object Repository/V2/Commons/DasboardPage_SidebarMenu/MeetingsMenu' is clicked on

2020-09-09 11:41:07 - [MESSAGE][PASSED] - Object: 'Object Repository/V2/Commons/DasboardPage_SidebarMenu/MeetingsMenu' is clicked on

2020-09-09 11:41:07 - [TEST_STEP][PASSED] - attendee_fullname = firstname + " " + lastname: null

2020-09-09 11:41:07 - [TEST_STEP][PASSED] - meetingOpt_Obj = tt_CustomKeywords.CustomKeywords.CreateDynamicElement(meetingOptions_obj, meetingName, "xpath"): Successfully created new dynamic object: //h4[text()='Meeting Admin']/ancestor::div[contains(@class,'ListContainer')]/div[@class='listcontainer__options']/button

2020-09-09 11:41:07 - [MESSAGE][PASSED] - Successfully created new dynamic object: //h4[text()='Meeting Admin']/ancestor::div[contains(@class,'ListContainer')]/div[@class='listcontainer__options']/button

2020-09-09 11:41:07 - [TEST_STEP][PASSED] - click(meetingOpt_Obj): Object: '' is clicked on

2020-09-09 11:41:07 - [MESSAGE][PASSED] - Object: '' is clicked on

2020-09-09 11:41:07 - [TEST_STEP][PASSED] - click(findTestObject("V2/Commons/MeetingListPage/a_Edit meeting")): Object: 'Object Repository/V2/Commons/MeetingListPage/a_Edit meeting' is clicked on

2020-09-09 11:41:07 - [MESSAGE][PASSED] - Object: 'Object Repository/V2/Commons/MeetingListPage/a_Edit meeting' is clicked on

2020-09-09 11:41:07 - [TEST_STEP][PASSED] - waitForElementPresent(findTestObject("V2/Commons/EditMeetingPage/div_Add users"), DefaultTimeout): Object 'Object Repository/V2/Commons/EditMeetingPage/div_Add users' is present

2020-09-09 11:41:07 - [MESSAGE][PASSED] - Object 'Object Repository/V2/Commons/EditMeetingPage/div_Add users' is present

2020-09-09 11:41:07 - [TEST_STEP][PASSED] - click(findTestObject("V2/Commons/EditMeetingPage/div_Add users")): Object: 'Object Repository/V2/Commons/EditMeetingPage/div_Add users' is clicked on

2020-09-09 11:41:07 - [MESSAGE][PASSED] - Object: 'Object Repository/V2/Commons/EditMeetingPage/div_Add users' is clicked on

2020-09-09 11:41:07 - [TEST_STEP][PASSED] - delay(15): Delayed 15 second(s)

2020-09-09 11:41:22 - [MESSAGE][PASSED] - Delayed 15 second(s)

2020-09-09 11:41:22 - [TEST_STEP][PASSED] - click(findTestObject("V2/Commons/EditMeetingPage/AddAttendeeUserDropdown")): Object: 'Object Repository/V2/Commons/EditMeetingPage/AddAttendeeUserDropdown' is clicked on

2020-09-09 11:41:22 - [MESSAGE][PASSED] - Object: 'Object Repository/V2/Commons/EditMeetingPage/AddAttendeeUserDropdown' is clicked on

2020-09-09 11:41:22 - [TEST_STEP][PASSED] - attendeeOpt_Obj = tt_CustomKeywords.CustomKeywords.CreateDynamicElement(userOptionObj, attendee_fullname, "xpath"): Successfully created new dynamic object: //span[text()='Employee User']/parent::div[@role='option']

2020-09-09 11:41:22 - [MESSAGE][PASSED] - Successfully created new dynamic object: //span[text()='Employee User']/parent::div[@role='option']

2020-09-09 11:41:22 - [TEST_STEP][PASSED] - attendeeObjCount = tt_CustomKeywords.CustomKeywords.CountElementInWebPageByDynamicElement(userOptionObj, attendee_fullname, "xpath"): Successfully get the element count. 
Element occurences in Webpage: 3

2020-09-09 11:41:22 - [MESSAGE][PASSED] - Successfully get the element count. 
Element occurences in Webpage: 3

2020-09-09 11:41:22 - [TEST_STEP][PASSED] - attendeeOptSCount = attendeeObjCount.toString(): null

2020-09-09 11:41:22 - [TEST_STEP][PASSED] - out.println(attendeeOptSCount): null

2020-09-09 11:41:22 - [TEST_STEP][PASSED] - attendeeObj_Xpath = attendeeOpt_Obj.findPropertyValue("xpath"): null

2020-09-09 11:41:22 - [TEST_STEP][PASSED] - newAttendeeOpt = "(" + attendeeObj_Xpath + ")[%s]": null

2020-09-09 11:41:22 - [TEST_STEP][PASSED] - out.println(newAttendeeOpt): null

2020-09-09 11:41:22 - [TEST_STEP][PASSED] - newAttendeeOpt_Obj = tt_CustomKeywords.CustomKeywords.CreateDynamicElement(newAttendeeOpt, attendeeOptSCount, "xpath"): Successfully created new dynamic object: (//span[text()='Employee User']/parent::div[@role='option'])[3]

2020-09-09 11:41:22 - [MESSAGE][PASSED] - Successfully created new dynamic object: (//span[text()='Employee User']/parent::div[@role='option'])[3]

2020-09-09 11:41:22 - [TEST_STEP][PASSED] - click(newAttendeeOpt_Obj): Object: '' is clicked on

2020-09-09 11:41:22 - [MESSAGE][PASSED] - Object: '' is clicked on

2020-09-09 11:41:22 - [TEST_STEP][PASSED] - waitForElementPresent(findTestObject("V2/Commons/EditMeetingPage/AddAttendeeSuccessNotif"), DefaultTimeout): Object 'Object Repository/V2/Commons/EditMeetingPage/AddAttendeeSuccessNotif' is present

2020-09-09 11:41:28 - [MESSAGE][PASSED] - Object 'Object Repository/V2/Commons/EditMeetingPage/AddAttendeeSuccessNotif' is present

2020-09-09 11:41:28 - [TEST_STEP][PASSED] - verifyElementPresent(findTestObject("V2/Commons/EditMeetingPage/AddAttendeeSuccessNotif"), DefaultTimeout): Object 'Object Repository/V2/Commons/EditMeetingPage/AddAttendeeSuccessNotif' is present

2020-09-09 11:41:28 - [MESSAGE][PASSED] - Object 'Object Repository/V2/Commons/EditMeetingPage/AddAttendeeSuccessNotif' is present

2020-09-09 11:41:28 - [TEST_STEP][PASSED] - permissionDrop_Obj = tt_CustomKeywords.CustomKeywords.CreateDynamicElement(permissionDropObj, attendee_fullname, "xpath"): Successfully created new dynamic object: //div[@role='alert' and text()='Employee User']/ancestor::div[@class='editAttendees__item']//button[contains(@aria-label,'assign')]/parent::div

2020-09-09 11:41:28 - [MESSAGE][PASSED] - Successfully created new dynamic object: //div[@role='alert' and text()='Employee User']/ancestor::div[@class='editAttendees__item']//button[contains(@aria-label,'assign')]/parent::div

2020-09-09 11:41:28 - [TEST_STEP][PASSED] - click(permissionDrop_Obj): Object: '' is clicked on

2020-09-09 11:41:28 - [MESSAGE][PASSED] - Object: '' is clicked on

2020-09-09 11:41:28 - [TEST_STEP][PASSED] - permissionDropOpt_Obj_MA = tt_CustomKeywords.CustomKeywords.CreateDynamicElement(permissionDropOptObj_MA, attendee_fullname, "xpath"): Successfully created new dynamic object: //div[@role='alert' and text()='Employee User']/ancestor::div[@class='editAttendees__item']//span[text()='Meeting Admin']/parent::div

2020-09-09 11:41:28 - [MESSAGE][PASSED] - Successfully created new dynamic object: //div[@role='alert' and text()='Employee User']/ancestor::div[@class='editAttendees__item']//span[text()='Meeting Admin']/parent::div

2020-09-09 11:41:28 - [TEST_STEP][PASSED] - permissionDropOpt_Obj_FE = tt_CustomKeywords.CustomKeywords.CreateDynamicElement(permissionDropOptObj_FE, attendee_fullname, "xpath"): Successfully created new dynamic object: //div[@role='alert' and text()='Employee User']/ancestor::div[@class='editAttendees__item']//span[text()='Full editor']/parent::div

2020-09-09 11:41:28 - [MESSAGE][PASSED] - Successfully created new dynamic object: //div[@role='alert' and text()='Employee User']/ancestor::div[@class='editAttendees__item']//span[text()='Full editor']/parent::div

2020-09-09 11:41:28 - [TEST_STEP][PASSED] - permissionDropOpt_Obj_BE = tt_CustomKeywords.CustomKeywords.CreateDynamicElement(permissionDropOptObj_BE, attendee_fullname, "xpath"): Successfully created new dynamic object: //div[@role='alert' and text()='Employee User']/ancestor::div[@class='editAttendees__item']//span[text()='Basic editor']/parent::div

2020-09-09 11:41:28 - [MESSAGE][PASSED] - Successfully created new dynamic object: //div[@role='alert' and text()='Employee User']/ancestor::div[@class='editAttendees__item']//span[text()='Basic editor']/parent::div

2020-09-09 11:41:28 - [TEST_STEP][PASSED] - if (permission == "Meeting Admin"): null

2020-09-09 11:41:28 - [TEST_STEP][PASSED] - if (permission == "Full editor"): null

2020-09-09 11:41:28 - [TEST_STEP][PASSED] - if (permission == "Basic editor"): null

2020-09-09 11:41:28 - [TEST_STEP][PASSED] - verifyElementPresent(findTestObject("V2/Commons/DasboardPage_SidebarMenu/MeetingsMenu"), DefaultTimeout): Object 'Object Repository/V2/Commons/DasboardPage_SidebarMenu/MeetingsMenu' is present

2020-09-09 11:41:28 - [MESSAGE][PASSED] - Object 'Object Repository/V2/Commons/DasboardPage_SidebarMenu/MeetingsMenu' is present

2020-09-09 11:41:28 - [TEST_STEP][PASSED] - click(findTestObject("V2/Commons/DasboardPage_SidebarMenu/MeetingsMenu")): Object: 'Object Repository/V2/Commons/DasboardPage_SidebarMenu/MeetingsMenu' is clicked on

2020-09-09 11:41:29 - [MESSAGE][PASSED] - Object: 'Object Repository/V2/Commons/DasboardPage_SidebarMenu/MeetingsMenu' is clicked on

2020-09-09 11:41:29 - [MESSAGE][PASSED] - Call Test Case 'Test Cases/V2/Test Case/Pre-conditions/PRE_AddAllAttendeesToMeeting' successfully

2020-09-09 11:41:29 - [TEST_STEP][PASSED] - callTestCase(findTestCase("V2/Test Case/Tests/PR-369 - EditMeetingAgenda/Test Cases/Positive/Admin/PR_369_14_EditMeetingEditIssues_Admin"), ["userName":"jeff+075@mytractiontools.com", "passWord":"Skyline69A*", "meetingRowPosition":"3", "editMeetingMenu_Obj":"//div[@id='root']/div/div[2]/div/div/div/div[2]/div/div[%s]/div[3]/button/i", ... ], STOP_ON_FAILURE): Call Test Case 'Test Cases/V2/Test Case/Tests/PR-369 - EditMeetingAgenda/Test Cases/Positive/Admin/PR_369_14_EditMeetingEditIssues_Admin' successfully

2020-09-09 11:41:29 - [TEST_CASE][PASSED] - Test Cases/V2/Test Case/Tests/PR-369 - EditMeetingAgenda/Test Cases/Positive/Admin/PR_369_14_EditMeetingEditIssues_Admin: Test Cases/V2/Test Case/Tests/PR-369 - EditMeetingAgenda/Test Cases/Positive/Admin/PR_369_14_EditMeetingEditIssues_Admin

2020-09-09 11:41:29 - [TEST_STEP][PASSED] - waitForElementVisible(findTestObject("V2/Commons/DasboardPage_SidebarMenu/MeetingsMenu"), DefaultTimeout): Object 'Object Repository/V2/Commons/DasboardPage_SidebarMenu/MeetingsMenu' is visible

2020-09-09 11:41:29 - [MESSAGE][PASSED] - Object 'Object Repository/V2/Commons/DasboardPage_SidebarMenu/MeetingsMenu' is visible

2020-09-09 11:41:29 - [TEST_STEP][PASSED] - click(findTestObject("V2/Commons/DasboardPage_SidebarMenu/MeetingsMenu")): Object: 'Object Repository/V2/Commons/DasboardPage_SidebarMenu/MeetingsMenu' is clicked on

2020-09-09 11:41:29 - [MESSAGE][PASSED] - Object: 'Object Repository/V2/Commons/DasboardPage_SidebarMenu/MeetingsMenu' is clicked on

2020-09-09 11:41:29 - [TEST_STEP][PASSED] - meetingOpt_Obj = tt_CustomKeywords.CustomKeywords.CreateDynamicElement(meetingOptions_obj, meetingName, "xpath"): Successfully created new dynamic object: //h4[text()='Meeting Admin']/ancestor::div[contains(@class,'ListContainer')]/div[@class='listcontainer__options']/button

2020-09-09 11:41:29 - [MESSAGE][PASSED] - Successfully created new dynamic object: //h4[text()='Meeting Admin']/ancestor::div[contains(@class,'ListContainer')]/div[@class='listcontainer__options']/button

2020-09-09 11:41:29 - [TEST_STEP][PASSED] - waitForElementVisible(meetingOpt_Obj, DefaultTimeout): Object '' is visible

2020-09-09 11:41:29 - [MESSAGE][PASSED] - Object '' is visible

2020-09-09 11:41:29 - [TEST_STEP][PASSED] - click(meetingOpt_Obj): Object: '' is clicked on

2020-09-09 11:41:29 - [MESSAGE][PASSED] - Object: '' is clicked on

2020-09-09 11:41:29 - [TEST_STEP][PASSED] - click(findTestObject("V2/Commons/MeetingListPage/a_Edit meeting")): Object: 'Object Repository/V2/Commons/MeetingListPage/a_Edit meeting' is clicked on

2020-09-09 11:41:29 - [MESSAGE][PASSED] - Object: 'Object Repository/V2/Commons/MeetingListPage/a_Edit meeting' is clicked on

2020-09-09 11:41:29 - [TEST_STEP][PASSED] - waitForElementVisible(findTestObject("V2/PR-369/Edit_Meeting_Issues/Issues_Menu"), DefaultTimeout): Object 'Object Repository/V2/PR-369/Edit_Meeting_Issues/Issues_Menu' is visible

2020-09-09 11:41:29 - [MESSAGE][PASSED] - Object 'Object Repository/V2/PR-369/Edit_Meeting_Issues/Issues_Menu' is visible

2020-09-09 11:41:29 - [TEST_STEP][PASSED] - click(findTestObject("V2/PR-369/Edit_Meeting_Issues/Issues_Menu")): Object: 'Object Repository/V2/PR-369/Edit_Meeting_Issues/Issues_Menu' is clicked on

2020-09-09 11:41:29 - [MESSAGE][PASSED] - Object: 'Object Repository/V2/PR-369/Edit_Meeting_Issues/Issues_Menu' is clicked on

2020-09-09 11:41:29 - [TEST_STEP][PASSED] - waitForElementVisible(findTestObject("V2/PR-369/Edit_Meeting_Issues/CreateIssuesButton"), DefaultTimeout): Object 'Object Repository/V2/PR-369/Edit_Meeting_Issues/CreateIssuesButton' is visible

2020-09-09 11:41:29 - [MESSAGE][PASSED] - Object 'Object Repository/V2/PR-369/Edit_Meeting_Issues/CreateIssuesButton' is visible

2020-09-09 11:41:29 - [TEST_STEP][PASSED] - click(findTestObject("V2/PR-369/Edit_Meeting_Issues/CreateIssuesButton")): Object: 'Object Repository/V2/PR-369/Edit_Meeting_Issues/CreateIssuesButton' is clicked on

2020-09-09 11:41:29 - [MESSAGE][PASSED] - Object: 'Object Repository/V2/PR-369/Edit_Meeting_Issues/CreateIssuesButton' is clicked on

2020-09-09 11:41:29 - [TEST_STEP][PASSED] - delay(10): Delayed 10 second(s)

2020-09-09 11:41:39 - [MESSAGE][PASSED] - Delayed 10 second(s)

2020-09-09 11:41:39 - [TEST_STEP][PASSED] - waitForElementVisible(findTestObject("V2/PR-369/Edit_Meeting_Issues/Issue_Name_TextField"), DefaultTimeout): Object 'Object Repository/V2/PR-369/Edit_Meeting_Issues/Issue_Name_TextField' is visible

2020-09-09 11:41:39 - [MESSAGE][PASSED] - Object 'Object Repository/V2/PR-369/Edit_Meeting_Issues/Issue_Name_TextField' is visible

2020-09-09 11:41:39 - [TEST_STEP][PASSED] - setText(findTestObject("V2/PR-369/Edit_Meeting_Issues/Issue_Name_TextField"), issuesName): Text 'QA Automation Edit Meeting Issue Test' is set on object 'Object Repository/V2/PR-369/Edit_Meeting_Issues/Issue_Name_TextField'

2020-09-09 11:41:40 - [MESSAGE][PASSED] - Text 'QA Automation Edit Meeting Issue Test' is set on object 'Object Repository/V2/PR-369/Edit_Meeting_Issues/Issue_Name_TextField'

2020-09-09 11:41:40 - [TEST_STEP][PASSED] - waitForElementVisible(findTestObject("V2/PR-369/Edit_Meeting_Issues/Owner_Field"), DefaultTimeout): Object 'Object Repository/V2/PR-369/Edit_Meeting_Issues/Owner_Field' is visible

2020-09-09 11:41:40 - [MESSAGE][PASSED] - Object 'Object Repository/V2/PR-369/Edit_Meeting_Issues/Owner_Field' is visible

2020-09-09 11:41:40 - [TEST_STEP][PASSED] - click(findTestObject("V2/PR-369/Edit_Meeting_Issues/Owner_Field")): Object: 'Object Repository/V2/PR-369/Edit_Meeting_Issues/Owner_Field' is clicked on

2020-09-09 11:41:40 - [MESSAGE][PASSED] - Object: 'Object Repository/V2/PR-369/Edit_Meeting_Issues/Owner_Field' is clicked on

2020-09-09 11:41:40 - [TEST_STEP][PASSED] - owner = tt_CustomKeywords.CustomKeywords.CreateDynamicElement(owner_Obj, owner, "xpath"): Successfully created new dynamic object: //div[@data-test-id='createIssue']//div[@role='listbox'][@class='visible menu transition']/div[@role='option'][contains(@class,'item')]/span[text()='Admin User']

2020-09-09 11:41:40 - [MESSAGE][PASSED] - Successfully created new dynamic object: //div[@data-test-id='createIssue']//div[@role='listbox'][@class='visible menu transition']/div[@role='option'][contains(@class,'item')]/span[text()='Admin User']

2020-09-09 11:41:40 - [TEST_STEP][PASSED] - waitForElementVisible(owner, DefaultTimeout): Object '' is visible

2020-09-09 11:41:40 - [MESSAGE][PASSED] - Object '' is visible

2020-09-09 11:41:40 - [TEST_STEP][PASSED] - click(owner): Object: '' is clicked on

2020-09-09 11:41:40 - [MESSAGE][PASSED] - Object: '' is clicked on

2020-09-09 11:41:40 - [TEST_STEP][PASSED] - verifyElementVisible(findTestObject("V2/PR-369/Edit_Meeting_Rocks/Verify_Notes_Section")): Object 'Object Repository/V2/PR-369/Edit_Meeting_Rocks/Verify_Notes_Section' is visible

2020-09-09 11:41:40 - [MESSAGE][PASSED] - Object 'Object Repository/V2/PR-369/Edit_Meeting_Rocks/Verify_Notes_Section' is visible

2020-09-09 11:41:40 - [TEST_STEP][PASSED] - delay(5): Delayed 5 second(s)

2020-09-09 11:41:45 - [MESSAGE][PASSED] - Delayed 5 second(s)

2020-09-09 11:41:45 - [TEST_STEP][PASSED] - setText(findTestObject("V2/PR-369/Edit_Meeting_Rocks/Notes_Comments"), Notes): Text 'Sample Notes' is set on object 'Object Repository/V2/PR-369/Edit_Meeting_Rocks/Notes_Comments'

2020-09-09 11:41:45 - [MESSAGE][PASSED] - Text 'Sample Notes' is set on object 'Object Repository/V2/PR-369/Edit_Meeting_Rocks/Notes_Comments'

2020-09-09 11:41:45 - [TEST_STEP][PASSED] - waitForElementVisible(findTestObject("V2/PR-369/Edit_Meeting_Issues/Save_Button"), DefaultTimeout): Object 'Object Repository/V2/PR-369/Edit_Meeting_Issues/Save_Button' is visible

2020-09-09 11:41:45 - [MESSAGE][PASSED] - Object 'Object Repository/V2/PR-369/Edit_Meeting_Issues/Save_Button' is visible

2020-09-09 11:41:45 - [TEST_STEP][PASSED] - click(findTestObject("V2/PR-369/Edit_Meeting_Issues/Save_Button")): Object: 'Object Repository/V2/PR-369/Edit_Meeting_Issues/Save_Button' is clicked on

2020-09-09 11:41:45 - [MESSAGE][PASSED] - Object: 'Object Repository/V2/PR-369/Edit_Meeting_Issues/Save_Button' is clicked on

2020-09-09 11:41:45 - [TEST_STEP][PASSED] - delay(5): Delayed 5 second(s)

2020-09-09 11:41:50 - [MESSAGE][PASSED] - Delayed 5 second(s)

2020-09-09 11:41:50 - [TEST_STEP][PASSED] - verifyIssues = tt_CustomKeywords.CustomKeywords.CreateDynamicElement(verifyIssues_Obj, issuesName, "xpath"): Successfully created new dynamic object: //h2[text()='Issues']/ancestor::div[contains(@class,'CardStyles')]//button/div[text()='QA Automation Edit Meeting Issue Test']

2020-09-09 11:41:50 - [MESSAGE][PASSED] - Successfully created new dynamic object: //h2[text()='Issues']/ancestor::div[contains(@class,'CardStyles')]//button/div[text()='QA Automation Edit Meeting Issue Test']

2020-09-09 11:41:50 - [TEST_STEP][PASSED] - verifyElementPresent(verifyIssues, DefaultTimeout): Object '' is present

2020-09-09 11:41:54 - [MESSAGE][PASSED] - Object '' is present

2020-09-09 11:41:54 - [TEST_STEP][PASSED] - waitForElementVisible(verifyIssues, DefaultTimeout): Object '' is visible

2020-09-09 11:41:54 - [MESSAGE][PASSED] - Object '' is visible

2020-09-09 11:41:54 - [TEST_STEP][PASSED] - click(verifyIssues): Object: '' is clicked on

2020-09-09 11:41:54 - [MESSAGE][PASSED] - Object: '' is clicked on

2020-09-09 11:41:54 - [TEST_STEP][PASSED] - delay(5): Delayed 5 second(s)

2020-09-09 11:41:59 - [MESSAGE][PASSED] - Delayed 5 second(s)

2020-09-09 11:41:59 - [TEST_STEP][PASSED] - waitForElementVisible(findTestObject("V2/PR-369/UpdateEditMeetingIssues/Edit_Issues_Name"), DefaultTimeout): Object 'Object Repository/V2/PR-369/UpdateEditMeetingIssues/Edit_Issues_Name' is visible

2020-09-09 11:42:02 - [MESSAGE][PASSED] - Object 'Object Repository/V2/PR-369/UpdateEditMeetingIssues/Edit_Issues_Name' is visible

2020-09-09 11:42:02 - [TEST_STEP][PASSED] - click(findTestObject("V2/PR-369/UpdateEditMeetingIssues/Edit_Issues_Name")): Object: 'Object Repository/V2/PR-369/UpdateEditMeetingIssues/Edit_Issues_Name' is clicked on

2020-09-09 11:42:02 - [MESSAGE][PASSED] - Object: 'Object Repository/V2/PR-369/UpdateEditMeetingIssues/Edit_Issues_Name' is clicked on

2020-09-09 11:42:02 - [TEST_STEP][PASSED] - sendKeys(findTestObject("V2/PR-369/UpdateEditMeetingIssues/Edit_Issues_Name"), Keys.chord(LEFT_CONTROL, "a", BACK_SPACE)): Keys 'CONTROL + BACK_SPACE + a' sent to object: 'Object Repository/V2/PR-369/UpdateEditMeetingIssues/Edit_Issues_Name'

2020-09-09 11:42:02 - [MESSAGE][PASSED] - Keys 'CONTROL + BACK_SPACE + a' sent to object: 'Object Repository/V2/PR-369/UpdateEditMeetingIssues/Edit_Issues_Name'

2020-09-09 11:42:02 - [TEST_STEP][PASSED] - setText(findTestObject("V2/PR-369/UpdateEditMeetingIssues/Edit_Issues_Name"), editIssuesName): Text 'Updated QA Automation Edit Meeting Issue Test' is set on object 'Object Repository/V2/PR-369/UpdateEditMeetingIssues/Edit_Issues_Name'

2020-09-09 11:42:02 - [MESSAGE][PASSED] - Text 'Updated QA Automation Edit Meeting Issue Test' is set on object 'Object Repository/V2/PR-369/UpdateEditMeetingIssues/Edit_Issues_Name'

2020-09-09 11:42:02 - [TEST_STEP][PASSED] - waitForElementVisible(findTestObject("V2/PR-369/UpdateEditMeetingIssues/Edit_Owner"), DefaultTimeout): Object 'Object Repository/V2/PR-369/UpdateEditMeetingIssues/Edit_Owner' is visible

2020-09-09 11:42:02 - [MESSAGE][PASSED] - Object 'Object Repository/V2/PR-369/UpdateEditMeetingIssues/Edit_Owner' is visible

2020-09-09 11:42:02 - [TEST_STEP][PASSED] - click(findTestObject("V2/PR-369/UpdateEditMeetingIssues/Edit_Owner")): Object: 'Object Repository/V2/PR-369/UpdateEditMeetingIssues/Edit_Owner' is clicked on

2020-09-09 11:42:03 - [MESSAGE][PASSED] - Object: 'Object Repository/V2/PR-369/UpdateEditMeetingIssues/Edit_Owner' is clicked on

2020-09-09 11:42:03 - [TEST_STEP][PASSED] - editOwner = tt_CustomKeywords.CustomKeywords.CreateDynamicElement(editOwner_Obj, editOwner, "xpath"): Successfully created new dynamic object: //div[@data-test-id='editIssue']//div[@role='listbox'][@class='visible menu transition']/div[@role='option'][contains(@class,'item')]/span[text()='Admin User']

2020-09-09 11:42:03 - [MESSAGE][PASSED] - Successfully created new dynamic object: //div[@data-test-id='editIssue']//div[@role='listbox'][@class='visible menu transition']/div[@role='option'][contains(@class,'item')]/span[text()='Admin User']

2020-09-09 11:42:03 - [TEST_STEP][PASSED] - waitForElementVisible(editOwner, DefaultTimeout): Object '' is visible

2020-09-09 11:42:03 - [MESSAGE][PASSED] - Object '' is visible

2020-09-09 11:42:03 - [TEST_STEP][PASSED] - click(editOwner): Object: '' is clicked on

2020-09-09 11:42:03 - [MESSAGE][PASSED] - Object: '' is clicked on

2020-09-09 11:42:03 - [TEST_STEP][PASSED] - waitForElementVisible(findTestObject("V2/PR-369/UpdateEditMeetingIssues/Update_Button"), DefaultTimeout): Object 'Object Repository/V2/PR-369/UpdateEditMeetingIssues/Update_Button' is visible

2020-09-09 11:42:03 - [MESSAGE][PASSED] - Object 'Object Repository/V2/PR-369/UpdateEditMeetingIssues/Update_Button' is visible

2020-09-09 11:42:03 - [TEST_STEP][PASSED] - click(findTestObject("V2/PR-369/UpdateEditMeetingIssues/Update_Button")): Object: 'Object Repository/V2/PR-369/UpdateEditMeetingIssues/Update_Button' is clicked on

2020-09-09 11:42:03 - [MESSAGE][PASSED] - Object: 'Object Repository/V2/PR-369/UpdateEditMeetingIssues/Update_Button' is clicked on

2020-09-09 11:42:03 - [TEST_STEP][PASSED] - delay(5): Delayed 5 second(s)

2020-09-09 11:42:08 - [MESSAGE][PASSED] - Delayed 5 second(s)

2020-09-09 11:42:08 - [TEST_STEP][PASSED] - verifyEditIssues = tt_CustomKeywords.CustomKeywords.CreateDynamicElement(verifyIssues_Obj, editIssuesName, "xpath"): Successfully created new dynamic object: //h2[text()='Issues']/ancestor::div[contains(@class,'CardStyles')]//button/div[text()='Updated QA Automation Edit Meeting Issue Test']

2020-09-09 11:42:08 - [MESSAGE][PASSED] - Successfully created new dynamic object: //h2[text()='Issues']/ancestor::div[contains(@class,'CardStyles')]//button/div[text()='Updated QA Automation Edit Meeting Issue Test']

2020-09-09 11:42:08 - [TEST_STEP][PASSED] - verifyElementPresent(verifyEditIssues, DefaultTimeout): Object '' is present

2020-09-09 11:42:08 - [MESSAGE][PASSED] - Object '' is present

2020-09-09 11:42:08 - [MESSAGE][PASSED] - Call Test Case 'Test Cases/V2/Test Case/Tests/PR-369 - EditMeetingAgenda/Test Cases/Positive/Admin/PR_369_14_EditMeetingEditIssues_Admin' successfully

2020-09-09 11:42:08 - [TEST_STEP][PASSED] - changeWebDriver(driver2): null

2020-09-09 11:42:08 - [TEST_STEP][PASSED] - callTestCase(findTestCase("V2/Test Case/Tests/PR-369 - EditMeetingAgenda/Test Cases/Positive/Supervisor/PR_369_14_EditMeetingEditIssues_Supervisor"), ["userName":"jeff+075@mytractiontools.com", "passWord":"Skyline69A*", "meetingRowPosition":"3", "editMeetingMenu_Obj":"//div[@id='root']/div/div[2]/div/div/div/div[2]/div/div[%s]/div[3]/button/i", ... ], STOP_ON_FAILURE): Call Test Case 'Test Cases/V2/Test Case/Tests/PR-369 - EditMeetingAgenda/Test Cases/Positive/Supervisor/PR_369_14_EditMeetingEditIssues_Supervisor' successfully

2020-09-09 11:42:08 - [TEST_CASE][PASSED] - Test Cases/V2/Test Case/Tests/PR-369 - EditMeetingAgenda/Test Cases/Positive/Supervisor/PR_369_14_EditMeetingEditIssues_Supervisor: Test Cases/V2/Test Case/Tests/PR-369 - EditMeetingAgenda/Test Cases/Positive/Supervisor/PR_369_14_EditMeetingEditIssues_Supervisor

2020-09-09 11:42:08 - [TEST_STEP][PASSED] - waitForElementVisible(findTestObject("V2/Commons/DasboardPage_SidebarMenu/MeetingsMenu"), DefaultTimeout): Object 'Object Repository/V2/Commons/DasboardPage_SidebarMenu/MeetingsMenu' is visible

2020-09-09 11:42:08 - [MESSAGE][PASSED] - Object 'Object Repository/V2/Commons/DasboardPage_SidebarMenu/MeetingsMenu' is visible

2020-09-09 11:42:08 - [TEST_STEP][PASSED] - click(findTestObject("V2/Commons/DasboardPage_SidebarMenu/MeetingsMenu")): Object: 'Object Repository/V2/Commons/DasboardPage_SidebarMenu/MeetingsMenu' is clicked on

2020-09-09 11:42:08 - [MESSAGE][PASSED] - Object: 'Object Repository/V2/Commons/DasboardPage_SidebarMenu/MeetingsMenu' is clicked on

2020-09-09 11:42:08 - [TEST_STEP][PASSED] - meetingOpt_Obj = tt_CustomKeywords.CustomKeywords.CreateDynamicElement(meetingOptions_obj, meetingName, "xpath"): Successfully created new dynamic object: //h4[text()='Meeting Admin']/ancestor::div[contains(@class,'ListContainer')]/div[@class='listcontainer__options']/button

2020-09-09 11:42:08 - [MESSAGE][PASSED] - Successfully created new dynamic object: //h4[text()='Meeting Admin']/ancestor::div[contains(@class,'ListContainer')]/div[@class='listcontainer__options']/button

2020-09-09 11:42:08 - [TEST_STEP][PASSED] - waitForElementVisible(meetingOpt_Obj, DefaultTimeout): Object '' is visible

2020-09-09 11:42:10 - [MESSAGE][PASSED] - Object '' is visible

2020-09-09 11:42:10 - [TEST_STEP][PASSED] - click(meetingOpt_Obj): Object: '' is clicked on

2020-09-09 11:42:10 - [MESSAGE][PASSED] - Object: '' is clicked on

2020-09-09 11:42:10 - [TEST_STEP][PASSED] - click(findTestObject("V2/Commons/MeetingListPage/a_Edit meeting")): Object: 'Object Repository/V2/Commons/MeetingListPage/a_Edit meeting' is clicked on

2020-09-09 11:42:10 - [MESSAGE][PASSED] - Object: 'Object Repository/V2/Commons/MeetingListPage/a_Edit meeting' is clicked on

2020-09-09 11:42:10 - [TEST_STEP][PASSED] - waitForElementVisible(findTestObject("V2/PR-369/Edit_Meeting_Issues/Issues_Menu"), DefaultTimeout): Object 'Object Repository/V2/PR-369/Edit_Meeting_Issues/Issues_Menu' is visible

2020-09-09 11:42:11 - [MESSAGE][PASSED] - Object 'Object Repository/V2/PR-369/Edit_Meeting_Issues/Issues_Menu' is visible

2020-09-09 11:42:11 - [TEST_STEP][PASSED] - click(findTestObject("V2/PR-369/Edit_Meeting_Issues/Issues_Menu")): Object: 'Object Repository/V2/PR-369/Edit_Meeting_Issues/Issues_Menu' is clicked on

2020-09-09 11:42:11 - [MESSAGE][PASSED] - Object: 'Object Repository/V2/PR-369/Edit_Meeting_Issues/Issues_Menu' is clicked on

2020-09-09 11:42:11 - [TEST_STEP][PASSED] - waitForElementVisible(findTestObject("V2/PR-369/Edit_Meeting_Issues/CreateIssuesButton"), DefaultTimeout): Object 'Object Repository/V2/PR-369/Edit_Meeting_Issues/CreateIssuesButton' is visible

2020-09-09 11:42:11 - [MESSAGE][PASSED] - Object 'Object Repository/V2/PR-369/Edit_Meeting_Issues/CreateIssuesButton' is visible

2020-09-09 11:42:11 - [TEST_STEP][PASSED] - click(findTestObject("V2/PR-369/Edit_Meeting_Issues/CreateIssuesButton")): Object: 'Object Repository/V2/PR-369/Edit_Meeting_Issues/CreateIssuesButton' is clicked on

2020-09-09 11:42:11 - [MESSAGE][PASSED] - Object: 'Object Repository/V2/PR-369/Edit_Meeting_Issues/CreateIssuesButton' is clicked on

2020-09-09 11:42:11 - [TEST_STEP][PASSED] - delay(10): Delayed 10 second(s)

2020-09-09 11:42:21 - [MESSAGE][PASSED] - Delayed 10 second(s)

2020-09-09 11:42:21 - [TEST_STEP][PASSED] - waitForElementVisible(findTestObject("V2/PR-369/Edit_Meeting_Issues/Issue_Name_TextField"), DefaultTimeout): Object 'Object Repository/V2/PR-369/Edit_Meeting_Issues/Issue_Name_TextField' is visible

2020-09-09 11:42:21 - [MESSAGE][PASSED] - Object 'Object Repository/V2/PR-369/Edit_Meeting_Issues/Issue_Name_TextField' is visible

2020-09-09 11:42:21 - [TEST_STEP][PASSED] - setText(findTestObject("V2/PR-369/Edit_Meeting_Issues/Issue_Name_TextField"), issuesName): Text 'QA Automation Edit Meeting Issue Test' is set on object 'Object Repository/V2/PR-369/Edit_Meeting_Issues/Issue_Name_TextField'

2020-09-09 11:42:22 - [MESSAGE][PASSED] - Text 'QA Automation Edit Meeting Issue Test' is set on object 'Object Repository/V2/PR-369/Edit_Meeting_Issues/Issue_Name_TextField'

2020-09-09 11:42:22 - [TEST_STEP][PASSED] - waitForElementVisible(findTestObject("V2/PR-369/Edit_Meeting_Issues/Owner_Field"), DefaultTimeout): Object 'Object Repository/V2/PR-369/Edit_Meeting_Issues/Owner_Field' is visible

2020-09-09 11:42:22 - [MESSAGE][PASSED] - Object 'Object Repository/V2/PR-369/Edit_Meeting_Issues/Owner_Field' is visible

2020-09-09 11:42:22 - [TEST_STEP][PASSED] - click(findTestObject("V2/PR-369/Edit_Meeting_Issues/Owner_Field")): Object: 'Object Repository/V2/PR-369/Edit_Meeting_Issues/Owner_Field' is clicked on

2020-09-09 11:42:22 - [MESSAGE][PASSED] - Object: 'Object Repository/V2/PR-369/Edit_Meeting_Issues/Owner_Field' is clicked on

2020-09-09 11:42:22 - [TEST_STEP][PASSED] - owner = tt_CustomKeywords.CustomKeywords.CreateDynamicElement(owner_Obj, owner, "xpath"): Successfully created new dynamic object: //div[@data-test-id='createIssue']//div[@role='listbox'][@class='visible menu transition']/div[@role='option'][contains(@class,'item')]/span[text()='Supervisor User']

2020-09-09 11:42:22 - [MESSAGE][PASSED] - Successfully created new dynamic object: //div[@data-test-id='createIssue']//div[@role='listbox'][@class='visible menu transition']/div[@role='option'][contains(@class,'item')]/span[text()='Supervisor User']

2020-09-09 11:42:22 - [TEST_STEP][PASSED] - waitForElementVisible(owner, DefaultTimeout): Object '' is visible

2020-09-09 11:42:22 - [MESSAGE][PASSED] - Object '' is visible

2020-09-09 11:42:22 - [TEST_STEP][PASSED] - click(owner): Object: '' is clicked on

2020-09-09 11:42:22 - [MESSAGE][PASSED] - Object: '' is clicked on

2020-09-09 11:42:22 - [TEST_STEP][PASSED] - verifyElementVisible(findTestObject("V2/PR-369/Edit_Meeting_Rocks/Verify_Notes_Section")): Object 'Object Repository/V2/PR-369/Edit_Meeting_Rocks/Verify_Notes_Section' is visible

2020-09-09 11:42:22 - [MESSAGE][PASSED] - Object 'Object Repository/V2/PR-369/Edit_Meeting_Rocks/Verify_Notes_Section' is visible

2020-09-09 11:42:22 - [TEST_STEP][PASSED] - delay(5): Delayed 5 second(s)

2020-09-09 11:42:27 - [MESSAGE][PASSED] - Delayed 5 second(s)

2020-09-09 11:42:27 - [TEST_STEP][PASSED] - setText(findTestObject("V2/PR-369/Edit_Meeting_Rocks/Notes_Comments"), Notes): Text 'Sample Notes' is set on object 'Object Repository/V2/PR-369/Edit_Meeting_Rocks/Notes_Comments'

2020-09-09 11:42:27 - [MESSAGE][PASSED] - Text 'Sample Notes' is set on object 'Object Repository/V2/PR-369/Edit_Meeting_Rocks/Notes_Comments'

2020-09-09 11:42:27 - [TEST_STEP][PASSED] - waitForElementVisible(findTestObject("V2/PR-369/Edit_Meeting_Issues/Save_Button"), DefaultTimeout): Object 'Object Repository/V2/PR-369/Edit_Meeting_Issues/Save_Button' is visible

2020-09-09 11:42:27 - [MESSAGE][PASSED] - Object 'Object Repository/V2/PR-369/Edit_Meeting_Issues/Save_Button' is visible

2020-09-09 11:42:27 - [TEST_STEP][PASSED] - click(findTestObject("V2/PR-369/Edit_Meeting_Issues/Save_Button")): Object: 'Object Repository/V2/PR-369/Edit_Meeting_Issues/Save_Button' is clicked on

2020-09-09 11:42:27 - [MESSAGE][PASSED] - Object: 'Object Repository/V2/PR-369/Edit_Meeting_Issues/Save_Button' is clicked on

2020-09-09 11:42:27 - [TEST_STEP][PASSED] - delay(5): Delayed 5 second(s)

2020-09-09 11:42:32 - [MESSAGE][PASSED] - Delayed 5 second(s)

2020-09-09 11:42:32 - [TEST_STEP][PASSED] - verifyIssues = tt_CustomKeywords.CustomKeywords.CreateDynamicElement(verifyIssues_Obj, issuesName, "xpath"): Successfully created new dynamic object: //h2[text()='Issues']/ancestor::div[contains(@class,'CardStyles')]//button/div[text()='QA Automation Edit Meeting Issue Test']

2020-09-09 11:42:32 - [MESSAGE][PASSED] - Successfully created new dynamic object: //h2[text()='Issues']/ancestor::div[contains(@class,'CardStyles')]//button/div[text()='QA Automation Edit Meeting Issue Test']

2020-09-09 11:42:32 - [TEST_STEP][PASSED] - verifyElementPresent(verifyIssues, DefaultTimeout): Object '' is present

2020-09-09 11:42:35 - [MESSAGE][PASSED] - Object '' is present

2020-09-09 11:42:35 - [TEST_STEP][PASSED] - waitForElementVisible(verifyIssues, DefaultTimeout): Object '' is visible

2020-09-09 11:42:35 - [MESSAGE][PASSED] - Object '' is visible

2020-09-09 11:42:35 - [TEST_STEP][PASSED] - click(verifyIssues): Object: '' is clicked on

2020-09-09 11:42:35 - [MESSAGE][PASSED] - Object: '' is clicked on

2020-09-09 11:42:35 - [TEST_STEP][PASSED] - delay(5): Delayed 5 second(s)

2020-09-09 11:42:40 - [MESSAGE][PASSED] - Delayed 5 second(s)

2020-09-09 11:42:40 - [TEST_STEP][PASSED] - waitForElementVisible(findTestObject("V2/PR-369/UpdateEditMeetingIssues/Edit_Issues_Name"), DefaultTimeout): Object 'Object Repository/V2/PR-369/UpdateEditMeetingIssues/Edit_Issues_Name' is visible

2020-09-09 11:42:42 - [MESSAGE][PASSED] - Object 'Object Repository/V2/PR-369/UpdateEditMeetingIssues/Edit_Issues_Name' is visible

2020-09-09 11:42:42 - [TEST_STEP][PASSED] - click(findTestObject("V2/PR-369/UpdateEditMeetingIssues/Edit_Issues_Name")): Object: 'Object Repository/V2/PR-369/UpdateEditMeetingIssues/Edit_Issues_Name' is clicked on

2020-09-09 11:42:42 - [MESSAGE][PASSED] - Object: 'Object Repository/V2/PR-369/UpdateEditMeetingIssues/Edit_Issues_Name' is clicked on

2020-09-09 11:42:42 - [TEST_STEP][PASSED] - sendKeys(findTestObject("V2/PR-369/UpdateEditMeetingIssues/Edit_Issues_Name"), Keys.chord(LEFT_CONTROL, "a", BACK_SPACE)): Keys 'CONTROL + BACK_SPACE + a' sent to object: 'Object Repository/V2/PR-369/UpdateEditMeetingIssues/Edit_Issues_Name'

2020-09-09 11:42:42 - [MESSAGE][PASSED] - Keys 'CONTROL + BACK_SPACE + a' sent to object: 'Object Repository/V2/PR-369/UpdateEditMeetingIssues/Edit_Issues_Name'

2020-09-09 11:42:42 - [TEST_STEP][PASSED] - setText(findTestObject("V2/PR-369/UpdateEditMeetingIssues/Edit_Issues_Name"), editIssuesName): Text 'Updated QA Automation Edit Meeting Issue Test' is set on object 'Object Repository/V2/PR-369/UpdateEditMeetingIssues/Edit_Issues_Name'

2020-09-09 11:42:42 - [MESSAGE][PASSED] - Text 'Updated QA Automation Edit Meeting Issue Test' is set on object 'Object Repository/V2/PR-369/UpdateEditMeetingIssues/Edit_Issues_Name'

2020-09-09 11:42:42 - [TEST_STEP][PASSED] - waitForElementVisible(findTestObject("V2/PR-369/UpdateEditMeetingIssues/Edit_Owner"), DefaultTimeout): Object 'Object Repository/V2/PR-369/UpdateEditMeetingIssues/Edit_Owner' is visible

2020-09-09 11:42:42 - [MESSAGE][PASSED] - Object 'Object Repository/V2/PR-369/UpdateEditMeetingIssues/Edit_Owner' is visible

2020-09-09 11:42:42 - [TEST_STEP][PASSED] - click(findTestObject("V2/PR-369/UpdateEditMeetingIssues/Edit_Owner")): Object: 'Object Repository/V2/PR-369/UpdateEditMeetingIssues/Edit_Owner' is clicked on

2020-09-09 11:42:44 - [MESSAGE][PASSED] - Object: 'Object Repository/V2/PR-369/UpdateEditMeetingIssues/Edit_Owner' is clicked on

2020-09-09 11:42:44 - [TEST_STEP][PASSED] - editOwner = tt_CustomKeywords.CustomKeywords.CreateDynamicElement(editOwner_Obj, editOwner, "xpath"): Successfully created new dynamic object: //div[@data-test-id='editIssue']//div[@role='listbox'][@class='visible menu transition']/div[@role='option'][contains(@class,'item')]/span[text()='Supervisor User']

2020-09-09 11:42:44 - [MESSAGE][PASSED] - Successfully created new dynamic object: //div[@data-test-id='editIssue']//div[@role='listbox'][@class='visible menu transition']/div[@role='option'][contains(@class,'item')]/span[text()='Supervisor User']

2020-09-09 11:42:44 - [TEST_STEP][PASSED] - waitForElementVisible(editOwner, DefaultTimeout): Object '' is visible

2020-09-09 11:42:44 - [MESSAGE][PASSED] - Object '' is visible

2020-09-09 11:42:44 - [TEST_STEP][PASSED] - click(editOwner): Object: '' is clicked on

2020-09-09 11:42:44 - [MESSAGE][PASSED] - Object: '' is clicked on

2020-09-09 11:42:44 - [TEST_STEP][PASSED] - waitForElementVisible(findTestObject("V2/PR-369/UpdateEditMeetingIssues/Update_Button"), DefaultTimeout): Object 'Object Repository/V2/PR-369/UpdateEditMeetingIssues/Update_Button' is visible

2020-09-09 11:42:44 - [MESSAGE][PASSED] - Object 'Object Repository/V2/PR-369/UpdateEditMeetingIssues/Update_Button' is visible

2020-09-09 11:42:44 - [TEST_STEP][PASSED] - click(findTestObject("V2/PR-369/UpdateEditMeetingIssues/Update_Button")): Object: 'Object Repository/V2/PR-369/UpdateEditMeetingIssues/Update_Button' is clicked on

2020-09-09 11:42:44 - [MESSAGE][PASSED] - Object: 'Object Repository/V2/PR-369/UpdateEditMeetingIssues/Update_Button' is clicked on

2020-09-09 11:42:44 - [TEST_STEP][PASSED] - delay(5): Delayed 5 second(s)

2020-09-09 11:42:49 - [MESSAGE][PASSED] - Delayed 5 second(s)

2020-09-09 11:42:49 - [TEST_STEP][PASSED] - verifyEditIssues = tt_CustomKeywords.CustomKeywords.CreateDynamicElement(verifyIssues_Obj, editIssuesName, "xpath"): Successfully created new dynamic object: //h2[text()='Issues']/ancestor::div[contains(@class,'CardStyles')]//button/div[text()='Updated QA Automation Edit Meeting Issue Test']

2020-09-09 11:42:49 - [MESSAGE][PASSED] - Successfully created new dynamic object: //h2[text()='Issues']/ancestor::div[contains(@class,'CardStyles')]//button/div[text()='Updated QA Automation Edit Meeting Issue Test']

2020-09-09 11:42:49 - [TEST_STEP][PASSED] - verifyElementPresent(verifyEditIssues, DefaultTimeout): Object '' is present

2020-09-09 11:42:49 - [MESSAGE][PASSED] - Object '' is present

2020-09-09 11:42:49 - [MESSAGE][PASSED] - Call Test Case 'Test Cases/V2/Test Case/Tests/PR-369 - EditMeetingAgenda/Test Cases/Positive/Supervisor/PR_369_14_EditMeetingEditIssues_Supervisor' successfully

2020-09-09 11:42:49 - [TEST_STEP][PASSED] - changeWebDriver(driver3): null

2020-09-09 11:42:49 - [TEST_STEP][PASSED] - callTestCase(findTestCase("V2/Test Case/Tests/PR-369 - EditMeetingAgenda/Test Cases/Positive/Employee/PR_369_14_EditMeetingEditIssues_Employee"), ["userName":"jeff+075@mytractiontools.com", "passWord":"Skyline69A*", "meetingRowPosition":"3", "editMeetingMenu_Obj":"//div[@id='root']/div/div[2]/div/div/div/div[2]/div/div[%s]/div[3]/button/i", ... ], STOP_ON_FAILURE): Call Test Case 'Test Cases/V2/Test Case/Tests/PR-369 - EditMeetingAgenda/Test Cases/Positive/Employee/PR_369_14_EditMeetingEditIssues_Employee' successfully

2020-09-09 11:42:49 - [TEST_CASE][PASSED] - Test Cases/V2/Test Case/Tests/PR-369 - EditMeetingAgenda/Test Cases/Positive/Employee/PR_369_14_EditMeetingEditIssues_Employee: Test Cases/V2/Test Case/Tests/PR-369 - EditMeetingAgenda/Test Cases/Positive/Employee/PR_369_14_EditMeetingEditIssues_Employee

2020-09-09 11:42:49 - [TEST_STEP][PASSED] - waitForElementVisible(findTestObject("V2/Commons/DasboardPage_SidebarMenu/MeetingsMenu"), DefaultTimeout): Object 'Object Repository/V2/Commons/DasboardPage_SidebarMenu/MeetingsMenu' is visible

2020-09-09 11:42:49 - [MESSAGE][PASSED] - Object 'Object Repository/V2/Commons/DasboardPage_SidebarMenu/MeetingsMenu' is visible

2020-09-09 11:42:49 - [TEST_STEP][PASSED] - click(findTestObject("V2/Commons/DasboardPage_SidebarMenu/MeetingsMenu")): Object: 'Object Repository/V2/Commons/DasboardPage_SidebarMenu/MeetingsMenu' is clicked on

2020-09-09 11:42:50 - [MESSAGE][PASSED] - Object: 'Object Repository/V2/Commons/DasboardPage_SidebarMenu/MeetingsMenu' is clicked on

2020-09-09 11:42:50 - [TEST_STEP][PASSED] - meetingOpt_Obj = tt_CustomKeywords.CustomKeywords.CreateDynamicElement(meetingOptions_obj, meetingName, "xpath"): Successfully created new dynamic object: //h4[text()='Meeting Admin']/ancestor::div[contains(@class,'ListContainer')]/div[@class='listcontainer__options']/button

2020-09-09 11:42:50 - [MESSAGE][PASSED] - Successfully created new dynamic object: //h4[text()='Meeting Admin']/ancestor::div[contains(@class,'ListContainer')]/div[@class='listcontainer__options']/button

2020-09-09 11:42:50 - [TEST_STEP][PASSED] - waitForElementVisible(meetingOpt_Obj, DefaultTimeout): Object '' is visible

2020-09-09 11:42:51 - [MESSAGE][PASSED] - Object '' is visible

2020-09-09 11:42:51 - [TEST_STEP][PASSED] - click(meetingOpt_Obj): Object: '' is clicked on

2020-09-09 11:42:51 - [MESSAGE][PASSED] - Object: '' is clicked on

2020-09-09 11:42:51 - [TEST_STEP][PASSED] - click(findTestObject("V2/Commons/MeetingListPage/a_Edit meeting")): Object: 'Object Repository/V2/Commons/MeetingListPage/a_Edit meeting' is clicked on

2020-09-09 11:42:51 - [MESSAGE][PASSED] - Object: 'Object Repository/V2/Commons/MeetingListPage/a_Edit meeting' is clicked on

2020-09-09 11:42:51 - [TEST_STEP][PASSED] - waitForElementVisible(findTestObject("V2/PR-369/Edit_Meeting_Issues/Issues_Menu"), DefaultTimeout): Object 'Object Repository/V2/PR-369/Edit_Meeting_Issues/Issues_Menu' is visible

2020-09-09 11:42:52 - [MESSAGE][PASSED] - Object 'Object Repository/V2/PR-369/Edit_Meeting_Issues/Issues_Menu' is visible

2020-09-09 11:42:52 - [TEST_STEP][PASSED] - click(findTestObject("V2/PR-369/Edit_Meeting_Issues/Issues_Menu")): Object: 'Object Repository/V2/PR-369/Edit_Meeting_Issues/Issues_Menu' is clicked on

2020-09-09 11:42:52 - [MESSAGE][PASSED] - Object: 'Object Repository/V2/PR-369/Edit_Meeting_Issues/Issues_Menu' is clicked on

2020-09-09 11:42:52 - [TEST_STEP][PASSED] - waitForElementVisible(findTestObject("V2/PR-369/Edit_Meeting_Issues/CreateIssuesButton"), DefaultTimeout): Object 'Object Repository/V2/PR-369/Edit_Meeting_Issues/CreateIssuesButton' is visible

2020-09-09 11:42:53 - [MESSAGE][PASSED] - Object 'Object Repository/V2/PR-369/Edit_Meeting_Issues/CreateIssuesButton' is visible

2020-09-09 11:42:53 - [TEST_STEP][PASSED] - click(findTestObject("V2/PR-369/Edit_Meeting_Issues/CreateIssuesButton")): Object: 'Object Repository/V2/PR-369/Edit_Meeting_Issues/CreateIssuesButton' is clicked on

2020-09-09 11:42:53 - [MESSAGE][PASSED] - Object: 'Object Repository/V2/PR-369/Edit_Meeting_Issues/CreateIssuesButton' is clicked on

2020-09-09 11:42:53 - [TEST_STEP][PASSED] - delay(10): Delayed 10 second(s)

2020-09-09 11:43:03 - [MESSAGE][PASSED] - Delayed 10 second(s)

2020-09-09 11:43:03 - [TEST_STEP][PASSED] - waitForElementVisible(findTestObject("V2/PR-369/Edit_Meeting_Issues/Issue_Name_TextField"), DefaultTimeout): Object 'Object Repository/V2/PR-369/Edit_Meeting_Issues/Issue_Name_TextField' is visible

2020-09-09 11:43:03 - [MESSAGE][PASSED] - Object 'Object Repository/V2/PR-369/Edit_Meeting_Issues/Issue_Name_TextField' is visible

2020-09-09 11:43:03 - [TEST_STEP][PASSED] - setText(findTestObject("V2/PR-369/Edit_Meeting_Issues/Issue_Name_TextField"), issuesName): Text 'QA Automation Edit Meeting Issue Test' is set on object 'Object Repository/V2/PR-369/Edit_Meeting_Issues/Issue_Name_TextField'

2020-09-09 11:43:03 - [MESSAGE][PASSED] - Text 'QA Automation Edit Meeting Issue Test' is set on object 'Object Repository/V2/PR-369/Edit_Meeting_Issues/Issue_Name_TextField'

2020-09-09 11:43:03 - [TEST_STEP][PASSED] - waitForElementVisible(findTestObject("V2/PR-369/Edit_Meeting_Issues/Owner_Field"), DefaultTimeout): Object 'Object Repository/V2/PR-369/Edit_Meeting_Issues/Owner_Field' is visible

2020-09-09 11:43:03 - [MESSAGE][PASSED] - Object 'Object Repository/V2/PR-369/Edit_Meeting_Issues/Owner_Field' is visible

2020-09-09 11:43:03 - [TEST_STEP][PASSED] - click(findTestObject("V2/PR-369/Edit_Meeting_Issues/Owner_Field")): Object: 'Object Repository/V2/PR-369/Edit_Meeting_Issues/Owner_Field' is clicked on

2020-09-09 11:43:03 - [MESSAGE][PASSED] - Object: 'Object Repository/V2/PR-369/Edit_Meeting_Issues/Owner_Field' is clicked on

2020-09-09 11:43:03 - [TEST_STEP][PASSED] - owner = tt_CustomKeywords.CustomKeywords.CreateDynamicElement(owner_Obj, owner, "xpath"): Successfully created new dynamic object: //div[@data-test-id='createIssue']//div[@role='listbox'][@class='visible menu transition']/div[@role='option'][contains(@class,'item')]/span[text()='Employee User']

2020-09-09 11:43:03 - [MESSAGE][PASSED] - Successfully created new dynamic object: //div[@data-test-id='createIssue']//div[@role='listbox'][@class='visible menu transition']/div[@role='option'][contains(@class,'item')]/span[text()='Employee User']

2020-09-09 11:43:03 - [TEST_STEP][PASSED] - waitForElementVisible(owner, DefaultTimeout): Object '' is visible

2020-09-09 11:43:03 - [MESSAGE][PASSED] - Object '' is visible

2020-09-09 11:43:03 - [TEST_STEP][PASSED] - click(owner): Object: '' is clicked on

2020-09-09 11:43:03 - [MESSAGE][PASSED] - Object: '' is clicked on

2020-09-09 11:43:03 - [TEST_STEP][PASSED] - verifyElementVisible(findTestObject("V2/PR-369/Edit_Meeting_Rocks/Verify_Notes_Section")): Object 'Object Repository/V2/PR-369/Edit_Meeting_Rocks/Verify_Notes_Section' is visible

2020-09-09 11:43:03 - [MESSAGE][PASSED] - Object 'Object Repository/V2/PR-369/Edit_Meeting_Rocks/Verify_Notes_Section' is visible

2020-09-09 11:43:03 - [TEST_STEP][PASSED] - delay(5): Delayed 5 second(s)

2020-09-09 11:43:08 - [MESSAGE][PASSED] - Delayed 5 second(s)

2020-09-09 11:43:08 - [TEST_STEP][PASSED] - setText(findTestObject("V2/PR-369/Edit_Meeting_Rocks/Notes_Comments"), Notes): Text 'Sample Notes' is set on object 'Object Repository/V2/PR-369/Edit_Meeting_Rocks/Notes_Comments'

2020-09-09 11:43:09 - [MESSAGE][PASSED] - Text 'Sample Notes' is set on object 'Object Repository/V2/PR-369/Edit_Meeting_Rocks/Notes_Comments'

2020-09-09 11:43:09 - [TEST_STEP][PASSED] - waitForElementVisible(findTestObject("V2/PR-369/Edit_Meeting_Issues/Save_Button"), DefaultTimeout): Object 'Object Repository/V2/PR-369/Edit_Meeting_Issues/Save_Button' is visible

2020-09-09 11:43:09 - [MESSAGE][PASSED] - Object 'Object Repository/V2/PR-369/Edit_Meeting_Issues/Save_Button' is visible

2020-09-09 11:43:09 - [TEST_STEP][PASSED] - click(findTestObject("V2/PR-369/Edit_Meeting_Issues/Save_Button")): Object: 'Object Repository/V2/PR-369/Edit_Meeting_Issues/Save_Button' is clicked on

2020-09-09 11:43:09 - [MESSAGE][PASSED] - Object: 'Object Repository/V2/PR-369/Edit_Meeting_Issues/Save_Button' is clicked on

2020-09-09 11:43:09 - [TEST_STEP][PASSED] - delay(5): Delayed 5 second(s)

2020-09-09 11:43:14 - [MESSAGE][PASSED] - Delayed 5 second(s)

2020-09-09 11:43:14 - [TEST_STEP][PASSED] - verifyIssues = tt_CustomKeywords.CustomKeywords.CreateDynamicElement(verifyIssues_Obj, issuesName, "xpath"): Successfully created new dynamic object: //h2[text()='Issues']/ancestor::div[contains(@class,'CardStyles')]//button/div[text()='QA Automation Edit Meeting Issue Test']

2020-09-09 11:43:14 - [MESSAGE][PASSED] - Successfully created new dynamic object: //h2[text()='Issues']/ancestor::div[contains(@class,'CardStyles')]//button/div[text()='QA Automation Edit Meeting Issue Test']

2020-09-09 11:43:14 - [TEST_STEP][PASSED] - verifyElementPresent(verifyIssues, DefaultTimeout): Object '' is present

2020-09-09 11:43:17 - [MESSAGE][PASSED] - Object '' is present

2020-09-09 11:43:17 - [TEST_STEP][PASSED] - waitForElementVisible(verifyIssues, DefaultTimeout): Object '' is visible

2020-09-09 11:43:17 - [MESSAGE][PASSED] - Object '' is visible

2020-09-09 11:43:17 - [TEST_STEP][PASSED] - click(verifyIssues): Object: '' is clicked on

2020-09-09 11:43:17 - [MESSAGE][PASSED] - Object: '' is clicked on

2020-09-09 11:43:17 - [TEST_STEP][PASSED] - delay(5): Delayed 5 second(s)

2020-09-09 11:43:22 - [MESSAGE][PASSED] - Delayed 5 second(s)

2020-09-09 11:43:22 - [TEST_STEP][PASSED] - waitForElementVisible(findTestObject("V2/PR-369/UpdateEditMeetingIssues/Edit_Issues_Name"), DefaultTimeout): Object 'Object Repository/V2/PR-369/UpdateEditMeetingIssues/Edit_Issues_Name' is visible

2020-09-09 11:43:23 - [MESSAGE][PASSED] - Object 'Object Repository/V2/PR-369/UpdateEditMeetingIssues/Edit_Issues_Name' is visible

2020-09-09 11:43:23 - [TEST_STEP][PASSED] - click(findTestObject("V2/PR-369/UpdateEditMeetingIssues/Edit_Issues_Name")): Object: 'Object Repository/V2/PR-369/UpdateEditMeetingIssues/Edit_Issues_Name' is clicked on

2020-09-09 11:43:23 - [MESSAGE][PASSED] - Object: 'Object Repository/V2/PR-369/UpdateEditMeetingIssues/Edit_Issues_Name' is clicked on

2020-09-09 11:43:23 - [TEST_STEP][PASSED] - sendKeys(findTestObject("V2/PR-369/UpdateEditMeetingIssues/Edit_Issues_Name"), Keys.chord(LEFT_CONTROL, "a", BACK_SPACE)): Keys 'CONTROL + BACK_SPACE + a' sent to object: 'Object Repository/V2/PR-369/UpdateEditMeetingIssues/Edit_Issues_Name'

2020-09-09 11:43:23 - [MESSAGE][PASSED] - Keys 'CONTROL + BACK_SPACE + a' sent to object: 'Object Repository/V2/PR-369/UpdateEditMeetingIssues/Edit_Issues_Name'

2020-09-09 11:43:23 - [TEST_STEP][PASSED] - setText(findTestObject("V2/PR-369/UpdateEditMeetingIssues/Edit_Issues_Name"), editIssuesName): Text 'Updated QA Automation Edit Meeting Issue Test' is set on object 'Object Repository/V2/PR-369/UpdateEditMeetingIssues/Edit_Issues_Name'

2020-09-09 11:43:24 - [MESSAGE][PASSED] - Text 'Updated QA Automation Edit Meeting Issue Test' is set on object 'Object Repository/V2/PR-369/UpdateEditMeetingIssues/Edit_Issues_Name'

2020-09-09 11:43:24 - [TEST_STEP][PASSED] - waitForElementVisible(findTestObject("V2/PR-369/UpdateEditMeetingIssues/Edit_Owner"), DefaultTimeout): Object 'Object Repository/V2/PR-369/UpdateEditMeetingIssues/Edit_Owner' is visible

2020-09-09 11:43:25 - [MESSAGE][PASSED] - Object 'Object Repository/V2/PR-369/UpdateEditMeetingIssues/Edit_Owner' is visible

2020-09-09 11:43:25 - [TEST_STEP][PASSED] - click(findTestObject("V2/PR-369/UpdateEditMeetingIssues/Edit_Owner")): Object: 'Object Repository/V2/PR-369/UpdateEditMeetingIssues/Edit_Owner' is clicked on

2020-09-09 11:43:25 - [MESSAGE][PASSED] - Object: 'Object Repository/V2/PR-369/UpdateEditMeetingIssues/Edit_Owner' is clicked on

2020-09-09 11:43:25 - [TEST_STEP][PASSED] - editOwner = tt_CustomKeywords.CustomKeywords.CreateDynamicElement(editOwner_Obj, editOwner, "xpath"): Successfully created new dynamic object: //div[@data-test-id='editIssue']//div[@role='listbox'][@class='visible menu transition']/div[@role='option'][contains(@class,'item')]/span[text()='Employee User']

2020-09-09 11:43:25 - [MESSAGE][PASSED] - Successfully created new dynamic object: //div[@data-test-id='editIssue']//div[@role='listbox'][@class='visible menu transition']/div[@role='option'][contains(@class,'item')]/span[text()='Employee User']

2020-09-09 11:43:25 - [TEST_STEP][PASSED] - waitForElementVisible(editOwner, DefaultTimeout): Object '' is visible

2020-09-09 11:43:25 - [MESSAGE][PASSED] - Object '' is visible

2020-09-09 11:43:25 - [TEST_STEP][PASSED] - click(editOwner): Object: '' is clicked on

2020-09-09 11:43:25 - [MESSAGE][PASSED] - Object: '' is clicked on

2020-09-09 11:43:25 - [TEST_STEP][PASSED] - waitForElementVisible(findTestObject("V2/PR-369/UpdateEditMeetingIssues/Update_Button"), DefaultTimeout): Object 'Object Repository/V2/PR-369/UpdateEditMeetingIssues/Update_Button' is visible

2020-09-09 11:43:25 - [MESSAGE][PASSED] - Object 'Object Repository/V2/PR-369/UpdateEditMeetingIssues/Update_Button' is visible

2020-09-09 11:43:25 - [TEST_STEP][PASSED] - click(findTestObject("V2/PR-369/UpdateEditMeetingIssues/Update_Button")): Object: 'Object Repository/V2/PR-369/UpdateEditMeetingIssues/Update_Button' is clicked on

2020-09-09 11:43:26 - [MESSAGE][PASSED] - Object: 'Object Repository/V2/PR-369/UpdateEditMeetingIssues/Update_Button' is clicked on

2020-09-09 11:43:26 - [TEST_STEP][PASSED] - delay(5): Delayed 5 second(s)

2020-09-09 11:43:31 - [MESSAGE][PASSED] - Delayed 5 second(s)

2020-09-09 11:43:31 - [TEST_STEP][PASSED] - verifyEditIssues = tt_CustomKeywords.CustomKeywords.CreateDynamicElement(verifyIssues_Obj, editIssuesName, "xpath"): Successfully created new dynamic object: //h2[text()='Issues']/ancestor::div[contains(@class,'CardStyles')]//button/div[text()='Updated QA Automation Edit Meeting Issue Test']

2020-09-09 11:43:31 - [MESSAGE][PASSED] - Successfully created new dynamic object: //h2[text()='Issues']/ancestor::div[contains(@class,'CardStyles')]//button/div[text()='Updated QA Automation Edit Meeting Issue Test']

2020-09-09 11:43:31 - [TEST_STEP][PASSED] - verifyElementPresent(verifyEditIssues, DefaultTimeout): Object '' is present

2020-09-09 11:43:31 - [MESSAGE][PASSED] - Object '' is present

2020-09-09 11:43:31 - [MESSAGE][PASSED] - Call Test Case 'Test Cases/V2/Test Case/Tests/PR-369 - EditMeetingAgenda/Test Cases/Positive/Employee/PR_369_14_EditMeetingEditIssues_Employee' successfully

2020-09-09 11:43:31 - [TEST_STEP][PASSED] - delay(10): Delayed 10 second(s)

2020-09-09 11:43:41 - [MESSAGE][PASSED] - Delayed 10 second(s)

2020-09-09 11:43:41 - [TEST_STEP][PASSED] - tt_CustomKeywords.CustomKeywords.CloseWebDriver(driver3): tt_CustomKeywords.CustomKeywords.CloseWebDriver is PASSED

2020-09-09 11:43:46 - [MESSAGE][PASSED] - tt_CustomKeywords.CustomKeywords.CloseWebDriver is PASSED

2020-09-09 11:43:46 - [TEST_STEP][PASSED] - tt_CustomKeywords.CustomKeywords.CloseWebDriver(driver2): tt_CustomKeywords.CustomKeywords.CloseWebDriver is PASSED

2020-09-09 11:43:51 - [MESSAGE][PASSED] - tt_CustomKeywords.CustomKeywords.CloseWebDriver is PASSED

2020-09-09 11:43:51 - [TEST_STEP][PASSED] - tt_CustomKeywords.CustomKeywords.CloseWebDriver(driver1): tt_CustomKeywords.CustomKeywords.CloseWebDriver is PASSED

2020-09-09 11:43:56 - [MESSAGE][PASSED] - tt_CustomKeywords.CustomKeywords.CloseWebDriver is PASSED]]></system-out>
         <system-err><![CDATA[]]></system-err>
      </testcase>
      <system-out><![CDATA[2020-09-09 11:35:19 - [TEST_SUITE][PASSED] - PR-369_TestSuite: Test Cases/V2/Test Case/Tests/PR-369 - EditMeetingAgenda/Test Cases/Positive/TT_369_8_CreateTodo_AllTestCase]]></system-out>
      <system-err><![CDATA[]]></system-err>
   </testsuite>
</testsuites>
